[2023-11-08T17:47:40.536-0500] {processor.py:157} INFO - Started process (PID=48927) to work on /Users/az/anaconda3/envs/python38/lib/python3.8/site-packages/airflow/example_dags/example_setup_teardown.py
[2023-11-08T17:47:40.539-0500] {processor.py:829} INFO - Processing file /Users/az/anaconda3/envs/python38/lib/python3.8/site-packages/airflow/example_dags/example_setup_teardown.py for tasks to queue
[2023-11-08T17:47:40.540-0500] {logging_mixin.py:154} INFO - [2023-11-08T17:47:40.540-0500] {dagbag.py:536} INFO - Filling up the DagBag from /Users/az/anaconda3/envs/python38/lib/python3.8/site-packages/airflow/example_dags/example_setup_teardown.py
[2023-11-08T17:47:40.556-0500] {processor.py:839} INFO - DAG(s) dict_keys(['example_setup_teardown']) retrieved from /Users/az/anaconda3/envs/python38/lib/python3.8/site-packages/airflow/example_dags/example_setup_teardown.py
[2023-11-08T17:47:40.932-0500] {logging_mixin.py:154} INFO - [2023-11-08T17:47:40.932-0500] {manager.py:499} INFO - Created Permission View: %s
[2023-11-08T17:47:40.942-0500] {logging_mixin.py:154} INFO - [2023-11-08T17:47:40.942-0500] {manager.py:499} INFO - Created Permission View: %s
[2023-11-08T17:47:40.949-0500] {logging_mixin.py:154} INFO - [2023-11-08T17:47:40.948-0500] {manager.py:499} INFO - Created Permission View: %s
[2023-11-08T17:47:40.949-0500] {logging_mixin.py:154} INFO - [2023-11-08T17:47:40.949-0500] {dag.py:2941} INFO - Sync 1 DAGs
[2023-11-08T17:47:40.956-0500] {logging_mixin.py:154} INFO - [2023-11-08T17:47:40.956-0500] {dag.py:2963} INFO - Creating ORM DAG for example_setup_teardown
[2023-11-08T17:47:40.963-0500] {logging_mixin.py:154} INFO - [2023-11-08T17:47:40.962-0500] {dag.py:3722} INFO - Setting next_dagrun for example_setup_teardown to 2023-11-07T22:47:40.962795+00:00, run_after=2023-11-08T22:47:40.962795+00:00
[2023-11-08T17:47:40.974-0500] {processor.py:179} INFO - Processing /Users/az/anaconda3/envs/python38/lib/python3.8/site-packages/airflow/example_dags/example_setup_teardown.py took 0.439 seconds
[2023-11-08T17:49:15.263-0500] {processor.py:157} INFO - Started process (PID=49064) to work on /Users/az/anaconda3/envs/python38/lib/python3.8/site-packages/airflow/example_dags/example_setup_teardown.py
[2023-11-08T17:49:15.268-0500] {processor.py:829} INFO - Processing file /Users/az/anaconda3/envs/python38/lib/python3.8/site-packages/airflow/example_dags/example_setup_teardown.py for tasks to queue
[2023-11-08T17:49:15.268-0500] {logging_mixin.py:154} INFO - [2023-11-08T17:49:15.268-0500] {dagbag.py:536} INFO - Filling up the DagBag from /Users/az/anaconda3/envs/python38/lib/python3.8/site-packages/airflow/example_dags/example_setup_teardown.py
[2023-11-08T17:49:15.284-0500] {processor.py:839} INFO - DAG(s) dict_keys(['example_setup_teardown']) retrieved from /Users/az/anaconda3/envs/python38/lib/python3.8/site-packages/airflow/example_dags/example_setup_teardown.py
[2023-11-08T17:49:15.393-0500] {logging_mixin.py:154} INFO - [2023-11-08T17:49:15.393-0500] {dag.py:2941} INFO - Sync 1 DAGs
[2023-11-08T17:49:15.402-0500] {logging_mixin.py:154} INFO - [2023-11-08T17:49:15.402-0500] {dag.py:3722} INFO - Setting next_dagrun for example_setup_teardown to 2023-11-07T22:49:15.402594+00:00, run_after=2023-11-08T22:49:15.402594+00:00
[2023-11-08T17:49:15.412-0500] {processor.py:179} INFO - Processing /Users/az/anaconda3/envs/python38/lib/python3.8/site-packages/airflow/example_dags/example_setup_teardown.py took 0.150 seconds
[2023-11-08T17:51:16.054-0500] {processor.py:157} INFO - Started process (PID=49264) to work on /Users/az/anaconda3/envs/python38/lib/python3.8/site-packages/airflow/example_dags/example_setup_teardown.py
[2023-11-08T17:51:16.059-0500] {processor.py:829} INFO - Processing file /Users/az/anaconda3/envs/python38/lib/python3.8/site-packages/airflow/example_dags/example_setup_teardown.py for tasks to queue
[2023-11-08T17:51:16.059-0500] {logging_mixin.py:154} INFO - [2023-11-08T17:51:16.059-0500] {dagbag.py:536} INFO - Filling up the DagBag from /Users/az/anaconda3/envs/python38/lib/python3.8/site-packages/airflow/example_dags/example_setup_teardown.py
[2023-11-08T17:51:16.074-0500] {processor.py:839} INFO - DAG(s) dict_keys(['example_setup_teardown']) retrieved from /Users/az/anaconda3/envs/python38/lib/python3.8/site-packages/airflow/example_dags/example_setup_teardown.py
[2023-11-08T17:51:16.183-0500] {logging_mixin.py:154} INFO - [2023-11-08T17:51:16.183-0500] {dag.py:2941} INFO - Sync 1 DAGs
[2023-11-08T17:51:16.192-0500] {logging_mixin.py:154} INFO - [2023-11-08T17:51:16.192-0500] {dag.py:3722} INFO - Setting next_dagrun for example_setup_teardown to 2023-11-07T22:51:16.192288+00:00, run_after=2023-11-08T22:51:16.192288+00:00
[2023-11-08T17:51:16.202-0500] {processor.py:179} INFO - Processing /Users/az/anaconda3/envs/python38/lib/python3.8/site-packages/airflow/example_dags/example_setup_teardown.py took 0.148 seconds
[2023-11-08T17:53:09.069-0500] {processor.py:157} INFO - Started process (PID=49403) to work on /Users/az/anaconda3/envs/python38/lib/python3.8/site-packages/airflow/example_dags/example_setup_teardown.py
[2023-11-08T17:53:09.073-0500] {processor.py:829} INFO - Processing file /Users/az/anaconda3/envs/python38/lib/python3.8/site-packages/airflow/example_dags/example_setup_teardown.py for tasks to queue
[2023-11-08T17:53:09.074-0500] {logging_mixin.py:154} INFO - [2023-11-08T17:53:09.074-0500] {dagbag.py:536} INFO - Filling up the DagBag from /Users/az/anaconda3/envs/python38/lib/python3.8/site-packages/airflow/example_dags/example_setup_teardown.py
[2023-11-08T17:53:09.088-0500] {processor.py:839} INFO - DAG(s) dict_keys(['example_setup_teardown']) retrieved from /Users/az/anaconda3/envs/python38/lib/python3.8/site-packages/airflow/example_dags/example_setup_teardown.py
[2023-11-08T17:53:09.196-0500] {logging_mixin.py:154} INFO - [2023-11-08T17:53:09.196-0500] {dag.py:2941} INFO - Sync 1 DAGs
[2023-11-08T17:53:09.205-0500] {logging_mixin.py:154} INFO - [2023-11-08T17:53:09.205-0500] {dag.py:3722} INFO - Setting next_dagrun for example_setup_teardown to 2023-11-07T22:53:09.205593+00:00, run_after=2023-11-08T22:53:09.205593+00:00
[2023-11-08T17:53:09.215-0500] {processor.py:179} INFO - Processing /Users/az/anaconda3/envs/python38/lib/python3.8/site-packages/airflow/example_dags/example_setup_teardown.py took 0.146 seconds
[2023-11-08T17:55:06.002-0500] {processor.py:157} INFO - Started process (PID=49548) to work on /Users/az/anaconda3/envs/python38/lib/python3.8/site-packages/airflow/example_dags/example_setup_teardown.py
[2023-11-08T17:55:06.007-0500] {processor.py:829} INFO - Processing file /Users/az/anaconda3/envs/python38/lib/python3.8/site-packages/airflow/example_dags/example_setup_teardown.py for tasks to queue
[2023-11-08T17:55:06.007-0500] {logging_mixin.py:154} INFO - [2023-11-08T17:55:06.007-0500] {dagbag.py:536} INFO - Filling up the DagBag from /Users/az/anaconda3/envs/python38/lib/python3.8/site-packages/airflow/example_dags/example_setup_teardown.py
[2023-11-08T17:55:06.022-0500] {processor.py:839} INFO - DAG(s) dict_keys(['example_setup_teardown']) retrieved from /Users/az/anaconda3/envs/python38/lib/python3.8/site-packages/airflow/example_dags/example_setup_teardown.py
[2023-11-08T17:55:06.130-0500] {logging_mixin.py:154} INFO - [2023-11-08T17:55:06.129-0500] {dag.py:2941} INFO - Sync 1 DAGs
[2023-11-08T17:55:06.138-0500] {logging_mixin.py:154} INFO - [2023-11-08T17:55:06.138-0500] {dag.py:3722} INFO - Setting next_dagrun for example_setup_teardown to 2023-11-07T22:55:06.138769+00:00, run_after=2023-11-08T22:55:06.138769+00:00
[2023-11-08T17:55:06.149-0500] {processor.py:179} INFO - Processing /Users/az/anaconda3/envs/python38/lib/python3.8/site-packages/airflow/example_dags/example_setup_teardown.py took 0.147 seconds
[2023-11-08T17:57:05.457-0500] {processor.py:157} INFO - Started process (PID=49699) to work on /Users/az/anaconda3/envs/python38/lib/python3.8/site-packages/airflow/example_dags/example_setup_teardown.py
[2023-11-08T17:57:05.463-0500] {processor.py:829} INFO - Processing file /Users/az/anaconda3/envs/python38/lib/python3.8/site-packages/airflow/example_dags/example_setup_teardown.py for tasks to queue
[2023-11-08T17:57:05.463-0500] {logging_mixin.py:154} INFO - [2023-11-08T17:57:05.463-0500] {dagbag.py:536} INFO - Filling up the DagBag from /Users/az/anaconda3/envs/python38/lib/python3.8/site-packages/airflow/example_dags/example_setup_teardown.py
[2023-11-08T17:57:05.485-0500] {processor.py:839} INFO - DAG(s) dict_keys(['example_setup_teardown']) retrieved from /Users/az/anaconda3/envs/python38/lib/python3.8/site-packages/airflow/example_dags/example_setup_teardown.py
[2023-11-08T17:57:05.667-0500] {logging_mixin.py:154} INFO - [2023-11-08T17:57:05.666-0500] {dag.py:2941} INFO - Sync 1 DAGs
[2023-11-08T17:57:05.687-0500] {logging_mixin.py:154} INFO - [2023-11-08T17:57:05.686-0500] {dag.py:3722} INFO - Setting next_dagrun for example_setup_teardown to 2023-11-07T22:57:05.686693+00:00, run_after=2023-11-08T22:57:05.686693+00:00
[2023-11-08T17:57:05.704-0500] {processor.py:179} INFO - Processing /Users/az/anaconda3/envs/python38/lib/python3.8/site-packages/airflow/example_dags/example_setup_teardown.py took 0.248 seconds
[2023-11-08T17:59:08.447-0500] {processor.py:157} INFO - Started process (PID=49865) to work on /Users/az/anaconda3/envs/python38/lib/python3.8/site-packages/airflow/example_dags/example_setup_teardown.py
[2023-11-08T17:59:08.452-0500] {processor.py:829} INFO - Processing file /Users/az/anaconda3/envs/python38/lib/python3.8/site-packages/airflow/example_dags/example_setup_teardown.py for tasks to queue
[2023-11-08T17:59:08.452-0500] {logging_mixin.py:154} INFO - [2023-11-08T17:59:08.452-0500] {dagbag.py:536} INFO - Filling up the DagBag from /Users/az/anaconda3/envs/python38/lib/python3.8/site-packages/airflow/example_dags/example_setup_teardown.py
[2023-11-08T17:59:08.467-0500] {processor.py:839} INFO - DAG(s) dict_keys(['example_setup_teardown']) retrieved from /Users/az/anaconda3/envs/python38/lib/python3.8/site-packages/airflow/example_dags/example_setup_teardown.py
[2023-11-08T17:59:08.576-0500] {logging_mixin.py:154} INFO - [2023-11-08T17:59:08.576-0500] {dag.py:2941} INFO - Sync 1 DAGs
[2023-11-08T17:59:08.585-0500] {logging_mixin.py:154} INFO - [2023-11-08T17:59:08.585-0500] {dag.py:3722} INFO - Setting next_dagrun for example_setup_teardown to 2023-11-07T22:59:08.585206+00:00, run_after=2023-11-08T22:59:08.585206+00:00
[2023-11-08T17:59:08.595-0500] {processor.py:179} INFO - Processing /Users/az/anaconda3/envs/python38/lib/python3.8/site-packages/airflow/example_dags/example_setup_teardown.py took 0.148 seconds
[2023-11-08T18:01:08.960-0500] {processor.py:157} INFO - Started process (PID=50019) to work on /Users/az/anaconda3/envs/python38/lib/python3.8/site-packages/airflow/example_dags/example_setup_teardown.py
[2023-11-08T18:01:08.965-0500] {processor.py:829} INFO - Processing file /Users/az/anaconda3/envs/python38/lib/python3.8/site-packages/airflow/example_dags/example_setup_teardown.py for tasks to queue
[2023-11-08T18:01:08.965-0500] {logging_mixin.py:154} INFO - [2023-11-08T18:01:08.965-0500] {dagbag.py:536} INFO - Filling up the DagBag from /Users/az/anaconda3/envs/python38/lib/python3.8/site-packages/airflow/example_dags/example_setup_teardown.py
[2023-11-08T18:01:08.981-0500] {processor.py:839} INFO - DAG(s) dict_keys(['example_setup_teardown']) retrieved from /Users/az/anaconda3/envs/python38/lib/python3.8/site-packages/airflow/example_dags/example_setup_teardown.py
[2023-11-08T18:01:09.089-0500] {logging_mixin.py:154} INFO - [2023-11-08T18:01:09.088-0500] {dag.py:2941} INFO - Sync 1 DAGs
[2023-11-08T18:01:09.098-0500] {logging_mixin.py:154} INFO - [2023-11-08T18:01:09.098-0500] {dag.py:3722} INFO - Setting next_dagrun for example_setup_teardown to 2023-11-07T23:01:09.097931+00:00, run_after=2023-11-08T23:01:09.097931+00:00
[2023-11-08T18:01:09.108-0500] {processor.py:179} INFO - Processing /Users/az/anaconda3/envs/python38/lib/python3.8/site-packages/airflow/example_dags/example_setup_teardown.py took 0.148 seconds
[2023-11-08T18:03:06.126-0500] {processor.py:157} INFO - Started process (PID=50222) to work on /Users/az/anaconda3/envs/python38/lib/python3.8/site-packages/airflow/example_dags/example_setup_teardown.py
[2023-11-08T18:03:06.131-0500] {processor.py:829} INFO - Processing file /Users/az/anaconda3/envs/python38/lib/python3.8/site-packages/airflow/example_dags/example_setup_teardown.py for tasks to queue
[2023-11-08T18:03:06.131-0500] {logging_mixin.py:154} INFO - [2023-11-08T18:03:06.131-0500] {dagbag.py:536} INFO - Filling up the DagBag from /Users/az/anaconda3/envs/python38/lib/python3.8/site-packages/airflow/example_dags/example_setup_teardown.py
[2023-11-08T18:03:06.146-0500] {processor.py:839} INFO - DAG(s) dict_keys(['example_setup_teardown']) retrieved from /Users/az/anaconda3/envs/python38/lib/python3.8/site-packages/airflow/example_dags/example_setup_teardown.py
[2023-11-08T18:03:06.254-0500] {logging_mixin.py:154} INFO - [2023-11-08T18:03:06.254-0500] {dag.py:2941} INFO - Sync 1 DAGs
[2023-11-08T18:03:06.263-0500] {logging_mixin.py:154} INFO - [2023-11-08T18:03:06.263-0500] {dag.py:3722} INFO - Setting next_dagrun for example_setup_teardown to 2023-11-07T23:03:06.263036+00:00, run_after=2023-11-08T23:03:06.263036+00:00
[2023-11-08T18:03:06.273-0500] {processor.py:179} INFO - Processing /Users/az/anaconda3/envs/python38/lib/python3.8/site-packages/airflow/example_dags/example_setup_teardown.py took 0.147 seconds
[2023-11-08T18:05:02.974-0500] {processor.py:157} INFO - Started process (PID=50510) to work on /Users/az/anaconda3/envs/python38/lib/python3.8/site-packages/airflow/example_dags/example_setup_teardown.py
[2023-11-08T18:05:02.979-0500] {processor.py:829} INFO - Processing file /Users/az/anaconda3/envs/python38/lib/python3.8/site-packages/airflow/example_dags/example_setup_teardown.py for tasks to queue
[2023-11-08T18:05:02.979-0500] {logging_mixin.py:154} INFO - [2023-11-08T18:05:02.979-0500] {dagbag.py:536} INFO - Filling up the DagBag from /Users/az/anaconda3/envs/python38/lib/python3.8/site-packages/airflow/example_dags/example_setup_teardown.py
[2023-11-08T18:05:02.994-0500] {processor.py:839} INFO - DAG(s) dict_keys(['example_setup_teardown']) retrieved from /Users/az/anaconda3/envs/python38/lib/python3.8/site-packages/airflow/example_dags/example_setup_teardown.py
[2023-11-08T18:05:03.102-0500] {logging_mixin.py:154} INFO - [2023-11-08T18:05:03.101-0500] {dag.py:2941} INFO - Sync 1 DAGs
[2023-11-08T18:05:03.111-0500] {logging_mixin.py:154} INFO - [2023-11-08T18:05:03.111-0500] {dag.py:3722} INFO - Setting next_dagrun for example_setup_teardown to 2023-11-07T23:05:03.110917+00:00, run_after=2023-11-08T23:05:03.110917+00:00
[2023-11-08T18:05:03.121-0500] {processor.py:179} INFO - Processing /Users/az/anaconda3/envs/python38/lib/python3.8/site-packages/airflow/example_dags/example_setup_teardown.py took 0.147 seconds
[2023-11-08T18:06:57.756-0500] {processor.py:157} INFO - Started process (PID=50673) to work on /Users/az/anaconda3/envs/python38/lib/python3.8/site-packages/airflow/example_dags/example_setup_teardown.py
[2023-11-08T18:06:57.760-0500] {processor.py:829} INFO - Processing file /Users/az/anaconda3/envs/python38/lib/python3.8/site-packages/airflow/example_dags/example_setup_teardown.py for tasks to queue
[2023-11-08T18:06:57.760-0500] {logging_mixin.py:154} INFO - [2023-11-08T18:06:57.760-0500] {dagbag.py:536} INFO - Filling up the DagBag from /Users/az/anaconda3/envs/python38/lib/python3.8/site-packages/airflow/example_dags/example_setup_teardown.py
[2023-11-08T18:06:57.776-0500] {processor.py:839} INFO - DAG(s) dict_keys(['example_setup_teardown']) retrieved from /Users/az/anaconda3/envs/python38/lib/python3.8/site-packages/airflow/example_dags/example_setup_teardown.py
[2023-11-08T18:06:57.883-0500] {logging_mixin.py:154} INFO - [2023-11-08T18:06:57.883-0500] {dag.py:2941} INFO - Sync 1 DAGs
[2023-11-08T18:06:57.892-0500] {logging_mixin.py:154} INFO - [2023-11-08T18:06:57.892-0500] {dag.py:3722} INFO - Setting next_dagrun for example_setup_teardown to 2023-11-07T23:06:57.892739+00:00, run_after=2023-11-08T23:06:57.892739+00:00
[2023-11-08T18:06:57.902-0500] {processor.py:179} INFO - Processing /Users/az/anaconda3/envs/python38/lib/python3.8/site-packages/airflow/example_dags/example_setup_teardown.py took 0.147 seconds
[2023-11-08T18:08:53.178-0500] {processor.py:157} INFO - Started process (PID=50837) to work on /Users/az/anaconda3/envs/python38/lib/python3.8/site-packages/airflow/example_dags/example_setup_teardown.py
[2023-11-08T18:08:53.182-0500] {processor.py:829} INFO - Processing file /Users/az/anaconda3/envs/python38/lib/python3.8/site-packages/airflow/example_dags/example_setup_teardown.py for tasks to queue
[2023-11-08T18:08:53.182-0500] {logging_mixin.py:154} INFO - [2023-11-08T18:08:53.182-0500] {dagbag.py:536} INFO - Filling up the DagBag from /Users/az/anaconda3/envs/python38/lib/python3.8/site-packages/airflow/example_dags/example_setup_teardown.py
[2023-11-08T18:08:53.199-0500] {processor.py:839} INFO - DAG(s) dict_keys(['example_setup_teardown']) retrieved from /Users/az/anaconda3/envs/python38/lib/python3.8/site-packages/airflow/example_dags/example_setup_teardown.py
[2023-11-08T18:08:53.306-0500] {logging_mixin.py:154} INFO - [2023-11-08T18:08:53.306-0500] {dag.py:2941} INFO - Sync 1 DAGs
[2023-11-08T18:08:53.315-0500] {logging_mixin.py:154} INFO - [2023-11-08T18:08:53.315-0500] {dag.py:3722} INFO - Setting next_dagrun for example_setup_teardown to 2023-11-07T23:08:53.315590+00:00, run_after=2023-11-08T23:08:53.315590+00:00
[2023-11-08T18:08:53.325-0500] {processor.py:179} INFO - Processing /Users/az/anaconda3/envs/python38/lib/python3.8/site-packages/airflow/example_dags/example_setup_teardown.py took 0.147 seconds
[2023-11-08T18:10:52.988-0500] {processor.py:157} INFO - Started process (PID=50992) to work on /Users/az/anaconda3/envs/python38/lib/python3.8/site-packages/airflow/example_dags/example_setup_teardown.py
[2023-11-08T18:10:52.992-0500] {processor.py:829} INFO - Processing file /Users/az/anaconda3/envs/python38/lib/python3.8/site-packages/airflow/example_dags/example_setup_teardown.py for tasks to queue
[2023-11-08T18:10:52.992-0500] {logging_mixin.py:154} INFO - [2023-11-08T18:10:52.992-0500] {dagbag.py:536} INFO - Filling up the DagBag from /Users/az/anaconda3/envs/python38/lib/python3.8/site-packages/airflow/example_dags/example_setup_teardown.py
[2023-11-08T18:10:53.008-0500] {processor.py:839} INFO - DAG(s) dict_keys(['example_setup_teardown']) retrieved from /Users/az/anaconda3/envs/python38/lib/python3.8/site-packages/airflow/example_dags/example_setup_teardown.py
[2023-11-08T18:10:53.116-0500] {logging_mixin.py:154} INFO - [2023-11-08T18:10:53.116-0500] {dag.py:2941} INFO - Sync 1 DAGs
[2023-11-08T18:10:53.125-0500] {logging_mixin.py:154} INFO - [2023-11-08T18:10:53.125-0500] {dag.py:3722} INFO - Setting next_dagrun for example_setup_teardown to 2023-11-07T23:10:53.125075+00:00, run_after=2023-11-08T23:10:53.125075+00:00
[2023-11-08T18:10:53.135-0500] {processor.py:179} INFO - Processing /Users/az/anaconda3/envs/python38/lib/python3.8/site-packages/airflow/example_dags/example_setup_teardown.py took 0.147 seconds
[2023-11-08T18:22:51.529-0500] {processor.py:157} INFO - Started process (PID=51177) to work on /Users/az/anaconda3/envs/python38/lib/python3.8/site-packages/airflow/example_dags/example_setup_teardown.py
[2023-11-08T18:22:51.534-0500] {processor.py:829} INFO - Processing file /Users/az/anaconda3/envs/python38/lib/python3.8/site-packages/airflow/example_dags/example_setup_teardown.py for tasks to queue
[2023-11-08T18:22:51.535-0500] {logging_mixin.py:154} INFO - [2023-11-08T18:22:51.535-0500] {dagbag.py:536} INFO - Filling up the DagBag from /Users/az/anaconda3/envs/python38/lib/python3.8/site-packages/airflow/example_dags/example_setup_teardown.py
[2023-11-08T18:22:51.551-0500] {processor.py:839} INFO - DAG(s) dict_keys(['example_setup_teardown']) retrieved from /Users/az/anaconda3/envs/python38/lib/python3.8/site-packages/airflow/example_dags/example_setup_teardown.py
[2023-11-08T18:22:51.665-0500] {logging_mixin.py:154} INFO - [2023-11-08T18:22:51.664-0500] {dag.py:2941} INFO - Sync 1 DAGs
[2023-11-08T18:22:51.674-0500] {logging_mixin.py:154} INFO - [2023-11-08T18:22:51.674-0500] {dag.py:3722} INFO - Setting next_dagrun for example_setup_teardown to 2023-11-07T23:22:51.674512+00:00, run_after=2023-11-08T23:22:51.674512+00:00
[2023-11-08T18:22:51.686-0500] {processor.py:179} INFO - Processing /Users/az/anaconda3/envs/python38/lib/python3.8/site-packages/airflow/example_dags/example_setup_teardown.py took 0.156 seconds
[2023-11-08T18:30:56.542-0500] {processor.py:157} INFO - Started process (PID=51282) to work on /Users/az/anaconda3/envs/python38/lib/python3.8/site-packages/airflow/example_dags/example_setup_teardown.py
[2023-11-08T18:30:56.547-0500] {processor.py:829} INFO - Processing file /Users/az/anaconda3/envs/python38/lib/python3.8/site-packages/airflow/example_dags/example_setup_teardown.py for tasks to queue
[2023-11-08T18:30:56.548-0500] {logging_mixin.py:154} INFO - [2023-11-08T18:30:56.547-0500] {dagbag.py:536} INFO - Filling up the DagBag from /Users/az/anaconda3/envs/python38/lib/python3.8/site-packages/airflow/example_dags/example_setup_teardown.py
[2023-11-08T18:30:56.562-0500] {processor.py:839} INFO - DAG(s) dict_keys(['example_setup_teardown']) retrieved from /Users/az/anaconda3/envs/python38/lib/python3.8/site-packages/airflow/example_dags/example_setup_teardown.py
[2023-11-08T18:30:56.671-0500] {logging_mixin.py:154} INFO - [2023-11-08T18:30:56.670-0500] {dag.py:2941} INFO - Sync 1 DAGs
[2023-11-08T18:30:56.680-0500] {logging_mixin.py:154} INFO - [2023-11-08T18:30:56.679-0500] {dag.py:3722} INFO - Setting next_dagrun for example_setup_teardown to 2023-11-07T23:30:56.679916+00:00, run_after=2023-11-08T23:30:56.679916+00:00
[2023-11-08T18:30:56.690-0500] {processor.py:179} INFO - Processing /Users/az/anaconda3/envs/python38/lib/python3.8/site-packages/airflow/example_dags/example_setup_teardown.py took 0.148 seconds
[2023-11-08T18:32:53.732-0500] {processor.py:157} INFO - Started process (PID=51420) to work on /Users/az/anaconda3/envs/python38/lib/python3.8/site-packages/airflow/example_dags/example_setup_teardown.py
[2023-11-08T18:32:53.736-0500] {processor.py:829} INFO - Processing file /Users/az/anaconda3/envs/python38/lib/python3.8/site-packages/airflow/example_dags/example_setup_teardown.py for tasks to queue
[2023-11-08T18:32:53.737-0500] {logging_mixin.py:154} INFO - [2023-11-08T18:32:53.736-0500] {dagbag.py:536} INFO - Filling up the DagBag from /Users/az/anaconda3/envs/python38/lib/python3.8/site-packages/airflow/example_dags/example_setup_teardown.py
[2023-11-08T18:32:53.752-0500] {processor.py:839} INFO - DAG(s) dict_keys(['example_setup_teardown']) retrieved from /Users/az/anaconda3/envs/python38/lib/python3.8/site-packages/airflow/example_dags/example_setup_teardown.py
[2023-11-08T18:32:53.860-0500] {logging_mixin.py:154} INFO - [2023-11-08T18:32:53.860-0500] {dag.py:2941} INFO - Sync 1 DAGs
[2023-11-08T18:32:53.869-0500] {logging_mixin.py:154} INFO - [2023-11-08T18:32:53.869-0500] {dag.py:3722} INFO - Setting next_dagrun for example_setup_teardown to 2023-11-07T23:32:53.869016+00:00, run_after=2023-11-08T23:32:53.869016+00:00
[2023-11-08T18:32:53.879-0500] {processor.py:179} INFO - Processing /Users/az/anaconda3/envs/python38/lib/python3.8/site-packages/airflow/example_dags/example_setup_teardown.py took 0.147 seconds
[2023-11-08T18:34:58.175-0500] {processor.py:157} INFO - Started process (PID=51586) to work on /Users/az/anaconda3/envs/python38/lib/python3.8/site-packages/airflow/example_dags/example_setup_teardown.py
[2023-11-08T18:34:58.179-0500] {processor.py:829} INFO - Processing file /Users/az/anaconda3/envs/python38/lib/python3.8/site-packages/airflow/example_dags/example_setup_teardown.py for tasks to queue
[2023-11-08T18:34:58.179-0500] {logging_mixin.py:154} INFO - [2023-11-08T18:34:58.179-0500] {dagbag.py:536} INFO - Filling up the DagBag from /Users/az/anaconda3/envs/python38/lib/python3.8/site-packages/airflow/example_dags/example_setup_teardown.py
[2023-11-08T18:34:58.194-0500] {processor.py:839} INFO - DAG(s) dict_keys(['example_setup_teardown']) retrieved from /Users/az/anaconda3/envs/python38/lib/python3.8/site-packages/airflow/example_dags/example_setup_teardown.py
[2023-11-08T18:34:58.302-0500] {logging_mixin.py:154} INFO - [2023-11-08T18:34:58.302-0500] {dag.py:2941} INFO - Sync 1 DAGs
[2023-11-08T18:34:58.311-0500] {logging_mixin.py:154} INFO - [2023-11-08T18:34:58.311-0500] {dag.py:3722} INFO - Setting next_dagrun for example_setup_teardown to 2023-11-07T23:34:58.311252+00:00, run_after=2023-11-08T23:34:58.311252+00:00
[2023-11-08T18:34:58.321-0500] {processor.py:179} INFO - Processing /Users/az/anaconda3/envs/python38/lib/python3.8/site-packages/airflow/example_dags/example_setup_teardown.py took 0.147 seconds
[2023-11-08T18:36:54.863-0500] {processor.py:157} INFO - Started process (PID=51727) to work on /Users/az/anaconda3/envs/python38/lib/python3.8/site-packages/airflow/example_dags/example_setup_teardown.py
[2023-11-08T18:36:54.868-0500] {processor.py:829} INFO - Processing file /Users/az/anaconda3/envs/python38/lib/python3.8/site-packages/airflow/example_dags/example_setup_teardown.py for tasks to queue
[2023-11-08T18:36:54.868-0500] {logging_mixin.py:154} INFO - [2023-11-08T18:36:54.868-0500] {dagbag.py:536} INFO - Filling up the DagBag from /Users/az/anaconda3/envs/python38/lib/python3.8/site-packages/airflow/example_dags/example_setup_teardown.py
[2023-11-08T18:36:54.883-0500] {processor.py:839} INFO - DAG(s) dict_keys(['example_setup_teardown']) retrieved from /Users/az/anaconda3/envs/python38/lib/python3.8/site-packages/airflow/example_dags/example_setup_teardown.py
[2023-11-08T18:36:54.991-0500] {logging_mixin.py:154} INFO - [2023-11-08T18:36:54.991-0500] {dag.py:2941} INFO - Sync 1 DAGs
[2023-11-08T18:36:55.000-0500] {logging_mixin.py:154} INFO - [2023-11-08T18:36:55.000-0500] {dag.py:3722} INFO - Setting next_dagrun for example_setup_teardown to 2023-11-07T23:36:55.000425+00:00, run_after=2023-11-08T23:36:55.000425+00:00
[2023-11-08T18:36:55.010-0500] {processor.py:179} INFO - Processing /Users/az/anaconda3/envs/python38/lib/python3.8/site-packages/airflow/example_dags/example_setup_teardown.py took 0.147 seconds
[2023-11-08T18:38:48.387-0500] {processor.py:157} INFO - Started process (PID=51869) to work on /Users/az/anaconda3/envs/python38/lib/python3.8/site-packages/airflow/example_dags/example_setup_teardown.py
[2023-11-08T18:38:48.392-0500] {processor.py:829} INFO - Processing file /Users/az/anaconda3/envs/python38/lib/python3.8/site-packages/airflow/example_dags/example_setup_teardown.py for tasks to queue
[2023-11-08T18:38:48.392-0500] {logging_mixin.py:154} INFO - [2023-11-08T18:38:48.392-0500] {dagbag.py:536} INFO - Filling up the DagBag from /Users/az/anaconda3/envs/python38/lib/python3.8/site-packages/airflow/example_dags/example_setup_teardown.py
[2023-11-08T18:38:48.407-0500] {processor.py:839} INFO - DAG(s) dict_keys(['example_setup_teardown']) retrieved from /Users/az/anaconda3/envs/python38/lib/python3.8/site-packages/airflow/example_dags/example_setup_teardown.py
[2023-11-08T18:38:48.516-0500] {logging_mixin.py:154} INFO - [2023-11-08T18:38:48.516-0500] {dag.py:2941} INFO - Sync 1 DAGs
[2023-11-08T18:38:48.525-0500] {logging_mixin.py:154} INFO - [2023-11-08T18:38:48.525-0500] {dag.py:3722} INFO - Setting next_dagrun for example_setup_teardown to 2023-11-07T23:38:48.525795+00:00, run_after=2023-11-08T23:38:48.525795+00:00
[2023-11-08T18:38:48.536-0500] {processor.py:179} INFO - Processing /Users/az/anaconda3/envs/python38/lib/python3.8/site-packages/airflow/example_dags/example_setup_teardown.py took 0.149 seconds
[2023-11-08T18:40:53.225-0500] {processor.py:157} INFO - Started process (PID=52015) to work on /Users/az/anaconda3/envs/python38/lib/python3.8/site-packages/airflow/example_dags/example_setup_teardown.py
[2023-11-08T18:40:53.230-0500] {processor.py:829} INFO - Processing file /Users/az/anaconda3/envs/python38/lib/python3.8/site-packages/airflow/example_dags/example_setup_teardown.py for tasks to queue
[2023-11-08T18:40:53.230-0500] {logging_mixin.py:154} INFO - [2023-11-08T18:40:53.230-0500] {dagbag.py:536} INFO - Filling up the DagBag from /Users/az/anaconda3/envs/python38/lib/python3.8/site-packages/airflow/example_dags/example_setup_teardown.py
[2023-11-08T18:40:53.245-0500] {processor.py:839} INFO - DAG(s) dict_keys(['example_setup_teardown']) retrieved from /Users/az/anaconda3/envs/python38/lib/python3.8/site-packages/airflow/example_dags/example_setup_teardown.py
[2023-11-08T18:40:53.353-0500] {logging_mixin.py:154} INFO - [2023-11-08T18:40:53.353-0500] {dag.py:2941} INFO - Sync 1 DAGs
[2023-11-08T18:40:53.362-0500] {logging_mixin.py:154} INFO - [2023-11-08T18:40:53.362-0500] {dag.py:3722} INFO - Setting next_dagrun for example_setup_teardown to 2023-11-07T23:40:53.362286+00:00, run_after=2023-11-08T23:40:53.362286+00:00
[2023-11-08T18:40:53.372-0500] {processor.py:179} INFO - Processing /Users/az/anaconda3/envs/python38/lib/python3.8/site-packages/airflow/example_dags/example_setup_teardown.py took 0.148 seconds
[2023-11-08T18:42:52.400-0500] {processor.py:157} INFO - Started process (PID=52163) to work on /Users/az/anaconda3/envs/python38/lib/python3.8/site-packages/airflow/example_dags/example_setup_teardown.py
[2023-11-08T18:42:52.405-0500] {processor.py:829} INFO - Processing file /Users/az/anaconda3/envs/python38/lib/python3.8/site-packages/airflow/example_dags/example_setup_teardown.py for tasks to queue
[2023-11-08T18:42:52.405-0500] {logging_mixin.py:154} INFO - [2023-11-08T18:42:52.405-0500] {dagbag.py:536} INFO - Filling up the DagBag from /Users/az/anaconda3/envs/python38/lib/python3.8/site-packages/airflow/example_dags/example_setup_teardown.py
[2023-11-08T18:42:52.421-0500] {processor.py:839} INFO - DAG(s) dict_keys(['example_setup_teardown']) retrieved from /Users/az/anaconda3/envs/python38/lib/python3.8/site-packages/airflow/example_dags/example_setup_teardown.py
[2023-11-08T18:42:52.531-0500] {logging_mixin.py:154} INFO - [2023-11-08T18:42:52.531-0500] {dag.py:2941} INFO - Sync 1 DAGs
[2023-11-08T18:42:52.540-0500] {logging_mixin.py:154} INFO - [2023-11-08T18:42:52.540-0500] {dag.py:3722} INFO - Setting next_dagrun for example_setup_teardown to 2023-11-07T23:42:52.540780+00:00, run_after=2023-11-08T23:42:52.540780+00:00
[2023-11-08T18:42:52.551-0500] {processor.py:179} INFO - Processing /Users/az/anaconda3/envs/python38/lib/python3.8/site-packages/airflow/example_dags/example_setup_teardown.py took 0.151 seconds
[2023-11-08T18:44:54.377-0500] {processor.py:157} INFO - Started process (PID=52311) to work on /Users/az/anaconda3/envs/python38/lib/python3.8/site-packages/airflow/example_dags/example_setup_teardown.py
[2023-11-08T18:44:54.381-0500] {processor.py:829} INFO - Processing file /Users/az/anaconda3/envs/python38/lib/python3.8/site-packages/airflow/example_dags/example_setup_teardown.py for tasks to queue
[2023-11-08T18:44:54.382-0500] {logging_mixin.py:154} INFO - [2023-11-08T18:44:54.382-0500] {dagbag.py:536} INFO - Filling up the DagBag from /Users/az/anaconda3/envs/python38/lib/python3.8/site-packages/airflow/example_dags/example_setup_teardown.py
[2023-11-08T18:44:54.399-0500] {processor.py:839} INFO - DAG(s) dict_keys(['example_setup_teardown']) retrieved from /Users/az/anaconda3/envs/python38/lib/python3.8/site-packages/airflow/example_dags/example_setup_teardown.py
[2023-11-08T18:44:54.888-0500] {logging_mixin.py:154} INFO - [2023-11-08T18:44:54.886-0500] {dag.py:2941} INFO - Sync 1 DAGs
[2023-11-08T18:44:54.943-0500] {logging_mixin.py:154} INFO - [2023-11-08T18:44:54.943-0500] {dag.py:3722} INFO - Setting next_dagrun for example_setup_teardown to 2023-11-07T23:44:54.942971+00:00, run_after=2023-11-08T23:44:54.942971+00:00
[2023-11-08T18:44:55.043-0500] {processor.py:179} INFO - Processing /Users/az/anaconda3/envs/python38/lib/python3.8/site-packages/airflow/example_dags/example_setup_teardown.py took 0.666 seconds
[2023-11-08T18:47:00.232-0500] {processor.py:157} INFO - Started process (PID=52490) to work on /Users/az/anaconda3/envs/python38/lib/python3.8/site-packages/airflow/example_dags/example_setup_teardown.py
[2023-11-08T18:47:00.236-0500] {processor.py:829} INFO - Processing file /Users/az/anaconda3/envs/python38/lib/python3.8/site-packages/airflow/example_dags/example_setup_teardown.py for tasks to queue
[2023-11-08T18:47:00.236-0500] {logging_mixin.py:154} INFO - [2023-11-08T18:47:00.236-0500] {dagbag.py:536} INFO - Filling up the DagBag from /Users/az/anaconda3/envs/python38/lib/python3.8/site-packages/airflow/example_dags/example_setup_teardown.py
[2023-11-08T18:47:00.252-0500] {processor.py:839} INFO - DAG(s) dict_keys(['example_setup_teardown']) retrieved from /Users/az/anaconda3/envs/python38/lib/python3.8/site-packages/airflow/example_dags/example_setup_teardown.py
[2023-11-08T18:47:00.362-0500] {logging_mixin.py:154} INFO - [2023-11-08T18:47:00.361-0500] {dag.py:2941} INFO - Sync 1 DAGs
[2023-11-08T18:47:00.371-0500] {logging_mixin.py:154} INFO - [2023-11-08T18:47:00.370-0500] {dag.py:3722} INFO - Setting next_dagrun for example_setup_teardown to 2023-11-07T23:47:00.370874+00:00, run_after=2023-11-08T23:47:00.370874+00:00
[2023-11-08T18:47:00.403-0500] {processor.py:179} INFO - Processing /Users/az/anaconda3/envs/python38/lib/python3.8/site-packages/airflow/example_dags/example_setup_teardown.py took 0.172 seconds
[2023-11-08T18:49:02.332-0500] {processor.py:157} INFO - Started process (PID=52677) to work on /Users/az/anaconda3/envs/python38/lib/python3.8/site-packages/airflow/example_dags/example_setup_teardown.py
[2023-11-08T18:49:02.336-0500] {processor.py:829} INFO - Processing file /Users/az/anaconda3/envs/python38/lib/python3.8/site-packages/airflow/example_dags/example_setup_teardown.py for tasks to queue
[2023-11-08T18:49:02.337-0500] {logging_mixin.py:154} INFO - [2023-11-08T18:49:02.337-0500] {dagbag.py:536} INFO - Filling up the DagBag from /Users/az/anaconda3/envs/python38/lib/python3.8/site-packages/airflow/example_dags/example_setup_teardown.py
[2023-11-08T18:49:02.352-0500] {processor.py:839} INFO - DAG(s) dict_keys(['example_setup_teardown']) retrieved from /Users/az/anaconda3/envs/python38/lib/python3.8/site-packages/airflow/example_dags/example_setup_teardown.py
[2023-11-08T18:49:02.460-0500] {logging_mixin.py:154} INFO - [2023-11-08T18:49:02.460-0500] {dag.py:2941} INFO - Sync 1 DAGs
[2023-11-08T18:49:02.469-0500] {logging_mixin.py:154} INFO - [2023-11-08T18:49:02.469-0500] {dag.py:3722} INFO - Setting next_dagrun for example_setup_teardown to 2023-11-07T23:49:02.469386+00:00, run_after=2023-11-08T23:49:02.469386+00:00
[2023-11-08T18:49:02.479-0500] {processor.py:179} INFO - Processing /Users/az/anaconda3/envs/python38/lib/python3.8/site-packages/airflow/example_dags/example_setup_teardown.py took 0.148 seconds
[2023-11-08T18:51:03.120-0500] {processor.py:157} INFO - Started process (PID=52831) to work on /Users/az/anaconda3/envs/python38/lib/python3.8/site-packages/airflow/example_dags/example_setup_teardown.py
[2023-11-08T18:51:03.125-0500] {processor.py:829} INFO - Processing file /Users/az/anaconda3/envs/python38/lib/python3.8/site-packages/airflow/example_dags/example_setup_teardown.py for tasks to queue
[2023-11-08T18:51:03.125-0500] {logging_mixin.py:154} INFO - [2023-11-08T18:51:03.125-0500] {dagbag.py:536} INFO - Filling up the DagBag from /Users/az/anaconda3/envs/python38/lib/python3.8/site-packages/airflow/example_dags/example_setup_teardown.py
[2023-11-08T18:51:03.141-0500] {processor.py:839} INFO - DAG(s) dict_keys(['example_setup_teardown']) retrieved from /Users/az/anaconda3/envs/python38/lib/python3.8/site-packages/airflow/example_dags/example_setup_teardown.py
[2023-11-08T18:51:03.251-0500] {logging_mixin.py:154} INFO - [2023-11-08T18:51:03.250-0500] {dag.py:2941} INFO - Sync 1 DAGs
[2023-11-08T18:51:03.260-0500] {logging_mixin.py:154} INFO - [2023-11-08T18:51:03.259-0500] {dag.py:3722} INFO - Setting next_dagrun for example_setup_teardown to 2023-11-07T23:51:03.259836+00:00, run_after=2023-11-08T23:51:03.259836+00:00
[2023-11-08T18:51:03.269-0500] {processor.py:179} INFO - Processing /Users/az/anaconda3/envs/python38/lib/python3.8/site-packages/airflow/example_dags/example_setup_teardown.py took 0.149 seconds
[2023-11-08T18:53:05.470-0500] {processor.py:157} INFO - Started process (PID=52979) to work on /Users/az/anaconda3/envs/python38/lib/python3.8/site-packages/airflow/example_dags/example_setup_teardown.py
[2023-11-08T18:53:05.475-0500] {processor.py:829} INFO - Processing file /Users/az/anaconda3/envs/python38/lib/python3.8/site-packages/airflow/example_dags/example_setup_teardown.py for tasks to queue
[2023-11-08T18:53:05.475-0500] {logging_mixin.py:154} INFO - [2023-11-08T18:53:05.475-0500] {dagbag.py:536} INFO - Filling up the DagBag from /Users/az/anaconda3/envs/python38/lib/python3.8/site-packages/airflow/example_dags/example_setup_teardown.py
[2023-11-08T18:53:05.490-0500] {processor.py:839} INFO - DAG(s) dict_keys(['example_setup_teardown']) retrieved from /Users/az/anaconda3/envs/python38/lib/python3.8/site-packages/airflow/example_dags/example_setup_teardown.py
[2023-11-08T18:53:05.599-0500] {logging_mixin.py:154} INFO - [2023-11-08T18:53:05.598-0500] {dag.py:2941} INFO - Sync 1 DAGs
[2023-11-08T18:53:05.607-0500] {logging_mixin.py:154} INFO - [2023-11-08T18:53:05.607-0500] {dag.py:3722} INFO - Setting next_dagrun for example_setup_teardown to 2023-11-07T23:53:05.607766+00:00, run_after=2023-11-08T23:53:05.607766+00:00
[2023-11-08T18:53:05.618-0500] {processor.py:179} INFO - Processing /Users/az/anaconda3/envs/python38/lib/python3.8/site-packages/airflow/example_dags/example_setup_teardown.py took 0.148 seconds
[2023-11-08T18:55:09.861-0500] {processor.py:157} INFO - Started process (PID=53146) to work on /Users/az/anaconda3/envs/python38/lib/python3.8/site-packages/airflow/example_dags/example_setup_teardown.py
[2023-11-08T18:55:09.865-0500] {processor.py:829} INFO - Processing file /Users/az/anaconda3/envs/python38/lib/python3.8/site-packages/airflow/example_dags/example_setup_teardown.py for tasks to queue
[2023-11-08T18:55:09.865-0500] {logging_mixin.py:154} INFO - [2023-11-08T18:55:09.865-0500] {dagbag.py:536} INFO - Filling up the DagBag from /Users/az/anaconda3/envs/python38/lib/python3.8/site-packages/airflow/example_dags/example_setup_teardown.py
[2023-11-08T18:55:09.881-0500] {processor.py:839} INFO - DAG(s) dict_keys(['example_setup_teardown']) retrieved from /Users/az/anaconda3/envs/python38/lib/python3.8/site-packages/airflow/example_dags/example_setup_teardown.py
[2023-11-08T18:55:09.989-0500] {logging_mixin.py:154} INFO - [2023-11-08T18:55:09.989-0500] {dag.py:2941} INFO - Sync 1 DAGs
[2023-11-08T18:55:09.998-0500] {logging_mixin.py:154} INFO - [2023-11-08T18:55:09.998-0500] {dag.py:3722} INFO - Setting next_dagrun for example_setup_teardown to 2023-11-07T23:55:09.998514+00:00, run_after=2023-11-08T23:55:09.998514+00:00
[2023-11-08T18:55:10.008-0500] {processor.py:179} INFO - Processing /Users/az/anaconda3/envs/python38/lib/python3.8/site-packages/airflow/example_dags/example_setup_teardown.py took 0.148 seconds
[2023-11-08T18:57:17.197-0500] {processor.py:157} INFO - Started process (PID=53312) to work on /Users/az/anaconda3/envs/python38/lib/python3.8/site-packages/airflow/example_dags/example_setup_teardown.py
[2023-11-08T18:57:17.202-0500] {processor.py:829} INFO - Processing file /Users/az/anaconda3/envs/python38/lib/python3.8/site-packages/airflow/example_dags/example_setup_teardown.py for tasks to queue
[2023-11-08T18:57:17.202-0500] {logging_mixin.py:154} INFO - [2023-11-08T18:57:17.202-0500] {dagbag.py:536} INFO - Filling up the DagBag from /Users/az/anaconda3/envs/python38/lib/python3.8/site-packages/airflow/example_dags/example_setup_teardown.py
[2023-11-08T18:57:17.217-0500] {processor.py:839} INFO - DAG(s) dict_keys(['example_setup_teardown']) retrieved from /Users/az/anaconda3/envs/python38/lib/python3.8/site-packages/airflow/example_dags/example_setup_teardown.py
[2023-11-08T18:57:17.325-0500] {logging_mixin.py:154} INFO - [2023-11-08T18:57:17.325-0500] {dag.py:2941} INFO - Sync 1 DAGs
[2023-11-08T18:57:17.334-0500] {logging_mixin.py:154} INFO - [2023-11-08T18:57:17.334-0500] {dag.py:3722} INFO - Setting next_dagrun for example_setup_teardown to 2023-11-07T23:57:17.334120+00:00, run_after=2023-11-08T23:57:17.334120+00:00
[2023-11-08T18:57:17.344-0500] {processor.py:179} INFO - Processing /Users/az/anaconda3/envs/python38/lib/python3.8/site-packages/airflow/example_dags/example_setup_teardown.py took 0.147 seconds
[2023-11-08T18:59:23.455-0500] {processor.py:157} INFO - Started process (PID=53467) to work on /Users/az/anaconda3/envs/python38/lib/python3.8/site-packages/airflow/example_dags/example_setup_teardown.py
[2023-11-08T18:59:23.460-0500] {processor.py:829} INFO - Processing file /Users/az/anaconda3/envs/python38/lib/python3.8/site-packages/airflow/example_dags/example_setup_teardown.py for tasks to queue
[2023-11-08T18:59:23.460-0500] {logging_mixin.py:154} INFO - [2023-11-08T18:59:23.460-0500] {dagbag.py:536} INFO - Filling up the DagBag from /Users/az/anaconda3/envs/python38/lib/python3.8/site-packages/airflow/example_dags/example_setup_teardown.py
[2023-11-08T18:59:23.475-0500] {processor.py:839} INFO - DAG(s) dict_keys(['example_setup_teardown']) retrieved from /Users/az/anaconda3/envs/python38/lib/python3.8/site-packages/airflow/example_dags/example_setup_teardown.py
[2023-11-08T18:59:23.583-0500] {logging_mixin.py:154} INFO - [2023-11-08T18:59:23.582-0500] {dag.py:2941} INFO - Sync 1 DAGs
[2023-11-08T18:59:23.592-0500] {logging_mixin.py:154} INFO - [2023-11-08T18:59:23.592-0500] {dag.py:3722} INFO - Setting next_dagrun for example_setup_teardown to 2023-11-07T23:59:23.591962+00:00, run_after=2023-11-08T23:59:23.591962+00:00
[2023-11-08T18:59:23.602-0500] {processor.py:179} INFO - Processing /Users/az/anaconda3/envs/python38/lib/python3.8/site-packages/airflow/example_dags/example_setup_teardown.py took 0.148 seconds
