[2023-11-08T17:47:54.211-0500] {processor.py:157} INFO - Started process (PID=48941) to work on /Users/az/anaconda3/envs/python38/lib/python3.8/site-packages/airflow/example_dags/example_params_trigger_ui.py
[2023-11-08T17:47:54.215-0500] {processor.py:829} INFO - Processing file /Users/az/anaconda3/envs/python38/lib/python3.8/site-packages/airflow/example_dags/example_params_trigger_ui.py for tasks to queue
[2023-11-08T17:47:54.215-0500] {logging_mixin.py:154} INFO - [2023-11-08T17:47:54.215-0500] {dagbag.py:536} INFO - Filling up the DagBag from /Users/az/anaconda3/envs/python38/lib/python3.8/site-packages/airflow/example_dags/example_params_trigger_ui.py
[2023-11-08T17:47:54.277-0500] {processor.py:839} INFO - DAG(s) dict_keys(['example_params_trigger_ui']) retrieved from /Users/az/anaconda3/envs/python38/lib/python3.8/site-packages/airflow/example_dags/example_params_trigger_ui.py
[2023-11-08T17:47:54.614-0500] {logging_mixin.py:154} INFO - [2023-11-08T17:47:54.614-0500] {manager.py:499} INFO - Created Permission View: %s
[2023-11-08T17:47:54.618-0500] {logging_mixin.py:154} INFO - [2023-11-08T17:47:54.618-0500] {manager.py:499} INFO - Created Permission View: %s
[2023-11-08T17:47:54.622-0500] {logging_mixin.py:154} INFO - [2023-11-08T17:47:54.622-0500] {manager.py:499} INFO - Created Permission View: %s
[2023-11-08T17:47:54.622-0500] {logging_mixin.py:154} INFO - [2023-11-08T17:47:54.622-0500] {dag.py:2941} INFO - Sync 1 DAGs
[2023-11-08T17:47:54.627-0500] {logging_mixin.py:154} INFO - [2023-11-08T17:47:54.627-0500] {dag.py:2963} INFO - Creating ORM DAG for example_params_trigger_ui
[2023-11-08T17:47:54.627-0500] {logging_mixin.py:154} INFO - [2023-11-08T17:47:54.627-0500] {dag.py:3722} INFO - Setting next_dagrun for example_params_trigger_ui to None, run_after=None
[2023-11-08T17:47:54.638-0500] {processor.py:179} INFO - Processing /Users/az/anaconda3/envs/python38/lib/python3.8/site-packages/airflow/example_dags/example_params_trigger_ui.py took 0.427 seconds
[2023-11-08T17:49:27.353-0500] {processor.py:157} INFO - Started process (PID=49076) to work on /Users/az/anaconda3/envs/python38/lib/python3.8/site-packages/airflow/example_dags/example_params_trigger_ui.py
[2023-11-08T17:49:27.358-0500] {processor.py:829} INFO - Processing file /Users/az/anaconda3/envs/python38/lib/python3.8/site-packages/airflow/example_dags/example_params_trigger_ui.py for tasks to queue
[2023-11-08T17:49:27.358-0500] {logging_mixin.py:154} INFO - [2023-11-08T17:49:27.358-0500] {dagbag.py:536} INFO - Filling up the DagBag from /Users/az/anaconda3/envs/python38/lib/python3.8/site-packages/airflow/example_dags/example_params_trigger_ui.py
[2023-11-08T17:49:27.419-0500] {processor.py:839} INFO - DAG(s) dict_keys(['example_params_trigger_ui']) retrieved from /Users/az/anaconda3/envs/python38/lib/python3.8/site-packages/airflow/example_dags/example_params_trigger_ui.py
[2023-11-08T17:49:27.513-0500] {logging_mixin.py:154} INFO - [2023-11-08T17:49:27.513-0500] {dag.py:2941} INFO - Sync 1 DAGs
[2023-11-08T17:49:27.519-0500] {logging_mixin.py:154} INFO - [2023-11-08T17:49:27.519-0500] {dag.py:3722} INFO - Setting next_dagrun for example_params_trigger_ui to None, run_after=None
[2023-11-08T17:49:27.529-0500] {processor.py:179} INFO - Processing /Users/az/anaconda3/envs/python38/lib/python3.8/site-packages/airflow/example_dags/example_params_trigger_ui.py took 0.176 seconds
[2023-11-08T17:51:28.235-0500] {processor.py:157} INFO - Started process (PID=49276) to work on /Users/az/anaconda3/envs/python38/lib/python3.8/site-packages/airflow/example_dags/example_params_trigger_ui.py
[2023-11-08T17:51:28.239-0500] {processor.py:829} INFO - Processing file /Users/az/anaconda3/envs/python38/lib/python3.8/site-packages/airflow/example_dags/example_params_trigger_ui.py for tasks to queue
[2023-11-08T17:51:28.239-0500] {logging_mixin.py:154} INFO - [2023-11-08T17:51:28.239-0500] {dagbag.py:536} INFO - Filling up the DagBag from /Users/az/anaconda3/envs/python38/lib/python3.8/site-packages/airflow/example_dags/example_params_trigger_ui.py
[2023-11-08T17:51:28.304-0500] {processor.py:839} INFO - DAG(s) dict_keys(['example_params_trigger_ui']) retrieved from /Users/az/anaconda3/envs/python38/lib/python3.8/site-packages/airflow/example_dags/example_params_trigger_ui.py
[2023-11-08T17:51:28.404-0500] {logging_mixin.py:154} INFO - [2023-11-08T17:51:28.404-0500] {dag.py:2941} INFO - Sync 1 DAGs
[2023-11-08T17:51:28.410-0500] {logging_mixin.py:154} INFO - [2023-11-08T17:51:28.410-0500] {dag.py:3722} INFO - Setting next_dagrun for example_params_trigger_ui to None, run_after=None
[2023-11-08T17:51:28.422-0500] {processor.py:179} INFO - Processing /Users/az/anaconda3/envs/python38/lib/python3.8/site-packages/airflow/example_dags/example_params_trigger_ui.py took 0.187 seconds
[2023-11-08T17:53:20.278-0500] {processor.py:157} INFO - Started process (PID=49422) to work on /Users/az/anaconda3/envs/python38/lib/python3.8/site-packages/airflow/example_dags/example_params_trigger_ui.py
[2023-11-08T17:53:20.282-0500] {processor.py:829} INFO - Processing file /Users/az/anaconda3/envs/python38/lib/python3.8/site-packages/airflow/example_dags/example_params_trigger_ui.py for tasks to queue
[2023-11-08T17:53:20.283-0500] {logging_mixin.py:154} INFO - [2023-11-08T17:53:20.283-0500] {dagbag.py:536} INFO - Filling up the DagBag from /Users/az/anaconda3/envs/python38/lib/python3.8/site-packages/airflow/example_dags/example_params_trigger_ui.py
[2023-11-08T17:53:20.343-0500] {processor.py:839} INFO - DAG(s) dict_keys(['example_params_trigger_ui']) retrieved from /Users/az/anaconda3/envs/python38/lib/python3.8/site-packages/airflow/example_dags/example_params_trigger_ui.py
[2023-11-08T17:53:20.436-0500] {logging_mixin.py:154} INFO - [2023-11-08T17:53:20.435-0500] {dag.py:2941} INFO - Sync 1 DAGs
[2023-11-08T17:53:20.441-0500] {logging_mixin.py:154} INFO - [2023-11-08T17:53:20.441-0500] {dag.py:3722} INFO - Setting next_dagrun for example_params_trigger_ui to None, run_after=None
[2023-11-08T17:53:20.452-0500] {processor.py:179} INFO - Processing /Users/az/anaconda3/envs/python38/lib/python3.8/site-packages/airflow/example_dags/example_params_trigger_ui.py took 0.174 seconds
[2023-11-08T17:55:18.276-0500] {processor.py:157} INFO - Started process (PID=49568) to work on /Users/az/anaconda3/envs/python38/lib/python3.8/site-packages/airflow/example_dags/example_params_trigger_ui.py
[2023-11-08T17:55:18.280-0500] {processor.py:829} INFO - Processing file /Users/az/anaconda3/envs/python38/lib/python3.8/site-packages/airflow/example_dags/example_params_trigger_ui.py for tasks to queue
[2023-11-08T17:55:18.280-0500] {logging_mixin.py:154} INFO - [2023-11-08T17:55:18.280-0500] {dagbag.py:536} INFO - Filling up the DagBag from /Users/az/anaconda3/envs/python38/lib/python3.8/site-packages/airflow/example_dags/example_params_trigger_ui.py
[2023-11-08T17:55:18.341-0500] {processor.py:839} INFO - DAG(s) dict_keys(['example_params_trigger_ui']) retrieved from /Users/az/anaconda3/envs/python38/lib/python3.8/site-packages/airflow/example_dags/example_params_trigger_ui.py
[2023-11-08T17:55:18.434-0500] {logging_mixin.py:154} INFO - [2023-11-08T17:55:18.434-0500] {dag.py:2941} INFO - Sync 1 DAGs
[2023-11-08T17:55:18.440-0500] {logging_mixin.py:154} INFO - [2023-11-08T17:55:18.440-0500] {dag.py:3722} INFO - Setting next_dagrun for example_params_trigger_ui to None, run_after=None
[2023-11-08T17:55:18.450-0500] {processor.py:179} INFO - Processing /Users/az/anaconda3/envs/python38/lib/python3.8/site-packages/airflow/example_dags/example_params_trigger_ui.py took 0.174 seconds
[2023-11-08T17:57:18.198-0500] {processor.py:157} INFO - Started process (PID=49719) to work on /Users/az/anaconda3/envs/python38/lib/python3.8/site-packages/airflow/example_dags/example_params_trigger_ui.py
[2023-11-08T17:57:18.203-0500] {processor.py:829} INFO - Processing file /Users/az/anaconda3/envs/python38/lib/python3.8/site-packages/airflow/example_dags/example_params_trigger_ui.py for tasks to queue
[2023-11-08T17:57:18.203-0500] {logging_mixin.py:154} INFO - [2023-11-08T17:57:18.203-0500] {dagbag.py:536} INFO - Filling up the DagBag from /Users/az/anaconda3/envs/python38/lib/python3.8/site-packages/airflow/example_dags/example_params_trigger_ui.py
[2023-11-08T17:57:18.263-0500] {processor.py:839} INFO - DAG(s) dict_keys(['example_params_trigger_ui']) retrieved from /Users/az/anaconda3/envs/python38/lib/python3.8/site-packages/airflow/example_dags/example_params_trigger_ui.py
[2023-11-08T17:57:18.357-0500] {logging_mixin.py:154} INFO - [2023-11-08T17:57:18.357-0500] {dag.py:2941} INFO - Sync 1 DAGs
[2023-11-08T17:57:18.363-0500] {logging_mixin.py:154} INFO - [2023-11-08T17:57:18.363-0500] {dag.py:3722} INFO - Setting next_dagrun for example_params_trigger_ui to None, run_after=None
[2023-11-08T17:57:18.373-0500] {processor.py:179} INFO - Processing /Users/az/anaconda3/envs/python38/lib/python3.8/site-packages/airflow/example_dags/example_params_trigger_ui.py took 0.176 seconds
[2023-11-08T17:59:19.479-0500] {processor.py:157} INFO - Started process (PID=49887) to work on /Users/az/anaconda3/envs/python38/lib/python3.8/site-packages/airflow/example_dags/example_params_trigger_ui.py
[2023-11-08T17:59:19.484-0500] {processor.py:829} INFO - Processing file /Users/az/anaconda3/envs/python38/lib/python3.8/site-packages/airflow/example_dags/example_params_trigger_ui.py for tasks to queue
[2023-11-08T17:59:19.484-0500] {logging_mixin.py:154} INFO - [2023-11-08T17:59:19.484-0500] {dagbag.py:536} INFO - Filling up the DagBag from /Users/az/anaconda3/envs/python38/lib/python3.8/site-packages/airflow/example_dags/example_params_trigger_ui.py
[2023-11-08T17:59:19.545-0500] {processor.py:839} INFO - DAG(s) dict_keys(['example_params_trigger_ui']) retrieved from /Users/az/anaconda3/envs/python38/lib/python3.8/site-packages/airflow/example_dags/example_params_trigger_ui.py
[2023-11-08T17:59:19.638-0500] {logging_mixin.py:154} INFO - [2023-11-08T17:59:19.638-0500] {dag.py:2941} INFO - Sync 1 DAGs
[2023-11-08T17:59:19.643-0500] {logging_mixin.py:154} INFO - [2023-11-08T17:59:19.643-0500] {dag.py:3722} INFO - Setting next_dagrun for example_params_trigger_ui to None, run_after=None
[2023-11-08T17:59:19.653-0500] {processor.py:179} INFO - Processing /Users/az/anaconda3/envs/python38/lib/python3.8/site-packages/airflow/example_dags/example_params_trigger_ui.py took 0.175 seconds
[2023-11-08T18:01:20.929-0500] {processor.py:157} INFO - Started process (PID=50049) to work on /Users/az/anaconda3/envs/python38/lib/python3.8/site-packages/airflow/example_dags/example_params_trigger_ui.py
[2023-11-08T18:01:20.933-0500] {processor.py:829} INFO - Processing file /Users/az/anaconda3/envs/python38/lib/python3.8/site-packages/airflow/example_dags/example_params_trigger_ui.py for tasks to queue
[2023-11-08T18:01:20.934-0500] {logging_mixin.py:154} INFO - [2023-11-08T18:01:20.934-0500] {dagbag.py:536} INFO - Filling up the DagBag from /Users/az/anaconda3/envs/python38/lib/python3.8/site-packages/airflow/example_dags/example_params_trigger_ui.py
[2023-11-08T18:01:21.002-0500] {processor.py:839} INFO - DAG(s) dict_keys(['example_params_trigger_ui']) retrieved from /Users/az/anaconda3/envs/python38/lib/python3.8/site-packages/airflow/example_dags/example_params_trigger_ui.py
[2023-11-08T18:01:21.110-0500] {logging_mixin.py:154} INFO - [2023-11-08T18:01:21.109-0500] {dag.py:2941} INFO - Sync 1 DAGs
[2023-11-08T18:01:21.116-0500] {logging_mixin.py:154} INFO - [2023-11-08T18:01:21.116-0500] {dag.py:3722} INFO - Setting next_dagrun for example_params_trigger_ui to None, run_after=None
[2023-11-08T18:01:21.126-0500] {processor.py:179} INFO - Processing /Users/az/anaconda3/envs/python38/lib/python3.8/site-packages/airflow/example_dags/example_params_trigger_ui.py took 0.198 seconds
[2023-11-08T18:03:17.563-0500] {processor.py:157} INFO - Started process (PID=50256) to work on /Users/az/anaconda3/envs/python38/lib/python3.8/site-packages/airflow/example_dags/example_params_trigger_ui.py
[2023-11-08T18:03:17.568-0500] {processor.py:829} INFO - Processing file /Users/az/anaconda3/envs/python38/lib/python3.8/site-packages/airflow/example_dags/example_params_trigger_ui.py for tasks to queue
[2023-11-08T18:03:17.568-0500] {logging_mixin.py:154} INFO - [2023-11-08T18:03:17.568-0500] {dagbag.py:536} INFO - Filling up the DagBag from /Users/az/anaconda3/envs/python38/lib/python3.8/site-packages/airflow/example_dags/example_params_trigger_ui.py
[2023-11-08T18:03:17.629-0500] {processor.py:839} INFO - DAG(s) dict_keys(['example_params_trigger_ui']) retrieved from /Users/az/anaconda3/envs/python38/lib/python3.8/site-packages/airflow/example_dags/example_params_trigger_ui.py
[2023-11-08T18:03:17.729-0500] {logging_mixin.py:154} INFO - [2023-11-08T18:03:17.729-0500] {dag.py:2941} INFO - Sync 1 DAGs
[2023-11-08T18:03:17.735-0500] {logging_mixin.py:154} INFO - [2023-11-08T18:03:17.735-0500] {dag.py:3722} INFO - Setting next_dagrun for example_params_trigger_ui to None, run_after=None
[2023-11-08T18:03:17.745-0500] {processor.py:179} INFO - Processing /Users/az/anaconda3/envs/python38/lib/python3.8/site-packages/airflow/example_dags/example_params_trigger_ui.py took 0.183 seconds
[2023-11-08T18:05:14.665-0500] {processor.py:157} INFO - Started process (PID=50530) to work on /Users/az/anaconda3/envs/python38/lib/python3.8/site-packages/airflow/example_dags/example_params_trigger_ui.py
[2023-11-08T18:05:14.670-0500] {processor.py:829} INFO - Processing file /Users/az/anaconda3/envs/python38/lib/python3.8/site-packages/airflow/example_dags/example_params_trigger_ui.py for tasks to queue
[2023-11-08T18:05:14.670-0500] {logging_mixin.py:154} INFO - [2023-11-08T18:05:14.670-0500] {dagbag.py:536} INFO - Filling up the DagBag from /Users/az/anaconda3/envs/python38/lib/python3.8/site-packages/airflow/example_dags/example_params_trigger_ui.py
[2023-11-08T18:05:14.730-0500] {processor.py:839} INFO - DAG(s) dict_keys(['example_params_trigger_ui']) retrieved from /Users/az/anaconda3/envs/python38/lib/python3.8/site-packages/airflow/example_dags/example_params_trigger_ui.py
[2023-11-08T18:05:14.823-0500] {logging_mixin.py:154} INFO - [2023-11-08T18:05:14.823-0500] {dag.py:2941} INFO - Sync 1 DAGs
[2023-11-08T18:05:14.829-0500] {logging_mixin.py:154} INFO - [2023-11-08T18:05:14.829-0500] {dag.py:3722} INFO - Setting next_dagrun for example_params_trigger_ui to None, run_after=None
[2023-11-08T18:05:14.839-0500] {processor.py:179} INFO - Processing /Users/az/anaconda3/envs/python38/lib/python3.8/site-packages/airflow/example_dags/example_params_trigger_ui.py took 0.174 seconds
[2023-11-08T18:07:09.299-0500] {processor.py:157} INFO - Started process (PID=50685) to work on /Users/az/anaconda3/envs/python38/lib/python3.8/site-packages/airflow/example_dags/example_params_trigger_ui.py
[2023-11-08T18:07:09.303-0500] {processor.py:829} INFO - Processing file /Users/az/anaconda3/envs/python38/lib/python3.8/site-packages/airflow/example_dags/example_params_trigger_ui.py for tasks to queue
[2023-11-08T18:07:09.303-0500] {logging_mixin.py:154} INFO - [2023-11-08T18:07:09.303-0500] {dagbag.py:536} INFO - Filling up the DagBag from /Users/az/anaconda3/envs/python38/lib/python3.8/site-packages/airflow/example_dags/example_params_trigger_ui.py
[2023-11-08T18:07:09.364-0500] {processor.py:839} INFO - DAG(s) dict_keys(['example_params_trigger_ui']) retrieved from /Users/az/anaconda3/envs/python38/lib/python3.8/site-packages/airflow/example_dags/example_params_trigger_ui.py
[2023-11-08T18:07:09.458-0500] {logging_mixin.py:154} INFO - [2023-11-08T18:07:09.458-0500] {dag.py:2941} INFO - Sync 1 DAGs
[2023-11-08T18:07:09.463-0500] {logging_mixin.py:154} INFO - [2023-11-08T18:07:09.463-0500] {dag.py:3722} INFO - Setting next_dagrun for example_params_trigger_ui to None, run_after=None
[2023-11-08T18:07:09.473-0500] {processor.py:179} INFO - Processing /Users/az/anaconda3/envs/python38/lib/python3.8/site-packages/airflow/example_dags/example_params_trigger_ui.py took 0.175 seconds
[2023-11-08T18:09:04.955-0500] {processor.py:157} INFO - Started process (PID=50851) to work on /Users/az/anaconda3/envs/python38/lib/python3.8/site-packages/airflow/example_dags/example_params_trigger_ui.py
[2023-11-08T18:09:04.959-0500] {processor.py:829} INFO - Processing file /Users/az/anaconda3/envs/python38/lib/python3.8/site-packages/airflow/example_dags/example_params_trigger_ui.py for tasks to queue
[2023-11-08T18:09:04.960-0500] {logging_mixin.py:154} INFO - [2023-11-08T18:09:04.960-0500] {dagbag.py:536} INFO - Filling up the DagBag from /Users/az/anaconda3/envs/python38/lib/python3.8/site-packages/airflow/example_dags/example_params_trigger_ui.py
[2023-11-08T18:09:05.020-0500] {processor.py:839} INFO - DAG(s) dict_keys(['example_params_trigger_ui']) retrieved from /Users/az/anaconda3/envs/python38/lib/python3.8/site-packages/airflow/example_dags/example_params_trigger_ui.py
[2023-11-08T18:09:05.113-0500] {logging_mixin.py:154} INFO - [2023-11-08T18:09:05.113-0500] {dag.py:2941} INFO - Sync 1 DAGs
[2023-11-08T18:09:05.119-0500] {logging_mixin.py:154} INFO - [2023-11-08T18:09:05.119-0500] {dag.py:3722} INFO - Setting next_dagrun for example_params_trigger_ui to None, run_after=None
[2023-11-08T18:09:05.129-0500] {processor.py:179} INFO - Processing /Users/az/anaconda3/envs/python38/lib/python3.8/site-packages/airflow/example_dags/example_params_trigger_ui.py took 0.175 seconds
[2023-11-08T18:11:05.021-0500] {processor.py:157} INFO - Started process (PID=51005) to work on /Users/az/anaconda3/envs/python38/lib/python3.8/site-packages/airflow/example_dags/example_params_trigger_ui.py
[2023-11-08T18:11:05.025-0500] {processor.py:829} INFO - Processing file /Users/az/anaconda3/envs/python38/lib/python3.8/site-packages/airflow/example_dags/example_params_trigger_ui.py for tasks to queue
[2023-11-08T18:11:05.025-0500] {logging_mixin.py:154} INFO - [2023-11-08T18:11:05.025-0500] {dagbag.py:536} INFO - Filling up the DagBag from /Users/az/anaconda3/envs/python38/lib/python3.8/site-packages/airflow/example_dags/example_params_trigger_ui.py
[2023-11-08T18:11:05.086-0500] {processor.py:839} INFO - DAG(s) dict_keys(['example_params_trigger_ui']) retrieved from /Users/az/anaconda3/envs/python38/lib/python3.8/site-packages/airflow/example_dags/example_params_trigger_ui.py
[2023-11-08T18:11:05.179-0500] {logging_mixin.py:154} INFO - [2023-11-08T18:11:05.179-0500] {dag.py:2941} INFO - Sync 1 DAGs
[2023-11-08T18:11:05.185-0500] {logging_mixin.py:154} INFO - [2023-11-08T18:11:05.185-0500] {dag.py:3722} INFO - Setting next_dagrun for example_params_trigger_ui to None, run_after=None
[2023-11-08T18:11:05.195-0500] {processor.py:179} INFO - Processing /Users/az/anaconda3/envs/python38/lib/python3.8/site-packages/airflow/example_dags/example_params_trigger_ui.py took 0.175 seconds
[2023-11-08T18:23:03.672-0500] {processor.py:157} INFO - Started process (PID=51189) to work on /Users/az/anaconda3/envs/python38/lib/python3.8/site-packages/airflow/example_dags/example_params_trigger_ui.py
[2023-11-08T18:23:03.677-0500] {processor.py:829} INFO - Processing file /Users/az/anaconda3/envs/python38/lib/python3.8/site-packages/airflow/example_dags/example_params_trigger_ui.py for tasks to queue
[2023-11-08T18:23:03.677-0500] {logging_mixin.py:154} INFO - [2023-11-08T18:23:03.677-0500] {dagbag.py:536} INFO - Filling up the DagBag from /Users/az/anaconda3/envs/python38/lib/python3.8/site-packages/airflow/example_dags/example_params_trigger_ui.py
[2023-11-08T18:23:03.738-0500] {processor.py:839} INFO - DAG(s) dict_keys(['example_params_trigger_ui']) retrieved from /Users/az/anaconda3/envs/python38/lib/python3.8/site-packages/airflow/example_dags/example_params_trigger_ui.py
[2023-11-08T18:23:03.831-0500] {logging_mixin.py:154} INFO - [2023-11-08T18:23:03.831-0500] {dag.py:2941} INFO - Sync 1 DAGs
[2023-11-08T18:23:03.837-0500] {logging_mixin.py:154} INFO - [2023-11-08T18:23:03.837-0500] {dag.py:3722} INFO - Setting next_dagrun for example_params_trigger_ui to None, run_after=None
[2023-11-08T18:23:03.847-0500] {processor.py:179} INFO - Processing /Users/az/anaconda3/envs/python38/lib/python3.8/site-packages/airflow/example_dags/example_params_trigger_ui.py took 0.176 seconds
[2023-11-08T18:31:46.118-0500] {processor.py:157} INFO - Started process (PID=51339) to work on /Users/az/anaconda3/envs/python38/lib/python3.8/site-packages/airflow/example_dags/example_params_trigger_ui.py
[2023-11-08T18:31:46.123-0500] {processor.py:829} INFO - Processing file /Users/az/anaconda3/envs/python38/lib/python3.8/site-packages/airflow/example_dags/example_params_trigger_ui.py for tasks to queue
[2023-11-08T18:31:46.123-0500] {logging_mixin.py:154} INFO - [2023-11-08T18:31:46.123-0500] {dagbag.py:536} INFO - Filling up the DagBag from /Users/az/anaconda3/envs/python38/lib/python3.8/site-packages/airflow/example_dags/example_params_trigger_ui.py
[2023-11-08T18:31:46.183-0500] {processor.py:839} INFO - DAG(s) dict_keys(['example_params_trigger_ui']) retrieved from /Users/az/anaconda3/envs/python38/lib/python3.8/site-packages/airflow/example_dags/example_params_trigger_ui.py
[2023-11-08T18:31:46.277-0500] {logging_mixin.py:154} INFO - [2023-11-08T18:31:46.277-0500] {dag.py:2941} INFO - Sync 1 DAGs
[2023-11-08T18:31:46.282-0500] {logging_mixin.py:154} INFO - [2023-11-08T18:31:46.282-0500] {dag.py:3722} INFO - Setting next_dagrun for example_params_trigger_ui to None, run_after=None
[2023-11-08T18:31:46.293-0500] {processor.py:179} INFO - Processing /Users/az/anaconda3/envs/python38/lib/python3.8/site-packages/airflow/example_dags/example_params_trigger_ui.py took 0.175 seconds
[2023-11-08T18:33:51.572-0500] {processor.py:157} INFO - Started process (PID=51499) to work on /Users/az/anaconda3/envs/python38/lib/python3.8/site-packages/airflow/example_dags/example_params_trigger_ui.py
[2023-11-08T18:33:51.576-0500] {processor.py:829} INFO - Processing file /Users/az/anaconda3/envs/python38/lib/python3.8/site-packages/airflow/example_dags/example_params_trigger_ui.py for tasks to queue
[2023-11-08T18:33:51.577-0500] {logging_mixin.py:154} INFO - [2023-11-08T18:33:51.577-0500] {dagbag.py:536} INFO - Filling up the DagBag from /Users/az/anaconda3/envs/python38/lib/python3.8/site-packages/airflow/example_dags/example_params_trigger_ui.py
[2023-11-08T18:33:51.640-0500] {processor.py:839} INFO - DAG(s) dict_keys(['example_params_trigger_ui']) retrieved from /Users/az/anaconda3/envs/python38/lib/python3.8/site-packages/airflow/example_dags/example_params_trigger_ui.py
[2023-11-08T18:33:51.734-0500] {logging_mixin.py:154} INFO - [2023-11-08T18:33:51.734-0500] {dag.py:2941} INFO - Sync 1 DAGs
[2023-11-08T18:33:51.739-0500] {logging_mixin.py:154} INFO - [2023-11-08T18:33:51.739-0500] {dag.py:3722} INFO - Setting next_dagrun for example_params_trigger_ui to None, run_after=None
[2023-11-08T18:33:51.750-0500] {processor.py:179} INFO - Processing /Users/az/anaconda3/envs/python38/lib/python3.8/site-packages/airflow/example_dags/example_params_trigger_ui.py took 0.178 seconds
[2023-11-08T18:35:52.761-0500] {processor.py:157} INFO - Started process (PID=51646) to work on /Users/az/anaconda3/envs/python38/lib/python3.8/site-packages/airflow/example_dags/example_params_trigger_ui.py
[2023-11-08T18:35:52.765-0500] {processor.py:829} INFO - Processing file /Users/az/anaconda3/envs/python38/lib/python3.8/site-packages/airflow/example_dags/example_params_trigger_ui.py for tasks to queue
[2023-11-08T18:35:52.765-0500] {logging_mixin.py:154} INFO - [2023-11-08T18:35:52.765-0500] {dagbag.py:536} INFO - Filling up the DagBag from /Users/az/anaconda3/envs/python38/lib/python3.8/site-packages/airflow/example_dags/example_params_trigger_ui.py
[2023-11-08T18:35:52.827-0500] {processor.py:839} INFO - DAG(s) dict_keys(['example_params_trigger_ui']) retrieved from /Users/az/anaconda3/envs/python38/lib/python3.8/site-packages/airflow/example_dags/example_params_trigger_ui.py
[2023-11-08T18:35:52.921-0500] {logging_mixin.py:154} INFO - [2023-11-08T18:35:52.921-0500] {dag.py:2941} INFO - Sync 1 DAGs
[2023-11-08T18:35:52.927-0500] {logging_mixin.py:154} INFO - [2023-11-08T18:35:52.927-0500] {dag.py:3722} INFO - Setting next_dagrun for example_params_trigger_ui to None, run_after=None
[2023-11-08T18:35:52.937-0500] {processor.py:179} INFO - Processing /Users/az/anaconda3/envs/python38/lib/python3.8/site-packages/airflow/example_dags/example_params_trigger_ui.py took 0.176 seconds
[2023-11-08T18:37:46.351-0500] {processor.py:157} INFO - Started process (PID=51793) to work on /Users/az/anaconda3/envs/python38/lib/python3.8/site-packages/airflow/example_dags/example_params_trigger_ui.py
[2023-11-08T18:37:46.356-0500] {processor.py:829} INFO - Processing file /Users/az/anaconda3/envs/python38/lib/python3.8/site-packages/airflow/example_dags/example_params_trigger_ui.py for tasks to queue
[2023-11-08T18:37:46.356-0500] {logging_mixin.py:154} INFO - [2023-11-08T18:37:46.356-0500] {dagbag.py:536} INFO - Filling up the DagBag from /Users/az/anaconda3/envs/python38/lib/python3.8/site-packages/airflow/example_dags/example_params_trigger_ui.py
[2023-11-08T18:37:46.417-0500] {processor.py:839} INFO - DAG(s) dict_keys(['example_params_trigger_ui']) retrieved from /Users/az/anaconda3/envs/python38/lib/python3.8/site-packages/airflow/example_dags/example_params_trigger_ui.py
[2023-11-08T18:37:46.510-0500] {logging_mixin.py:154} INFO - [2023-11-08T18:37:46.510-0500] {dag.py:2941} INFO - Sync 1 DAGs
[2023-11-08T18:37:46.516-0500] {logging_mixin.py:154} INFO - [2023-11-08T18:37:46.516-0500] {dag.py:3722} INFO - Setting next_dagrun for example_params_trigger_ui to None, run_after=None
[2023-11-08T18:37:46.526-0500] {processor.py:179} INFO - Processing /Users/az/anaconda3/envs/python38/lib/python3.8/site-packages/airflow/example_dags/example_params_trigger_ui.py took 0.175 seconds
[2023-11-08T18:39:43.972-0500] {processor.py:157} INFO - Started process (PID=51936) to work on /Users/az/anaconda3/envs/python38/lib/python3.8/site-packages/airflow/example_dags/example_params_trigger_ui.py
[2023-11-08T18:39:43.976-0500] {processor.py:829} INFO - Processing file /Users/az/anaconda3/envs/python38/lib/python3.8/site-packages/airflow/example_dags/example_params_trigger_ui.py for tasks to queue
[2023-11-08T18:39:43.976-0500] {logging_mixin.py:154} INFO - [2023-11-08T18:39:43.976-0500] {dagbag.py:536} INFO - Filling up the DagBag from /Users/az/anaconda3/envs/python38/lib/python3.8/site-packages/airflow/example_dags/example_params_trigger_ui.py
[2023-11-08T18:39:44.036-0500] {processor.py:839} INFO - DAG(s) dict_keys(['example_params_trigger_ui']) retrieved from /Users/az/anaconda3/envs/python38/lib/python3.8/site-packages/airflow/example_dags/example_params_trigger_ui.py
[2023-11-08T18:39:44.130-0500] {logging_mixin.py:154} INFO - [2023-11-08T18:39:44.130-0500] {dag.py:2941} INFO - Sync 1 DAGs
[2023-11-08T18:39:44.136-0500] {logging_mixin.py:154} INFO - [2023-11-08T18:39:44.136-0500] {dag.py:3722} INFO - Setting next_dagrun for example_params_trigger_ui to None, run_after=None
[2023-11-08T18:39:44.146-0500] {processor.py:179} INFO - Processing /Users/az/anaconda3/envs/python38/lib/python3.8/site-packages/airflow/example_dags/example_params_trigger_ui.py took 0.175 seconds
[2023-11-08T18:41:48.820-0500] {processor.py:157} INFO - Started process (PID=52085) to work on /Users/az/anaconda3/envs/python38/lib/python3.8/site-packages/airflow/example_dags/example_params_trigger_ui.py
[2023-11-08T18:41:48.825-0500] {processor.py:829} INFO - Processing file /Users/az/anaconda3/envs/python38/lib/python3.8/site-packages/airflow/example_dags/example_params_trigger_ui.py for tasks to queue
[2023-11-08T18:41:48.825-0500] {logging_mixin.py:154} INFO - [2023-11-08T18:41:48.825-0500] {dagbag.py:536} INFO - Filling up the DagBag from /Users/az/anaconda3/envs/python38/lib/python3.8/site-packages/airflow/example_dags/example_params_trigger_ui.py
[2023-11-08T18:41:48.886-0500] {processor.py:839} INFO - DAG(s) dict_keys(['example_params_trigger_ui']) retrieved from /Users/az/anaconda3/envs/python38/lib/python3.8/site-packages/airflow/example_dags/example_params_trigger_ui.py
[2023-11-08T18:41:48.979-0500] {logging_mixin.py:154} INFO - [2023-11-08T18:41:48.979-0500] {dag.py:2941} INFO - Sync 1 DAGs
[2023-11-08T18:41:48.984-0500] {logging_mixin.py:154} INFO - [2023-11-08T18:41:48.984-0500] {dag.py:3722} INFO - Setting next_dagrun for example_params_trigger_ui to None, run_after=None
[2023-11-08T18:41:48.994-0500] {processor.py:179} INFO - Processing /Users/az/anaconda3/envs/python38/lib/python3.8/site-packages/airflow/example_dags/example_params_trigger_ui.py took 0.175 seconds
[2023-11-08T18:43:49.298-0500] {processor.py:157} INFO - Started process (PID=52234) to work on /Users/az/anaconda3/envs/python38/lib/python3.8/site-packages/airflow/example_dags/example_params_trigger_ui.py
[2023-11-08T18:43:49.302-0500] {processor.py:829} INFO - Processing file /Users/az/anaconda3/envs/python38/lib/python3.8/site-packages/airflow/example_dags/example_params_trigger_ui.py for tasks to queue
[2023-11-08T18:43:49.303-0500] {logging_mixin.py:154} INFO - [2023-11-08T18:43:49.303-0500] {dagbag.py:536} INFO - Filling up the DagBag from /Users/az/anaconda3/envs/python38/lib/python3.8/site-packages/airflow/example_dags/example_params_trigger_ui.py
[2023-11-08T18:43:49.368-0500] {processor.py:839} INFO - DAG(s) dict_keys(['example_params_trigger_ui']) retrieved from /Users/az/anaconda3/envs/python38/lib/python3.8/site-packages/airflow/example_dags/example_params_trigger_ui.py
[2023-11-08T18:43:49.462-0500] {logging_mixin.py:154} INFO - [2023-11-08T18:43:49.461-0500] {dag.py:2941} INFO - Sync 1 DAGs
[2023-11-08T18:43:49.467-0500] {logging_mixin.py:154} INFO - [2023-11-08T18:43:49.467-0500] {dag.py:3722} INFO - Setting next_dagrun for example_params_trigger_ui to None, run_after=None
[2023-11-08T18:43:49.477-0500] {processor.py:179} INFO - Processing /Users/az/anaconda3/envs/python38/lib/python3.8/site-packages/airflow/example_dags/example_params_trigger_ui.py took 0.180 seconds
[2023-11-08T18:45:52.175-0500] {processor.py:157} INFO - Started process (PID=52380) to work on /Users/az/anaconda3/envs/python38/lib/python3.8/site-packages/airflow/example_dags/example_params_trigger_ui.py
[2023-11-08T18:45:52.180-0500] {processor.py:829} INFO - Processing file /Users/az/anaconda3/envs/python38/lib/python3.8/site-packages/airflow/example_dags/example_params_trigger_ui.py for tasks to queue
[2023-11-08T18:45:52.180-0500] {logging_mixin.py:154} INFO - [2023-11-08T18:45:52.180-0500] {dagbag.py:536} INFO - Filling up the DagBag from /Users/az/anaconda3/envs/python38/lib/python3.8/site-packages/airflow/example_dags/example_params_trigger_ui.py
[2023-11-08T18:45:52.240-0500] {processor.py:839} INFO - DAG(s) dict_keys(['example_params_trigger_ui']) retrieved from /Users/az/anaconda3/envs/python38/lib/python3.8/site-packages/airflow/example_dags/example_params_trigger_ui.py
[2023-11-08T18:45:52.334-0500] {logging_mixin.py:154} INFO - [2023-11-08T18:45:52.334-0500] {dag.py:2941} INFO - Sync 1 DAGs
[2023-11-08T18:45:52.340-0500] {logging_mixin.py:154} INFO - [2023-11-08T18:45:52.340-0500] {dag.py:3722} INFO - Setting next_dagrun for example_params_trigger_ui to None, run_after=None
[2023-11-08T18:45:52.350-0500] {processor.py:179} INFO - Processing /Users/az/anaconda3/envs/python38/lib/python3.8/site-packages/airflow/example_dags/example_params_trigger_ui.py took 0.176 seconds
[2023-11-08T18:48:02.448-0500] {processor.py:157} INFO - Started process (PID=52595) to work on /Users/az/anaconda3/envs/python38/lib/python3.8/site-packages/airflow/example_dags/example_params_trigger_ui.py
[2023-11-08T18:48:02.453-0500] {processor.py:829} INFO - Processing file /Users/az/anaconda3/envs/python38/lib/python3.8/site-packages/airflow/example_dags/example_params_trigger_ui.py for tasks to queue
[2023-11-08T18:48:02.453-0500] {logging_mixin.py:154} INFO - [2023-11-08T18:48:02.453-0500] {dagbag.py:536} INFO - Filling up the DagBag from /Users/az/anaconda3/envs/python38/lib/python3.8/site-packages/airflow/example_dags/example_params_trigger_ui.py
[2023-11-08T18:48:02.514-0500] {processor.py:839} INFO - DAG(s) dict_keys(['example_params_trigger_ui']) retrieved from /Users/az/anaconda3/envs/python38/lib/python3.8/site-packages/airflow/example_dags/example_params_trigger_ui.py
[2023-11-08T18:48:02.608-0500] {logging_mixin.py:154} INFO - [2023-11-08T18:48:02.608-0500] {dag.py:2941} INFO - Sync 1 DAGs
[2023-11-08T18:48:02.614-0500] {logging_mixin.py:154} INFO - [2023-11-08T18:48:02.614-0500] {dag.py:3722} INFO - Setting next_dagrun for example_params_trigger_ui to None, run_after=None
[2023-11-08T18:48:02.624-0500] {processor.py:179} INFO - Processing /Users/az/anaconda3/envs/python38/lib/python3.8/site-packages/airflow/example_dags/example_params_trigger_ui.py took 0.176 seconds
[2023-11-08T18:49:58.825-0500] {processor.py:157} INFO - Started process (PID=52745) to work on /Users/az/anaconda3/envs/python38/lib/python3.8/site-packages/airflow/example_dags/example_params_trigger_ui.py
[2023-11-08T18:49:58.829-0500] {processor.py:829} INFO - Processing file /Users/az/anaconda3/envs/python38/lib/python3.8/site-packages/airflow/example_dags/example_params_trigger_ui.py for tasks to queue
[2023-11-08T18:49:58.829-0500] {logging_mixin.py:154} INFO - [2023-11-08T18:49:58.829-0500] {dagbag.py:536} INFO - Filling up the DagBag from /Users/az/anaconda3/envs/python38/lib/python3.8/site-packages/airflow/example_dags/example_params_trigger_ui.py
[2023-11-08T18:49:58.890-0500] {processor.py:839} INFO - DAG(s) dict_keys(['example_params_trigger_ui']) retrieved from /Users/az/anaconda3/envs/python38/lib/python3.8/site-packages/airflow/example_dags/example_params_trigger_ui.py
[2023-11-08T18:49:58.983-0500] {logging_mixin.py:154} INFO - [2023-11-08T18:49:58.983-0500] {dag.py:2941} INFO - Sync 1 DAGs
[2023-11-08T18:49:58.989-0500] {logging_mixin.py:154} INFO - [2023-11-08T18:49:58.988-0500] {dag.py:3722} INFO - Setting next_dagrun for example_params_trigger_ui to None, run_after=None
[2023-11-08T18:49:58.999-0500] {processor.py:179} INFO - Processing /Users/az/anaconda3/envs/python38/lib/python3.8/site-packages/airflow/example_dags/example_params_trigger_ui.py took 0.174 seconds
[2023-11-08T18:51:59.722-0500] {processor.py:157} INFO - Started process (PID=52902) to work on /Users/az/anaconda3/envs/python38/lib/python3.8/site-packages/airflow/example_dags/example_params_trigger_ui.py
[2023-11-08T18:51:59.727-0500] {processor.py:829} INFO - Processing file /Users/az/anaconda3/envs/python38/lib/python3.8/site-packages/airflow/example_dags/example_params_trigger_ui.py for tasks to queue
[2023-11-08T18:51:59.727-0500] {logging_mixin.py:154} INFO - [2023-11-08T18:51:59.727-0500] {dagbag.py:536} INFO - Filling up the DagBag from /Users/az/anaconda3/envs/python38/lib/python3.8/site-packages/airflow/example_dags/example_params_trigger_ui.py
[2023-11-08T18:51:59.787-0500] {processor.py:839} INFO - DAG(s) dict_keys(['example_params_trigger_ui']) retrieved from /Users/az/anaconda3/envs/python38/lib/python3.8/site-packages/airflow/example_dags/example_params_trigger_ui.py
[2023-11-08T18:51:59.881-0500] {logging_mixin.py:154} INFO - [2023-11-08T18:51:59.881-0500] {dag.py:2941} INFO - Sync 1 DAGs
[2023-11-08T18:51:59.887-0500] {logging_mixin.py:154} INFO - [2023-11-08T18:51:59.887-0500] {dag.py:3722} INFO - Setting next_dagrun for example_params_trigger_ui to None, run_after=None
[2023-11-08T18:51:59.897-0500] {processor.py:179} INFO - Processing /Users/az/anaconda3/envs/python38/lib/python3.8/site-packages/airflow/example_dags/example_params_trigger_ui.py took 0.176 seconds
[2023-11-08T18:54:03.352-0500] {processor.py:157} INFO - Started process (PID=53066) to work on /Users/az/anaconda3/envs/python38/lib/python3.8/site-packages/airflow/example_dags/example_params_trigger_ui.py
[2023-11-08T18:54:03.357-0500] {processor.py:829} INFO - Processing file /Users/az/anaconda3/envs/python38/lib/python3.8/site-packages/airflow/example_dags/example_params_trigger_ui.py for tasks to queue
[2023-11-08T18:54:03.357-0500] {logging_mixin.py:154} INFO - [2023-11-08T18:54:03.357-0500] {dagbag.py:536} INFO - Filling up the DagBag from /Users/az/anaconda3/envs/python38/lib/python3.8/site-packages/airflow/example_dags/example_params_trigger_ui.py
[2023-11-08T18:54:03.419-0500] {processor.py:839} INFO - DAG(s) dict_keys(['example_params_trigger_ui']) retrieved from /Users/az/anaconda3/envs/python38/lib/python3.8/site-packages/airflow/example_dags/example_params_trigger_ui.py
[2023-11-08T18:54:03.513-0500] {logging_mixin.py:154} INFO - [2023-11-08T18:54:03.513-0500] {dag.py:2941} INFO - Sync 1 DAGs
[2023-11-08T18:54:03.519-0500] {logging_mixin.py:154} INFO - [2023-11-08T18:54:03.519-0500] {dag.py:3722} INFO - Setting next_dagrun for example_params_trigger_ui to None, run_after=None
[2023-11-08T18:54:03.529-0500] {processor.py:179} INFO - Processing /Users/az/anaconda3/envs/python38/lib/python3.8/site-packages/airflow/example_dags/example_params_trigger_ui.py took 0.177 seconds
[2023-11-08T18:56:12.757-0500] {processor.py:157} INFO - Started process (PID=53228) to work on /Users/az/anaconda3/envs/python38/lib/python3.8/site-packages/airflow/example_dags/example_params_trigger_ui.py
[2023-11-08T18:56:12.762-0500] {processor.py:829} INFO - Processing file /Users/az/anaconda3/envs/python38/lib/python3.8/site-packages/airflow/example_dags/example_params_trigger_ui.py for tasks to queue
[2023-11-08T18:56:12.762-0500] {logging_mixin.py:154} INFO - [2023-11-08T18:56:12.762-0500] {dagbag.py:536} INFO - Filling up the DagBag from /Users/az/anaconda3/envs/python38/lib/python3.8/site-packages/airflow/example_dags/example_params_trigger_ui.py
[2023-11-08T18:56:12.823-0500] {processor.py:839} INFO - DAG(s) dict_keys(['example_params_trigger_ui']) retrieved from /Users/az/anaconda3/envs/python38/lib/python3.8/site-packages/airflow/example_dags/example_params_trigger_ui.py
[2023-11-08T18:56:12.916-0500] {logging_mixin.py:154} INFO - [2023-11-08T18:56:12.916-0500] {dag.py:2941} INFO - Sync 1 DAGs
[2023-11-08T18:56:12.922-0500] {logging_mixin.py:154} INFO - [2023-11-08T18:56:12.922-0500] {dag.py:3722} INFO - Setting next_dagrun for example_params_trigger_ui to None, run_after=None
[2023-11-08T18:56:12.932-0500] {processor.py:179} INFO - Processing /Users/az/anaconda3/envs/python38/lib/python3.8/site-packages/airflow/example_dags/example_params_trigger_ui.py took 0.175 seconds
[2023-11-08T18:58:15.687-0500] {processor.py:157} INFO - Started process (PID=53387) to work on /Users/az/anaconda3/envs/python38/lib/python3.8/site-packages/airflow/example_dags/example_params_trigger_ui.py
[2023-11-08T18:58:15.691-0500] {processor.py:829} INFO - Processing file /Users/az/anaconda3/envs/python38/lib/python3.8/site-packages/airflow/example_dags/example_params_trigger_ui.py for tasks to queue
[2023-11-08T18:58:15.692-0500] {logging_mixin.py:154} INFO - [2023-11-08T18:58:15.692-0500] {dagbag.py:536} INFO - Filling up the DagBag from /Users/az/anaconda3/envs/python38/lib/python3.8/site-packages/airflow/example_dags/example_params_trigger_ui.py
[2023-11-08T18:58:15.752-0500] {processor.py:839} INFO - DAG(s) dict_keys(['example_params_trigger_ui']) retrieved from /Users/az/anaconda3/envs/python38/lib/python3.8/site-packages/airflow/example_dags/example_params_trigger_ui.py
[2023-11-08T18:58:15.856-0500] {logging_mixin.py:154} INFO - [2023-11-08T18:58:15.856-0500] {dag.py:2941} INFO - Sync 1 DAGs
[2023-11-08T18:58:15.862-0500] {logging_mixin.py:154} INFO - [2023-11-08T18:58:15.862-0500] {dag.py:3722} INFO - Setting next_dagrun for example_params_trigger_ui to None, run_after=None
[2023-11-08T18:58:15.872-0500] {processor.py:179} INFO - Processing /Users/az/anaconda3/envs/python38/lib/python3.8/site-packages/airflow/example_dags/example_params_trigger_ui.py took 0.185 seconds
