[2023-11-08T17:47:58.975-0500] {processor.py:157} INFO - Started process (PID=48948) to work on /Users/az/anaconda3/envs/python38/lib/python3.8/site-packages/airflow/example_dags/example_latest_only_with_trigger.py
[2023-11-08T17:47:58.979-0500] {processor.py:829} INFO - Processing file /Users/az/anaconda3/envs/python38/lib/python3.8/site-packages/airflow/example_dags/example_latest_only_with_trigger.py for tasks to queue
[2023-11-08T17:47:58.979-0500] {logging_mixin.py:154} INFO - [2023-11-08T17:47:58.979-0500] {dagbag.py:536} INFO - Filling up the DagBag from /Users/az/anaconda3/envs/python38/lib/python3.8/site-packages/airflow/example_dags/example_latest_only_with_trigger.py
[2023-11-08T17:47:58.994-0500] {processor.py:839} INFO - DAG(s) dict_keys(['latest_only_with_trigger']) retrieved from /Users/az/anaconda3/envs/python38/lib/python3.8/site-packages/airflow/example_dags/example_latest_only_with_trigger.py
[2023-11-08T17:47:59.388-0500] {logging_mixin.py:154} INFO - [2023-11-08T17:47:59.388-0500] {manager.py:499} INFO - Created Permission View: %s
[2023-11-08T17:47:59.394-0500] {logging_mixin.py:154} INFO - [2023-11-08T17:47:59.394-0500] {manager.py:499} INFO - Created Permission View: %s
[2023-11-08T17:47:59.398-0500] {logging_mixin.py:154} INFO - [2023-11-08T17:47:59.397-0500] {manager.py:499} INFO - Created Permission View: %s
[2023-11-08T17:47:59.398-0500] {logging_mixin.py:154} INFO - [2023-11-08T17:47:59.398-0500] {dag.py:2941} INFO - Sync 1 DAGs
[2023-11-08T17:47:59.404-0500] {logging_mixin.py:154} INFO - [2023-11-08T17:47:59.404-0500] {dag.py:2963} INFO - Creating ORM DAG for latest_only_with_trigger
[2023-11-08T17:47:59.409-0500] {logging_mixin.py:154} INFO - [2023-11-08T17:47:59.409-0500] {dag.py:3722} INFO - Setting next_dagrun for latest_only_with_trigger to 2023-11-08T18:47:59.409079+00:00, run_after=2023-11-08T22:47:59.409079+00:00
[2023-11-08T17:47:59.419-0500] {processor.py:179} INFO - Processing /Users/az/anaconda3/envs/python38/lib/python3.8/site-packages/airflow/example_dags/example_latest_only_with_trigger.py took 0.445 seconds
[2023-11-08T17:49:33.243-0500] {processor.py:157} INFO - Started process (PID=49082) to work on /Users/az/anaconda3/envs/python38/lib/python3.8/site-packages/airflow/example_dags/example_latest_only_with_trigger.py
[2023-11-08T17:49:33.247-0500] {processor.py:829} INFO - Processing file /Users/az/anaconda3/envs/python38/lib/python3.8/site-packages/airflow/example_dags/example_latest_only_with_trigger.py for tasks to queue
[2023-11-08T17:49:33.247-0500] {logging_mixin.py:154} INFO - [2023-11-08T17:49:33.247-0500] {dagbag.py:536} INFO - Filling up the DagBag from /Users/az/anaconda3/envs/python38/lib/python3.8/site-packages/airflow/example_dags/example_latest_only_with_trigger.py
[2023-11-08T17:49:33.263-0500] {processor.py:839} INFO - DAG(s) dict_keys(['latest_only_with_trigger']) retrieved from /Users/az/anaconda3/envs/python38/lib/python3.8/site-packages/airflow/example_dags/example_latest_only_with_trigger.py
[2023-11-08T17:49:33.373-0500] {logging_mixin.py:154} INFO - [2023-11-08T17:49:33.372-0500] {dag.py:2941} INFO - Sync 1 DAGs
[2023-11-08T17:49:33.382-0500] {logging_mixin.py:154} INFO - [2023-11-08T17:49:33.381-0500] {dag.py:3722} INFO - Setting next_dagrun for latest_only_with_trigger to 2023-11-08T18:49:33.381901+00:00, run_after=2023-11-08T22:49:33.381901+00:00
[2023-11-08T17:49:33.392-0500] {processor.py:179} INFO - Processing /Users/az/anaconda3/envs/python38/lib/python3.8/site-packages/airflow/example_dags/example_latest_only_with_trigger.py took 0.150 seconds
[2023-11-08T17:51:33.484-0500] {processor.py:157} INFO - Started process (PID=49284) to work on /Users/az/anaconda3/envs/python38/lib/python3.8/site-packages/airflow/example_dags/example_latest_only_with_trigger.py
[2023-11-08T17:51:33.489-0500] {processor.py:829} INFO - Processing file /Users/az/anaconda3/envs/python38/lib/python3.8/site-packages/airflow/example_dags/example_latest_only_with_trigger.py for tasks to queue
[2023-11-08T17:51:33.489-0500] {logging_mixin.py:154} INFO - [2023-11-08T17:51:33.489-0500] {dagbag.py:536} INFO - Filling up the DagBag from /Users/az/anaconda3/envs/python38/lib/python3.8/site-packages/airflow/example_dags/example_latest_only_with_trigger.py
[2023-11-08T17:51:33.504-0500] {processor.py:839} INFO - DAG(s) dict_keys(['latest_only_with_trigger']) retrieved from /Users/az/anaconda3/envs/python38/lib/python3.8/site-packages/airflow/example_dags/example_latest_only_with_trigger.py
[2023-11-08T17:51:33.613-0500] {logging_mixin.py:154} INFO - [2023-11-08T17:51:33.613-0500] {dag.py:2941} INFO - Sync 1 DAGs
[2023-11-08T17:51:33.622-0500] {logging_mixin.py:154} INFO - [2023-11-08T17:51:33.622-0500] {dag.py:3722} INFO - Setting next_dagrun for latest_only_with_trigger to 2023-11-08T18:51:33.622485+00:00, run_after=2023-11-08T22:51:33.622485+00:00
[2023-11-08T17:51:33.632-0500] {processor.py:179} INFO - Processing /Users/az/anaconda3/envs/python38/lib/python3.8/site-packages/airflow/example_dags/example_latest_only_with_trigger.py took 0.149 seconds
[2023-11-08T17:53:26.214-0500] {processor.py:157} INFO - Started process (PID=49429) to work on /Users/az/anaconda3/envs/python38/lib/python3.8/site-packages/airflow/example_dags/example_latest_only_with_trigger.py
[2023-11-08T17:53:26.219-0500] {processor.py:829} INFO - Processing file /Users/az/anaconda3/envs/python38/lib/python3.8/site-packages/airflow/example_dags/example_latest_only_with_trigger.py for tasks to queue
[2023-11-08T17:53:26.219-0500] {logging_mixin.py:154} INFO - [2023-11-08T17:53:26.219-0500] {dagbag.py:536} INFO - Filling up the DagBag from /Users/az/anaconda3/envs/python38/lib/python3.8/site-packages/airflow/example_dags/example_latest_only_with_trigger.py
[2023-11-08T17:53:26.234-0500] {processor.py:839} INFO - DAG(s) dict_keys(['latest_only_with_trigger']) retrieved from /Users/az/anaconda3/envs/python38/lib/python3.8/site-packages/airflow/example_dags/example_latest_only_with_trigger.py
[2023-11-08T17:53:26.342-0500] {logging_mixin.py:154} INFO - [2023-11-08T17:53:26.341-0500] {dag.py:2941} INFO - Sync 1 DAGs
[2023-11-08T17:53:26.351-0500] {logging_mixin.py:154} INFO - [2023-11-08T17:53:26.351-0500] {dag.py:3722} INFO - Setting next_dagrun for latest_only_with_trigger to 2023-11-08T18:53:26.351115+00:00, run_after=2023-11-08T22:53:26.351115+00:00
[2023-11-08T17:53:26.361-0500] {processor.py:179} INFO - Processing /Users/az/anaconda3/envs/python38/lib/python3.8/site-packages/airflow/example_dags/example_latest_only_with_trigger.py took 0.147 seconds
[2023-11-08T17:55:23.997-0500] {processor.py:157} INFO - Started process (PID=49574) to work on /Users/az/anaconda3/envs/python38/lib/python3.8/site-packages/airflow/example_dags/example_latest_only_with_trigger.py
[2023-11-08T17:55:24.002-0500] {processor.py:829} INFO - Processing file /Users/az/anaconda3/envs/python38/lib/python3.8/site-packages/airflow/example_dags/example_latest_only_with_trigger.py for tasks to queue
[2023-11-08T17:55:24.002-0500] {logging_mixin.py:154} INFO - [2023-11-08T17:55:24.002-0500] {dagbag.py:536} INFO - Filling up the DagBag from /Users/az/anaconda3/envs/python38/lib/python3.8/site-packages/airflow/example_dags/example_latest_only_with_trigger.py
[2023-11-08T17:55:24.017-0500] {processor.py:839} INFO - DAG(s) dict_keys(['latest_only_with_trigger']) retrieved from /Users/az/anaconda3/envs/python38/lib/python3.8/site-packages/airflow/example_dags/example_latest_only_with_trigger.py
[2023-11-08T17:55:24.125-0500] {logging_mixin.py:154} INFO - [2023-11-08T17:55:24.125-0500] {dag.py:2941} INFO - Sync 1 DAGs
[2023-11-08T17:55:24.134-0500] {logging_mixin.py:154} INFO - [2023-11-08T17:55:24.134-0500] {dag.py:3722} INFO - Setting next_dagrun for latest_only_with_trigger to 2023-11-08T18:55:24.134353+00:00, run_after=2023-11-08T22:55:24.134353+00:00
[2023-11-08T17:55:24.144-0500] {processor.py:179} INFO - Processing /Users/az/anaconda3/envs/python38/lib/python3.8/site-packages/airflow/example_dags/example_latest_only_with_trigger.py took 0.148 seconds
[2023-11-08T17:57:24.272-0500] {processor.py:157} INFO - Started process (PID=49725) to work on /Users/az/anaconda3/envs/python38/lib/python3.8/site-packages/airflow/example_dags/example_latest_only_with_trigger.py
[2023-11-08T17:57:24.277-0500] {processor.py:829} INFO - Processing file /Users/az/anaconda3/envs/python38/lib/python3.8/site-packages/airflow/example_dags/example_latest_only_with_trigger.py for tasks to queue
[2023-11-08T17:57:24.277-0500] {logging_mixin.py:154} INFO - [2023-11-08T17:57:24.277-0500] {dagbag.py:536} INFO - Filling up the DagBag from /Users/az/anaconda3/envs/python38/lib/python3.8/site-packages/airflow/example_dags/example_latest_only_with_trigger.py
[2023-11-08T17:57:24.293-0500] {processor.py:839} INFO - DAG(s) dict_keys(['latest_only_with_trigger']) retrieved from /Users/az/anaconda3/envs/python38/lib/python3.8/site-packages/airflow/example_dags/example_latest_only_with_trigger.py
[2023-11-08T17:57:24.408-0500] {logging_mixin.py:154} INFO - [2023-11-08T17:57:24.408-0500] {dag.py:2941} INFO - Sync 1 DAGs
[2023-11-08T17:57:24.419-0500] {logging_mixin.py:154} INFO - [2023-11-08T17:57:24.418-0500] {dag.py:3722} INFO - Setting next_dagrun for latest_only_with_trigger to 2023-11-08T18:57:24.418884+00:00, run_after=2023-11-08T22:57:24.418884+00:00
[2023-11-08T17:57:24.429-0500] {processor.py:179} INFO - Processing /Users/az/anaconda3/envs/python38/lib/python3.8/site-packages/airflow/example_dags/example_latest_only_with_trigger.py took 0.157 seconds
[2023-11-08T17:59:25.526-0500] {processor.py:157} INFO - Started process (PID=49893) to work on /Users/az/anaconda3/envs/python38/lib/python3.8/site-packages/airflow/example_dags/example_latest_only_with_trigger.py
[2023-11-08T17:59:25.531-0500] {processor.py:829} INFO - Processing file /Users/az/anaconda3/envs/python38/lib/python3.8/site-packages/airflow/example_dags/example_latest_only_with_trigger.py for tasks to queue
[2023-11-08T17:59:25.531-0500] {logging_mixin.py:154} INFO - [2023-11-08T17:59:25.531-0500] {dagbag.py:536} INFO - Filling up the DagBag from /Users/az/anaconda3/envs/python38/lib/python3.8/site-packages/airflow/example_dags/example_latest_only_with_trigger.py
[2023-11-08T17:59:25.546-0500] {processor.py:839} INFO - DAG(s) dict_keys(['latest_only_with_trigger']) retrieved from /Users/az/anaconda3/envs/python38/lib/python3.8/site-packages/airflow/example_dags/example_latest_only_with_trigger.py
[2023-11-08T17:59:25.654-0500] {logging_mixin.py:154} INFO - [2023-11-08T17:59:25.653-0500] {dag.py:2941} INFO - Sync 1 DAGs
[2023-11-08T17:59:25.663-0500] {logging_mixin.py:154} INFO - [2023-11-08T17:59:25.663-0500] {dag.py:3722} INFO - Setting next_dagrun for latest_only_with_trigger to 2023-11-08T18:59:25.662931+00:00, run_after=2023-11-08T22:59:25.662931+00:00
[2023-11-08T17:59:25.673-0500] {processor.py:179} INFO - Processing /Users/az/anaconda3/envs/python38/lib/python3.8/site-packages/airflow/example_dags/example_latest_only_with_trigger.py took 0.147 seconds
[2023-11-08T18:01:25.599-0500] {processor.py:157} INFO - Started process (PID=50059) to work on /Users/az/anaconda3/envs/python38/lib/python3.8/site-packages/airflow/example_dags/example_latest_only_with_trigger.py
[2023-11-08T18:01:25.603-0500] {processor.py:829} INFO - Processing file /Users/az/anaconda3/envs/python38/lib/python3.8/site-packages/airflow/example_dags/example_latest_only_with_trigger.py for tasks to queue
[2023-11-08T18:01:25.604-0500] {logging_mixin.py:154} INFO - [2023-11-08T18:01:25.604-0500] {dagbag.py:536} INFO - Filling up the DagBag from /Users/az/anaconda3/envs/python38/lib/python3.8/site-packages/airflow/example_dags/example_latest_only_with_trigger.py
[2023-11-08T18:01:25.620-0500] {processor.py:839} INFO - DAG(s) dict_keys(['latest_only_with_trigger']) retrieved from /Users/az/anaconda3/envs/python38/lib/python3.8/site-packages/airflow/example_dags/example_latest_only_with_trigger.py
[2023-11-08T18:01:25.741-0500] {logging_mixin.py:154} INFO - [2023-11-08T18:01:25.741-0500] {dag.py:2941} INFO - Sync 1 DAGs
[2023-11-08T18:01:25.751-0500] {logging_mixin.py:154} INFO - [2023-11-08T18:01:25.751-0500] {dag.py:3722} INFO - Setting next_dagrun for latest_only_with_trigger to 2023-11-08T19:01:25.751518+00:00, run_after=2023-11-08T23:01:25.751518+00:00
[2023-11-08T18:01:25.764-0500] {processor.py:179} INFO - Processing /Users/az/anaconda3/envs/python38/lib/python3.8/site-packages/airflow/example_dags/example_latest_only_with_trigger.py took 0.166 seconds
[2023-11-08T18:03:23.609-0500] {processor.py:157} INFO - Started process (PID=50277) to work on /Users/az/anaconda3/envs/python38/lib/python3.8/site-packages/airflow/example_dags/example_latest_only_with_trigger.py
[2023-11-08T18:03:23.613-0500] {processor.py:829} INFO - Processing file /Users/az/anaconda3/envs/python38/lib/python3.8/site-packages/airflow/example_dags/example_latest_only_with_trigger.py for tasks to queue
[2023-11-08T18:03:23.613-0500] {logging_mixin.py:154} INFO - [2023-11-08T18:03:23.613-0500] {dagbag.py:536} INFO - Filling up the DagBag from /Users/az/anaconda3/envs/python38/lib/python3.8/site-packages/airflow/example_dags/example_latest_only_with_trigger.py
[2023-11-08T18:03:23.628-0500] {processor.py:839} INFO - DAG(s) dict_keys(['latest_only_with_trigger']) retrieved from /Users/az/anaconda3/envs/python38/lib/python3.8/site-packages/airflow/example_dags/example_latest_only_with_trigger.py
[2023-11-08T18:03:23.739-0500] {logging_mixin.py:154} INFO - [2023-11-08T18:03:23.739-0500] {dag.py:2941} INFO - Sync 1 DAGs
[2023-11-08T18:03:23.748-0500] {logging_mixin.py:154} INFO - [2023-11-08T18:03:23.748-0500] {dag.py:3722} INFO - Setting next_dagrun for latest_only_with_trigger to 2023-11-08T19:03:23.748665+00:00, run_after=2023-11-08T23:03:23.748665+00:00
[2023-11-08T18:03:23.760-0500] {processor.py:179} INFO - Processing /Users/az/anaconda3/envs/python38/lib/python3.8/site-packages/airflow/example_dags/example_latest_only_with_trigger.py took 0.152 seconds
[2023-11-08T18:05:19.980-0500] {processor.py:157} INFO - Started process (PID=50536) to work on /Users/az/anaconda3/envs/python38/lib/python3.8/site-packages/airflow/example_dags/example_latest_only_with_trigger.py
[2023-11-08T18:05:19.984-0500] {processor.py:829} INFO - Processing file /Users/az/anaconda3/envs/python38/lib/python3.8/site-packages/airflow/example_dags/example_latest_only_with_trigger.py for tasks to queue
[2023-11-08T18:05:19.985-0500] {logging_mixin.py:154} INFO - [2023-11-08T18:05:19.985-0500] {dagbag.py:536} INFO - Filling up the DagBag from /Users/az/anaconda3/envs/python38/lib/python3.8/site-packages/airflow/example_dags/example_latest_only_with_trigger.py
[2023-11-08T18:05:20.000-0500] {processor.py:839} INFO - DAG(s) dict_keys(['latest_only_with_trigger']) retrieved from /Users/az/anaconda3/envs/python38/lib/python3.8/site-packages/airflow/example_dags/example_latest_only_with_trigger.py
[2023-11-08T18:05:20.108-0500] {logging_mixin.py:154} INFO - [2023-11-08T18:05:20.107-0500] {dag.py:2941} INFO - Sync 1 DAGs
[2023-11-08T18:05:20.117-0500] {logging_mixin.py:154} INFO - [2023-11-08T18:05:20.117-0500] {dag.py:3722} INFO - Setting next_dagrun for latest_only_with_trigger to 2023-11-08T19:05:20.117155+00:00, run_after=2023-11-08T23:05:20.117155+00:00
[2023-11-08T18:05:20.127-0500] {processor.py:179} INFO - Processing /Users/az/anaconda3/envs/python38/lib/python3.8/site-packages/airflow/example_dags/example_latest_only_with_trigger.py took 0.148 seconds
[2023-11-08T18:07:14.573-0500] {processor.py:157} INFO - Started process (PID=50696) to work on /Users/az/anaconda3/envs/python38/lib/python3.8/site-packages/airflow/example_dags/example_latest_only_with_trigger.py
[2023-11-08T18:07:14.577-0500] {processor.py:829} INFO - Processing file /Users/az/anaconda3/envs/python38/lib/python3.8/site-packages/airflow/example_dags/example_latest_only_with_trigger.py for tasks to queue
[2023-11-08T18:07:14.577-0500] {logging_mixin.py:154} INFO - [2023-11-08T18:07:14.577-0500] {dagbag.py:536} INFO - Filling up the DagBag from /Users/az/anaconda3/envs/python38/lib/python3.8/site-packages/airflow/example_dags/example_latest_only_with_trigger.py
[2023-11-08T18:07:14.592-0500] {processor.py:839} INFO - DAG(s) dict_keys(['latest_only_with_trigger']) retrieved from /Users/az/anaconda3/envs/python38/lib/python3.8/site-packages/airflow/example_dags/example_latest_only_with_trigger.py
[2023-11-08T18:07:14.701-0500] {logging_mixin.py:154} INFO - [2023-11-08T18:07:14.701-0500] {dag.py:2941} INFO - Sync 1 DAGs
[2023-11-08T18:07:14.710-0500] {logging_mixin.py:154} INFO - [2023-11-08T18:07:14.710-0500] {dag.py:3722} INFO - Setting next_dagrun for latest_only_with_trigger to 2023-11-08T19:07:14.710077+00:00, run_after=2023-11-08T23:07:14.710077+00:00
[2023-11-08T18:07:14.720-0500] {processor.py:179} INFO - Processing /Users/az/anaconda3/envs/python38/lib/python3.8/site-packages/airflow/example_dags/example_latest_only_with_trigger.py took 0.147 seconds
[2023-11-08T18:09:11.006-0500] {processor.py:157} INFO - Started process (PID=50857) to work on /Users/az/anaconda3/envs/python38/lib/python3.8/site-packages/airflow/example_dags/example_latest_only_with_trigger.py
[2023-11-08T18:09:11.010-0500] {processor.py:829} INFO - Processing file /Users/az/anaconda3/envs/python38/lib/python3.8/site-packages/airflow/example_dags/example_latest_only_with_trigger.py for tasks to queue
[2023-11-08T18:09:11.011-0500] {logging_mixin.py:154} INFO - [2023-11-08T18:09:11.011-0500] {dagbag.py:536} INFO - Filling up the DagBag from /Users/az/anaconda3/envs/python38/lib/python3.8/site-packages/airflow/example_dags/example_latest_only_with_trigger.py
[2023-11-08T18:09:11.026-0500] {processor.py:839} INFO - DAG(s) dict_keys(['latest_only_with_trigger']) retrieved from /Users/az/anaconda3/envs/python38/lib/python3.8/site-packages/airflow/example_dags/example_latest_only_with_trigger.py
[2023-11-08T18:09:11.133-0500] {logging_mixin.py:154} INFO - [2023-11-08T18:09:11.133-0500] {dag.py:2941} INFO - Sync 1 DAGs
[2023-11-08T18:09:11.142-0500] {logging_mixin.py:154} INFO - [2023-11-08T18:09:11.142-0500] {dag.py:3722} INFO - Setting next_dagrun for latest_only_with_trigger to 2023-11-08T19:09:11.142727+00:00, run_after=2023-11-08T23:09:11.142727+00:00
[2023-11-08T18:09:11.153-0500] {processor.py:179} INFO - Processing /Users/az/anaconda3/envs/python38/lib/python3.8/site-packages/airflow/example_dags/example_latest_only_with_trigger.py took 0.147 seconds
[2023-11-08T18:11:11.003-0500] {processor.py:157} INFO - Started process (PID=51012) to work on /Users/az/anaconda3/envs/python38/lib/python3.8/site-packages/airflow/example_dags/example_latest_only_with_trigger.py
[2023-11-08T18:11:11.010-0500] {processor.py:829} INFO - Processing file /Users/az/anaconda3/envs/python38/lib/python3.8/site-packages/airflow/example_dags/example_latest_only_with_trigger.py for tasks to queue
[2023-11-08T18:11:11.011-0500] {logging_mixin.py:154} INFO - [2023-11-08T18:11:11.011-0500] {dagbag.py:536} INFO - Filling up the DagBag from /Users/az/anaconda3/envs/python38/lib/python3.8/site-packages/airflow/example_dags/example_latest_only_with_trigger.py
[2023-11-08T18:11:11.026-0500] {processor.py:839} INFO - DAG(s) dict_keys(['latest_only_with_trigger']) retrieved from /Users/az/anaconda3/envs/python38/lib/python3.8/site-packages/airflow/example_dags/example_latest_only_with_trigger.py
[2023-11-08T18:11:11.133-0500] {logging_mixin.py:154} INFO - [2023-11-08T18:11:11.133-0500] {dag.py:2941} INFO - Sync 1 DAGs
[2023-11-08T18:11:11.142-0500] {logging_mixin.py:154} INFO - [2023-11-08T18:11:11.142-0500] {dag.py:3722} INFO - Setting next_dagrun for latest_only_with_trigger to 2023-11-08T19:11:11.142545+00:00, run_after=2023-11-08T23:11:11.142545+00:00
[2023-11-08T18:11:11.152-0500] {processor.py:179} INFO - Processing /Users/az/anaconda3/envs/python38/lib/python3.8/site-packages/airflow/example_dags/example_latest_only_with_trigger.py took 0.150 seconds
[2023-11-08T18:23:08.988-0500] {processor.py:157} INFO - Started process (PID=51202) to work on /Users/az/anaconda3/envs/python38/lib/python3.8/site-packages/airflow/example_dags/example_latest_only_with_trigger.py
[2023-11-08T18:23:08.993-0500] {processor.py:829} INFO - Processing file /Users/az/anaconda3/envs/python38/lib/python3.8/site-packages/airflow/example_dags/example_latest_only_with_trigger.py for tasks to queue
[2023-11-08T18:23:08.993-0500] {logging_mixin.py:154} INFO - [2023-11-08T18:23:08.993-0500] {dagbag.py:536} INFO - Filling up the DagBag from /Users/az/anaconda3/envs/python38/lib/python3.8/site-packages/airflow/example_dags/example_latest_only_with_trigger.py
[2023-11-08T18:23:09.010-0500] {processor.py:839} INFO - DAG(s) dict_keys(['latest_only_with_trigger']) retrieved from /Users/az/anaconda3/envs/python38/lib/python3.8/site-packages/airflow/example_dags/example_latest_only_with_trigger.py
[2023-11-08T18:23:09.134-0500] {logging_mixin.py:154} INFO - [2023-11-08T18:23:09.134-0500] {dag.py:2941} INFO - Sync 1 DAGs
[2023-11-08T18:23:09.144-0500] {logging_mixin.py:154} INFO - [2023-11-08T18:23:09.144-0500] {dag.py:3722} INFO - Setting next_dagrun for latest_only_with_trigger to 2023-11-08T19:23:09.144607+00:00, run_after=2023-11-08T23:23:09.144607+00:00
[2023-11-08T18:23:09.156-0500] {processor.py:179} INFO - Processing /Users/az/anaconda3/envs/python38/lib/python3.8/site-packages/airflow/example_dags/example_latest_only_with_trigger.py took 0.169 seconds
[2023-11-08T18:31:52.188-0500] {processor.py:157} INFO - Started process (PID=51345) to work on /Users/az/anaconda3/envs/python38/lib/python3.8/site-packages/airflow/example_dags/example_latest_only_with_trigger.py
[2023-11-08T18:31:52.193-0500] {processor.py:829} INFO - Processing file /Users/az/anaconda3/envs/python38/lib/python3.8/site-packages/airflow/example_dags/example_latest_only_with_trigger.py for tasks to queue
[2023-11-08T18:31:52.193-0500] {logging_mixin.py:154} INFO - [2023-11-08T18:31:52.193-0500] {dagbag.py:536} INFO - Filling up the DagBag from /Users/az/anaconda3/envs/python38/lib/python3.8/site-packages/airflow/example_dags/example_latest_only_with_trigger.py
[2023-11-08T18:31:52.208-0500] {processor.py:839} INFO - DAG(s) dict_keys(['latest_only_with_trigger']) retrieved from /Users/az/anaconda3/envs/python38/lib/python3.8/site-packages/airflow/example_dags/example_latest_only_with_trigger.py
[2023-11-08T18:31:52.315-0500] {logging_mixin.py:154} INFO - [2023-11-08T18:31:52.315-0500] {dag.py:2941} INFO - Sync 1 DAGs
[2023-11-08T18:31:52.324-0500] {logging_mixin.py:154} INFO - [2023-11-08T18:31:52.324-0500] {dag.py:3722} INFO - Setting next_dagrun for latest_only_with_trigger to 2023-11-08T19:31:52.324779+00:00, run_after=2023-11-08T23:31:52.324779+00:00
[2023-11-08T18:31:52.335-0500] {processor.py:179} INFO - Processing /Users/az/anaconda3/envs/python38/lib/python3.8/site-packages/airflow/example_dags/example_latest_only_with_trigger.py took 0.147 seconds
[2023-11-08T18:33:57.657-0500] {processor.py:157} INFO - Started process (PID=51513) to work on /Users/az/anaconda3/envs/python38/lib/python3.8/site-packages/airflow/example_dags/example_latest_only_with_trigger.py
[2023-11-08T18:33:57.662-0500] {processor.py:829} INFO - Processing file /Users/az/anaconda3/envs/python38/lib/python3.8/site-packages/airflow/example_dags/example_latest_only_with_trigger.py for tasks to queue
[2023-11-08T18:33:57.662-0500] {logging_mixin.py:154} INFO - [2023-11-08T18:33:57.662-0500] {dagbag.py:536} INFO - Filling up the DagBag from /Users/az/anaconda3/envs/python38/lib/python3.8/site-packages/airflow/example_dags/example_latest_only_with_trigger.py
[2023-11-08T18:33:57.677-0500] {processor.py:839} INFO - DAG(s) dict_keys(['latest_only_with_trigger']) retrieved from /Users/az/anaconda3/envs/python38/lib/python3.8/site-packages/airflow/example_dags/example_latest_only_with_trigger.py
[2023-11-08T18:33:57.785-0500] {logging_mixin.py:154} INFO - [2023-11-08T18:33:57.785-0500] {dag.py:2941} INFO - Sync 1 DAGs
[2023-11-08T18:33:57.794-0500] {logging_mixin.py:154} INFO - [2023-11-08T18:33:57.794-0500] {dag.py:3722} INFO - Setting next_dagrun for latest_only_with_trigger to 2023-11-08T19:33:57.794266+00:00, run_after=2023-11-08T23:33:57.794266+00:00
[2023-11-08T18:33:57.805-0500] {processor.py:179} INFO - Processing /Users/az/anaconda3/envs/python38/lib/python3.8/site-packages/airflow/example_dags/example_latest_only_with_trigger.py took 0.148 seconds
[2023-11-08T18:35:57.700-0500] {processor.py:157} INFO - Started process (PID=51660) to work on /Users/az/anaconda3/envs/python38/lib/python3.8/site-packages/airflow/example_dags/example_latest_only_with_trigger.py
[2023-11-08T18:35:57.704-0500] {processor.py:829} INFO - Processing file /Users/az/anaconda3/envs/python38/lib/python3.8/site-packages/airflow/example_dags/example_latest_only_with_trigger.py for tasks to queue
[2023-11-08T18:35:57.705-0500] {logging_mixin.py:154} INFO - [2023-11-08T18:35:57.705-0500] {dagbag.py:536} INFO - Filling up the DagBag from /Users/az/anaconda3/envs/python38/lib/python3.8/site-packages/airflow/example_dags/example_latest_only_with_trigger.py
[2023-11-08T18:35:57.720-0500] {processor.py:839} INFO - DAG(s) dict_keys(['latest_only_with_trigger']) retrieved from /Users/az/anaconda3/envs/python38/lib/python3.8/site-packages/airflow/example_dags/example_latest_only_with_trigger.py
[2023-11-08T18:35:57.825-0500] {logging_mixin.py:154} INFO - [2023-11-08T18:35:57.825-0500] {dag.py:2941} INFO - Sync 1 DAGs
[2023-11-08T18:35:57.834-0500] {logging_mixin.py:154} INFO - [2023-11-08T18:35:57.834-0500] {dag.py:3722} INFO - Setting next_dagrun for latest_only_with_trigger to 2023-11-08T19:35:57.834715+00:00, run_after=2023-11-08T23:35:57.834715+00:00
[2023-11-08T18:35:57.844-0500] {processor.py:179} INFO - Processing /Users/az/anaconda3/envs/python38/lib/python3.8/site-packages/airflow/example_dags/example_latest_only_with_trigger.py took 0.144 seconds
[2023-11-08T18:37:51.664-0500] {processor.py:157} INFO - Started process (PID=51799) to work on /Users/az/anaconda3/envs/python38/lib/python3.8/site-packages/airflow/example_dags/example_latest_only_with_trigger.py
[2023-11-08T18:37:51.669-0500] {processor.py:829} INFO - Processing file /Users/az/anaconda3/envs/python38/lib/python3.8/site-packages/airflow/example_dags/example_latest_only_with_trigger.py for tasks to queue
[2023-11-08T18:37:51.669-0500] {logging_mixin.py:154} INFO - [2023-11-08T18:37:51.669-0500] {dagbag.py:536} INFO - Filling up the DagBag from /Users/az/anaconda3/envs/python38/lib/python3.8/site-packages/airflow/example_dags/example_latest_only_with_trigger.py
[2023-11-08T18:37:51.684-0500] {processor.py:839} INFO - DAG(s) dict_keys(['latest_only_with_trigger']) retrieved from /Users/az/anaconda3/envs/python38/lib/python3.8/site-packages/airflow/example_dags/example_latest_only_with_trigger.py
[2023-11-08T18:37:51.794-0500] {logging_mixin.py:154} INFO - [2023-11-08T18:37:51.794-0500] {dag.py:2941} INFO - Sync 1 DAGs
[2023-11-08T18:37:51.804-0500] {logging_mixin.py:154} INFO - [2023-11-08T18:37:51.803-0500] {dag.py:3722} INFO - Setting next_dagrun for latest_only_with_trigger to 2023-11-08T19:37:51.803846+00:00, run_after=2023-11-08T23:37:51.803846+00:00
[2023-11-08T18:37:51.814-0500] {processor.py:179} INFO - Processing /Users/az/anaconda3/envs/python38/lib/python3.8/site-packages/airflow/example_dags/example_latest_only_with_trigger.py took 0.150 seconds
[2023-11-08T18:39:49.946-0500] {processor.py:157} INFO - Started process (PID=51942) to work on /Users/az/anaconda3/envs/python38/lib/python3.8/site-packages/airflow/example_dags/example_latest_only_with_trigger.py
[2023-11-08T18:39:49.951-0500] {processor.py:829} INFO - Processing file /Users/az/anaconda3/envs/python38/lib/python3.8/site-packages/airflow/example_dags/example_latest_only_with_trigger.py for tasks to queue
[2023-11-08T18:39:49.951-0500] {logging_mixin.py:154} INFO - [2023-11-08T18:39:49.951-0500] {dagbag.py:536} INFO - Filling up the DagBag from /Users/az/anaconda3/envs/python38/lib/python3.8/site-packages/airflow/example_dags/example_latest_only_with_trigger.py
[2023-11-08T18:39:49.967-0500] {processor.py:839} INFO - DAG(s) dict_keys(['latest_only_with_trigger']) retrieved from /Users/az/anaconda3/envs/python38/lib/python3.8/site-packages/airflow/example_dags/example_latest_only_with_trigger.py
[2023-11-08T18:39:50.074-0500] {logging_mixin.py:154} INFO - [2023-11-08T18:39:50.074-0500] {dag.py:2941} INFO - Sync 1 DAGs
[2023-11-08T18:39:50.083-0500] {logging_mixin.py:154} INFO - [2023-11-08T18:39:50.083-0500] {dag.py:3722} INFO - Setting next_dagrun for latest_only_with_trigger to 2023-11-08T19:39:50.083173+00:00, run_after=2023-11-08T23:39:50.083173+00:00
[2023-11-08T18:39:50.093-0500] {processor.py:179} INFO - Processing /Users/az/anaconda3/envs/python38/lib/python3.8/site-packages/airflow/example_dags/example_latest_only_with_trigger.py took 0.147 seconds
[2023-11-08T18:41:54.806-0500] {processor.py:157} INFO - Started process (PID=52092) to work on /Users/az/anaconda3/envs/python38/lib/python3.8/site-packages/airflow/example_dags/example_latest_only_with_trigger.py
[2023-11-08T18:41:54.810-0500] {processor.py:829} INFO - Processing file /Users/az/anaconda3/envs/python38/lib/python3.8/site-packages/airflow/example_dags/example_latest_only_with_trigger.py for tasks to queue
[2023-11-08T18:41:54.811-0500] {logging_mixin.py:154} INFO - [2023-11-08T18:41:54.811-0500] {dagbag.py:536} INFO - Filling up the DagBag from /Users/az/anaconda3/envs/python38/lib/python3.8/site-packages/airflow/example_dags/example_latest_only_with_trigger.py
[2023-11-08T18:41:54.826-0500] {processor.py:839} INFO - DAG(s) dict_keys(['latest_only_with_trigger']) retrieved from /Users/az/anaconda3/envs/python38/lib/python3.8/site-packages/airflow/example_dags/example_latest_only_with_trigger.py
[2023-11-08T18:41:54.933-0500] {logging_mixin.py:154} INFO - [2023-11-08T18:41:54.933-0500] {dag.py:2941} INFO - Sync 1 DAGs
[2023-11-08T18:41:54.942-0500] {logging_mixin.py:154} INFO - [2023-11-08T18:41:54.942-0500] {dag.py:3722} INFO - Setting next_dagrun for latest_only_with_trigger to 2023-11-08T19:41:54.942354+00:00, run_after=2023-11-08T23:41:54.942354+00:00
[2023-11-08T18:41:54.952-0500] {processor.py:179} INFO - Processing /Users/az/anaconda3/envs/python38/lib/python3.8/site-packages/airflow/example_dags/example_latest_only_with_trigger.py took 0.147 seconds
[2023-11-08T18:43:54.218-0500] {processor.py:157} INFO - Started process (PID=52240) to work on /Users/az/anaconda3/envs/python38/lib/python3.8/site-packages/airflow/example_dags/example_latest_only_with_trigger.py
[2023-11-08T18:43:54.231-0500] {processor.py:829} INFO - Processing file /Users/az/anaconda3/envs/python38/lib/python3.8/site-packages/airflow/example_dags/example_latest_only_with_trigger.py for tasks to queue
[2023-11-08T18:43:54.233-0500] {logging_mixin.py:154} INFO - [2023-11-08T18:43:54.233-0500] {dagbag.py:536} INFO - Filling up the DagBag from /Users/az/anaconda3/envs/python38/lib/python3.8/site-packages/airflow/example_dags/example_latest_only_with_trigger.py
[2023-11-08T18:43:54.252-0500] {processor.py:839} INFO - DAG(s) dict_keys(['latest_only_with_trigger']) retrieved from /Users/az/anaconda3/envs/python38/lib/python3.8/site-packages/airflow/example_dags/example_latest_only_with_trigger.py
[2023-11-08T18:43:54.515-0500] {logging_mixin.py:154} INFO - [2023-11-08T18:43:54.503-0500] {dag.py:2941} INFO - Sync 1 DAGs
[2023-11-08T18:43:54.580-0500] {logging_mixin.py:154} INFO - [2023-11-08T18:43:54.564-0500] {dag.py:3722} INFO - Setting next_dagrun for latest_only_with_trigger to 2023-11-08T19:43:54.564646+00:00, run_after=2023-11-08T23:43:54.564646+00:00
[2023-11-08T18:43:54.646-0500] {processor.py:179} INFO - Processing /Users/az/anaconda3/envs/python38/lib/python3.8/site-packages/airflow/example_dags/example_latest_only_with_trigger.py took 0.439 seconds
[2023-11-08T18:45:58.264-0500] {processor.py:157} INFO - Started process (PID=52394) to work on /Users/az/anaconda3/envs/python38/lib/python3.8/site-packages/airflow/example_dags/example_latest_only_with_trigger.py
[2023-11-08T18:45:58.269-0500] {processor.py:829} INFO - Processing file /Users/az/anaconda3/envs/python38/lib/python3.8/site-packages/airflow/example_dags/example_latest_only_with_trigger.py for tasks to queue
[2023-11-08T18:45:58.269-0500] {logging_mixin.py:154} INFO - [2023-11-08T18:45:58.269-0500] {dagbag.py:536} INFO - Filling up the DagBag from /Users/az/anaconda3/envs/python38/lib/python3.8/site-packages/airflow/example_dags/example_latest_only_with_trigger.py
[2023-11-08T18:45:58.285-0500] {processor.py:839} INFO - DAG(s) dict_keys(['latest_only_with_trigger']) retrieved from /Users/az/anaconda3/envs/python38/lib/python3.8/site-packages/airflow/example_dags/example_latest_only_with_trigger.py
[2023-11-08T18:45:58.396-0500] {logging_mixin.py:154} INFO - [2023-11-08T18:45:58.395-0500] {dag.py:2941} INFO - Sync 1 DAGs
[2023-11-08T18:45:58.405-0500] {logging_mixin.py:154} INFO - [2023-11-08T18:45:58.404-0500] {dag.py:3722} INFO - Setting next_dagrun for latest_only_with_trigger to 2023-11-08T19:45:58.404910+00:00, run_after=2023-11-08T23:45:58.404910+00:00
[2023-11-08T18:45:58.414-0500] {processor.py:179} INFO - Processing /Users/az/anaconda3/envs/python38/lib/python3.8/site-packages/airflow/example_dags/example_latest_only_with_trigger.py took 0.151 seconds
[2023-11-08T18:48:07.263-0500] {processor.py:157} INFO - Started process (PID=52606) to work on /Users/az/anaconda3/envs/python38/lib/python3.8/site-packages/airflow/example_dags/example_latest_only_with_trigger.py
[2023-11-08T18:48:07.267-0500] {processor.py:829} INFO - Processing file /Users/az/anaconda3/envs/python38/lib/python3.8/site-packages/airflow/example_dags/example_latest_only_with_trigger.py for tasks to queue
[2023-11-08T18:48:07.268-0500] {logging_mixin.py:154} INFO - [2023-11-08T18:48:07.268-0500] {dagbag.py:536} INFO - Filling up the DagBag from /Users/az/anaconda3/envs/python38/lib/python3.8/site-packages/airflow/example_dags/example_latest_only_with_trigger.py
[2023-11-08T18:48:07.283-0500] {processor.py:839} INFO - DAG(s) dict_keys(['latest_only_with_trigger']) retrieved from /Users/az/anaconda3/envs/python38/lib/python3.8/site-packages/airflow/example_dags/example_latest_only_with_trigger.py
[2023-11-08T18:48:07.390-0500] {logging_mixin.py:154} INFO - [2023-11-08T18:48:07.390-0500] {dag.py:2941} INFO - Sync 1 DAGs
[2023-11-08T18:48:07.399-0500] {logging_mixin.py:154} INFO - [2023-11-08T18:48:07.399-0500] {dag.py:3722} INFO - Setting next_dagrun for latest_only_with_trigger to 2023-11-08T19:48:07.399468+00:00, run_after=2023-11-08T23:48:07.399468+00:00
[2023-11-08T18:48:07.409-0500] {processor.py:179} INFO - Processing /Users/az/anaconda3/envs/python38/lib/python3.8/site-packages/airflow/example_dags/example_latest_only_with_trigger.py took 0.147 seconds
[2023-11-08T18:50:04.863-0500] {processor.py:157} INFO - Started process (PID=52751) to work on /Users/az/anaconda3/envs/python38/lib/python3.8/site-packages/airflow/example_dags/example_latest_only_with_trigger.py
[2023-11-08T18:50:04.867-0500] {processor.py:829} INFO - Processing file /Users/az/anaconda3/envs/python38/lib/python3.8/site-packages/airflow/example_dags/example_latest_only_with_trigger.py for tasks to queue
[2023-11-08T18:50:04.867-0500] {logging_mixin.py:154} INFO - [2023-11-08T18:50:04.867-0500] {dagbag.py:536} INFO - Filling up the DagBag from /Users/az/anaconda3/envs/python38/lib/python3.8/site-packages/airflow/example_dags/example_latest_only_with_trigger.py
[2023-11-08T18:50:04.883-0500] {processor.py:839} INFO - DAG(s) dict_keys(['latest_only_with_trigger']) retrieved from /Users/az/anaconda3/envs/python38/lib/python3.8/site-packages/airflow/example_dags/example_latest_only_with_trigger.py
[2023-11-08T18:50:05.065-0500] {logging_mixin.py:154} INFO - [2023-11-08T18:50:05.065-0500] {dag.py:2941} INFO - Sync 1 DAGs
[2023-11-08T18:50:05.075-0500] {logging_mixin.py:154} INFO - [2023-11-08T18:50:05.075-0500] {dag.py:3722} INFO - Setting next_dagrun for latest_only_with_trigger to 2023-11-08T19:50:05.074915+00:00, run_after=2023-11-08T23:50:05.074915+00:00
[2023-11-08T18:50:05.085-0500] {processor.py:179} INFO - Processing /Users/az/anaconda3/envs/python38/lib/python3.8/site-packages/airflow/example_dags/example_latest_only_with_trigger.py took 0.222 seconds
[2023-11-08T18:52:05.820-0500] {processor.py:157} INFO - Started process (PID=52909) to work on /Users/az/anaconda3/envs/python38/lib/python3.8/site-packages/airflow/example_dags/example_latest_only_with_trigger.py
[2023-11-08T18:52:05.825-0500] {processor.py:829} INFO - Processing file /Users/az/anaconda3/envs/python38/lib/python3.8/site-packages/airflow/example_dags/example_latest_only_with_trigger.py for tasks to queue
[2023-11-08T18:52:05.825-0500] {logging_mixin.py:154} INFO - [2023-11-08T18:52:05.825-0500] {dagbag.py:536} INFO - Filling up the DagBag from /Users/az/anaconda3/envs/python38/lib/python3.8/site-packages/airflow/example_dags/example_latest_only_with_trigger.py
[2023-11-08T18:52:05.840-0500] {processor.py:839} INFO - DAG(s) dict_keys(['latest_only_with_trigger']) retrieved from /Users/az/anaconda3/envs/python38/lib/python3.8/site-packages/airflow/example_dags/example_latest_only_with_trigger.py
[2023-11-08T18:52:05.948-0500] {logging_mixin.py:154} INFO - [2023-11-08T18:52:05.947-0500] {dag.py:2941} INFO - Sync 1 DAGs
[2023-11-08T18:52:05.957-0500] {logging_mixin.py:154} INFO - [2023-11-08T18:52:05.956-0500] {dag.py:3722} INFO - Setting next_dagrun for latest_only_with_trigger to 2023-11-08T19:52:05.956917+00:00, run_after=2023-11-08T23:52:05.956917+00:00
[2023-11-08T18:52:05.967-0500] {processor.py:179} INFO - Processing /Users/az/anaconda3/envs/python38/lib/python3.8/site-packages/airflow/example_dags/example_latest_only_with_trigger.py took 0.147 seconds
[2023-11-08T18:54:09.291-0500] {processor.py:157} INFO - Started process (PID=53072) to work on /Users/az/anaconda3/envs/python38/lib/python3.8/site-packages/airflow/example_dags/example_latest_only_with_trigger.py
[2023-11-08T18:54:09.296-0500] {processor.py:829} INFO - Processing file /Users/az/anaconda3/envs/python38/lib/python3.8/site-packages/airflow/example_dags/example_latest_only_with_trigger.py for tasks to queue
[2023-11-08T18:54:09.296-0500] {logging_mixin.py:154} INFO - [2023-11-08T18:54:09.296-0500] {dagbag.py:536} INFO - Filling up the DagBag from /Users/az/anaconda3/envs/python38/lib/python3.8/site-packages/airflow/example_dags/example_latest_only_with_trigger.py
[2023-11-08T18:54:09.311-0500] {processor.py:839} INFO - DAG(s) dict_keys(['latest_only_with_trigger']) retrieved from /Users/az/anaconda3/envs/python38/lib/python3.8/site-packages/airflow/example_dags/example_latest_only_with_trigger.py
[2023-11-08T18:54:09.418-0500] {logging_mixin.py:154} INFO - [2023-11-08T18:54:09.417-0500] {dag.py:2941} INFO - Sync 1 DAGs
[2023-11-08T18:54:09.427-0500] {logging_mixin.py:154} INFO - [2023-11-08T18:54:09.427-0500] {dag.py:3722} INFO - Setting next_dagrun for latest_only_with_trigger to 2023-11-08T19:54:09.426959+00:00, run_after=2023-11-08T23:54:09.426959+00:00
[2023-11-08T18:54:09.437-0500] {processor.py:179} INFO - Processing /Users/az/anaconda3/envs/python38/lib/python3.8/site-packages/airflow/example_dags/example_latest_only_with_trigger.py took 0.146 seconds
[2023-11-08T18:56:18.544-0500] {processor.py:157} INFO - Started process (PID=53234) to work on /Users/az/anaconda3/envs/python38/lib/python3.8/site-packages/airflow/example_dags/example_latest_only_with_trigger.py
[2023-11-08T18:56:18.549-0500] {processor.py:829} INFO - Processing file /Users/az/anaconda3/envs/python38/lib/python3.8/site-packages/airflow/example_dags/example_latest_only_with_trigger.py for tasks to queue
[2023-11-08T18:56:18.549-0500] {logging_mixin.py:154} INFO - [2023-11-08T18:56:18.549-0500] {dagbag.py:536} INFO - Filling up the DagBag from /Users/az/anaconda3/envs/python38/lib/python3.8/site-packages/airflow/example_dags/example_latest_only_with_trigger.py
[2023-11-08T18:56:18.564-0500] {processor.py:839} INFO - DAG(s) dict_keys(['latest_only_with_trigger']) retrieved from /Users/az/anaconda3/envs/python38/lib/python3.8/site-packages/airflow/example_dags/example_latest_only_with_trigger.py
[2023-11-08T18:56:18.672-0500] {logging_mixin.py:154} INFO - [2023-11-08T18:56:18.671-0500] {dag.py:2941} INFO - Sync 1 DAGs
[2023-11-08T18:56:18.681-0500] {logging_mixin.py:154} INFO - [2023-11-08T18:56:18.680-0500] {dag.py:3722} INFO - Setting next_dagrun for latest_only_with_trigger to 2023-11-08T19:56:18.680883+00:00, run_after=2023-11-08T23:56:18.680883+00:00
[2023-11-08T18:56:18.691-0500] {processor.py:179} INFO - Processing /Users/az/anaconda3/envs/python38/lib/python3.8/site-packages/airflow/example_dags/example_latest_only_with_trigger.py took 0.147 seconds
[2023-11-08T18:58:22.791-0500] {processor.py:157} INFO - Started process (PID=53393) to work on /Users/az/anaconda3/envs/python38/lib/python3.8/site-packages/airflow/example_dags/example_latest_only_with_trigger.py
[2023-11-08T18:58:22.795-0500] {processor.py:829} INFO - Processing file /Users/az/anaconda3/envs/python38/lib/python3.8/site-packages/airflow/example_dags/example_latest_only_with_trigger.py for tasks to queue
[2023-11-08T18:58:22.795-0500] {logging_mixin.py:154} INFO - [2023-11-08T18:58:22.795-0500] {dagbag.py:536} INFO - Filling up the DagBag from /Users/az/anaconda3/envs/python38/lib/python3.8/site-packages/airflow/example_dags/example_latest_only_with_trigger.py
[2023-11-08T18:58:22.811-0500] {processor.py:839} INFO - DAG(s) dict_keys(['latest_only_with_trigger']) retrieved from /Users/az/anaconda3/envs/python38/lib/python3.8/site-packages/airflow/example_dags/example_latest_only_with_trigger.py
[2023-11-08T18:58:22.922-0500] {logging_mixin.py:154} INFO - [2023-11-08T18:58:22.922-0500] {dag.py:2941} INFO - Sync 1 DAGs
[2023-11-08T18:58:22.931-0500] {logging_mixin.py:154} INFO - [2023-11-08T18:58:22.931-0500] {dag.py:3722} INFO - Setting next_dagrun for latest_only_with_trigger to 2023-11-08T19:58:22.931454+00:00, run_after=2023-11-08T23:58:22.931454+00:00
[2023-11-08T18:58:22.941-0500] {processor.py:179} INFO - Processing /Users/az/anaconda3/envs/python38/lib/python3.8/site-packages/airflow/example_dags/example_latest_only_with_trigger.py took 0.150 seconds
