[2023-11-08T17:47:45.517-0500] {processor.py:157} INFO - Started process (PID=48933) to work on /Users/az/anaconda3/envs/python38/lib/python3.8/site-packages/airflow/example_dags/example_sensor_decorator.py
[2023-11-08T17:47:45.521-0500] {processor.py:829} INFO - Processing file /Users/az/anaconda3/envs/python38/lib/python3.8/site-packages/airflow/example_dags/example_sensor_decorator.py for tasks to queue
[2023-11-08T17:47:45.522-0500] {logging_mixin.py:154} INFO - [2023-11-08T17:47:45.521-0500] {dagbag.py:536} INFO - Filling up the DagBag from /Users/az/anaconda3/envs/python38/lib/python3.8/site-packages/airflow/example_dags/example_sensor_decorator.py
[2023-11-08T17:47:45.555-0500] {processor.py:839} INFO - DAG(s) dict_keys(['example_sensor_decorator']) retrieved from /Users/az/anaconda3/envs/python38/lib/python3.8/site-packages/airflow/example_dags/example_sensor_decorator.py
[2023-11-08T17:47:45.942-0500] {logging_mixin.py:154} INFO - [2023-11-08T17:47:45.942-0500] {manager.py:499} INFO - Created Permission View: %s
[2023-11-08T17:47:45.948-0500] {logging_mixin.py:154} INFO - [2023-11-08T17:47:45.948-0500] {manager.py:499} INFO - Created Permission View: %s
[2023-11-08T17:47:45.951-0500] {logging_mixin.py:154} INFO - [2023-11-08T17:47:45.951-0500] {manager.py:499} INFO - Created Permission View: %s
[2023-11-08T17:47:45.952-0500] {logging_mixin.py:154} INFO - [2023-11-08T17:47:45.951-0500] {dag.py:2941} INFO - Sync 1 DAGs
[2023-11-08T17:47:45.957-0500] {logging_mixin.py:154} INFO - [2023-11-08T17:47:45.957-0500] {dag.py:2963} INFO - Creating ORM DAG for example_sensor_decorator
[2023-11-08T17:47:45.957-0500] {logging_mixin.py:154} INFO - [2023-11-08T17:47:45.957-0500] {dag.py:3722} INFO - Setting next_dagrun for example_sensor_decorator to None, run_after=None
[2023-11-08T17:47:45.969-0500] {processor.py:179} INFO - Processing /Users/az/anaconda3/envs/python38/lib/python3.8/site-packages/airflow/example_dags/example_sensor_decorator.py took 0.452 seconds
[2023-11-08T17:49:19.254-0500] {processor.py:157} INFO - Started process (PID=49068) to work on /Users/az/anaconda3/envs/python38/lib/python3.8/site-packages/airflow/example_dags/example_sensor_decorator.py
[2023-11-08T17:49:19.259-0500] {processor.py:829} INFO - Processing file /Users/az/anaconda3/envs/python38/lib/python3.8/site-packages/airflow/example_dags/example_sensor_decorator.py for tasks to queue
[2023-11-08T17:49:19.259-0500] {logging_mixin.py:154} INFO - [2023-11-08T17:49:19.259-0500] {dagbag.py:536} INFO - Filling up the DagBag from /Users/az/anaconda3/envs/python38/lib/python3.8/site-packages/airflow/example_dags/example_sensor_decorator.py
[2023-11-08T17:49:19.291-0500] {processor.py:839} INFO - DAG(s) dict_keys(['example_sensor_decorator']) retrieved from /Users/az/anaconda3/envs/python38/lib/python3.8/site-packages/airflow/example_dags/example_sensor_decorator.py
[2023-11-08T17:49:19.400-0500] {logging_mixin.py:154} INFO - [2023-11-08T17:49:19.400-0500] {dag.py:2941} INFO - Sync 1 DAGs
[2023-11-08T17:49:19.405-0500] {logging_mixin.py:154} INFO - [2023-11-08T17:49:19.405-0500] {dag.py:3722} INFO - Setting next_dagrun for example_sensor_decorator to None, run_after=None
[2023-11-08T17:49:19.416-0500] {processor.py:179} INFO - Processing /Users/az/anaconda3/envs/python38/lib/python3.8/site-packages/airflow/example_dags/example_sensor_decorator.py took 0.162 seconds
[2023-11-08T17:51:20.071-0500] {processor.py:157} INFO - Started process (PID=49268) to work on /Users/az/anaconda3/envs/python38/lib/python3.8/site-packages/airflow/example_dags/example_sensor_decorator.py
[2023-11-08T17:51:20.076-0500] {processor.py:829} INFO - Processing file /Users/az/anaconda3/envs/python38/lib/python3.8/site-packages/airflow/example_dags/example_sensor_decorator.py for tasks to queue
[2023-11-08T17:51:20.076-0500] {logging_mixin.py:154} INFO - [2023-11-08T17:51:20.076-0500] {dagbag.py:536} INFO - Filling up the DagBag from /Users/az/anaconda3/envs/python38/lib/python3.8/site-packages/airflow/example_dags/example_sensor_decorator.py
[2023-11-08T17:51:20.108-0500] {processor.py:839} INFO - DAG(s) dict_keys(['example_sensor_decorator']) retrieved from /Users/az/anaconda3/envs/python38/lib/python3.8/site-packages/airflow/example_dags/example_sensor_decorator.py
[2023-11-08T17:51:20.216-0500] {logging_mixin.py:154} INFO - [2023-11-08T17:51:20.216-0500] {dag.py:2941} INFO - Sync 1 DAGs
[2023-11-08T17:51:20.222-0500] {logging_mixin.py:154} INFO - [2023-11-08T17:51:20.222-0500] {dag.py:3722} INFO - Setting next_dagrun for example_sensor_decorator to None, run_after=None
[2023-11-08T17:51:20.232-0500] {processor.py:179} INFO - Processing /Users/az/anaconda3/envs/python38/lib/python3.8/site-packages/airflow/example_dags/example_sensor_decorator.py took 0.161 seconds
[2023-11-08T17:53:12.218-0500] {processor.py:157} INFO - Started process (PID=49407) to work on /Users/az/anaconda3/envs/python38/lib/python3.8/site-packages/airflow/example_dags/example_sensor_decorator.py
[2023-11-08T17:53:12.222-0500] {processor.py:829} INFO - Processing file /Users/az/anaconda3/envs/python38/lib/python3.8/site-packages/airflow/example_dags/example_sensor_decorator.py for tasks to queue
[2023-11-08T17:53:12.223-0500] {logging_mixin.py:154} INFO - [2023-11-08T17:53:12.222-0500] {dagbag.py:536} INFO - Filling up the DagBag from /Users/az/anaconda3/envs/python38/lib/python3.8/site-packages/airflow/example_dags/example_sensor_decorator.py
[2023-11-08T17:53:12.254-0500] {processor.py:839} INFO - DAG(s) dict_keys(['example_sensor_decorator']) retrieved from /Users/az/anaconda3/envs/python38/lib/python3.8/site-packages/airflow/example_dags/example_sensor_decorator.py
[2023-11-08T17:53:12.362-0500] {logging_mixin.py:154} INFO - [2023-11-08T17:53:12.362-0500] {dag.py:2941} INFO - Sync 1 DAGs
[2023-11-08T17:53:12.368-0500] {logging_mixin.py:154} INFO - [2023-11-08T17:53:12.368-0500] {dag.py:3722} INFO - Setting next_dagrun for example_sensor_decorator to None, run_after=None
[2023-11-08T17:53:12.378-0500] {processor.py:179} INFO - Processing /Users/az/anaconda3/envs/python38/lib/python3.8/site-packages/airflow/example_dags/example_sensor_decorator.py took 0.161 seconds
[2023-11-08T17:55:10.104-0500] {processor.py:157} INFO - Started process (PID=49553) to work on /Users/az/anaconda3/envs/python38/lib/python3.8/site-packages/airflow/example_dags/example_sensor_decorator.py
[2023-11-08T17:55:10.108-0500] {processor.py:829} INFO - Processing file /Users/az/anaconda3/envs/python38/lib/python3.8/site-packages/airflow/example_dags/example_sensor_decorator.py for tasks to queue
[2023-11-08T17:55:10.109-0500] {logging_mixin.py:154} INFO - [2023-11-08T17:55:10.109-0500] {dagbag.py:536} INFO - Filling up the DagBag from /Users/az/anaconda3/envs/python38/lib/python3.8/site-packages/airflow/example_dags/example_sensor_decorator.py
[2023-11-08T17:55:10.140-0500] {processor.py:839} INFO - DAG(s) dict_keys(['example_sensor_decorator']) retrieved from /Users/az/anaconda3/envs/python38/lib/python3.8/site-packages/airflow/example_dags/example_sensor_decorator.py
[2023-11-08T17:55:10.248-0500] {logging_mixin.py:154} INFO - [2023-11-08T17:55:10.247-0500] {dag.py:2941} INFO - Sync 1 DAGs
[2023-11-08T17:55:10.253-0500] {logging_mixin.py:154} INFO - [2023-11-08T17:55:10.253-0500] {dag.py:3722} INFO - Setting next_dagrun for example_sensor_decorator to None, run_after=None
[2023-11-08T17:55:10.263-0500] {processor.py:179} INFO - Processing /Users/az/anaconda3/envs/python38/lib/python3.8/site-packages/airflow/example_dags/example_sensor_decorator.py took 0.160 seconds
[2023-11-08T17:57:09.823-0500] {processor.py:157} INFO - Started process (PID=49704) to work on /Users/az/anaconda3/envs/python38/lib/python3.8/site-packages/airflow/example_dags/example_sensor_decorator.py
[2023-11-08T17:57:09.827-0500] {processor.py:829} INFO - Processing file /Users/az/anaconda3/envs/python38/lib/python3.8/site-packages/airflow/example_dags/example_sensor_decorator.py for tasks to queue
[2023-11-08T17:57:09.828-0500] {logging_mixin.py:154} INFO - [2023-11-08T17:57:09.828-0500] {dagbag.py:536} INFO - Filling up the DagBag from /Users/az/anaconda3/envs/python38/lib/python3.8/site-packages/airflow/example_dags/example_sensor_decorator.py
[2023-11-08T17:57:09.859-0500] {processor.py:839} INFO - DAG(s) dict_keys(['example_sensor_decorator']) retrieved from /Users/az/anaconda3/envs/python38/lib/python3.8/site-packages/airflow/example_dags/example_sensor_decorator.py
[2023-11-08T17:57:09.966-0500] {logging_mixin.py:154} INFO - [2023-11-08T17:57:09.966-0500] {dag.py:2941} INFO - Sync 1 DAGs
[2023-11-08T17:57:09.972-0500] {logging_mixin.py:154} INFO - [2023-11-08T17:57:09.972-0500] {dag.py:3722} INFO - Setting next_dagrun for example_sensor_decorator to None, run_after=None
[2023-11-08T17:57:09.982-0500] {processor.py:179} INFO - Processing /Users/az/anaconda3/envs/python38/lib/python3.8/site-packages/airflow/example_dags/example_sensor_decorator.py took 0.160 seconds
[2023-11-08T17:59:12.474-0500] {processor.py:157} INFO - Started process (PID=49873) to work on /Users/az/anaconda3/envs/python38/lib/python3.8/site-packages/airflow/example_dags/example_sensor_decorator.py
[2023-11-08T17:59:12.478-0500] {processor.py:829} INFO - Processing file /Users/az/anaconda3/envs/python38/lib/python3.8/site-packages/airflow/example_dags/example_sensor_decorator.py for tasks to queue
[2023-11-08T17:59:12.478-0500] {logging_mixin.py:154} INFO - [2023-11-08T17:59:12.478-0500] {dagbag.py:536} INFO - Filling up the DagBag from /Users/az/anaconda3/envs/python38/lib/python3.8/site-packages/airflow/example_dags/example_sensor_decorator.py
[2023-11-08T17:59:12.510-0500] {processor.py:839} INFO - DAG(s) dict_keys(['example_sensor_decorator']) retrieved from /Users/az/anaconda3/envs/python38/lib/python3.8/site-packages/airflow/example_dags/example_sensor_decorator.py
[2023-11-08T17:59:12.617-0500] {logging_mixin.py:154} INFO - [2023-11-08T17:59:12.617-0500] {dag.py:2941} INFO - Sync 1 DAGs
[2023-11-08T17:59:12.623-0500] {logging_mixin.py:154} INFO - [2023-11-08T17:59:12.623-0500] {dag.py:3722} INFO - Setting next_dagrun for example_sensor_decorator to None, run_after=None
[2023-11-08T17:59:12.633-0500] {processor.py:179} INFO - Processing /Users/az/anaconda3/envs/python38/lib/python3.8/site-packages/airflow/example_dags/example_sensor_decorator.py took 0.160 seconds
[2023-11-08T18:01:13.041-0500] {processor.py:157} INFO - Started process (PID=50030) to work on /Users/az/anaconda3/envs/python38/lib/python3.8/site-packages/airflow/example_dags/example_sensor_decorator.py
[2023-11-08T18:01:13.055-0500] {processor.py:829} INFO - Processing file /Users/az/anaconda3/envs/python38/lib/python3.8/site-packages/airflow/example_dags/example_sensor_decorator.py for tasks to queue
[2023-11-08T18:01:13.056-0500] {logging_mixin.py:154} INFO - [2023-11-08T18:01:13.056-0500] {dagbag.py:536} INFO - Filling up the DagBag from /Users/az/anaconda3/envs/python38/lib/python3.8/site-packages/airflow/example_dags/example_sensor_decorator.py
[2023-11-08T18:01:13.092-0500] {processor.py:839} INFO - DAG(s) dict_keys(['example_sensor_decorator']) retrieved from /Users/az/anaconda3/envs/python38/lib/python3.8/site-packages/airflow/example_dags/example_sensor_decorator.py
[2023-11-08T18:01:13.241-0500] {logging_mixin.py:154} INFO - [2023-11-08T18:01:13.241-0500] {dag.py:2941} INFO - Sync 1 DAGs
[2023-11-08T18:01:13.265-0500] {logging_mixin.py:154} INFO - [2023-11-08T18:01:13.265-0500] {dag.py:3722} INFO - Setting next_dagrun for example_sensor_decorator to None, run_after=None
[2023-11-08T18:01:13.279-0500] {processor.py:179} INFO - Processing /Users/az/anaconda3/envs/python38/lib/python3.8/site-packages/airflow/example_dags/example_sensor_decorator.py took 0.239 seconds
[2023-11-08T18:03:10.063-0500] {processor.py:157} INFO - Started process (PID=50240) to work on /Users/az/anaconda3/envs/python38/lib/python3.8/site-packages/airflow/example_dags/example_sensor_decorator.py
[2023-11-08T18:03:10.067-0500] {processor.py:829} INFO - Processing file /Users/az/anaconda3/envs/python38/lib/python3.8/site-packages/airflow/example_dags/example_sensor_decorator.py for tasks to queue
[2023-11-08T18:03:10.067-0500] {logging_mixin.py:154} INFO - [2023-11-08T18:03:10.067-0500] {dagbag.py:536} INFO - Filling up the DagBag from /Users/az/anaconda3/envs/python38/lib/python3.8/site-packages/airflow/example_dags/example_sensor_decorator.py
[2023-11-08T18:03:10.099-0500] {processor.py:839} INFO - DAG(s) dict_keys(['example_sensor_decorator']) retrieved from /Users/az/anaconda3/envs/python38/lib/python3.8/site-packages/airflow/example_dags/example_sensor_decorator.py
[2023-11-08T18:03:10.210-0500] {logging_mixin.py:154} INFO - [2023-11-08T18:03:10.210-0500] {dag.py:2941} INFO - Sync 1 DAGs
[2023-11-08T18:03:10.215-0500] {logging_mixin.py:154} INFO - [2023-11-08T18:03:10.215-0500] {dag.py:3722} INFO - Setting next_dagrun for example_sensor_decorator to None, run_after=None
[2023-11-08T18:03:10.225-0500] {processor.py:179} INFO - Processing /Users/az/anaconda3/envs/python38/lib/python3.8/site-packages/airflow/example_dags/example_sensor_decorator.py took 0.163 seconds
[2023-11-08T18:05:06.966-0500] {processor.py:157} INFO - Started process (PID=50515) to work on /Users/az/anaconda3/envs/python38/lib/python3.8/site-packages/airflow/example_dags/example_sensor_decorator.py
[2023-11-08T18:05:06.971-0500] {processor.py:829} INFO - Processing file /Users/az/anaconda3/envs/python38/lib/python3.8/site-packages/airflow/example_dags/example_sensor_decorator.py for tasks to queue
[2023-11-08T18:05:06.971-0500] {logging_mixin.py:154} INFO - [2023-11-08T18:05:06.971-0500] {dagbag.py:536} INFO - Filling up the DagBag from /Users/az/anaconda3/envs/python38/lib/python3.8/site-packages/airflow/example_dags/example_sensor_decorator.py
[2023-11-08T18:05:07.003-0500] {processor.py:839} INFO - DAG(s) dict_keys(['example_sensor_decorator']) retrieved from /Users/az/anaconda3/envs/python38/lib/python3.8/site-packages/airflow/example_dags/example_sensor_decorator.py
[2023-11-08T18:05:07.110-0500] {logging_mixin.py:154} INFO - [2023-11-08T18:05:07.110-0500] {dag.py:2941} INFO - Sync 1 DAGs
[2023-11-08T18:05:07.116-0500] {logging_mixin.py:154} INFO - [2023-11-08T18:05:07.116-0500] {dag.py:3722} INFO - Setting next_dagrun for example_sensor_decorator to None, run_after=None
[2023-11-08T18:05:07.126-0500] {processor.py:179} INFO - Processing /Users/az/anaconda3/envs/python38/lib/python3.8/site-packages/airflow/example_dags/example_sensor_decorator.py took 0.161 seconds
[2023-11-08T18:07:01.831-0500] {processor.py:157} INFO - Started process (PID=50677) to work on /Users/az/anaconda3/envs/python38/lib/python3.8/site-packages/airflow/example_dags/example_sensor_decorator.py
[2023-11-08T18:07:01.836-0500] {processor.py:829} INFO - Processing file /Users/az/anaconda3/envs/python38/lib/python3.8/site-packages/airflow/example_dags/example_sensor_decorator.py for tasks to queue
[2023-11-08T18:07:01.836-0500] {logging_mixin.py:154} INFO - [2023-11-08T18:07:01.836-0500] {dagbag.py:536} INFO - Filling up the DagBag from /Users/az/anaconda3/envs/python38/lib/python3.8/site-packages/airflow/example_dags/example_sensor_decorator.py
[2023-11-08T18:07:01.869-0500] {processor.py:839} INFO - DAG(s) dict_keys(['example_sensor_decorator']) retrieved from /Users/az/anaconda3/envs/python38/lib/python3.8/site-packages/airflow/example_dags/example_sensor_decorator.py
[2023-11-08T18:07:01.980-0500] {logging_mixin.py:154} INFO - [2023-11-08T18:07:01.979-0500] {dag.py:2941} INFO - Sync 1 DAGs
[2023-11-08T18:07:01.985-0500] {logging_mixin.py:154} INFO - [2023-11-08T18:07:01.985-0500] {dag.py:3722} INFO - Setting next_dagrun for example_sensor_decorator to None, run_after=None
[2023-11-08T18:07:01.995-0500] {processor.py:179} INFO - Processing /Users/az/anaconda3/envs/python38/lib/python3.8/site-packages/airflow/example_dags/example_sensor_decorator.py took 0.164 seconds
[2023-11-08T18:08:57.167-0500] {processor.py:157} INFO - Started process (PID=50842) to work on /Users/az/anaconda3/envs/python38/lib/python3.8/site-packages/airflow/example_dags/example_sensor_decorator.py
[2023-11-08T18:08:57.171-0500] {processor.py:829} INFO - Processing file /Users/az/anaconda3/envs/python38/lib/python3.8/site-packages/airflow/example_dags/example_sensor_decorator.py for tasks to queue
[2023-11-08T18:08:57.172-0500] {logging_mixin.py:154} INFO - [2023-11-08T18:08:57.172-0500] {dagbag.py:536} INFO - Filling up the DagBag from /Users/az/anaconda3/envs/python38/lib/python3.8/site-packages/airflow/example_dags/example_sensor_decorator.py
[2023-11-08T18:08:57.203-0500] {processor.py:839} INFO - DAG(s) dict_keys(['example_sensor_decorator']) retrieved from /Users/az/anaconda3/envs/python38/lib/python3.8/site-packages/airflow/example_dags/example_sensor_decorator.py
[2023-11-08T18:08:57.314-0500] {logging_mixin.py:154} INFO - [2023-11-08T18:08:57.314-0500] {dag.py:2941} INFO - Sync 1 DAGs
[2023-11-08T18:08:57.320-0500] {logging_mixin.py:154} INFO - [2023-11-08T18:08:57.320-0500] {dag.py:3722} INFO - Setting next_dagrun for example_sensor_decorator to None, run_after=None
[2023-11-08T18:08:57.330-0500] {processor.py:179} INFO - Processing /Users/az/anaconda3/envs/python38/lib/python3.8/site-packages/airflow/example_dags/example_sensor_decorator.py took 0.163 seconds
[2023-11-08T18:10:56.988-0500] {processor.py:157} INFO - Started process (PID=50996) to work on /Users/az/anaconda3/envs/python38/lib/python3.8/site-packages/airflow/example_dags/example_sensor_decorator.py
[2023-11-08T18:10:56.992-0500] {processor.py:829} INFO - Processing file /Users/az/anaconda3/envs/python38/lib/python3.8/site-packages/airflow/example_dags/example_sensor_decorator.py for tasks to queue
[2023-11-08T18:10:56.993-0500] {logging_mixin.py:154} INFO - [2023-11-08T18:10:56.993-0500] {dagbag.py:536} INFO - Filling up the DagBag from /Users/az/anaconda3/envs/python38/lib/python3.8/site-packages/airflow/example_dags/example_sensor_decorator.py
[2023-11-08T18:10:57.024-0500] {processor.py:839} INFO - DAG(s) dict_keys(['example_sensor_decorator']) retrieved from /Users/az/anaconda3/envs/python38/lib/python3.8/site-packages/airflow/example_dags/example_sensor_decorator.py
[2023-11-08T18:10:57.132-0500] {logging_mixin.py:154} INFO - [2023-11-08T18:10:57.132-0500] {dag.py:2941} INFO - Sync 1 DAGs
[2023-11-08T18:10:57.138-0500] {logging_mixin.py:154} INFO - [2023-11-08T18:10:57.138-0500] {dag.py:3722} INFO - Setting next_dagrun for example_sensor_decorator to None, run_after=None
[2023-11-08T18:10:57.148-0500] {processor.py:179} INFO - Processing /Users/az/anaconda3/envs/python38/lib/python3.8/site-packages/airflow/example_dags/example_sensor_decorator.py took 0.160 seconds
[2023-11-08T18:22:55.511-0500] {processor.py:157} INFO - Started process (PID=51181) to work on /Users/az/anaconda3/envs/python38/lib/python3.8/site-packages/airflow/example_dags/example_sensor_decorator.py
[2023-11-08T18:22:55.515-0500] {processor.py:829} INFO - Processing file /Users/az/anaconda3/envs/python38/lib/python3.8/site-packages/airflow/example_dags/example_sensor_decorator.py for tasks to queue
[2023-11-08T18:22:55.515-0500] {logging_mixin.py:154} INFO - [2023-11-08T18:22:55.515-0500] {dagbag.py:536} INFO - Filling up the DagBag from /Users/az/anaconda3/envs/python38/lib/python3.8/site-packages/airflow/example_dags/example_sensor_decorator.py
[2023-11-08T18:22:55.547-0500] {processor.py:839} INFO - DAG(s) dict_keys(['example_sensor_decorator']) retrieved from /Users/az/anaconda3/envs/python38/lib/python3.8/site-packages/airflow/example_dags/example_sensor_decorator.py
[2023-11-08T18:22:55.657-0500] {logging_mixin.py:154} INFO - [2023-11-08T18:22:55.657-0500] {dag.py:2941} INFO - Sync 1 DAGs
[2023-11-08T18:22:55.663-0500] {logging_mixin.py:154} INFO - [2023-11-08T18:22:55.663-0500] {dag.py:3722} INFO - Setting next_dagrun for example_sensor_decorator to None, run_after=None
[2023-11-08T18:22:55.673-0500] {processor.py:179} INFO - Processing /Users/az/anaconda3/envs/python38/lib/python3.8/site-packages/airflow/example_dags/example_sensor_decorator.py took 0.163 seconds
[2023-11-08T18:30:59.870-0500] {processor.py:157} INFO - Started process (PID=51286) to work on /Users/az/anaconda3/envs/python38/lib/python3.8/site-packages/airflow/example_dags/example_sensor_decorator.py
[2023-11-08T18:30:59.874-0500] {processor.py:829} INFO - Processing file /Users/az/anaconda3/envs/python38/lib/python3.8/site-packages/airflow/example_dags/example_sensor_decorator.py for tasks to queue
[2023-11-08T18:30:59.874-0500] {logging_mixin.py:154} INFO - [2023-11-08T18:30:59.874-0500] {dagbag.py:536} INFO - Filling up the DagBag from /Users/az/anaconda3/envs/python38/lib/python3.8/site-packages/airflow/example_dags/example_sensor_decorator.py
[2023-11-08T18:30:59.905-0500] {processor.py:839} INFO - DAG(s) dict_keys(['example_sensor_decorator']) retrieved from /Users/az/anaconda3/envs/python38/lib/python3.8/site-packages/airflow/example_dags/example_sensor_decorator.py
[2023-11-08T18:31:00.024-0500] {logging_mixin.py:154} INFO - [2023-11-08T18:31:00.023-0500] {dag.py:2941} INFO - Sync 1 DAGs
[2023-11-08T18:31:00.029-0500] {logging_mixin.py:154} INFO - [2023-11-08T18:31:00.029-0500] {dag.py:3722} INFO - Setting next_dagrun for example_sensor_decorator to None, run_after=None
[2023-11-08T18:31:00.040-0500] {processor.py:179} INFO - Processing /Users/az/anaconda3/envs/python38/lib/python3.8/site-packages/airflow/example_dags/example_sensor_decorator.py took 0.171 seconds
[2023-11-08T18:32:56.753-0500] {processor.py:157} INFO - Started process (PID=51431) to work on /Users/az/anaconda3/envs/python38/lib/python3.8/site-packages/airflow/example_dags/example_sensor_decorator.py
[2023-11-08T18:32:56.756-0500] {processor.py:829} INFO - Processing file /Users/az/anaconda3/envs/python38/lib/python3.8/site-packages/airflow/example_dags/example_sensor_decorator.py for tasks to queue
[2023-11-08T18:32:56.757-0500] {logging_mixin.py:154} INFO - [2023-11-08T18:32:56.757-0500] {dagbag.py:536} INFO - Filling up the DagBag from /Users/az/anaconda3/envs/python38/lib/python3.8/site-packages/airflow/example_dags/example_sensor_decorator.py
[2023-11-08T18:32:56.790-0500] {processor.py:839} INFO - DAG(s) dict_keys(['example_sensor_decorator']) retrieved from /Users/az/anaconda3/envs/python38/lib/python3.8/site-packages/airflow/example_dags/example_sensor_decorator.py
[2023-11-08T18:32:56.899-0500] {logging_mixin.py:154} INFO - [2023-11-08T18:32:56.899-0500] {dag.py:2941} INFO - Sync 1 DAGs
[2023-11-08T18:32:56.905-0500] {logging_mixin.py:154} INFO - [2023-11-08T18:32:56.905-0500] {dag.py:3722} INFO - Setting next_dagrun for example_sensor_decorator to None, run_after=None
[2023-11-08T18:32:56.915-0500] {processor.py:179} INFO - Processing /Users/az/anaconda3/envs/python38/lib/python3.8/site-packages/airflow/example_dags/example_sensor_decorator.py took 0.163 seconds
[2023-11-08T18:35:02.169-0500] {processor.py:157} INFO - Started process (PID=51591) to work on /Users/az/anaconda3/envs/python38/lib/python3.8/site-packages/airflow/example_dags/example_sensor_decorator.py
[2023-11-08T18:35:02.174-0500] {processor.py:829} INFO - Processing file /Users/az/anaconda3/envs/python38/lib/python3.8/site-packages/airflow/example_dags/example_sensor_decorator.py for tasks to queue
[2023-11-08T18:35:02.174-0500] {logging_mixin.py:154} INFO - [2023-11-08T18:35:02.174-0500] {dagbag.py:536} INFO - Filling up the DagBag from /Users/az/anaconda3/envs/python38/lib/python3.8/site-packages/airflow/example_dags/example_sensor_decorator.py
[2023-11-08T18:35:02.206-0500] {processor.py:839} INFO - DAG(s) dict_keys(['example_sensor_decorator']) retrieved from /Users/az/anaconda3/envs/python38/lib/python3.8/site-packages/airflow/example_dags/example_sensor_decorator.py
[2023-11-08T18:35:02.314-0500] {logging_mixin.py:154} INFO - [2023-11-08T18:35:02.314-0500] {dag.py:2941} INFO - Sync 1 DAGs
[2023-11-08T18:35:02.320-0500] {logging_mixin.py:154} INFO - [2023-11-08T18:35:02.320-0500] {dag.py:3722} INFO - Setting next_dagrun for example_sensor_decorator to None, run_after=None
[2023-11-08T18:35:02.330-0500] {processor.py:179} INFO - Processing /Users/az/anaconda3/envs/python38/lib/python3.8/site-packages/airflow/example_dags/example_sensor_decorator.py took 0.161 seconds
[2023-11-08T18:36:58.874-0500] {processor.py:157} INFO - Started process (PID=51736) to work on /Users/az/anaconda3/envs/python38/lib/python3.8/site-packages/airflow/example_dags/example_sensor_decorator.py
[2023-11-08T18:36:58.879-0500] {processor.py:829} INFO - Processing file /Users/az/anaconda3/envs/python38/lib/python3.8/site-packages/airflow/example_dags/example_sensor_decorator.py for tasks to queue
[2023-11-08T18:36:58.879-0500] {logging_mixin.py:154} INFO - [2023-11-08T18:36:58.879-0500] {dagbag.py:536} INFO - Filling up the DagBag from /Users/az/anaconda3/envs/python38/lib/python3.8/site-packages/airflow/example_dags/example_sensor_decorator.py
[2023-11-08T18:36:58.911-0500] {processor.py:839} INFO - DAG(s) dict_keys(['example_sensor_decorator']) retrieved from /Users/az/anaconda3/envs/python38/lib/python3.8/site-packages/airflow/example_dags/example_sensor_decorator.py
[2023-11-08T18:36:59.018-0500] {logging_mixin.py:154} INFO - [2023-11-08T18:36:59.018-0500] {dag.py:2941} INFO - Sync 1 DAGs
[2023-11-08T18:36:59.024-0500] {logging_mixin.py:154} INFO - [2023-11-08T18:36:59.024-0500] {dag.py:3722} INFO - Setting next_dagrun for example_sensor_decorator to None, run_after=None
[2023-11-08T18:36:59.034-0500] {processor.py:179} INFO - Processing /Users/az/anaconda3/envs/python38/lib/python3.8/site-packages/airflow/example_dags/example_sensor_decorator.py took 0.160 seconds
[2023-11-08T18:38:52.329-0500] {processor.py:157} INFO - Started process (PID=51874) to work on /Users/az/anaconda3/envs/python38/lib/python3.8/site-packages/airflow/example_dags/example_sensor_decorator.py
[2023-11-08T18:38:52.333-0500] {processor.py:829} INFO - Processing file /Users/az/anaconda3/envs/python38/lib/python3.8/site-packages/airflow/example_dags/example_sensor_decorator.py for tasks to queue
[2023-11-08T18:38:52.334-0500] {logging_mixin.py:154} INFO - [2023-11-08T18:38:52.334-0500] {dagbag.py:536} INFO - Filling up the DagBag from /Users/az/anaconda3/envs/python38/lib/python3.8/site-packages/airflow/example_dags/example_sensor_decorator.py
[2023-11-08T18:38:52.365-0500] {processor.py:839} INFO - DAG(s) dict_keys(['example_sensor_decorator']) retrieved from /Users/az/anaconda3/envs/python38/lib/python3.8/site-packages/airflow/example_dags/example_sensor_decorator.py
[2023-11-08T18:38:52.473-0500] {logging_mixin.py:154} INFO - [2023-11-08T18:38:52.473-0500] {dag.py:2941} INFO - Sync 1 DAGs
[2023-11-08T18:38:52.478-0500] {logging_mixin.py:154} INFO - [2023-11-08T18:38:52.478-0500] {dag.py:3722} INFO - Setting next_dagrun for example_sensor_decorator to None, run_after=None
[2023-11-08T18:38:52.489-0500] {processor.py:179} INFO - Processing /Users/az/anaconda3/envs/python38/lib/python3.8/site-packages/airflow/example_dags/example_sensor_decorator.py took 0.161 seconds
[2023-11-08T18:40:57.270-0500] {processor.py:157} INFO - Started process (PID=52026) to work on /Users/az/anaconda3/envs/python38/lib/python3.8/site-packages/airflow/example_dags/example_sensor_decorator.py
[2023-11-08T18:40:57.274-0500] {processor.py:829} INFO - Processing file /Users/az/anaconda3/envs/python38/lib/python3.8/site-packages/airflow/example_dags/example_sensor_decorator.py for tasks to queue
[2023-11-08T18:40:57.275-0500] {logging_mixin.py:154} INFO - [2023-11-08T18:40:57.274-0500] {dagbag.py:536} INFO - Filling up the DagBag from /Users/az/anaconda3/envs/python38/lib/python3.8/site-packages/airflow/example_dags/example_sensor_decorator.py
[2023-11-08T18:40:57.305-0500] {processor.py:839} INFO - DAG(s) dict_keys(['example_sensor_decorator']) retrieved from /Users/az/anaconda3/envs/python38/lib/python3.8/site-packages/airflow/example_dags/example_sensor_decorator.py
[2023-11-08T18:40:57.412-0500] {logging_mixin.py:154} INFO - [2023-11-08T18:40:57.412-0500] {dag.py:2941} INFO - Sync 1 DAGs
[2023-11-08T18:40:57.418-0500] {logging_mixin.py:154} INFO - [2023-11-08T18:40:57.417-0500] {dag.py:3722} INFO - Setting next_dagrun for example_sensor_decorator to None, run_after=None
[2023-11-08T18:40:57.428-0500] {processor.py:179} INFO - Processing /Users/az/anaconda3/envs/python38/lib/python3.8/site-packages/airflow/example_dags/example_sensor_decorator.py took 0.158 seconds
[2023-11-08T18:42:56.526-0500] {processor.py:157} INFO - Started process (PID=52174) to work on /Users/az/anaconda3/envs/python38/lib/python3.8/site-packages/airflow/example_dags/example_sensor_decorator.py
[2023-11-08T18:42:56.531-0500] {processor.py:829} INFO - Processing file /Users/az/anaconda3/envs/python38/lib/python3.8/site-packages/airflow/example_dags/example_sensor_decorator.py for tasks to queue
[2023-11-08T18:42:56.531-0500] {logging_mixin.py:154} INFO - [2023-11-08T18:42:56.531-0500] {dagbag.py:536} INFO - Filling up the DagBag from /Users/az/anaconda3/envs/python38/lib/python3.8/site-packages/airflow/example_dags/example_sensor_decorator.py
[2023-11-08T18:42:56.565-0500] {processor.py:839} INFO - DAG(s) dict_keys(['example_sensor_decorator']) retrieved from /Users/az/anaconda3/envs/python38/lib/python3.8/site-packages/airflow/example_dags/example_sensor_decorator.py
[2023-11-08T18:42:56.673-0500] {logging_mixin.py:154} INFO - [2023-11-08T18:42:56.673-0500] {dag.py:2941} INFO - Sync 1 DAGs
[2023-11-08T18:42:56.679-0500] {logging_mixin.py:154} INFO - [2023-11-08T18:42:56.679-0500] {dag.py:3722} INFO - Setting next_dagrun for example_sensor_decorator to None, run_after=None
[2023-11-08T18:42:56.689-0500] {processor.py:179} INFO - Processing /Users/az/anaconda3/envs/python38/lib/python3.8/site-packages/airflow/example_dags/example_sensor_decorator.py took 0.164 seconds
[2023-11-08T18:44:58.570-0500] {processor.py:157} INFO - Started process (PID=52324) to work on /Users/az/anaconda3/envs/python38/lib/python3.8/site-packages/airflow/example_dags/example_sensor_decorator.py
[2023-11-08T18:44:58.574-0500] {processor.py:829} INFO - Processing file /Users/az/anaconda3/envs/python38/lib/python3.8/site-packages/airflow/example_dags/example_sensor_decorator.py for tasks to queue
[2023-11-08T18:44:58.575-0500] {logging_mixin.py:154} INFO - [2023-11-08T18:44:58.574-0500] {dagbag.py:536} INFO - Filling up the DagBag from /Users/az/anaconda3/envs/python38/lib/python3.8/site-packages/airflow/example_dags/example_sensor_decorator.py
[2023-11-08T18:44:58.609-0500] {processor.py:839} INFO - DAG(s) dict_keys(['example_sensor_decorator']) retrieved from /Users/az/anaconda3/envs/python38/lib/python3.8/site-packages/airflow/example_dags/example_sensor_decorator.py
[2023-11-08T18:44:58.720-0500] {logging_mixin.py:154} INFO - [2023-11-08T18:44:58.720-0500] {dag.py:2941} INFO - Sync 1 DAGs
[2023-11-08T18:44:58.726-0500] {logging_mixin.py:154} INFO - [2023-11-08T18:44:58.726-0500] {dag.py:3722} INFO - Setting next_dagrun for example_sensor_decorator to None, run_after=None
[2023-11-08T18:44:58.736-0500] {processor.py:179} INFO - Processing /Users/az/anaconda3/envs/python38/lib/python3.8/site-packages/airflow/example_dags/example_sensor_decorator.py took 0.166 seconds
[2023-11-08T18:47:03.466-0500] {processor.py:157} INFO - Started process (PID=52494) to work on /Users/az/anaconda3/envs/python38/lib/python3.8/site-packages/airflow/example_dags/example_sensor_decorator.py
[2023-11-08T18:47:03.470-0500] {processor.py:829} INFO - Processing file /Users/az/anaconda3/envs/python38/lib/python3.8/site-packages/airflow/example_dags/example_sensor_decorator.py for tasks to queue
[2023-11-08T18:47:03.470-0500] {logging_mixin.py:154} INFO - [2023-11-08T18:47:03.470-0500] {dagbag.py:536} INFO - Filling up the DagBag from /Users/az/anaconda3/envs/python38/lib/python3.8/site-packages/airflow/example_dags/example_sensor_decorator.py
[2023-11-08T18:47:03.503-0500] {processor.py:839} INFO - DAG(s) dict_keys(['example_sensor_decorator']) retrieved from /Users/az/anaconda3/envs/python38/lib/python3.8/site-packages/airflow/example_dags/example_sensor_decorator.py
[2023-11-08T18:47:03.621-0500] {logging_mixin.py:154} INFO - [2023-11-08T18:47:03.621-0500] {dag.py:2941} INFO - Sync 1 DAGs
[2023-11-08T18:47:03.627-0500] {logging_mixin.py:154} INFO - [2023-11-08T18:47:03.627-0500] {dag.py:3722} INFO - Setting next_dagrun for example_sensor_decorator to None, run_after=None
[2023-11-08T18:47:03.638-0500] {processor.py:179} INFO - Processing /Users/az/anaconda3/envs/python38/lib/python3.8/site-packages/airflow/example_dags/example_sensor_decorator.py took 0.172 seconds
[2023-11-08T18:49:06.331-0500] {processor.py:157} INFO - Started process (PID=52681) to work on /Users/az/anaconda3/envs/python38/lib/python3.8/site-packages/airflow/example_dags/example_sensor_decorator.py
[2023-11-08T18:49:06.336-0500] {processor.py:829} INFO - Processing file /Users/az/anaconda3/envs/python38/lib/python3.8/site-packages/airflow/example_dags/example_sensor_decorator.py for tasks to queue
[2023-11-08T18:49:06.336-0500] {logging_mixin.py:154} INFO - [2023-11-08T18:49:06.336-0500] {dagbag.py:536} INFO - Filling up the DagBag from /Users/az/anaconda3/envs/python38/lib/python3.8/site-packages/airflow/example_dags/example_sensor_decorator.py
[2023-11-08T18:49:06.367-0500] {processor.py:839} INFO - DAG(s) dict_keys(['example_sensor_decorator']) retrieved from /Users/az/anaconda3/envs/python38/lib/python3.8/site-packages/airflow/example_dags/example_sensor_decorator.py
[2023-11-08T18:49:06.477-0500] {logging_mixin.py:154} INFO - [2023-11-08T18:49:06.476-0500] {dag.py:2941} INFO - Sync 1 DAGs
[2023-11-08T18:49:06.482-0500] {logging_mixin.py:154} INFO - [2023-11-08T18:49:06.482-0500] {dag.py:3722} INFO - Setting next_dagrun for example_sensor_decorator to None, run_after=None
[2023-11-08T18:49:06.492-0500] {processor.py:179} INFO - Processing /Users/az/anaconda3/envs/python38/lib/python3.8/site-packages/airflow/example_dags/example_sensor_decorator.py took 0.162 seconds
[2023-11-08T18:51:07.171-0500] {processor.py:157} INFO - Started process (PID=52835) to work on /Users/az/anaconda3/envs/python38/lib/python3.8/site-packages/airflow/example_dags/example_sensor_decorator.py
[2023-11-08T18:51:07.176-0500] {processor.py:829} INFO - Processing file /Users/az/anaconda3/envs/python38/lib/python3.8/site-packages/airflow/example_dags/example_sensor_decorator.py for tasks to queue
[2023-11-08T18:51:07.176-0500] {logging_mixin.py:154} INFO - [2023-11-08T18:51:07.176-0500] {dagbag.py:536} INFO - Filling up the DagBag from /Users/az/anaconda3/envs/python38/lib/python3.8/site-packages/airflow/example_dags/example_sensor_decorator.py
[2023-11-08T18:51:07.208-0500] {processor.py:839} INFO - DAG(s) dict_keys(['example_sensor_decorator']) retrieved from /Users/az/anaconda3/envs/python38/lib/python3.8/site-packages/airflow/example_dags/example_sensor_decorator.py
[2023-11-08T18:51:07.315-0500] {logging_mixin.py:154} INFO - [2023-11-08T18:51:07.315-0500] {dag.py:2941} INFO - Sync 1 DAGs
[2023-11-08T18:51:07.321-0500] {logging_mixin.py:154} INFO - [2023-11-08T18:51:07.321-0500] {dag.py:3722} INFO - Setting next_dagrun for example_sensor_decorator to None, run_after=None
[2023-11-08T18:51:07.331-0500] {processor.py:179} INFO - Processing /Users/az/anaconda3/envs/python38/lib/python3.8/site-packages/airflow/example_dags/example_sensor_decorator.py took 0.161 seconds
[2023-11-08T18:53:09.527-0500] {processor.py:157} INFO - Started process (PID=52984) to work on /Users/az/anaconda3/envs/python38/lib/python3.8/site-packages/airflow/example_dags/example_sensor_decorator.py
[2023-11-08T18:53:09.532-0500] {processor.py:829} INFO - Processing file /Users/az/anaconda3/envs/python38/lib/python3.8/site-packages/airflow/example_dags/example_sensor_decorator.py for tasks to queue
[2023-11-08T18:53:09.532-0500] {logging_mixin.py:154} INFO - [2023-11-08T18:53:09.532-0500] {dagbag.py:536} INFO - Filling up the DagBag from /Users/az/anaconda3/envs/python38/lib/python3.8/site-packages/airflow/example_dags/example_sensor_decorator.py
[2023-11-08T18:53:09.564-0500] {processor.py:839} INFO - DAG(s) dict_keys(['example_sensor_decorator']) retrieved from /Users/az/anaconda3/envs/python38/lib/python3.8/site-packages/airflow/example_dags/example_sensor_decorator.py
[2023-11-08T18:53:09.671-0500] {logging_mixin.py:154} INFO - [2023-11-08T18:53:09.671-0500] {dag.py:2941} INFO - Sync 1 DAGs
[2023-11-08T18:53:09.677-0500] {logging_mixin.py:154} INFO - [2023-11-08T18:53:09.677-0500] {dag.py:3722} INFO - Setting next_dagrun for example_sensor_decorator to None, run_after=None
[2023-11-08T18:53:09.687-0500] {processor.py:179} INFO - Processing /Users/az/anaconda3/envs/python38/lib/python3.8/site-packages/airflow/example_dags/example_sensor_decorator.py took 0.161 seconds
[2023-11-08T18:55:13.857-0500] {processor.py:157} INFO - Started process (PID=53150) to work on /Users/az/anaconda3/envs/python38/lib/python3.8/site-packages/airflow/example_dags/example_sensor_decorator.py
[2023-11-08T18:55:13.861-0500] {processor.py:829} INFO - Processing file /Users/az/anaconda3/envs/python38/lib/python3.8/site-packages/airflow/example_dags/example_sensor_decorator.py for tasks to queue
[2023-11-08T18:55:13.861-0500] {logging_mixin.py:154} INFO - [2023-11-08T18:55:13.861-0500] {dagbag.py:536} INFO - Filling up the DagBag from /Users/az/anaconda3/envs/python38/lib/python3.8/site-packages/airflow/example_dags/example_sensor_decorator.py
[2023-11-08T18:55:13.896-0500] {processor.py:839} INFO - DAG(s) dict_keys(['example_sensor_decorator']) retrieved from /Users/az/anaconda3/envs/python38/lib/python3.8/site-packages/airflow/example_dags/example_sensor_decorator.py
[2023-11-08T18:55:14.051-0500] {logging_mixin.py:154} INFO - [2023-11-08T18:55:14.051-0500] {dag.py:2941} INFO - Sync 1 DAGs
[2023-11-08T18:55:14.057-0500] {logging_mixin.py:154} INFO - [2023-11-08T18:55:14.057-0500] {dag.py:3722} INFO - Setting next_dagrun for example_sensor_decorator to None, run_after=None
[2023-11-08T18:55:14.067-0500] {processor.py:179} INFO - Processing /Users/az/anaconda3/envs/python38/lib/python3.8/site-packages/airflow/example_dags/example_sensor_decorator.py took 0.211 seconds
[2023-11-08T18:57:21.199-0500] {processor.py:157} INFO - Started process (PID=53316) to work on /Users/az/anaconda3/envs/python38/lib/python3.8/site-packages/airflow/example_dags/example_sensor_decorator.py
[2023-11-08T18:57:21.204-0500] {processor.py:829} INFO - Processing file /Users/az/anaconda3/envs/python38/lib/python3.8/site-packages/airflow/example_dags/example_sensor_decorator.py for tasks to queue
[2023-11-08T18:57:21.204-0500] {logging_mixin.py:154} INFO - [2023-11-08T18:57:21.204-0500] {dagbag.py:536} INFO - Filling up the DagBag from /Users/az/anaconda3/envs/python38/lib/python3.8/site-packages/airflow/example_dags/example_sensor_decorator.py
[2023-11-08T18:57:21.236-0500] {processor.py:839} INFO - DAG(s) dict_keys(['example_sensor_decorator']) retrieved from /Users/az/anaconda3/envs/python38/lib/python3.8/site-packages/airflow/example_dags/example_sensor_decorator.py
[2023-11-08T18:57:21.344-0500] {logging_mixin.py:154} INFO - [2023-11-08T18:57:21.344-0500] {dag.py:2941} INFO - Sync 1 DAGs
[2023-11-08T18:57:21.350-0500] {logging_mixin.py:154} INFO - [2023-11-08T18:57:21.350-0500] {dag.py:3722} INFO - Setting next_dagrun for example_sensor_decorator to None, run_after=None
[2023-11-08T18:57:21.360-0500] {processor.py:179} INFO - Processing /Users/az/anaconda3/envs/python38/lib/python3.8/site-packages/airflow/example_dags/example_sensor_decorator.py took 0.162 seconds
[2023-11-08T18:59:27.458-0500] {processor.py:157} INFO - Started process (PID=53472) to work on /Users/az/anaconda3/envs/python38/lib/python3.8/site-packages/airflow/example_dags/example_sensor_decorator.py
[2023-11-08T18:59:27.462-0500] {processor.py:829} INFO - Processing file /Users/az/anaconda3/envs/python38/lib/python3.8/site-packages/airflow/example_dags/example_sensor_decorator.py for tasks to queue
[2023-11-08T18:59:27.463-0500] {logging_mixin.py:154} INFO - [2023-11-08T18:59:27.463-0500] {dagbag.py:536} INFO - Filling up the DagBag from /Users/az/anaconda3/envs/python38/lib/python3.8/site-packages/airflow/example_dags/example_sensor_decorator.py
[2023-11-08T18:59:27.494-0500] {processor.py:839} INFO - DAG(s) dict_keys(['example_sensor_decorator']) retrieved from /Users/az/anaconda3/envs/python38/lib/python3.8/site-packages/airflow/example_dags/example_sensor_decorator.py
[2023-11-08T18:59:27.602-0500] {logging_mixin.py:154} INFO - [2023-11-08T18:59:27.602-0500] {dag.py:2941} INFO - Sync 1 DAGs
[2023-11-08T18:59:27.608-0500] {logging_mixin.py:154} INFO - [2023-11-08T18:59:27.608-0500] {dag.py:3722} INFO - Setting next_dagrun for example_sensor_decorator to None, run_after=None
[2023-11-08T18:59:27.618-0500] {processor.py:179} INFO - Processing /Users/az/anaconda3/envs/python38/lib/python3.8/site-packages/airflow/example_dags/example_sensor_decorator.py took 0.161 seconds
