[2023-11-08T17:48:31.495-0500] {processor.py:157} INFO - Started process (PID=48996) to work on /Users/az/anaconda3/envs/python38/lib/python3.8/site-packages/airflow/example_dags/example_bash_operator.py
[2023-11-08T17:48:31.498-0500] {processor.py:829} INFO - Processing file /Users/az/anaconda3/envs/python38/lib/python3.8/site-packages/airflow/example_dags/example_bash_operator.py for tasks to queue
[2023-11-08T17:48:31.499-0500] {logging_mixin.py:154} INFO - [2023-11-08T17:48:31.499-0500] {dagbag.py:536} INFO - Filling up the DagBag from /Users/az/anaconda3/envs/python38/lib/python3.8/site-packages/airflow/example_dags/example_bash_operator.py
[2023-11-08T17:48:31.543-0500] {processor.py:839} INFO - DAG(s) dict_keys(['example_bash_operator']) retrieved from /Users/az/anaconda3/envs/python38/lib/python3.8/site-packages/airflow/example_dags/example_bash_operator.py
[2023-11-08T17:48:31.877-0500] {logging_mixin.py:154} INFO - [2023-11-08T17:48:31.877-0500] {manager.py:499} INFO - Created Permission View: %s
[2023-11-08T17:48:31.882-0500] {logging_mixin.py:154} INFO - [2023-11-08T17:48:31.882-0500] {manager.py:499} INFO - Created Permission View: %s
[2023-11-08T17:48:31.885-0500] {logging_mixin.py:154} INFO - [2023-11-08T17:48:31.885-0500] {manager.py:499} INFO - Created Permission View: %s
[2023-11-08T17:48:31.885-0500] {logging_mixin.py:154} INFO - [2023-11-08T17:48:31.885-0500] {dag.py:2941} INFO - Sync 1 DAGs
[2023-11-08T17:48:31.891-0500] {logging_mixin.py:154} INFO - [2023-11-08T17:48:31.890-0500] {dag.py:2963} INFO - Creating ORM DAG for example_bash_operator
[2023-11-08T17:48:31.896-0500] {logging_mixin.py:154} INFO - [2023-11-08T17:48:31.895-0500] {dag.py:3722} INFO - Setting next_dagrun for example_bash_operator to 2023-11-07T00:00:00+00:00, run_after=2023-11-08T00:00:00+00:00
[2023-11-08T17:48:31.905-0500] {processor.py:179} INFO - Processing /Users/az/anaconda3/envs/python38/lib/python3.8/site-packages/airflow/example_dags/example_bash_operator.py took 0.411 seconds
[2023-11-08T17:50:36.493-0500] {processor.py:157} INFO - Started process (PID=49205) to work on /Users/az/anaconda3/envs/python38/lib/python3.8/site-packages/airflow/example_dags/example_bash_operator.py
[2023-11-08T17:50:36.497-0500] {processor.py:829} INFO - Processing file /Users/az/anaconda3/envs/python38/lib/python3.8/site-packages/airflow/example_dags/example_bash_operator.py for tasks to queue
[2023-11-08T17:50:36.497-0500] {logging_mixin.py:154} INFO - [2023-11-08T17:50:36.497-0500] {dagbag.py:536} INFO - Filling up the DagBag from /Users/az/anaconda3/envs/python38/lib/python3.8/site-packages/airflow/example_dags/example_bash_operator.py
[2023-11-08T17:50:36.541-0500] {processor.py:839} INFO - DAG(s) dict_keys(['example_bash_operator']) retrieved from /Users/az/anaconda3/envs/python38/lib/python3.8/site-packages/airflow/example_dags/example_bash_operator.py
[2023-11-08T17:50:36.629-0500] {logging_mixin.py:154} INFO - [2023-11-08T17:50:36.629-0500] {dag.py:2941} INFO - Sync 1 DAGs
[2023-11-08T17:50:36.639-0500] {logging_mixin.py:154} INFO - [2023-11-08T17:50:36.638-0500] {dag.py:3722} INFO - Setting next_dagrun for example_bash_operator to 2023-11-07T00:00:00+00:00, run_after=2023-11-08T00:00:00+00:00
[2023-11-08T17:50:36.649-0500] {processor.py:179} INFO - Processing /Users/az/anaconda3/envs/python38/lib/python3.8/site-packages/airflow/example_dags/example_bash_operator.py took 0.157 seconds
[2023-11-08T17:52:32.269-0500] {processor.py:157} INFO - Started process (PID=49361) to work on /Users/az/anaconda3/envs/python38/lib/python3.8/site-packages/airflow/example_dags/example_bash_operator.py
[2023-11-08T17:52:32.273-0500] {processor.py:829} INFO - Processing file /Users/az/anaconda3/envs/python38/lib/python3.8/site-packages/airflow/example_dags/example_bash_operator.py for tasks to queue
[2023-11-08T17:52:32.274-0500] {logging_mixin.py:154} INFO - [2023-11-08T17:52:32.274-0500] {dagbag.py:536} INFO - Filling up the DagBag from /Users/az/anaconda3/envs/python38/lib/python3.8/site-packages/airflow/example_dags/example_bash_operator.py
[2023-11-08T17:52:32.317-0500] {processor.py:839} INFO - DAG(s) dict_keys(['example_bash_operator']) retrieved from /Users/az/anaconda3/envs/python38/lib/python3.8/site-packages/airflow/example_dags/example_bash_operator.py
[2023-11-08T17:52:32.403-0500] {logging_mixin.py:154} INFO - [2023-11-08T17:52:32.403-0500] {dag.py:2941} INFO - Sync 1 DAGs
[2023-11-08T17:52:32.413-0500] {logging_mixin.py:154} INFO - [2023-11-08T17:52:32.413-0500] {dag.py:3722} INFO - Setting next_dagrun for example_bash_operator to 2023-11-07T00:00:00+00:00, run_after=2023-11-08T00:00:00+00:00
[2023-11-08T17:52:32.423-0500] {processor.py:179} INFO - Processing /Users/az/anaconda3/envs/python38/lib/python3.8/site-packages/airflow/example_dags/example_bash_operator.py took 0.154 seconds
[2023-11-08T17:54:24.798-0500] {processor.py:157} INFO - Started process (PID=49502) to work on /Users/az/anaconda3/envs/python38/lib/python3.8/site-packages/airflow/example_dags/example_bash_operator.py
[2023-11-08T17:54:24.802-0500] {processor.py:829} INFO - Processing file /Users/az/anaconda3/envs/python38/lib/python3.8/site-packages/airflow/example_dags/example_bash_operator.py for tasks to queue
[2023-11-08T17:54:24.803-0500] {logging_mixin.py:154} INFO - [2023-11-08T17:54:24.803-0500] {dagbag.py:536} INFO - Filling up the DagBag from /Users/az/anaconda3/envs/python38/lib/python3.8/site-packages/airflow/example_dags/example_bash_operator.py
[2023-11-08T17:54:24.846-0500] {processor.py:839} INFO - DAG(s) dict_keys(['example_bash_operator']) retrieved from /Users/az/anaconda3/envs/python38/lib/python3.8/site-packages/airflow/example_dags/example_bash_operator.py
[2023-11-08T17:54:24.933-0500] {logging_mixin.py:154} INFO - [2023-11-08T17:54:24.933-0500] {dag.py:2941} INFO - Sync 1 DAGs
[2023-11-08T17:54:24.943-0500] {logging_mixin.py:154} INFO - [2023-11-08T17:54:24.942-0500] {dag.py:3722} INFO - Setting next_dagrun for example_bash_operator to 2023-11-07T00:00:00+00:00, run_after=2023-11-08T00:00:00+00:00
[2023-11-08T17:54:24.953-0500] {processor.py:179} INFO - Processing /Users/az/anaconda3/envs/python38/lib/python3.8/site-packages/airflow/example_dags/example_bash_operator.py took 0.155 seconds
[2023-11-08T17:56:25.915-0500] {processor.py:157} INFO - Started process (PID=49649) to work on /Users/az/anaconda3/envs/python38/lib/python3.8/site-packages/airflow/example_dags/example_bash_operator.py
[2023-11-08T17:56:25.920-0500] {processor.py:829} INFO - Processing file /Users/az/anaconda3/envs/python38/lib/python3.8/site-packages/airflow/example_dags/example_bash_operator.py for tasks to queue
[2023-11-08T17:56:25.920-0500] {logging_mixin.py:154} INFO - [2023-11-08T17:56:25.920-0500] {dagbag.py:536} INFO - Filling up the DagBag from /Users/az/anaconda3/envs/python38/lib/python3.8/site-packages/airflow/example_dags/example_bash_operator.py
[2023-11-08T17:56:25.963-0500] {processor.py:839} INFO - DAG(s) dict_keys(['example_bash_operator']) retrieved from /Users/az/anaconda3/envs/python38/lib/python3.8/site-packages/airflow/example_dags/example_bash_operator.py
[2023-11-08T17:56:26.050-0500] {logging_mixin.py:154} INFO - [2023-11-08T17:56:26.050-0500] {dag.py:2941} INFO - Sync 1 DAGs
[2023-11-08T17:56:26.059-0500] {logging_mixin.py:154} INFO - [2023-11-08T17:56:26.059-0500] {dag.py:3722} INFO - Setting next_dagrun for example_bash_operator to 2023-11-07T00:00:00+00:00, run_after=2023-11-08T00:00:00+00:00
[2023-11-08T17:56:26.069-0500] {processor.py:179} INFO - Processing /Users/az/anaconda3/envs/python38/lib/python3.8/site-packages/airflow/example_dags/example_bash_operator.py took 0.155 seconds
[2023-11-08T17:58:27.175-0500] {processor.py:157} INFO - Started process (PID=49821) to work on /Users/az/anaconda3/envs/python38/lib/python3.8/site-packages/airflow/example_dags/example_bash_operator.py
[2023-11-08T17:58:27.180-0500] {processor.py:829} INFO - Processing file /Users/az/anaconda3/envs/python38/lib/python3.8/site-packages/airflow/example_dags/example_bash_operator.py for tasks to queue
[2023-11-08T17:58:27.180-0500] {logging_mixin.py:154} INFO - [2023-11-08T17:58:27.180-0500] {dagbag.py:536} INFO - Filling up the DagBag from /Users/az/anaconda3/envs/python38/lib/python3.8/site-packages/airflow/example_dags/example_bash_operator.py
[2023-11-08T17:58:27.224-0500] {processor.py:839} INFO - DAG(s) dict_keys(['example_bash_operator']) retrieved from /Users/az/anaconda3/envs/python38/lib/python3.8/site-packages/airflow/example_dags/example_bash_operator.py
[2023-11-08T17:58:27.314-0500] {logging_mixin.py:154} INFO - [2023-11-08T17:58:27.314-0500] {dag.py:2941} INFO - Sync 1 DAGs
[2023-11-08T17:58:27.323-0500] {logging_mixin.py:154} INFO - [2023-11-08T17:58:27.323-0500] {dag.py:3722} INFO - Setting next_dagrun for example_bash_operator to 2023-11-07T00:00:00+00:00, run_after=2023-11-08T00:00:00+00:00
[2023-11-08T17:58:27.333-0500] {processor.py:179} INFO - Processing /Users/az/anaconda3/envs/python38/lib/python3.8/site-packages/airflow/example_dags/example_bash_operator.py took 0.159 seconds
[2023-11-08T18:00:28.764-0500] {processor.py:157} INFO - Started process (PID=49971) to work on /Users/az/anaconda3/envs/python38/lib/python3.8/site-packages/airflow/example_dags/example_bash_operator.py
[2023-11-08T18:00:28.769-0500] {processor.py:829} INFO - Processing file /Users/az/anaconda3/envs/python38/lib/python3.8/site-packages/airflow/example_dags/example_bash_operator.py for tasks to queue
[2023-11-08T18:00:28.769-0500] {logging_mixin.py:154} INFO - [2023-11-08T18:00:28.769-0500] {dagbag.py:536} INFO - Filling up the DagBag from /Users/az/anaconda3/envs/python38/lib/python3.8/site-packages/airflow/example_dags/example_bash_operator.py
[2023-11-08T18:00:28.813-0500] {processor.py:839} INFO - DAG(s) dict_keys(['example_bash_operator']) retrieved from /Users/az/anaconda3/envs/python38/lib/python3.8/site-packages/airflow/example_dags/example_bash_operator.py
[2023-11-08T18:00:28.900-0500] {logging_mixin.py:154} INFO - [2023-11-08T18:00:28.900-0500] {dag.py:2941} INFO - Sync 1 DAGs
[2023-11-08T18:00:28.909-0500] {logging_mixin.py:154} INFO - [2023-11-08T18:00:28.909-0500] {dag.py:3722} INFO - Setting next_dagrun for example_bash_operator to 2023-11-07T00:00:00+00:00, run_after=2023-11-08T00:00:00+00:00
[2023-11-08T18:00:28.919-0500] {processor.py:179} INFO - Processing /Users/az/anaconda3/envs/python38/lib/python3.8/site-packages/airflow/example_dags/example_bash_operator.py took 0.155 seconds
[2023-11-08T18:02:25.833-0500] {processor.py:157} INFO - Started process (PID=50143) to work on /Users/az/anaconda3/envs/python38/lib/python3.8/site-packages/airflow/example_dags/example_bash_operator.py
[2023-11-08T18:02:25.837-0500] {processor.py:829} INFO - Processing file /Users/az/anaconda3/envs/python38/lib/python3.8/site-packages/airflow/example_dags/example_bash_operator.py for tasks to queue
[2023-11-08T18:02:25.837-0500] {logging_mixin.py:154} INFO - [2023-11-08T18:02:25.837-0500] {dagbag.py:536} INFO - Filling up the DagBag from /Users/az/anaconda3/envs/python38/lib/python3.8/site-packages/airflow/example_dags/example_bash_operator.py
[2023-11-08T18:02:25.881-0500] {processor.py:839} INFO - DAG(s) dict_keys(['example_bash_operator']) retrieved from /Users/az/anaconda3/envs/python38/lib/python3.8/site-packages/airflow/example_dags/example_bash_operator.py
[2023-11-08T18:02:25.967-0500] {logging_mixin.py:154} INFO - [2023-11-08T18:02:25.966-0500] {dag.py:2941} INFO - Sync 1 DAGs
[2023-11-08T18:02:25.976-0500] {logging_mixin.py:154} INFO - [2023-11-08T18:02:25.976-0500] {dag.py:3722} INFO - Setting next_dagrun for example_bash_operator to 2023-11-07T00:00:00+00:00, run_after=2023-11-08T00:00:00+00:00
[2023-11-08T18:02:25.986-0500] {processor.py:179} INFO - Processing /Users/az/anaconda3/envs/python38/lib/python3.8/site-packages/airflow/example_dags/example_bash_operator.py took 0.154 seconds
[2023-11-08T18:04:24.799-0500] {processor.py:157} INFO - Started process (PID=50466) to work on /Users/az/anaconda3/envs/python38/lib/python3.8/site-packages/airflow/example_dags/example_bash_operator.py
[2023-11-08T18:04:24.804-0500] {processor.py:829} INFO - Processing file /Users/az/anaconda3/envs/python38/lib/python3.8/site-packages/airflow/example_dags/example_bash_operator.py for tasks to queue
[2023-11-08T18:04:24.804-0500] {logging_mixin.py:154} INFO - [2023-11-08T18:04:24.804-0500] {dagbag.py:536} INFO - Filling up the DagBag from /Users/az/anaconda3/envs/python38/lib/python3.8/site-packages/airflow/example_dags/example_bash_operator.py
[2023-11-08T18:04:24.847-0500] {processor.py:839} INFO - DAG(s) dict_keys(['example_bash_operator']) retrieved from /Users/az/anaconda3/envs/python38/lib/python3.8/site-packages/airflow/example_dags/example_bash_operator.py
[2023-11-08T18:04:24.933-0500] {logging_mixin.py:154} INFO - [2023-11-08T18:04:24.933-0500] {dag.py:2941} INFO - Sync 1 DAGs
[2023-11-08T18:04:24.943-0500] {logging_mixin.py:154} INFO - [2023-11-08T18:04:24.943-0500] {dag.py:3722} INFO - Setting next_dagrun for example_bash_operator to 2023-11-07T00:00:00+00:00, run_after=2023-11-08T00:00:00+00:00
[2023-11-08T18:04:24.953-0500] {processor.py:179} INFO - Processing /Users/az/anaconda3/envs/python38/lib/python3.8/site-packages/airflow/example_dags/example_bash_operator.py took 0.154 seconds
[2023-11-08T18:06:20.028-0500] {processor.py:157} INFO - Started process (PID=50613) to work on /Users/az/anaconda3/envs/python38/lib/python3.8/site-packages/airflow/example_dags/example_bash_operator.py
[2023-11-08T18:06:20.033-0500] {processor.py:829} INFO - Processing file /Users/az/anaconda3/envs/python38/lib/python3.8/site-packages/airflow/example_dags/example_bash_operator.py for tasks to queue
[2023-11-08T18:06:20.033-0500] {logging_mixin.py:154} INFO - [2023-11-08T18:06:20.033-0500] {dagbag.py:536} INFO - Filling up the DagBag from /Users/az/anaconda3/envs/python38/lib/python3.8/site-packages/airflow/example_dags/example_bash_operator.py
[2023-11-08T18:06:20.076-0500] {processor.py:839} INFO - DAG(s) dict_keys(['example_bash_operator']) retrieved from /Users/az/anaconda3/envs/python38/lib/python3.8/site-packages/airflow/example_dags/example_bash_operator.py
[2023-11-08T18:06:20.163-0500] {logging_mixin.py:154} INFO - [2023-11-08T18:06:20.163-0500] {dag.py:2941} INFO - Sync 1 DAGs
[2023-11-08T18:06:20.172-0500] {logging_mixin.py:154} INFO - [2023-11-08T18:06:20.172-0500] {dag.py:3722} INFO - Setting next_dagrun for example_bash_operator to 2023-11-07T00:00:00+00:00, run_after=2023-11-08T00:00:00+00:00
[2023-11-08T18:06:20.182-0500] {processor.py:179} INFO - Processing /Users/az/anaconda3/envs/python38/lib/python3.8/site-packages/airflow/example_dags/example_bash_operator.py took 0.155 seconds
[2023-11-08T18:08:13.647-0500] {processor.py:157} INFO - Started process (PID=50786) to work on /Users/az/anaconda3/envs/python38/lib/python3.8/site-packages/airflow/example_dags/example_bash_operator.py
[2023-11-08T18:08:13.651-0500] {processor.py:829} INFO - Processing file /Users/az/anaconda3/envs/python38/lib/python3.8/site-packages/airflow/example_dags/example_bash_operator.py for tasks to queue
[2023-11-08T18:08:13.651-0500] {logging_mixin.py:154} INFO - [2023-11-08T18:08:13.651-0500] {dagbag.py:536} INFO - Filling up the DagBag from /Users/az/anaconda3/envs/python38/lib/python3.8/site-packages/airflow/example_dags/example_bash_operator.py
[2023-11-08T18:08:13.695-0500] {processor.py:839} INFO - DAG(s) dict_keys(['example_bash_operator']) retrieved from /Users/az/anaconda3/envs/python38/lib/python3.8/site-packages/airflow/example_dags/example_bash_operator.py
[2023-11-08T18:08:13.785-0500] {logging_mixin.py:154} INFO - [2023-11-08T18:08:13.785-0500] {dag.py:2941} INFO - Sync 1 DAGs
[2023-11-08T18:08:13.796-0500] {logging_mixin.py:154} INFO - [2023-11-08T18:08:13.795-0500] {dag.py:3722} INFO - Setting next_dagrun for example_bash_operator to 2023-11-07T00:00:00+00:00, run_after=2023-11-08T00:00:00+00:00
[2023-11-08T18:08:13.808-0500] {processor.py:179} INFO - Processing /Users/az/anaconda3/envs/python38/lib/python3.8/site-packages/airflow/example_dags/example_bash_operator.py took 0.161 seconds
[2023-11-08T18:10:13.649-0500] {processor.py:157} INFO - Started process (PID=50945) to work on /Users/az/anaconda3/envs/python38/lib/python3.8/site-packages/airflow/example_dags/example_bash_operator.py
[2023-11-08T18:10:13.653-0500] {processor.py:829} INFO - Processing file /Users/az/anaconda3/envs/python38/lib/python3.8/site-packages/airflow/example_dags/example_bash_operator.py for tasks to queue
[2023-11-08T18:10:13.654-0500] {logging_mixin.py:154} INFO - [2023-11-08T18:10:13.654-0500] {dagbag.py:536} INFO - Filling up the DagBag from /Users/az/anaconda3/envs/python38/lib/python3.8/site-packages/airflow/example_dags/example_bash_operator.py
[2023-11-08T18:10:13.697-0500] {processor.py:839} INFO - DAG(s) dict_keys(['example_bash_operator']) retrieved from /Users/az/anaconda3/envs/python38/lib/python3.8/site-packages/airflow/example_dags/example_bash_operator.py
[2023-11-08T18:10:13.783-0500] {logging_mixin.py:154} INFO - [2023-11-08T18:10:13.783-0500] {dag.py:2941} INFO - Sync 1 DAGs
[2023-11-08T18:10:13.792-0500] {logging_mixin.py:154} INFO - [2023-11-08T18:10:13.792-0500] {dag.py:3722} INFO - Setting next_dagrun for example_bash_operator to 2023-11-07T00:00:00+00:00, run_after=2023-11-08T00:00:00+00:00
[2023-11-08T18:10:13.802-0500] {processor.py:179} INFO - Processing /Users/az/anaconda3/envs/python38/lib/python3.8/site-packages/airflow/example_dags/example_bash_operator.py took 0.154 seconds
[2023-11-08T18:17:11.605-0500] {processor.py:157} INFO - Started process (PID=51123) to work on /Users/az/anaconda3/envs/python38/lib/python3.8/site-packages/airflow/example_dags/example_bash_operator.py
[2023-11-08T18:17:11.609-0500] {processor.py:829} INFO - Processing file /Users/az/anaconda3/envs/python38/lib/python3.8/site-packages/airflow/example_dags/example_bash_operator.py for tasks to queue
[2023-11-08T18:17:11.610-0500] {logging_mixin.py:154} INFO - [2023-11-08T18:17:11.610-0500] {dagbag.py:536} INFO - Filling up the DagBag from /Users/az/anaconda3/envs/python38/lib/python3.8/site-packages/airflow/example_dags/example_bash_operator.py
[2023-11-08T18:17:11.654-0500] {processor.py:839} INFO - DAG(s) dict_keys(['example_bash_operator']) retrieved from /Users/az/anaconda3/envs/python38/lib/python3.8/site-packages/airflow/example_dags/example_bash_operator.py
[2023-11-08T18:17:11.742-0500] {logging_mixin.py:154} INFO - [2023-11-08T18:17:11.742-0500] {dag.py:2941} INFO - Sync 1 DAGs
[2023-11-08T18:17:11.752-0500] {logging_mixin.py:154} INFO - [2023-11-08T18:17:11.751-0500] {dag.py:3722} INFO - Setting next_dagrun for example_bash_operator to 2023-11-07T00:00:00+00:00, run_after=2023-11-08T00:00:00+00:00
[2023-11-08T18:17:11.762-0500] {processor.py:179} INFO - Processing /Users/az/anaconda3/envs/python38/lib/python3.8/site-packages/airflow/example_dags/example_bash_operator.py took 0.158 seconds
[2023-11-08T18:31:12.002-0500] {processor.py:157} INFO - Started process (PID=51301) to work on /Users/az/anaconda3/envs/python38/lib/python3.8/site-packages/airflow/example_dags/example_bash_operator.py
[2023-11-08T18:31:12.007-0500] {processor.py:829} INFO - Processing file /Users/az/anaconda3/envs/python38/lib/python3.8/site-packages/airflow/example_dags/example_bash_operator.py for tasks to queue
[2023-11-08T18:31:12.007-0500] {logging_mixin.py:154} INFO - [2023-11-08T18:31:12.007-0500] {dagbag.py:536} INFO - Filling up the DagBag from /Users/az/anaconda3/envs/python38/lib/python3.8/site-packages/airflow/example_dags/example_bash_operator.py
[2023-11-08T18:31:12.051-0500] {processor.py:839} INFO - DAG(s) dict_keys(['example_bash_operator']) retrieved from /Users/az/anaconda3/envs/python38/lib/python3.8/site-packages/airflow/example_dags/example_bash_operator.py
[2023-11-08T18:31:12.137-0500] {logging_mixin.py:154} INFO - [2023-11-08T18:31:12.136-0500] {dag.py:2941} INFO - Sync 1 DAGs
[2023-11-08T18:31:12.146-0500] {logging_mixin.py:154} INFO - [2023-11-08T18:31:12.146-0500] {dag.py:3722} INFO - Setting next_dagrun for example_bash_operator to 2023-11-07T00:00:00+00:00, run_after=2023-11-08T00:00:00+00:00
[2023-11-08T18:31:12.156-0500] {processor.py:179} INFO - Processing /Users/az/anaconda3/envs/python38/lib/python3.8/site-packages/airflow/example_dags/example_bash_operator.py took 0.155 seconds
[2023-11-08T18:33:11.197-0500] {processor.py:157} INFO - Started process (PID=51449) to work on /Users/az/anaconda3/envs/python38/lib/python3.8/site-packages/airflow/example_dags/example_bash_operator.py
[2023-11-08T18:33:11.201-0500] {processor.py:829} INFO - Processing file /Users/az/anaconda3/envs/python38/lib/python3.8/site-packages/airflow/example_dags/example_bash_operator.py for tasks to queue
[2023-11-08T18:33:11.201-0500] {logging_mixin.py:154} INFO - [2023-11-08T18:33:11.201-0500] {dagbag.py:536} INFO - Filling up the DagBag from /Users/az/anaconda3/envs/python38/lib/python3.8/site-packages/airflow/example_dags/example_bash_operator.py
[2023-11-08T18:33:11.245-0500] {processor.py:839} INFO - DAG(s) dict_keys(['example_bash_operator']) retrieved from /Users/az/anaconda3/envs/python38/lib/python3.8/site-packages/airflow/example_dags/example_bash_operator.py
[2023-11-08T18:33:11.331-0500] {logging_mixin.py:154} INFO - [2023-11-08T18:33:11.331-0500] {dag.py:2941} INFO - Sync 1 DAGs
[2023-11-08T18:33:11.341-0500] {logging_mixin.py:154} INFO - [2023-11-08T18:33:11.341-0500] {dag.py:3722} INFO - Setting next_dagrun for example_bash_operator to 2023-11-07T00:00:00+00:00, run_after=2023-11-08T00:00:00+00:00
[2023-11-08T18:33:11.351-0500] {processor.py:179} INFO - Processing /Users/az/anaconda3/envs/python38/lib/python3.8/site-packages/airflow/example_dags/example_bash_operator.py took 0.154 seconds
[2023-11-08T18:35:15.543-0500] {processor.py:157} INFO - Started process (PID=51605) to work on /Users/az/anaconda3/envs/python38/lib/python3.8/site-packages/airflow/example_dags/example_bash_operator.py
[2023-11-08T18:35:15.548-0500] {processor.py:829} INFO - Processing file /Users/az/anaconda3/envs/python38/lib/python3.8/site-packages/airflow/example_dags/example_bash_operator.py for tasks to queue
[2023-11-08T18:35:15.549-0500] {logging_mixin.py:154} INFO - [2023-11-08T18:35:15.548-0500] {dagbag.py:536} INFO - Filling up the DagBag from /Users/az/anaconda3/envs/python38/lib/python3.8/site-packages/airflow/example_dags/example_bash_operator.py
[2023-11-08T18:35:15.592-0500] {processor.py:839} INFO - DAG(s) dict_keys(['example_bash_operator']) retrieved from /Users/az/anaconda3/envs/python38/lib/python3.8/site-packages/airflow/example_dags/example_bash_operator.py
[2023-11-08T18:35:15.679-0500] {logging_mixin.py:154} INFO - [2023-11-08T18:35:15.679-0500] {dag.py:2941} INFO - Sync 1 DAGs
[2023-11-08T18:35:15.688-0500] {logging_mixin.py:154} INFO - [2023-11-08T18:35:15.688-0500] {dag.py:3722} INFO - Setting next_dagrun for example_bash_operator to 2023-11-07T00:00:00+00:00, run_after=2023-11-08T00:00:00+00:00
[2023-11-08T18:35:15.698-0500] {processor.py:179} INFO - Processing /Users/az/anaconda3/envs/python38/lib/python3.8/site-packages/airflow/example_dags/example_bash_operator.py took 0.155 seconds
[2023-11-08T18:37:12.162-0500] {processor.py:157} INFO - Started process (PID=51751) to work on /Users/az/anaconda3/envs/python38/lib/python3.8/site-packages/airflow/example_dags/example_bash_operator.py
[2023-11-08T18:37:12.166-0500] {processor.py:829} INFO - Processing file /Users/az/anaconda3/envs/python38/lib/python3.8/site-packages/airflow/example_dags/example_bash_operator.py for tasks to queue
[2023-11-08T18:37:12.167-0500] {logging_mixin.py:154} INFO - [2023-11-08T18:37:12.166-0500] {dagbag.py:536} INFO - Filling up the DagBag from /Users/az/anaconda3/envs/python38/lib/python3.8/site-packages/airflow/example_dags/example_bash_operator.py
[2023-11-08T18:37:12.210-0500] {processor.py:839} INFO - DAG(s) dict_keys(['example_bash_operator']) retrieved from /Users/az/anaconda3/envs/python38/lib/python3.8/site-packages/airflow/example_dags/example_bash_operator.py
[2023-11-08T18:37:12.296-0500] {logging_mixin.py:154} INFO - [2023-11-08T18:37:12.296-0500] {dag.py:2941} INFO - Sync 1 DAGs
[2023-11-08T18:37:12.306-0500] {logging_mixin.py:154} INFO - [2023-11-08T18:37:12.306-0500] {dag.py:3722} INFO - Setting next_dagrun for example_bash_operator to 2023-11-07T00:00:00+00:00, run_after=2023-11-08T00:00:00+00:00
[2023-11-08T18:37:12.316-0500] {processor.py:179} INFO - Processing /Users/az/anaconda3/envs/python38/lib/python3.8/site-packages/airflow/example_dags/example_bash_operator.py took 0.155 seconds
[2023-11-08T18:39:06.464-0500] {processor.py:157} INFO - Started process (PID=51896) to work on /Users/az/anaconda3/envs/python38/lib/python3.8/site-packages/airflow/example_dags/example_bash_operator.py
[2023-11-08T18:39:06.468-0500] {processor.py:829} INFO - Processing file /Users/az/anaconda3/envs/python38/lib/python3.8/site-packages/airflow/example_dags/example_bash_operator.py for tasks to queue
[2023-11-08T18:39:06.469-0500] {logging_mixin.py:154} INFO - [2023-11-08T18:39:06.469-0500] {dagbag.py:536} INFO - Filling up the DagBag from /Users/az/anaconda3/envs/python38/lib/python3.8/site-packages/airflow/example_dags/example_bash_operator.py
[2023-11-08T18:39:06.513-0500] {processor.py:839} INFO - DAG(s) dict_keys(['example_bash_operator']) retrieved from /Users/az/anaconda3/envs/python38/lib/python3.8/site-packages/airflow/example_dags/example_bash_operator.py
[2023-11-08T18:39:06.600-0500] {logging_mixin.py:154} INFO - [2023-11-08T18:39:06.600-0500] {dag.py:2941} INFO - Sync 1 DAGs
[2023-11-08T18:39:06.609-0500] {logging_mixin.py:154} INFO - [2023-11-08T18:39:06.609-0500] {dag.py:3722} INFO - Setting next_dagrun for example_bash_operator to 2023-11-07T00:00:00+00:00, run_after=2023-11-08T00:00:00+00:00
[2023-11-08T18:39:06.619-0500] {processor.py:179} INFO - Processing /Users/az/anaconda3/envs/python38/lib/python3.8/site-packages/airflow/example_dags/example_bash_operator.py took 0.156 seconds
[2023-11-08T18:41:13.311-0500] {processor.py:157} INFO - Started process (PID=52045) to work on /Users/az/anaconda3/envs/python38/lib/python3.8/site-packages/airflow/example_dags/example_bash_operator.py
[2023-11-08T18:41:13.315-0500] {processor.py:829} INFO - Processing file /Users/az/anaconda3/envs/python38/lib/python3.8/site-packages/airflow/example_dags/example_bash_operator.py for tasks to queue
[2023-11-08T18:41:13.316-0500] {logging_mixin.py:154} INFO - [2023-11-08T18:41:13.316-0500] {dagbag.py:536} INFO - Filling up the DagBag from /Users/az/anaconda3/envs/python38/lib/python3.8/site-packages/airflow/example_dags/example_bash_operator.py
[2023-11-08T18:41:13.359-0500] {processor.py:839} INFO - DAG(s) dict_keys(['example_bash_operator']) retrieved from /Users/az/anaconda3/envs/python38/lib/python3.8/site-packages/airflow/example_dags/example_bash_operator.py
[2023-11-08T18:41:13.445-0500] {logging_mixin.py:154} INFO - [2023-11-08T18:41:13.445-0500] {dag.py:2941} INFO - Sync 1 DAGs
[2023-11-08T18:41:13.455-0500] {logging_mixin.py:154} INFO - [2023-11-08T18:41:13.455-0500] {dag.py:3722} INFO - Setting next_dagrun for example_bash_operator to 2023-11-07T00:00:00+00:00, run_after=2023-11-08T00:00:00+00:00
[2023-11-08T18:41:13.465-0500] {processor.py:179} INFO - Processing /Users/az/anaconda3/envs/python38/lib/python3.8/site-packages/airflow/example_dags/example_bash_operator.py took 0.155 seconds
[2023-11-08T18:43:11.873-0500] {processor.py:157} INFO - Started process (PID=52190) to work on /Users/az/anaconda3/envs/python38/lib/python3.8/site-packages/airflow/example_dags/example_bash_operator.py
[2023-11-08T18:43:11.877-0500] {processor.py:829} INFO - Processing file /Users/az/anaconda3/envs/python38/lib/python3.8/site-packages/airflow/example_dags/example_bash_operator.py for tasks to queue
[2023-11-08T18:43:11.878-0500] {logging_mixin.py:154} INFO - [2023-11-08T18:43:11.878-0500] {dagbag.py:536} INFO - Filling up the DagBag from /Users/az/anaconda3/envs/python38/lib/python3.8/site-packages/airflow/example_dags/example_bash_operator.py
[2023-11-08T18:43:11.922-0500] {processor.py:839} INFO - DAG(s) dict_keys(['example_bash_operator']) retrieved from /Users/az/anaconda3/envs/python38/lib/python3.8/site-packages/airflow/example_dags/example_bash_operator.py
[2023-11-08T18:43:12.014-0500] {logging_mixin.py:154} INFO - [2023-11-08T18:43:12.014-0500] {dag.py:2941} INFO - Sync 1 DAGs
[2023-11-08T18:43:12.024-0500] {logging_mixin.py:154} INFO - [2023-11-08T18:43:12.024-0500] {dag.py:3722} INFO - Setting next_dagrun for example_bash_operator to 2023-11-07T00:00:00+00:00, run_after=2023-11-08T00:00:00+00:00
[2023-11-08T18:43:12.034-0500] {processor.py:179} INFO - Processing /Users/az/anaconda3/envs/python38/lib/python3.8/site-packages/airflow/example_dags/example_bash_operator.py took 0.161 seconds
[2023-11-08T18:45:15.177-0500] {processor.py:157} INFO - Started process (PID=52340) to work on /Users/az/anaconda3/envs/python38/lib/python3.8/site-packages/airflow/example_dags/example_bash_operator.py
[2023-11-08T18:45:15.182-0500] {processor.py:829} INFO - Processing file /Users/az/anaconda3/envs/python38/lib/python3.8/site-packages/airflow/example_dags/example_bash_operator.py for tasks to queue
[2023-11-08T18:45:15.182-0500] {logging_mixin.py:154} INFO - [2023-11-08T18:45:15.182-0500] {dagbag.py:536} INFO - Filling up the DagBag from /Users/az/anaconda3/envs/python38/lib/python3.8/site-packages/airflow/example_dags/example_bash_operator.py
[2023-11-08T18:45:15.225-0500] {processor.py:839} INFO - DAG(s) dict_keys(['example_bash_operator']) retrieved from /Users/az/anaconda3/envs/python38/lib/python3.8/site-packages/airflow/example_dags/example_bash_operator.py
[2023-11-08T18:45:15.313-0500] {logging_mixin.py:154} INFO - [2023-11-08T18:45:15.313-0500] {dag.py:2941} INFO - Sync 1 DAGs
[2023-11-08T18:45:15.322-0500] {logging_mixin.py:154} INFO - [2023-11-08T18:45:15.322-0500] {dag.py:3722} INFO - Setting next_dagrun for example_bash_operator to 2023-11-07T00:00:00+00:00, run_after=2023-11-08T00:00:00+00:00
[2023-11-08T18:45:15.332-0500] {processor.py:179} INFO - Processing /Users/az/anaconda3/envs/python38/lib/python3.8/site-packages/airflow/example_dags/example_bash_operator.py took 0.156 seconds
[2023-11-08T18:47:21.553-0500] {processor.py:157} INFO - Started process (PID=52512) to work on /Users/az/anaconda3/envs/python38/lib/python3.8/site-packages/airflow/example_dags/example_bash_operator.py
[2023-11-08T18:47:21.558-0500] {processor.py:829} INFO - Processing file /Users/az/anaconda3/envs/python38/lib/python3.8/site-packages/airflow/example_dags/example_bash_operator.py for tasks to queue
[2023-11-08T18:47:21.558-0500] {logging_mixin.py:154} INFO - [2023-11-08T18:47:21.558-0500] {dagbag.py:536} INFO - Filling up the DagBag from /Users/az/anaconda3/envs/python38/lib/python3.8/site-packages/airflow/example_dags/example_bash_operator.py
[2023-11-08T18:47:21.601-0500] {processor.py:839} INFO - DAG(s) dict_keys(['example_bash_operator']) retrieved from /Users/az/anaconda3/envs/python38/lib/python3.8/site-packages/airflow/example_dags/example_bash_operator.py
[2023-11-08T18:47:21.688-0500] {logging_mixin.py:154} INFO - [2023-11-08T18:47:21.688-0500] {dag.py:2941} INFO - Sync 1 DAGs
[2023-11-08T18:47:21.698-0500] {logging_mixin.py:154} INFO - [2023-11-08T18:47:21.698-0500] {dag.py:3722} INFO - Setting next_dagrun for example_bash_operator to 2023-11-07T00:00:00+00:00, run_after=2023-11-08T00:00:00+00:00
[2023-11-08T18:47:21.708-0500] {processor.py:179} INFO - Processing /Users/az/anaconda3/envs/python38/lib/python3.8/site-packages/airflow/example_dags/example_bash_operator.py took 0.156 seconds
[2023-11-08T18:49:21.604-0500] {processor.py:157} INFO - Started process (PID=52698) to work on /Users/az/anaconda3/envs/python38/lib/python3.8/site-packages/airflow/example_dags/example_bash_operator.py
[2023-11-08T18:49:21.609-0500] {processor.py:829} INFO - Processing file /Users/az/anaconda3/envs/python38/lib/python3.8/site-packages/airflow/example_dags/example_bash_operator.py for tasks to queue
[2023-11-08T18:49:21.609-0500] {logging_mixin.py:154} INFO - [2023-11-08T18:49:21.609-0500] {dagbag.py:536} INFO - Filling up the DagBag from /Users/az/anaconda3/envs/python38/lib/python3.8/site-packages/airflow/example_dags/example_bash_operator.py
[2023-11-08T18:49:21.653-0500] {processor.py:839} INFO - DAG(s) dict_keys(['example_bash_operator']) retrieved from /Users/az/anaconda3/envs/python38/lib/python3.8/site-packages/airflow/example_dags/example_bash_operator.py
[2023-11-08T18:49:21.739-0500] {logging_mixin.py:154} INFO - [2023-11-08T18:49:21.739-0500] {dag.py:2941} INFO - Sync 1 DAGs
[2023-11-08T18:49:21.749-0500] {logging_mixin.py:154} INFO - [2023-11-08T18:49:21.749-0500] {dag.py:3722} INFO - Setting next_dagrun for example_bash_operator to 2023-11-07T00:00:00+00:00, run_after=2023-11-08T00:00:00+00:00
[2023-11-08T18:49:21.759-0500] {processor.py:179} INFO - Processing /Users/az/anaconda3/envs/python38/lib/python3.8/site-packages/airflow/example_dags/example_bash_operator.py took 0.155 seconds
[2023-11-08T18:51:23.259-0500] {processor.py:157} INFO - Started process (PID=52851) to work on /Users/az/anaconda3/envs/python38/lib/python3.8/site-packages/airflow/example_dags/example_bash_operator.py
[2023-11-08T18:51:23.264-0500] {processor.py:829} INFO - Processing file /Users/az/anaconda3/envs/python38/lib/python3.8/site-packages/airflow/example_dags/example_bash_operator.py for tasks to queue
[2023-11-08T18:51:23.264-0500] {logging_mixin.py:154} INFO - [2023-11-08T18:51:23.264-0500] {dagbag.py:536} INFO - Filling up the DagBag from /Users/az/anaconda3/envs/python38/lib/python3.8/site-packages/airflow/example_dags/example_bash_operator.py
[2023-11-08T18:51:23.307-0500] {processor.py:839} INFO - DAG(s) dict_keys(['example_bash_operator']) retrieved from /Users/az/anaconda3/envs/python38/lib/python3.8/site-packages/airflow/example_dags/example_bash_operator.py
[2023-11-08T18:51:23.394-0500] {logging_mixin.py:154} INFO - [2023-11-08T18:51:23.394-0500] {dag.py:2941} INFO - Sync 1 DAGs
[2023-11-08T18:51:23.403-0500] {logging_mixin.py:154} INFO - [2023-11-08T18:51:23.403-0500] {dag.py:3722} INFO - Setting next_dagrun for example_bash_operator to 2023-11-07T00:00:00+00:00, run_after=2023-11-08T00:00:00+00:00
[2023-11-08T18:51:23.413-0500] {processor.py:179} INFO - Processing /Users/az/anaconda3/envs/python38/lib/python3.8/site-packages/airflow/example_dags/example_bash_operator.py took 0.155 seconds
[2023-11-08T18:53:26.251-0500] {processor.py:157} INFO - Started process (PID=53005) to work on /Users/az/anaconda3/envs/python38/lib/python3.8/site-packages/airflow/example_dags/example_bash_operator.py
[2023-11-08T18:53:26.256-0500] {processor.py:829} INFO - Processing file /Users/az/anaconda3/envs/python38/lib/python3.8/site-packages/airflow/example_dags/example_bash_operator.py for tasks to queue
[2023-11-08T18:53:26.256-0500] {logging_mixin.py:154} INFO - [2023-11-08T18:53:26.256-0500] {dagbag.py:536} INFO - Filling up the DagBag from /Users/az/anaconda3/envs/python38/lib/python3.8/site-packages/airflow/example_dags/example_bash_operator.py
[2023-11-08T18:53:26.300-0500] {processor.py:839} INFO - DAG(s) dict_keys(['example_bash_operator']) retrieved from /Users/az/anaconda3/envs/python38/lib/python3.8/site-packages/airflow/example_dags/example_bash_operator.py
[2023-11-08T18:53:26.387-0500] {logging_mixin.py:154} INFO - [2023-11-08T18:53:26.387-0500] {dag.py:2941} INFO - Sync 1 DAGs
[2023-11-08T18:53:26.397-0500] {logging_mixin.py:154} INFO - [2023-11-08T18:53:26.397-0500] {dag.py:3722} INFO - Setting next_dagrun for example_bash_operator to 2023-11-07T00:00:00+00:00, run_after=2023-11-08T00:00:00+00:00
[2023-11-08T18:53:26.407-0500] {processor.py:179} INFO - Processing /Users/az/anaconda3/envs/python38/lib/python3.8/site-packages/airflow/example_dags/example_bash_operator.py took 0.156 seconds
[2023-11-08T18:55:32.480-0500] {processor.py:157} INFO - Started process (PID=53177) to work on /Users/az/anaconda3/envs/python38/lib/python3.8/site-packages/airflow/example_dags/example_bash_operator.py
[2023-11-08T18:55:32.484-0500] {processor.py:829} INFO - Processing file /Users/az/anaconda3/envs/python38/lib/python3.8/site-packages/airflow/example_dags/example_bash_operator.py for tasks to queue
[2023-11-08T18:55:32.485-0500] {logging_mixin.py:154} INFO - [2023-11-08T18:55:32.485-0500] {dagbag.py:536} INFO - Filling up the DagBag from /Users/az/anaconda3/envs/python38/lib/python3.8/site-packages/airflow/example_dags/example_bash_operator.py
[2023-11-08T18:55:32.541-0500] {processor.py:839} INFO - DAG(s) dict_keys(['example_bash_operator']) retrieved from /Users/az/anaconda3/envs/python38/lib/python3.8/site-packages/airflow/example_dags/example_bash_operator.py
[2023-11-08T18:55:32.632-0500] {logging_mixin.py:154} INFO - [2023-11-08T18:55:32.632-0500] {dag.py:2941} INFO - Sync 1 DAGs
[2023-11-08T18:55:32.641-0500] {logging_mixin.py:154} INFO - [2023-11-08T18:55:32.641-0500] {dag.py:3722} INFO - Setting next_dagrun for example_bash_operator to 2023-11-07T00:00:00+00:00, run_after=2023-11-08T00:00:00+00:00
[2023-11-08T18:55:32.673-0500] {processor.py:179} INFO - Processing /Users/az/anaconda3/envs/python38/lib/python3.8/site-packages/airflow/example_dags/example_bash_operator.py took 0.194 seconds
[2023-11-08T18:57:36.644-0500] {processor.py:157} INFO - Started process (PID=53337) to work on /Users/az/anaconda3/envs/python38/lib/python3.8/site-packages/airflow/example_dags/example_bash_operator.py
[2023-11-08T18:57:36.648-0500] {processor.py:829} INFO - Processing file /Users/az/anaconda3/envs/python38/lib/python3.8/site-packages/airflow/example_dags/example_bash_operator.py for tasks to queue
[2023-11-08T18:57:36.648-0500] {logging_mixin.py:154} INFO - [2023-11-08T18:57:36.648-0500] {dagbag.py:536} INFO - Filling up the DagBag from /Users/az/anaconda3/envs/python38/lib/python3.8/site-packages/airflow/example_dags/example_bash_operator.py
[2023-11-08T18:57:36.691-0500] {processor.py:839} INFO - DAG(s) dict_keys(['example_bash_operator']) retrieved from /Users/az/anaconda3/envs/python38/lib/python3.8/site-packages/airflow/example_dags/example_bash_operator.py
[2023-11-08T18:57:36.778-0500] {logging_mixin.py:154} INFO - [2023-11-08T18:57:36.778-0500] {dag.py:2941} INFO - Sync 1 DAGs
[2023-11-08T18:57:36.787-0500] {logging_mixin.py:154} INFO - [2023-11-08T18:57:36.787-0500] {dag.py:3722} INFO - Setting next_dagrun for example_bash_operator to 2023-11-07T00:00:00+00:00, run_after=2023-11-08T00:00:00+00:00
[2023-11-08T18:57:36.797-0500] {processor.py:179} INFO - Processing /Users/az/anaconda3/envs/python38/lib/python3.8/site-packages/airflow/example_dags/example_bash_operator.py took 0.154 seconds
[2023-11-08T18:59:41.528-0500] {processor.py:157} INFO - Started process (PID=53489) to work on /Users/az/anaconda3/envs/python38/lib/python3.8/site-packages/airflow/example_dags/example_bash_operator.py
[2023-11-08T18:59:41.532-0500] {processor.py:829} INFO - Processing file /Users/az/anaconda3/envs/python38/lib/python3.8/site-packages/airflow/example_dags/example_bash_operator.py for tasks to queue
[2023-11-08T18:59:41.532-0500] {logging_mixin.py:154} INFO - [2023-11-08T18:59:41.532-0500] {dagbag.py:536} INFO - Filling up the DagBag from /Users/az/anaconda3/envs/python38/lib/python3.8/site-packages/airflow/example_dags/example_bash_operator.py
[2023-11-08T18:59:41.576-0500] {processor.py:839} INFO - DAG(s) dict_keys(['example_bash_operator']) retrieved from /Users/az/anaconda3/envs/python38/lib/python3.8/site-packages/airflow/example_dags/example_bash_operator.py
[2023-11-08T18:59:41.662-0500] {logging_mixin.py:154} INFO - [2023-11-08T18:59:41.662-0500] {dag.py:2941} INFO - Sync 1 DAGs
[2023-11-08T18:59:41.672-0500] {logging_mixin.py:154} INFO - [2023-11-08T18:59:41.672-0500] {dag.py:3722} INFO - Setting next_dagrun for example_bash_operator to 2023-11-07T00:00:00+00:00, run_after=2023-11-08T00:00:00+00:00
[2023-11-08T18:59:41.682-0500] {processor.py:179} INFO - Processing /Users/az/anaconda3/envs/python38/lib/python3.8/site-packages/airflow/example_dags/example_bash_operator.py took 0.155 seconds
