[2023-11-08T17:48:03.627-0500] {processor.py:157} INFO - Started process (PID=48954) to work on /Users/az/anaconda3/envs/python38/lib/python3.8/site-packages/airflow/example_dags/example_kubernetes_executor.py
[2023-11-08T17:48:03.631-0500] {processor.py:829} INFO - Processing file /Users/az/anaconda3/envs/python38/lib/python3.8/site-packages/airflow/example_dags/example_kubernetes_executor.py for tasks to queue
[2023-11-08T17:48:03.632-0500] {logging_mixin.py:154} INFO - [2023-11-08T17:48:03.632-0500] {dagbag.py:536} INFO - Filling up the DagBag from /Users/az/anaconda3/envs/python38/lib/python3.8/site-packages/airflow/example_dags/example_kubernetes_executor.py
[2023-11-08T17:48:03.663-0500] {logging_mixin.py:154} INFO - [2023-11-08T17:48:03.663-0500] {example_kubernetes_executor.py:38} WARNING - The example_kubernetes_executor example DAG requires the kubernetes provider. Please install it with: pip install apache-airflow[cncf.kubernetes]
[2023-11-08T17:48:03.663-0500] {processor.py:841} WARNING - No viable dags retrieved from /Users/az/anaconda3/envs/python38/lib/python3.8/site-packages/airflow/example_dags/example_kubernetes_executor.py
[2023-11-08T17:48:03.729-0500] {processor.py:179} INFO - Processing /Users/az/anaconda3/envs/python38/lib/python3.8/site-packages/airflow/example_dags/example_kubernetes_executor.py took 0.102 seconds
[2023-11-08T17:50:10.094-0500] {processor.py:157} INFO - Started process (PID=49138) to work on /Users/az/anaconda3/envs/python38/lib/python3.8/site-packages/airflow/example_dags/example_kubernetes_executor.py
[2023-11-08T17:50:10.099-0500] {processor.py:829} INFO - Processing file /Users/az/anaconda3/envs/python38/lib/python3.8/site-packages/airflow/example_dags/example_kubernetes_executor.py for tasks to queue
[2023-11-08T17:50:10.099-0500] {logging_mixin.py:154} INFO - [2023-11-08T17:50:10.099-0500] {dagbag.py:536} INFO - Filling up the DagBag from /Users/az/anaconda3/envs/python38/lib/python3.8/site-packages/airflow/example_dags/example_kubernetes_executor.py
[2023-11-08T17:50:10.128-0500] {logging_mixin.py:154} INFO - [2023-11-08T17:50:10.128-0500] {example_kubernetes_executor.py:38} WARNING - The example_kubernetes_executor example DAG requires the kubernetes provider. Please install it with: pip install apache-airflow[cncf.kubernetes]
[2023-11-08T17:50:10.128-0500] {processor.py:841} WARNING - No viable dags retrieved from /Users/az/anaconda3/envs/python38/lib/python3.8/site-packages/airflow/example_dags/example_kubernetes_executor.py
[2023-11-08T17:50:10.191-0500] {processor.py:179} INFO - Processing /Users/az/anaconda3/envs/python38/lib/python3.8/site-packages/airflow/example_dags/example_kubernetes_executor.py took 0.097 seconds
[2023-11-08T17:52:07.165-0500] {processor.py:157} INFO - Started process (PID=49327) to work on /Users/az/anaconda3/envs/python38/lib/python3.8/site-packages/airflow/example_dags/example_kubernetes_executor.py
[2023-11-08T17:52:07.170-0500] {processor.py:829} INFO - Processing file /Users/az/anaconda3/envs/python38/lib/python3.8/site-packages/airflow/example_dags/example_kubernetes_executor.py for tasks to queue
[2023-11-08T17:52:07.170-0500] {logging_mixin.py:154} INFO - [2023-11-08T17:52:07.170-0500] {dagbag.py:536} INFO - Filling up the DagBag from /Users/az/anaconda3/envs/python38/lib/python3.8/site-packages/airflow/example_dags/example_kubernetes_executor.py
[2023-11-08T17:52:07.199-0500] {logging_mixin.py:154} INFO - [2023-11-08T17:52:07.199-0500] {example_kubernetes_executor.py:38} WARNING - The example_kubernetes_executor example DAG requires the kubernetes provider. Please install it with: pip install apache-airflow[cncf.kubernetes]
[2023-11-08T17:52:07.199-0500] {processor.py:841} WARNING - No viable dags retrieved from /Users/az/anaconda3/envs/python38/lib/python3.8/site-packages/airflow/example_dags/example_kubernetes_executor.py
[2023-11-08T17:52:07.261-0500] {processor.py:179} INFO - Processing /Users/az/anaconda3/envs/python38/lib/python3.8/site-packages/airflow/example_dags/example_kubernetes_executor.py took 0.096 seconds
[2023-11-08T17:53:59.257-0500] {processor.py:157} INFO - Started process (PID=49468) to work on /Users/az/anaconda3/envs/python38/lib/python3.8/site-packages/airflow/example_dags/example_kubernetes_executor.py
[2023-11-08T17:53:59.261-0500] {processor.py:829} INFO - Processing file /Users/az/anaconda3/envs/python38/lib/python3.8/site-packages/airflow/example_dags/example_kubernetes_executor.py for tasks to queue
[2023-11-08T17:53:59.261-0500] {logging_mixin.py:154} INFO - [2023-11-08T17:53:59.261-0500] {dagbag.py:536} INFO - Filling up the DagBag from /Users/az/anaconda3/envs/python38/lib/python3.8/site-packages/airflow/example_dags/example_kubernetes_executor.py
[2023-11-08T17:53:59.289-0500] {logging_mixin.py:154} INFO - [2023-11-08T17:53:59.289-0500] {example_kubernetes_executor.py:38} WARNING - The example_kubernetes_executor example DAG requires the kubernetes provider. Please install it with: pip install apache-airflow[cncf.kubernetes]
[2023-11-08T17:53:59.290-0500] {processor.py:841} WARNING - No viable dags retrieved from /Users/az/anaconda3/envs/python38/lib/python3.8/site-packages/airflow/example_dags/example_kubernetes_executor.py
[2023-11-08T17:53:59.353-0500] {processor.py:179} INFO - Processing /Users/az/anaconda3/envs/python38/lib/python3.8/site-packages/airflow/example_dags/example_kubernetes_executor.py took 0.096 seconds
[2023-11-08T17:56:00.310-0500] {processor.py:157} INFO - Started process (PID=49615) to work on /Users/az/anaconda3/envs/python38/lib/python3.8/site-packages/airflow/example_dags/example_kubernetes_executor.py
[2023-11-08T17:56:00.315-0500] {processor.py:829} INFO - Processing file /Users/az/anaconda3/envs/python38/lib/python3.8/site-packages/airflow/example_dags/example_kubernetes_executor.py for tasks to queue
[2023-11-08T17:56:00.315-0500] {logging_mixin.py:154} INFO - [2023-11-08T17:56:00.315-0500] {dagbag.py:536} INFO - Filling up the DagBag from /Users/az/anaconda3/envs/python38/lib/python3.8/site-packages/airflow/example_dags/example_kubernetes_executor.py
[2023-11-08T17:56:00.344-0500] {logging_mixin.py:154} INFO - [2023-11-08T17:56:00.344-0500] {example_kubernetes_executor.py:38} WARNING - The example_kubernetes_executor example DAG requires the kubernetes provider. Please install it with: pip install apache-airflow[cncf.kubernetes]
[2023-11-08T17:56:00.344-0500] {processor.py:841} WARNING - No viable dags retrieved from /Users/az/anaconda3/envs/python38/lib/python3.8/site-packages/airflow/example_dags/example_kubernetes_executor.py
[2023-11-08T17:56:00.406-0500] {processor.py:179} INFO - Processing /Users/az/anaconda3/envs/python38/lib/python3.8/site-packages/airflow/example_dags/example_kubernetes_executor.py took 0.096 seconds
[2023-11-08T17:58:01.483-0500] {processor.py:157} INFO - Started process (PID=49781) to work on /Users/az/anaconda3/envs/python38/lib/python3.8/site-packages/airflow/example_dags/example_kubernetes_executor.py
[2023-11-08T17:58:01.487-0500] {processor.py:829} INFO - Processing file /Users/az/anaconda3/envs/python38/lib/python3.8/site-packages/airflow/example_dags/example_kubernetes_executor.py for tasks to queue
[2023-11-08T17:58:01.487-0500] {logging_mixin.py:154} INFO - [2023-11-08T17:58:01.487-0500] {dagbag.py:536} INFO - Filling up the DagBag from /Users/az/anaconda3/envs/python38/lib/python3.8/site-packages/airflow/example_dags/example_kubernetes_executor.py
[2023-11-08T17:58:01.516-0500] {logging_mixin.py:154} INFO - [2023-11-08T17:58:01.516-0500] {example_kubernetes_executor.py:38} WARNING - The example_kubernetes_executor example DAG requires the kubernetes provider. Please install it with: pip install apache-airflow[cncf.kubernetes]
[2023-11-08T17:58:01.516-0500] {processor.py:841} WARNING - No viable dags retrieved from /Users/az/anaconda3/envs/python38/lib/python3.8/site-packages/airflow/example_dags/example_kubernetes_executor.py
[2023-11-08T17:58:01.579-0500] {processor.py:179} INFO - Processing /Users/az/anaconda3/envs/python38/lib/python3.8/site-packages/airflow/example_dags/example_kubernetes_executor.py took 0.096 seconds
[2023-11-08T18:00:02.830-0500] {processor.py:157} INFO - Started process (PID=49936) to work on /Users/az/anaconda3/envs/python38/lib/python3.8/site-packages/airflow/example_dags/example_kubernetes_executor.py
[2023-11-08T18:00:02.835-0500] {processor.py:829} INFO - Processing file /Users/az/anaconda3/envs/python38/lib/python3.8/site-packages/airflow/example_dags/example_kubernetes_executor.py for tasks to queue
[2023-11-08T18:00:02.835-0500] {logging_mixin.py:154} INFO - [2023-11-08T18:00:02.835-0500] {dagbag.py:536} INFO - Filling up the DagBag from /Users/az/anaconda3/envs/python38/lib/python3.8/site-packages/airflow/example_dags/example_kubernetes_executor.py
[2023-11-08T18:00:02.864-0500] {logging_mixin.py:154} INFO - [2023-11-08T18:00:02.864-0500] {example_kubernetes_executor.py:38} WARNING - The example_kubernetes_executor example DAG requires the kubernetes provider. Please install it with: pip install apache-airflow[cncf.kubernetes]
[2023-11-08T18:00:02.864-0500] {processor.py:841} WARNING - No viable dags retrieved from /Users/az/anaconda3/envs/python38/lib/python3.8/site-packages/airflow/example_dags/example_kubernetes_executor.py
[2023-11-08T18:00:02.927-0500] {processor.py:179} INFO - Processing /Users/az/anaconda3/envs/python38/lib/python3.8/site-packages/airflow/example_dags/example_kubernetes_executor.py took 0.097 seconds
[2023-11-08T18:02:00.740-0500] {processor.py:157} INFO - Started process (PID=50109) to work on /Users/az/anaconda3/envs/python38/lib/python3.8/site-packages/airflow/example_dags/example_kubernetes_executor.py
[2023-11-08T18:02:00.745-0500] {processor.py:829} INFO - Processing file /Users/az/anaconda3/envs/python38/lib/python3.8/site-packages/airflow/example_dags/example_kubernetes_executor.py for tasks to queue
[2023-11-08T18:02:00.745-0500] {logging_mixin.py:154} INFO - [2023-11-08T18:02:00.745-0500] {dagbag.py:536} INFO - Filling up the DagBag from /Users/az/anaconda3/envs/python38/lib/python3.8/site-packages/airflow/example_dags/example_kubernetes_executor.py
[2023-11-08T18:02:00.773-0500] {logging_mixin.py:154} INFO - [2023-11-08T18:02:00.773-0500] {example_kubernetes_executor.py:38} WARNING - The example_kubernetes_executor example DAG requires the kubernetes provider. Please install it with: pip install apache-airflow[cncf.kubernetes]
[2023-11-08T18:02:00.773-0500] {processor.py:841} WARNING - No viable dags retrieved from /Users/az/anaconda3/envs/python38/lib/python3.8/site-packages/airflow/example_dags/example_kubernetes_executor.py
[2023-11-08T18:02:00.836-0500] {processor.py:179} INFO - Processing /Users/az/anaconda3/envs/python38/lib/python3.8/site-packages/airflow/example_dags/example_kubernetes_executor.py took 0.096 seconds
[2023-11-08T18:03:59.687-0500] {processor.py:157} INFO - Started process (PID=50433) to work on /Users/az/anaconda3/envs/python38/lib/python3.8/site-packages/airflow/example_dags/example_kubernetes_executor.py
[2023-11-08T18:03:59.692-0500] {processor.py:829} INFO - Processing file /Users/az/anaconda3/envs/python38/lib/python3.8/site-packages/airflow/example_dags/example_kubernetes_executor.py for tasks to queue
[2023-11-08T18:03:59.692-0500] {logging_mixin.py:154} INFO - [2023-11-08T18:03:59.692-0500] {dagbag.py:536} INFO - Filling up the DagBag from /Users/az/anaconda3/envs/python38/lib/python3.8/site-packages/airflow/example_dags/example_kubernetes_executor.py
[2023-11-08T18:03:59.720-0500] {logging_mixin.py:154} INFO - [2023-11-08T18:03:59.720-0500] {example_kubernetes_executor.py:38} WARNING - The example_kubernetes_executor example DAG requires the kubernetes provider. Please install it with: pip install apache-airflow[cncf.kubernetes]
[2023-11-08T18:03:59.721-0500] {processor.py:841} WARNING - No viable dags retrieved from /Users/az/anaconda3/envs/python38/lib/python3.8/site-packages/airflow/example_dags/example_kubernetes_executor.py
[2023-11-08T18:03:59.783-0500] {processor.py:179} INFO - Processing /Users/az/anaconda3/envs/python38/lib/python3.8/site-packages/airflow/example_dags/example_kubernetes_executor.py took 0.096 seconds
[2023-11-08T18:05:56.051-0500] {processor.py:157} INFO - Started process (PID=50579) to work on /Users/az/anaconda3/envs/python38/lib/python3.8/site-packages/airflow/example_dags/example_kubernetes_executor.py
[2023-11-08T18:05:56.055-0500] {processor.py:829} INFO - Processing file /Users/az/anaconda3/envs/python38/lib/python3.8/site-packages/airflow/example_dags/example_kubernetes_executor.py for tasks to queue
[2023-11-08T18:05:56.055-0500] {logging_mixin.py:154} INFO - [2023-11-08T18:05:56.055-0500] {dagbag.py:536} INFO - Filling up the DagBag from /Users/az/anaconda3/envs/python38/lib/python3.8/site-packages/airflow/example_dags/example_kubernetes_executor.py
[2023-11-08T18:05:56.084-0500] {logging_mixin.py:154} INFO - [2023-11-08T18:05:56.084-0500] {example_kubernetes_executor.py:38} WARNING - The example_kubernetes_executor example DAG requires the kubernetes provider. Please install it with: pip install apache-airflow[cncf.kubernetes]
[2023-11-08T18:05:56.084-0500] {processor.py:841} WARNING - No viable dags retrieved from /Users/az/anaconda3/envs/python38/lib/python3.8/site-packages/airflow/example_dags/example_kubernetes_executor.py
[2023-11-08T18:05:56.147-0500] {processor.py:179} INFO - Processing /Users/az/anaconda3/envs/python38/lib/python3.8/site-packages/airflow/example_dags/example_kubernetes_executor.py took 0.097 seconds
[2023-11-08T18:07:48.378-0500] {processor.py:157} INFO - Started process (PID=50749) to work on /Users/az/anaconda3/envs/python38/lib/python3.8/site-packages/airflow/example_dags/example_kubernetes_executor.py
[2023-11-08T18:07:48.382-0500] {processor.py:829} INFO - Processing file /Users/az/anaconda3/envs/python38/lib/python3.8/site-packages/airflow/example_dags/example_kubernetes_executor.py for tasks to queue
[2023-11-08T18:07:48.382-0500] {logging_mixin.py:154} INFO - [2023-11-08T18:07:48.382-0500] {dagbag.py:536} INFO - Filling up the DagBag from /Users/az/anaconda3/envs/python38/lib/python3.8/site-packages/airflow/example_dags/example_kubernetes_executor.py
[2023-11-08T18:07:48.411-0500] {logging_mixin.py:154} INFO - [2023-11-08T18:07:48.411-0500] {example_kubernetes_executor.py:38} WARNING - The example_kubernetes_executor example DAG requires the kubernetes provider. Please install it with: pip install apache-airflow[cncf.kubernetes]
[2023-11-08T18:07:48.411-0500] {processor.py:841} WARNING - No viable dags retrieved from /Users/az/anaconda3/envs/python38/lib/python3.8/site-packages/airflow/example_dags/example_kubernetes_executor.py
[2023-11-08T18:07:48.472-0500] {processor.py:179} INFO - Processing /Users/az/anaconda3/envs/python38/lib/python3.8/site-packages/airflow/example_dags/example_kubernetes_executor.py took 0.095 seconds
[2023-11-08T18:09:47.856-0500] {processor.py:157} INFO - Started process (PID=50909) to work on /Users/az/anaconda3/envs/python38/lib/python3.8/site-packages/airflow/example_dags/example_kubernetes_executor.py
[2023-11-08T18:09:47.862-0500] {processor.py:829} INFO - Processing file /Users/az/anaconda3/envs/python38/lib/python3.8/site-packages/airflow/example_dags/example_kubernetes_executor.py for tasks to queue
[2023-11-08T18:09:47.862-0500] {logging_mixin.py:154} INFO - [2023-11-08T18:09:47.862-0500] {dagbag.py:536} INFO - Filling up the DagBag from /Users/az/anaconda3/envs/python38/lib/python3.8/site-packages/airflow/example_dags/example_kubernetes_executor.py
[2023-11-08T18:09:47.891-0500] {logging_mixin.py:154} INFO - [2023-11-08T18:09:47.891-0500] {example_kubernetes_executor.py:38} WARNING - The example_kubernetes_executor example DAG requires the kubernetes provider. Please install it with: pip install apache-airflow[cncf.kubernetes]
[2023-11-08T18:09:47.891-0500] {processor.py:841} WARNING - No viable dags retrieved from /Users/az/anaconda3/envs/python38/lib/python3.8/site-packages/airflow/example_dags/example_kubernetes_executor.py
[2023-11-08T18:09:47.953-0500] {processor.py:179} INFO - Processing /Users/az/anaconda3/envs/python38/lib/python3.8/site-packages/airflow/example_dags/example_kubernetes_executor.py took 0.098 seconds
[2023-11-08T18:11:48.368-0500] {processor.py:157} INFO - Started process (PID=51059) to work on /Users/az/anaconda3/envs/python38/lib/python3.8/site-packages/airflow/example_dags/example_kubernetes_executor.py
[2023-11-08T18:11:48.372-0500] {processor.py:829} INFO - Processing file /Users/az/anaconda3/envs/python38/lib/python3.8/site-packages/airflow/example_dags/example_kubernetes_executor.py for tasks to queue
[2023-11-08T18:11:48.372-0500] {logging_mixin.py:154} INFO - [2023-11-08T18:11:48.372-0500] {dagbag.py:536} INFO - Filling up the DagBag from /Users/az/anaconda3/envs/python38/lib/python3.8/site-packages/airflow/example_dags/example_kubernetes_executor.py
[2023-11-08T18:11:48.401-0500] {logging_mixin.py:154} INFO - [2023-11-08T18:11:48.401-0500] {example_kubernetes_executor.py:38} WARNING - The example_kubernetes_executor example DAG requires the kubernetes provider. Please install it with: pip install apache-airflow[cncf.kubernetes]
[2023-11-08T18:11:48.401-0500] {processor.py:841} WARNING - No viable dags retrieved from /Users/az/anaconda3/envs/python38/lib/python3.8/site-packages/airflow/example_dags/example_kubernetes_executor.py
[2023-11-08T18:11:48.463-0500] {processor.py:179} INFO - Processing /Users/az/anaconda3/envs/python38/lib/python3.8/site-packages/airflow/example_dags/example_kubernetes_executor.py took 0.096 seconds
[2023-11-08T18:23:12.984-0500] {processor.py:157} INFO - Started process (PID=51207) to work on /Users/az/anaconda3/envs/python38/lib/python3.8/site-packages/airflow/example_dags/example_kubernetes_executor.py
[2023-11-08T18:23:12.989-0500] {processor.py:829} INFO - Processing file /Users/az/anaconda3/envs/python38/lib/python3.8/site-packages/airflow/example_dags/example_kubernetes_executor.py for tasks to queue
[2023-11-08T18:23:12.989-0500] {logging_mixin.py:154} INFO - [2023-11-08T18:23:12.989-0500] {dagbag.py:536} INFO - Filling up the DagBag from /Users/az/anaconda3/envs/python38/lib/python3.8/site-packages/airflow/example_dags/example_kubernetes_executor.py
[2023-11-08T18:23:13.018-0500] {logging_mixin.py:154} INFO - [2023-11-08T18:23:13.018-0500] {example_kubernetes_executor.py:38} WARNING - The example_kubernetes_executor example DAG requires the kubernetes provider. Please install it with: pip install apache-airflow[cncf.kubernetes]
[2023-11-08T18:23:13.018-0500] {processor.py:841} WARNING - No viable dags retrieved from /Users/az/anaconda3/envs/python38/lib/python3.8/site-packages/airflow/example_dags/example_kubernetes_executor.py
[2023-11-08T18:23:13.081-0500] {processor.py:179} INFO - Processing /Users/az/anaconda3/envs/python38/lib/python3.8/site-packages/airflow/example_dags/example_kubernetes_executor.py took 0.098 seconds
[2023-11-08T18:31:56.248-0500] {processor.py:157} INFO - Started process (PID=51356) to work on /Users/az/anaconda3/envs/python38/lib/python3.8/site-packages/airflow/example_dags/example_kubernetes_executor.py
[2023-11-08T18:31:56.253-0500] {processor.py:829} INFO - Processing file /Users/az/anaconda3/envs/python38/lib/python3.8/site-packages/airflow/example_dags/example_kubernetes_executor.py for tasks to queue
[2023-11-08T18:31:56.253-0500] {logging_mixin.py:154} INFO - [2023-11-08T18:31:56.253-0500] {dagbag.py:536} INFO - Filling up the DagBag from /Users/az/anaconda3/envs/python38/lib/python3.8/site-packages/airflow/example_dags/example_kubernetes_executor.py
[2023-11-08T18:31:56.281-0500] {logging_mixin.py:154} INFO - [2023-11-08T18:31:56.281-0500] {example_kubernetes_executor.py:38} WARNING - The example_kubernetes_executor example DAG requires the kubernetes provider. Please install it with: pip install apache-airflow[cncf.kubernetes]
[2023-11-08T18:31:56.281-0500] {processor.py:841} WARNING - No viable dags retrieved from /Users/az/anaconda3/envs/python38/lib/python3.8/site-packages/airflow/example_dags/example_kubernetes_executor.py
[2023-11-08T18:31:56.344-0500] {processor.py:179} INFO - Processing /Users/az/anaconda3/envs/python38/lib/python3.8/site-packages/airflow/example_dags/example_kubernetes_executor.py took 0.096 seconds
[2023-11-08T18:34:01.510-0500] {processor.py:157} INFO - Started process (PID=51517) to work on /Users/az/anaconda3/envs/python38/lib/python3.8/site-packages/airflow/example_dags/example_kubernetes_executor.py
[2023-11-08T18:34:01.515-0500] {processor.py:829} INFO - Processing file /Users/az/anaconda3/envs/python38/lib/python3.8/site-packages/airflow/example_dags/example_kubernetes_executor.py for tasks to queue
[2023-11-08T18:34:01.515-0500] {logging_mixin.py:154} INFO - [2023-11-08T18:34:01.515-0500] {dagbag.py:536} INFO - Filling up the DagBag from /Users/az/anaconda3/envs/python38/lib/python3.8/site-packages/airflow/example_dags/example_kubernetes_executor.py
[2023-11-08T18:34:01.544-0500] {logging_mixin.py:154} INFO - [2023-11-08T18:34:01.543-0500] {example_kubernetes_executor.py:38} WARNING - The example_kubernetes_executor example DAG requires the kubernetes provider. Please install it with: pip install apache-airflow[cncf.kubernetes]
[2023-11-08T18:34:01.544-0500] {processor.py:841} WARNING - No viable dags retrieved from /Users/az/anaconda3/envs/python38/lib/python3.8/site-packages/airflow/example_dags/example_kubernetes_executor.py
[2023-11-08T18:34:01.607-0500] {processor.py:179} INFO - Processing /Users/az/anaconda3/envs/python38/lib/python3.8/site-packages/airflow/example_dags/example_kubernetes_executor.py took 0.097 seconds
[2023-11-08T18:36:00.823-0500] {processor.py:157} INFO - Started process (PID=51664) to work on /Users/az/anaconda3/envs/python38/lib/python3.8/site-packages/airflow/example_dags/example_kubernetes_executor.py
[2023-11-08T18:36:00.828-0500] {processor.py:829} INFO - Processing file /Users/az/anaconda3/envs/python38/lib/python3.8/site-packages/airflow/example_dags/example_kubernetes_executor.py for tasks to queue
[2023-11-08T18:36:00.828-0500] {logging_mixin.py:154} INFO - [2023-11-08T18:36:00.828-0500] {dagbag.py:536} INFO - Filling up the DagBag from /Users/az/anaconda3/envs/python38/lib/python3.8/site-packages/airflow/example_dags/example_kubernetes_executor.py
[2023-11-08T18:36:00.860-0500] {logging_mixin.py:154} INFO - [2023-11-08T18:36:00.860-0500] {example_kubernetes_executor.py:38} WARNING - The example_kubernetes_executor example DAG requires the kubernetes provider. Please install it with: pip install apache-airflow[cncf.kubernetes]
[2023-11-08T18:36:00.860-0500] {processor.py:841} WARNING - No viable dags retrieved from /Users/az/anaconda3/envs/python38/lib/python3.8/site-packages/airflow/example_dags/example_kubernetes_executor.py
[2023-11-08T18:36:00.923-0500] {processor.py:179} INFO - Processing /Users/az/anaconda3/envs/python38/lib/python3.8/site-packages/airflow/example_dags/example_kubernetes_executor.py took 0.101 seconds
[2023-11-08T18:37:55.354-0500] {processor.py:157} INFO - Started process (PID=51808) to work on /Users/az/anaconda3/envs/python38/lib/python3.8/site-packages/airflow/example_dags/example_kubernetes_executor.py
[2023-11-08T18:37:55.359-0500] {processor.py:829} INFO - Processing file /Users/az/anaconda3/envs/python38/lib/python3.8/site-packages/airflow/example_dags/example_kubernetes_executor.py for tasks to queue
[2023-11-08T18:37:55.359-0500] {logging_mixin.py:154} INFO - [2023-11-08T18:37:55.359-0500] {dagbag.py:536} INFO - Filling up the DagBag from /Users/az/anaconda3/envs/python38/lib/python3.8/site-packages/airflow/example_dags/example_kubernetes_executor.py
[2023-11-08T18:37:55.388-0500] {logging_mixin.py:154} INFO - [2023-11-08T18:37:55.388-0500] {example_kubernetes_executor.py:38} WARNING - The example_kubernetes_executor example DAG requires the kubernetes provider. Please install it with: pip install apache-airflow[cncf.kubernetes]
[2023-11-08T18:37:55.388-0500] {processor.py:841} WARNING - No viable dags retrieved from /Users/az/anaconda3/envs/python38/lib/python3.8/site-packages/airflow/example_dags/example_kubernetes_executor.py
[2023-11-08T18:37:55.450-0500] {processor.py:179} INFO - Processing /Users/az/anaconda3/envs/python38/lib/python3.8/site-packages/airflow/example_dags/example_kubernetes_executor.py took 0.097 seconds
[2023-11-08T18:39:53.950-0500] {processor.py:157} INFO - Started process (PID=51946) to work on /Users/az/anaconda3/envs/python38/lib/python3.8/site-packages/airflow/example_dags/example_kubernetes_executor.py
[2023-11-08T18:39:53.955-0500] {processor.py:829} INFO - Processing file /Users/az/anaconda3/envs/python38/lib/python3.8/site-packages/airflow/example_dags/example_kubernetes_executor.py for tasks to queue
[2023-11-08T18:39:53.955-0500] {logging_mixin.py:154} INFO - [2023-11-08T18:39:53.955-0500] {dagbag.py:536} INFO - Filling up the DagBag from /Users/az/anaconda3/envs/python38/lib/python3.8/site-packages/airflow/example_dags/example_kubernetes_executor.py
[2023-11-08T18:39:53.986-0500] {logging_mixin.py:154} INFO - [2023-11-08T18:39:53.986-0500] {example_kubernetes_executor.py:38} WARNING - The example_kubernetes_executor example DAG requires the kubernetes provider. Please install it with: pip install apache-airflow[cncf.kubernetes]
[2023-11-08T18:39:53.986-0500] {processor.py:841} WARNING - No viable dags retrieved from /Users/az/anaconda3/envs/python38/lib/python3.8/site-packages/airflow/example_dags/example_kubernetes_executor.py
[2023-11-08T18:39:54.052-0500] {processor.py:179} INFO - Processing /Users/az/anaconda3/envs/python38/lib/python3.8/site-packages/airflow/example_dags/example_kubernetes_executor.py took 0.102 seconds
[2023-11-08T18:41:58.796-0500] {processor.py:157} INFO - Started process (PID=52102) to work on /Users/az/anaconda3/envs/python38/lib/python3.8/site-packages/airflow/example_dags/example_kubernetes_executor.py
[2023-11-08T18:41:58.801-0500] {processor.py:829} INFO - Processing file /Users/az/anaconda3/envs/python38/lib/python3.8/site-packages/airflow/example_dags/example_kubernetes_executor.py for tasks to queue
[2023-11-08T18:41:58.801-0500] {logging_mixin.py:154} INFO - [2023-11-08T18:41:58.801-0500] {dagbag.py:536} INFO - Filling up the DagBag from /Users/az/anaconda3/envs/python38/lib/python3.8/site-packages/airflow/example_dags/example_kubernetes_executor.py
[2023-11-08T18:41:58.829-0500] {logging_mixin.py:154} INFO - [2023-11-08T18:41:58.829-0500] {example_kubernetes_executor.py:38} WARNING - The example_kubernetes_executor example DAG requires the kubernetes provider. Please install it with: pip install apache-airflow[cncf.kubernetes]
[2023-11-08T18:41:58.830-0500] {processor.py:841} WARNING - No viable dags retrieved from /Users/az/anaconda3/envs/python38/lib/python3.8/site-packages/airflow/example_dags/example_kubernetes_executor.py
[2023-11-08T18:41:58.892-0500] {processor.py:179} INFO - Processing /Users/az/anaconda3/envs/python38/lib/python3.8/site-packages/airflow/example_dags/example_kubernetes_executor.py took 0.096 seconds
[2023-11-08T18:43:58.733-0500] {processor.py:157} INFO - Started process (PID=52251) to work on /Users/az/anaconda3/envs/python38/lib/python3.8/site-packages/airflow/example_dags/example_kubernetes_executor.py
[2023-11-08T18:43:58.738-0500] {processor.py:829} INFO - Processing file /Users/az/anaconda3/envs/python38/lib/python3.8/site-packages/airflow/example_dags/example_kubernetes_executor.py for tasks to queue
[2023-11-08T18:43:58.739-0500] {logging_mixin.py:154} INFO - [2023-11-08T18:43:58.738-0500] {dagbag.py:536} INFO - Filling up the DagBag from /Users/az/anaconda3/envs/python38/lib/python3.8/site-packages/airflow/example_dags/example_kubernetes_executor.py
[2023-11-08T18:43:58.770-0500] {logging_mixin.py:154} INFO - [2023-11-08T18:43:58.770-0500] {example_kubernetes_executor.py:38} WARNING - The example_kubernetes_executor example DAG requires the kubernetes provider. Please install it with: pip install apache-airflow[cncf.kubernetes]
[2023-11-08T18:43:58.770-0500] {processor.py:841} WARNING - No viable dags retrieved from /Users/az/anaconda3/envs/python38/lib/python3.8/site-packages/airflow/example_dags/example_kubernetes_executor.py
[2023-11-08T18:43:58.832-0500] {processor.py:179} INFO - Processing /Users/az/anaconda3/envs/python38/lib/python3.8/site-packages/airflow/example_dags/example_kubernetes_executor.py took 0.099 seconds
[2023-11-08T18:46:01.685-0500] {processor.py:157} INFO - Started process (PID=52398) to work on /Users/az/anaconda3/envs/python38/lib/python3.8/site-packages/airflow/example_dags/example_kubernetes_executor.py
[2023-11-08T18:46:01.690-0500] {processor.py:829} INFO - Processing file /Users/az/anaconda3/envs/python38/lib/python3.8/site-packages/airflow/example_dags/example_kubernetes_executor.py for tasks to queue
[2023-11-08T18:46:01.690-0500] {logging_mixin.py:154} INFO - [2023-11-08T18:46:01.690-0500] {dagbag.py:536} INFO - Filling up the DagBag from /Users/az/anaconda3/envs/python38/lib/python3.8/site-packages/airflow/example_dags/example_kubernetes_executor.py
[2023-11-08T18:46:01.719-0500] {logging_mixin.py:154} INFO - [2023-11-08T18:46:01.719-0500] {example_kubernetes_executor.py:38} WARNING - The example_kubernetes_executor example DAG requires the kubernetes provider. Please install it with: pip install apache-airflow[cncf.kubernetes]
[2023-11-08T18:46:01.719-0500] {processor.py:841} WARNING - No viable dags retrieved from /Users/az/anaconda3/envs/python38/lib/python3.8/site-packages/airflow/example_dags/example_kubernetes_executor.py
[2023-11-08T18:46:01.782-0500] {processor.py:179} INFO - Processing /Users/az/anaconda3/envs/python38/lib/python3.8/site-packages/airflow/example_dags/example_kubernetes_executor.py took 0.097 seconds
[2023-11-08T18:48:11.071-0500] {processor.py:157} INFO - Started process (PID=52612) to work on /Users/az/anaconda3/envs/python38/lib/python3.8/site-packages/airflow/example_dags/example_kubernetes_executor.py
[2023-11-08T18:48:11.076-0500] {processor.py:829} INFO - Processing file /Users/az/anaconda3/envs/python38/lib/python3.8/site-packages/airflow/example_dags/example_kubernetes_executor.py for tasks to queue
[2023-11-08T18:48:11.076-0500] {logging_mixin.py:154} INFO - [2023-11-08T18:48:11.076-0500] {dagbag.py:536} INFO - Filling up the DagBag from /Users/az/anaconda3/envs/python38/lib/python3.8/site-packages/airflow/example_dags/example_kubernetes_executor.py
[2023-11-08T18:48:11.105-0500] {logging_mixin.py:154} INFO - [2023-11-08T18:48:11.105-0500] {example_kubernetes_executor.py:38} WARNING - The example_kubernetes_executor example DAG requires the kubernetes provider. Please install it with: pip install apache-airflow[cncf.kubernetes]
[2023-11-08T18:48:11.105-0500] {processor.py:841} WARNING - No viable dags retrieved from /Users/az/anaconda3/envs/python38/lib/python3.8/site-packages/airflow/example_dags/example_kubernetes_executor.py
[2023-11-08T18:48:11.166-0500] {processor.py:179} INFO - Processing /Users/az/anaconda3/envs/python38/lib/python3.8/site-packages/airflow/example_dags/example_kubernetes_executor.py took 0.096 seconds
[2023-11-08T18:50:09.025-0500] {processor.py:157} INFO - Started process (PID=52755) to work on /Users/az/anaconda3/envs/python38/lib/python3.8/site-packages/airflow/example_dags/example_kubernetes_executor.py
[2023-11-08T18:50:09.029-0500] {processor.py:829} INFO - Processing file /Users/az/anaconda3/envs/python38/lib/python3.8/site-packages/airflow/example_dags/example_kubernetes_executor.py for tasks to queue
[2023-11-08T18:50:09.029-0500] {logging_mixin.py:154} INFO - [2023-11-08T18:50:09.029-0500] {dagbag.py:536} INFO - Filling up the DagBag from /Users/az/anaconda3/envs/python38/lib/python3.8/site-packages/airflow/example_dags/example_kubernetes_executor.py
[2023-11-08T18:50:09.058-0500] {logging_mixin.py:154} INFO - [2023-11-08T18:50:09.058-0500] {example_kubernetes_executor.py:38} WARNING - The example_kubernetes_executor example DAG requires the kubernetes provider. Please install it with: pip install apache-airflow[cncf.kubernetes]
[2023-11-08T18:50:09.058-0500] {processor.py:841} WARNING - No viable dags retrieved from /Users/az/anaconda3/envs/python38/lib/python3.8/site-packages/airflow/example_dags/example_kubernetes_executor.py
[2023-11-08T18:50:09.122-0500] {processor.py:179} INFO - Processing /Users/az/anaconda3/envs/python38/lib/python3.8/site-packages/airflow/example_dags/example_kubernetes_executor.py took 0.097 seconds
[2023-11-08T18:52:09.871-0500] {processor.py:157} INFO - Started process (PID=52913) to work on /Users/az/anaconda3/envs/python38/lib/python3.8/site-packages/airflow/example_dags/example_kubernetes_executor.py
[2023-11-08T18:52:09.876-0500] {processor.py:829} INFO - Processing file /Users/az/anaconda3/envs/python38/lib/python3.8/site-packages/airflow/example_dags/example_kubernetes_executor.py for tasks to queue
[2023-11-08T18:52:09.876-0500] {logging_mixin.py:154} INFO - [2023-11-08T18:52:09.876-0500] {dagbag.py:536} INFO - Filling up the DagBag from /Users/az/anaconda3/envs/python38/lib/python3.8/site-packages/airflow/example_dags/example_kubernetes_executor.py
[2023-11-08T18:52:09.905-0500] {logging_mixin.py:154} INFO - [2023-11-08T18:52:09.905-0500] {example_kubernetes_executor.py:38} WARNING - The example_kubernetes_executor example DAG requires the kubernetes provider. Please install it with: pip install apache-airflow[cncf.kubernetes]
[2023-11-08T18:52:09.905-0500] {processor.py:841} WARNING - No viable dags retrieved from /Users/az/anaconda3/envs/python38/lib/python3.8/site-packages/airflow/example_dags/example_kubernetes_executor.py
[2023-11-08T18:52:09.967-0500] {processor.py:179} INFO - Processing /Users/az/anaconda3/envs/python38/lib/python3.8/site-packages/airflow/example_dags/example_kubernetes_executor.py took 0.096 seconds
[2023-11-08T18:54:13.364-0500] {processor.py:157} INFO - Started process (PID=53077) to work on /Users/az/anaconda3/envs/python38/lib/python3.8/site-packages/airflow/example_dags/example_kubernetes_executor.py
[2023-11-08T18:54:13.368-0500] {processor.py:829} INFO - Processing file /Users/az/anaconda3/envs/python38/lib/python3.8/site-packages/airflow/example_dags/example_kubernetes_executor.py for tasks to queue
[2023-11-08T18:54:13.368-0500] {logging_mixin.py:154} INFO - [2023-11-08T18:54:13.368-0500] {dagbag.py:536} INFO - Filling up the DagBag from /Users/az/anaconda3/envs/python38/lib/python3.8/site-packages/airflow/example_dags/example_kubernetes_executor.py
[2023-11-08T18:54:13.397-0500] {logging_mixin.py:154} INFO - [2023-11-08T18:54:13.397-0500] {example_kubernetes_executor.py:38} WARNING - The example_kubernetes_executor example DAG requires the kubernetes provider. Please install it with: pip install apache-airflow[cncf.kubernetes]
[2023-11-08T18:54:13.397-0500] {processor.py:841} WARNING - No viable dags retrieved from /Users/az/anaconda3/envs/python38/lib/python3.8/site-packages/airflow/example_dags/example_kubernetes_executor.py
[2023-11-08T18:54:13.460-0500] {processor.py:179} INFO - Processing /Users/az/anaconda3/envs/python38/lib/python3.8/site-packages/airflow/example_dags/example_kubernetes_executor.py took 0.097 seconds
[2023-11-08T18:56:22.598-0500] {processor.py:157} INFO - Started process (PID=53238) to work on /Users/az/anaconda3/envs/python38/lib/python3.8/site-packages/airflow/example_dags/example_kubernetes_executor.py
[2023-11-08T18:56:22.602-0500] {processor.py:829} INFO - Processing file /Users/az/anaconda3/envs/python38/lib/python3.8/site-packages/airflow/example_dags/example_kubernetes_executor.py for tasks to queue
[2023-11-08T18:56:22.603-0500] {logging_mixin.py:154} INFO - [2023-11-08T18:56:22.602-0500] {dagbag.py:536} INFO - Filling up the DagBag from /Users/az/anaconda3/envs/python38/lib/python3.8/site-packages/airflow/example_dags/example_kubernetes_executor.py
[2023-11-08T18:56:22.631-0500] {logging_mixin.py:154} INFO - [2023-11-08T18:56:22.631-0500] {example_kubernetes_executor.py:38} WARNING - The example_kubernetes_executor example DAG requires the kubernetes provider. Please install it with: pip install apache-airflow[cncf.kubernetes]
[2023-11-08T18:56:22.631-0500] {processor.py:841} WARNING - No viable dags retrieved from /Users/az/anaconda3/envs/python38/lib/python3.8/site-packages/airflow/example_dags/example_kubernetes_executor.py
[2023-11-08T18:56:22.694-0500] {processor.py:179} INFO - Processing /Users/az/anaconda3/envs/python38/lib/python3.8/site-packages/airflow/example_dags/example_kubernetes_executor.py took 0.097 seconds
[2023-11-08T18:58:26.782-0500] {processor.py:157} INFO - Started process (PID=53398) to work on /Users/az/anaconda3/envs/python38/lib/python3.8/site-packages/airflow/example_dags/example_kubernetes_executor.py
[2023-11-08T18:58:26.787-0500] {processor.py:829} INFO - Processing file /Users/az/anaconda3/envs/python38/lib/python3.8/site-packages/airflow/example_dags/example_kubernetes_executor.py for tasks to queue
[2023-11-08T18:58:26.787-0500] {logging_mixin.py:154} INFO - [2023-11-08T18:58:26.787-0500] {dagbag.py:536} INFO - Filling up the DagBag from /Users/az/anaconda3/envs/python38/lib/python3.8/site-packages/airflow/example_dags/example_kubernetes_executor.py
[2023-11-08T18:58:26.820-0500] {logging_mixin.py:154} INFO - [2023-11-08T18:58:26.820-0500] {example_kubernetes_executor.py:38} WARNING - The example_kubernetes_executor example DAG requires the kubernetes provider. Please install it with: pip install apache-airflow[cncf.kubernetes]
[2023-11-08T18:58:26.820-0500] {processor.py:841} WARNING - No viable dags retrieved from /Users/az/anaconda3/envs/python38/lib/python3.8/site-packages/airflow/example_dags/example_kubernetes_executor.py
[2023-11-08T18:58:26.892-0500] {processor.py:179} INFO - Processing /Users/az/anaconda3/envs/python38/lib/python3.8/site-packages/airflow/example_dags/example_kubernetes_executor.py took 0.110 seconds
