[2023-11-08T17:47:23.771-0500] {processor.py:157} INFO - Started process (PID=48905) to work on /Users/az/anaconda3/envs/python38/lib/python3.8/site-packages/airflow/example_dags/example_task_group_decorator.py
[2023-11-08T17:47:23.775-0500] {processor.py:829} INFO - Processing file /Users/az/anaconda3/envs/python38/lib/python3.8/site-packages/airflow/example_dags/example_task_group_decorator.py for tasks to queue
[2023-11-08T17:47:23.775-0500] {logging_mixin.py:154} INFO - [2023-11-08T17:47:23.775-0500] {dagbag.py:536} INFO - Filling up the DagBag from /Users/az/anaconda3/envs/python38/lib/python3.8/site-packages/airflow/example_dags/example_task_group_decorator.py
[2023-11-08T17:47:23.812-0500] {processor.py:839} INFO - DAG(s) dict_keys(['example_task_group_decorator']) retrieved from /Users/az/anaconda3/envs/python38/lib/python3.8/site-packages/airflow/example_dags/example_task_group_decorator.py
[2023-11-08T17:47:24.162-0500] {logging_mixin.py:154} INFO - [2023-11-08T17:47:24.162-0500] {manager.py:499} INFO - Created Permission View: %s
[2023-11-08T17:47:24.167-0500] {logging_mixin.py:154} INFO - [2023-11-08T17:47:24.167-0500] {manager.py:499} INFO - Created Permission View: %s
[2023-11-08T17:47:24.170-0500] {logging_mixin.py:154} INFO - [2023-11-08T17:47:24.170-0500] {manager.py:499} INFO - Created Permission View: %s
[2023-11-08T17:47:24.170-0500] {logging_mixin.py:154} INFO - [2023-11-08T17:47:24.170-0500] {dag.py:2941} INFO - Sync 1 DAGs
[2023-11-08T17:47:24.175-0500] {logging_mixin.py:154} INFO - [2023-11-08T17:47:24.175-0500] {dag.py:2963} INFO - Creating ORM DAG for example_task_group_decorator
[2023-11-08T17:47:24.181-0500] {logging_mixin.py:154} INFO - [2023-11-08T17:47:24.180-0500] {dag.py:3722} INFO - Setting next_dagrun for example_task_group_decorator to 2023-11-07T22:47:24.180839+00:00, run_after=2023-11-08T22:47:24.180839+00:00
[2023-11-08T17:47:24.190-0500] {processor.py:179} INFO - Processing /Users/az/anaconda3/envs/python38/lib/python3.8/site-packages/airflow/example_dags/example_task_group_decorator.py took 0.419 seconds
[2023-11-08T17:48:59.122-0500] {processor.py:157} INFO - Started process (PID=49038) to work on /Users/az/anaconda3/envs/python38/lib/python3.8/site-packages/airflow/example_dags/example_task_group_decorator.py
[2023-11-08T17:48:59.127-0500] {processor.py:829} INFO - Processing file /Users/az/anaconda3/envs/python38/lib/python3.8/site-packages/airflow/example_dags/example_task_group_decorator.py for tasks to queue
[2023-11-08T17:48:59.127-0500] {logging_mixin.py:154} INFO - [2023-11-08T17:48:59.127-0500] {dagbag.py:536} INFO - Filling up the DagBag from /Users/az/anaconda3/envs/python38/lib/python3.8/site-packages/airflow/example_dags/example_task_group_decorator.py
[2023-11-08T17:48:59.163-0500] {processor.py:839} INFO - DAG(s) dict_keys(['example_task_group_decorator']) retrieved from /Users/az/anaconda3/envs/python38/lib/python3.8/site-packages/airflow/example_dags/example_task_group_decorator.py
[2023-11-08T17:48:59.268-0500] {logging_mixin.py:154} INFO - [2023-11-08T17:48:59.268-0500] {dag.py:2941} INFO - Sync 1 DAGs
[2023-11-08T17:48:59.278-0500] {logging_mixin.py:154} INFO - [2023-11-08T17:48:59.278-0500] {dag.py:3722} INFO - Setting next_dagrun for example_task_group_decorator to 2023-11-07T22:48:59.277955+00:00, run_after=2023-11-08T22:48:59.277955+00:00
[2023-11-08T17:48:59.288-0500] {processor.py:179} INFO - Processing /Users/az/anaconda3/envs/python38/lib/python3.8/site-packages/airflow/example_dags/example_task_group_decorator.py took 0.166 seconds
[2023-11-08T17:50:01.970-0500] {processor.py:157} INFO - Started process (PID=49127) to work on /Users/az/anaconda3/envs/python38/lib/python3.8/site-packages/airflow/example_dags/example_task_group_decorator.py
[2023-11-08T17:50:01.975-0500] {processor.py:829} INFO - Processing file /Users/az/anaconda3/envs/python38/lib/python3.8/site-packages/airflow/example_dags/example_task_group_decorator.py for tasks to queue
[2023-11-08T17:50:01.975-0500] {logging_mixin.py:154} INFO - [2023-11-08T17:50:01.975-0500] {dagbag.py:536} INFO - Filling up the DagBag from /Users/az/anaconda3/envs/python38/lib/python3.8/site-packages/airflow/example_dags/example_task_group_decorator.py
[2023-11-08T17:50:02.012-0500] {processor.py:839} INFO - DAG(s) dict_keys(['example_task_group_decorator']) retrieved from /Users/az/anaconda3/envs/python38/lib/python3.8/site-packages/airflow/example_dags/example_task_group_decorator.py
[2023-11-08T17:50:02.123-0500] {logging_mixin.py:154} INFO - [2023-11-08T17:50:02.122-0500] {dag.py:2941} INFO - Sync 1 DAGs
[2023-11-08T17:50:02.133-0500] {logging_mixin.py:154} INFO - [2023-11-08T17:50:02.133-0500] {dag.py:3722} INFO - Setting next_dagrun for example_task_group_decorator to 2023-11-07T22:50:02.133694+00:00, run_after=2023-11-08T22:50:02.133694+00:00
[2023-11-08T17:50:02.144-0500] {processor.py:179} INFO - Processing /Users/az/anaconda3/envs/python38/lib/python3.8/site-packages/airflow/example_dags/example_task_group_decorator.py took 0.174 seconds
[2023-11-08T17:51:02.803-0500] {processor.py:157} INFO - Started process (PID=49241) to work on /Users/az/anaconda3/envs/python38/lib/python3.8/site-packages/airflow/example_dags/example_task_group_decorator.py
[2023-11-08T17:51:02.820-0500] {processor.py:829} INFO - Processing file /Users/az/anaconda3/envs/python38/lib/python3.8/site-packages/airflow/example_dags/example_task_group_decorator.py for tasks to queue
[2023-11-08T17:51:02.820-0500] {logging_mixin.py:154} INFO - [2023-11-08T17:51:02.820-0500] {dagbag.py:536} INFO - Filling up the DagBag from /Users/az/anaconda3/envs/python38/lib/python3.8/site-packages/airflow/example_dags/example_task_group_decorator.py
[2023-11-08T17:51:02.856-0500] {processor.py:839} INFO - DAG(s) dict_keys(['example_task_group_decorator']) retrieved from /Users/az/anaconda3/envs/python38/lib/python3.8/site-packages/airflow/example_dags/example_task_group_decorator.py
[2023-11-08T17:51:02.963-0500] {logging_mixin.py:154} INFO - [2023-11-08T17:51:02.963-0500] {dag.py:2941} INFO - Sync 1 DAGs
[2023-11-08T17:51:02.988-0500] {logging_mixin.py:154} INFO - [2023-11-08T17:51:02.988-0500] {dag.py:3722} INFO - Setting next_dagrun for example_task_group_decorator to 2023-11-07T22:51:02.988454+00:00, run_after=2023-11-08T22:51:02.988454+00:00
[2023-11-08T17:51:02.998-0500] {processor.py:179} INFO - Processing /Users/az/anaconda3/envs/python38/lib/python3.8/site-packages/airflow/example_dags/example_task_group_decorator.py took 0.195 seconds
[2023-11-08T17:52:01.877-0500] {processor.py:157} INFO - Started process (PID=49321) to work on /Users/az/anaconda3/envs/python38/lib/python3.8/site-packages/airflow/example_dags/example_task_group_decorator.py
[2023-11-08T17:52:01.882-0500] {processor.py:829} INFO - Processing file /Users/az/anaconda3/envs/python38/lib/python3.8/site-packages/airflow/example_dags/example_task_group_decorator.py for tasks to queue
[2023-11-08T17:52:01.882-0500] {logging_mixin.py:154} INFO - [2023-11-08T17:52:01.882-0500] {dagbag.py:536} INFO - Filling up the DagBag from /Users/az/anaconda3/envs/python38/lib/python3.8/site-packages/airflow/example_dags/example_task_group_decorator.py
[2023-11-08T17:52:01.919-0500] {processor.py:839} INFO - DAG(s) dict_keys(['example_task_group_decorator']) retrieved from /Users/az/anaconda3/envs/python38/lib/python3.8/site-packages/airflow/example_dags/example_task_group_decorator.py
[2023-11-08T17:52:02.026-0500] {logging_mixin.py:154} INFO - [2023-11-08T17:52:02.026-0500] {dag.py:2941} INFO - Sync 1 DAGs
[2023-11-08T17:52:02.036-0500] {logging_mixin.py:154} INFO - [2023-11-08T17:52:02.036-0500] {dag.py:3722} INFO - Setting next_dagrun for example_task_group_decorator to 2023-11-07T22:52:02.036539+00:00, run_after=2023-11-08T22:52:02.036539+00:00
[2023-11-08T17:52:02.046-0500] {processor.py:179} INFO - Processing /Users/az/anaconda3/envs/python38/lib/python3.8/site-packages/airflow/example_dags/example_task_group_decorator.py took 0.170 seconds
[2023-11-08T17:52:57.813-0500] {processor.py:157} INFO - Started process (PID=49391) to work on /Users/az/anaconda3/envs/python38/lib/python3.8/site-packages/airflow/example_dags/example_task_group_decorator.py
[2023-11-08T17:52:57.817-0500] {processor.py:829} INFO - Processing file /Users/az/anaconda3/envs/python38/lib/python3.8/site-packages/airflow/example_dags/example_task_group_decorator.py for tasks to queue
[2023-11-08T17:52:57.817-0500] {logging_mixin.py:154} INFO - [2023-11-08T17:52:57.817-0500] {dagbag.py:536} INFO - Filling up the DagBag from /Users/az/anaconda3/envs/python38/lib/python3.8/site-packages/airflow/example_dags/example_task_group_decorator.py
[2023-11-08T17:52:57.852-0500] {processor.py:839} INFO - DAG(s) dict_keys(['example_task_group_decorator']) retrieved from /Users/az/anaconda3/envs/python38/lib/python3.8/site-packages/airflow/example_dags/example_task_group_decorator.py
[2023-11-08T17:52:57.956-0500] {logging_mixin.py:154} INFO - [2023-11-08T17:52:57.956-0500] {dag.py:2941} INFO - Sync 1 DAGs
[2023-11-08T17:52:57.966-0500] {logging_mixin.py:154} INFO - [2023-11-08T17:52:57.966-0500] {dag.py:3722} INFO - Setting next_dagrun for example_task_group_decorator to 2023-11-07T22:52:57.966308+00:00, run_after=2023-11-08T22:52:57.966308+00:00
[2023-11-08T17:52:57.976-0500] {processor.py:179} INFO - Processing /Users/az/anaconda3/envs/python38/lib/python3.8/site-packages/airflow/example_dags/example_task_group_decorator.py took 0.164 seconds
[2023-11-08T17:53:53.162-0500] {processor.py:157} INFO - Started process (PID=49462) to work on /Users/az/anaconda3/envs/python38/lib/python3.8/site-packages/airflow/example_dags/example_task_group_decorator.py
[2023-11-08T17:53:53.165-0500] {processor.py:829} INFO - Processing file /Users/az/anaconda3/envs/python38/lib/python3.8/site-packages/airflow/example_dags/example_task_group_decorator.py for tasks to queue
[2023-11-08T17:53:53.166-0500] {logging_mixin.py:154} INFO - [2023-11-08T17:53:53.166-0500] {dagbag.py:536} INFO - Filling up the DagBag from /Users/az/anaconda3/envs/python38/lib/python3.8/site-packages/airflow/example_dags/example_task_group_decorator.py
[2023-11-08T17:53:53.202-0500] {processor.py:839} INFO - DAG(s) dict_keys(['example_task_group_decorator']) retrieved from /Users/az/anaconda3/envs/python38/lib/python3.8/site-packages/airflow/example_dags/example_task_group_decorator.py
[2023-11-08T17:53:53.307-0500] {logging_mixin.py:154} INFO - [2023-11-08T17:53:53.307-0500] {dag.py:2941} INFO - Sync 1 DAGs
[2023-11-08T17:53:53.316-0500] {logging_mixin.py:154} INFO - [2023-11-08T17:53:53.316-0500] {dag.py:3722} INFO - Setting next_dagrun for example_task_group_decorator to 2023-11-07T22:53:53.316587+00:00, run_after=2023-11-08T22:53:53.316587+00:00
[2023-11-08T17:53:53.326-0500] {processor.py:179} INFO - Processing /Users/az/anaconda3/envs/python38/lib/python3.8/site-packages/airflow/example_dags/example_task_group_decorator.py took 0.165 seconds
[2023-11-08T17:54:51.933-0500] {processor.py:157} INFO - Started process (PID=49534) to work on /Users/az/anaconda3/envs/python38/lib/python3.8/site-packages/airflow/example_dags/example_task_group_decorator.py
[2023-11-08T17:54:51.938-0500] {processor.py:829} INFO - Processing file /Users/az/anaconda3/envs/python38/lib/python3.8/site-packages/airflow/example_dags/example_task_group_decorator.py for tasks to queue
[2023-11-08T17:54:51.938-0500] {logging_mixin.py:154} INFO - [2023-11-08T17:54:51.938-0500] {dagbag.py:536} INFO - Filling up the DagBag from /Users/az/anaconda3/envs/python38/lib/python3.8/site-packages/airflow/example_dags/example_task_group_decorator.py
[2023-11-08T17:54:51.973-0500] {processor.py:839} INFO - DAG(s) dict_keys(['example_task_group_decorator']) retrieved from /Users/az/anaconda3/envs/python38/lib/python3.8/site-packages/airflow/example_dags/example_task_group_decorator.py
[2023-11-08T17:54:52.077-0500] {logging_mixin.py:154} INFO - [2023-11-08T17:54:52.077-0500] {dag.py:2941} INFO - Sync 1 DAGs
[2023-11-08T17:54:52.087-0500] {logging_mixin.py:154} INFO - [2023-11-08T17:54:52.087-0500] {dag.py:3722} INFO - Setting next_dagrun for example_task_group_decorator to 2023-11-07T22:54:52.087216+00:00, run_after=2023-11-08T22:54:52.087216+00:00
[2023-11-08T17:54:52.097-0500] {processor.py:179} INFO - Processing /Users/az/anaconda3/envs/python38/lib/python3.8/site-packages/airflow/example_dags/example_task_group_decorator.py took 0.164 seconds
[2023-11-08T17:55:52.307-0500] {processor.py:157} INFO - Started process (PID=49607) to work on /Users/az/anaconda3/envs/python38/lib/python3.8/site-packages/airflow/example_dags/example_task_group_decorator.py
[2023-11-08T17:55:52.312-0500] {processor.py:829} INFO - Processing file /Users/az/anaconda3/envs/python38/lib/python3.8/site-packages/airflow/example_dags/example_task_group_decorator.py for tasks to queue
[2023-11-08T17:55:52.312-0500] {logging_mixin.py:154} INFO - [2023-11-08T17:55:52.312-0500] {dagbag.py:536} INFO - Filling up the DagBag from /Users/az/anaconda3/envs/python38/lib/python3.8/site-packages/airflow/example_dags/example_task_group_decorator.py
[2023-11-08T17:55:52.348-0500] {processor.py:839} INFO - DAG(s) dict_keys(['example_task_group_decorator']) retrieved from /Users/az/anaconda3/envs/python38/lib/python3.8/site-packages/airflow/example_dags/example_task_group_decorator.py
[2023-11-08T17:55:52.453-0500] {logging_mixin.py:154} INFO - [2023-11-08T17:55:52.453-0500] {dag.py:2941} INFO - Sync 1 DAGs
[2023-11-08T17:55:52.462-0500] {logging_mixin.py:154} INFO - [2023-11-08T17:55:52.462-0500] {dag.py:3722} INFO - Setting next_dagrun for example_task_group_decorator to 2023-11-07T22:55:52.462646+00:00, run_after=2023-11-08T22:55:52.462646+00:00
[2023-11-08T17:55:52.472-0500] {processor.py:179} INFO - Processing /Users/az/anaconda3/envs/python38/lib/python3.8/site-packages/airflow/example_dags/example_task_group_decorator.py took 0.165 seconds
[2023-11-08T17:56:51.927-0500] {processor.py:157} INFO - Started process (PID=49681) to work on /Users/az/anaconda3/envs/python38/lib/python3.8/site-packages/airflow/example_dags/example_task_group_decorator.py
[2023-11-08T17:56:51.931-0500] {processor.py:829} INFO - Processing file /Users/az/anaconda3/envs/python38/lib/python3.8/site-packages/airflow/example_dags/example_task_group_decorator.py for tasks to queue
[2023-11-08T17:56:51.932-0500] {logging_mixin.py:154} INFO - [2023-11-08T17:56:51.932-0500] {dagbag.py:536} INFO - Filling up the DagBag from /Users/az/anaconda3/envs/python38/lib/python3.8/site-packages/airflow/example_dags/example_task_group_decorator.py
[2023-11-08T17:56:51.968-0500] {processor.py:839} INFO - DAG(s) dict_keys(['example_task_group_decorator']) retrieved from /Users/az/anaconda3/envs/python38/lib/python3.8/site-packages/airflow/example_dags/example_task_group_decorator.py
[2023-11-08T17:56:52.073-0500] {logging_mixin.py:154} INFO - [2023-11-08T17:56:52.073-0500] {dag.py:2941} INFO - Sync 1 DAGs
[2023-11-08T17:56:52.083-0500] {logging_mixin.py:154} INFO - [2023-11-08T17:56:52.083-0500] {dag.py:3722} INFO - Setting next_dagrun for example_task_group_decorator to 2023-11-07T22:56:52.083245+00:00, run_after=2023-11-08T22:56:52.083245+00:00
[2023-11-08T17:56:52.093-0500] {processor.py:179} INFO - Processing /Users/az/anaconda3/envs/python38/lib/python3.8/site-packages/airflow/example_dags/example_task_group_decorator.py took 0.167 seconds
[2023-11-08T17:57:53.539-0500] {processor.py:157} INFO - Started process (PID=49773) to work on /Users/az/anaconda3/envs/python38/lib/python3.8/site-packages/airflow/example_dags/example_task_group_decorator.py
[2023-11-08T17:57:53.544-0500] {processor.py:829} INFO - Processing file /Users/az/anaconda3/envs/python38/lib/python3.8/site-packages/airflow/example_dags/example_task_group_decorator.py for tasks to queue
[2023-11-08T17:57:53.544-0500] {logging_mixin.py:154} INFO - [2023-11-08T17:57:53.544-0500] {dagbag.py:536} INFO - Filling up the DagBag from /Users/az/anaconda3/envs/python38/lib/python3.8/site-packages/airflow/example_dags/example_task_group_decorator.py
[2023-11-08T17:57:53.580-0500] {processor.py:839} INFO - DAG(s) dict_keys(['example_task_group_decorator']) retrieved from /Users/az/anaconda3/envs/python38/lib/python3.8/site-packages/airflow/example_dags/example_task_group_decorator.py
[2023-11-08T17:57:53.686-0500] {logging_mixin.py:154} INFO - [2023-11-08T17:57:53.686-0500] {dag.py:2941} INFO - Sync 1 DAGs
[2023-11-08T17:57:53.698-0500] {logging_mixin.py:154} INFO - [2023-11-08T17:57:53.698-0500] {dag.py:3722} INFO - Setting next_dagrun for example_task_group_decorator to 2023-11-07T22:57:53.698404+00:00, run_after=2023-11-08T22:57:53.698404+00:00
[2023-11-08T17:57:53.709-0500] {processor.py:179} INFO - Processing /Users/az/anaconda3/envs/python38/lib/python3.8/site-packages/airflow/example_dags/example_task_group_decorator.py took 0.171 seconds
[2023-11-08T17:58:54.352-0500] {processor.py:157} INFO - Started process (PID=49851) to work on /Users/az/anaconda3/envs/python38/lib/python3.8/site-packages/airflow/example_dags/example_task_group_decorator.py
[2023-11-08T17:58:54.357-0500] {processor.py:829} INFO - Processing file /Users/az/anaconda3/envs/python38/lib/python3.8/site-packages/airflow/example_dags/example_task_group_decorator.py for tasks to queue
[2023-11-08T17:58:54.357-0500] {logging_mixin.py:154} INFO - [2023-11-08T17:58:54.357-0500] {dagbag.py:536} INFO - Filling up the DagBag from /Users/az/anaconda3/envs/python38/lib/python3.8/site-packages/airflow/example_dags/example_task_group_decorator.py
[2023-11-08T17:58:54.393-0500] {processor.py:839} INFO - DAG(s) dict_keys(['example_task_group_decorator']) retrieved from /Users/az/anaconda3/envs/python38/lib/python3.8/site-packages/airflow/example_dags/example_task_group_decorator.py
[2023-11-08T17:58:54.497-0500] {logging_mixin.py:154} INFO - [2023-11-08T17:58:54.497-0500] {dag.py:2941} INFO - Sync 1 DAGs
[2023-11-08T17:58:54.507-0500] {logging_mixin.py:154} INFO - [2023-11-08T17:58:54.507-0500] {dag.py:3722} INFO - Setting next_dagrun for example_task_group_decorator to 2023-11-07T22:58:54.507451+00:00, run_after=2023-11-08T22:58:54.507451+00:00
[2023-11-08T17:58:54.517-0500] {processor.py:179} INFO - Processing /Users/az/anaconda3/envs/python38/lib/python3.8/site-packages/airflow/example_dags/example_task_group_decorator.py took 0.165 seconds
[2023-11-08T17:59:54.803-0500] {processor.py:157} INFO - Started process (PID=49925) to work on /Users/az/anaconda3/envs/python38/lib/python3.8/site-packages/airflow/example_dags/example_task_group_decorator.py
[2023-11-08T17:59:54.808-0500] {processor.py:829} INFO - Processing file /Users/az/anaconda3/envs/python38/lib/python3.8/site-packages/airflow/example_dags/example_task_group_decorator.py for tasks to queue
[2023-11-08T17:59:54.808-0500] {logging_mixin.py:154} INFO - [2023-11-08T17:59:54.808-0500] {dagbag.py:536} INFO - Filling up the DagBag from /Users/az/anaconda3/envs/python38/lib/python3.8/site-packages/airflow/example_dags/example_task_group_decorator.py
[2023-11-08T17:59:54.844-0500] {processor.py:839} INFO - DAG(s) dict_keys(['example_task_group_decorator']) retrieved from /Users/az/anaconda3/envs/python38/lib/python3.8/site-packages/airflow/example_dags/example_task_group_decorator.py
[2023-11-08T17:59:54.949-0500] {logging_mixin.py:154} INFO - [2023-11-08T17:59:54.949-0500] {dag.py:2941} INFO - Sync 1 DAGs
[2023-11-08T17:59:54.959-0500] {logging_mixin.py:154} INFO - [2023-11-08T17:59:54.959-0500] {dag.py:3722} INFO - Setting next_dagrun for example_task_group_decorator to 2023-11-07T22:59:54.959085+00:00, run_after=2023-11-08T22:59:54.959085+00:00
[2023-11-08T17:59:54.969-0500] {processor.py:179} INFO - Processing /Users/az/anaconda3/envs/python38/lib/python3.8/site-packages/airflow/example_dags/example_task_group_decorator.py took 0.166 seconds
[2023-11-08T18:00:55.819-0500] {processor.py:157} INFO - Started process (PID=50003) to work on /Users/az/anaconda3/envs/python38/lib/python3.8/site-packages/airflow/example_dags/example_task_group_decorator.py
[2023-11-08T18:00:55.823-0500] {processor.py:829} INFO - Processing file /Users/az/anaconda3/envs/python38/lib/python3.8/site-packages/airflow/example_dags/example_task_group_decorator.py for tasks to queue
[2023-11-08T18:00:55.824-0500] {logging_mixin.py:154} INFO - [2023-11-08T18:00:55.824-0500] {dagbag.py:536} INFO - Filling up the DagBag from /Users/az/anaconda3/envs/python38/lib/python3.8/site-packages/airflow/example_dags/example_task_group_decorator.py
[2023-11-08T18:00:55.859-0500] {processor.py:839} INFO - DAG(s) dict_keys(['example_task_group_decorator']) retrieved from /Users/az/anaconda3/envs/python38/lib/python3.8/site-packages/airflow/example_dags/example_task_group_decorator.py
[2023-11-08T18:00:55.964-0500] {logging_mixin.py:154} INFO - [2023-11-08T18:00:55.964-0500] {dag.py:2941} INFO - Sync 1 DAGs
[2023-11-08T18:00:55.974-0500] {logging_mixin.py:154} INFO - [2023-11-08T18:00:55.974-0500] {dag.py:3722} INFO - Setting next_dagrun for example_task_group_decorator to 2023-11-07T23:00:55.974424+00:00, run_after=2023-11-08T23:00:55.974424+00:00
[2023-11-08T18:00:55.984-0500] {processor.py:179} INFO - Processing /Users/az/anaconda3/envs/python38/lib/python3.8/site-packages/airflow/example_dags/example_task_group_decorator.py took 0.166 seconds
[2023-11-08T18:01:54.697-0500] {processor.py:157} INFO - Started process (PID=50103) to work on /Users/az/anaconda3/envs/python38/lib/python3.8/site-packages/airflow/example_dags/example_task_group_decorator.py
[2023-11-08T18:01:54.702-0500] {processor.py:829} INFO - Processing file /Users/az/anaconda3/envs/python38/lib/python3.8/site-packages/airflow/example_dags/example_task_group_decorator.py for tasks to queue
[2023-11-08T18:01:54.702-0500] {logging_mixin.py:154} INFO - [2023-11-08T18:01:54.702-0500] {dagbag.py:536} INFO - Filling up the DagBag from /Users/az/anaconda3/envs/python38/lib/python3.8/site-packages/airflow/example_dags/example_task_group_decorator.py
[2023-11-08T18:01:54.738-0500] {processor.py:839} INFO - DAG(s) dict_keys(['example_task_group_decorator']) retrieved from /Users/az/anaconda3/envs/python38/lib/python3.8/site-packages/airflow/example_dags/example_task_group_decorator.py
[2023-11-08T18:01:54.842-0500] {logging_mixin.py:154} INFO - [2023-11-08T18:01:54.842-0500] {dag.py:2941} INFO - Sync 1 DAGs
[2023-11-08T18:01:54.852-0500] {logging_mixin.py:154} INFO - [2023-11-08T18:01:54.852-0500] {dag.py:3722} INFO - Setting next_dagrun for example_task_group_decorator to 2023-11-07T23:01:54.852248+00:00, run_after=2023-11-08T23:01:54.852248+00:00
[2023-11-08T18:01:54.862-0500] {processor.py:179} INFO - Processing /Users/az/anaconda3/envs/python38/lib/python3.8/site-packages/airflow/example_dags/example_task_group_decorator.py took 0.165 seconds
[2023-11-08T18:02:52.023-0500] {processor.py:157} INFO - Started process (PID=50207) to work on /Users/az/anaconda3/envs/python38/lib/python3.8/site-packages/airflow/example_dags/example_task_group_decorator.py
[2023-11-08T18:02:52.027-0500] {processor.py:829} INFO - Processing file /Users/az/anaconda3/envs/python38/lib/python3.8/site-packages/airflow/example_dags/example_task_group_decorator.py for tasks to queue
[2023-11-08T18:02:52.027-0500] {logging_mixin.py:154} INFO - [2023-11-08T18:02:52.027-0500] {dagbag.py:536} INFO - Filling up the DagBag from /Users/az/anaconda3/envs/python38/lib/python3.8/site-packages/airflow/example_dags/example_task_group_decorator.py
[2023-11-08T18:02:52.062-0500] {processor.py:839} INFO - DAG(s) dict_keys(['example_task_group_decorator']) retrieved from /Users/az/anaconda3/envs/python38/lib/python3.8/site-packages/airflow/example_dags/example_task_group_decorator.py
[2023-11-08T18:02:52.165-0500] {logging_mixin.py:154} INFO - [2023-11-08T18:02:52.165-0500] {dag.py:2941} INFO - Sync 1 DAGs
[2023-11-08T18:02:52.175-0500] {logging_mixin.py:154} INFO - [2023-11-08T18:02:52.175-0500] {dag.py:3722} INFO - Setting next_dagrun for example_task_group_decorator to 2023-11-07T23:02:52.175276+00:00, run_after=2023-11-08T23:02:52.175276+00:00
[2023-11-08T18:02:52.185-0500] {processor.py:179} INFO - Processing /Users/az/anaconda3/envs/python38/lib/python3.8/site-packages/airflow/example_dags/example_task_group_decorator.py took 0.163 seconds
[2023-11-08T18:03:51.600-0500] {processor.py:157} INFO - Started process (PID=50424) to work on /Users/az/anaconda3/envs/python38/lib/python3.8/site-packages/airflow/example_dags/example_task_group_decorator.py
[2023-11-08T18:03:51.605-0500] {processor.py:829} INFO - Processing file /Users/az/anaconda3/envs/python38/lib/python3.8/site-packages/airflow/example_dags/example_task_group_decorator.py for tasks to queue
[2023-11-08T18:03:51.605-0500] {logging_mixin.py:154} INFO - [2023-11-08T18:03:51.605-0500] {dagbag.py:536} INFO - Filling up the DagBag from /Users/az/anaconda3/envs/python38/lib/python3.8/site-packages/airflow/example_dags/example_task_group_decorator.py
[2023-11-08T18:03:51.641-0500] {processor.py:839} INFO - DAG(s) dict_keys(['example_task_group_decorator']) retrieved from /Users/az/anaconda3/envs/python38/lib/python3.8/site-packages/airflow/example_dags/example_task_group_decorator.py
[2023-11-08T18:03:51.745-0500] {logging_mixin.py:154} INFO - [2023-11-08T18:03:51.745-0500] {dag.py:2941} INFO - Sync 1 DAGs
[2023-11-08T18:03:51.755-0500] {logging_mixin.py:154} INFO - [2023-11-08T18:03:51.755-0500] {dag.py:3722} INFO - Setting next_dagrun for example_task_group_decorator to 2023-11-07T23:03:51.755216+00:00, run_after=2023-11-08T23:03:51.755216+00:00
[2023-11-08T18:03:51.765-0500] {processor.py:179} INFO - Processing /Users/az/anaconda3/envs/python38/lib/python3.8/site-packages/airflow/example_dags/example_task_group_decorator.py took 0.165 seconds
[2023-11-08T18:04:48.864-0500] {processor.py:157} INFO - Started process (PID=50496) to work on /Users/az/anaconda3/envs/python38/lib/python3.8/site-packages/airflow/example_dags/example_task_group_decorator.py
[2023-11-08T18:04:48.869-0500] {processor.py:829} INFO - Processing file /Users/az/anaconda3/envs/python38/lib/python3.8/site-packages/airflow/example_dags/example_task_group_decorator.py for tasks to queue
[2023-11-08T18:04:48.869-0500] {logging_mixin.py:154} INFO - [2023-11-08T18:04:48.869-0500] {dagbag.py:536} INFO - Filling up the DagBag from /Users/az/anaconda3/envs/python38/lib/python3.8/site-packages/airflow/example_dags/example_task_group_decorator.py
[2023-11-08T18:04:48.905-0500] {processor.py:839} INFO - DAG(s) dict_keys(['example_task_group_decorator']) retrieved from /Users/az/anaconda3/envs/python38/lib/python3.8/site-packages/airflow/example_dags/example_task_group_decorator.py
[2023-11-08T18:04:49.011-0500] {logging_mixin.py:154} INFO - [2023-11-08T18:04:49.010-0500] {dag.py:2941} INFO - Sync 1 DAGs
[2023-11-08T18:04:49.020-0500] {logging_mixin.py:154} INFO - [2023-11-08T18:04:49.020-0500] {dag.py:3722} INFO - Setting next_dagrun for example_task_group_decorator to 2023-11-07T23:04:49.020494+00:00, run_after=2023-11-08T23:04:49.020494+00:00
[2023-11-08T18:04:49.030-0500] {processor.py:179} INFO - Processing /Users/az/anaconda3/envs/python38/lib/python3.8/site-packages/airflow/example_dags/example_task_group_decorator.py took 0.166 seconds
[2023-11-08T18:05:47.934-0500] {processor.py:157} INFO - Started process (PID=50570) to work on /Users/az/anaconda3/envs/python38/lib/python3.8/site-packages/airflow/example_dags/example_task_group_decorator.py
[2023-11-08T18:05:47.939-0500] {processor.py:829} INFO - Processing file /Users/az/anaconda3/envs/python38/lib/python3.8/site-packages/airflow/example_dags/example_task_group_decorator.py for tasks to queue
[2023-11-08T18:05:47.939-0500] {logging_mixin.py:154} INFO - [2023-11-08T18:05:47.939-0500] {dagbag.py:536} INFO - Filling up the DagBag from /Users/az/anaconda3/envs/python38/lib/python3.8/site-packages/airflow/example_dags/example_task_group_decorator.py
[2023-11-08T18:05:47.974-0500] {processor.py:839} INFO - DAG(s) dict_keys(['example_task_group_decorator']) retrieved from /Users/az/anaconda3/envs/python38/lib/python3.8/site-packages/airflow/example_dags/example_task_group_decorator.py
[2023-11-08T18:05:48.079-0500] {logging_mixin.py:154} INFO - [2023-11-08T18:05:48.079-0500] {dag.py:2941} INFO - Sync 1 DAGs
[2023-11-08T18:05:48.089-0500] {logging_mixin.py:154} INFO - [2023-11-08T18:05:48.089-0500] {dag.py:3722} INFO - Setting next_dagrun for example_task_group_decorator to 2023-11-07T23:05:48.089240+00:00, run_after=2023-11-08T23:05:48.089240+00:00
[2023-11-08T18:05:48.099-0500] {processor.py:179} INFO - Processing /Users/az/anaconda3/envs/python38/lib/python3.8/site-packages/airflow/example_dags/example_task_group_decorator.py took 0.166 seconds
[2023-11-08T18:06:46.016-0500] {processor.py:157} INFO - Started process (PID=50649) to work on /Users/az/anaconda3/envs/python38/lib/python3.8/site-packages/airflow/example_dags/example_task_group_decorator.py
[2023-11-08T18:06:46.021-0500] {processor.py:829} INFO - Processing file /Users/az/anaconda3/envs/python38/lib/python3.8/site-packages/airflow/example_dags/example_task_group_decorator.py for tasks to queue
[2023-11-08T18:06:46.021-0500] {logging_mixin.py:154} INFO - [2023-11-08T18:06:46.021-0500] {dagbag.py:536} INFO - Filling up the DagBag from /Users/az/anaconda3/envs/python38/lib/python3.8/site-packages/airflow/example_dags/example_task_group_decorator.py
[2023-11-08T18:06:46.057-0500] {processor.py:839} INFO - DAG(s) dict_keys(['example_task_group_decorator']) retrieved from /Users/az/anaconda3/envs/python38/lib/python3.8/site-packages/airflow/example_dags/example_task_group_decorator.py
[2023-11-08T18:06:46.162-0500] {logging_mixin.py:154} INFO - [2023-11-08T18:06:46.162-0500] {dag.py:2941} INFO - Sync 1 DAGs
[2023-11-08T18:06:46.171-0500] {logging_mixin.py:154} INFO - [2023-11-08T18:06:46.171-0500] {dag.py:3722} INFO - Setting next_dagrun for example_task_group_decorator to 2023-11-07T23:06:46.171808+00:00, run_after=2023-11-08T23:06:46.171808+00:00
[2023-11-08T18:06:46.182-0500] {processor.py:179} INFO - Processing /Users/az/anaconda3/envs/python38/lib/python3.8/site-packages/airflow/example_dags/example_task_group_decorator.py took 0.166 seconds
[2023-11-08T18:07:43.283-0500] {processor.py:157} INFO - Started process (PID=50738) to work on /Users/az/anaconda3/envs/python38/lib/python3.8/site-packages/airflow/example_dags/example_task_group_decorator.py
[2023-11-08T18:07:43.287-0500] {processor.py:829} INFO - Processing file /Users/az/anaconda3/envs/python38/lib/python3.8/site-packages/airflow/example_dags/example_task_group_decorator.py for tasks to queue
[2023-11-08T18:07:43.288-0500] {logging_mixin.py:154} INFO - [2023-11-08T18:07:43.287-0500] {dagbag.py:536} INFO - Filling up the DagBag from /Users/az/anaconda3/envs/python38/lib/python3.8/site-packages/airflow/example_dags/example_task_group_decorator.py
[2023-11-08T18:07:43.323-0500] {processor.py:839} INFO - DAG(s) dict_keys(['example_task_group_decorator']) retrieved from /Users/az/anaconda3/envs/python38/lib/python3.8/site-packages/airflow/example_dags/example_task_group_decorator.py
[2023-11-08T18:07:43.427-0500] {logging_mixin.py:154} INFO - [2023-11-08T18:07:43.427-0500] {dag.py:2941} INFO - Sync 1 DAGs
[2023-11-08T18:07:43.437-0500] {logging_mixin.py:154} INFO - [2023-11-08T18:07:43.437-0500] {dag.py:3722} INFO - Setting next_dagrun for example_task_group_decorator to 2023-11-07T23:07:43.437249+00:00, run_after=2023-11-08T23:07:43.437249+00:00
[2023-11-08T18:07:43.447-0500] {processor.py:179} INFO - Processing /Users/az/anaconda3/envs/python38/lib/python3.8/site-packages/airflow/example_dags/example_task_group_decorator.py took 0.164 seconds
[2023-11-08T18:08:41.101-0500] {processor.py:157} INFO - Started process (PID=50821) to work on /Users/az/anaconda3/envs/python38/lib/python3.8/site-packages/airflow/example_dags/example_task_group_decorator.py
[2023-11-08T18:08:41.106-0500] {processor.py:829} INFO - Processing file /Users/az/anaconda3/envs/python38/lib/python3.8/site-packages/airflow/example_dags/example_task_group_decorator.py for tasks to queue
[2023-11-08T18:08:41.106-0500] {logging_mixin.py:154} INFO - [2023-11-08T18:08:41.106-0500] {dagbag.py:536} INFO - Filling up the DagBag from /Users/az/anaconda3/envs/python38/lib/python3.8/site-packages/airflow/example_dags/example_task_group_decorator.py
[2023-11-08T18:08:41.142-0500] {processor.py:839} INFO - DAG(s) dict_keys(['example_task_group_decorator']) retrieved from /Users/az/anaconda3/envs/python38/lib/python3.8/site-packages/airflow/example_dags/example_task_group_decorator.py
[2023-11-08T18:08:41.247-0500] {logging_mixin.py:154} INFO - [2023-11-08T18:08:41.247-0500] {dag.py:2941} INFO - Sync 1 DAGs
[2023-11-08T18:08:41.257-0500] {logging_mixin.py:154} INFO - [2023-11-08T18:08:41.257-0500] {dag.py:3722} INFO - Setting next_dagrun for example_task_group_decorator to 2023-11-07T23:08:41.257387+00:00, run_after=2023-11-08T23:08:41.257387+00:00
[2023-11-08T18:08:41.267-0500] {processor.py:179} INFO - Processing /Users/az/anaconda3/envs/python38/lib/python3.8/site-packages/airflow/example_dags/example_task_group_decorator.py took 0.166 seconds
[2023-11-08T18:09:39.804-0500] {processor.py:157} INFO - Started process (PID=50900) to work on /Users/az/anaconda3/envs/python38/lib/python3.8/site-packages/airflow/example_dags/example_task_group_decorator.py
[2023-11-08T18:09:39.808-0500] {processor.py:829} INFO - Processing file /Users/az/anaconda3/envs/python38/lib/python3.8/site-packages/airflow/example_dags/example_task_group_decorator.py for tasks to queue
[2023-11-08T18:09:39.809-0500] {logging_mixin.py:154} INFO - [2023-11-08T18:09:39.809-0500] {dagbag.py:536} INFO - Filling up the DagBag from /Users/az/anaconda3/envs/python38/lib/python3.8/site-packages/airflow/example_dags/example_task_group_decorator.py
[2023-11-08T18:09:39.844-0500] {processor.py:839} INFO - DAG(s) dict_keys(['example_task_group_decorator']) retrieved from /Users/az/anaconda3/envs/python38/lib/python3.8/site-packages/airflow/example_dags/example_task_group_decorator.py
[2023-11-08T18:09:39.948-0500] {logging_mixin.py:154} INFO - [2023-11-08T18:09:39.948-0500] {dag.py:2941} INFO - Sync 1 DAGs
[2023-11-08T18:09:39.958-0500] {logging_mixin.py:154} INFO - [2023-11-08T18:09:39.958-0500] {dag.py:3722} INFO - Setting next_dagrun for example_task_group_decorator to 2023-11-07T23:09:39.958418+00:00, run_after=2023-11-08T23:09:39.958418+00:00
[2023-11-08T18:09:39.968-0500] {processor.py:179} INFO - Processing /Users/az/anaconda3/envs/python38/lib/python3.8/site-packages/airflow/example_dags/example_task_group_decorator.py took 0.165 seconds
[2023-11-08T18:10:38.868-0500] {processor.py:157} INFO - Started process (PID=50976) to work on /Users/az/anaconda3/envs/python38/lib/python3.8/site-packages/airflow/example_dags/example_task_group_decorator.py
[2023-11-08T18:10:38.872-0500] {processor.py:829} INFO - Processing file /Users/az/anaconda3/envs/python38/lib/python3.8/site-packages/airflow/example_dags/example_task_group_decorator.py for tasks to queue
[2023-11-08T18:10:38.872-0500] {logging_mixin.py:154} INFO - [2023-11-08T18:10:38.872-0500] {dagbag.py:536} INFO - Filling up the DagBag from /Users/az/anaconda3/envs/python38/lib/python3.8/site-packages/airflow/example_dags/example_task_group_decorator.py
[2023-11-08T18:10:38.907-0500] {processor.py:839} INFO - DAG(s) dict_keys(['example_task_group_decorator']) retrieved from /Users/az/anaconda3/envs/python38/lib/python3.8/site-packages/airflow/example_dags/example_task_group_decorator.py
[2023-11-08T18:10:39.012-0500] {logging_mixin.py:154} INFO - [2023-11-08T18:10:39.012-0500] {dag.py:2941} INFO - Sync 1 DAGs
[2023-11-08T18:10:39.022-0500] {logging_mixin.py:154} INFO - [2023-11-08T18:10:39.022-0500] {dag.py:3722} INFO - Setting next_dagrun for example_task_group_decorator to 2023-11-07T23:10:39.022183+00:00, run_after=2023-11-08T23:10:39.022183+00:00
[2023-11-08T18:10:39.032-0500] {processor.py:179} INFO - Processing /Users/az/anaconda3/envs/python38/lib/python3.8/site-packages/airflow/example_dags/example_task_group_decorator.py took 0.164 seconds
[2023-11-08T18:11:40.292-0500] {processor.py:157} INFO - Started process (PID=51050) to work on /Users/az/anaconda3/envs/python38/lib/python3.8/site-packages/airflow/example_dags/example_task_group_decorator.py
[2023-11-08T18:11:40.296-0500] {processor.py:829} INFO - Processing file /Users/az/anaconda3/envs/python38/lib/python3.8/site-packages/airflow/example_dags/example_task_group_decorator.py for tasks to queue
[2023-11-08T18:11:40.296-0500] {logging_mixin.py:154} INFO - [2023-11-08T18:11:40.296-0500] {dagbag.py:536} INFO - Filling up the DagBag from /Users/az/anaconda3/envs/python38/lib/python3.8/site-packages/airflow/example_dags/example_task_group_decorator.py
[2023-11-08T18:11:40.331-0500] {processor.py:839} INFO - DAG(s) dict_keys(['example_task_group_decorator']) retrieved from /Users/az/anaconda3/envs/python38/lib/python3.8/site-packages/airflow/example_dags/example_task_group_decorator.py
[2023-11-08T18:11:40.435-0500] {logging_mixin.py:154} INFO - [2023-11-08T18:11:40.435-0500] {dag.py:2941} INFO - Sync 1 DAGs
[2023-11-08T18:11:40.445-0500] {logging_mixin.py:154} INFO - [2023-11-08T18:11:40.445-0500] {dag.py:3722} INFO - Setting next_dagrun for example_task_group_decorator to 2023-11-07T23:11:40.445246+00:00, run_after=2023-11-08T23:11:40.445246+00:00
[2023-11-08T18:11:40.455-0500] {processor.py:179} INFO - Processing /Users/az/anaconda3/envs/python38/lib/python3.8/site-packages/airflow/example_dags/example_task_group_decorator.py took 0.164 seconds
[2023-11-08T18:17:37.785-0500] {processor.py:157} INFO - Started process (PID=51153) to work on /Users/az/anaconda3/envs/python38/lib/python3.8/site-packages/airflow/example_dags/example_task_group_decorator.py
[2023-11-08T18:17:37.790-0500] {processor.py:829} INFO - Processing file /Users/az/anaconda3/envs/python38/lib/python3.8/site-packages/airflow/example_dags/example_task_group_decorator.py for tasks to queue
[2023-11-08T18:17:37.790-0500] {logging_mixin.py:154} INFO - [2023-11-08T18:17:37.790-0500] {dagbag.py:536} INFO - Filling up the DagBag from /Users/az/anaconda3/envs/python38/lib/python3.8/site-packages/airflow/example_dags/example_task_group_decorator.py
[2023-11-08T18:17:37.825-0500] {processor.py:839} INFO - DAG(s) dict_keys(['example_task_group_decorator']) retrieved from /Users/az/anaconda3/envs/python38/lib/python3.8/site-packages/airflow/example_dags/example_task_group_decorator.py
[2023-11-08T18:17:37.930-0500] {logging_mixin.py:154} INFO - [2023-11-08T18:17:37.930-0500] {dag.py:2941} INFO - Sync 1 DAGs
[2023-11-08T18:17:37.940-0500] {logging_mixin.py:154} INFO - [2023-11-08T18:17:37.940-0500] {dag.py:3722} INFO - Setting next_dagrun for example_task_group_decorator to 2023-11-07T23:17:37.940361+00:00, run_after=2023-11-08T23:17:37.940361+00:00
[2023-11-08T18:17:37.950-0500] {processor.py:179} INFO - Processing /Users/az/anaconda3/envs/python38/lib/python3.8/site-packages/airflow/example_dags/example_task_group_decorator.py took 0.166 seconds
[2023-11-08T18:30:40.515-0500] {processor.py:157} INFO - Started process (PID=51259) to work on /Users/az/anaconda3/envs/python38/lib/python3.8/site-packages/airflow/example_dags/example_task_group_decorator.py
[2023-11-08T18:30:40.520-0500] {processor.py:829} INFO - Processing file /Users/az/anaconda3/envs/python38/lib/python3.8/site-packages/airflow/example_dags/example_task_group_decorator.py for tasks to queue
[2023-11-08T18:30:40.520-0500] {logging_mixin.py:154} INFO - [2023-11-08T18:30:40.520-0500] {dagbag.py:536} INFO - Filling up the DagBag from /Users/az/anaconda3/envs/python38/lib/python3.8/site-packages/airflow/example_dags/example_task_group_decorator.py
[2023-11-08T18:30:40.555-0500] {processor.py:839} INFO - DAG(s) dict_keys(['example_task_group_decorator']) retrieved from /Users/az/anaconda3/envs/python38/lib/python3.8/site-packages/airflow/example_dags/example_task_group_decorator.py
[2023-11-08T18:30:40.660-0500] {logging_mixin.py:154} INFO - [2023-11-08T18:30:40.660-0500] {dag.py:2941} INFO - Sync 1 DAGs
[2023-11-08T18:30:40.669-0500] {logging_mixin.py:154} INFO - [2023-11-08T18:30:40.669-0500] {dag.py:3722} INFO - Setting next_dagrun for example_task_group_decorator to 2023-11-07T23:30:40.669733+00:00, run_after=2023-11-08T23:30:40.669733+00:00
[2023-11-08T18:30:40.680-0500] {processor.py:179} INFO - Processing /Users/az/anaconda3/envs/python38/lib/python3.8/site-packages/airflow/example_dags/example_task_group_decorator.py took 0.165 seconds
[2023-11-08T18:31:38.068-0500] {processor.py:157} INFO - Started process (PID=51330) to work on /Users/az/anaconda3/envs/python38/lib/python3.8/site-packages/airflow/example_dags/example_task_group_decorator.py
[2023-11-08T18:31:38.072-0500] {processor.py:829} INFO - Processing file /Users/az/anaconda3/envs/python38/lib/python3.8/site-packages/airflow/example_dags/example_task_group_decorator.py for tasks to queue
[2023-11-08T18:31:38.072-0500] {logging_mixin.py:154} INFO - [2023-11-08T18:31:38.072-0500] {dagbag.py:536} INFO - Filling up the DagBag from /Users/az/anaconda3/envs/python38/lib/python3.8/site-packages/airflow/example_dags/example_task_group_decorator.py
[2023-11-08T18:31:38.108-0500] {processor.py:839} INFO - DAG(s) dict_keys(['example_task_group_decorator']) retrieved from /Users/az/anaconda3/envs/python38/lib/python3.8/site-packages/airflow/example_dags/example_task_group_decorator.py
[2023-11-08T18:31:38.212-0500] {logging_mixin.py:154} INFO - [2023-11-08T18:31:38.212-0500] {dag.py:2941} INFO - Sync 1 DAGs
[2023-11-08T18:31:38.222-0500] {logging_mixin.py:154} INFO - [2023-11-08T18:31:38.222-0500] {dag.py:3722} INFO - Setting next_dagrun for example_task_group_decorator to 2023-11-07T23:31:38.222118+00:00, run_after=2023-11-08T23:31:38.222118+00:00
[2023-11-08T18:31:38.232-0500] {processor.py:179} INFO - Processing /Users/az/anaconda3/envs/python38/lib/python3.8/site-packages/airflow/example_dags/example_task_group_decorator.py took 0.165 seconds
[2023-11-08T18:32:37.687-0500] {processor.py:157} INFO - Started process (PID=51401) to work on /Users/az/anaconda3/envs/python38/lib/python3.8/site-packages/airflow/example_dags/example_task_group_decorator.py
[2023-11-08T18:32:37.691-0500] {processor.py:829} INFO - Processing file /Users/az/anaconda3/envs/python38/lib/python3.8/site-packages/airflow/example_dags/example_task_group_decorator.py for tasks to queue
[2023-11-08T18:32:37.691-0500] {logging_mixin.py:154} INFO - [2023-11-08T18:32:37.691-0500] {dagbag.py:536} INFO - Filling up the DagBag from /Users/az/anaconda3/envs/python38/lib/python3.8/site-packages/airflow/example_dags/example_task_group_decorator.py
[2023-11-08T18:32:37.727-0500] {processor.py:839} INFO - DAG(s) dict_keys(['example_task_group_decorator']) retrieved from /Users/az/anaconda3/envs/python38/lib/python3.8/site-packages/airflow/example_dags/example_task_group_decorator.py
[2023-11-08T18:32:37.832-0500] {logging_mixin.py:154} INFO - [2023-11-08T18:32:37.832-0500] {dag.py:2941} INFO - Sync 1 DAGs
[2023-11-08T18:32:37.842-0500] {logging_mixin.py:154} INFO - [2023-11-08T18:32:37.842-0500] {dag.py:3722} INFO - Setting next_dagrun for example_task_group_decorator to 2023-11-07T23:32:37.841985+00:00, run_after=2023-11-08T23:32:37.841985+00:00
[2023-11-08T18:32:37.852-0500] {processor.py:179} INFO - Processing /Users/az/anaconda3/envs/python38/lib/python3.8/site-packages/airflow/example_dags/example_task_group_decorator.py took 0.165 seconds
[2023-11-08T18:33:40.090-0500] {processor.py:157} INFO - Started process (PID=51486) to work on /Users/az/anaconda3/envs/python38/lib/python3.8/site-packages/airflow/example_dags/example_task_group_decorator.py
[2023-11-08T18:33:40.095-0500] {processor.py:829} INFO - Processing file /Users/az/anaconda3/envs/python38/lib/python3.8/site-packages/airflow/example_dags/example_task_group_decorator.py for tasks to queue
[2023-11-08T18:33:40.095-0500] {logging_mixin.py:154} INFO - [2023-11-08T18:33:40.095-0500] {dagbag.py:536} INFO - Filling up the DagBag from /Users/az/anaconda3/envs/python38/lib/python3.8/site-packages/airflow/example_dags/example_task_group_decorator.py
[2023-11-08T18:33:40.134-0500] {processor.py:839} INFO - DAG(s) dict_keys(['example_task_group_decorator']) retrieved from /Users/az/anaconda3/envs/python38/lib/python3.8/site-packages/airflow/example_dags/example_task_group_decorator.py
[2023-11-08T18:33:40.240-0500] {logging_mixin.py:154} INFO - [2023-11-08T18:33:40.240-0500] {dag.py:2941} INFO - Sync 1 DAGs
[2023-11-08T18:33:40.250-0500] {logging_mixin.py:154} INFO - [2023-11-08T18:33:40.250-0500] {dag.py:3722} INFO - Setting next_dagrun for example_task_group_decorator to 2023-11-07T23:33:40.250146+00:00, run_after=2023-11-08T23:33:40.250146+00:00
[2023-11-08T18:33:40.260-0500] {processor.py:179} INFO - Processing /Users/az/anaconda3/envs/python38/lib/python3.8/site-packages/airflow/example_dags/example_task_group_decorator.py took 0.170 seconds
[2023-11-08T18:34:42.047-0500] {processor.py:157} INFO - Started process (PID=51562) to work on /Users/az/anaconda3/envs/python38/lib/python3.8/site-packages/airflow/example_dags/example_task_group_decorator.py
[2023-11-08T18:34:42.052-0500] {processor.py:829} INFO - Processing file /Users/az/anaconda3/envs/python38/lib/python3.8/site-packages/airflow/example_dags/example_task_group_decorator.py for tasks to queue
[2023-11-08T18:34:42.052-0500] {logging_mixin.py:154} INFO - [2023-11-08T18:34:42.052-0500] {dagbag.py:536} INFO - Filling up the DagBag from /Users/az/anaconda3/envs/python38/lib/python3.8/site-packages/airflow/example_dags/example_task_group_decorator.py
[2023-11-08T18:34:42.087-0500] {processor.py:839} INFO - DAG(s) dict_keys(['example_task_group_decorator']) retrieved from /Users/az/anaconda3/envs/python38/lib/python3.8/site-packages/airflow/example_dags/example_task_group_decorator.py
[2023-11-08T18:34:42.192-0500] {logging_mixin.py:154} INFO - [2023-11-08T18:34:42.192-0500] {dag.py:2941} INFO - Sync 1 DAGs
[2023-11-08T18:34:42.202-0500] {logging_mixin.py:154} INFO - [2023-11-08T18:34:42.202-0500] {dag.py:3722} INFO - Setting next_dagrun for example_task_group_decorator to 2023-11-07T23:34:42.201922+00:00, run_after=2023-11-08T23:34:42.201922+00:00
[2023-11-08T18:34:42.212-0500] {processor.py:179} INFO - Processing /Users/az/anaconda3/envs/python38/lib/python3.8/site-packages/airflow/example_dags/example_task_group_decorator.py took 0.165 seconds
[2023-11-08T18:35:42.704-0500] {processor.py:157} INFO - Started process (PID=51636) to work on /Users/az/anaconda3/envs/python38/lib/python3.8/site-packages/airflow/example_dags/example_task_group_decorator.py
[2023-11-08T18:35:42.708-0500] {processor.py:829} INFO - Processing file /Users/az/anaconda3/envs/python38/lib/python3.8/site-packages/airflow/example_dags/example_task_group_decorator.py for tasks to queue
[2023-11-08T18:35:42.708-0500] {logging_mixin.py:154} INFO - [2023-11-08T18:35:42.708-0500] {dagbag.py:536} INFO - Filling up the DagBag from /Users/az/anaconda3/envs/python38/lib/python3.8/site-packages/airflow/example_dags/example_task_group_decorator.py
[2023-11-08T18:35:42.743-0500] {processor.py:839} INFO - DAG(s) dict_keys(['example_task_group_decorator']) retrieved from /Users/az/anaconda3/envs/python38/lib/python3.8/site-packages/airflow/example_dags/example_task_group_decorator.py
[2023-11-08T18:35:42.848-0500] {logging_mixin.py:154} INFO - [2023-11-08T18:35:42.848-0500] {dag.py:2941} INFO - Sync 1 DAGs
[2023-11-08T18:35:42.857-0500] {logging_mixin.py:154} INFO - [2023-11-08T18:35:42.857-0500] {dag.py:3722} INFO - Setting next_dagrun for example_task_group_decorator to 2023-11-07T23:35:42.857637+00:00, run_after=2023-11-08T23:35:42.857637+00:00
[2023-11-08T18:35:42.868-0500] {processor.py:179} INFO - Processing /Users/az/anaconda3/envs/python38/lib/python3.8/site-packages/airflow/example_dags/example_task_group_decorator.py took 0.164 seconds
[2023-11-08T18:36:40.784-0500] {processor.py:157} INFO - Started process (PID=51711) to work on /Users/az/anaconda3/envs/python38/lib/python3.8/site-packages/airflow/example_dags/example_task_group_decorator.py
[2023-11-08T18:36:40.788-0500] {processor.py:829} INFO - Processing file /Users/az/anaconda3/envs/python38/lib/python3.8/site-packages/airflow/example_dags/example_task_group_decorator.py for tasks to queue
[2023-11-08T18:36:40.789-0500] {logging_mixin.py:154} INFO - [2023-11-08T18:36:40.789-0500] {dagbag.py:536} INFO - Filling up the DagBag from /Users/az/anaconda3/envs/python38/lib/python3.8/site-packages/airflow/example_dags/example_task_group_decorator.py
[2023-11-08T18:36:40.824-0500] {processor.py:839} INFO - DAG(s) dict_keys(['example_task_group_decorator']) retrieved from /Users/az/anaconda3/envs/python38/lib/python3.8/site-packages/airflow/example_dags/example_task_group_decorator.py
[2023-11-08T18:36:40.929-0500] {logging_mixin.py:154} INFO - [2023-11-08T18:36:40.929-0500] {dag.py:2941} INFO - Sync 1 DAGs
[2023-11-08T18:36:40.938-0500] {logging_mixin.py:154} INFO - [2023-11-08T18:36:40.938-0500] {dag.py:3722} INFO - Setting next_dagrun for example_task_group_decorator to 2023-11-07T23:36:40.938544+00:00, run_after=2023-11-08T23:36:40.938544+00:00
[2023-11-08T18:36:40.948-0500] {processor.py:179} INFO - Processing /Users/az/anaconda3/envs/python38/lib/python3.8/site-packages/airflow/example_dags/example_task_group_decorator.py took 0.165 seconds
[2023-11-08T18:37:36.202-0500] {processor.py:157} INFO - Started process (PID=51782) to work on /Users/az/anaconda3/envs/python38/lib/python3.8/site-packages/airflow/example_dags/example_task_group_decorator.py
[2023-11-08T18:37:36.207-0500] {processor.py:829} INFO - Processing file /Users/az/anaconda3/envs/python38/lib/python3.8/site-packages/airflow/example_dags/example_task_group_decorator.py for tasks to queue
[2023-11-08T18:37:36.208-0500] {logging_mixin.py:154} INFO - [2023-11-08T18:37:36.207-0500] {dagbag.py:536} INFO - Filling up the DagBag from /Users/az/anaconda3/envs/python38/lib/python3.8/site-packages/airflow/example_dags/example_task_group_decorator.py
[2023-11-08T18:37:36.243-0500] {processor.py:839} INFO - DAG(s) dict_keys(['example_task_group_decorator']) retrieved from /Users/az/anaconda3/envs/python38/lib/python3.8/site-packages/airflow/example_dags/example_task_group_decorator.py
[2023-11-08T18:37:36.347-0500] {logging_mixin.py:154} INFO - [2023-11-08T18:37:36.347-0500] {dag.py:2941} INFO - Sync 1 DAGs
[2023-11-08T18:37:36.357-0500] {logging_mixin.py:154} INFO - [2023-11-08T18:37:36.357-0500] {dag.py:3722} INFO - Setting next_dagrun for example_task_group_decorator to 2023-11-07T23:37:36.357374+00:00, run_after=2023-11-08T23:37:36.357374+00:00
[2023-11-08T18:37:36.368-0500] {processor.py:179} INFO - Processing /Users/az/anaconda3/envs/python38/lib/python3.8/site-packages/airflow/example_dags/example_task_group_decorator.py took 0.166 seconds
[2023-11-08T18:38:34.323-0500] {processor.py:157} INFO - Started process (PID=51855) to work on /Users/az/anaconda3/envs/python38/lib/python3.8/site-packages/airflow/example_dags/example_task_group_decorator.py
[2023-11-08T18:38:34.328-0500] {processor.py:829} INFO - Processing file /Users/az/anaconda3/envs/python38/lib/python3.8/site-packages/airflow/example_dags/example_task_group_decorator.py for tasks to queue
[2023-11-08T18:38:34.328-0500] {logging_mixin.py:154} INFO - [2023-11-08T18:38:34.328-0500] {dagbag.py:536} INFO - Filling up the DagBag from /Users/az/anaconda3/envs/python38/lib/python3.8/site-packages/airflow/example_dags/example_task_group_decorator.py
[2023-11-08T18:38:34.364-0500] {processor.py:839} INFO - DAG(s) dict_keys(['example_task_group_decorator']) retrieved from /Users/az/anaconda3/envs/python38/lib/python3.8/site-packages/airflow/example_dags/example_task_group_decorator.py
[2023-11-08T18:38:34.469-0500] {logging_mixin.py:154} INFO - [2023-11-08T18:38:34.469-0500] {dag.py:2941} INFO - Sync 1 DAGs
[2023-11-08T18:38:34.478-0500] {logging_mixin.py:154} INFO - [2023-11-08T18:38:34.478-0500] {dag.py:3722} INFO - Setting next_dagrun for example_task_group_decorator to 2023-11-07T23:38:34.478687+00:00, run_after=2023-11-08T23:38:34.478687+00:00
[2023-11-08T18:38:34.488-0500] {processor.py:179} INFO - Processing /Users/az/anaconda3/envs/python38/lib/python3.8/site-packages/airflow/example_dags/example_task_group_decorator.py took 0.165 seconds
[2023-11-08T18:39:33.901-0500] {processor.py:157} INFO - Started process (PID=51926) to work on /Users/az/anaconda3/envs/python38/lib/python3.8/site-packages/airflow/example_dags/example_task_group_decorator.py
[2023-11-08T18:39:33.905-0500] {processor.py:829} INFO - Processing file /Users/az/anaconda3/envs/python38/lib/python3.8/site-packages/airflow/example_dags/example_task_group_decorator.py for tasks to queue
[2023-11-08T18:39:33.906-0500] {logging_mixin.py:154} INFO - [2023-11-08T18:39:33.906-0500] {dagbag.py:536} INFO - Filling up the DagBag from /Users/az/anaconda3/envs/python38/lib/python3.8/site-packages/airflow/example_dags/example_task_group_decorator.py
[2023-11-08T18:39:33.941-0500] {processor.py:839} INFO - DAG(s) dict_keys(['example_task_group_decorator']) retrieved from /Users/az/anaconda3/envs/python38/lib/python3.8/site-packages/airflow/example_dags/example_task_group_decorator.py
[2023-11-08T18:39:34.046-0500] {logging_mixin.py:154} INFO - [2023-11-08T18:39:34.046-0500] {dag.py:2941} INFO - Sync 1 DAGs
[2023-11-08T18:39:34.056-0500] {logging_mixin.py:154} INFO - [2023-11-08T18:39:34.056-0500] {dag.py:3722} INFO - Setting next_dagrun for example_task_group_decorator to 2023-11-07T23:39:34.056063+00:00, run_after=2023-11-08T23:39:34.056063+00:00
[2023-11-08T18:39:34.066-0500] {processor.py:179} INFO - Processing /Users/az/anaconda3/envs/python38/lib/python3.8/site-packages/airflow/example_dags/example_task_group_decorator.py took 0.166 seconds
[2023-11-08T18:40:38.157-0500] {processor.py:157} INFO - Started process (PID=51999) to work on /Users/az/anaconda3/envs/python38/lib/python3.8/site-packages/airflow/example_dags/example_task_group_decorator.py
[2023-11-08T18:40:38.161-0500] {processor.py:829} INFO - Processing file /Users/az/anaconda3/envs/python38/lib/python3.8/site-packages/airflow/example_dags/example_task_group_decorator.py for tasks to queue
[2023-11-08T18:40:38.162-0500] {logging_mixin.py:154} INFO - [2023-11-08T18:40:38.162-0500] {dagbag.py:536} INFO - Filling up the DagBag from /Users/az/anaconda3/envs/python38/lib/python3.8/site-packages/airflow/example_dags/example_task_group_decorator.py
[2023-11-08T18:40:38.197-0500] {processor.py:839} INFO - DAG(s) dict_keys(['example_task_group_decorator']) retrieved from /Users/az/anaconda3/envs/python38/lib/python3.8/site-packages/airflow/example_dags/example_task_group_decorator.py
[2023-11-08T18:40:38.302-0500] {logging_mixin.py:154} INFO - [2023-11-08T18:40:38.302-0500] {dag.py:2941} INFO - Sync 1 DAGs
[2023-11-08T18:40:38.311-0500] {logging_mixin.py:154} INFO - [2023-11-08T18:40:38.311-0500] {dag.py:3722} INFO - Setting next_dagrun for example_task_group_decorator to 2023-11-07T23:40:38.311718+00:00, run_after=2023-11-08T23:40:38.311718+00:00
[2023-11-08T18:40:38.321-0500] {processor.py:179} INFO - Processing /Users/az/anaconda3/envs/python38/lib/python3.8/site-packages/airflow/example_dags/example_task_group_decorator.py took 0.165 seconds
[2023-11-08T18:41:38.669-0500] {processor.py:157} INFO - Started process (PID=52075) to work on /Users/az/anaconda3/envs/python38/lib/python3.8/site-packages/airflow/example_dags/example_task_group_decorator.py
[2023-11-08T18:41:38.672-0500] {processor.py:829} INFO - Processing file /Users/az/anaconda3/envs/python38/lib/python3.8/site-packages/airflow/example_dags/example_task_group_decorator.py for tasks to queue
[2023-11-08T18:41:38.673-0500] {logging_mixin.py:154} INFO - [2023-11-08T18:41:38.673-0500] {dagbag.py:536} INFO - Filling up the DagBag from /Users/az/anaconda3/envs/python38/lib/python3.8/site-packages/airflow/example_dags/example_task_group_decorator.py
[2023-11-08T18:41:38.708-0500] {processor.py:839} INFO - DAG(s) dict_keys(['example_task_group_decorator']) retrieved from /Users/az/anaconda3/envs/python38/lib/python3.8/site-packages/airflow/example_dags/example_task_group_decorator.py
[2023-11-08T18:41:38.813-0500] {logging_mixin.py:154} INFO - [2023-11-08T18:41:38.813-0500] {dag.py:2941} INFO - Sync 1 DAGs
[2023-11-08T18:41:38.823-0500] {logging_mixin.py:154} INFO - [2023-11-08T18:41:38.823-0500] {dag.py:3722} INFO - Setting next_dagrun for example_task_group_decorator to 2023-11-07T23:41:38.823321+00:00, run_after=2023-11-08T23:41:38.823321+00:00
[2023-11-08T18:41:38.833-0500] {processor.py:179} INFO - Processing /Users/az/anaconda3/envs/python38/lib/python3.8/site-packages/airflow/example_dags/example_task_group_decorator.py took 0.165 seconds
[2023-11-08T18:42:38.365-0500] {processor.py:157} INFO - Started process (PID=52148) to work on /Users/az/anaconda3/envs/python38/lib/python3.8/site-packages/airflow/example_dags/example_task_group_decorator.py
[2023-11-08T18:42:38.369-0500] {processor.py:829} INFO - Processing file /Users/az/anaconda3/envs/python38/lib/python3.8/site-packages/airflow/example_dags/example_task_group_decorator.py for tasks to queue
[2023-11-08T18:42:38.370-0500] {logging_mixin.py:154} INFO - [2023-11-08T18:42:38.370-0500] {dagbag.py:536} INFO - Filling up the DagBag from /Users/az/anaconda3/envs/python38/lib/python3.8/site-packages/airflow/example_dags/example_task_group_decorator.py
[2023-11-08T18:42:38.406-0500] {processor.py:839} INFO - DAG(s) dict_keys(['example_task_group_decorator']) retrieved from /Users/az/anaconda3/envs/python38/lib/python3.8/site-packages/airflow/example_dags/example_task_group_decorator.py
[2023-11-08T18:42:38.511-0500] {logging_mixin.py:154} INFO - [2023-11-08T18:42:38.511-0500] {dag.py:2941} INFO - Sync 1 DAGs
[2023-11-08T18:42:38.521-0500] {logging_mixin.py:154} INFO - [2023-11-08T18:42:38.521-0500] {dag.py:3722} INFO - Setting next_dagrun for example_task_group_decorator to 2023-11-07T23:42:38.520953+00:00, run_after=2023-11-08T23:42:38.520953+00:00
[2023-11-08T18:42:38.531-0500] {processor.py:179} INFO - Processing /Users/az/anaconda3/envs/python38/lib/python3.8/site-packages/airflow/example_dags/example_task_group_decorator.py took 0.167 seconds
[2023-11-08T18:43:39.064-0500] {processor.py:157} INFO - Started process (PID=52223) to work on /Users/az/anaconda3/envs/python38/lib/python3.8/site-packages/airflow/example_dags/example_task_group_decorator.py
[2023-11-08T18:43:39.069-0500] {processor.py:829} INFO - Processing file /Users/az/anaconda3/envs/python38/lib/python3.8/site-packages/airflow/example_dags/example_task_group_decorator.py for tasks to queue
[2023-11-08T18:43:39.069-0500] {logging_mixin.py:154} INFO - [2023-11-08T18:43:39.069-0500] {dagbag.py:536} INFO - Filling up the DagBag from /Users/az/anaconda3/envs/python38/lib/python3.8/site-packages/airflow/example_dags/example_task_group_decorator.py
[2023-11-08T18:43:39.105-0500] {processor.py:839} INFO - DAG(s) dict_keys(['example_task_group_decorator']) retrieved from /Users/az/anaconda3/envs/python38/lib/python3.8/site-packages/airflow/example_dags/example_task_group_decorator.py
[2023-11-08T18:43:39.217-0500] {logging_mixin.py:154} INFO - [2023-11-08T18:43:39.216-0500] {dag.py:2941} INFO - Sync 1 DAGs
[2023-11-08T18:43:39.226-0500] {logging_mixin.py:154} INFO - [2023-11-08T18:43:39.226-0500] {dag.py:3722} INFO - Setting next_dagrun for example_task_group_decorator to 2023-11-07T23:43:39.226505+00:00, run_after=2023-11-08T23:43:39.226505+00:00
[2023-11-08T18:43:39.236-0500] {processor.py:179} INFO - Processing /Users/az/anaconda3/envs/python38/lib/python3.8/site-packages/airflow/example_dags/example_task_group_decorator.py took 0.173 seconds
[2023-11-08T18:44:40.329-0500] {processor.py:157} INFO - Started process (PID=52295) to work on /Users/az/anaconda3/envs/python38/lib/python3.8/site-packages/airflow/example_dags/example_task_group_decorator.py
[2023-11-08T18:44:40.333-0500] {processor.py:829} INFO - Processing file /Users/az/anaconda3/envs/python38/lib/python3.8/site-packages/airflow/example_dags/example_task_group_decorator.py for tasks to queue
[2023-11-08T18:44:40.334-0500] {logging_mixin.py:154} INFO - [2023-11-08T18:44:40.334-0500] {dagbag.py:536} INFO - Filling up the DagBag from /Users/az/anaconda3/envs/python38/lib/python3.8/site-packages/airflow/example_dags/example_task_group_decorator.py
[2023-11-08T18:44:40.369-0500] {processor.py:839} INFO - DAG(s) dict_keys(['example_task_group_decorator']) retrieved from /Users/az/anaconda3/envs/python38/lib/python3.8/site-packages/airflow/example_dags/example_task_group_decorator.py
[2023-11-08T18:44:40.474-0500] {logging_mixin.py:154} INFO - [2023-11-08T18:44:40.474-0500] {dag.py:2941} INFO - Sync 1 DAGs
[2023-11-08T18:44:40.484-0500] {logging_mixin.py:154} INFO - [2023-11-08T18:44:40.484-0500] {dag.py:3722} INFO - Setting next_dagrun for example_task_group_decorator to 2023-11-07T23:44:40.484104+00:00, run_after=2023-11-08T23:44:40.484104+00:00
[2023-11-08T18:44:40.494-0500] {processor.py:179} INFO - Processing /Users/az/anaconda3/envs/python38/lib/python3.8/site-packages/airflow/example_dags/example_task_group_decorator.py took 0.166 seconds
[2023-11-08T18:45:42.557-0500] {processor.py:157} INFO - Started process (PID=52370) to work on /Users/az/anaconda3/envs/python38/lib/python3.8/site-packages/airflow/example_dags/example_task_group_decorator.py
[2023-11-08T18:45:42.562-0500] {processor.py:829} INFO - Processing file /Users/az/anaconda3/envs/python38/lib/python3.8/site-packages/airflow/example_dags/example_task_group_decorator.py for tasks to queue
[2023-11-08T18:45:42.562-0500] {logging_mixin.py:154} INFO - [2023-11-08T18:45:42.562-0500] {dagbag.py:536} INFO - Filling up the DagBag from /Users/az/anaconda3/envs/python38/lib/python3.8/site-packages/airflow/example_dags/example_task_group_decorator.py
[2023-11-08T18:45:42.598-0500] {processor.py:839} INFO - DAG(s) dict_keys(['example_task_group_decorator']) retrieved from /Users/az/anaconda3/envs/python38/lib/python3.8/site-packages/airflow/example_dags/example_task_group_decorator.py
[2023-11-08T18:45:42.703-0500] {logging_mixin.py:154} INFO - [2023-11-08T18:45:42.703-0500] {dag.py:2941} INFO - Sync 1 DAGs
[2023-11-08T18:45:42.712-0500] {logging_mixin.py:154} INFO - [2023-11-08T18:45:42.712-0500] {dag.py:3722} INFO - Setting next_dagrun for example_task_group_decorator to 2023-11-07T23:45:42.712661+00:00, run_after=2023-11-08T23:45:42.712661+00:00
[2023-11-08T18:45:42.722-0500] {processor.py:179} INFO - Processing /Users/az/anaconda3/envs/python38/lib/python3.8/site-packages/airflow/example_dags/example_task_group_decorator.py took 0.165 seconds
[2023-11-08T18:46:45.361-0500] {processor.py:157} INFO - Started process (PID=52466) to work on /Users/az/anaconda3/envs/python38/lib/python3.8/site-packages/airflow/example_dags/example_task_group_decorator.py
[2023-11-08T18:46:45.365-0500] {processor.py:829} INFO - Processing file /Users/az/anaconda3/envs/python38/lib/python3.8/site-packages/airflow/example_dags/example_task_group_decorator.py for tasks to queue
[2023-11-08T18:46:45.366-0500] {logging_mixin.py:154} INFO - [2023-11-08T18:46:45.366-0500] {dagbag.py:536} INFO - Filling up the DagBag from /Users/az/anaconda3/envs/python38/lib/python3.8/site-packages/airflow/example_dags/example_task_group_decorator.py
[2023-11-08T18:46:45.401-0500] {processor.py:839} INFO - DAG(s) dict_keys(['example_task_group_decorator']) retrieved from /Users/az/anaconda3/envs/python38/lib/python3.8/site-packages/airflow/example_dags/example_task_group_decorator.py
[2023-11-08T18:46:45.506-0500] {logging_mixin.py:154} INFO - [2023-11-08T18:46:45.506-0500] {dag.py:2941} INFO - Sync 1 DAGs
[2023-11-08T18:46:45.516-0500] {logging_mixin.py:154} INFO - [2023-11-08T18:46:45.516-0500] {dag.py:3722} INFO - Setting next_dagrun for example_task_group_decorator to 2023-11-07T23:46:45.516135+00:00, run_after=2023-11-08T23:46:45.516135+00:00
[2023-11-08T18:46:45.526-0500] {processor.py:179} INFO - Processing /Users/az/anaconda3/envs/python38/lib/python3.8/site-packages/airflow/example_dags/example_task_group_decorator.py took 0.166 seconds
[2023-11-08T18:47:50.145-0500] {processor.py:157} INFO - Started process (PID=52576) to work on /Users/az/anaconda3/envs/python38/lib/python3.8/site-packages/airflow/example_dags/example_task_group_decorator.py
[2023-11-08T18:47:50.149-0500] {processor.py:829} INFO - Processing file /Users/az/anaconda3/envs/python38/lib/python3.8/site-packages/airflow/example_dags/example_task_group_decorator.py for tasks to queue
[2023-11-08T18:47:50.149-0500] {logging_mixin.py:154} INFO - [2023-11-08T18:47:50.149-0500] {dagbag.py:536} INFO - Filling up the DagBag from /Users/az/anaconda3/envs/python38/lib/python3.8/site-packages/airflow/example_dags/example_task_group_decorator.py
[2023-11-08T18:47:50.185-0500] {processor.py:839} INFO - DAG(s) dict_keys(['example_task_group_decorator']) retrieved from /Users/az/anaconda3/envs/python38/lib/python3.8/site-packages/airflow/example_dags/example_task_group_decorator.py
[2023-11-08T18:47:50.293-0500] {logging_mixin.py:154} INFO - [2023-11-08T18:47:50.293-0500] {dag.py:2941} INFO - Sync 1 DAGs
[2023-11-08T18:47:50.302-0500] {logging_mixin.py:154} INFO - [2023-11-08T18:47:50.302-0500] {dag.py:3722} INFO - Setting next_dagrun for example_task_group_decorator to 2023-11-07T23:47:50.302702+00:00, run_after=2023-11-08T23:47:50.302702+00:00
[2023-11-08T18:47:50.313-0500] {processor.py:179} INFO - Processing /Users/az/anaconda3/envs/python38/lib/python3.8/site-packages/airflow/example_dags/example_task_group_decorator.py took 0.168 seconds
[2023-11-08T18:48:50.245-0500] {processor.py:157} INFO - Started process (PID=52658) to work on /Users/az/anaconda3/envs/python38/lib/python3.8/site-packages/airflow/example_dags/example_task_group_decorator.py
[2023-11-08T18:48:50.250-0500] {processor.py:829} INFO - Processing file /Users/az/anaconda3/envs/python38/lib/python3.8/site-packages/airflow/example_dags/example_task_group_decorator.py for tasks to queue
[2023-11-08T18:48:50.250-0500] {logging_mixin.py:154} INFO - [2023-11-08T18:48:50.250-0500] {dagbag.py:536} INFO - Filling up the DagBag from /Users/az/anaconda3/envs/python38/lib/python3.8/site-packages/airflow/example_dags/example_task_group_decorator.py
[2023-11-08T18:48:50.285-0500] {processor.py:839} INFO - DAG(s) dict_keys(['example_task_group_decorator']) retrieved from /Users/az/anaconda3/envs/python38/lib/python3.8/site-packages/airflow/example_dags/example_task_group_decorator.py
[2023-11-08T18:48:50.389-0500] {logging_mixin.py:154} INFO - [2023-11-08T18:48:50.389-0500] {dag.py:2941} INFO - Sync 1 DAGs
[2023-11-08T18:48:50.399-0500] {logging_mixin.py:154} INFO - [2023-11-08T18:48:50.399-0500] {dag.py:3722} INFO - Setting next_dagrun for example_task_group_decorator to 2023-11-07T23:48:50.399023+00:00, run_after=2023-11-08T23:48:50.399023+00:00
[2023-11-08T18:48:50.409-0500] {processor.py:179} INFO - Processing /Users/az/anaconda3/envs/python38/lib/python3.8/site-packages/airflow/example_dags/example_task_group_decorator.py took 0.164 seconds
[2023-11-08T18:49:48.781-0500] {processor.py:157} INFO - Started process (PID=52728) to work on /Users/az/anaconda3/envs/python38/lib/python3.8/site-packages/airflow/example_dags/example_task_group_decorator.py
[2023-11-08T18:49:48.785-0500] {processor.py:829} INFO - Processing file /Users/az/anaconda3/envs/python38/lib/python3.8/site-packages/airflow/example_dags/example_task_group_decorator.py for tasks to queue
[2023-11-08T18:49:48.785-0500] {logging_mixin.py:154} INFO - [2023-11-08T18:49:48.785-0500] {dagbag.py:536} INFO - Filling up the DagBag from /Users/az/anaconda3/envs/python38/lib/python3.8/site-packages/airflow/example_dags/example_task_group_decorator.py
[2023-11-08T18:49:48.821-0500] {processor.py:839} INFO - DAG(s) dict_keys(['example_task_group_decorator']) retrieved from /Users/az/anaconda3/envs/python38/lib/python3.8/site-packages/airflow/example_dags/example_task_group_decorator.py
[2023-11-08T18:49:48.925-0500] {logging_mixin.py:154} INFO - [2023-11-08T18:49:48.925-0500] {dag.py:2941} INFO - Sync 1 DAGs
[2023-11-08T18:49:48.935-0500] {logging_mixin.py:154} INFO - [2023-11-08T18:49:48.935-0500] {dag.py:3722} INFO - Setting next_dagrun for example_task_group_decorator to 2023-11-07T23:49:48.935444+00:00, run_after=2023-11-08T23:49:48.935444+00:00
[2023-11-08T18:49:48.945-0500] {processor.py:179} INFO - Processing /Users/az/anaconda3/envs/python38/lib/python3.8/site-packages/airflow/example_dags/example_task_group_decorator.py took 0.165 seconds
[2023-11-08T18:50:49.079-0500] {processor.py:157} INFO - Started process (PID=52809) to work on /Users/az/anaconda3/envs/python38/lib/python3.8/site-packages/airflow/example_dags/example_task_group_decorator.py
[2023-11-08T18:50:49.083-0500] {processor.py:829} INFO - Processing file /Users/az/anaconda3/envs/python38/lib/python3.8/site-packages/airflow/example_dags/example_task_group_decorator.py for tasks to queue
[2023-11-08T18:50:49.084-0500] {logging_mixin.py:154} INFO - [2023-11-08T18:50:49.084-0500] {dagbag.py:536} INFO - Filling up the DagBag from /Users/az/anaconda3/envs/python38/lib/python3.8/site-packages/airflow/example_dags/example_task_group_decorator.py
[2023-11-08T18:50:49.119-0500] {processor.py:839} INFO - DAG(s) dict_keys(['example_task_group_decorator']) retrieved from /Users/az/anaconda3/envs/python38/lib/python3.8/site-packages/airflow/example_dags/example_task_group_decorator.py
[2023-11-08T18:50:49.224-0500] {logging_mixin.py:154} INFO - [2023-11-08T18:50:49.224-0500] {dag.py:2941} INFO - Sync 1 DAGs
[2023-11-08T18:50:49.233-0500] {logging_mixin.py:154} INFO - [2023-11-08T18:50:49.233-0500] {dag.py:3722} INFO - Setting next_dagrun for example_task_group_decorator to 2023-11-07T23:50:49.233690+00:00, run_after=2023-11-08T23:50:49.233690+00:00
[2023-11-08T18:50:49.243-0500] {processor.py:179} INFO - Processing /Users/az/anaconda3/envs/python38/lib/python3.8/site-packages/airflow/example_dags/example_task_group_decorator.py took 0.165 seconds
[2023-11-08T18:51:50.636-0500] {processor.py:157} INFO - Started process (PID=52885) to work on /Users/az/anaconda3/envs/python38/lib/python3.8/site-packages/airflow/example_dags/example_task_group_decorator.py
[2023-11-08T18:51:50.641-0500] {processor.py:829} INFO - Processing file /Users/az/anaconda3/envs/python38/lib/python3.8/site-packages/airflow/example_dags/example_task_group_decorator.py for tasks to queue
[2023-11-08T18:51:50.641-0500] {logging_mixin.py:154} INFO - [2023-11-08T18:51:50.641-0500] {dagbag.py:536} INFO - Filling up the DagBag from /Users/az/anaconda3/envs/python38/lib/python3.8/site-packages/airflow/example_dags/example_task_group_decorator.py
[2023-11-08T18:51:50.677-0500] {processor.py:839} INFO - DAG(s) dict_keys(['example_task_group_decorator']) retrieved from /Users/az/anaconda3/envs/python38/lib/python3.8/site-packages/airflow/example_dags/example_task_group_decorator.py
[2023-11-08T18:51:50.781-0500] {logging_mixin.py:154} INFO - [2023-11-08T18:51:50.781-0500] {dag.py:2941} INFO - Sync 1 DAGs
[2023-11-08T18:51:50.790-0500] {logging_mixin.py:154} INFO - [2023-11-08T18:51:50.790-0500] {dag.py:3722} INFO - Setting next_dagrun for example_task_group_decorator to 2023-11-07T23:51:50.790499+00:00, run_after=2023-11-08T23:51:50.790499+00:00
[2023-11-08T18:51:50.800-0500] {processor.py:179} INFO - Processing /Users/az/anaconda3/envs/python38/lib/python3.8/site-packages/airflow/example_dags/example_task_group_decorator.py took 0.165 seconds
[2023-11-08T18:52:51.393-0500] {processor.py:157} INFO - Started process (PID=52958) to work on /Users/az/anaconda3/envs/python38/lib/python3.8/site-packages/airflow/example_dags/example_task_group_decorator.py
[2023-11-08T18:52:51.398-0500] {processor.py:829} INFO - Processing file /Users/az/anaconda3/envs/python38/lib/python3.8/site-packages/airflow/example_dags/example_task_group_decorator.py for tasks to queue
[2023-11-08T18:52:51.398-0500] {logging_mixin.py:154} INFO - [2023-11-08T18:52:51.398-0500] {dagbag.py:536} INFO - Filling up the DagBag from /Users/az/anaconda3/envs/python38/lib/python3.8/site-packages/airflow/example_dags/example_task_group_decorator.py
[2023-11-08T18:52:51.433-0500] {processor.py:839} INFO - DAG(s) dict_keys(['example_task_group_decorator']) retrieved from /Users/az/anaconda3/envs/python38/lib/python3.8/site-packages/airflow/example_dags/example_task_group_decorator.py
[2023-11-08T18:52:51.538-0500] {logging_mixin.py:154} INFO - [2023-11-08T18:52:51.538-0500] {dag.py:2941} INFO - Sync 1 DAGs
[2023-11-08T18:52:51.548-0500] {logging_mixin.py:154} INFO - [2023-11-08T18:52:51.548-0500] {dag.py:3722} INFO - Setting next_dagrun for example_task_group_decorator to 2023-11-07T23:52:51.547917+00:00, run_after=2023-11-08T23:52:51.547917+00:00
[2023-11-08T18:52:51.558-0500] {processor.py:179} INFO - Processing /Users/az/anaconda3/envs/python38/lib/python3.8/site-packages/airflow/example_dags/example_task_group_decorator.py took 0.165 seconds
[2023-11-08T18:53:52.586-0500] {processor.py:157} INFO - Started process (PID=53034) to work on /Users/az/anaconda3/envs/python38/lib/python3.8/site-packages/airflow/example_dags/example_task_group_decorator.py
[2023-11-08T18:53:52.591-0500] {processor.py:829} INFO - Processing file /Users/az/anaconda3/envs/python38/lib/python3.8/site-packages/airflow/example_dags/example_task_group_decorator.py for tasks to queue
[2023-11-08T18:53:52.591-0500] {logging_mixin.py:154} INFO - [2023-11-08T18:53:52.591-0500] {dagbag.py:536} INFO - Filling up the DagBag from /Users/az/anaconda3/envs/python38/lib/python3.8/site-packages/airflow/example_dags/example_task_group_decorator.py
[2023-11-08T18:53:52.627-0500] {processor.py:839} INFO - DAG(s) dict_keys(['example_task_group_decorator']) retrieved from /Users/az/anaconda3/envs/python38/lib/python3.8/site-packages/airflow/example_dags/example_task_group_decorator.py
[2023-11-08T18:53:52.733-0500] {logging_mixin.py:154} INFO - [2023-11-08T18:53:52.733-0500] {dag.py:2941} INFO - Sync 1 DAGs
[2023-11-08T18:53:52.743-0500] {logging_mixin.py:154} INFO - [2023-11-08T18:53:52.743-0500] {dag.py:3722} INFO - Setting next_dagrun for example_task_group_decorator to 2023-11-07T23:53:52.743185+00:00, run_after=2023-11-08T23:53:52.743185+00:00
[2023-11-08T18:53:52.753-0500] {processor.py:179} INFO - Processing /Users/az/anaconda3/envs/python38/lib/python3.8/site-packages/airflow/example_dags/example_task_group_decorator.py took 0.167 seconds
[2023-11-08T18:54:54.044-0500] {processor.py:157} INFO - Started process (PID=53121) to work on /Users/az/anaconda3/envs/python38/lib/python3.8/site-packages/airflow/example_dags/example_task_group_decorator.py
[2023-11-08T18:54:54.048-0500] {processor.py:829} INFO - Processing file /Users/az/anaconda3/envs/python38/lib/python3.8/site-packages/airflow/example_dags/example_task_group_decorator.py for tasks to queue
[2023-11-08T18:54:54.049-0500] {logging_mixin.py:154} INFO - [2023-11-08T18:54:54.049-0500] {dagbag.py:536} INFO - Filling up the DagBag from /Users/az/anaconda3/envs/python38/lib/python3.8/site-packages/airflow/example_dags/example_task_group_decorator.py
[2023-11-08T18:54:54.084-0500] {processor.py:839} INFO - DAG(s) dict_keys(['example_task_group_decorator']) retrieved from /Users/az/anaconda3/envs/python38/lib/python3.8/site-packages/airflow/example_dags/example_task_group_decorator.py
[2023-11-08T18:54:54.188-0500] {logging_mixin.py:154} INFO - [2023-11-08T18:54:54.188-0500] {dag.py:2941} INFO - Sync 1 DAGs
[2023-11-08T18:54:54.198-0500] {logging_mixin.py:154} INFO - [2023-11-08T18:54:54.198-0500] {dag.py:3722} INFO - Setting next_dagrun for example_task_group_decorator to 2023-11-07T23:54:54.198206+00:00, run_after=2023-11-08T23:54:54.198206+00:00
[2023-11-08T18:54:54.208-0500] {processor.py:179} INFO - Processing /Users/az/anaconda3/envs/python38/lib/python3.8/site-packages/airflow/example_dags/example_task_group_decorator.py took 0.165 seconds
[2023-11-08T18:55:59.227-0500] {processor.py:157} INFO - Started process (PID=53214) to work on /Users/az/anaconda3/envs/python38/lib/python3.8/site-packages/airflow/example_dags/example_task_group_decorator.py
[2023-11-08T18:55:59.232-0500] {processor.py:829} INFO - Processing file /Users/az/anaconda3/envs/python38/lib/python3.8/site-packages/airflow/example_dags/example_task_group_decorator.py for tasks to queue
[2023-11-08T18:55:59.232-0500] {logging_mixin.py:154} INFO - [2023-11-08T18:55:59.232-0500] {dagbag.py:536} INFO - Filling up the DagBag from /Users/az/anaconda3/envs/python38/lib/python3.8/site-packages/airflow/example_dags/example_task_group_decorator.py
[2023-11-08T18:55:59.267-0500] {processor.py:839} INFO - DAG(s) dict_keys(['example_task_group_decorator']) retrieved from /Users/az/anaconda3/envs/python38/lib/python3.8/site-packages/airflow/example_dags/example_task_group_decorator.py
[2023-11-08T18:55:59.373-0500] {logging_mixin.py:154} INFO - [2023-11-08T18:55:59.372-0500] {dag.py:2941} INFO - Sync 1 DAGs
[2023-11-08T18:55:59.382-0500] {logging_mixin.py:154} INFO - [2023-11-08T18:55:59.382-0500] {dag.py:3722} INFO - Setting next_dagrun for example_task_group_decorator to 2023-11-07T23:55:59.382510+00:00, run_after=2023-11-08T23:55:59.382510+00:00
[2023-11-08T18:55:59.392-0500] {processor.py:179} INFO - Processing /Users/az/anaconda3/envs/python38/lib/python3.8/site-packages/airflow/example_dags/example_task_group_decorator.py took 0.166 seconds
[2023-11-08T18:57:03.099-0500] {processor.py:157} INFO - Started process (PID=53298) to work on /Users/az/anaconda3/envs/python38/lib/python3.8/site-packages/airflow/example_dags/example_task_group_decorator.py
[2023-11-08T18:57:03.104-0500] {processor.py:829} INFO - Processing file /Users/az/anaconda3/envs/python38/lib/python3.8/site-packages/airflow/example_dags/example_task_group_decorator.py for tasks to queue
[2023-11-08T18:57:03.104-0500] {logging_mixin.py:154} INFO - [2023-11-08T18:57:03.104-0500] {dagbag.py:536} INFO - Filling up the DagBag from /Users/az/anaconda3/envs/python38/lib/python3.8/site-packages/airflow/example_dags/example_task_group_decorator.py
[2023-11-08T18:57:03.140-0500] {processor.py:839} INFO - DAG(s) dict_keys(['example_task_group_decorator']) retrieved from /Users/az/anaconda3/envs/python38/lib/python3.8/site-packages/airflow/example_dags/example_task_group_decorator.py
[2023-11-08T18:57:03.244-0500] {logging_mixin.py:154} INFO - [2023-11-08T18:57:03.244-0500] {dag.py:2941} INFO - Sync 1 DAGs
[2023-11-08T18:57:03.254-0500] {logging_mixin.py:154} INFO - [2023-11-08T18:57:03.254-0500] {dag.py:3722} INFO - Setting next_dagrun for example_task_group_decorator to 2023-11-07T23:57:03.253968+00:00, run_after=2023-11-08T23:57:03.253968+00:00
[2023-11-08T18:57:03.264-0500] {processor.py:179} INFO - Processing /Users/az/anaconda3/envs/python38/lib/python3.8/site-packages/airflow/example_dags/example_task_group_decorator.py took 0.165 seconds
[2023-11-08T18:58:03.877-0500] {processor.py:157} INFO - Started process (PID=53377) to work on /Users/az/anaconda3/envs/python38/lib/python3.8/site-packages/airflow/example_dags/example_task_group_decorator.py
[2023-11-08T18:58:03.882-0500] {processor.py:829} INFO - Processing file /Users/az/anaconda3/envs/python38/lib/python3.8/site-packages/airflow/example_dags/example_task_group_decorator.py for tasks to queue
[2023-11-08T18:58:03.882-0500] {logging_mixin.py:154} INFO - [2023-11-08T18:58:03.882-0500] {dagbag.py:536} INFO - Filling up the DagBag from /Users/az/anaconda3/envs/python38/lib/python3.8/site-packages/airflow/example_dags/example_task_group_decorator.py
[2023-11-08T18:58:03.921-0500] {processor.py:839} INFO - DAG(s) dict_keys(['example_task_group_decorator']) retrieved from /Users/az/anaconda3/envs/python38/lib/python3.8/site-packages/airflow/example_dags/example_task_group_decorator.py
[2023-11-08T18:58:04.031-0500] {logging_mixin.py:154} INFO - [2023-11-08T18:58:04.031-0500] {dag.py:2941} INFO - Sync 1 DAGs
[2023-11-08T18:58:04.040-0500] {logging_mixin.py:154} INFO - [2023-11-08T18:58:04.040-0500] {dag.py:3722} INFO - Setting next_dagrun for example_task_group_decorator to 2023-11-07T23:58:04.040731+00:00, run_after=2023-11-08T23:58:04.040731+00:00
[2023-11-08T18:58:04.050-0500] {processor.py:179} INFO - Processing /Users/az/anaconda3/envs/python38/lib/python3.8/site-packages/airflow/example_dags/example_task_group_decorator.py took 0.174 seconds
[2023-11-08T18:59:07.265-0500] {processor.py:157} INFO - Started process (PID=53449) to work on /Users/az/anaconda3/envs/python38/lib/python3.8/site-packages/airflow/example_dags/example_task_group_decorator.py
[2023-11-08T18:59:07.269-0500] {processor.py:829} INFO - Processing file /Users/az/anaconda3/envs/python38/lib/python3.8/site-packages/airflow/example_dags/example_task_group_decorator.py for tasks to queue
[2023-11-08T18:59:07.270-0500] {logging_mixin.py:154} INFO - [2023-11-08T18:59:07.270-0500] {dagbag.py:536} INFO - Filling up the DagBag from /Users/az/anaconda3/envs/python38/lib/python3.8/site-packages/airflow/example_dags/example_task_group_decorator.py
[2023-11-08T18:59:07.305-0500] {processor.py:839} INFO - DAG(s) dict_keys(['example_task_group_decorator']) retrieved from /Users/az/anaconda3/envs/python38/lib/python3.8/site-packages/airflow/example_dags/example_task_group_decorator.py
[2023-11-08T18:59:07.409-0500] {logging_mixin.py:154} INFO - [2023-11-08T18:59:07.409-0500] {dag.py:2941} INFO - Sync 1 DAGs
[2023-11-08T18:59:07.419-0500] {logging_mixin.py:154} INFO - [2023-11-08T18:59:07.418-0500] {dag.py:3722} INFO - Setting next_dagrun for example_task_group_decorator to 2023-11-07T23:59:07.418826+00:00, run_after=2023-11-08T23:59:07.418826+00:00
[2023-11-08T18:59:07.429-0500] {processor.py:179} INFO - Processing /Users/az/anaconda3/envs/python38/lib/python3.8/site-packages/airflow/example_dags/example_task_group_decorator.py took 0.164 seconds
