[2023-11-08T17:47:55.673-0500] {processor.py:157} INFO - Started process (PID=48943) to work on /Users/az/anaconda3/envs/python38/lib/python3.8/site-packages/airflow/example_dags/example_nested_branch_dag.py
[2023-11-08T17:47:55.677-0500] {processor.py:829} INFO - Processing file /Users/az/anaconda3/envs/python38/lib/python3.8/site-packages/airflow/example_dags/example_nested_branch_dag.py for tasks to queue
[2023-11-08T17:47:55.677-0500] {logging_mixin.py:154} INFO - [2023-11-08T17:47:55.677-0500] {dagbag.py:536} INFO - Filling up the DagBag from /Users/az/anaconda3/envs/python38/lib/python3.8/site-packages/airflow/example_dags/example_nested_branch_dag.py
[2023-11-08T17:47:55.711-0500] {processor.py:839} INFO - DAG(s) dict_keys(['example_nested_branch_dag']) retrieved from /Users/az/anaconda3/envs/python38/lib/python3.8/site-packages/airflow/example_dags/example_nested_branch_dag.py
[2023-11-08T17:47:56.061-0500] {logging_mixin.py:154} INFO - [2023-11-08T17:47:56.061-0500] {manager.py:499} INFO - Created Permission View: %s
[2023-11-08T17:47:56.066-0500] {logging_mixin.py:154} INFO - [2023-11-08T17:47:56.066-0500] {manager.py:499} INFO - Created Permission View: %s
[2023-11-08T17:47:56.069-0500] {logging_mixin.py:154} INFO - [2023-11-08T17:47:56.069-0500] {manager.py:499} INFO - Created Permission View: %s
[2023-11-08T17:47:56.069-0500] {logging_mixin.py:154} INFO - [2023-11-08T17:47:56.069-0500] {dag.py:2941} INFO - Sync 1 DAGs
[2023-11-08T17:47:56.075-0500] {logging_mixin.py:154} INFO - [2023-11-08T17:47:56.075-0500] {dag.py:2963} INFO - Creating ORM DAG for example_nested_branch_dag
[2023-11-08T17:47:56.081-0500] {logging_mixin.py:154} INFO - [2023-11-08T17:47:56.080-0500] {dag.py:3722} INFO - Setting next_dagrun for example_nested_branch_dag to 2023-11-07T00:00:00+00:00, run_after=2023-11-08T00:00:00+00:00
[2023-11-08T17:47:56.090-0500] {processor.py:179} INFO - Processing /Users/az/anaconda3/envs/python38/lib/python3.8/site-packages/airflow/example_dags/example_nested_branch_dag.py took 0.417 seconds
[2023-11-08T17:49:29.418-0500] {processor.py:157} INFO - Started process (PID=49078) to work on /Users/az/anaconda3/envs/python38/lib/python3.8/site-packages/airflow/example_dags/example_nested_branch_dag.py
[2023-11-08T17:49:29.423-0500] {processor.py:829} INFO - Processing file /Users/az/anaconda3/envs/python38/lib/python3.8/site-packages/airflow/example_dags/example_nested_branch_dag.py for tasks to queue
[2023-11-08T17:49:29.423-0500] {logging_mixin.py:154} INFO - [2023-11-08T17:49:29.423-0500] {dagbag.py:536} INFO - Filling up the DagBag from /Users/az/anaconda3/envs/python38/lib/python3.8/site-packages/airflow/example_dags/example_nested_branch_dag.py
[2023-11-08T17:49:29.456-0500] {processor.py:839} INFO - DAG(s) dict_keys(['example_nested_branch_dag']) retrieved from /Users/az/anaconda3/envs/python38/lib/python3.8/site-packages/airflow/example_dags/example_nested_branch_dag.py
[2023-11-08T17:49:29.558-0500] {logging_mixin.py:154} INFO - [2023-11-08T17:49:29.558-0500] {dag.py:2941} INFO - Sync 1 DAGs
[2023-11-08T17:49:29.569-0500] {logging_mixin.py:154} INFO - [2023-11-08T17:49:29.569-0500] {dag.py:3722} INFO - Setting next_dagrun for example_nested_branch_dag to 2023-11-07T00:00:00+00:00, run_after=2023-11-08T00:00:00+00:00
[2023-11-08T17:49:29.579-0500] {processor.py:179} INFO - Processing /Users/az/anaconda3/envs/python38/lib/python3.8/site-packages/airflow/example_dags/example_nested_branch_dag.py took 0.161 seconds
[2023-11-08T17:51:30.367-0500] {processor.py:157} INFO - Started process (PID=49279) to work on /Users/az/anaconda3/envs/python38/lib/python3.8/site-packages/airflow/example_dags/example_nested_branch_dag.py
[2023-11-08T17:51:30.372-0500] {processor.py:829} INFO - Processing file /Users/az/anaconda3/envs/python38/lib/python3.8/site-packages/airflow/example_dags/example_nested_branch_dag.py for tasks to queue
[2023-11-08T17:51:30.372-0500] {logging_mixin.py:154} INFO - [2023-11-08T17:51:30.372-0500] {dagbag.py:536} INFO - Filling up the DagBag from /Users/az/anaconda3/envs/python38/lib/python3.8/site-packages/airflow/example_dags/example_nested_branch_dag.py
[2023-11-08T17:51:30.415-0500] {processor.py:839} INFO - DAG(s) dict_keys(['example_nested_branch_dag']) retrieved from /Users/az/anaconda3/envs/python38/lib/python3.8/site-packages/airflow/example_dags/example_nested_branch_dag.py
[2023-11-08T17:51:30.537-0500] {logging_mixin.py:154} INFO - [2023-11-08T17:51:30.537-0500] {dag.py:2941} INFO - Sync 1 DAGs
[2023-11-08T17:51:30.549-0500] {logging_mixin.py:154} INFO - [2023-11-08T17:51:30.549-0500] {dag.py:3722} INFO - Setting next_dagrun for example_nested_branch_dag to 2023-11-07T00:00:00+00:00, run_after=2023-11-08T00:00:00+00:00
[2023-11-08T17:51:30.564-0500] {processor.py:179} INFO - Processing /Users/az/anaconda3/envs/python38/lib/python3.8/site-packages/airflow/example_dags/example_nested_branch_dag.py took 0.197 seconds
[2023-11-08T17:53:22.218-0500] {processor.py:157} INFO - Started process (PID=49424) to work on /Users/az/anaconda3/envs/python38/lib/python3.8/site-packages/airflow/example_dags/example_nested_branch_dag.py
[2023-11-08T17:53:22.223-0500] {processor.py:829} INFO - Processing file /Users/az/anaconda3/envs/python38/lib/python3.8/site-packages/airflow/example_dags/example_nested_branch_dag.py for tasks to queue
[2023-11-08T17:53:22.223-0500] {logging_mixin.py:154} INFO - [2023-11-08T17:53:22.223-0500] {dagbag.py:536} INFO - Filling up the DagBag from /Users/az/anaconda3/envs/python38/lib/python3.8/site-packages/airflow/example_dags/example_nested_branch_dag.py
[2023-11-08T17:53:22.256-0500] {processor.py:839} INFO - DAG(s) dict_keys(['example_nested_branch_dag']) retrieved from /Users/az/anaconda3/envs/python38/lib/python3.8/site-packages/airflow/example_dags/example_nested_branch_dag.py
[2023-11-08T17:53:22.359-0500] {logging_mixin.py:154} INFO - [2023-11-08T17:53:22.359-0500] {dag.py:2941} INFO - Sync 1 DAGs
[2023-11-08T17:53:22.369-0500] {logging_mixin.py:154} INFO - [2023-11-08T17:53:22.369-0500] {dag.py:3722} INFO - Setting next_dagrun for example_nested_branch_dag to 2023-11-07T00:00:00+00:00, run_after=2023-11-08T00:00:00+00:00
[2023-11-08T17:53:22.379-0500] {processor.py:179} INFO - Processing /Users/az/anaconda3/envs/python38/lib/python3.8/site-packages/airflow/example_dags/example_nested_branch_dag.py took 0.162 seconds
[2023-11-08T17:55:19.999-0500] {processor.py:157} INFO - Started process (PID=49570) to work on /Users/az/anaconda3/envs/python38/lib/python3.8/site-packages/airflow/example_dags/example_nested_branch_dag.py
[2023-11-08T17:55:20.004-0500] {processor.py:829} INFO - Processing file /Users/az/anaconda3/envs/python38/lib/python3.8/site-packages/airflow/example_dags/example_nested_branch_dag.py for tasks to queue
[2023-11-08T17:55:20.004-0500] {logging_mixin.py:154} INFO - [2023-11-08T17:55:20.004-0500] {dagbag.py:536} INFO - Filling up the DagBag from /Users/az/anaconda3/envs/python38/lib/python3.8/site-packages/airflow/example_dags/example_nested_branch_dag.py
[2023-11-08T17:55:20.038-0500] {processor.py:839} INFO - DAG(s) dict_keys(['example_nested_branch_dag']) retrieved from /Users/az/anaconda3/envs/python38/lib/python3.8/site-packages/airflow/example_dags/example_nested_branch_dag.py
[2023-11-08T17:55:20.141-0500] {logging_mixin.py:154} INFO - [2023-11-08T17:55:20.141-0500] {dag.py:2941} INFO - Sync 1 DAGs
[2023-11-08T17:55:20.151-0500] {logging_mixin.py:154} INFO - [2023-11-08T17:55:20.151-0500] {dag.py:3722} INFO - Setting next_dagrun for example_nested_branch_dag to 2023-11-07T00:00:00+00:00, run_after=2023-11-08T00:00:00+00:00
[2023-11-08T17:55:20.161-0500] {processor.py:179} INFO - Processing /Users/az/anaconda3/envs/python38/lib/python3.8/site-packages/airflow/example_dags/example_nested_branch_dag.py took 0.163 seconds
[2023-11-08T17:57:20.249-0500] {processor.py:157} INFO - Started process (PID=49721) to work on /Users/az/anaconda3/envs/python38/lib/python3.8/site-packages/airflow/example_dags/example_nested_branch_dag.py
[2023-11-08T17:57:20.254-0500] {processor.py:829} INFO - Processing file /Users/az/anaconda3/envs/python38/lib/python3.8/site-packages/airflow/example_dags/example_nested_branch_dag.py for tasks to queue
[2023-11-08T17:57:20.254-0500] {logging_mixin.py:154} INFO - [2023-11-08T17:57:20.254-0500] {dagbag.py:536} INFO - Filling up the DagBag from /Users/az/anaconda3/envs/python38/lib/python3.8/site-packages/airflow/example_dags/example_nested_branch_dag.py
[2023-11-08T17:57:20.287-0500] {processor.py:839} INFO - DAG(s) dict_keys(['example_nested_branch_dag']) retrieved from /Users/az/anaconda3/envs/python38/lib/python3.8/site-packages/airflow/example_dags/example_nested_branch_dag.py
[2023-11-08T17:57:20.390-0500] {logging_mixin.py:154} INFO - [2023-11-08T17:57:20.390-0500] {dag.py:2941} INFO - Sync 1 DAGs
[2023-11-08T17:57:20.400-0500] {logging_mixin.py:154} INFO - [2023-11-08T17:57:20.400-0500] {dag.py:3722} INFO - Setting next_dagrun for example_nested_branch_dag to 2023-11-07T00:00:00+00:00, run_after=2023-11-08T00:00:00+00:00
[2023-11-08T17:57:20.410-0500] {processor.py:179} INFO - Processing /Users/az/anaconda3/envs/python38/lib/python3.8/site-packages/airflow/example_dags/example_nested_branch_dag.py took 0.162 seconds
[2023-11-08T17:59:21.524-0500] {processor.py:157} INFO - Started process (PID=49889) to work on /Users/az/anaconda3/envs/python38/lib/python3.8/site-packages/airflow/example_dags/example_nested_branch_dag.py
[2023-11-08T17:59:21.529-0500] {processor.py:829} INFO - Processing file /Users/az/anaconda3/envs/python38/lib/python3.8/site-packages/airflow/example_dags/example_nested_branch_dag.py for tasks to queue
[2023-11-08T17:59:21.529-0500] {logging_mixin.py:154} INFO - [2023-11-08T17:59:21.529-0500] {dagbag.py:536} INFO - Filling up the DagBag from /Users/az/anaconda3/envs/python38/lib/python3.8/site-packages/airflow/example_dags/example_nested_branch_dag.py
[2023-11-08T17:59:21.563-0500] {processor.py:839} INFO - DAG(s) dict_keys(['example_nested_branch_dag']) retrieved from /Users/az/anaconda3/envs/python38/lib/python3.8/site-packages/airflow/example_dags/example_nested_branch_dag.py
[2023-11-08T17:59:21.667-0500] {logging_mixin.py:154} INFO - [2023-11-08T17:59:21.667-0500] {dag.py:2941} INFO - Sync 1 DAGs
[2023-11-08T17:59:21.677-0500] {logging_mixin.py:154} INFO - [2023-11-08T17:59:21.677-0500] {dag.py:3722} INFO - Setting next_dagrun for example_nested_branch_dag to 2023-11-07T00:00:00+00:00, run_after=2023-11-08T00:00:00+00:00
[2023-11-08T17:59:21.687-0500] {processor.py:179} INFO - Processing /Users/az/anaconda3/envs/python38/lib/python3.8/site-packages/airflow/example_dags/example_nested_branch_dag.py took 0.164 seconds
[2023-11-08T18:01:23.066-0500] {processor.py:157} INFO - Started process (PID=50054) to work on /Users/az/anaconda3/envs/python38/lib/python3.8/site-packages/airflow/example_dags/example_nested_branch_dag.py
[2023-11-08T18:01:23.070-0500] {processor.py:829} INFO - Processing file /Users/az/anaconda3/envs/python38/lib/python3.8/site-packages/airflow/example_dags/example_nested_branch_dag.py for tasks to queue
[2023-11-08T18:01:23.071-0500] {logging_mixin.py:154} INFO - [2023-11-08T18:01:23.071-0500] {dagbag.py:536} INFO - Filling up the DagBag from /Users/az/anaconda3/envs/python38/lib/python3.8/site-packages/airflow/example_dags/example_nested_branch_dag.py
[2023-11-08T18:01:23.110-0500] {processor.py:839} INFO - DAG(s) dict_keys(['example_nested_branch_dag']) retrieved from /Users/az/anaconda3/envs/python38/lib/python3.8/site-packages/airflow/example_dags/example_nested_branch_dag.py
[2023-11-08T18:01:23.231-0500] {logging_mixin.py:154} INFO - [2023-11-08T18:01:23.231-0500] {dag.py:2941} INFO - Sync 1 DAGs
[2023-11-08T18:01:23.244-0500] {logging_mixin.py:154} INFO - [2023-11-08T18:01:23.243-0500] {dag.py:3722} INFO - Setting next_dagrun for example_nested_branch_dag to 2023-11-07T00:00:00+00:00, run_after=2023-11-08T00:00:00+00:00
[2023-11-08T18:01:23.255-0500] {processor.py:179} INFO - Processing /Users/az/anaconda3/envs/python38/lib/python3.8/site-packages/airflow/example_dags/example_nested_branch_dag.py took 0.190 seconds
[2023-11-08T18:03:19.627-0500] {processor.py:157} INFO - Started process (PID=50258) to work on /Users/az/anaconda3/envs/python38/lib/python3.8/site-packages/airflow/example_dags/example_nested_branch_dag.py
[2023-11-08T18:03:19.631-0500] {processor.py:829} INFO - Processing file /Users/az/anaconda3/envs/python38/lib/python3.8/site-packages/airflow/example_dags/example_nested_branch_dag.py for tasks to queue
[2023-11-08T18:03:19.631-0500] {logging_mixin.py:154} INFO - [2023-11-08T18:03:19.631-0500] {dagbag.py:536} INFO - Filling up the DagBag from /Users/az/anaconda3/envs/python38/lib/python3.8/site-packages/airflow/example_dags/example_nested_branch_dag.py
[2023-11-08T18:03:19.665-0500] {processor.py:839} INFO - DAG(s) dict_keys(['example_nested_branch_dag']) retrieved from /Users/az/anaconda3/envs/python38/lib/python3.8/site-packages/airflow/example_dags/example_nested_branch_dag.py
[2023-11-08T18:03:19.773-0500] {logging_mixin.py:154} INFO - [2023-11-08T18:03:19.773-0500] {dag.py:2941} INFO - Sync 1 DAGs
[2023-11-08T18:03:19.783-0500] {logging_mixin.py:154} INFO - [2023-11-08T18:03:19.783-0500] {dag.py:3722} INFO - Setting next_dagrun for example_nested_branch_dag to 2023-11-07T00:00:00+00:00, run_after=2023-11-08T00:00:00+00:00
[2023-11-08T18:03:19.793-0500] {processor.py:179} INFO - Processing /Users/az/anaconda3/envs/python38/lib/python3.8/site-packages/airflow/example_dags/example_nested_branch_dag.py took 0.166 seconds
[2023-11-08T18:05:16.714-0500] {processor.py:157} INFO - Started process (PID=50532) to work on /Users/az/anaconda3/envs/python38/lib/python3.8/site-packages/airflow/example_dags/example_nested_branch_dag.py
[2023-11-08T18:05:16.719-0500] {processor.py:829} INFO - Processing file /Users/az/anaconda3/envs/python38/lib/python3.8/site-packages/airflow/example_dags/example_nested_branch_dag.py for tasks to queue
[2023-11-08T18:05:16.719-0500] {logging_mixin.py:154} INFO - [2023-11-08T18:05:16.719-0500] {dagbag.py:536} INFO - Filling up the DagBag from /Users/az/anaconda3/envs/python38/lib/python3.8/site-packages/airflow/example_dags/example_nested_branch_dag.py
[2023-11-08T18:05:16.753-0500] {processor.py:839} INFO - DAG(s) dict_keys(['example_nested_branch_dag']) retrieved from /Users/az/anaconda3/envs/python38/lib/python3.8/site-packages/airflow/example_dags/example_nested_branch_dag.py
[2023-11-08T18:05:16.856-0500] {logging_mixin.py:154} INFO - [2023-11-08T18:05:16.856-0500] {dag.py:2941} INFO - Sync 1 DAGs
[2023-11-08T18:05:16.866-0500] {logging_mixin.py:154} INFO - [2023-11-08T18:05:16.866-0500] {dag.py:3722} INFO - Setting next_dagrun for example_nested_branch_dag to 2023-11-07T00:00:00+00:00, run_after=2023-11-08T00:00:00+00:00
[2023-11-08T18:05:16.876-0500] {processor.py:179} INFO - Processing /Users/az/anaconda3/envs/python38/lib/python3.8/site-packages/airflow/example_dags/example_nested_branch_dag.py took 0.162 seconds
[2023-11-08T18:07:10.569-0500] {processor.py:157} INFO - Started process (PID=50687) to work on /Users/az/anaconda3/envs/python38/lib/python3.8/site-packages/airflow/example_dags/example_nested_branch_dag.py
[2023-11-08T18:07:10.573-0500] {processor.py:829} INFO - Processing file /Users/az/anaconda3/envs/python38/lib/python3.8/site-packages/airflow/example_dags/example_nested_branch_dag.py for tasks to queue
[2023-11-08T18:07:10.573-0500] {logging_mixin.py:154} INFO - [2023-11-08T18:07:10.573-0500] {dagbag.py:536} INFO - Filling up the DagBag from /Users/az/anaconda3/envs/python38/lib/python3.8/site-packages/airflow/example_dags/example_nested_branch_dag.py
[2023-11-08T18:07:10.607-0500] {processor.py:839} INFO - DAG(s) dict_keys(['example_nested_branch_dag']) retrieved from /Users/az/anaconda3/envs/python38/lib/python3.8/site-packages/airflow/example_dags/example_nested_branch_dag.py
[2023-11-08T18:07:10.710-0500] {logging_mixin.py:154} INFO - [2023-11-08T18:07:10.710-0500] {dag.py:2941} INFO - Sync 1 DAGs
[2023-11-08T18:07:10.720-0500] {logging_mixin.py:154} INFO - [2023-11-08T18:07:10.720-0500] {dag.py:3722} INFO - Setting next_dagrun for example_nested_branch_dag to 2023-11-07T00:00:00+00:00, run_after=2023-11-08T00:00:00+00:00
[2023-11-08T18:07:10.730-0500] {processor.py:179} INFO - Processing /Users/az/anaconda3/envs/python38/lib/python3.8/site-packages/airflow/example_dags/example_nested_branch_dag.py took 0.162 seconds
[2023-11-08T18:09:07.012-0500] {processor.py:157} INFO - Started process (PID=50853) to work on /Users/az/anaconda3/envs/python38/lib/python3.8/site-packages/airflow/example_dags/example_nested_branch_dag.py
[2023-11-08T18:09:07.016-0500] {processor.py:829} INFO - Processing file /Users/az/anaconda3/envs/python38/lib/python3.8/site-packages/airflow/example_dags/example_nested_branch_dag.py for tasks to queue
[2023-11-08T18:09:07.017-0500] {logging_mixin.py:154} INFO - [2023-11-08T18:09:07.017-0500] {dagbag.py:536} INFO - Filling up the DagBag from /Users/az/anaconda3/envs/python38/lib/python3.8/site-packages/airflow/example_dags/example_nested_branch_dag.py
[2023-11-08T18:09:07.050-0500] {processor.py:839} INFO - DAG(s) dict_keys(['example_nested_branch_dag']) retrieved from /Users/az/anaconda3/envs/python38/lib/python3.8/site-packages/airflow/example_dags/example_nested_branch_dag.py
[2023-11-08T18:09:07.153-0500] {logging_mixin.py:154} INFO - [2023-11-08T18:09:07.153-0500] {dag.py:2941} INFO - Sync 1 DAGs
[2023-11-08T18:09:07.164-0500] {logging_mixin.py:154} INFO - [2023-11-08T18:09:07.164-0500] {dag.py:3722} INFO - Setting next_dagrun for example_nested_branch_dag to 2023-11-07T00:00:00+00:00, run_after=2023-11-08T00:00:00+00:00
[2023-11-08T18:09:07.174-0500] {processor.py:179} INFO - Processing /Users/az/anaconda3/envs/python38/lib/python3.8/site-packages/airflow/example_dags/example_nested_branch_dag.py took 0.162 seconds
[2023-11-08T18:11:07.071-0500] {processor.py:157} INFO - Started process (PID=51008) to work on /Users/az/anaconda3/envs/python38/lib/python3.8/site-packages/airflow/example_dags/example_nested_branch_dag.py
[2023-11-08T18:11:07.075-0500] {processor.py:829} INFO - Processing file /Users/az/anaconda3/envs/python38/lib/python3.8/site-packages/airflow/example_dags/example_nested_branch_dag.py for tasks to queue
[2023-11-08T18:11:07.075-0500] {logging_mixin.py:154} INFO - [2023-11-08T18:11:07.075-0500] {dagbag.py:536} INFO - Filling up the DagBag from /Users/az/anaconda3/envs/python38/lib/python3.8/site-packages/airflow/example_dags/example_nested_branch_dag.py
[2023-11-08T18:11:07.109-0500] {processor.py:839} INFO - DAG(s) dict_keys(['example_nested_branch_dag']) retrieved from /Users/az/anaconda3/envs/python38/lib/python3.8/site-packages/airflow/example_dags/example_nested_branch_dag.py
[2023-11-08T18:11:07.212-0500] {logging_mixin.py:154} INFO - [2023-11-08T18:11:07.212-0500] {dag.py:2941} INFO - Sync 1 DAGs
[2023-11-08T18:11:07.222-0500] {logging_mixin.py:154} INFO - [2023-11-08T18:11:07.222-0500] {dag.py:3722} INFO - Setting next_dagrun for example_nested_branch_dag to 2023-11-07T00:00:00+00:00, run_after=2023-11-08T00:00:00+00:00
[2023-11-08T18:11:07.232-0500] {processor.py:179} INFO - Processing /Users/az/anaconda3/envs/python38/lib/python3.8/site-packages/airflow/example_dags/example_nested_branch_dag.py took 0.161 seconds
[2023-11-08T18:23:05.506-0500] {processor.py:157} INFO - Started process (PID=51191) to work on /Users/az/anaconda3/envs/python38/lib/python3.8/site-packages/airflow/example_dags/example_nested_branch_dag.py
[2023-11-08T18:23:05.511-0500] {processor.py:829} INFO - Processing file /Users/az/anaconda3/envs/python38/lib/python3.8/site-packages/airflow/example_dags/example_nested_branch_dag.py for tasks to queue
[2023-11-08T18:23:05.511-0500] {logging_mixin.py:154} INFO - [2023-11-08T18:23:05.511-0500] {dagbag.py:536} INFO - Filling up the DagBag from /Users/az/anaconda3/envs/python38/lib/python3.8/site-packages/airflow/example_dags/example_nested_branch_dag.py
[2023-11-08T18:23:05.544-0500] {processor.py:839} INFO - DAG(s) dict_keys(['example_nested_branch_dag']) retrieved from /Users/az/anaconda3/envs/python38/lib/python3.8/site-packages/airflow/example_dags/example_nested_branch_dag.py
[2023-11-08T18:23:05.648-0500] {logging_mixin.py:154} INFO - [2023-11-08T18:23:05.648-0500] {dag.py:2941} INFO - Sync 1 DAGs
[2023-11-08T18:23:05.658-0500] {logging_mixin.py:154} INFO - [2023-11-08T18:23:05.658-0500] {dag.py:3722} INFO - Setting next_dagrun for example_nested_branch_dag to 2023-11-07T00:00:00+00:00, run_after=2023-11-08T00:00:00+00:00
[2023-11-08T18:23:05.668-0500] {processor.py:179} INFO - Processing /Users/az/anaconda3/envs/python38/lib/python3.8/site-packages/airflow/example_dags/example_nested_branch_dag.py took 0.163 seconds
[2023-11-08T18:31:48.163-0500] {processor.py:157} INFO - Started process (PID=51341) to work on /Users/az/anaconda3/envs/python38/lib/python3.8/site-packages/airflow/example_dags/example_nested_branch_dag.py
[2023-11-08T18:31:48.170-0500] {processor.py:829} INFO - Processing file /Users/az/anaconda3/envs/python38/lib/python3.8/site-packages/airflow/example_dags/example_nested_branch_dag.py for tasks to queue
[2023-11-08T18:31:48.170-0500] {logging_mixin.py:154} INFO - [2023-11-08T18:31:48.170-0500] {dagbag.py:536} INFO - Filling up the DagBag from /Users/az/anaconda3/envs/python38/lib/python3.8/site-packages/airflow/example_dags/example_nested_branch_dag.py
[2023-11-08T18:31:48.211-0500] {processor.py:839} INFO - DAG(s) dict_keys(['example_nested_branch_dag']) retrieved from /Users/az/anaconda3/envs/python38/lib/python3.8/site-packages/airflow/example_dags/example_nested_branch_dag.py
[2023-11-08T18:31:48.322-0500] {logging_mixin.py:154} INFO - [2023-11-08T18:31:48.321-0500] {dag.py:2941} INFO - Sync 1 DAGs
[2023-11-08T18:31:48.332-0500] {logging_mixin.py:154} INFO - [2023-11-08T18:31:48.332-0500] {dag.py:3722} INFO - Setting next_dagrun for example_nested_branch_dag to 2023-11-07T00:00:00+00:00, run_after=2023-11-08T00:00:00+00:00
[2023-11-08T18:31:48.342-0500] {processor.py:179} INFO - Processing /Users/az/anaconda3/envs/python38/lib/python3.8/site-packages/airflow/example_dags/example_nested_branch_dag.py took 0.180 seconds
[2023-11-08T18:33:53.638-0500] {processor.py:157} INFO - Started process (PID=51502) to work on /Users/az/anaconda3/envs/python38/lib/python3.8/site-packages/airflow/example_dags/example_nested_branch_dag.py
[2023-11-08T18:33:53.643-0500] {processor.py:829} INFO - Processing file /Users/az/anaconda3/envs/python38/lib/python3.8/site-packages/airflow/example_dags/example_nested_branch_dag.py for tasks to queue
[2023-11-08T18:33:53.643-0500] {logging_mixin.py:154} INFO - [2023-11-08T18:33:53.643-0500] {dagbag.py:536} INFO - Filling up the DagBag from /Users/az/anaconda3/envs/python38/lib/python3.8/site-packages/airflow/example_dags/example_nested_branch_dag.py
[2023-11-08T18:33:53.677-0500] {processor.py:839} INFO - DAG(s) dict_keys(['example_nested_branch_dag']) retrieved from /Users/az/anaconda3/envs/python38/lib/python3.8/site-packages/airflow/example_dags/example_nested_branch_dag.py
[2023-11-08T18:33:53.781-0500] {logging_mixin.py:154} INFO - [2023-11-08T18:33:53.780-0500] {dag.py:2941} INFO - Sync 1 DAGs
[2023-11-08T18:33:53.791-0500] {logging_mixin.py:154} INFO - [2023-11-08T18:33:53.791-0500] {dag.py:3722} INFO - Setting next_dagrun for example_nested_branch_dag to 2023-11-07T00:00:00+00:00, run_after=2023-11-08T00:00:00+00:00
[2023-11-08T18:33:53.801-0500] {processor.py:179} INFO - Processing /Users/az/anaconda3/envs/python38/lib/python3.8/site-packages/airflow/example_dags/example_nested_branch_dag.py took 0.163 seconds
[2023-11-08T18:35:54.819-0500] {processor.py:157} INFO - Started process (PID=51649) to work on /Users/az/anaconda3/envs/python38/lib/python3.8/site-packages/airflow/example_dags/example_nested_branch_dag.py
[2023-11-08T18:35:54.822-0500] {processor.py:829} INFO - Processing file /Users/az/anaconda3/envs/python38/lib/python3.8/site-packages/airflow/example_dags/example_nested_branch_dag.py for tasks to queue
[2023-11-08T18:35:54.823-0500] {logging_mixin.py:154} INFO - [2023-11-08T18:35:54.823-0500] {dagbag.py:536} INFO - Filling up the DagBag from /Users/az/anaconda3/envs/python38/lib/python3.8/site-packages/airflow/example_dags/example_nested_branch_dag.py
[2023-11-08T18:35:54.856-0500] {processor.py:839} INFO - DAG(s) dict_keys(['example_nested_branch_dag']) retrieved from /Users/az/anaconda3/envs/python38/lib/python3.8/site-packages/airflow/example_dags/example_nested_branch_dag.py
[2023-11-08T18:35:54.958-0500] {logging_mixin.py:154} INFO - [2023-11-08T18:35:54.958-0500] {dag.py:2941} INFO - Sync 1 DAGs
[2023-11-08T18:35:54.969-0500] {logging_mixin.py:154} INFO - [2023-11-08T18:35:54.968-0500] {dag.py:3722} INFO - Setting next_dagrun for example_nested_branch_dag to 2023-11-07T00:00:00+00:00, run_after=2023-11-08T00:00:00+00:00
[2023-11-08T18:35:54.979-0500] {processor.py:179} INFO - Processing /Users/az/anaconda3/envs/python38/lib/python3.8/site-packages/airflow/example_dags/example_nested_branch_dag.py took 0.160 seconds
[2023-11-08T18:37:48.408-0500] {processor.py:157} INFO - Started process (PID=51795) to work on /Users/az/anaconda3/envs/python38/lib/python3.8/site-packages/airflow/example_dags/example_nested_branch_dag.py
[2023-11-08T18:37:48.412-0500] {processor.py:829} INFO - Processing file /Users/az/anaconda3/envs/python38/lib/python3.8/site-packages/airflow/example_dags/example_nested_branch_dag.py for tasks to queue
[2023-11-08T18:37:48.413-0500] {logging_mixin.py:154} INFO - [2023-11-08T18:37:48.413-0500] {dagbag.py:536} INFO - Filling up the DagBag from /Users/az/anaconda3/envs/python38/lib/python3.8/site-packages/airflow/example_dags/example_nested_branch_dag.py
[2023-11-08T18:37:48.447-0500] {processor.py:839} INFO - DAG(s) dict_keys(['example_nested_branch_dag']) retrieved from /Users/az/anaconda3/envs/python38/lib/python3.8/site-packages/airflow/example_dags/example_nested_branch_dag.py
[2023-11-08T18:37:48.550-0500] {logging_mixin.py:154} INFO - [2023-11-08T18:37:48.550-0500] {dag.py:2941} INFO - Sync 1 DAGs
[2023-11-08T18:37:48.560-0500] {logging_mixin.py:154} INFO - [2023-11-08T18:37:48.560-0500] {dag.py:3722} INFO - Setting next_dagrun for example_nested_branch_dag to 2023-11-07T00:00:00+00:00, run_after=2023-11-08T00:00:00+00:00
[2023-11-08T18:37:48.570-0500] {processor.py:179} INFO - Processing /Users/az/anaconda3/envs/python38/lib/python3.8/site-packages/airflow/example_dags/example_nested_branch_dag.py took 0.163 seconds
[2023-11-08T18:39:46.036-0500] {processor.py:157} INFO - Started process (PID=51938) to work on /Users/az/anaconda3/envs/python38/lib/python3.8/site-packages/airflow/example_dags/example_nested_branch_dag.py
[2023-11-08T18:39:46.041-0500] {processor.py:829} INFO - Processing file /Users/az/anaconda3/envs/python38/lib/python3.8/site-packages/airflow/example_dags/example_nested_branch_dag.py for tasks to queue
[2023-11-08T18:39:46.041-0500] {logging_mixin.py:154} INFO - [2023-11-08T18:39:46.041-0500] {dagbag.py:536} INFO - Filling up the DagBag from /Users/az/anaconda3/envs/python38/lib/python3.8/site-packages/airflow/example_dags/example_nested_branch_dag.py
[2023-11-08T18:39:46.075-0500] {processor.py:839} INFO - DAG(s) dict_keys(['example_nested_branch_dag']) retrieved from /Users/az/anaconda3/envs/python38/lib/python3.8/site-packages/airflow/example_dags/example_nested_branch_dag.py
[2023-11-08T18:39:46.178-0500] {logging_mixin.py:154} INFO - [2023-11-08T18:39:46.178-0500] {dag.py:2941} INFO - Sync 1 DAGs
[2023-11-08T18:39:46.188-0500] {logging_mixin.py:154} INFO - [2023-11-08T18:39:46.188-0500] {dag.py:3722} INFO - Setting next_dagrun for example_nested_branch_dag to 2023-11-07T00:00:00+00:00, run_after=2023-11-08T00:00:00+00:00
[2023-11-08T18:39:46.198-0500] {processor.py:179} INFO - Processing /Users/az/anaconda3/envs/python38/lib/python3.8/site-packages/airflow/example_dags/example_nested_branch_dag.py took 0.162 seconds
[2023-11-08T18:41:50.875-0500] {processor.py:157} INFO - Started process (PID=52087) to work on /Users/az/anaconda3/envs/python38/lib/python3.8/site-packages/airflow/example_dags/example_nested_branch_dag.py
[2023-11-08T18:41:50.880-0500] {processor.py:829} INFO - Processing file /Users/az/anaconda3/envs/python38/lib/python3.8/site-packages/airflow/example_dags/example_nested_branch_dag.py for tasks to queue
[2023-11-08T18:41:50.880-0500] {logging_mixin.py:154} INFO - [2023-11-08T18:41:50.880-0500] {dagbag.py:536} INFO - Filling up the DagBag from /Users/az/anaconda3/envs/python38/lib/python3.8/site-packages/airflow/example_dags/example_nested_branch_dag.py
[2023-11-08T18:41:50.913-0500] {processor.py:839} INFO - DAG(s) dict_keys(['example_nested_branch_dag']) retrieved from /Users/az/anaconda3/envs/python38/lib/python3.8/site-packages/airflow/example_dags/example_nested_branch_dag.py
[2023-11-08T18:41:51.016-0500] {logging_mixin.py:154} INFO - [2023-11-08T18:41:51.016-0500] {dag.py:2941} INFO - Sync 1 DAGs
[2023-11-08T18:41:51.026-0500] {logging_mixin.py:154} INFO - [2023-11-08T18:41:51.026-0500] {dag.py:3722} INFO - Setting next_dagrun for example_nested_branch_dag to 2023-11-07T00:00:00+00:00, run_after=2023-11-08T00:00:00+00:00
[2023-11-08T18:41:51.036-0500] {processor.py:179} INFO - Processing /Users/az/anaconda3/envs/python38/lib/python3.8/site-packages/airflow/example_dags/example_nested_branch_dag.py took 0.161 seconds
[2023-11-08T18:43:51.127-0500] {processor.py:157} INFO - Started process (PID=52236) to work on /Users/az/anaconda3/envs/python38/lib/python3.8/site-packages/airflow/example_dags/example_nested_branch_dag.py
[2023-11-08T18:43:51.131-0500] {processor.py:829} INFO - Processing file /Users/az/anaconda3/envs/python38/lib/python3.8/site-packages/airflow/example_dags/example_nested_branch_dag.py for tasks to queue
[2023-11-08T18:43:51.131-0500] {logging_mixin.py:154} INFO - [2023-11-08T18:43:51.131-0500] {dagbag.py:536} INFO - Filling up the DagBag from /Users/az/anaconda3/envs/python38/lib/python3.8/site-packages/airflow/example_dags/example_nested_branch_dag.py
[2023-11-08T18:43:51.167-0500] {processor.py:839} INFO - DAG(s) dict_keys(['example_nested_branch_dag']) retrieved from /Users/az/anaconda3/envs/python38/lib/python3.8/site-packages/airflow/example_dags/example_nested_branch_dag.py
[2023-11-08T18:43:51.270-0500] {logging_mixin.py:154} INFO - [2023-11-08T18:43:51.270-0500] {dag.py:2941} INFO - Sync 1 DAGs
[2023-11-08T18:43:51.281-0500] {logging_mixin.py:154} INFO - [2023-11-08T18:43:51.281-0500] {dag.py:3722} INFO - Setting next_dagrun for example_nested_branch_dag to 2023-11-07T00:00:00+00:00, run_after=2023-11-08T00:00:00+00:00
[2023-11-08T18:43:51.291-0500] {processor.py:179} INFO - Processing /Users/az/anaconda3/envs/python38/lib/python3.8/site-packages/airflow/example_dags/example_nested_branch_dag.py took 0.164 seconds
[2023-11-08T18:45:54.229-0500] {processor.py:157} INFO - Started process (PID=52382) to work on /Users/az/anaconda3/envs/python38/lib/python3.8/site-packages/airflow/example_dags/example_nested_branch_dag.py
[2023-11-08T18:45:54.233-0500] {processor.py:829} INFO - Processing file /Users/az/anaconda3/envs/python38/lib/python3.8/site-packages/airflow/example_dags/example_nested_branch_dag.py for tasks to queue
[2023-11-08T18:45:54.233-0500] {logging_mixin.py:154} INFO - [2023-11-08T18:45:54.233-0500] {dagbag.py:536} INFO - Filling up the DagBag from /Users/az/anaconda3/envs/python38/lib/python3.8/site-packages/airflow/example_dags/example_nested_branch_dag.py
[2023-11-08T18:45:54.267-0500] {processor.py:839} INFO - DAG(s) dict_keys(['example_nested_branch_dag']) retrieved from /Users/az/anaconda3/envs/python38/lib/python3.8/site-packages/airflow/example_dags/example_nested_branch_dag.py
[2023-11-08T18:45:54.375-0500] {logging_mixin.py:154} INFO - [2023-11-08T18:45:54.374-0500] {dag.py:2941} INFO - Sync 1 DAGs
[2023-11-08T18:45:54.385-0500] {logging_mixin.py:154} INFO - [2023-11-08T18:45:54.385-0500] {dag.py:3722} INFO - Setting next_dagrun for example_nested_branch_dag to 2023-11-07T00:00:00+00:00, run_after=2023-11-08T00:00:00+00:00
[2023-11-08T18:45:54.395-0500] {processor.py:179} INFO - Processing /Users/az/anaconda3/envs/python38/lib/python3.8/site-packages/airflow/example_dags/example_nested_branch_dag.py took 0.166 seconds
[2023-11-08T18:48:04.127-0500] {processor.py:157} INFO - Started process (PID=52602) to work on /Users/az/anaconda3/envs/python38/lib/python3.8/site-packages/airflow/example_dags/example_nested_branch_dag.py
[2023-11-08T18:48:04.131-0500] {processor.py:829} INFO - Processing file /Users/az/anaconda3/envs/python38/lib/python3.8/site-packages/airflow/example_dags/example_nested_branch_dag.py for tasks to queue
[2023-11-08T18:48:04.132-0500] {logging_mixin.py:154} INFO - [2023-11-08T18:48:04.132-0500] {dagbag.py:536} INFO - Filling up the DagBag from /Users/az/anaconda3/envs/python38/lib/python3.8/site-packages/airflow/example_dags/example_nested_branch_dag.py
[2023-11-08T18:48:04.166-0500] {processor.py:839} INFO - DAG(s) dict_keys(['example_nested_branch_dag']) retrieved from /Users/az/anaconda3/envs/python38/lib/python3.8/site-packages/airflow/example_dags/example_nested_branch_dag.py
[2023-11-08T18:48:04.270-0500] {logging_mixin.py:154} INFO - [2023-11-08T18:48:04.270-0500] {dag.py:2941} INFO - Sync 1 DAGs
[2023-11-08T18:48:04.280-0500] {logging_mixin.py:154} INFO - [2023-11-08T18:48:04.280-0500] {dag.py:3722} INFO - Setting next_dagrun for example_nested_branch_dag to 2023-11-07T00:00:00+00:00, run_after=2023-11-08T00:00:00+00:00
[2023-11-08T18:48:04.292-0500] {processor.py:179} INFO - Processing /Users/az/anaconda3/envs/python38/lib/python3.8/site-packages/airflow/example_dags/example_nested_branch_dag.py took 0.166 seconds
[2023-11-08T18:50:00.881-0500] {processor.py:157} INFO - Started process (PID=52747) to work on /Users/az/anaconda3/envs/python38/lib/python3.8/site-packages/airflow/example_dags/example_nested_branch_dag.py
[2023-11-08T18:50:00.885-0500] {processor.py:829} INFO - Processing file /Users/az/anaconda3/envs/python38/lib/python3.8/site-packages/airflow/example_dags/example_nested_branch_dag.py for tasks to queue
[2023-11-08T18:50:00.885-0500] {logging_mixin.py:154} INFO - [2023-11-08T18:50:00.885-0500] {dagbag.py:536} INFO - Filling up the DagBag from /Users/az/anaconda3/envs/python38/lib/python3.8/site-packages/airflow/example_dags/example_nested_branch_dag.py
[2023-11-08T18:50:00.921-0500] {processor.py:839} INFO - DAG(s) dict_keys(['example_nested_branch_dag']) retrieved from /Users/az/anaconda3/envs/python38/lib/python3.8/site-packages/airflow/example_dags/example_nested_branch_dag.py
[2023-11-08T18:50:01.025-0500] {logging_mixin.py:154} INFO - [2023-11-08T18:50:01.024-0500] {dag.py:2941} INFO - Sync 1 DAGs
[2023-11-08T18:50:01.035-0500] {logging_mixin.py:154} INFO - [2023-11-08T18:50:01.035-0500] {dag.py:3722} INFO - Setting next_dagrun for example_nested_branch_dag to 2023-11-07T00:00:00+00:00, run_after=2023-11-08T00:00:00+00:00
[2023-11-08T18:50:01.045-0500] {processor.py:179} INFO - Processing /Users/az/anaconda3/envs/python38/lib/python3.8/site-packages/airflow/example_dags/example_nested_branch_dag.py took 0.164 seconds
[2023-11-08T18:52:01.797-0500] {processor.py:157} INFO - Started process (PID=52905) to work on /Users/az/anaconda3/envs/python38/lib/python3.8/site-packages/airflow/example_dags/example_nested_branch_dag.py
[2023-11-08T18:52:01.801-0500] {processor.py:829} INFO - Processing file /Users/az/anaconda3/envs/python38/lib/python3.8/site-packages/airflow/example_dags/example_nested_branch_dag.py for tasks to queue
[2023-11-08T18:52:01.802-0500] {logging_mixin.py:154} INFO - [2023-11-08T18:52:01.802-0500] {dagbag.py:536} INFO - Filling up the DagBag from /Users/az/anaconda3/envs/python38/lib/python3.8/site-packages/airflow/example_dags/example_nested_branch_dag.py
[2023-11-08T18:52:01.835-0500] {processor.py:839} INFO - DAG(s) dict_keys(['example_nested_branch_dag']) retrieved from /Users/az/anaconda3/envs/python38/lib/python3.8/site-packages/airflow/example_dags/example_nested_branch_dag.py
[2023-11-08T18:52:01.939-0500] {logging_mixin.py:154} INFO - [2023-11-08T18:52:01.939-0500] {dag.py:2941} INFO - Sync 1 DAGs
[2023-11-08T18:52:01.950-0500] {logging_mixin.py:154} INFO - [2023-11-08T18:52:01.950-0500] {dag.py:3722} INFO - Setting next_dagrun for example_nested_branch_dag to 2023-11-07T00:00:00+00:00, run_after=2023-11-08T00:00:00+00:00
[2023-11-08T18:52:01.960-0500] {processor.py:179} INFO - Processing /Users/az/anaconda3/envs/python38/lib/python3.8/site-packages/airflow/example_dags/example_nested_branch_dag.py took 0.164 seconds
[2023-11-08T18:54:05.415-0500] {processor.py:157} INFO - Started process (PID=53068) to work on /Users/az/anaconda3/envs/python38/lib/python3.8/site-packages/airflow/example_dags/example_nested_branch_dag.py
[2023-11-08T18:54:05.420-0500] {processor.py:829} INFO - Processing file /Users/az/anaconda3/envs/python38/lib/python3.8/site-packages/airflow/example_dags/example_nested_branch_dag.py for tasks to queue
[2023-11-08T18:54:05.420-0500] {logging_mixin.py:154} INFO - [2023-11-08T18:54:05.420-0500] {dagbag.py:536} INFO - Filling up the DagBag from /Users/az/anaconda3/envs/python38/lib/python3.8/site-packages/airflow/example_dags/example_nested_branch_dag.py
[2023-11-08T18:54:05.454-0500] {processor.py:839} INFO - DAG(s) dict_keys(['example_nested_branch_dag']) retrieved from /Users/az/anaconda3/envs/python38/lib/python3.8/site-packages/airflow/example_dags/example_nested_branch_dag.py
[2023-11-08T18:54:05.557-0500] {logging_mixin.py:154} INFO - [2023-11-08T18:54:05.557-0500] {dag.py:2941} INFO - Sync 1 DAGs
[2023-11-08T18:54:05.568-0500] {logging_mixin.py:154} INFO - [2023-11-08T18:54:05.568-0500] {dag.py:3722} INFO - Setting next_dagrun for example_nested_branch_dag to 2023-11-07T00:00:00+00:00, run_after=2023-11-08T00:00:00+00:00
[2023-11-08T18:54:05.578-0500] {processor.py:179} INFO - Processing /Users/az/anaconda3/envs/python38/lib/python3.8/site-packages/airflow/example_dags/example_nested_branch_dag.py took 0.163 seconds
[2023-11-08T18:56:14.814-0500] {processor.py:157} INFO - Started process (PID=53230) to work on /Users/az/anaconda3/envs/python38/lib/python3.8/site-packages/airflow/example_dags/example_nested_branch_dag.py
[2023-11-08T18:56:14.819-0500] {processor.py:829} INFO - Processing file /Users/az/anaconda3/envs/python38/lib/python3.8/site-packages/airflow/example_dags/example_nested_branch_dag.py for tasks to queue
[2023-11-08T18:56:14.820-0500] {logging_mixin.py:154} INFO - [2023-11-08T18:56:14.819-0500] {dagbag.py:536} INFO - Filling up the DagBag from /Users/az/anaconda3/envs/python38/lib/python3.8/site-packages/airflow/example_dags/example_nested_branch_dag.py
[2023-11-08T18:56:14.853-0500] {processor.py:839} INFO - DAG(s) dict_keys(['example_nested_branch_dag']) retrieved from /Users/az/anaconda3/envs/python38/lib/python3.8/site-packages/airflow/example_dags/example_nested_branch_dag.py
[2023-11-08T18:56:14.955-0500] {logging_mixin.py:154} INFO - [2023-11-08T18:56:14.955-0500] {dag.py:2941} INFO - Sync 1 DAGs
[2023-11-08T18:56:14.965-0500] {logging_mixin.py:154} INFO - [2023-11-08T18:56:14.965-0500] {dag.py:3722} INFO - Setting next_dagrun for example_nested_branch_dag to 2023-11-07T00:00:00+00:00, run_after=2023-11-08T00:00:00+00:00
[2023-11-08T18:56:14.975-0500] {processor.py:179} INFO - Processing /Users/az/anaconda3/envs/python38/lib/python3.8/site-packages/airflow/example_dags/example_nested_branch_dag.py took 0.162 seconds
[2023-11-08T18:58:17.759-0500] {processor.py:157} INFO - Started process (PID=53389) to work on /Users/az/anaconda3/envs/python38/lib/python3.8/site-packages/airflow/example_dags/example_nested_branch_dag.py
[2023-11-08T18:58:17.763-0500] {processor.py:829} INFO - Processing file /Users/az/anaconda3/envs/python38/lib/python3.8/site-packages/airflow/example_dags/example_nested_branch_dag.py for tasks to queue
[2023-11-08T18:58:17.763-0500] {logging_mixin.py:154} INFO - [2023-11-08T18:58:17.763-0500] {dagbag.py:536} INFO - Filling up the DagBag from /Users/az/anaconda3/envs/python38/lib/python3.8/site-packages/airflow/example_dags/example_nested_branch_dag.py
[2023-11-08T18:58:17.812-0500] {processor.py:839} INFO - DAG(s) dict_keys(['example_nested_branch_dag']) retrieved from /Users/az/anaconda3/envs/python38/lib/python3.8/site-packages/airflow/example_dags/example_nested_branch_dag.py
[2023-11-08T18:58:17.921-0500] {logging_mixin.py:154} INFO - [2023-11-08T18:58:17.921-0500] {dag.py:2941} INFO - Sync 1 DAGs
[2023-11-08T18:58:17.932-0500] {logging_mixin.py:154} INFO - [2023-11-08T18:58:17.932-0500] {dag.py:3722} INFO - Setting next_dagrun for example_nested_branch_dag to 2023-11-07T00:00:00+00:00, run_after=2023-11-08T00:00:00+00:00
[2023-11-08T18:58:17.958-0500] {processor.py:179} INFO - Processing /Users/az/anaconda3/envs/python38/lib/python3.8/site-packages/airflow/example_dags/example_nested_branch_dag.py took 0.199 seconds
