[2023-11-08T17:48:29.087-0500] {processor.py:157} INFO - Started process (PID=48994) to work on /Users/az/anaconda3/envs/python38/lib/python3.8/site-packages/airflow/example_dags/example_branch_datetime_operator.py
[2023-11-08T17:48:29.091-0500] {processor.py:829} INFO - Processing file /Users/az/anaconda3/envs/python38/lib/python3.8/site-packages/airflow/example_dags/example_branch_datetime_operator.py for tasks to queue
[2023-11-08T17:48:29.092-0500] {logging_mixin.py:154} INFO - [2023-11-08T17:48:29.091-0500] {dagbag.py:536} INFO - Filling up the DagBag from /Users/az/anaconda3/envs/python38/lib/python3.8/site-packages/airflow/example_dags/example_branch_datetime_operator.py
[2023-11-08T17:48:29.110-0500] {processor.py:839} INFO - DAG(s) dict_keys(['example_branch_datetime_operator_3', 'example_branch_datetime_operator', 'example_branch_datetime_operator_2']) retrieved from /Users/az/anaconda3/envs/python38/lib/python3.8/site-packages/airflow/example_dags/example_branch_datetime_operator.py
[2023-11-08T17:48:29.476-0500] {logging_mixin.py:154} INFO - [2023-11-08T17:48:29.476-0500] {manager.py:499} INFO - Created Permission View: %s
[2023-11-08T17:48:29.481-0500] {logging_mixin.py:154} INFO - [2023-11-08T17:48:29.481-0500] {manager.py:499} INFO - Created Permission View: %s
[2023-11-08T17:48:29.484-0500] {logging_mixin.py:154} INFO - [2023-11-08T17:48:29.484-0500] {manager.py:499} INFO - Created Permission View: %s
[2023-11-08T17:48:29.490-0500] {logging_mixin.py:154} INFO - [2023-11-08T17:48:29.490-0500] {manager.py:499} INFO - Created Permission View: %s
[2023-11-08T17:48:29.493-0500] {logging_mixin.py:154} INFO - [2023-11-08T17:48:29.493-0500] {manager.py:499} INFO - Created Permission View: %s
[2023-11-08T17:48:29.496-0500] {logging_mixin.py:154} INFO - [2023-11-08T17:48:29.496-0500] {manager.py:499} INFO - Created Permission View: %s
[2023-11-08T17:48:29.502-0500] {logging_mixin.py:154} INFO - [2023-11-08T17:48:29.502-0500] {manager.py:499} INFO - Created Permission View: %s
[2023-11-08T17:48:29.505-0500] {logging_mixin.py:154} INFO - [2023-11-08T17:48:29.505-0500] {manager.py:499} INFO - Created Permission View: %s
[2023-11-08T17:48:29.507-0500] {logging_mixin.py:154} INFO - [2023-11-08T17:48:29.507-0500] {manager.py:499} INFO - Created Permission View: %s
[2023-11-08T17:48:29.508-0500] {logging_mixin.py:154} INFO - [2023-11-08T17:48:29.508-0500] {dag.py:2941} INFO - Sync 3 DAGs
[2023-11-08T17:48:29.513-0500] {logging_mixin.py:154} INFO - [2023-11-08T17:48:29.513-0500] {dag.py:2963} INFO - Creating ORM DAG for example_branch_datetime_operator
[2023-11-08T17:48:29.513-0500] {logging_mixin.py:154} INFO - [2023-11-08T17:48:29.513-0500] {dag.py:2963} INFO - Creating ORM DAG for example_branch_datetime_operator_2
[2023-11-08T17:48:29.514-0500] {logging_mixin.py:154} INFO - [2023-11-08T17:48:29.514-0500] {dag.py:2963} INFO - Creating ORM DAG for example_branch_datetime_operator_3
[2023-11-08T17:48:29.519-0500] {logging_mixin.py:154} INFO - [2023-11-08T17:48:29.519-0500] {dag.py:3722} INFO - Setting next_dagrun for example_branch_datetime_operator to 2023-11-07T00:00:00+00:00, run_after=2023-11-08T00:00:00+00:00
[2023-11-08T17:48:29.520-0500] {logging_mixin.py:154} INFO - [2023-11-08T17:48:29.520-0500] {dag.py:3722} INFO - Setting next_dagrun for example_branch_datetime_operator_2 to 2023-11-07T00:00:00+00:00, run_after=2023-11-08T00:00:00+00:00
[2023-11-08T17:48:29.521-0500] {logging_mixin.py:154} INFO - [2023-11-08T17:48:29.521-0500] {dag.py:3722} INFO - Setting next_dagrun for example_branch_datetime_operator_3 to 2023-11-07T00:00:00+00:00, run_after=2023-11-08T00:00:00+00:00
[2023-11-08T17:48:29.530-0500] {processor.py:179} INFO - Processing /Users/az/anaconda3/envs/python38/lib/python3.8/site-packages/airflow/example_dags/example_branch_datetime_operator.py took 0.443 seconds
[2023-11-08T17:50:34.543-0500] {processor.py:157} INFO - Started process (PID=49203) to work on /Users/az/anaconda3/envs/python38/lib/python3.8/site-packages/airflow/example_dags/example_branch_datetime_operator.py
[2023-11-08T17:50:34.547-0500] {processor.py:829} INFO - Processing file /Users/az/anaconda3/envs/python38/lib/python3.8/site-packages/airflow/example_dags/example_branch_datetime_operator.py for tasks to queue
[2023-11-08T17:50:34.548-0500] {logging_mixin.py:154} INFO - [2023-11-08T17:50:34.548-0500] {dagbag.py:536} INFO - Filling up the DagBag from /Users/az/anaconda3/envs/python38/lib/python3.8/site-packages/airflow/example_dags/example_branch_datetime_operator.py
[2023-11-08T17:50:34.565-0500] {processor.py:839} INFO - DAG(s) dict_keys(['example_branch_datetime_operator', 'example_branch_datetime_operator_3', 'example_branch_datetime_operator_2']) retrieved from /Users/az/anaconda3/envs/python38/lib/python3.8/site-packages/airflow/example_dags/example_branch_datetime_operator.py
[2023-11-08T17:50:34.675-0500] {logging_mixin.py:154} INFO - [2023-11-08T17:50:34.674-0500] {dag.py:2941} INFO - Sync 3 DAGs
[2023-11-08T17:50:34.684-0500] {logging_mixin.py:154} INFO - [2023-11-08T17:50:34.684-0500] {dag.py:3722} INFO - Setting next_dagrun for example_branch_datetime_operator to 2023-11-07T00:00:00+00:00, run_after=2023-11-08T00:00:00+00:00
[2023-11-08T17:50:34.687-0500] {logging_mixin.py:154} INFO - [2023-11-08T17:50:34.687-0500] {dag.py:3722} INFO - Setting next_dagrun for example_branch_datetime_operator_2 to 2023-11-07T00:00:00+00:00, run_after=2023-11-08T00:00:00+00:00
[2023-11-08T17:50:34.688-0500] {logging_mixin.py:154} INFO - [2023-11-08T17:50:34.688-0500] {dag.py:3722} INFO - Setting next_dagrun for example_branch_datetime_operator_3 to 2023-11-07T00:00:00+00:00, run_after=2023-11-08T00:00:00+00:00
[2023-11-08T17:50:34.697-0500] {processor.py:179} INFO - Processing /Users/az/anaconda3/envs/python38/lib/python3.8/site-packages/airflow/example_dags/example_branch_datetime_operator.py took 0.155 seconds
[2023-11-08T17:52:30.248-0500] {processor.py:157} INFO - Started process (PID=49359) to work on /Users/az/anaconda3/envs/python38/lib/python3.8/site-packages/airflow/example_dags/example_branch_datetime_operator.py
[2023-11-08T17:52:30.252-0500] {processor.py:829} INFO - Processing file /Users/az/anaconda3/envs/python38/lib/python3.8/site-packages/airflow/example_dags/example_branch_datetime_operator.py for tasks to queue
[2023-11-08T17:52:30.253-0500] {logging_mixin.py:154} INFO - [2023-11-08T17:52:30.253-0500] {dagbag.py:536} INFO - Filling up the DagBag from /Users/az/anaconda3/envs/python38/lib/python3.8/site-packages/airflow/example_dags/example_branch_datetime_operator.py
[2023-11-08T17:52:30.270-0500] {processor.py:839} INFO - DAG(s) dict_keys(['example_branch_datetime_operator', 'example_branch_datetime_operator_3', 'example_branch_datetime_operator_2']) retrieved from /Users/az/anaconda3/envs/python38/lib/python3.8/site-packages/airflow/example_dags/example_branch_datetime_operator.py
[2023-11-08T17:52:30.379-0500] {logging_mixin.py:154} INFO - [2023-11-08T17:52:30.379-0500] {dag.py:2941} INFO - Sync 3 DAGs
[2023-11-08T17:52:30.389-0500] {logging_mixin.py:154} INFO - [2023-11-08T17:52:30.389-0500] {dag.py:3722} INFO - Setting next_dagrun for example_branch_datetime_operator to 2023-11-07T00:00:00+00:00, run_after=2023-11-08T00:00:00+00:00
[2023-11-08T17:52:30.392-0500] {logging_mixin.py:154} INFO - [2023-11-08T17:52:30.391-0500] {dag.py:3722} INFO - Setting next_dagrun for example_branch_datetime_operator_2 to 2023-11-07T00:00:00+00:00, run_after=2023-11-08T00:00:00+00:00
[2023-11-08T17:52:30.393-0500] {logging_mixin.py:154} INFO - [2023-11-08T17:52:30.393-0500] {dag.py:3722} INFO - Setting next_dagrun for example_branch_datetime_operator_3 to 2023-11-07T00:00:00+00:00, run_after=2023-11-08T00:00:00+00:00
[2023-11-08T17:52:30.402-0500] {processor.py:179} INFO - Processing /Users/az/anaconda3/envs/python38/lib/python3.8/site-packages/airflow/example_dags/example_branch_datetime_operator.py took 0.154 seconds
[2023-11-08T17:54:23.327-0500] {processor.py:157} INFO - Started process (PID=49500) to work on /Users/az/anaconda3/envs/python38/lib/python3.8/site-packages/airflow/example_dags/example_branch_datetime_operator.py
[2023-11-08T17:54:23.332-0500] {processor.py:829} INFO - Processing file /Users/az/anaconda3/envs/python38/lib/python3.8/site-packages/airflow/example_dags/example_branch_datetime_operator.py for tasks to queue
[2023-11-08T17:54:23.332-0500] {logging_mixin.py:154} INFO - [2023-11-08T17:54:23.332-0500] {dagbag.py:536} INFO - Filling up the DagBag from /Users/az/anaconda3/envs/python38/lib/python3.8/site-packages/airflow/example_dags/example_branch_datetime_operator.py
[2023-11-08T17:54:23.350-0500] {processor.py:839} INFO - DAG(s) dict_keys(['example_branch_datetime_operator_2', 'example_branch_datetime_operator', 'example_branch_datetime_operator_3']) retrieved from /Users/az/anaconda3/envs/python38/lib/python3.8/site-packages/airflow/example_dags/example_branch_datetime_operator.py
[2023-11-08T17:54:23.461-0500] {logging_mixin.py:154} INFO - [2023-11-08T17:54:23.460-0500] {dag.py:2941} INFO - Sync 3 DAGs
[2023-11-08T17:54:23.470-0500] {logging_mixin.py:154} INFO - [2023-11-08T17:54:23.470-0500] {dag.py:3722} INFO - Setting next_dagrun for example_branch_datetime_operator to 2023-11-07T00:00:00+00:00, run_after=2023-11-08T00:00:00+00:00
[2023-11-08T17:54:23.473-0500] {logging_mixin.py:154} INFO - [2023-11-08T17:54:23.473-0500] {dag.py:3722} INFO - Setting next_dagrun for example_branch_datetime_operator_2 to 2023-11-07T00:00:00+00:00, run_after=2023-11-08T00:00:00+00:00
[2023-11-08T17:54:23.474-0500] {logging_mixin.py:154} INFO - [2023-11-08T17:54:23.474-0500] {dag.py:3722} INFO - Setting next_dagrun for example_branch_datetime_operator_3 to 2023-11-07T00:00:00+00:00, run_after=2023-11-08T00:00:00+00:00
[2023-11-08T17:54:23.483-0500] {processor.py:179} INFO - Processing /Users/az/anaconda3/envs/python38/lib/python3.8/site-packages/airflow/example_dags/example_branch_datetime_operator.py took 0.156 seconds
[2023-11-08T17:56:23.882-0500] {processor.py:157} INFO - Started process (PID=49647) to work on /Users/az/anaconda3/envs/python38/lib/python3.8/site-packages/airflow/example_dags/example_branch_datetime_operator.py
[2023-11-08T17:56:23.887-0500] {processor.py:829} INFO - Processing file /Users/az/anaconda3/envs/python38/lib/python3.8/site-packages/airflow/example_dags/example_branch_datetime_operator.py for tasks to queue
[2023-11-08T17:56:23.887-0500] {logging_mixin.py:154} INFO - [2023-11-08T17:56:23.887-0500] {dagbag.py:536} INFO - Filling up the DagBag from /Users/az/anaconda3/envs/python38/lib/python3.8/site-packages/airflow/example_dags/example_branch_datetime_operator.py
[2023-11-08T17:56:23.905-0500] {processor.py:839} INFO - DAG(s) dict_keys(['example_branch_datetime_operator_3', 'example_branch_datetime_operator_2', 'example_branch_datetime_operator']) retrieved from /Users/az/anaconda3/envs/python38/lib/python3.8/site-packages/airflow/example_dags/example_branch_datetime_operator.py
[2023-11-08T17:56:24.015-0500] {logging_mixin.py:154} INFO - [2023-11-08T17:56:24.015-0500] {dag.py:2941} INFO - Sync 3 DAGs
[2023-11-08T17:56:24.025-0500] {logging_mixin.py:154} INFO - [2023-11-08T17:56:24.025-0500] {dag.py:3722} INFO - Setting next_dagrun for example_branch_datetime_operator to 2023-11-07T00:00:00+00:00, run_after=2023-11-08T00:00:00+00:00
[2023-11-08T17:56:24.027-0500] {logging_mixin.py:154} INFO - [2023-11-08T17:56:24.027-0500] {dag.py:3722} INFO - Setting next_dagrun for example_branch_datetime_operator_2 to 2023-11-07T00:00:00+00:00, run_after=2023-11-08T00:00:00+00:00
[2023-11-08T17:56:24.029-0500] {logging_mixin.py:154} INFO - [2023-11-08T17:56:24.028-0500] {dag.py:3722} INFO - Setting next_dagrun for example_branch_datetime_operator_3 to 2023-11-07T00:00:00+00:00, run_after=2023-11-08T00:00:00+00:00
[2023-11-08T17:56:24.037-0500] {processor.py:179} INFO - Processing /Users/az/anaconda3/envs/python38/lib/python3.8/site-packages/airflow/example_dags/example_branch_datetime_operator.py took 0.156 seconds
[2023-11-08T17:58:25.135-0500] {processor.py:157} INFO - Started process (PID=49819) to work on /Users/az/anaconda3/envs/python38/lib/python3.8/site-packages/airflow/example_dags/example_branch_datetime_operator.py
[2023-11-08T17:58:25.140-0500] {processor.py:829} INFO - Processing file /Users/az/anaconda3/envs/python38/lib/python3.8/site-packages/airflow/example_dags/example_branch_datetime_operator.py for tasks to queue
[2023-11-08T17:58:25.141-0500] {logging_mixin.py:154} INFO - [2023-11-08T17:58:25.140-0500] {dagbag.py:536} INFO - Filling up the DagBag from /Users/az/anaconda3/envs/python38/lib/python3.8/site-packages/airflow/example_dags/example_branch_datetime_operator.py
[2023-11-08T17:58:25.158-0500] {processor.py:839} INFO - DAG(s) dict_keys(['example_branch_datetime_operator_2', 'example_branch_datetime_operator_3', 'example_branch_datetime_operator']) retrieved from /Users/az/anaconda3/envs/python38/lib/python3.8/site-packages/airflow/example_dags/example_branch_datetime_operator.py
[2023-11-08T17:58:25.269-0500] {logging_mixin.py:154} INFO - [2023-11-08T17:58:25.269-0500] {dag.py:2941} INFO - Sync 3 DAGs
[2023-11-08T17:58:25.279-0500] {logging_mixin.py:154} INFO - [2023-11-08T17:58:25.279-0500] {dag.py:3722} INFO - Setting next_dagrun for example_branch_datetime_operator to 2023-11-07T00:00:00+00:00, run_after=2023-11-08T00:00:00+00:00
[2023-11-08T17:58:25.281-0500] {logging_mixin.py:154} INFO - [2023-11-08T17:58:25.281-0500] {dag.py:3722} INFO - Setting next_dagrun for example_branch_datetime_operator_2 to 2023-11-07T00:00:00+00:00, run_after=2023-11-08T00:00:00+00:00
[2023-11-08T17:58:25.282-0500] {logging_mixin.py:154} INFO - [2023-11-08T17:58:25.282-0500] {dag.py:3722} INFO - Setting next_dagrun for example_branch_datetime_operator_3 to 2023-11-07T00:00:00+00:00, run_after=2023-11-08T00:00:00+00:00
[2023-11-08T17:58:25.291-0500] {processor.py:179} INFO - Processing /Users/az/anaconda3/envs/python38/lib/python3.8/site-packages/airflow/example_dags/example_branch_datetime_operator.py took 0.156 seconds
[2023-11-08T18:00:26.735-0500] {processor.py:157} INFO - Started process (PID=49969) to work on /Users/az/anaconda3/envs/python38/lib/python3.8/site-packages/airflow/example_dags/example_branch_datetime_operator.py
[2023-11-08T18:00:26.739-0500] {processor.py:829} INFO - Processing file /Users/az/anaconda3/envs/python38/lib/python3.8/site-packages/airflow/example_dags/example_branch_datetime_operator.py for tasks to queue
[2023-11-08T18:00:26.740-0500] {logging_mixin.py:154} INFO - [2023-11-08T18:00:26.740-0500] {dagbag.py:536} INFO - Filling up the DagBag from /Users/az/anaconda3/envs/python38/lib/python3.8/site-packages/airflow/example_dags/example_branch_datetime_operator.py
[2023-11-08T18:00:26.758-0500] {processor.py:839} INFO - DAG(s) dict_keys(['example_branch_datetime_operator', 'example_branch_datetime_operator_2', 'example_branch_datetime_operator_3']) retrieved from /Users/az/anaconda3/envs/python38/lib/python3.8/site-packages/airflow/example_dags/example_branch_datetime_operator.py
[2023-11-08T18:00:26.868-0500] {logging_mixin.py:154} INFO - [2023-11-08T18:00:26.868-0500] {dag.py:2941} INFO - Sync 3 DAGs
[2023-11-08T18:00:26.878-0500] {logging_mixin.py:154} INFO - [2023-11-08T18:00:26.878-0500] {dag.py:3722} INFO - Setting next_dagrun for example_branch_datetime_operator to 2023-11-07T00:00:00+00:00, run_after=2023-11-08T00:00:00+00:00
[2023-11-08T18:00:26.881-0500] {logging_mixin.py:154} INFO - [2023-11-08T18:00:26.881-0500] {dag.py:3722} INFO - Setting next_dagrun for example_branch_datetime_operator_2 to 2023-11-07T00:00:00+00:00, run_after=2023-11-08T00:00:00+00:00
[2023-11-08T18:00:26.882-0500] {logging_mixin.py:154} INFO - [2023-11-08T18:00:26.882-0500] {dag.py:3722} INFO - Setting next_dagrun for example_branch_datetime_operator_3 to 2023-11-07T00:00:00+00:00, run_after=2023-11-08T00:00:00+00:00
[2023-11-08T18:00:26.891-0500] {processor.py:179} INFO - Processing /Users/az/anaconda3/envs/python38/lib/python3.8/site-packages/airflow/example_dags/example_branch_datetime_operator.py took 0.157 seconds
[2023-11-08T18:02:23.798-0500] {processor.py:157} INFO - Started process (PID=50141) to work on /Users/az/anaconda3/envs/python38/lib/python3.8/site-packages/airflow/example_dags/example_branch_datetime_operator.py
[2023-11-08T18:02:23.803-0500] {processor.py:829} INFO - Processing file /Users/az/anaconda3/envs/python38/lib/python3.8/site-packages/airflow/example_dags/example_branch_datetime_operator.py for tasks to queue
[2023-11-08T18:02:23.803-0500] {logging_mixin.py:154} INFO - [2023-11-08T18:02:23.803-0500] {dagbag.py:536} INFO - Filling up the DagBag from /Users/az/anaconda3/envs/python38/lib/python3.8/site-packages/airflow/example_dags/example_branch_datetime_operator.py
[2023-11-08T18:02:23.821-0500] {processor.py:839} INFO - DAG(s) dict_keys(['example_branch_datetime_operator_2', 'example_branch_datetime_operator_3', 'example_branch_datetime_operator']) retrieved from /Users/az/anaconda3/envs/python38/lib/python3.8/site-packages/airflow/example_dags/example_branch_datetime_operator.py
[2023-11-08T18:02:23.932-0500] {logging_mixin.py:154} INFO - [2023-11-08T18:02:23.932-0500] {dag.py:2941} INFO - Sync 3 DAGs
[2023-11-08T18:02:23.942-0500] {logging_mixin.py:154} INFO - [2023-11-08T18:02:23.941-0500] {dag.py:3722} INFO - Setting next_dagrun for example_branch_datetime_operator to 2023-11-07T00:00:00+00:00, run_after=2023-11-08T00:00:00+00:00
[2023-11-08T18:02:23.944-0500] {logging_mixin.py:154} INFO - [2023-11-08T18:02:23.944-0500] {dag.py:3722} INFO - Setting next_dagrun for example_branch_datetime_operator_2 to 2023-11-07T00:00:00+00:00, run_after=2023-11-08T00:00:00+00:00
[2023-11-08T18:02:23.945-0500] {logging_mixin.py:154} INFO - [2023-11-08T18:02:23.945-0500] {dag.py:3722} INFO - Setting next_dagrun for example_branch_datetime_operator_3 to 2023-11-07T00:00:00+00:00, run_after=2023-11-08T00:00:00+00:00
[2023-11-08T18:02:23.954-0500] {processor.py:179} INFO - Processing /Users/az/anaconda3/envs/python38/lib/python3.8/site-packages/airflow/example_dags/example_branch_datetime_operator.py took 0.157 seconds
[2023-11-08T18:04:22.776-0500] {processor.py:157} INFO - Started process (PID=50464) to work on /Users/az/anaconda3/envs/python38/lib/python3.8/site-packages/airflow/example_dags/example_branch_datetime_operator.py
[2023-11-08T18:04:22.781-0500] {processor.py:829} INFO - Processing file /Users/az/anaconda3/envs/python38/lib/python3.8/site-packages/airflow/example_dags/example_branch_datetime_operator.py for tasks to queue
[2023-11-08T18:04:22.781-0500] {logging_mixin.py:154} INFO - [2023-11-08T18:04:22.781-0500] {dagbag.py:536} INFO - Filling up the DagBag from /Users/az/anaconda3/envs/python38/lib/python3.8/site-packages/airflow/example_dags/example_branch_datetime_operator.py
[2023-11-08T18:04:22.799-0500] {processor.py:839} INFO - DAG(s) dict_keys(['example_branch_datetime_operator', 'example_branch_datetime_operator_3', 'example_branch_datetime_operator_2']) retrieved from /Users/az/anaconda3/envs/python38/lib/python3.8/site-packages/airflow/example_dags/example_branch_datetime_operator.py
[2023-11-08T18:04:22.910-0500] {logging_mixin.py:154} INFO - [2023-11-08T18:04:22.909-0500] {dag.py:2941} INFO - Sync 3 DAGs
[2023-11-08T18:04:22.919-0500] {logging_mixin.py:154} INFO - [2023-11-08T18:04:22.919-0500] {dag.py:3722} INFO - Setting next_dagrun for example_branch_datetime_operator to 2023-11-07T00:00:00+00:00, run_after=2023-11-08T00:00:00+00:00
[2023-11-08T18:04:22.922-0500] {logging_mixin.py:154} INFO - [2023-11-08T18:04:22.922-0500] {dag.py:3722} INFO - Setting next_dagrun for example_branch_datetime_operator_2 to 2023-11-07T00:00:00+00:00, run_after=2023-11-08T00:00:00+00:00
[2023-11-08T18:04:22.923-0500] {logging_mixin.py:154} INFO - [2023-11-08T18:04:22.923-0500] {dag.py:3722} INFO - Setting next_dagrun for example_branch_datetime_operator_3 to 2023-11-07T00:00:00+00:00, run_after=2023-11-08T00:00:00+00:00
[2023-11-08T18:04:22.932-0500] {processor.py:179} INFO - Processing /Users/az/anaconda3/envs/python38/lib/python3.8/site-packages/airflow/example_dags/example_branch_datetime_operator.py took 0.156 seconds
[2023-11-08T18:06:18.501-0500] {processor.py:157} INFO - Started process (PID=50611) to work on /Users/az/anaconda3/envs/python38/lib/python3.8/site-packages/airflow/example_dags/example_branch_datetime_operator.py
[2023-11-08T18:06:18.506-0500] {processor.py:829} INFO - Processing file /Users/az/anaconda3/envs/python38/lib/python3.8/site-packages/airflow/example_dags/example_branch_datetime_operator.py for tasks to queue
[2023-11-08T18:06:18.506-0500] {logging_mixin.py:154} INFO - [2023-11-08T18:06:18.506-0500] {dagbag.py:536} INFO - Filling up the DagBag from /Users/az/anaconda3/envs/python38/lib/python3.8/site-packages/airflow/example_dags/example_branch_datetime_operator.py
[2023-11-08T18:06:18.524-0500] {processor.py:839} INFO - DAG(s) dict_keys(['example_branch_datetime_operator_2', 'example_branch_datetime_operator', 'example_branch_datetime_operator_3']) retrieved from /Users/az/anaconda3/envs/python38/lib/python3.8/site-packages/airflow/example_dags/example_branch_datetime_operator.py
[2023-11-08T18:06:18.634-0500] {logging_mixin.py:154} INFO - [2023-11-08T18:06:18.634-0500] {dag.py:2941} INFO - Sync 3 DAGs
[2023-11-08T18:06:18.644-0500] {logging_mixin.py:154} INFO - [2023-11-08T18:06:18.644-0500] {dag.py:3722} INFO - Setting next_dagrun for example_branch_datetime_operator to 2023-11-07T00:00:00+00:00, run_after=2023-11-08T00:00:00+00:00
[2023-11-08T18:06:18.646-0500] {logging_mixin.py:154} INFO - [2023-11-08T18:06:18.646-0500] {dag.py:3722} INFO - Setting next_dagrun for example_branch_datetime_operator_2 to 2023-11-07T00:00:00+00:00, run_after=2023-11-08T00:00:00+00:00
[2023-11-08T18:06:18.647-0500] {logging_mixin.py:154} INFO - [2023-11-08T18:06:18.647-0500] {dag.py:3722} INFO - Setting next_dagrun for example_branch_datetime_operator_3 to 2023-11-07T00:00:00+00:00, run_after=2023-11-08T00:00:00+00:00
[2023-11-08T18:06:18.657-0500] {processor.py:179} INFO - Processing /Users/az/anaconda3/envs/python38/lib/python3.8/site-packages/airflow/example_dags/example_branch_datetime_operator.py took 0.156 seconds
[2023-11-08T18:08:11.607-0500] {processor.py:157} INFO - Started process (PID=50777) to work on /Users/az/anaconda3/envs/python38/lib/python3.8/site-packages/airflow/example_dags/example_branch_datetime_operator.py
[2023-11-08T18:08:11.612-0500] {processor.py:829} INFO - Processing file /Users/az/anaconda3/envs/python38/lib/python3.8/site-packages/airflow/example_dags/example_branch_datetime_operator.py for tasks to queue
[2023-11-08T18:08:11.612-0500] {logging_mixin.py:154} INFO - [2023-11-08T18:08:11.612-0500] {dagbag.py:536} INFO - Filling up the DagBag from /Users/az/anaconda3/envs/python38/lib/python3.8/site-packages/airflow/example_dags/example_branch_datetime_operator.py
[2023-11-08T18:08:11.629-0500] {processor.py:839} INFO - DAG(s) dict_keys(['example_branch_datetime_operator', 'example_branch_datetime_operator_2', 'example_branch_datetime_operator_3']) retrieved from /Users/az/anaconda3/envs/python38/lib/python3.8/site-packages/airflow/example_dags/example_branch_datetime_operator.py
[2023-11-08T18:08:11.739-0500] {logging_mixin.py:154} INFO - [2023-11-08T18:08:11.739-0500] {dag.py:2941} INFO - Sync 3 DAGs
[2023-11-08T18:08:11.749-0500] {logging_mixin.py:154} INFO - [2023-11-08T18:08:11.749-0500] {dag.py:3722} INFO - Setting next_dagrun for example_branch_datetime_operator to 2023-11-07T00:00:00+00:00, run_after=2023-11-08T00:00:00+00:00
[2023-11-08T18:08:11.751-0500] {logging_mixin.py:154} INFO - [2023-11-08T18:08:11.751-0500] {dag.py:3722} INFO - Setting next_dagrun for example_branch_datetime_operator_2 to 2023-11-07T00:00:00+00:00, run_after=2023-11-08T00:00:00+00:00
[2023-11-08T18:08:11.752-0500] {logging_mixin.py:154} INFO - [2023-11-08T18:08:11.752-0500] {dag.py:3722} INFO - Setting next_dagrun for example_branch_datetime_operator_3 to 2023-11-07T00:00:00+00:00, run_after=2023-11-08T00:00:00+00:00
[2023-11-08T18:08:11.761-0500] {processor.py:179} INFO - Processing /Users/az/anaconda3/envs/python38/lib/python3.8/site-packages/airflow/example_dags/example_branch_datetime_operator.py took 0.155 seconds
[2023-11-08T18:10:11.940-0500] {processor.py:157} INFO - Started process (PID=50936) to work on /Users/az/anaconda3/envs/python38/lib/python3.8/site-packages/airflow/example_dags/example_branch_datetime_operator.py
[2023-11-08T18:10:11.944-0500] {processor.py:829} INFO - Processing file /Users/az/anaconda3/envs/python38/lib/python3.8/site-packages/airflow/example_dags/example_branch_datetime_operator.py for tasks to queue
[2023-11-08T18:10:11.945-0500] {logging_mixin.py:154} INFO - [2023-11-08T18:10:11.945-0500] {dagbag.py:536} INFO - Filling up the DagBag from /Users/az/anaconda3/envs/python38/lib/python3.8/site-packages/airflow/example_dags/example_branch_datetime_operator.py
[2023-11-08T18:10:11.962-0500] {processor.py:839} INFO - DAG(s) dict_keys(['example_branch_datetime_operator', 'example_branch_datetime_operator_2', 'example_branch_datetime_operator_3']) retrieved from /Users/az/anaconda3/envs/python38/lib/python3.8/site-packages/airflow/example_dags/example_branch_datetime_operator.py
[2023-11-08T18:10:12.073-0500] {logging_mixin.py:154} INFO - [2023-11-08T18:10:12.073-0500] {dag.py:2941} INFO - Sync 3 DAGs
[2023-11-08T18:10:12.082-0500] {logging_mixin.py:154} INFO - [2023-11-08T18:10:12.082-0500] {dag.py:3722} INFO - Setting next_dagrun for example_branch_datetime_operator to 2023-11-07T00:00:00+00:00, run_after=2023-11-08T00:00:00+00:00
[2023-11-08T18:10:12.085-0500] {logging_mixin.py:154} INFO - [2023-11-08T18:10:12.085-0500] {dag.py:3722} INFO - Setting next_dagrun for example_branch_datetime_operator_2 to 2023-11-07T00:00:00+00:00, run_after=2023-11-08T00:00:00+00:00
[2023-11-08T18:10:12.086-0500] {logging_mixin.py:154} INFO - [2023-11-08T18:10:12.086-0500] {dag.py:3722} INFO - Setting next_dagrun for example_branch_datetime_operator_3 to 2023-11-07T00:00:00+00:00, run_after=2023-11-08T00:00:00+00:00
[2023-11-08T18:10:12.095-0500] {processor.py:179} INFO - Processing /Users/az/anaconda3/envs/python38/lib/python3.8/site-packages/airflow/example_dags/example_branch_datetime_operator.py took 0.156 seconds
[2023-11-08T18:17:09.562-0500] {processor.py:157} INFO - Started process (PID=51113) to work on /Users/az/anaconda3/envs/python38/lib/python3.8/site-packages/airflow/example_dags/example_branch_datetime_operator.py
[2023-11-08T18:17:09.566-0500] {processor.py:829} INFO - Processing file /Users/az/anaconda3/envs/python38/lib/python3.8/site-packages/airflow/example_dags/example_branch_datetime_operator.py for tasks to queue
[2023-11-08T18:17:09.567-0500] {logging_mixin.py:154} INFO - [2023-11-08T18:17:09.567-0500] {dagbag.py:536} INFO - Filling up the DagBag from /Users/az/anaconda3/envs/python38/lib/python3.8/site-packages/airflow/example_dags/example_branch_datetime_operator.py
[2023-11-08T18:17:09.584-0500] {processor.py:839} INFO - DAG(s) dict_keys(['example_branch_datetime_operator_2', 'example_branch_datetime_operator', 'example_branch_datetime_operator_3']) retrieved from /Users/az/anaconda3/envs/python38/lib/python3.8/site-packages/airflow/example_dags/example_branch_datetime_operator.py
[2023-11-08T18:17:09.697-0500] {logging_mixin.py:154} INFO - [2023-11-08T18:17:09.697-0500] {dag.py:2941} INFO - Sync 3 DAGs
[2023-11-08T18:17:09.707-0500] {logging_mixin.py:154} INFO - [2023-11-08T18:17:09.707-0500] {dag.py:3722} INFO - Setting next_dagrun for example_branch_datetime_operator to 2023-11-07T00:00:00+00:00, run_after=2023-11-08T00:00:00+00:00
[2023-11-08T18:17:09.710-0500] {logging_mixin.py:154} INFO - [2023-11-08T18:17:09.710-0500] {dag.py:3722} INFO - Setting next_dagrun for example_branch_datetime_operator_2 to 2023-11-07T00:00:00+00:00, run_after=2023-11-08T00:00:00+00:00
[2023-11-08T18:17:09.711-0500] {logging_mixin.py:154} INFO - [2023-11-08T18:17:09.711-0500] {dag.py:3722} INFO - Setting next_dagrun for example_branch_datetime_operator_3 to 2023-11-07T00:00:00+00:00, run_after=2023-11-08T00:00:00+00:00
[2023-11-08T18:17:09.720-0500] {processor.py:179} INFO - Processing /Users/az/anaconda3/envs/python38/lib/python3.8/site-packages/airflow/example_dags/example_branch_datetime_operator.py took 0.158 seconds
[2023-11-08T18:31:10.033-0500] {processor.py:157} INFO - Started process (PID=51299) to work on /Users/az/anaconda3/envs/python38/lib/python3.8/site-packages/airflow/example_dags/example_branch_datetime_operator.py
[2023-11-08T18:31:10.038-0500] {processor.py:829} INFO - Processing file /Users/az/anaconda3/envs/python38/lib/python3.8/site-packages/airflow/example_dags/example_branch_datetime_operator.py for tasks to queue
[2023-11-08T18:31:10.038-0500] {logging_mixin.py:154} INFO - [2023-11-08T18:31:10.038-0500] {dagbag.py:536} INFO - Filling up the DagBag from /Users/az/anaconda3/envs/python38/lib/python3.8/site-packages/airflow/example_dags/example_branch_datetime_operator.py
[2023-11-08T18:31:10.056-0500] {processor.py:839} INFO - DAG(s) dict_keys(['example_branch_datetime_operator_2', 'example_branch_datetime_operator', 'example_branch_datetime_operator_3']) retrieved from /Users/az/anaconda3/envs/python38/lib/python3.8/site-packages/airflow/example_dags/example_branch_datetime_operator.py
[2023-11-08T18:31:10.166-0500] {logging_mixin.py:154} INFO - [2023-11-08T18:31:10.166-0500] {dag.py:2941} INFO - Sync 3 DAGs
[2023-11-08T18:31:10.176-0500] {logging_mixin.py:154} INFO - [2023-11-08T18:31:10.176-0500] {dag.py:3722} INFO - Setting next_dagrun for example_branch_datetime_operator to 2023-11-07T00:00:00+00:00, run_after=2023-11-08T00:00:00+00:00
[2023-11-08T18:31:10.178-0500] {logging_mixin.py:154} INFO - [2023-11-08T18:31:10.178-0500] {dag.py:3722} INFO - Setting next_dagrun for example_branch_datetime_operator_2 to 2023-11-07T00:00:00+00:00, run_after=2023-11-08T00:00:00+00:00
[2023-11-08T18:31:10.179-0500] {logging_mixin.py:154} INFO - [2023-11-08T18:31:10.179-0500] {dag.py:3722} INFO - Setting next_dagrun for example_branch_datetime_operator_3 to 2023-11-07T00:00:00+00:00, run_after=2023-11-08T00:00:00+00:00
[2023-11-08T18:31:10.188-0500] {processor.py:179} INFO - Processing /Users/az/anaconda3/envs/python38/lib/python3.8/site-packages/airflow/example_dags/example_branch_datetime_operator.py took 0.156 seconds
[2023-11-08T18:33:09.228-0500] {processor.py:157} INFO - Started process (PID=51447) to work on /Users/az/anaconda3/envs/python38/lib/python3.8/site-packages/airflow/example_dags/example_branch_datetime_operator.py
[2023-11-08T18:33:09.232-0500] {processor.py:829} INFO - Processing file /Users/az/anaconda3/envs/python38/lib/python3.8/site-packages/airflow/example_dags/example_branch_datetime_operator.py for tasks to queue
[2023-11-08T18:33:09.232-0500] {logging_mixin.py:154} INFO - [2023-11-08T18:33:09.232-0500] {dagbag.py:536} INFO - Filling up the DagBag from /Users/az/anaconda3/envs/python38/lib/python3.8/site-packages/airflow/example_dags/example_branch_datetime_operator.py
[2023-11-08T18:33:09.251-0500] {processor.py:839} INFO - DAG(s) dict_keys(['example_branch_datetime_operator_3', 'example_branch_datetime_operator', 'example_branch_datetime_operator_2']) retrieved from /Users/az/anaconda3/envs/python38/lib/python3.8/site-packages/airflow/example_dags/example_branch_datetime_operator.py
[2023-11-08T18:33:09.362-0500] {logging_mixin.py:154} INFO - [2023-11-08T18:33:09.361-0500] {dag.py:2941} INFO - Sync 3 DAGs
[2023-11-08T18:33:09.371-0500] {logging_mixin.py:154} INFO - [2023-11-08T18:33:09.371-0500] {dag.py:3722} INFO - Setting next_dagrun for example_branch_datetime_operator to 2023-11-07T00:00:00+00:00, run_after=2023-11-08T00:00:00+00:00
[2023-11-08T18:33:09.374-0500] {logging_mixin.py:154} INFO - [2023-11-08T18:33:09.374-0500] {dag.py:3722} INFO - Setting next_dagrun for example_branch_datetime_operator_2 to 2023-11-07T00:00:00+00:00, run_after=2023-11-08T00:00:00+00:00
[2023-11-08T18:33:09.375-0500] {logging_mixin.py:154} INFO - [2023-11-08T18:33:09.375-0500] {dag.py:3722} INFO - Setting next_dagrun for example_branch_datetime_operator_3 to 2023-11-07T00:00:00+00:00, run_after=2023-11-08T00:00:00+00:00
[2023-11-08T18:33:09.384-0500] {processor.py:179} INFO - Processing /Users/az/anaconda3/envs/python38/lib/python3.8/site-packages/airflow/example_dags/example_branch_datetime_operator.py took 0.156 seconds
[2023-11-08T18:35:14.183-0500] {processor.py:157} INFO - Started process (PID=51603) to work on /Users/az/anaconda3/envs/python38/lib/python3.8/site-packages/airflow/example_dags/example_branch_datetime_operator.py
[2023-11-08T18:35:14.188-0500] {processor.py:829} INFO - Processing file /Users/az/anaconda3/envs/python38/lib/python3.8/site-packages/airflow/example_dags/example_branch_datetime_operator.py for tasks to queue
[2023-11-08T18:35:14.188-0500] {logging_mixin.py:154} INFO - [2023-11-08T18:35:14.188-0500] {dagbag.py:536} INFO - Filling up the DagBag from /Users/az/anaconda3/envs/python38/lib/python3.8/site-packages/airflow/example_dags/example_branch_datetime_operator.py
[2023-11-08T18:35:14.206-0500] {processor.py:839} INFO - DAG(s) dict_keys(['example_branch_datetime_operator_2', 'example_branch_datetime_operator_3', 'example_branch_datetime_operator']) retrieved from /Users/az/anaconda3/envs/python38/lib/python3.8/site-packages/airflow/example_dags/example_branch_datetime_operator.py
[2023-11-08T18:35:14.317-0500] {logging_mixin.py:154} INFO - [2023-11-08T18:35:14.317-0500] {dag.py:2941} INFO - Sync 3 DAGs
[2023-11-08T18:35:14.327-0500] {logging_mixin.py:154} INFO - [2023-11-08T18:35:14.327-0500] {dag.py:3722} INFO - Setting next_dagrun for example_branch_datetime_operator to 2023-11-07T00:00:00+00:00, run_after=2023-11-08T00:00:00+00:00
[2023-11-08T18:35:14.329-0500] {logging_mixin.py:154} INFO - [2023-11-08T18:35:14.329-0500] {dag.py:3722} INFO - Setting next_dagrun for example_branch_datetime_operator_2 to 2023-11-07T00:00:00+00:00, run_after=2023-11-08T00:00:00+00:00
[2023-11-08T18:35:14.330-0500] {logging_mixin.py:154} INFO - [2023-11-08T18:35:14.330-0500] {dag.py:3722} INFO - Setting next_dagrun for example_branch_datetime_operator_3 to 2023-11-07T00:00:00+00:00, run_after=2023-11-08T00:00:00+00:00
[2023-11-08T18:35:14.340-0500] {processor.py:179} INFO - Processing /Users/az/anaconda3/envs/python38/lib/python3.8/site-packages/airflow/example_dags/example_branch_datetime_operator.py took 0.157 seconds
[2023-11-08T18:37:10.961-0500] {processor.py:157} INFO - Started process (PID=51749) to work on /Users/az/anaconda3/envs/python38/lib/python3.8/site-packages/airflow/example_dags/example_branch_datetime_operator.py
[2023-11-08T18:37:10.966-0500] {processor.py:829} INFO - Processing file /Users/az/anaconda3/envs/python38/lib/python3.8/site-packages/airflow/example_dags/example_branch_datetime_operator.py for tasks to queue
[2023-11-08T18:37:10.966-0500] {logging_mixin.py:154} INFO - [2023-11-08T18:37:10.966-0500] {dagbag.py:536} INFO - Filling up the DagBag from /Users/az/anaconda3/envs/python38/lib/python3.8/site-packages/airflow/example_dags/example_branch_datetime_operator.py
[2023-11-08T18:37:10.984-0500] {processor.py:839} INFO - DAG(s) dict_keys(['example_branch_datetime_operator', 'example_branch_datetime_operator_3', 'example_branch_datetime_operator_2']) retrieved from /Users/az/anaconda3/envs/python38/lib/python3.8/site-packages/airflow/example_dags/example_branch_datetime_operator.py
[2023-11-08T18:37:11.096-0500] {logging_mixin.py:154} INFO - [2023-11-08T18:37:11.096-0500] {dag.py:2941} INFO - Sync 3 DAGs
[2023-11-08T18:37:11.106-0500] {logging_mixin.py:154} INFO - [2023-11-08T18:37:11.106-0500] {dag.py:3722} INFO - Setting next_dagrun for example_branch_datetime_operator to 2023-11-07T00:00:00+00:00, run_after=2023-11-08T00:00:00+00:00
[2023-11-08T18:37:11.108-0500] {logging_mixin.py:154} INFO - [2023-11-08T18:37:11.108-0500] {dag.py:3722} INFO - Setting next_dagrun for example_branch_datetime_operator_2 to 2023-11-07T00:00:00+00:00, run_after=2023-11-08T00:00:00+00:00
[2023-11-08T18:37:11.109-0500] {logging_mixin.py:154} INFO - [2023-11-08T18:37:11.109-0500] {dag.py:3722} INFO - Setting next_dagrun for example_branch_datetime_operator_3 to 2023-11-07T00:00:00+00:00, run_after=2023-11-08T00:00:00+00:00
[2023-11-08T18:37:11.119-0500] {processor.py:179} INFO - Processing /Users/az/anaconda3/envs/python38/lib/python3.8/site-packages/airflow/example_dags/example_branch_datetime_operator.py took 0.158 seconds
[2023-11-08T18:39:04.418-0500] {processor.py:157} INFO - Started process (PID=51894) to work on /Users/az/anaconda3/envs/python38/lib/python3.8/site-packages/airflow/example_dags/example_branch_datetime_operator.py
[2023-11-08T18:39:04.423-0500] {processor.py:829} INFO - Processing file /Users/az/anaconda3/envs/python38/lib/python3.8/site-packages/airflow/example_dags/example_branch_datetime_operator.py for tasks to queue
[2023-11-08T18:39:04.423-0500] {logging_mixin.py:154} INFO - [2023-11-08T18:39:04.423-0500] {dagbag.py:536} INFO - Filling up the DagBag from /Users/az/anaconda3/envs/python38/lib/python3.8/site-packages/airflow/example_dags/example_branch_datetime_operator.py
[2023-11-08T18:39:04.441-0500] {processor.py:839} INFO - DAG(s) dict_keys(['example_branch_datetime_operator', 'example_branch_datetime_operator_3', 'example_branch_datetime_operator_2']) retrieved from /Users/az/anaconda3/envs/python38/lib/python3.8/site-packages/airflow/example_dags/example_branch_datetime_operator.py
[2023-11-08T18:39:04.552-0500] {logging_mixin.py:154} INFO - [2023-11-08T18:39:04.551-0500] {dag.py:2941} INFO - Sync 3 DAGs
[2023-11-08T18:39:04.561-0500] {logging_mixin.py:154} INFO - [2023-11-08T18:39:04.561-0500] {dag.py:3722} INFO - Setting next_dagrun for example_branch_datetime_operator to 2023-11-07T00:00:00+00:00, run_after=2023-11-08T00:00:00+00:00
[2023-11-08T18:39:04.564-0500] {logging_mixin.py:154} INFO - [2023-11-08T18:39:04.564-0500] {dag.py:3722} INFO - Setting next_dagrun for example_branch_datetime_operator_2 to 2023-11-07T00:00:00+00:00, run_after=2023-11-08T00:00:00+00:00
[2023-11-08T18:39:04.565-0500] {logging_mixin.py:154} INFO - [2023-11-08T18:39:04.565-0500] {dag.py:3722} INFO - Setting next_dagrun for example_branch_datetime_operator_3 to 2023-11-07T00:00:00+00:00, run_after=2023-11-08T00:00:00+00:00
[2023-11-08T18:39:04.574-0500] {processor.py:179} INFO - Processing /Users/az/anaconda3/envs/python38/lib/python3.8/site-packages/airflow/example_dags/example_branch_datetime_operator.py took 0.157 seconds
[2023-11-08T18:41:11.641-0500] {processor.py:157} INFO - Started process (PID=52041) to work on /Users/az/anaconda3/envs/python38/lib/python3.8/site-packages/airflow/example_dags/example_branch_datetime_operator.py
[2023-11-08T18:41:11.646-0500] {processor.py:829} INFO - Processing file /Users/az/anaconda3/envs/python38/lib/python3.8/site-packages/airflow/example_dags/example_branch_datetime_operator.py for tasks to queue
[2023-11-08T18:41:11.646-0500] {logging_mixin.py:154} INFO - [2023-11-08T18:41:11.646-0500] {dagbag.py:536} INFO - Filling up the DagBag from /Users/az/anaconda3/envs/python38/lib/python3.8/site-packages/airflow/example_dags/example_branch_datetime_operator.py
[2023-11-08T18:41:11.664-0500] {processor.py:839} INFO - DAG(s) dict_keys(['example_branch_datetime_operator_2', 'example_branch_datetime_operator', 'example_branch_datetime_operator_3']) retrieved from /Users/az/anaconda3/envs/python38/lib/python3.8/site-packages/airflow/example_dags/example_branch_datetime_operator.py
[2023-11-08T18:41:11.775-0500] {logging_mixin.py:154} INFO - [2023-11-08T18:41:11.774-0500] {dag.py:2941} INFO - Sync 3 DAGs
[2023-11-08T18:41:11.784-0500] {logging_mixin.py:154} INFO - [2023-11-08T18:41:11.784-0500] {dag.py:3722} INFO - Setting next_dagrun for example_branch_datetime_operator to 2023-11-07T00:00:00+00:00, run_after=2023-11-08T00:00:00+00:00
[2023-11-08T18:41:11.787-0500] {logging_mixin.py:154} INFO - [2023-11-08T18:41:11.787-0500] {dag.py:3722} INFO - Setting next_dagrun for example_branch_datetime_operator_2 to 2023-11-07T00:00:00+00:00, run_after=2023-11-08T00:00:00+00:00
[2023-11-08T18:41:11.788-0500] {logging_mixin.py:154} INFO - [2023-11-08T18:41:11.788-0500] {dag.py:3722} INFO - Setting next_dagrun for example_branch_datetime_operator_3 to 2023-11-07T00:00:00+00:00, run_after=2023-11-08T00:00:00+00:00
[2023-11-08T18:41:11.797-0500] {processor.py:179} INFO - Processing /Users/az/anaconda3/envs/python38/lib/python3.8/site-packages/airflow/example_dags/example_branch_datetime_operator.py took 0.156 seconds
[2023-11-08T18:43:10.389-0500] {processor.py:157} INFO - Started process (PID=52188) to work on /Users/az/anaconda3/envs/python38/lib/python3.8/site-packages/airflow/example_dags/example_branch_datetime_operator.py
[2023-11-08T18:43:10.394-0500] {processor.py:829} INFO - Processing file /Users/az/anaconda3/envs/python38/lib/python3.8/site-packages/airflow/example_dags/example_branch_datetime_operator.py for tasks to queue
[2023-11-08T18:43:10.394-0500] {logging_mixin.py:154} INFO - [2023-11-08T18:43:10.394-0500] {dagbag.py:536} INFO - Filling up the DagBag from /Users/az/anaconda3/envs/python38/lib/python3.8/site-packages/airflow/example_dags/example_branch_datetime_operator.py
[2023-11-08T18:43:10.412-0500] {processor.py:839} INFO - DAG(s) dict_keys(['example_branch_datetime_operator_2', 'example_branch_datetime_operator_3', 'example_branch_datetime_operator']) retrieved from /Users/az/anaconda3/envs/python38/lib/python3.8/site-packages/airflow/example_dags/example_branch_datetime_operator.py
[2023-11-08T18:43:10.523-0500] {logging_mixin.py:154} INFO - [2023-11-08T18:43:10.523-0500] {dag.py:2941} INFO - Sync 3 DAGs
[2023-11-08T18:43:10.533-0500] {logging_mixin.py:154} INFO - [2023-11-08T18:43:10.533-0500] {dag.py:3722} INFO - Setting next_dagrun for example_branch_datetime_operator to 2023-11-07T00:00:00+00:00, run_after=2023-11-08T00:00:00+00:00
[2023-11-08T18:43:10.535-0500] {logging_mixin.py:154} INFO - [2023-11-08T18:43:10.535-0500] {dag.py:3722} INFO - Setting next_dagrun for example_branch_datetime_operator_2 to 2023-11-07T00:00:00+00:00, run_after=2023-11-08T00:00:00+00:00
[2023-11-08T18:43:10.536-0500] {logging_mixin.py:154} INFO - [2023-11-08T18:43:10.536-0500] {dag.py:3722} INFO - Setting next_dagrun for example_branch_datetime_operator_3 to 2023-11-07T00:00:00+00:00, run_after=2023-11-08T00:00:00+00:00
[2023-11-08T18:43:10.546-0500] {processor.py:179} INFO - Processing /Users/az/anaconda3/envs/python38/lib/python3.8/site-packages/airflow/example_dags/example_branch_datetime_operator.py took 0.157 seconds
[2023-11-08T18:45:13.141-0500] {processor.py:157} INFO - Started process (PID=52338) to work on /Users/az/anaconda3/envs/python38/lib/python3.8/site-packages/airflow/example_dags/example_branch_datetime_operator.py
[2023-11-08T18:45:13.146-0500] {processor.py:829} INFO - Processing file /Users/az/anaconda3/envs/python38/lib/python3.8/site-packages/airflow/example_dags/example_branch_datetime_operator.py for tasks to queue
[2023-11-08T18:45:13.146-0500] {logging_mixin.py:154} INFO - [2023-11-08T18:45:13.146-0500] {dagbag.py:536} INFO - Filling up the DagBag from /Users/az/anaconda3/envs/python38/lib/python3.8/site-packages/airflow/example_dags/example_branch_datetime_operator.py
[2023-11-08T18:45:13.164-0500] {processor.py:839} INFO - DAG(s) dict_keys(['example_branch_datetime_operator_3', 'example_branch_datetime_operator', 'example_branch_datetime_operator_2']) retrieved from /Users/az/anaconda3/envs/python38/lib/python3.8/site-packages/airflow/example_dags/example_branch_datetime_operator.py
[2023-11-08T18:45:13.274-0500] {logging_mixin.py:154} INFO - [2023-11-08T18:45:13.274-0500] {dag.py:2941} INFO - Sync 3 DAGs
[2023-11-08T18:45:13.284-0500] {logging_mixin.py:154} INFO - [2023-11-08T18:45:13.284-0500] {dag.py:3722} INFO - Setting next_dagrun for example_branch_datetime_operator to 2023-11-07T00:00:00+00:00, run_after=2023-11-08T00:00:00+00:00
[2023-11-08T18:45:13.286-0500] {logging_mixin.py:154} INFO - [2023-11-08T18:45:13.286-0500] {dag.py:3722} INFO - Setting next_dagrun for example_branch_datetime_operator_2 to 2023-11-07T00:00:00+00:00, run_after=2023-11-08T00:00:00+00:00
[2023-11-08T18:45:13.287-0500] {logging_mixin.py:154} INFO - [2023-11-08T18:45:13.287-0500] {dag.py:3722} INFO - Setting next_dagrun for example_branch_datetime_operator_3 to 2023-11-07T00:00:00+00:00, run_after=2023-11-08T00:00:00+00:00
[2023-11-08T18:45:13.297-0500] {processor.py:179} INFO - Processing /Users/az/anaconda3/envs/python38/lib/python3.8/site-packages/airflow/example_dags/example_branch_datetime_operator.py took 0.156 seconds
[2023-11-08T18:47:19.515-0500] {processor.py:157} INFO - Started process (PID=52510) to work on /Users/az/anaconda3/envs/python38/lib/python3.8/site-packages/airflow/example_dags/example_branch_datetime_operator.py
[2023-11-08T18:47:19.519-0500] {processor.py:829} INFO - Processing file /Users/az/anaconda3/envs/python38/lib/python3.8/site-packages/airflow/example_dags/example_branch_datetime_operator.py for tasks to queue
[2023-11-08T18:47:19.520-0500] {logging_mixin.py:154} INFO - [2023-11-08T18:47:19.520-0500] {dagbag.py:536} INFO - Filling up the DagBag from /Users/az/anaconda3/envs/python38/lib/python3.8/site-packages/airflow/example_dags/example_branch_datetime_operator.py
[2023-11-08T18:47:19.538-0500] {processor.py:839} INFO - DAG(s) dict_keys(['example_branch_datetime_operator_3', 'example_branch_datetime_operator_2', 'example_branch_datetime_operator']) retrieved from /Users/az/anaconda3/envs/python38/lib/python3.8/site-packages/airflow/example_dags/example_branch_datetime_operator.py
[2023-11-08T18:47:19.649-0500] {logging_mixin.py:154} INFO - [2023-11-08T18:47:19.649-0500] {dag.py:2941} INFO - Sync 3 DAGs
[2023-11-08T18:47:19.659-0500] {logging_mixin.py:154} INFO - [2023-11-08T18:47:19.659-0500] {dag.py:3722} INFO - Setting next_dagrun for example_branch_datetime_operator to 2023-11-07T00:00:00+00:00, run_after=2023-11-08T00:00:00+00:00
[2023-11-08T18:47:19.661-0500] {logging_mixin.py:154} INFO - [2023-11-08T18:47:19.661-0500] {dag.py:3722} INFO - Setting next_dagrun for example_branch_datetime_operator_2 to 2023-11-07T00:00:00+00:00, run_after=2023-11-08T00:00:00+00:00
[2023-11-08T18:47:19.663-0500] {logging_mixin.py:154} INFO - [2023-11-08T18:47:19.662-0500] {dag.py:3722} INFO - Setting next_dagrun for example_branch_datetime_operator_3 to 2023-11-07T00:00:00+00:00, run_after=2023-11-08T00:00:00+00:00
[2023-11-08T18:47:19.672-0500] {processor.py:179} INFO - Processing /Users/az/anaconda3/envs/python38/lib/python3.8/site-packages/airflow/example_dags/example_branch_datetime_operator.py took 0.158 seconds
[2023-11-08T18:49:20.126-0500] {processor.py:157} INFO - Started process (PID=52696) to work on /Users/az/anaconda3/envs/python38/lib/python3.8/site-packages/airflow/example_dags/example_branch_datetime_operator.py
[2023-11-08T18:49:20.131-0500] {processor.py:829} INFO - Processing file /Users/az/anaconda3/envs/python38/lib/python3.8/site-packages/airflow/example_dags/example_branch_datetime_operator.py for tasks to queue
[2023-11-08T18:49:20.131-0500] {logging_mixin.py:154} INFO - [2023-11-08T18:49:20.131-0500] {dagbag.py:536} INFO - Filling up the DagBag from /Users/az/anaconda3/envs/python38/lib/python3.8/site-packages/airflow/example_dags/example_branch_datetime_operator.py
[2023-11-08T18:49:20.149-0500] {processor.py:839} INFO - DAG(s) dict_keys(['example_branch_datetime_operator', 'example_branch_datetime_operator_2', 'example_branch_datetime_operator_3']) retrieved from /Users/az/anaconda3/envs/python38/lib/python3.8/site-packages/airflow/example_dags/example_branch_datetime_operator.py
[2023-11-08T18:49:20.260-0500] {logging_mixin.py:154} INFO - [2023-11-08T18:49:20.259-0500] {dag.py:2941} INFO - Sync 3 DAGs
[2023-11-08T18:49:20.269-0500] {logging_mixin.py:154} INFO - [2023-11-08T18:49:20.269-0500] {dag.py:3722} INFO - Setting next_dagrun for example_branch_datetime_operator to 2023-11-07T00:00:00+00:00, run_after=2023-11-08T00:00:00+00:00
[2023-11-08T18:49:20.272-0500] {logging_mixin.py:154} INFO - [2023-11-08T18:49:20.272-0500] {dag.py:3722} INFO - Setting next_dagrun for example_branch_datetime_operator_2 to 2023-11-07T00:00:00+00:00, run_after=2023-11-08T00:00:00+00:00
[2023-11-08T18:49:20.273-0500] {logging_mixin.py:154} INFO - [2023-11-08T18:49:20.273-0500] {dag.py:3722} INFO - Setting next_dagrun for example_branch_datetime_operator_3 to 2023-11-07T00:00:00+00:00, run_after=2023-11-08T00:00:00+00:00
[2023-11-08T18:49:20.282-0500] {processor.py:179} INFO - Processing /Users/az/anaconda3/envs/python38/lib/python3.8/site-packages/airflow/example_dags/example_branch_datetime_operator.py took 0.156 seconds
[2023-11-08T18:51:21.221-0500] {processor.py:157} INFO - Started process (PID=52849) to work on /Users/az/anaconda3/envs/python38/lib/python3.8/site-packages/airflow/example_dags/example_branch_datetime_operator.py
[2023-11-08T18:51:21.226-0500] {processor.py:829} INFO - Processing file /Users/az/anaconda3/envs/python38/lib/python3.8/site-packages/airflow/example_dags/example_branch_datetime_operator.py for tasks to queue
[2023-11-08T18:51:21.226-0500] {logging_mixin.py:154} INFO - [2023-11-08T18:51:21.226-0500] {dagbag.py:536} INFO - Filling up the DagBag from /Users/az/anaconda3/envs/python38/lib/python3.8/site-packages/airflow/example_dags/example_branch_datetime_operator.py
[2023-11-08T18:51:21.244-0500] {processor.py:839} INFO - DAG(s) dict_keys(['example_branch_datetime_operator_3', 'example_branch_datetime_operator', 'example_branch_datetime_operator_2']) retrieved from /Users/az/anaconda3/envs/python38/lib/python3.8/site-packages/airflow/example_dags/example_branch_datetime_operator.py
[2023-11-08T18:51:21.355-0500] {logging_mixin.py:154} INFO - [2023-11-08T18:51:21.355-0500] {dag.py:2941} INFO - Sync 3 DAGs
[2023-11-08T18:51:21.365-0500] {logging_mixin.py:154} INFO - [2023-11-08T18:51:21.365-0500] {dag.py:3722} INFO - Setting next_dagrun for example_branch_datetime_operator to 2023-11-07T00:00:00+00:00, run_after=2023-11-08T00:00:00+00:00
[2023-11-08T18:51:21.367-0500] {logging_mixin.py:154} INFO - [2023-11-08T18:51:21.367-0500] {dag.py:3722} INFO - Setting next_dagrun for example_branch_datetime_operator_2 to 2023-11-07T00:00:00+00:00, run_after=2023-11-08T00:00:00+00:00
[2023-11-08T18:51:21.368-0500] {logging_mixin.py:154} INFO - [2023-11-08T18:51:21.368-0500] {dag.py:3722} INFO - Setting next_dagrun for example_branch_datetime_operator_3 to 2023-11-07T00:00:00+00:00, run_after=2023-11-08T00:00:00+00:00
[2023-11-08T18:51:21.378-0500] {processor.py:179} INFO - Processing /Users/az/anaconda3/envs/python38/lib/python3.8/site-packages/airflow/example_dags/example_branch_datetime_operator.py took 0.157 seconds
[2023-11-08T18:53:24.217-0500] {processor.py:157} INFO - Started process (PID=53002) to work on /Users/az/anaconda3/envs/python38/lib/python3.8/site-packages/airflow/example_dags/example_branch_datetime_operator.py
[2023-11-08T18:53:24.221-0500] {processor.py:829} INFO - Processing file /Users/az/anaconda3/envs/python38/lib/python3.8/site-packages/airflow/example_dags/example_branch_datetime_operator.py for tasks to queue
[2023-11-08T18:53:24.221-0500] {logging_mixin.py:154} INFO - [2023-11-08T18:53:24.221-0500] {dagbag.py:536} INFO - Filling up the DagBag from /Users/az/anaconda3/envs/python38/lib/python3.8/site-packages/airflow/example_dags/example_branch_datetime_operator.py
[2023-11-08T18:53:24.239-0500] {processor.py:839} INFO - DAG(s) dict_keys(['example_branch_datetime_operator', 'example_branch_datetime_operator_2', 'example_branch_datetime_operator_3']) retrieved from /Users/az/anaconda3/envs/python38/lib/python3.8/site-packages/airflow/example_dags/example_branch_datetime_operator.py
[2023-11-08T18:53:24.353-0500] {logging_mixin.py:154} INFO - [2023-11-08T18:53:24.353-0500] {dag.py:2941} INFO - Sync 3 DAGs
[2023-11-08T18:53:24.363-0500] {logging_mixin.py:154} INFO - [2023-11-08T18:53:24.363-0500] {dag.py:3722} INFO - Setting next_dagrun for example_branch_datetime_operator to 2023-11-07T00:00:00+00:00, run_after=2023-11-08T00:00:00+00:00
[2023-11-08T18:53:24.365-0500] {logging_mixin.py:154} INFO - [2023-11-08T18:53:24.365-0500] {dag.py:3722} INFO - Setting next_dagrun for example_branch_datetime_operator_2 to 2023-11-07T00:00:00+00:00, run_after=2023-11-08T00:00:00+00:00
[2023-11-08T18:53:24.366-0500] {logging_mixin.py:154} INFO - [2023-11-08T18:53:24.366-0500] {dag.py:3722} INFO - Setting next_dagrun for example_branch_datetime_operator_3 to 2023-11-07T00:00:00+00:00, run_after=2023-11-08T00:00:00+00:00
[2023-11-08T18:53:24.376-0500] {processor.py:179} INFO - Processing /Users/az/anaconda3/envs/python38/lib/python3.8/site-packages/airflow/example_dags/example_branch_datetime_operator.py took 0.159 seconds
[2023-11-08T18:55:30.379-0500] {processor.py:157} INFO - Started process (PID=53175) to work on /Users/az/anaconda3/envs/python38/lib/python3.8/site-packages/airflow/example_dags/example_branch_datetime_operator.py
[2023-11-08T18:55:30.383-0500] {processor.py:829} INFO - Processing file /Users/az/anaconda3/envs/python38/lib/python3.8/site-packages/airflow/example_dags/example_branch_datetime_operator.py for tasks to queue
[2023-11-08T18:55:30.384-0500] {logging_mixin.py:154} INFO - [2023-11-08T18:55:30.384-0500] {dagbag.py:536} INFO - Filling up the DagBag from /Users/az/anaconda3/envs/python38/lib/python3.8/site-packages/airflow/example_dags/example_branch_datetime_operator.py
[2023-11-08T18:55:30.402-0500] {processor.py:839} INFO - DAG(s) dict_keys(['example_branch_datetime_operator', 'example_branch_datetime_operator_2', 'example_branch_datetime_operator_3']) retrieved from /Users/az/anaconda3/envs/python38/lib/python3.8/site-packages/airflow/example_dags/example_branch_datetime_operator.py
[2023-11-08T18:55:30.530-0500] {logging_mixin.py:154} INFO - [2023-11-08T18:55:30.529-0500] {dag.py:2941} INFO - Sync 3 DAGs
[2023-11-08T18:55:30.539-0500] {logging_mixin.py:154} INFO - [2023-11-08T18:55:30.539-0500] {dag.py:3722} INFO - Setting next_dagrun for example_branch_datetime_operator to 2023-11-07T00:00:00+00:00, run_after=2023-11-08T00:00:00+00:00
[2023-11-08T18:55:30.542-0500] {logging_mixin.py:154} INFO - [2023-11-08T18:55:30.542-0500] {dag.py:3722} INFO - Setting next_dagrun for example_branch_datetime_operator_2 to 2023-11-07T00:00:00+00:00, run_after=2023-11-08T00:00:00+00:00
[2023-11-08T18:55:30.543-0500] {logging_mixin.py:154} INFO - [2023-11-08T18:55:30.543-0500] {dag.py:3722} INFO - Setting next_dagrun for example_branch_datetime_operator_3 to 2023-11-07T00:00:00+00:00, run_after=2023-11-08T00:00:00+00:00
[2023-11-08T18:55:30.552-0500] {processor.py:179} INFO - Processing /Users/az/anaconda3/envs/python38/lib/python3.8/site-packages/airflow/example_dags/example_branch_datetime_operator.py took 0.174 seconds
[2023-11-08T18:57:35.247-0500] {processor.py:157} INFO - Started process (PID=53332) to work on /Users/az/anaconda3/envs/python38/lib/python3.8/site-packages/airflow/example_dags/example_branch_datetime_operator.py
[2023-11-08T18:57:35.251-0500] {processor.py:829} INFO - Processing file /Users/az/anaconda3/envs/python38/lib/python3.8/site-packages/airflow/example_dags/example_branch_datetime_operator.py for tasks to queue
[2023-11-08T18:57:35.251-0500] {logging_mixin.py:154} INFO - [2023-11-08T18:57:35.251-0500] {dagbag.py:536} INFO - Filling up the DagBag from /Users/az/anaconda3/envs/python38/lib/python3.8/site-packages/airflow/example_dags/example_branch_datetime_operator.py
[2023-11-08T18:57:35.269-0500] {processor.py:839} INFO - DAG(s) dict_keys(['example_branch_datetime_operator', 'example_branch_datetime_operator_2', 'example_branch_datetime_operator_3']) retrieved from /Users/az/anaconda3/envs/python38/lib/python3.8/site-packages/airflow/example_dags/example_branch_datetime_operator.py
[2023-11-08T18:57:35.381-0500] {logging_mixin.py:154} INFO - [2023-11-08T18:57:35.380-0500] {dag.py:2941} INFO - Sync 3 DAGs
[2023-11-08T18:57:35.390-0500] {logging_mixin.py:154} INFO - [2023-11-08T18:57:35.390-0500] {dag.py:3722} INFO - Setting next_dagrun for example_branch_datetime_operator to 2023-11-07T00:00:00+00:00, run_after=2023-11-08T00:00:00+00:00
[2023-11-08T18:57:35.393-0500] {logging_mixin.py:154} INFO - [2023-11-08T18:57:35.393-0500] {dag.py:3722} INFO - Setting next_dagrun for example_branch_datetime_operator_2 to 2023-11-07T00:00:00+00:00, run_after=2023-11-08T00:00:00+00:00
[2023-11-08T18:57:35.394-0500] {logging_mixin.py:154} INFO - [2023-11-08T18:57:35.394-0500] {dag.py:3722} INFO - Setting next_dagrun for example_branch_datetime_operator_3 to 2023-11-07T00:00:00+00:00, run_after=2023-11-08T00:00:00+00:00
[2023-11-08T18:57:35.403-0500] {processor.py:179} INFO - Processing /Users/az/anaconda3/envs/python38/lib/python3.8/site-packages/airflow/example_dags/example_branch_datetime_operator.py took 0.157 seconds
[2023-11-08T18:59:39.491-0500] {processor.py:157} INFO - Started process (PID=53487) to work on /Users/az/anaconda3/envs/python38/lib/python3.8/site-packages/airflow/example_dags/example_branch_datetime_operator.py
[2023-11-08T18:59:39.496-0500] {processor.py:829} INFO - Processing file /Users/az/anaconda3/envs/python38/lib/python3.8/site-packages/airflow/example_dags/example_branch_datetime_operator.py for tasks to queue
[2023-11-08T18:59:39.496-0500] {logging_mixin.py:154} INFO - [2023-11-08T18:59:39.496-0500] {dagbag.py:536} INFO - Filling up the DagBag from /Users/az/anaconda3/envs/python38/lib/python3.8/site-packages/airflow/example_dags/example_branch_datetime_operator.py
[2023-11-08T18:59:39.514-0500] {processor.py:839} INFO - DAG(s) dict_keys(['example_branch_datetime_operator', 'example_branch_datetime_operator_2', 'example_branch_datetime_operator_3']) retrieved from /Users/az/anaconda3/envs/python38/lib/python3.8/site-packages/airflow/example_dags/example_branch_datetime_operator.py
[2023-11-08T18:59:39.624-0500] {logging_mixin.py:154} INFO - [2023-11-08T18:59:39.624-0500] {dag.py:2941} INFO - Sync 3 DAGs
[2023-11-08T18:59:39.634-0500] {logging_mixin.py:154} INFO - [2023-11-08T18:59:39.634-0500] {dag.py:3722} INFO - Setting next_dagrun for example_branch_datetime_operator to 2023-11-07T00:00:00+00:00, run_after=2023-11-08T00:00:00+00:00
[2023-11-08T18:59:39.637-0500] {logging_mixin.py:154} INFO - [2023-11-08T18:59:39.637-0500] {dag.py:3722} INFO - Setting next_dagrun for example_branch_datetime_operator_2 to 2023-11-07T00:00:00+00:00, run_after=2023-11-08T00:00:00+00:00
[2023-11-08T18:59:39.638-0500] {logging_mixin.py:154} INFO - [2023-11-08T18:59:39.638-0500] {dag.py:3722} INFO - Setting next_dagrun for example_branch_datetime_operator_3 to 2023-11-07T00:00:00+00:00, run_after=2023-11-08T00:00:00+00:00
[2023-11-08T18:59:39.647-0500] {processor.py:179} INFO - Processing /Users/az/anaconda3/envs/python38/lib/python3.8/site-packages/airflow/example_dags/example_branch_datetime_operator.py took 0.157 seconds
