[2023-11-08T17:48:07.640-0500] {processor.py:157} INFO - Started process (PID=48958) to work on /Users/az/anaconda3/envs/python38/lib/python3.8/site-packages/airflow/example_dags/example_dynamic_task_mapping_with_no_taskflow_operators.py
[2023-11-08T17:48:07.644-0500] {processor.py:829} INFO - Processing file /Users/az/anaconda3/envs/python38/lib/python3.8/site-packages/airflow/example_dags/example_dynamic_task_mapping_with_no_taskflow_operators.py for tasks to queue
[2023-11-08T17:48:07.644-0500] {logging_mixin.py:154} INFO - [2023-11-08T17:48:07.644-0500] {dagbag.py:536} INFO - Filling up the DagBag from /Users/az/anaconda3/envs/python38/lib/python3.8/site-packages/airflow/example_dags/example_dynamic_task_mapping_with_no_taskflow_operators.py
[2023-11-08T17:48:07.660-0500] {processor.py:839} INFO - DAG(s) dict_keys(['example_dynamic_task_mapping_with_no_taskflow_operators']) retrieved from /Users/az/anaconda3/envs/python38/lib/python3.8/site-packages/airflow/example_dags/example_dynamic_task_mapping_with_no_taskflow_operators.py
[2023-11-08T17:48:08.014-0500] {logging_mixin.py:154} INFO - [2023-11-08T17:48:08.014-0500] {manager.py:499} INFO - Created Permission View: %s
[2023-11-08T17:48:08.035-0500] {logging_mixin.py:154} INFO - [2023-11-08T17:48:08.034-0500] {manager.py:499} INFO - Created Permission View: %s
[2023-11-08T17:48:08.038-0500] {logging_mixin.py:154} INFO - [2023-11-08T17:48:08.038-0500] {manager.py:499} INFO - Created Permission View: %s
[2023-11-08T17:48:08.038-0500] {logging_mixin.py:154} INFO - [2023-11-08T17:48:08.038-0500] {dag.py:2941} INFO - Sync 1 DAGs
[2023-11-08T17:48:08.045-0500] {logging_mixin.py:154} INFO - [2023-11-08T17:48:08.045-0500] {dag.py:2963} INFO - Creating ORM DAG for example_dynamic_task_mapping_with_no_taskflow_operators
[2023-11-08T17:48:08.051-0500] {logging_mixin.py:154} INFO - [2023-11-08T17:48:08.050-0500] {dag.py:3722} INFO - Setting next_dagrun for example_dynamic_task_mapping_with_no_taskflow_operators to 2023-11-07T22:48:08.050850+00:00, run_after=2023-11-08T22:48:08.050850+00:00
[2023-11-08T17:48:08.060-0500] {processor.py:179} INFO - Processing /Users/az/anaconda3/envs/python38/lib/python3.8/site-packages/airflow/example_dags/example_dynamic_task_mapping_with_no_taskflow_operators.py took 0.420 seconds
[2023-11-08T17:50:14.072-0500] {processor.py:157} INFO - Started process (PID=49167) to work on /Users/az/anaconda3/envs/python38/lib/python3.8/site-packages/airflow/example_dags/example_dynamic_task_mapping_with_no_taskflow_operators.py
[2023-11-08T17:50:14.077-0500] {processor.py:829} INFO - Processing file /Users/az/anaconda3/envs/python38/lib/python3.8/site-packages/airflow/example_dags/example_dynamic_task_mapping_with_no_taskflow_operators.py for tasks to queue
[2023-11-08T17:50:14.077-0500] {logging_mixin.py:154} INFO - [2023-11-08T17:50:14.077-0500] {dagbag.py:536} INFO - Filling up the DagBag from /Users/az/anaconda3/envs/python38/lib/python3.8/site-packages/airflow/example_dags/example_dynamic_task_mapping_with_no_taskflow_operators.py
[2023-11-08T17:50:14.091-0500] {processor.py:839} INFO - DAG(s) dict_keys(['example_dynamic_task_mapping_with_no_taskflow_operators']) retrieved from /Users/az/anaconda3/envs/python38/lib/python3.8/site-packages/airflow/example_dags/example_dynamic_task_mapping_with_no_taskflow_operators.py
[2023-11-08T17:50:14.198-0500] {logging_mixin.py:154} INFO - [2023-11-08T17:50:14.198-0500] {dag.py:2941} INFO - Sync 1 DAGs
[2023-11-08T17:50:14.207-0500] {logging_mixin.py:154} INFO - [2023-11-08T17:50:14.207-0500] {dag.py:3722} INFO - Setting next_dagrun for example_dynamic_task_mapping_with_no_taskflow_operators to 2023-11-07T22:50:14.207394+00:00, run_after=2023-11-08T22:50:14.207394+00:00
[2023-11-08T17:50:14.217-0500] {processor.py:179} INFO - Processing /Users/az/anaconda3/envs/python38/lib/python3.8/site-packages/airflow/example_dags/example_dynamic_task_mapping_with_no_taskflow_operators.py took 0.146 seconds
[2023-11-08T17:52:11.162-0500] {processor.py:157} INFO - Started process (PID=49331) to work on /Users/az/anaconda3/envs/python38/lib/python3.8/site-packages/airflow/example_dags/example_dynamic_task_mapping_with_no_taskflow_operators.py
[2023-11-08T17:52:11.167-0500] {processor.py:829} INFO - Processing file /Users/az/anaconda3/envs/python38/lib/python3.8/site-packages/airflow/example_dags/example_dynamic_task_mapping_with_no_taskflow_operators.py for tasks to queue
[2023-11-08T17:52:11.167-0500] {logging_mixin.py:154} INFO - [2023-11-08T17:52:11.167-0500] {dagbag.py:536} INFO - Filling up the DagBag from /Users/az/anaconda3/envs/python38/lib/python3.8/site-packages/airflow/example_dags/example_dynamic_task_mapping_with_no_taskflow_operators.py
[2023-11-08T17:52:11.181-0500] {processor.py:839} INFO - DAG(s) dict_keys(['example_dynamic_task_mapping_with_no_taskflow_operators']) retrieved from /Users/az/anaconda3/envs/python38/lib/python3.8/site-packages/airflow/example_dags/example_dynamic_task_mapping_with_no_taskflow_operators.py
[2023-11-08T17:52:11.287-0500] {logging_mixin.py:154} INFO - [2023-11-08T17:52:11.287-0500] {dag.py:2941} INFO - Sync 1 DAGs
[2023-11-08T17:52:11.296-0500] {logging_mixin.py:154} INFO - [2023-11-08T17:52:11.296-0500] {dag.py:3722} INFO - Setting next_dagrun for example_dynamic_task_mapping_with_no_taskflow_operators to 2023-11-07T22:52:11.296447+00:00, run_after=2023-11-08T22:52:11.296447+00:00
[2023-11-08T17:52:11.306-0500] {processor.py:179} INFO - Processing /Users/az/anaconda3/envs/python38/lib/python3.8/site-packages/airflow/example_dags/example_dynamic_task_mapping_with_no_taskflow_operators.py took 0.144 seconds
[2023-11-08T17:54:03.251-0500] {processor.py:157} INFO - Started process (PID=49473) to work on /Users/az/anaconda3/envs/python38/lib/python3.8/site-packages/airflow/example_dags/example_dynamic_task_mapping_with_no_taskflow_operators.py
[2023-11-08T17:54:03.255-0500] {processor.py:829} INFO - Processing file /Users/az/anaconda3/envs/python38/lib/python3.8/site-packages/airflow/example_dags/example_dynamic_task_mapping_with_no_taskflow_operators.py for tasks to queue
[2023-11-08T17:54:03.255-0500] {logging_mixin.py:154} INFO - [2023-11-08T17:54:03.255-0500] {dagbag.py:536} INFO - Filling up the DagBag from /Users/az/anaconda3/envs/python38/lib/python3.8/site-packages/airflow/example_dags/example_dynamic_task_mapping_with_no_taskflow_operators.py
[2023-11-08T17:54:03.270-0500] {processor.py:839} INFO - DAG(s) dict_keys(['example_dynamic_task_mapping_with_no_taskflow_operators']) retrieved from /Users/az/anaconda3/envs/python38/lib/python3.8/site-packages/airflow/example_dags/example_dynamic_task_mapping_with_no_taskflow_operators.py
[2023-11-08T17:54:03.377-0500] {logging_mixin.py:154} INFO - [2023-11-08T17:54:03.377-0500] {dag.py:2941} INFO - Sync 1 DAGs
[2023-11-08T17:54:03.386-0500] {logging_mixin.py:154} INFO - [2023-11-08T17:54:03.386-0500] {dag.py:3722} INFO - Setting next_dagrun for example_dynamic_task_mapping_with_no_taskflow_operators to 2023-11-07T22:54:03.386630+00:00, run_after=2023-11-08T22:54:03.386630+00:00
[2023-11-08T17:54:03.396-0500] {processor.py:179} INFO - Processing /Users/az/anaconda3/envs/python38/lib/python3.8/site-packages/airflow/example_dags/example_dynamic_task_mapping_with_no_taskflow_operators.py took 0.146 seconds
[2023-11-08T17:56:04.307-0500] {processor.py:157} INFO - Started process (PID=49619) to work on /Users/az/anaconda3/envs/python38/lib/python3.8/site-packages/airflow/example_dags/example_dynamic_task_mapping_with_no_taskflow_operators.py
[2023-11-08T17:56:04.311-0500] {processor.py:829} INFO - Processing file /Users/az/anaconda3/envs/python38/lib/python3.8/site-packages/airflow/example_dags/example_dynamic_task_mapping_with_no_taskflow_operators.py for tasks to queue
[2023-11-08T17:56:04.311-0500] {logging_mixin.py:154} INFO - [2023-11-08T17:56:04.311-0500] {dagbag.py:536} INFO - Filling up the DagBag from /Users/az/anaconda3/envs/python38/lib/python3.8/site-packages/airflow/example_dags/example_dynamic_task_mapping_with_no_taskflow_operators.py
[2023-11-08T17:56:04.325-0500] {processor.py:839} INFO - DAG(s) dict_keys(['example_dynamic_task_mapping_with_no_taskflow_operators']) retrieved from /Users/az/anaconda3/envs/python38/lib/python3.8/site-packages/airflow/example_dags/example_dynamic_task_mapping_with_no_taskflow_operators.py
[2023-11-08T17:56:04.433-0500] {logging_mixin.py:154} INFO - [2023-11-08T17:56:04.433-0500] {dag.py:2941} INFO - Sync 1 DAGs
[2023-11-08T17:56:04.442-0500] {logging_mixin.py:154} INFO - [2023-11-08T17:56:04.442-0500] {dag.py:3722} INFO - Setting next_dagrun for example_dynamic_task_mapping_with_no_taskflow_operators to 2023-11-07T22:56:04.442023+00:00, run_after=2023-11-08T22:56:04.442023+00:00
[2023-11-08T17:56:04.452-0500] {processor.py:179} INFO - Processing /Users/az/anaconda3/envs/python38/lib/python3.8/site-packages/airflow/example_dags/example_dynamic_task_mapping_with_no_taskflow_operators.py took 0.146 seconds
[2023-11-08T17:58:04.567-0500] {processor.py:157} INFO - Started process (PID=49785) to work on /Users/az/anaconda3/envs/python38/lib/python3.8/site-packages/airflow/example_dags/example_dynamic_task_mapping_with_no_taskflow_operators.py
[2023-11-08T17:58:04.572-0500] {processor.py:829} INFO - Processing file /Users/az/anaconda3/envs/python38/lib/python3.8/site-packages/airflow/example_dags/example_dynamic_task_mapping_with_no_taskflow_operators.py for tasks to queue
[2023-11-08T17:58:04.572-0500] {logging_mixin.py:154} INFO - [2023-11-08T17:58:04.572-0500] {dagbag.py:536} INFO - Filling up the DagBag from /Users/az/anaconda3/envs/python38/lib/python3.8/site-packages/airflow/example_dags/example_dynamic_task_mapping_with_no_taskflow_operators.py
[2023-11-08T17:58:04.587-0500] {processor.py:839} INFO - DAG(s) dict_keys(['example_dynamic_task_mapping_with_no_taskflow_operators']) retrieved from /Users/az/anaconda3/envs/python38/lib/python3.8/site-packages/airflow/example_dags/example_dynamic_task_mapping_with_no_taskflow_operators.py
[2023-11-08T17:58:04.694-0500] {logging_mixin.py:154} INFO - [2023-11-08T17:58:04.693-0500] {dag.py:2941} INFO - Sync 1 DAGs
[2023-11-08T17:58:04.703-0500] {logging_mixin.py:154} INFO - [2023-11-08T17:58:04.702-0500] {dag.py:3722} INFO - Setting next_dagrun for example_dynamic_task_mapping_with_no_taskflow_operators to 2023-11-07T22:58:04.702904+00:00, run_after=2023-11-08T22:58:04.702904+00:00
[2023-11-08T17:58:04.712-0500] {processor.py:179} INFO - Processing /Users/az/anaconda3/envs/python38/lib/python3.8/site-packages/airflow/example_dags/example_dynamic_task_mapping_with_no_taskflow_operators.py took 0.146 seconds
[2023-11-08T18:00:06.838-0500] {processor.py:157} INFO - Started process (PID=49940) to work on /Users/az/anaconda3/envs/python38/lib/python3.8/site-packages/airflow/example_dags/example_dynamic_task_mapping_with_no_taskflow_operators.py
[2023-11-08T18:00:06.843-0500] {processor.py:829} INFO - Processing file /Users/az/anaconda3/envs/python38/lib/python3.8/site-packages/airflow/example_dags/example_dynamic_task_mapping_with_no_taskflow_operators.py for tasks to queue
[2023-11-08T18:00:06.843-0500] {logging_mixin.py:154} INFO - [2023-11-08T18:00:06.843-0500] {dagbag.py:536} INFO - Filling up the DagBag from /Users/az/anaconda3/envs/python38/lib/python3.8/site-packages/airflow/example_dags/example_dynamic_task_mapping_with_no_taskflow_operators.py
[2023-11-08T18:00:06.857-0500] {processor.py:839} INFO - DAG(s) dict_keys(['example_dynamic_task_mapping_with_no_taskflow_operators']) retrieved from /Users/az/anaconda3/envs/python38/lib/python3.8/site-packages/airflow/example_dags/example_dynamic_task_mapping_with_no_taskflow_operators.py
[2023-11-08T18:00:06.968-0500] {logging_mixin.py:154} INFO - [2023-11-08T18:00:06.968-0500] {dag.py:2941} INFO - Sync 1 DAGs
[2023-11-08T18:00:06.977-0500] {logging_mixin.py:154} INFO - [2023-11-08T18:00:06.977-0500] {dag.py:3722} INFO - Setting next_dagrun for example_dynamic_task_mapping_with_no_taskflow_operators to 2023-11-07T23:00:06.977315+00:00, run_after=2023-11-08T23:00:06.977315+00:00
[2023-11-08T18:00:06.987-0500] {processor.py:179} INFO - Processing /Users/az/anaconda3/envs/python38/lib/python3.8/site-packages/airflow/example_dags/example_dynamic_task_mapping_with_no_taskflow_operators.py took 0.150 seconds
[2023-11-08T18:02:04.720-0500] {processor.py:157} INFO - Started process (PID=50113) to work on /Users/az/anaconda3/envs/python38/lib/python3.8/site-packages/airflow/example_dags/example_dynamic_task_mapping_with_no_taskflow_operators.py
[2023-11-08T18:02:04.725-0500] {processor.py:829} INFO - Processing file /Users/az/anaconda3/envs/python38/lib/python3.8/site-packages/airflow/example_dags/example_dynamic_task_mapping_with_no_taskflow_operators.py for tasks to queue
[2023-11-08T18:02:04.725-0500] {logging_mixin.py:154} INFO - [2023-11-08T18:02:04.725-0500] {dagbag.py:536} INFO - Filling up the DagBag from /Users/az/anaconda3/envs/python38/lib/python3.8/site-packages/airflow/example_dags/example_dynamic_task_mapping_with_no_taskflow_operators.py
[2023-11-08T18:02:04.739-0500] {processor.py:839} INFO - DAG(s) dict_keys(['example_dynamic_task_mapping_with_no_taskflow_operators']) retrieved from /Users/az/anaconda3/envs/python38/lib/python3.8/site-packages/airflow/example_dags/example_dynamic_task_mapping_with_no_taskflow_operators.py
[2023-11-08T18:02:04.846-0500] {logging_mixin.py:154} INFO - [2023-11-08T18:02:04.846-0500] {dag.py:2941} INFO - Sync 1 DAGs
[2023-11-08T18:02:04.855-0500] {logging_mixin.py:154} INFO - [2023-11-08T18:02:04.855-0500] {dag.py:3722} INFO - Setting next_dagrun for example_dynamic_task_mapping_with_no_taskflow_operators to 2023-11-07T23:02:04.855327+00:00, run_after=2023-11-08T23:02:04.855327+00:00
[2023-11-08T18:02:04.865-0500] {processor.py:179} INFO - Processing /Users/az/anaconda3/envs/python38/lib/python3.8/site-packages/airflow/example_dags/example_dynamic_task_mapping_with_no_taskflow_operators.py took 0.145 seconds
[2023-11-08T18:04:03.676-0500] {processor.py:157} INFO - Started process (PID=50437) to work on /Users/az/anaconda3/envs/python38/lib/python3.8/site-packages/airflow/example_dags/example_dynamic_task_mapping_with_no_taskflow_operators.py
[2023-11-08T18:04:03.680-0500] {processor.py:829} INFO - Processing file /Users/az/anaconda3/envs/python38/lib/python3.8/site-packages/airflow/example_dags/example_dynamic_task_mapping_with_no_taskflow_operators.py for tasks to queue
[2023-11-08T18:04:03.681-0500] {logging_mixin.py:154} INFO - [2023-11-08T18:04:03.681-0500] {dagbag.py:536} INFO - Filling up the DagBag from /Users/az/anaconda3/envs/python38/lib/python3.8/site-packages/airflow/example_dags/example_dynamic_task_mapping_with_no_taskflow_operators.py
[2023-11-08T18:04:03.695-0500] {processor.py:839} INFO - DAG(s) dict_keys(['example_dynamic_task_mapping_with_no_taskflow_operators']) retrieved from /Users/az/anaconda3/envs/python38/lib/python3.8/site-packages/airflow/example_dags/example_dynamic_task_mapping_with_no_taskflow_operators.py
[2023-11-08T18:04:03.807-0500] {logging_mixin.py:154} INFO - [2023-11-08T18:04:03.807-0500] {dag.py:2941} INFO - Sync 1 DAGs
[2023-11-08T18:04:03.816-0500] {logging_mixin.py:154} INFO - [2023-11-08T18:04:03.816-0500] {dag.py:3722} INFO - Setting next_dagrun for example_dynamic_task_mapping_with_no_taskflow_operators to 2023-11-07T23:04:03.816525+00:00, run_after=2023-11-08T23:04:03.816525+00:00
[2023-11-08T18:04:03.830-0500] {processor.py:179} INFO - Processing /Users/az/anaconda3/envs/python38/lib/python3.8/site-packages/airflow/example_dags/example_dynamic_task_mapping_with_no_taskflow_operators.py took 0.154 seconds
[2023-11-08T18:06:00.038-0500] {processor.py:157} INFO - Started process (PID=50583) to work on /Users/az/anaconda3/envs/python38/lib/python3.8/site-packages/airflow/example_dags/example_dynamic_task_mapping_with_no_taskflow_operators.py
[2023-11-08T18:06:00.042-0500] {processor.py:829} INFO - Processing file /Users/az/anaconda3/envs/python38/lib/python3.8/site-packages/airflow/example_dags/example_dynamic_task_mapping_with_no_taskflow_operators.py for tasks to queue
[2023-11-08T18:06:00.043-0500] {logging_mixin.py:154} INFO - [2023-11-08T18:06:00.043-0500] {dagbag.py:536} INFO - Filling up the DagBag from /Users/az/anaconda3/envs/python38/lib/python3.8/site-packages/airflow/example_dags/example_dynamic_task_mapping_with_no_taskflow_operators.py
[2023-11-08T18:06:00.057-0500] {processor.py:839} INFO - DAG(s) dict_keys(['example_dynamic_task_mapping_with_no_taskflow_operators']) retrieved from /Users/az/anaconda3/envs/python38/lib/python3.8/site-packages/airflow/example_dags/example_dynamic_task_mapping_with_no_taskflow_operators.py
[2023-11-08T18:06:00.164-0500] {logging_mixin.py:154} INFO - [2023-11-08T18:06:00.164-0500] {dag.py:2941} INFO - Sync 1 DAGs
[2023-11-08T18:06:00.173-0500] {logging_mixin.py:154} INFO - [2023-11-08T18:06:00.173-0500] {dag.py:3722} INFO - Setting next_dagrun for example_dynamic_task_mapping_with_no_taskflow_operators to 2023-11-07T23:06:00.173352+00:00, run_after=2023-11-08T23:06:00.173352+00:00
[2023-11-08T18:06:00.183-0500] {processor.py:179} INFO - Processing /Users/az/anaconda3/envs/python38/lib/python3.8/site-packages/airflow/example_dags/example_dynamic_task_mapping_with_no_taskflow_operators.py took 0.146 seconds
[2023-11-08T18:07:52.364-0500] {processor.py:157} INFO - Started process (PID=50755) to work on /Users/az/anaconda3/envs/python38/lib/python3.8/site-packages/airflow/example_dags/example_dynamic_task_mapping_with_no_taskflow_operators.py
[2023-11-08T18:07:52.368-0500] {processor.py:829} INFO - Processing file /Users/az/anaconda3/envs/python38/lib/python3.8/site-packages/airflow/example_dags/example_dynamic_task_mapping_with_no_taskflow_operators.py for tasks to queue
[2023-11-08T18:07:52.368-0500] {logging_mixin.py:154} INFO - [2023-11-08T18:07:52.368-0500] {dagbag.py:536} INFO - Filling up the DagBag from /Users/az/anaconda3/envs/python38/lib/python3.8/site-packages/airflow/example_dags/example_dynamic_task_mapping_with_no_taskflow_operators.py
[2023-11-08T18:07:52.382-0500] {processor.py:839} INFO - DAG(s) dict_keys(['example_dynamic_task_mapping_with_no_taskflow_operators']) retrieved from /Users/az/anaconda3/envs/python38/lib/python3.8/site-packages/airflow/example_dags/example_dynamic_task_mapping_with_no_taskflow_operators.py
[2023-11-08T18:07:52.490-0500] {logging_mixin.py:154} INFO - [2023-11-08T18:07:52.490-0500] {dag.py:2941} INFO - Sync 1 DAGs
[2023-11-08T18:07:52.500-0500] {logging_mixin.py:154} INFO - [2023-11-08T18:07:52.500-0500] {dag.py:3722} INFO - Setting next_dagrun for example_dynamic_task_mapping_with_no_taskflow_operators to 2023-11-07T23:07:52.500212+00:00, run_after=2023-11-08T23:07:52.500212+00:00
[2023-11-08T18:07:52.510-0500] {processor.py:179} INFO - Processing /Users/az/anaconda3/envs/python38/lib/python3.8/site-packages/airflow/example_dags/example_dynamic_task_mapping_with_no_taskflow_operators.py took 0.146 seconds
[2023-11-08T18:09:51.839-0500] {processor.py:157} INFO - Started process (PID=50914) to work on /Users/az/anaconda3/envs/python38/lib/python3.8/site-packages/airflow/example_dags/example_dynamic_task_mapping_with_no_taskflow_operators.py
[2023-11-08T18:09:51.843-0500] {processor.py:829} INFO - Processing file /Users/az/anaconda3/envs/python38/lib/python3.8/site-packages/airflow/example_dags/example_dynamic_task_mapping_with_no_taskflow_operators.py for tasks to queue
[2023-11-08T18:09:51.843-0500] {logging_mixin.py:154} INFO - [2023-11-08T18:09:51.843-0500] {dagbag.py:536} INFO - Filling up the DagBag from /Users/az/anaconda3/envs/python38/lib/python3.8/site-packages/airflow/example_dags/example_dynamic_task_mapping_with_no_taskflow_operators.py
[2023-11-08T18:09:51.857-0500] {processor.py:839} INFO - DAG(s) dict_keys(['example_dynamic_task_mapping_with_no_taskflow_operators']) retrieved from /Users/az/anaconda3/envs/python38/lib/python3.8/site-packages/airflow/example_dags/example_dynamic_task_mapping_with_no_taskflow_operators.py
[2023-11-08T18:09:51.963-0500] {logging_mixin.py:154} INFO - [2023-11-08T18:09:51.963-0500] {dag.py:2941} INFO - Sync 1 DAGs
[2023-11-08T18:09:51.972-0500] {logging_mixin.py:154} INFO - [2023-11-08T18:09:51.972-0500] {dag.py:3722} INFO - Setting next_dagrun for example_dynamic_task_mapping_with_no_taskflow_operators to 2023-11-07T23:09:51.972471+00:00, run_after=2023-11-08T23:09:51.972471+00:00
[2023-11-08T18:09:51.982-0500] {processor.py:179} INFO - Processing /Users/az/anaconda3/envs/python38/lib/python3.8/site-packages/airflow/example_dags/example_dynamic_task_mapping_with_no_taskflow_operators.py took 0.143 seconds
[2023-11-08T18:11:52.278-0500] {processor.py:157} INFO - Started process (PID=51063) to work on /Users/az/anaconda3/envs/python38/lib/python3.8/site-packages/airflow/example_dags/example_dynamic_task_mapping_with_no_taskflow_operators.py
[2023-11-08T18:11:52.282-0500] {processor.py:829} INFO - Processing file /Users/az/anaconda3/envs/python38/lib/python3.8/site-packages/airflow/example_dags/example_dynamic_task_mapping_with_no_taskflow_operators.py for tasks to queue
[2023-11-08T18:11:52.282-0500] {logging_mixin.py:154} INFO - [2023-11-08T18:11:52.282-0500] {dagbag.py:536} INFO - Filling up the DagBag from /Users/az/anaconda3/envs/python38/lib/python3.8/site-packages/airflow/example_dags/example_dynamic_task_mapping_with_no_taskflow_operators.py
[2023-11-08T18:11:52.296-0500] {processor.py:839} INFO - DAG(s) dict_keys(['example_dynamic_task_mapping_with_no_taskflow_operators']) retrieved from /Users/az/anaconda3/envs/python38/lib/python3.8/site-packages/airflow/example_dags/example_dynamic_task_mapping_with_no_taskflow_operators.py
[2023-11-08T18:11:52.403-0500] {logging_mixin.py:154} INFO - [2023-11-08T18:11:52.403-0500] {dag.py:2941} INFO - Sync 1 DAGs
[2023-11-08T18:11:52.412-0500] {logging_mixin.py:154} INFO - [2023-11-08T18:11:52.412-0500] {dag.py:3722} INFO - Setting next_dagrun for example_dynamic_task_mapping_with_no_taskflow_operators to 2023-11-07T23:11:52.411997+00:00, run_after=2023-11-08T23:11:52.411997+00:00
[2023-11-08T18:11:52.421-0500] {processor.py:179} INFO - Processing /Users/az/anaconda3/envs/python38/lib/python3.8/site-packages/airflow/example_dags/example_dynamic_task_mapping_with_no_taskflow_operators.py took 0.144 seconds
[2023-11-08T18:23:16.946-0500] {processor.py:157} INFO - Started process (PID=51211) to work on /Users/az/anaconda3/envs/python38/lib/python3.8/site-packages/airflow/example_dags/example_dynamic_task_mapping_with_no_taskflow_operators.py
[2023-11-08T18:23:16.950-0500] {processor.py:829} INFO - Processing file /Users/az/anaconda3/envs/python38/lib/python3.8/site-packages/airflow/example_dags/example_dynamic_task_mapping_with_no_taskflow_operators.py for tasks to queue
[2023-11-08T18:23:16.950-0500] {logging_mixin.py:154} INFO - [2023-11-08T18:23:16.950-0500] {dagbag.py:536} INFO - Filling up the DagBag from /Users/az/anaconda3/envs/python38/lib/python3.8/site-packages/airflow/example_dags/example_dynamic_task_mapping_with_no_taskflow_operators.py
[2023-11-08T18:23:16.964-0500] {processor.py:839} INFO - DAG(s) dict_keys(['example_dynamic_task_mapping_with_no_taskflow_operators']) retrieved from /Users/az/anaconda3/envs/python38/lib/python3.8/site-packages/airflow/example_dags/example_dynamic_task_mapping_with_no_taskflow_operators.py
[2023-11-08T18:23:17.069-0500] {logging_mixin.py:154} INFO - [2023-11-08T18:23:17.069-0500] {dag.py:2941} INFO - Sync 1 DAGs
[2023-11-08T18:23:17.083-0500] {logging_mixin.py:154} INFO - [2023-11-08T18:23:17.083-0500] {dag.py:3722} INFO - Setting next_dagrun for example_dynamic_task_mapping_with_no_taskflow_operators to 2023-11-07T23:23:17.082926+00:00, run_after=2023-11-08T23:23:17.082926+00:00
[2023-11-08T18:23:17.148-0500] {processor.py:179} INFO - Processing /Users/az/anaconda3/envs/python38/lib/python3.8/site-packages/airflow/example_dags/example_dynamic_task_mapping_with_no_taskflow_operators.py took 0.203 seconds
[2023-11-08T18:32:00.153-0500] {processor.py:157} INFO - Started process (PID=51360) to work on /Users/az/anaconda3/envs/python38/lib/python3.8/site-packages/airflow/example_dags/example_dynamic_task_mapping_with_no_taskflow_operators.py
[2023-11-08T18:32:00.158-0500] {processor.py:829} INFO - Processing file /Users/az/anaconda3/envs/python38/lib/python3.8/site-packages/airflow/example_dags/example_dynamic_task_mapping_with_no_taskflow_operators.py for tasks to queue
[2023-11-08T18:32:00.158-0500] {logging_mixin.py:154} INFO - [2023-11-08T18:32:00.158-0500] {dagbag.py:536} INFO - Filling up the DagBag from /Users/az/anaconda3/envs/python38/lib/python3.8/site-packages/airflow/example_dags/example_dynamic_task_mapping_with_no_taskflow_operators.py
[2023-11-08T18:32:00.172-0500] {processor.py:839} INFO - DAG(s) dict_keys(['example_dynamic_task_mapping_with_no_taskflow_operators']) retrieved from /Users/az/anaconda3/envs/python38/lib/python3.8/site-packages/airflow/example_dags/example_dynamic_task_mapping_with_no_taskflow_operators.py
[2023-11-08T18:32:00.278-0500] {logging_mixin.py:154} INFO - [2023-11-08T18:32:00.278-0500] {dag.py:2941} INFO - Sync 1 DAGs
[2023-11-08T18:32:00.287-0500] {logging_mixin.py:154} INFO - [2023-11-08T18:32:00.287-0500] {dag.py:3722} INFO - Setting next_dagrun for example_dynamic_task_mapping_with_no_taskflow_operators to 2023-11-07T23:32:00.287603+00:00, run_after=2023-11-08T23:32:00.287603+00:00
[2023-11-08T18:32:00.297-0500] {processor.py:179} INFO - Processing /Users/az/anaconda3/envs/python38/lib/python3.8/site-packages/airflow/example_dags/example_dynamic_task_mapping_with_no_taskflow_operators.py took 0.145 seconds
[2023-11-08T18:34:05.543-0500] {processor.py:157} INFO - Started process (PID=51522) to work on /Users/az/anaconda3/envs/python38/lib/python3.8/site-packages/airflow/example_dags/example_dynamic_task_mapping_with_no_taskflow_operators.py
[2023-11-08T18:34:05.548-0500] {processor.py:829} INFO - Processing file /Users/az/anaconda3/envs/python38/lib/python3.8/site-packages/airflow/example_dags/example_dynamic_task_mapping_with_no_taskflow_operators.py for tasks to queue
[2023-11-08T18:34:05.548-0500] {logging_mixin.py:154} INFO - [2023-11-08T18:34:05.548-0500] {dagbag.py:536} INFO - Filling up the DagBag from /Users/az/anaconda3/envs/python38/lib/python3.8/site-packages/airflow/example_dags/example_dynamic_task_mapping_with_no_taskflow_operators.py
[2023-11-08T18:34:05.562-0500] {processor.py:839} INFO - DAG(s) dict_keys(['example_dynamic_task_mapping_with_no_taskflow_operators']) retrieved from /Users/az/anaconda3/envs/python38/lib/python3.8/site-packages/airflow/example_dags/example_dynamic_task_mapping_with_no_taskflow_operators.py
[2023-11-08T18:34:05.669-0500] {logging_mixin.py:154} INFO - [2023-11-08T18:34:05.669-0500] {dag.py:2941} INFO - Sync 1 DAGs
[2023-11-08T18:34:05.678-0500] {logging_mixin.py:154} INFO - [2023-11-08T18:34:05.678-0500] {dag.py:3722} INFO - Setting next_dagrun for example_dynamic_task_mapping_with_no_taskflow_operators to 2023-11-07T23:34:05.678022+00:00, run_after=2023-11-08T23:34:05.678022+00:00
[2023-11-08T18:34:05.688-0500] {processor.py:179} INFO - Processing /Users/az/anaconda3/envs/python38/lib/python3.8/site-packages/airflow/example_dags/example_dynamic_task_mapping_with_no_taskflow_operators.py took 0.145 seconds
[2023-11-08T18:36:04.827-0500] {processor.py:157} INFO - Started process (PID=51670) to work on /Users/az/anaconda3/envs/python38/lib/python3.8/site-packages/airflow/example_dags/example_dynamic_task_mapping_with_no_taskflow_operators.py
[2023-11-08T18:36:04.832-0500] {processor.py:829} INFO - Processing file /Users/az/anaconda3/envs/python38/lib/python3.8/site-packages/airflow/example_dags/example_dynamic_task_mapping_with_no_taskflow_operators.py for tasks to queue
[2023-11-08T18:36:04.832-0500] {logging_mixin.py:154} INFO - [2023-11-08T18:36:04.832-0500] {dagbag.py:536} INFO - Filling up the DagBag from /Users/az/anaconda3/envs/python38/lib/python3.8/site-packages/airflow/example_dags/example_dynamic_task_mapping_with_no_taskflow_operators.py
[2023-11-08T18:36:04.846-0500] {processor.py:839} INFO - DAG(s) dict_keys(['example_dynamic_task_mapping_with_no_taskflow_operators']) retrieved from /Users/az/anaconda3/envs/python38/lib/python3.8/site-packages/airflow/example_dags/example_dynamic_task_mapping_with_no_taskflow_operators.py
[2023-11-08T18:36:04.954-0500] {logging_mixin.py:154} INFO - [2023-11-08T18:36:04.953-0500] {dag.py:2941} INFO - Sync 1 DAGs
[2023-11-08T18:36:04.964-0500] {logging_mixin.py:154} INFO - [2023-11-08T18:36:04.964-0500] {dag.py:3722} INFO - Setting next_dagrun for example_dynamic_task_mapping_with_no_taskflow_operators to 2023-11-07T23:36:04.964481+00:00, run_after=2023-11-08T23:36:04.964481+00:00
[2023-11-08T18:36:04.975-0500] {processor.py:179} INFO - Processing /Users/az/anaconda3/envs/python38/lib/python3.8/site-packages/airflow/example_dags/example_dynamic_task_mapping_with_no_taskflow_operators.py took 0.149 seconds
[2023-11-08T18:37:59.366-0500] {processor.py:157} INFO - Started process (PID=51814) to work on /Users/az/anaconda3/envs/python38/lib/python3.8/site-packages/airflow/example_dags/example_dynamic_task_mapping_with_no_taskflow_operators.py
[2023-11-08T18:37:59.370-0500] {processor.py:829} INFO - Processing file /Users/az/anaconda3/envs/python38/lib/python3.8/site-packages/airflow/example_dags/example_dynamic_task_mapping_with_no_taskflow_operators.py for tasks to queue
[2023-11-08T18:37:59.371-0500] {logging_mixin.py:154} INFO - [2023-11-08T18:37:59.371-0500] {dagbag.py:536} INFO - Filling up the DagBag from /Users/az/anaconda3/envs/python38/lib/python3.8/site-packages/airflow/example_dags/example_dynamic_task_mapping_with_no_taskflow_operators.py
[2023-11-08T18:37:59.385-0500] {processor.py:839} INFO - DAG(s) dict_keys(['example_dynamic_task_mapping_with_no_taskflow_operators']) retrieved from /Users/az/anaconda3/envs/python38/lib/python3.8/site-packages/airflow/example_dags/example_dynamic_task_mapping_with_no_taskflow_operators.py
[2023-11-08T18:37:59.491-0500] {logging_mixin.py:154} INFO - [2023-11-08T18:37:59.491-0500] {dag.py:2941} INFO - Sync 1 DAGs
[2023-11-08T18:37:59.500-0500] {logging_mixin.py:154} INFO - [2023-11-08T18:37:59.500-0500] {dag.py:3722} INFO - Setting next_dagrun for example_dynamic_task_mapping_with_no_taskflow_operators to 2023-11-07T23:37:59.500043+00:00, run_after=2023-11-08T23:37:59.500043+00:00
[2023-11-08T18:37:59.509-0500] {processor.py:179} INFO - Processing /Users/az/anaconda3/envs/python38/lib/python3.8/site-packages/airflow/example_dags/example_dynamic_task_mapping_with_no_taskflow_operators.py took 0.144 seconds
[2023-11-08T18:39:57.928-0500] {processor.py:157} INFO - Started process (PID=51958) to work on /Users/az/anaconda3/envs/python38/lib/python3.8/site-packages/airflow/example_dags/example_dynamic_task_mapping_with_no_taskflow_operators.py
[2023-11-08T18:39:57.932-0500] {processor.py:829} INFO - Processing file /Users/az/anaconda3/envs/python38/lib/python3.8/site-packages/airflow/example_dags/example_dynamic_task_mapping_with_no_taskflow_operators.py for tasks to queue
[2023-11-08T18:39:57.933-0500] {logging_mixin.py:154} INFO - [2023-11-08T18:39:57.932-0500] {dagbag.py:536} INFO - Filling up the DagBag from /Users/az/anaconda3/envs/python38/lib/python3.8/site-packages/airflow/example_dags/example_dynamic_task_mapping_with_no_taskflow_operators.py
[2023-11-08T18:39:57.947-0500] {processor.py:839} INFO - DAG(s) dict_keys(['example_dynamic_task_mapping_with_no_taskflow_operators']) retrieved from /Users/az/anaconda3/envs/python38/lib/python3.8/site-packages/airflow/example_dags/example_dynamic_task_mapping_with_no_taskflow_operators.py
[2023-11-08T18:39:58.053-0500] {logging_mixin.py:154} INFO - [2023-11-08T18:39:58.053-0500] {dag.py:2941} INFO - Sync 1 DAGs
[2023-11-08T18:39:58.062-0500] {logging_mixin.py:154} INFO - [2023-11-08T18:39:58.062-0500] {dag.py:3722} INFO - Setting next_dagrun for example_dynamic_task_mapping_with_no_taskflow_operators to 2023-11-07T23:39:58.062570+00:00, run_after=2023-11-08T23:39:58.062570+00:00
[2023-11-08T18:39:58.072-0500] {processor.py:179} INFO - Processing /Users/az/anaconda3/envs/python38/lib/python3.8/site-packages/airflow/example_dags/example_dynamic_task_mapping_with_no_taskflow_operators.py took 0.145 seconds
[2023-11-08T18:42:02.804-0500] {processor.py:157} INFO - Started process (PID=52106) to work on /Users/az/anaconda3/envs/python38/lib/python3.8/site-packages/airflow/example_dags/example_dynamic_task_mapping_with_no_taskflow_operators.py
[2023-11-08T18:42:02.808-0500] {processor.py:829} INFO - Processing file /Users/az/anaconda3/envs/python38/lib/python3.8/site-packages/airflow/example_dags/example_dynamic_task_mapping_with_no_taskflow_operators.py for tasks to queue
[2023-11-08T18:42:02.809-0500] {logging_mixin.py:154} INFO - [2023-11-08T18:42:02.809-0500] {dagbag.py:536} INFO - Filling up the DagBag from /Users/az/anaconda3/envs/python38/lib/python3.8/site-packages/airflow/example_dags/example_dynamic_task_mapping_with_no_taskflow_operators.py
[2023-11-08T18:42:02.823-0500] {processor.py:839} INFO - DAG(s) dict_keys(['example_dynamic_task_mapping_with_no_taskflow_operators']) retrieved from /Users/az/anaconda3/envs/python38/lib/python3.8/site-packages/airflow/example_dags/example_dynamic_task_mapping_with_no_taskflow_operators.py
[2023-11-08T18:42:02.931-0500] {logging_mixin.py:154} INFO - [2023-11-08T18:42:02.931-0500] {dag.py:2941} INFO - Sync 1 DAGs
[2023-11-08T18:42:02.956-0500] {logging_mixin.py:154} INFO - [2023-11-08T18:42:02.956-0500] {dag.py:3722} INFO - Setting next_dagrun for example_dynamic_task_mapping_with_no_taskflow_operators to 2023-11-07T23:42:02.956109+00:00, run_after=2023-11-08T23:42:02.956109+00:00
[2023-11-08T18:42:02.994-0500] {processor.py:179} INFO - Processing /Users/az/anaconda3/envs/python38/lib/python3.8/site-packages/airflow/example_dags/example_dynamic_task_mapping_with_no_taskflow_operators.py took 0.191 seconds
[2023-11-08T18:44:02.734-0500] {processor.py:157} INFO - Started process (PID=52255) to work on /Users/az/anaconda3/envs/python38/lib/python3.8/site-packages/airflow/example_dags/example_dynamic_task_mapping_with_no_taskflow_operators.py
[2023-11-08T18:44:02.738-0500] {processor.py:829} INFO - Processing file /Users/az/anaconda3/envs/python38/lib/python3.8/site-packages/airflow/example_dags/example_dynamic_task_mapping_with_no_taskflow_operators.py for tasks to queue
[2023-11-08T18:44:02.738-0500] {logging_mixin.py:154} INFO - [2023-11-08T18:44:02.738-0500] {dagbag.py:536} INFO - Filling up the DagBag from /Users/az/anaconda3/envs/python38/lib/python3.8/site-packages/airflow/example_dags/example_dynamic_task_mapping_with_no_taskflow_operators.py
[2023-11-08T18:44:02.752-0500] {processor.py:839} INFO - DAG(s) dict_keys(['example_dynamic_task_mapping_with_no_taskflow_operators']) retrieved from /Users/az/anaconda3/envs/python38/lib/python3.8/site-packages/airflow/example_dags/example_dynamic_task_mapping_with_no_taskflow_operators.py
[2023-11-08T18:44:02.864-0500] {logging_mixin.py:154} INFO - [2023-11-08T18:44:02.863-0500] {dag.py:2941} INFO - Sync 1 DAGs
[2023-11-08T18:44:02.873-0500] {logging_mixin.py:154} INFO - [2023-11-08T18:44:02.873-0500] {dag.py:3722} INFO - Setting next_dagrun for example_dynamic_task_mapping_with_no_taskflow_operators to 2023-11-07T23:44:02.872932+00:00, run_after=2023-11-08T23:44:02.872932+00:00
[2023-11-08T18:44:02.882-0500] {processor.py:179} INFO - Processing /Users/az/anaconda3/envs/python38/lib/python3.8/site-packages/airflow/example_dags/example_dynamic_task_mapping_with_no_taskflow_operators.py took 0.149 seconds
[2023-11-08T18:46:05.689-0500] {processor.py:157} INFO - Started process (PID=52402) to work on /Users/az/anaconda3/envs/python38/lib/python3.8/site-packages/airflow/example_dags/example_dynamic_task_mapping_with_no_taskflow_operators.py
[2023-11-08T18:46:05.693-0500] {processor.py:829} INFO - Processing file /Users/az/anaconda3/envs/python38/lib/python3.8/site-packages/airflow/example_dags/example_dynamic_task_mapping_with_no_taskflow_operators.py for tasks to queue
[2023-11-08T18:46:05.694-0500] {logging_mixin.py:154} INFO - [2023-11-08T18:46:05.694-0500] {dagbag.py:536} INFO - Filling up the DagBag from /Users/az/anaconda3/envs/python38/lib/python3.8/site-packages/airflow/example_dags/example_dynamic_task_mapping_with_no_taskflow_operators.py
[2023-11-08T18:46:05.708-0500] {processor.py:839} INFO - DAG(s) dict_keys(['example_dynamic_task_mapping_with_no_taskflow_operators']) retrieved from /Users/az/anaconda3/envs/python38/lib/python3.8/site-packages/airflow/example_dags/example_dynamic_task_mapping_with_no_taskflow_operators.py
[2023-11-08T18:46:05.816-0500] {logging_mixin.py:154} INFO - [2023-11-08T18:46:05.815-0500] {dag.py:2941} INFO - Sync 1 DAGs
[2023-11-08T18:46:05.825-0500] {logging_mixin.py:154} INFO - [2023-11-08T18:46:05.825-0500] {dag.py:3722} INFO - Setting next_dagrun for example_dynamic_task_mapping_with_no_taskflow_operators to 2023-11-07T23:46:05.824946+00:00, run_after=2023-11-08T23:46:05.824946+00:00
[2023-11-08T18:46:05.835-0500] {processor.py:179} INFO - Processing /Users/az/anaconda3/envs/python38/lib/python3.8/site-packages/airflow/example_dags/example_dynamic_task_mapping_with_no_taskflow_operators.py took 0.146 seconds
[2023-11-08T18:48:14.156-0500] {processor.py:157} INFO - Started process (PID=52616) to work on /Users/az/anaconda3/envs/python38/lib/python3.8/site-packages/airflow/example_dags/example_dynamic_task_mapping_with_no_taskflow_operators.py
[2023-11-08T18:48:14.161-0500] {processor.py:829} INFO - Processing file /Users/az/anaconda3/envs/python38/lib/python3.8/site-packages/airflow/example_dags/example_dynamic_task_mapping_with_no_taskflow_operators.py for tasks to queue
[2023-11-08T18:48:14.161-0500] {logging_mixin.py:154} INFO - [2023-11-08T18:48:14.161-0500] {dagbag.py:536} INFO - Filling up the DagBag from /Users/az/anaconda3/envs/python38/lib/python3.8/site-packages/airflow/example_dags/example_dynamic_task_mapping_with_no_taskflow_operators.py
[2023-11-08T18:48:14.175-0500] {processor.py:839} INFO - DAG(s) dict_keys(['example_dynamic_task_mapping_with_no_taskflow_operators']) retrieved from /Users/az/anaconda3/envs/python38/lib/python3.8/site-packages/airflow/example_dags/example_dynamic_task_mapping_with_no_taskflow_operators.py
[2023-11-08T18:48:14.284-0500] {logging_mixin.py:154} INFO - [2023-11-08T18:48:14.283-0500] {dag.py:2941} INFO - Sync 1 DAGs
[2023-11-08T18:48:14.293-0500] {logging_mixin.py:154} INFO - [2023-11-08T18:48:14.292-0500] {dag.py:3722} INFO - Setting next_dagrun for example_dynamic_task_mapping_with_no_taskflow_operators to 2023-11-07T23:48:14.292866+00:00, run_after=2023-11-08T23:48:14.292866+00:00
[2023-11-08T18:48:14.303-0500] {processor.py:179} INFO - Processing /Users/az/anaconda3/envs/python38/lib/python3.8/site-packages/airflow/example_dags/example_dynamic_task_mapping_with_no_taskflow_operators.py took 0.147 seconds
[2023-11-08T18:50:12.833-0500] {processor.py:157} INFO - Started process (PID=52759) to work on /Users/az/anaconda3/envs/python38/lib/python3.8/site-packages/airflow/example_dags/example_dynamic_task_mapping_with_no_taskflow_operators.py
[2023-11-08T18:50:12.837-0500] {processor.py:829} INFO - Processing file /Users/az/anaconda3/envs/python38/lib/python3.8/site-packages/airflow/example_dags/example_dynamic_task_mapping_with_no_taskflow_operators.py for tasks to queue
[2023-11-08T18:50:12.837-0500] {logging_mixin.py:154} INFO - [2023-11-08T18:50:12.837-0500] {dagbag.py:536} INFO - Filling up the DagBag from /Users/az/anaconda3/envs/python38/lib/python3.8/site-packages/airflow/example_dags/example_dynamic_task_mapping_with_no_taskflow_operators.py
[2023-11-08T18:50:12.852-0500] {processor.py:839} INFO - DAG(s) dict_keys(['example_dynamic_task_mapping_with_no_taskflow_operators']) retrieved from /Users/az/anaconda3/envs/python38/lib/python3.8/site-packages/airflow/example_dags/example_dynamic_task_mapping_with_no_taskflow_operators.py
[2023-11-08T18:50:12.959-0500] {logging_mixin.py:154} INFO - [2023-11-08T18:50:12.959-0500] {dag.py:2941} INFO - Sync 1 DAGs
[2023-11-08T18:50:12.968-0500] {logging_mixin.py:154} INFO - [2023-11-08T18:50:12.968-0500] {dag.py:3722} INFO - Setting next_dagrun for example_dynamic_task_mapping_with_no_taskflow_operators to 2023-11-07T23:50:12.968487+00:00, run_after=2023-11-08T23:50:12.968487+00:00
[2023-11-08T18:50:12.978-0500] {processor.py:179} INFO - Processing /Users/az/anaconda3/envs/python38/lib/python3.8/site-packages/airflow/example_dags/example_dynamic_task_mapping_with_no_taskflow_operators.py took 0.145 seconds
[2023-11-08T18:52:13.869-0500] {processor.py:157} INFO - Started process (PID=52918) to work on /Users/az/anaconda3/envs/python38/lib/python3.8/site-packages/airflow/example_dags/example_dynamic_task_mapping_with_no_taskflow_operators.py
[2023-11-08T18:52:13.874-0500] {processor.py:829} INFO - Processing file /Users/az/anaconda3/envs/python38/lib/python3.8/site-packages/airflow/example_dags/example_dynamic_task_mapping_with_no_taskflow_operators.py for tasks to queue
[2023-11-08T18:52:13.874-0500] {logging_mixin.py:154} INFO - [2023-11-08T18:52:13.874-0500] {dagbag.py:536} INFO - Filling up the DagBag from /Users/az/anaconda3/envs/python38/lib/python3.8/site-packages/airflow/example_dags/example_dynamic_task_mapping_with_no_taskflow_operators.py
[2023-11-08T18:52:13.888-0500] {processor.py:839} INFO - DAG(s) dict_keys(['example_dynamic_task_mapping_with_no_taskflow_operators']) retrieved from /Users/az/anaconda3/envs/python38/lib/python3.8/site-packages/airflow/example_dags/example_dynamic_task_mapping_with_no_taskflow_operators.py
[2023-11-08T18:52:13.996-0500] {logging_mixin.py:154} INFO - [2023-11-08T18:52:13.996-0500] {dag.py:2941} INFO - Sync 1 DAGs
[2023-11-08T18:52:14.006-0500] {logging_mixin.py:154} INFO - [2023-11-08T18:52:14.005-0500] {dag.py:3722} INFO - Setting next_dagrun for example_dynamic_task_mapping_with_no_taskflow_operators to 2023-11-07T23:52:14.005822+00:00, run_after=2023-11-08T23:52:14.005822+00:00
[2023-11-08T18:52:14.016-0500] {processor.py:179} INFO - Processing /Users/az/anaconda3/envs/python38/lib/python3.8/site-packages/airflow/example_dags/example_dynamic_task_mapping_with_no_taskflow_operators.py took 0.147 seconds
[2023-11-08T18:54:16.419-0500] {processor.py:157} INFO - Started process (PID=53081) to work on /Users/az/anaconda3/envs/python38/lib/python3.8/site-packages/airflow/example_dags/example_dynamic_task_mapping_with_no_taskflow_operators.py
[2023-11-08T18:54:16.424-0500] {processor.py:829} INFO - Processing file /Users/az/anaconda3/envs/python38/lib/python3.8/site-packages/airflow/example_dags/example_dynamic_task_mapping_with_no_taskflow_operators.py for tasks to queue
[2023-11-08T18:54:16.424-0500] {logging_mixin.py:154} INFO - [2023-11-08T18:54:16.424-0500] {dagbag.py:536} INFO - Filling up the DagBag from /Users/az/anaconda3/envs/python38/lib/python3.8/site-packages/airflow/example_dags/example_dynamic_task_mapping_with_no_taskflow_operators.py
[2023-11-08T18:54:16.438-0500] {processor.py:839} INFO - DAG(s) dict_keys(['example_dynamic_task_mapping_with_no_taskflow_operators']) retrieved from /Users/az/anaconda3/envs/python38/lib/python3.8/site-packages/airflow/example_dags/example_dynamic_task_mapping_with_no_taskflow_operators.py
[2023-11-08T18:54:16.545-0500] {logging_mixin.py:154} INFO - [2023-11-08T18:54:16.545-0500] {dag.py:2941} INFO - Sync 1 DAGs
[2023-11-08T18:54:16.554-0500] {logging_mixin.py:154} INFO - [2023-11-08T18:54:16.554-0500] {dag.py:3722} INFO - Setting next_dagrun for example_dynamic_task_mapping_with_no_taskflow_operators to 2023-11-07T23:54:16.554547+00:00, run_after=2023-11-08T23:54:16.554547+00:00
[2023-11-08T18:54:16.564-0500] {processor.py:179} INFO - Processing /Users/az/anaconda3/envs/python38/lib/python3.8/site-packages/airflow/example_dags/example_dynamic_task_mapping_with_no_taskflow_operators.py took 0.146 seconds
[2023-11-08T18:56:25.840-0500] {processor.py:157} INFO - Started process (PID=53244) to work on /Users/az/anaconda3/envs/python38/lib/python3.8/site-packages/airflow/example_dags/example_dynamic_task_mapping_with_no_taskflow_operators.py
[2023-11-08T18:56:25.845-0500] {processor.py:829} INFO - Processing file /Users/az/anaconda3/envs/python38/lib/python3.8/site-packages/airflow/example_dags/example_dynamic_task_mapping_with_no_taskflow_operators.py for tasks to queue
[2023-11-08T18:56:25.845-0500] {logging_mixin.py:154} INFO - [2023-11-08T18:56:25.845-0500] {dagbag.py:536} INFO - Filling up the DagBag from /Users/az/anaconda3/envs/python38/lib/python3.8/site-packages/airflow/example_dags/example_dynamic_task_mapping_with_no_taskflow_operators.py
[2023-11-08T18:56:25.859-0500] {processor.py:839} INFO - DAG(s) dict_keys(['example_dynamic_task_mapping_with_no_taskflow_operators']) retrieved from /Users/az/anaconda3/envs/python38/lib/python3.8/site-packages/airflow/example_dags/example_dynamic_task_mapping_with_no_taskflow_operators.py
[2023-11-08T18:56:25.966-0500] {logging_mixin.py:154} INFO - [2023-11-08T18:56:25.966-0500] {dag.py:2941} INFO - Sync 1 DAGs
[2023-11-08T18:56:25.975-0500] {logging_mixin.py:154} INFO - [2023-11-08T18:56:25.975-0500] {dag.py:3722} INFO - Setting next_dagrun for example_dynamic_task_mapping_with_no_taskflow_operators to 2023-11-07T23:56:25.975695+00:00, run_after=2023-11-08T23:56:25.975695+00:00
[2023-11-08T18:56:25.985-0500] {processor.py:179} INFO - Processing /Users/az/anaconda3/envs/python38/lib/python3.8/site-packages/airflow/example_dags/example_dynamic_task_mapping_with_no_taskflow_operators.py took 0.146 seconds
[2023-11-08T18:58:30.849-0500] {processor.py:157} INFO - Started process (PID=53402) to work on /Users/az/anaconda3/envs/python38/lib/python3.8/site-packages/airflow/example_dags/example_dynamic_task_mapping_with_no_taskflow_operators.py
[2023-11-08T18:58:30.853-0500] {processor.py:829} INFO - Processing file /Users/az/anaconda3/envs/python38/lib/python3.8/site-packages/airflow/example_dags/example_dynamic_task_mapping_with_no_taskflow_operators.py for tasks to queue
[2023-11-08T18:58:30.853-0500] {logging_mixin.py:154} INFO - [2023-11-08T18:58:30.853-0500] {dagbag.py:536} INFO - Filling up the DagBag from /Users/az/anaconda3/envs/python38/lib/python3.8/site-packages/airflow/example_dags/example_dynamic_task_mapping_with_no_taskflow_operators.py
[2023-11-08T18:58:30.868-0500] {processor.py:839} INFO - DAG(s) dict_keys(['example_dynamic_task_mapping_with_no_taskflow_operators']) retrieved from /Users/az/anaconda3/envs/python38/lib/python3.8/site-packages/airflow/example_dags/example_dynamic_task_mapping_with_no_taskflow_operators.py
[2023-11-08T18:58:30.985-0500] {logging_mixin.py:154} INFO - [2023-11-08T18:58:30.985-0500] {dag.py:2941} INFO - Sync 1 DAGs
[2023-11-08T18:58:30.994-0500] {logging_mixin.py:154} INFO - [2023-11-08T18:58:30.994-0500] {dag.py:3722} INFO - Setting next_dagrun for example_dynamic_task_mapping_with_no_taskflow_operators to 2023-11-07T23:58:30.994208+00:00, run_after=2023-11-08T23:58:30.994208+00:00
[2023-11-08T18:58:31.003-0500] {processor.py:179} INFO - Processing /Users/az/anaconda3/envs/python38/lib/python3.8/site-packages/airflow/example_dags/example_dynamic_task_mapping_with_no_taskflow_operators.py took 0.155 seconds
