[2023-11-08T17:48:22.711-0500] {processor.py:157} INFO - Started process (PID=48982) to work on /Users/az/anaconda3/envs/python38/lib/python3.8/site-packages/airflow/example_dags/example_branch_operator.py
[2023-11-08T17:48:22.715-0500] {processor.py:829} INFO - Processing file /Users/az/anaconda3/envs/python38/lib/python3.8/site-packages/airflow/example_dags/example_branch_operator.py for tasks to queue
[2023-11-08T17:48:22.715-0500] {logging_mixin.py:154} INFO - [2023-11-08T17:48:22.715-0500] {dagbag.py:536} INFO - Filling up the DagBag from /Users/az/anaconda3/envs/python38/lib/python3.8/site-packages/airflow/example_dags/example_branch_operator.py
[2023-11-08T17:48:22.740-0500] {processor.py:839} INFO - DAG(s) dict_keys(['example_branch_operator']) retrieved from /Users/az/anaconda3/envs/python38/lib/python3.8/site-packages/airflow/example_dags/example_branch_operator.py
[2023-11-08T17:48:23.178-0500] {logging_mixin.py:154} INFO - [2023-11-08T17:48:23.178-0500] {manager.py:499} INFO - Created Permission View: %s
[2023-11-08T17:48:23.183-0500] {logging_mixin.py:154} INFO - [2023-11-08T17:48:23.183-0500] {manager.py:499} INFO - Created Permission View: %s
[2023-11-08T17:48:23.186-0500] {logging_mixin.py:154} INFO - [2023-11-08T17:48:23.186-0500] {manager.py:499} INFO - Created Permission View: %s
[2023-11-08T17:48:23.186-0500] {logging_mixin.py:154} INFO - [2023-11-08T17:48:23.186-0500] {dag.py:2941} INFO - Sync 1 DAGs
[2023-11-08T17:48:23.191-0500] {logging_mixin.py:154} INFO - [2023-11-08T17:48:23.191-0500] {dag.py:2963} INFO - Creating ORM DAG for example_branch_operator
[2023-11-08T17:48:23.196-0500] {logging_mixin.py:154} INFO - [2023-11-08T17:48:23.196-0500] {dag.py:3722} INFO - Setting next_dagrun for example_branch_operator to 2023-11-07T00:00:00+00:00, run_after=2023-11-08T00:00:00+00:00
[2023-11-08T17:48:23.206-0500] {processor.py:179} INFO - Processing /Users/az/anaconda3/envs/python38/lib/python3.8/site-packages/airflow/example_dags/example_branch_operator.py took 0.496 seconds
[2023-11-08T17:50:28.529-0500] {processor.py:157} INFO - Started process (PID=49197) to work on /Users/az/anaconda3/envs/python38/lib/python3.8/site-packages/airflow/example_dags/example_branch_operator.py
[2023-11-08T17:50:28.534-0500] {processor.py:829} INFO - Processing file /Users/az/anaconda3/envs/python38/lib/python3.8/site-packages/airflow/example_dags/example_branch_operator.py for tasks to queue
[2023-11-08T17:50:28.534-0500] {logging_mixin.py:154} INFO - [2023-11-08T17:50:28.534-0500] {dagbag.py:536} INFO - Filling up the DagBag from /Users/az/anaconda3/envs/python38/lib/python3.8/site-packages/airflow/example_dags/example_branch_operator.py
[2023-11-08T17:50:28.558-0500] {processor.py:839} INFO - DAG(s) dict_keys(['example_branch_operator']) retrieved from /Users/az/anaconda3/envs/python38/lib/python3.8/site-packages/airflow/example_dags/example_branch_operator.py
[2023-11-08T17:50:28.666-0500] {logging_mixin.py:154} INFO - [2023-11-08T17:50:28.666-0500] {dag.py:2941} INFO - Sync 1 DAGs
[2023-11-08T17:50:28.677-0500] {logging_mixin.py:154} INFO - [2023-11-08T17:50:28.677-0500] {dag.py:3722} INFO - Setting next_dagrun for example_branch_operator to 2023-11-07T00:00:00+00:00, run_after=2023-11-08T00:00:00+00:00
[2023-11-08T17:50:28.687-0500] {processor.py:179} INFO - Processing /Users/az/anaconda3/envs/python38/lib/python3.8/site-packages/airflow/example_dags/example_branch_operator.py took 0.158 seconds
[2023-11-08T17:52:25.187-0500] {processor.py:157} INFO - Started process (PID=49353) to work on /Users/az/anaconda3/envs/python38/lib/python3.8/site-packages/airflow/example_dags/example_branch_operator.py
[2023-11-08T17:52:25.192-0500] {processor.py:829} INFO - Processing file /Users/az/anaconda3/envs/python38/lib/python3.8/site-packages/airflow/example_dags/example_branch_operator.py for tasks to queue
[2023-11-08T17:52:25.192-0500] {logging_mixin.py:154} INFO - [2023-11-08T17:52:25.192-0500] {dagbag.py:536} INFO - Filling up the DagBag from /Users/az/anaconda3/envs/python38/lib/python3.8/site-packages/airflow/example_dags/example_branch_operator.py
[2023-11-08T17:52:25.216-0500] {processor.py:839} INFO - DAG(s) dict_keys(['example_branch_operator']) retrieved from /Users/az/anaconda3/envs/python38/lib/python3.8/site-packages/airflow/example_dags/example_branch_operator.py
[2023-11-08T17:52:25.325-0500] {logging_mixin.py:154} INFO - [2023-11-08T17:52:25.324-0500] {dag.py:2941} INFO - Sync 1 DAGs
[2023-11-08T17:52:25.335-0500] {logging_mixin.py:154} INFO - [2023-11-08T17:52:25.335-0500] {dag.py:3722} INFO - Setting next_dagrun for example_branch_operator to 2023-11-07T00:00:00+00:00, run_after=2023-11-08T00:00:00+00:00
[2023-11-08T17:52:25.345-0500] {processor.py:179} INFO - Processing /Users/az/anaconda3/envs/python38/lib/python3.8/site-packages/airflow/example_dags/example_branch_operator.py took 0.158 seconds
[2023-11-08T17:54:17.240-0500] {processor.py:157} INFO - Started process (PID=49494) to work on /Users/az/anaconda3/envs/python38/lib/python3.8/site-packages/airflow/example_dags/example_branch_operator.py
[2023-11-08T17:54:17.244-0500] {processor.py:829} INFO - Processing file /Users/az/anaconda3/envs/python38/lib/python3.8/site-packages/airflow/example_dags/example_branch_operator.py for tasks to queue
[2023-11-08T17:54:17.245-0500] {logging_mixin.py:154} INFO - [2023-11-08T17:54:17.245-0500] {dagbag.py:536} INFO - Filling up the DagBag from /Users/az/anaconda3/envs/python38/lib/python3.8/site-packages/airflow/example_dags/example_branch_operator.py
[2023-11-08T17:54:17.269-0500] {processor.py:839} INFO - DAG(s) dict_keys(['example_branch_operator']) retrieved from /Users/az/anaconda3/envs/python38/lib/python3.8/site-packages/airflow/example_dags/example_branch_operator.py
[2023-11-08T17:54:17.377-0500] {logging_mixin.py:154} INFO - [2023-11-08T17:54:17.377-0500] {dag.py:2941} INFO - Sync 1 DAGs
[2023-11-08T17:54:17.388-0500] {logging_mixin.py:154} INFO - [2023-11-08T17:54:17.388-0500] {dag.py:3722} INFO - Setting next_dagrun for example_branch_operator to 2023-11-07T00:00:00+00:00, run_after=2023-11-08T00:00:00+00:00
[2023-11-08T17:54:17.398-0500] {processor.py:179} INFO - Processing /Users/az/anaconda3/envs/python38/lib/python3.8/site-packages/airflow/example_dags/example_branch_operator.py took 0.158 seconds
[2023-11-08T17:56:17.845-0500] {processor.py:157} INFO - Started process (PID=49641) to work on /Users/az/anaconda3/envs/python38/lib/python3.8/site-packages/airflow/example_dags/example_branch_operator.py
[2023-11-08T17:56:17.850-0500] {processor.py:829} INFO - Processing file /Users/az/anaconda3/envs/python38/lib/python3.8/site-packages/airflow/example_dags/example_branch_operator.py for tasks to queue
[2023-11-08T17:56:17.850-0500] {logging_mixin.py:154} INFO - [2023-11-08T17:56:17.850-0500] {dagbag.py:536} INFO - Filling up the DagBag from /Users/az/anaconda3/envs/python38/lib/python3.8/site-packages/airflow/example_dags/example_branch_operator.py
[2023-11-08T17:56:17.874-0500] {processor.py:839} INFO - DAG(s) dict_keys(['example_branch_operator']) retrieved from /Users/az/anaconda3/envs/python38/lib/python3.8/site-packages/airflow/example_dags/example_branch_operator.py
[2023-11-08T17:56:17.981-0500] {logging_mixin.py:154} INFO - [2023-11-08T17:56:17.981-0500] {dag.py:2941} INFO - Sync 1 DAGs
[2023-11-08T17:56:17.992-0500] {logging_mixin.py:154} INFO - [2023-11-08T17:56:17.992-0500] {dag.py:3722} INFO - Setting next_dagrun for example_branch_operator to 2023-11-07T00:00:00+00:00, run_after=2023-11-08T00:00:00+00:00
[2023-11-08T17:56:18.002-0500] {processor.py:179} INFO - Processing /Users/az/anaconda3/envs/python38/lib/python3.8/site-packages/airflow/example_dags/example_branch_operator.py took 0.157 seconds
[2023-11-08T17:58:19.044-0500] {processor.py:157} INFO - Started process (PID=49813) to work on /Users/az/anaconda3/envs/python38/lib/python3.8/site-packages/airflow/example_dags/example_branch_operator.py
[2023-11-08T17:58:19.048-0500] {processor.py:829} INFO - Processing file /Users/az/anaconda3/envs/python38/lib/python3.8/site-packages/airflow/example_dags/example_branch_operator.py for tasks to queue
[2023-11-08T17:58:19.048-0500] {logging_mixin.py:154} INFO - [2023-11-08T17:58:19.048-0500] {dagbag.py:536} INFO - Filling up the DagBag from /Users/az/anaconda3/envs/python38/lib/python3.8/site-packages/airflow/example_dags/example_branch_operator.py
[2023-11-08T17:58:19.073-0500] {processor.py:839} INFO - DAG(s) dict_keys(['example_branch_operator']) retrieved from /Users/az/anaconda3/envs/python38/lib/python3.8/site-packages/airflow/example_dags/example_branch_operator.py
[2023-11-08T17:58:19.181-0500] {logging_mixin.py:154} INFO - [2023-11-08T17:58:19.181-0500] {dag.py:2941} INFO - Sync 1 DAGs
[2023-11-08T17:58:19.192-0500] {logging_mixin.py:154} INFO - [2023-11-08T17:58:19.192-0500] {dag.py:3722} INFO - Setting next_dagrun for example_branch_operator to 2023-11-07T00:00:00+00:00, run_after=2023-11-08T00:00:00+00:00
[2023-11-08T17:58:19.202-0500] {processor.py:179} INFO - Processing /Users/az/anaconda3/envs/python38/lib/python3.8/site-packages/airflow/example_dags/example_branch_operator.py took 0.159 seconds
[2023-11-08T18:00:20.696-0500] {processor.py:157} INFO - Started process (PID=49963) to work on /Users/az/anaconda3/envs/python38/lib/python3.8/site-packages/airflow/example_dags/example_branch_operator.py
[2023-11-08T18:00:20.701-0500] {processor.py:829} INFO - Processing file /Users/az/anaconda3/envs/python38/lib/python3.8/site-packages/airflow/example_dags/example_branch_operator.py for tasks to queue
[2023-11-08T18:00:20.701-0500] {logging_mixin.py:154} INFO - [2023-11-08T18:00:20.701-0500] {dagbag.py:536} INFO - Filling up the DagBag from /Users/az/anaconda3/envs/python38/lib/python3.8/site-packages/airflow/example_dags/example_branch_operator.py
[2023-11-08T18:00:20.725-0500] {processor.py:839} INFO - DAG(s) dict_keys(['example_branch_operator']) retrieved from /Users/az/anaconda3/envs/python38/lib/python3.8/site-packages/airflow/example_dags/example_branch_operator.py
[2023-11-08T18:00:20.834-0500] {logging_mixin.py:154} INFO - [2023-11-08T18:00:20.834-0500] {dag.py:2941} INFO - Sync 1 DAGs
[2023-11-08T18:00:20.845-0500] {logging_mixin.py:154} INFO - [2023-11-08T18:00:20.845-0500] {dag.py:3722} INFO - Setting next_dagrun for example_branch_operator to 2023-11-07T00:00:00+00:00, run_after=2023-11-08T00:00:00+00:00
[2023-11-08T18:00:20.855-0500] {processor.py:179} INFO - Processing /Users/az/anaconda3/envs/python38/lib/python3.8/site-packages/airflow/example_dags/example_branch_operator.py took 0.160 seconds
[2023-11-08T18:02:18.005-0500] {processor.py:157} INFO - Started process (PID=50134) to work on /Users/az/anaconda3/envs/python38/lib/python3.8/site-packages/airflow/example_dags/example_branch_operator.py
[2023-11-08T18:02:18.009-0500] {processor.py:829} INFO - Processing file /Users/az/anaconda3/envs/python38/lib/python3.8/site-packages/airflow/example_dags/example_branch_operator.py for tasks to queue
[2023-11-08T18:02:18.010-0500] {logging_mixin.py:154} INFO - [2023-11-08T18:02:18.009-0500] {dagbag.py:536} INFO - Filling up the DagBag from /Users/az/anaconda3/envs/python38/lib/python3.8/site-packages/airflow/example_dags/example_branch_operator.py
[2023-11-08T18:02:18.033-0500] {processor.py:839} INFO - DAG(s) dict_keys(['example_branch_operator']) retrieved from /Users/az/anaconda3/envs/python38/lib/python3.8/site-packages/airflow/example_dags/example_branch_operator.py
[2023-11-08T18:02:18.152-0500] {logging_mixin.py:154} INFO - [2023-11-08T18:02:18.152-0500] {dag.py:2941} INFO - Sync 1 DAGs
[2023-11-08T18:02:18.163-0500] {logging_mixin.py:154} INFO - [2023-11-08T18:02:18.163-0500] {dag.py:3722} INFO - Setting next_dagrun for example_branch_operator to 2023-11-07T00:00:00+00:00, run_after=2023-11-08T00:00:00+00:00
[2023-11-08T18:02:18.173-0500] {processor.py:179} INFO - Processing /Users/az/anaconda3/envs/python38/lib/python3.8/site-packages/airflow/example_dags/example_branch_operator.py took 0.169 seconds
[2023-11-08T18:04:16.740-0500] {processor.py:157} INFO - Started process (PID=50458) to work on /Users/az/anaconda3/envs/python38/lib/python3.8/site-packages/airflow/example_dags/example_branch_operator.py
[2023-11-08T18:04:16.745-0500] {processor.py:829} INFO - Processing file /Users/az/anaconda3/envs/python38/lib/python3.8/site-packages/airflow/example_dags/example_branch_operator.py for tasks to queue
[2023-11-08T18:04:16.745-0500] {logging_mixin.py:154} INFO - [2023-11-08T18:04:16.745-0500] {dagbag.py:536} INFO - Filling up the DagBag from /Users/az/anaconda3/envs/python38/lib/python3.8/site-packages/airflow/example_dags/example_branch_operator.py
[2023-11-08T18:04:16.769-0500] {processor.py:839} INFO - DAG(s) dict_keys(['example_branch_operator']) retrieved from /Users/az/anaconda3/envs/python38/lib/python3.8/site-packages/airflow/example_dags/example_branch_operator.py
[2023-11-08T18:04:16.877-0500] {logging_mixin.py:154} INFO - [2023-11-08T18:04:16.877-0500] {dag.py:2941} INFO - Sync 1 DAGs
[2023-11-08T18:04:16.888-0500] {logging_mixin.py:154} INFO - [2023-11-08T18:04:16.888-0500] {dag.py:3722} INFO - Setting next_dagrun for example_branch_operator to 2023-11-07T00:00:00+00:00, run_after=2023-11-08T00:00:00+00:00
[2023-11-08T18:04:16.898-0500] {processor.py:179} INFO - Processing /Users/az/anaconda3/envs/python38/lib/python3.8/site-packages/airflow/example_dags/example_branch_operator.py took 0.158 seconds
[2023-11-08T18:06:12.468-0500] {processor.py:157} INFO - Started process (PID=50599) to work on /Users/az/anaconda3/envs/python38/lib/python3.8/site-packages/airflow/example_dags/example_branch_operator.py
[2023-11-08T18:06:12.473-0500] {processor.py:829} INFO - Processing file /Users/az/anaconda3/envs/python38/lib/python3.8/site-packages/airflow/example_dags/example_branch_operator.py for tasks to queue
[2023-11-08T18:06:12.473-0500] {logging_mixin.py:154} INFO - [2023-11-08T18:06:12.473-0500] {dagbag.py:536} INFO - Filling up the DagBag from /Users/az/anaconda3/envs/python38/lib/python3.8/site-packages/airflow/example_dags/example_branch_operator.py
[2023-11-08T18:06:12.497-0500] {processor.py:839} INFO - DAG(s) dict_keys(['example_branch_operator']) retrieved from /Users/az/anaconda3/envs/python38/lib/python3.8/site-packages/airflow/example_dags/example_branch_operator.py
[2023-11-08T18:06:12.604-0500] {logging_mixin.py:154} INFO - [2023-11-08T18:06:12.604-0500] {dag.py:2941} INFO - Sync 1 DAGs
[2023-11-08T18:06:12.614-0500] {logging_mixin.py:154} INFO - [2023-11-08T18:06:12.614-0500] {dag.py:3722} INFO - Setting next_dagrun for example_branch_operator to 2023-11-07T00:00:00+00:00, run_after=2023-11-08T00:00:00+00:00
[2023-11-08T18:06:12.625-0500] {processor.py:179} INFO - Processing /Users/az/anaconda3/envs/python38/lib/python3.8/site-packages/airflow/example_dags/example_branch_operator.py took 0.157 seconds
[2023-11-08T18:08:06.431-0500] {processor.py:157} INFO - Started process (PID=50771) to work on /Users/az/anaconda3/envs/python38/lib/python3.8/site-packages/airflow/example_dags/example_branch_operator.py
[2023-11-08T18:08:06.447-0500] {processor.py:829} INFO - Processing file /Users/az/anaconda3/envs/python38/lib/python3.8/site-packages/airflow/example_dags/example_branch_operator.py for tasks to queue
[2023-11-08T18:08:06.447-0500] {logging_mixin.py:154} INFO - [2023-11-08T18:08:06.447-0500] {dagbag.py:536} INFO - Filling up the DagBag from /Users/az/anaconda3/envs/python38/lib/python3.8/site-packages/airflow/example_dags/example_branch_operator.py
[2023-11-08T18:08:06.474-0500] {processor.py:839} INFO - DAG(s) dict_keys(['example_branch_operator']) retrieved from /Users/az/anaconda3/envs/python38/lib/python3.8/site-packages/airflow/example_dags/example_branch_operator.py
[2023-11-08T18:08:06.582-0500] {logging_mixin.py:154} INFO - [2023-11-08T18:08:06.582-0500] {dag.py:2941} INFO - Sync 1 DAGs
[2023-11-08T18:08:06.593-0500] {logging_mixin.py:154} INFO - [2023-11-08T18:08:06.593-0500] {dag.py:3722} INFO - Setting next_dagrun for example_branch_operator to 2023-11-07T00:00:00+00:00, run_after=2023-11-08T00:00:00+00:00
[2023-11-08T18:08:06.603-0500] {processor.py:179} INFO - Processing /Users/az/anaconda3/envs/python38/lib/python3.8/site-packages/airflow/example_dags/example_branch_operator.py took 0.172 seconds
[2023-11-08T18:10:05.927-0500] {processor.py:157} INFO - Started process (PID=50929) to work on /Users/az/anaconda3/envs/python38/lib/python3.8/site-packages/airflow/example_dags/example_branch_operator.py
[2023-11-08T18:10:05.932-0500] {processor.py:829} INFO - Processing file /Users/az/anaconda3/envs/python38/lib/python3.8/site-packages/airflow/example_dags/example_branch_operator.py for tasks to queue
[2023-11-08T18:10:05.932-0500] {logging_mixin.py:154} INFO - [2023-11-08T18:10:05.932-0500] {dagbag.py:536} INFO - Filling up the DagBag from /Users/az/anaconda3/envs/python38/lib/python3.8/site-packages/airflow/example_dags/example_branch_operator.py
[2023-11-08T18:10:05.956-0500] {processor.py:839} INFO - DAG(s) dict_keys(['example_branch_operator']) retrieved from /Users/az/anaconda3/envs/python38/lib/python3.8/site-packages/airflow/example_dags/example_branch_operator.py
[2023-11-08T18:10:06.064-0500] {logging_mixin.py:154} INFO - [2023-11-08T18:10:06.064-0500] {dag.py:2941} INFO - Sync 1 DAGs
[2023-11-08T18:10:06.075-0500] {logging_mixin.py:154} INFO - [2023-11-08T18:10:06.075-0500] {dag.py:3722} INFO - Setting next_dagrun for example_branch_operator to 2023-11-07T00:00:00+00:00, run_after=2023-11-08T00:00:00+00:00
[2023-11-08T18:10:06.085-0500] {processor.py:179} INFO - Processing /Users/az/anaconda3/envs/python38/lib/python3.8/site-packages/airflow/example_dags/example_branch_operator.py took 0.158 seconds
[2023-11-08T18:17:04.032-0500] {processor.py:157} INFO - Started process (PID=51099) to work on /Users/az/anaconda3/envs/python38/lib/python3.8/site-packages/airflow/example_dags/example_branch_operator.py
[2023-11-08T18:17:04.037-0500] {processor.py:829} INFO - Processing file /Users/az/anaconda3/envs/python38/lib/python3.8/site-packages/airflow/example_dags/example_branch_operator.py for tasks to queue
[2023-11-08T18:17:04.037-0500] {logging_mixin.py:154} INFO - [2023-11-08T18:17:04.037-0500] {dagbag.py:536} INFO - Filling up the DagBag from /Users/az/anaconda3/envs/python38/lib/python3.8/site-packages/airflow/example_dags/example_branch_operator.py
[2023-11-08T18:17:04.061-0500] {processor.py:839} INFO - DAG(s) dict_keys(['example_branch_operator']) retrieved from /Users/az/anaconda3/envs/python38/lib/python3.8/site-packages/airflow/example_dags/example_branch_operator.py
[2023-11-08T18:17:04.169-0500] {logging_mixin.py:154} INFO - [2023-11-08T18:17:04.169-0500] {dag.py:2941} INFO - Sync 1 DAGs
[2023-11-08T18:17:04.179-0500] {logging_mixin.py:154} INFO - [2023-11-08T18:17:04.179-0500] {dag.py:3722} INFO - Setting next_dagrun for example_branch_operator to 2023-11-07T00:00:00+00:00, run_after=2023-11-08T00:00:00+00:00
[2023-11-08T18:17:04.190-0500] {processor.py:179} INFO - Processing /Users/az/anaconda3/envs/python38/lib/python3.8/site-packages/airflow/example_dags/example_branch_operator.py took 0.158 seconds
[2023-11-08T18:31:04.040-0500] {processor.py:157} INFO - Started process (PID=51292) to work on /Users/az/anaconda3/envs/python38/lib/python3.8/site-packages/airflow/example_dags/example_branch_operator.py
[2023-11-08T18:31:04.044-0500] {processor.py:829} INFO - Processing file /Users/az/anaconda3/envs/python38/lib/python3.8/site-packages/airflow/example_dags/example_branch_operator.py for tasks to queue
[2023-11-08T18:31:04.045-0500] {logging_mixin.py:154} INFO - [2023-11-08T18:31:04.045-0500] {dagbag.py:536} INFO - Filling up the DagBag from /Users/az/anaconda3/envs/python38/lib/python3.8/site-packages/airflow/example_dags/example_branch_operator.py
[2023-11-08T18:31:04.068-0500] {processor.py:839} INFO - DAG(s) dict_keys(['example_branch_operator']) retrieved from /Users/az/anaconda3/envs/python38/lib/python3.8/site-packages/airflow/example_dags/example_branch_operator.py
[2023-11-08T18:31:04.177-0500] {logging_mixin.py:154} INFO - [2023-11-08T18:31:04.176-0500] {dag.py:2941} INFO - Sync 1 DAGs
[2023-11-08T18:31:04.187-0500] {logging_mixin.py:154} INFO - [2023-11-08T18:31:04.187-0500] {dag.py:3722} INFO - Setting next_dagrun for example_branch_operator to 2023-11-07T00:00:00+00:00, run_after=2023-11-08T00:00:00+00:00
[2023-11-08T18:31:04.197-0500] {processor.py:179} INFO - Processing /Users/az/anaconda3/envs/python38/lib/python3.8/site-packages/airflow/example_dags/example_branch_operator.py took 0.158 seconds
[2023-11-08T18:33:03.230-0500] {processor.py:157} INFO - Started process (PID=51438) to work on /Users/az/anaconda3/envs/python38/lib/python3.8/site-packages/airflow/example_dags/example_branch_operator.py
[2023-11-08T18:33:03.234-0500] {processor.py:829} INFO - Processing file /Users/az/anaconda3/envs/python38/lib/python3.8/site-packages/airflow/example_dags/example_branch_operator.py for tasks to queue
[2023-11-08T18:33:03.234-0500] {logging_mixin.py:154} INFO - [2023-11-08T18:33:03.234-0500] {dagbag.py:536} INFO - Filling up the DagBag from /Users/az/anaconda3/envs/python38/lib/python3.8/site-packages/airflow/example_dags/example_branch_operator.py
[2023-11-08T18:33:03.258-0500] {processor.py:839} INFO - DAG(s) dict_keys(['example_branch_operator']) retrieved from /Users/az/anaconda3/envs/python38/lib/python3.8/site-packages/airflow/example_dags/example_branch_operator.py
[2023-11-08T18:33:03.366-0500] {logging_mixin.py:154} INFO - [2023-11-08T18:33:03.366-0500] {dag.py:2941} INFO - Sync 1 DAGs
[2023-11-08T18:33:03.377-0500] {logging_mixin.py:154} INFO - [2023-11-08T18:33:03.377-0500] {dag.py:3722} INFO - Setting next_dagrun for example_branch_operator to 2023-11-07T00:00:00+00:00, run_after=2023-11-08T00:00:00+00:00
[2023-11-08T18:33:03.387-0500] {processor.py:179} INFO - Processing /Users/az/anaconda3/envs/python38/lib/python3.8/site-packages/airflow/example_dags/example_branch_operator.py took 0.158 seconds
[2023-11-08T18:35:08.219-0500] {processor.py:157} INFO - Started process (PID=51597) to work on /Users/az/anaconda3/envs/python38/lib/python3.8/site-packages/airflow/example_dags/example_branch_operator.py
[2023-11-08T18:35:08.224-0500] {processor.py:829} INFO - Processing file /Users/az/anaconda3/envs/python38/lib/python3.8/site-packages/airflow/example_dags/example_branch_operator.py for tasks to queue
[2023-11-08T18:35:08.224-0500] {logging_mixin.py:154} INFO - [2023-11-08T18:35:08.224-0500] {dagbag.py:536} INFO - Filling up the DagBag from /Users/az/anaconda3/envs/python38/lib/python3.8/site-packages/airflow/example_dags/example_branch_operator.py
[2023-11-08T18:35:08.248-0500] {processor.py:839} INFO - DAG(s) dict_keys(['example_branch_operator']) retrieved from /Users/az/anaconda3/envs/python38/lib/python3.8/site-packages/airflow/example_dags/example_branch_operator.py
[2023-11-08T18:35:08.356-0500] {logging_mixin.py:154} INFO - [2023-11-08T18:35:08.356-0500] {dag.py:2941} INFO - Sync 1 DAGs
[2023-11-08T18:35:08.366-0500] {logging_mixin.py:154} INFO - [2023-11-08T18:35:08.366-0500] {dag.py:3722} INFO - Setting next_dagrun for example_branch_operator to 2023-11-07T00:00:00+00:00, run_after=2023-11-08T00:00:00+00:00
[2023-11-08T18:35:08.377-0500] {processor.py:179} INFO - Processing /Users/az/anaconda3/envs/python38/lib/python3.8/site-packages/airflow/example_dags/example_branch_operator.py took 0.158 seconds
[2023-11-08T18:37:04.922-0500] {processor.py:157} INFO - Started process (PID=51742) to work on /Users/az/anaconda3/envs/python38/lib/python3.8/site-packages/airflow/example_dags/example_branch_operator.py
[2023-11-08T18:37:04.927-0500] {processor.py:829} INFO - Processing file /Users/az/anaconda3/envs/python38/lib/python3.8/site-packages/airflow/example_dags/example_branch_operator.py for tasks to queue
[2023-11-08T18:37:04.927-0500] {logging_mixin.py:154} INFO - [2023-11-08T18:37:04.927-0500] {dagbag.py:536} INFO - Filling up the DagBag from /Users/az/anaconda3/envs/python38/lib/python3.8/site-packages/airflow/example_dags/example_branch_operator.py
[2023-11-08T18:37:04.951-0500] {processor.py:839} INFO - DAG(s) dict_keys(['example_branch_operator']) retrieved from /Users/az/anaconda3/envs/python38/lib/python3.8/site-packages/airflow/example_dags/example_branch_operator.py
[2023-11-08T18:37:05.059-0500] {logging_mixin.py:154} INFO - [2023-11-08T18:37:05.059-0500] {dag.py:2941} INFO - Sync 1 DAGs
[2023-11-08T18:37:05.070-0500] {logging_mixin.py:154} INFO - [2023-11-08T18:37:05.069-0500] {dag.py:3722} INFO - Setting next_dagrun for example_branch_operator to 2023-11-07T00:00:00+00:00, run_after=2023-11-08T00:00:00+00:00
[2023-11-08T18:37:05.080-0500] {processor.py:179} INFO - Processing /Users/az/anaconda3/envs/python38/lib/python3.8/site-packages/airflow/example_dags/example_branch_operator.py took 0.158 seconds
[2023-11-08T18:38:58.808-0500] {processor.py:157} INFO - Started process (PID=51887) to work on /Users/az/anaconda3/envs/python38/lib/python3.8/site-packages/airflow/example_dags/example_branch_operator.py
[2023-11-08T18:38:58.812-0500] {processor.py:829} INFO - Processing file /Users/az/anaconda3/envs/python38/lib/python3.8/site-packages/airflow/example_dags/example_branch_operator.py for tasks to queue
[2023-11-08T18:38:58.813-0500] {logging_mixin.py:154} INFO - [2023-11-08T18:38:58.813-0500] {dagbag.py:536} INFO - Filling up the DagBag from /Users/az/anaconda3/envs/python38/lib/python3.8/site-packages/airflow/example_dags/example_branch_operator.py
[2023-11-08T18:38:58.837-0500] {processor.py:839} INFO - DAG(s) dict_keys(['example_branch_operator']) retrieved from /Users/az/anaconda3/envs/python38/lib/python3.8/site-packages/airflow/example_dags/example_branch_operator.py
[2023-11-08T18:38:58.945-0500] {logging_mixin.py:154} INFO - [2023-11-08T18:38:58.945-0500] {dag.py:2941} INFO - Sync 1 DAGs
[2023-11-08T18:38:58.956-0500] {logging_mixin.py:154} INFO - [2023-11-08T18:38:58.955-0500] {dag.py:3722} INFO - Setting next_dagrun for example_branch_operator to 2023-11-07T00:00:00+00:00, run_after=2023-11-08T00:00:00+00:00
[2023-11-08T18:38:58.966-0500] {processor.py:179} INFO - Processing /Users/az/anaconda3/envs/python38/lib/python3.8/site-packages/airflow/example_dags/example_branch_operator.py took 0.158 seconds
[2023-11-08T18:41:05.601-0500] {processor.py:157} INFO - Started process (PID=52035) to work on /Users/az/anaconda3/envs/python38/lib/python3.8/site-packages/airflow/example_dags/example_branch_operator.py
[2023-11-08T18:41:05.605-0500] {processor.py:829} INFO - Processing file /Users/az/anaconda3/envs/python38/lib/python3.8/site-packages/airflow/example_dags/example_branch_operator.py for tasks to queue
[2023-11-08T18:41:05.606-0500] {logging_mixin.py:154} INFO - [2023-11-08T18:41:05.606-0500] {dagbag.py:536} INFO - Filling up the DagBag from /Users/az/anaconda3/envs/python38/lib/python3.8/site-packages/airflow/example_dags/example_branch_operator.py
[2023-11-08T18:41:05.630-0500] {processor.py:839} INFO - DAG(s) dict_keys(['example_branch_operator']) retrieved from /Users/az/anaconda3/envs/python38/lib/python3.8/site-packages/airflow/example_dags/example_branch_operator.py
[2023-11-08T18:41:05.738-0500] {logging_mixin.py:154} INFO - [2023-11-08T18:41:05.738-0500] {dag.py:2941} INFO - Sync 1 DAGs
[2023-11-08T18:41:05.749-0500] {logging_mixin.py:154} INFO - [2023-11-08T18:41:05.749-0500] {dag.py:3722} INFO - Setting next_dagrun for example_branch_operator to 2023-11-07T00:00:00+00:00, run_after=2023-11-08T00:00:00+00:00
[2023-11-08T18:41:05.759-0500] {processor.py:179} INFO - Processing /Users/az/anaconda3/envs/python38/lib/python3.8/site-packages/airflow/example_dags/example_branch_operator.py took 0.158 seconds
[2023-11-08T18:43:04.341-0500] {processor.py:157} INFO - Started process (PID=52182) to work on /Users/az/anaconda3/envs/python38/lib/python3.8/site-packages/airflow/example_dags/example_branch_operator.py
[2023-11-08T18:43:04.346-0500] {processor.py:829} INFO - Processing file /Users/az/anaconda3/envs/python38/lib/python3.8/site-packages/airflow/example_dags/example_branch_operator.py for tasks to queue
[2023-11-08T18:43:04.346-0500] {logging_mixin.py:154} INFO - [2023-11-08T18:43:04.346-0500] {dagbag.py:536} INFO - Filling up the DagBag from /Users/az/anaconda3/envs/python38/lib/python3.8/site-packages/airflow/example_dags/example_branch_operator.py
[2023-11-08T18:43:04.370-0500] {processor.py:839} INFO - DAG(s) dict_keys(['example_branch_operator']) retrieved from /Users/az/anaconda3/envs/python38/lib/python3.8/site-packages/airflow/example_dags/example_branch_operator.py
[2023-11-08T18:43:04.478-0500] {logging_mixin.py:154} INFO - [2023-11-08T18:43:04.478-0500] {dag.py:2941} INFO - Sync 1 DAGs
[2023-11-08T18:43:04.489-0500] {logging_mixin.py:154} INFO - [2023-11-08T18:43:04.489-0500] {dag.py:3722} INFO - Setting next_dagrun for example_branch_operator to 2023-11-07T00:00:00+00:00, run_after=2023-11-08T00:00:00+00:00
[2023-11-08T18:43:04.499-0500] {processor.py:179} INFO - Processing /Users/az/anaconda3/envs/python38/lib/python3.8/site-packages/airflow/example_dags/example_branch_operator.py took 0.159 seconds
[2023-11-08T18:45:07.561-0500] {processor.py:157} INFO - Started process (PID=52332) to work on /Users/az/anaconda3/envs/python38/lib/python3.8/site-packages/airflow/example_dags/example_branch_operator.py
[2023-11-08T18:45:07.566-0500] {processor.py:829} INFO - Processing file /Users/az/anaconda3/envs/python38/lib/python3.8/site-packages/airflow/example_dags/example_branch_operator.py for tasks to queue
[2023-11-08T18:45:07.566-0500] {logging_mixin.py:154} INFO - [2023-11-08T18:45:07.566-0500] {dagbag.py:536} INFO - Filling up the DagBag from /Users/az/anaconda3/envs/python38/lib/python3.8/site-packages/airflow/example_dags/example_branch_operator.py
[2023-11-08T18:45:07.590-0500] {processor.py:839} INFO - DAG(s) dict_keys(['example_branch_operator']) retrieved from /Users/az/anaconda3/envs/python38/lib/python3.8/site-packages/airflow/example_dags/example_branch_operator.py
[2023-11-08T18:45:07.698-0500] {logging_mixin.py:154} INFO - [2023-11-08T18:45:07.698-0500] {dag.py:2941} INFO - Sync 1 DAGs
[2023-11-08T18:45:07.709-0500] {logging_mixin.py:154} INFO - [2023-11-08T18:45:07.709-0500] {dag.py:3722} INFO - Setting next_dagrun for example_branch_operator to 2023-11-07T00:00:00+00:00, run_after=2023-11-08T00:00:00+00:00
[2023-11-08T18:45:07.719-0500] {processor.py:179} INFO - Processing /Users/az/anaconda3/envs/python38/lib/python3.8/site-packages/airflow/example_dags/example_branch_operator.py took 0.158 seconds
[2023-11-08T18:47:14.006-0500] {processor.py:157} INFO - Started process (PID=52504) to work on /Users/az/anaconda3/envs/python38/lib/python3.8/site-packages/airflow/example_dags/example_branch_operator.py
[2023-11-08T18:47:14.011-0500] {processor.py:829} INFO - Processing file /Users/az/anaconda3/envs/python38/lib/python3.8/site-packages/airflow/example_dags/example_branch_operator.py for tasks to queue
[2023-11-08T18:47:14.012-0500] {logging_mixin.py:154} INFO - [2023-11-08T18:47:14.012-0500] {dagbag.py:536} INFO - Filling up the DagBag from /Users/az/anaconda3/envs/python38/lib/python3.8/site-packages/airflow/example_dags/example_branch_operator.py
[2023-11-08T18:47:14.035-0500] {processor.py:839} INFO - DAG(s) dict_keys(['example_branch_operator']) retrieved from /Users/az/anaconda3/envs/python38/lib/python3.8/site-packages/airflow/example_dags/example_branch_operator.py
[2023-11-08T18:47:14.144-0500] {logging_mixin.py:154} INFO - [2023-11-08T18:47:14.144-0500] {dag.py:2941} INFO - Sync 1 DAGs
[2023-11-08T18:47:14.155-0500] {logging_mixin.py:154} INFO - [2023-11-08T18:47:14.155-0500] {dag.py:3722} INFO - Setting next_dagrun for example_branch_operator to 2023-11-07T00:00:00+00:00, run_after=2023-11-08T00:00:00+00:00
[2023-11-08T18:47:14.165-0500] {processor.py:179} INFO - Processing /Users/az/anaconda3/envs/python38/lib/python3.8/site-packages/airflow/example_dags/example_branch_operator.py took 0.159 seconds
[2023-11-08T18:49:14.085-0500] {processor.py:157} INFO - Started process (PID=52689) to work on /Users/az/anaconda3/envs/python38/lib/python3.8/site-packages/airflow/example_dags/example_branch_operator.py
[2023-11-08T18:49:14.089-0500] {processor.py:829} INFO - Processing file /Users/az/anaconda3/envs/python38/lib/python3.8/site-packages/airflow/example_dags/example_branch_operator.py for tasks to queue
[2023-11-08T18:49:14.089-0500] {logging_mixin.py:154} INFO - [2023-11-08T18:49:14.089-0500] {dagbag.py:536} INFO - Filling up the DagBag from /Users/az/anaconda3/envs/python38/lib/python3.8/site-packages/airflow/example_dags/example_branch_operator.py
[2023-11-08T18:49:14.113-0500] {processor.py:839} INFO - DAG(s) dict_keys(['example_branch_operator']) retrieved from /Users/az/anaconda3/envs/python38/lib/python3.8/site-packages/airflow/example_dags/example_branch_operator.py
[2023-11-08T18:49:14.221-0500] {logging_mixin.py:154} INFO - [2023-11-08T18:49:14.221-0500] {dag.py:2941} INFO - Sync 1 DAGs
[2023-11-08T18:49:14.231-0500] {logging_mixin.py:154} INFO - [2023-11-08T18:49:14.231-0500] {dag.py:3722} INFO - Setting next_dagrun for example_branch_operator to 2023-11-07T00:00:00+00:00, run_after=2023-11-08T00:00:00+00:00
[2023-11-08T18:49:14.241-0500] {processor.py:179} INFO - Processing /Users/az/anaconda3/envs/python38/lib/python3.8/site-packages/airflow/example_dags/example_branch_operator.py took 0.157 seconds
[2023-11-08T18:51:15.163-0500] {processor.py:157} INFO - Started process (PID=52843) to work on /Users/az/anaconda3/envs/python38/lib/python3.8/site-packages/airflow/example_dags/example_branch_operator.py
[2023-11-08T18:51:15.168-0500] {processor.py:829} INFO - Processing file /Users/az/anaconda3/envs/python38/lib/python3.8/site-packages/airflow/example_dags/example_branch_operator.py for tasks to queue
[2023-11-08T18:51:15.168-0500] {logging_mixin.py:154} INFO - [2023-11-08T18:51:15.168-0500] {dagbag.py:536} INFO - Filling up the DagBag from /Users/az/anaconda3/envs/python38/lib/python3.8/site-packages/airflow/example_dags/example_branch_operator.py
[2023-11-08T18:51:15.192-0500] {processor.py:839} INFO - DAG(s) dict_keys(['example_branch_operator']) retrieved from /Users/az/anaconda3/envs/python38/lib/python3.8/site-packages/airflow/example_dags/example_branch_operator.py
[2023-11-08T18:51:15.300-0500] {logging_mixin.py:154} INFO - [2023-11-08T18:51:15.299-0500] {dag.py:2941} INFO - Sync 1 DAGs
[2023-11-08T18:51:15.310-0500] {logging_mixin.py:154} INFO - [2023-11-08T18:51:15.310-0500] {dag.py:3722} INFO - Setting next_dagrun for example_branch_operator to 2023-11-07T00:00:00+00:00, run_after=2023-11-08T00:00:00+00:00
[2023-11-08T18:51:15.320-0500] {processor.py:179} INFO - Processing /Users/az/anaconda3/envs/python38/lib/python3.8/site-packages/airflow/example_dags/example_branch_operator.py took 0.158 seconds
[2023-11-08T18:53:19.468-0500] {processor.py:157} INFO - Started process (PID=52995) to work on /Users/az/anaconda3/envs/python38/lib/python3.8/site-packages/airflow/example_dags/example_branch_operator.py
[2023-11-08T18:53:19.473-0500] {processor.py:829} INFO - Processing file /Users/az/anaconda3/envs/python38/lib/python3.8/site-packages/airflow/example_dags/example_branch_operator.py for tasks to queue
[2023-11-08T18:53:19.473-0500] {logging_mixin.py:154} INFO - [2023-11-08T18:53:19.473-0500] {dagbag.py:536} INFO - Filling up the DagBag from /Users/az/anaconda3/envs/python38/lib/python3.8/site-packages/airflow/example_dags/example_branch_operator.py
[2023-11-08T18:53:19.497-0500] {processor.py:839} INFO - DAG(s) dict_keys(['example_branch_operator']) retrieved from /Users/az/anaconda3/envs/python38/lib/python3.8/site-packages/airflow/example_dags/example_branch_operator.py
[2023-11-08T18:53:19.607-0500] {logging_mixin.py:154} INFO - [2023-11-08T18:53:19.607-0500] {dag.py:2941} INFO - Sync 1 DAGs
[2023-11-08T18:53:19.617-0500] {logging_mixin.py:154} INFO - [2023-11-08T18:53:19.617-0500] {dag.py:3722} INFO - Setting next_dagrun for example_branch_operator to 2023-11-07T00:00:00+00:00, run_after=2023-11-08T00:00:00+00:00
[2023-11-08T18:53:19.628-0500] {processor.py:179} INFO - Processing /Users/az/anaconda3/envs/python38/lib/python3.8/site-packages/airflow/example_dags/example_branch_operator.py took 0.160 seconds
[2023-11-08T18:55:24.884-0500] {processor.py:157} INFO - Started process (PID=53168) to work on /Users/az/anaconda3/envs/python38/lib/python3.8/site-packages/airflow/example_dags/example_branch_operator.py
[2023-11-08T18:55:24.889-0500] {processor.py:829} INFO - Processing file /Users/az/anaconda3/envs/python38/lib/python3.8/site-packages/airflow/example_dags/example_branch_operator.py for tasks to queue
[2023-11-08T18:55:24.889-0500] {logging_mixin.py:154} INFO - [2023-11-08T18:55:24.889-0500] {dagbag.py:536} INFO - Filling up the DagBag from /Users/az/anaconda3/envs/python38/lib/python3.8/site-packages/airflow/example_dags/example_branch_operator.py
[2023-11-08T18:55:24.915-0500] {processor.py:839} INFO - DAG(s) dict_keys(['example_branch_operator']) retrieved from /Users/az/anaconda3/envs/python38/lib/python3.8/site-packages/airflow/example_dags/example_branch_operator.py
[2023-11-08T18:55:25.025-0500] {logging_mixin.py:154} INFO - [2023-11-08T18:55:25.024-0500] {dag.py:2941} INFO - Sync 1 DAGs
[2023-11-08T18:55:25.035-0500] {logging_mixin.py:154} INFO - [2023-11-08T18:55:25.035-0500] {dag.py:3722} INFO - Setting next_dagrun for example_branch_operator to 2023-11-07T00:00:00+00:00, run_after=2023-11-08T00:00:00+00:00
[2023-11-08T18:55:25.046-0500] {processor.py:179} INFO - Processing /Users/az/anaconda3/envs/python38/lib/python3.8/site-packages/airflow/example_dags/example_branch_operator.py took 0.162 seconds
[2023-11-08T18:57:29.159-0500] {processor.py:157} INFO - Started process (PID=53325) to work on /Users/az/anaconda3/envs/python38/lib/python3.8/site-packages/airflow/example_dags/example_branch_operator.py
[2023-11-08T18:57:29.163-0500] {processor.py:829} INFO - Processing file /Users/az/anaconda3/envs/python38/lib/python3.8/site-packages/airflow/example_dags/example_branch_operator.py for tasks to queue
[2023-11-08T18:57:29.164-0500] {logging_mixin.py:154} INFO - [2023-11-08T18:57:29.164-0500] {dagbag.py:536} INFO - Filling up the DagBag from /Users/az/anaconda3/envs/python38/lib/python3.8/site-packages/airflow/example_dags/example_branch_operator.py
[2023-11-08T18:57:29.187-0500] {processor.py:839} INFO - DAG(s) dict_keys(['example_branch_operator']) retrieved from /Users/az/anaconda3/envs/python38/lib/python3.8/site-packages/airflow/example_dags/example_branch_operator.py
[2023-11-08T18:57:29.296-0500] {logging_mixin.py:154} INFO - [2023-11-08T18:57:29.296-0500] {dag.py:2941} INFO - Sync 1 DAGs
[2023-11-08T18:57:29.306-0500] {logging_mixin.py:154} INFO - [2023-11-08T18:57:29.306-0500] {dag.py:3722} INFO - Setting next_dagrun for example_branch_operator to 2023-11-07T00:00:00+00:00, run_after=2023-11-08T00:00:00+00:00
[2023-11-08T18:57:29.316-0500] {processor.py:179} INFO - Processing /Users/az/anaconda3/envs/python38/lib/python3.8/site-packages/airflow/example_dags/example_branch_operator.py took 0.158 seconds
[2023-11-08T18:59:34.444-0500] {processor.py:157} INFO - Started process (PID=53480) to work on /Users/az/anaconda3/envs/python38/lib/python3.8/site-packages/airflow/example_dags/example_branch_operator.py
[2023-11-08T18:59:34.449-0500] {processor.py:829} INFO - Processing file /Users/az/anaconda3/envs/python38/lib/python3.8/site-packages/airflow/example_dags/example_branch_operator.py for tasks to queue
[2023-11-08T18:59:34.449-0500] {logging_mixin.py:154} INFO - [2023-11-08T18:59:34.449-0500] {dagbag.py:536} INFO - Filling up the DagBag from /Users/az/anaconda3/envs/python38/lib/python3.8/site-packages/airflow/example_dags/example_branch_operator.py
[2023-11-08T18:59:34.473-0500] {processor.py:839} INFO - DAG(s) dict_keys(['example_branch_operator']) retrieved from /Users/az/anaconda3/envs/python38/lib/python3.8/site-packages/airflow/example_dags/example_branch_operator.py
[2023-11-08T18:59:34.581-0500] {logging_mixin.py:154} INFO - [2023-11-08T18:59:34.581-0500] {dag.py:2941} INFO - Sync 1 DAGs
[2023-11-08T18:59:34.591-0500] {logging_mixin.py:154} INFO - [2023-11-08T18:59:34.591-0500] {dag.py:3722} INFO - Setting next_dagrun for example_branch_operator to 2023-11-07T00:00:00+00:00, run_after=2023-11-08T00:00:00+00:00
[2023-11-08T18:59:34.601-0500] {processor.py:179} INFO - Processing /Users/az/anaconda3/envs/python38/lib/python3.8/site-packages/airflow/example_dags/example_branch_operator.py took 0.158 seconds
