[2023-11-08T17:48:18.737-0500] {processor.py:157} INFO - Started process (PID=48976) to work on /Users/az/anaconda3/envs/python38/lib/python3.8/site-packages/airflow/example_dags/example_branch_python_dop_operator_3.py
[2023-11-08T17:48:18.741-0500] {processor.py:829} INFO - Processing file /Users/az/anaconda3/envs/python38/lib/python3.8/site-packages/airflow/example_dags/example_branch_python_dop_operator_3.py for tasks to queue
[2023-11-08T17:48:18.742-0500] {logging_mixin.py:154} INFO - [2023-11-08T17:48:18.741-0500] {dagbag.py:536} INFO - Filling up the DagBag from /Users/az/anaconda3/envs/python38/lib/python3.8/site-packages/airflow/example_dags/example_branch_python_dop_operator_3.py
[2023-11-08T17:48:18.776-0500] {processor.py:839} INFO - DAG(s) dict_keys(['example_branch_dop_operator_v3']) retrieved from /Users/az/anaconda3/envs/python38/lib/python3.8/site-packages/airflow/example_dags/example_branch_python_dop_operator_3.py
[2023-11-08T17:48:19.125-0500] {logging_mixin.py:154} INFO - [2023-11-08T17:48:19.124-0500] {manager.py:499} INFO - Created Permission View: %s
[2023-11-08T17:48:19.129-0500] {logging_mixin.py:154} INFO - [2023-11-08T17:48:19.129-0500] {manager.py:499} INFO - Created Permission View: %s
[2023-11-08T17:48:19.132-0500] {logging_mixin.py:154} INFO - [2023-11-08T17:48:19.132-0500] {manager.py:499} INFO - Created Permission View: %s
[2023-11-08T17:48:19.133-0500] {logging_mixin.py:154} INFO - [2023-11-08T17:48:19.132-0500] {dag.py:2941} INFO - Sync 1 DAGs
[2023-11-08T17:48:19.138-0500] {logging_mixin.py:154} INFO - [2023-11-08T17:48:19.138-0500] {dag.py:2963} INFO - Creating ORM DAG for example_branch_dop_operator_v3
[2023-11-08T17:48:19.146-0500] {logging_mixin.py:154} INFO - [2023-11-08T17:48:19.146-0500] {dag.py:3722} INFO - Setting next_dagrun for example_branch_dop_operator_v3 to 2023-11-08T22:47:00+00:00, run_after=2023-11-08T22:48:00+00:00
[2023-11-08T17:48:19.155-0500] {processor.py:179} INFO - Processing /Users/az/anaconda3/envs/python38/lib/python3.8/site-packages/airflow/example_dags/example_branch_python_dop_operator_3.py took 0.418 seconds
[2023-11-08T17:50:24.503-0500] {processor.py:157} INFO - Started process (PID=49193) to work on /Users/az/anaconda3/envs/python38/lib/python3.8/site-packages/airflow/example_dags/example_branch_python_dop_operator_3.py
[2023-11-08T17:50:24.508-0500] {processor.py:829} INFO - Processing file /Users/az/anaconda3/envs/python38/lib/python3.8/site-packages/airflow/example_dags/example_branch_python_dop_operator_3.py for tasks to queue
[2023-11-08T17:50:24.508-0500] {logging_mixin.py:154} INFO - [2023-11-08T17:50:24.508-0500] {dagbag.py:536} INFO - Filling up the DagBag from /Users/az/anaconda3/envs/python38/lib/python3.8/site-packages/airflow/example_dags/example_branch_python_dop_operator_3.py
[2023-11-08T17:50:24.541-0500] {processor.py:839} INFO - DAG(s) dict_keys(['example_branch_dop_operator_v3']) retrieved from /Users/az/anaconda3/envs/python38/lib/python3.8/site-packages/airflow/example_dags/example_branch_python_dop_operator_3.py
[2023-11-08T17:50:24.644-0500] {logging_mixin.py:154} INFO - [2023-11-08T17:50:24.644-0500] {dag.py:2941} INFO - Sync 1 DAGs
[2023-11-08T17:50:24.656-0500] {logging_mixin.py:154} INFO - [2023-11-08T17:50:24.656-0500] {dag.py:3722} INFO - Setting next_dagrun for example_branch_dop_operator_v3 to 2023-11-08T22:49:00+00:00, run_after=2023-11-08T22:50:00+00:00
[2023-11-08T17:50:24.666-0500] {processor.py:179} INFO - Processing /Users/az/anaconda3/envs/python38/lib/python3.8/site-packages/airflow/example_dags/example_branch_python_dop_operator_3.py took 0.164 seconds
[2023-11-08T17:52:21.187-0500] {processor.py:157} INFO - Started process (PID=49348) to work on /Users/az/anaconda3/envs/python38/lib/python3.8/site-packages/airflow/example_dags/example_branch_python_dop_operator_3.py
[2023-11-08T17:52:21.191-0500] {processor.py:829} INFO - Processing file /Users/az/anaconda3/envs/python38/lib/python3.8/site-packages/airflow/example_dags/example_branch_python_dop_operator_3.py for tasks to queue
[2023-11-08T17:52:21.192-0500] {logging_mixin.py:154} INFO - [2023-11-08T17:52:21.192-0500] {dagbag.py:536} INFO - Filling up the DagBag from /Users/az/anaconda3/envs/python38/lib/python3.8/site-packages/airflow/example_dags/example_branch_python_dop_operator_3.py
[2023-11-08T17:52:21.225-0500] {processor.py:839} INFO - DAG(s) dict_keys(['example_branch_dop_operator_v3']) retrieved from /Users/az/anaconda3/envs/python38/lib/python3.8/site-packages/airflow/example_dags/example_branch_python_dop_operator_3.py
[2023-11-08T17:52:21.326-0500] {logging_mixin.py:154} INFO - [2023-11-08T17:52:21.326-0500] {dag.py:2941} INFO - Sync 1 DAGs
[2023-11-08T17:52:21.338-0500] {logging_mixin.py:154} INFO - [2023-11-08T17:52:21.338-0500] {dag.py:3722} INFO - Setting next_dagrun for example_branch_dop_operator_v3 to 2023-11-08T22:51:00+00:00, run_after=2023-11-08T22:52:00+00:00
[2023-11-08T17:52:21.348-0500] {processor.py:179} INFO - Processing /Users/az/anaconda3/envs/python38/lib/python3.8/site-packages/airflow/example_dags/example_branch_python_dop_operator_3.py took 0.162 seconds
[2023-11-08T17:54:13.763-0500] {processor.py:157} INFO - Started process (PID=49490) to work on /Users/az/anaconda3/envs/python38/lib/python3.8/site-packages/airflow/example_dags/example_branch_python_dop_operator_3.py
[2023-11-08T17:54:13.768-0500] {processor.py:829} INFO - Processing file /Users/az/anaconda3/envs/python38/lib/python3.8/site-packages/airflow/example_dags/example_branch_python_dop_operator_3.py for tasks to queue
[2023-11-08T17:54:13.768-0500] {logging_mixin.py:154} INFO - [2023-11-08T17:54:13.768-0500] {dagbag.py:536} INFO - Filling up the DagBag from /Users/az/anaconda3/envs/python38/lib/python3.8/site-packages/airflow/example_dags/example_branch_python_dop_operator_3.py
[2023-11-08T17:54:13.801-0500] {processor.py:839} INFO - DAG(s) dict_keys(['example_branch_dop_operator_v3']) retrieved from /Users/az/anaconda3/envs/python38/lib/python3.8/site-packages/airflow/example_dags/example_branch_python_dop_operator_3.py
[2023-11-08T17:54:13.903-0500] {logging_mixin.py:154} INFO - [2023-11-08T17:54:13.903-0500] {dag.py:2941} INFO - Sync 1 DAGs
[2023-11-08T17:54:13.915-0500] {logging_mixin.py:154} INFO - [2023-11-08T17:54:13.915-0500] {dag.py:3722} INFO - Setting next_dagrun for example_branch_dop_operator_v3 to 2023-11-08T22:53:00+00:00, run_after=2023-11-08T22:54:00+00:00
[2023-11-08T17:54:13.925-0500] {processor.py:179} INFO - Processing /Users/az/anaconda3/envs/python38/lib/python3.8/site-packages/airflow/example_dags/example_branch_python_dop_operator_3.py took 0.163 seconds
[2023-11-08T17:56:13.846-0500] {processor.py:157} INFO - Started process (PID=49636) to work on /Users/az/anaconda3/envs/python38/lib/python3.8/site-packages/airflow/example_dags/example_branch_python_dop_operator_3.py
[2023-11-08T17:56:13.850-0500] {processor.py:829} INFO - Processing file /Users/az/anaconda3/envs/python38/lib/python3.8/site-packages/airflow/example_dags/example_branch_python_dop_operator_3.py for tasks to queue
[2023-11-08T17:56:13.851-0500] {logging_mixin.py:154} INFO - [2023-11-08T17:56:13.850-0500] {dagbag.py:536} INFO - Filling up the DagBag from /Users/az/anaconda3/envs/python38/lib/python3.8/site-packages/airflow/example_dags/example_branch_python_dop_operator_3.py
[2023-11-08T17:56:13.885-0500] {processor.py:839} INFO - DAG(s) dict_keys(['example_branch_dop_operator_v3']) retrieved from /Users/az/anaconda3/envs/python38/lib/python3.8/site-packages/airflow/example_dags/example_branch_python_dop_operator_3.py
[2023-11-08T17:56:13.988-0500] {logging_mixin.py:154} INFO - [2023-11-08T17:56:13.987-0500] {dag.py:2941} INFO - Sync 1 DAGs
[2023-11-08T17:56:14.000-0500] {logging_mixin.py:154} INFO - [2023-11-08T17:56:14.000-0500] {dag.py:3722} INFO - Setting next_dagrun for example_branch_dop_operator_v3 to 2023-11-08T22:55:00+00:00, run_after=2023-11-08T22:56:00+00:00
[2023-11-08T17:56:14.010-0500] {processor.py:179} INFO - Processing /Users/az/anaconda3/envs/python38/lib/python3.8/site-packages/airflow/example_dags/example_branch_python_dop_operator_3.py took 0.164 seconds
[2023-11-08T17:58:15.031-0500] {processor.py:157} INFO - Started process (PID=49809) to work on /Users/az/anaconda3/envs/python38/lib/python3.8/site-packages/airflow/example_dags/example_branch_python_dop_operator_3.py
[2023-11-08T17:58:15.035-0500] {processor.py:829} INFO - Processing file /Users/az/anaconda3/envs/python38/lib/python3.8/site-packages/airflow/example_dags/example_branch_python_dop_operator_3.py for tasks to queue
[2023-11-08T17:58:15.035-0500] {logging_mixin.py:154} INFO - [2023-11-08T17:58:15.035-0500] {dagbag.py:536} INFO - Filling up the DagBag from /Users/az/anaconda3/envs/python38/lib/python3.8/site-packages/airflow/example_dags/example_branch_python_dop_operator_3.py
[2023-11-08T17:58:15.068-0500] {processor.py:839} INFO - DAG(s) dict_keys(['example_branch_dop_operator_v3']) retrieved from /Users/az/anaconda3/envs/python38/lib/python3.8/site-packages/airflow/example_dags/example_branch_python_dop_operator_3.py
[2023-11-08T17:58:15.169-0500] {logging_mixin.py:154} INFO - [2023-11-08T17:58:15.169-0500] {dag.py:2941} INFO - Sync 1 DAGs
[2023-11-08T17:58:15.181-0500] {logging_mixin.py:154} INFO - [2023-11-08T17:58:15.181-0500] {dag.py:3722} INFO - Setting next_dagrun for example_branch_dop_operator_v3 to 2023-11-08T22:57:00+00:00, run_after=2023-11-08T22:58:00+00:00
[2023-11-08T17:58:15.191-0500] {processor.py:179} INFO - Processing /Users/az/anaconda3/envs/python38/lib/python3.8/site-packages/airflow/example_dags/example_branch_python_dop_operator_3.py took 0.161 seconds
[2023-11-08T18:00:16.703-0500] {processor.py:157} INFO - Started process (PID=49958) to work on /Users/az/anaconda3/envs/python38/lib/python3.8/site-packages/airflow/example_dags/example_branch_python_dop_operator_3.py
[2023-11-08T18:00:16.708-0500] {processor.py:829} INFO - Processing file /Users/az/anaconda3/envs/python38/lib/python3.8/site-packages/airflow/example_dags/example_branch_python_dop_operator_3.py for tasks to queue
[2023-11-08T18:00:16.708-0500] {logging_mixin.py:154} INFO - [2023-11-08T18:00:16.708-0500] {dagbag.py:536} INFO - Filling up the DagBag from /Users/az/anaconda3/envs/python38/lib/python3.8/site-packages/airflow/example_dags/example_branch_python_dop_operator_3.py
[2023-11-08T18:00:16.741-0500] {processor.py:839} INFO - DAG(s) dict_keys(['example_branch_dop_operator_v3']) retrieved from /Users/az/anaconda3/envs/python38/lib/python3.8/site-packages/airflow/example_dags/example_branch_python_dop_operator_3.py
[2023-11-08T18:00:16.847-0500] {logging_mixin.py:154} INFO - [2023-11-08T18:00:16.847-0500] {dag.py:2941} INFO - Sync 1 DAGs
[2023-11-08T18:00:16.859-0500] {logging_mixin.py:154} INFO - [2023-11-08T18:00:16.859-0500] {dag.py:3722} INFO - Setting next_dagrun for example_branch_dop_operator_v3 to 2023-11-08T22:59:00+00:00, run_after=2023-11-08T23:00:00+00:00
[2023-11-08T18:00:16.870-0500] {processor.py:179} INFO - Processing /Users/az/anaconda3/envs/python38/lib/python3.8/site-packages/airflow/example_dags/example_branch_python_dop_operator_3.py took 0.167 seconds
[2023-11-08T18:02:13.987-0500] {processor.py:157} INFO - Started process (PID=50130) to work on /Users/az/anaconda3/envs/python38/lib/python3.8/site-packages/airflow/example_dags/example_branch_python_dop_operator_3.py
[2023-11-08T18:02:13.992-0500] {processor.py:829} INFO - Processing file /Users/az/anaconda3/envs/python38/lib/python3.8/site-packages/airflow/example_dags/example_branch_python_dop_operator_3.py for tasks to queue
[2023-11-08T18:02:13.992-0500] {logging_mixin.py:154} INFO - [2023-11-08T18:02:13.992-0500] {dagbag.py:536} INFO - Filling up the DagBag from /Users/az/anaconda3/envs/python38/lib/python3.8/site-packages/airflow/example_dags/example_branch_python_dop_operator_3.py
[2023-11-08T18:02:14.025-0500] {processor.py:839} INFO - DAG(s) dict_keys(['example_branch_dop_operator_v3']) retrieved from /Users/az/anaconda3/envs/python38/lib/python3.8/site-packages/airflow/example_dags/example_branch_python_dop_operator_3.py
[2023-11-08T18:02:14.127-0500] {logging_mixin.py:154} INFO - [2023-11-08T18:02:14.127-0500] {dag.py:2941} INFO - Sync 1 DAGs
[2023-11-08T18:02:14.139-0500] {logging_mixin.py:154} INFO - [2023-11-08T18:02:14.139-0500] {dag.py:3722} INFO - Setting next_dagrun for example_branch_dop_operator_v3 to 2023-11-08T23:01:00+00:00, run_after=2023-11-08T23:02:00+00:00
[2023-11-08T18:02:14.150-0500] {processor.py:179} INFO - Processing /Users/az/anaconda3/envs/python38/lib/python3.8/site-packages/airflow/example_dags/example_branch_python_dop_operator_3.py took 0.163 seconds
[2023-11-08T18:04:13.677-0500] {processor.py:157} INFO - Started process (PID=50454) to work on /Users/az/anaconda3/envs/python38/lib/python3.8/site-packages/airflow/example_dags/example_branch_python_dop_operator_3.py
[2023-11-08T18:04:13.681-0500] {processor.py:829} INFO - Processing file /Users/az/anaconda3/envs/python38/lib/python3.8/site-packages/airflow/example_dags/example_branch_python_dop_operator_3.py for tasks to queue
[2023-11-08T18:04:13.681-0500] {logging_mixin.py:154} INFO - [2023-11-08T18:04:13.681-0500] {dagbag.py:536} INFO - Filling up the DagBag from /Users/az/anaconda3/envs/python38/lib/python3.8/site-packages/airflow/example_dags/example_branch_python_dop_operator_3.py
[2023-11-08T18:04:13.715-0500] {processor.py:839} INFO - DAG(s) dict_keys(['example_branch_dop_operator_v3']) retrieved from /Users/az/anaconda3/envs/python38/lib/python3.8/site-packages/airflow/example_dags/example_branch_python_dop_operator_3.py
[2023-11-08T18:04:13.816-0500] {logging_mixin.py:154} INFO - [2023-11-08T18:04:13.816-0500] {dag.py:2941} INFO - Sync 1 DAGs
[2023-11-08T18:04:13.828-0500] {logging_mixin.py:154} INFO - [2023-11-08T18:04:13.828-0500] {dag.py:3722} INFO - Setting next_dagrun for example_branch_dop_operator_v3 to 2023-11-08T23:03:00+00:00, run_after=2023-11-08T23:04:00+00:00
[2023-11-08T18:04:13.838-0500] {processor.py:179} INFO - Processing /Users/az/anaconda3/envs/python38/lib/python3.8/site-packages/airflow/example_dags/example_branch_python_dop_operator_3.py took 0.162 seconds
[2023-11-08T18:06:09.539-0500] {processor.py:157} INFO - Started process (PID=50594) to work on /Users/az/anaconda3/envs/python38/lib/python3.8/site-packages/airflow/example_dags/example_branch_python_dop_operator_3.py
[2023-11-08T18:06:09.543-0500] {processor.py:829} INFO - Processing file /Users/az/anaconda3/envs/python38/lib/python3.8/site-packages/airflow/example_dags/example_branch_python_dop_operator_3.py for tasks to queue
[2023-11-08T18:06:09.544-0500] {logging_mixin.py:154} INFO - [2023-11-08T18:06:09.544-0500] {dagbag.py:536} INFO - Filling up the DagBag from /Users/az/anaconda3/envs/python38/lib/python3.8/site-packages/airflow/example_dags/example_branch_python_dop_operator_3.py
[2023-11-08T18:06:09.577-0500] {processor.py:839} INFO - DAG(s) dict_keys(['example_branch_dop_operator_v3']) retrieved from /Users/az/anaconda3/envs/python38/lib/python3.8/site-packages/airflow/example_dags/example_branch_python_dop_operator_3.py
[2023-11-08T18:06:09.678-0500] {logging_mixin.py:154} INFO - [2023-11-08T18:06:09.678-0500] {dag.py:2941} INFO - Sync 1 DAGs
[2023-11-08T18:06:09.690-0500] {logging_mixin.py:154} INFO - [2023-11-08T18:06:09.690-0500] {dag.py:3722} INFO - Setting next_dagrun for example_branch_dop_operator_v3 to 2023-11-08T23:05:00+00:00, run_after=2023-11-08T23:06:00+00:00
[2023-11-08T18:06:09.700-0500] {processor.py:179} INFO - Processing /Users/az/anaconda3/envs/python38/lib/python3.8/site-packages/airflow/example_dags/example_branch_python_dop_operator_3.py took 0.162 seconds
[2023-11-08T18:08:02.436-0500] {processor.py:157} INFO - Started process (PID=50766) to work on /Users/az/anaconda3/envs/python38/lib/python3.8/site-packages/airflow/example_dags/example_branch_python_dop_operator_3.py
[2023-11-08T18:08:02.442-0500] {processor.py:829} INFO - Processing file /Users/az/anaconda3/envs/python38/lib/python3.8/site-packages/airflow/example_dags/example_branch_python_dop_operator_3.py for tasks to queue
[2023-11-08T18:08:02.442-0500] {logging_mixin.py:154} INFO - [2023-11-08T18:08:02.442-0500] {dagbag.py:536} INFO - Filling up the DagBag from /Users/az/anaconda3/envs/python38/lib/python3.8/site-packages/airflow/example_dags/example_branch_python_dop_operator_3.py
[2023-11-08T18:08:02.475-0500] {processor.py:839} INFO - DAG(s) dict_keys(['example_branch_dop_operator_v3']) retrieved from /Users/az/anaconda3/envs/python38/lib/python3.8/site-packages/airflow/example_dags/example_branch_python_dop_operator_3.py
[2023-11-08T18:08:02.576-0500] {logging_mixin.py:154} INFO - [2023-11-08T18:08:02.576-0500] {dag.py:2941} INFO - Sync 1 DAGs
[2023-11-08T18:08:02.588-0500] {logging_mixin.py:154} INFO - [2023-11-08T18:08:02.588-0500] {dag.py:3722} INFO - Setting next_dagrun for example_branch_dop_operator_v3 to 2023-11-08T23:07:00+00:00, run_after=2023-11-08T23:08:00+00:00
[2023-11-08T18:08:02.598-0500] {processor.py:179} INFO - Processing /Users/az/anaconda3/envs/python38/lib/python3.8/site-packages/airflow/example_dags/example_branch_python_dop_operator_3.py took 0.162 seconds
[2023-11-08T18:10:01.854-0500] {processor.py:157} INFO - Started process (PID=50925) to work on /Users/az/anaconda3/envs/python38/lib/python3.8/site-packages/airflow/example_dags/example_branch_python_dop_operator_3.py
[2023-11-08T18:10:01.858-0500] {processor.py:829} INFO - Processing file /Users/az/anaconda3/envs/python38/lib/python3.8/site-packages/airflow/example_dags/example_branch_python_dop_operator_3.py for tasks to queue
[2023-11-08T18:10:01.859-0500] {logging_mixin.py:154} INFO - [2023-11-08T18:10:01.859-0500] {dagbag.py:536} INFO - Filling up the DagBag from /Users/az/anaconda3/envs/python38/lib/python3.8/site-packages/airflow/example_dags/example_branch_python_dop_operator_3.py
[2023-11-08T18:10:01.892-0500] {processor.py:839} INFO - DAG(s) dict_keys(['example_branch_dop_operator_v3']) retrieved from /Users/az/anaconda3/envs/python38/lib/python3.8/site-packages/airflow/example_dags/example_branch_python_dop_operator_3.py
[2023-11-08T18:10:01.993-0500] {logging_mixin.py:154} INFO - [2023-11-08T18:10:01.993-0500] {dag.py:2941} INFO - Sync 1 DAGs
[2023-11-08T18:10:02.005-0500] {logging_mixin.py:154} INFO - [2023-11-08T18:10:02.005-0500] {dag.py:3722} INFO - Setting next_dagrun for example_branch_dop_operator_v3 to 2023-11-08T23:09:00+00:00, run_after=2023-11-08T23:10:00+00:00
[2023-11-08T18:10:02.015-0500] {processor.py:179} INFO - Processing /Users/az/anaconda3/envs/python38/lib/python3.8/site-packages/airflow/example_dags/example_branch_python_dop_operator_3.py took 0.162 seconds
[2023-11-08T18:12:02.302-0500] {processor.py:157} INFO - Started process (PID=51093) to work on /Users/az/anaconda3/envs/python38/lib/python3.8/site-packages/airflow/example_dags/example_branch_python_dop_operator_3.py
[2023-11-08T18:12:02.307-0500] {processor.py:829} INFO - Processing file /Users/az/anaconda3/envs/python38/lib/python3.8/site-packages/airflow/example_dags/example_branch_python_dop_operator_3.py for tasks to queue
[2023-11-08T18:12:02.307-0500] {logging_mixin.py:154} INFO - [2023-11-08T18:12:02.307-0500] {dagbag.py:536} INFO - Filling up the DagBag from /Users/az/anaconda3/envs/python38/lib/python3.8/site-packages/airflow/example_dags/example_branch_python_dop_operator_3.py
[2023-11-08T18:12:02.340-0500] {processor.py:839} INFO - DAG(s) dict_keys(['example_branch_dop_operator_v3']) retrieved from /Users/az/anaconda3/envs/python38/lib/python3.8/site-packages/airflow/example_dags/example_branch_python_dop_operator_3.py
[2023-11-08T18:12:02.442-0500] {logging_mixin.py:154} INFO - [2023-11-08T18:12:02.442-0500] {dag.py:2941} INFO - Sync 1 DAGs
[2023-11-08T18:12:02.454-0500] {logging_mixin.py:154} INFO - [2023-11-08T18:12:02.454-0500] {dag.py:3722} INFO - Setting next_dagrun for example_branch_dop_operator_v3 to 2023-11-08T23:11:00+00:00, run_after=2023-11-08T23:12:00+00:00
[2023-11-08T18:12:02.465-0500] {processor.py:179} INFO - Processing /Users/az/anaconda3/envs/python38/lib/python3.8/site-packages/airflow/example_dags/example_branch_python_dop_operator_3.py took 0.164 seconds
[2023-11-08T18:23:24.972-0500] {processor.py:157} INFO - Started process (PID=51221) to work on /Users/az/anaconda3/envs/python38/lib/python3.8/site-packages/airflow/example_dags/example_branch_python_dop_operator_3.py
[2023-11-08T18:23:24.977-0500] {processor.py:829} INFO - Processing file /Users/az/anaconda3/envs/python38/lib/python3.8/site-packages/airflow/example_dags/example_branch_python_dop_operator_3.py for tasks to queue
[2023-11-08T18:23:24.977-0500] {logging_mixin.py:154} INFO - [2023-11-08T18:23:24.977-0500] {dagbag.py:536} INFO - Filling up the DagBag from /Users/az/anaconda3/envs/python38/lib/python3.8/site-packages/airflow/example_dags/example_branch_python_dop_operator_3.py
[2023-11-08T18:23:25.010-0500] {processor.py:839} INFO - DAG(s) dict_keys(['example_branch_dop_operator_v3']) retrieved from /Users/az/anaconda3/envs/python38/lib/python3.8/site-packages/airflow/example_dags/example_branch_python_dop_operator_3.py
[2023-11-08T18:23:25.112-0500] {logging_mixin.py:154} INFO - [2023-11-08T18:23:25.112-0500] {dag.py:2941} INFO - Sync 1 DAGs
[2023-11-08T18:23:25.124-0500] {logging_mixin.py:154} INFO - [2023-11-08T18:23:25.124-0500] {dag.py:3722} INFO - Setting next_dagrun for example_branch_dop_operator_v3 to 2023-11-08T23:22:00+00:00, run_after=2023-11-08T23:23:00+00:00
[2023-11-08T18:23:25.134-0500] {processor.py:179} INFO - Processing /Users/az/anaconda3/envs/python38/lib/python3.8/site-packages/airflow/example_dags/example_branch_python_dop_operator_3.py took 0.163 seconds
[2023-11-08T18:32:10.616-0500] {processor.py:157} INFO - Started process (PID=51371) to work on /Users/az/anaconda3/envs/python38/lib/python3.8/site-packages/airflow/example_dags/example_branch_python_dop_operator_3.py
[2023-11-08T18:32:10.621-0500] {processor.py:829} INFO - Processing file /Users/az/anaconda3/envs/python38/lib/python3.8/site-packages/airflow/example_dags/example_branch_python_dop_operator_3.py for tasks to queue
[2023-11-08T18:32:10.621-0500] {logging_mixin.py:154} INFO - [2023-11-08T18:32:10.621-0500] {dagbag.py:536} INFO - Filling up the DagBag from /Users/az/anaconda3/envs/python38/lib/python3.8/site-packages/airflow/example_dags/example_branch_python_dop_operator_3.py
[2023-11-08T18:32:10.654-0500] {processor.py:839} INFO - DAG(s) dict_keys(['example_branch_dop_operator_v3']) retrieved from /Users/az/anaconda3/envs/python38/lib/python3.8/site-packages/airflow/example_dags/example_branch_python_dop_operator_3.py
[2023-11-08T18:32:10.756-0500] {logging_mixin.py:154} INFO - [2023-11-08T18:32:10.756-0500] {dag.py:2941} INFO - Sync 1 DAGs
[2023-11-08T18:32:10.768-0500] {logging_mixin.py:154} INFO - [2023-11-08T18:32:10.768-0500] {dag.py:3722} INFO - Setting next_dagrun for example_branch_dop_operator_v3 to 2023-11-08T23:31:00+00:00, run_after=2023-11-08T23:32:00+00:00
[2023-11-08T18:32:10.778-0500] {processor.py:179} INFO - Processing /Users/az/anaconda3/envs/python38/lib/python3.8/site-packages/airflow/example_dags/example_branch_python_dop_operator_3.py took 0.163 seconds
[2023-11-08T18:34:16.071-0500] {processor.py:157} INFO - Started process (PID=51532) to work on /Users/az/anaconda3/envs/python38/lib/python3.8/site-packages/airflow/example_dags/example_branch_python_dop_operator_3.py
[2023-11-08T18:34:16.076-0500] {processor.py:829} INFO - Processing file /Users/az/anaconda3/envs/python38/lib/python3.8/site-packages/airflow/example_dags/example_branch_python_dop_operator_3.py for tasks to queue
[2023-11-08T18:34:16.076-0500] {logging_mixin.py:154} INFO - [2023-11-08T18:34:16.076-0500] {dagbag.py:536} INFO - Filling up the DagBag from /Users/az/anaconda3/envs/python38/lib/python3.8/site-packages/airflow/example_dags/example_branch_python_dop_operator_3.py
[2023-11-08T18:34:16.110-0500] {processor.py:839} INFO - DAG(s) dict_keys(['example_branch_dop_operator_v3']) retrieved from /Users/az/anaconda3/envs/python38/lib/python3.8/site-packages/airflow/example_dags/example_branch_python_dop_operator_3.py
[2023-11-08T18:34:16.211-0500] {logging_mixin.py:154} INFO - [2023-11-08T18:34:16.211-0500] {dag.py:2941} INFO - Sync 1 DAGs
[2023-11-08T18:34:16.223-0500] {logging_mixin.py:154} INFO - [2023-11-08T18:34:16.223-0500] {dag.py:3722} INFO - Setting next_dagrun for example_branch_dop_operator_v3 to 2023-11-08T23:33:00+00:00, run_after=2023-11-08T23:34:00+00:00
[2023-11-08T18:34:16.233-0500] {processor.py:179} INFO - Processing /Users/az/anaconda3/envs/python38/lib/python3.8/site-packages/airflow/example_dags/example_branch_python_dop_operator_3.py took 0.162 seconds
[2023-11-08T18:36:14.697-0500] {processor.py:157} INFO - Started process (PID=51680) to work on /Users/az/anaconda3/envs/python38/lib/python3.8/site-packages/airflow/example_dags/example_branch_python_dop_operator_3.py
[2023-11-08T18:36:14.701-0500] {processor.py:829} INFO - Processing file /Users/az/anaconda3/envs/python38/lib/python3.8/site-packages/airflow/example_dags/example_branch_python_dop_operator_3.py for tasks to queue
[2023-11-08T18:36:14.702-0500] {logging_mixin.py:154} INFO - [2023-11-08T18:36:14.702-0500] {dagbag.py:536} INFO - Filling up the DagBag from /Users/az/anaconda3/envs/python38/lib/python3.8/site-packages/airflow/example_dags/example_branch_python_dop_operator_3.py
[2023-11-08T18:36:14.735-0500] {processor.py:839} INFO - DAG(s) dict_keys(['example_branch_dop_operator_v3']) retrieved from /Users/az/anaconda3/envs/python38/lib/python3.8/site-packages/airflow/example_dags/example_branch_python_dop_operator_3.py
[2023-11-08T18:36:14.837-0500] {logging_mixin.py:154} INFO - [2023-11-08T18:36:14.837-0500] {dag.py:2941} INFO - Sync 1 DAGs
[2023-11-08T18:36:14.849-0500] {logging_mixin.py:154} INFO - [2023-11-08T18:36:14.849-0500] {dag.py:3722} INFO - Setting next_dagrun for example_branch_dop_operator_v3 to 2023-11-08T23:35:00+00:00, run_after=2023-11-08T23:36:00+00:00
[2023-11-08T18:36:14.859-0500] {processor.py:179} INFO - Processing /Users/az/anaconda3/envs/python38/lib/python3.8/site-packages/airflow/example_dags/example_branch_python_dop_operator_3.py took 0.163 seconds
[2023-11-08T18:38:07.331-0500] {processor.py:157} INFO - Started process (PID=51824) to work on /Users/az/anaconda3/envs/python38/lib/python3.8/site-packages/airflow/example_dags/example_branch_python_dop_operator_3.py
[2023-11-08T18:38:07.335-0500] {processor.py:829} INFO - Processing file /Users/az/anaconda3/envs/python38/lib/python3.8/site-packages/airflow/example_dags/example_branch_python_dop_operator_3.py for tasks to queue
[2023-11-08T18:38:07.336-0500] {logging_mixin.py:154} INFO - [2023-11-08T18:38:07.336-0500] {dagbag.py:536} INFO - Filling up the DagBag from /Users/az/anaconda3/envs/python38/lib/python3.8/site-packages/airflow/example_dags/example_branch_python_dop_operator_3.py
[2023-11-08T18:38:07.371-0500] {processor.py:839} INFO - DAG(s) dict_keys(['example_branch_dop_operator_v3']) retrieved from /Users/az/anaconda3/envs/python38/lib/python3.8/site-packages/airflow/example_dags/example_branch_python_dop_operator_3.py
[2023-11-08T18:38:07.473-0500] {logging_mixin.py:154} INFO - [2023-11-08T18:38:07.472-0500] {dag.py:2941} INFO - Sync 1 DAGs
[2023-11-08T18:38:07.484-0500] {logging_mixin.py:154} INFO - [2023-11-08T18:38:07.484-0500] {dag.py:3722} INFO - Setting next_dagrun for example_branch_dop_operator_v3 to 2023-11-08T23:37:00+00:00, run_after=2023-11-08T23:38:00+00:00
[2023-11-08T18:38:07.495-0500] {processor.py:179} INFO - Processing /Users/az/anaconda3/envs/python38/lib/python3.8/site-packages/airflow/example_dags/example_branch_python_dop_operator_3.py took 0.164 seconds
[2023-11-08T18:40:10.943-0500] {processor.py:157} INFO - Started process (PID=51968) to work on /Users/az/anaconda3/envs/python38/lib/python3.8/site-packages/airflow/example_dags/example_branch_python_dop_operator_3.py
[2023-11-08T18:40:10.948-0500] {processor.py:829} INFO - Processing file /Users/az/anaconda3/envs/python38/lib/python3.8/site-packages/airflow/example_dags/example_branch_python_dop_operator_3.py for tasks to queue
[2023-11-08T18:40:10.948-0500] {logging_mixin.py:154} INFO - [2023-11-08T18:40:10.948-0500] {dagbag.py:536} INFO - Filling up the DagBag from /Users/az/anaconda3/envs/python38/lib/python3.8/site-packages/airflow/example_dags/example_branch_python_dop_operator_3.py
[2023-11-08T18:40:10.982-0500] {processor.py:839} INFO - DAG(s) dict_keys(['example_branch_dop_operator_v3']) retrieved from /Users/az/anaconda3/envs/python38/lib/python3.8/site-packages/airflow/example_dags/example_branch_python_dop_operator_3.py
[2023-11-08T18:40:11.084-0500] {logging_mixin.py:154} INFO - [2023-11-08T18:40:11.084-0500] {dag.py:2941} INFO - Sync 1 DAGs
[2023-11-08T18:40:11.096-0500] {logging_mixin.py:154} INFO - [2023-11-08T18:40:11.096-0500] {dag.py:3722} INFO - Setting next_dagrun for example_branch_dop_operator_v3 to 2023-11-08T23:39:00+00:00, run_after=2023-11-08T23:40:00+00:00
[2023-11-08T18:40:11.106-0500] {processor.py:179} INFO - Processing /Users/az/anaconda3/envs/python38/lib/python3.8/site-packages/airflow/example_dags/example_branch_python_dop_operator_3.py took 0.163 seconds
[2023-11-08T18:42:12.324-0500] {processor.py:157} INFO - Started process (PID=52118) to work on /Users/az/anaconda3/envs/python38/lib/python3.8/site-packages/airflow/example_dags/example_branch_python_dop_operator_3.py
[2023-11-08T18:42:12.328-0500] {processor.py:829} INFO - Processing file /Users/az/anaconda3/envs/python38/lib/python3.8/site-packages/airflow/example_dags/example_branch_python_dop_operator_3.py for tasks to queue
[2023-11-08T18:42:12.329-0500] {logging_mixin.py:154} INFO - [2023-11-08T18:42:12.329-0500] {dagbag.py:536} INFO - Filling up the DagBag from /Users/az/anaconda3/envs/python38/lib/python3.8/site-packages/airflow/example_dags/example_branch_python_dop_operator_3.py
[2023-11-08T18:42:12.365-0500] {processor.py:839} INFO - DAG(s) dict_keys(['example_branch_dop_operator_v3']) retrieved from /Users/az/anaconda3/envs/python38/lib/python3.8/site-packages/airflow/example_dags/example_branch_python_dop_operator_3.py
[2023-11-08T18:42:12.466-0500] {logging_mixin.py:154} INFO - [2023-11-08T18:42:12.466-0500] {dag.py:2941} INFO - Sync 1 DAGs
[2023-11-08T18:42:12.478-0500] {logging_mixin.py:154} INFO - [2023-11-08T18:42:12.478-0500] {dag.py:3722} INFO - Setting next_dagrun for example_branch_dop_operator_v3 to 2023-11-08T23:41:00+00:00, run_after=2023-11-08T23:42:00+00:00
[2023-11-08T18:42:12.489-0500] {processor.py:179} INFO - Processing /Users/az/anaconda3/envs/python38/lib/python3.8/site-packages/airflow/example_dags/example_branch_python_dop_operator_3.py took 0.166 seconds
[2023-11-08T18:44:13.310-0500] {processor.py:157} INFO - Started process (PID=52265) to work on /Users/az/anaconda3/envs/python38/lib/python3.8/site-packages/airflow/example_dags/example_branch_python_dop_operator_3.py
[2023-11-08T18:44:13.315-0500] {processor.py:829} INFO - Processing file /Users/az/anaconda3/envs/python38/lib/python3.8/site-packages/airflow/example_dags/example_branch_python_dop_operator_3.py for tasks to queue
[2023-11-08T18:44:13.315-0500] {logging_mixin.py:154} INFO - [2023-11-08T18:44:13.315-0500] {dagbag.py:536} INFO - Filling up the DagBag from /Users/az/anaconda3/envs/python38/lib/python3.8/site-packages/airflow/example_dags/example_branch_python_dop_operator_3.py
[2023-11-08T18:44:13.352-0500] {processor.py:839} INFO - DAG(s) dict_keys(['example_branch_dop_operator_v3']) retrieved from /Users/az/anaconda3/envs/python38/lib/python3.8/site-packages/airflow/example_dags/example_branch_python_dop_operator_3.py
[2023-11-08T18:44:13.454-0500] {logging_mixin.py:154} INFO - [2023-11-08T18:44:13.454-0500] {dag.py:2941} INFO - Sync 1 DAGs
[2023-11-08T18:44:13.466-0500] {logging_mixin.py:154} INFO - [2023-11-08T18:44:13.466-0500] {dag.py:3722} INFO - Setting next_dagrun for example_branch_dop_operator_v3 to 2023-11-08T23:43:00+00:00, run_after=2023-11-08T23:44:00+00:00
[2023-11-08T18:44:13.477-0500] {processor.py:179} INFO - Processing /Users/az/anaconda3/envs/python38/lib/python3.8/site-packages/airflow/example_dags/example_branch_python_dop_operator_3.py took 0.167 seconds
[2023-11-08T18:46:16.189-0500] {processor.py:157} INFO - Started process (PID=52413) to work on /Users/az/anaconda3/envs/python38/lib/python3.8/site-packages/airflow/example_dags/example_branch_python_dop_operator_3.py
[2023-11-08T18:46:16.194-0500] {processor.py:829} INFO - Processing file /Users/az/anaconda3/envs/python38/lib/python3.8/site-packages/airflow/example_dags/example_branch_python_dop_operator_3.py for tasks to queue
[2023-11-08T18:46:16.194-0500] {logging_mixin.py:154} INFO - [2023-11-08T18:46:16.194-0500] {dagbag.py:536} INFO - Filling up the DagBag from /Users/az/anaconda3/envs/python38/lib/python3.8/site-packages/airflow/example_dags/example_branch_python_dop_operator_3.py
[2023-11-08T18:46:16.227-0500] {processor.py:839} INFO - DAG(s) dict_keys(['example_branch_dop_operator_v3']) retrieved from /Users/az/anaconda3/envs/python38/lib/python3.8/site-packages/airflow/example_dags/example_branch_python_dop_operator_3.py
[2023-11-08T18:46:16.329-0500] {logging_mixin.py:154} INFO - [2023-11-08T18:46:16.329-0500] {dag.py:2941} INFO - Sync 1 DAGs
[2023-11-08T18:46:16.341-0500] {logging_mixin.py:154} INFO - [2023-11-08T18:46:16.341-0500] {dag.py:3722} INFO - Setting next_dagrun for example_branch_dop_operator_v3 to 2023-11-08T23:45:00+00:00, run_after=2023-11-08T23:46:00+00:00
[2023-11-08T18:46:16.351-0500] {processor.py:179} INFO - Processing /Users/az/anaconda3/envs/python38/lib/python3.8/site-packages/airflow/example_dags/example_branch_python_dop_operator_3.py took 0.163 seconds
[2023-11-08T18:48:24.189-0500] {processor.py:157} INFO - Started process (PID=52628) to work on /Users/az/anaconda3/envs/python38/lib/python3.8/site-packages/airflow/example_dags/example_branch_python_dop_operator_3.py
[2023-11-08T18:48:24.193-0500] {processor.py:829} INFO - Processing file /Users/az/anaconda3/envs/python38/lib/python3.8/site-packages/airflow/example_dags/example_branch_python_dop_operator_3.py for tasks to queue
[2023-11-08T18:48:24.194-0500] {logging_mixin.py:154} INFO - [2023-11-08T18:48:24.193-0500] {dagbag.py:536} INFO - Filling up the DagBag from /Users/az/anaconda3/envs/python38/lib/python3.8/site-packages/airflow/example_dags/example_branch_python_dop_operator_3.py
[2023-11-08T18:48:24.227-0500] {processor.py:839} INFO - DAG(s) dict_keys(['example_branch_dop_operator_v3']) retrieved from /Users/az/anaconda3/envs/python38/lib/python3.8/site-packages/airflow/example_dags/example_branch_python_dop_operator_3.py
[2023-11-08T18:48:24.328-0500] {logging_mixin.py:154} INFO - [2023-11-08T18:48:24.328-0500] {dag.py:2941} INFO - Sync 1 DAGs
[2023-11-08T18:48:24.340-0500] {logging_mixin.py:154} INFO - [2023-11-08T18:48:24.340-0500] {dag.py:3722} INFO - Setting next_dagrun for example_branch_dop_operator_v3 to 2023-11-08T23:47:00+00:00, run_after=2023-11-08T23:48:00+00:00
[2023-11-08T18:48:24.351-0500] {processor.py:179} INFO - Processing /Users/az/anaconda3/envs/python38/lib/python3.8/site-packages/airflow/example_dags/example_branch_python_dop_operator_3.py took 0.163 seconds
[2023-11-08T18:50:21.919-0500] {processor.py:157} INFO - Started process (PID=52770) to work on /Users/az/anaconda3/envs/python38/lib/python3.8/site-packages/airflow/example_dags/example_branch_python_dop_operator_3.py
[2023-11-08T18:50:21.923-0500] {processor.py:829} INFO - Processing file /Users/az/anaconda3/envs/python38/lib/python3.8/site-packages/airflow/example_dags/example_branch_python_dop_operator_3.py for tasks to queue
[2023-11-08T18:50:21.923-0500] {logging_mixin.py:154} INFO - [2023-11-08T18:50:21.923-0500] {dagbag.py:536} INFO - Filling up the DagBag from /Users/az/anaconda3/envs/python38/lib/python3.8/site-packages/airflow/example_dags/example_branch_python_dop_operator_3.py
[2023-11-08T18:50:21.957-0500] {processor.py:839} INFO - DAG(s) dict_keys(['example_branch_dop_operator_v3']) retrieved from /Users/az/anaconda3/envs/python38/lib/python3.8/site-packages/airflow/example_dags/example_branch_python_dop_operator_3.py
[2023-11-08T18:50:22.059-0500] {logging_mixin.py:154} INFO - [2023-11-08T18:50:22.059-0500] {dag.py:2941} INFO - Sync 1 DAGs
[2023-11-08T18:50:22.071-0500] {logging_mixin.py:154} INFO - [2023-11-08T18:50:22.071-0500] {dag.py:3722} INFO - Setting next_dagrun for example_branch_dop_operator_v3 to 2023-11-08T23:49:00+00:00, run_after=2023-11-08T23:50:00+00:00
[2023-11-08T18:50:22.081-0500] {processor.py:179} INFO - Processing /Users/az/anaconda3/envs/python38/lib/python3.8/site-packages/airflow/example_dags/example_branch_python_dop_operator_3.py took 0.163 seconds
[2023-11-08T18:52:24.368-0500] {processor.py:157} INFO - Started process (PID=52928) to work on /Users/az/anaconda3/envs/python38/lib/python3.8/site-packages/airflow/example_dags/example_branch_python_dop_operator_3.py
[2023-11-08T18:52:24.373-0500] {processor.py:829} INFO - Processing file /Users/az/anaconda3/envs/python38/lib/python3.8/site-packages/airflow/example_dags/example_branch_python_dop_operator_3.py for tasks to queue
[2023-11-08T18:52:24.373-0500] {logging_mixin.py:154} INFO - [2023-11-08T18:52:24.373-0500] {dagbag.py:536} INFO - Filling up the DagBag from /Users/az/anaconda3/envs/python38/lib/python3.8/site-packages/airflow/example_dags/example_branch_python_dop_operator_3.py
[2023-11-08T18:52:24.407-0500] {processor.py:839} INFO - DAG(s) dict_keys(['example_branch_dop_operator_v3']) retrieved from /Users/az/anaconda3/envs/python38/lib/python3.8/site-packages/airflow/example_dags/example_branch_python_dop_operator_3.py
[2023-11-08T18:52:24.508-0500] {logging_mixin.py:154} INFO - [2023-11-08T18:52:24.508-0500] {dag.py:2941} INFO - Sync 1 DAGs
[2023-11-08T18:52:24.520-0500] {logging_mixin.py:154} INFO - [2023-11-08T18:52:24.520-0500] {dag.py:3722} INFO - Setting next_dagrun for example_branch_dop_operator_v3 to 2023-11-08T23:51:00+00:00, run_after=2023-11-08T23:52:00+00:00
[2023-11-08T18:52:24.531-0500] {processor.py:179} INFO - Processing /Users/az/anaconda3/envs/python38/lib/python3.8/site-packages/airflow/example_dags/example_branch_python_dop_operator_3.py took 0.163 seconds
[2023-11-08T18:54:26.473-0500] {processor.py:157} INFO - Started process (PID=53092) to work on /Users/az/anaconda3/envs/python38/lib/python3.8/site-packages/airflow/example_dags/example_branch_python_dop_operator_3.py
[2023-11-08T18:54:26.478-0500] {processor.py:829} INFO - Processing file /Users/az/anaconda3/envs/python38/lib/python3.8/site-packages/airflow/example_dags/example_branch_python_dop_operator_3.py for tasks to queue
[2023-11-08T18:54:26.478-0500] {logging_mixin.py:154} INFO - [2023-11-08T18:54:26.478-0500] {dagbag.py:536} INFO - Filling up the DagBag from /Users/az/anaconda3/envs/python38/lib/python3.8/site-packages/airflow/example_dags/example_branch_python_dop_operator_3.py
[2023-11-08T18:54:26.512-0500] {processor.py:839} INFO - DAG(s) dict_keys(['example_branch_dop_operator_v3']) retrieved from /Users/az/anaconda3/envs/python38/lib/python3.8/site-packages/airflow/example_dags/example_branch_python_dop_operator_3.py
[2023-11-08T18:54:26.614-0500] {logging_mixin.py:154} INFO - [2023-11-08T18:54:26.614-0500] {dag.py:2941} INFO - Sync 1 DAGs
[2023-11-08T18:54:26.626-0500] {logging_mixin.py:154} INFO - [2023-11-08T18:54:26.626-0500] {dag.py:3722} INFO - Setting next_dagrun for example_branch_dop_operator_v3 to 2023-11-08T23:53:00+00:00, run_after=2023-11-08T23:54:00+00:00
[2023-11-08T18:54:26.637-0500] {processor.py:179} INFO - Processing /Users/az/anaconda3/envs/python38/lib/python3.8/site-packages/airflow/example_dags/example_branch_python_dop_operator_3.py took 0.164 seconds
[2023-11-08T18:56:35.957-0500] {processor.py:157} INFO - Started process (PID=53262) to work on /Users/az/anaconda3/envs/python38/lib/python3.8/site-packages/airflow/example_dags/example_branch_python_dop_operator_3.py
[2023-11-08T18:56:35.962-0500] {processor.py:829} INFO - Processing file /Users/az/anaconda3/envs/python38/lib/python3.8/site-packages/airflow/example_dags/example_branch_python_dop_operator_3.py for tasks to queue
[2023-11-08T18:56:35.962-0500] {logging_mixin.py:154} INFO - [2023-11-08T18:56:35.962-0500] {dagbag.py:536} INFO - Filling up the DagBag from /Users/az/anaconda3/envs/python38/lib/python3.8/site-packages/airflow/example_dags/example_branch_python_dop_operator_3.py
[2023-11-08T18:56:35.996-0500] {processor.py:839} INFO - DAG(s) dict_keys(['example_branch_dop_operator_v3']) retrieved from /Users/az/anaconda3/envs/python38/lib/python3.8/site-packages/airflow/example_dags/example_branch_python_dop_operator_3.py
[2023-11-08T18:56:36.099-0500] {logging_mixin.py:154} INFO - [2023-11-08T18:56:36.098-0500] {dag.py:2941} INFO - Sync 1 DAGs
[2023-11-08T18:56:36.111-0500] {logging_mixin.py:154} INFO - [2023-11-08T18:56:36.110-0500] {dag.py:3722} INFO - Setting next_dagrun for example_branch_dop_operator_v3 to 2023-11-08T23:55:00+00:00, run_after=2023-11-08T23:56:00+00:00
[2023-11-08T18:56:36.121-0500] {processor.py:179} INFO - Processing /Users/az/anaconda3/envs/python38/lib/python3.8/site-packages/airflow/example_dags/example_branch_python_dop_operator_3.py took 0.165 seconds
[2023-11-08T18:58:43.261-0500] {processor.py:157} INFO - Started process (PID=53413) to work on /Users/az/anaconda3/envs/python38/lib/python3.8/site-packages/airflow/example_dags/example_branch_python_dop_operator_3.py
[2023-11-08T18:58:43.266-0500] {processor.py:829} INFO - Processing file /Users/az/anaconda3/envs/python38/lib/python3.8/site-packages/airflow/example_dags/example_branch_python_dop_operator_3.py for tasks to queue
[2023-11-08T18:58:43.266-0500] {logging_mixin.py:154} INFO - [2023-11-08T18:58:43.266-0500] {dagbag.py:536} INFO - Filling up the DagBag from /Users/az/anaconda3/envs/python38/lib/python3.8/site-packages/airflow/example_dags/example_branch_python_dop_operator_3.py
[2023-11-08T18:58:43.303-0500] {processor.py:839} INFO - DAG(s) dict_keys(['example_branch_dop_operator_v3']) retrieved from /Users/az/anaconda3/envs/python38/lib/python3.8/site-packages/airflow/example_dags/example_branch_python_dop_operator_3.py
[2023-11-08T18:58:43.405-0500] {logging_mixin.py:154} INFO - [2023-11-08T18:58:43.405-0500] {dag.py:2941} INFO - Sync 1 DAGs
[2023-11-08T18:58:43.417-0500] {logging_mixin.py:154} INFO - [2023-11-08T18:58:43.417-0500] {dag.py:3722} INFO - Setting next_dagrun for example_branch_dop_operator_v3 to 2023-11-08T23:57:00+00:00, run_after=2023-11-08T23:58:00+00:00
[2023-11-08T18:58:43.427-0500] {processor.py:179} INFO - Processing /Users/az/anaconda3/envs/python38/lib/python3.8/site-packages/airflow/example_dags/example_branch_python_dop_operator_3.py took 0.167 seconds
