[2023-11-08T17:48:05.630-0500] {processor.py:157} INFO - Started process (PID=48956) to work on /Users/az/anaconda3/envs/python38/lib/python3.8/site-packages/airflow/example_dags/example_external_task_marker_dag.py
[2023-11-08T17:48:05.634-0500] {processor.py:829} INFO - Processing file /Users/az/anaconda3/envs/python38/lib/python3.8/site-packages/airflow/example_dags/example_external_task_marker_dag.py for tasks to queue
[2023-11-08T17:48:05.635-0500] {logging_mixin.py:154} INFO - [2023-11-08T17:48:05.635-0500] {dagbag.py:536} INFO - Filling up the DagBag from /Users/az/anaconda3/envs/python38/lib/python3.8/site-packages/airflow/example_dags/example_external_task_marker_dag.py
[2023-11-08T17:48:05.653-0500] {processor.py:839} INFO - DAG(s) dict_keys(['example_external_task_marker_parent', 'example_external_task_marker_child']) retrieved from /Users/az/anaconda3/envs/python38/lib/python3.8/site-packages/airflow/example_dags/example_external_task_marker_dag.py
[2023-11-08T17:48:06.012-0500] {logging_mixin.py:154} INFO - [2023-11-08T17:48:06.012-0500] {manager.py:499} INFO - Created Permission View: %s
[2023-11-08T17:48:06.018-0500] {logging_mixin.py:154} INFO - [2023-11-08T17:48:06.018-0500] {manager.py:499} INFO - Created Permission View: %s
[2023-11-08T17:48:06.021-0500] {logging_mixin.py:154} INFO - [2023-11-08T17:48:06.021-0500] {manager.py:499} INFO - Created Permission View: %s
[2023-11-08T17:48:06.034-0500] {logging_mixin.py:154} INFO - [2023-11-08T17:48:06.033-0500] {manager.py:499} INFO - Created Permission View: %s
[2023-11-08T17:48:06.037-0500] {logging_mixin.py:154} INFO - [2023-11-08T17:48:06.037-0500] {manager.py:499} INFO - Created Permission View: %s
[2023-11-08T17:48:06.040-0500] {logging_mixin.py:154} INFO - [2023-11-08T17:48:06.040-0500] {manager.py:499} INFO - Created Permission View: %s
[2023-11-08T17:48:06.040-0500] {logging_mixin.py:154} INFO - [2023-11-08T17:48:06.040-0500] {dag.py:2941} INFO - Sync 2 DAGs
[2023-11-08T17:48:06.046-0500] {logging_mixin.py:154} INFO - [2023-11-08T17:48:06.045-0500] {dag.py:2963} INFO - Creating ORM DAG for example_external_task_marker_parent
[2023-11-08T17:48:06.046-0500] {logging_mixin.py:154} INFO - [2023-11-08T17:48:06.046-0500] {dag.py:2963} INFO - Creating ORM DAG for example_external_task_marker_child
[2023-11-08T17:48:06.046-0500] {logging_mixin.py:154} INFO - [2023-11-08T17:48:06.046-0500] {dag.py:3722} INFO - Setting next_dagrun for example_external_task_marker_child to None, run_after=None
[2023-11-08T17:48:06.046-0500] {logging_mixin.py:154} INFO - [2023-11-08T17:48:06.046-0500] {dag.py:3722} INFO - Setting next_dagrun for example_external_task_marker_parent to None, run_after=None
[2023-11-08T17:48:06.057-0500] {processor.py:179} INFO - Processing /Users/az/anaconda3/envs/python38/lib/python3.8/site-packages/airflow/example_dags/example_external_task_marker_dag.py took 0.427 seconds
[2023-11-08T17:50:12.052-0500] {processor.py:157} INFO - Started process (PID=49140) to work on /Users/az/anaconda3/envs/python38/lib/python3.8/site-packages/airflow/example_dags/example_external_task_marker_dag.py
[2023-11-08T17:50:12.056-0500] {processor.py:829} INFO - Processing file /Users/az/anaconda3/envs/python38/lib/python3.8/site-packages/airflow/example_dags/example_external_task_marker_dag.py for tasks to queue
[2023-11-08T17:50:12.056-0500] {logging_mixin.py:154} INFO - [2023-11-08T17:50:12.056-0500] {dagbag.py:536} INFO - Filling up the DagBag from /Users/az/anaconda3/envs/python38/lib/python3.8/site-packages/airflow/example_dags/example_external_task_marker_dag.py
[2023-11-08T17:50:12.073-0500] {processor.py:839} INFO - DAG(s) dict_keys(['example_external_task_marker_child', 'example_external_task_marker_parent']) retrieved from /Users/az/anaconda3/envs/python38/lib/python3.8/site-packages/airflow/example_dags/example_external_task_marker_dag.py
[2023-11-08T17:50:12.185-0500] {logging_mixin.py:154} INFO - [2023-11-08T17:50:12.185-0500] {dag.py:2941} INFO - Sync 2 DAGs
[2023-11-08T17:50:12.190-0500] {logging_mixin.py:154} INFO - [2023-11-08T17:50:12.190-0500] {dag.py:3722} INFO - Setting next_dagrun for example_external_task_marker_child to None, run_after=None
[2023-11-08T17:50:12.192-0500] {logging_mixin.py:154} INFO - [2023-11-08T17:50:12.192-0500] {dag.py:3722} INFO - Setting next_dagrun for example_external_task_marker_parent to None, run_after=None
[2023-11-08T17:50:12.201-0500] {processor.py:179} INFO - Processing /Users/az/anaconda3/envs/python38/lib/python3.8/site-packages/airflow/example_dags/example_external_task_marker_dag.py took 0.149 seconds
[2023-11-08T17:52:09.141-0500] {processor.py:157} INFO - Started process (PID=49329) to work on /Users/az/anaconda3/envs/python38/lib/python3.8/site-packages/airflow/example_dags/example_external_task_marker_dag.py
[2023-11-08T17:52:09.145-0500] {processor.py:829} INFO - Processing file /Users/az/anaconda3/envs/python38/lib/python3.8/site-packages/airflow/example_dags/example_external_task_marker_dag.py for tasks to queue
[2023-11-08T17:52:09.146-0500] {logging_mixin.py:154} INFO - [2023-11-08T17:52:09.146-0500] {dagbag.py:536} INFO - Filling up the DagBag from /Users/az/anaconda3/envs/python38/lib/python3.8/site-packages/airflow/example_dags/example_external_task_marker_dag.py
[2023-11-08T17:52:09.162-0500] {processor.py:839} INFO - DAG(s) dict_keys(['example_external_task_marker_parent', 'example_external_task_marker_child']) retrieved from /Users/az/anaconda3/envs/python38/lib/python3.8/site-packages/airflow/example_dags/example_external_task_marker_dag.py
[2023-11-08T17:52:09.275-0500] {logging_mixin.py:154} INFO - [2023-11-08T17:52:09.274-0500] {dag.py:2941} INFO - Sync 2 DAGs
[2023-11-08T17:52:09.280-0500] {logging_mixin.py:154} INFO - [2023-11-08T17:52:09.280-0500] {dag.py:3722} INFO - Setting next_dagrun for example_external_task_marker_child to None, run_after=None
[2023-11-08T17:52:09.281-0500] {logging_mixin.py:154} INFO - [2023-11-08T17:52:09.281-0500] {dag.py:3722} INFO - Setting next_dagrun for example_external_task_marker_parent to None, run_after=None
[2023-11-08T17:52:09.291-0500] {processor.py:179} INFO - Processing /Users/az/anaconda3/envs/python38/lib/python3.8/site-packages/airflow/example_dags/example_external_task_marker_dag.py took 0.150 seconds
[2023-11-08T17:54:01.223-0500] {processor.py:157} INFO - Started process (PID=49470) to work on /Users/az/anaconda3/envs/python38/lib/python3.8/site-packages/airflow/example_dags/example_external_task_marker_dag.py
[2023-11-08T17:54:01.227-0500] {processor.py:829} INFO - Processing file /Users/az/anaconda3/envs/python38/lib/python3.8/site-packages/airflow/example_dags/example_external_task_marker_dag.py for tasks to queue
[2023-11-08T17:54:01.227-0500] {logging_mixin.py:154} INFO - [2023-11-08T17:54:01.227-0500] {dagbag.py:536} INFO - Filling up the DagBag from /Users/az/anaconda3/envs/python38/lib/python3.8/site-packages/airflow/example_dags/example_external_task_marker_dag.py
[2023-11-08T17:54:01.243-0500] {processor.py:839} INFO - DAG(s) dict_keys(['example_external_task_marker_parent', 'example_external_task_marker_child']) retrieved from /Users/az/anaconda3/envs/python38/lib/python3.8/site-packages/airflow/example_dags/example_external_task_marker_dag.py
[2023-11-08T17:54:01.355-0500] {logging_mixin.py:154} INFO - [2023-11-08T17:54:01.355-0500] {dag.py:2941} INFO - Sync 2 DAGs
[2023-11-08T17:54:01.360-0500] {logging_mixin.py:154} INFO - [2023-11-08T17:54:01.360-0500] {dag.py:3722} INFO - Setting next_dagrun for example_external_task_marker_child to None, run_after=None
[2023-11-08T17:54:01.362-0500] {logging_mixin.py:154} INFO - [2023-11-08T17:54:01.362-0500] {dag.py:3722} INFO - Setting next_dagrun for example_external_task_marker_parent to None, run_after=None
[2023-11-08T17:54:01.371-0500] {processor.py:179} INFO - Processing /Users/az/anaconda3/envs/python38/lib/python3.8/site-packages/airflow/example_dags/example_external_task_marker_dag.py took 0.149 seconds
[2023-11-08T17:56:02.280-0500] {processor.py:157} INFO - Started process (PID=49617) to work on /Users/az/anaconda3/envs/python38/lib/python3.8/site-packages/airflow/example_dags/example_external_task_marker_dag.py
[2023-11-08T17:56:02.285-0500] {processor.py:829} INFO - Processing file /Users/az/anaconda3/envs/python38/lib/python3.8/site-packages/airflow/example_dags/example_external_task_marker_dag.py for tasks to queue
[2023-11-08T17:56:02.285-0500] {logging_mixin.py:154} INFO - [2023-11-08T17:56:02.285-0500] {dagbag.py:536} INFO - Filling up the DagBag from /Users/az/anaconda3/envs/python38/lib/python3.8/site-packages/airflow/example_dags/example_external_task_marker_dag.py
[2023-11-08T17:56:02.302-0500] {processor.py:839} INFO - DAG(s) dict_keys(['example_external_task_marker_parent', 'example_external_task_marker_child']) retrieved from /Users/az/anaconda3/envs/python38/lib/python3.8/site-packages/airflow/example_dags/example_external_task_marker_dag.py
[2023-11-08T17:56:02.414-0500] {logging_mixin.py:154} INFO - [2023-11-08T17:56:02.414-0500] {dag.py:2941} INFO - Sync 2 DAGs
[2023-11-08T17:56:02.420-0500] {logging_mixin.py:154} INFO - [2023-11-08T17:56:02.419-0500] {dag.py:3722} INFO - Setting next_dagrun for example_external_task_marker_child to None, run_after=None
[2023-11-08T17:56:02.421-0500] {logging_mixin.py:154} INFO - [2023-11-08T17:56:02.421-0500] {dag.py:3722} INFO - Setting next_dagrun for example_external_task_marker_parent to None, run_after=None
[2023-11-08T17:56:02.430-0500] {processor.py:179} INFO - Processing /Users/az/anaconda3/envs/python38/lib/python3.8/site-packages/airflow/example_dags/example_external_task_marker_dag.py took 0.150 seconds
[2023-11-08T17:58:03.445-0500] {processor.py:157} INFO - Started process (PID=49783) to work on /Users/az/anaconda3/envs/python38/lib/python3.8/site-packages/airflow/example_dags/example_external_task_marker_dag.py
[2023-11-08T17:58:03.450-0500] {processor.py:829} INFO - Processing file /Users/az/anaconda3/envs/python38/lib/python3.8/site-packages/airflow/example_dags/example_external_task_marker_dag.py for tasks to queue
[2023-11-08T17:58:03.450-0500] {logging_mixin.py:154} INFO - [2023-11-08T17:58:03.450-0500] {dagbag.py:536} INFO - Filling up the DagBag from /Users/az/anaconda3/envs/python38/lib/python3.8/site-packages/airflow/example_dags/example_external_task_marker_dag.py
[2023-11-08T17:58:03.467-0500] {processor.py:839} INFO - DAG(s) dict_keys(['example_external_task_marker_parent', 'example_external_task_marker_child']) retrieved from /Users/az/anaconda3/envs/python38/lib/python3.8/site-packages/airflow/example_dags/example_external_task_marker_dag.py
[2023-11-08T17:58:03.580-0500] {logging_mixin.py:154} INFO - [2023-11-08T17:58:03.579-0500] {dag.py:2941} INFO - Sync 2 DAGs
[2023-11-08T17:58:03.585-0500] {logging_mixin.py:154} INFO - [2023-11-08T17:58:03.585-0500] {dag.py:3722} INFO - Setting next_dagrun for example_external_task_marker_child to None, run_after=None
[2023-11-08T17:58:03.586-0500] {logging_mixin.py:154} INFO - [2023-11-08T17:58:03.586-0500] {dag.py:3722} INFO - Setting next_dagrun for example_external_task_marker_parent to None, run_after=None
[2023-11-08T17:58:03.596-0500] {processor.py:179} INFO - Processing /Users/az/anaconda3/envs/python38/lib/python3.8/site-packages/airflow/example_dags/example_external_task_marker_dag.py took 0.151 seconds
[2023-11-08T18:00:04.811-0500] {processor.py:157} INFO - Started process (PID=49938) to work on /Users/az/anaconda3/envs/python38/lib/python3.8/site-packages/airflow/example_dags/example_external_task_marker_dag.py
[2023-11-08T18:00:04.815-0500] {processor.py:829} INFO - Processing file /Users/az/anaconda3/envs/python38/lib/python3.8/site-packages/airflow/example_dags/example_external_task_marker_dag.py for tasks to queue
[2023-11-08T18:00:04.816-0500] {logging_mixin.py:154} INFO - [2023-11-08T18:00:04.816-0500] {dagbag.py:536} INFO - Filling up the DagBag from /Users/az/anaconda3/envs/python38/lib/python3.8/site-packages/airflow/example_dags/example_external_task_marker_dag.py
[2023-11-08T18:00:04.833-0500] {processor.py:839} INFO - DAG(s) dict_keys(['example_external_task_marker_child', 'example_external_task_marker_parent']) retrieved from /Users/az/anaconda3/envs/python38/lib/python3.8/site-packages/airflow/example_dags/example_external_task_marker_dag.py
[2023-11-08T18:00:04.949-0500] {logging_mixin.py:154} INFO - [2023-11-08T18:00:04.948-0500] {dag.py:2941} INFO - Sync 2 DAGs
[2023-11-08T18:00:04.954-0500] {logging_mixin.py:154} INFO - [2023-11-08T18:00:04.954-0500] {dag.py:3722} INFO - Setting next_dagrun for example_external_task_marker_child to None, run_after=None
[2023-11-08T18:00:04.956-0500] {logging_mixin.py:154} INFO - [2023-11-08T18:00:04.955-0500] {dag.py:3722} INFO - Setting next_dagrun for example_external_task_marker_parent to None, run_after=None
[2023-11-08T18:00:04.965-0500] {processor.py:179} INFO - Processing /Users/az/anaconda3/envs/python38/lib/python3.8/site-packages/airflow/example_dags/example_external_task_marker_dag.py took 0.155 seconds
[2023-11-08T18:02:02.701-0500] {processor.py:157} INFO - Started process (PID=50111) to work on /Users/az/anaconda3/envs/python38/lib/python3.8/site-packages/airflow/example_dags/example_external_task_marker_dag.py
[2023-11-08T18:02:02.706-0500] {processor.py:829} INFO - Processing file /Users/az/anaconda3/envs/python38/lib/python3.8/site-packages/airflow/example_dags/example_external_task_marker_dag.py for tasks to queue
[2023-11-08T18:02:02.707-0500] {logging_mixin.py:154} INFO - [2023-11-08T18:02:02.707-0500] {dagbag.py:536} INFO - Filling up the DagBag from /Users/az/anaconda3/envs/python38/lib/python3.8/site-packages/airflow/example_dags/example_external_task_marker_dag.py
[2023-11-08T18:02:02.723-0500] {processor.py:839} INFO - DAG(s) dict_keys(['example_external_task_marker_parent', 'example_external_task_marker_child']) retrieved from /Users/az/anaconda3/envs/python38/lib/python3.8/site-packages/airflow/example_dags/example_external_task_marker_dag.py
[2023-11-08T18:02:02.835-0500] {logging_mixin.py:154} INFO - [2023-11-08T18:02:02.835-0500] {dag.py:2941} INFO - Sync 2 DAGs
[2023-11-08T18:02:02.840-0500] {logging_mixin.py:154} INFO - [2023-11-08T18:02:02.840-0500] {dag.py:3722} INFO - Setting next_dagrun for example_external_task_marker_child to None, run_after=None
[2023-11-08T18:02:02.842-0500] {logging_mixin.py:154} INFO - [2023-11-08T18:02:02.842-0500] {dag.py:3722} INFO - Setting next_dagrun for example_external_task_marker_parent to None, run_after=None
[2023-11-08T18:02:02.851-0500] {processor.py:179} INFO - Processing /Users/az/anaconda3/envs/python38/lib/python3.8/site-packages/airflow/example_dags/example_external_task_marker_dag.py took 0.150 seconds
[2023-11-08T18:04:01.654-0500] {processor.py:157} INFO - Started process (PID=50435) to work on /Users/az/anaconda3/envs/python38/lib/python3.8/site-packages/airflow/example_dags/example_external_task_marker_dag.py
[2023-11-08T18:04:01.659-0500] {processor.py:829} INFO - Processing file /Users/az/anaconda3/envs/python38/lib/python3.8/site-packages/airflow/example_dags/example_external_task_marker_dag.py for tasks to queue
[2023-11-08T18:04:01.659-0500] {logging_mixin.py:154} INFO - [2023-11-08T18:04:01.659-0500] {dagbag.py:536} INFO - Filling up the DagBag from /Users/az/anaconda3/envs/python38/lib/python3.8/site-packages/airflow/example_dags/example_external_task_marker_dag.py
[2023-11-08T18:04:01.676-0500] {processor.py:839} INFO - DAG(s) dict_keys(['example_external_task_marker_parent', 'example_external_task_marker_child']) retrieved from /Users/az/anaconda3/envs/python38/lib/python3.8/site-packages/airflow/example_dags/example_external_task_marker_dag.py
[2023-11-08T18:04:01.789-0500] {logging_mixin.py:154} INFO - [2023-11-08T18:04:01.788-0500] {dag.py:2941} INFO - Sync 2 DAGs
[2023-11-08T18:04:01.794-0500] {logging_mixin.py:154} INFO - [2023-11-08T18:04:01.794-0500] {dag.py:3722} INFO - Setting next_dagrun for example_external_task_marker_child to None, run_after=None
[2023-11-08T18:04:01.795-0500] {logging_mixin.py:154} INFO - [2023-11-08T18:04:01.795-0500] {dag.py:3722} INFO - Setting next_dagrun for example_external_task_marker_parent to None, run_after=None
[2023-11-08T18:04:01.805-0500] {processor.py:179} INFO - Processing /Users/az/anaconda3/envs/python38/lib/python3.8/site-packages/airflow/example_dags/example_external_task_marker_dag.py took 0.151 seconds
[2023-11-08T18:05:58.010-0500] {processor.py:157} INFO - Started process (PID=50581) to work on /Users/az/anaconda3/envs/python38/lib/python3.8/site-packages/airflow/example_dags/example_external_task_marker_dag.py
[2023-11-08T18:05:58.015-0500] {processor.py:829} INFO - Processing file /Users/az/anaconda3/envs/python38/lib/python3.8/site-packages/airflow/example_dags/example_external_task_marker_dag.py for tasks to queue
[2023-11-08T18:05:58.015-0500] {logging_mixin.py:154} INFO - [2023-11-08T18:05:58.015-0500] {dagbag.py:536} INFO - Filling up the DagBag from /Users/az/anaconda3/envs/python38/lib/python3.8/site-packages/airflow/example_dags/example_external_task_marker_dag.py
[2023-11-08T18:05:58.032-0500] {processor.py:839} INFO - DAG(s) dict_keys(['example_external_task_marker_parent', 'example_external_task_marker_child']) retrieved from /Users/az/anaconda3/envs/python38/lib/python3.8/site-packages/airflow/example_dags/example_external_task_marker_dag.py
[2023-11-08T18:05:58.145-0500] {logging_mixin.py:154} INFO - [2023-11-08T18:05:58.145-0500] {dag.py:2941} INFO - Sync 2 DAGs
[2023-11-08T18:05:58.150-0500] {logging_mixin.py:154} INFO - [2023-11-08T18:05:58.150-0500] {dag.py:3722} INFO - Setting next_dagrun for example_external_task_marker_child to None, run_after=None
[2023-11-08T18:05:58.152-0500] {logging_mixin.py:154} INFO - [2023-11-08T18:05:58.152-0500] {dag.py:3722} INFO - Setting next_dagrun for example_external_task_marker_parent to None, run_after=None
[2023-11-08T18:05:58.161-0500] {processor.py:179} INFO - Processing /Users/az/anaconda3/envs/python38/lib/python3.8/site-packages/airflow/example_dags/example_external_task_marker_dag.py took 0.151 seconds
[2023-11-08T18:07:50.338-0500] {processor.py:157} INFO - Started process (PID=50752) to work on /Users/az/anaconda3/envs/python38/lib/python3.8/site-packages/airflow/example_dags/example_external_task_marker_dag.py
[2023-11-08T18:07:50.341-0500] {processor.py:829} INFO - Processing file /Users/az/anaconda3/envs/python38/lib/python3.8/site-packages/airflow/example_dags/example_external_task_marker_dag.py for tasks to queue
[2023-11-08T18:07:50.342-0500] {logging_mixin.py:154} INFO - [2023-11-08T18:07:50.342-0500] {dagbag.py:536} INFO - Filling up the DagBag from /Users/az/anaconda3/envs/python38/lib/python3.8/site-packages/airflow/example_dags/example_external_task_marker_dag.py
[2023-11-08T18:07:50.358-0500] {processor.py:839} INFO - DAG(s) dict_keys(['example_external_task_marker_parent', 'example_external_task_marker_child']) retrieved from /Users/az/anaconda3/envs/python38/lib/python3.8/site-packages/airflow/example_dags/example_external_task_marker_dag.py
[2023-11-08T18:07:50.469-0500] {logging_mixin.py:154} INFO - [2023-11-08T18:07:50.469-0500] {dag.py:2941} INFO - Sync 2 DAGs
[2023-11-08T18:07:50.474-0500] {logging_mixin.py:154} INFO - [2023-11-08T18:07:50.474-0500] {dag.py:3722} INFO - Setting next_dagrun for example_external_task_marker_child to None, run_after=None
[2023-11-08T18:07:50.476-0500] {logging_mixin.py:154} INFO - [2023-11-08T18:07:50.476-0500] {dag.py:3722} INFO - Setting next_dagrun for example_external_task_marker_parent to None, run_after=None
[2023-11-08T18:07:50.485-0500] {processor.py:179} INFO - Processing /Users/az/anaconda3/envs/python38/lib/python3.8/site-packages/airflow/example_dags/example_external_task_marker_dag.py took 0.148 seconds
[2023-11-08T18:09:49.818-0500] {processor.py:157} INFO - Started process (PID=50911) to work on /Users/az/anaconda3/envs/python38/lib/python3.8/site-packages/airflow/example_dags/example_external_task_marker_dag.py
[2023-11-08T18:09:49.823-0500] {processor.py:829} INFO - Processing file /Users/az/anaconda3/envs/python38/lib/python3.8/site-packages/airflow/example_dags/example_external_task_marker_dag.py for tasks to queue
[2023-11-08T18:09:49.823-0500] {logging_mixin.py:154} INFO - [2023-11-08T18:09:49.823-0500] {dagbag.py:536} INFO - Filling up the DagBag from /Users/az/anaconda3/envs/python38/lib/python3.8/site-packages/airflow/example_dags/example_external_task_marker_dag.py
[2023-11-08T18:09:49.840-0500] {processor.py:839} INFO - DAG(s) dict_keys(['example_external_task_marker_child', 'example_external_task_marker_parent']) retrieved from /Users/az/anaconda3/envs/python38/lib/python3.8/site-packages/airflow/example_dags/example_external_task_marker_dag.py
[2023-11-08T18:09:49.951-0500] {logging_mixin.py:154} INFO - [2023-11-08T18:09:49.951-0500] {dag.py:2941} INFO - Sync 2 DAGs
[2023-11-08T18:09:49.956-0500] {logging_mixin.py:154} INFO - [2023-11-08T18:09:49.956-0500] {dag.py:3722} INFO - Setting next_dagrun for example_external_task_marker_child to None, run_after=None
[2023-11-08T18:09:49.958-0500] {logging_mixin.py:154} INFO - [2023-11-08T18:09:49.958-0500] {dag.py:3722} INFO - Setting next_dagrun for example_external_task_marker_parent to None, run_after=None
[2023-11-08T18:09:49.967-0500] {processor.py:179} INFO - Processing /Users/az/anaconda3/envs/python38/lib/python3.8/site-packages/airflow/example_dags/example_external_task_marker_dag.py took 0.149 seconds
[2023-11-08T18:11:50.251-0500] {processor.py:157} INFO - Started process (PID=51061) to work on /Users/az/anaconda3/envs/python38/lib/python3.8/site-packages/airflow/example_dags/example_external_task_marker_dag.py
[2023-11-08T18:11:50.255-0500] {processor.py:829} INFO - Processing file /Users/az/anaconda3/envs/python38/lib/python3.8/site-packages/airflow/example_dags/example_external_task_marker_dag.py for tasks to queue
[2023-11-08T18:11:50.255-0500] {logging_mixin.py:154} INFO - [2023-11-08T18:11:50.255-0500] {dagbag.py:536} INFO - Filling up the DagBag from /Users/az/anaconda3/envs/python38/lib/python3.8/site-packages/airflow/example_dags/example_external_task_marker_dag.py
[2023-11-08T18:11:50.272-0500] {processor.py:839} INFO - DAG(s) dict_keys(['example_external_task_marker_parent', 'example_external_task_marker_child']) retrieved from /Users/az/anaconda3/envs/python38/lib/python3.8/site-packages/airflow/example_dags/example_external_task_marker_dag.py
[2023-11-08T18:11:50.385-0500] {logging_mixin.py:154} INFO - [2023-11-08T18:11:50.384-0500] {dag.py:2941} INFO - Sync 2 DAGs
[2023-11-08T18:11:50.390-0500] {logging_mixin.py:154} INFO - [2023-11-08T18:11:50.390-0500] {dag.py:3722} INFO - Setting next_dagrun for example_external_task_marker_child to None, run_after=None
[2023-11-08T18:11:50.391-0500] {logging_mixin.py:154} INFO - [2023-11-08T18:11:50.391-0500] {dag.py:3722} INFO - Setting next_dagrun for example_external_task_marker_parent to None, run_after=None
[2023-11-08T18:11:50.401-0500] {processor.py:179} INFO - Processing /Users/az/anaconda3/envs/python38/lib/python3.8/site-packages/airflow/example_dags/example_external_task_marker_dag.py took 0.150 seconds
[2023-11-08T18:23:14.944-0500] {processor.py:157} INFO - Started process (PID=51209) to work on /Users/az/anaconda3/envs/python38/lib/python3.8/site-packages/airflow/example_dags/example_external_task_marker_dag.py
[2023-11-08T18:23:14.948-0500] {processor.py:829} INFO - Processing file /Users/az/anaconda3/envs/python38/lib/python3.8/site-packages/airflow/example_dags/example_external_task_marker_dag.py for tasks to queue
[2023-11-08T18:23:14.949-0500] {logging_mixin.py:154} INFO - [2023-11-08T18:23:14.948-0500] {dagbag.py:536} INFO - Filling up the DagBag from /Users/az/anaconda3/envs/python38/lib/python3.8/site-packages/airflow/example_dags/example_external_task_marker_dag.py
[2023-11-08T18:23:14.965-0500] {processor.py:839} INFO - DAG(s) dict_keys(['example_external_task_marker_parent', 'example_external_task_marker_child']) retrieved from /Users/az/anaconda3/envs/python38/lib/python3.8/site-packages/airflow/example_dags/example_external_task_marker_dag.py
[2023-11-08T18:23:15.076-0500] {logging_mixin.py:154} INFO - [2023-11-08T18:23:15.075-0500] {dag.py:2941} INFO - Sync 2 DAGs
[2023-11-08T18:23:15.081-0500] {logging_mixin.py:154} INFO - [2023-11-08T18:23:15.081-0500] {dag.py:3722} INFO - Setting next_dagrun for example_external_task_marker_child to None, run_after=None
[2023-11-08T18:23:15.082-0500] {logging_mixin.py:154} INFO - [2023-11-08T18:23:15.082-0500] {dag.py:3722} INFO - Setting next_dagrun for example_external_task_marker_parent to None, run_after=None
[2023-11-08T18:23:15.091-0500] {processor.py:179} INFO - Processing /Users/az/anaconda3/envs/python38/lib/python3.8/site-packages/airflow/example_dags/example_external_task_marker_dag.py took 0.148 seconds
[2023-11-08T18:31:58.212-0500] {processor.py:157} INFO - Started process (PID=51358) to work on /Users/az/anaconda3/envs/python38/lib/python3.8/site-packages/airflow/example_dags/example_external_task_marker_dag.py
[2023-11-08T18:31:58.217-0500] {processor.py:829} INFO - Processing file /Users/az/anaconda3/envs/python38/lib/python3.8/site-packages/airflow/example_dags/example_external_task_marker_dag.py for tasks to queue
[2023-11-08T18:31:58.217-0500] {logging_mixin.py:154} INFO - [2023-11-08T18:31:58.217-0500] {dagbag.py:536} INFO - Filling up the DagBag from /Users/az/anaconda3/envs/python38/lib/python3.8/site-packages/airflow/example_dags/example_external_task_marker_dag.py
[2023-11-08T18:31:58.234-0500] {processor.py:839} INFO - DAG(s) dict_keys(['example_external_task_marker_parent', 'example_external_task_marker_child']) retrieved from /Users/az/anaconda3/envs/python38/lib/python3.8/site-packages/airflow/example_dags/example_external_task_marker_dag.py
[2023-11-08T18:31:58.347-0500] {logging_mixin.py:154} INFO - [2023-11-08T18:31:58.347-0500] {dag.py:2941} INFO - Sync 2 DAGs
[2023-11-08T18:31:58.352-0500] {logging_mixin.py:154} INFO - [2023-11-08T18:31:58.352-0500] {dag.py:3722} INFO - Setting next_dagrun for example_external_task_marker_child to None, run_after=None
[2023-11-08T18:31:58.353-0500] {logging_mixin.py:154} INFO - [2023-11-08T18:31:58.353-0500] {dag.py:3722} INFO - Setting next_dagrun for example_external_task_marker_parent to None, run_after=None
[2023-11-08T18:31:58.362-0500] {processor.py:179} INFO - Processing /Users/az/anaconda3/envs/python38/lib/python3.8/site-packages/airflow/example_dags/example_external_task_marker_dag.py took 0.151 seconds
[2023-11-08T18:34:03.488-0500] {processor.py:157} INFO - Started process (PID=51520) to work on /Users/az/anaconda3/envs/python38/lib/python3.8/site-packages/airflow/example_dags/example_external_task_marker_dag.py
[2023-11-08T18:34:03.493-0500] {processor.py:829} INFO - Processing file /Users/az/anaconda3/envs/python38/lib/python3.8/site-packages/airflow/example_dags/example_external_task_marker_dag.py for tasks to queue
[2023-11-08T18:34:03.493-0500] {logging_mixin.py:154} INFO - [2023-11-08T18:34:03.493-0500] {dagbag.py:536} INFO - Filling up the DagBag from /Users/az/anaconda3/envs/python38/lib/python3.8/site-packages/airflow/example_dags/example_external_task_marker_dag.py
[2023-11-08T18:34:03.510-0500] {processor.py:839} INFO - DAG(s) dict_keys(['example_external_task_marker_parent', 'example_external_task_marker_child']) retrieved from /Users/az/anaconda3/envs/python38/lib/python3.8/site-packages/airflow/example_dags/example_external_task_marker_dag.py
[2023-11-08T18:34:03.624-0500] {logging_mixin.py:154} INFO - [2023-11-08T18:34:03.623-0500] {dag.py:2941} INFO - Sync 2 DAGs
[2023-11-08T18:34:03.629-0500] {logging_mixin.py:154} INFO - [2023-11-08T18:34:03.629-0500] {dag.py:3722} INFO - Setting next_dagrun for example_external_task_marker_child to None, run_after=None
[2023-11-08T18:34:03.630-0500] {logging_mixin.py:154} INFO - [2023-11-08T18:34:03.630-0500] {dag.py:3722} INFO - Setting next_dagrun for example_external_task_marker_parent to None, run_after=None
[2023-11-08T18:34:03.640-0500] {processor.py:179} INFO - Processing /Users/az/anaconda3/envs/python38/lib/python3.8/site-packages/airflow/example_dags/example_external_task_marker_dag.py took 0.152 seconds
[2023-11-08T18:36:02.800-0500] {processor.py:157} INFO - Started process (PID=51667) to work on /Users/az/anaconda3/envs/python38/lib/python3.8/site-packages/airflow/example_dags/example_external_task_marker_dag.py
[2023-11-08T18:36:02.805-0500] {processor.py:829} INFO - Processing file /Users/az/anaconda3/envs/python38/lib/python3.8/site-packages/airflow/example_dags/example_external_task_marker_dag.py for tasks to queue
[2023-11-08T18:36:02.805-0500] {logging_mixin.py:154} INFO - [2023-11-08T18:36:02.805-0500] {dagbag.py:536} INFO - Filling up the DagBag from /Users/az/anaconda3/envs/python38/lib/python3.8/site-packages/airflow/example_dags/example_external_task_marker_dag.py
[2023-11-08T18:36:02.822-0500] {processor.py:839} INFO - DAG(s) dict_keys(['example_external_task_marker_parent', 'example_external_task_marker_child']) retrieved from /Users/az/anaconda3/envs/python38/lib/python3.8/site-packages/airflow/example_dags/example_external_task_marker_dag.py
[2023-11-08T18:36:02.935-0500] {logging_mixin.py:154} INFO - [2023-11-08T18:36:02.935-0500] {dag.py:2941} INFO - Sync 2 DAGs
[2023-11-08T18:36:02.940-0500] {logging_mixin.py:154} INFO - [2023-11-08T18:36:02.940-0500] {dag.py:3722} INFO - Setting next_dagrun for example_external_task_marker_child to None, run_after=None
[2023-11-08T18:36:02.942-0500] {logging_mixin.py:154} INFO - [2023-11-08T18:36:02.942-0500] {dag.py:3722} INFO - Setting next_dagrun for example_external_task_marker_parent to None, run_after=None
[2023-11-08T18:36:02.951-0500] {processor.py:179} INFO - Processing /Users/az/anaconda3/envs/python38/lib/python3.8/site-packages/airflow/example_dags/example_external_task_marker_dag.py took 0.152 seconds
[2023-11-08T18:37:57.326-0500] {processor.py:157} INFO - Started process (PID=51812) to work on /Users/az/anaconda3/envs/python38/lib/python3.8/site-packages/airflow/example_dags/example_external_task_marker_dag.py
[2023-11-08T18:37:57.330-0500] {processor.py:829} INFO - Processing file /Users/az/anaconda3/envs/python38/lib/python3.8/site-packages/airflow/example_dags/example_external_task_marker_dag.py for tasks to queue
[2023-11-08T18:37:57.331-0500] {logging_mixin.py:154} INFO - [2023-11-08T18:37:57.331-0500] {dagbag.py:536} INFO - Filling up the DagBag from /Users/az/anaconda3/envs/python38/lib/python3.8/site-packages/airflow/example_dags/example_external_task_marker_dag.py
[2023-11-08T18:37:57.348-0500] {processor.py:839} INFO - DAG(s) dict_keys(['example_external_task_marker_parent', 'example_external_task_marker_child']) retrieved from /Users/az/anaconda3/envs/python38/lib/python3.8/site-packages/airflow/example_dags/example_external_task_marker_dag.py
[2023-11-08T18:37:57.461-0500] {logging_mixin.py:154} INFO - [2023-11-08T18:37:57.461-0500] {dag.py:2941} INFO - Sync 2 DAGs
[2023-11-08T18:37:57.466-0500] {logging_mixin.py:154} INFO - [2023-11-08T18:37:57.466-0500] {dag.py:3722} INFO - Setting next_dagrun for example_external_task_marker_child to None, run_after=None
[2023-11-08T18:37:57.468-0500] {logging_mixin.py:154} INFO - [2023-11-08T18:37:57.468-0500] {dag.py:3722} INFO - Setting next_dagrun for example_external_task_marker_parent to None, run_after=None
[2023-11-08T18:37:57.477-0500] {processor.py:179} INFO - Processing /Users/az/anaconda3/envs/python38/lib/python3.8/site-packages/airflow/example_dags/example_external_task_marker_dag.py took 0.151 seconds
[2023-11-08T18:39:55.904-0500] {processor.py:157} INFO - Started process (PID=51956) to work on /Users/az/anaconda3/envs/python38/lib/python3.8/site-packages/airflow/example_dags/example_external_task_marker_dag.py
[2023-11-08T18:39:55.909-0500] {processor.py:829} INFO - Processing file /Users/az/anaconda3/envs/python38/lib/python3.8/site-packages/airflow/example_dags/example_external_task_marker_dag.py for tasks to queue
[2023-11-08T18:39:55.909-0500] {logging_mixin.py:154} INFO - [2023-11-08T18:39:55.909-0500] {dagbag.py:536} INFO - Filling up the DagBag from /Users/az/anaconda3/envs/python38/lib/python3.8/site-packages/airflow/example_dags/example_external_task_marker_dag.py
[2023-11-08T18:39:55.927-0500] {processor.py:839} INFO - DAG(s) dict_keys(['example_external_task_marker_parent', 'example_external_task_marker_child']) retrieved from /Users/az/anaconda3/envs/python38/lib/python3.8/site-packages/airflow/example_dags/example_external_task_marker_dag.py
[2023-11-08T18:39:56.041-0500] {logging_mixin.py:154} INFO - [2023-11-08T18:39:56.041-0500] {dag.py:2941} INFO - Sync 2 DAGs
[2023-11-08T18:39:56.046-0500] {logging_mixin.py:154} INFO - [2023-11-08T18:39:56.046-0500] {dag.py:3722} INFO - Setting next_dagrun for example_external_task_marker_child to None, run_after=None
[2023-11-08T18:39:56.048-0500] {logging_mixin.py:154} INFO - [2023-11-08T18:39:56.048-0500] {dag.py:3722} INFO - Setting next_dagrun for example_external_task_marker_parent to None, run_after=None
[2023-11-08T18:39:56.057-0500] {processor.py:179} INFO - Processing /Users/az/anaconda3/envs/python38/lib/python3.8/site-packages/airflow/example_dags/example_external_task_marker_dag.py took 0.153 seconds
[2023-11-08T18:42:00.771-0500] {processor.py:157} INFO - Started process (PID=52104) to work on /Users/az/anaconda3/envs/python38/lib/python3.8/site-packages/airflow/example_dags/example_external_task_marker_dag.py
[2023-11-08T18:42:00.775-0500] {processor.py:829} INFO - Processing file /Users/az/anaconda3/envs/python38/lib/python3.8/site-packages/airflow/example_dags/example_external_task_marker_dag.py for tasks to queue
[2023-11-08T18:42:00.776-0500] {logging_mixin.py:154} INFO - [2023-11-08T18:42:00.775-0500] {dagbag.py:536} INFO - Filling up the DagBag from /Users/az/anaconda3/envs/python38/lib/python3.8/site-packages/airflow/example_dags/example_external_task_marker_dag.py
[2023-11-08T18:42:00.792-0500] {processor.py:839} INFO - DAG(s) dict_keys(['example_external_task_marker_parent', 'example_external_task_marker_child']) retrieved from /Users/az/anaconda3/envs/python38/lib/python3.8/site-packages/airflow/example_dags/example_external_task_marker_dag.py
[2023-11-08T18:42:00.905-0500] {logging_mixin.py:154} INFO - [2023-11-08T18:42:00.905-0500] {dag.py:2941} INFO - Sync 2 DAGs
[2023-11-08T18:42:00.910-0500] {logging_mixin.py:154} INFO - [2023-11-08T18:42:00.910-0500] {dag.py:3722} INFO - Setting next_dagrun for example_external_task_marker_child to None, run_after=None
[2023-11-08T18:42:00.912-0500] {logging_mixin.py:154} INFO - [2023-11-08T18:42:00.912-0500] {dag.py:3722} INFO - Setting next_dagrun for example_external_task_marker_parent to None, run_after=None
[2023-11-08T18:42:00.921-0500] {processor.py:179} INFO - Processing /Users/az/anaconda3/envs/python38/lib/python3.8/site-packages/airflow/example_dags/example_external_task_marker_dag.py took 0.151 seconds
[2023-11-08T18:44:00.694-0500] {processor.py:157} INFO - Started process (PID=52253) to work on /Users/az/anaconda3/envs/python38/lib/python3.8/site-packages/airflow/example_dags/example_external_task_marker_dag.py
[2023-11-08T18:44:00.699-0500] {processor.py:829} INFO - Processing file /Users/az/anaconda3/envs/python38/lib/python3.8/site-packages/airflow/example_dags/example_external_task_marker_dag.py for tasks to queue
[2023-11-08T18:44:00.699-0500] {logging_mixin.py:154} INFO - [2023-11-08T18:44:00.699-0500] {dagbag.py:536} INFO - Filling up the DagBag from /Users/az/anaconda3/envs/python38/lib/python3.8/site-packages/airflow/example_dags/example_external_task_marker_dag.py
[2023-11-08T18:44:00.716-0500] {processor.py:839} INFO - DAG(s) dict_keys(['example_external_task_marker_child', 'example_external_task_marker_parent']) retrieved from /Users/az/anaconda3/envs/python38/lib/python3.8/site-packages/airflow/example_dags/example_external_task_marker_dag.py
[2023-11-08T18:44:00.831-0500] {logging_mixin.py:154} INFO - [2023-11-08T18:44:00.830-0500] {dag.py:2941} INFO - Sync 2 DAGs
[2023-11-08T18:44:00.836-0500] {logging_mixin.py:154} INFO - [2023-11-08T18:44:00.836-0500] {dag.py:3722} INFO - Setting next_dagrun for example_external_task_marker_child to None, run_after=None
[2023-11-08T18:44:00.837-0500] {logging_mixin.py:154} INFO - [2023-11-08T18:44:00.837-0500] {dag.py:3722} INFO - Setting next_dagrun for example_external_task_marker_parent to None, run_after=None
[2023-11-08T18:44:00.847-0500] {processor.py:179} INFO - Processing /Users/az/anaconda3/envs/python38/lib/python3.8/site-packages/airflow/example_dags/example_external_task_marker_dag.py took 0.153 seconds
[2023-11-08T18:46:03.652-0500] {processor.py:157} INFO - Started process (PID=52400) to work on /Users/az/anaconda3/envs/python38/lib/python3.8/site-packages/airflow/example_dags/example_external_task_marker_dag.py
[2023-11-08T18:46:03.656-0500] {processor.py:829} INFO - Processing file /Users/az/anaconda3/envs/python38/lib/python3.8/site-packages/airflow/example_dags/example_external_task_marker_dag.py for tasks to queue
[2023-11-08T18:46:03.657-0500] {logging_mixin.py:154} INFO - [2023-11-08T18:46:03.657-0500] {dagbag.py:536} INFO - Filling up the DagBag from /Users/az/anaconda3/envs/python38/lib/python3.8/site-packages/airflow/example_dags/example_external_task_marker_dag.py
[2023-11-08T18:46:03.674-0500] {processor.py:839} INFO - DAG(s) dict_keys(['example_external_task_marker_child', 'example_external_task_marker_parent']) retrieved from /Users/az/anaconda3/envs/python38/lib/python3.8/site-packages/airflow/example_dags/example_external_task_marker_dag.py
[2023-11-08T18:46:03.786-0500] {logging_mixin.py:154} INFO - [2023-11-08T18:46:03.786-0500] {dag.py:2941} INFO - Sync 2 DAGs
[2023-11-08T18:46:03.791-0500] {logging_mixin.py:154} INFO - [2023-11-08T18:46:03.791-0500] {dag.py:3722} INFO - Setting next_dagrun for example_external_task_marker_child to None, run_after=None
[2023-11-08T18:46:03.792-0500] {logging_mixin.py:154} INFO - [2023-11-08T18:46:03.792-0500] {dag.py:3722} INFO - Setting next_dagrun for example_external_task_marker_parent to None, run_after=None
[2023-11-08T18:46:03.802-0500] {processor.py:179} INFO - Processing /Users/az/anaconda3/envs/python38/lib/python3.8/site-packages/airflow/example_dags/example_external_task_marker_dag.py took 0.150 seconds
[2023-11-08T18:48:12.115-0500] {processor.py:157} INFO - Started process (PID=52614) to work on /Users/az/anaconda3/envs/python38/lib/python3.8/site-packages/airflow/example_dags/example_external_task_marker_dag.py
[2023-11-08T18:48:12.120-0500] {processor.py:829} INFO - Processing file /Users/az/anaconda3/envs/python38/lib/python3.8/site-packages/airflow/example_dags/example_external_task_marker_dag.py for tasks to queue
[2023-11-08T18:48:12.120-0500] {logging_mixin.py:154} INFO - [2023-11-08T18:48:12.120-0500] {dagbag.py:536} INFO - Filling up the DagBag from /Users/az/anaconda3/envs/python38/lib/python3.8/site-packages/airflow/example_dags/example_external_task_marker_dag.py
[2023-11-08T18:48:12.137-0500] {processor.py:839} INFO - DAG(s) dict_keys(['example_external_task_marker_child', 'example_external_task_marker_parent']) retrieved from /Users/az/anaconda3/envs/python38/lib/python3.8/site-packages/airflow/example_dags/example_external_task_marker_dag.py
[2023-11-08T18:48:12.250-0500] {logging_mixin.py:154} INFO - [2023-11-08T18:48:12.250-0500] {dag.py:2941} INFO - Sync 2 DAGs
[2023-11-08T18:48:12.255-0500] {logging_mixin.py:154} INFO - [2023-11-08T18:48:12.255-0500] {dag.py:3722} INFO - Setting next_dagrun for example_external_task_marker_child to None, run_after=None
[2023-11-08T18:48:12.257-0500] {logging_mixin.py:154} INFO - [2023-11-08T18:48:12.256-0500] {dag.py:3722} INFO - Setting next_dagrun for example_external_task_marker_parent to None, run_after=None
[2023-11-08T18:48:12.265-0500] {processor.py:179} INFO - Processing /Users/az/anaconda3/envs/python38/lib/python3.8/site-packages/airflow/example_dags/example_external_task_marker_dag.py took 0.151 seconds
[2023-11-08T18:50:10.794-0500] {processor.py:157} INFO - Started process (PID=52757) to work on /Users/az/anaconda3/envs/python38/lib/python3.8/site-packages/airflow/example_dags/example_external_task_marker_dag.py
[2023-11-08T18:50:10.798-0500] {processor.py:829} INFO - Processing file /Users/az/anaconda3/envs/python38/lib/python3.8/site-packages/airflow/example_dags/example_external_task_marker_dag.py for tasks to queue
[2023-11-08T18:50:10.798-0500] {logging_mixin.py:154} INFO - [2023-11-08T18:50:10.798-0500] {dagbag.py:536} INFO - Filling up the DagBag from /Users/az/anaconda3/envs/python38/lib/python3.8/site-packages/airflow/example_dags/example_external_task_marker_dag.py
[2023-11-08T18:50:10.816-0500] {processor.py:839} INFO - DAG(s) dict_keys(['example_external_task_marker_parent', 'example_external_task_marker_child']) retrieved from /Users/az/anaconda3/envs/python38/lib/python3.8/site-packages/airflow/example_dags/example_external_task_marker_dag.py
[2023-11-08T18:50:10.929-0500] {logging_mixin.py:154} INFO - [2023-11-08T18:50:10.929-0500] {dag.py:2941} INFO - Sync 2 DAGs
[2023-11-08T18:50:10.934-0500] {logging_mixin.py:154} INFO - [2023-11-08T18:50:10.934-0500] {dag.py:3722} INFO - Setting next_dagrun for example_external_task_marker_child to None, run_after=None
[2023-11-08T18:50:10.935-0500] {logging_mixin.py:154} INFO - [2023-11-08T18:50:10.935-0500] {dag.py:3722} INFO - Setting next_dagrun for example_external_task_marker_parent to None, run_after=None
[2023-11-08T18:50:10.945-0500] {processor.py:179} INFO - Processing /Users/az/anaconda3/envs/python38/lib/python3.8/site-packages/airflow/example_dags/example_external_task_marker_dag.py took 0.151 seconds
[2023-11-08T18:52:11.842-0500] {processor.py:157} INFO - Started process (PID=52915) to work on /Users/az/anaconda3/envs/python38/lib/python3.8/site-packages/airflow/example_dags/example_external_task_marker_dag.py
[2023-11-08T18:52:11.846-0500] {processor.py:829} INFO - Processing file /Users/az/anaconda3/envs/python38/lib/python3.8/site-packages/airflow/example_dags/example_external_task_marker_dag.py for tasks to queue
[2023-11-08T18:52:11.846-0500] {logging_mixin.py:154} INFO - [2023-11-08T18:52:11.846-0500] {dagbag.py:536} INFO - Filling up the DagBag from /Users/az/anaconda3/envs/python38/lib/python3.8/site-packages/airflow/example_dags/example_external_task_marker_dag.py
[2023-11-08T18:52:11.863-0500] {processor.py:839} INFO - DAG(s) dict_keys(['example_external_task_marker_parent', 'example_external_task_marker_child']) retrieved from /Users/az/anaconda3/envs/python38/lib/python3.8/site-packages/airflow/example_dags/example_external_task_marker_dag.py
[2023-11-08T18:52:11.977-0500] {logging_mixin.py:154} INFO - [2023-11-08T18:52:11.976-0500] {dag.py:2941} INFO - Sync 2 DAGs
[2023-11-08T18:52:11.982-0500] {logging_mixin.py:154} INFO - [2023-11-08T18:52:11.982-0500] {dag.py:3722} INFO - Setting next_dagrun for example_external_task_marker_child to None, run_after=None
[2023-11-08T18:52:11.983-0500] {logging_mixin.py:154} INFO - [2023-11-08T18:52:11.983-0500] {dag.py:3722} INFO - Setting next_dagrun for example_external_task_marker_parent to None, run_after=None
[2023-11-08T18:52:11.992-0500] {processor.py:179} INFO - Processing /Users/az/anaconda3/envs/python38/lib/python3.8/site-packages/airflow/example_dags/example_external_task_marker_dag.py took 0.151 seconds
[2023-11-08T18:54:14.388-0500] {processor.py:157} INFO - Started process (PID=53079) to work on /Users/az/anaconda3/envs/python38/lib/python3.8/site-packages/airflow/example_dags/example_external_task_marker_dag.py
[2023-11-08T18:54:14.393-0500] {processor.py:829} INFO - Processing file /Users/az/anaconda3/envs/python38/lib/python3.8/site-packages/airflow/example_dags/example_external_task_marker_dag.py for tasks to queue
[2023-11-08T18:54:14.393-0500] {logging_mixin.py:154} INFO - [2023-11-08T18:54:14.393-0500] {dagbag.py:536} INFO - Filling up the DagBag from /Users/az/anaconda3/envs/python38/lib/python3.8/site-packages/airflow/example_dags/example_external_task_marker_dag.py
[2023-11-08T18:54:14.410-0500] {processor.py:839} INFO - DAG(s) dict_keys(['example_external_task_marker_parent', 'example_external_task_marker_child']) retrieved from /Users/az/anaconda3/envs/python38/lib/python3.8/site-packages/airflow/example_dags/example_external_task_marker_dag.py
[2023-11-08T18:54:14.523-0500] {logging_mixin.py:154} INFO - [2023-11-08T18:54:14.522-0500] {dag.py:2941} INFO - Sync 2 DAGs
[2023-11-08T18:54:14.528-0500] {logging_mixin.py:154} INFO - [2023-11-08T18:54:14.527-0500] {dag.py:3722} INFO - Setting next_dagrun for example_external_task_marker_child to None, run_after=None
[2023-11-08T18:54:14.529-0500] {logging_mixin.py:154} INFO - [2023-11-08T18:54:14.529-0500] {dag.py:3722} INFO - Setting next_dagrun for example_external_task_marker_parent to None, run_after=None
[2023-11-08T18:54:14.539-0500] {processor.py:179} INFO - Processing /Users/az/anaconda3/envs/python38/lib/python3.8/site-packages/airflow/example_dags/example_external_task_marker_dag.py took 0.151 seconds
[2023-11-08T18:56:23.809-0500] {processor.py:157} INFO - Started process (PID=53240) to work on /Users/az/anaconda3/envs/python38/lib/python3.8/site-packages/airflow/example_dags/example_external_task_marker_dag.py
[2023-11-08T18:56:23.814-0500] {processor.py:829} INFO - Processing file /Users/az/anaconda3/envs/python38/lib/python3.8/site-packages/airflow/example_dags/example_external_task_marker_dag.py for tasks to queue
[2023-11-08T18:56:23.814-0500] {logging_mixin.py:154} INFO - [2023-11-08T18:56:23.814-0500] {dagbag.py:536} INFO - Filling up the DagBag from /Users/az/anaconda3/envs/python38/lib/python3.8/site-packages/airflow/example_dags/example_external_task_marker_dag.py
[2023-11-08T18:56:23.831-0500] {processor.py:839} INFO - DAG(s) dict_keys(['example_external_task_marker_parent', 'example_external_task_marker_child']) retrieved from /Users/az/anaconda3/envs/python38/lib/python3.8/site-packages/airflow/example_dags/example_external_task_marker_dag.py
[2023-11-08T18:56:23.945-0500] {logging_mixin.py:154} INFO - [2023-11-08T18:56:23.945-0500] {dag.py:2941} INFO - Sync 2 DAGs
[2023-11-08T18:56:23.952-0500] {logging_mixin.py:154} INFO - [2023-11-08T18:56:23.951-0500] {dag.py:3722} INFO - Setting next_dagrun for example_external_task_marker_child to None, run_after=None
[2023-11-08T18:56:23.953-0500] {logging_mixin.py:154} INFO - [2023-11-08T18:56:23.953-0500] {dag.py:3722} INFO - Setting next_dagrun for example_external_task_marker_parent to None, run_after=None
[2023-11-08T18:56:23.963-0500] {processor.py:179} INFO - Processing /Users/az/anaconda3/envs/python38/lib/python3.8/site-packages/airflow/example_dags/example_external_task_marker_dag.py took 0.154 seconds
[2023-11-08T18:58:28.803-0500] {processor.py:157} INFO - Started process (PID=53400) to work on /Users/az/anaconda3/envs/python38/lib/python3.8/site-packages/airflow/example_dags/example_external_task_marker_dag.py
[2023-11-08T18:58:28.808-0500] {processor.py:829} INFO - Processing file /Users/az/anaconda3/envs/python38/lib/python3.8/site-packages/airflow/example_dags/example_external_task_marker_dag.py for tasks to queue
[2023-11-08T18:58:28.808-0500] {logging_mixin.py:154} INFO - [2023-11-08T18:58:28.808-0500] {dagbag.py:536} INFO - Filling up the DagBag from /Users/az/anaconda3/envs/python38/lib/python3.8/site-packages/airflow/example_dags/example_external_task_marker_dag.py
[2023-11-08T18:58:28.825-0500] {processor.py:839} INFO - DAG(s) dict_keys(['example_external_task_marker_child', 'example_external_task_marker_parent']) retrieved from /Users/az/anaconda3/envs/python38/lib/python3.8/site-packages/airflow/example_dags/example_external_task_marker_dag.py
[2023-11-08T18:58:28.939-0500] {logging_mixin.py:154} INFO - [2023-11-08T18:58:28.939-0500] {dag.py:2941} INFO - Sync 2 DAGs
[2023-11-08T18:58:28.944-0500] {logging_mixin.py:154} INFO - [2023-11-08T18:58:28.944-0500] {dag.py:3722} INFO - Setting next_dagrun for example_external_task_marker_child to None, run_after=None
[2023-11-08T18:58:28.945-0500] {logging_mixin.py:154} INFO - [2023-11-08T18:58:28.945-0500] {dag.py:3722} INFO - Setting next_dagrun for example_external_task_marker_parent to None, run_after=None
[2023-11-08T18:58:28.955-0500] {processor.py:179} INFO - Processing /Users/az/anaconda3/envs/python38/lib/python3.8/site-packages/airflow/example_dags/example_external_task_marker_dag.py took 0.152 seconds
