[2023-11-08T17:47:33.937-0500] {processor.py:157} INFO - Started process (PID=48917) to work on /Users/az/anaconda3/envs/python38/lib/python3.8/site-packages/airflow/example_dags/example_short_circuit_operator.py
[2023-11-08T17:47:33.941-0500] {processor.py:829} INFO - Processing file /Users/az/anaconda3/envs/python38/lib/python3.8/site-packages/airflow/example_dags/example_short_circuit_operator.py for tasks to queue
[2023-11-08T17:47:33.942-0500] {logging_mixin.py:154} INFO - [2023-11-08T17:47:33.941-0500] {dagbag.py:536} INFO - Filling up the DagBag from /Users/az/anaconda3/envs/python38/lib/python3.8/site-packages/airflow/example_dags/example_short_circuit_operator.py
[2023-11-08T17:47:33.965-0500] {processor.py:839} INFO - DAG(s) dict_keys(['example_short_circuit_operator']) retrieved from /Users/az/anaconda3/envs/python38/lib/python3.8/site-packages/airflow/example_dags/example_short_circuit_operator.py
[2023-11-08T17:47:34.320-0500] {logging_mixin.py:154} INFO - [2023-11-08T17:47:34.320-0500] {manager.py:499} INFO - Created Permission View: %s
[2023-11-08T17:47:34.325-0500] {logging_mixin.py:154} INFO - [2023-11-08T17:47:34.325-0500] {manager.py:499} INFO - Created Permission View: %s
[2023-11-08T17:47:34.328-0500] {logging_mixin.py:154} INFO - [2023-11-08T17:47:34.328-0500] {manager.py:499} INFO - Created Permission View: %s
[2023-11-08T17:47:34.328-0500] {logging_mixin.py:154} INFO - [2023-11-08T17:47:34.328-0500] {dag.py:2941} INFO - Sync 1 DAGs
[2023-11-08T17:47:34.333-0500] {logging_mixin.py:154} INFO - [2023-11-08T17:47:34.333-0500] {dag.py:2963} INFO - Creating ORM DAG for example_short_circuit_operator
[2023-11-08T17:47:34.338-0500] {logging_mixin.py:154} INFO - [2023-11-08T17:47:34.338-0500] {dag.py:3722} INFO - Setting next_dagrun for example_short_circuit_operator to 2023-11-07T22:47:34.338070+00:00, run_after=2023-11-08T22:47:34.338070+00:00
[2023-11-08T17:47:34.348-0500] {processor.py:179} INFO - Processing /Users/az/anaconda3/envs/python38/lib/python3.8/site-packages/airflow/example_dags/example_short_circuit_operator.py took 0.411 seconds
[2023-11-08T17:49:09.198-0500] {processor.py:157} INFO - Started process (PID=49051) to work on /Users/az/anaconda3/envs/python38/lib/python3.8/site-packages/airflow/example_dags/example_short_circuit_operator.py
[2023-11-08T17:49:09.203-0500] {processor.py:829} INFO - Processing file /Users/az/anaconda3/envs/python38/lib/python3.8/site-packages/airflow/example_dags/example_short_circuit_operator.py for tasks to queue
[2023-11-08T17:49:09.203-0500] {logging_mixin.py:154} INFO - [2023-11-08T17:49:09.203-0500] {dagbag.py:536} INFO - Filling up the DagBag from /Users/az/anaconda3/envs/python38/lib/python3.8/site-packages/airflow/example_dags/example_short_circuit_operator.py
[2023-11-08T17:49:09.227-0500] {processor.py:839} INFO - DAG(s) dict_keys(['example_short_circuit_operator']) retrieved from /Users/az/anaconda3/envs/python38/lib/python3.8/site-packages/airflow/example_dags/example_short_circuit_operator.py
[2023-11-08T17:49:09.337-0500] {logging_mixin.py:154} INFO - [2023-11-08T17:49:09.337-0500] {dag.py:2941} INFO - Sync 1 DAGs
[2023-11-08T17:49:09.347-0500] {logging_mixin.py:154} INFO - [2023-11-08T17:49:09.347-0500] {dag.py:3722} INFO - Setting next_dagrun for example_short_circuit_operator to 2023-11-07T22:49:09.347555+00:00, run_after=2023-11-08T22:49:09.347555+00:00
[2023-11-08T17:49:09.358-0500] {processor.py:179} INFO - Processing /Users/az/anaconda3/envs/python38/lib/python3.8/site-packages/airflow/example_dags/example_short_circuit_operator.py took 0.160 seconds
[2023-11-08T17:51:10.513-0500] {processor.py:157} INFO - Started process (PID=49250) to work on /Users/az/anaconda3/envs/python38/lib/python3.8/site-packages/airflow/example_dags/example_short_circuit_operator.py
[2023-11-08T17:51:10.518-0500] {processor.py:829} INFO - Processing file /Users/az/anaconda3/envs/python38/lib/python3.8/site-packages/airflow/example_dags/example_short_circuit_operator.py for tasks to queue
[2023-11-08T17:51:10.518-0500] {logging_mixin.py:154} INFO - [2023-11-08T17:51:10.518-0500] {dagbag.py:536} INFO - Filling up the DagBag from /Users/az/anaconda3/envs/python38/lib/python3.8/site-packages/airflow/example_dags/example_short_circuit_operator.py
[2023-11-08T17:51:10.541-0500] {processor.py:839} INFO - DAG(s) dict_keys(['example_short_circuit_operator']) retrieved from /Users/az/anaconda3/envs/python38/lib/python3.8/site-packages/airflow/example_dags/example_short_circuit_operator.py
[2023-11-08T17:51:10.650-0500] {logging_mixin.py:154} INFO - [2023-11-08T17:51:10.650-0500] {dag.py:2941} INFO - Sync 1 DAGs
[2023-11-08T17:51:10.660-0500] {logging_mixin.py:154} INFO - [2023-11-08T17:51:10.660-0500] {dag.py:3722} INFO - Setting next_dagrun for example_short_circuit_operator to 2023-11-07T22:51:10.660196+00:00, run_after=2023-11-08T22:51:10.660196+00:00
[2023-11-08T17:51:10.670-0500] {processor.py:179} INFO - Processing /Users/az/anaconda3/envs/python38/lib/python3.8/site-packages/airflow/example_dags/example_short_circuit_operator.py took 0.158 seconds
[2023-11-08T17:53:02.978-0500] {processor.py:157} INFO - Started process (PID=49397) to work on /Users/az/anaconda3/envs/python38/lib/python3.8/site-packages/airflow/example_dags/example_short_circuit_operator.py
[2023-11-08T17:53:02.983-0500] {processor.py:829} INFO - Processing file /Users/az/anaconda3/envs/python38/lib/python3.8/site-packages/airflow/example_dags/example_short_circuit_operator.py for tasks to queue
[2023-11-08T17:53:02.983-0500] {logging_mixin.py:154} INFO - [2023-11-08T17:53:02.983-0500] {dagbag.py:536} INFO - Filling up the DagBag from /Users/az/anaconda3/envs/python38/lib/python3.8/site-packages/airflow/example_dags/example_short_circuit_operator.py
[2023-11-08T17:53:03.006-0500] {processor.py:839} INFO - DAG(s) dict_keys(['example_short_circuit_operator']) retrieved from /Users/az/anaconda3/envs/python38/lib/python3.8/site-packages/airflow/example_dags/example_short_circuit_operator.py
[2023-11-08T17:53:03.115-0500] {logging_mixin.py:154} INFO - [2023-11-08T17:53:03.114-0500] {dag.py:2941} INFO - Sync 1 DAGs
[2023-11-08T17:53:03.124-0500] {logging_mixin.py:154} INFO - [2023-11-08T17:53:03.124-0500] {dag.py:3722} INFO - Setting next_dagrun for example_short_circuit_operator to 2023-11-07T22:53:03.124653+00:00, run_after=2023-11-08T22:53:03.124653+00:00
[2023-11-08T17:53:03.135-0500] {processor.py:179} INFO - Processing /Users/az/anaconda3/envs/python38/lib/python3.8/site-packages/airflow/example_dags/example_short_circuit_operator.py took 0.157 seconds
[2023-11-08T17:54:59.994-0500] {processor.py:157} INFO - Started process (PID=49542) to work on /Users/az/anaconda3/envs/python38/lib/python3.8/site-packages/airflow/example_dags/example_short_circuit_operator.py
[2023-11-08T17:54:59.999-0500] {processor.py:829} INFO - Processing file /Users/az/anaconda3/envs/python38/lib/python3.8/site-packages/airflow/example_dags/example_short_circuit_operator.py for tasks to queue
[2023-11-08T17:54:59.999-0500] {logging_mixin.py:154} INFO - [2023-11-08T17:54:59.999-0500] {dagbag.py:536} INFO - Filling up the DagBag from /Users/az/anaconda3/envs/python38/lib/python3.8/site-packages/airflow/example_dags/example_short_circuit_operator.py
[2023-11-08T17:55:00.022-0500] {processor.py:839} INFO - DAG(s) dict_keys(['example_short_circuit_operator']) retrieved from /Users/az/anaconda3/envs/python38/lib/python3.8/site-packages/airflow/example_dags/example_short_circuit_operator.py
[2023-11-08T17:55:00.131-0500] {logging_mixin.py:154} INFO - [2023-11-08T17:55:00.131-0500] {dag.py:2941} INFO - Sync 1 DAGs
[2023-11-08T17:55:00.141-0500] {logging_mixin.py:154} INFO - [2023-11-08T17:55:00.141-0500] {dag.py:3722} INFO - Setting next_dagrun for example_short_circuit_operator to 2023-11-07T22:55:00.141408+00:00, run_after=2023-11-08T22:55:00.141408+00:00
[2023-11-08T17:55:00.152-0500] {processor.py:179} INFO - Processing /Users/az/anaconda3/envs/python38/lib/python3.8/site-packages/airflow/example_dags/example_short_circuit_operator.py took 0.158 seconds
[2023-11-08T17:56:59.885-0500] {processor.py:157} INFO - Started process (PID=49690) to work on /Users/az/anaconda3/envs/python38/lib/python3.8/site-packages/airflow/example_dags/example_short_circuit_operator.py
[2023-11-08T17:56:59.890-0500] {processor.py:829} INFO - Processing file /Users/az/anaconda3/envs/python38/lib/python3.8/site-packages/airflow/example_dags/example_short_circuit_operator.py for tasks to queue
[2023-11-08T17:56:59.891-0500] {logging_mixin.py:154} INFO - [2023-11-08T17:56:59.890-0500] {dagbag.py:536} INFO - Filling up the DagBag from /Users/az/anaconda3/envs/python38/lib/python3.8/site-packages/airflow/example_dags/example_short_circuit_operator.py
[2023-11-08T17:56:59.914-0500] {processor.py:839} INFO - DAG(s) dict_keys(['example_short_circuit_operator']) retrieved from /Users/az/anaconda3/envs/python38/lib/python3.8/site-packages/airflow/example_dags/example_short_circuit_operator.py
[2023-11-08T17:57:00.025-0500] {logging_mixin.py:154} INFO - [2023-11-08T17:57:00.024-0500] {dag.py:2941} INFO - Sync 1 DAGs
[2023-11-08T17:57:00.034-0500] {logging_mixin.py:154} INFO - [2023-11-08T17:57:00.034-0500] {dag.py:3722} INFO - Setting next_dagrun for example_short_circuit_operator to 2023-11-07T22:57:00.034741+00:00, run_after=2023-11-08T22:57:00.034741+00:00
[2023-11-08T17:57:00.045-0500] {processor.py:179} INFO - Processing /Users/az/anaconda3/envs/python38/lib/python3.8/site-packages/airflow/example_dags/example_short_circuit_operator.py took 0.160 seconds
[2023-11-08T17:59:02.338-0500] {processor.py:157} INFO - Started process (PID=49859) to work on /Users/az/anaconda3/envs/python38/lib/python3.8/site-packages/airflow/example_dags/example_short_circuit_operator.py
[2023-11-08T17:59:02.342-0500] {processor.py:829} INFO - Processing file /Users/az/anaconda3/envs/python38/lib/python3.8/site-packages/airflow/example_dags/example_short_circuit_operator.py for tasks to queue
[2023-11-08T17:59:02.343-0500] {logging_mixin.py:154} INFO - [2023-11-08T17:59:02.342-0500] {dagbag.py:536} INFO - Filling up the DagBag from /Users/az/anaconda3/envs/python38/lib/python3.8/site-packages/airflow/example_dags/example_short_circuit_operator.py
[2023-11-08T17:59:02.365-0500] {processor.py:839} INFO - DAG(s) dict_keys(['example_short_circuit_operator']) retrieved from /Users/az/anaconda3/envs/python38/lib/python3.8/site-packages/airflow/example_dags/example_short_circuit_operator.py
[2023-11-08T17:59:02.474-0500] {logging_mixin.py:154} INFO - [2023-11-08T17:59:02.474-0500] {dag.py:2941} INFO - Sync 1 DAGs
[2023-11-08T17:59:02.484-0500] {logging_mixin.py:154} INFO - [2023-11-08T17:59:02.484-0500] {dag.py:3722} INFO - Setting next_dagrun for example_short_circuit_operator to 2023-11-07T22:59:02.484178+00:00, run_after=2023-11-08T22:59:02.484178+00:00
[2023-11-08T17:59:02.494-0500] {processor.py:179} INFO - Processing /Users/az/anaconda3/envs/python38/lib/python3.8/site-packages/airflow/example_dags/example_short_circuit_operator.py took 0.157 seconds
[2023-11-08T18:01:02.829-0500] {processor.py:157} INFO - Started process (PID=50013) to work on /Users/az/anaconda3/envs/python38/lib/python3.8/site-packages/airflow/example_dags/example_short_circuit_operator.py
[2023-11-08T18:01:02.833-0500] {processor.py:829} INFO - Processing file /Users/az/anaconda3/envs/python38/lib/python3.8/site-packages/airflow/example_dags/example_short_circuit_operator.py for tasks to queue
[2023-11-08T18:01:02.834-0500] {logging_mixin.py:154} INFO - [2023-11-08T18:01:02.834-0500] {dagbag.py:536} INFO - Filling up the DagBag from /Users/az/anaconda3/envs/python38/lib/python3.8/site-packages/airflow/example_dags/example_short_circuit_operator.py
[2023-11-08T18:01:02.857-0500] {processor.py:839} INFO - DAG(s) dict_keys(['example_short_circuit_operator']) retrieved from /Users/az/anaconda3/envs/python38/lib/python3.8/site-packages/airflow/example_dags/example_short_circuit_operator.py
[2023-11-08T18:01:02.964-0500] {logging_mixin.py:154} INFO - [2023-11-08T18:01:02.964-0500] {dag.py:2941} INFO - Sync 1 DAGs
[2023-11-08T18:01:02.974-0500] {logging_mixin.py:154} INFO - [2023-11-08T18:01:02.974-0500] {dag.py:3722} INFO - Setting next_dagrun for example_short_circuit_operator to 2023-11-07T23:01:02.974489+00:00, run_after=2023-11-08T23:01:02.974489+00:00
[2023-11-08T18:01:02.984-0500] {processor.py:179} INFO - Processing /Users/az/anaconda3/envs/python38/lib/python3.8/site-packages/airflow/example_dags/example_short_circuit_operator.py took 0.156 seconds
[2023-11-08T18:03:00.092-0500] {processor.py:157} INFO - Started process (PID=50216) to work on /Users/az/anaconda3/envs/python38/lib/python3.8/site-packages/airflow/example_dags/example_short_circuit_operator.py
[2023-11-08T18:03:00.097-0500] {processor.py:829} INFO - Processing file /Users/az/anaconda3/envs/python38/lib/python3.8/site-packages/airflow/example_dags/example_short_circuit_operator.py for tasks to queue
[2023-11-08T18:03:00.097-0500] {logging_mixin.py:154} INFO - [2023-11-08T18:03:00.097-0500] {dagbag.py:536} INFO - Filling up the DagBag from /Users/az/anaconda3/envs/python38/lib/python3.8/site-packages/airflow/example_dags/example_short_circuit_operator.py
[2023-11-08T18:03:00.120-0500] {processor.py:839} INFO - DAG(s) dict_keys(['example_short_circuit_operator']) retrieved from /Users/az/anaconda3/envs/python38/lib/python3.8/site-packages/airflow/example_dags/example_short_circuit_operator.py
[2023-11-08T18:03:00.229-0500] {logging_mixin.py:154} INFO - [2023-11-08T18:03:00.229-0500] {dag.py:2941} INFO - Sync 1 DAGs
[2023-11-08T18:03:00.239-0500] {logging_mixin.py:154} INFO - [2023-11-08T18:03:00.239-0500] {dag.py:3722} INFO - Setting next_dagrun for example_short_circuit_operator to 2023-11-07T23:03:00.239583+00:00, run_after=2023-11-08T23:03:00.239583+00:00
[2023-11-08T18:03:00.250-0500] {processor.py:179} INFO - Processing /Users/az/anaconda3/envs/python38/lib/python3.8/site-packages/airflow/example_dags/example_short_circuit_operator.py took 0.158 seconds
[2023-11-08T18:04:56.927-0500] {processor.py:157} INFO - Started process (PID=50504) to work on /Users/az/anaconda3/envs/python38/lib/python3.8/site-packages/airflow/example_dags/example_short_circuit_operator.py
[2023-11-08T18:04:56.932-0500] {processor.py:829} INFO - Processing file /Users/az/anaconda3/envs/python38/lib/python3.8/site-packages/airflow/example_dags/example_short_circuit_operator.py for tasks to queue
[2023-11-08T18:04:56.933-0500] {logging_mixin.py:154} INFO - [2023-11-08T18:04:56.932-0500] {dagbag.py:536} INFO - Filling up the DagBag from /Users/az/anaconda3/envs/python38/lib/python3.8/site-packages/airflow/example_dags/example_short_circuit_operator.py
[2023-11-08T18:04:56.956-0500] {processor.py:839} INFO - DAG(s) dict_keys(['example_short_circuit_operator']) retrieved from /Users/az/anaconda3/envs/python38/lib/python3.8/site-packages/airflow/example_dags/example_short_circuit_operator.py
[2023-11-08T18:04:57.064-0500] {logging_mixin.py:154} INFO - [2023-11-08T18:04:57.064-0500] {dag.py:2941} INFO - Sync 1 DAGs
[2023-11-08T18:04:57.073-0500] {logging_mixin.py:154} INFO - [2023-11-08T18:04:57.073-0500] {dag.py:3722} INFO - Setting next_dagrun for example_short_circuit_operator to 2023-11-07T23:04:57.073811+00:00, run_after=2023-11-08T23:04:57.073811+00:00
[2023-11-08T18:04:57.084-0500] {processor.py:179} INFO - Processing /Users/az/anaconda3/envs/python38/lib/python3.8/site-packages/airflow/example_dags/example_short_circuit_operator.py took 0.157 seconds
[2023-11-08T18:06:52.129-0500] {processor.py:157} INFO - Started process (PID=50663) to work on /Users/az/anaconda3/envs/python38/lib/python3.8/site-packages/airflow/example_dags/example_short_circuit_operator.py
[2023-11-08T18:06:52.134-0500] {processor.py:829} INFO - Processing file /Users/az/anaconda3/envs/python38/lib/python3.8/site-packages/airflow/example_dags/example_short_circuit_operator.py for tasks to queue
[2023-11-08T18:06:52.134-0500] {logging_mixin.py:154} INFO - [2023-11-08T18:06:52.134-0500] {dagbag.py:536} INFO - Filling up the DagBag from /Users/az/anaconda3/envs/python38/lib/python3.8/site-packages/airflow/example_dags/example_short_circuit_operator.py
[2023-11-08T18:06:52.158-0500] {processor.py:839} INFO - DAG(s) dict_keys(['example_short_circuit_operator']) retrieved from /Users/az/anaconda3/envs/python38/lib/python3.8/site-packages/airflow/example_dags/example_short_circuit_operator.py
[2023-11-08T18:06:52.266-0500] {logging_mixin.py:154} INFO - [2023-11-08T18:06:52.266-0500] {dag.py:2941} INFO - Sync 1 DAGs
[2023-11-08T18:06:52.276-0500] {logging_mixin.py:154} INFO - [2023-11-08T18:06:52.276-0500] {dag.py:3722} INFO - Setting next_dagrun for example_short_circuit_operator to 2023-11-07T23:06:52.276011+00:00, run_after=2023-11-08T23:06:52.276011+00:00
[2023-11-08T18:06:52.286-0500] {processor.py:179} INFO - Processing /Users/az/anaconda3/envs/python38/lib/python3.8/site-packages/airflow/example_dags/example_short_circuit_operator.py took 0.157 seconds
[2023-11-08T18:08:47.139-0500] {processor.py:157} INFO - Started process (PID=50830) to work on /Users/az/anaconda3/envs/python38/lib/python3.8/site-packages/airflow/example_dags/example_short_circuit_operator.py
[2023-11-08T18:08:47.143-0500] {processor.py:829} INFO - Processing file /Users/az/anaconda3/envs/python38/lib/python3.8/site-packages/airflow/example_dags/example_short_circuit_operator.py for tasks to queue
[2023-11-08T18:08:47.143-0500] {logging_mixin.py:154} INFO - [2023-11-08T18:08:47.143-0500] {dagbag.py:536} INFO - Filling up the DagBag from /Users/az/anaconda3/envs/python38/lib/python3.8/site-packages/airflow/example_dags/example_short_circuit_operator.py
[2023-11-08T18:08:47.166-0500] {processor.py:839} INFO - DAG(s) dict_keys(['example_short_circuit_operator']) retrieved from /Users/az/anaconda3/envs/python38/lib/python3.8/site-packages/airflow/example_dags/example_short_circuit_operator.py
[2023-11-08T18:08:47.273-0500] {logging_mixin.py:154} INFO - [2023-11-08T18:08:47.273-0500] {dag.py:2941} INFO - Sync 1 DAGs
[2023-11-08T18:08:47.283-0500] {logging_mixin.py:154} INFO - [2023-11-08T18:08:47.283-0500] {dag.py:3722} INFO - Setting next_dagrun for example_short_circuit_operator to 2023-11-07T23:08:47.283321+00:00, run_after=2023-11-08T23:08:47.283321+00:00
[2023-11-08T18:08:47.293-0500] {processor.py:179} INFO - Processing /Users/az/anaconda3/envs/python38/lib/python3.8/site-packages/airflow/example_dags/example_short_circuit_operator.py took 0.154 seconds
[2023-11-08T18:10:46.921-0500] {processor.py:157} INFO - Started process (PID=50986) to work on /Users/az/anaconda3/envs/python38/lib/python3.8/site-packages/airflow/example_dags/example_short_circuit_operator.py
[2023-11-08T18:10:46.926-0500] {processor.py:829} INFO - Processing file /Users/az/anaconda3/envs/python38/lib/python3.8/site-packages/airflow/example_dags/example_short_circuit_operator.py for tasks to queue
[2023-11-08T18:10:46.926-0500] {logging_mixin.py:154} INFO - [2023-11-08T18:10:46.926-0500] {dagbag.py:536} INFO - Filling up the DagBag from /Users/az/anaconda3/envs/python38/lib/python3.8/site-packages/airflow/example_dags/example_short_circuit_operator.py
[2023-11-08T18:10:46.949-0500] {processor.py:839} INFO - DAG(s) dict_keys(['example_short_circuit_operator']) retrieved from /Users/az/anaconda3/envs/python38/lib/python3.8/site-packages/airflow/example_dags/example_short_circuit_operator.py
[2023-11-08T18:10:47.059-0500] {logging_mixin.py:154} INFO - [2023-11-08T18:10:47.059-0500] {dag.py:2941} INFO - Sync 1 DAGs
[2023-11-08T18:10:47.069-0500] {logging_mixin.py:154} INFO - [2023-11-08T18:10:47.069-0500] {dag.py:3722} INFO - Setting next_dagrun for example_short_circuit_operator to 2023-11-07T23:10:47.068992+00:00, run_after=2023-11-08T23:10:47.068992+00:00
[2023-11-08T18:10:47.079-0500] {processor.py:179} INFO - Processing /Users/az/anaconda3/envs/python38/lib/python3.8/site-packages/airflow/example_dags/example_short_circuit_operator.py took 0.158 seconds
[2023-11-08T18:17:47.778-0500] {processor.py:157} INFO - Started process (PID=51165) to work on /Users/az/anaconda3/envs/python38/lib/python3.8/site-packages/airflow/example_dags/example_short_circuit_operator.py
[2023-11-08T18:17:47.783-0500] {processor.py:829} INFO - Processing file /Users/az/anaconda3/envs/python38/lib/python3.8/site-packages/airflow/example_dags/example_short_circuit_operator.py for tasks to queue
[2023-11-08T18:17:47.783-0500] {logging_mixin.py:154} INFO - [2023-11-08T18:17:47.783-0500] {dagbag.py:536} INFO - Filling up the DagBag from /Users/az/anaconda3/envs/python38/lib/python3.8/site-packages/airflow/example_dags/example_short_circuit_operator.py
[2023-11-08T18:17:47.806-0500] {processor.py:839} INFO - DAG(s) dict_keys(['example_short_circuit_operator']) retrieved from /Users/az/anaconda3/envs/python38/lib/python3.8/site-packages/airflow/example_dags/example_short_circuit_operator.py
[2023-11-08T18:17:47.915-0500] {logging_mixin.py:154} INFO - [2023-11-08T18:17:47.915-0500] {dag.py:2941} INFO - Sync 1 DAGs
[2023-11-08T18:17:47.924-0500] {logging_mixin.py:154} INFO - [2023-11-08T18:17:47.924-0500] {dag.py:3722} INFO - Setting next_dagrun for example_short_circuit_operator to 2023-11-07T23:17:47.924668+00:00, run_after=2023-11-08T23:17:47.924668+00:00
[2023-11-08T18:17:47.935-0500] {processor.py:179} INFO - Processing /Users/az/anaconda3/envs/python38/lib/python3.8/site-packages/airflow/example_dags/example_short_circuit_operator.py took 0.157 seconds
[2023-11-08T18:30:50.630-0500] {processor.py:157} INFO - Started process (PID=51269) to work on /Users/az/anaconda3/envs/python38/lib/python3.8/site-packages/airflow/example_dags/example_short_circuit_operator.py
[2023-11-08T18:30:50.634-0500] {processor.py:829} INFO - Processing file /Users/az/anaconda3/envs/python38/lib/python3.8/site-packages/airflow/example_dags/example_short_circuit_operator.py for tasks to queue
[2023-11-08T18:30:50.634-0500] {logging_mixin.py:154} INFO - [2023-11-08T18:30:50.634-0500] {dagbag.py:536} INFO - Filling up the DagBag from /Users/az/anaconda3/envs/python38/lib/python3.8/site-packages/airflow/example_dags/example_short_circuit_operator.py
[2023-11-08T18:30:50.657-0500] {processor.py:839} INFO - DAG(s) dict_keys(['example_short_circuit_operator']) retrieved from /Users/az/anaconda3/envs/python38/lib/python3.8/site-packages/airflow/example_dags/example_short_circuit_operator.py
[2023-11-08T18:30:50.765-0500] {logging_mixin.py:154} INFO - [2023-11-08T18:30:50.765-0500] {dag.py:2941} INFO - Sync 1 DAGs
[2023-11-08T18:30:50.775-0500] {logging_mixin.py:154} INFO - [2023-11-08T18:30:50.775-0500] {dag.py:3722} INFO - Setting next_dagrun for example_short_circuit_operator to 2023-11-07T23:30:50.775247+00:00, run_after=2023-11-08T23:30:50.775247+00:00
[2023-11-08T18:30:50.785-0500] {processor.py:179} INFO - Processing /Users/az/anaconda3/envs/python38/lib/python3.8/site-packages/airflow/example_dags/example_short_circuit_operator.py took 0.156 seconds
[2023-11-08T18:32:47.693-0500] {processor.py:157} INFO - Started process (PID=51414) to work on /Users/az/anaconda3/envs/python38/lib/python3.8/site-packages/airflow/example_dags/example_short_circuit_operator.py
[2023-11-08T18:32:47.696-0500] {processor.py:829} INFO - Processing file /Users/az/anaconda3/envs/python38/lib/python3.8/site-packages/airflow/example_dags/example_short_circuit_operator.py for tasks to queue
[2023-11-08T18:32:47.697-0500] {logging_mixin.py:154} INFO - [2023-11-08T18:32:47.697-0500] {dagbag.py:536} INFO - Filling up the DagBag from /Users/az/anaconda3/envs/python38/lib/python3.8/site-packages/airflow/example_dags/example_short_circuit_operator.py
[2023-11-08T18:32:47.719-0500] {processor.py:839} INFO - DAG(s) dict_keys(['example_short_circuit_operator']) retrieved from /Users/az/anaconda3/envs/python38/lib/python3.8/site-packages/airflow/example_dags/example_short_circuit_operator.py
[2023-11-08T18:32:47.828-0500] {logging_mixin.py:154} INFO - [2023-11-08T18:32:47.827-0500] {dag.py:2941} INFO - Sync 1 DAGs
[2023-11-08T18:32:47.837-0500] {logging_mixin.py:154} INFO - [2023-11-08T18:32:47.837-0500] {dag.py:3722} INFO - Setting next_dagrun for example_short_circuit_operator to 2023-11-07T23:32:47.837654+00:00, run_after=2023-11-08T23:32:47.837654+00:00
[2023-11-08T18:32:47.848-0500] {processor.py:179} INFO - Processing /Users/az/anaconda3/envs/python38/lib/python3.8/site-packages/airflow/example_dags/example_short_circuit_operator.py took 0.155 seconds
[2023-11-08T18:34:52.170-0500] {processor.py:157} INFO - Started process (PID=51572) to work on /Users/az/anaconda3/envs/python38/lib/python3.8/site-packages/airflow/example_dags/example_short_circuit_operator.py
[2023-11-08T18:34:52.174-0500] {processor.py:829} INFO - Processing file /Users/az/anaconda3/envs/python38/lib/python3.8/site-packages/airflow/example_dags/example_short_circuit_operator.py for tasks to queue
[2023-11-08T18:34:52.175-0500] {logging_mixin.py:154} INFO - [2023-11-08T18:34:52.175-0500] {dagbag.py:536} INFO - Filling up the DagBag from /Users/az/anaconda3/envs/python38/lib/python3.8/site-packages/airflow/example_dags/example_short_circuit_operator.py
[2023-11-08T18:34:52.198-0500] {processor.py:839} INFO - DAG(s) dict_keys(['example_short_circuit_operator']) retrieved from /Users/az/anaconda3/envs/python38/lib/python3.8/site-packages/airflow/example_dags/example_short_circuit_operator.py
[2023-11-08T18:34:52.307-0500] {logging_mixin.py:154} INFO - [2023-11-08T18:34:52.307-0500] {dag.py:2941} INFO - Sync 1 DAGs
[2023-11-08T18:34:52.317-0500] {logging_mixin.py:154} INFO - [2023-11-08T18:34:52.316-0500] {dag.py:3722} INFO - Setting next_dagrun for example_short_circuit_operator to 2023-11-07T23:34:52.316856+00:00, run_after=2023-11-08T23:34:52.316856+00:00
[2023-11-08T18:34:52.327-0500] {processor.py:179} INFO - Processing /Users/az/anaconda3/envs/python38/lib/python3.8/site-packages/airflow/example_dags/example_short_circuit_operator.py took 0.158 seconds
[2023-11-08T18:36:48.826-0500] {processor.py:157} INFO - Started process (PID=51719) to work on /Users/az/anaconda3/envs/python38/lib/python3.8/site-packages/airflow/example_dags/example_short_circuit_operator.py
[2023-11-08T18:36:48.831-0500] {processor.py:829} INFO - Processing file /Users/az/anaconda3/envs/python38/lib/python3.8/site-packages/airflow/example_dags/example_short_circuit_operator.py for tasks to queue
[2023-11-08T18:36:48.831-0500] {logging_mixin.py:154} INFO - [2023-11-08T18:36:48.831-0500] {dagbag.py:536} INFO - Filling up the DagBag from /Users/az/anaconda3/envs/python38/lib/python3.8/site-packages/airflow/example_dags/example_short_circuit_operator.py
[2023-11-08T18:36:48.854-0500] {processor.py:839} INFO - DAG(s) dict_keys(['example_short_circuit_operator']) retrieved from /Users/az/anaconda3/envs/python38/lib/python3.8/site-packages/airflow/example_dags/example_short_circuit_operator.py
[2023-11-08T18:36:48.963-0500] {logging_mixin.py:154} INFO - [2023-11-08T18:36:48.963-0500] {dag.py:2941} INFO - Sync 1 DAGs
[2023-11-08T18:36:48.973-0500] {logging_mixin.py:154} INFO - [2023-11-08T18:36:48.973-0500] {dag.py:3722} INFO - Setting next_dagrun for example_short_circuit_operator to 2023-11-07T23:36:48.973554+00:00, run_after=2023-11-08T23:36:48.973554+00:00
[2023-11-08T18:36:48.983-0500] {processor.py:179} INFO - Processing /Users/az/anaconda3/envs/python38/lib/python3.8/site-packages/airflow/example_dags/example_short_circuit_operator.py took 0.157 seconds
[2023-11-08T18:38:42.328-0500] {processor.py:157} INFO - Started process (PID=51863) to work on /Users/az/anaconda3/envs/python38/lib/python3.8/site-packages/airflow/example_dags/example_short_circuit_operator.py
[2023-11-08T18:38:42.332-0500] {processor.py:829} INFO - Processing file /Users/az/anaconda3/envs/python38/lib/python3.8/site-packages/airflow/example_dags/example_short_circuit_operator.py for tasks to queue
[2023-11-08T18:38:42.333-0500] {logging_mixin.py:154} INFO - [2023-11-08T18:38:42.333-0500] {dagbag.py:536} INFO - Filling up the DagBag from /Users/az/anaconda3/envs/python38/lib/python3.8/site-packages/airflow/example_dags/example_short_circuit_operator.py
[2023-11-08T18:38:42.355-0500] {processor.py:839} INFO - DAG(s) dict_keys(['example_short_circuit_operator']) retrieved from /Users/az/anaconda3/envs/python38/lib/python3.8/site-packages/airflow/example_dags/example_short_circuit_operator.py
[2023-11-08T18:38:42.464-0500] {logging_mixin.py:154} INFO - [2023-11-08T18:38:42.463-0500] {dag.py:2941} INFO - Sync 1 DAGs
[2023-11-08T18:38:42.473-0500] {logging_mixin.py:154} INFO - [2023-11-08T18:38:42.473-0500] {dag.py:3722} INFO - Setting next_dagrun for example_short_circuit_operator to 2023-11-07T23:38:42.473632+00:00, run_after=2023-11-08T23:38:42.473632+00:00
[2023-11-08T18:38:42.483-0500] {processor.py:179} INFO - Processing /Users/az/anaconda3/envs/python38/lib/python3.8/site-packages/airflow/example_dags/example_short_circuit_operator.py took 0.156 seconds
[2023-11-08T18:40:47.187-0500] {processor.py:157} INFO - Started process (PID=52009) to work on /Users/az/anaconda3/envs/python38/lib/python3.8/site-packages/airflow/example_dags/example_short_circuit_operator.py
[2023-11-08T18:40:47.191-0500] {processor.py:829} INFO - Processing file /Users/az/anaconda3/envs/python38/lib/python3.8/site-packages/airflow/example_dags/example_short_circuit_operator.py for tasks to queue
[2023-11-08T18:40:47.192-0500] {logging_mixin.py:154} INFO - [2023-11-08T18:40:47.191-0500] {dagbag.py:536} INFO - Filling up the DagBag from /Users/az/anaconda3/envs/python38/lib/python3.8/site-packages/airflow/example_dags/example_short_circuit_operator.py
[2023-11-08T18:40:47.214-0500] {processor.py:839} INFO - DAG(s) dict_keys(['example_short_circuit_operator']) retrieved from /Users/az/anaconda3/envs/python38/lib/python3.8/site-packages/airflow/example_dags/example_short_circuit_operator.py
[2023-11-08T18:40:47.322-0500] {logging_mixin.py:154} INFO - [2023-11-08T18:40:47.322-0500] {dag.py:2941} INFO - Sync 1 DAGs
[2023-11-08T18:40:47.332-0500] {logging_mixin.py:154} INFO - [2023-11-08T18:40:47.332-0500] {dag.py:3722} INFO - Setting next_dagrun for example_short_circuit_operator to 2023-11-07T23:40:47.331989+00:00, run_after=2023-11-08T23:40:47.331989+00:00
[2023-11-08T18:40:47.342-0500] {processor.py:179} INFO - Processing /Users/az/anaconda3/envs/python38/lib/python3.8/site-packages/airflow/example_dags/example_short_circuit_operator.py took 0.156 seconds
[2023-11-08T18:42:46.346-0500] {processor.py:157} INFO - Started process (PID=52157) to work on /Users/az/anaconda3/envs/python38/lib/python3.8/site-packages/airflow/example_dags/example_short_circuit_operator.py
[2023-11-08T18:42:46.350-0500] {processor.py:829} INFO - Processing file /Users/az/anaconda3/envs/python38/lib/python3.8/site-packages/airflow/example_dags/example_short_circuit_operator.py for tasks to queue
[2023-11-08T18:42:46.350-0500] {logging_mixin.py:154} INFO - [2023-11-08T18:42:46.350-0500] {dagbag.py:536} INFO - Filling up the DagBag from /Users/az/anaconda3/envs/python38/lib/python3.8/site-packages/airflow/example_dags/example_short_circuit_operator.py
[2023-11-08T18:42:46.373-0500] {processor.py:839} INFO - DAG(s) dict_keys(['example_short_circuit_operator']) retrieved from /Users/az/anaconda3/envs/python38/lib/python3.8/site-packages/airflow/example_dags/example_short_circuit_operator.py
[2023-11-08T18:42:46.483-0500] {logging_mixin.py:154} INFO - [2023-11-08T18:42:46.483-0500] {dag.py:2941} INFO - Sync 1 DAGs
[2023-11-08T18:42:46.493-0500] {logging_mixin.py:154} INFO - [2023-11-08T18:42:46.492-0500] {dag.py:3722} INFO - Setting next_dagrun for example_short_circuit_operator to 2023-11-07T23:42:46.492863+00:00, run_after=2023-11-08T23:42:46.492863+00:00
[2023-11-08T18:42:46.503-0500] {processor.py:179} INFO - Processing /Users/az/anaconda3/envs/python38/lib/python3.8/site-packages/airflow/example_dags/example_short_circuit_operator.py took 0.158 seconds
[2023-11-08T18:44:48.400-0500] {processor.py:157} INFO - Started process (PID=52303) to work on /Users/az/anaconda3/envs/python38/lib/python3.8/site-packages/airflow/example_dags/example_short_circuit_operator.py
[2023-11-08T18:44:48.404-0500] {processor.py:829} INFO - Processing file /Users/az/anaconda3/envs/python38/lib/python3.8/site-packages/airflow/example_dags/example_short_circuit_operator.py for tasks to queue
[2023-11-08T18:44:48.405-0500] {logging_mixin.py:154} INFO - [2023-11-08T18:44:48.404-0500] {dagbag.py:536} INFO - Filling up the DagBag from /Users/az/anaconda3/envs/python38/lib/python3.8/site-packages/airflow/example_dags/example_short_circuit_operator.py
[2023-11-08T18:44:48.427-0500] {processor.py:839} INFO - DAG(s) dict_keys(['example_short_circuit_operator']) retrieved from /Users/az/anaconda3/envs/python38/lib/python3.8/site-packages/airflow/example_dags/example_short_circuit_operator.py
[2023-11-08T18:44:48.536-0500] {logging_mixin.py:154} INFO - [2023-11-08T18:44:48.536-0500] {dag.py:2941} INFO - Sync 1 DAGs
[2023-11-08T18:44:48.545-0500] {logging_mixin.py:154} INFO - [2023-11-08T18:44:48.545-0500] {dag.py:3722} INFO - Setting next_dagrun for example_short_circuit_operator to 2023-11-07T23:44:48.545803+00:00, run_after=2023-11-08T23:44:48.545803+00:00
[2023-11-08T18:44:48.556-0500] {processor.py:179} INFO - Processing /Users/az/anaconda3/envs/python38/lib/python3.8/site-packages/airflow/example_dags/example_short_circuit_operator.py took 0.157 seconds
[2023-11-08T18:46:52.995-0500] {processor.py:157} INFO - Started process (PID=52474) to work on /Users/az/anaconda3/envs/python38/lib/python3.8/site-packages/airflow/example_dags/example_short_circuit_operator.py
[2023-11-08T18:46:52.999-0500] {processor.py:829} INFO - Processing file /Users/az/anaconda3/envs/python38/lib/python3.8/site-packages/airflow/example_dags/example_short_circuit_operator.py for tasks to queue
[2023-11-08T18:46:52.999-0500] {logging_mixin.py:154} INFO - [2023-11-08T18:46:52.999-0500] {dagbag.py:536} INFO - Filling up the DagBag from /Users/az/anaconda3/envs/python38/lib/python3.8/site-packages/airflow/example_dags/example_short_circuit_operator.py
[2023-11-08T18:46:53.022-0500] {processor.py:839} INFO - DAG(s) dict_keys(['example_short_circuit_operator']) retrieved from /Users/az/anaconda3/envs/python38/lib/python3.8/site-packages/airflow/example_dags/example_short_circuit_operator.py
[2023-11-08T18:46:53.130-0500] {logging_mixin.py:154} INFO - [2023-11-08T18:46:53.130-0500] {dag.py:2941} INFO - Sync 1 DAGs
[2023-11-08T18:46:53.140-0500] {logging_mixin.py:154} INFO - [2023-11-08T18:46:53.140-0500] {dag.py:3722} INFO - Setting next_dagrun for example_short_circuit_operator to 2023-11-07T23:46:53.140250+00:00, run_after=2023-11-08T23:46:53.140250+00:00
[2023-11-08T18:46:53.150-0500] {processor.py:179} INFO - Processing /Users/az/anaconda3/envs/python38/lib/python3.8/site-packages/airflow/example_dags/example_short_circuit_operator.py took 0.156 seconds
[2023-11-08T18:48:56.276-0500] {processor.py:157} INFO - Started process (PID=52671) to work on /Users/az/anaconda3/envs/python38/lib/python3.8/site-packages/airflow/example_dags/example_short_circuit_operator.py
[2023-11-08T18:48:56.280-0500] {processor.py:829} INFO - Processing file /Users/az/anaconda3/envs/python38/lib/python3.8/site-packages/airflow/example_dags/example_short_circuit_operator.py for tasks to queue
[2023-11-08T18:48:56.281-0500] {logging_mixin.py:154} INFO - [2023-11-08T18:48:56.281-0500] {dagbag.py:536} INFO - Filling up the DagBag from /Users/az/anaconda3/envs/python38/lib/python3.8/site-packages/airflow/example_dags/example_short_circuit_operator.py
[2023-11-08T18:48:56.304-0500] {processor.py:839} INFO - DAG(s) dict_keys(['example_short_circuit_operator']) retrieved from /Users/az/anaconda3/envs/python38/lib/python3.8/site-packages/airflow/example_dags/example_short_circuit_operator.py
[2023-11-08T18:48:56.412-0500] {logging_mixin.py:154} INFO - [2023-11-08T18:48:56.412-0500] {dag.py:2941} INFO - Sync 1 DAGs
[2023-11-08T18:48:56.421-0500] {logging_mixin.py:154} INFO - [2023-11-08T18:48:56.421-0500] {dag.py:3722} INFO - Setting next_dagrun for example_short_circuit_operator to 2023-11-07T23:48:56.421684+00:00, run_after=2023-11-08T23:48:56.421684+00:00
[2023-11-08T18:48:56.431-0500] {processor.py:179} INFO - Processing /Users/az/anaconda3/envs/python38/lib/python3.8/site-packages/airflow/example_dags/example_short_circuit_operator.py took 0.156 seconds
[2023-11-08T18:50:57.068-0500] {processor.py:157} INFO - Started process (PID=52825) to work on /Users/az/anaconda3/envs/python38/lib/python3.8/site-packages/airflow/example_dags/example_short_circuit_operator.py
[2023-11-08T18:50:57.072-0500] {processor.py:829} INFO - Processing file /Users/az/anaconda3/envs/python38/lib/python3.8/site-packages/airflow/example_dags/example_short_circuit_operator.py for tasks to queue
[2023-11-08T18:50:57.072-0500] {logging_mixin.py:154} INFO - [2023-11-08T18:50:57.072-0500] {dagbag.py:536} INFO - Filling up the DagBag from /Users/az/anaconda3/envs/python38/lib/python3.8/site-packages/airflow/example_dags/example_short_circuit_operator.py
[2023-11-08T18:50:57.097-0500] {processor.py:839} INFO - DAG(s) dict_keys(['example_short_circuit_operator']) retrieved from /Users/az/anaconda3/envs/python38/lib/python3.8/site-packages/airflow/example_dags/example_short_circuit_operator.py
[2023-11-08T18:50:57.205-0500] {logging_mixin.py:154} INFO - [2023-11-08T18:50:57.205-0500] {dag.py:2941} INFO - Sync 1 DAGs
[2023-11-08T18:50:57.215-0500] {logging_mixin.py:154} INFO - [2023-11-08T18:50:57.214-0500] {dag.py:3722} INFO - Setting next_dagrun for example_short_circuit_operator to 2023-11-07T23:50:57.214898+00:00, run_after=2023-11-08T23:50:57.214898+00:00
[2023-11-08T18:50:57.224-0500] {processor.py:179} INFO - Processing /Users/az/anaconda3/envs/python38/lib/python3.8/site-packages/airflow/example_dags/example_short_circuit_operator.py took 0.157 seconds
[2023-11-08T18:52:59.474-0500] {processor.py:157} INFO - Started process (PID=52973) to work on /Users/az/anaconda3/envs/python38/lib/python3.8/site-packages/airflow/example_dags/example_short_circuit_operator.py
[2023-11-08T18:52:59.478-0500] {processor.py:829} INFO - Processing file /Users/az/anaconda3/envs/python38/lib/python3.8/site-packages/airflow/example_dags/example_short_circuit_operator.py for tasks to queue
[2023-11-08T18:52:59.479-0500] {logging_mixin.py:154} INFO - [2023-11-08T18:52:59.479-0500] {dagbag.py:536} INFO - Filling up the DagBag from /Users/az/anaconda3/envs/python38/lib/python3.8/site-packages/airflow/example_dags/example_short_circuit_operator.py
[2023-11-08T18:52:59.502-0500] {processor.py:839} INFO - DAG(s) dict_keys(['example_short_circuit_operator']) retrieved from /Users/az/anaconda3/envs/python38/lib/python3.8/site-packages/airflow/example_dags/example_short_circuit_operator.py
[2023-11-08T18:52:59.611-0500] {logging_mixin.py:154} INFO - [2023-11-08T18:52:59.610-0500] {dag.py:2941} INFO - Sync 1 DAGs
[2023-11-08T18:52:59.620-0500] {logging_mixin.py:154} INFO - [2023-11-08T18:52:59.620-0500] {dag.py:3722} INFO - Setting next_dagrun for example_short_circuit_operator to 2023-11-07T23:52:59.620602+00:00, run_after=2023-11-08T23:52:59.620602+00:00
[2023-11-08T18:52:59.630-0500] {processor.py:179} INFO - Processing /Users/az/anaconda3/envs/python38/lib/python3.8/site-packages/airflow/example_dags/example_short_circuit_operator.py took 0.157 seconds
[2023-11-08T18:55:01.169-0500] {processor.py:157} INFO - Started process (PID=53138) to work on /Users/az/anaconda3/envs/python38/lib/python3.8/site-packages/airflow/example_dags/example_short_circuit_operator.py
[2023-11-08T18:55:01.173-0500] {processor.py:829} INFO - Processing file /Users/az/anaconda3/envs/python38/lib/python3.8/site-packages/airflow/example_dags/example_short_circuit_operator.py for tasks to queue
[2023-11-08T18:55:01.173-0500] {logging_mixin.py:154} INFO - [2023-11-08T18:55:01.173-0500] {dagbag.py:536} INFO - Filling up the DagBag from /Users/az/anaconda3/envs/python38/lib/python3.8/site-packages/airflow/example_dags/example_short_circuit_operator.py
[2023-11-08T18:55:01.198-0500] {processor.py:839} INFO - DAG(s) dict_keys(['example_short_circuit_operator']) retrieved from /Users/az/anaconda3/envs/python38/lib/python3.8/site-packages/airflow/example_dags/example_short_circuit_operator.py
[2023-11-08T18:55:01.316-0500] {logging_mixin.py:154} INFO - [2023-11-08T18:55:01.315-0500] {dag.py:2941} INFO - Sync 1 DAGs
[2023-11-08T18:55:01.326-0500] {logging_mixin.py:154} INFO - [2023-11-08T18:55:01.326-0500] {dag.py:3722} INFO - Setting next_dagrun for example_short_circuit_operator to 2023-11-07T23:55:01.326077+00:00, run_after=2023-11-08T23:55:01.326077+00:00
[2023-11-08T18:55:01.355-0500] {processor.py:179} INFO - Processing /Users/az/anaconda3/envs/python38/lib/python3.8/site-packages/airflow/example_dags/example_short_circuit_operator.py took 0.186 seconds
[2023-11-08T18:56:08.706-0500] {processor.py:157} INFO - Started process (PID=53224) to work on /Users/az/anaconda3/envs/python38/lib/python3.8/site-packages/airflow/example_dags/example_short_circuit_operator.py
[2023-11-08T18:56:08.711-0500] {processor.py:829} INFO - Processing file /Users/az/anaconda3/envs/python38/lib/python3.8/site-packages/airflow/example_dags/example_short_circuit_operator.py for tasks to queue
[2023-11-08T18:56:08.711-0500] {logging_mixin.py:154} INFO - [2023-11-08T18:56:08.711-0500] {dagbag.py:536} INFO - Filling up the DagBag from /Users/az/anaconda3/envs/python38/lib/python3.8/site-packages/airflow/example_dags/example_short_circuit_operator.py
[2023-11-08T18:56:08.734-0500] {processor.py:839} INFO - DAG(s) dict_keys(['example_short_circuit_operator']) retrieved from /Users/az/anaconda3/envs/python38/lib/python3.8/site-packages/airflow/example_dags/example_short_circuit_operator.py
[2023-11-08T18:56:08.842-0500] {logging_mixin.py:154} INFO - [2023-11-08T18:56:08.842-0500] {dag.py:2941} INFO - Sync 1 DAGs
[2023-11-08T18:56:08.852-0500] {logging_mixin.py:154} INFO - [2023-11-08T18:56:08.852-0500] {dag.py:3722} INFO - Setting next_dagrun for example_short_circuit_operator to 2023-11-07T23:56:08.852424+00:00, run_after=2023-11-08T23:56:08.852424+00:00
[2023-11-08T18:56:08.862-0500] {processor.py:179} INFO - Processing /Users/az/anaconda3/envs/python38/lib/python3.8/site-packages/airflow/example_dags/example_short_circuit_operator.py took 0.157 seconds
[2023-11-08T18:58:12.063-0500] {processor.py:157} INFO - Started process (PID=53383) to work on /Users/az/anaconda3/envs/python38/lib/python3.8/site-packages/airflow/example_dags/example_short_circuit_operator.py
[2023-11-08T18:58:12.089-0500] {processor.py:829} INFO - Processing file /Users/az/anaconda3/envs/python38/lib/python3.8/site-packages/airflow/example_dags/example_short_circuit_operator.py for tasks to queue
[2023-11-08T18:58:12.090-0500] {logging_mixin.py:154} INFO - [2023-11-08T18:58:12.090-0500] {dagbag.py:536} INFO - Filling up the DagBag from /Users/az/anaconda3/envs/python38/lib/python3.8/site-packages/airflow/example_dags/example_short_circuit_operator.py
[2023-11-08T18:58:12.118-0500] {processor.py:839} INFO - DAG(s) dict_keys(['example_short_circuit_operator']) retrieved from /Users/az/anaconda3/envs/python38/lib/python3.8/site-packages/airflow/example_dags/example_short_circuit_operator.py
[2023-11-08T18:58:12.394-0500] {logging_mixin.py:154} INFO - [2023-11-08T18:58:12.392-0500] {dag.py:2941} INFO - Sync 1 DAGs
[2023-11-08T18:58:12.445-0500] {logging_mixin.py:154} INFO - [2023-11-08T18:58:12.442-0500] {dag.py:3722} INFO - Setting next_dagrun for example_short_circuit_operator to 2023-11-07T23:58:12.426509+00:00, run_after=2023-11-08T23:58:12.426509+00:00
[2023-11-08T18:58:12.483-0500] {processor.py:179} INFO - Processing /Users/az/anaconda3/envs/python38/lib/python3.8/site-packages/airflow/example_dags/example_short_circuit_operator.py took 0.421 seconds
[2023-11-08T18:59:17.385-0500] {processor.py:157} INFO - Started process (PID=53461) to work on /Users/az/anaconda3/envs/python38/lib/python3.8/site-packages/airflow/example_dags/example_short_circuit_operator.py
[2023-11-08T18:59:17.390-0500] {processor.py:829} INFO - Processing file /Users/az/anaconda3/envs/python38/lib/python3.8/site-packages/airflow/example_dags/example_short_circuit_operator.py for tasks to queue
[2023-11-08T18:59:17.390-0500] {logging_mixin.py:154} INFO - [2023-11-08T18:59:17.390-0500] {dagbag.py:536} INFO - Filling up the DagBag from /Users/az/anaconda3/envs/python38/lib/python3.8/site-packages/airflow/example_dags/example_short_circuit_operator.py
[2023-11-08T18:59:17.413-0500] {processor.py:839} INFO - DAG(s) dict_keys(['example_short_circuit_operator']) retrieved from /Users/az/anaconda3/envs/python38/lib/python3.8/site-packages/airflow/example_dags/example_short_circuit_operator.py
[2023-11-08T18:59:17.522-0500] {logging_mixin.py:154} INFO - [2023-11-08T18:59:17.521-0500] {dag.py:2941} INFO - Sync 1 DAGs
[2023-11-08T18:59:17.532-0500] {logging_mixin.py:154} INFO - [2023-11-08T18:59:17.532-0500] {dag.py:3722} INFO - Setting next_dagrun for example_short_circuit_operator to 2023-11-07T23:59:17.532415+00:00, run_after=2023-11-08T23:59:17.532415+00:00
[2023-11-08T18:59:17.542-0500] {processor.py:179} INFO - Processing /Users/az/anaconda3/envs/python38/lib/python3.8/site-packages/airflow/example_dags/example_short_circuit_operator.py took 0.157 seconds
