[2023-11-08T17:47:21.470-0500] {processor.py:157} INFO - Started process (PID=48903) to work on /Users/az/anaconda3/envs/python38/lib/python3.8/site-packages/airflow/example_dags/example_time_delta_sensor_async.py
[2023-11-08T17:47:21.474-0500] {processor.py:829} INFO - Processing file /Users/az/anaconda3/envs/python38/lib/python3.8/site-packages/airflow/example_dags/example_time_delta_sensor_async.py for tasks to queue
[2023-11-08T17:47:21.474-0500] {logging_mixin.py:154} INFO - [2023-11-08T17:47:21.474-0500] {dagbag.py:536} INFO - Filling up the DagBag from /Users/az/anaconda3/envs/python38/lib/python3.8/site-packages/airflow/example_dags/example_time_delta_sensor_async.py
[2023-11-08T17:47:21.490-0500] {processor.py:839} INFO - DAG(s) dict_keys(['example_time_delta_sensor_async']) retrieved from /Users/az/anaconda3/envs/python38/lib/python3.8/site-packages/airflow/example_dags/example_time_delta_sensor_async.py
[2023-11-08T17:47:21.847-0500] {logging_mixin.py:154} INFO - [2023-11-08T17:47:21.847-0500] {manager.py:499} INFO - Created Permission View: %s
[2023-11-08T17:47:21.852-0500] {logging_mixin.py:154} INFO - [2023-11-08T17:47:21.852-0500] {manager.py:499} INFO - Created Permission View: %s
[2023-11-08T17:47:21.856-0500] {logging_mixin.py:154} INFO - [2023-11-08T17:47:21.855-0500] {manager.py:499} INFO - Created Permission View: %s
[2023-11-08T17:47:21.856-0500] {logging_mixin.py:154} INFO - [2023-11-08T17:47:21.856-0500] {dag.py:2941} INFO - Sync 1 DAGs
[2023-11-08T17:47:21.861-0500] {logging_mixin.py:154} INFO - [2023-11-08T17:47:21.861-0500] {dag.py:2963} INFO - Creating ORM DAG for example_time_delta_sensor_async
[2023-11-08T17:47:21.862-0500] {logging_mixin.py:154} INFO - [2023-11-08T17:47:21.861-0500] {dag.py:3722} INFO - Setting next_dagrun for example_time_delta_sensor_async to None, run_after=None
[2023-11-08T17:47:21.871-0500] {processor.py:179} INFO - Processing /Users/az/anaconda3/envs/python38/lib/python3.8/site-packages/airflow/example_dags/example_time_delta_sensor_async.py took 0.401 seconds
[2023-11-08T17:48:57.056-0500] {processor.py:157} INFO - Started process (PID=49034) to work on /Users/az/anaconda3/envs/python38/lib/python3.8/site-packages/airflow/example_dags/example_time_delta_sensor_async.py
[2023-11-08T17:48:57.060-0500] {processor.py:829} INFO - Processing file /Users/az/anaconda3/envs/python38/lib/python3.8/site-packages/airflow/example_dags/example_time_delta_sensor_async.py for tasks to queue
[2023-11-08T17:48:57.060-0500] {logging_mixin.py:154} INFO - [2023-11-08T17:48:57.060-0500] {dagbag.py:536} INFO - Filling up the DagBag from /Users/az/anaconda3/envs/python38/lib/python3.8/site-packages/airflow/example_dags/example_time_delta_sensor_async.py
[2023-11-08T17:48:57.075-0500] {processor.py:839} INFO - DAG(s) dict_keys(['example_time_delta_sensor_async']) retrieved from /Users/az/anaconda3/envs/python38/lib/python3.8/site-packages/airflow/example_dags/example_time_delta_sensor_async.py
[2023-11-08T17:48:57.191-0500] {logging_mixin.py:154} INFO - [2023-11-08T17:48:57.191-0500] {dag.py:2941} INFO - Sync 1 DAGs
[2023-11-08T17:48:57.196-0500] {logging_mixin.py:154} INFO - [2023-11-08T17:48:57.196-0500] {dag.py:3722} INFO - Setting next_dagrun for example_time_delta_sensor_async to None, run_after=None
[2023-11-08T17:48:57.206-0500] {processor.py:179} INFO - Processing /Users/az/anaconda3/envs/python38/lib/python3.8/site-packages/airflow/example_dags/example_time_delta_sensor_async.py took 0.151 seconds
[2023-11-08T17:49:59.942-0500] {processor.py:157} INFO - Started process (PID=49125) to work on /Users/az/anaconda3/envs/python38/lib/python3.8/site-packages/airflow/example_dags/example_time_delta_sensor_async.py
[2023-11-08T17:49:59.947-0500] {processor.py:829} INFO - Processing file /Users/az/anaconda3/envs/python38/lib/python3.8/site-packages/airflow/example_dags/example_time_delta_sensor_async.py for tasks to queue
[2023-11-08T17:49:59.947-0500] {logging_mixin.py:154} INFO - [2023-11-08T17:49:59.947-0500] {dagbag.py:536} INFO - Filling up the DagBag from /Users/az/anaconda3/envs/python38/lib/python3.8/site-packages/airflow/example_dags/example_time_delta_sensor_async.py
[2023-11-08T17:49:59.962-0500] {processor.py:839} INFO - DAG(s) dict_keys(['example_time_delta_sensor_async']) retrieved from /Users/az/anaconda3/envs/python38/lib/python3.8/site-packages/airflow/example_dags/example_time_delta_sensor_async.py
[2023-11-08T17:50:00.076-0500] {logging_mixin.py:154} INFO - [2023-11-08T17:50:00.076-0500] {dag.py:2941} INFO - Sync 1 DAGs
[2023-11-08T17:50:00.082-0500] {logging_mixin.py:154} INFO - [2023-11-08T17:50:00.082-0500] {dag.py:3722} INFO - Setting next_dagrun for example_time_delta_sensor_async to None, run_after=None
[2023-11-08T17:50:00.092-0500] {processor.py:179} INFO - Processing /Users/az/anaconda3/envs/python38/lib/python3.8/site-packages/airflow/example_dags/example_time_delta_sensor_async.py took 0.150 seconds
[2023-11-08T17:51:00.944-0500] {processor.py:157} INFO - Started process (PID=49239) to work on /Users/az/anaconda3/envs/python38/lib/python3.8/site-packages/airflow/example_dags/example_time_delta_sensor_async.py
[2023-11-08T17:51:00.949-0500] {processor.py:829} INFO - Processing file /Users/az/anaconda3/envs/python38/lib/python3.8/site-packages/airflow/example_dags/example_time_delta_sensor_async.py for tasks to queue
[2023-11-08T17:51:00.949-0500] {logging_mixin.py:154} INFO - [2023-11-08T17:51:00.949-0500] {dagbag.py:536} INFO - Filling up the DagBag from /Users/az/anaconda3/envs/python38/lib/python3.8/site-packages/airflow/example_dags/example_time_delta_sensor_async.py
[2023-11-08T17:51:00.964-0500] {processor.py:839} INFO - DAG(s) dict_keys(['example_time_delta_sensor_async']) retrieved from /Users/az/anaconda3/envs/python38/lib/python3.8/site-packages/airflow/example_dags/example_time_delta_sensor_async.py
[2023-11-08T17:51:01.077-0500] {logging_mixin.py:154} INFO - [2023-11-08T17:51:01.077-0500] {dag.py:2941} INFO - Sync 1 DAGs
[2023-11-08T17:51:01.082-0500] {logging_mixin.py:154} INFO - [2023-11-08T17:51:01.082-0500] {dag.py:3722} INFO - Setting next_dagrun for example_time_delta_sensor_async to None, run_after=None
[2023-11-08T17:51:01.092-0500] {processor.py:179} INFO - Processing /Users/az/anaconda3/envs/python38/lib/python3.8/site-packages/airflow/example_dags/example_time_delta_sensor_async.py took 0.149 seconds
[2023-11-08T17:51:59.914-0500] {processor.py:157} INFO - Started process (PID=49319) to work on /Users/az/anaconda3/envs/python38/lib/python3.8/site-packages/airflow/example_dags/example_time_delta_sensor_async.py
[2023-11-08T17:51:59.919-0500] {processor.py:829} INFO - Processing file /Users/az/anaconda3/envs/python38/lib/python3.8/site-packages/airflow/example_dags/example_time_delta_sensor_async.py for tasks to queue
[2023-11-08T17:51:59.919-0500] {logging_mixin.py:154} INFO - [2023-11-08T17:51:59.919-0500] {dagbag.py:536} INFO - Filling up the DagBag from /Users/az/anaconda3/envs/python38/lib/python3.8/site-packages/airflow/example_dags/example_time_delta_sensor_async.py
[2023-11-08T17:51:59.936-0500] {processor.py:839} INFO - DAG(s) dict_keys(['example_time_delta_sensor_async']) retrieved from /Users/az/anaconda3/envs/python38/lib/python3.8/site-packages/airflow/example_dags/example_time_delta_sensor_async.py
[2023-11-08T17:52:00.062-0500] {logging_mixin.py:154} INFO - [2023-11-08T17:52:00.062-0500] {dag.py:2941} INFO - Sync 1 DAGs
[2023-11-08T17:52:00.068-0500] {logging_mixin.py:154} INFO - [2023-11-08T17:52:00.068-0500] {dag.py:3722} INFO - Setting next_dagrun for example_time_delta_sensor_async to None, run_after=None
[2023-11-08T17:52:00.079-0500] {processor.py:179} INFO - Processing /Users/az/anaconda3/envs/python38/lib/python3.8/site-packages/airflow/example_dags/example_time_delta_sensor_async.py took 0.166 seconds
[2023-11-08T17:52:56.201-0500] {processor.py:157} INFO - Started process (PID=49388) to work on /Users/az/anaconda3/envs/python38/lib/python3.8/site-packages/airflow/example_dags/example_time_delta_sensor_async.py
[2023-11-08T17:52:56.205-0500] {processor.py:829} INFO - Processing file /Users/az/anaconda3/envs/python38/lib/python3.8/site-packages/airflow/example_dags/example_time_delta_sensor_async.py for tasks to queue
[2023-11-08T17:52:56.205-0500] {logging_mixin.py:154} INFO - [2023-11-08T17:52:56.205-0500] {dagbag.py:536} INFO - Filling up the DagBag from /Users/az/anaconda3/envs/python38/lib/python3.8/site-packages/airflow/example_dags/example_time_delta_sensor_async.py
[2023-11-08T17:52:56.220-0500] {processor.py:839} INFO - DAG(s) dict_keys(['example_time_delta_sensor_async']) retrieved from /Users/az/anaconda3/envs/python38/lib/python3.8/site-packages/airflow/example_dags/example_time_delta_sensor_async.py
[2023-11-08T17:52:56.332-0500] {logging_mixin.py:154} INFO - [2023-11-08T17:52:56.331-0500] {dag.py:2941} INFO - Sync 1 DAGs
[2023-11-08T17:52:56.337-0500] {logging_mixin.py:154} INFO - [2023-11-08T17:52:56.337-0500] {dag.py:3722} INFO - Setting next_dagrun for example_time_delta_sensor_async to None, run_after=None
[2023-11-08T17:52:56.347-0500] {processor.py:179} INFO - Processing /Users/az/anaconda3/envs/python38/lib/python3.8/site-packages/airflow/example_dags/example_time_delta_sensor_async.py took 0.146 seconds
[2023-11-08T17:53:52.154-0500] {processor.py:157} INFO - Started process (PID=49460) to work on /Users/az/anaconda3/envs/python38/lib/python3.8/site-packages/airflow/example_dags/example_time_delta_sensor_async.py
[2023-11-08T17:53:52.158-0500] {processor.py:829} INFO - Processing file /Users/az/anaconda3/envs/python38/lib/python3.8/site-packages/airflow/example_dags/example_time_delta_sensor_async.py for tasks to queue
[2023-11-08T17:53:52.158-0500] {logging_mixin.py:154} INFO - [2023-11-08T17:53:52.158-0500] {dagbag.py:536} INFO - Filling up the DagBag from /Users/az/anaconda3/envs/python38/lib/python3.8/site-packages/airflow/example_dags/example_time_delta_sensor_async.py
[2023-11-08T17:53:52.173-0500] {processor.py:839} INFO - DAG(s) dict_keys(['example_time_delta_sensor_async']) retrieved from /Users/az/anaconda3/envs/python38/lib/python3.8/site-packages/airflow/example_dags/example_time_delta_sensor_async.py
[2023-11-08T17:53:52.285-0500] {logging_mixin.py:154} INFO - [2023-11-08T17:53:52.285-0500] {dag.py:2941} INFO - Sync 1 DAGs
[2023-11-08T17:53:52.290-0500] {logging_mixin.py:154} INFO - [2023-11-08T17:53:52.290-0500] {dag.py:3722} INFO - Setting next_dagrun for example_time_delta_sensor_async to None, run_after=None
[2023-11-08T17:53:52.301-0500] {processor.py:179} INFO - Processing /Users/az/anaconda3/envs/python38/lib/python3.8/site-packages/airflow/example_dags/example_time_delta_sensor_async.py took 0.147 seconds
[2023-11-08T17:54:49.909-0500] {processor.py:157} INFO - Started process (PID=49532) to work on /Users/az/anaconda3/envs/python38/lib/python3.8/site-packages/airflow/example_dags/example_time_delta_sensor_async.py
[2023-11-08T17:54:49.914-0500] {processor.py:829} INFO - Processing file /Users/az/anaconda3/envs/python38/lib/python3.8/site-packages/airflow/example_dags/example_time_delta_sensor_async.py for tasks to queue
[2023-11-08T17:54:49.914-0500] {logging_mixin.py:154} INFO - [2023-11-08T17:54:49.914-0500] {dagbag.py:536} INFO - Filling up the DagBag from /Users/az/anaconda3/envs/python38/lib/python3.8/site-packages/airflow/example_dags/example_time_delta_sensor_async.py
[2023-11-08T17:54:49.929-0500] {processor.py:839} INFO - DAG(s) dict_keys(['example_time_delta_sensor_async']) retrieved from /Users/az/anaconda3/envs/python38/lib/python3.8/site-packages/airflow/example_dags/example_time_delta_sensor_async.py
[2023-11-08T17:54:50.041-0500] {logging_mixin.py:154} INFO - [2023-11-08T17:54:50.041-0500] {dag.py:2941} INFO - Sync 1 DAGs
[2023-11-08T17:54:50.046-0500] {logging_mixin.py:154} INFO - [2023-11-08T17:54:50.046-0500] {dag.py:3722} INFO - Setting next_dagrun for example_time_delta_sensor_async to None, run_after=None
[2023-11-08T17:54:50.056-0500] {processor.py:179} INFO - Processing /Users/az/anaconda3/envs/python38/lib/python3.8/site-packages/airflow/example_dags/example_time_delta_sensor_async.py took 0.147 seconds
[2023-11-08T17:55:50.282-0500] {processor.py:157} INFO - Started process (PID=49604) to work on /Users/az/anaconda3/envs/python38/lib/python3.8/site-packages/airflow/example_dags/example_time_delta_sensor_async.py
[2023-11-08T17:55:50.287-0500] {processor.py:829} INFO - Processing file /Users/az/anaconda3/envs/python38/lib/python3.8/site-packages/airflow/example_dags/example_time_delta_sensor_async.py for tasks to queue
[2023-11-08T17:55:50.287-0500] {logging_mixin.py:154} INFO - [2023-11-08T17:55:50.287-0500] {dagbag.py:536} INFO - Filling up the DagBag from /Users/az/anaconda3/envs/python38/lib/python3.8/site-packages/airflow/example_dags/example_time_delta_sensor_async.py
[2023-11-08T17:55:50.301-0500] {processor.py:839} INFO - DAG(s) dict_keys(['example_time_delta_sensor_async']) retrieved from /Users/az/anaconda3/envs/python38/lib/python3.8/site-packages/airflow/example_dags/example_time_delta_sensor_async.py
[2023-11-08T17:55:50.414-0500] {logging_mixin.py:154} INFO - [2023-11-08T17:55:50.414-0500] {dag.py:2941} INFO - Sync 1 DAGs
[2023-11-08T17:55:50.419-0500] {logging_mixin.py:154} INFO - [2023-11-08T17:55:50.419-0500] {dag.py:3722} INFO - Setting next_dagrun for example_time_delta_sensor_async to None, run_after=None
[2023-11-08T17:55:50.429-0500] {processor.py:179} INFO - Processing /Users/az/anaconda3/envs/python38/lib/python3.8/site-packages/airflow/example_dags/example_time_delta_sensor_async.py took 0.147 seconds
[2023-11-08T17:56:49.903-0500] {processor.py:157} INFO - Started process (PID=49679) to work on /Users/az/anaconda3/envs/python38/lib/python3.8/site-packages/airflow/example_dags/example_time_delta_sensor_async.py
[2023-11-08T17:56:49.908-0500] {processor.py:829} INFO - Processing file /Users/az/anaconda3/envs/python38/lib/python3.8/site-packages/airflow/example_dags/example_time_delta_sensor_async.py for tasks to queue
[2023-11-08T17:56:49.908-0500] {logging_mixin.py:154} INFO - [2023-11-08T17:56:49.908-0500] {dagbag.py:536} INFO - Filling up the DagBag from /Users/az/anaconda3/envs/python38/lib/python3.8/site-packages/airflow/example_dags/example_time_delta_sensor_async.py
[2023-11-08T17:56:49.923-0500] {processor.py:839} INFO - DAG(s) dict_keys(['example_time_delta_sensor_async']) retrieved from /Users/az/anaconda3/envs/python38/lib/python3.8/site-packages/airflow/example_dags/example_time_delta_sensor_async.py
[2023-11-08T17:56:50.036-0500] {logging_mixin.py:154} INFO - [2023-11-08T17:56:50.035-0500] {dag.py:2941} INFO - Sync 1 DAGs
[2023-11-08T17:56:50.041-0500] {logging_mixin.py:154} INFO - [2023-11-08T17:56:50.041-0500] {dag.py:3722} INFO - Setting next_dagrun for example_time_delta_sensor_async to None, run_after=None
[2023-11-08T17:56:50.051-0500] {processor.py:179} INFO - Processing /Users/az/anaconda3/envs/python38/lib/python3.8/site-packages/airflow/example_dags/example_time_delta_sensor_async.py took 0.148 seconds
[2023-11-08T17:57:51.977-0500] {processor.py:157} INFO - Started process (PID=49768) to work on /Users/az/anaconda3/envs/python38/lib/python3.8/site-packages/airflow/example_dags/example_time_delta_sensor_async.py
[2023-11-08T17:57:51.994-0500] {processor.py:829} INFO - Processing file /Users/az/anaconda3/envs/python38/lib/python3.8/site-packages/airflow/example_dags/example_time_delta_sensor_async.py for tasks to queue
[2023-11-08T17:57:51.995-0500] {logging_mixin.py:154} INFO - [2023-11-08T17:57:51.995-0500] {dagbag.py:536} INFO - Filling up the DagBag from /Users/az/anaconda3/envs/python38/lib/python3.8/site-packages/airflow/example_dags/example_time_delta_sensor_async.py
[2023-11-08T17:57:52.031-0500] {processor.py:839} INFO - DAG(s) dict_keys(['example_time_delta_sensor_async']) retrieved from /Users/az/anaconda3/envs/python38/lib/python3.8/site-packages/airflow/example_dags/example_time_delta_sensor_async.py
[2023-11-08T17:57:52.160-0500] {logging_mixin.py:154} INFO - [2023-11-08T17:57:52.159-0500] {dag.py:2941} INFO - Sync 1 DAGs
[2023-11-08T17:57:52.165-0500] {logging_mixin.py:154} INFO - [2023-11-08T17:57:52.165-0500] {dag.py:3722} INFO - Setting next_dagrun for example_time_delta_sensor_async to None, run_after=None
[2023-11-08T17:57:52.176-0500] {processor.py:179} INFO - Processing /Users/az/anaconda3/envs/python38/lib/python3.8/site-packages/airflow/example_dags/example_time_delta_sensor_async.py took 0.199 seconds
[2023-11-08T17:58:52.311-0500] {processor.py:157} INFO - Started process (PID=49849) to work on /Users/az/anaconda3/envs/python38/lib/python3.8/site-packages/airflow/example_dags/example_time_delta_sensor_async.py
[2023-11-08T17:58:52.316-0500] {processor.py:829} INFO - Processing file /Users/az/anaconda3/envs/python38/lib/python3.8/site-packages/airflow/example_dags/example_time_delta_sensor_async.py for tasks to queue
[2023-11-08T17:58:52.316-0500] {logging_mixin.py:154} INFO - [2023-11-08T17:58:52.316-0500] {dagbag.py:536} INFO - Filling up the DagBag from /Users/az/anaconda3/envs/python38/lib/python3.8/site-packages/airflow/example_dags/example_time_delta_sensor_async.py
[2023-11-08T17:58:52.331-0500] {processor.py:839} INFO - DAG(s) dict_keys(['example_time_delta_sensor_async']) retrieved from /Users/az/anaconda3/envs/python38/lib/python3.8/site-packages/airflow/example_dags/example_time_delta_sensor_async.py
[2023-11-08T17:58:52.444-0500] {logging_mixin.py:154} INFO - [2023-11-08T17:58:52.444-0500] {dag.py:2941} INFO - Sync 1 DAGs
[2023-11-08T17:58:52.449-0500] {logging_mixin.py:154} INFO - [2023-11-08T17:58:52.449-0500] {dag.py:3722} INFO - Setting next_dagrun for example_time_delta_sensor_async to None, run_after=None
[2023-11-08T17:58:52.459-0500] {processor.py:179} INFO - Processing /Users/az/anaconda3/envs/python38/lib/python3.8/site-packages/airflow/example_dags/example_time_delta_sensor_async.py took 0.148 seconds
[2023-11-08T17:59:52.784-0500] {processor.py:157} INFO - Started process (PID=49923) to work on /Users/az/anaconda3/envs/python38/lib/python3.8/site-packages/airflow/example_dags/example_time_delta_sensor_async.py
[2023-11-08T17:59:52.788-0500] {processor.py:829} INFO - Processing file /Users/az/anaconda3/envs/python38/lib/python3.8/site-packages/airflow/example_dags/example_time_delta_sensor_async.py for tasks to queue
[2023-11-08T17:59:52.789-0500] {logging_mixin.py:154} INFO - [2023-11-08T17:59:52.789-0500] {dagbag.py:536} INFO - Filling up the DagBag from /Users/az/anaconda3/envs/python38/lib/python3.8/site-packages/airflow/example_dags/example_time_delta_sensor_async.py
[2023-11-08T17:59:52.804-0500] {processor.py:839} INFO - DAG(s) dict_keys(['example_time_delta_sensor_async']) retrieved from /Users/az/anaconda3/envs/python38/lib/python3.8/site-packages/airflow/example_dags/example_time_delta_sensor_async.py
[2023-11-08T17:59:52.917-0500] {logging_mixin.py:154} INFO - [2023-11-08T17:59:52.916-0500] {dag.py:2941} INFO - Sync 1 DAGs
[2023-11-08T17:59:52.922-0500] {logging_mixin.py:154} INFO - [2023-11-08T17:59:52.922-0500] {dag.py:3722} INFO - Setting next_dagrun for example_time_delta_sensor_async to None, run_after=None
[2023-11-08T17:59:52.932-0500] {processor.py:179} INFO - Processing /Users/az/anaconda3/envs/python38/lib/python3.8/site-packages/airflow/example_dags/example_time_delta_sensor_async.py took 0.148 seconds
[2023-11-08T18:00:53.826-0500] {processor.py:157} INFO - Started process (PID=50001) to work on /Users/az/anaconda3/envs/python38/lib/python3.8/site-packages/airflow/example_dags/example_time_delta_sensor_async.py
[2023-11-08T18:00:53.831-0500] {processor.py:829} INFO - Processing file /Users/az/anaconda3/envs/python38/lib/python3.8/site-packages/airflow/example_dags/example_time_delta_sensor_async.py for tasks to queue
[2023-11-08T18:00:53.832-0500] {logging_mixin.py:154} INFO - [2023-11-08T18:00:53.832-0500] {dagbag.py:536} INFO - Filling up the DagBag from /Users/az/anaconda3/envs/python38/lib/python3.8/site-packages/airflow/example_dags/example_time_delta_sensor_async.py
[2023-11-08T18:00:53.847-0500] {processor.py:839} INFO - DAG(s) dict_keys(['example_time_delta_sensor_async']) retrieved from /Users/az/anaconda3/envs/python38/lib/python3.8/site-packages/airflow/example_dags/example_time_delta_sensor_async.py
[2023-11-08T18:00:53.960-0500] {logging_mixin.py:154} INFO - [2023-11-08T18:00:53.959-0500] {dag.py:2941} INFO - Sync 1 DAGs
[2023-11-08T18:00:53.965-0500] {logging_mixin.py:154} INFO - [2023-11-08T18:00:53.965-0500] {dag.py:3722} INFO - Setting next_dagrun for example_time_delta_sensor_async to None, run_after=None
[2023-11-08T18:00:53.975-0500] {processor.py:179} INFO - Processing /Users/az/anaconda3/envs/python38/lib/python3.8/site-packages/airflow/example_dags/example_time_delta_sensor_async.py took 0.149 seconds
[2023-11-08T18:01:52.709-0500] {processor.py:157} INFO - Started process (PID=50101) to work on /Users/az/anaconda3/envs/python38/lib/python3.8/site-packages/airflow/example_dags/example_time_delta_sensor_async.py
[2023-11-08T18:01:52.714-0500] {processor.py:829} INFO - Processing file /Users/az/anaconda3/envs/python38/lib/python3.8/site-packages/airflow/example_dags/example_time_delta_sensor_async.py for tasks to queue
[2023-11-08T18:01:52.714-0500] {logging_mixin.py:154} INFO - [2023-11-08T18:01:52.714-0500] {dagbag.py:536} INFO - Filling up the DagBag from /Users/az/anaconda3/envs/python38/lib/python3.8/site-packages/airflow/example_dags/example_time_delta_sensor_async.py
[2023-11-08T18:01:52.729-0500] {processor.py:839} INFO - DAG(s) dict_keys(['example_time_delta_sensor_async']) retrieved from /Users/az/anaconda3/envs/python38/lib/python3.8/site-packages/airflow/example_dags/example_time_delta_sensor_async.py
[2023-11-08T18:01:52.842-0500] {logging_mixin.py:154} INFO - [2023-11-08T18:01:52.842-0500] {dag.py:2941} INFO - Sync 1 DAGs
[2023-11-08T18:01:52.847-0500] {logging_mixin.py:154} INFO - [2023-11-08T18:01:52.847-0500] {dag.py:3722} INFO - Setting next_dagrun for example_time_delta_sensor_async to None, run_after=None
[2023-11-08T18:01:52.858-0500] {processor.py:179} INFO - Processing /Users/az/anaconda3/envs/python38/lib/python3.8/site-packages/airflow/example_dags/example_time_delta_sensor_async.py took 0.149 seconds
[2023-11-08T18:02:50.013-0500] {processor.py:157} INFO - Started process (PID=50204) to work on /Users/az/anaconda3/envs/python38/lib/python3.8/site-packages/airflow/example_dags/example_time_delta_sensor_async.py
[2023-11-08T18:02:50.017-0500] {processor.py:829} INFO - Processing file /Users/az/anaconda3/envs/python38/lib/python3.8/site-packages/airflow/example_dags/example_time_delta_sensor_async.py for tasks to queue
[2023-11-08T18:02:50.017-0500] {logging_mixin.py:154} INFO - [2023-11-08T18:02:50.017-0500] {dagbag.py:536} INFO - Filling up the DagBag from /Users/az/anaconda3/envs/python38/lib/python3.8/site-packages/airflow/example_dags/example_time_delta_sensor_async.py
[2023-11-08T18:02:50.032-0500] {processor.py:839} INFO - DAG(s) dict_keys(['example_time_delta_sensor_async']) retrieved from /Users/az/anaconda3/envs/python38/lib/python3.8/site-packages/airflow/example_dags/example_time_delta_sensor_async.py
[2023-11-08T18:02:50.143-0500] {logging_mixin.py:154} INFO - [2023-11-08T18:02:50.143-0500] {dag.py:2941} INFO - Sync 1 DAGs
[2023-11-08T18:02:50.148-0500] {logging_mixin.py:154} INFO - [2023-11-08T18:02:50.148-0500] {dag.py:3722} INFO - Setting next_dagrun for example_time_delta_sensor_async to None, run_after=None
[2023-11-08T18:02:50.158-0500] {processor.py:179} INFO - Processing /Users/az/anaconda3/envs/python38/lib/python3.8/site-packages/airflow/example_dags/example_time_delta_sensor_async.py took 0.146 seconds
[2023-11-08T18:03:49.614-0500] {processor.py:157} INFO - Started process (PID=50420) to work on /Users/az/anaconda3/envs/python38/lib/python3.8/site-packages/airflow/example_dags/example_time_delta_sensor_async.py
[2023-11-08T18:03:49.618-0500] {processor.py:829} INFO - Processing file /Users/az/anaconda3/envs/python38/lib/python3.8/site-packages/airflow/example_dags/example_time_delta_sensor_async.py for tasks to queue
[2023-11-08T18:03:49.619-0500] {logging_mixin.py:154} INFO - [2023-11-08T18:03:49.619-0500] {dagbag.py:536} INFO - Filling up the DagBag from /Users/az/anaconda3/envs/python38/lib/python3.8/site-packages/airflow/example_dags/example_time_delta_sensor_async.py
[2023-11-08T18:03:49.633-0500] {processor.py:839} INFO - DAG(s) dict_keys(['example_time_delta_sensor_async']) retrieved from /Users/az/anaconda3/envs/python38/lib/python3.8/site-packages/airflow/example_dags/example_time_delta_sensor_async.py
[2023-11-08T18:03:49.744-0500] {logging_mixin.py:154} INFO - [2023-11-08T18:03:49.744-0500] {dag.py:2941} INFO - Sync 1 DAGs
[2023-11-08T18:03:49.749-0500] {logging_mixin.py:154} INFO - [2023-11-08T18:03:49.749-0500] {dag.py:3722} INFO - Setting next_dagrun for example_time_delta_sensor_async to None, run_after=None
[2023-11-08T18:03:49.760-0500] {processor.py:179} INFO - Processing /Users/az/anaconda3/envs/python38/lib/python3.8/site-packages/airflow/example_dags/example_time_delta_sensor_async.py took 0.146 seconds
[2023-11-08T18:04:46.844-0500] {processor.py:157} INFO - Started process (PID=50494) to work on /Users/az/anaconda3/envs/python38/lib/python3.8/site-packages/airflow/example_dags/example_time_delta_sensor_async.py
[2023-11-08T18:04:46.848-0500] {processor.py:829} INFO - Processing file /Users/az/anaconda3/envs/python38/lib/python3.8/site-packages/airflow/example_dags/example_time_delta_sensor_async.py for tasks to queue
[2023-11-08T18:04:46.849-0500] {logging_mixin.py:154} INFO - [2023-11-08T18:04:46.849-0500] {dagbag.py:536} INFO - Filling up the DagBag from /Users/az/anaconda3/envs/python38/lib/python3.8/site-packages/airflow/example_dags/example_time_delta_sensor_async.py
[2023-11-08T18:04:46.864-0500] {processor.py:839} INFO - DAG(s) dict_keys(['example_time_delta_sensor_async']) retrieved from /Users/az/anaconda3/envs/python38/lib/python3.8/site-packages/airflow/example_dags/example_time_delta_sensor_async.py
[2023-11-08T18:04:46.977-0500] {logging_mixin.py:154} INFO - [2023-11-08T18:04:46.977-0500] {dag.py:2941} INFO - Sync 1 DAGs
[2023-11-08T18:04:46.982-0500] {logging_mixin.py:154} INFO - [2023-11-08T18:04:46.982-0500] {dag.py:3722} INFO - Setting next_dagrun for example_time_delta_sensor_async to None, run_after=None
[2023-11-08T18:04:46.992-0500] {processor.py:179} INFO - Processing /Users/az/anaconda3/envs/python38/lib/python3.8/site-packages/airflow/example_dags/example_time_delta_sensor_async.py took 0.149 seconds
[2023-11-08T18:05:46.006-0500] {processor.py:157} INFO - Started process (PID=50568) to work on /Users/az/anaconda3/envs/python38/lib/python3.8/site-packages/airflow/example_dags/example_time_delta_sensor_async.py
[2023-11-08T18:05:46.010-0500] {processor.py:829} INFO - Processing file /Users/az/anaconda3/envs/python38/lib/python3.8/site-packages/airflow/example_dags/example_time_delta_sensor_async.py for tasks to queue
[2023-11-08T18:05:46.011-0500] {logging_mixin.py:154} INFO - [2023-11-08T18:05:46.011-0500] {dagbag.py:536} INFO - Filling up the DagBag from /Users/az/anaconda3/envs/python38/lib/python3.8/site-packages/airflow/example_dags/example_time_delta_sensor_async.py
[2023-11-08T18:05:46.026-0500] {processor.py:839} INFO - DAG(s) dict_keys(['example_time_delta_sensor_async']) retrieved from /Users/az/anaconda3/envs/python38/lib/python3.8/site-packages/airflow/example_dags/example_time_delta_sensor_async.py
[2023-11-08T18:05:46.139-0500] {logging_mixin.py:154} INFO - [2023-11-08T18:05:46.138-0500] {dag.py:2941} INFO - Sync 1 DAGs
[2023-11-08T18:05:46.144-0500] {logging_mixin.py:154} INFO - [2023-11-08T18:05:46.144-0500] {dag.py:3722} INFO - Setting next_dagrun for example_time_delta_sensor_async to None, run_after=None
[2023-11-08T18:05:46.154-0500] {processor.py:179} INFO - Processing /Users/az/anaconda3/envs/python38/lib/python3.8/site-packages/airflow/example_dags/example_time_delta_sensor_async.py took 0.149 seconds
[2023-11-08T18:06:43.997-0500] {processor.py:157} INFO - Started process (PID=50647) to work on /Users/az/anaconda3/envs/python38/lib/python3.8/site-packages/airflow/example_dags/example_time_delta_sensor_async.py
[2023-11-08T18:06:44.002-0500] {processor.py:829} INFO - Processing file /Users/az/anaconda3/envs/python38/lib/python3.8/site-packages/airflow/example_dags/example_time_delta_sensor_async.py for tasks to queue
[2023-11-08T18:06:44.002-0500] {logging_mixin.py:154} INFO - [2023-11-08T18:06:44.002-0500] {dagbag.py:536} INFO - Filling up the DagBag from /Users/az/anaconda3/envs/python38/lib/python3.8/site-packages/airflow/example_dags/example_time_delta_sensor_async.py
[2023-11-08T18:06:44.017-0500] {processor.py:839} INFO - DAG(s) dict_keys(['example_time_delta_sensor_async']) retrieved from /Users/az/anaconda3/envs/python38/lib/python3.8/site-packages/airflow/example_dags/example_time_delta_sensor_async.py
[2023-11-08T18:06:44.130-0500] {logging_mixin.py:154} INFO - [2023-11-08T18:06:44.129-0500] {dag.py:2941} INFO - Sync 1 DAGs
[2023-11-08T18:06:44.135-0500] {logging_mixin.py:154} INFO - [2023-11-08T18:06:44.135-0500] {dag.py:3722} INFO - Setting next_dagrun for example_time_delta_sensor_async to None, run_after=None
[2023-11-08T18:06:44.145-0500] {processor.py:179} INFO - Processing /Users/az/anaconda3/envs/python38/lib/python3.8/site-packages/airflow/example_dags/example_time_delta_sensor_async.py took 0.148 seconds
[2023-11-08T18:07:41.241-0500] {processor.py:157} INFO - Started process (PID=50734) to work on /Users/az/anaconda3/envs/python38/lib/python3.8/site-packages/airflow/example_dags/example_time_delta_sensor_async.py
[2023-11-08T18:07:41.245-0500] {processor.py:829} INFO - Processing file /Users/az/anaconda3/envs/python38/lib/python3.8/site-packages/airflow/example_dags/example_time_delta_sensor_async.py for tasks to queue
[2023-11-08T18:07:41.245-0500] {logging_mixin.py:154} INFO - [2023-11-08T18:07:41.245-0500] {dagbag.py:536} INFO - Filling up the DagBag from /Users/az/anaconda3/envs/python38/lib/python3.8/site-packages/airflow/example_dags/example_time_delta_sensor_async.py
[2023-11-08T18:07:41.260-0500] {processor.py:839} INFO - DAG(s) dict_keys(['example_time_delta_sensor_async']) retrieved from /Users/az/anaconda3/envs/python38/lib/python3.8/site-packages/airflow/example_dags/example_time_delta_sensor_async.py
[2023-11-08T18:07:41.372-0500] {logging_mixin.py:154} INFO - [2023-11-08T18:07:41.372-0500] {dag.py:2941} INFO - Sync 1 DAGs
[2023-11-08T18:07:41.377-0500] {logging_mixin.py:154} INFO - [2023-11-08T18:07:41.377-0500] {dag.py:3722} INFO - Setting next_dagrun for example_time_delta_sensor_async to None, run_after=None
[2023-11-08T18:07:41.387-0500] {processor.py:179} INFO - Processing /Users/az/anaconda3/envs/python38/lib/python3.8/site-packages/airflow/example_dags/example_time_delta_sensor_async.py took 0.147 seconds
[2023-11-08T18:08:39.135-0500] {processor.py:157} INFO - Started process (PID=50819) to work on /Users/az/anaconda3/envs/python38/lib/python3.8/site-packages/airflow/example_dags/example_time_delta_sensor_async.py
[2023-11-08T18:08:39.140-0500] {processor.py:829} INFO - Processing file /Users/az/anaconda3/envs/python38/lib/python3.8/site-packages/airflow/example_dags/example_time_delta_sensor_async.py for tasks to queue
[2023-11-08T18:08:39.140-0500] {logging_mixin.py:154} INFO - [2023-11-08T18:08:39.140-0500] {dagbag.py:536} INFO - Filling up the DagBag from /Users/az/anaconda3/envs/python38/lib/python3.8/site-packages/airflow/example_dags/example_time_delta_sensor_async.py
[2023-11-08T18:08:39.155-0500] {processor.py:839} INFO - DAG(s) dict_keys(['example_time_delta_sensor_async']) retrieved from /Users/az/anaconda3/envs/python38/lib/python3.8/site-packages/airflow/example_dags/example_time_delta_sensor_async.py
[2023-11-08T18:08:39.268-0500] {logging_mixin.py:154} INFO - [2023-11-08T18:08:39.268-0500] {dag.py:2941} INFO - Sync 1 DAGs
[2023-11-08T18:08:39.273-0500] {logging_mixin.py:154} INFO - [2023-11-08T18:08:39.273-0500] {dag.py:3722} INFO - Setting next_dagrun for example_time_delta_sensor_async to None, run_after=None
[2023-11-08T18:08:39.283-0500] {processor.py:179} INFO - Processing /Users/az/anaconda3/envs/python38/lib/python3.8/site-packages/airflow/example_dags/example_time_delta_sensor_async.py took 0.148 seconds
[2023-11-08T18:09:37.828-0500] {processor.py:157} INFO - Started process (PID=50898) to work on /Users/az/anaconda3/envs/python38/lib/python3.8/site-packages/airflow/example_dags/example_time_delta_sensor_async.py
[2023-11-08T18:09:37.833-0500] {processor.py:829} INFO - Processing file /Users/az/anaconda3/envs/python38/lib/python3.8/site-packages/airflow/example_dags/example_time_delta_sensor_async.py for tasks to queue
[2023-11-08T18:09:37.833-0500] {logging_mixin.py:154} INFO - [2023-11-08T18:09:37.833-0500] {dagbag.py:536} INFO - Filling up the DagBag from /Users/az/anaconda3/envs/python38/lib/python3.8/site-packages/airflow/example_dags/example_time_delta_sensor_async.py
[2023-11-08T18:09:37.848-0500] {processor.py:839} INFO - DAG(s) dict_keys(['example_time_delta_sensor_async']) retrieved from /Users/az/anaconda3/envs/python38/lib/python3.8/site-packages/airflow/example_dags/example_time_delta_sensor_async.py
[2023-11-08T18:09:37.960-0500] {logging_mixin.py:154} INFO - [2023-11-08T18:09:37.960-0500] {dag.py:2941} INFO - Sync 1 DAGs
[2023-11-08T18:09:37.965-0500] {logging_mixin.py:154} INFO - [2023-11-08T18:09:37.965-0500] {dag.py:3722} INFO - Setting next_dagrun for example_time_delta_sensor_async to None, run_after=None
[2023-11-08T18:09:37.975-0500] {processor.py:179} INFO - Processing /Users/az/anaconda3/envs/python38/lib/python3.8/site-packages/airflow/example_dags/example_time_delta_sensor_async.py took 0.147 seconds
[2023-11-08T18:10:36.846-0500] {processor.py:157} INFO - Started process (PID=50974) to work on /Users/az/anaconda3/envs/python38/lib/python3.8/site-packages/airflow/example_dags/example_time_delta_sensor_async.py
[2023-11-08T18:10:36.850-0500] {processor.py:829} INFO - Processing file /Users/az/anaconda3/envs/python38/lib/python3.8/site-packages/airflow/example_dags/example_time_delta_sensor_async.py for tasks to queue
[2023-11-08T18:10:36.850-0500] {logging_mixin.py:154} INFO - [2023-11-08T18:10:36.850-0500] {dagbag.py:536} INFO - Filling up the DagBag from /Users/az/anaconda3/envs/python38/lib/python3.8/site-packages/airflow/example_dags/example_time_delta_sensor_async.py
[2023-11-08T18:10:36.864-0500] {processor.py:839} INFO - DAG(s) dict_keys(['example_time_delta_sensor_async']) retrieved from /Users/az/anaconda3/envs/python38/lib/python3.8/site-packages/airflow/example_dags/example_time_delta_sensor_async.py
[2023-11-08T18:10:36.977-0500] {logging_mixin.py:154} INFO - [2023-11-08T18:10:36.977-0500] {dag.py:2941} INFO - Sync 1 DAGs
[2023-11-08T18:10:36.982-0500] {logging_mixin.py:154} INFO - [2023-11-08T18:10:36.982-0500] {dag.py:3722} INFO - Setting next_dagrun for example_time_delta_sensor_async to None, run_after=None
[2023-11-08T18:10:36.993-0500] {processor.py:179} INFO - Processing /Users/az/anaconda3/envs/python38/lib/python3.8/site-packages/airflow/example_dags/example_time_delta_sensor_async.py took 0.147 seconds
[2023-11-08T18:11:38.256-0500] {processor.py:157} INFO - Started process (PID=51047) to work on /Users/az/anaconda3/envs/python38/lib/python3.8/site-packages/airflow/example_dags/example_time_delta_sensor_async.py
[2023-11-08T18:11:38.260-0500] {processor.py:829} INFO - Processing file /Users/az/anaconda3/envs/python38/lib/python3.8/site-packages/airflow/example_dags/example_time_delta_sensor_async.py for tasks to queue
[2023-11-08T18:11:38.260-0500] {logging_mixin.py:154} INFO - [2023-11-08T18:11:38.260-0500] {dagbag.py:536} INFO - Filling up the DagBag from /Users/az/anaconda3/envs/python38/lib/python3.8/site-packages/airflow/example_dags/example_time_delta_sensor_async.py
[2023-11-08T18:11:38.274-0500] {processor.py:839} INFO - DAG(s) dict_keys(['example_time_delta_sensor_async']) retrieved from /Users/az/anaconda3/envs/python38/lib/python3.8/site-packages/airflow/example_dags/example_time_delta_sensor_async.py
[2023-11-08T18:11:38.387-0500] {logging_mixin.py:154} INFO - [2023-11-08T18:11:38.387-0500] {dag.py:2941} INFO - Sync 1 DAGs
[2023-11-08T18:11:38.393-0500] {logging_mixin.py:154} INFO - [2023-11-08T18:11:38.392-0500] {dag.py:3722} INFO - Setting next_dagrun for example_time_delta_sensor_async to None, run_after=None
[2023-11-08T18:11:38.403-0500] {processor.py:179} INFO - Processing /Users/az/anaconda3/envs/python38/lib/python3.8/site-packages/airflow/example_dags/example_time_delta_sensor_async.py took 0.147 seconds
[2023-11-08T18:17:35.751-0500] {processor.py:157} INFO - Started process (PID=51151) to work on /Users/az/anaconda3/envs/python38/lib/python3.8/site-packages/airflow/example_dags/example_time_delta_sensor_async.py
[2023-11-08T18:17:35.756-0500] {processor.py:829} INFO - Processing file /Users/az/anaconda3/envs/python38/lib/python3.8/site-packages/airflow/example_dags/example_time_delta_sensor_async.py for tasks to queue
[2023-11-08T18:17:35.757-0500] {logging_mixin.py:154} INFO - [2023-11-08T18:17:35.757-0500] {dagbag.py:536} INFO - Filling up the DagBag from /Users/az/anaconda3/envs/python38/lib/python3.8/site-packages/airflow/example_dags/example_time_delta_sensor_async.py
[2023-11-08T18:17:35.772-0500] {processor.py:839} INFO - DAG(s) dict_keys(['example_time_delta_sensor_async']) retrieved from /Users/az/anaconda3/envs/python38/lib/python3.8/site-packages/airflow/example_dags/example_time_delta_sensor_async.py
[2023-11-08T18:17:35.885-0500] {logging_mixin.py:154} INFO - [2023-11-08T18:17:35.885-0500] {dag.py:2941} INFO - Sync 1 DAGs
[2023-11-08T18:17:35.890-0500] {logging_mixin.py:154} INFO - [2023-11-08T18:17:35.890-0500] {dag.py:3722} INFO - Setting next_dagrun for example_time_delta_sensor_async to None, run_after=None
[2023-11-08T18:17:35.900-0500] {processor.py:179} INFO - Processing /Users/az/anaconda3/envs/python38/lib/python3.8/site-packages/airflow/example_dags/example_time_delta_sensor_async.py took 0.149 seconds
[2023-11-08T18:30:38.900-0500] {processor.py:157} INFO - Started process (PID=51257) to work on /Users/az/anaconda3/envs/python38/lib/python3.8/site-packages/airflow/example_dags/example_time_delta_sensor_async.py
[2023-11-08T18:30:38.905-0500] {processor.py:829} INFO - Processing file /Users/az/anaconda3/envs/python38/lib/python3.8/site-packages/airflow/example_dags/example_time_delta_sensor_async.py for tasks to queue
[2023-11-08T18:30:38.906-0500] {logging_mixin.py:154} INFO - [2023-11-08T18:30:38.905-0500] {dagbag.py:536} INFO - Filling up the DagBag from /Users/az/anaconda3/envs/python38/lib/python3.8/site-packages/airflow/example_dags/example_time_delta_sensor_async.py
[2023-11-08T18:30:38.920-0500] {processor.py:839} INFO - DAG(s) dict_keys(['example_time_delta_sensor_async']) retrieved from /Users/az/anaconda3/envs/python38/lib/python3.8/site-packages/airflow/example_dags/example_time_delta_sensor_async.py
[2023-11-08T18:30:39.033-0500] {logging_mixin.py:154} INFO - [2023-11-08T18:30:39.033-0500] {dag.py:2941} INFO - Sync 1 DAGs
[2023-11-08T18:30:39.046-0500] {logging_mixin.py:154} INFO - [2023-11-08T18:30:39.045-0500] {dag.py:3722} INFO - Setting next_dagrun for example_time_delta_sensor_async to None, run_after=None
[2023-11-08T18:30:39.056-0500] {processor.py:179} INFO - Processing /Users/az/anaconda3/envs/python38/lib/python3.8/site-packages/airflow/example_dags/example_time_delta_sensor_async.py took 0.156 seconds
[2023-11-08T18:31:36.036-0500] {processor.py:157} INFO - Started process (PID=51328) to work on /Users/az/anaconda3/envs/python38/lib/python3.8/site-packages/airflow/example_dags/example_time_delta_sensor_async.py
[2023-11-08T18:31:36.040-0500] {processor.py:829} INFO - Processing file /Users/az/anaconda3/envs/python38/lib/python3.8/site-packages/airflow/example_dags/example_time_delta_sensor_async.py for tasks to queue
[2023-11-08T18:31:36.041-0500] {logging_mixin.py:154} INFO - [2023-11-08T18:31:36.041-0500] {dagbag.py:536} INFO - Filling up the DagBag from /Users/az/anaconda3/envs/python38/lib/python3.8/site-packages/airflow/example_dags/example_time_delta_sensor_async.py
[2023-11-08T18:31:36.055-0500] {processor.py:839} INFO - DAG(s) dict_keys(['example_time_delta_sensor_async']) retrieved from /Users/az/anaconda3/envs/python38/lib/python3.8/site-packages/airflow/example_dags/example_time_delta_sensor_async.py
[2023-11-08T18:31:36.168-0500] {logging_mixin.py:154} INFO - [2023-11-08T18:31:36.168-0500] {dag.py:2941} INFO - Sync 1 DAGs
[2023-11-08T18:31:36.173-0500] {logging_mixin.py:154} INFO - [2023-11-08T18:31:36.173-0500] {dag.py:3722} INFO - Setting next_dagrun for example_time_delta_sensor_async to None, run_after=None
[2023-11-08T18:31:36.183-0500] {processor.py:179} INFO - Processing /Users/az/anaconda3/envs/python38/lib/python3.8/site-packages/airflow/example_dags/example_time_delta_sensor_async.py took 0.147 seconds
[2023-11-08T18:32:35.653-0500] {processor.py:157} INFO - Started process (PID=51399) to work on /Users/az/anaconda3/envs/python38/lib/python3.8/site-packages/airflow/example_dags/example_time_delta_sensor_async.py
[2023-11-08T18:32:35.657-0500] {processor.py:829} INFO - Processing file /Users/az/anaconda3/envs/python38/lib/python3.8/site-packages/airflow/example_dags/example_time_delta_sensor_async.py for tasks to queue
[2023-11-08T18:32:35.657-0500] {logging_mixin.py:154} INFO - [2023-11-08T18:32:35.657-0500] {dagbag.py:536} INFO - Filling up the DagBag from /Users/az/anaconda3/envs/python38/lib/python3.8/site-packages/airflow/example_dags/example_time_delta_sensor_async.py
[2023-11-08T18:32:35.672-0500] {processor.py:839} INFO - DAG(s) dict_keys(['example_time_delta_sensor_async']) retrieved from /Users/az/anaconda3/envs/python38/lib/python3.8/site-packages/airflow/example_dags/example_time_delta_sensor_async.py
[2023-11-08T18:32:35.785-0500] {logging_mixin.py:154} INFO - [2023-11-08T18:32:35.785-0500] {dag.py:2941} INFO - Sync 1 DAGs
[2023-11-08T18:32:35.790-0500] {logging_mixin.py:154} INFO - [2023-11-08T18:32:35.790-0500] {dag.py:3722} INFO - Setting next_dagrun for example_time_delta_sensor_async to None, run_after=None
[2023-11-08T18:32:35.801-0500] {processor.py:179} INFO - Processing /Users/az/anaconda3/envs/python38/lib/python3.8/site-packages/airflow/example_dags/example_time_delta_sensor_async.py took 0.148 seconds
[2023-11-08T18:33:37.942-0500] {processor.py:157} INFO - Started process (PID=51484) to work on /Users/az/anaconda3/envs/python38/lib/python3.8/site-packages/airflow/example_dags/example_time_delta_sensor_async.py
[2023-11-08T18:33:37.946-0500] {processor.py:829} INFO - Processing file /Users/az/anaconda3/envs/python38/lib/python3.8/site-packages/airflow/example_dags/example_time_delta_sensor_async.py for tasks to queue
[2023-11-08T18:33:37.946-0500] {logging_mixin.py:154} INFO - [2023-11-08T18:33:37.946-0500] {dagbag.py:536} INFO - Filling up the DagBag from /Users/az/anaconda3/envs/python38/lib/python3.8/site-packages/airflow/example_dags/example_time_delta_sensor_async.py
[2023-11-08T18:33:37.962-0500] {processor.py:839} INFO - DAG(s) dict_keys(['example_time_delta_sensor_async']) retrieved from /Users/az/anaconda3/envs/python38/lib/python3.8/site-packages/airflow/example_dags/example_time_delta_sensor_async.py
[2023-11-08T18:33:38.094-0500] {logging_mixin.py:154} INFO - [2023-11-08T18:33:38.094-0500] {dag.py:2941} INFO - Sync 1 DAGs
[2023-11-08T18:33:38.130-0500] {logging_mixin.py:154} INFO - [2023-11-08T18:33:38.125-0500] {dag.py:3722} INFO - Setting next_dagrun for example_time_delta_sensor_async to None, run_after=None
[2023-11-08T18:33:38.191-0500] {processor.py:179} INFO - Processing /Users/az/anaconda3/envs/python38/lib/python3.8/site-packages/airflow/example_dags/example_time_delta_sensor_async.py took 0.250 seconds
[2023-11-08T18:34:40.074-0500] {processor.py:157} INFO - Started process (PID=51560) to work on /Users/az/anaconda3/envs/python38/lib/python3.8/site-packages/airflow/example_dags/example_time_delta_sensor_async.py
[2023-11-08T18:34:40.078-0500] {processor.py:829} INFO - Processing file /Users/az/anaconda3/envs/python38/lib/python3.8/site-packages/airflow/example_dags/example_time_delta_sensor_async.py for tasks to queue
[2023-11-08T18:34:40.079-0500] {logging_mixin.py:154} INFO - [2023-11-08T18:34:40.079-0500] {dagbag.py:536} INFO - Filling up the DagBag from /Users/az/anaconda3/envs/python38/lib/python3.8/site-packages/airflow/example_dags/example_time_delta_sensor_async.py
[2023-11-08T18:34:40.094-0500] {processor.py:839} INFO - DAG(s) dict_keys(['example_time_delta_sensor_async']) retrieved from /Users/az/anaconda3/envs/python38/lib/python3.8/site-packages/airflow/example_dags/example_time_delta_sensor_async.py
[2023-11-08T18:34:40.207-0500] {logging_mixin.py:154} INFO - [2023-11-08T18:34:40.207-0500] {dag.py:2941} INFO - Sync 1 DAGs
[2023-11-08T18:34:40.212-0500] {logging_mixin.py:154} INFO - [2023-11-08T18:34:40.212-0500] {dag.py:3722} INFO - Setting next_dagrun for example_time_delta_sensor_async to None, run_after=None
[2023-11-08T18:34:40.222-0500] {processor.py:179} INFO - Processing /Users/az/anaconda3/envs/python38/lib/python3.8/site-packages/airflow/example_dags/example_time_delta_sensor_async.py took 0.149 seconds
[2023-11-08T18:35:40.675-0500] {processor.py:157} INFO - Started process (PID=51634) to work on /Users/az/anaconda3/envs/python38/lib/python3.8/site-packages/airflow/example_dags/example_time_delta_sensor_async.py
[2023-11-08T18:35:40.679-0500] {processor.py:829} INFO - Processing file /Users/az/anaconda3/envs/python38/lib/python3.8/site-packages/airflow/example_dags/example_time_delta_sensor_async.py for tasks to queue
[2023-11-08T18:35:40.679-0500] {logging_mixin.py:154} INFO - [2023-11-08T18:35:40.679-0500] {dagbag.py:536} INFO - Filling up the DagBag from /Users/az/anaconda3/envs/python38/lib/python3.8/site-packages/airflow/example_dags/example_time_delta_sensor_async.py
[2023-11-08T18:35:40.694-0500] {processor.py:839} INFO - DAG(s) dict_keys(['example_time_delta_sensor_async']) retrieved from /Users/az/anaconda3/envs/python38/lib/python3.8/site-packages/airflow/example_dags/example_time_delta_sensor_async.py
[2023-11-08T18:35:40.807-0500] {logging_mixin.py:154} INFO - [2023-11-08T18:35:40.807-0500] {dag.py:2941} INFO - Sync 1 DAGs
[2023-11-08T18:35:40.812-0500] {logging_mixin.py:154} INFO - [2023-11-08T18:35:40.812-0500] {dag.py:3722} INFO - Setting next_dagrun for example_time_delta_sensor_async to None, run_after=None
[2023-11-08T18:35:40.823-0500] {processor.py:179} INFO - Processing /Users/az/anaconda3/envs/python38/lib/python3.8/site-packages/airflow/example_dags/example_time_delta_sensor_async.py took 0.148 seconds
[2023-11-08T18:36:38.809-0500] {processor.py:157} INFO - Started process (PID=51709) to work on /Users/az/anaconda3/envs/python38/lib/python3.8/site-packages/airflow/example_dags/example_time_delta_sensor_async.py
[2023-11-08T18:36:38.814-0500] {processor.py:829} INFO - Processing file /Users/az/anaconda3/envs/python38/lib/python3.8/site-packages/airflow/example_dags/example_time_delta_sensor_async.py for tasks to queue
[2023-11-08T18:36:38.814-0500] {logging_mixin.py:154} INFO - [2023-11-08T18:36:38.814-0500] {dagbag.py:536} INFO - Filling up the DagBag from /Users/az/anaconda3/envs/python38/lib/python3.8/site-packages/airflow/example_dags/example_time_delta_sensor_async.py
[2023-11-08T18:36:38.829-0500] {processor.py:839} INFO - DAG(s) dict_keys(['example_time_delta_sensor_async']) retrieved from /Users/az/anaconda3/envs/python38/lib/python3.8/site-packages/airflow/example_dags/example_time_delta_sensor_async.py
[2023-11-08T18:36:38.942-0500] {logging_mixin.py:154} INFO - [2023-11-08T18:36:38.942-0500] {dag.py:2941} INFO - Sync 1 DAGs
[2023-11-08T18:36:38.947-0500] {logging_mixin.py:154} INFO - [2023-11-08T18:36:38.947-0500] {dag.py:3722} INFO - Setting next_dagrun for example_time_delta_sensor_async to None, run_after=None
[2023-11-08T18:36:38.958-0500] {processor.py:179} INFO - Processing /Users/az/anaconda3/envs/python38/lib/python3.8/site-packages/airflow/example_dags/example_time_delta_sensor_async.py took 0.149 seconds
[2023-11-08T18:37:34.173-0500] {processor.py:157} INFO - Started process (PID=51780) to work on /Users/az/anaconda3/envs/python38/lib/python3.8/site-packages/airflow/example_dags/example_time_delta_sensor_async.py
[2023-11-08T18:37:34.178-0500] {processor.py:829} INFO - Processing file /Users/az/anaconda3/envs/python38/lib/python3.8/site-packages/airflow/example_dags/example_time_delta_sensor_async.py for tasks to queue
[2023-11-08T18:37:34.178-0500] {logging_mixin.py:154} INFO - [2023-11-08T18:37:34.178-0500] {dagbag.py:536} INFO - Filling up the DagBag from /Users/az/anaconda3/envs/python38/lib/python3.8/site-packages/airflow/example_dags/example_time_delta_sensor_async.py
[2023-11-08T18:37:34.193-0500] {processor.py:839} INFO - DAG(s) dict_keys(['example_time_delta_sensor_async']) retrieved from /Users/az/anaconda3/envs/python38/lib/python3.8/site-packages/airflow/example_dags/example_time_delta_sensor_async.py
[2023-11-08T18:37:34.306-0500] {logging_mixin.py:154} INFO - [2023-11-08T18:37:34.305-0500] {dag.py:2941} INFO - Sync 1 DAGs
[2023-11-08T18:37:34.311-0500] {logging_mixin.py:154} INFO - [2023-11-08T18:37:34.310-0500] {dag.py:3722} INFO - Setting next_dagrun for example_time_delta_sensor_async to None, run_after=None
[2023-11-08T18:37:34.321-0500] {processor.py:179} INFO - Processing /Users/az/anaconda3/envs/python38/lib/python3.8/site-packages/airflow/example_dags/example_time_delta_sensor_async.py took 0.148 seconds
[2023-11-08T18:38:32.298-0500] {processor.py:157} INFO - Started process (PID=51853) to work on /Users/az/anaconda3/envs/python38/lib/python3.8/site-packages/airflow/example_dags/example_time_delta_sensor_async.py
[2023-11-08T18:38:32.303-0500] {processor.py:829} INFO - Processing file /Users/az/anaconda3/envs/python38/lib/python3.8/site-packages/airflow/example_dags/example_time_delta_sensor_async.py for tasks to queue
[2023-11-08T18:38:32.303-0500] {logging_mixin.py:154} INFO - [2023-11-08T18:38:32.303-0500] {dagbag.py:536} INFO - Filling up the DagBag from /Users/az/anaconda3/envs/python38/lib/python3.8/site-packages/airflow/example_dags/example_time_delta_sensor_async.py
[2023-11-08T18:38:32.318-0500] {processor.py:839} INFO - DAG(s) dict_keys(['example_time_delta_sensor_async']) retrieved from /Users/az/anaconda3/envs/python38/lib/python3.8/site-packages/airflow/example_dags/example_time_delta_sensor_async.py
[2023-11-08T18:38:32.431-0500] {logging_mixin.py:154} INFO - [2023-11-08T18:38:32.430-0500] {dag.py:2941} INFO - Sync 1 DAGs
[2023-11-08T18:38:32.436-0500] {logging_mixin.py:154} INFO - [2023-11-08T18:38:32.436-0500] {dag.py:3722} INFO - Setting next_dagrun for example_time_delta_sensor_async to None, run_after=None
[2023-11-08T18:38:32.446-0500] {processor.py:179} INFO - Processing /Users/az/anaconda3/envs/python38/lib/python3.8/site-packages/airflow/example_dags/example_time_delta_sensor_async.py took 0.148 seconds
[2023-11-08T18:39:31.873-0500] {processor.py:157} INFO - Started process (PID=51924) to work on /Users/az/anaconda3/envs/python38/lib/python3.8/site-packages/airflow/example_dags/example_time_delta_sensor_async.py
[2023-11-08T18:39:31.878-0500] {processor.py:829} INFO - Processing file /Users/az/anaconda3/envs/python38/lib/python3.8/site-packages/airflow/example_dags/example_time_delta_sensor_async.py for tasks to queue
[2023-11-08T18:39:31.878-0500] {logging_mixin.py:154} INFO - [2023-11-08T18:39:31.878-0500] {dagbag.py:536} INFO - Filling up the DagBag from /Users/az/anaconda3/envs/python38/lib/python3.8/site-packages/airflow/example_dags/example_time_delta_sensor_async.py
[2023-11-08T18:39:31.893-0500] {processor.py:839} INFO - DAG(s) dict_keys(['example_time_delta_sensor_async']) retrieved from /Users/az/anaconda3/envs/python38/lib/python3.8/site-packages/airflow/example_dags/example_time_delta_sensor_async.py
[2023-11-08T18:39:32.006-0500] {logging_mixin.py:154} INFO - [2023-11-08T18:39:32.006-0500] {dag.py:2941} INFO - Sync 1 DAGs
[2023-11-08T18:39:32.011-0500] {logging_mixin.py:154} INFO - [2023-11-08T18:39:32.011-0500] {dag.py:3722} INFO - Setting next_dagrun for example_time_delta_sensor_async to None, run_after=None
[2023-11-08T18:39:32.021-0500] {processor.py:179} INFO - Processing /Users/az/anaconda3/envs/python38/lib/python3.8/site-packages/airflow/example_dags/example_time_delta_sensor_async.py took 0.149 seconds
[2023-11-08T18:40:36.125-0500] {processor.py:157} INFO - Started process (PID=51997) to work on /Users/az/anaconda3/envs/python38/lib/python3.8/site-packages/airflow/example_dags/example_time_delta_sensor_async.py
[2023-11-08T18:40:36.130-0500] {processor.py:829} INFO - Processing file /Users/az/anaconda3/envs/python38/lib/python3.8/site-packages/airflow/example_dags/example_time_delta_sensor_async.py for tasks to queue
[2023-11-08T18:40:36.131-0500] {logging_mixin.py:154} INFO - [2023-11-08T18:40:36.131-0500] {dagbag.py:536} INFO - Filling up the DagBag from /Users/az/anaconda3/envs/python38/lib/python3.8/site-packages/airflow/example_dags/example_time_delta_sensor_async.py
[2023-11-08T18:40:36.146-0500] {processor.py:839} INFO - DAG(s) dict_keys(['example_time_delta_sensor_async']) retrieved from /Users/az/anaconda3/envs/python38/lib/python3.8/site-packages/airflow/example_dags/example_time_delta_sensor_async.py
[2023-11-08T18:40:36.259-0500] {logging_mixin.py:154} INFO - [2023-11-08T18:40:36.259-0500] {dag.py:2941} INFO - Sync 1 DAGs
[2023-11-08T18:40:36.264-0500] {logging_mixin.py:154} INFO - [2023-11-08T18:40:36.264-0500] {dag.py:3722} INFO - Setting next_dagrun for example_time_delta_sensor_async to None, run_after=None
[2023-11-08T18:40:36.275-0500] {processor.py:179} INFO - Processing /Users/az/anaconda3/envs/python38/lib/python3.8/site-packages/airflow/example_dags/example_time_delta_sensor_async.py took 0.150 seconds
[2023-11-08T18:41:36.645-0500] {processor.py:157} INFO - Started process (PID=52073) to work on /Users/az/anaconda3/envs/python38/lib/python3.8/site-packages/airflow/example_dags/example_time_delta_sensor_async.py
[2023-11-08T18:41:36.649-0500] {processor.py:829} INFO - Processing file /Users/az/anaconda3/envs/python38/lib/python3.8/site-packages/airflow/example_dags/example_time_delta_sensor_async.py for tasks to queue
[2023-11-08T18:41:36.650-0500] {logging_mixin.py:154} INFO - [2023-11-08T18:41:36.649-0500] {dagbag.py:536} INFO - Filling up the DagBag from /Users/az/anaconda3/envs/python38/lib/python3.8/site-packages/airflow/example_dags/example_time_delta_sensor_async.py
[2023-11-08T18:41:36.664-0500] {processor.py:839} INFO - DAG(s) dict_keys(['example_time_delta_sensor_async']) retrieved from /Users/az/anaconda3/envs/python38/lib/python3.8/site-packages/airflow/example_dags/example_time_delta_sensor_async.py
[2023-11-08T18:41:36.777-0500] {logging_mixin.py:154} INFO - [2023-11-08T18:41:36.777-0500] {dag.py:2941} INFO - Sync 1 DAGs
[2023-11-08T18:41:36.782-0500] {logging_mixin.py:154} INFO - [2023-11-08T18:41:36.782-0500] {dag.py:3722} INFO - Setting next_dagrun for example_time_delta_sensor_async to None, run_after=None
[2023-11-08T18:41:36.792-0500] {processor.py:179} INFO - Processing /Users/az/anaconda3/envs/python38/lib/python3.8/site-packages/airflow/example_dags/example_time_delta_sensor_async.py took 0.147 seconds
[2023-11-08T18:42:36.315-0500] {processor.py:157} INFO - Started process (PID=52146) to work on /Users/az/anaconda3/envs/python38/lib/python3.8/site-packages/airflow/example_dags/example_time_delta_sensor_async.py
[2023-11-08T18:42:36.319-0500] {processor.py:829} INFO - Processing file /Users/az/anaconda3/envs/python38/lib/python3.8/site-packages/airflow/example_dags/example_time_delta_sensor_async.py for tasks to queue
[2023-11-08T18:42:36.320-0500] {logging_mixin.py:154} INFO - [2023-11-08T18:42:36.320-0500] {dagbag.py:536} INFO - Filling up the DagBag from /Users/az/anaconda3/envs/python38/lib/python3.8/site-packages/airflow/example_dags/example_time_delta_sensor_async.py
[2023-11-08T18:42:36.335-0500] {processor.py:839} INFO - DAG(s) dict_keys(['example_time_delta_sensor_async']) retrieved from /Users/az/anaconda3/envs/python38/lib/python3.8/site-packages/airflow/example_dags/example_time_delta_sensor_async.py
[2023-11-08T18:42:36.448-0500] {logging_mixin.py:154} INFO - [2023-11-08T18:42:36.448-0500] {dag.py:2941} INFO - Sync 1 DAGs
[2023-11-08T18:42:36.454-0500] {logging_mixin.py:154} INFO - [2023-11-08T18:42:36.454-0500] {dag.py:3722} INFO - Setting next_dagrun for example_time_delta_sensor_async to None, run_after=None
[2023-11-08T18:42:36.464-0500] {processor.py:179} INFO - Processing /Users/az/anaconda3/envs/python38/lib/python3.8/site-packages/airflow/example_dags/example_time_delta_sensor_async.py took 0.149 seconds
[2023-11-08T18:43:37.111-0500] {processor.py:157} INFO - Started process (PID=52221) to work on /Users/az/anaconda3/envs/python38/lib/python3.8/site-packages/airflow/example_dags/example_time_delta_sensor_async.py
[2023-11-08T18:43:37.115-0500] {processor.py:829} INFO - Processing file /Users/az/anaconda3/envs/python38/lib/python3.8/site-packages/airflow/example_dags/example_time_delta_sensor_async.py for tasks to queue
[2023-11-08T18:43:37.115-0500] {logging_mixin.py:154} INFO - [2023-11-08T18:43:37.115-0500] {dagbag.py:536} INFO - Filling up the DagBag from /Users/az/anaconda3/envs/python38/lib/python3.8/site-packages/airflow/example_dags/example_time_delta_sensor_async.py
[2023-11-08T18:43:37.130-0500] {processor.py:839} INFO - DAG(s) dict_keys(['example_time_delta_sensor_async']) retrieved from /Users/az/anaconda3/envs/python38/lib/python3.8/site-packages/airflow/example_dags/example_time_delta_sensor_async.py
[2023-11-08T18:43:37.265-0500] {logging_mixin.py:154} INFO - [2023-11-08T18:43:37.265-0500] {dag.py:2941} INFO - Sync 1 DAGs
[2023-11-08T18:43:37.270-0500] {logging_mixin.py:154} INFO - [2023-11-08T18:43:37.270-0500] {dag.py:3722} INFO - Setting next_dagrun for example_time_delta_sensor_async to None, run_after=None
[2023-11-08T18:43:37.280-0500] {processor.py:179} INFO - Processing /Users/az/anaconda3/envs/python38/lib/python3.8/site-packages/airflow/example_dags/example_time_delta_sensor_async.py took 0.170 seconds
[2023-11-08T18:44:38.298-0500] {processor.py:157} INFO - Started process (PID=52293) to work on /Users/az/anaconda3/envs/python38/lib/python3.8/site-packages/airflow/example_dags/example_time_delta_sensor_async.py
[2023-11-08T18:44:38.303-0500] {processor.py:829} INFO - Processing file /Users/az/anaconda3/envs/python38/lib/python3.8/site-packages/airflow/example_dags/example_time_delta_sensor_async.py for tasks to queue
[2023-11-08T18:44:38.303-0500] {logging_mixin.py:154} INFO - [2023-11-08T18:44:38.303-0500] {dagbag.py:536} INFO - Filling up the DagBag from /Users/az/anaconda3/envs/python38/lib/python3.8/site-packages/airflow/example_dags/example_time_delta_sensor_async.py
[2023-11-08T18:44:38.318-0500] {processor.py:839} INFO - DAG(s) dict_keys(['example_time_delta_sensor_async']) retrieved from /Users/az/anaconda3/envs/python38/lib/python3.8/site-packages/airflow/example_dags/example_time_delta_sensor_async.py
[2023-11-08T18:44:38.430-0500] {logging_mixin.py:154} INFO - [2023-11-08T18:44:38.430-0500] {dag.py:2941} INFO - Sync 1 DAGs
[2023-11-08T18:44:38.435-0500] {logging_mixin.py:154} INFO - [2023-11-08T18:44:38.435-0500] {dag.py:3722} INFO - Setting next_dagrun for example_time_delta_sensor_async to None, run_after=None
[2023-11-08T18:44:38.446-0500] {processor.py:179} INFO - Processing /Users/az/anaconda3/envs/python38/lib/python3.8/site-packages/airflow/example_dags/example_time_delta_sensor_async.py took 0.148 seconds
[2023-11-08T18:45:40.604-0500] {processor.py:157} INFO - Started process (PID=52368) to work on /Users/az/anaconda3/envs/python38/lib/python3.8/site-packages/airflow/example_dags/example_time_delta_sensor_async.py
[2023-11-08T18:45:40.609-0500] {processor.py:829} INFO - Processing file /Users/az/anaconda3/envs/python38/lib/python3.8/site-packages/airflow/example_dags/example_time_delta_sensor_async.py for tasks to queue
[2023-11-08T18:45:40.609-0500] {logging_mixin.py:154} INFO - [2023-11-08T18:45:40.609-0500] {dagbag.py:536} INFO - Filling up the DagBag from /Users/az/anaconda3/envs/python38/lib/python3.8/site-packages/airflow/example_dags/example_time_delta_sensor_async.py
[2023-11-08T18:45:40.624-0500] {processor.py:839} INFO - DAG(s) dict_keys(['example_time_delta_sensor_async']) retrieved from /Users/az/anaconda3/envs/python38/lib/python3.8/site-packages/airflow/example_dags/example_time_delta_sensor_async.py
[2023-11-08T18:45:40.736-0500] {logging_mixin.py:154} INFO - [2023-11-08T18:45:40.736-0500] {dag.py:2941} INFO - Sync 1 DAGs
[2023-11-08T18:45:40.741-0500] {logging_mixin.py:154} INFO - [2023-11-08T18:45:40.741-0500] {dag.py:3722} INFO - Setting next_dagrun for example_time_delta_sensor_async to None, run_after=None
[2023-11-08T18:45:40.751-0500] {processor.py:179} INFO - Processing /Users/az/anaconda3/envs/python38/lib/python3.8/site-packages/airflow/example_dags/example_time_delta_sensor_async.py took 0.148 seconds
[2023-11-08T18:46:43.338-0500] {processor.py:157} INFO - Started process (PID=52464) to work on /Users/az/anaconda3/envs/python38/lib/python3.8/site-packages/airflow/example_dags/example_time_delta_sensor_async.py
[2023-11-08T18:46:43.342-0500] {processor.py:829} INFO - Processing file /Users/az/anaconda3/envs/python38/lib/python3.8/site-packages/airflow/example_dags/example_time_delta_sensor_async.py for tasks to queue
[2023-11-08T18:46:43.342-0500] {logging_mixin.py:154} INFO - [2023-11-08T18:46:43.342-0500] {dagbag.py:536} INFO - Filling up the DagBag from /Users/az/anaconda3/envs/python38/lib/python3.8/site-packages/airflow/example_dags/example_time_delta_sensor_async.py
[2023-11-08T18:46:43.357-0500] {processor.py:839} INFO - DAG(s) dict_keys(['example_time_delta_sensor_async']) retrieved from /Users/az/anaconda3/envs/python38/lib/python3.8/site-packages/airflow/example_dags/example_time_delta_sensor_async.py
[2023-11-08T18:46:43.470-0500] {logging_mixin.py:154} INFO - [2023-11-08T18:46:43.469-0500] {dag.py:2941} INFO - Sync 1 DAGs
[2023-11-08T18:46:43.475-0500] {logging_mixin.py:154} INFO - [2023-11-08T18:46:43.475-0500] {dag.py:3722} INFO - Setting next_dagrun for example_time_delta_sensor_async to None, run_after=None
[2023-11-08T18:46:43.485-0500] {processor.py:179} INFO - Processing /Users/az/anaconda3/envs/python38/lib/python3.8/site-packages/airflow/example_dags/example_time_delta_sensor_async.py took 0.147 seconds
[2023-11-08T18:47:48.097-0500] {processor.py:157} INFO - Started process (PID=52574) to work on /Users/az/anaconda3/envs/python38/lib/python3.8/site-packages/airflow/example_dags/example_time_delta_sensor_async.py
[2023-11-08T18:47:48.101-0500] {processor.py:829} INFO - Processing file /Users/az/anaconda3/envs/python38/lib/python3.8/site-packages/airflow/example_dags/example_time_delta_sensor_async.py for tasks to queue
[2023-11-08T18:47:48.102-0500] {logging_mixin.py:154} INFO - [2023-11-08T18:47:48.102-0500] {dagbag.py:536} INFO - Filling up the DagBag from /Users/az/anaconda3/envs/python38/lib/python3.8/site-packages/airflow/example_dags/example_time_delta_sensor_async.py
[2023-11-08T18:47:48.117-0500] {processor.py:839} INFO - DAG(s) dict_keys(['example_time_delta_sensor_async']) retrieved from /Users/az/anaconda3/envs/python38/lib/python3.8/site-packages/airflow/example_dags/example_time_delta_sensor_async.py
[2023-11-08T18:47:48.230-0500] {logging_mixin.py:154} INFO - [2023-11-08T18:47:48.230-0500] {dag.py:2941} INFO - Sync 1 DAGs
[2023-11-08T18:47:48.235-0500] {logging_mixin.py:154} INFO - [2023-11-08T18:47:48.235-0500] {dag.py:3722} INFO - Setting next_dagrun for example_time_delta_sensor_async to None, run_after=None
[2023-11-08T18:47:48.246-0500] {processor.py:179} INFO - Processing /Users/az/anaconda3/envs/python38/lib/python3.8/site-packages/airflow/example_dags/example_time_delta_sensor_async.py took 0.150 seconds
[2023-11-08T18:48:48.219-0500] {processor.py:157} INFO - Started process (PID=52656) to work on /Users/az/anaconda3/envs/python38/lib/python3.8/site-packages/airflow/example_dags/example_time_delta_sensor_async.py
[2023-11-08T18:48:48.224-0500] {processor.py:829} INFO - Processing file /Users/az/anaconda3/envs/python38/lib/python3.8/site-packages/airflow/example_dags/example_time_delta_sensor_async.py for tasks to queue
[2023-11-08T18:48:48.224-0500] {logging_mixin.py:154} INFO - [2023-11-08T18:48:48.224-0500] {dagbag.py:536} INFO - Filling up the DagBag from /Users/az/anaconda3/envs/python38/lib/python3.8/site-packages/airflow/example_dags/example_time_delta_sensor_async.py
[2023-11-08T18:48:48.239-0500] {processor.py:839} INFO - DAG(s) dict_keys(['example_time_delta_sensor_async']) retrieved from /Users/az/anaconda3/envs/python38/lib/python3.8/site-packages/airflow/example_dags/example_time_delta_sensor_async.py
[2023-11-08T18:48:48.352-0500] {logging_mixin.py:154} INFO - [2023-11-08T18:48:48.351-0500] {dag.py:2941} INFO - Sync 1 DAGs
[2023-11-08T18:48:48.357-0500] {logging_mixin.py:154} INFO - [2023-11-08T18:48:48.357-0500] {dag.py:3722} INFO - Setting next_dagrun for example_time_delta_sensor_async to None, run_after=None
[2023-11-08T18:48:48.367-0500] {processor.py:179} INFO - Processing /Users/az/anaconda3/envs/python38/lib/python3.8/site-packages/airflow/example_dags/example_time_delta_sensor_async.py took 0.148 seconds
[2023-11-08T18:49:46.753-0500] {processor.py:157} INFO - Started process (PID=52725) to work on /Users/az/anaconda3/envs/python38/lib/python3.8/site-packages/airflow/example_dags/example_time_delta_sensor_async.py
[2023-11-08T18:49:46.757-0500] {processor.py:829} INFO - Processing file /Users/az/anaconda3/envs/python38/lib/python3.8/site-packages/airflow/example_dags/example_time_delta_sensor_async.py for tasks to queue
[2023-11-08T18:49:46.758-0500] {logging_mixin.py:154} INFO - [2023-11-08T18:49:46.757-0500] {dagbag.py:536} INFO - Filling up the DagBag from /Users/az/anaconda3/envs/python38/lib/python3.8/site-packages/airflow/example_dags/example_time_delta_sensor_async.py
[2023-11-08T18:49:46.772-0500] {processor.py:839} INFO - DAG(s) dict_keys(['example_time_delta_sensor_async']) retrieved from /Users/az/anaconda3/envs/python38/lib/python3.8/site-packages/airflow/example_dags/example_time_delta_sensor_async.py
[2023-11-08T18:49:46.884-0500] {logging_mixin.py:154} INFO - [2023-11-08T18:49:46.884-0500] {dag.py:2941} INFO - Sync 1 DAGs
[2023-11-08T18:49:46.889-0500] {logging_mixin.py:154} INFO - [2023-11-08T18:49:46.889-0500] {dag.py:3722} INFO - Setting next_dagrun for example_time_delta_sensor_async to None, run_after=None
[2023-11-08T18:49:46.900-0500] {processor.py:179} INFO - Processing /Users/az/anaconda3/envs/python38/lib/python3.8/site-packages/airflow/example_dags/example_time_delta_sensor_async.py took 0.147 seconds
[2023-11-08T18:50:47.048-0500] {processor.py:157} INFO - Started process (PID=52807) to work on /Users/az/anaconda3/envs/python38/lib/python3.8/site-packages/airflow/example_dags/example_time_delta_sensor_async.py
[2023-11-08T18:50:47.053-0500] {processor.py:829} INFO - Processing file /Users/az/anaconda3/envs/python38/lib/python3.8/site-packages/airflow/example_dags/example_time_delta_sensor_async.py for tasks to queue
[2023-11-08T18:50:47.053-0500] {logging_mixin.py:154} INFO - [2023-11-08T18:50:47.053-0500] {dagbag.py:536} INFO - Filling up the DagBag from /Users/az/anaconda3/envs/python38/lib/python3.8/site-packages/airflow/example_dags/example_time_delta_sensor_async.py
[2023-11-08T18:50:47.068-0500] {processor.py:839} INFO - DAG(s) dict_keys(['example_time_delta_sensor_async']) retrieved from /Users/az/anaconda3/envs/python38/lib/python3.8/site-packages/airflow/example_dags/example_time_delta_sensor_async.py
[2023-11-08T18:50:47.181-0500] {logging_mixin.py:154} INFO - [2023-11-08T18:50:47.181-0500] {dag.py:2941} INFO - Sync 1 DAGs
[2023-11-08T18:50:47.186-0500] {logging_mixin.py:154} INFO - [2023-11-08T18:50:47.186-0500] {dag.py:3722} INFO - Setting next_dagrun for example_time_delta_sensor_async to None, run_after=None
[2023-11-08T18:50:47.196-0500] {processor.py:179} INFO - Processing /Users/az/anaconda3/envs/python38/lib/python3.8/site-packages/airflow/example_dags/example_time_delta_sensor_async.py took 0.149 seconds
[2023-11-08T18:51:48.660-0500] {processor.py:157} INFO - Started process (PID=52883) to work on /Users/az/anaconda3/envs/python38/lib/python3.8/site-packages/airflow/example_dags/example_time_delta_sensor_async.py
[2023-11-08T18:51:48.665-0500] {processor.py:829} INFO - Processing file /Users/az/anaconda3/envs/python38/lib/python3.8/site-packages/airflow/example_dags/example_time_delta_sensor_async.py for tasks to queue
[2023-11-08T18:51:48.665-0500] {logging_mixin.py:154} INFO - [2023-11-08T18:51:48.665-0500] {dagbag.py:536} INFO - Filling up the DagBag from /Users/az/anaconda3/envs/python38/lib/python3.8/site-packages/airflow/example_dags/example_time_delta_sensor_async.py
[2023-11-08T18:51:48.680-0500] {processor.py:839} INFO - DAG(s) dict_keys(['example_time_delta_sensor_async']) retrieved from /Users/az/anaconda3/envs/python38/lib/python3.8/site-packages/airflow/example_dags/example_time_delta_sensor_async.py
[2023-11-08T18:51:48.792-0500] {logging_mixin.py:154} INFO - [2023-11-08T18:51:48.792-0500] {dag.py:2941} INFO - Sync 1 DAGs
[2023-11-08T18:51:48.797-0500] {logging_mixin.py:154} INFO - [2023-11-08T18:51:48.797-0500] {dag.py:3722} INFO - Setting next_dagrun for example_time_delta_sensor_async to None, run_after=None
[2023-11-08T18:51:48.808-0500] {processor.py:179} INFO - Processing /Users/az/anaconda3/envs/python38/lib/python3.8/site-packages/airflow/example_dags/example_time_delta_sensor_async.py took 0.148 seconds
[2023-11-08T18:52:49.363-0500] {processor.py:157} INFO - Started process (PID=52956) to work on /Users/az/anaconda3/envs/python38/lib/python3.8/site-packages/airflow/example_dags/example_time_delta_sensor_async.py
[2023-11-08T18:52:49.368-0500] {processor.py:829} INFO - Processing file /Users/az/anaconda3/envs/python38/lib/python3.8/site-packages/airflow/example_dags/example_time_delta_sensor_async.py for tasks to queue
[2023-11-08T18:52:49.368-0500] {logging_mixin.py:154} INFO - [2023-11-08T18:52:49.368-0500] {dagbag.py:536} INFO - Filling up the DagBag from /Users/az/anaconda3/envs/python38/lib/python3.8/site-packages/airflow/example_dags/example_time_delta_sensor_async.py
[2023-11-08T18:52:49.383-0500] {processor.py:839} INFO - DAG(s) dict_keys(['example_time_delta_sensor_async']) retrieved from /Users/az/anaconda3/envs/python38/lib/python3.8/site-packages/airflow/example_dags/example_time_delta_sensor_async.py
[2023-11-08T18:52:49.496-0500] {logging_mixin.py:154} INFO - [2023-11-08T18:52:49.495-0500] {dag.py:2941} INFO - Sync 1 DAGs
[2023-11-08T18:52:49.501-0500] {logging_mixin.py:154} INFO - [2023-11-08T18:52:49.501-0500] {dag.py:3722} INFO - Setting next_dagrun for example_time_delta_sensor_async to None, run_after=None
[2023-11-08T18:52:49.511-0500] {processor.py:179} INFO - Processing /Users/az/anaconda3/envs/python38/lib/python3.8/site-packages/airflow/example_dags/example_time_delta_sensor_async.py took 0.148 seconds
[2023-11-08T18:53:51.280-0500] {processor.py:157} INFO - Started process (PID=53032) to work on /Users/az/anaconda3/envs/python38/lib/python3.8/site-packages/airflow/example_dags/example_time_delta_sensor_async.py
[2023-11-08T18:53:51.285-0500] {processor.py:829} INFO - Processing file /Users/az/anaconda3/envs/python38/lib/python3.8/site-packages/airflow/example_dags/example_time_delta_sensor_async.py for tasks to queue
[2023-11-08T18:53:51.285-0500] {logging_mixin.py:154} INFO - [2023-11-08T18:53:51.285-0500] {dagbag.py:536} INFO - Filling up the DagBag from /Users/az/anaconda3/envs/python38/lib/python3.8/site-packages/airflow/example_dags/example_time_delta_sensor_async.py
[2023-11-08T18:53:51.300-0500] {processor.py:839} INFO - DAG(s) dict_keys(['example_time_delta_sensor_async']) retrieved from /Users/az/anaconda3/envs/python38/lib/python3.8/site-packages/airflow/example_dags/example_time_delta_sensor_async.py
[2023-11-08T18:53:51.416-0500] {logging_mixin.py:154} INFO - [2023-11-08T18:53:51.415-0500] {dag.py:2941} INFO - Sync 1 DAGs
[2023-11-08T18:53:51.421-0500] {logging_mixin.py:154} INFO - [2023-11-08T18:53:51.421-0500] {dag.py:3722} INFO - Setting next_dagrun for example_time_delta_sensor_async to None, run_after=None
[2023-11-08T18:53:51.431-0500] {processor.py:179} INFO - Processing /Users/az/anaconda3/envs/python38/lib/python3.8/site-packages/airflow/example_dags/example_time_delta_sensor_async.py took 0.152 seconds
[2023-11-08T18:54:52.104-0500] {processor.py:157} INFO - Started process (PID=53119) to work on /Users/az/anaconda3/envs/python38/lib/python3.8/site-packages/airflow/example_dags/example_time_delta_sensor_async.py
[2023-11-08T18:54:52.109-0500] {processor.py:829} INFO - Processing file /Users/az/anaconda3/envs/python38/lib/python3.8/site-packages/airflow/example_dags/example_time_delta_sensor_async.py for tasks to queue
[2023-11-08T18:54:52.109-0500] {logging_mixin.py:154} INFO - [2023-11-08T18:54:52.109-0500] {dagbag.py:536} INFO - Filling up the DagBag from /Users/az/anaconda3/envs/python38/lib/python3.8/site-packages/airflow/example_dags/example_time_delta_sensor_async.py
[2023-11-08T18:54:52.124-0500] {processor.py:839} INFO - DAG(s) dict_keys(['example_time_delta_sensor_async']) retrieved from /Users/az/anaconda3/envs/python38/lib/python3.8/site-packages/airflow/example_dags/example_time_delta_sensor_async.py
[2023-11-08T18:54:52.237-0500] {logging_mixin.py:154} INFO - [2023-11-08T18:54:52.237-0500] {dag.py:2941} INFO - Sync 1 DAGs
[2023-11-08T18:54:52.242-0500] {logging_mixin.py:154} INFO - [2023-11-08T18:54:52.242-0500] {dag.py:3722} INFO - Setting next_dagrun for example_time_delta_sensor_async to None, run_after=None
[2023-11-08T18:54:52.252-0500] {processor.py:179} INFO - Processing /Users/az/anaconda3/envs/python38/lib/python3.8/site-packages/airflow/example_dags/example_time_delta_sensor_async.py took 0.148 seconds
[2023-11-08T18:55:57.185-0500] {processor.py:157} INFO - Started process (PID=53212) to work on /Users/az/anaconda3/envs/python38/lib/python3.8/site-packages/airflow/example_dags/example_time_delta_sensor_async.py
[2023-11-08T18:55:57.190-0500] {processor.py:829} INFO - Processing file /Users/az/anaconda3/envs/python38/lib/python3.8/site-packages/airflow/example_dags/example_time_delta_sensor_async.py for tasks to queue
[2023-11-08T18:55:57.190-0500] {logging_mixin.py:154} INFO - [2023-11-08T18:55:57.190-0500] {dagbag.py:536} INFO - Filling up the DagBag from /Users/az/anaconda3/envs/python38/lib/python3.8/site-packages/airflow/example_dags/example_time_delta_sensor_async.py
[2023-11-08T18:55:57.205-0500] {processor.py:839} INFO - DAG(s) dict_keys(['example_time_delta_sensor_async']) retrieved from /Users/az/anaconda3/envs/python38/lib/python3.8/site-packages/airflow/example_dags/example_time_delta_sensor_async.py
[2023-11-08T18:55:57.314-0500] {logging_mixin.py:154} INFO - [2023-11-08T18:55:57.314-0500] {dag.py:2941} INFO - Sync 1 DAGs
[2023-11-08T18:55:57.332-0500] {logging_mixin.py:154} INFO - [2023-11-08T18:55:57.332-0500] {dag.py:3722} INFO - Setting next_dagrun for example_time_delta_sensor_async to None, run_after=None
[2023-11-08T18:55:57.342-0500] {processor.py:179} INFO - Processing /Users/az/anaconda3/envs/python38/lib/python3.8/site-packages/airflow/example_dags/example_time_delta_sensor_async.py took 0.157 seconds
[2023-11-08T18:57:01.129-0500] {processor.py:157} INFO - Started process (PID=53296) to work on /Users/az/anaconda3/envs/python38/lib/python3.8/site-packages/airflow/example_dags/example_time_delta_sensor_async.py
[2023-11-08T18:57:01.134-0500] {processor.py:829} INFO - Processing file /Users/az/anaconda3/envs/python38/lib/python3.8/site-packages/airflow/example_dags/example_time_delta_sensor_async.py for tasks to queue
[2023-11-08T18:57:01.134-0500] {logging_mixin.py:154} INFO - [2023-11-08T18:57:01.134-0500] {dagbag.py:536} INFO - Filling up the DagBag from /Users/az/anaconda3/envs/python38/lib/python3.8/site-packages/airflow/example_dags/example_time_delta_sensor_async.py
[2023-11-08T18:57:01.149-0500] {processor.py:839} INFO - DAG(s) dict_keys(['example_time_delta_sensor_async']) retrieved from /Users/az/anaconda3/envs/python38/lib/python3.8/site-packages/airflow/example_dags/example_time_delta_sensor_async.py
[2023-11-08T18:57:01.262-0500] {logging_mixin.py:154} INFO - [2023-11-08T18:57:01.262-0500] {dag.py:2941} INFO - Sync 1 DAGs
[2023-11-08T18:57:01.267-0500] {logging_mixin.py:154} INFO - [2023-11-08T18:57:01.267-0500] {dag.py:3722} INFO - Setting next_dagrun for example_time_delta_sensor_async to None, run_after=None
[2023-11-08T18:57:01.278-0500] {processor.py:179} INFO - Processing /Users/az/anaconda3/envs/python38/lib/python3.8/site-packages/airflow/example_dags/example_time_delta_sensor_async.py took 0.149 seconds
[2023-11-08T18:58:01.826-0500] {processor.py:157} INFO - Started process (PID=53373) to work on /Users/az/anaconda3/envs/python38/lib/python3.8/site-packages/airflow/example_dags/example_time_delta_sensor_async.py
[2023-11-08T18:58:01.830-0500] {processor.py:829} INFO - Processing file /Users/az/anaconda3/envs/python38/lib/python3.8/site-packages/airflow/example_dags/example_time_delta_sensor_async.py for tasks to queue
[2023-11-08T18:58:01.831-0500] {logging_mixin.py:154} INFO - [2023-11-08T18:58:01.831-0500] {dagbag.py:536} INFO - Filling up the DagBag from /Users/az/anaconda3/envs/python38/lib/python3.8/site-packages/airflow/example_dags/example_time_delta_sensor_async.py
[2023-11-08T18:58:01.848-0500] {processor.py:839} INFO - DAG(s) dict_keys(['example_time_delta_sensor_async']) retrieved from /Users/az/anaconda3/envs/python38/lib/python3.8/site-packages/airflow/example_dags/example_time_delta_sensor_async.py
[2023-11-08T18:58:01.962-0500] {logging_mixin.py:154} INFO - [2023-11-08T18:58:01.962-0500] {dag.py:2941} INFO - Sync 1 DAGs
[2023-11-08T18:58:01.967-0500] {logging_mixin.py:154} INFO - [2023-11-08T18:58:01.967-0500] {dag.py:3722} INFO - Setting next_dagrun for example_time_delta_sensor_async to None, run_after=None
[2023-11-08T18:58:01.977-0500] {processor.py:179} INFO - Processing /Users/az/anaconda3/envs/python38/lib/python3.8/site-packages/airflow/example_dags/example_time_delta_sensor_async.py took 0.151 seconds
[2023-11-08T18:59:05.244-0500] {processor.py:157} INFO - Started process (PID=53447) to work on /Users/az/anaconda3/envs/python38/lib/python3.8/site-packages/airflow/example_dags/example_time_delta_sensor_async.py
[2023-11-08T18:59:05.249-0500] {processor.py:829} INFO - Processing file /Users/az/anaconda3/envs/python38/lib/python3.8/site-packages/airflow/example_dags/example_time_delta_sensor_async.py for tasks to queue
[2023-11-08T18:59:05.249-0500] {logging_mixin.py:154} INFO - [2023-11-08T18:59:05.249-0500] {dagbag.py:536} INFO - Filling up the DagBag from /Users/az/anaconda3/envs/python38/lib/python3.8/site-packages/airflow/example_dags/example_time_delta_sensor_async.py
[2023-11-08T18:59:05.264-0500] {processor.py:839} INFO - DAG(s) dict_keys(['example_time_delta_sensor_async']) retrieved from /Users/az/anaconda3/envs/python38/lib/python3.8/site-packages/airflow/example_dags/example_time_delta_sensor_async.py
[2023-11-08T18:59:05.377-0500] {logging_mixin.py:154} INFO - [2023-11-08T18:59:05.377-0500] {dag.py:2941} INFO - Sync 1 DAGs
[2023-11-08T18:59:05.382-0500] {logging_mixin.py:154} INFO - [2023-11-08T18:59:05.382-0500] {dag.py:3722} INFO - Setting next_dagrun for example_time_delta_sensor_async to None, run_after=None
[2023-11-08T18:59:05.392-0500] {processor.py:179} INFO - Processing /Users/az/anaconda3/envs/python38/lib/python3.8/site-packages/airflow/example_dags/example_time_delta_sensor_async.py took 0.149 seconds
