[2023-11-08T17:47:36.266-0500] {processor.py:157} INFO - Started process (PID=48919) to work on /Users/az/anaconda3/envs/python38/lib/python3.8/site-packages/airflow/example_dags/example_short_circuit_decorator.py
[2023-11-08T17:47:36.270-0500] {processor.py:829} INFO - Processing file /Users/az/anaconda3/envs/python38/lib/python3.8/site-packages/airflow/example_dags/example_short_circuit_decorator.py for tasks to queue
[2023-11-08T17:47:36.270-0500] {logging_mixin.py:154} INFO - [2023-11-08T17:47:36.270-0500] {dagbag.py:536} INFO - Filling up the DagBag from /Users/az/anaconda3/envs/python38/lib/python3.8/site-packages/airflow/example_dags/example_short_circuit_decorator.py
[2023-11-08T17:47:36.305-0500] {processor.py:839} INFO - DAG(s) dict_keys(['example_short_circuit_decorator']) retrieved from /Users/az/anaconda3/envs/python38/lib/python3.8/site-packages/airflow/example_dags/example_short_circuit_decorator.py
[2023-11-08T17:47:36.659-0500] {logging_mixin.py:154} INFO - [2023-11-08T17:47:36.659-0500] {manager.py:499} INFO - Created Permission View: %s
[2023-11-08T17:47:36.664-0500] {logging_mixin.py:154} INFO - [2023-11-08T17:47:36.664-0500] {manager.py:499} INFO - Created Permission View: %s
[2023-11-08T17:47:36.667-0500] {logging_mixin.py:154} INFO - [2023-11-08T17:47:36.667-0500] {manager.py:499} INFO - Created Permission View: %s
[2023-11-08T17:47:36.668-0500] {logging_mixin.py:154} INFO - [2023-11-08T17:47:36.667-0500] {dag.py:2941} INFO - Sync 1 DAGs
[2023-11-08T17:47:36.673-0500] {logging_mixin.py:154} INFO - [2023-11-08T17:47:36.673-0500] {dag.py:2963} INFO - Creating ORM DAG for example_short_circuit_decorator
[2023-11-08T17:47:36.678-0500] {logging_mixin.py:154} INFO - [2023-11-08T17:47:36.678-0500] {dag.py:3722} INFO - Setting next_dagrun for example_short_circuit_decorator to 2023-11-07T22:47:36.678672+00:00, run_after=2023-11-08T22:47:36.678672+00:00
[2023-11-08T17:47:36.688-0500] {processor.py:179} INFO - Processing /Users/az/anaconda3/envs/python38/lib/python3.8/site-packages/airflow/example_dags/example_short_circuit_decorator.py took 0.423 seconds
[2023-11-08T17:49:11.235-0500] {processor.py:157} INFO - Started process (PID=49053) to work on /Users/az/anaconda3/envs/python38/lib/python3.8/site-packages/airflow/example_dags/example_short_circuit_decorator.py
[2023-11-08T17:49:11.240-0500] {processor.py:829} INFO - Processing file /Users/az/anaconda3/envs/python38/lib/python3.8/site-packages/airflow/example_dags/example_short_circuit_decorator.py for tasks to queue
[2023-11-08T17:49:11.240-0500] {logging_mixin.py:154} INFO - [2023-11-08T17:49:11.240-0500] {dagbag.py:536} INFO - Filling up the DagBag from /Users/az/anaconda3/envs/python38/lib/python3.8/site-packages/airflow/example_dags/example_short_circuit_decorator.py
[2023-11-08T17:49:11.274-0500] {processor.py:839} INFO - DAG(s) dict_keys(['example_short_circuit_decorator']) retrieved from /Users/az/anaconda3/envs/python38/lib/python3.8/site-packages/airflow/example_dags/example_short_circuit_decorator.py
[2023-11-08T17:49:11.379-0500] {logging_mixin.py:154} INFO - [2023-11-08T17:49:11.379-0500] {dag.py:2941} INFO - Sync 1 DAGs
[2023-11-08T17:49:11.389-0500] {logging_mixin.py:154} INFO - [2023-11-08T17:49:11.389-0500] {dag.py:3722} INFO - Setting next_dagrun for example_short_circuit_decorator to 2023-11-07T22:49:11.389380+00:00, run_after=2023-11-08T22:49:11.389380+00:00
[2023-11-08T17:49:11.399-0500] {processor.py:179} INFO - Processing /Users/az/anaconda3/envs/python38/lib/python3.8/site-packages/airflow/example_dags/example_short_circuit_decorator.py took 0.165 seconds
[2023-11-08T17:51:11.978-0500] {processor.py:157} INFO - Started process (PID=49252) to work on /Users/az/anaconda3/envs/python38/lib/python3.8/site-packages/airflow/example_dags/example_short_circuit_decorator.py
[2023-11-08T17:51:11.982-0500] {processor.py:829} INFO - Processing file /Users/az/anaconda3/envs/python38/lib/python3.8/site-packages/airflow/example_dags/example_short_circuit_decorator.py for tasks to queue
[2023-11-08T17:51:11.982-0500] {logging_mixin.py:154} INFO - [2023-11-08T17:51:11.982-0500] {dagbag.py:536} INFO - Filling up the DagBag from /Users/az/anaconda3/envs/python38/lib/python3.8/site-packages/airflow/example_dags/example_short_circuit_decorator.py
[2023-11-08T17:51:12.016-0500] {processor.py:839} INFO - DAG(s) dict_keys(['example_short_circuit_decorator']) retrieved from /Users/az/anaconda3/envs/python38/lib/python3.8/site-packages/airflow/example_dags/example_short_circuit_decorator.py
[2023-11-08T17:51:12.119-0500] {logging_mixin.py:154} INFO - [2023-11-08T17:51:12.118-0500] {dag.py:2941} INFO - Sync 1 DAGs
[2023-11-08T17:51:12.128-0500] {logging_mixin.py:154} INFO - [2023-11-08T17:51:12.128-0500] {dag.py:3722} INFO - Setting next_dagrun for example_short_circuit_decorator to 2023-11-07T22:51:12.128526+00:00, run_after=2023-11-08T22:51:12.128526+00:00
[2023-11-08T17:51:12.138-0500] {processor.py:179} INFO - Processing /Users/az/anaconda3/envs/python38/lib/python3.8/site-packages/airflow/example_dags/example_short_circuit_decorator.py took 0.160 seconds
[2023-11-08T17:53:05.008-0500] {processor.py:157} INFO - Started process (PID=49399) to work on /Users/az/anaconda3/envs/python38/lib/python3.8/site-packages/airflow/example_dags/example_short_circuit_decorator.py
[2023-11-08T17:53:05.013-0500] {processor.py:829} INFO - Processing file /Users/az/anaconda3/envs/python38/lib/python3.8/site-packages/airflow/example_dags/example_short_circuit_decorator.py for tasks to queue
[2023-11-08T17:53:05.013-0500] {logging_mixin.py:154} INFO - [2023-11-08T17:53:05.013-0500] {dagbag.py:536} INFO - Filling up the DagBag from /Users/az/anaconda3/envs/python38/lib/python3.8/site-packages/airflow/example_dags/example_short_circuit_decorator.py
[2023-11-08T17:53:05.047-0500] {processor.py:839} INFO - DAG(s) dict_keys(['example_short_circuit_decorator']) retrieved from /Users/az/anaconda3/envs/python38/lib/python3.8/site-packages/airflow/example_dags/example_short_circuit_decorator.py
[2023-11-08T17:53:05.150-0500] {logging_mixin.py:154} INFO - [2023-11-08T17:53:05.150-0500] {dag.py:2941} INFO - Sync 1 DAGs
[2023-11-08T17:53:05.160-0500] {logging_mixin.py:154} INFO - [2023-11-08T17:53:05.160-0500] {dag.py:3722} INFO - Setting next_dagrun for example_short_circuit_decorator to 2023-11-07T22:53:05.160404+00:00, run_after=2023-11-08T22:53:05.160404+00:00
[2023-11-08T17:53:05.170-0500] {processor.py:179} INFO - Processing /Users/az/anaconda3/envs/python38/lib/python3.8/site-packages/airflow/example_dags/example_short_circuit_decorator.py took 0.162 seconds
[2023-11-08T17:55:01.967-0500] {processor.py:157} INFO - Started process (PID=49544) to work on /Users/az/anaconda3/envs/python38/lib/python3.8/site-packages/airflow/example_dags/example_short_circuit_decorator.py
[2023-11-08T17:55:01.971-0500] {processor.py:829} INFO - Processing file /Users/az/anaconda3/envs/python38/lib/python3.8/site-packages/airflow/example_dags/example_short_circuit_decorator.py for tasks to queue
[2023-11-08T17:55:01.972-0500] {logging_mixin.py:154} INFO - [2023-11-08T17:55:01.972-0500] {dagbag.py:536} INFO - Filling up the DagBag from /Users/az/anaconda3/envs/python38/lib/python3.8/site-packages/airflow/example_dags/example_short_circuit_decorator.py
[2023-11-08T17:55:02.005-0500] {processor.py:839} INFO - DAG(s) dict_keys(['example_short_circuit_decorator']) retrieved from /Users/az/anaconda3/envs/python38/lib/python3.8/site-packages/airflow/example_dags/example_short_circuit_decorator.py
[2023-11-08T17:55:02.108-0500] {logging_mixin.py:154} INFO - [2023-11-08T17:55:02.108-0500] {dag.py:2941} INFO - Sync 1 DAGs
[2023-11-08T17:55:02.118-0500] {logging_mixin.py:154} INFO - [2023-11-08T17:55:02.118-0500] {dag.py:3722} INFO - Setting next_dagrun for example_short_circuit_decorator to 2023-11-07T22:55:02.117960+00:00, run_after=2023-11-08T22:55:02.117960+00:00
[2023-11-08T17:55:02.128-0500] {processor.py:179} INFO - Processing /Users/az/anaconda3/envs/python38/lib/python3.8/site-packages/airflow/example_dags/example_short_circuit_decorator.py took 0.161 seconds
[2023-11-08T17:57:01.993-0500] {processor.py:157} INFO - Started process (PID=49695) to work on /Users/az/anaconda3/envs/python38/lib/python3.8/site-packages/airflow/example_dags/example_short_circuit_decorator.py
[2023-11-08T17:57:01.998-0500] {processor.py:829} INFO - Processing file /Users/az/anaconda3/envs/python38/lib/python3.8/site-packages/airflow/example_dags/example_short_circuit_decorator.py for tasks to queue
[2023-11-08T17:57:01.998-0500] {logging_mixin.py:154} INFO - [2023-11-08T17:57:01.998-0500] {dagbag.py:536} INFO - Filling up the DagBag from /Users/az/anaconda3/envs/python38/lib/python3.8/site-packages/airflow/example_dags/example_short_circuit_decorator.py
[2023-11-08T17:57:02.032-0500] {processor.py:839} INFO - DAG(s) dict_keys(['example_short_circuit_decorator']) retrieved from /Users/az/anaconda3/envs/python38/lib/python3.8/site-packages/airflow/example_dags/example_short_circuit_decorator.py
[2023-11-08T17:57:02.137-0500] {logging_mixin.py:154} INFO - [2023-11-08T17:57:02.137-0500] {dag.py:2941} INFO - Sync 1 DAGs
[2023-11-08T17:57:02.148-0500] {logging_mixin.py:154} INFO - [2023-11-08T17:57:02.148-0500] {dag.py:3722} INFO - Setting next_dagrun for example_short_circuit_decorator to 2023-11-07T22:57:02.148074+00:00, run_after=2023-11-08T22:57:02.148074+00:00
[2023-11-08T17:57:02.158-0500] {processor.py:179} INFO - Processing /Users/az/anaconda3/envs/python38/lib/python3.8/site-packages/airflow/example_dags/example_short_circuit_decorator.py took 0.166 seconds
[2023-11-08T17:59:04.368-0500] {processor.py:157} INFO - Started process (PID=49861) to work on /Users/az/anaconda3/envs/python38/lib/python3.8/site-packages/airflow/example_dags/example_short_circuit_decorator.py
[2023-11-08T17:59:04.373-0500] {processor.py:829} INFO - Processing file /Users/az/anaconda3/envs/python38/lib/python3.8/site-packages/airflow/example_dags/example_short_circuit_decorator.py for tasks to queue
[2023-11-08T17:59:04.373-0500] {logging_mixin.py:154} INFO - [2023-11-08T17:59:04.373-0500] {dagbag.py:536} INFO - Filling up the DagBag from /Users/az/anaconda3/envs/python38/lib/python3.8/site-packages/airflow/example_dags/example_short_circuit_decorator.py
[2023-11-08T17:59:04.406-0500] {processor.py:839} INFO - DAG(s) dict_keys(['example_short_circuit_decorator']) retrieved from /Users/az/anaconda3/envs/python38/lib/python3.8/site-packages/airflow/example_dags/example_short_circuit_decorator.py
[2023-11-08T17:59:04.510-0500] {logging_mixin.py:154} INFO - [2023-11-08T17:59:04.510-0500] {dag.py:2941} INFO - Sync 1 DAGs
[2023-11-08T17:59:04.520-0500] {logging_mixin.py:154} INFO - [2023-11-08T17:59:04.519-0500] {dag.py:3722} INFO - Setting next_dagrun for example_short_circuit_decorator to 2023-11-07T22:59:04.519826+00:00, run_after=2023-11-08T22:59:04.519826+00:00
[2023-11-08T17:59:04.530-0500] {processor.py:179} INFO - Processing /Users/az/anaconda3/envs/python38/lib/python3.8/site-packages/airflow/example_dags/example_short_circuit_decorator.py took 0.162 seconds
[2023-11-08T18:01:04.867-0500] {processor.py:157} INFO - Started process (PID=50015) to work on /Users/az/anaconda3/envs/python38/lib/python3.8/site-packages/airflow/example_dags/example_short_circuit_decorator.py
[2023-11-08T18:01:04.871-0500] {processor.py:829} INFO - Processing file /Users/az/anaconda3/envs/python38/lib/python3.8/site-packages/airflow/example_dags/example_short_circuit_decorator.py for tasks to queue
[2023-11-08T18:01:04.871-0500] {logging_mixin.py:154} INFO - [2023-11-08T18:01:04.871-0500] {dagbag.py:536} INFO - Filling up the DagBag from /Users/az/anaconda3/envs/python38/lib/python3.8/site-packages/airflow/example_dags/example_short_circuit_decorator.py
[2023-11-08T18:01:04.904-0500] {processor.py:839} INFO - DAG(s) dict_keys(['example_short_circuit_decorator']) retrieved from /Users/az/anaconda3/envs/python38/lib/python3.8/site-packages/airflow/example_dags/example_short_circuit_decorator.py
[2023-11-08T18:01:05.010-0500] {logging_mixin.py:154} INFO - [2023-11-08T18:01:05.009-0500] {dag.py:2941} INFO - Sync 1 DAGs
[2023-11-08T18:01:05.019-0500] {logging_mixin.py:154} INFO - [2023-11-08T18:01:05.019-0500] {dag.py:3722} INFO - Setting next_dagrun for example_short_circuit_decorator to 2023-11-07T23:01:05.019547+00:00, run_after=2023-11-08T23:01:05.019547+00:00
[2023-11-08T18:01:05.030-0500] {processor.py:179} INFO - Processing /Users/az/anaconda3/envs/python38/lib/python3.8/site-packages/airflow/example_dags/example_short_circuit_decorator.py took 0.164 seconds
[2023-11-08T18:03:02.123-0500] {processor.py:157} INFO - Started process (PID=50218) to work on /Users/az/anaconda3/envs/python38/lib/python3.8/site-packages/airflow/example_dags/example_short_circuit_decorator.py
[2023-11-08T18:03:02.127-0500] {processor.py:829} INFO - Processing file /Users/az/anaconda3/envs/python38/lib/python3.8/site-packages/airflow/example_dags/example_short_circuit_decorator.py for tasks to queue
[2023-11-08T18:03:02.128-0500] {logging_mixin.py:154} INFO - [2023-11-08T18:03:02.128-0500] {dagbag.py:536} INFO - Filling up the DagBag from /Users/az/anaconda3/envs/python38/lib/python3.8/site-packages/airflow/example_dags/example_short_circuit_decorator.py
[2023-11-08T18:03:02.161-0500] {processor.py:839} INFO - DAG(s) dict_keys(['example_short_circuit_decorator']) retrieved from /Users/az/anaconda3/envs/python38/lib/python3.8/site-packages/airflow/example_dags/example_short_circuit_decorator.py
[2023-11-08T18:03:02.264-0500] {logging_mixin.py:154} INFO - [2023-11-08T18:03:02.264-0500] {dag.py:2941} INFO - Sync 1 DAGs
[2023-11-08T18:03:02.274-0500] {logging_mixin.py:154} INFO - [2023-11-08T18:03:02.274-0500] {dag.py:3722} INFO - Setting next_dagrun for example_short_circuit_decorator to 2023-11-07T23:03:02.274531+00:00, run_after=2023-11-08T23:03:02.274531+00:00
[2023-11-08T18:03:02.284-0500] {processor.py:179} INFO - Processing /Users/az/anaconda3/envs/python38/lib/python3.8/site-packages/airflow/example_dags/example_short_circuit_decorator.py took 0.162 seconds
[2023-11-08T18:04:58.966-0500] {processor.py:157} INFO - Started process (PID=50506) to work on /Users/az/anaconda3/envs/python38/lib/python3.8/site-packages/airflow/example_dags/example_short_circuit_decorator.py
[2023-11-08T18:04:58.970-0500] {processor.py:829} INFO - Processing file /Users/az/anaconda3/envs/python38/lib/python3.8/site-packages/airflow/example_dags/example_short_circuit_decorator.py for tasks to queue
[2023-11-08T18:04:58.970-0500] {logging_mixin.py:154} INFO - [2023-11-08T18:04:58.970-0500] {dagbag.py:536} INFO - Filling up the DagBag from /Users/az/anaconda3/envs/python38/lib/python3.8/site-packages/airflow/example_dags/example_short_circuit_decorator.py
[2023-11-08T18:04:59.004-0500] {processor.py:839} INFO - DAG(s) dict_keys(['example_short_circuit_decorator']) retrieved from /Users/az/anaconda3/envs/python38/lib/python3.8/site-packages/airflow/example_dags/example_short_circuit_decorator.py
[2023-11-08T18:04:59.107-0500] {logging_mixin.py:154} INFO - [2023-11-08T18:04:59.106-0500] {dag.py:2941} INFO - Sync 1 DAGs
[2023-11-08T18:04:59.116-0500] {logging_mixin.py:154} INFO - [2023-11-08T18:04:59.116-0500] {dag.py:3722} INFO - Setting next_dagrun for example_short_circuit_decorator to 2023-11-07T23:04:59.116421+00:00, run_after=2023-11-08T23:04:59.116421+00:00
[2023-11-08T18:04:59.126-0500] {processor.py:179} INFO - Processing /Users/az/anaconda3/envs/python38/lib/python3.8/site-packages/airflow/example_dags/example_short_circuit_decorator.py took 0.161 seconds
[2023-11-08T18:06:54.175-0500] {processor.py:157} INFO - Started process (PID=50668) to work on /Users/az/anaconda3/envs/python38/lib/python3.8/site-packages/airflow/example_dags/example_short_circuit_decorator.py
[2023-11-08T18:06:54.180-0500] {processor.py:829} INFO - Processing file /Users/az/anaconda3/envs/python38/lib/python3.8/site-packages/airflow/example_dags/example_short_circuit_decorator.py for tasks to queue
[2023-11-08T18:06:54.180-0500] {logging_mixin.py:154} INFO - [2023-11-08T18:06:54.180-0500] {dagbag.py:536} INFO - Filling up the DagBag from /Users/az/anaconda3/envs/python38/lib/python3.8/site-packages/airflow/example_dags/example_short_circuit_decorator.py
[2023-11-08T18:06:54.213-0500] {processor.py:839} INFO - DAG(s) dict_keys(['example_short_circuit_decorator']) retrieved from /Users/az/anaconda3/envs/python38/lib/python3.8/site-packages/airflow/example_dags/example_short_circuit_decorator.py
[2023-11-08T18:06:54.318-0500] {logging_mixin.py:154} INFO - [2023-11-08T18:06:54.318-0500] {dag.py:2941} INFO - Sync 1 DAGs
[2023-11-08T18:06:54.328-0500] {logging_mixin.py:154} INFO - [2023-11-08T18:06:54.328-0500] {dag.py:3722} INFO - Setting next_dagrun for example_short_circuit_decorator to 2023-11-07T23:06:54.328184+00:00, run_after=2023-11-08T23:06:54.328184+00:00
[2023-11-08T18:06:54.338-0500] {processor.py:179} INFO - Processing /Users/az/anaconda3/envs/python38/lib/python3.8/site-packages/airflow/example_dags/example_short_circuit_decorator.py took 0.163 seconds
[2023-11-08T18:08:49.164-0500] {processor.py:157} INFO - Started process (PID=50833) to work on /Users/az/anaconda3/envs/python38/lib/python3.8/site-packages/airflow/example_dags/example_short_circuit_decorator.py
[2023-11-08T18:08:49.168-0500] {processor.py:829} INFO - Processing file /Users/az/anaconda3/envs/python38/lib/python3.8/site-packages/airflow/example_dags/example_short_circuit_decorator.py for tasks to queue
[2023-11-08T18:08:49.168-0500] {logging_mixin.py:154} INFO - [2023-11-08T18:08:49.168-0500] {dagbag.py:536} INFO - Filling up the DagBag from /Users/az/anaconda3/envs/python38/lib/python3.8/site-packages/airflow/example_dags/example_short_circuit_decorator.py
[2023-11-08T18:08:49.201-0500] {processor.py:839} INFO - DAG(s) dict_keys(['example_short_circuit_decorator']) retrieved from /Users/az/anaconda3/envs/python38/lib/python3.8/site-packages/airflow/example_dags/example_short_circuit_decorator.py
[2023-11-08T18:08:49.303-0500] {logging_mixin.py:154} INFO - [2023-11-08T18:08:49.303-0500] {dag.py:2941} INFO - Sync 1 DAGs
[2023-11-08T18:08:49.313-0500] {logging_mixin.py:154} INFO - [2023-11-08T18:08:49.313-0500] {dag.py:3722} INFO - Setting next_dagrun for example_short_circuit_decorator to 2023-11-07T23:08:49.313247+00:00, run_after=2023-11-08T23:08:49.313247+00:00
[2023-11-08T18:08:49.323-0500] {processor.py:179} INFO - Processing /Users/az/anaconda3/envs/python38/lib/python3.8/site-packages/airflow/example_dags/example_short_circuit_decorator.py took 0.159 seconds
[2023-11-08T18:10:48.960-0500] {processor.py:157} INFO - Started process (PID=50988) to work on /Users/az/anaconda3/envs/python38/lib/python3.8/site-packages/airflow/example_dags/example_short_circuit_decorator.py
[2023-11-08T18:10:48.964-0500] {processor.py:829} INFO - Processing file /Users/az/anaconda3/envs/python38/lib/python3.8/site-packages/airflow/example_dags/example_short_circuit_decorator.py for tasks to queue
[2023-11-08T18:10:48.964-0500] {logging_mixin.py:154} INFO - [2023-11-08T18:10:48.964-0500] {dagbag.py:536} INFO - Filling up the DagBag from /Users/az/anaconda3/envs/python38/lib/python3.8/site-packages/airflow/example_dags/example_short_circuit_decorator.py
[2023-11-08T18:10:48.998-0500] {processor.py:839} INFO - DAG(s) dict_keys(['example_short_circuit_decorator']) retrieved from /Users/az/anaconda3/envs/python38/lib/python3.8/site-packages/airflow/example_dags/example_short_circuit_decorator.py
[2023-11-08T18:10:49.101-0500] {logging_mixin.py:154} INFO - [2023-11-08T18:10:49.101-0500] {dag.py:2941} INFO - Sync 1 DAGs
[2023-11-08T18:10:49.111-0500] {logging_mixin.py:154} INFO - [2023-11-08T18:10:49.111-0500] {dag.py:3722} INFO - Setting next_dagrun for example_short_circuit_decorator to 2023-11-07T23:10:49.111371+00:00, run_after=2023-11-08T23:10:49.111371+00:00
[2023-11-08T18:10:49.121-0500] {processor.py:179} INFO - Processing /Users/az/anaconda3/envs/python38/lib/python3.8/site-packages/airflow/example_dags/example_short_circuit_decorator.py took 0.161 seconds
[2023-11-08T18:17:49.820-0500] {processor.py:157} INFO - Started process (PID=51167) to work on /Users/az/anaconda3/envs/python38/lib/python3.8/site-packages/airflow/example_dags/example_short_circuit_decorator.py
[2023-11-08T18:17:49.824-0500] {processor.py:829} INFO - Processing file /Users/az/anaconda3/envs/python38/lib/python3.8/site-packages/airflow/example_dags/example_short_circuit_decorator.py for tasks to queue
[2023-11-08T18:17:49.825-0500] {logging_mixin.py:154} INFO - [2023-11-08T18:17:49.825-0500] {dagbag.py:536} INFO - Filling up the DagBag from /Users/az/anaconda3/envs/python38/lib/python3.8/site-packages/airflow/example_dags/example_short_circuit_decorator.py
[2023-11-08T18:17:49.858-0500] {processor.py:839} INFO - DAG(s) dict_keys(['example_short_circuit_decorator']) retrieved from /Users/az/anaconda3/envs/python38/lib/python3.8/site-packages/airflow/example_dags/example_short_circuit_decorator.py
[2023-11-08T18:17:49.960-0500] {logging_mixin.py:154} INFO - [2023-11-08T18:17:49.960-0500] {dag.py:2941} INFO - Sync 1 DAGs
[2023-11-08T18:17:49.970-0500] {logging_mixin.py:154} INFO - [2023-11-08T18:17:49.970-0500] {dag.py:3722} INFO - Setting next_dagrun for example_short_circuit_decorator to 2023-11-07T23:17:49.970388+00:00, run_after=2023-11-08T23:17:49.970388+00:00
[2023-11-08T18:17:49.980-0500] {processor.py:179} INFO - Processing /Users/az/anaconda3/envs/python38/lib/python3.8/site-packages/airflow/example_dags/example_short_circuit_decorator.py took 0.161 seconds
[2023-11-08T18:30:52.672-0500] {processor.py:157} INFO - Started process (PID=51271) to work on /Users/az/anaconda3/envs/python38/lib/python3.8/site-packages/airflow/example_dags/example_short_circuit_decorator.py
[2023-11-08T18:30:52.676-0500] {processor.py:829} INFO - Processing file /Users/az/anaconda3/envs/python38/lib/python3.8/site-packages/airflow/example_dags/example_short_circuit_decorator.py for tasks to queue
[2023-11-08T18:30:52.677-0500] {logging_mixin.py:154} INFO - [2023-11-08T18:30:52.676-0500] {dagbag.py:536} INFO - Filling up the DagBag from /Users/az/anaconda3/envs/python38/lib/python3.8/site-packages/airflow/example_dags/example_short_circuit_decorator.py
[2023-11-08T18:30:52.709-0500] {processor.py:839} INFO - DAG(s) dict_keys(['example_short_circuit_decorator']) retrieved from /Users/az/anaconda3/envs/python38/lib/python3.8/site-packages/airflow/example_dags/example_short_circuit_decorator.py
[2023-11-08T18:30:52.813-0500] {logging_mixin.py:154} INFO - [2023-11-08T18:30:52.813-0500] {dag.py:2941} INFO - Sync 1 DAGs
[2023-11-08T18:30:52.822-0500] {logging_mixin.py:154} INFO - [2023-11-08T18:30:52.822-0500] {dag.py:3722} INFO - Setting next_dagrun for example_short_circuit_decorator to 2023-11-07T23:30:52.822721+00:00, run_after=2023-11-08T23:30:52.822721+00:00
[2023-11-08T18:30:52.832-0500] {processor.py:179} INFO - Processing /Users/az/anaconda3/envs/python38/lib/python3.8/site-packages/airflow/example_dags/example_short_circuit_decorator.py took 0.161 seconds
[2023-11-08T18:32:49.715-0500] {processor.py:157} INFO - Started process (PID=51416) to work on /Users/az/anaconda3/envs/python38/lib/python3.8/site-packages/airflow/example_dags/example_short_circuit_decorator.py
[2023-11-08T18:32:49.719-0500] {processor.py:829} INFO - Processing file /Users/az/anaconda3/envs/python38/lib/python3.8/site-packages/airflow/example_dags/example_short_circuit_decorator.py for tasks to queue
[2023-11-08T18:32:49.719-0500] {logging_mixin.py:154} INFO - [2023-11-08T18:32:49.719-0500] {dagbag.py:536} INFO - Filling up the DagBag from /Users/az/anaconda3/envs/python38/lib/python3.8/site-packages/airflow/example_dags/example_short_circuit_decorator.py
[2023-11-08T18:32:49.752-0500] {processor.py:839} INFO - DAG(s) dict_keys(['example_short_circuit_decorator']) retrieved from /Users/az/anaconda3/envs/python38/lib/python3.8/site-packages/airflow/example_dags/example_short_circuit_decorator.py
[2023-11-08T18:32:49.857-0500] {logging_mixin.py:154} INFO - [2023-11-08T18:32:49.857-0500] {dag.py:2941} INFO - Sync 1 DAGs
[2023-11-08T18:32:49.866-0500] {logging_mixin.py:154} INFO - [2023-11-08T18:32:49.866-0500] {dag.py:3722} INFO - Setting next_dagrun for example_short_circuit_decorator to 2023-11-07T23:32:49.866744+00:00, run_after=2023-11-08T23:32:49.866744+00:00
[2023-11-08T18:32:49.877-0500] {processor.py:179} INFO - Processing /Users/az/anaconda3/envs/python38/lib/python3.8/site-packages/airflow/example_dags/example_short_circuit_decorator.py took 0.162 seconds
[2023-11-08T18:34:54.080-0500] {processor.py:157} INFO - Started process (PID=51574) to work on /Users/az/anaconda3/envs/python38/lib/python3.8/site-packages/airflow/example_dags/example_short_circuit_decorator.py
[2023-11-08T18:34:54.085-0500] {processor.py:829} INFO - Processing file /Users/az/anaconda3/envs/python38/lib/python3.8/site-packages/airflow/example_dags/example_short_circuit_decorator.py for tasks to queue
[2023-11-08T18:34:54.085-0500] {logging_mixin.py:154} INFO - [2023-11-08T18:34:54.085-0500] {dagbag.py:536} INFO - Filling up the DagBag from /Users/az/anaconda3/envs/python38/lib/python3.8/site-packages/airflow/example_dags/example_short_circuit_decorator.py
[2023-11-08T18:34:54.119-0500] {processor.py:839} INFO - DAG(s) dict_keys(['example_short_circuit_decorator']) retrieved from /Users/az/anaconda3/envs/python38/lib/python3.8/site-packages/airflow/example_dags/example_short_circuit_decorator.py
[2023-11-08T18:34:54.222-0500] {logging_mixin.py:154} INFO - [2023-11-08T18:34:54.222-0500] {dag.py:2941} INFO - Sync 1 DAGs
[2023-11-08T18:34:54.232-0500] {logging_mixin.py:154} INFO - [2023-11-08T18:34:54.232-0500] {dag.py:3722} INFO - Setting next_dagrun for example_short_circuit_decorator to 2023-11-07T23:34:54.232148+00:00, run_after=2023-11-08T23:34:54.232148+00:00
[2023-11-08T18:34:54.242-0500] {processor.py:179} INFO - Processing /Users/az/anaconda3/envs/python38/lib/python3.8/site-packages/airflow/example_dags/example_short_circuit_decorator.py took 0.162 seconds
[2023-11-08T18:36:50.871-0500] {processor.py:157} INFO - Started process (PID=51721) to work on /Users/az/anaconda3/envs/python38/lib/python3.8/site-packages/airflow/example_dags/example_short_circuit_decorator.py
[2023-11-08T18:36:50.876-0500] {processor.py:829} INFO - Processing file /Users/az/anaconda3/envs/python38/lib/python3.8/site-packages/airflow/example_dags/example_short_circuit_decorator.py for tasks to queue
[2023-11-08T18:36:50.876-0500] {logging_mixin.py:154} INFO - [2023-11-08T18:36:50.876-0500] {dagbag.py:536} INFO - Filling up the DagBag from /Users/az/anaconda3/envs/python38/lib/python3.8/site-packages/airflow/example_dags/example_short_circuit_decorator.py
[2023-11-08T18:36:50.910-0500] {processor.py:839} INFO - DAG(s) dict_keys(['example_short_circuit_decorator']) retrieved from /Users/az/anaconda3/envs/python38/lib/python3.8/site-packages/airflow/example_dags/example_short_circuit_decorator.py
[2023-11-08T18:36:51.013-0500] {logging_mixin.py:154} INFO - [2023-11-08T18:36:51.013-0500] {dag.py:2941} INFO - Sync 1 DAGs
[2023-11-08T18:36:51.023-0500] {logging_mixin.py:154} INFO - [2023-11-08T18:36:51.023-0500] {dag.py:3722} INFO - Setting next_dagrun for example_short_circuit_decorator to 2023-11-07T23:36:51.023122+00:00, run_after=2023-11-08T23:36:51.023122+00:00
[2023-11-08T18:36:51.033-0500] {processor.py:179} INFO - Processing /Users/az/anaconda3/envs/python38/lib/python3.8/site-packages/airflow/example_dags/example_short_circuit_decorator.py took 0.162 seconds
[2023-11-08T18:38:44.379-0500] {processor.py:157} INFO - Started process (PID=51865) to work on /Users/az/anaconda3/envs/python38/lib/python3.8/site-packages/airflow/example_dags/example_short_circuit_decorator.py
[2023-11-08T18:38:44.384-0500] {processor.py:829} INFO - Processing file /Users/az/anaconda3/envs/python38/lib/python3.8/site-packages/airflow/example_dags/example_short_circuit_decorator.py for tasks to queue
[2023-11-08T18:38:44.384-0500] {logging_mixin.py:154} INFO - [2023-11-08T18:38:44.384-0500] {dagbag.py:536} INFO - Filling up the DagBag from /Users/az/anaconda3/envs/python38/lib/python3.8/site-packages/airflow/example_dags/example_short_circuit_decorator.py
[2023-11-08T18:38:44.417-0500] {processor.py:839} INFO - DAG(s) dict_keys(['example_short_circuit_decorator']) retrieved from /Users/az/anaconda3/envs/python38/lib/python3.8/site-packages/airflow/example_dags/example_short_circuit_decorator.py
[2023-11-08T18:38:44.521-0500] {logging_mixin.py:154} INFO - [2023-11-08T18:38:44.521-0500] {dag.py:2941} INFO - Sync 1 DAGs
[2023-11-08T18:38:44.530-0500] {logging_mixin.py:154} INFO - [2023-11-08T18:38:44.530-0500] {dag.py:3722} INFO - Setting next_dagrun for example_short_circuit_decorator to 2023-11-07T23:38:44.530775+00:00, run_after=2023-11-08T23:38:44.530775+00:00
[2023-11-08T18:38:44.541-0500] {processor.py:179} INFO - Processing /Users/az/anaconda3/envs/python38/lib/python3.8/site-packages/airflow/example_dags/example_short_circuit_decorator.py took 0.162 seconds
[2023-11-08T18:40:49.226-0500] {processor.py:157} INFO - Started process (PID=52011) to work on /Users/az/anaconda3/envs/python38/lib/python3.8/site-packages/airflow/example_dags/example_short_circuit_decorator.py
[2023-11-08T18:40:49.231-0500] {processor.py:829} INFO - Processing file /Users/az/anaconda3/envs/python38/lib/python3.8/site-packages/airflow/example_dags/example_short_circuit_decorator.py for tasks to queue
[2023-11-08T18:40:49.231-0500] {logging_mixin.py:154} INFO - [2023-11-08T18:40:49.231-0500] {dagbag.py:536} INFO - Filling up the DagBag from /Users/az/anaconda3/envs/python38/lib/python3.8/site-packages/airflow/example_dags/example_short_circuit_decorator.py
[2023-11-08T18:40:49.264-0500] {processor.py:839} INFO - DAG(s) dict_keys(['example_short_circuit_decorator']) retrieved from /Users/az/anaconda3/envs/python38/lib/python3.8/site-packages/airflow/example_dags/example_short_circuit_decorator.py
[2023-11-08T18:40:49.368-0500] {logging_mixin.py:154} INFO - [2023-11-08T18:40:49.368-0500] {dag.py:2941} INFO - Sync 1 DAGs
[2023-11-08T18:40:49.378-0500] {logging_mixin.py:154} INFO - [2023-11-08T18:40:49.378-0500] {dag.py:3722} INFO - Setting next_dagrun for example_short_circuit_decorator to 2023-11-07T23:40:49.378451+00:00, run_after=2023-11-08T23:40:49.378451+00:00
[2023-11-08T18:40:49.388-0500] {processor.py:179} INFO - Processing /Users/az/anaconda3/envs/python38/lib/python3.8/site-packages/airflow/example_dags/example_short_circuit_decorator.py took 0.162 seconds
[2023-11-08T18:42:48.288-0500] {processor.py:157} INFO - Started process (PID=52159) to work on /Users/az/anaconda3/envs/python38/lib/python3.8/site-packages/airflow/example_dags/example_short_circuit_decorator.py
[2023-11-08T18:42:48.293-0500] {processor.py:829} INFO - Processing file /Users/az/anaconda3/envs/python38/lib/python3.8/site-packages/airflow/example_dags/example_short_circuit_decorator.py for tasks to queue
[2023-11-08T18:42:48.294-0500] {logging_mixin.py:154} INFO - [2023-11-08T18:42:48.293-0500] {dagbag.py:536} INFO - Filling up the DagBag from /Users/az/anaconda3/envs/python38/lib/python3.8/site-packages/airflow/example_dags/example_short_circuit_decorator.py
[2023-11-08T18:42:48.327-0500] {processor.py:839} INFO - DAG(s) dict_keys(['example_short_circuit_decorator']) retrieved from /Users/az/anaconda3/envs/python38/lib/python3.8/site-packages/airflow/example_dags/example_short_circuit_decorator.py
[2023-11-08T18:42:48.431-0500] {logging_mixin.py:154} INFO - [2023-11-08T18:42:48.431-0500] {dag.py:2941} INFO - Sync 1 DAGs
[2023-11-08T18:42:48.440-0500] {logging_mixin.py:154} INFO - [2023-11-08T18:42:48.440-0500] {dag.py:3722} INFO - Setting next_dagrun for example_short_circuit_decorator to 2023-11-07T23:42:48.440543+00:00, run_after=2023-11-08T23:42:48.440543+00:00
[2023-11-08T18:42:48.450-0500] {processor.py:179} INFO - Processing /Users/az/anaconda3/envs/python38/lib/python3.8/site-packages/airflow/example_dags/example_short_circuit_decorator.py took 0.162 seconds
[2023-11-08T18:44:50.372-0500] {processor.py:157} INFO - Started process (PID=52305) to work on /Users/az/anaconda3/envs/python38/lib/python3.8/site-packages/airflow/example_dags/example_short_circuit_decorator.py
[2023-11-08T18:44:50.377-0500] {processor.py:829} INFO - Processing file /Users/az/anaconda3/envs/python38/lib/python3.8/site-packages/airflow/example_dags/example_short_circuit_decorator.py for tasks to queue
[2023-11-08T18:44:50.377-0500] {logging_mixin.py:154} INFO - [2023-11-08T18:44:50.377-0500] {dagbag.py:536} INFO - Filling up the DagBag from /Users/az/anaconda3/envs/python38/lib/python3.8/site-packages/airflow/example_dags/example_short_circuit_decorator.py
[2023-11-08T18:44:50.410-0500] {processor.py:839} INFO - DAG(s) dict_keys(['example_short_circuit_decorator']) retrieved from /Users/az/anaconda3/envs/python38/lib/python3.8/site-packages/airflow/example_dags/example_short_circuit_decorator.py
[2023-11-08T18:44:50.514-0500] {logging_mixin.py:154} INFO - [2023-11-08T18:44:50.514-0500] {dag.py:2941} INFO - Sync 1 DAGs
[2023-11-08T18:44:50.524-0500] {logging_mixin.py:154} INFO - [2023-11-08T18:44:50.524-0500] {dag.py:3722} INFO - Setting next_dagrun for example_short_circuit_decorator to 2023-11-07T23:44:50.524313+00:00, run_after=2023-11-08T23:44:50.524313+00:00
[2023-11-08T18:44:50.534-0500] {processor.py:179} INFO - Processing /Users/az/anaconda3/envs/python38/lib/python3.8/site-packages/airflow/example_dags/example_short_circuit_decorator.py took 0.163 seconds
[2023-11-08T18:46:55.011-0500] {processor.py:157} INFO - Started process (PID=52481) to work on /Users/az/anaconda3/envs/python38/lib/python3.8/site-packages/airflow/example_dags/example_short_circuit_decorator.py
[2023-11-08T18:46:55.015-0500] {processor.py:829} INFO - Processing file /Users/az/anaconda3/envs/python38/lib/python3.8/site-packages/airflow/example_dags/example_short_circuit_decorator.py for tasks to queue
[2023-11-08T18:46:55.016-0500] {logging_mixin.py:154} INFO - [2023-11-08T18:46:55.016-0500] {dagbag.py:536} INFO - Filling up the DagBag from /Users/az/anaconda3/envs/python38/lib/python3.8/site-packages/airflow/example_dags/example_short_circuit_decorator.py
[2023-11-08T18:46:55.049-0500] {processor.py:839} INFO - DAG(s) dict_keys(['example_short_circuit_decorator']) retrieved from /Users/az/anaconda3/envs/python38/lib/python3.8/site-packages/airflow/example_dags/example_short_circuit_decorator.py
[2023-11-08T18:46:55.153-0500] {logging_mixin.py:154} INFO - [2023-11-08T18:46:55.153-0500] {dag.py:2941} INFO - Sync 1 DAGs
[2023-11-08T18:46:55.163-0500] {logging_mixin.py:154} INFO - [2023-11-08T18:46:55.163-0500] {dag.py:3722} INFO - Setting next_dagrun for example_short_circuit_decorator to 2023-11-07T23:46:55.162999+00:00, run_after=2023-11-08T23:46:55.162999+00:00
[2023-11-08T18:46:55.173-0500] {processor.py:179} INFO - Processing /Users/az/anaconda3/envs/python38/lib/python3.8/site-packages/airflow/example_dags/example_short_circuit_decorator.py took 0.162 seconds
[2023-11-08T18:48:58.307-0500] {processor.py:157} INFO - Started process (PID=52673) to work on /Users/az/anaconda3/envs/python38/lib/python3.8/site-packages/airflow/example_dags/example_short_circuit_decorator.py
[2023-11-08T18:48:58.311-0500] {processor.py:829} INFO - Processing file /Users/az/anaconda3/envs/python38/lib/python3.8/site-packages/airflow/example_dags/example_short_circuit_decorator.py for tasks to queue
[2023-11-08T18:48:58.312-0500] {logging_mixin.py:154} INFO - [2023-11-08T18:48:58.312-0500] {dagbag.py:536} INFO - Filling up the DagBag from /Users/az/anaconda3/envs/python38/lib/python3.8/site-packages/airflow/example_dags/example_short_circuit_decorator.py
[2023-11-08T18:48:58.345-0500] {processor.py:839} INFO - DAG(s) dict_keys(['example_short_circuit_decorator']) retrieved from /Users/az/anaconda3/envs/python38/lib/python3.8/site-packages/airflow/example_dags/example_short_circuit_decorator.py
[2023-11-08T18:48:58.449-0500] {logging_mixin.py:154} INFO - [2023-11-08T18:48:58.449-0500] {dag.py:2941} INFO - Sync 1 DAGs
[2023-11-08T18:48:58.458-0500] {logging_mixin.py:154} INFO - [2023-11-08T18:48:58.458-0500] {dag.py:3722} INFO - Setting next_dagrun for example_short_circuit_decorator to 2023-11-07T23:48:58.458698+00:00, run_after=2023-11-08T23:48:58.458698+00:00
[2023-11-08T18:48:58.468-0500] {processor.py:179} INFO - Processing /Users/az/anaconda3/envs/python38/lib/python3.8/site-packages/airflow/example_dags/example_short_circuit_decorator.py took 0.162 seconds
[2023-11-08T18:50:59.118-0500] {processor.py:157} INFO - Started process (PID=52827) to work on /Users/az/anaconda3/envs/python38/lib/python3.8/site-packages/airflow/example_dags/example_short_circuit_decorator.py
[2023-11-08T18:50:59.122-0500] {processor.py:829} INFO - Processing file /Users/az/anaconda3/envs/python38/lib/python3.8/site-packages/airflow/example_dags/example_short_circuit_decorator.py for tasks to queue
[2023-11-08T18:50:59.122-0500] {logging_mixin.py:154} INFO - [2023-11-08T18:50:59.122-0500] {dagbag.py:536} INFO - Filling up the DagBag from /Users/az/anaconda3/envs/python38/lib/python3.8/site-packages/airflow/example_dags/example_short_circuit_decorator.py
[2023-11-08T18:50:59.157-0500] {processor.py:839} INFO - DAG(s) dict_keys(['example_short_circuit_decorator']) retrieved from /Users/az/anaconda3/envs/python38/lib/python3.8/site-packages/airflow/example_dags/example_short_circuit_decorator.py
[2023-11-08T18:50:59.260-0500] {logging_mixin.py:154} INFO - [2023-11-08T18:50:59.260-0500] {dag.py:2941} INFO - Sync 1 DAGs
[2023-11-08T18:50:59.270-0500] {logging_mixin.py:154} INFO - [2023-11-08T18:50:59.270-0500] {dag.py:3722} INFO - Setting next_dagrun for example_short_circuit_decorator to 2023-11-07T23:50:59.270246+00:00, run_after=2023-11-08T23:50:59.270246+00:00
[2023-11-08T18:50:59.280-0500] {processor.py:179} INFO - Processing /Users/az/anaconda3/envs/python38/lib/python3.8/site-packages/airflow/example_dags/example_short_circuit_decorator.py took 0.163 seconds
[2023-11-08T18:53:01.441-0500] {processor.py:157} INFO - Started process (PID=52975) to work on /Users/az/anaconda3/envs/python38/lib/python3.8/site-packages/airflow/example_dags/example_short_circuit_decorator.py
[2023-11-08T18:53:01.445-0500] {processor.py:829} INFO - Processing file /Users/az/anaconda3/envs/python38/lib/python3.8/site-packages/airflow/example_dags/example_short_circuit_decorator.py for tasks to queue
[2023-11-08T18:53:01.446-0500] {logging_mixin.py:154} INFO - [2023-11-08T18:53:01.446-0500] {dagbag.py:536} INFO - Filling up the DagBag from /Users/az/anaconda3/envs/python38/lib/python3.8/site-packages/airflow/example_dags/example_short_circuit_decorator.py
[2023-11-08T18:53:01.479-0500] {processor.py:839} INFO - DAG(s) dict_keys(['example_short_circuit_decorator']) retrieved from /Users/az/anaconda3/envs/python38/lib/python3.8/site-packages/airflow/example_dags/example_short_circuit_decorator.py
[2023-11-08T18:53:01.582-0500] {logging_mixin.py:154} INFO - [2023-11-08T18:53:01.582-0500] {dag.py:2941} INFO - Sync 1 DAGs
[2023-11-08T18:53:01.591-0500] {logging_mixin.py:154} INFO - [2023-11-08T18:53:01.591-0500] {dag.py:3722} INFO - Setting next_dagrun for example_short_circuit_decorator to 2023-11-07T23:53:01.591607+00:00, run_after=2023-11-08T23:53:01.591607+00:00
[2023-11-08T18:53:01.601-0500] {processor.py:179} INFO - Processing /Users/az/anaconda3/envs/python38/lib/python3.8/site-packages/airflow/example_dags/example_short_circuit_decorator.py took 0.161 seconds
[2023-11-08T18:55:04.550-0500] {processor.py:157} INFO - Started process (PID=53142) to work on /Users/az/anaconda3/envs/python38/lib/python3.8/site-packages/airflow/example_dags/example_short_circuit_decorator.py
[2023-11-08T18:55:04.554-0500] {processor.py:829} INFO - Processing file /Users/az/anaconda3/envs/python38/lib/python3.8/site-packages/airflow/example_dags/example_short_circuit_decorator.py for tasks to queue
[2023-11-08T18:55:04.555-0500] {logging_mixin.py:154} INFO - [2023-11-08T18:55:04.555-0500] {dagbag.py:536} INFO - Filling up the DagBag from /Users/az/anaconda3/envs/python38/lib/python3.8/site-packages/airflow/example_dags/example_short_circuit_decorator.py
[2023-11-08T18:55:04.596-0500] {processor.py:839} INFO - DAG(s) dict_keys(['example_short_circuit_decorator']) retrieved from /Users/az/anaconda3/envs/python38/lib/python3.8/site-packages/airflow/example_dags/example_short_circuit_decorator.py
[2023-11-08T18:55:04.703-0500] {logging_mixin.py:154} INFO - [2023-11-08T18:55:04.703-0500] {dag.py:2941} INFO - Sync 1 DAGs
[2023-11-08T18:55:04.713-0500] {logging_mixin.py:154} INFO - [2023-11-08T18:55:04.713-0500] {dag.py:3722} INFO - Setting next_dagrun for example_short_circuit_decorator to 2023-11-07T23:55:04.712972+00:00, run_after=2023-11-08T23:55:04.712972+00:00
[2023-11-08T18:55:04.723-0500] {processor.py:179} INFO - Processing /Users/az/anaconda3/envs/python38/lib/python3.8/site-packages/airflow/example_dags/example_short_circuit_decorator.py took 0.173 seconds
[2023-11-08T18:57:13.107-0500] {processor.py:157} INFO - Started process (PID=53308) to work on /Users/az/anaconda3/envs/python38/lib/python3.8/site-packages/airflow/example_dags/example_short_circuit_decorator.py
[2023-11-08T18:57:13.112-0500] {processor.py:829} INFO - Processing file /Users/az/anaconda3/envs/python38/lib/python3.8/site-packages/airflow/example_dags/example_short_circuit_decorator.py for tasks to queue
[2023-11-08T18:57:13.112-0500] {logging_mixin.py:154} INFO - [2023-11-08T18:57:13.112-0500] {dagbag.py:536} INFO - Filling up the DagBag from /Users/az/anaconda3/envs/python38/lib/python3.8/site-packages/airflow/example_dags/example_short_circuit_decorator.py
[2023-11-08T18:57:13.146-0500] {processor.py:839} INFO - DAG(s) dict_keys(['example_short_circuit_decorator']) retrieved from /Users/az/anaconda3/envs/python38/lib/python3.8/site-packages/airflow/example_dags/example_short_circuit_decorator.py
[2023-11-08T18:57:13.249-0500] {logging_mixin.py:154} INFO - [2023-11-08T18:57:13.249-0500] {dag.py:2941} INFO - Sync 1 DAGs
[2023-11-08T18:57:13.259-0500] {logging_mixin.py:154} INFO - [2023-11-08T18:57:13.259-0500] {dag.py:3722} INFO - Setting next_dagrun for example_short_circuit_decorator to 2023-11-07T23:57:13.258933+00:00, run_after=2023-11-08T23:57:13.258933+00:00
[2023-11-08T18:57:13.269-0500] {processor.py:179} INFO - Processing /Users/az/anaconda3/envs/python38/lib/python3.8/site-packages/airflow/example_dags/example_short_circuit_decorator.py took 0.162 seconds
[2023-11-08T18:59:19.361-0500] {processor.py:157} INFO - Started process (PID=53463) to work on /Users/az/anaconda3/envs/python38/lib/python3.8/site-packages/airflow/example_dags/example_short_circuit_decorator.py
[2023-11-08T18:59:19.366-0500] {processor.py:829} INFO - Processing file /Users/az/anaconda3/envs/python38/lib/python3.8/site-packages/airflow/example_dags/example_short_circuit_decorator.py for tasks to queue
[2023-11-08T18:59:19.366-0500] {logging_mixin.py:154} INFO - [2023-11-08T18:59:19.366-0500] {dagbag.py:536} INFO - Filling up the DagBag from /Users/az/anaconda3/envs/python38/lib/python3.8/site-packages/airflow/example_dags/example_short_circuit_decorator.py
[2023-11-08T18:59:19.400-0500] {processor.py:839} INFO - DAG(s) dict_keys(['example_short_circuit_decorator']) retrieved from /Users/az/anaconda3/envs/python38/lib/python3.8/site-packages/airflow/example_dags/example_short_circuit_decorator.py
[2023-11-08T18:59:19.503-0500] {logging_mixin.py:154} INFO - [2023-11-08T18:59:19.503-0500] {dag.py:2941} INFO - Sync 1 DAGs
[2023-11-08T18:59:19.513-0500] {logging_mixin.py:154} INFO - [2023-11-08T18:59:19.513-0500] {dag.py:3722} INFO - Setting next_dagrun for example_short_circuit_decorator to 2023-11-07T23:59:19.513069+00:00, run_after=2023-11-08T23:59:19.513069+00:00
[2023-11-08T18:59:19.523-0500] {processor.py:179} INFO - Processing /Users/az/anaconda3/envs/python38/lib/python3.8/site-packages/airflow/example_dags/example_short_circuit_decorator.py took 0.162 seconds
