[2023-11-08T17:48:20.410-0500] {processor.py:157} INFO - Started process (PID=48978) to work on /Users/az/anaconda3/envs/python38/lib/python3.8/site-packages/airflow/example_dags/example_branch_operator_decorator.py
[2023-11-08T17:48:20.414-0500] {processor.py:829} INFO - Processing file /Users/az/anaconda3/envs/python38/lib/python3.8/site-packages/airflow/example_dags/example_branch_operator_decorator.py for tasks to queue
[2023-11-08T17:48:20.415-0500] {logging_mixin.py:154} INFO - [2023-11-08T17:48:20.414-0500] {dagbag.py:536} INFO - Filling up the DagBag from /Users/az/anaconda3/envs/python38/lib/python3.8/site-packages/airflow/example_dags/example_branch_operator_decorator.py
[2023-11-08T17:48:20.449-0500] {processor.py:839} INFO - DAG(s) dict_keys(['example_branch_python_operator_decorator']) retrieved from /Users/az/anaconda3/envs/python38/lib/python3.8/site-packages/airflow/example_dags/example_branch_operator_decorator.py
[2023-11-08T17:48:20.797-0500] {logging_mixin.py:154} INFO - [2023-11-08T17:48:20.797-0500] {manager.py:499} INFO - Created Permission View: %s
[2023-11-08T17:48:20.802-0500] {logging_mixin.py:154} INFO - [2023-11-08T17:48:20.802-0500] {manager.py:499} INFO - Created Permission View: %s
[2023-11-08T17:48:20.805-0500] {logging_mixin.py:154} INFO - [2023-11-08T17:48:20.805-0500] {manager.py:499} INFO - Created Permission View: %s
[2023-11-08T17:48:20.805-0500] {logging_mixin.py:154} INFO - [2023-11-08T17:48:20.805-0500] {dag.py:2941} INFO - Sync 1 DAGs
[2023-11-08T17:48:20.810-0500] {logging_mixin.py:154} INFO - [2023-11-08T17:48:20.810-0500] {dag.py:2963} INFO - Creating ORM DAG for example_branch_python_operator_decorator
[2023-11-08T17:48:20.816-0500] {logging_mixin.py:154} INFO - [2023-11-08T17:48:20.816-0500] {dag.py:3722} INFO - Setting next_dagrun for example_branch_python_operator_decorator to 2023-11-07T00:00:00+00:00, run_after=2023-11-08T00:00:00+00:00
[2023-11-08T17:48:20.826-0500] {processor.py:179} INFO - Processing /Users/az/anaconda3/envs/python38/lib/python3.8/site-packages/airflow/example_dags/example_branch_operator_decorator.py took 0.416 seconds
[2023-11-08T17:50:26.504-0500] {processor.py:157} INFO - Started process (PID=49195) to work on /Users/az/anaconda3/envs/python38/lib/python3.8/site-packages/airflow/example_dags/example_branch_operator_decorator.py
[2023-11-08T17:50:26.509-0500] {processor.py:829} INFO - Processing file /Users/az/anaconda3/envs/python38/lib/python3.8/site-packages/airflow/example_dags/example_branch_operator_decorator.py for tasks to queue
[2023-11-08T17:50:26.509-0500] {logging_mixin.py:154} INFO - [2023-11-08T17:50:26.509-0500] {dagbag.py:536} INFO - Filling up the DagBag from /Users/az/anaconda3/envs/python38/lib/python3.8/site-packages/airflow/example_dags/example_branch_operator_decorator.py
[2023-11-08T17:50:26.543-0500] {processor.py:839} INFO - DAG(s) dict_keys(['example_branch_python_operator_decorator']) retrieved from /Users/az/anaconda3/envs/python38/lib/python3.8/site-packages/airflow/example_dags/example_branch_operator_decorator.py
[2023-11-08T17:50:26.646-0500] {logging_mixin.py:154} INFO - [2023-11-08T17:50:26.646-0500] {dag.py:2941} INFO - Sync 1 DAGs
[2023-11-08T17:50:26.657-0500] {logging_mixin.py:154} INFO - [2023-11-08T17:50:26.657-0500] {dag.py:3722} INFO - Setting next_dagrun for example_branch_python_operator_decorator to 2023-11-07T00:00:00+00:00, run_after=2023-11-08T00:00:00+00:00
[2023-11-08T17:50:26.667-0500] {processor.py:179} INFO - Processing /Users/az/anaconda3/envs/python38/lib/python3.8/site-packages/airflow/example_dags/example_branch_operator_decorator.py took 0.163 seconds
[2023-11-08T17:52:23.227-0500] {processor.py:157} INFO - Started process (PID=49350) to work on /Users/az/anaconda3/envs/python38/lib/python3.8/site-packages/airflow/example_dags/example_branch_operator_decorator.py
[2023-11-08T17:52:23.232-0500] {processor.py:829} INFO - Processing file /Users/az/anaconda3/envs/python38/lib/python3.8/site-packages/airflow/example_dags/example_branch_operator_decorator.py for tasks to queue
[2023-11-08T17:52:23.232-0500] {logging_mixin.py:154} INFO - [2023-11-08T17:52:23.232-0500] {dagbag.py:536} INFO - Filling up the DagBag from /Users/az/anaconda3/envs/python38/lib/python3.8/site-packages/airflow/example_dags/example_branch_operator_decorator.py
[2023-11-08T17:52:23.266-0500] {processor.py:839} INFO - DAG(s) dict_keys(['example_branch_python_operator_decorator']) retrieved from /Users/az/anaconda3/envs/python38/lib/python3.8/site-packages/airflow/example_dags/example_branch_operator_decorator.py
[2023-11-08T17:52:23.369-0500] {logging_mixin.py:154} INFO - [2023-11-08T17:52:23.369-0500] {dag.py:2941} INFO - Sync 1 DAGs
[2023-11-08T17:52:23.380-0500] {logging_mixin.py:154} INFO - [2023-11-08T17:52:23.380-0500] {dag.py:3722} INFO - Setting next_dagrun for example_branch_python_operator_decorator to 2023-11-07T00:00:00+00:00, run_after=2023-11-08T00:00:00+00:00
[2023-11-08T17:52:23.391-0500] {processor.py:179} INFO - Processing /Users/az/anaconda3/envs/python38/lib/python3.8/site-packages/airflow/example_dags/example_branch_operator_decorator.py took 0.164 seconds
[2023-11-08T17:54:15.713-0500] {processor.py:157} INFO - Started process (PID=49492) to work on /Users/az/anaconda3/envs/python38/lib/python3.8/site-packages/airflow/example_dags/example_branch_operator_decorator.py
[2023-11-08T17:54:15.718-0500] {processor.py:829} INFO - Processing file /Users/az/anaconda3/envs/python38/lib/python3.8/site-packages/airflow/example_dags/example_branch_operator_decorator.py for tasks to queue
[2023-11-08T17:54:15.718-0500] {logging_mixin.py:154} INFO - [2023-11-08T17:54:15.718-0500] {dagbag.py:536} INFO - Filling up the DagBag from /Users/az/anaconda3/envs/python38/lib/python3.8/site-packages/airflow/example_dags/example_branch_operator_decorator.py
[2023-11-08T17:54:15.752-0500] {processor.py:839} INFO - DAG(s) dict_keys(['example_branch_python_operator_decorator']) retrieved from /Users/az/anaconda3/envs/python38/lib/python3.8/site-packages/airflow/example_dags/example_branch_operator_decorator.py
[2023-11-08T17:54:15.854-0500] {logging_mixin.py:154} INFO - [2023-11-08T17:54:15.854-0500] {dag.py:2941} INFO - Sync 1 DAGs
[2023-11-08T17:54:15.865-0500] {logging_mixin.py:154} INFO - [2023-11-08T17:54:15.865-0500] {dag.py:3722} INFO - Setting next_dagrun for example_branch_python_operator_decorator to 2023-11-07T00:00:00+00:00, run_after=2023-11-08T00:00:00+00:00
[2023-11-08T17:54:15.875-0500] {processor.py:179} INFO - Processing /Users/az/anaconda3/envs/python38/lib/python3.8/site-packages/airflow/example_dags/example_branch_operator_decorator.py took 0.162 seconds
[2023-11-08T17:56:15.885-0500] {processor.py:157} INFO - Started process (PID=49639) to work on /Users/az/anaconda3/envs/python38/lib/python3.8/site-packages/airflow/example_dags/example_branch_operator_decorator.py
[2023-11-08T17:56:15.890-0500] {processor.py:829} INFO - Processing file /Users/az/anaconda3/envs/python38/lib/python3.8/site-packages/airflow/example_dags/example_branch_operator_decorator.py for tasks to queue
[2023-11-08T17:56:15.890-0500] {logging_mixin.py:154} INFO - [2023-11-08T17:56:15.890-0500] {dagbag.py:536} INFO - Filling up the DagBag from /Users/az/anaconda3/envs/python38/lib/python3.8/site-packages/airflow/example_dags/example_branch_operator_decorator.py
[2023-11-08T17:56:15.924-0500] {processor.py:839} INFO - DAG(s) dict_keys(['example_branch_python_operator_decorator']) retrieved from /Users/az/anaconda3/envs/python38/lib/python3.8/site-packages/airflow/example_dags/example_branch_operator_decorator.py
[2023-11-08T17:56:16.027-0500] {logging_mixin.py:154} INFO - [2023-11-08T17:56:16.027-0500] {dag.py:2941} INFO - Sync 1 DAGs
[2023-11-08T17:56:16.037-0500] {logging_mixin.py:154} INFO - [2023-11-08T17:56:16.037-0500] {dag.py:3722} INFO - Setting next_dagrun for example_branch_python_operator_decorator to 2023-11-07T00:00:00+00:00, run_after=2023-11-08T00:00:00+00:00
[2023-11-08T17:56:16.047-0500] {processor.py:179} INFO - Processing /Users/az/anaconda3/envs/python38/lib/python3.8/site-packages/airflow/example_dags/example_branch_operator_decorator.py took 0.163 seconds
[2023-11-08T17:58:17.009-0500] {processor.py:157} INFO - Started process (PID=49811) to work on /Users/az/anaconda3/envs/python38/lib/python3.8/site-packages/airflow/example_dags/example_branch_operator_decorator.py
[2023-11-08T17:58:17.013-0500] {processor.py:829} INFO - Processing file /Users/az/anaconda3/envs/python38/lib/python3.8/site-packages/airflow/example_dags/example_branch_operator_decorator.py for tasks to queue
[2023-11-08T17:58:17.014-0500] {logging_mixin.py:154} INFO - [2023-11-08T17:58:17.014-0500] {dagbag.py:536} INFO - Filling up the DagBag from /Users/az/anaconda3/envs/python38/lib/python3.8/site-packages/airflow/example_dags/example_branch_operator_decorator.py
[2023-11-08T17:58:17.047-0500] {processor.py:839} INFO - DAG(s) dict_keys(['example_branch_python_operator_decorator']) retrieved from /Users/az/anaconda3/envs/python38/lib/python3.8/site-packages/airflow/example_dags/example_branch_operator_decorator.py
[2023-11-08T17:58:17.150-0500] {logging_mixin.py:154} INFO - [2023-11-08T17:58:17.150-0500] {dag.py:2941} INFO - Sync 1 DAGs
[2023-11-08T17:58:17.160-0500] {logging_mixin.py:154} INFO - [2023-11-08T17:58:17.160-0500] {dag.py:3722} INFO - Setting next_dagrun for example_branch_python_operator_decorator to 2023-11-07T00:00:00+00:00, run_after=2023-11-08T00:00:00+00:00
[2023-11-08T17:58:17.170-0500] {processor.py:179} INFO - Processing /Users/az/anaconda3/envs/python38/lib/python3.8/site-packages/airflow/example_dags/example_branch_operator_decorator.py took 0.162 seconds
[2023-11-08T18:00:18.742-0500] {processor.py:157} INFO - Started process (PID=49961) to work on /Users/az/anaconda3/envs/python38/lib/python3.8/site-packages/airflow/example_dags/example_branch_operator_decorator.py
[2023-11-08T18:00:18.747-0500] {processor.py:829} INFO - Processing file /Users/az/anaconda3/envs/python38/lib/python3.8/site-packages/airflow/example_dags/example_branch_operator_decorator.py for tasks to queue
[2023-11-08T18:00:18.747-0500] {logging_mixin.py:154} INFO - [2023-11-08T18:00:18.747-0500] {dagbag.py:536} INFO - Filling up the DagBag from /Users/az/anaconda3/envs/python38/lib/python3.8/site-packages/airflow/example_dags/example_branch_operator_decorator.py
[2023-11-08T18:00:18.781-0500] {processor.py:839} INFO - DAG(s) dict_keys(['example_branch_python_operator_decorator']) retrieved from /Users/az/anaconda3/envs/python38/lib/python3.8/site-packages/airflow/example_dags/example_branch_operator_decorator.py
[2023-11-08T18:00:18.891-0500] {logging_mixin.py:154} INFO - [2023-11-08T18:00:18.891-0500] {dag.py:2941} INFO - Sync 1 DAGs
[2023-11-08T18:00:18.902-0500] {logging_mixin.py:154} INFO - [2023-11-08T18:00:18.902-0500] {dag.py:3722} INFO - Setting next_dagrun for example_branch_python_operator_decorator to 2023-11-07T00:00:00+00:00, run_after=2023-11-08T00:00:00+00:00
[2023-11-08T18:00:18.912-0500] {processor.py:179} INFO - Processing /Users/az/anaconda3/envs/python38/lib/python3.8/site-packages/airflow/example_dags/example_branch_operator_decorator.py took 0.170 seconds
[2023-11-08T18:02:16.027-0500] {processor.py:157} INFO - Started process (PID=50132) to work on /Users/az/anaconda3/envs/python38/lib/python3.8/site-packages/airflow/example_dags/example_branch_operator_decorator.py
[2023-11-08T18:02:16.032-0500] {processor.py:829} INFO - Processing file /Users/az/anaconda3/envs/python38/lib/python3.8/site-packages/airflow/example_dags/example_branch_operator_decorator.py for tasks to queue
[2023-11-08T18:02:16.032-0500] {logging_mixin.py:154} INFO - [2023-11-08T18:02:16.032-0500] {dagbag.py:536} INFO - Filling up the DagBag from /Users/az/anaconda3/envs/python38/lib/python3.8/site-packages/airflow/example_dags/example_branch_operator_decorator.py
[2023-11-08T18:02:16.067-0500] {processor.py:839} INFO - DAG(s) dict_keys(['example_branch_python_operator_decorator']) retrieved from /Users/az/anaconda3/envs/python38/lib/python3.8/site-packages/airflow/example_dags/example_branch_operator_decorator.py
[2023-11-08T18:02:16.170-0500] {logging_mixin.py:154} INFO - [2023-11-08T18:02:16.170-0500] {dag.py:2941} INFO - Sync 1 DAGs
[2023-11-08T18:02:16.180-0500] {logging_mixin.py:154} INFO - [2023-11-08T18:02:16.180-0500] {dag.py:3722} INFO - Setting next_dagrun for example_branch_python_operator_decorator to 2023-11-07T00:00:00+00:00, run_after=2023-11-08T00:00:00+00:00
[2023-11-08T18:02:16.190-0500] {processor.py:179} INFO - Processing /Users/az/anaconda3/envs/python38/lib/python3.8/site-packages/airflow/example_dags/example_branch_operator_decorator.py took 0.163 seconds
[2023-11-08T18:04:14.701-0500] {processor.py:157} INFO - Started process (PID=50456) to work on /Users/az/anaconda3/envs/python38/lib/python3.8/site-packages/airflow/example_dags/example_branch_operator_decorator.py
[2023-11-08T18:04:14.705-0500] {processor.py:829} INFO - Processing file /Users/az/anaconda3/envs/python38/lib/python3.8/site-packages/airflow/example_dags/example_branch_operator_decorator.py for tasks to queue
[2023-11-08T18:04:14.706-0500] {logging_mixin.py:154} INFO - [2023-11-08T18:04:14.706-0500] {dagbag.py:536} INFO - Filling up the DagBag from /Users/az/anaconda3/envs/python38/lib/python3.8/site-packages/airflow/example_dags/example_branch_operator_decorator.py
[2023-11-08T18:04:14.739-0500] {processor.py:839} INFO - DAG(s) dict_keys(['example_branch_python_operator_decorator']) retrieved from /Users/az/anaconda3/envs/python38/lib/python3.8/site-packages/airflow/example_dags/example_branch_operator_decorator.py
[2023-11-08T18:04:14.842-0500] {logging_mixin.py:154} INFO - [2023-11-08T18:04:14.842-0500] {dag.py:2941} INFO - Sync 1 DAGs
[2023-11-08T18:04:14.853-0500] {logging_mixin.py:154} INFO - [2023-11-08T18:04:14.853-0500] {dag.py:3722} INFO - Setting next_dagrun for example_branch_python_operator_decorator to 2023-11-07T00:00:00+00:00, run_after=2023-11-08T00:00:00+00:00
[2023-11-08T18:04:14.863-0500] {processor.py:179} INFO - Processing /Users/az/anaconda3/envs/python38/lib/python3.8/site-packages/airflow/example_dags/example_branch_operator_decorator.py took 0.163 seconds
[2023-11-08T18:06:11.059-0500] {processor.py:157} INFO - Started process (PID=50596) to work on /Users/az/anaconda3/envs/python38/lib/python3.8/site-packages/airflow/example_dags/example_branch_operator_decorator.py
[2023-11-08T18:06:11.062-0500] {processor.py:829} INFO - Processing file /Users/az/anaconda3/envs/python38/lib/python3.8/site-packages/airflow/example_dags/example_branch_operator_decorator.py for tasks to queue
[2023-11-08T18:06:11.063-0500] {logging_mixin.py:154} INFO - [2023-11-08T18:06:11.063-0500] {dagbag.py:536} INFO - Filling up the DagBag from /Users/az/anaconda3/envs/python38/lib/python3.8/site-packages/airflow/example_dags/example_branch_operator_decorator.py
[2023-11-08T18:06:11.097-0500] {processor.py:839} INFO - DAG(s) dict_keys(['example_branch_python_operator_decorator']) retrieved from /Users/az/anaconda3/envs/python38/lib/python3.8/site-packages/airflow/example_dags/example_branch_operator_decorator.py
[2023-11-08T18:06:11.199-0500] {logging_mixin.py:154} INFO - [2023-11-08T18:06:11.199-0500] {dag.py:2941} INFO - Sync 1 DAGs
[2023-11-08T18:06:11.210-0500] {logging_mixin.py:154} INFO - [2023-11-08T18:06:11.209-0500] {dag.py:3722} INFO - Setting next_dagrun for example_branch_python_operator_decorator to 2023-11-07T00:00:00+00:00, run_after=2023-11-08T00:00:00+00:00
[2023-11-08T18:06:11.219-0500] {processor.py:179} INFO - Processing /Users/az/anaconda3/envs/python38/lib/python3.8/site-packages/airflow/example_dags/example_branch_operator_decorator.py took 0.161 seconds
[2023-11-08T18:08:04.507-0500] {processor.py:157} INFO - Started process (PID=50768) to work on /Users/az/anaconda3/envs/python38/lib/python3.8/site-packages/airflow/example_dags/example_branch_operator_decorator.py
[2023-11-08T18:08:04.511-0500] {processor.py:829} INFO - Processing file /Users/az/anaconda3/envs/python38/lib/python3.8/site-packages/airflow/example_dags/example_branch_operator_decorator.py for tasks to queue
[2023-11-08T18:08:04.511-0500] {logging_mixin.py:154} INFO - [2023-11-08T18:08:04.511-0500] {dagbag.py:536} INFO - Filling up the DagBag from /Users/az/anaconda3/envs/python38/lib/python3.8/site-packages/airflow/example_dags/example_branch_operator_decorator.py
[2023-11-08T18:08:04.551-0500] {processor.py:839} INFO - DAG(s) dict_keys(['example_branch_python_operator_decorator']) retrieved from /Users/az/anaconda3/envs/python38/lib/python3.8/site-packages/airflow/example_dags/example_branch_operator_decorator.py
[2023-11-08T18:08:04.654-0500] {logging_mixin.py:154} INFO - [2023-11-08T18:08:04.654-0500] {dag.py:2941} INFO - Sync 1 DAGs
[2023-11-08T18:08:04.665-0500] {logging_mixin.py:154} INFO - [2023-11-08T18:08:04.665-0500] {dag.py:3722} INFO - Setting next_dagrun for example_branch_python_operator_decorator to 2023-11-07T00:00:00+00:00, run_after=2023-11-08T00:00:00+00:00
[2023-11-08T18:08:04.674-0500] {processor.py:179} INFO - Processing /Users/az/anaconda3/envs/python38/lib/python3.8/site-packages/airflow/example_dags/example_branch_operator_decorator.py took 0.168 seconds
[2023-11-08T18:10:03.887-0500] {processor.py:157} INFO - Started process (PID=50927) to work on /Users/az/anaconda3/envs/python38/lib/python3.8/site-packages/airflow/example_dags/example_branch_operator_decorator.py
[2023-11-08T18:10:03.891-0500] {processor.py:829} INFO - Processing file /Users/az/anaconda3/envs/python38/lib/python3.8/site-packages/airflow/example_dags/example_branch_operator_decorator.py for tasks to queue
[2023-11-08T18:10:03.892-0500] {logging_mixin.py:154} INFO - [2023-11-08T18:10:03.891-0500] {dagbag.py:536} INFO - Filling up the DagBag from /Users/az/anaconda3/envs/python38/lib/python3.8/site-packages/airflow/example_dags/example_branch_operator_decorator.py
[2023-11-08T18:10:03.925-0500] {processor.py:839} INFO - DAG(s) dict_keys(['example_branch_python_operator_decorator']) retrieved from /Users/az/anaconda3/envs/python38/lib/python3.8/site-packages/airflow/example_dags/example_branch_operator_decorator.py
[2023-11-08T18:10:04.028-0500] {logging_mixin.py:154} INFO - [2023-11-08T18:10:04.028-0500] {dag.py:2941} INFO - Sync 1 DAGs
[2023-11-08T18:10:04.038-0500] {logging_mixin.py:154} INFO - [2023-11-08T18:10:04.038-0500] {dag.py:3722} INFO - Setting next_dagrun for example_branch_python_operator_decorator to 2023-11-07T00:00:00+00:00, run_after=2023-11-08T00:00:00+00:00
[2023-11-08T18:10:04.048-0500] {processor.py:179} INFO - Processing /Users/az/anaconda3/envs/python38/lib/python3.8/site-packages/airflow/example_dags/example_branch_operator_decorator.py took 0.162 seconds
[2023-11-08T18:12:04.346-0500] {processor.py:157} INFO - Started process (PID=51095) to work on /Users/az/anaconda3/envs/python38/lib/python3.8/site-packages/airflow/example_dags/example_branch_operator_decorator.py
[2023-11-08T18:12:04.351-0500] {processor.py:829} INFO - Processing file /Users/az/anaconda3/envs/python38/lib/python3.8/site-packages/airflow/example_dags/example_branch_operator_decorator.py for tasks to queue
[2023-11-08T18:12:04.351-0500] {logging_mixin.py:154} INFO - [2023-11-08T18:12:04.351-0500] {dagbag.py:536} INFO - Filling up the DagBag from /Users/az/anaconda3/envs/python38/lib/python3.8/site-packages/airflow/example_dags/example_branch_operator_decorator.py
[2023-11-08T18:12:04.384-0500] {processor.py:839} INFO - DAG(s) dict_keys(['example_branch_python_operator_decorator']) retrieved from /Users/az/anaconda3/envs/python38/lib/python3.8/site-packages/airflow/example_dags/example_branch_operator_decorator.py
[2023-11-08T18:12:04.487-0500] {logging_mixin.py:154} INFO - [2023-11-08T18:12:04.487-0500] {dag.py:2941} INFO - Sync 1 DAGs
[2023-11-08T18:12:04.498-0500] {logging_mixin.py:154} INFO - [2023-11-08T18:12:04.498-0500] {dag.py:3722} INFO - Setting next_dagrun for example_branch_python_operator_decorator to 2023-11-07T00:00:00+00:00, run_after=2023-11-08T00:00:00+00:00
[2023-11-08T18:12:04.508-0500] {processor.py:179} INFO - Processing /Users/az/anaconda3/envs/python38/lib/python3.8/site-packages/airflow/example_dags/example_branch_operator_decorator.py took 0.163 seconds
[2023-11-08T18:31:01.671-0500] {processor.py:157} INFO - Started process (PID=51289) to work on /Users/az/anaconda3/envs/python38/lib/python3.8/site-packages/airflow/example_dags/example_branch_operator_decorator.py
[2023-11-08T18:31:01.675-0500] {processor.py:829} INFO - Processing file /Users/az/anaconda3/envs/python38/lib/python3.8/site-packages/airflow/example_dags/example_branch_operator_decorator.py for tasks to queue
[2023-11-08T18:31:01.675-0500] {logging_mixin.py:154} INFO - [2023-11-08T18:31:01.675-0500] {dagbag.py:536} INFO - Filling up the DagBag from /Users/az/anaconda3/envs/python38/lib/python3.8/site-packages/airflow/example_dags/example_branch_operator_decorator.py
[2023-11-08T18:31:01.709-0500] {processor.py:839} INFO - DAG(s) dict_keys(['example_branch_python_operator_decorator']) retrieved from /Users/az/anaconda3/envs/python38/lib/python3.8/site-packages/airflow/example_dags/example_branch_operator_decorator.py
[2023-11-08T18:31:02.100-0500] {logging_mixin.py:154} INFO - [2023-11-08T18:31:02.100-0500] {dag.py:2941} INFO - Sync 1 DAGs
[2023-11-08T18:31:02.110-0500] {logging_mixin.py:154} INFO - [2023-11-08T18:31:02.109-0500] {dag.py:3722} INFO - Setting next_dagrun for example_branch_python_operator_decorator to 2023-11-07T00:00:00+00:00, run_after=2023-11-08T00:00:00+00:00
[2023-11-08T18:31:02.122-0500] {processor.py:179} INFO - Processing /Users/az/anaconda3/envs/python38/lib/python3.8/site-packages/airflow/example_dags/example_branch_operator_decorator.py took 0.451 seconds
[2023-11-08T18:33:01.181-0500] {processor.py:157} INFO - Started process (PID=51436) to work on /Users/az/anaconda3/envs/python38/lib/python3.8/site-packages/airflow/example_dags/example_branch_operator_decorator.py
[2023-11-08T18:33:01.185-0500] {processor.py:829} INFO - Processing file /Users/az/anaconda3/envs/python38/lib/python3.8/site-packages/airflow/example_dags/example_branch_operator_decorator.py for tasks to queue
[2023-11-08T18:33:01.185-0500] {logging_mixin.py:154} INFO - [2023-11-08T18:33:01.185-0500] {dagbag.py:536} INFO - Filling up the DagBag from /Users/az/anaconda3/envs/python38/lib/python3.8/site-packages/airflow/example_dags/example_branch_operator_decorator.py
[2023-11-08T18:33:01.220-0500] {processor.py:839} INFO - DAG(s) dict_keys(['example_branch_python_operator_decorator']) retrieved from /Users/az/anaconda3/envs/python38/lib/python3.8/site-packages/airflow/example_dags/example_branch_operator_decorator.py
[2023-11-08T18:33:01.324-0500] {logging_mixin.py:154} INFO - [2023-11-08T18:33:01.324-0500] {dag.py:2941} INFO - Sync 1 DAGs
[2023-11-08T18:33:01.335-0500] {logging_mixin.py:154} INFO - [2023-11-08T18:33:01.335-0500] {dag.py:3722} INFO - Setting next_dagrun for example_branch_python_operator_decorator to 2023-11-07T00:00:00+00:00, run_after=2023-11-08T00:00:00+00:00
[2023-11-08T18:33:01.345-0500] {processor.py:179} INFO - Processing /Users/az/anaconda3/envs/python38/lib/python3.8/site-packages/airflow/example_dags/example_branch_operator_decorator.py took 0.164 seconds
[2023-11-08T18:35:06.170-0500] {processor.py:157} INFO - Started process (PID=51595) to work on /Users/az/anaconda3/envs/python38/lib/python3.8/site-packages/airflow/example_dags/example_branch_operator_decorator.py
[2023-11-08T18:35:06.175-0500] {processor.py:829} INFO - Processing file /Users/az/anaconda3/envs/python38/lib/python3.8/site-packages/airflow/example_dags/example_branch_operator_decorator.py for tasks to queue
[2023-11-08T18:35:06.175-0500] {logging_mixin.py:154} INFO - [2023-11-08T18:35:06.175-0500] {dagbag.py:536} INFO - Filling up the DagBag from /Users/az/anaconda3/envs/python38/lib/python3.8/site-packages/airflow/example_dags/example_branch_operator_decorator.py
[2023-11-08T18:35:06.209-0500] {processor.py:839} INFO - DAG(s) dict_keys(['example_branch_python_operator_decorator']) retrieved from /Users/az/anaconda3/envs/python38/lib/python3.8/site-packages/airflow/example_dags/example_branch_operator_decorator.py
[2023-11-08T18:35:06.313-0500] {logging_mixin.py:154} INFO - [2023-11-08T18:35:06.312-0500] {dag.py:2941} INFO - Sync 1 DAGs
[2023-11-08T18:35:06.323-0500] {logging_mixin.py:154} INFO - [2023-11-08T18:35:06.323-0500] {dag.py:3722} INFO - Setting next_dagrun for example_branch_python_operator_decorator to 2023-11-07T00:00:00+00:00, run_after=2023-11-08T00:00:00+00:00
[2023-11-08T18:35:06.333-0500] {processor.py:179} INFO - Processing /Users/az/anaconda3/envs/python38/lib/python3.8/site-packages/airflow/example_dags/example_branch_operator_decorator.py took 0.163 seconds
[2023-11-08T18:37:03.185-0500] {processor.py:157} INFO - Started process (PID=51740) to work on /Users/az/anaconda3/envs/python38/lib/python3.8/site-packages/airflow/example_dags/example_branch_operator_decorator.py
[2023-11-08T18:37:03.190-0500] {processor.py:829} INFO - Processing file /Users/az/anaconda3/envs/python38/lib/python3.8/site-packages/airflow/example_dags/example_branch_operator_decorator.py for tasks to queue
[2023-11-08T18:37:03.190-0500] {logging_mixin.py:154} INFO - [2023-11-08T18:37:03.190-0500] {dagbag.py:536} INFO - Filling up the DagBag from /Users/az/anaconda3/envs/python38/lib/python3.8/site-packages/airflow/example_dags/example_branch_operator_decorator.py
[2023-11-08T18:37:03.227-0500] {processor.py:839} INFO - DAG(s) dict_keys(['example_branch_python_operator_decorator']) retrieved from /Users/az/anaconda3/envs/python38/lib/python3.8/site-packages/airflow/example_dags/example_branch_operator_decorator.py
[2023-11-08T18:37:03.330-0500] {logging_mixin.py:154} INFO - [2023-11-08T18:37:03.330-0500] {dag.py:2941} INFO - Sync 1 DAGs
[2023-11-08T18:37:03.340-0500] {logging_mixin.py:154} INFO - [2023-11-08T18:37:03.340-0500] {dag.py:3722} INFO - Setting next_dagrun for example_branch_python_operator_decorator to 2023-11-07T00:00:00+00:00, run_after=2023-11-08T00:00:00+00:00
[2023-11-08T18:37:03.350-0500] {processor.py:179} INFO - Processing /Users/az/anaconda3/envs/python38/lib/python3.8/site-packages/airflow/example_dags/example_branch_operator_decorator.py took 0.166 seconds
[2023-11-08T18:38:56.765-0500] {processor.py:157} INFO - Started process (PID=51885) to work on /Users/az/anaconda3/envs/python38/lib/python3.8/site-packages/airflow/example_dags/example_branch_operator_decorator.py
[2023-11-08T18:38:56.770-0500] {processor.py:829} INFO - Processing file /Users/az/anaconda3/envs/python38/lib/python3.8/site-packages/airflow/example_dags/example_branch_operator_decorator.py for tasks to queue
[2023-11-08T18:38:56.770-0500] {logging_mixin.py:154} INFO - [2023-11-08T18:38:56.770-0500] {dagbag.py:536} INFO - Filling up the DagBag from /Users/az/anaconda3/envs/python38/lib/python3.8/site-packages/airflow/example_dags/example_branch_operator_decorator.py
[2023-11-08T18:38:56.806-0500] {processor.py:839} INFO - DAG(s) dict_keys(['example_branch_python_operator_decorator']) retrieved from /Users/az/anaconda3/envs/python38/lib/python3.8/site-packages/airflow/example_dags/example_branch_operator_decorator.py
[2023-11-08T18:38:56.909-0500] {logging_mixin.py:154} INFO - [2023-11-08T18:38:56.909-0500] {dag.py:2941} INFO - Sync 1 DAGs
[2023-11-08T18:38:56.920-0500] {logging_mixin.py:154} INFO - [2023-11-08T18:38:56.920-0500] {dag.py:3722} INFO - Setting next_dagrun for example_branch_python_operator_decorator to 2023-11-07T00:00:00+00:00, run_after=2023-11-08T00:00:00+00:00
[2023-11-08T18:38:56.930-0500] {processor.py:179} INFO - Processing /Users/az/anaconda3/envs/python38/lib/python3.8/site-packages/airflow/example_dags/example_branch_operator_decorator.py took 0.165 seconds
[2023-11-08T18:41:03.662-0500] {processor.py:157} INFO - Started process (PID=52033) to work on /Users/az/anaconda3/envs/python38/lib/python3.8/site-packages/airflow/example_dags/example_branch_operator_decorator.py
[2023-11-08T18:41:03.667-0500] {processor.py:829} INFO - Processing file /Users/az/anaconda3/envs/python38/lib/python3.8/site-packages/airflow/example_dags/example_branch_operator_decorator.py for tasks to queue
[2023-11-08T18:41:03.667-0500] {logging_mixin.py:154} INFO - [2023-11-08T18:41:03.667-0500] {dagbag.py:536} INFO - Filling up the DagBag from /Users/az/anaconda3/envs/python38/lib/python3.8/site-packages/airflow/example_dags/example_branch_operator_decorator.py
[2023-11-08T18:41:03.701-0500] {processor.py:839} INFO - DAG(s) dict_keys(['example_branch_python_operator_decorator']) retrieved from /Users/az/anaconda3/envs/python38/lib/python3.8/site-packages/airflow/example_dags/example_branch_operator_decorator.py
[2023-11-08T18:41:03.805-0500] {logging_mixin.py:154} INFO - [2023-11-08T18:41:03.805-0500] {dag.py:2941} INFO - Sync 1 DAGs
[2023-11-08T18:41:03.816-0500] {logging_mixin.py:154} INFO - [2023-11-08T18:41:03.816-0500] {dag.py:3722} INFO - Setting next_dagrun for example_branch_python_operator_decorator to 2023-11-07T00:00:00+00:00, run_after=2023-11-08T00:00:00+00:00
[2023-11-08T18:41:03.826-0500] {processor.py:179} INFO - Processing /Users/az/anaconda3/envs/python38/lib/python3.8/site-packages/airflow/example_dags/example_branch_operator_decorator.py took 0.164 seconds
[2023-11-08T18:43:02.873-0500] {processor.py:157} INFO - Started process (PID=52180) to work on /Users/az/anaconda3/envs/python38/lib/python3.8/site-packages/airflow/example_dags/example_branch_operator_decorator.py
[2023-11-08T18:43:02.878-0500] {processor.py:829} INFO - Processing file /Users/az/anaconda3/envs/python38/lib/python3.8/site-packages/airflow/example_dags/example_branch_operator_decorator.py for tasks to queue
[2023-11-08T18:43:02.878-0500] {logging_mixin.py:154} INFO - [2023-11-08T18:43:02.878-0500] {dagbag.py:536} INFO - Filling up the DagBag from /Users/az/anaconda3/envs/python38/lib/python3.8/site-packages/airflow/example_dags/example_branch_operator_decorator.py
[2023-11-08T18:43:02.915-0500] {processor.py:839} INFO - DAG(s) dict_keys(['example_branch_python_operator_decorator']) retrieved from /Users/az/anaconda3/envs/python38/lib/python3.8/site-packages/airflow/example_dags/example_branch_operator_decorator.py
[2023-11-08T18:43:03.018-0500] {logging_mixin.py:154} INFO - [2023-11-08T18:43:03.018-0500] {dag.py:2941} INFO - Sync 1 DAGs
[2023-11-08T18:43:03.029-0500] {logging_mixin.py:154} INFO - [2023-11-08T18:43:03.029-0500] {dag.py:3722} INFO - Setting next_dagrun for example_branch_python_operator_decorator to 2023-11-07T00:00:00+00:00, run_after=2023-11-08T00:00:00+00:00
[2023-11-08T18:43:03.038-0500] {processor.py:179} INFO - Processing /Users/az/anaconda3/envs/python38/lib/python3.8/site-packages/airflow/example_dags/example_branch_operator_decorator.py took 0.166 seconds
[2023-11-08T18:45:06.058-0500] {processor.py:157} INFO - Started process (PID=52330) to work on /Users/az/anaconda3/envs/python38/lib/python3.8/site-packages/airflow/example_dags/example_branch_operator_decorator.py
[2023-11-08T18:45:06.063-0500] {processor.py:829} INFO - Processing file /Users/az/anaconda3/envs/python38/lib/python3.8/site-packages/airflow/example_dags/example_branch_operator_decorator.py for tasks to queue
[2023-11-08T18:45:06.063-0500] {logging_mixin.py:154} INFO - [2023-11-08T18:45:06.063-0500] {dagbag.py:536} INFO - Filling up the DagBag from /Users/az/anaconda3/envs/python38/lib/python3.8/site-packages/airflow/example_dags/example_branch_operator_decorator.py
[2023-11-08T18:45:06.097-0500] {processor.py:839} INFO - DAG(s) dict_keys(['example_branch_python_operator_decorator']) retrieved from /Users/az/anaconda3/envs/python38/lib/python3.8/site-packages/airflow/example_dags/example_branch_operator_decorator.py
[2023-11-08T18:45:06.200-0500] {logging_mixin.py:154} INFO - [2023-11-08T18:45:06.200-0500] {dag.py:2941} INFO - Sync 1 DAGs
[2023-11-08T18:45:06.210-0500] {logging_mixin.py:154} INFO - [2023-11-08T18:45:06.210-0500] {dag.py:3722} INFO - Setting next_dagrun for example_branch_python_operator_decorator to 2023-11-07T00:00:00+00:00, run_after=2023-11-08T00:00:00+00:00
[2023-11-08T18:45:06.220-0500] {processor.py:179} INFO - Processing /Users/az/anaconda3/envs/python38/lib/python3.8/site-packages/airflow/example_dags/example_branch_operator_decorator.py took 0.163 seconds
[2023-11-08T18:47:12.065-0500] {processor.py:157} INFO - Started process (PID=52502) to work on /Users/az/anaconda3/envs/python38/lib/python3.8/site-packages/airflow/example_dags/example_branch_operator_decorator.py
[2023-11-08T18:47:12.070-0500] {processor.py:829} INFO - Processing file /Users/az/anaconda3/envs/python38/lib/python3.8/site-packages/airflow/example_dags/example_branch_operator_decorator.py for tasks to queue
[2023-11-08T18:47:12.070-0500] {logging_mixin.py:154} INFO - [2023-11-08T18:47:12.070-0500] {dagbag.py:536} INFO - Filling up the DagBag from /Users/az/anaconda3/envs/python38/lib/python3.8/site-packages/airflow/example_dags/example_branch_operator_decorator.py
[2023-11-08T18:47:12.104-0500] {processor.py:839} INFO - DAG(s) dict_keys(['example_branch_python_operator_decorator']) retrieved from /Users/az/anaconda3/envs/python38/lib/python3.8/site-packages/airflow/example_dags/example_branch_operator_decorator.py
[2023-11-08T18:47:12.207-0500] {logging_mixin.py:154} INFO - [2023-11-08T18:47:12.207-0500] {dag.py:2941} INFO - Sync 1 DAGs
[2023-11-08T18:47:12.217-0500] {logging_mixin.py:154} INFO - [2023-11-08T18:47:12.217-0500] {dag.py:3722} INFO - Setting next_dagrun for example_branch_python_operator_decorator to 2023-11-07T00:00:00+00:00, run_after=2023-11-08T00:00:00+00:00
[2023-11-08T18:47:12.228-0500] {processor.py:179} INFO - Processing /Users/az/anaconda3/envs/python38/lib/python3.8/site-packages/airflow/example_dags/example_branch_operator_decorator.py took 0.164 seconds
[2023-11-08T18:49:12.035-0500] {processor.py:157} INFO - Started process (PID=52687) to work on /Users/az/anaconda3/envs/python38/lib/python3.8/site-packages/airflow/example_dags/example_branch_operator_decorator.py
[2023-11-08T18:49:12.039-0500] {processor.py:829} INFO - Processing file /Users/az/anaconda3/envs/python38/lib/python3.8/site-packages/airflow/example_dags/example_branch_operator_decorator.py for tasks to queue
[2023-11-08T18:49:12.039-0500] {logging_mixin.py:154} INFO - [2023-11-08T18:49:12.039-0500] {dagbag.py:536} INFO - Filling up the DagBag from /Users/az/anaconda3/envs/python38/lib/python3.8/site-packages/airflow/example_dags/example_branch_operator_decorator.py
[2023-11-08T18:49:12.073-0500] {processor.py:839} INFO - DAG(s) dict_keys(['example_branch_python_operator_decorator']) retrieved from /Users/az/anaconda3/envs/python38/lib/python3.8/site-packages/airflow/example_dags/example_branch_operator_decorator.py
[2023-11-08T18:49:12.176-0500] {logging_mixin.py:154} INFO - [2023-11-08T18:49:12.176-0500] {dag.py:2941} INFO - Sync 1 DAGs
[2023-11-08T18:49:12.187-0500] {logging_mixin.py:154} INFO - [2023-11-08T18:49:12.186-0500] {dag.py:3722} INFO - Setting next_dagrun for example_branch_python_operator_decorator to 2023-11-07T00:00:00+00:00, run_after=2023-11-08T00:00:00+00:00
[2023-11-08T18:49:12.197-0500] {processor.py:179} INFO - Processing /Users/az/anaconda3/envs/python38/lib/python3.8/site-packages/airflow/example_dags/example_branch_operator_decorator.py took 0.162 seconds
[2023-11-08T18:51:13.116-0500] {processor.py:157} INFO - Started process (PID=52841) to work on /Users/az/anaconda3/envs/python38/lib/python3.8/site-packages/airflow/example_dags/example_branch_operator_decorator.py
[2023-11-08T18:51:13.121-0500] {processor.py:829} INFO - Processing file /Users/az/anaconda3/envs/python38/lib/python3.8/site-packages/airflow/example_dags/example_branch_operator_decorator.py for tasks to queue
[2023-11-08T18:51:13.121-0500] {logging_mixin.py:154} INFO - [2023-11-08T18:51:13.121-0500] {dagbag.py:536} INFO - Filling up the DagBag from /Users/az/anaconda3/envs/python38/lib/python3.8/site-packages/airflow/example_dags/example_branch_operator_decorator.py
[2023-11-08T18:51:13.155-0500] {processor.py:839} INFO - DAG(s) dict_keys(['example_branch_python_operator_decorator']) retrieved from /Users/az/anaconda3/envs/python38/lib/python3.8/site-packages/airflow/example_dags/example_branch_operator_decorator.py
[2023-11-08T18:51:13.258-0500] {logging_mixin.py:154} INFO - [2023-11-08T18:51:13.258-0500] {dag.py:2941} INFO - Sync 1 DAGs
[2023-11-08T18:51:13.268-0500] {logging_mixin.py:154} INFO - [2023-11-08T18:51:13.268-0500] {dag.py:3722} INFO - Setting next_dagrun for example_branch_python_operator_decorator to 2023-11-07T00:00:00+00:00, run_after=2023-11-08T00:00:00+00:00
[2023-11-08T18:51:13.278-0500] {processor.py:179} INFO - Processing /Users/az/anaconda3/envs/python38/lib/python3.8/site-packages/airflow/example_dags/example_branch_operator_decorator.py took 0.163 seconds
[2023-11-08T18:53:18.183-0500] {processor.py:157} INFO - Started process (PID=52993) to work on /Users/az/anaconda3/envs/python38/lib/python3.8/site-packages/airflow/example_dags/example_branch_operator_decorator.py
[2023-11-08T18:53:18.187-0500] {processor.py:829} INFO - Processing file /Users/az/anaconda3/envs/python38/lib/python3.8/site-packages/airflow/example_dags/example_branch_operator_decorator.py for tasks to queue
[2023-11-08T18:53:18.188-0500] {logging_mixin.py:154} INFO - [2023-11-08T18:53:18.188-0500] {dagbag.py:536} INFO - Filling up the DagBag from /Users/az/anaconda3/envs/python38/lib/python3.8/site-packages/airflow/example_dags/example_branch_operator_decorator.py
[2023-11-08T18:53:18.222-0500] {processor.py:839} INFO - DAG(s) dict_keys(['example_branch_python_operator_decorator']) retrieved from /Users/az/anaconda3/envs/python38/lib/python3.8/site-packages/airflow/example_dags/example_branch_operator_decorator.py
[2023-11-08T18:53:18.327-0500] {logging_mixin.py:154} INFO - [2023-11-08T18:53:18.327-0500] {dag.py:2941} INFO - Sync 1 DAGs
[2023-11-08T18:53:18.337-0500] {logging_mixin.py:154} INFO - [2023-11-08T18:53:18.337-0500] {dag.py:3722} INFO - Setting next_dagrun for example_branch_python_operator_decorator to 2023-11-07T00:00:00+00:00, run_after=2023-11-08T00:00:00+00:00
[2023-11-08T18:53:18.347-0500] {processor.py:179} INFO - Processing /Users/az/anaconda3/envs/python38/lib/python3.8/site-packages/airflow/example_dags/example_branch_operator_decorator.py took 0.164 seconds
[2023-11-08T18:55:21.445-0500] {processor.py:157} INFO - Started process (PID=53164) to work on /Users/az/anaconda3/envs/python38/lib/python3.8/site-packages/airflow/example_dags/example_branch_operator_decorator.py
[2023-11-08T18:55:21.449-0500] {processor.py:829} INFO - Processing file /Users/az/anaconda3/envs/python38/lib/python3.8/site-packages/airflow/example_dags/example_branch_operator_decorator.py for tasks to queue
[2023-11-08T18:55:21.450-0500] {logging_mixin.py:154} INFO - [2023-11-08T18:55:21.450-0500] {dagbag.py:536} INFO - Filling up the DagBag from /Users/az/anaconda3/envs/python38/lib/python3.8/site-packages/airflow/example_dags/example_branch_operator_decorator.py
[2023-11-08T18:55:21.511-0500] {processor.py:839} INFO - DAG(s) dict_keys(['example_branch_python_operator_decorator']) retrieved from /Users/az/anaconda3/envs/python38/lib/python3.8/site-packages/airflow/example_dags/example_branch_operator_decorator.py
[2023-11-08T18:55:21.827-0500] {logging_mixin.py:154} INFO - [2023-11-08T18:55:21.826-0500] {dag.py:2941} INFO - Sync 1 DAGs
[2023-11-08T18:55:21.865-0500] {logging_mixin.py:154} INFO - [2023-11-08T18:55:21.865-0500] {dag.py:3722} INFO - Setting next_dagrun for example_branch_python_operator_decorator to 2023-11-07T00:00:00+00:00, run_after=2023-11-08T00:00:00+00:00
[2023-11-08T18:55:21.944-0500] {processor.py:179} INFO - Processing /Users/az/anaconda3/envs/python38/lib/python3.8/site-packages/airflow/example_dags/example_branch_operator_decorator.py took 0.500 seconds
[2023-11-08T18:57:27.252-0500] {processor.py:157} INFO - Started process (PID=53323) to work on /Users/az/anaconda3/envs/python38/lib/python3.8/site-packages/airflow/example_dags/example_branch_operator_decorator.py
[2023-11-08T18:57:27.256-0500] {processor.py:829} INFO - Processing file /Users/az/anaconda3/envs/python38/lib/python3.8/site-packages/airflow/example_dags/example_branch_operator_decorator.py for tasks to queue
[2023-11-08T18:57:27.256-0500] {logging_mixin.py:154} INFO - [2023-11-08T18:57:27.256-0500] {dagbag.py:536} INFO - Filling up the DagBag from /Users/az/anaconda3/envs/python38/lib/python3.8/site-packages/airflow/example_dags/example_branch_operator_decorator.py
[2023-11-08T18:57:27.290-0500] {processor.py:839} INFO - DAG(s) dict_keys(['example_branch_python_operator_decorator']) retrieved from /Users/az/anaconda3/envs/python38/lib/python3.8/site-packages/airflow/example_dags/example_branch_operator_decorator.py
[2023-11-08T18:57:27.393-0500] {logging_mixin.py:154} INFO - [2023-11-08T18:57:27.392-0500] {dag.py:2941} INFO - Sync 1 DAGs
[2023-11-08T18:57:27.403-0500] {logging_mixin.py:154} INFO - [2023-11-08T18:57:27.403-0500] {dag.py:3722} INFO - Setting next_dagrun for example_branch_python_operator_decorator to 2023-11-07T00:00:00+00:00, run_after=2023-11-08T00:00:00+00:00
[2023-11-08T18:57:27.413-0500] {processor.py:179} INFO - Processing /Users/az/anaconda3/envs/python38/lib/python3.8/site-packages/airflow/example_dags/example_branch_operator_decorator.py took 0.162 seconds
[2023-11-08T18:59:33.419-0500] {processor.py:157} INFO - Started process (PID=53478) to work on /Users/az/anaconda3/envs/python38/lib/python3.8/site-packages/airflow/example_dags/example_branch_operator_decorator.py
[2023-11-08T18:59:33.423-0500] {processor.py:829} INFO - Processing file /Users/az/anaconda3/envs/python38/lib/python3.8/site-packages/airflow/example_dags/example_branch_operator_decorator.py for tasks to queue
[2023-11-08T18:59:33.424-0500] {logging_mixin.py:154} INFO - [2023-11-08T18:59:33.424-0500] {dagbag.py:536} INFO - Filling up the DagBag from /Users/az/anaconda3/envs/python38/lib/python3.8/site-packages/airflow/example_dags/example_branch_operator_decorator.py
[2023-11-08T18:59:33.457-0500] {processor.py:839} INFO - DAG(s) dict_keys(['example_branch_python_operator_decorator']) retrieved from /Users/az/anaconda3/envs/python38/lib/python3.8/site-packages/airflow/example_dags/example_branch_operator_decorator.py
[2023-11-08T18:59:33.560-0500] {logging_mixin.py:154} INFO - [2023-11-08T18:59:33.560-0500] {dag.py:2941} INFO - Sync 1 DAGs
[2023-11-08T18:59:33.571-0500] {logging_mixin.py:154} INFO - [2023-11-08T18:59:33.570-0500] {dag.py:3722} INFO - Setting next_dagrun for example_branch_python_operator_decorator to 2023-11-07T00:00:00+00:00, run_after=2023-11-08T00:00:00+00:00
[2023-11-08T18:59:33.581-0500] {processor.py:179} INFO - Processing /Users/az/anaconda3/envs/python38/lib/python3.8/site-packages/airflow/example_dags/example_branch_operator_decorator.py took 0.162 seconds
