[2023-11-08T17:48:12.404-0500] {processor.py:157} INFO - Started process (PID=48962) to work on /Users/az/anaconda3/envs/python38/lib/python3.8/site-packages/airflow/example_dags/example_datasets.py
[2023-11-08T17:48:12.408-0500] {processor.py:829} INFO - Processing file /Users/az/anaconda3/envs/python38/lib/python3.8/site-packages/airflow/example_dags/example_datasets.py for tasks to queue
[2023-11-08T17:48:12.409-0500] {logging_mixin.py:154} INFO - [2023-11-08T17:48:12.409-0500] {dagbag.py:536} INFO - Filling up the DagBag from /Users/az/anaconda3/envs/python38/lib/python3.8/site-packages/airflow/example_dags/example_datasets.py
[2023-11-08T17:48:12.427-0500] {processor.py:839} INFO - DAG(s) dict_keys(['dataset_consumes_1_and_2', 'dataset_consumes_unknown_never_scheduled', 'dataset_consumes_1', 'dataset_produces_2', 'dataset_consumes_1_never_scheduled', 'dataset_produces_1']) retrieved from /Users/az/anaconda3/envs/python38/lib/python3.8/site-packages/airflow/example_dags/example_datasets.py
[2023-11-08T17:48:12.792-0500] {logging_mixin.py:154} INFO - [2023-11-08T17:48:12.792-0500] {manager.py:499} INFO - Created Permission View: %s
[2023-11-08T17:48:12.798-0500] {logging_mixin.py:154} INFO - [2023-11-08T17:48:12.798-0500] {manager.py:499} INFO - Created Permission View: %s
[2023-11-08T17:48:12.802-0500] {logging_mixin.py:154} INFO - [2023-11-08T17:48:12.802-0500] {manager.py:499} INFO - Created Permission View: %s
[2023-11-08T17:48:12.809-0500] {logging_mixin.py:154} INFO - [2023-11-08T17:48:12.809-0500] {manager.py:499} INFO - Created Permission View: %s
[2023-11-08T17:48:12.812-0500] {logging_mixin.py:154} INFO - [2023-11-08T17:48:12.811-0500] {manager.py:499} INFO - Created Permission View: %s
[2023-11-08T17:48:12.814-0500] {logging_mixin.py:154} INFO - [2023-11-08T17:48:12.814-0500] {manager.py:499} INFO - Created Permission View: %s
[2023-11-08T17:48:12.820-0500] {logging_mixin.py:154} INFO - [2023-11-08T17:48:12.820-0500] {manager.py:499} INFO - Created Permission View: %s
[2023-11-08T17:48:12.823-0500] {logging_mixin.py:154} INFO - [2023-11-08T17:48:12.823-0500] {manager.py:499} INFO - Created Permission View: %s
[2023-11-08T17:48:12.826-0500] {logging_mixin.py:154} INFO - [2023-11-08T17:48:12.826-0500] {manager.py:499} INFO - Created Permission View: %s
[2023-11-08T17:48:12.832-0500] {logging_mixin.py:154} INFO - [2023-11-08T17:48:12.832-0500] {manager.py:499} INFO - Created Permission View: %s
[2023-11-08T17:48:12.835-0500] {logging_mixin.py:154} INFO - [2023-11-08T17:48:12.835-0500] {manager.py:499} INFO - Created Permission View: %s
[2023-11-08T17:48:12.838-0500] {logging_mixin.py:154} INFO - [2023-11-08T17:48:12.838-0500] {manager.py:499} INFO - Created Permission View: %s
[2023-11-08T17:48:12.844-0500] {logging_mixin.py:154} INFO - [2023-11-08T17:48:12.844-0500] {manager.py:499} INFO - Created Permission View: %s
[2023-11-08T17:48:12.847-0500] {logging_mixin.py:154} INFO - [2023-11-08T17:48:12.847-0500] {manager.py:499} INFO - Created Permission View: %s
[2023-11-08T17:48:12.850-0500] {logging_mixin.py:154} INFO - [2023-11-08T17:48:12.850-0500] {manager.py:499} INFO - Created Permission View: %s
[2023-11-08T17:48:12.856-0500] {logging_mixin.py:154} INFO - [2023-11-08T17:48:12.855-0500] {manager.py:499} INFO - Created Permission View: %s
[2023-11-08T17:48:12.858-0500] {logging_mixin.py:154} INFO - [2023-11-08T17:48:12.858-0500] {manager.py:499} INFO - Created Permission View: %s
[2023-11-08T17:48:12.861-0500] {logging_mixin.py:154} INFO - [2023-11-08T17:48:12.861-0500] {manager.py:499} INFO - Created Permission View: %s
[2023-11-08T17:48:12.861-0500] {logging_mixin.py:154} INFO - [2023-11-08T17:48:12.861-0500] {dag.py:2941} INFO - Sync 6 DAGs
[2023-11-08T17:48:12.868-0500] {logging_mixin.py:154} INFO - [2023-11-08T17:48:12.867-0500] {dag.py:2963} INFO - Creating ORM DAG for dataset_produces_2
[2023-11-08T17:48:12.868-0500] {logging_mixin.py:154} INFO - [2023-11-08T17:48:12.868-0500] {dag.py:2963} INFO - Creating ORM DAG for dataset_consumes_unknown_never_scheduled
[2023-11-08T17:48:12.868-0500] {logging_mixin.py:154} INFO - [2023-11-08T17:48:12.868-0500] {dag.py:2963} INFO - Creating ORM DAG for dataset_consumes_1
[2023-11-08T17:48:12.869-0500] {logging_mixin.py:154} INFO - [2023-11-08T17:48:12.869-0500] {dag.py:2963} INFO - Creating ORM DAG for dataset_consumes_1_never_scheduled
[2023-11-08T17:48:12.869-0500] {logging_mixin.py:154} INFO - [2023-11-08T17:48:12.869-0500] {dag.py:2963} INFO - Creating ORM DAG for dataset_consumes_1_and_2
[2023-11-08T17:48:12.869-0500] {logging_mixin.py:154} INFO - [2023-11-08T17:48:12.869-0500] {dag.py:2963} INFO - Creating ORM DAG for dataset_produces_1
[2023-11-08T17:48:12.874-0500] {logging_mixin.py:154} INFO - [2023-11-08T17:48:12.874-0500] {dag.py:3722} INFO - Setting next_dagrun for dataset_consumes_1 to None, run_after=None
[2023-11-08T17:48:12.874-0500] {logging_mixin.py:154} INFO - [2023-11-08T17:48:12.874-0500] {dag.py:3722} INFO - Setting next_dagrun for dataset_consumes_1_and_2 to None, run_after=None
[2023-11-08T17:48:12.874-0500] {logging_mixin.py:154} INFO - [2023-11-08T17:48:12.874-0500] {dag.py:3722} INFO - Setting next_dagrun for dataset_consumes_1_never_scheduled to None, run_after=None
[2023-11-08T17:48:12.874-0500] {logging_mixin.py:154} INFO - [2023-11-08T17:48:12.874-0500] {dag.py:3722} INFO - Setting next_dagrun for dataset_consumes_unknown_never_scheduled to None, run_after=None
[2023-11-08T17:48:12.875-0500] {logging_mixin.py:154} INFO - [2023-11-08T17:48:12.875-0500] {dag.py:3722} INFO - Setting next_dagrun for dataset_produces_1 to 2023-11-07T00:00:00+00:00, run_after=2023-11-08T00:00:00+00:00
[2023-11-08T17:48:12.876-0500] {logging_mixin.py:154} INFO - [2023-11-08T17:48:12.876-0500] {dag.py:3722} INFO - Setting next_dagrun for dataset_produces_2 to None, run_after=None
[2023-11-08T17:48:12.892-0500] {processor.py:179} INFO - Processing /Users/az/anaconda3/envs/python38/lib/python3.8/site-packages/airflow/example_dags/example_datasets.py took 0.488 seconds
[2023-11-08T17:50:18.122-0500] {processor.py:157} INFO - Started process (PID=49172) to work on /Users/az/anaconda3/envs/python38/lib/python3.8/site-packages/airflow/example_dags/example_datasets.py
[2023-11-08T17:50:18.127-0500] {processor.py:829} INFO - Processing file /Users/az/anaconda3/envs/python38/lib/python3.8/site-packages/airflow/example_dags/example_datasets.py for tasks to queue
[2023-11-08T17:50:18.127-0500] {logging_mixin.py:154} INFO - [2023-11-08T17:50:18.127-0500] {dagbag.py:536} INFO - Filling up the DagBag from /Users/az/anaconda3/envs/python38/lib/python3.8/site-packages/airflow/example_dags/example_datasets.py
[2023-11-08T17:50:18.144-0500] {processor.py:839} INFO - DAG(s) dict_keys(['dataset_consumes_1_never_scheduled', 'dataset_consumes_unknown_never_scheduled', 'dataset_consumes_1', 'dataset_consumes_1_and_2', 'dataset_produces_2', 'dataset_produces_1']) retrieved from /Users/az/anaconda3/envs/python38/lib/python3.8/site-packages/airflow/example_dags/example_datasets.py
[2023-11-08T17:50:18.262-0500] {logging_mixin.py:154} INFO - [2023-11-08T17:50:18.261-0500] {dag.py:2941} INFO - Sync 6 DAGs
[2023-11-08T17:50:18.271-0500] {logging_mixin.py:154} INFO - [2023-11-08T17:50:18.271-0500] {dag.py:3722} INFO - Setting next_dagrun for dataset_consumes_1 to None, run_after=None
[2023-11-08T17:50:18.273-0500] {logging_mixin.py:154} INFO - [2023-11-08T17:50:18.273-0500] {dag.py:3722} INFO - Setting next_dagrun for dataset_consumes_1_and_2 to None, run_after=None
[2023-11-08T17:50:18.273-0500] {logging_mixin.py:154} INFO - [2023-11-08T17:50:18.273-0500] {dag.py:3722} INFO - Setting next_dagrun for dataset_consumes_1_never_scheduled to None, run_after=None
[2023-11-08T17:50:18.274-0500] {logging_mixin.py:154} INFO - [2023-11-08T17:50:18.273-0500] {dag.py:3722} INFO - Setting next_dagrun for dataset_consumes_unknown_never_scheduled to None, run_after=None
[2023-11-08T17:50:18.275-0500] {logging_mixin.py:154} INFO - [2023-11-08T17:50:18.275-0500] {dag.py:3722} INFO - Setting next_dagrun for dataset_produces_1 to 2023-11-07T00:00:00+00:00, run_after=2023-11-08T00:00:00+00:00
[2023-11-08T17:50:18.275-0500] {logging_mixin.py:154} INFO - [2023-11-08T17:50:18.275-0500] {dag.py:3722} INFO - Setting next_dagrun for dataset_produces_2 to None, run_after=None
[2023-11-08T17:50:18.290-0500] {processor.py:179} INFO - Processing /Users/az/anaconda3/envs/python38/lib/python3.8/site-packages/airflow/example_dags/example_datasets.py took 0.168 seconds
[2023-11-08T17:52:15.234-0500] {processor.py:157} INFO - Started process (PID=49342) to work on /Users/az/anaconda3/envs/python38/lib/python3.8/site-packages/airflow/example_dags/example_datasets.py
[2023-11-08T17:52:15.239-0500] {processor.py:829} INFO - Processing file /Users/az/anaconda3/envs/python38/lib/python3.8/site-packages/airflow/example_dags/example_datasets.py for tasks to queue
[2023-11-08T17:52:15.239-0500] {logging_mixin.py:154} INFO - [2023-11-08T17:52:15.239-0500] {dagbag.py:536} INFO - Filling up the DagBag from /Users/az/anaconda3/envs/python38/lib/python3.8/site-packages/airflow/example_dags/example_datasets.py
[2023-11-08T17:52:15.255-0500] {processor.py:839} INFO - DAG(s) dict_keys(['dataset_consumes_unknown_never_scheduled', 'dataset_consumes_1_and_2', 'dataset_produces_1', 'dataset_produces_2', 'dataset_consumes_1', 'dataset_consumes_1_never_scheduled']) retrieved from /Users/az/anaconda3/envs/python38/lib/python3.8/site-packages/airflow/example_dags/example_datasets.py
[2023-11-08T17:52:15.368-0500] {logging_mixin.py:154} INFO - [2023-11-08T17:52:15.367-0500] {dag.py:2941} INFO - Sync 6 DAGs
[2023-11-08T17:52:15.377-0500] {logging_mixin.py:154} INFO - [2023-11-08T17:52:15.377-0500] {dag.py:3722} INFO - Setting next_dagrun for dataset_consumes_1 to None, run_after=None
[2023-11-08T17:52:15.379-0500] {logging_mixin.py:154} INFO - [2023-11-08T17:52:15.379-0500] {dag.py:3722} INFO - Setting next_dagrun for dataset_consumes_1_and_2 to None, run_after=None
[2023-11-08T17:52:15.379-0500] {logging_mixin.py:154} INFO - [2023-11-08T17:52:15.379-0500] {dag.py:3722} INFO - Setting next_dagrun for dataset_consumes_1_never_scheduled to None, run_after=None
[2023-11-08T17:52:15.380-0500] {logging_mixin.py:154} INFO - [2023-11-08T17:52:15.380-0500] {dag.py:3722} INFO - Setting next_dagrun for dataset_consumes_unknown_never_scheduled to None, run_after=None
[2023-11-08T17:52:15.381-0500] {logging_mixin.py:154} INFO - [2023-11-08T17:52:15.381-0500] {dag.py:3722} INFO - Setting next_dagrun for dataset_produces_1 to 2023-11-07T00:00:00+00:00, run_after=2023-11-08T00:00:00+00:00
[2023-11-08T17:52:15.381-0500] {logging_mixin.py:154} INFO - [2023-11-08T17:52:15.381-0500] {dag.py:3722} INFO - Setting next_dagrun for dataset_produces_2 to None, run_after=None
[2023-11-08T17:52:15.396-0500] {processor.py:179} INFO - Processing /Users/az/anaconda3/envs/python38/lib/python3.8/site-packages/airflow/example_dags/example_datasets.py took 0.163 seconds
[2023-11-08T17:54:07.307-0500] {processor.py:157} INFO - Started process (PID=49477) to work on /Users/az/anaconda3/envs/python38/lib/python3.8/site-packages/airflow/example_dags/example_datasets.py
[2023-11-08T17:54:07.312-0500] {processor.py:829} INFO - Processing file /Users/az/anaconda3/envs/python38/lib/python3.8/site-packages/airflow/example_dags/example_datasets.py for tasks to queue
[2023-11-08T17:54:07.312-0500] {logging_mixin.py:154} INFO - [2023-11-08T17:54:07.312-0500] {dagbag.py:536} INFO - Filling up the DagBag from /Users/az/anaconda3/envs/python38/lib/python3.8/site-packages/airflow/example_dags/example_datasets.py
[2023-11-08T17:54:07.329-0500] {processor.py:839} INFO - DAG(s) dict_keys(['dataset_consumes_1_and_2', 'dataset_consumes_1', 'dataset_produces_2', 'dataset_consumes_unknown_never_scheduled', 'dataset_produces_1', 'dataset_consumes_1_never_scheduled']) retrieved from /Users/az/anaconda3/envs/python38/lib/python3.8/site-packages/airflow/example_dags/example_datasets.py
[2023-11-08T17:54:07.443-0500] {logging_mixin.py:154} INFO - [2023-11-08T17:54:07.443-0500] {dag.py:2941} INFO - Sync 6 DAGs
[2023-11-08T17:54:07.452-0500] {logging_mixin.py:154} INFO - [2023-11-08T17:54:07.452-0500] {dag.py:3722} INFO - Setting next_dagrun for dataset_consumes_1 to None, run_after=None
[2023-11-08T17:54:07.454-0500] {logging_mixin.py:154} INFO - [2023-11-08T17:54:07.454-0500] {dag.py:3722} INFO - Setting next_dagrun for dataset_consumes_1_and_2 to None, run_after=None
[2023-11-08T17:54:07.454-0500] {logging_mixin.py:154} INFO - [2023-11-08T17:54:07.454-0500] {dag.py:3722} INFO - Setting next_dagrun for dataset_consumes_1_never_scheduled to None, run_after=None
[2023-11-08T17:54:07.455-0500] {logging_mixin.py:154} INFO - [2023-11-08T17:54:07.455-0500] {dag.py:3722} INFO - Setting next_dagrun for dataset_consumes_unknown_never_scheduled to None, run_after=None
[2023-11-08T17:54:07.456-0500] {logging_mixin.py:154} INFO - [2023-11-08T17:54:07.456-0500] {dag.py:3722} INFO - Setting next_dagrun for dataset_produces_1 to 2023-11-07T00:00:00+00:00, run_after=2023-11-08T00:00:00+00:00
[2023-11-08T17:54:07.457-0500] {logging_mixin.py:154} INFO - [2023-11-08T17:54:07.456-0500] {dag.py:3722} INFO - Setting next_dagrun for dataset_produces_2 to None, run_after=None
[2023-11-08T17:54:07.471-0500] {processor.py:179} INFO - Processing /Users/az/anaconda3/envs/python38/lib/python3.8/site-packages/airflow/example_dags/example_datasets.py took 0.165 seconds
[2023-11-08T17:56:08.318-0500] {processor.py:157} INFO - Started process (PID=49623) to work on /Users/az/anaconda3/envs/python38/lib/python3.8/site-packages/airflow/example_dags/example_datasets.py
[2023-11-08T17:56:08.322-0500] {processor.py:829} INFO - Processing file /Users/az/anaconda3/envs/python38/lib/python3.8/site-packages/airflow/example_dags/example_datasets.py for tasks to queue
[2023-11-08T17:56:08.322-0500] {logging_mixin.py:154} INFO - [2023-11-08T17:56:08.322-0500] {dagbag.py:536} INFO - Filling up the DagBag from /Users/az/anaconda3/envs/python38/lib/python3.8/site-packages/airflow/example_dags/example_datasets.py
[2023-11-08T17:56:08.339-0500] {processor.py:839} INFO - DAG(s) dict_keys(['dataset_produces_2', 'dataset_consumes_unknown_never_scheduled', 'dataset_consumes_1_never_scheduled', 'dataset_produces_1', 'dataset_consumes_1', 'dataset_consumes_1_and_2']) retrieved from /Users/az/anaconda3/envs/python38/lib/python3.8/site-packages/airflow/example_dags/example_datasets.py
[2023-11-08T17:56:08.453-0500] {logging_mixin.py:154} INFO - [2023-11-08T17:56:08.453-0500] {dag.py:2941} INFO - Sync 6 DAGs
[2023-11-08T17:56:08.462-0500] {logging_mixin.py:154} INFO - [2023-11-08T17:56:08.462-0500] {dag.py:3722} INFO - Setting next_dagrun for dataset_consumes_1 to None, run_after=None
[2023-11-08T17:56:08.464-0500] {logging_mixin.py:154} INFO - [2023-11-08T17:56:08.464-0500] {dag.py:3722} INFO - Setting next_dagrun for dataset_consumes_1_and_2 to None, run_after=None
[2023-11-08T17:56:08.464-0500] {logging_mixin.py:154} INFO - [2023-11-08T17:56:08.464-0500] {dag.py:3722} INFO - Setting next_dagrun for dataset_consumes_1_never_scheduled to None, run_after=None
[2023-11-08T17:56:08.465-0500] {logging_mixin.py:154} INFO - [2023-11-08T17:56:08.465-0500] {dag.py:3722} INFO - Setting next_dagrun for dataset_consumes_unknown_never_scheduled to None, run_after=None
[2023-11-08T17:56:08.466-0500] {logging_mixin.py:154} INFO - [2023-11-08T17:56:08.466-0500] {dag.py:3722} INFO - Setting next_dagrun for dataset_produces_1 to 2023-11-07T00:00:00+00:00, run_after=2023-11-08T00:00:00+00:00
[2023-11-08T17:56:08.466-0500] {logging_mixin.py:154} INFO - [2023-11-08T17:56:08.466-0500] {dag.py:3722} INFO - Setting next_dagrun for dataset_produces_2 to None, run_after=None
[2023-11-08T17:56:08.482-0500] {processor.py:179} INFO - Processing /Users/az/anaconda3/envs/python38/lib/python3.8/site-packages/airflow/example_dags/example_datasets.py took 0.164 seconds
[2023-11-08T17:58:08.625-0500] {processor.py:157} INFO - Started process (PID=49790) to work on /Users/az/anaconda3/envs/python38/lib/python3.8/site-packages/airflow/example_dags/example_datasets.py
[2023-11-08T17:58:08.630-0500] {processor.py:829} INFO - Processing file /Users/az/anaconda3/envs/python38/lib/python3.8/site-packages/airflow/example_dags/example_datasets.py for tasks to queue
[2023-11-08T17:58:08.630-0500] {logging_mixin.py:154} INFO - [2023-11-08T17:58:08.630-0500] {dagbag.py:536} INFO - Filling up the DagBag from /Users/az/anaconda3/envs/python38/lib/python3.8/site-packages/airflow/example_dags/example_datasets.py
[2023-11-08T17:58:08.647-0500] {processor.py:839} INFO - DAG(s) dict_keys(['dataset_produces_1', 'dataset_consumes_1', 'dataset_produces_2', 'dataset_consumes_1_never_scheduled', 'dataset_consumes_1_and_2', 'dataset_consumes_unknown_never_scheduled']) retrieved from /Users/az/anaconda3/envs/python38/lib/python3.8/site-packages/airflow/example_dags/example_datasets.py
[2023-11-08T17:58:08.761-0500] {logging_mixin.py:154} INFO - [2023-11-08T17:58:08.761-0500] {dag.py:2941} INFO - Sync 6 DAGs
[2023-11-08T17:58:08.771-0500] {logging_mixin.py:154} INFO - [2023-11-08T17:58:08.770-0500] {dag.py:3722} INFO - Setting next_dagrun for dataset_consumes_1 to None, run_after=None
[2023-11-08T17:58:08.772-0500] {logging_mixin.py:154} INFO - [2023-11-08T17:58:08.772-0500] {dag.py:3722} INFO - Setting next_dagrun for dataset_consumes_1_and_2 to None, run_after=None
[2023-11-08T17:58:08.773-0500] {logging_mixin.py:154} INFO - [2023-11-08T17:58:08.773-0500] {dag.py:3722} INFO - Setting next_dagrun for dataset_consumes_1_never_scheduled to None, run_after=None
[2023-11-08T17:58:08.773-0500] {logging_mixin.py:154} INFO - [2023-11-08T17:58:08.773-0500] {dag.py:3722} INFO - Setting next_dagrun for dataset_consumes_unknown_never_scheduled to None, run_after=None
[2023-11-08T17:58:08.774-0500] {logging_mixin.py:154} INFO - [2023-11-08T17:58:08.774-0500] {dag.py:3722} INFO - Setting next_dagrun for dataset_produces_1 to 2023-11-07T00:00:00+00:00, run_after=2023-11-08T00:00:00+00:00
[2023-11-08T17:58:08.775-0500] {logging_mixin.py:154} INFO - [2023-11-08T17:58:08.775-0500] {dag.py:3722} INFO - Setting next_dagrun for dataset_produces_2 to None, run_after=None
[2023-11-08T17:58:08.790-0500] {processor.py:179} INFO - Processing /Users/az/anaconda3/envs/python38/lib/python3.8/site-packages/airflow/example_dags/example_datasets.py took 0.165 seconds
[2023-11-08T18:00:09.879-0500] {processor.py:157} INFO - Started process (PID=49945) to work on /Users/az/anaconda3/envs/python38/lib/python3.8/site-packages/airflow/example_dags/example_datasets.py
[2023-11-08T18:00:09.884-0500] {processor.py:829} INFO - Processing file /Users/az/anaconda3/envs/python38/lib/python3.8/site-packages/airflow/example_dags/example_datasets.py for tasks to queue
[2023-11-08T18:00:09.884-0500] {logging_mixin.py:154} INFO - [2023-11-08T18:00:09.884-0500] {dagbag.py:536} INFO - Filling up the DagBag from /Users/az/anaconda3/envs/python38/lib/python3.8/site-packages/airflow/example_dags/example_datasets.py
[2023-11-08T18:00:09.901-0500] {processor.py:839} INFO - DAG(s) dict_keys(['dataset_produces_1', 'dataset_consumes_1_and_2', 'dataset_consumes_1_never_scheduled', 'dataset_produces_2', 'dataset_consumes_1', 'dataset_consumes_unknown_never_scheduled']) retrieved from /Users/az/anaconda3/envs/python38/lib/python3.8/site-packages/airflow/example_dags/example_datasets.py
[2023-11-08T18:00:10.015-0500] {logging_mixin.py:154} INFO - [2023-11-08T18:00:10.015-0500] {dag.py:2941} INFO - Sync 6 DAGs
[2023-11-08T18:00:10.025-0500] {logging_mixin.py:154} INFO - [2023-11-08T18:00:10.025-0500] {dag.py:3722} INFO - Setting next_dagrun for dataset_consumes_1 to None, run_after=None
[2023-11-08T18:00:10.026-0500] {logging_mixin.py:154} INFO - [2023-11-08T18:00:10.026-0500] {dag.py:3722} INFO - Setting next_dagrun for dataset_consumes_1_and_2 to None, run_after=None
[2023-11-08T18:00:10.027-0500] {logging_mixin.py:154} INFO - [2023-11-08T18:00:10.027-0500] {dag.py:3722} INFO - Setting next_dagrun for dataset_consumes_1_never_scheduled to None, run_after=None
[2023-11-08T18:00:10.027-0500] {logging_mixin.py:154} INFO - [2023-11-08T18:00:10.027-0500] {dag.py:3722} INFO - Setting next_dagrun for dataset_consumes_unknown_never_scheduled to None, run_after=None
[2023-11-08T18:00:10.029-0500] {logging_mixin.py:154} INFO - [2023-11-08T18:00:10.028-0500] {dag.py:3722} INFO - Setting next_dagrun for dataset_produces_1 to 2023-11-07T00:00:00+00:00, run_after=2023-11-08T00:00:00+00:00
[2023-11-08T18:00:10.029-0500] {logging_mixin.py:154} INFO - [2023-11-08T18:00:10.029-0500] {dag.py:3722} INFO - Setting next_dagrun for dataset_produces_2 to None, run_after=None
[2023-11-08T18:00:10.044-0500] {processor.py:179} INFO - Processing /Users/az/anaconda3/envs/python38/lib/python3.8/site-packages/airflow/example_dags/example_datasets.py took 0.166 seconds
[2023-11-08T18:02:07.759-0500] {processor.py:157} INFO - Started process (PID=50117) to work on /Users/az/anaconda3/envs/python38/lib/python3.8/site-packages/airflow/example_dags/example_datasets.py
[2023-11-08T18:02:07.763-0500] {processor.py:829} INFO - Processing file /Users/az/anaconda3/envs/python38/lib/python3.8/site-packages/airflow/example_dags/example_datasets.py for tasks to queue
[2023-11-08T18:02:07.764-0500] {logging_mixin.py:154} INFO - [2023-11-08T18:02:07.763-0500] {dagbag.py:536} INFO - Filling up the DagBag from /Users/az/anaconda3/envs/python38/lib/python3.8/site-packages/airflow/example_dags/example_datasets.py
[2023-11-08T18:02:07.780-0500] {processor.py:839} INFO - DAG(s) dict_keys(['dataset_produces_2', 'dataset_consumes_unknown_never_scheduled', 'dataset_produces_1', 'dataset_consumes_1_never_scheduled', 'dataset_consumes_1_and_2', 'dataset_consumes_1']) retrieved from /Users/az/anaconda3/envs/python38/lib/python3.8/site-packages/airflow/example_dags/example_datasets.py
[2023-11-08T18:02:07.895-0500] {logging_mixin.py:154} INFO - [2023-11-08T18:02:07.895-0500] {dag.py:2941} INFO - Sync 6 DAGs
[2023-11-08T18:02:07.904-0500] {logging_mixin.py:154} INFO - [2023-11-08T18:02:07.904-0500] {dag.py:3722} INFO - Setting next_dagrun for dataset_consumes_1 to None, run_after=None
[2023-11-08T18:02:07.906-0500] {logging_mixin.py:154} INFO - [2023-11-08T18:02:07.906-0500] {dag.py:3722} INFO - Setting next_dagrun for dataset_consumes_1_and_2 to None, run_after=None
[2023-11-08T18:02:07.907-0500] {logging_mixin.py:154} INFO - [2023-11-08T18:02:07.906-0500] {dag.py:3722} INFO - Setting next_dagrun for dataset_consumes_1_never_scheduled to None, run_after=None
[2023-11-08T18:02:07.907-0500] {logging_mixin.py:154} INFO - [2023-11-08T18:02:07.907-0500] {dag.py:3722} INFO - Setting next_dagrun for dataset_consumes_unknown_never_scheduled to None, run_after=None
[2023-11-08T18:02:07.908-0500] {logging_mixin.py:154} INFO - [2023-11-08T18:02:07.908-0500] {dag.py:3722} INFO - Setting next_dagrun for dataset_produces_1 to 2023-11-07T00:00:00+00:00, run_after=2023-11-08T00:00:00+00:00
[2023-11-08T18:02:07.909-0500] {logging_mixin.py:154} INFO - [2023-11-08T18:02:07.909-0500] {dag.py:3722} INFO - Setting next_dagrun for dataset_produces_2 to None, run_after=None
[2023-11-08T18:02:07.924-0500] {processor.py:179} INFO - Processing /Users/az/anaconda3/envs/python38/lib/python3.8/site-packages/airflow/example_dags/example_datasets.py took 0.166 seconds
[2023-11-08T18:04:07.153-0500] {processor.py:157} INFO - Started process (PID=50441) to work on /Users/az/anaconda3/envs/python38/lib/python3.8/site-packages/airflow/example_dags/example_datasets.py
[2023-11-08T18:04:07.158-0500] {processor.py:829} INFO - Processing file /Users/az/anaconda3/envs/python38/lib/python3.8/site-packages/airflow/example_dags/example_datasets.py for tasks to queue
[2023-11-08T18:04:07.158-0500] {logging_mixin.py:154} INFO - [2023-11-08T18:04:07.158-0500] {dagbag.py:536} INFO - Filling up the DagBag from /Users/az/anaconda3/envs/python38/lib/python3.8/site-packages/airflow/example_dags/example_datasets.py
[2023-11-08T18:04:07.175-0500] {processor.py:839} INFO - DAG(s) dict_keys(['dataset_produces_2', 'dataset_consumes_1_and_2', 'dataset_produces_1', 'dataset_consumes_1', 'dataset_consumes_unknown_never_scheduled', 'dataset_consumes_1_never_scheduled']) retrieved from /Users/az/anaconda3/envs/python38/lib/python3.8/site-packages/airflow/example_dags/example_datasets.py
[2023-11-08T18:04:07.291-0500] {logging_mixin.py:154} INFO - [2023-11-08T18:04:07.291-0500] {dag.py:2941} INFO - Sync 6 DAGs
[2023-11-08T18:04:07.301-0500] {logging_mixin.py:154} INFO - [2023-11-08T18:04:07.301-0500] {dag.py:3722} INFO - Setting next_dagrun for dataset_consumes_1 to None, run_after=None
[2023-11-08T18:04:07.303-0500] {logging_mixin.py:154} INFO - [2023-11-08T18:04:07.302-0500] {dag.py:3722} INFO - Setting next_dagrun for dataset_consumes_1_and_2 to None, run_after=None
[2023-11-08T18:04:07.303-0500] {logging_mixin.py:154} INFO - [2023-11-08T18:04:07.303-0500] {dag.py:3722} INFO - Setting next_dagrun for dataset_consumes_1_never_scheduled to None, run_after=None
[2023-11-08T18:04:07.303-0500] {logging_mixin.py:154} INFO - [2023-11-08T18:04:07.303-0500] {dag.py:3722} INFO - Setting next_dagrun for dataset_consumes_unknown_never_scheduled to None, run_after=None
[2023-11-08T18:04:07.305-0500] {logging_mixin.py:154} INFO - [2023-11-08T18:04:07.305-0500] {dag.py:3722} INFO - Setting next_dagrun for dataset_produces_1 to 2023-11-07T00:00:00+00:00, run_after=2023-11-08T00:00:00+00:00
[2023-11-08T18:04:07.305-0500] {logging_mixin.py:154} INFO - [2023-11-08T18:04:07.305-0500] {dag.py:3722} INFO - Setting next_dagrun for dataset_produces_2 to None, run_after=None
[2023-11-08T18:04:07.320-0500] {processor.py:179} INFO - Processing /Users/az/anaconda3/envs/python38/lib/python3.8/site-packages/airflow/example_dags/example_datasets.py took 0.168 seconds
[2023-11-08T18:06:03.987-0500] {processor.py:157} INFO - Started process (PID=50587) to work on /Users/az/anaconda3/envs/python38/lib/python3.8/site-packages/airflow/example_dags/example_datasets.py
[2023-11-08T18:06:03.992-0500] {processor.py:829} INFO - Processing file /Users/az/anaconda3/envs/python38/lib/python3.8/site-packages/airflow/example_dags/example_datasets.py for tasks to queue
[2023-11-08T18:06:03.992-0500] {logging_mixin.py:154} INFO - [2023-11-08T18:06:03.992-0500] {dagbag.py:536} INFO - Filling up the DagBag from /Users/az/anaconda3/envs/python38/lib/python3.8/site-packages/airflow/example_dags/example_datasets.py
[2023-11-08T18:06:04.010-0500] {processor.py:839} INFO - DAG(s) dict_keys(['dataset_consumes_unknown_never_scheduled', 'dataset_consumes_1', 'dataset_consumes_1_and_2', 'dataset_produces_1', 'dataset_consumes_1_never_scheduled', 'dataset_produces_2']) retrieved from /Users/az/anaconda3/envs/python38/lib/python3.8/site-packages/airflow/example_dags/example_datasets.py
[2023-11-08T18:06:04.125-0500] {logging_mixin.py:154} INFO - [2023-11-08T18:06:04.125-0500] {dag.py:2941} INFO - Sync 6 DAGs
[2023-11-08T18:06:04.134-0500] {logging_mixin.py:154} INFO - [2023-11-08T18:06:04.134-0500] {dag.py:3722} INFO - Setting next_dagrun for dataset_consumes_1 to None, run_after=None
[2023-11-08T18:06:04.136-0500] {logging_mixin.py:154} INFO - [2023-11-08T18:06:04.136-0500] {dag.py:3722} INFO - Setting next_dagrun for dataset_consumes_1_and_2 to None, run_after=None
[2023-11-08T18:06:04.136-0500] {logging_mixin.py:154} INFO - [2023-11-08T18:06:04.136-0500] {dag.py:3722} INFO - Setting next_dagrun for dataset_consumes_1_never_scheduled to None, run_after=None
[2023-11-08T18:06:04.137-0500] {logging_mixin.py:154} INFO - [2023-11-08T18:06:04.137-0500] {dag.py:3722} INFO - Setting next_dagrun for dataset_consumes_unknown_never_scheduled to None, run_after=None
[2023-11-08T18:06:04.138-0500] {logging_mixin.py:154} INFO - [2023-11-08T18:06:04.138-0500] {dag.py:3722} INFO - Setting next_dagrun for dataset_produces_1 to 2023-11-07T00:00:00+00:00, run_after=2023-11-08T00:00:00+00:00
[2023-11-08T18:06:04.139-0500] {logging_mixin.py:154} INFO - [2023-11-08T18:06:04.139-0500] {dag.py:3722} INFO - Setting next_dagrun for dataset_produces_2 to None, run_after=None
[2023-11-08T18:06:04.154-0500] {processor.py:179} INFO - Processing /Users/az/anaconda3/envs/python38/lib/python3.8/site-packages/airflow/example_dags/example_datasets.py took 0.167 seconds
[2023-11-08T18:07:56.395-0500] {processor.py:157} INFO - Started process (PID=50759) to work on /Users/az/anaconda3/envs/python38/lib/python3.8/site-packages/airflow/example_dags/example_datasets.py
[2023-11-08T18:07:56.399-0500] {processor.py:829} INFO - Processing file /Users/az/anaconda3/envs/python38/lib/python3.8/site-packages/airflow/example_dags/example_datasets.py for tasks to queue
[2023-11-08T18:07:56.399-0500] {logging_mixin.py:154} INFO - [2023-11-08T18:07:56.399-0500] {dagbag.py:536} INFO - Filling up the DagBag from /Users/az/anaconda3/envs/python38/lib/python3.8/site-packages/airflow/example_dags/example_datasets.py
[2023-11-08T18:07:56.416-0500] {processor.py:839} INFO - DAG(s) dict_keys(['dataset_produces_2', 'dataset_consumes_1_never_scheduled', 'dataset_consumes_1_and_2', 'dataset_consumes_unknown_never_scheduled', 'dataset_produces_1', 'dataset_consumes_1']) retrieved from /Users/az/anaconda3/envs/python38/lib/python3.8/site-packages/airflow/example_dags/example_datasets.py
[2023-11-08T18:07:56.536-0500] {logging_mixin.py:154} INFO - [2023-11-08T18:07:56.536-0500] {dag.py:2941} INFO - Sync 6 DAGs
[2023-11-08T18:07:56.546-0500] {logging_mixin.py:154} INFO - [2023-11-08T18:07:56.546-0500] {dag.py:3722} INFO - Setting next_dagrun for dataset_consumes_1 to None, run_after=None
[2023-11-08T18:07:56.547-0500] {logging_mixin.py:154} INFO - [2023-11-08T18:07:56.547-0500] {dag.py:3722} INFO - Setting next_dagrun for dataset_consumes_1_and_2 to None, run_after=None
[2023-11-08T18:07:56.548-0500] {logging_mixin.py:154} INFO - [2023-11-08T18:07:56.548-0500] {dag.py:3722} INFO - Setting next_dagrun for dataset_consumes_1_never_scheduled to None, run_after=None
[2023-11-08T18:07:56.548-0500] {logging_mixin.py:154} INFO - [2023-11-08T18:07:56.548-0500] {dag.py:3722} INFO - Setting next_dagrun for dataset_consumes_unknown_never_scheduled to None, run_after=None
[2023-11-08T18:07:56.550-0500] {logging_mixin.py:154} INFO - [2023-11-08T18:07:56.550-0500] {dag.py:3722} INFO - Setting next_dagrun for dataset_produces_1 to 2023-11-07T00:00:00+00:00, run_after=2023-11-08T00:00:00+00:00
[2023-11-08T18:07:56.550-0500] {logging_mixin.py:154} INFO - [2023-11-08T18:07:56.550-0500] {dag.py:3722} INFO - Setting next_dagrun for dataset_produces_2 to None, run_after=None
[2023-11-08T18:07:56.565-0500] {processor.py:179} INFO - Processing /Users/az/anaconda3/envs/python38/lib/python3.8/site-packages/airflow/example_dags/example_datasets.py took 0.170 seconds
[2023-11-08T18:09:55.899-0500] {processor.py:157} INFO - Started process (PID=50918) to work on /Users/az/anaconda3/envs/python38/lib/python3.8/site-packages/airflow/example_dags/example_datasets.py
[2023-11-08T18:09:55.904-0500] {processor.py:829} INFO - Processing file /Users/az/anaconda3/envs/python38/lib/python3.8/site-packages/airflow/example_dags/example_datasets.py for tasks to queue
[2023-11-08T18:09:55.904-0500] {logging_mixin.py:154} INFO - [2023-11-08T18:09:55.904-0500] {dagbag.py:536} INFO - Filling up the DagBag from /Users/az/anaconda3/envs/python38/lib/python3.8/site-packages/airflow/example_dags/example_datasets.py
[2023-11-08T18:09:55.921-0500] {processor.py:839} INFO - DAG(s) dict_keys(['dataset_produces_2', 'dataset_consumes_unknown_never_scheduled', 'dataset_consumes_1_never_scheduled', 'dataset_consumes_1', 'dataset_consumes_1_and_2', 'dataset_produces_1']) retrieved from /Users/az/anaconda3/envs/python38/lib/python3.8/site-packages/airflow/example_dags/example_datasets.py
[2023-11-08T18:09:56.035-0500] {logging_mixin.py:154} INFO - [2023-11-08T18:09:56.035-0500] {dag.py:2941} INFO - Sync 6 DAGs
[2023-11-08T18:09:56.045-0500] {logging_mixin.py:154} INFO - [2023-11-08T18:09:56.045-0500] {dag.py:3722} INFO - Setting next_dagrun for dataset_consumes_1 to None, run_after=None
[2023-11-08T18:09:56.046-0500] {logging_mixin.py:154} INFO - [2023-11-08T18:09:56.046-0500] {dag.py:3722} INFO - Setting next_dagrun for dataset_consumes_1_and_2 to None, run_after=None
[2023-11-08T18:09:56.047-0500] {logging_mixin.py:154} INFO - [2023-11-08T18:09:56.047-0500] {dag.py:3722} INFO - Setting next_dagrun for dataset_consumes_1_never_scheduled to None, run_after=None
[2023-11-08T18:09:56.047-0500] {logging_mixin.py:154} INFO - [2023-11-08T18:09:56.047-0500] {dag.py:3722} INFO - Setting next_dagrun for dataset_consumes_unknown_never_scheduled to None, run_after=None
[2023-11-08T18:09:56.049-0500] {logging_mixin.py:154} INFO - [2023-11-08T18:09:56.048-0500] {dag.py:3722} INFO - Setting next_dagrun for dataset_produces_1 to 2023-11-07T00:00:00+00:00, run_after=2023-11-08T00:00:00+00:00
[2023-11-08T18:09:56.049-0500] {logging_mixin.py:154} INFO - [2023-11-08T18:09:56.049-0500] {dag.py:3722} INFO - Setting next_dagrun for dataset_produces_2 to None, run_after=None
[2023-11-08T18:09:56.064-0500] {processor.py:179} INFO - Processing /Users/az/anaconda3/envs/python38/lib/python3.8/site-packages/airflow/example_dags/example_datasets.py took 0.165 seconds
[2023-11-08T18:11:56.280-0500] {processor.py:157} INFO - Started process (PID=51067) to work on /Users/az/anaconda3/envs/python38/lib/python3.8/site-packages/airflow/example_dags/example_datasets.py
[2023-11-08T18:11:56.284-0500] {processor.py:829} INFO - Processing file /Users/az/anaconda3/envs/python38/lib/python3.8/site-packages/airflow/example_dags/example_datasets.py for tasks to queue
[2023-11-08T18:11:56.284-0500] {logging_mixin.py:154} INFO - [2023-11-08T18:11:56.284-0500] {dagbag.py:536} INFO - Filling up the DagBag from /Users/az/anaconda3/envs/python38/lib/python3.8/site-packages/airflow/example_dags/example_datasets.py
[2023-11-08T18:11:56.300-0500] {processor.py:839} INFO - DAG(s) dict_keys(['dataset_produces_1', 'dataset_consumes_unknown_never_scheduled', 'dataset_produces_2', 'dataset_consumes_1', 'dataset_consumes_1_and_2', 'dataset_consumes_1_never_scheduled']) retrieved from /Users/az/anaconda3/envs/python38/lib/python3.8/site-packages/airflow/example_dags/example_datasets.py
[2023-11-08T18:11:56.415-0500] {logging_mixin.py:154} INFO - [2023-11-08T18:11:56.415-0500] {dag.py:2941} INFO - Sync 6 DAGs
[2023-11-08T18:11:56.424-0500] {logging_mixin.py:154} INFO - [2023-11-08T18:11:56.424-0500] {dag.py:3722} INFO - Setting next_dagrun for dataset_consumes_1 to None, run_after=None
[2023-11-08T18:11:56.426-0500] {logging_mixin.py:154} INFO - [2023-11-08T18:11:56.426-0500] {dag.py:3722} INFO - Setting next_dagrun for dataset_consumes_1_and_2 to None, run_after=None
[2023-11-08T18:11:56.426-0500] {logging_mixin.py:154} INFO - [2023-11-08T18:11:56.426-0500] {dag.py:3722} INFO - Setting next_dagrun for dataset_consumes_1_never_scheduled to None, run_after=None
[2023-11-08T18:11:56.427-0500] {logging_mixin.py:154} INFO - [2023-11-08T18:11:56.427-0500] {dag.py:3722} INFO - Setting next_dagrun for dataset_consumes_unknown_never_scheduled to None, run_after=None
[2023-11-08T18:11:56.428-0500] {logging_mixin.py:154} INFO - [2023-11-08T18:11:56.428-0500] {dag.py:3722} INFO - Setting next_dagrun for dataset_produces_1 to 2023-11-07T00:00:00+00:00, run_after=2023-11-08T00:00:00+00:00
[2023-11-08T18:11:56.429-0500] {logging_mixin.py:154} INFO - [2023-11-08T18:11:56.428-0500] {dag.py:3722} INFO - Setting next_dagrun for dataset_produces_2 to None, run_after=None
[2023-11-08T18:11:56.444-0500] {processor.py:179} INFO - Processing /Users/az/anaconda3/envs/python38/lib/python3.8/site-packages/airflow/example_dags/example_datasets.py took 0.164 seconds
[2023-11-08T18:23:20.025-0500] {processor.py:157} INFO - Started process (PID=51215) to work on /Users/az/anaconda3/envs/python38/lib/python3.8/site-packages/airflow/example_dags/example_datasets.py
[2023-11-08T18:23:20.030-0500] {processor.py:829} INFO - Processing file /Users/az/anaconda3/envs/python38/lib/python3.8/site-packages/airflow/example_dags/example_datasets.py for tasks to queue
[2023-11-08T18:23:20.030-0500] {logging_mixin.py:154} INFO - [2023-11-08T18:23:20.030-0500] {dagbag.py:536} INFO - Filling up the DagBag from /Users/az/anaconda3/envs/python38/lib/python3.8/site-packages/airflow/example_dags/example_datasets.py
[2023-11-08T18:23:20.048-0500] {processor.py:839} INFO - DAG(s) dict_keys(['dataset_consumes_unknown_never_scheduled', 'dataset_consumes_1_never_scheduled', 'dataset_consumes_1_and_2', 'dataset_produces_1', 'dataset_consumes_1', 'dataset_produces_2']) retrieved from /Users/az/anaconda3/envs/python38/lib/python3.8/site-packages/airflow/example_dags/example_datasets.py
[2023-11-08T18:23:20.164-0500] {logging_mixin.py:154} INFO - [2023-11-08T18:23:20.164-0500] {dag.py:2941} INFO - Sync 6 DAGs
[2023-11-08T18:23:20.174-0500] {logging_mixin.py:154} INFO - [2023-11-08T18:23:20.173-0500] {dag.py:3722} INFO - Setting next_dagrun for dataset_consumes_1 to None, run_after=None
[2023-11-08T18:23:20.175-0500] {logging_mixin.py:154} INFO - [2023-11-08T18:23:20.175-0500] {dag.py:3722} INFO - Setting next_dagrun for dataset_consumes_1_and_2 to None, run_after=None
[2023-11-08T18:23:20.176-0500] {logging_mixin.py:154} INFO - [2023-11-08T18:23:20.176-0500] {dag.py:3722} INFO - Setting next_dagrun for dataset_consumes_1_never_scheduled to None, run_after=None
[2023-11-08T18:23:20.176-0500] {logging_mixin.py:154} INFO - [2023-11-08T18:23:20.176-0500] {dag.py:3722} INFO - Setting next_dagrun for dataset_consumes_unknown_never_scheduled to None, run_after=None
[2023-11-08T18:23:20.177-0500] {logging_mixin.py:154} INFO - [2023-11-08T18:23:20.177-0500] {dag.py:3722} INFO - Setting next_dagrun for dataset_produces_1 to 2023-11-07T00:00:00+00:00, run_after=2023-11-08T00:00:00+00:00
[2023-11-08T18:23:20.178-0500] {logging_mixin.py:154} INFO - [2023-11-08T18:23:20.178-0500] {dag.py:3722} INFO - Setting next_dagrun for dataset_produces_2 to None, run_after=None
[2023-11-08T18:23:20.194-0500] {processor.py:179} INFO - Processing /Users/az/anaconda3/envs/python38/lib/python3.8/site-packages/airflow/example_dags/example_datasets.py took 0.169 seconds
[2023-11-08T18:32:04.227-0500] {processor.py:157} INFO - Started process (PID=51364) to work on /Users/az/anaconda3/envs/python38/lib/python3.8/site-packages/airflow/example_dags/example_datasets.py
[2023-11-08T18:32:04.232-0500] {processor.py:829} INFO - Processing file /Users/az/anaconda3/envs/python38/lib/python3.8/site-packages/airflow/example_dags/example_datasets.py for tasks to queue
[2023-11-08T18:32:04.232-0500] {logging_mixin.py:154} INFO - [2023-11-08T18:32:04.232-0500] {dagbag.py:536} INFO - Filling up the DagBag from /Users/az/anaconda3/envs/python38/lib/python3.8/site-packages/airflow/example_dags/example_datasets.py
[2023-11-08T18:32:04.248-0500] {processor.py:839} INFO - DAG(s) dict_keys(['dataset_consumes_1_never_scheduled', 'dataset_produces_2', 'dataset_consumes_1', 'dataset_produces_1', 'dataset_consumes_unknown_never_scheduled', 'dataset_consumes_1_and_2']) retrieved from /Users/az/anaconda3/envs/python38/lib/python3.8/site-packages/airflow/example_dags/example_datasets.py
[2023-11-08T18:32:04.362-0500] {logging_mixin.py:154} INFO - [2023-11-08T18:32:04.362-0500] {dag.py:2941} INFO - Sync 6 DAGs
[2023-11-08T18:32:04.372-0500] {logging_mixin.py:154} INFO - [2023-11-08T18:32:04.371-0500] {dag.py:3722} INFO - Setting next_dagrun for dataset_consumes_1 to None, run_after=None
[2023-11-08T18:32:04.373-0500] {logging_mixin.py:154} INFO - [2023-11-08T18:32:04.373-0500] {dag.py:3722} INFO - Setting next_dagrun for dataset_consumes_1_and_2 to None, run_after=None
[2023-11-08T18:32:04.374-0500] {logging_mixin.py:154} INFO - [2023-11-08T18:32:04.374-0500] {dag.py:3722} INFO - Setting next_dagrun for dataset_consumes_1_never_scheduled to None, run_after=None
[2023-11-08T18:32:04.374-0500] {logging_mixin.py:154} INFO - [2023-11-08T18:32:04.374-0500] {dag.py:3722} INFO - Setting next_dagrun for dataset_consumes_unknown_never_scheduled to None, run_after=None
[2023-11-08T18:32:04.375-0500] {logging_mixin.py:154} INFO - [2023-11-08T18:32:04.375-0500] {dag.py:3722} INFO - Setting next_dagrun for dataset_produces_1 to 2023-11-07T00:00:00+00:00, run_after=2023-11-08T00:00:00+00:00
[2023-11-08T18:32:04.376-0500] {logging_mixin.py:154} INFO - [2023-11-08T18:32:04.376-0500] {dag.py:3722} INFO - Setting next_dagrun for dataset_produces_2 to None, run_after=None
[2023-11-08T18:32:04.391-0500] {processor.py:179} INFO - Processing /Users/az/anaconda3/envs/python38/lib/python3.8/site-packages/airflow/example_dags/example_datasets.py took 0.165 seconds
[2023-11-08T18:34:09.621-0500] {processor.py:157} INFO - Started process (PID=51526) to work on /Users/az/anaconda3/envs/python38/lib/python3.8/site-packages/airflow/example_dags/example_datasets.py
[2023-11-08T18:34:09.626-0500] {processor.py:829} INFO - Processing file /Users/az/anaconda3/envs/python38/lib/python3.8/site-packages/airflow/example_dags/example_datasets.py for tasks to queue
[2023-11-08T18:34:09.626-0500] {logging_mixin.py:154} INFO - [2023-11-08T18:34:09.626-0500] {dagbag.py:536} INFO - Filling up the DagBag from /Users/az/anaconda3/envs/python38/lib/python3.8/site-packages/airflow/example_dags/example_datasets.py
[2023-11-08T18:34:09.643-0500] {processor.py:839} INFO - DAG(s) dict_keys(['dataset_consumes_unknown_never_scheduled', 'dataset_consumes_1_and_2', 'dataset_consumes_1_never_scheduled', 'dataset_produces_1', 'dataset_consumes_1', 'dataset_produces_2']) retrieved from /Users/az/anaconda3/envs/python38/lib/python3.8/site-packages/airflow/example_dags/example_datasets.py
[2023-11-08T18:34:09.756-0500] {logging_mixin.py:154} INFO - [2023-11-08T18:34:09.756-0500] {dag.py:2941} INFO - Sync 6 DAGs
[2023-11-08T18:34:09.766-0500] {logging_mixin.py:154} INFO - [2023-11-08T18:34:09.765-0500] {dag.py:3722} INFO - Setting next_dagrun for dataset_consumes_1 to None, run_after=None
[2023-11-08T18:34:09.767-0500] {logging_mixin.py:154} INFO - [2023-11-08T18:34:09.767-0500] {dag.py:3722} INFO - Setting next_dagrun for dataset_consumes_1_and_2 to None, run_after=None
[2023-11-08T18:34:09.768-0500] {logging_mixin.py:154} INFO - [2023-11-08T18:34:09.768-0500] {dag.py:3722} INFO - Setting next_dagrun for dataset_consumes_1_never_scheduled to None, run_after=None
[2023-11-08T18:34:09.768-0500] {logging_mixin.py:154} INFO - [2023-11-08T18:34:09.768-0500] {dag.py:3722} INFO - Setting next_dagrun for dataset_consumes_unknown_never_scheduled to None, run_after=None
[2023-11-08T18:34:09.769-0500] {logging_mixin.py:154} INFO - [2023-11-08T18:34:09.769-0500] {dag.py:3722} INFO - Setting next_dagrun for dataset_produces_1 to 2023-11-07T00:00:00+00:00, run_after=2023-11-08T00:00:00+00:00
[2023-11-08T18:34:09.770-0500] {logging_mixin.py:154} INFO - [2023-11-08T18:34:09.770-0500] {dag.py:3722} INFO - Setting next_dagrun for dataset_produces_2 to None, run_after=None
[2023-11-08T18:34:09.785-0500] {processor.py:179} INFO - Processing /Users/az/anaconda3/envs/python38/lib/python3.8/site-packages/airflow/example_dags/example_datasets.py took 0.165 seconds
[2023-11-08T18:36:08.723-0500] {processor.py:157} INFO - Started process (PID=51674) to work on /Users/az/anaconda3/envs/python38/lib/python3.8/site-packages/airflow/example_dags/example_datasets.py
[2023-11-08T18:36:08.727-0500] {processor.py:829} INFO - Processing file /Users/az/anaconda3/envs/python38/lib/python3.8/site-packages/airflow/example_dags/example_datasets.py for tasks to queue
[2023-11-08T18:36:08.728-0500] {logging_mixin.py:154} INFO - [2023-11-08T18:36:08.728-0500] {dagbag.py:536} INFO - Filling up the DagBag from /Users/az/anaconda3/envs/python38/lib/python3.8/site-packages/airflow/example_dags/example_datasets.py
[2023-11-08T18:36:08.745-0500] {processor.py:839} INFO - DAG(s) dict_keys(['dataset_consumes_unknown_never_scheduled', 'dataset_consumes_1', 'dataset_consumes_1_and_2', 'dataset_produces_1', 'dataset_consumes_1_never_scheduled', 'dataset_produces_2']) retrieved from /Users/az/anaconda3/envs/python38/lib/python3.8/site-packages/airflow/example_dags/example_datasets.py
[2023-11-08T18:36:08.860-0500] {logging_mixin.py:154} INFO - [2023-11-08T18:36:08.860-0500] {dag.py:2941} INFO - Sync 6 DAGs
[2023-11-08T18:36:08.870-0500] {logging_mixin.py:154} INFO - [2023-11-08T18:36:08.869-0500] {dag.py:3722} INFO - Setting next_dagrun for dataset_consumes_1 to None, run_after=None
[2023-11-08T18:36:08.871-0500] {logging_mixin.py:154} INFO - [2023-11-08T18:36:08.871-0500] {dag.py:3722} INFO - Setting next_dagrun for dataset_consumes_1_and_2 to None, run_after=None
[2023-11-08T18:36:08.872-0500] {logging_mixin.py:154} INFO - [2023-11-08T18:36:08.872-0500] {dag.py:3722} INFO - Setting next_dagrun for dataset_consumes_1_never_scheduled to None, run_after=None
[2023-11-08T18:36:08.872-0500] {logging_mixin.py:154} INFO - [2023-11-08T18:36:08.872-0500] {dag.py:3722} INFO - Setting next_dagrun for dataset_consumes_unknown_never_scheduled to None, run_after=None
[2023-11-08T18:36:08.874-0500] {logging_mixin.py:154} INFO - [2023-11-08T18:36:08.873-0500] {dag.py:3722} INFO - Setting next_dagrun for dataset_produces_1 to 2023-11-07T00:00:00+00:00, run_after=2023-11-08T00:00:00+00:00
[2023-11-08T18:36:08.874-0500] {logging_mixin.py:154} INFO - [2023-11-08T18:36:08.874-0500] {dag.py:3722} INFO - Setting next_dagrun for dataset_produces_2 to None, run_after=None
[2023-11-08T18:36:08.891-0500] {processor.py:179} INFO - Processing /Users/az/anaconda3/envs/python38/lib/python3.8/site-packages/airflow/example_dags/example_datasets.py took 0.169 seconds
[2023-11-08T18:38:03.374-0500] {processor.py:157} INFO - Started process (PID=51818) to work on /Users/az/anaconda3/envs/python38/lib/python3.8/site-packages/airflow/example_dags/example_datasets.py
[2023-11-08T18:38:03.379-0500] {processor.py:829} INFO - Processing file /Users/az/anaconda3/envs/python38/lib/python3.8/site-packages/airflow/example_dags/example_datasets.py for tasks to queue
[2023-11-08T18:38:03.379-0500] {logging_mixin.py:154} INFO - [2023-11-08T18:38:03.379-0500] {dagbag.py:536} INFO - Filling up the DagBag from /Users/az/anaconda3/envs/python38/lib/python3.8/site-packages/airflow/example_dags/example_datasets.py
[2023-11-08T18:38:03.397-0500] {processor.py:839} INFO - DAG(s) dict_keys(['dataset_consumes_1_and_2', 'dataset_consumes_1_never_scheduled', 'dataset_produces_1', 'dataset_consumes_unknown_never_scheduled', 'dataset_consumes_1', 'dataset_produces_2']) retrieved from /Users/az/anaconda3/envs/python38/lib/python3.8/site-packages/airflow/example_dags/example_datasets.py
[2023-11-08T18:38:03.511-0500] {logging_mixin.py:154} INFO - [2023-11-08T18:38:03.510-0500] {dag.py:2941} INFO - Sync 6 DAGs
[2023-11-08T18:38:03.520-0500] {logging_mixin.py:154} INFO - [2023-11-08T18:38:03.520-0500] {dag.py:3722} INFO - Setting next_dagrun for dataset_consumes_1 to None, run_after=None
[2023-11-08T18:38:03.522-0500] {logging_mixin.py:154} INFO - [2023-11-08T18:38:03.522-0500] {dag.py:3722} INFO - Setting next_dagrun for dataset_consumes_1_and_2 to None, run_after=None
[2023-11-08T18:38:03.522-0500] {logging_mixin.py:154} INFO - [2023-11-08T18:38:03.522-0500] {dag.py:3722} INFO - Setting next_dagrun for dataset_consumes_1_never_scheduled to None, run_after=None
[2023-11-08T18:38:03.523-0500] {logging_mixin.py:154} INFO - [2023-11-08T18:38:03.523-0500] {dag.py:3722} INFO - Setting next_dagrun for dataset_consumes_unknown_never_scheduled to None, run_after=None
[2023-11-08T18:38:03.524-0500] {logging_mixin.py:154} INFO - [2023-11-08T18:38:03.524-0500] {dag.py:3722} INFO - Setting next_dagrun for dataset_produces_1 to 2023-11-07T00:00:00+00:00, run_after=2023-11-08T00:00:00+00:00
[2023-11-08T18:38:03.524-0500] {logging_mixin.py:154} INFO - [2023-11-08T18:38:03.524-0500] {dag.py:3722} INFO - Setting next_dagrun for dataset_produces_2 to None, run_after=None
[2023-11-08T18:38:03.540-0500] {processor.py:179} INFO - Processing /Users/az/anaconda3/envs/python38/lib/python3.8/site-packages/airflow/example_dags/example_datasets.py took 0.166 seconds
[2023-11-08T18:40:01.982-0500] {processor.py:157} INFO - Started process (PID=51962) to work on /Users/az/anaconda3/envs/python38/lib/python3.8/site-packages/airflow/example_dags/example_datasets.py
[2023-11-08T18:40:01.986-0500] {processor.py:829} INFO - Processing file /Users/az/anaconda3/envs/python38/lib/python3.8/site-packages/airflow/example_dags/example_datasets.py for tasks to queue
[2023-11-08T18:40:01.986-0500] {logging_mixin.py:154} INFO - [2023-11-08T18:40:01.986-0500] {dagbag.py:536} INFO - Filling up the DagBag from /Users/az/anaconda3/envs/python38/lib/python3.8/site-packages/airflow/example_dags/example_datasets.py
[2023-11-08T18:40:02.002-0500] {processor.py:839} INFO - DAG(s) dict_keys(['dataset_produces_1', 'dataset_consumes_unknown_never_scheduled', 'dataset_consumes_1_and_2', 'dataset_consumes_1', 'dataset_produces_2', 'dataset_consumes_1_never_scheduled']) retrieved from /Users/az/anaconda3/envs/python38/lib/python3.8/site-packages/airflow/example_dags/example_datasets.py
[2023-11-08T18:40:02.116-0500] {logging_mixin.py:154} INFO - [2023-11-08T18:40:02.116-0500] {dag.py:2941} INFO - Sync 6 DAGs
[2023-11-08T18:40:02.125-0500] {logging_mixin.py:154} INFO - [2023-11-08T18:40:02.125-0500] {dag.py:3722} INFO - Setting next_dagrun for dataset_consumes_1 to None, run_after=None
[2023-11-08T18:40:02.127-0500] {logging_mixin.py:154} INFO - [2023-11-08T18:40:02.127-0500] {dag.py:3722} INFO - Setting next_dagrun for dataset_consumes_1_and_2 to None, run_after=None
[2023-11-08T18:40:02.128-0500] {logging_mixin.py:154} INFO - [2023-11-08T18:40:02.128-0500] {dag.py:3722} INFO - Setting next_dagrun for dataset_consumes_1_never_scheduled to None, run_after=None
[2023-11-08T18:40:02.128-0500] {logging_mixin.py:154} INFO - [2023-11-08T18:40:02.128-0500] {dag.py:3722} INFO - Setting next_dagrun for dataset_consumes_unknown_never_scheduled to None, run_after=None
[2023-11-08T18:40:02.129-0500] {logging_mixin.py:154} INFO - [2023-11-08T18:40:02.129-0500] {dag.py:3722} INFO - Setting next_dagrun for dataset_produces_1 to 2023-11-07T00:00:00+00:00, run_after=2023-11-08T00:00:00+00:00
[2023-11-08T18:40:02.130-0500] {logging_mixin.py:154} INFO - [2023-11-08T18:40:02.130-0500] {dag.py:3722} INFO - Setting next_dagrun for dataset_produces_2 to None, run_after=None
[2023-11-08T18:40:02.146-0500] {processor.py:179} INFO - Processing /Users/az/anaconda3/envs/python38/lib/python3.8/site-packages/airflow/example_dags/example_datasets.py took 0.165 seconds
[2023-11-08T18:42:06.797-0500] {processor.py:157} INFO - Started process (PID=52112) to work on /Users/az/anaconda3/envs/python38/lib/python3.8/site-packages/airflow/example_dags/example_datasets.py
[2023-11-08T18:42:06.801-0500] {processor.py:829} INFO - Processing file /Users/az/anaconda3/envs/python38/lib/python3.8/site-packages/airflow/example_dags/example_datasets.py for tasks to queue
[2023-11-08T18:42:06.802-0500] {logging_mixin.py:154} INFO - [2023-11-08T18:42:06.802-0500] {dagbag.py:536} INFO - Filling up the DagBag from /Users/az/anaconda3/envs/python38/lib/python3.8/site-packages/airflow/example_dags/example_datasets.py
[2023-11-08T18:42:06.818-0500] {processor.py:839} INFO - DAG(s) dict_keys(['dataset_produces_2', 'dataset_consumes_1_and_2', 'dataset_produces_1', 'dataset_consumes_1_never_scheduled', 'dataset_consumes_unknown_never_scheduled', 'dataset_consumes_1']) retrieved from /Users/az/anaconda3/envs/python38/lib/python3.8/site-packages/airflow/example_dags/example_datasets.py
[2023-11-08T18:42:06.931-0500] {logging_mixin.py:154} INFO - [2023-11-08T18:42:06.931-0500] {dag.py:2941} INFO - Sync 6 DAGs
[2023-11-08T18:42:06.941-0500] {logging_mixin.py:154} INFO - [2023-11-08T18:42:06.941-0500] {dag.py:3722} INFO - Setting next_dagrun for dataset_consumes_1 to None, run_after=None
[2023-11-08T18:42:06.943-0500] {logging_mixin.py:154} INFO - [2023-11-08T18:42:06.943-0500] {dag.py:3722} INFO - Setting next_dagrun for dataset_consumes_1_and_2 to None, run_after=None
[2023-11-08T18:42:06.943-0500] {logging_mixin.py:154} INFO - [2023-11-08T18:42:06.943-0500] {dag.py:3722} INFO - Setting next_dagrun for dataset_consumes_1_never_scheduled to None, run_after=None
[2023-11-08T18:42:06.944-0500] {logging_mixin.py:154} INFO - [2023-11-08T18:42:06.943-0500] {dag.py:3722} INFO - Setting next_dagrun for dataset_consumes_unknown_never_scheduled to None, run_after=None
[2023-11-08T18:42:06.945-0500] {logging_mixin.py:154} INFO - [2023-11-08T18:42:06.945-0500] {dag.py:3722} INFO - Setting next_dagrun for dataset_produces_1 to 2023-11-07T00:00:00+00:00, run_after=2023-11-08T00:00:00+00:00
[2023-11-08T18:42:06.945-0500] {logging_mixin.py:154} INFO - [2023-11-08T18:42:06.945-0500] {dag.py:3722} INFO - Setting next_dagrun for dataset_produces_2 to None, run_after=None
[2023-11-08T18:42:06.961-0500] {processor.py:179} INFO - Processing /Users/az/anaconda3/envs/python38/lib/python3.8/site-packages/airflow/example_dags/example_datasets.py took 0.165 seconds
[2023-11-08T18:44:06.819-0500] {processor.py:157} INFO - Started process (PID=52259) to work on /Users/az/anaconda3/envs/python38/lib/python3.8/site-packages/airflow/example_dags/example_datasets.py
[2023-11-08T18:44:06.824-0500] {processor.py:829} INFO - Processing file /Users/az/anaconda3/envs/python38/lib/python3.8/site-packages/airflow/example_dags/example_datasets.py for tasks to queue
[2023-11-08T18:44:06.824-0500] {logging_mixin.py:154} INFO - [2023-11-08T18:44:06.824-0500] {dagbag.py:536} INFO - Filling up the DagBag from /Users/az/anaconda3/envs/python38/lib/python3.8/site-packages/airflow/example_dags/example_datasets.py
[2023-11-08T18:44:06.842-0500] {processor.py:839} INFO - DAG(s) dict_keys(['dataset_produces_2', 'dataset_consumes_unknown_never_scheduled', 'dataset_consumes_1_never_scheduled', 'dataset_consumes_1', 'dataset_consumes_1_and_2', 'dataset_produces_1']) retrieved from /Users/az/anaconda3/envs/python38/lib/python3.8/site-packages/airflow/example_dags/example_datasets.py
[2023-11-08T18:44:06.956-0500] {logging_mixin.py:154} INFO - [2023-11-08T18:44:06.956-0500] {dag.py:2941} INFO - Sync 6 DAGs
[2023-11-08T18:44:06.966-0500] {logging_mixin.py:154} INFO - [2023-11-08T18:44:06.966-0500] {dag.py:3722} INFO - Setting next_dagrun for dataset_consumes_1 to None, run_after=None
[2023-11-08T18:44:06.967-0500] {logging_mixin.py:154} INFO - [2023-11-08T18:44:06.967-0500] {dag.py:3722} INFO - Setting next_dagrun for dataset_consumes_1_and_2 to None, run_after=None
[2023-11-08T18:44:06.968-0500] {logging_mixin.py:154} INFO - [2023-11-08T18:44:06.968-0500] {dag.py:3722} INFO - Setting next_dagrun for dataset_consumes_1_never_scheduled to None, run_after=None
[2023-11-08T18:44:06.968-0500] {logging_mixin.py:154} INFO - [2023-11-08T18:44:06.968-0500] {dag.py:3722} INFO - Setting next_dagrun for dataset_consumes_unknown_never_scheduled to None, run_after=None
[2023-11-08T18:44:06.969-0500] {logging_mixin.py:154} INFO - [2023-11-08T18:44:06.969-0500] {dag.py:3722} INFO - Setting next_dagrun for dataset_produces_1 to 2023-11-07T00:00:00+00:00, run_after=2023-11-08T00:00:00+00:00
[2023-11-08T18:44:06.970-0500] {logging_mixin.py:154} INFO - [2023-11-08T18:44:06.970-0500] {dag.py:3722} INFO - Setting next_dagrun for dataset_produces_2 to None, run_after=None
[2023-11-08T18:44:06.985-0500] {processor.py:179} INFO - Processing /Users/az/anaconda3/envs/python38/lib/python3.8/site-packages/airflow/example_dags/example_datasets.py took 0.166 seconds
[2023-11-08T18:46:09.755-0500] {processor.py:157} INFO - Started process (PID=52407) to work on /Users/az/anaconda3/envs/python38/lib/python3.8/site-packages/airflow/example_dags/example_datasets.py
[2023-11-08T18:46:09.760-0500] {processor.py:829} INFO - Processing file /Users/az/anaconda3/envs/python38/lib/python3.8/site-packages/airflow/example_dags/example_datasets.py for tasks to queue
[2023-11-08T18:46:09.760-0500] {logging_mixin.py:154} INFO - [2023-11-08T18:46:09.760-0500] {dagbag.py:536} INFO - Filling up the DagBag from /Users/az/anaconda3/envs/python38/lib/python3.8/site-packages/airflow/example_dags/example_datasets.py
[2023-11-08T18:46:09.777-0500] {processor.py:839} INFO - DAG(s) dict_keys(['dataset_consumes_1_never_scheduled', 'dataset_produces_1', 'dataset_produces_2', 'dataset_consumes_1', 'dataset_consumes_1_and_2', 'dataset_consumes_unknown_never_scheduled']) retrieved from /Users/az/anaconda3/envs/python38/lib/python3.8/site-packages/airflow/example_dags/example_datasets.py
[2023-11-08T18:46:09.892-0500] {logging_mixin.py:154} INFO - [2023-11-08T18:46:09.892-0500] {dag.py:2941} INFO - Sync 6 DAGs
[2023-11-08T18:46:09.901-0500] {logging_mixin.py:154} INFO - [2023-11-08T18:46:09.901-0500] {dag.py:3722} INFO - Setting next_dagrun for dataset_consumes_1 to None, run_after=None
[2023-11-08T18:46:09.903-0500] {logging_mixin.py:154} INFO - [2023-11-08T18:46:09.903-0500] {dag.py:3722} INFO - Setting next_dagrun for dataset_consumes_1_and_2 to None, run_after=None
[2023-11-08T18:46:09.903-0500] {logging_mixin.py:154} INFO - [2023-11-08T18:46:09.903-0500] {dag.py:3722} INFO - Setting next_dagrun for dataset_consumes_1_never_scheduled to None, run_after=None
[2023-11-08T18:46:09.904-0500] {logging_mixin.py:154} INFO - [2023-11-08T18:46:09.904-0500] {dag.py:3722} INFO - Setting next_dagrun for dataset_consumes_unknown_never_scheduled to None, run_after=None
[2023-11-08T18:46:09.905-0500] {logging_mixin.py:154} INFO - [2023-11-08T18:46:09.905-0500] {dag.py:3722} INFO - Setting next_dagrun for dataset_produces_1 to 2023-11-07T00:00:00+00:00, run_after=2023-11-08T00:00:00+00:00
[2023-11-08T18:46:09.906-0500] {logging_mixin.py:154} INFO - [2023-11-08T18:46:09.906-0500] {dag.py:3722} INFO - Setting next_dagrun for dataset_produces_2 to None, run_after=None
[2023-11-08T18:46:09.921-0500] {processor.py:179} INFO - Processing /Users/az/anaconda3/envs/python38/lib/python3.8/site-packages/airflow/example_dags/example_datasets.py took 0.166 seconds
[2023-11-08T18:48:18.147-0500] {processor.py:157} INFO - Started process (PID=52620) to work on /Users/az/anaconda3/envs/python38/lib/python3.8/site-packages/airflow/example_dags/example_datasets.py
[2023-11-08T18:48:18.152-0500] {processor.py:829} INFO - Processing file /Users/az/anaconda3/envs/python38/lib/python3.8/site-packages/airflow/example_dags/example_datasets.py for tasks to queue
[2023-11-08T18:48:18.152-0500] {logging_mixin.py:154} INFO - [2023-11-08T18:48:18.152-0500] {dagbag.py:536} INFO - Filling up the DagBag from /Users/az/anaconda3/envs/python38/lib/python3.8/site-packages/airflow/example_dags/example_datasets.py
[2023-11-08T18:48:18.169-0500] {processor.py:839} INFO - DAG(s) dict_keys(['dataset_produces_1', 'dataset_consumes_1', 'dataset_consumes_1_and_2', 'dataset_consumes_1_never_scheduled', 'dataset_consumes_unknown_never_scheduled', 'dataset_produces_2']) retrieved from /Users/az/anaconda3/envs/python38/lib/python3.8/site-packages/airflow/example_dags/example_datasets.py
[2023-11-08T18:48:18.283-0500] {logging_mixin.py:154} INFO - [2023-11-08T18:48:18.283-0500] {dag.py:2941} INFO - Sync 6 DAGs
[2023-11-08T18:48:18.293-0500] {logging_mixin.py:154} INFO - [2023-11-08T18:48:18.293-0500] {dag.py:3722} INFO - Setting next_dagrun for dataset_consumes_1 to None, run_after=None
[2023-11-08T18:48:18.294-0500] {logging_mixin.py:154} INFO - [2023-11-08T18:48:18.294-0500] {dag.py:3722} INFO - Setting next_dagrun for dataset_consumes_1_and_2 to None, run_after=None
[2023-11-08T18:48:18.295-0500] {logging_mixin.py:154} INFO - [2023-11-08T18:48:18.295-0500] {dag.py:3722} INFO - Setting next_dagrun for dataset_consumes_1_never_scheduled to None, run_after=None
[2023-11-08T18:48:18.295-0500] {logging_mixin.py:154} INFO - [2023-11-08T18:48:18.295-0500] {dag.py:3722} INFO - Setting next_dagrun for dataset_consumes_unknown_never_scheduled to None, run_after=None
[2023-11-08T18:48:18.297-0500] {logging_mixin.py:154} INFO - [2023-11-08T18:48:18.297-0500] {dag.py:3722} INFO - Setting next_dagrun for dataset_produces_1 to 2023-11-07T00:00:00+00:00, run_after=2023-11-08T00:00:00+00:00
[2023-11-08T18:48:18.297-0500] {logging_mixin.py:154} INFO - [2023-11-08T18:48:18.297-0500] {dag.py:3722} INFO - Setting next_dagrun for dataset_produces_2 to None, run_after=None
[2023-11-08T18:48:18.313-0500] {processor.py:179} INFO - Processing /Users/az/anaconda3/envs/python38/lib/python3.8/site-packages/airflow/example_dags/example_datasets.py took 0.166 seconds
[2023-11-08T18:50:15.878-0500] {processor.py:157} INFO - Started process (PID=52763) to work on /Users/az/anaconda3/envs/python38/lib/python3.8/site-packages/airflow/example_dags/example_datasets.py
[2023-11-08T18:50:15.881-0500] {processor.py:829} INFO - Processing file /Users/az/anaconda3/envs/python38/lib/python3.8/site-packages/airflow/example_dags/example_datasets.py for tasks to queue
[2023-11-08T18:50:15.882-0500] {logging_mixin.py:154} INFO - [2023-11-08T18:50:15.882-0500] {dagbag.py:536} INFO - Filling up the DagBag from /Users/az/anaconda3/envs/python38/lib/python3.8/site-packages/airflow/example_dags/example_datasets.py
[2023-11-08T18:50:15.898-0500] {processor.py:839} INFO - DAG(s) dict_keys(['dataset_consumes_unknown_never_scheduled', 'dataset_produces_1', 'dataset_consumes_1_never_scheduled', 'dataset_consumes_1_and_2', 'dataset_produces_2', 'dataset_consumes_1']) retrieved from /Users/az/anaconda3/envs/python38/lib/python3.8/site-packages/airflow/example_dags/example_datasets.py
[2023-11-08T18:50:16.012-0500] {logging_mixin.py:154} INFO - [2023-11-08T18:50:16.012-0500] {dag.py:2941} INFO - Sync 6 DAGs
[2023-11-08T18:50:16.022-0500] {logging_mixin.py:154} INFO - [2023-11-08T18:50:16.022-0500] {dag.py:3722} INFO - Setting next_dagrun for dataset_consumes_1 to None, run_after=None
[2023-11-08T18:50:16.024-0500] {logging_mixin.py:154} INFO - [2023-11-08T18:50:16.024-0500] {dag.py:3722} INFO - Setting next_dagrun for dataset_consumes_1_and_2 to None, run_after=None
[2023-11-08T18:50:16.024-0500] {logging_mixin.py:154} INFO - [2023-11-08T18:50:16.024-0500] {dag.py:3722} INFO - Setting next_dagrun for dataset_consumes_1_never_scheduled to None, run_after=None
[2023-11-08T18:50:16.024-0500] {logging_mixin.py:154} INFO - [2023-11-08T18:50:16.024-0500] {dag.py:3722} INFO - Setting next_dagrun for dataset_consumes_unknown_never_scheduled to None, run_after=None
[2023-11-08T18:50:16.026-0500] {logging_mixin.py:154} INFO - [2023-11-08T18:50:16.026-0500] {dag.py:3722} INFO - Setting next_dagrun for dataset_produces_1 to 2023-11-07T00:00:00+00:00, run_after=2023-11-08T00:00:00+00:00
[2023-11-08T18:50:16.026-0500] {logging_mixin.py:154} INFO - [2023-11-08T18:50:16.026-0500] {dag.py:3722} INFO - Setting next_dagrun for dataset_produces_2 to None, run_after=None
[2023-11-08T18:50:16.042-0500] {processor.py:179} INFO - Processing /Users/az/anaconda3/envs/python38/lib/python3.8/site-packages/airflow/example_dags/example_datasets.py took 0.165 seconds
[2023-11-08T18:52:17.847-0500] {processor.py:157} INFO - Started process (PID=52922) to work on /Users/az/anaconda3/envs/python38/lib/python3.8/site-packages/airflow/example_dags/example_datasets.py
[2023-11-08T18:52:17.851-0500] {processor.py:829} INFO - Processing file /Users/az/anaconda3/envs/python38/lib/python3.8/site-packages/airflow/example_dags/example_datasets.py for tasks to queue
[2023-11-08T18:52:17.851-0500] {logging_mixin.py:154} INFO - [2023-11-08T18:52:17.851-0500] {dagbag.py:536} INFO - Filling up the DagBag from /Users/az/anaconda3/envs/python38/lib/python3.8/site-packages/airflow/example_dags/example_datasets.py
[2023-11-08T18:52:17.868-0500] {processor.py:839} INFO - DAG(s) dict_keys(['dataset_consumes_1_and_2', 'dataset_produces_2', 'dataset_consumes_1_never_scheduled', 'dataset_consumes_1', 'dataset_produces_1', 'dataset_consumes_unknown_never_scheduled']) retrieved from /Users/az/anaconda3/envs/python38/lib/python3.8/site-packages/airflow/example_dags/example_datasets.py
[2023-11-08T18:52:17.983-0500] {logging_mixin.py:154} INFO - [2023-11-08T18:52:17.982-0500] {dag.py:2941} INFO - Sync 6 DAGs
[2023-11-08T18:52:17.993-0500] {logging_mixin.py:154} INFO - [2023-11-08T18:52:17.992-0500] {dag.py:3722} INFO - Setting next_dagrun for dataset_consumes_1 to None, run_after=None
[2023-11-08T18:52:17.994-0500] {logging_mixin.py:154} INFO - [2023-11-08T18:52:17.994-0500] {dag.py:3722} INFO - Setting next_dagrun for dataset_consumes_1_and_2 to None, run_after=None
[2023-11-08T18:52:17.995-0500] {logging_mixin.py:154} INFO - [2023-11-08T18:52:17.995-0500] {dag.py:3722} INFO - Setting next_dagrun for dataset_consumes_1_never_scheduled to None, run_after=None
[2023-11-08T18:52:17.995-0500] {logging_mixin.py:154} INFO - [2023-11-08T18:52:17.995-0500] {dag.py:3722} INFO - Setting next_dagrun for dataset_consumes_unknown_never_scheduled to None, run_after=None
[2023-11-08T18:52:17.997-0500] {logging_mixin.py:154} INFO - [2023-11-08T18:52:17.996-0500] {dag.py:3722} INFO - Setting next_dagrun for dataset_produces_1 to 2023-11-07T00:00:00+00:00, run_after=2023-11-08T00:00:00+00:00
[2023-11-08T18:52:17.997-0500] {logging_mixin.py:154} INFO - [2023-11-08T18:52:17.997-0500] {dag.py:3722} INFO - Setting next_dagrun for dataset_produces_2 to None, run_after=None
[2023-11-08T18:52:18.013-0500] {processor.py:179} INFO - Processing /Users/az/anaconda3/envs/python38/lib/python3.8/site-packages/airflow/example_dags/example_datasets.py took 0.167 seconds
[2023-11-08T18:54:20.424-0500] {processor.py:157} INFO - Started process (PID=53085) to work on /Users/az/anaconda3/envs/python38/lib/python3.8/site-packages/airflow/example_dags/example_datasets.py
[2023-11-08T18:54:20.429-0500] {processor.py:829} INFO - Processing file /Users/az/anaconda3/envs/python38/lib/python3.8/site-packages/airflow/example_dags/example_datasets.py for tasks to queue
[2023-11-08T18:54:20.429-0500] {logging_mixin.py:154} INFO - [2023-11-08T18:54:20.429-0500] {dagbag.py:536} INFO - Filling up the DagBag from /Users/az/anaconda3/envs/python38/lib/python3.8/site-packages/airflow/example_dags/example_datasets.py
[2023-11-08T18:54:20.446-0500] {processor.py:839} INFO - DAG(s) dict_keys(['dataset_produces_2', 'dataset_consumes_1_never_scheduled', 'dataset_consumes_unknown_never_scheduled', 'dataset_consumes_1', 'dataset_produces_1', 'dataset_consumes_1_and_2']) retrieved from /Users/az/anaconda3/envs/python38/lib/python3.8/site-packages/airflow/example_dags/example_datasets.py
[2023-11-08T18:54:20.560-0500] {logging_mixin.py:154} INFO - [2023-11-08T18:54:20.559-0500] {dag.py:2941} INFO - Sync 6 DAGs
[2023-11-08T18:54:20.569-0500] {logging_mixin.py:154} INFO - [2023-11-08T18:54:20.569-0500] {dag.py:3722} INFO - Setting next_dagrun for dataset_consumes_1 to None, run_after=None
[2023-11-08T18:54:20.571-0500] {logging_mixin.py:154} INFO - [2023-11-08T18:54:20.571-0500] {dag.py:3722} INFO - Setting next_dagrun for dataset_consumes_1_and_2 to None, run_after=None
[2023-11-08T18:54:20.571-0500] {logging_mixin.py:154} INFO - [2023-11-08T18:54:20.571-0500] {dag.py:3722} INFO - Setting next_dagrun for dataset_consumes_1_never_scheduled to None, run_after=None
[2023-11-08T18:54:20.572-0500] {logging_mixin.py:154} INFO - [2023-11-08T18:54:20.572-0500] {dag.py:3722} INFO - Setting next_dagrun for dataset_consumes_unknown_never_scheduled to None, run_after=None
[2023-11-08T18:54:20.573-0500] {logging_mixin.py:154} INFO - [2023-11-08T18:54:20.573-0500] {dag.py:3722} INFO - Setting next_dagrun for dataset_produces_1 to 2023-11-07T00:00:00+00:00, run_after=2023-11-08T00:00:00+00:00
[2023-11-08T18:54:20.573-0500] {logging_mixin.py:154} INFO - [2023-11-08T18:54:20.573-0500] {dag.py:3722} INFO - Setting next_dagrun for dataset_produces_2 to None, run_after=None
[2023-11-08T18:54:20.589-0500] {processor.py:179} INFO - Processing /Users/az/anaconda3/envs/python38/lib/python3.8/site-packages/airflow/example_dags/example_datasets.py took 0.165 seconds
[2023-11-08T18:56:29.897-0500] {processor.py:157} INFO - Started process (PID=53248) to work on /Users/az/anaconda3/envs/python38/lib/python3.8/site-packages/airflow/example_dags/example_datasets.py
[2023-11-08T18:56:29.902-0500] {processor.py:829} INFO - Processing file /Users/az/anaconda3/envs/python38/lib/python3.8/site-packages/airflow/example_dags/example_datasets.py for tasks to queue
[2023-11-08T18:56:29.902-0500] {logging_mixin.py:154} INFO - [2023-11-08T18:56:29.902-0500] {dagbag.py:536} INFO - Filling up the DagBag from /Users/az/anaconda3/envs/python38/lib/python3.8/site-packages/airflow/example_dags/example_datasets.py
[2023-11-08T18:56:29.919-0500] {processor.py:839} INFO - DAG(s) dict_keys(['dataset_consumes_1', 'dataset_consumes_unknown_never_scheduled', 'dataset_consumes_1_and_2', 'dataset_produces_2', 'dataset_produces_1', 'dataset_consumes_1_never_scheduled']) retrieved from /Users/az/anaconda3/envs/python38/lib/python3.8/site-packages/airflow/example_dags/example_datasets.py
[2023-11-08T18:56:30.032-0500] {logging_mixin.py:154} INFO - [2023-11-08T18:56:30.032-0500] {dag.py:2941} INFO - Sync 6 DAGs
[2023-11-08T18:56:30.042-0500] {logging_mixin.py:154} INFO - [2023-11-08T18:56:30.042-0500] {dag.py:3722} INFO - Setting next_dagrun for dataset_consumes_1 to None, run_after=None
[2023-11-08T18:56:30.043-0500] {logging_mixin.py:154} INFO - [2023-11-08T18:56:30.043-0500] {dag.py:3722} INFO - Setting next_dagrun for dataset_consumes_1_and_2 to None, run_after=None
[2023-11-08T18:56:30.044-0500] {logging_mixin.py:154} INFO - [2023-11-08T18:56:30.044-0500] {dag.py:3722} INFO - Setting next_dagrun for dataset_consumes_1_never_scheduled to None, run_after=None
[2023-11-08T18:56:30.044-0500] {logging_mixin.py:154} INFO - [2023-11-08T18:56:30.044-0500] {dag.py:3722} INFO - Setting next_dagrun for dataset_consumes_unknown_never_scheduled to None, run_after=None
[2023-11-08T18:56:30.046-0500] {logging_mixin.py:154} INFO - [2023-11-08T18:56:30.046-0500] {dag.py:3722} INFO - Setting next_dagrun for dataset_produces_1 to 2023-11-07T00:00:00+00:00, run_after=2023-11-08T00:00:00+00:00
[2023-11-08T18:56:30.046-0500] {logging_mixin.py:154} INFO - [2023-11-08T18:56:30.046-0500] {dag.py:3722} INFO - Setting next_dagrun for dataset_produces_2 to None, run_after=None
[2023-11-08T18:56:30.062-0500] {processor.py:179} INFO - Processing /Users/az/anaconda3/envs/python38/lib/python3.8/site-packages/airflow/example_dags/example_datasets.py took 0.165 seconds
[2023-11-08T18:58:34.847-0500] {processor.py:157} INFO - Started process (PID=53406) to work on /Users/az/anaconda3/envs/python38/lib/python3.8/site-packages/airflow/example_dags/example_datasets.py
[2023-11-08T18:58:34.852-0500] {processor.py:829} INFO - Processing file /Users/az/anaconda3/envs/python38/lib/python3.8/site-packages/airflow/example_dags/example_datasets.py for tasks to queue
[2023-11-08T18:58:34.852-0500] {logging_mixin.py:154} INFO - [2023-11-08T18:58:34.852-0500] {dagbag.py:536} INFO - Filling up the DagBag from /Users/az/anaconda3/envs/python38/lib/python3.8/site-packages/airflow/example_dags/example_datasets.py
[2023-11-08T18:58:34.870-0500] {processor.py:839} INFO - DAG(s) dict_keys(['dataset_consumes_1_never_scheduled', 'dataset_produces_2', 'dataset_consumes_1_and_2', 'dataset_produces_1', 'dataset_consumes_unknown_never_scheduled', 'dataset_consumes_1']) retrieved from /Users/az/anaconda3/envs/python38/lib/python3.8/site-packages/airflow/example_dags/example_datasets.py
[2023-11-08T18:58:34.985-0500] {logging_mixin.py:154} INFO - [2023-11-08T18:58:34.985-0500] {dag.py:2941} INFO - Sync 6 DAGs
[2023-11-08T18:58:34.995-0500] {logging_mixin.py:154} INFO - [2023-11-08T18:58:34.995-0500] {dag.py:3722} INFO - Setting next_dagrun for dataset_consumes_1 to None, run_after=None
[2023-11-08T18:58:34.997-0500] {logging_mixin.py:154} INFO - [2023-11-08T18:58:34.997-0500] {dag.py:3722} INFO - Setting next_dagrun for dataset_consumes_1_and_2 to None, run_after=None
[2023-11-08T18:58:34.997-0500] {logging_mixin.py:154} INFO - [2023-11-08T18:58:34.997-0500] {dag.py:3722} INFO - Setting next_dagrun for dataset_consumes_1_never_scheduled to None, run_after=None
[2023-11-08T18:58:34.998-0500] {logging_mixin.py:154} INFO - [2023-11-08T18:58:34.997-0500] {dag.py:3722} INFO - Setting next_dagrun for dataset_consumes_unknown_never_scheduled to None, run_after=None
[2023-11-08T18:58:34.999-0500] {logging_mixin.py:154} INFO - [2023-11-08T18:58:34.999-0500] {dag.py:3722} INFO - Setting next_dagrun for dataset_produces_1 to 2023-11-07T00:00:00+00:00, run_after=2023-11-08T00:00:00+00:00
[2023-11-08T18:58:34.999-0500] {logging_mixin.py:154} INFO - [2023-11-08T18:58:34.999-0500] {dag.py:3722} INFO - Setting next_dagrun for dataset_produces_2 to None, run_after=None
[2023-11-08T18:58:35.015-0500] {processor.py:179} INFO - Processing /Users/az/anaconda3/envs/python38/lib/python3.8/site-packages/airflow/example_dags/example_datasets.py took 0.168 seconds
