[2023-11-08T17:47:51.868-0500] {processor.py:157} INFO - Started process (PID=48939) to work on /Users/az/anaconda3/envs/python38/lib/python3.8/site-packages/airflow/example_dags/example_params_ui_tutorial.py
[2023-11-08T17:47:51.872-0500] {processor.py:829} INFO - Processing file /Users/az/anaconda3/envs/python38/lib/python3.8/site-packages/airflow/example_dags/example_params_ui_tutorial.py for tasks to queue
[2023-11-08T17:47:51.872-0500] {logging_mixin.py:154} INFO - [2023-11-08T17:47:51.872-0500] {dagbag.py:536} INFO - Filling up the DagBag from /Users/az/anaconda3/envs/python38/lib/python3.8/site-packages/airflow/example_dags/example_params_ui_tutorial.py
[2023-11-08T17:47:51.942-0500] {processor.py:839} INFO - DAG(s) dict_keys(['example_params_ui_tutorial']) retrieved from /Users/az/anaconda3/envs/python38/lib/python3.8/site-packages/airflow/example_dags/example_params_ui_tutorial.py
[2023-11-08T17:47:52.281-0500] {logging_mixin.py:154} INFO - [2023-11-08T17:47:52.281-0500] {manager.py:499} INFO - Created Permission View: %s
[2023-11-08T17:47:52.286-0500] {logging_mixin.py:154} INFO - [2023-11-08T17:47:52.286-0500] {manager.py:499} INFO - Created Permission View: %s
[2023-11-08T17:47:52.289-0500] {logging_mixin.py:154} INFO - [2023-11-08T17:47:52.289-0500] {manager.py:499} INFO - Created Permission View: %s
[2023-11-08T17:47:52.289-0500] {logging_mixin.py:154} INFO - [2023-11-08T17:47:52.289-0500] {dag.py:2941} INFO - Sync 1 DAGs
[2023-11-08T17:47:52.295-0500] {logging_mixin.py:154} INFO - [2023-11-08T17:47:52.294-0500] {dag.py:2963} INFO - Creating ORM DAG for example_params_ui_tutorial
[2023-11-08T17:47:52.295-0500] {logging_mixin.py:154} INFO - [2023-11-08T17:47:52.295-0500] {dag.py:3722} INFO - Setting next_dagrun for example_params_ui_tutorial to None, run_after=None
[2023-11-08T17:47:52.305-0500] {processor.py:179} INFO - Processing /Users/az/anaconda3/envs/python38/lib/python3.8/site-packages/airflow/example_dags/example_params_ui_tutorial.py took 0.437 seconds
[2023-11-08T17:49:25.427-0500] {processor.py:157} INFO - Started process (PID=49074) to work on /Users/az/anaconda3/envs/python38/lib/python3.8/site-packages/airflow/example_dags/example_params_ui_tutorial.py
[2023-11-08T17:49:25.432-0500] {processor.py:829} INFO - Processing file /Users/az/anaconda3/envs/python38/lib/python3.8/site-packages/airflow/example_dags/example_params_ui_tutorial.py for tasks to queue
[2023-11-08T17:49:25.432-0500] {logging_mixin.py:154} INFO - [2023-11-08T17:49:25.432-0500] {dagbag.py:536} INFO - Filling up the DagBag from /Users/az/anaconda3/envs/python38/lib/python3.8/site-packages/airflow/example_dags/example_params_ui_tutorial.py
[2023-11-08T17:49:25.508-0500] {processor.py:839} INFO - DAG(s) dict_keys(['example_params_ui_tutorial']) retrieved from /Users/az/anaconda3/envs/python38/lib/python3.8/site-packages/airflow/example_dags/example_params_ui_tutorial.py
[2023-11-08T17:49:25.605-0500] {logging_mixin.py:154} INFO - [2023-11-08T17:49:25.604-0500] {dag.py:2941} INFO - Sync 1 DAGs
[2023-11-08T17:49:25.610-0500] {logging_mixin.py:154} INFO - [2023-11-08T17:49:25.610-0500] {dag.py:3722} INFO - Setting next_dagrun for example_params_ui_tutorial to None, run_after=None
[2023-11-08T17:49:25.621-0500] {processor.py:179} INFO - Processing /Users/az/anaconda3/envs/python38/lib/python3.8/site-packages/airflow/example_dags/example_params_ui_tutorial.py took 0.194 seconds
[2023-11-08T17:51:26.108-0500] {processor.py:157} INFO - Started process (PID=49274) to work on /Users/az/anaconda3/envs/python38/lib/python3.8/site-packages/airflow/example_dags/example_params_ui_tutorial.py
[2023-11-08T17:51:26.112-0500] {processor.py:829} INFO - Processing file /Users/az/anaconda3/envs/python38/lib/python3.8/site-packages/airflow/example_dags/example_params_ui_tutorial.py for tasks to queue
[2023-11-08T17:51:26.113-0500] {logging_mixin.py:154} INFO - [2023-11-08T17:51:26.113-0500] {dagbag.py:536} INFO - Filling up the DagBag from /Users/az/anaconda3/envs/python38/lib/python3.8/site-packages/airflow/example_dags/example_params_ui_tutorial.py
[2023-11-08T17:51:26.181-0500] {processor.py:839} INFO - DAG(s) dict_keys(['example_params_ui_tutorial']) retrieved from /Users/az/anaconda3/envs/python38/lib/python3.8/site-packages/airflow/example_dags/example_params_ui_tutorial.py
[2023-11-08T17:51:26.278-0500] {logging_mixin.py:154} INFO - [2023-11-08T17:51:26.277-0500] {dag.py:2941} INFO - Sync 1 DAGs
[2023-11-08T17:51:26.283-0500] {logging_mixin.py:154} INFO - [2023-11-08T17:51:26.283-0500] {dag.py:3722} INFO - Setting next_dagrun for example_params_ui_tutorial to None, run_after=None
[2023-11-08T17:51:26.293-0500] {processor.py:179} INFO - Processing /Users/az/anaconda3/envs/python38/lib/python3.8/site-packages/airflow/example_dags/example_params_ui_tutorial.py took 0.186 seconds
[2023-11-08T17:53:18.224-0500] {processor.py:157} INFO - Started process (PID=49420) to work on /Users/az/anaconda3/envs/python38/lib/python3.8/site-packages/airflow/example_dags/example_params_ui_tutorial.py
[2023-11-08T17:53:18.228-0500] {processor.py:829} INFO - Processing file /Users/az/anaconda3/envs/python38/lib/python3.8/site-packages/airflow/example_dags/example_params_ui_tutorial.py for tasks to queue
[2023-11-08T17:53:18.228-0500] {logging_mixin.py:154} INFO - [2023-11-08T17:53:18.228-0500] {dagbag.py:536} INFO - Filling up the DagBag from /Users/az/anaconda3/envs/python38/lib/python3.8/site-packages/airflow/example_dags/example_params_ui_tutorial.py
[2023-11-08T17:53:18.297-0500] {processor.py:839} INFO - DAG(s) dict_keys(['example_params_ui_tutorial']) retrieved from /Users/az/anaconda3/envs/python38/lib/python3.8/site-packages/airflow/example_dags/example_params_ui_tutorial.py
[2023-11-08T17:53:18.391-0500] {logging_mixin.py:154} INFO - [2023-11-08T17:53:18.391-0500] {dag.py:2941} INFO - Sync 1 DAGs
[2023-11-08T17:53:18.397-0500] {logging_mixin.py:154} INFO - [2023-11-08T17:53:18.397-0500] {dag.py:3722} INFO - Setting next_dagrun for example_params_ui_tutorial to None, run_after=None
[2023-11-08T17:53:18.407-0500] {processor.py:179} INFO - Processing /Users/az/anaconda3/envs/python38/lib/python3.8/site-packages/airflow/example_dags/example_params_ui_tutorial.py took 0.184 seconds
[2023-11-08T17:55:16.203-0500] {processor.py:157} INFO - Started process (PID=49566) to work on /Users/az/anaconda3/envs/python38/lib/python3.8/site-packages/airflow/example_dags/example_params_ui_tutorial.py
[2023-11-08T17:55:16.208-0500] {processor.py:829} INFO - Processing file /Users/az/anaconda3/envs/python38/lib/python3.8/site-packages/airflow/example_dags/example_params_ui_tutorial.py for tasks to queue
[2023-11-08T17:55:16.208-0500] {logging_mixin.py:154} INFO - [2023-11-08T17:55:16.208-0500] {dagbag.py:536} INFO - Filling up the DagBag from /Users/az/anaconda3/envs/python38/lib/python3.8/site-packages/airflow/example_dags/example_params_ui_tutorial.py
[2023-11-08T17:55:16.276-0500] {processor.py:839} INFO - DAG(s) dict_keys(['example_params_ui_tutorial']) retrieved from /Users/az/anaconda3/envs/python38/lib/python3.8/site-packages/airflow/example_dags/example_params_ui_tutorial.py
[2023-11-08T17:55:16.371-0500] {logging_mixin.py:154} INFO - [2023-11-08T17:55:16.371-0500] {dag.py:2941} INFO - Sync 1 DAGs
[2023-11-08T17:55:16.377-0500] {logging_mixin.py:154} INFO - [2023-11-08T17:55:16.377-0500] {dag.py:3722} INFO - Setting next_dagrun for example_params_ui_tutorial to None, run_after=None
[2023-11-08T17:55:16.387-0500] {processor.py:179} INFO - Processing /Users/az/anaconda3/envs/python38/lib/python3.8/site-packages/airflow/example_dags/example_params_ui_tutorial.py took 0.184 seconds
[2023-11-08T17:57:16.246-0500] {processor.py:157} INFO - Started process (PID=49717) to work on /Users/az/anaconda3/envs/python38/lib/python3.8/site-packages/airflow/example_dags/example_params_ui_tutorial.py
[2023-11-08T17:57:16.250-0500] {processor.py:829} INFO - Processing file /Users/az/anaconda3/envs/python38/lib/python3.8/site-packages/airflow/example_dags/example_params_ui_tutorial.py for tasks to queue
[2023-11-08T17:57:16.251-0500] {logging_mixin.py:154} INFO - [2023-11-08T17:57:16.251-0500] {dagbag.py:536} INFO - Filling up the DagBag from /Users/az/anaconda3/envs/python38/lib/python3.8/site-packages/airflow/example_dags/example_params_ui_tutorial.py
[2023-11-08T17:57:16.320-0500] {processor.py:839} INFO - DAG(s) dict_keys(['example_params_ui_tutorial']) retrieved from /Users/az/anaconda3/envs/python38/lib/python3.8/site-packages/airflow/example_dags/example_params_ui_tutorial.py
[2023-11-08T17:57:16.415-0500] {logging_mixin.py:154} INFO - [2023-11-08T17:57:16.415-0500] {dag.py:2941} INFO - Sync 1 DAGs
[2023-11-08T17:57:16.421-0500] {logging_mixin.py:154} INFO - [2023-11-08T17:57:16.421-0500] {dag.py:3722} INFO - Setting next_dagrun for example_params_ui_tutorial to None, run_after=None
[2023-11-08T17:57:16.431-0500] {processor.py:179} INFO - Processing /Users/az/anaconda3/envs/python38/lib/python3.8/site-packages/airflow/example_dags/example_params_ui_tutorial.py took 0.185 seconds
[2023-11-08T17:59:17.415-0500] {processor.py:157} INFO - Started process (PID=49885) to work on /Users/az/anaconda3/envs/python38/lib/python3.8/site-packages/airflow/example_dags/example_params_ui_tutorial.py
[2023-11-08T17:59:17.420-0500] {processor.py:829} INFO - Processing file /Users/az/anaconda3/envs/python38/lib/python3.8/site-packages/airflow/example_dags/example_params_ui_tutorial.py for tasks to queue
[2023-11-08T17:59:17.420-0500] {logging_mixin.py:154} INFO - [2023-11-08T17:59:17.420-0500] {dagbag.py:536} INFO - Filling up the DagBag from /Users/az/anaconda3/envs/python38/lib/python3.8/site-packages/airflow/example_dags/example_params_ui_tutorial.py
[2023-11-08T17:59:17.489-0500] {processor.py:839} INFO - DAG(s) dict_keys(['example_params_ui_tutorial']) retrieved from /Users/az/anaconda3/envs/python38/lib/python3.8/site-packages/airflow/example_dags/example_params_ui_tutorial.py
[2023-11-08T17:59:17.586-0500] {logging_mixin.py:154} INFO - [2023-11-08T17:59:17.586-0500] {dag.py:2941} INFO - Sync 1 DAGs
[2023-11-08T17:59:17.591-0500] {logging_mixin.py:154} INFO - [2023-11-08T17:59:17.591-0500] {dag.py:3722} INFO - Setting next_dagrun for example_params_ui_tutorial to None, run_after=None
[2023-11-08T17:59:17.602-0500] {processor.py:179} INFO - Processing /Users/az/anaconda3/envs/python38/lib/python3.8/site-packages/airflow/example_dags/example_params_ui_tutorial.py took 0.187 seconds
[2023-11-08T18:01:19.338-0500] {processor.py:157} INFO - Started process (PID=50045) to work on /Users/az/anaconda3/envs/python38/lib/python3.8/site-packages/airflow/example_dags/example_params_ui_tutorial.py
[2023-11-08T18:01:19.342-0500] {processor.py:829} INFO - Processing file /Users/az/anaconda3/envs/python38/lib/python3.8/site-packages/airflow/example_dags/example_params_ui_tutorial.py for tasks to queue
[2023-11-08T18:01:19.342-0500] {logging_mixin.py:154} INFO - [2023-11-08T18:01:19.342-0500] {dagbag.py:536} INFO - Filling up the DagBag from /Users/az/anaconda3/envs/python38/lib/python3.8/site-packages/airflow/example_dags/example_params_ui_tutorial.py
[2023-11-08T18:01:19.421-0500] {processor.py:839} INFO - DAG(s) dict_keys(['example_params_ui_tutorial']) retrieved from /Users/az/anaconda3/envs/python38/lib/python3.8/site-packages/airflow/example_dags/example_params_ui_tutorial.py
[2023-11-08T18:01:19.529-0500] {logging_mixin.py:154} INFO - [2023-11-08T18:01:19.529-0500] {dag.py:2941} INFO - Sync 1 DAGs
[2023-11-08T18:01:19.537-0500] {logging_mixin.py:154} INFO - [2023-11-08T18:01:19.537-0500] {dag.py:3722} INFO - Setting next_dagrun for example_params_ui_tutorial to None, run_after=None
[2023-11-08T18:01:19.551-0500] {processor.py:179} INFO - Processing /Users/az/anaconda3/envs/python38/lib/python3.8/site-packages/airflow/example_dags/example_params_ui_tutorial.py took 0.214 seconds
[2023-11-08T18:03:15.492-0500] {processor.py:157} INFO - Started process (PID=50254) to work on /Users/az/anaconda3/envs/python38/lib/python3.8/site-packages/airflow/example_dags/example_params_ui_tutorial.py
[2023-11-08T18:03:15.496-0500] {processor.py:829} INFO - Processing file /Users/az/anaconda3/envs/python38/lib/python3.8/site-packages/airflow/example_dags/example_params_ui_tutorial.py for tasks to queue
[2023-11-08T18:03:15.497-0500] {logging_mixin.py:154} INFO - [2023-11-08T18:03:15.497-0500] {dagbag.py:536} INFO - Filling up the DagBag from /Users/az/anaconda3/envs/python38/lib/python3.8/site-packages/airflow/example_dags/example_params_ui_tutorial.py
[2023-11-08T18:03:15.569-0500] {processor.py:839} INFO - DAG(s) dict_keys(['example_params_ui_tutorial']) retrieved from /Users/az/anaconda3/envs/python38/lib/python3.8/site-packages/airflow/example_dags/example_params_ui_tutorial.py
[2023-11-08T18:03:15.665-0500] {logging_mixin.py:154} INFO - [2023-11-08T18:03:15.665-0500] {dag.py:2941} INFO - Sync 1 DAGs
[2023-11-08T18:03:15.670-0500] {logging_mixin.py:154} INFO - [2023-11-08T18:03:15.670-0500] {dag.py:3722} INFO - Setting next_dagrun for example_params_ui_tutorial to None, run_after=None
[2023-11-08T18:03:15.681-0500] {processor.py:179} INFO - Processing /Users/az/anaconda3/envs/python38/lib/python3.8/site-packages/airflow/example_dags/example_params_ui_tutorial.py took 0.189 seconds
[2023-11-08T18:05:12.606-0500] {processor.py:157} INFO - Started process (PID=50526) to work on /Users/az/anaconda3/envs/python38/lib/python3.8/site-packages/airflow/example_dags/example_params_ui_tutorial.py
[2023-11-08T18:05:12.610-0500] {processor.py:829} INFO - Processing file /Users/az/anaconda3/envs/python38/lib/python3.8/site-packages/airflow/example_dags/example_params_ui_tutorial.py for tasks to queue
[2023-11-08T18:05:12.610-0500] {logging_mixin.py:154} INFO - [2023-11-08T18:05:12.610-0500] {dagbag.py:536} INFO - Filling up the DagBag from /Users/az/anaconda3/envs/python38/lib/python3.8/site-packages/airflow/example_dags/example_params_ui_tutorial.py
[2023-11-08T18:05:12.679-0500] {processor.py:839} INFO - DAG(s) dict_keys(['example_params_ui_tutorial']) retrieved from /Users/az/anaconda3/envs/python38/lib/python3.8/site-packages/airflow/example_dags/example_params_ui_tutorial.py
[2023-11-08T18:05:12.774-0500] {logging_mixin.py:154} INFO - [2023-11-08T18:05:12.774-0500] {dag.py:2941} INFO - Sync 1 DAGs
[2023-11-08T18:05:12.780-0500] {logging_mixin.py:154} INFO - [2023-11-08T18:05:12.780-0500] {dag.py:3722} INFO - Setting next_dagrun for example_params_ui_tutorial to None, run_after=None
[2023-11-08T18:05:12.790-0500] {processor.py:179} INFO - Processing /Users/az/anaconda3/envs/python38/lib/python3.8/site-packages/airflow/example_dags/example_params_ui_tutorial.py took 0.185 seconds
[2023-11-08T18:07:07.235-0500] {processor.py:157} INFO - Started process (PID=50683) to work on /Users/az/anaconda3/envs/python38/lib/python3.8/site-packages/airflow/example_dags/example_params_ui_tutorial.py
[2023-11-08T18:07:07.239-0500] {processor.py:829} INFO - Processing file /Users/az/anaconda3/envs/python38/lib/python3.8/site-packages/airflow/example_dags/example_params_ui_tutorial.py for tasks to queue
[2023-11-08T18:07:07.239-0500] {logging_mixin.py:154} INFO - [2023-11-08T18:07:07.239-0500] {dagbag.py:536} INFO - Filling up the DagBag from /Users/az/anaconda3/envs/python38/lib/python3.8/site-packages/airflow/example_dags/example_params_ui_tutorial.py
[2023-11-08T18:07:07.308-0500] {processor.py:839} INFO - DAG(s) dict_keys(['example_params_ui_tutorial']) retrieved from /Users/az/anaconda3/envs/python38/lib/python3.8/site-packages/airflow/example_dags/example_params_ui_tutorial.py
[2023-11-08T18:07:07.403-0500] {logging_mixin.py:154} INFO - [2023-11-08T18:07:07.403-0500] {dag.py:2941} INFO - Sync 1 DAGs
[2023-11-08T18:07:07.409-0500] {logging_mixin.py:154} INFO - [2023-11-08T18:07:07.409-0500] {dag.py:3722} INFO - Setting next_dagrun for example_params_ui_tutorial to None, run_after=None
[2023-11-08T18:07:07.418-0500] {processor.py:179} INFO - Processing /Users/az/anaconda3/envs/python38/lib/python3.8/site-packages/airflow/example_dags/example_params_ui_tutorial.py took 0.184 seconds
[2023-11-08T18:09:02.879-0500] {processor.py:157} INFO - Started process (PID=50849) to work on /Users/az/anaconda3/envs/python38/lib/python3.8/site-packages/airflow/example_dags/example_params_ui_tutorial.py
[2023-11-08T18:09:02.883-0500] {processor.py:829} INFO - Processing file /Users/az/anaconda3/envs/python38/lib/python3.8/site-packages/airflow/example_dags/example_params_ui_tutorial.py for tasks to queue
[2023-11-08T18:09:02.883-0500] {logging_mixin.py:154} INFO - [2023-11-08T18:09:02.883-0500] {dagbag.py:536} INFO - Filling up the DagBag from /Users/az/anaconda3/envs/python38/lib/python3.8/site-packages/airflow/example_dags/example_params_ui_tutorial.py
[2023-11-08T18:09:02.952-0500] {processor.py:839} INFO - DAG(s) dict_keys(['example_params_ui_tutorial']) retrieved from /Users/az/anaconda3/envs/python38/lib/python3.8/site-packages/airflow/example_dags/example_params_ui_tutorial.py
[2023-11-08T18:09:03.048-0500] {logging_mixin.py:154} INFO - [2023-11-08T18:09:03.048-0500] {dag.py:2941} INFO - Sync 1 DAGs
[2023-11-08T18:09:03.054-0500] {logging_mixin.py:154} INFO - [2023-11-08T18:09:03.054-0500] {dag.py:3722} INFO - Setting next_dagrun for example_params_ui_tutorial to None, run_after=None
[2023-11-08T18:09:03.064-0500] {processor.py:179} INFO - Processing /Users/az/anaconda3/envs/python38/lib/python3.8/site-packages/airflow/example_dags/example_params_ui_tutorial.py took 0.185 seconds
[2023-11-08T18:11:02.960-0500] {processor.py:157} INFO - Started process (PID=51003) to work on /Users/az/anaconda3/envs/python38/lib/python3.8/site-packages/airflow/example_dags/example_params_ui_tutorial.py
[2023-11-08T18:11:02.963-0500] {processor.py:829} INFO - Processing file /Users/az/anaconda3/envs/python38/lib/python3.8/site-packages/airflow/example_dags/example_params_ui_tutorial.py for tasks to queue
[2023-11-08T18:11:02.964-0500] {logging_mixin.py:154} INFO - [2023-11-08T18:11:02.964-0500] {dagbag.py:536} INFO - Filling up the DagBag from /Users/az/anaconda3/envs/python38/lib/python3.8/site-packages/airflow/example_dags/example_params_ui_tutorial.py
[2023-11-08T18:11:03.032-0500] {processor.py:839} INFO - DAG(s) dict_keys(['example_params_ui_tutorial']) retrieved from /Users/az/anaconda3/envs/python38/lib/python3.8/site-packages/airflow/example_dags/example_params_ui_tutorial.py
[2023-11-08T18:11:03.127-0500] {logging_mixin.py:154} INFO - [2023-11-08T18:11:03.126-0500] {dag.py:2941} INFO - Sync 1 DAGs
[2023-11-08T18:11:03.132-0500] {logging_mixin.py:154} INFO - [2023-11-08T18:11:03.132-0500] {dag.py:3722} INFO - Setting next_dagrun for example_params_ui_tutorial to None, run_after=None
[2023-11-08T18:11:03.142-0500] {processor.py:179} INFO - Processing /Users/az/anaconda3/envs/python38/lib/python3.8/site-packages/airflow/example_dags/example_params_ui_tutorial.py took 0.183 seconds
[2023-11-08T18:23:01.599-0500] {processor.py:157} INFO - Started process (PID=51187) to work on /Users/az/anaconda3/envs/python38/lib/python3.8/site-packages/airflow/example_dags/example_params_ui_tutorial.py
[2023-11-08T18:23:01.603-0500] {processor.py:829} INFO - Processing file /Users/az/anaconda3/envs/python38/lib/python3.8/site-packages/airflow/example_dags/example_params_ui_tutorial.py for tasks to queue
[2023-11-08T18:23:01.604-0500] {logging_mixin.py:154} INFO - [2023-11-08T18:23:01.603-0500] {dagbag.py:536} INFO - Filling up the DagBag from /Users/az/anaconda3/envs/python38/lib/python3.8/site-packages/airflow/example_dags/example_params_ui_tutorial.py
[2023-11-08T18:23:01.672-0500] {processor.py:839} INFO - DAG(s) dict_keys(['example_params_ui_tutorial']) retrieved from /Users/az/anaconda3/envs/python38/lib/python3.8/site-packages/airflow/example_dags/example_params_ui_tutorial.py
[2023-11-08T18:23:01.768-0500] {logging_mixin.py:154} INFO - [2023-11-08T18:23:01.768-0500] {dag.py:2941} INFO - Sync 1 DAGs
[2023-11-08T18:23:01.774-0500] {logging_mixin.py:154} INFO - [2023-11-08T18:23:01.774-0500] {dag.py:3722} INFO - Setting next_dagrun for example_params_ui_tutorial to None, run_after=None
[2023-11-08T18:23:01.784-0500] {processor.py:179} INFO - Processing /Users/az/anaconda3/envs/python38/lib/python3.8/site-packages/airflow/example_dags/example_params_ui_tutorial.py took 0.186 seconds
[2023-11-08T18:31:44.056-0500] {processor.py:157} INFO - Started process (PID=51337) to work on /Users/az/anaconda3/envs/python38/lib/python3.8/site-packages/airflow/example_dags/example_params_ui_tutorial.py
[2023-11-08T18:31:44.061-0500] {processor.py:829} INFO - Processing file /Users/az/anaconda3/envs/python38/lib/python3.8/site-packages/airflow/example_dags/example_params_ui_tutorial.py for tasks to queue
[2023-11-08T18:31:44.061-0500] {logging_mixin.py:154} INFO - [2023-11-08T18:31:44.061-0500] {dagbag.py:536} INFO - Filling up the DagBag from /Users/az/anaconda3/envs/python38/lib/python3.8/site-packages/airflow/example_dags/example_params_ui_tutorial.py
[2023-11-08T18:31:44.129-0500] {processor.py:839} INFO - DAG(s) dict_keys(['example_params_ui_tutorial']) retrieved from /Users/az/anaconda3/envs/python38/lib/python3.8/site-packages/airflow/example_dags/example_params_ui_tutorial.py
[2023-11-08T18:31:44.225-0500] {logging_mixin.py:154} INFO - [2023-11-08T18:31:44.225-0500] {dag.py:2941} INFO - Sync 1 DAGs
[2023-11-08T18:31:44.231-0500] {logging_mixin.py:154} INFO - [2023-11-08T18:31:44.231-0500] {dag.py:3722} INFO - Setting next_dagrun for example_params_ui_tutorial to None, run_after=None
[2023-11-08T18:31:44.242-0500] {processor.py:179} INFO - Processing /Users/az/anaconda3/envs/python38/lib/python3.8/site-packages/airflow/example_dags/example_params_ui_tutorial.py took 0.186 seconds
[2023-11-08T18:33:50.351-0500] {processor.py:157} INFO - Started process (PID=51497) to work on /Users/az/anaconda3/envs/python38/lib/python3.8/site-packages/airflow/example_dags/example_params_ui_tutorial.py
[2023-11-08T18:33:50.355-0500] {processor.py:829} INFO - Processing file /Users/az/anaconda3/envs/python38/lib/python3.8/site-packages/airflow/example_dags/example_params_ui_tutorial.py for tasks to queue
[2023-11-08T18:33:50.356-0500] {logging_mixin.py:154} INFO - [2023-11-08T18:33:50.355-0500] {dagbag.py:536} INFO - Filling up the DagBag from /Users/az/anaconda3/envs/python38/lib/python3.8/site-packages/airflow/example_dags/example_params_ui_tutorial.py
[2023-11-08T18:33:50.428-0500] {processor.py:839} INFO - DAG(s) dict_keys(['example_params_ui_tutorial']) retrieved from /Users/az/anaconda3/envs/python38/lib/python3.8/site-packages/airflow/example_dags/example_params_ui_tutorial.py
[2023-11-08T18:33:50.599-0500] {logging_mixin.py:154} INFO - [2023-11-08T18:33:50.599-0500] {dag.py:2941} INFO - Sync 1 DAGs
[2023-11-08T18:33:50.606-0500] {logging_mixin.py:154} INFO - [2023-11-08T18:33:50.605-0500] {dag.py:3722} INFO - Setting next_dagrun for example_params_ui_tutorial to None, run_after=None
[2023-11-08T18:33:50.616-0500] {processor.py:179} INFO - Processing /Users/az/anaconda3/envs/python38/lib/python3.8/site-packages/airflow/example_dags/example_params_ui_tutorial.py took 0.266 seconds
[2023-11-08T18:35:50.709-0500] {processor.py:157} INFO - Started process (PID=51644) to work on /Users/az/anaconda3/envs/python38/lib/python3.8/site-packages/airflow/example_dags/example_params_ui_tutorial.py
[2023-11-08T18:35:50.713-0500] {processor.py:829} INFO - Processing file /Users/az/anaconda3/envs/python38/lib/python3.8/site-packages/airflow/example_dags/example_params_ui_tutorial.py for tasks to queue
[2023-11-08T18:35:50.713-0500] {logging_mixin.py:154} INFO - [2023-11-08T18:35:50.713-0500] {dagbag.py:536} INFO - Filling up the DagBag from /Users/az/anaconda3/envs/python38/lib/python3.8/site-packages/airflow/example_dags/example_params_ui_tutorial.py
[2023-11-08T18:35:50.783-0500] {processor.py:839} INFO - DAG(s) dict_keys(['example_params_ui_tutorial']) retrieved from /Users/az/anaconda3/envs/python38/lib/python3.8/site-packages/airflow/example_dags/example_params_ui_tutorial.py
[2023-11-08T18:35:50.880-0500] {logging_mixin.py:154} INFO - [2023-11-08T18:35:50.880-0500] {dag.py:2941} INFO - Sync 1 DAGs
[2023-11-08T18:35:50.886-0500] {logging_mixin.py:154} INFO - [2023-11-08T18:35:50.885-0500] {dag.py:3722} INFO - Setting next_dagrun for example_params_ui_tutorial to None, run_after=None
[2023-11-08T18:35:50.896-0500] {processor.py:179} INFO - Processing /Users/az/anaconda3/envs/python38/lib/python3.8/site-packages/airflow/example_dags/example_params_ui_tutorial.py took 0.187 seconds
[2023-11-08T18:37:44.279-0500] {processor.py:157} INFO - Started process (PID=51791) to work on /Users/az/anaconda3/envs/python38/lib/python3.8/site-packages/airflow/example_dags/example_params_ui_tutorial.py
[2023-11-08T18:37:44.284-0500] {processor.py:829} INFO - Processing file /Users/az/anaconda3/envs/python38/lib/python3.8/site-packages/airflow/example_dags/example_params_ui_tutorial.py for tasks to queue
[2023-11-08T18:37:44.284-0500] {logging_mixin.py:154} INFO - [2023-11-08T18:37:44.284-0500] {dagbag.py:536} INFO - Filling up the DagBag from /Users/az/anaconda3/envs/python38/lib/python3.8/site-packages/airflow/example_dags/example_params_ui_tutorial.py
[2023-11-08T18:37:44.353-0500] {processor.py:839} INFO - DAG(s) dict_keys(['example_params_ui_tutorial']) retrieved from /Users/az/anaconda3/envs/python38/lib/python3.8/site-packages/airflow/example_dags/example_params_ui_tutorial.py
[2023-11-08T18:37:44.448-0500] {logging_mixin.py:154} INFO - [2023-11-08T18:37:44.448-0500] {dag.py:2941} INFO - Sync 1 DAGs
[2023-11-08T18:37:44.454-0500] {logging_mixin.py:154} INFO - [2023-11-08T18:37:44.454-0500] {dag.py:3722} INFO - Setting next_dagrun for example_params_ui_tutorial to None, run_after=None
[2023-11-08T18:37:44.464-0500] {processor.py:179} INFO - Processing /Users/az/anaconda3/envs/python38/lib/python3.8/site-packages/airflow/example_dags/example_params_ui_tutorial.py took 0.185 seconds
[2023-11-08T18:39:41.902-0500] {processor.py:157} INFO - Started process (PID=51934) to work on /Users/az/anaconda3/envs/python38/lib/python3.8/site-packages/airflow/example_dags/example_params_ui_tutorial.py
[2023-11-08T18:39:41.906-0500] {processor.py:829} INFO - Processing file /Users/az/anaconda3/envs/python38/lib/python3.8/site-packages/airflow/example_dags/example_params_ui_tutorial.py for tasks to queue
[2023-11-08T18:39:41.906-0500] {logging_mixin.py:154} INFO - [2023-11-08T18:39:41.906-0500] {dagbag.py:536} INFO - Filling up the DagBag from /Users/az/anaconda3/envs/python38/lib/python3.8/site-packages/airflow/example_dags/example_params_ui_tutorial.py
[2023-11-08T18:39:41.975-0500] {processor.py:839} INFO - DAG(s) dict_keys(['example_params_ui_tutorial']) retrieved from /Users/az/anaconda3/envs/python38/lib/python3.8/site-packages/airflow/example_dags/example_params_ui_tutorial.py
[2023-11-08T18:39:42.071-0500] {logging_mixin.py:154} INFO - [2023-11-08T18:39:42.070-0500] {dag.py:2941} INFO - Sync 1 DAGs
[2023-11-08T18:39:42.076-0500] {logging_mixin.py:154} INFO - [2023-11-08T18:39:42.076-0500] {dag.py:3722} INFO - Setting next_dagrun for example_params_ui_tutorial to None, run_after=None
[2023-11-08T18:39:42.086-0500] {processor.py:179} INFO - Processing /Users/az/anaconda3/envs/python38/lib/python3.8/site-packages/airflow/example_dags/example_params_ui_tutorial.py took 0.185 seconds
[2023-11-08T18:41:46.744-0500] {processor.py:157} INFO - Started process (PID=52083) to work on /Users/az/anaconda3/envs/python38/lib/python3.8/site-packages/airflow/example_dags/example_params_ui_tutorial.py
[2023-11-08T18:41:46.748-0500] {processor.py:829} INFO - Processing file /Users/az/anaconda3/envs/python38/lib/python3.8/site-packages/airflow/example_dags/example_params_ui_tutorial.py for tasks to queue
[2023-11-08T18:41:46.749-0500] {logging_mixin.py:154} INFO - [2023-11-08T18:41:46.749-0500] {dagbag.py:536} INFO - Filling up the DagBag from /Users/az/anaconda3/envs/python38/lib/python3.8/site-packages/airflow/example_dags/example_params_ui_tutorial.py
[2023-11-08T18:41:46.818-0500] {processor.py:839} INFO - DAG(s) dict_keys(['example_params_ui_tutorial']) retrieved from /Users/az/anaconda3/envs/python38/lib/python3.8/site-packages/airflow/example_dags/example_params_ui_tutorial.py
[2023-11-08T18:41:46.913-0500] {logging_mixin.py:154} INFO - [2023-11-08T18:41:46.913-0500] {dag.py:2941} INFO - Sync 1 DAGs
[2023-11-08T18:41:46.919-0500] {logging_mixin.py:154} INFO - [2023-11-08T18:41:46.919-0500] {dag.py:3722} INFO - Setting next_dagrun for example_params_ui_tutorial to None, run_after=None
[2023-11-08T18:41:46.929-0500] {processor.py:179} INFO - Processing /Users/az/anaconda3/envs/python38/lib/python3.8/site-packages/airflow/example_dags/example_params_ui_tutorial.py took 0.186 seconds
[2023-11-08T18:43:47.232-0500] {processor.py:157} INFO - Started process (PID=52232) to work on /Users/az/anaconda3/envs/python38/lib/python3.8/site-packages/airflow/example_dags/example_params_ui_tutorial.py
[2023-11-08T18:43:47.236-0500] {processor.py:829} INFO - Processing file /Users/az/anaconda3/envs/python38/lib/python3.8/site-packages/airflow/example_dags/example_params_ui_tutorial.py for tasks to queue
[2023-11-08T18:43:47.237-0500] {logging_mixin.py:154} INFO - [2023-11-08T18:43:47.237-0500] {dagbag.py:536} INFO - Filling up the DagBag from /Users/az/anaconda3/envs/python38/lib/python3.8/site-packages/airflow/example_dags/example_params_ui_tutorial.py
[2023-11-08T18:43:47.306-0500] {processor.py:839} INFO - DAG(s) dict_keys(['example_params_ui_tutorial']) retrieved from /Users/az/anaconda3/envs/python38/lib/python3.8/site-packages/airflow/example_dags/example_params_ui_tutorial.py
[2023-11-08T18:43:47.402-0500] {logging_mixin.py:154} INFO - [2023-11-08T18:43:47.402-0500] {dag.py:2941} INFO - Sync 1 DAGs
[2023-11-08T18:43:47.408-0500] {logging_mixin.py:154} INFO - [2023-11-08T18:43:47.408-0500] {dag.py:3722} INFO - Setting next_dagrun for example_params_ui_tutorial to None, run_after=None
[2023-11-08T18:43:47.418-0500] {processor.py:179} INFO - Processing /Users/az/anaconda3/envs/python38/lib/python3.8/site-packages/airflow/example_dags/example_params_ui_tutorial.py took 0.187 seconds
[2023-11-08T18:45:50.649-0500] {processor.py:157} INFO - Started process (PID=52378) to work on /Users/az/anaconda3/envs/python38/lib/python3.8/site-packages/airflow/example_dags/example_params_ui_tutorial.py
[2023-11-08T18:45:50.653-0500] {processor.py:829} INFO - Processing file /Users/az/anaconda3/envs/python38/lib/python3.8/site-packages/airflow/example_dags/example_params_ui_tutorial.py for tasks to queue
[2023-11-08T18:45:50.654-0500] {logging_mixin.py:154} INFO - [2023-11-08T18:45:50.654-0500] {dagbag.py:536} INFO - Filling up the DagBag from /Users/az/anaconda3/envs/python38/lib/python3.8/site-packages/airflow/example_dags/example_params_ui_tutorial.py
[2023-11-08T18:45:50.722-0500] {processor.py:839} INFO - DAG(s) dict_keys(['example_params_ui_tutorial']) retrieved from /Users/az/anaconda3/envs/python38/lib/python3.8/site-packages/airflow/example_dags/example_params_ui_tutorial.py
[2023-11-08T18:45:50.817-0500] {logging_mixin.py:154} INFO - [2023-11-08T18:45:50.817-0500] {dag.py:2941} INFO - Sync 1 DAGs
[2023-11-08T18:45:50.823-0500] {logging_mixin.py:154} INFO - [2023-11-08T18:45:50.823-0500] {dag.py:3722} INFO - Setting next_dagrun for example_params_ui_tutorial to None, run_after=None
[2023-11-08T18:45:50.833-0500] {processor.py:179} INFO - Processing /Users/az/anaconda3/envs/python38/lib/python3.8/site-packages/airflow/example_dags/example_params_ui_tutorial.py took 0.185 seconds
[2023-11-08T18:48:00.238-0500] {processor.py:157} INFO - Started process (PID=52593) to work on /Users/az/anaconda3/envs/python38/lib/python3.8/site-packages/airflow/example_dags/example_params_ui_tutorial.py
[2023-11-08T18:48:00.242-0500] {processor.py:829} INFO - Processing file /Users/az/anaconda3/envs/python38/lib/python3.8/site-packages/airflow/example_dags/example_params_ui_tutorial.py for tasks to queue
[2023-11-08T18:48:00.242-0500] {logging_mixin.py:154} INFO - [2023-11-08T18:48:00.242-0500] {dagbag.py:536} INFO - Filling up the DagBag from /Users/az/anaconda3/envs/python38/lib/python3.8/site-packages/airflow/example_dags/example_params_ui_tutorial.py
[2023-11-08T18:48:00.315-0500] {processor.py:839} INFO - DAG(s) dict_keys(['example_params_ui_tutorial']) retrieved from /Users/az/anaconda3/envs/python38/lib/python3.8/site-packages/airflow/example_dags/example_params_ui_tutorial.py
[2023-11-08T18:48:00.496-0500] {logging_mixin.py:154} INFO - [2023-11-08T18:48:00.495-0500] {dag.py:2941} INFO - Sync 1 DAGs
[2023-11-08T18:48:00.506-0500] {logging_mixin.py:154} INFO - [2023-11-08T18:48:00.506-0500] {dag.py:3722} INFO - Setting next_dagrun for example_params_ui_tutorial to None, run_after=None
[2023-11-08T18:48:00.524-0500] {processor.py:179} INFO - Processing /Users/az/anaconda3/envs/python38/lib/python3.8/site-packages/airflow/example_dags/example_params_ui_tutorial.py took 0.286 seconds
[2023-11-08T18:49:56.786-0500] {processor.py:157} INFO - Started process (PID=52743) to work on /Users/az/anaconda3/envs/python38/lib/python3.8/site-packages/airflow/example_dags/example_params_ui_tutorial.py
[2023-11-08T18:49:56.790-0500] {processor.py:829} INFO - Processing file /Users/az/anaconda3/envs/python38/lib/python3.8/site-packages/airflow/example_dags/example_params_ui_tutorial.py for tasks to queue
[2023-11-08T18:49:56.790-0500] {logging_mixin.py:154} INFO - [2023-11-08T18:49:56.790-0500] {dagbag.py:536} INFO - Filling up the DagBag from /Users/az/anaconda3/envs/python38/lib/python3.8/site-packages/airflow/example_dags/example_params_ui_tutorial.py
[2023-11-08T18:49:56.860-0500] {processor.py:839} INFO - DAG(s) dict_keys(['example_params_ui_tutorial']) retrieved from /Users/az/anaconda3/envs/python38/lib/python3.8/site-packages/airflow/example_dags/example_params_ui_tutorial.py
[2023-11-08T18:49:56.954-0500] {logging_mixin.py:154} INFO - [2023-11-08T18:49:56.954-0500] {dag.py:2941} INFO - Sync 1 DAGs
[2023-11-08T18:49:56.960-0500] {logging_mixin.py:154} INFO - [2023-11-08T18:49:56.960-0500] {dag.py:3722} INFO - Setting next_dagrun for example_params_ui_tutorial to None, run_after=None
[2023-11-08T18:49:56.970-0500] {processor.py:179} INFO - Processing /Users/az/anaconda3/envs/python38/lib/python3.8/site-packages/airflow/example_dags/example_params_ui_tutorial.py took 0.184 seconds
[2023-11-08T18:51:57.651-0500] {processor.py:157} INFO - Started process (PID=52900) to work on /Users/az/anaconda3/envs/python38/lib/python3.8/site-packages/airflow/example_dags/example_params_ui_tutorial.py
[2023-11-08T18:51:57.655-0500] {processor.py:829} INFO - Processing file /Users/az/anaconda3/envs/python38/lib/python3.8/site-packages/airflow/example_dags/example_params_ui_tutorial.py for tasks to queue
[2023-11-08T18:51:57.656-0500] {logging_mixin.py:154} INFO - [2023-11-08T18:51:57.656-0500] {dagbag.py:536} INFO - Filling up the DagBag from /Users/az/anaconda3/envs/python38/lib/python3.8/site-packages/airflow/example_dags/example_params_ui_tutorial.py
[2023-11-08T18:51:57.724-0500] {processor.py:839} INFO - DAG(s) dict_keys(['example_params_ui_tutorial']) retrieved from /Users/az/anaconda3/envs/python38/lib/python3.8/site-packages/airflow/example_dags/example_params_ui_tutorial.py
[2023-11-08T18:51:57.820-0500] {logging_mixin.py:154} INFO - [2023-11-08T18:51:57.820-0500] {dag.py:2941} INFO - Sync 1 DAGs
[2023-11-08T18:51:57.826-0500] {logging_mixin.py:154} INFO - [2023-11-08T18:51:57.826-0500] {dag.py:3722} INFO - Setting next_dagrun for example_params_ui_tutorial to None, run_after=None
[2023-11-08T18:51:57.836-0500] {processor.py:179} INFO - Processing /Users/az/anaconda3/envs/python38/lib/python3.8/site-packages/airflow/example_dags/example_params_ui_tutorial.py took 0.186 seconds
[2023-11-08T18:54:01.361-0500] {processor.py:157} INFO - Started process (PID=53064) to work on /Users/az/anaconda3/envs/python38/lib/python3.8/site-packages/airflow/example_dags/example_params_ui_tutorial.py
[2023-11-08T18:54:01.366-0500] {processor.py:829} INFO - Processing file /Users/az/anaconda3/envs/python38/lib/python3.8/site-packages/airflow/example_dags/example_params_ui_tutorial.py for tasks to queue
[2023-11-08T18:54:01.366-0500] {logging_mixin.py:154} INFO - [2023-11-08T18:54:01.366-0500] {dagbag.py:536} INFO - Filling up the DagBag from /Users/az/anaconda3/envs/python38/lib/python3.8/site-packages/airflow/example_dags/example_params_ui_tutorial.py
[2023-11-08T18:54:01.438-0500] {processor.py:839} INFO - DAG(s) dict_keys(['example_params_ui_tutorial']) retrieved from /Users/az/anaconda3/envs/python38/lib/python3.8/site-packages/airflow/example_dags/example_params_ui_tutorial.py
[2023-11-08T18:54:01.535-0500] {logging_mixin.py:154} INFO - [2023-11-08T18:54:01.535-0500] {dag.py:2941} INFO - Sync 1 DAGs
[2023-11-08T18:54:01.540-0500] {logging_mixin.py:154} INFO - [2023-11-08T18:54:01.540-0500] {dag.py:3722} INFO - Setting next_dagrun for example_params_ui_tutorial to None, run_after=None
[2023-11-08T18:54:01.552-0500] {processor.py:179} INFO - Processing /Users/az/anaconda3/envs/python38/lib/python3.8/site-packages/airflow/example_dags/example_params_ui_tutorial.py took 0.192 seconds
[2023-11-08T18:56:10.686-0500] {processor.py:157} INFO - Started process (PID=53226) to work on /Users/az/anaconda3/envs/python38/lib/python3.8/site-packages/airflow/example_dags/example_params_ui_tutorial.py
[2023-11-08T18:56:10.690-0500] {processor.py:829} INFO - Processing file /Users/az/anaconda3/envs/python38/lib/python3.8/site-packages/airflow/example_dags/example_params_ui_tutorial.py for tasks to queue
[2023-11-08T18:56:10.690-0500] {logging_mixin.py:154} INFO - [2023-11-08T18:56:10.690-0500] {dagbag.py:536} INFO - Filling up the DagBag from /Users/az/anaconda3/envs/python38/lib/python3.8/site-packages/airflow/example_dags/example_params_ui_tutorial.py
[2023-11-08T18:56:10.759-0500] {processor.py:839} INFO - DAG(s) dict_keys(['example_params_ui_tutorial']) retrieved from /Users/az/anaconda3/envs/python38/lib/python3.8/site-packages/airflow/example_dags/example_params_ui_tutorial.py
[2023-11-08T18:56:10.854-0500] {logging_mixin.py:154} INFO - [2023-11-08T18:56:10.854-0500] {dag.py:2941} INFO - Sync 1 DAGs
[2023-11-08T18:56:10.860-0500] {logging_mixin.py:154} INFO - [2023-11-08T18:56:10.860-0500] {dag.py:3722} INFO - Setting next_dagrun for example_params_ui_tutorial to None, run_after=None
[2023-11-08T18:56:10.870-0500] {processor.py:179} INFO - Processing /Users/az/anaconda3/envs/python38/lib/python3.8/site-packages/airflow/example_dags/example_params_ui_tutorial.py took 0.185 seconds
[2023-11-08T18:58:14.428-0500] {processor.py:157} INFO - Started process (PID=53385) to work on /Users/az/anaconda3/envs/python38/lib/python3.8/site-packages/airflow/example_dags/example_params_ui_tutorial.py
[2023-11-08T18:58:14.432-0500] {processor.py:829} INFO - Processing file /Users/az/anaconda3/envs/python38/lib/python3.8/site-packages/airflow/example_dags/example_params_ui_tutorial.py for tasks to queue
[2023-11-08T18:58:14.432-0500] {logging_mixin.py:154} INFO - [2023-11-08T18:58:14.432-0500] {dagbag.py:536} INFO - Filling up the DagBag from /Users/az/anaconda3/envs/python38/lib/python3.8/site-packages/airflow/example_dags/example_params_ui_tutorial.py
[2023-11-08T18:58:14.507-0500] {processor.py:839} INFO - DAG(s) dict_keys(['example_params_ui_tutorial']) retrieved from /Users/az/anaconda3/envs/python38/lib/python3.8/site-packages/airflow/example_dags/example_params_ui_tutorial.py
[2023-11-08T18:58:14.604-0500] {logging_mixin.py:154} INFO - [2023-11-08T18:58:14.604-0500] {dag.py:2941} INFO - Sync 1 DAGs
[2023-11-08T18:58:14.610-0500] {logging_mixin.py:154} INFO - [2023-11-08T18:58:14.610-0500] {dag.py:3722} INFO - Setting next_dagrun for example_params_ui_tutorial to None, run_after=None
[2023-11-08T18:58:14.620-0500] {processor.py:179} INFO - Processing /Users/az/anaconda3/envs/python38/lib/python3.8/site-packages/airflow/example_dags/example_params_ui_tutorial.py took 0.192 seconds
