[2023-11-08T17:48:26.732-0500] {processor.py:157} INFO - Started process (PID=48988) to work on /Users/az/anaconda3/envs/python38/lib/python3.8/site-packages/airflow/example_dags/example_branch_day_of_week_operator.py
[2023-11-08T17:48:26.735-0500] {processor.py:829} INFO - Processing file /Users/az/anaconda3/envs/python38/lib/python3.8/site-packages/airflow/example_dags/example_branch_day_of_week_operator.py for tasks to queue
[2023-11-08T17:48:26.736-0500] {logging_mixin.py:154} INFO - [2023-11-08T17:48:26.736-0500] {dagbag.py:536} INFO - Filling up the DagBag from /Users/az/anaconda3/envs/python38/lib/python3.8/site-packages/airflow/example_dags/example_branch_day_of_week_operator.py
[2023-11-08T17:48:26.753-0500] {processor.py:839} INFO - DAG(s) dict_keys(['example_weekday_branch_operator']) retrieved from /Users/az/anaconda3/envs/python38/lib/python3.8/site-packages/airflow/example_dags/example_branch_day_of_week_operator.py
[2023-11-08T17:48:27.116-0500] {logging_mixin.py:154} INFO - [2023-11-08T17:48:27.116-0500] {manager.py:499} INFO - Created Permission View: %s
[2023-11-08T17:48:27.121-0500] {logging_mixin.py:154} INFO - [2023-11-08T17:48:27.121-0500] {manager.py:499} INFO - Created Permission View: %s
[2023-11-08T17:48:27.125-0500] {logging_mixin.py:154} INFO - [2023-11-08T17:48:27.124-0500] {manager.py:499} INFO - Created Permission View: %s
[2023-11-08T17:48:27.125-0500] {logging_mixin.py:154} INFO - [2023-11-08T17:48:27.125-0500] {dag.py:2941} INFO - Sync 1 DAGs
[2023-11-08T17:48:27.130-0500] {logging_mixin.py:154} INFO - [2023-11-08T17:48:27.130-0500] {dag.py:2963} INFO - Creating ORM DAG for example_weekday_branch_operator
[2023-11-08T17:48:27.135-0500] {logging_mixin.py:154} INFO - [2023-11-08T17:48:27.135-0500] {dag.py:3722} INFO - Setting next_dagrun for example_weekday_branch_operator to 2023-11-07T00:00:00+00:00, run_after=2023-11-08T00:00:00+00:00
[2023-11-08T17:48:27.144-0500] {processor.py:179} INFO - Processing /Users/az/anaconda3/envs/python38/lib/python3.8/site-packages/airflow/example_dags/example_branch_day_of_week_operator.py took 0.413 seconds
[2023-11-08T17:50:32.531-0500] {processor.py:157} INFO - Started process (PID=49201) to work on /Users/az/anaconda3/envs/python38/lib/python3.8/site-packages/airflow/example_dags/example_branch_day_of_week_operator.py
[2023-11-08T17:50:32.535-0500] {processor.py:829} INFO - Processing file /Users/az/anaconda3/envs/python38/lib/python3.8/site-packages/airflow/example_dags/example_branch_day_of_week_operator.py for tasks to queue
[2023-11-08T17:50:32.536-0500] {logging_mixin.py:154} INFO - [2023-11-08T17:50:32.536-0500] {dagbag.py:536} INFO - Filling up the DagBag from /Users/az/anaconda3/envs/python38/lib/python3.8/site-packages/airflow/example_dags/example_branch_day_of_week_operator.py
[2023-11-08T17:50:32.552-0500] {processor.py:839} INFO - DAG(s) dict_keys(['example_weekday_branch_operator']) retrieved from /Users/az/anaconda3/envs/python38/lib/python3.8/site-packages/airflow/example_dags/example_branch_day_of_week_operator.py
[2023-11-08T17:50:32.660-0500] {logging_mixin.py:154} INFO - [2023-11-08T17:50:32.659-0500] {dag.py:2941} INFO - Sync 1 DAGs
[2023-11-08T17:50:32.669-0500] {logging_mixin.py:154} INFO - [2023-11-08T17:50:32.669-0500] {dag.py:3722} INFO - Setting next_dagrun for example_weekday_branch_operator to 2023-11-07T00:00:00+00:00, run_after=2023-11-08T00:00:00+00:00
[2023-11-08T17:50:32.679-0500] {processor.py:179} INFO - Processing /Users/az/anaconda3/envs/python38/lib/python3.8/site-packages/airflow/example_dags/example_branch_day_of_week_operator.py took 0.149 seconds
[2023-11-08T17:52:28.238-0500] {processor.py:157} INFO - Started process (PID=49357) to work on /Users/az/anaconda3/envs/python38/lib/python3.8/site-packages/airflow/example_dags/example_branch_day_of_week_operator.py
[2023-11-08T17:52:28.243-0500] {processor.py:829} INFO - Processing file /Users/az/anaconda3/envs/python38/lib/python3.8/site-packages/airflow/example_dags/example_branch_day_of_week_operator.py for tasks to queue
[2023-11-08T17:52:28.243-0500] {logging_mixin.py:154} INFO - [2023-11-08T17:52:28.243-0500] {dagbag.py:536} INFO - Filling up the DagBag from /Users/az/anaconda3/envs/python38/lib/python3.8/site-packages/airflow/example_dags/example_branch_day_of_week_operator.py
[2023-11-08T17:52:28.260-0500] {processor.py:839} INFO - DAG(s) dict_keys(['example_weekday_branch_operator']) retrieved from /Users/az/anaconda3/envs/python38/lib/python3.8/site-packages/airflow/example_dags/example_branch_day_of_week_operator.py
[2023-11-08T17:52:28.367-0500] {logging_mixin.py:154} INFO - [2023-11-08T17:52:28.367-0500] {dag.py:2941} INFO - Sync 1 DAGs
[2023-11-08T17:52:28.376-0500] {logging_mixin.py:154} INFO - [2023-11-08T17:52:28.376-0500] {dag.py:3722} INFO - Setting next_dagrun for example_weekday_branch_operator to 2023-11-07T00:00:00+00:00, run_after=2023-11-08T00:00:00+00:00
[2023-11-08T17:52:28.386-0500] {processor.py:179} INFO - Processing /Users/az/anaconda3/envs/python38/lib/python3.8/site-packages/airflow/example_dags/example_branch_day_of_week_operator.py took 0.148 seconds
[2023-11-08T17:54:21.296-0500] {processor.py:157} INFO - Started process (PID=49498) to work on /Users/az/anaconda3/envs/python38/lib/python3.8/site-packages/airflow/example_dags/example_branch_day_of_week_operator.py
[2023-11-08T17:54:21.300-0500] {processor.py:829} INFO - Processing file /Users/az/anaconda3/envs/python38/lib/python3.8/site-packages/airflow/example_dags/example_branch_day_of_week_operator.py for tasks to queue
[2023-11-08T17:54:21.301-0500] {logging_mixin.py:154} INFO - [2023-11-08T17:54:21.301-0500] {dagbag.py:536} INFO - Filling up the DagBag from /Users/az/anaconda3/envs/python38/lib/python3.8/site-packages/airflow/example_dags/example_branch_day_of_week_operator.py
[2023-11-08T17:54:21.317-0500] {processor.py:839} INFO - DAG(s) dict_keys(['example_weekday_branch_operator']) retrieved from /Users/az/anaconda3/envs/python38/lib/python3.8/site-packages/airflow/example_dags/example_branch_day_of_week_operator.py
[2023-11-08T17:54:21.425-0500] {logging_mixin.py:154} INFO - [2023-11-08T17:54:21.425-0500] {dag.py:2941} INFO - Sync 1 DAGs
[2023-11-08T17:54:21.434-0500] {logging_mixin.py:154} INFO - [2023-11-08T17:54:21.434-0500] {dag.py:3722} INFO - Setting next_dagrun for example_weekday_branch_operator to 2023-11-07T00:00:00+00:00, run_after=2023-11-08T00:00:00+00:00
[2023-11-08T17:54:21.445-0500] {processor.py:179} INFO - Processing /Users/az/anaconda3/envs/python38/lib/python3.8/site-packages/airflow/example_dags/example_branch_day_of_week_operator.py took 0.149 seconds
[2023-11-08T17:56:21.914-0500] {processor.py:157} INFO - Started process (PID=49645) to work on /Users/az/anaconda3/envs/python38/lib/python3.8/site-packages/airflow/example_dags/example_branch_day_of_week_operator.py
[2023-11-08T17:56:21.919-0500] {processor.py:829} INFO - Processing file /Users/az/anaconda3/envs/python38/lib/python3.8/site-packages/airflow/example_dags/example_branch_day_of_week_operator.py for tasks to queue
[2023-11-08T17:56:21.919-0500] {logging_mixin.py:154} INFO - [2023-11-08T17:56:21.919-0500] {dagbag.py:536} INFO - Filling up the DagBag from /Users/az/anaconda3/envs/python38/lib/python3.8/site-packages/airflow/example_dags/example_branch_day_of_week_operator.py
[2023-11-08T17:56:21.936-0500] {processor.py:839} INFO - DAG(s) dict_keys(['example_weekday_branch_operator']) retrieved from /Users/az/anaconda3/envs/python38/lib/python3.8/site-packages/airflow/example_dags/example_branch_day_of_week_operator.py
[2023-11-08T17:56:22.043-0500] {logging_mixin.py:154} INFO - [2023-11-08T17:56:22.043-0500] {dag.py:2941} INFO - Sync 1 DAGs
[2023-11-08T17:56:22.053-0500] {logging_mixin.py:154} INFO - [2023-11-08T17:56:22.053-0500] {dag.py:3722} INFO - Setting next_dagrun for example_weekday_branch_operator to 2023-11-07T00:00:00+00:00, run_after=2023-11-08T00:00:00+00:00
[2023-11-08T17:56:22.063-0500] {processor.py:179} INFO - Processing /Users/az/anaconda3/envs/python38/lib/python3.8/site-packages/airflow/example_dags/example_branch_day_of_week_operator.py took 0.149 seconds
[2023-11-08T17:58:23.106-0500] {processor.py:157} INFO - Started process (PID=49817) to work on /Users/az/anaconda3/envs/python38/lib/python3.8/site-packages/airflow/example_dags/example_branch_day_of_week_operator.py
[2023-11-08T17:58:23.111-0500] {processor.py:829} INFO - Processing file /Users/az/anaconda3/envs/python38/lib/python3.8/site-packages/airflow/example_dags/example_branch_day_of_week_operator.py for tasks to queue
[2023-11-08T17:58:23.111-0500] {logging_mixin.py:154} INFO - [2023-11-08T17:58:23.111-0500] {dagbag.py:536} INFO - Filling up the DagBag from /Users/az/anaconda3/envs/python38/lib/python3.8/site-packages/airflow/example_dags/example_branch_day_of_week_operator.py
[2023-11-08T17:58:23.128-0500] {processor.py:839} INFO - DAG(s) dict_keys(['example_weekday_branch_operator']) retrieved from /Users/az/anaconda3/envs/python38/lib/python3.8/site-packages/airflow/example_dags/example_branch_day_of_week_operator.py
[2023-11-08T17:58:23.237-0500] {logging_mixin.py:154} INFO - [2023-11-08T17:58:23.237-0500] {dag.py:2941} INFO - Sync 1 DAGs
[2023-11-08T17:58:23.247-0500] {logging_mixin.py:154} INFO - [2023-11-08T17:58:23.247-0500] {dag.py:3722} INFO - Setting next_dagrun for example_weekday_branch_operator to 2023-11-07T00:00:00+00:00, run_after=2023-11-08T00:00:00+00:00
[2023-11-08T17:58:23.257-0500] {processor.py:179} INFO - Processing /Users/az/anaconda3/envs/python38/lib/python3.8/site-packages/airflow/example_dags/example_branch_day_of_week_operator.py took 0.151 seconds
[2023-11-08T18:00:24.736-0500] {processor.py:157} INFO - Started process (PID=49967) to work on /Users/az/anaconda3/envs/python38/lib/python3.8/site-packages/airflow/example_dags/example_branch_day_of_week_operator.py
[2023-11-08T18:00:24.741-0500] {processor.py:829} INFO - Processing file /Users/az/anaconda3/envs/python38/lib/python3.8/site-packages/airflow/example_dags/example_branch_day_of_week_operator.py for tasks to queue
[2023-11-08T18:00:24.741-0500] {logging_mixin.py:154} INFO - [2023-11-08T18:00:24.741-0500] {dagbag.py:536} INFO - Filling up the DagBag from /Users/az/anaconda3/envs/python38/lib/python3.8/site-packages/airflow/example_dags/example_branch_day_of_week_operator.py
[2023-11-08T18:00:24.758-0500] {processor.py:839} INFO - DAG(s) dict_keys(['example_weekday_branch_operator']) retrieved from /Users/az/anaconda3/envs/python38/lib/python3.8/site-packages/airflow/example_dags/example_branch_day_of_week_operator.py
[2023-11-08T18:00:24.865-0500] {logging_mixin.py:154} INFO - [2023-11-08T18:00:24.865-0500] {dag.py:2941} INFO - Sync 1 DAGs
[2023-11-08T18:00:24.875-0500] {logging_mixin.py:154} INFO - [2023-11-08T18:00:24.875-0500] {dag.py:3722} INFO - Setting next_dagrun for example_weekday_branch_operator to 2023-11-07T00:00:00+00:00, run_after=2023-11-08T00:00:00+00:00
[2023-11-08T18:00:24.885-0500] {processor.py:179} INFO - Processing /Users/az/anaconda3/envs/python38/lib/python3.8/site-packages/airflow/example_dags/example_branch_day_of_week_operator.py took 0.149 seconds
[2023-11-08T18:02:22.076-0500] {processor.py:157} INFO - Started process (PID=50139) to work on /Users/az/anaconda3/envs/python38/lib/python3.8/site-packages/airflow/example_dags/example_branch_day_of_week_operator.py
[2023-11-08T18:02:22.080-0500] {processor.py:829} INFO - Processing file /Users/az/anaconda3/envs/python38/lib/python3.8/site-packages/airflow/example_dags/example_branch_day_of_week_operator.py for tasks to queue
[2023-11-08T18:02:22.081-0500] {logging_mixin.py:154} INFO - [2023-11-08T18:02:22.081-0500] {dagbag.py:536} INFO - Filling up the DagBag from /Users/az/anaconda3/envs/python38/lib/python3.8/site-packages/airflow/example_dags/example_branch_day_of_week_operator.py
[2023-11-08T18:02:22.098-0500] {processor.py:839} INFO - DAG(s) dict_keys(['example_weekday_branch_operator']) retrieved from /Users/az/anaconda3/envs/python38/lib/python3.8/site-packages/airflow/example_dags/example_branch_day_of_week_operator.py
[2023-11-08T18:02:22.206-0500] {logging_mixin.py:154} INFO - [2023-11-08T18:02:22.206-0500] {dag.py:2941} INFO - Sync 1 DAGs
[2023-11-08T18:02:22.216-0500] {logging_mixin.py:154} INFO - [2023-11-08T18:02:22.216-0500] {dag.py:3722} INFO - Setting next_dagrun for example_weekday_branch_operator to 2023-11-07T00:00:00+00:00, run_after=2023-11-08T00:00:00+00:00
[2023-11-08T18:02:22.226-0500] {processor.py:179} INFO - Processing /Users/az/anaconda3/envs/python38/lib/python3.8/site-packages/airflow/example_dags/example_branch_day_of_week_operator.py took 0.150 seconds
[2023-11-08T18:04:20.754-0500] {processor.py:157} INFO - Started process (PID=50462) to work on /Users/az/anaconda3/envs/python38/lib/python3.8/site-packages/airflow/example_dags/example_branch_day_of_week_operator.py
[2023-11-08T18:04:20.759-0500] {processor.py:829} INFO - Processing file /Users/az/anaconda3/envs/python38/lib/python3.8/site-packages/airflow/example_dags/example_branch_day_of_week_operator.py for tasks to queue
[2023-11-08T18:04:20.759-0500] {logging_mixin.py:154} INFO - [2023-11-08T18:04:20.759-0500] {dagbag.py:536} INFO - Filling up the DagBag from /Users/az/anaconda3/envs/python38/lib/python3.8/site-packages/airflow/example_dags/example_branch_day_of_week_operator.py
[2023-11-08T18:04:20.776-0500] {processor.py:839} INFO - DAG(s) dict_keys(['example_weekday_branch_operator']) retrieved from /Users/az/anaconda3/envs/python38/lib/python3.8/site-packages/airflow/example_dags/example_branch_day_of_week_operator.py
[2023-11-08T18:04:20.884-0500] {logging_mixin.py:154} INFO - [2023-11-08T18:04:20.884-0500] {dag.py:2941} INFO - Sync 1 DAGs
[2023-11-08T18:04:20.894-0500] {logging_mixin.py:154} INFO - [2023-11-08T18:04:20.894-0500] {dag.py:3722} INFO - Setting next_dagrun for example_weekday_branch_operator to 2023-11-07T00:00:00+00:00, run_after=2023-11-08T00:00:00+00:00
[2023-11-08T18:04:20.904-0500] {processor.py:179} INFO - Processing /Users/az/anaconda3/envs/python38/lib/python3.8/site-packages/airflow/example_dags/example_branch_day_of_week_operator.py took 0.151 seconds
[2023-11-08T18:06:16.517-0500] {processor.py:157} INFO - Started process (PID=50609) to work on /Users/az/anaconda3/envs/python38/lib/python3.8/site-packages/airflow/example_dags/example_branch_day_of_week_operator.py
[2023-11-08T18:06:16.522-0500] {processor.py:829} INFO - Processing file /Users/az/anaconda3/envs/python38/lib/python3.8/site-packages/airflow/example_dags/example_branch_day_of_week_operator.py for tasks to queue
[2023-11-08T18:06:16.522-0500] {logging_mixin.py:154} INFO - [2023-11-08T18:06:16.522-0500] {dagbag.py:536} INFO - Filling up the DagBag from /Users/az/anaconda3/envs/python38/lib/python3.8/site-packages/airflow/example_dags/example_branch_day_of_week_operator.py
[2023-11-08T18:06:16.539-0500] {processor.py:839} INFO - DAG(s) dict_keys(['example_weekday_branch_operator']) retrieved from /Users/az/anaconda3/envs/python38/lib/python3.8/site-packages/airflow/example_dags/example_branch_day_of_week_operator.py
[2023-11-08T18:06:16.647-0500] {logging_mixin.py:154} INFO - [2023-11-08T18:06:16.647-0500] {dag.py:2941} INFO - Sync 1 DAGs
[2023-11-08T18:06:16.657-0500] {logging_mixin.py:154} INFO - [2023-11-08T18:06:16.657-0500] {dag.py:3722} INFO - Setting next_dagrun for example_weekday_branch_operator to 2023-11-07T00:00:00+00:00, run_after=2023-11-08T00:00:00+00:00
[2023-11-08T18:06:16.667-0500] {processor.py:179} INFO - Processing /Users/az/anaconda3/envs/python38/lib/python3.8/site-packages/airflow/example_dags/example_branch_day_of_week_operator.py took 0.150 seconds
[2023-11-08T18:08:09.944-0500] {processor.py:157} INFO - Started process (PID=50775) to work on /Users/az/anaconda3/envs/python38/lib/python3.8/site-packages/airflow/example_dags/example_branch_day_of_week_operator.py
[2023-11-08T18:08:09.948-0500] {processor.py:829} INFO - Processing file /Users/az/anaconda3/envs/python38/lib/python3.8/site-packages/airflow/example_dags/example_branch_day_of_week_operator.py for tasks to queue
[2023-11-08T18:08:09.949-0500] {logging_mixin.py:154} INFO - [2023-11-08T18:08:09.949-0500] {dagbag.py:536} INFO - Filling up the DagBag from /Users/az/anaconda3/envs/python38/lib/python3.8/site-packages/airflow/example_dags/example_branch_day_of_week_operator.py
[2023-11-08T18:08:09.965-0500] {processor.py:839} INFO - DAG(s) dict_keys(['example_weekday_branch_operator']) retrieved from /Users/az/anaconda3/envs/python38/lib/python3.8/site-packages/airflow/example_dags/example_branch_day_of_week_operator.py
[2023-11-08T18:08:10.071-0500] {logging_mixin.py:154} INFO - [2023-11-08T18:08:10.071-0500] {dag.py:2941} INFO - Sync 1 DAGs
[2023-11-08T18:08:10.080-0500] {logging_mixin.py:154} INFO - [2023-11-08T18:08:10.080-0500] {dag.py:3722} INFO - Setting next_dagrun for example_weekday_branch_operator to 2023-11-07T00:00:00+00:00, run_after=2023-11-08T00:00:00+00:00
[2023-11-08T18:08:10.090-0500] {processor.py:179} INFO - Processing /Users/az/anaconda3/envs/python38/lib/python3.8/site-packages/airflow/example_dags/example_branch_day_of_week_operator.py took 0.147 seconds
[2023-11-08T18:10:09.921-0500] {processor.py:157} INFO - Started process (PID=50934) to work on /Users/az/anaconda3/envs/python38/lib/python3.8/site-packages/airflow/example_dags/example_branch_day_of_week_operator.py
[2023-11-08T18:10:09.925-0500] {processor.py:829} INFO - Processing file /Users/az/anaconda3/envs/python38/lib/python3.8/site-packages/airflow/example_dags/example_branch_day_of_week_operator.py for tasks to queue
[2023-11-08T18:10:09.925-0500] {logging_mixin.py:154} INFO - [2023-11-08T18:10:09.925-0500] {dagbag.py:536} INFO - Filling up the DagBag from /Users/az/anaconda3/envs/python38/lib/python3.8/site-packages/airflow/example_dags/example_branch_day_of_week_operator.py
[2023-11-08T18:10:09.942-0500] {processor.py:839} INFO - DAG(s) dict_keys(['example_weekday_branch_operator']) retrieved from /Users/az/anaconda3/envs/python38/lib/python3.8/site-packages/airflow/example_dags/example_branch_day_of_week_operator.py
[2023-11-08T18:10:10.049-0500] {logging_mixin.py:154} INFO - [2023-11-08T18:10:10.049-0500] {dag.py:2941} INFO - Sync 1 DAGs
[2023-11-08T18:10:10.058-0500] {logging_mixin.py:154} INFO - [2023-11-08T18:10:10.058-0500] {dag.py:3722} INFO - Setting next_dagrun for example_weekday_branch_operator to 2023-11-07T00:00:00+00:00, run_after=2023-11-08T00:00:00+00:00
[2023-11-08T18:10:10.069-0500] {processor.py:179} INFO - Processing /Users/az/anaconda3/envs/python38/lib/python3.8/site-packages/airflow/example_dags/example_branch_day_of_week_operator.py took 0.148 seconds
[2023-11-08T18:17:07.518-0500] {processor.py:157} INFO - Started process (PID=51111) to work on /Users/az/anaconda3/envs/python38/lib/python3.8/site-packages/airflow/example_dags/example_branch_day_of_week_operator.py
[2023-11-08T18:17:07.522-0500] {processor.py:829} INFO - Processing file /Users/az/anaconda3/envs/python38/lib/python3.8/site-packages/airflow/example_dags/example_branch_day_of_week_operator.py for tasks to queue
[2023-11-08T18:17:07.523-0500] {logging_mixin.py:154} INFO - [2023-11-08T18:17:07.523-0500] {dagbag.py:536} INFO - Filling up the DagBag from /Users/az/anaconda3/envs/python38/lib/python3.8/site-packages/airflow/example_dags/example_branch_day_of_week_operator.py
[2023-11-08T18:17:07.540-0500] {processor.py:839} INFO - DAG(s) dict_keys(['example_weekday_branch_operator']) retrieved from /Users/az/anaconda3/envs/python38/lib/python3.8/site-packages/airflow/example_dags/example_branch_day_of_week_operator.py
[2023-11-08T18:17:07.648-0500] {logging_mixin.py:154} INFO - [2023-11-08T18:17:07.647-0500] {dag.py:2941} INFO - Sync 1 DAGs
[2023-11-08T18:17:07.657-0500] {logging_mixin.py:154} INFO - [2023-11-08T18:17:07.657-0500] {dag.py:3722} INFO - Setting next_dagrun for example_weekday_branch_operator to 2023-11-07T00:00:00+00:00, run_after=2023-11-08T00:00:00+00:00
[2023-11-08T18:17:07.667-0500] {processor.py:179} INFO - Processing /Users/az/anaconda3/envs/python38/lib/python3.8/site-packages/airflow/example_dags/example_branch_day_of_week_operator.py took 0.150 seconds
[2023-11-08T18:31:08.001-0500] {processor.py:157} INFO - Started process (PID=51297) to work on /Users/az/anaconda3/envs/python38/lib/python3.8/site-packages/airflow/example_dags/example_branch_day_of_week_operator.py
[2023-11-08T18:31:08.005-0500] {processor.py:829} INFO - Processing file /Users/az/anaconda3/envs/python38/lib/python3.8/site-packages/airflow/example_dags/example_branch_day_of_week_operator.py for tasks to queue
[2023-11-08T18:31:08.005-0500] {logging_mixin.py:154} INFO - [2023-11-08T18:31:08.005-0500] {dagbag.py:536} INFO - Filling up the DagBag from /Users/az/anaconda3/envs/python38/lib/python3.8/site-packages/airflow/example_dags/example_branch_day_of_week_operator.py
[2023-11-08T18:31:08.022-0500] {processor.py:839} INFO - DAG(s) dict_keys(['example_weekday_branch_operator']) retrieved from /Users/az/anaconda3/envs/python38/lib/python3.8/site-packages/airflow/example_dags/example_branch_day_of_week_operator.py
[2023-11-08T18:31:08.130-0500] {logging_mixin.py:154} INFO - [2023-11-08T18:31:08.130-0500] {dag.py:2941} INFO - Sync 1 DAGs
[2023-11-08T18:31:08.140-0500] {logging_mixin.py:154} INFO - [2023-11-08T18:31:08.140-0500] {dag.py:3722} INFO - Setting next_dagrun for example_weekday_branch_operator to 2023-11-07T00:00:00+00:00, run_after=2023-11-08T00:00:00+00:00
[2023-11-08T18:31:08.150-0500] {processor.py:179} INFO - Processing /Users/az/anaconda3/envs/python38/lib/python3.8/site-packages/airflow/example_dags/example_branch_day_of_week_operator.py took 0.150 seconds
[2023-11-08T18:33:07.196-0500] {processor.py:157} INFO - Started process (PID=51442) to work on /Users/az/anaconda3/envs/python38/lib/python3.8/site-packages/airflow/example_dags/example_branch_day_of_week_operator.py
[2023-11-08T18:33:07.200-0500] {processor.py:829} INFO - Processing file /Users/az/anaconda3/envs/python38/lib/python3.8/site-packages/airflow/example_dags/example_branch_day_of_week_operator.py for tasks to queue
[2023-11-08T18:33:07.200-0500] {logging_mixin.py:154} INFO - [2023-11-08T18:33:07.200-0500] {dagbag.py:536} INFO - Filling up the DagBag from /Users/az/anaconda3/envs/python38/lib/python3.8/site-packages/airflow/example_dags/example_branch_day_of_week_operator.py
[2023-11-08T18:33:07.217-0500] {processor.py:839} INFO - DAG(s) dict_keys(['example_weekday_branch_operator']) retrieved from /Users/az/anaconda3/envs/python38/lib/python3.8/site-packages/airflow/example_dags/example_branch_day_of_week_operator.py
[2023-11-08T18:33:07.324-0500] {logging_mixin.py:154} INFO - [2023-11-08T18:33:07.324-0500] {dag.py:2941} INFO - Sync 1 DAGs
[2023-11-08T18:33:07.334-0500] {logging_mixin.py:154} INFO - [2023-11-08T18:33:07.334-0500] {dag.py:3722} INFO - Setting next_dagrun for example_weekday_branch_operator to 2023-11-07T00:00:00+00:00, run_after=2023-11-08T00:00:00+00:00
[2023-11-08T18:33:07.345-0500] {processor.py:179} INFO - Processing /Users/az/anaconda3/envs/python38/lib/python3.8/site-packages/airflow/example_dags/example_branch_day_of_week_operator.py took 0.149 seconds
[2023-11-08T18:35:12.154-0500] {processor.py:157} INFO - Started process (PID=51601) to work on /Users/az/anaconda3/envs/python38/lib/python3.8/site-packages/airflow/example_dags/example_branch_day_of_week_operator.py
[2023-11-08T18:35:12.159-0500] {processor.py:829} INFO - Processing file /Users/az/anaconda3/envs/python38/lib/python3.8/site-packages/airflow/example_dags/example_branch_day_of_week_operator.py for tasks to queue
[2023-11-08T18:35:12.159-0500] {logging_mixin.py:154} INFO - [2023-11-08T18:35:12.159-0500] {dagbag.py:536} INFO - Filling up the DagBag from /Users/az/anaconda3/envs/python38/lib/python3.8/site-packages/airflow/example_dags/example_branch_day_of_week_operator.py
[2023-11-08T18:35:12.176-0500] {processor.py:839} INFO - DAG(s) dict_keys(['example_weekday_branch_operator']) retrieved from /Users/az/anaconda3/envs/python38/lib/python3.8/site-packages/airflow/example_dags/example_branch_day_of_week_operator.py
[2023-11-08T18:35:12.283-0500] {logging_mixin.py:154} INFO - [2023-11-08T18:35:12.283-0500] {dag.py:2941} INFO - Sync 1 DAGs
[2023-11-08T18:35:12.293-0500] {logging_mixin.py:154} INFO - [2023-11-08T18:35:12.293-0500] {dag.py:3722} INFO - Setting next_dagrun for example_weekday_branch_operator to 2023-11-07T00:00:00+00:00, run_after=2023-11-08T00:00:00+00:00
[2023-11-08T18:35:12.303-0500] {processor.py:179} INFO - Processing /Users/az/anaconda3/envs/python38/lib/python3.8/site-packages/airflow/example_dags/example_branch_day_of_week_operator.py took 0.149 seconds
[2023-11-08T18:37:08.995-0500] {processor.py:157} INFO - Started process (PID=51746) to work on /Users/az/anaconda3/envs/python38/lib/python3.8/site-packages/airflow/example_dags/example_branch_day_of_week_operator.py
[2023-11-08T18:37:09.000-0500] {processor.py:829} INFO - Processing file /Users/az/anaconda3/envs/python38/lib/python3.8/site-packages/airflow/example_dags/example_branch_day_of_week_operator.py for tasks to queue
[2023-11-08T18:37:09.000-0500] {logging_mixin.py:154} INFO - [2023-11-08T18:37:09.000-0500] {dagbag.py:536} INFO - Filling up the DagBag from /Users/az/anaconda3/envs/python38/lib/python3.8/site-packages/airflow/example_dags/example_branch_day_of_week_operator.py
[2023-11-08T18:37:09.019-0500] {processor.py:839} INFO - DAG(s) dict_keys(['example_weekday_branch_operator']) retrieved from /Users/az/anaconda3/envs/python38/lib/python3.8/site-packages/airflow/example_dags/example_branch_day_of_week_operator.py
[2023-11-08T18:37:09.129-0500] {logging_mixin.py:154} INFO - [2023-11-08T18:37:09.129-0500] {dag.py:2941} INFO - Sync 1 DAGs
[2023-11-08T18:37:09.139-0500] {logging_mixin.py:154} INFO - [2023-11-08T18:37:09.139-0500] {dag.py:3722} INFO - Setting next_dagrun for example_weekday_branch_operator to 2023-11-07T00:00:00+00:00, run_after=2023-11-08T00:00:00+00:00
[2023-11-08T18:37:09.149-0500] {processor.py:179} INFO - Processing /Users/az/anaconda3/envs/python38/lib/python3.8/site-packages/airflow/example_dags/example_branch_day_of_week_operator.py took 0.154 seconds
[2023-11-08T18:39:02.778-0500] {processor.py:157} INFO - Started process (PID=51891) to work on /Users/az/anaconda3/envs/python38/lib/python3.8/site-packages/airflow/example_dags/example_branch_day_of_week_operator.py
[2023-11-08T18:39:02.783-0500] {processor.py:829} INFO - Processing file /Users/az/anaconda3/envs/python38/lib/python3.8/site-packages/airflow/example_dags/example_branch_day_of_week_operator.py for tasks to queue
[2023-11-08T18:39:02.783-0500] {logging_mixin.py:154} INFO - [2023-11-08T18:39:02.783-0500] {dagbag.py:536} INFO - Filling up the DagBag from /Users/az/anaconda3/envs/python38/lib/python3.8/site-packages/airflow/example_dags/example_branch_day_of_week_operator.py
[2023-11-08T18:39:02.800-0500] {processor.py:839} INFO - DAG(s) dict_keys(['example_weekday_branch_operator']) retrieved from /Users/az/anaconda3/envs/python38/lib/python3.8/site-packages/airflow/example_dags/example_branch_day_of_week_operator.py
[2023-11-08T18:39:02.908-0500] {logging_mixin.py:154} INFO - [2023-11-08T18:39:02.908-0500] {dag.py:2941} INFO - Sync 1 DAGs
[2023-11-08T18:39:02.918-0500] {logging_mixin.py:154} INFO - [2023-11-08T18:39:02.918-0500] {dag.py:3722} INFO - Setting next_dagrun for example_weekday_branch_operator to 2023-11-07T00:00:00+00:00, run_after=2023-11-08T00:00:00+00:00
[2023-11-08T18:39:02.929-0500] {processor.py:179} INFO - Processing /Users/az/anaconda3/envs/python38/lib/python3.8/site-packages/airflow/example_dags/example_branch_day_of_week_operator.py took 0.151 seconds
[2023-11-08T18:41:09.660-0500] {processor.py:157} INFO - Started process (PID=52039) to work on /Users/az/anaconda3/envs/python38/lib/python3.8/site-packages/airflow/example_dags/example_branch_day_of_week_operator.py
[2023-11-08T18:41:09.665-0500] {processor.py:829} INFO - Processing file /Users/az/anaconda3/envs/python38/lib/python3.8/site-packages/airflow/example_dags/example_branch_day_of_week_operator.py for tasks to queue
[2023-11-08T18:41:09.665-0500] {logging_mixin.py:154} INFO - [2023-11-08T18:41:09.665-0500] {dagbag.py:536} INFO - Filling up the DagBag from /Users/az/anaconda3/envs/python38/lib/python3.8/site-packages/airflow/example_dags/example_branch_day_of_week_operator.py
[2023-11-08T18:41:09.682-0500] {processor.py:839} INFO - DAG(s) dict_keys(['example_weekday_branch_operator']) retrieved from /Users/az/anaconda3/envs/python38/lib/python3.8/site-packages/airflow/example_dags/example_branch_day_of_week_operator.py
[2023-11-08T18:41:09.789-0500] {logging_mixin.py:154} INFO - [2023-11-08T18:41:09.789-0500] {dag.py:2941} INFO - Sync 1 DAGs
[2023-11-08T18:41:09.799-0500] {logging_mixin.py:154} INFO - [2023-11-08T18:41:09.799-0500] {dag.py:3722} INFO - Setting next_dagrun for example_weekday_branch_operator to 2023-11-07T00:00:00+00:00, run_after=2023-11-08T00:00:00+00:00
[2023-11-08T18:41:09.809-0500] {processor.py:179} INFO - Processing /Users/az/anaconda3/envs/python38/lib/python3.8/site-packages/airflow/example_dags/example_branch_day_of_week_operator.py took 0.149 seconds
[2023-11-08T18:43:08.416-0500] {processor.py:157} INFO - Started process (PID=52186) to work on /Users/az/anaconda3/envs/python38/lib/python3.8/site-packages/airflow/example_dags/example_branch_day_of_week_operator.py
[2023-11-08T18:43:08.421-0500] {processor.py:829} INFO - Processing file /Users/az/anaconda3/envs/python38/lib/python3.8/site-packages/airflow/example_dags/example_branch_day_of_week_operator.py for tasks to queue
[2023-11-08T18:43:08.421-0500] {logging_mixin.py:154} INFO - [2023-11-08T18:43:08.421-0500] {dagbag.py:536} INFO - Filling up the DagBag from /Users/az/anaconda3/envs/python38/lib/python3.8/site-packages/airflow/example_dags/example_branch_day_of_week_operator.py
[2023-11-08T18:43:08.438-0500] {processor.py:839} INFO - DAG(s) dict_keys(['example_weekday_branch_operator']) retrieved from /Users/az/anaconda3/envs/python38/lib/python3.8/site-packages/airflow/example_dags/example_branch_day_of_week_operator.py
[2023-11-08T18:43:08.546-0500] {logging_mixin.py:154} INFO - [2023-11-08T18:43:08.545-0500] {dag.py:2941} INFO - Sync 1 DAGs
[2023-11-08T18:43:08.555-0500] {logging_mixin.py:154} INFO - [2023-11-08T18:43:08.555-0500] {dag.py:3722} INFO - Setting next_dagrun for example_weekday_branch_operator to 2023-11-07T00:00:00+00:00, run_after=2023-11-08T00:00:00+00:00
[2023-11-08T18:43:08.565-0500] {processor.py:179} INFO - Processing /Users/az/anaconda3/envs/python38/lib/python3.8/site-packages/airflow/example_dags/example_branch_day_of_week_operator.py took 0.150 seconds
[2023-11-08T18:45:11.123-0500] {processor.py:157} INFO - Started process (PID=52336) to work on /Users/az/anaconda3/envs/python38/lib/python3.8/site-packages/airflow/example_dags/example_branch_day_of_week_operator.py
[2023-11-08T18:45:11.127-0500] {processor.py:829} INFO - Processing file /Users/az/anaconda3/envs/python38/lib/python3.8/site-packages/airflow/example_dags/example_branch_day_of_week_operator.py for tasks to queue
[2023-11-08T18:45:11.128-0500] {logging_mixin.py:154} INFO - [2023-11-08T18:45:11.128-0500] {dagbag.py:536} INFO - Filling up the DagBag from /Users/az/anaconda3/envs/python38/lib/python3.8/site-packages/airflow/example_dags/example_branch_day_of_week_operator.py
[2023-11-08T18:45:11.144-0500] {processor.py:839} INFO - DAG(s) dict_keys(['example_weekday_branch_operator']) retrieved from /Users/az/anaconda3/envs/python38/lib/python3.8/site-packages/airflow/example_dags/example_branch_day_of_week_operator.py
[2023-11-08T18:45:11.251-0500] {logging_mixin.py:154} INFO - [2023-11-08T18:45:11.251-0500] {dag.py:2941} INFO - Sync 1 DAGs
[2023-11-08T18:45:11.261-0500] {logging_mixin.py:154} INFO - [2023-11-08T18:45:11.261-0500] {dag.py:3722} INFO - Setting next_dagrun for example_weekday_branch_operator to 2023-11-07T00:00:00+00:00, run_after=2023-11-08T00:00:00+00:00
[2023-11-08T18:45:11.271-0500] {processor.py:179} INFO - Processing /Users/az/anaconda3/envs/python38/lib/python3.8/site-packages/airflow/example_dags/example_branch_day_of_week_operator.py took 0.149 seconds
[2023-11-08T18:47:17.474-0500] {processor.py:157} INFO - Started process (PID=52508) to work on /Users/az/anaconda3/envs/python38/lib/python3.8/site-packages/airflow/example_dags/example_branch_day_of_week_operator.py
[2023-11-08T18:47:17.478-0500] {processor.py:829} INFO - Processing file /Users/az/anaconda3/envs/python38/lib/python3.8/site-packages/airflow/example_dags/example_branch_day_of_week_operator.py for tasks to queue
[2023-11-08T18:47:17.479-0500] {logging_mixin.py:154} INFO - [2023-11-08T18:47:17.479-0500] {dagbag.py:536} INFO - Filling up the DagBag from /Users/az/anaconda3/envs/python38/lib/python3.8/site-packages/airflow/example_dags/example_branch_day_of_week_operator.py
[2023-11-08T18:47:17.495-0500] {processor.py:839} INFO - DAG(s) dict_keys(['example_weekday_branch_operator']) retrieved from /Users/az/anaconda3/envs/python38/lib/python3.8/site-packages/airflow/example_dags/example_branch_day_of_week_operator.py
[2023-11-08T18:47:17.603-0500] {logging_mixin.py:154} INFO - [2023-11-08T18:47:17.603-0500] {dag.py:2941} INFO - Sync 1 DAGs
[2023-11-08T18:47:17.613-0500] {logging_mixin.py:154} INFO - [2023-11-08T18:47:17.612-0500] {dag.py:3722} INFO - Setting next_dagrun for example_weekday_branch_operator to 2023-11-07T00:00:00+00:00, run_after=2023-11-08T00:00:00+00:00
[2023-11-08T18:47:17.622-0500] {processor.py:179} INFO - Processing /Users/az/anaconda3/envs/python38/lib/python3.8/site-packages/airflow/example_dags/example_branch_day_of_week_operator.py took 0.149 seconds
[2023-11-08T18:49:18.086-0500] {processor.py:157} INFO - Started process (PID=52694) to work on /Users/az/anaconda3/envs/python38/lib/python3.8/site-packages/airflow/example_dags/example_branch_day_of_week_operator.py
[2023-11-08T18:49:18.091-0500] {processor.py:829} INFO - Processing file /Users/az/anaconda3/envs/python38/lib/python3.8/site-packages/airflow/example_dags/example_branch_day_of_week_operator.py for tasks to queue
[2023-11-08T18:49:18.091-0500] {logging_mixin.py:154} INFO - [2023-11-08T18:49:18.091-0500] {dagbag.py:536} INFO - Filling up the DagBag from /Users/az/anaconda3/envs/python38/lib/python3.8/site-packages/airflow/example_dags/example_branch_day_of_week_operator.py
[2023-11-08T18:49:18.108-0500] {processor.py:839} INFO - DAG(s) dict_keys(['example_weekday_branch_operator']) retrieved from /Users/az/anaconda3/envs/python38/lib/python3.8/site-packages/airflow/example_dags/example_branch_day_of_week_operator.py
[2023-11-08T18:49:18.215-0500] {logging_mixin.py:154} INFO - [2023-11-08T18:49:18.215-0500] {dag.py:2941} INFO - Sync 1 DAGs
[2023-11-08T18:49:18.225-0500] {logging_mixin.py:154} INFO - [2023-11-08T18:49:18.225-0500] {dag.py:3722} INFO - Setting next_dagrun for example_weekday_branch_operator to 2023-11-07T00:00:00+00:00, run_after=2023-11-08T00:00:00+00:00
[2023-11-08T18:49:18.235-0500] {processor.py:179} INFO - Processing /Users/az/anaconda3/envs/python38/lib/python3.8/site-packages/airflow/example_dags/example_branch_day_of_week_operator.py took 0.149 seconds
[2023-11-08T18:51:19.227-0500] {processor.py:157} INFO - Started process (PID=52847) to work on /Users/az/anaconda3/envs/python38/lib/python3.8/site-packages/airflow/example_dags/example_branch_day_of_week_operator.py
[2023-11-08T18:51:19.232-0500] {processor.py:829} INFO - Processing file /Users/az/anaconda3/envs/python38/lib/python3.8/site-packages/airflow/example_dags/example_branch_day_of_week_operator.py for tasks to queue
[2023-11-08T18:51:19.232-0500] {logging_mixin.py:154} INFO - [2023-11-08T18:51:19.232-0500] {dagbag.py:536} INFO - Filling up the DagBag from /Users/az/anaconda3/envs/python38/lib/python3.8/site-packages/airflow/example_dags/example_branch_day_of_week_operator.py
[2023-11-08T18:51:19.249-0500] {processor.py:839} INFO - DAG(s) dict_keys(['example_weekday_branch_operator']) retrieved from /Users/az/anaconda3/envs/python38/lib/python3.8/site-packages/airflow/example_dags/example_branch_day_of_week_operator.py
[2023-11-08T18:51:19.357-0500] {logging_mixin.py:154} INFO - [2023-11-08T18:51:19.357-0500] {dag.py:2941} INFO - Sync 1 DAGs
[2023-11-08T18:51:19.367-0500] {logging_mixin.py:154} INFO - [2023-11-08T18:51:19.367-0500] {dag.py:3722} INFO - Setting next_dagrun for example_weekday_branch_operator to 2023-11-07T00:00:00+00:00, run_after=2023-11-08T00:00:00+00:00
[2023-11-08T18:51:19.377-0500] {processor.py:179} INFO - Processing /Users/az/anaconda3/envs/python38/lib/python3.8/site-packages/airflow/example_dags/example_branch_day_of_week_operator.py took 0.150 seconds
[2023-11-08T18:53:22.173-0500] {processor.py:157} INFO - Started process (PID=52999) to work on /Users/az/anaconda3/envs/python38/lib/python3.8/site-packages/airflow/example_dags/example_branch_day_of_week_operator.py
[2023-11-08T18:53:22.178-0500] {processor.py:829} INFO - Processing file /Users/az/anaconda3/envs/python38/lib/python3.8/site-packages/airflow/example_dags/example_branch_day_of_week_operator.py for tasks to queue
[2023-11-08T18:53:22.178-0500] {logging_mixin.py:154} INFO - [2023-11-08T18:53:22.178-0500] {dagbag.py:536} INFO - Filling up the DagBag from /Users/az/anaconda3/envs/python38/lib/python3.8/site-packages/airflow/example_dags/example_branch_day_of_week_operator.py
[2023-11-08T18:53:22.195-0500] {processor.py:839} INFO - DAG(s) dict_keys(['example_weekday_branch_operator']) retrieved from /Users/az/anaconda3/envs/python38/lib/python3.8/site-packages/airflow/example_dags/example_branch_day_of_week_operator.py
[2023-11-08T18:53:22.307-0500] {logging_mixin.py:154} INFO - [2023-11-08T18:53:22.307-0500] {dag.py:2941} INFO - Sync 1 DAGs
[2023-11-08T18:53:22.317-0500] {logging_mixin.py:154} INFO - [2023-11-08T18:53:22.317-0500] {dag.py:3722} INFO - Setting next_dagrun for example_weekday_branch_operator to 2023-11-07T00:00:00+00:00, run_after=2023-11-08T00:00:00+00:00
[2023-11-08T18:53:22.326-0500] {processor.py:179} INFO - Processing /Users/az/anaconda3/envs/python38/lib/python3.8/site-packages/airflow/example_dags/example_branch_day_of_week_operator.py took 0.153 seconds
[2023-11-08T18:55:29.038-0500] {processor.py:157} INFO - Started process (PID=53173) to work on /Users/az/anaconda3/envs/python38/lib/python3.8/site-packages/airflow/example_dags/example_branch_day_of_week_operator.py
[2023-11-08T18:55:29.042-0500] {processor.py:829} INFO - Processing file /Users/az/anaconda3/envs/python38/lib/python3.8/site-packages/airflow/example_dags/example_branch_day_of_week_operator.py for tasks to queue
[2023-11-08T18:55:29.043-0500] {logging_mixin.py:154} INFO - [2023-11-08T18:55:29.043-0500] {dagbag.py:536} INFO - Filling up the DagBag from /Users/az/anaconda3/envs/python38/lib/python3.8/site-packages/airflow/example_dags/example_branch_day_of_week_operator.py
[2023-11-08T18:55:29.060-0500] {processor.py:839} INFO - DAG(s) dict_keys(['example_weekday_branch_operator']) retrieved from /Users/az/anaconda3/envs/python38/lib/python3.8/site-packages/airflow/example_dags/example_branch_day_of_week_operator.py
[2023-11-08T18:55:29.168-0500] {logging_mixin.py:154} INFO - [2023-11-08T18:55:29.168-0500] {dag.py:2941} INFO - Sync 1 DAGs
[2023-11-08T18:55:29.178-0500] {logging_mixin.py:154} INFO - [2023-11-08T18:55:29.177-0500] {dag.py:3722} INFO - Setting next_dagrun for example_weekday_branch_operator to 2023-11-07T00:00:00+00:00, run_after=2023-11-08T00:00:00+00:00
[2023-11-08T18:55:29.188-0500] {processor.py:179} INFO - Processing /Users/az/anaconda3/envs/python38/lib/python3.8/site-packages/airflow/example_dags/example_branch_day_of_week_operator.py took 0.150 seconds
[2023-11-08T18:57:33.217-0500] {processor.py:157} INFO - Started process (PID=53330) to work on /Users/az/anaconda3/envs/python38/lib/python3.8/site-packages/airflow/example_dags/example_branch_day_of_week_operator.py
[2023-11-08T18:57:33.222-0500] {processor.py:829} INFO - Processing file /Users/az/anaconda3/envs/python38/lib/python3.8/site-packages/airflow/example_dags/example_branch_day_of_week_operator.py for tasks to queue
[2023-11-08T18:57:33.222-0500] {logging_mixin.py:154} INFO - [2023-11-08T18:57:33.222-0500] {dagbag.py:536} INFO - Filling up the DagBag from /Users/az/anaconda3/envs/python38/lib/python3.8/site-packages/airflow/example_dags/example_branch_day_of_week_operator.py
[2023-11-08T18:57:33.239-0500] {processor.py:839} INFO - DAG(s) dict_keys(['example_weekday_branch_operator']) retrieved from /Users/az/anaconda3/envs/python38/lib/python3.8/site-packages/airflow/example_dags/example_branch_day_of_week_operator.py
[2023-11-08T18:57:33.347-0500] {logging_mixin.py:154} INFO - [2023-11-08T18:57:33.347-0500] {dag.py:2941} INFO - Sync 1 DAGs
[2023-11-08T18:57:33.357-0500] {logging_mixin.py:154} INFO - [2023-11-08T18:57:33.356-0500] {dag.py:3722} INFO - Setting next_dagrun for example_weekday_branch_operator to 2023-11-07T00:00:00+00:00, run_after=2023-11-08T00:00:00+00:00
[2023-11-08T18:57:33.367-0500] {processor.py:179} INFO - Processing /Users/az/anaconda3/envs/python38/lib/python3.8/site-packages/airflow/example_dags/example_branch_day_of_week_operator.py took 0.150 seconds
[2023-11-08T18:59:37.460-0500] {processor.py:157} INFO - Started process (PID=53485) to work on /Users/az/anaconda3/envs/python38/lib/python3.8/site-packages/airflow/example_dags/example_branch_day_of_week_operator.py
[2023-11-08T18:59:37.465-0500] {processor.py:829} INFO - Processing file /Users/az/anaconda3/envs/python38/lib/python3.8/site-packages/airflow/example_dags/example_branch_day_of_week_operator.py for tasks to queue
[2023-11-08T18:59:37.465-0500] {logging_mixin.py:154} INFO - [2023-11-08T18:59:37.465-0500] {dagbag.py:536} INFO - Filling up the DagBag from /Users/az/anaconda3/envs/python38/lib/python3.8/site-packages/airflow/example_dags/example_branch_day_of_week_operator.py
[2023-11-08T18:59:37.482-0500] {processor.py:839} INFO - DAG(s) dict_keys(['example_weekday_branch_operator']) retrieved from /Users/az/anaconda3/envs/python38/lib/python3.8/site-packages/airflow/example_dags/example_branch_day_of_week_operator.py
[2023-11-08T18:59:37.590-0500] {logging_mixin.py:154} INFO - [2023-11-08T18:59:37.589-0500] {dag.py:2941} INFO - Sync 1 DAGs
[2023-11-08T18:59:37.599-0500] {logging_mixin.py:154} INFO - [2023-11-08T18:59:37.599-0500] {dag.py:3722} INFO - Setting next_dagrun for example_weekday_branch_operator to 2023-11-07T00:00:00+00:00, run_after=2023-11-08T00:00:00+00:00
[2023-11-08T18:59:37.609-0500] {processor.py:179} INFO - Processing /Users/az/anaconda3/envs/python38/lib/python3.8/site-packages/airflow/example_dags/example_branch_day_of_week_operator.py took 0.149 seconds
