[2023-11-08T17:48:25.139-0500] {processor.py:157} INFO - Started process (PID=48986) to work on /Users/az/anaconda3/envs/python38/lib/python3.8/site-packages/airflow/example_dags/example_branch_labels.py
[2023-11-08T17:48:25.143-0500] {processor.py:829} INFO - Processing file /Users/az/anaconda3/envs/python38/lib/python3.8/site-packages/airflow/example_dags/example_branch_labels.py for tasks to queue
[2023-11-08T17:48:25.143-0500] {logging_mixin.py:154} INFO - [2023-11-08T17:48:25.143-0500] {dagbag.py:536} INFO - Filling up the DagBag from /Users/az/anaconda3/envs/python38/lib/python3.8/site-packages/airflow/example_dags/example_branch_labels.py
[2023-11-08T17:48:25.159-0500] {processor.py:839} INFO - DAG(s) dict_keys(['example_branch_labels']) retrieved from /Users/az/anaconda3/envs/python38/lib/python3.8/site-packages/airflow/example_dags/example_branch_labels.py
[2023-11-08T17:48:25.543-0500] {logging_mixin.py:154} INFO - [2023-11-08T17:48:25.542-0500] {manager.py:499} INFO - Created Permission View: %s
[2023-11-08T17:48:25.548-0500] {logging_mixin.py:154} INFO - [2023-11-08T17:48:25.548-0500] {manager.py:499} INFO - Created Permission View: %s
[2023-11-08T17:48:25.551-0500] {logging_mixin.py:154} INFO - [2023-11-08T17:48:25.551-0500] {manager.py:499} INFO - Created Permission View: %s
[2023-11-08T17:48:25.552-0500] {logging_mixin.py:154} INFO - [2023-11-08T17:48:25.552-0500] {dag.py:2941} INFO - Sync 1 DAGs
[2023-11-08T17:48:25.559-0500] {logging_mixin.py:154} INFO - [2023-11-08T17:48:25.559-0500] {dag.py:2963} INFO - Creating ORM DAG for example_branch_labels
[2023-11-08T17:48:25.564-0500] {logging_mixin.py:154} INFO - [2023-11-08T17:48:25.564-0500] {dag.py:3722} INFO - Setting next_dagrun for example_branch_labels to 2023-11-07T00:00:00+00:00, run_after=2023-11-08T00:00:00+00:00
[2023-11-08T17:48:25.582-0500] {processor.py:179} INFO - Processing /Users/az/anaconda3/envs/python38/lib/python3.8/site-packages/airflow/example_dags/example_branch_labels.py took 0.444 seconds
[2023-11-08T17:50:30.553-0500] {processor.py:157} INFO - Started process (PID=49199) to work on /Users/az/anaconda3/envs/python38/lib/python3.8/site-packages/airflow/example_dags/example_branch_labels.py
[2023-11-08T17:50:30.557-0500] {processor.py:829} INFO - Processing file /Users/az/anaconda3/envs/python38/lib/python3.8/site-packages/airflow/example_dags/example_branch_labels.py for tasks to queue
[2023-11-08T17:50:30.558-0500] {logging_mixin.py:154} INFO - [2023-11-08T17:50:30.557-0500] {dagbag.py:536} INFO - Filling up the DagBag from /Users/az/anaconda3/envs/python38/lib/python3.8/site-packages/airflow/example_dags/example_branch_labels.py
[2023-11-08T17:50:30.573-0500] {processor.py:839} INFO - DAG(s) dict_keys(['example_branch_labels']) retrieved from /Users/az/anaconda3/envs/python38/lib/python3.8/site-packages/airflow/example_dags/example_branch_labels.py
[2023-11-08T17:50:30.680-0500] {logging_mixin.py:154} INFO - [2023-11-08T17:50:30.680-0500] {dag.py:2941} INFO - Sync 1 DAGs
[2023-11-08T17:50:30.690-0500] {logging_mixin.py:154} INFO - [2023-11-08T17:50:30.690-0500] {dag.py:3722} INFO - Setting next_dagrun for example_branch_labels to 2023-11-07T00:00:00+00:00, run_after=2023-11-08T00:00:00+00:00
[2023-11-08T17:50:30.700-0500] {processor.py:179} INFO - Processing /Users/az/anaconda3/envs/python38/lib/python3.8/site-packages/airflow/example_dags/example_branch_labels.py took 0.148 seconds
[2023-11-08T17:52:26.232-0500] {processor.py:157} INFO - Started process (PID=49355) to work on /Users/az/anaconda3/envs/python38/lib/python3.8/site-packages/airflow/example_dags/example_branch_labels.py
[2023-11-08T17:52:26.237-0500] {processor.py:829} INFO - Processing file /Users/az/anaconda3/envs/python38/lib/python3.8/site-packages/airflow/example_dags/example_branch_labels.py for tasks to queue
[2023-11-08T17:52:26.237-0500] {logging_mixin.py:154} INFO - [2023-11-08T17:52:26.237-0500] {dagbag.py:536} INFO - Filling up the DagBag from /Users/az/anaconda3/envs/python38/lib/python3.8/site-packages/airflow/example_dags/example_branch_labels.py
[2023-11-08T17:52:26.252-0500] {processor.py:839} INFO - DAG(s) dict_keys(['example_branch_labels']) retrieved from /Users/az/anaconda3/envs/python38/lib/python3.8/site-packages/airflow/example_dags/example_branch_labels.py
[2023-11-08T17:52:26.360-0500] {logging_mixin.py:154} INFO - [2023-11-08T17:52:26.360-0500] {dag.py:2941} INFO - Sync 1 DAGs
[2023-11-08T17:52:26.370-0500] {logging_mixin.py:154} INFO - [2023-11-08T17:52:26.370-0500] {dag.py:3722} INFO - Setting next_dagrun for example_branch_labels to 2023-11-07T00:00:00+00:00, run_after=2023-11-08T00:00:00+00:00
[2023-11-08T17:52:26.380-0500] {processor.py:179} INFO - Processing /Users/az/anaconda3/envs/python38/lib/python3.8/site-packages/airflow/example_dags/example_branch_labels.py took 0.148 seconds
[2023-11-08T17:54:19.272-0500] {processor.py:157} INFO - Started process (PID=49496) to work on /Users/az/anaconda3/envs/python38/lib/python3.8/site-packages/airflow/example_dags/example_branch_labels.py
[2023-11-08T17:54:19.276-0500] {processor.py:829} INFO - Processing file /Users/az/anaconda3/envs/python38/lib/python3.8/site-packages/airflow/example_dags/example_branch_labels.py for tasks to queue
[2023-11-08T17:54:19.276-0500] {logging_mixin.py:154} INFO - [2023-11-08T17:54:19.276-0500] {dagbag.py:536} INFO - Filling up the DagBag from /Users/az/anaconda3/envs/python38/lib/python3.8/site-packages/airflow/example_dags/example_branch_labels.py
[2023-11-08T17:54:19.292-0500] {processor.py:839} INFO - DAG(s) dict_keys(['example_branch_labels']) retrieved from /Users/az/anaconda3/envs/python38/lib/python3.8/site-packages/airflow/example_dags/example_branch_labels.py
[2023-11-08T17:54:19.400-0500] {logging_mixin.py:154} INFO - [2023-11-08T17:54:19.400-0500] {dag.py:2941} INFO - Sync 1 DAGs
[2023-11-08T17:54:19.410-0500] {logging_mixin.py:154} INFO - [2023-11-08T17:54:19.409-0500] {dag.py:3722} INFO - Setting next_dagrun for example_branch_labels to 2023-11-07T00:00:00+00:00, run_after=2023-11-08T00:00:00+00:00
[2023-11-08T17:54:19.419-0500] {processor.py:179} INFO - Processing /Users/az/anaconda3/envs/python38/lib/python3.8/site-packages/airflow/example_dags/example_branch_labels.py took 0.148 seconds
[2023-11-08T17:56:19.885-0500] {processor.py:157} INFO - Started process (PID=49643) to work on /Users/az/anaconda3/envs/python38/lib/python3.8/site-packages/airflow/example_dags/example_branch_labels.py
[2023-11-08T17:56:19.889-0500] {processor.py:829} INFO - Processing file /Users/az/anaconda3/envs/python38/lib/python3.8/site-packages/airflow/example_dags/example_branch_labels.py for tasks to queue
[2023-11-08T17:56:19.890-0500] {logging_mixin.py:154} INFO - [2023-11-08T17:56:19.889-0500] {dagbag.py:536} INFO - Filling up the DagBag from /Users/az/anaconda3/envs/python38/lib/python3.8/site-packages/airflow/example_dags/example_branch_labels.py
[2023-11-08T17:56:19.905-0500] {processor.py:839} INFO - DAG(s) dict_keys(['example_branch_labels']) retrieved from /Users/az/anaconda3/envs/python38/lib/python3.8/site-packages/airflow/example_dags/example_branch_labels.py
[2023-11-08T17:56:20.013-0500] {logging_mixin.py:154} INFO - [2023-11-08T17:56:20.013-0500] {dag.py:2941} INFO - Sync 1 DAGs
[2023-11-08T17:56:20.023-0500] {logging_mixin.py:154} INFO - [2023-11-08T17:56:20.023-0500] {dag.py:3722} INFO - Setting next_dagrun for example_branch_labels to 2023-11-07T00:00:00+00:00, run_after=2023-11-08T00:00:00+00:00
[2023-11-08T17:56:20.033-0500] {processor.py:179} INFO - Processing /Users/az/anaconda3/envs/python38/lib/python3.8/site-packages/airflow/example_dags/example_branch_labels.py took 0.148 seconds
[2023-11-08T17:58:21.075-0500] {processor.py:157} INFO - Started process (PID=49815) to work on /Users/az/anaconda3/envs/python38/lib/python3.8/site-packages/airflow/example_dags/example_branch_labels.py
[2023-11-08T17:58:21.080-0500] {processor.py:829} INFO - Processing file /Users/az/anaconda3/envs/python38/lib/python3.8/site-packages/airflow/example_dags/example_branch_labels.py for tasks to queue
[2023-11-08T17:58:21.080-0500] {logging_mixin.py:154} INFO - [2023-11-08T17:58:21.080-0500] {dagbag.py:536} INFO - Filling up the DagBag from /Users/az/anaconda3/envs/python38/lib/python3.8/site-packages/airflow/example_dags/example_branch_labels.py
[2023-11-08T17:58:21.096-0500] {processor.py:839} INFO - DAG(s) dict_keys(['example_branch_labels']) retrieved from /Users/az/anaconda3/envs/python38/lib/python3.8/site-packages/airflow/example_dags/example_branch_labels.py
[2023-11-08T17:58:21.204-0500] {logging_mixin.py:154} INFO - [2023-11-08T17:58:21.204-0500] {dag.py:2941} INFO - Sync 1 DAGs
[2023-11-08T17:58:21.214-0500] {logging_mixin.py:154} INFO - [2023-11-08T17:58:21.214-0500] {dag.py:3722} INFO - Setting next_dagrun for example_branch_labels to 2023-11-07T00:00:00+00:00, run_after=2023-11-08T00:00:00+00:00
[2023-11-08T17:58:21.224-0500] {processor.py:179} INFO - Processing /Users/az/anaconda3/envs/python38/lib/python3.8/site-packages/airflow/example_dags/example_branch_labels.py took 0.149 seconds
[2023-11-08T18:00:22.717-0500] {processor.py:157} INFO - Started process (PID=49965) to work on /Users/az/anaconda3/envs/python38/lib/python3.8/site-packages/airflow/example_dags/example_branch_labels.py
[2023-11-08T18:00:22.722-0500] {processor.py:829} INFO - Processing file /Users/az/anaconda3/envs/python38/lib/python3.8/site-packages/airflow/example_dags/example_branch_labels.py for tasks to queue
[2023-11-08T18:00:22.722-0500] {logging_mixin.py:154} INFO - [2023-11-08T18:00:22.722-0500] {dagbag.py:536} INFO - Filling up the DagBag from /Users/az/anaconda3/envs/python38/lib/python3.8/site-packages/airflow/example_dags/example_branch_labels.py
[2023-11-08T18:00:22.738-0500] {processor.py:839} INFO - DAG(s) dict_keys(['example_branch_labels']) retrieved from /Users/az/anaconda3/envs/python38/lib/python3.8/site-packages/airflow/example_dags/example_branch_labels.py
[2023-11-08T18:00:22.845-0500] {logging_mixin.py:154} INFO - [2023-11-08T18:00:22.845-0500] {dag.py:2941} INFO - Sync 1 DAGs
[2023-11-08T18:00:22.855-0500] {logging_mixin.py:154} INFO - [2023-11-08T18:00:22.855-0500] {dag.py:3722} INFO - Setting next_dagrun for example_branch_labels to 2023-11-07T00:00:00+00:00, run_after=2023-11-08T00:00:00+00:00
[2023-11-08T18:00:22.865-0500] {processor.py:179} INFO - Processing /Users/az/anaconda3/envs/python38/lib/python3.8/site-packages/airflow/example_dags/example_branch_labels.py took 0.148 seconds
[2023-11-08T18:02:20.060-0500] {processor.py:157} INFO - Started process (PID=50137) to work on /Users/az/anaconda3/envs/python38/lib/python3.8/site-packages/airflow/example_dags/example_branch_labels.py
[2023-11-08T18:02:20.065-0500] {processor.py:829} INFO - Processing file /Users/az/anaconda3/envs/python38/lib/python3.8/site-packages/airflow/example_dags/example_branch_labels.py for tasks to queue
[2023-11-08T18:02:20.065-0500] {logging_mixin.py:154} INFO - [2023-11-08T18:02:20.065-0500] {dagbag.py:536} INFO - Filling up the DagBag from /Users/az/anaconda3/envs/python38/lib/python3.8/site-packages/airflow/example_dags/example_branch_labels.py
[2023-11-08T18:02:20.080-0500] {processor.py:839} INFO - DAG(s) dict_keys(['example_branch_labels']) retrieved from /Users/az/anaconda3/envs/python38/lib/python3.8/site-packages/airflow/example_dags/example_branch_labels.py
[2023-11-08T18:02:20.188-0500] {logging_mixin.py:154} INFO - [2023-11-08T18:02:20.188-0500] {dag.py:2941} INFO - Sync 1 DAGs
[2023-11-08T18:02:20.198-0500] {logging_mixin.py:154} INFO - [2023-11-08T18:02:20.198-0500] {dag.py:3722} INFO - Setting next_dagrun for example_branch_labels to 2023-11-07T00:00:00+00:00, run_after=2023-11-08T00:00:00+00:00
[2023-11-08T18:02:20.208-0500] {processor.py:179} INFO - Processing /Users/az/anaconda3/envs/python38/lib/python3.8/site-packages/airflow/example_dags/example_branch_labels.py took 0.148 seconds
[2023-11-08T18:04:18.800-0500] {processor.py:157} INFO - Started process (PID=50460) to work on /Users/az/anaconda3/envs/python38/lib/python3.8/site-packages/airflow/example_dags/example_branch_labels.py
[2023-11-08T18:04:18.805-0500] {processor.py:829} INFO - Processing file /Users/az/anaconda3/envs/python38/lib/python3.8/site-packages/airflow/example_dags/example_branch_labels.py for tasks to queue
[2023-11-08T18:04:18.805-0500] {logging_mixin.py:154} INFO - [2023-11-08T18:04:18.805-0500] {dagbag.py:536} INFO - Filling up the DagBag from /Users/az/anaconda3/envs/python38/lib/python3.8/site-packages/airflow/example_dags/example_branch_labels.py
[2023-11-08T18:04:18.820-0500] {processor.py:839} INFO - DAG(s) dict_keys(['example_branch_labels']) retrieved from /Users/az/anaconda3/envs/python38/lib/python3.8/site-packages/airflow/example_dags/example_branch_labels.py
[2023-11-08T18:04:18.929-0500] {logging_mixin.py:154} INFO - [2023-11-08T18:04:18.929-0500] {dag.py:2941} INFO - Sync 1 DAGs
[2023-11-08T18:04:18.939-0500] {logging_mixin.py:154} INFO - [2023-11-08T18:04:18.939-0500] {dag.py:3722} INFO - Setting next_dagrun for example_branch_labels to 2023-11-07T00:00:00+00:00, run_after=2023-11-08T00:00:00+00:00
[2023-11-08T18:04:18.949-0500] {processor.py:179} INFO - Processing /Users/az/anaconda3/envs/python38/lib/python3.8/site-packages/airflow/example_dags/example_branch_labels.py took 0.149 seconds
[2023-11-08T18:06:14.500-0500] {processor.py:157} INFO - Started process (PID=50607) to work on /Users/az/anaconda3/envs/python38/lib/python3.8/site-packages/airflow/example_dags/example_branch_labels.py
[2023-11-08T18:06:14.505-0500] {processor.py:829} INFO - Processing file /Users/az/anaconda3/envs/python38/lib/python3.8/site-packages/airflow/example_dags/example_branch_labels.py for tasks to queue
[2023-11-08T18:06:14.505-0500] {logging_mixin.py:154} INFO - [2023-11-08T18:06:14.505-0500] {dagbag.py:536} INFO - Filling up the DagBag from /Users/az/anaconda3/envs/python38/lib/python3.8/site-packages/airflow/example_dags/example_branch_labels.py
[2023-11-08T18:06:14.521-0500] {processor.py:839} INFO - DAG(s) dict_keys(['example_branch_labels']) retrieved from /Users/az/anaconda3/envs/python38/lib/python3.8/site-packages/airflow/example_dags/example_branch_labels.py
[2023-11-08T18:06:14.629-0500] {logging_mixin.py:154} INFO - [2023-11-08T18:06:14.628-0500] {dag.py:2941} INFO - Sync 1 DAGs
[2023-11-08T18:06:14.638-0500] {logging_mixin.py:154} INFO - [2023-11-08T18:06:14.638-0500] {dag.py:3722} INFO - Setting next_dagrun for example_branch_labels to 2023-11-07T00:00:00+00:00, run_after=2023-11-08T00:00:00+00:00
[2023-11-08T18:06:14.648-0500] {processor.py:179} INFO - Processing /Users/az/anaconda3/envs/python38/lib/python3.8/site-packages/airflow/example_dags/example_branch_labels.py took 0.148 seconds
[2023-11-08T18:08:08.478-0500] {processor.py:157} INFO - Started process (PID=50773) to work on /Users/az/anaconda3/envs/python38/lib/python3.8/site-packages/airflow/example_dags/example_branch_labels.py
[2023-11-08T18:08:08.482-0500] {processor.py:829} INFO - Processing file /Users/az/anaconda3/envs/python38/lib/python3.8/site-packages/airflow/example_dags/example_branch_labels.py for tasks to queue
[2023-11-08T18:08:08.482-0500] {logging_mixin.py:154} INFO - [2023-11-08T18:08:08.482-0500] {dagbag.py:536} INFO - Filling up the DagBag from /Users/az/anaconda3/envs/python38/lib/python3.8/site-packages/airflow/example_dags/example_branch_labels.py
[2023-11-08T18:08:08.498-0500] {processor.py:839} INFO - DAG(s) dict_keys(['example_branch_labels']) retrieved from /Users/az/anaconda3/envs/python38/lib/python3.8/site-packages/airflow/example_dags/example_branch_labels.py
[2023-11-08T18:08:08.604-0500] {logging_mixin.py:154} INFO - [2023-11-08T18:08:08.604-0500] {dag.py:2941} INFO - Sync 1 DAGs
[2023-11-08T18:08:08.614-0500] {logging_mixin.py:154} INFO - [2023-11-08T18:08:08.614-0500] {dag.py:3722} INFO - Setting next_dagrun for example_branch_labels to 2023-11-07T00:00:00+00:00, run_after=2023-11-08T00:00:00+00:00
[2023-11-08T18:08:08.624-0500] {processor.py:179} INFO - Processing /Users/az/anaconda3/envs/python38/lib/python3.8/site-packages/airflow/example_dags/example_branch_labels.py took 0.146 seconds
[2023-11-08T18:10:07.951-0500] {processor.py:157} INFO - Started process (PID=50931) to work on /Users/az/anaconda3/envs/python38/lib/python3.8/site-packages/airflow/example_dags/example_branch_labels.py
[2023-11-08T18:10:07.956-0500] {processor.py:829} INFO - Processing file /Users/az/anaconda3/envs/python38/lib/python3.8/site-packages/airflow/example_dags/example_branch_labels.py for tasks to queue
[2023-11-08T18:10:07.956-0500] {logging_mixin.py:154} INFO - [2023-11-08T18:10:07.956-0500] {dagbag.py:536} INFO - Filling up the DagBag from /Users/az/anaconda3/envs/python38/lib/python3.8/site-packages/airflow/example_dags/example_branch_labels.py
[2023-11-08T18:10:07.972-0500] {processor.py:839} INFO - DAG(s) dict_keys(['example_branch_labels']) retrieved from /Users/az/anaconda3/envs/python38/lib/python3.8/site-packages/airflow/example_dags/example_branch_labels.py
[2023-11-08T18:10:08.079-0500] {logging_mixin.py:154} INFO - [2023-11-08T18:10:08.079-0500] {dag.py:2941} INFO - Sync 1 DAGs
[2023-11-08T18:10:08.089-0500] {logging_mixin.py:154} INFO - [2023-11-08T18:10:08.089-0500] {dag.py:3722} INFO - Setting next_dagrun for example_branch_labels to 2023-11-07T00:00:00+00:00, run_after=2023-11-08T00:00:00+00:00
[2023-11-08T18:10:08.099-0500] {processor.py:179} INFO - Processing /Users/az/anaconda3/envs/python38/lib/python3.8/site-packages/airflow/example_dags/example_branch_labels.py took 0.148 seconds
[2023-11-08T18:17:05.685-0500] {processor.py:157} INFO - Started process (PID=51109) to work on /Users/az/anaconda3/envs/python38/lib/python3.8/site-packages/airflow/example_dags/example_branch_labels.py
[2023-11-08T18:17:05.690-0500] {processor.py:829} INFO - Processing file /Users/az/anaconda3/envs/python38/lib/python3.8/site-packages/airflow/example_dags/example_branch_labels.py for tasks to queue
[2023-11-08T18:17:05.691-0500] {logging_mixin.py:154} INFO - [2023-11-08T18:17:05.691-0500] {dagbag.py:536} INFO - Filling up the DagBag from /Users/az/anaconda3/envs/python38/lib/python3.8/site-packages/airflow/example_dags/example_branch_labels.py
[2023-11-08T18:17:05.706-0500] {processor.py:839} INFO - DAG(s) dict_keys(['example_branch_labels']) retrieved from /Users/az/anaconda3/envs/python38/lib/python3.8/site-packages/airflow/example_dags/example_branch_labels.py
[2023-11-08T18:17:05.815-0500] {logging_mixin.py:154} INFO - [2023-11-08T18:17:05.815-0500] {dag.py:2941} INFO - Sync 1 DAGs
[2023-11-08T18:17:05.825-0500] {logging_mixin.py:154} INFO - [2023-11-08T18:17:05.825-0500] {dag.py:3722} INFO - Setting next_dagrun for example_branch_labels to 2023-11-07T00:00:00+00:00, run_after=2023-11-08T00:00:00+00:00
[2023-11-08T18:17:05.835-0500] {processor.py:179} INFO - Processing /Users/az/anaconda3/envs/python38/lib/python3.8/site-packages/airflow/example_dags/example_branch_labels.py took 0.150 seconds
[2023-11-08T18:31:05.952-0500] {processor.py:157} INFO - Started process (PID=51294) to work on /Users/az/anaconda3/envs/python38/lib/python3.8/site-packages/airflow/example_dags/example_branch_labels.py
[2023-11-08T18:31:05.957-0500] {processor.py:829} INFO - Processing file /Users/az/anaconda3/envs/python38/lib/python3.8/site-packages/airflow/example_dags/example_branch_labels.py for tasks to queue
[2023-11-08T18:31:05.957-0500] {logging_mixin.py:154} INFO - [2023-11-08T18:31:05.957-0500] {dagbag.py:536} INFO - Filling up the DagBag from /Users/az/anaconda3/envs/python38/lib/python3.8/site-packages/airflow/example_dags/example_branch_labels.py
[2023-11-08T18:31:05.972-0500] {processor.py:839} INFO - DAG(s) dict_keys(['example_branch_labels']) retrieved from /Users/az/anaconda3/envs/python38/lib/python3.8/site-packages/airflow/example_dags/example_branch_labels.py
[2023-11-08T18:31:06.093-0500] {logging_mixin.py:154} INFO - [2023-11-08T18:31:06.093-0500] {dag.py:2941} INFO - Sync 1 DAGs
[2023-11-08T18:31:06.104-0500] {logging_mixin.py:154} INFO - [2023-11-08T18:31:06.103-0500] {dag.py:3722} INFO - Setting next_dagrun for example_branch_labels to 2023-11-07T00:00:00+00:00, run_after=2023-11-08T00:00:00+00:00
[2023-11-08T18:31:06.114-0500] {processor.py:179} INFO - Processing /Users/az/anaconda3/envs/python38/lib/python3.8/site-packages/airflow/example_dags/example_branch_labels.py took 0.162 seconds
[2023-11-08T18:33:05.155-0500] {processor.py:157} INFO - Started process (PID=51440) to work on /Users/az/anaconda3/envs/python38/lib/python3.8/site-packages/airflow/example_dags/example_branch_labels.py
[2023-11-08T18:33:05.159-0500] {processor.py:829} INFO - Processing file /Users/az/anaconda3/envs/python38/lib/python3.8/site-packages/airflow/example_dags/example_branch_labels.py for tasks to queue
[2023-11-08T18:33:05.159-0500] {logging_mixin.py:154} INFO - [2023-11-08T18:33:05.159-0500] {dagbag.py:536} INFO - Filling up the DagBag from /Users/az/anaconda3/envs/python38/lib/python3.8/site-packages/airflow/example_dags/example_branch_labels.py
[2023-11-08T18:33:05.174-0500] {processor.py:839} INFO - DAG(s) dict_keys(['example_branch_labels']) retrieved from /Users/az/anaconda3/envs/python38/lib/python3.8/site-packages/airflow/example_dags/example_branch_labels.py
[2023-11-08T18:33:05.297-0500] {logging_mixin.py:154} INFO - [2023-11-08T18:33:05.297-0500] {dag.py:2941} INFO - Sync 1 DAGs
[2023-11-08T18:33:05.307-0500] {logging_mixin.py:154} INFO - [2023-11-08T18:33:05.307-0500] {dag.py:3722} INFO - Setting next_dagrun for example_branch_labels to 2023-11-07T00:00:00+00:00, run_after=2023-11-08T00:00:00+00:00
[2023-11-08T18:33:05.317-0500] {processor.py:179} INFO - Processing /Users/az/anaconda3/envs/python38/lib/python3.8/site-packages/airflow/example_dags/example_branch_labels.py took 0.162 seconds
[2023-11-08T18:35:10.129-0500] {processor.py:157} INFO - Started process (PID=51599) to work on /Users/az/anaconda3/envs/python38/lib/python3.8/site-packages/airflow/example_dags/example_branch_labels.py
[2023-11-08T18:35:10.133-0500] {processor.py:829} INFO - Processing file /Users/az/anaconda3/envs/python38/lib/python3.8/site-packages/airflow/example_dags/example_branch_labels.py for tasks to queue
[2023-11-08T18:35:10.134-0500] {logging_mixin.py:154} INFO - [2023-11-08T18:35:10.134-0500] {dagbag.py:536} INFO - Filling up the DagBag from /Users/az/anaconda3/envs/python38/lib/python3.8/site-packages/airflow/example_dags/example_branch_labels.py
[2023-11-08T18:35:10.149-0500] {processor.py:839} INFO - DAG(s) dict_keys(['example_branch_labels']) retrieved from /Users/az/anaconda3/envs/python38/lib/python3.8/site-packages/airflow/example_dags/example_branch_labels.py
[2023-11-08T18:35:10.258-0500] {logging_mixin.py:154} INFO - [2023-11-08T18:35:10.258-0500] {dag.py:2941} INFO - Sync 1 DAGs
[2023-11-08T18:35:10.268-0500] {logging_mixin.py:154} INFO - [2023-11-08T18:35:10.268-0500] {dag.py:3722} INFO - Setting next_dagrun for example_branch_labels to 2023-11-07T00:00:00+00:00, run_after=2023-11-08T00:00:00+00:00
[2023-11-08T18:35:10.278-0500] {processor.py:179} INFO - Processing /Users/az/anaconda3/envs/python38/lib/python3.8/site-packages/airflow/example_dags/example_branch_labels.py took 0.149 seconds
[2023-11-08T18:37:06.964-0500] {processor.py:157} INFO - Started process (PID=51744) to work on /Users/az/anaconda3/envs/python38/lib/python3.8/site-packages/airflow/example_dags/example_branch_labels.py
[2023-11-08T18:37:06.968-0500] {processor.py:829} INFO - Processing file /Users/az/anaconda3/envs/python38/lib/python3.8/site-packages/airflow/example_dags/example_branch_labels.py for tasks to queue
[2023-11-08T18:37:06.969-0500] {logging_mixin.py:154} INFO - [2023-11-08T18:37:06.969-0500] {dagbag.py:536} INFO - Filling up the DagBag from /Users/az/anaconda3/envs/python38/lib/python3.8/site-packages/airflow/example_dags/example_branch_labels.py
[2023-11-08T18:37:06.984-0500] {processor.py:839} INFO - DAG(s) dict_keys(['example_branch_labels']) retrieved from /Users/az/anaconda3/envs/python38/lib/python3.8/site-packages/airflow/example_dags/example_branch_labels.py
[2023-11-08T18:37:07.092-0500] {logging_mixin.py:154} INFO - [2023-11-08T18:37:07.092-0500] {dag.py:2941} INFO - Sync 1 DAGs
[2023-11-08T18:37:07.102-0500] {logging_mixin.py:154} INFO - [2023-11-08T18:37:07.102-0500] {dag.py:3722} INFO - Setting next_dagrun for example_branch_labels to 2023-11-07T00:00:00+00:00, run_after=2023-11-08T00:00:00+00:00
[2023-11-08T18:37:07.112-0500] {processor.py:179} INFO - Processing /Users/az/anaconda3/envs/python38/lib/python3.8/site-packages/airflow/example_dags/example_branch_labels.py took 0.149 seconds
[2023-11-08T18:39:00.745-0500] {processor.py:157} INFO - Started process (PID=51889) to work on /Users/az/anaconda3/envs/python38/lib/python3.8/site-packages/airflow/example_dags/example_branch_labels.py
[2023-11-08T18:39:00.749-0500] {processor.py:829} INFO - Processing file /Users/az/anaconda3/envs/python38/lib/python3.8/site-packages/airflow/example_dags/example_branch_labels.py for tasks to queue
[2023-11-08T18:39:00.750-0500] {logging_mixin.py:154} INFO - [2023-11-08T18:39:00.750-0500] {dagbag.py:536} INFO - Filling up the DagBag from /Users/az/anaconda3/envs/python38/lib/python3.8/site-packages/airflow/example_dags/example_branch_labels.py
[2023-11-08T18:39:00.765-0500] {processor.py:839} INFO - DAG(s) dict_keys(['example_branch_labels']) retrieved from /Users/az/anaconda3/envs/python38/lib/python3.8/site-packages/airflow/example_dags/example_branch_labels.py
[2023-11-08T18:39:00.873-0500] {logging_mixin.py:154} INFO - [2023-11-08T18:39:00.873-0500] {dag.py:2941} INFO - Sync 1 DAGs
[2023-11-08T18:39:00.883-0500] {logging_mixin.py:154} INFO - [2023-11-08T18:39:00.883-0500] {dag.py:3722} INFO - Setting next_dagrun for example_branch_labels to 2023-11-07T00:00:00+00:00, run_after=2023-11-08T00:00:00+00:00
[2023-11-08T18:39:00.893-0500] {processor.py:179} INFO - Processing /Users/az/anaconda3/envs/python38/lib/python3.8/site-packages/airflow/example_dags/example_branch_labels.py took 0.149 seconds
[2023-11-08T18:41:07.638-0500] {processor.py:157} INFO - Started process (PID=52037) to work on /Users/az/anaconda3/envs/python38/lib/python3.8/site-packages/airflow/example_dags/example_branch_labels.py
[2023-11-08T18:41:07.643-0500] {processor.py:829} INFO - Processing file /Users/az/anaconda3/envs/python38/lib/python3.8/site-packages/airflow/example_dags/example_branch_labels.py for tasks to queue
[2023-11-08T18:41:07.643-0500] {logging_mixin.py:154} INFO - [2023-11-08T18:41:07.643-0500] {dagbag.py:536} INFO - Filling up the DagBag from /Users/az/anaconda3/envs/python38/lib/python3.8/site-packages/airflow/example_dags/example_branch_labels.py
[2023-11-08T18:41:07.658-0500] {processor.py:839} INFO - DAG(s) dict_keys(['example_branch_labels']) retrieved from /Users/az/anaconda3/envs/python38/lib/python3.8/site-packages/airflow/example_dags/example_branch_labels.py
[2023-11-08T18:41:07.766-0500] {logging_mixin.py:154} INFO - [2023-11-08T18:41:07.766-0500] {dag.py:2941} INFO - Sync 1 DAGs
[2023-11-08T18:41:07.776-0500] {logging_mixin.py:154} INFO - [2023-11-08T18:41:07.775-0500] {dag.py:3722} INFO - Setting next_dagrun for example_branch_labels to 2023-11-07T00:00:00+00:00, run_after=2023-11-08T00:00:00+00:00
[2023-11-08T18:41:07.785-0500] {processor.py:179} INFO - Processing /Users/az/anaconda3/envs/python38/lib/python3.8/site-packages/airflow/example_dags/example_branch_labels.py took 0.148 seconds
[2023-11-08T18:43:06.387-0500] {processor.py:157} INFO - Started process (PID=52184) to work on /Users/az/anaconda3/envs/python38/lib/python3.8/site-packages/airflow/example_dags/example_branch_labels.py
[2023-11-08T18:43:06.392-0500] {processor.py:829} INFO - Processing file /Users/az/anaconda3/envs/python38/lib/python3.8/site-packages/airflow/example_dags/example_branch_labels.py for tasks to queue
[2023-11-08T18:43:06.392-0500] {logging_mixin.py:154} INFO - [2023-11-08T18:43:06.392-0500] {dagbag.py:536} INFO - Filling up the DagBag from /Users/az/anaconda3/envs/python38/lib/python3.8/site-packages/airflow/example_dags/example_branch_labels.py
[2023-11-08T18:43:06.408-0500] {processor.py:839} INFO - DAG(s) dict_keys(['example_branch_labels']) retrieved from /Users/az/anaconda3/envs/python38/lib/python3.8/site-packages/airflow/example_dags/example_branch_labels.py
[2023-11-08T18:43:06.515-0500] {logging_mixin.py:154} INFO - [2023-11-08T18:43:06.515-0500] {dag.py:2941} INFO - Sync 1 DAGs
[2023-11-08T18:43:06.525-0500] {logging_mixin.py:154} INFO - [2023-11-08T18:43:06.524-0500] {dag.py:3722} INFO - Setting next_dagrun for example_branch_labels to 2023-11-07T00:00:00+00:00, run_after=2023-11-08T00:00:00+00:00
[2023-11-08T18:43:06.534-0500] {processor.py:179} INFO - Processing /Users/az/anaconda3/envs/python38/lib/python3.8/site-packages/airflow/example_dags/example_branch_labels.py took 0.148 seconds
[2023-11-08T18:45:09.606-0500] {processor.py:157} INFO - Started process (PID=52334) to work on /Users/az/anaconda3/envs/python38/lib/python3.8/site-packages/airflow/example_dags/example_branch_labels.py
[2023-11-08T18:45:09.610-0500] {processor.py:829} INFO - Processing file /Users/az/anaconda3/envs/python38/lib/python3.8/site-packages/airflow/example_dags/example_branch_labels.py for tasks to queue
[2023-11-08T18:45:09.610-0500] {logging_mixin.py:154} INFO - [2023-11-08T18:45:09.610-0500] {dagbag.py:536} INFO - Filling up the DagBag from /Users/az/anaconda3/envs/python38/lib/python3.8/site-packages/airflow/example_dags/example_branch_labels.py
[2023-11-08T18:45:09.626-0500] {processor.py:839} INFO - DAG(s) dict_keys(['example_branch_labels']) retrieved from /Users/az/anaconda3/envs/python38/lib/python3.8/site-packages/airflow/example_dags/example_branch_labels.py
[2023-11-08T18:45:09.734-0500] {logging_mixin.py:154} INFO - [2023-11-08T18:45:09.734-0500] {dag.py:2941} INFO - Sync 1 DAGs
[2023-11-08T18:45:09.744-0500] {logging_mixin.py:154} INFO - [2023-11-08T18:45:09.744-0500] {dag.py:3722} INFO - Setting next_dagrun for example_branch_labels to 2023-11-07T00:00:00+00:00, run_after=2023-11-08T00:00:00+00:00
[2023-11-08T18:45:09.754-0500] {processor.py:179} INFO - Processing /Users/az/anaconda3/envs/python38/lib/python3.8/site-packages/airflow/example_dags/example_branch_labels.py took 0.148 seconds
[2023-11-08T18:47:16.055-0500] {processor.py:157} INFO - Started process (PID=52506) to work on /Users/az/anaconda3/envs/python38/lib/python3.8/site-packages/airflow/example_dags/example_branch_labels.py
[2023-11-08T18:47:16.059-0500] {processor.py:829} INFO - Processing file /Users/az/anaconda3/envs/python38/lib/python3.8/site-packages/airflow/example_dags/example_branch_labels.py for tasks to queue
[2023-11-08T18:47:16.060-0500] {logging_mixin.py:154} INFO - [2023-11-08T18:47:16.059-0500] {dagbag.py:536} INFO - Filling up the DagBag from /Users/az/anaconda3/envs/python38/lib/python3.8/site-packages/airflow/example_dags/example_branch_labels.py
[2023-11-08T18:47:16.075-0500] {processor.py:839} INFO - DAG(s) dict_keys(['example_branch_labels']) retrieved from /Users/az/anaconda3/envs/python38/lib/python3.8/site-packages/airflow/example_dags/example_branch_labels.py
[2023-11-08T18:47:16.183-0500] {logging_mixin.py:154} INFO - [2023-11-08T18:47:16.182-0500] {dag.py:2941} INFO - Sync 1 DAGs
[2023-11-08T18:47:16.192-0500] {logging_mixin.py:154} INFO - [2023-11-08T18:47:16.192-0500] {dag.py:3722} INFO - Setting next_dagrun for example_branch_labels to 2023-11-07T00:00:00+00:00, run_after=2023-11-08T00:00:00+00:00
[2023-11-08T18:47:16.202-0500] {processor.py:179} INFO - Processing /Users/az/anaconda3/envs/python38/lib/python3.8/site-packages/airflow/example_dags/example_branch_labels.py took 0.148 seconds
[2023-11-08T18:49:16.134-0500] {processor.py:157} INFO - Started process (PID=52692) to work on /Users/az/anaconda3/envs/python38/lib/python3.8/site-packages/airflow/example_dags/example_branch_labels.py
[2023-11-08T18:49:16.138-0500] {processor.py:829} INFO - Processing file /Users/az/anaconda3/envs/python38/lib/python3.8/site-packages/airflow/example_dags/example_branch_labels.py for tasks to queue
[2023-11-08T18:49:16.139-0500] {logging_mixin.py:154} INFO - [2023-11-08T18:49:16.139-0500] {dagbag.py:536} INFO - Filling up the DagBag from /Users/az/anaconda3/envs/python38/lib/python3.8/site-packages/airflow/example_dags/example_branch_labels.py
[2023-11-08T18:49:16.154-0500] {processor.py:839} INFO - DAG(s) dict_keys(['example_branch_labels']) retrieved from /Users/az/anaconda3/envs/python38/lib/python3.8/site-packages/airflow/example_dags/example_branch_labels.py
[2023-11-08T18:49:16.262-0500] {logging_mixin.py:154} INFO - [2023-11-08T18:49:16.262-0500] {dag.py:2941} INFO - Sync 1 DAGs
[2023-11-08T18:49:16.272-0500] {logging_mixin.py:154} INFO - [2023-11-08T18:49:16.272-0500] {dag.py:3722} INFO - Setting next_dagrun for example_branch_labels to 2023-11-07T00:00:00+00:00, run_after=2023-11-08T00:00:00+00:00
[2023-11-08T18:49:16.282-0500] {processor.py:179} INFO - Processing /Users/az/anaconda3/envs/python38/lib/python3.8/site-packages/airflow/example_dags/example_branch_labels.py took 0.148 seconds
[2023-11-08T18:51:17.205-0500] {processor.py:157} INFO - Started process (PID=52845) to work on /Users/az/anaconda3/envs/python38/lib/python3.8/site-packages/airflow/example_dags/example_branch_labels.py
[2023-11-08T18:51:17.209-0500] {processor.py:829} INFO - Processing file /Users/az/anaconda3/envs/python38/lib/python3.8/site-packages/airflow/example_dags/example_branch_labels.py for tasks to queue
[2023-11-08T18:51:17.210-0500] {logging_mixin.py:154} INFO - [2023-11-08T18:51:17.210-0500] {dagbag.py:536} INFO - Filling up the DagBag from /Users/az/anaconda3/envs/python38/lib/python3.8/site-packages/airflow/example_dags/example_branch_labels.py
[2023-11-08T18:51:17.225-0500] {processor.py:839} INFO - DAG(s) dict_keys(['example_branch_labels']) retrieved from /Users/az/anaconda3/envs/python38/lib/python3.8/site-packages/airflow/example_dags/example_branch_labels.py
[2023-11-08T18:51:17.333-0500] {logging_mixin.py:154} INFO - [2023-11-08T18:51:17.333-0500] {dag.py:2941} INFO - Sync 1 DAGs
[2023-11-08T18:51:17.343-0500] {logging_mixin.py:154} INFO - [2023-11-08T18:51:17.343-0500] {dag.py:3722} INFO - Setting next_dagrun for example_branch_labels to 2023-11-07T00:00:00+00:00, run_after=2023-11-08T00:00:00+00:00
[2023-11-08T18:51:17.353-0500] {processor.py:179} INFO - Processing /Users/az/anaconda3/envs/python38/lib/python3.8/site-packages/airflow/example_dags/example_branch_labels.py took 0.148 seconds
[2023-11-08T18:53:20.552-0500] {processor.py:157} INFO - Started process (PID=52997) to work on /Users/az/anaconda3/envs/python38/lib/python3.8/site-packages/airflow/example_dags/example_branch_labels.py
[2023-11-08T18:53:20.556-0500] {processor.py:829} INFO - Processing file /Users/az/anaconda3/envs/python38/lib/python3.8/site-packages/airflow/example_dags/example_branch_labels.py for tasks to queue
[2023-11-08T18:53:20.557-0500] {logging_mixin.py:154} INFO - [2023-11-08T18:53:20.557-0500] {dagbag.py:536} INFO - Filling up the DagBag from /Users/az/anaconda3/envs/python38/lib/python3.8/site-packages/airflow/example_dags/example_branch_labels.py
[2023-11-08T18:53:20.572-0500] {processor.py:839} INFO - DAG(s) dict_keys(['example_branch_labels']) retrieved from /Users/az/anaconda3/envs/python38/lib/python3.8/site-packages/airflow/example_dags/example_branch_labels.py
[2023-11-08T18:53:20.680-0500] {logging_mixin.py:154} INFO - [2023-11-08T18:53:20.680-0500] {dag.py:2941} INFO - Sync 1 DAGs
[2023-11-08T18:53:20.690-0500] {logging_mixin.py:154} INFO - [2023-11-08T18:53:20.690-0500] {dag.py:3722} INFO - Setting next_dagrun for example_branch_labels to 2023-11-07T00:00:00+00:00, run_after=2023-11-08T00:00:00+00:00
[2023-11-08T18:53:20.700-0500] {processor.py:179} INFO - Processing /Users/az/anaconda3/envs/python38/lib/python3.8/site-packages/airflow/example_dags/example_branch_labels.py took 0.148 seconds
[2023-11-08T18:55:26.935-0500] {processor.py:157} INFO - Started process (PID=53170) to work on /Users/az/anaconda3/envs/python38/lib/python3.8/site-packages/airflow/example_dags/example_branch_labels.py
[2023-11-08T18:55:26.939-0500] {processor.py:829} INFO - Processing file /Users/az/anaconda3/envs/python38/lib/python3.8/site-packages/airflow/example_dags/example_branch_labels.py for tasks to queue
[2023-11-08T18:55:26.939-0500] {logging_mixin.py:154} INFO - [2023-11-08T18:55:26.939-0500] {dagbag.py:536} INFO - Filling up the DagBag from /Users/az/anaconda3/envs/python38/lib/python3.8/site-packages/airflow/example_dags/example_branch_labels.py
[2023-11-08T18:55:26.955-0500] {processor.py:839} INFO - DAG(s) dict_keys(['example_branch_labels']) retrieved from /Users/az/anaconda3/envs/python38/lib/python3.8/site-packages/airflow/example_dags/example_branch_labels.py
[2023-11-08T18:55:27.074-0500] {logging_mixin.py:154} INFO - [2023-11-08T18:55:27.074-0500] {dag.py:2941} INFO - Sync 1 DAGs
[2023-11-08T18:55:27.083-0500] {logging_mixin.py:154} INFO - [2023-11-08T18:55:27.083-0500] {dag.py:3722} INFO - Setting next_dagrun for example_branch_labels to 2023-11-07T00:00:00+00:00, run_after=2023-11-08T00:00:00+00:00
[2023-11-08T18:55:27.113-0500] {processor.py:179} INFO - Processing /Users/az/anaconda3/envs/python38/lib/python3.8/site-packages/airflow/example_dags/example_branch_labels.py took 0.179 seconds
[2023-11-08T18:57:31.191-0500] {processor.py:157} INFO - Started process (PID=53328) to work on /Users/az/anaconda3/envs/python38/lib/python3.8/site-packages/airflow/example_dags/example_branch_labels.py
[2023-11-08T18:57:31.194-0500] {processor.py:829} INFO - Processing file /Users/az/anaconda3/envs/python38/lib/python3.8/site-packages/airflow/example_dags/example_branch_labels.py for tasks to queue
[2023-11-08T18:57:31.195-0500] {logging_mixin.py:154} INFO - [2023-11-08T18:57:31.195-0500] {dagbag.py:536} INFO - Filling up the DagBag from /Users/az/anaconda3/envs/python38/lib/python3.8/site-packages/airflow/example_dags/example_branch_labels.py
[2023-11-08T18:57:31.210-0500] {processor.py:839} INFO - DAG(s) dict_keys(['example_branch_labels']) retrieved from /Users/az/anaconda3/envs/python38/lib/python3.8/site-packages/airflow/example_dags/example_branch_labels.py
[2023-11-08T18:57:31.318-0500] {logging_mixin.py:154} INFO - [2023-11-08T18:57:31.318-0500] {dag.py:2941} INFO - Sync 1 DAGs
[2023-11-08T18:57:31.327-0500] {logging_mixin.py:154} INFO - [2023-11-08T18:57:31.327-0500] {dag.py:3722} INFO - Setting next_dagrun for example_branch_labels to 2023-11-07T00:00:00+00:00, run_after=2023-11-08T00:00:00+00:00
[2023-11-08T18:57:31.337-0500] {processor.py:179} INFO - Processing /Users/az/anaconda3/envs/python38/lib/python3.8/site-packages/airflow/example_dags/example_branch_labels.py took 0.147 seconds
[2023-11-08T18:59:36.480-0500] {processor.py:157} INFO - Started process (PID=53482) to work on /Users/az/anaconda3/envs/python38/lib/python3.8/site-packages/airflow/example_dags/example_branch_labels.py
[2023-11-08T18:59:36.484-0500] {processor.py:829} INFO - Processing file /Users/az/anaconda3/envs/python38/lib/python3.8/site-packages/airflow/example_dags/example_branch_labels.py for tasks to queue
[2023-11-08T18:59:36.485-0500] {logging_mixin.py:154} INFO - [2023-11-08T18:59:36.485-0500] {dagbag.py:536} INFO - Filling up the DagBag from /Users/az/anaconda3/envs/python38/lib/python3.8/site-packages/airflow/example_dags/example_branch_labels.py
[2023-11-08T18:59:36.500-0500] {processor.py:839} INFO - DAG(s) dict_keys(['example_branch_labels']) retrieved from /Users/az/anaconda3/envs/python38/lib/python3.8/site-packages/airflow/example_dags/example_branch_labels.py
[2023-11-08T18:59:36.606-0500] {logging_mixin.py:154} INFO - [2023-11-08T18:59:36.606-0500] {dag.py:2941} INFO - Sync 1 DAGs
[2023-11-08T18:59:36.616-0500] {logging_mixin.py:154} INFO - [2023-11-08T18:59:36.616-0500] {dag.py:3722} INFO - Setting next_dagrun for example_branch_labels to 2023-11-07T00:00:00+00:00, run_after=2023-11-08T00:00:00+00:00
[2023-11-08T18:59:36.626-0500] {processor.py:179} INFO - Processing /Users/az/anaconda3/envs/python38/lib/python3.8/site-packages/airflow/example_dags/example_branch_labels.py took 0.147 seconds
