[2023-11-08T17:47:37.980-0500] {processor.py:157} INFO - Started process (PID=48923) to work on /Users/az/anaconda3/envs/python38/lib/python3.8/site-packages/airflow/example_dags/example_setup_teardown_taskflow.py
[2023-11-08T17:47:37.986-0500] {processor.py:829} INFO - Processing file /Users/az/anaconda3/envs/python38/lib/python3.8/site-packages/airflow/example_dags/example_setup_teardown_taskflow.py for tasks to queue
[2023-11-08T17:47:37.986-0500] {logging_mixin.py:154} INFO - [2023-11-08T17:47:37.986-0500] {dagbag.py:536} INFO - Filling up the DagBag from /Users/az/anaconda3/envs/python38/lib/python3.8/site-packages/airflow/example_dags/example_setup_teardown_taskflow.py
[2023-11-08T17:47:38.024-0500] {processor.py:839} INFO - DAG(s) dict_keys(['example_setup_teardown_taskflow']) retrieved from /Users/az/anaconda3/envs/python38/lib/python3.8/site-packages/airflow/example_dags/example_setup_teardown_taskflow.py
[2023-11-08T17:47:38.403-0500] {logging_mixin.py:154} INFO - [2023-11-08T17:47:38.402-0500] {manager.py:499} INFO - Created Permission View: %s
[2023-11-08T17:47:38.408-0500] {logging_mixin.py:154} INFO - [2023-11-08T17:47:38.408-0500] {manager.py:499} INFO - Created Permission View: %s
[2023-11-08T17:47:38.411-0500] {logging_mixin.py:154} INFO - [2023-11-08T17:47:38.411-0500] {manager.py:499} INFO - Created Permission View: %s
[2023-11-08T17:47:38.411-0500] {logging_mixin.py:154} INFO - [2023-11-08T17:47:38.411-0500] {dag.py:2941} INFO - Sync 1 DAGs
[2023-11-08T17:47:38.417-0500] {logging_mixin.py:154} INFO - [2023-11-08T17:47:38.417-0500] {dag.py:2963} INFO - Creating ORM DAG for example_setup_teardown_taskflow
[2023-11-08T17:47:38.422-0500] {logging_mixin.py:154} INFO - [2023-11-08T17:47:38.422-0500] {dag.py:3722} INFO - Setting next_dagrun for example_setup_teardown_taskflow to 2023-11-07T22:47:38.422302+00:00, run_after=2023-11-08T22:47:38.422302+00:00
[2023-11-08T17:47:38.434-0500] {processor.py:179} INFO - Processing /Users/az/anaconda3/envs/python38/lib/python3.8/site-packages/airflow/example_dags/example_setup_teardown_taskflow.py took 0.455 seconds
[2023-11-08T17:49:13.355-0500] {processor.py:157} INFO - Started process (PID=49060) to work on /Users/az/anaconda3/envs/python38/lib/python3.8/site-packages/airflow/example_dags/example_setup_teardown_taskflow.py
[2023-11-08T17:49:13.360-0500] {processor.py:829} INFO - Processing file /Users/az/anaconda3/envs/python38/lib/python3.8/site-packages/airflow/example_dags/example_setup_teardown_taskflow.py for tasks to queue
[2023-11-08T17:49:13.360-0500] {logging_mixin.py:154} INFO - [2023-11-08T17:49:13.360-0500] {dagbag.py:536} INFO - Filling up the DagBag from /Users/az/anaconda3/envs/python38/lib/python3.8/site-packages/airflow/example_dags/example_setup_teardown_taskflow.py
[2023-11-08T17:49:13.397-0500] {processor.py:839} INFO - DAG(s) dict_keys(['example_setup_teardown_taskflow']) retrieved from /Users/az/anaconda3/envs/python38/lib/python3.8/site-packages/airflow/example_dags/example_setup_teardown_taskflow.py
[2023-11-08T17:49:13.501-0500] {logging_mixin.py:154} INFO - [2023-11-08T17:49:13.501-0500] {dag.py:2941} INFO - Sync 1 DAGs
[2023-11-08T17:49:13.511-0500] {logging_mixin.py:154} INFO - [2023-11-08T17:49:13.511-0500] {dag.py:3722} INFO - Setting next_dagrun for example_setup_teardown_taskflow to 2023-11-07T22:49:13.511344+00:00, run_after=2023-11-08T22:49:13.511344+00:00
[2023-11-08T17:49:13.522-0500] {processor.py:179} INFO - Processing /Users/az/anaconda3/envs/python38/lib/python3.8/site-packages/airflow/example_dags/example_setup_teardown_taskflow.py took 0.167 seconds
[2023-11-08T17:51:14.018-0500] {processor.py:157} INFO - Started process (PID=49262) to work on /Users/az/anaconda3/envs/python38/lib/python3.8/site-packages/airflow/example_dags/example_setup_teardown_taskflow.py
[2023-11-08T17:51:14.022-0500] {processor.py:829} INFO - Processing file /Users/az/anaconda3/envs/python38/lib/python3.8/site-packages/airflow/example_dags/example_setup_teardown_taskflow.py for tasks to queue
[2023-11-08T17:51:14.022-0500] {logging_mixin.py:154} INFO - [2023-11-08T17:51:14.022-0500] {dagbag.py:536} INFO - Filling up the DagBag from /Users/az/anaconda3/envs/python38/lib/python3.8/site-packages/airflow/example_dags/example_setup_teardown_taskflow.py
[2023-11-08T17:51:14.055-0500] {processor.py:839} INFO - DAG(s) dict_keys(['example_setup_teardown_taskflow']) retrieved from /Users/az/anaconda3/envs/python38/lib/python3.8/site-packages/airflow/example_dags/example_setup_teardown_taskflow.py
[2023-11-08T17:51:14.159-0500] {logging_mixin.py:154} INFO - [2023-11-08T17:51:14.159-0500] {dag.py:2941} INFO - Sync 1 DAGs
[2023-11-08T17:51:14.169-0500] {logging_mixin.py:154} INFO - [2023-11-08T17:51:14.169-0500] {dag.py:3722} INFO - Setting next_dagrun for example_setup_teardown_taskflow to 2023-11-07T22:51:14.169152+00:00, run_after=2023-11-08T22:51:14.169152+00:00
[2023-11-08T17:51:14.179-0500] {processor.py:179} INFO - Processing /Users/az/anaconda3/envs/python38/lib/python3.8/site-packages/airflow/example_dags/example_setup_teardown_taskflow.py took 0.161 seconds
[2023-11-08T17:53:07.043-0500] {processor.py:157} INFO - Started process (PID=49401) to work on /Users/az/anaconda3/envs/python38/lib/python3.8/site-packages/airflow/example_dags/example_setup_teardown_taskflow.py
[2023-11-08T17:53:07.048-0500] {processor.py:829} INFO - Processing file /Users/az/anaconda3/envs/python38/lib/python3.8/site-packages/airflow/example_dags/example_setup_teardown_taskflow.py for tasks to queue
[2023-11-08T17:53:07.048-0500] {logging_mixin.py:154} INFO - [2023-11-08T17:53:07.048-0500] {dagbag.py:536} INFO - Filling up the DagBag from /Users/az/anaconda3/envs/python38/lib/python3.8/site-packages/airflow/example_dags/example_setup_teardown_taskflow.py
[2023-11-08T17:53:07.081-0500] {processor.py:839} INFO - DAG(s) dict_keys(['example_setup_teardown_taskflow']) retrieved from /Users/az/anaconda3/envs/python38/lib/python3.8/site-packages/airflow/example_dags/example_setup_teardown_taskflow.py
[2023-11-08T17:53:07.183-0500] {logging_mixin.py:154} INFO - [2023-11-08T17:53:07.183-0500] {dag.py:2941} INFO - Sync 1 DAGs
[2023-11-08T17:53:07.192-0500] {logging_mixin.py:154} INFO - [2023-11-08T17:53:07.192-0500] {dag.py:3722} INFO - Setting next_dagrun for example_setup_teardown_taskflow to 2023-11-07T22:53:07.192732+00:00, run_after=2023-11-08T22:53:07.192732+00:00
[2023-11-08T17:53:07.202-0500] {processor.py:179} INFO - Processing /Users/az/anaconda3/envs/python38/lib/python3.8/site-packages/airflow/example_dags/example_setup_teardown_taskflow.py took 0.160 seconds
[2023-11-08T17:55:03.960-0500] {processor.py:157} INFO - Started process (PID=49546) to work on /Users/az/anaconda3/envs/python38/lib/python3.8/site-packages/airflow/example_dags/example_setup_teardown_taskflow.py
[2023-11-08T17:55:03.965-0500] {processor.py:829} INFO - Processing file /Users/az/anaconda3/envs/python38/lib/python3.8/site-packages/airflow/example_dags/example_setup_teardown_taskflow.py for tasks to queue
[2023-11-08T17:55:03.965-0500] {logging_mixin.py:154} INFO - [2023-11-08T17:55:03.965-0500] {dagbag.py:536} INFO - Filling up the DagBag from /Users/az/anaconda3/envs/python38/lib/python3.8/site-packages/airflow/example_dags/example_setup_teardown_taskflow.py
[2023-11-08T17:55:03.998-0500] {processor.py:839} INFO - DAG(s) dict_keys(['example_setup_teardown_taskflow']) retrieved from /Users/az/anaconda3/envs/python38/lib/python3.8/site-packages/airflow/example_dags/example_setup_teardown_taskflow.py
[2023-11-08T17:55:04.101-0500] {logging_mixin.py:154} INFO - [2023-11-08T17:55:04.101-0500] {dag.py:2941} INFO - Sync 1 DAGs
[2023-11-08T17:55:04.111-0500] {logging_mixin.py:154} INFO - [2023-11-08T17:55:04.111-0500] {dag.py:3722} INFO - Setting next_dagrun for example_setup_teardown_taskflow to 2023-11-07T22:55:04.111020+00:00, run_after=2023-11-08T22:55:04.111020+00:00
[2023-11-08T17:55:04.121-0500] {processor.py:179} INFO - Processing /Users/az/anaconda3/envs/python38/lib/python3.8/site-packages/airflow/example_dags/example_setup_teardown_taskflow.py took 0.161 seconds
[2023-11-08T17:57:03.302-0500] {processor.py:157} INFO - Started process (PID=49697) to work on /Users/az/anaconda3/envs/python38/lib/python3.8/site-packages/airflow/example_dags/example_setup_teardown_taskflow.py
[2023-11-08T17:57:03.306-0500] {processor.py:829} INFO - Processing file /Users/az/anaconda3/envs/python38/lib/python3.8/site-packages/airflow/example_dags/example_setup_teardown_taskflow.py for tasks to queue
[2023-11-08T17:57:03.307-0500] {logging_mixin.py:154} INFO - [2023-11-08T17:57:03.306-0500] {dagbag.py:536} INFO - Filling up the DagBag from /Users/az/anaconda3/envs/python38/lib/python3.8/site-packages/airflow/example_dags/example_setup_teardown_taskflow.py
[2023-11-08T17:57:03.340-0500] {processor.py:839} INFO - DAG(s) dict_keys(['example_setup_teardown_taskflow']) retrieved from /Users/az/anaconda3/envs/python38/lib/python3.8/site-packages/airflow/example_dags/example_setup_teardown_taskflow.py
[2023-11-08T17:57:03.444-0500] {logging_mixin.py:154} INFO - [2023-11-08T17:57:03.444-0500] {dag.py:2941} INFO - Sync 1 DAGs
[2023-11-08T17:57:03.454-0500] {logging_mixin.py:154} INFO - [2023-11-08T17:57:03.454-0500] {dag.py:3722} INFO - Setting next_dagrun for example_setup_teardown_taskflow to 2023-11-07T22:57:03.454351+00:00, run_after=2023-11-08T22:57:03.454351+00:00
[2023-11-08T17:57:03.464-0500] {processor.py:179} INFO - Processing /Users/az/anaconda3/envs/python38/lib/python3.8/site-packages/airflow/example_dags/example_setup_teardown_taskflow.py took 0.163 seconds
[2023-11-08T17:59:06.410-0500] {processor.py:157} INFO - Started process (PID=49863) to work on /Users/az/anaconda3/envs/python38/lib/python3.8/site-packages/airflow/example_dags/example_setup_teardown_taskflow.py
[2023-11-08T17:59:06.414-0500] {processor.py:829} INFO - Processing file /Users/az/anaconda3/envs/python38/lib/python3.8/site-packages/airflow/example_dags/example_setup_teardown_taskflow.py for tasks to queue
[2023-11-08T17:59:06.415-0500] {logging_mixin.py:154} INFO - [2023-11-08T17:59:06.415-0500] {dagbag.py:536} INFO - Filling up the DagBag from /Users/az/anaconda3/envs/python38/lib/python3.8/site-packages/airflow/example_dags/example_setup_teardown_taskflow.py
[2023-11-08T17:59:06.448-0500] {processor.py:839} INFO - DAG(s) dict_keys(['example_setup_teardown_taskflow']) retrieved from /Users/az/anaconda3/envs/python38/lib/python3.8/site-packages/airflow/example_dags/example_setup_teardown_taskflow.py
[2023-11-08T17:59:06.551-0500] {logging_mixin.py:154} INFO - [2023-11-08T17:59:06.551-0500] {dag.py:2941} INFO - Sync 1 DAGs
[2023-11-08T17:59:06.561-0500] {logging_mixin.py:154} INFO - [2023-11-08T17:59:06.561-0500] {dag.py:3722} INFO - Setting next_dagrun for example_setup_teardown_taskflow to 2023-11-07T22:59:06.560929+00:00, run_after=2023-11-08T22:59:06.560929+00:00
[2023-11-08T17:59:06.571-0500] {processor.py:179} INFO - Processing /Users/az/anaconda3/envs/python38/lib/python3.8/site-packages/airflow/example_dags/example_setup_teardown_taskflow.py took 0.162 seconds
[2023-11-08T18:01:06.918-0500] {processor.py:157} INFO - Started process (PID=50017) to work on /Users/az/anaconda3/envs/python38/lib/python3.8/site-packages/airflow/example_dags/example_setup_teardown_taskflow.py
[2023-11-08T18:01:06.923-0500] {processor.py:829} INFO - Processing file /Users/az/anaconda3/envs/python38/lib/python3.8/site-packages/airflow/example_dags/example_setup_teardown_taskflow.py for tasks to queue
[2023-11-08T18:01:06.923-0500] {logging_mixin.py:154} INFO - [2023-11-08T18:01:06.923-0500] {dagbag.py:536} INFO - Filling up the DagBag from /Users/az/anaconda3/envs/python38/lib/python3.8/site-packages/airflow/example_dags/example_setup_teardown_taskflow.py
[2023-11-08T18:01:06.956-0500] {processor.py:839} INFO - DAG(s) dict_keys(['example_setup_teardown_taskflow']) retrieved from /Users/az/anaconda3/envs/python38/lib/python3.8/site-packages/airflow/example_dags/example_setup_teardown_taskflow.py
[2023-11-08T18:01:07.059-0500] {logging_mixin.py:154} INFO - [2023-11-08T18:01:07.059-0500] {dag.py:2941} INFO - Sync 1 DAGs
[2023-11-08T18:01:07.068-0500] {logging_mixin.py:154} INFO - [2023-11-08T18:01:07.068-0500] {dag.py:3722} INFO - Setting next_dagrun for example_setup_teardown_taskflow to 2023-11-07T23:01:07.068803+00:00, run_after=2023-11-08T23:01:07.068803+00:00
[2023-11-08T18:01:07.078-0500] {processor.py:179} INFO - Processing /Users/az/anaconda3/envs/python38/lib/python3.8/site-packages/airflow/example_dags/example_setup_teardown_taskflow.py took 0.161 seconds
[2023-11-08T18:03:04.091-0500] {processor.py:157} INFO - Started process (PID=50220) to work on /Users/az/anaconda3/envs/python38/lib/python3.8/site-packages/airflow/example_dags/example_setup_teardown_taskflow.py
[2023-11-08T18:03:04.095-0500] {processor.py:829} INFO - Processing file /Users/az/anaconda3/envs/python38/lib/python3.8/site-packages/airflow/example_dags/example_setup_teardown_taskflow.py for tasks to queue
[2023-11-08T18:03:04.095-0500] {logging_mixin.py:154} INFO - [2023-11-08T18:03:04.095-0500] {dagbag.py:536} INFO - Filling up the DagBag from /Users/az/anaconda3/envs/python38/lib/python3.8/site-packages/airflow/example_dags/example_setup_teardown_taskflow.py
[2023-11-08T18:03:04.128-0500] {processor.py:839} INFO - DAG(s) dict_keys(['example_setup_teardown_taskflow']) retrieved from /Users/az/anaconda3/envs/python38/lib/python3.8/site-packages/airflow/example_dags/example_setup_teardown_taskflow.py
[2023-11-08T18:03:04.230-0500] {logging_mixin.py:154} INFO - [2023-11-08T18:03:04.230-0500] {dag.py:2941} INFO - Sync 1 DAGs
[2023-11-08T18:03:04.240-0500] {logging_mixin.py:154} INFO - [2023-11-08T18:03:04.240-0500] {dag.py:3722} INFO - Setting next_dagrun for example_setup_teardown_taskflow to 2023-11-07T23:03:04.240362+00:00, run_after=2023-11-08T23:03:04.240362+00:00
[2023-11-08T18:03:04.250-0500] {processor.py:179} INFO - Processing /Users/az/anaconda3/envs/python38/lib/python3.8/site-packages/airflow/example_dags/example_setup_teardown_taskflow.py took 0.160 seconds
[2023-11-08T18:05:00.927-0500] {processor.py:157} INFO - Started process (PID=50508) to work on /Users/az/anaconda3/envs/python38/lib/python3.8/site-packages/airflow/example_dags/example_setup_teardown_taskflow.py
[2023-11-08T18:05:00.932-0500] {processor.py:829} INFO - Processing file /Users/az/anaconda3/envs/python38/lib/python3.8/site-packages/airflow/example_dags/example_setup_teardown_taskflow.py for tasks to queue
[2023-11-08T18:05:00.932-0500] {logging_mixin.py:154} INFO - [2023-11-08T18:05:00.932-0500] {dagbag.py:536} INFO - Filling up the DagBag from /Users/az/anaconda3/envs/python38/lib/python3.8/site-packages/airflow/example_dags/example_setup_teardown_taskflow.py
[2023-11-08T18:05:00.965-0500] {processor.py:839} INFO - DAG(s) dict_keys(['example_setup_teardown_taskflow']) retrieved from /Users/az/anaconda3/envs/python38/lib/python3.8/site-packages/airflow/example_dags/example_setup_teardown_taskflow.py
[2023-11-08T18:05:01.068-0500] {logging_mixin.py:154} INFO - [2023-11-08T18:05:01.068-0500] {dag.py:2941} INFO - Sync 1 DAGs
[2023-11-08T18:05:01.078-0500] {logging_mixin.py:154} INFO - [2023-11-08T18:05:01.078-0500] {dag.py:3722} INFO - Setting next_dagrun for example_setup_teardown_taskflow to 2023-11-07T23:05:01.078472+00:00, run_after=2023-11-08T23:05:01.078472+00:00
[2023-11-08T18:05:01.088-0500] {processor.py:179} INFO - Processing /Users/az/anaconda3/envs/python38/lib/python3.8/site-packages/airflow/example_dags/example_setup_teardown_taskflow.py took 0.161 seconds
[2023-11-08T18:06:56.219-0500] {processor.py:157} INFO - Started process (PID=50670) to work on /Users/az/anaconda3/envs/python38/lib/python3.8/site-packages/airflow/example_dags/example_setup_teardown_taskflow.py
[2023-11-08T18:06:56.223-0500] {processor.py:829} INFO - Processing file /Users/az/anaconda3/envs/python38/lib/python3.8/site-packages/airflow/example_dags/example_setup_teardown_taskflow.py for tasks to queue
[2023-11-08T18:06:56.223-0500] {logging_mixin.py:154} INFO - [2023-11-08T18:06:56.223-0500] {dagbag.py:536} INFO - Filling up the DagBag from /Users/az/anaconda3/envs/python38/lib/python3.8/site-packages/airflow/example_dags/example_setup_teardown_taskflow.py
[2023-11-08T18:06:56.257-0500] {processor.py:839} INFO - DAG(s) dict_keys(['example_setup_teardown_taskflow']) retrieved from /Users/az/anaconda3/envs/python38/lib/python3.8/site-packages/airflow/example_dags/example_setup_teardown_taskflow.py
[2023-11-08T18:06:56.360-0500] {logging_mixin.py:154} INFO - [2023-11-08T18:06:56.360-0500] {dag.py:2941} INFO - Sync 1 DAGs
[2023-11-08T18:06:56.369-0500] {logging_mixin.py:154} INFO - [2023-11-08T18:06:56.369-0500] {dag.py:3722} INFO - Setting next_dagrun for example_setup_teardown_taskflow to 2023-11-07T23:06:56.369787+00:00, run_after=2023-11-08T23:06:56.369787+00:00
[2023-11-08T18:06:56.379-0500] {processor.py:179} INFO - Processing /Users/az/anaconda3/envs/python38/lib/python3.8/site-packages/airflow/example_dags/example_setup_teardown_taskflow.py took 0.160 seconds
[2023-11-08T18:08:51.187-0500] {processor.py:157} INFO - Started process (PID=50835) to work on /Users/az/anaconda3/envs/python38/lib/python3.8/site-packages/airflow/example_dags/example_setup_teardown_taskflow.py
[2023-11-08T18:08:51.191-0500] {processor.py:829} INFO - Processing file /Users/az/anaconda3/envs/python38/lib/python3.8/site-packages/airflow/example_dags/example_setup_teardown_taskflow.py for tasks to queue
[2023-11-08T18:08:51.192-0500] {logging_mixin.py:154} INFO - [2023-11-08T18:08:51.191-0500] {dagbag.py:536} INFO - Filling up the DagBag from /Users/az/anaconda3/envs/python38/lib/python3.8/site-packages/airflow/example_dags/example_setup_teardown_taskflow.py
[2023-11-08T18:08:51.224-0500] {processor.py:839} INFO - DAG(s) dict_keys(['example_setup_teardown_taskflow']) retrieved from /Users/az/anaconda3/envs/python38/lib/python3.8/site-packages/airflow/example_dags/example_setup_teardown_taskflow.py
[2023-11-08T18:08:51.326-0500] {logging_mixin.py:154} INFO - [2023-11-08T18:08:51.326-0500] {dag.py:2941} INFO - Sync 1 DAGs
[2023-11-08T18:08:51.336-0500] {logging_mixin.py:154} INFO - [2023-11-08T18:08:51.335-0500] {dag.py:3722} INFO - Setting next_dagrun for example_setup_teardown_taskflow to 2023-11-07T23:08:51.335891+00:00, run_after=2023-11-08T23:08:51.335891+00:00
[2023-11-08T18:08:51.345-0500] {processor.py:179} INFO - Processing /Users/az/anaconda3/envs/python38/lib/python3.8/site-packages/airflow/example_dags/example_setup_teardown_taskflow.py took 0.158 seconds
[2023-11-08T18:10:50.945-0500] {processor.py:157} INFO - Started process (PID=50990) to work on /Users/az/anaconda3/envs/python38/lib/python3.8/site-packages/airflow/example_dags/example_setup_teardown_taskflow.py
[2023-11-08T18:10:50.949-0500] {processor.py:829} INFO - Processing file /Users/az/anaconda3/envs/python38/lib/python3.8/site-packages/airflow/example_dags/example_setup_teardown_taskflow.py for tasks to queue
[2023-11-08T18:10:50.950-0500] {logging_mixin.py:154} INFO - [2023-11-08T18:10:50.950-0500] {dagbag.py:536} INFO - Filling up the DagBag from /Users/az/anaconda3/envs/python38/lib/python3.8/site-packages/airflow/example_dags/example_setup_teardown_taskflow.py
[2023-11-08T18:10:50.984-0500] {processor.py:839} INFO - DAG(s) dict_keys(['example_setup_teardown_taskflow']) retrieved from /Users/az/anaconda3/envs/python38/lib/python3.8/site-packages/airflow/example_dags/example_setup_teardown_taskflow.py
[2023-11-08T18:10:51.087-0500] {logging_mixin.py:154} INFO - [2023-11-08T18:10:51.086-0500] {dag.py:2941} INFO - Sync 1 DAGs
[2023-11-08T18:10:51.096-0500] {logging_mixin.py:154} INFO - [2023-11-08T18:10:51.096-0500] {dag.py:3722} INFO - Setting next_dagrun for example_setup_teardown_taskflow to 2023-11-07T23:10:51.096527+00:00, run_after=2023-11-08T23:10:51.096527+00:00
[2023-11-08T18:10:51.106-0500] {processor.py:179} INFO - Processing /Users/az/anaconda3/envs/python38/lib/python3.8/site-packages/airflow/example_dags/example_setup_teardown_taskflow.py took 0.161 seconds
[2023-11-08T18:22:49.421-0500] {processor.py:157} INFO - Started process (PID=51169) to work on /Users/az/anaconda3/envs/python38/lib/python3.8/site-packages/airflow/example_dags/example_setup_teardown_taskflow.py
[2023-11-08T18:22:49.426-0500] {processor.py:829} INFO - Processing file /Users/az/anaconda3/envs/python38/lib/python3.8/site-packages/airflow/example_dags/example_setup_teardown_taskflow.py for tasks to queue
[2023-11-08T18:22:49.427-0500] {logging_mixin.py:154} INFO - [2023-11-08T18:22:49.427-0500] {dagbag.py:536} INFO - Filling up the DagBag from /Users/az/anaconda3/envs/python38/lib/python3.8/site-packages/airflow/example_dags/example_setup_teardown_taskflow.py
[2023-11-08T18:22:49.462-0500] {processor.py:839} INFO - DAG(s) dict_keys(['example_setup_teardown_taskflow']) retrieved from /Users/az/anaconda3/envs/python38/lib/python3.8/site-packages/airflow/example_dags/example_setup_teardown_taskflow.py
[2023-11-08T18:22:49.572-0500] {logging_mixin.py:154} INFO - [2023-11-08T18:22:49.572-0500] {dag.py:2941} INFO - Sync 1 DAGs
[2023-11-08T18:22:49.582-0500] {logging_mixin.py:154} INFO - [2023-11-08T18:22:49.582-0500] {dag.py:3722} INFO - Setting next_dagrun for example_setup_teardown_taskflow to 2023-11-07T23:22:49.582244+00:00, run_after=2023-11-08T23:22:49.582244+00:00
[2023-11-08T18:22:49.593-0500] {processor.py:179} INFO - Processing /Users/az/anaconda3/envs/python38/lib/python3.8/site-packages/airflow/example_dags/example_setup_teardown_taskflow.py took 0.172 seconds
[2023-11-08T18:30:54.804-0500] {processor.py:157} INFO - Started process (PID=51273) to work on /Users/az/anaconda3/envs/python38/lib/python3.8/site-packages/airflow/example_dags/example_setup_teardown_taskflow.py
[2023-11-08T18:30:54.810-0500] {processor.py:829} INFO - Processing file /Users/az/anaconda3/envs/python38/lib/python3.8/site-packages/airflow/example_dags/example_setup_teardown_taskflow.py for tasks to queue
[2023-11-08T18:30:54.810-0500] {logging_mixin.py:154} INFO - [2023-11-08T18:30:54.810-0500] {dagbag.py:536} INFO - Filling up the DagBag from /Users/az/anaconda3/envs/python38/lib/python3.8/site-packages/airflow/example_dags/example_setup_teardown_taskflow.py
[2023-11-08T18:30:54.849-0500] {processor.py:839} INFO - DAG(s) dict_keys(['example_setup_teardown_taskflow']) retrieved from /Users/az/anaconda3/envs/python38/lib/python3.8/site-packages/airflow/example_dags/example_setup_teardown_taskflow.py
[2023-11-08T18:30:54.966-0500] {logging_mixin.py:154} INFO - [2023-11-08T18:30:54.965-0500] {dag.py:2941} INFO - Sync 1 DAGs
[2023-11-08T18:30:54.976-0500] {logging_mixin.py:154} INFO - [2023-11-08T18:30:54.976-0500] {dag.py:3722} INFO - Setting next_dagrun for example_setup_teardown_taskflow to 2023-11-07T23:30:54.976099+00:00, run_after=2023-11-08T23:30:54.976099+00:00
[2023-11-08T18:30:54.987-0500] {processor.py:179} INFO - Processing /Users/az/anaconda3/envs/python38/lib/python3.8/site-packages/airflow/example_dags/example_setup_teardown_taskflow.py took 0.183 seconds
[2023-11-08T18:32:51.748-0500] {processor.py:157} INFO - Started process (PID=51418) to work on /Users/az/anaconda3/envs/python38/lib/python3.8/site-packages/airflow/example_dags/example_setup_teardown_taskflow.py
[2023-11-08T18:32:51.752-0500] {processor.py:829} INFO - Processing file /Users/az/anaconda3/envs/python38/lib/python3.8/site-packages/airflow/example_dags/example_setup_teardown_taskflow.py for tasks to queue
[2023-11-08T18:32:51.752-0500] {logging_mixin.py:154} INFO - [2023-11-08T18:32:51.752-0500] {dagbag.py:536} INFO - Filling up the DagBag from /Users/az/anaconda3/envs/python38/lib/python3.8/site-packages/airflow/example_dags/example_setup_teardown_taskflow.py
[2023-11-08T18:32:51.785-0500] {processor.py:839} INFO - DAG(s) dict_keys(['example_setup_teardown_taskflow']) retrieved from /Users/az/anaconda3/envs/python38/lib/python3.8/site-packages/airflow/example_dags/example_setup_teardown_taskflow.py
[2023-11-08T18:32:51.889-0500] {logging_mixin.py:154} INFO - [2023-11-08T18:32:51.889-0500] {dag.py:2941} INFO - Sync 1 DAGs
[2023-11-08T18:32:51.898-0500] {logging_mixin.py:154} INFO - [2023-11-08T18:32:51.898-0500] {dag.py:3722} INFO - Setting next_dagrun for example_setup_teardown_taskflow to 2023-11-07T23:32:51.898627+00:00, run_after=2023-11-08T23:32:51.898627+00:00
[2023-11-08T18:32:51.909-0500] {processor.py:179} INFO - Processing /Users/az/anaconda3/envs/python38/lib/python3.8/site-packages/airflow/example_dags/example_setup_teardown_taskflow.py took 0.161 seconds
[2023-11-08T18:34:56.131-0500] {processor.py:157} INFO - Started process (PID=51583) to work on /Users/az/anaconda3/envs/python38/lib/python3.8/site-packages/airflow/example_dags/example_setup_teardown_taskflow.py
[2023-11-08T18:34:56.135-0500] {processor.py:829} INFO - Processing file /Users/az/anaconda3/envs/python38/lib/python3.8/site-packages/airflow/example_dags/example_setup_teardown_taskflow.py for tasks to queue
[2023-11-08T18:34:56.136-0500] {logging_mixin.py:154} INFO - [2023-11-08T18:34:56.136-0500] {dagbag.py:536} INFO - Filling up the DagBag from /Users/az/anaconda3/envs/python38/lib/python3.8/site-packages/airflow/example_dags/example_setup_teardown_taskflow.py
[2023-11-08T18:34:56.169-0500] {processor.py:839} INFO - DAG(s) dict_keys(['example_setup_teardown_taskflow']) retrieved from /Users/az/anaconda3/envs/python38/lib/python3.8/site-packages/airflow/example_dags/example_setup_teardown_taskflow.py
[2023-11-08T18:34:56.271-0500] {logging_mixin.py:154} INFO - [2023-11-08T18:34:56.271-0500] {dag.py:2941} INFO - Sync 1 DAGs
[2023-11-08T18:34:56.281-0500] {logging_mixin.py:154} INFO - [2023-11-08T18:34:56.281-0500] {dag.py:3722} INFO - Setting next_dagrun for example_setup_teardown_taskflow to 2023-11-07T23:34:56.281412+00:00, run_after=2023-11-08T23:34:56.281412+00:00
[2023-11-08T18:34:56.291-0500] {processor.py:179} INFO - Processing /Users/az/anaconda3/envs/python38/lib/python3.8/site-packages/airflow/example_dags/example_setup_teardown_taskflow.py took 0.161 seconds
[2023-11-08T18:36:52.830-0500] {processor.py:157} INFO - Started process (PID=51723) to work on /Users/az/anaconda3/envs/python38/lib/python3.8/site-packages/airflow/example_dags/example_setup_teardown_taskflow.py
[2023-11-08T18:36:52.835-0500] {processor.py:829} INFO - Processing file /Users/az/anaconda3/envs/python38/lib/python3.8/site-packages/airflow/example_dags/example_setup_teardown_taskflow.py for tasks to queue
[2023-11-08T18:36:52.836-0500] {logging_mixin.py:154} INFO - [2023-11-08T18:36:52.836-0500] {dagbag.py:536} INFO - Filling up the DagBag from /Users/az/anaconda3/envs/python38/lib/python3.8/site-packages/airflow/example_dags/example_setup_teardown_taskflow.py
[2023-11-08T18:36:52.869-0500] {processor.py:839} INFO - DAG(s) dict_keys(['example_setup_teardown_taskflow']) retrieved from /Users/az/anaconda3/envs/python38/lib/python3.8/site-packages/airflow/example_dags/example_setup_teardown_taskflow.py
[2023-11-08T18:36:52.973-0500] {logging_mixin.py:154} INFO - [2023-11-08T18:36:52.972-0500] {dag.py:2941} INFO - Sync 1 DAGs
[2023-11-08T18:36:52.982-0500] {logging_mixin.py:154} INFO - [2023-11-08T18:36:52.982-0500] {dag.py:3722} INFO - Setting next_dagrun for example_setup_teardown_taskflow to 2023-11-07T23:36:52.982488+00:00, run_after=2023-11-08T23:36:52.982488+00:00
[2023-11-08T18:36:52.992-0500] {processor.py:179} INFO - Processing /Users/az/anaconda3/envs/python38/lib/python3.8/site-packages/airflow/example_dags/example_setup_teardown_taskflow.py took 0.162 seconds
[2023-11-08T18:38:46.425-0500] {processor.py:157} INFO - Started process (PID=51867) to work on /Users/az/anaconda3/envs/python38/lib/python3.8/site-packages/airflow/example_dags/example_setup_teardown_taskflow.py
[2023-11-08T18:38:46.429-0500] {processor.py:829} INFO - Processing file /Users/az/anaconda3/envs/python38/lib/python3.8/site-packages/airflow/example_dags/example_setup_teardown_taskflow.py for tasks to queue
[2023-11-08T18:38:46.430-0500] {logging_mixin.py:154} INFO - [2023-11-08T18:38:46.430-0500] {dagbag.py:536} INFO - Filling up the DagBag from /Users/az/anaconda3/envs/python38/lib/python3.8/site-packages/airflow/example_dags/example_setup_teardown_taskflow.py
[2023-11-08T18:38:46.463-0500] {processor.py:839} INFO - DAG(s) dict_keys(['example_setup_teardown_taskflow']) retrieved from /Users/az/anaconda3/envs/python38/lib/python3.8/site-packages/airflow/example_dags/example_setup_teardown_taskflow.py
[2023-11-08T18:38:46.566-0500] {logging_mixin.py:154} INFO - [2023-11-08T18:38:46.566-0500] {dag.py:2941} INFO - Sync 1 DAGs
[2023-11-08T18:38:46.575-0500] {logging_mixin.py:154} INFO - [2023-11-08T18:38:46.575-0500] {dag.py:3722} INFO - Setting next_dagrun for example_setup_teardown_taskflow to 2023-11-07T23:38:46.575597+00:00, run_after=2023-11-08T23:38:46.575597+00:00
[2023-11-08T18:38:46.586-0500] {processor.py:179} INFO - Processing /Users/az/anaconda3/envs/python38/lib/python3.8/site-packages/airflow/example_dags/example_setup_teardown_taskflow.py took 0.161 seconds
[2023-11-08T18:40:51.267-0500] {processor.py:157} INFO - Started process (PID=52013) to work on /Users/az/anaconda3/envs/python38/lib/python3.8/site-packages/airflow/example_dags/example_setup_teardown_taskflow.py
[2023-11-08T18:40:51.271-0500] {processor.py:829} INFO - Processing file /Users/az/anaconda3/envs/python38/lib/python3.8/site-packages/airflow/example_dags/example_setup_teardown_taskflow.py for tasks to queue
[2023-11-08T18:40:51.272-0500] {logging_mixin.py:154} INFO - [2023-11-08T18:40:51.272-0500] {dagbag.py:536} INFO - Filling up the DagBag from /Users/az/anaconda3/envs/python38/lib/python3.8/site-packages/airflow/example_dags/example_setup_teardown_taskflow.py
[2023-11-08T18:40:51.305-0500] {processor.py:839} INFO - DAG(s) dict_keys(['example_setup_teardown_taskflow']) retrieved from /Users/az/anaconda3/envs/python38/lib/python3.8/site-packages/airflow/example_dags/example_setup_teardown_taskflow.py
[2023-11-08T18:40:51.408-0500] {logging_mixin.py:154} INFO - [2023-11-08T18:40:51.408-0500] {dag.py:2941} INFO - Sync 1 DAGs
[2023-11-08T18:40:51.418-0500] {logging_mixin.py:154} INFO - [2023-11-08T18:40:51.418-0500] {dag.py:3722} INFO - Setting next_dagrun for example_setup_teardown_taskflow to 2023-11-07T23:40:51.418208+00:00, run_after=2023-11-08T23:40:51.418208+00:00
[2023-11-08T18:40:51.428-0500] {processor.py:179} INFO - Processing /Users/az/anaconda3/envs/python38/lib/python3.8/site-packages/airflow/example_dags/example_setup_teardown_taskflow.py took 0.162 seconds
[2023-11-08T18:42:50.337-0500] {processor.py:157} INFO - Started process (PID=52161) to work on /Users/az/anaconda3/envs/python38/lib/python3.8/site-packages/airflow/example_dags/example_setup_teardown_taskflow.py
[2023-11-08T18:42:50.342-0500] {processor.py:829} INFO - Processing file /Users/az/anaconda3/envs/python38/lib/python3.8/site-packages/airflow/example_dags/example_setup_teardown_taskflow.py for tasks to queue
[2023-11-08T18:42:50.342-0500] {logging_mixin.py:154} INFO - [2023-11-08T18:42:50.342-0500] {dagbag.py:536} INFO - Filling up the DagBag from /Users/az/anaconda3/envs/python38/lib/python3.8/site-packages/airflow/example_dags/example_setup_teardown_taskflow.py
[2023-11-08T18:42:50.376-0500] {processor.py:839} INFO - DAG(s) dict_keys(['example_setup_teardown_taskflow']) retrieved from /Users/az/anaconda3/envs/python38/lib/python3.8/site-packages/airflow/example_dags/example_setup_teardown_taskflow.py
[2023-11-08T18:42:50.479-0500] {logging_mixin.py:154} INFO - [2023-11-08T18:42:50.479-0500] {dag.py:2941} INFO - Sync 1 DAGs
[2023-11-08T18:42:50.489-0500] {logging_mixin.py:154} INFO - [2023-11-08T18:42:50.489-0500] {dag.py:3722} INFO - Setting next_dagrun for example_setup_teardown_taskflow to 2023-11-07T23:42:50.489190+00:00, run_after=2023-11-08T23:42:50.489190+00:00
[2023-11-08T18:42:50.499-0500] {processor.py:179} INFO - Processing /Users/az/anaconda3/envs/python38/lib/python3.8/site-packages/airflow/example_dags/example_setup_teardown_taskflow.py took 0.162 seconds
[2023-11-08T18:44:52.422-0500] {processor.py:157} INFO - Started process (PID=52308) to work on /Users/az/anaconda3/envs/python38/lib/python3.8/site-packages/airflow/example_dags/example_setup_teardown_taskflow.py
[2023-11-08T18:44:52.426-0500] {processor.py:829} INFO - Processing file /Users/az/anaconda3/envs/python38/lib/python3.8/site-packages/airflow/example_dags/example_setup_teardown_taskflow.py for tasks to queue
[2023-11-08T18:44:52.427-0500] {logging_mixin.py:154} INFO - [2023-11-08T18:44:52.427-0500] {dagbag.py:536} INFO - Filling up the DagBag from /Users/az/anaconda3/envs/python38/lib/python3.8/site-packages/airflow/example_dags/example_setup_teardown_taskflow.py
[2023-11-08T18:44:52.460-0500] {processor.py:839} INFO - DAG(s) dict_keys(['example_setup_teardown_taskflow']) retrieved from /Users/az/anaconda3/envs/python38/lib/python3.8/site-packages/airflow/example_dags/example_setup_teardown_taskflow.py
[2023-11-08T18:44:52.563-0500] {logging_mixin.py:154} INFO - [2023-11-08T18:44:52.563-0500] {dag.py:2941} INFO - Sync 1 DAGs
[2023-11-08T18:44:52.572-0500] {logging_mixin.py:154} INFO - [2023-11-08T18:44:52.572-0500] {dag.py:3722} INFO - Setting next_dagrun for example_setup_teardown_taskflow to 2023-11-07T23:44:52.572714+00:00, run_after=2023-11-08T23:44:52.572714+00:00
[2023-11-08T18:44:52.583-0500] {processor.py:179} INFO - Processing /Users/az/anaconda3/envs/python38/lib/python3.8/site-packages/airflow/example_dags/example_setup_teardown_taskflow.py took 0.161 seconds
[2023-11-08T18:46:57.572-0500] {processor.py:157} INFO - Started process (PID=52486) to work on /Users/az/anaconda3/envs/python38/lib/python3.8/site-packages/airflow/example_dags/example_setup_teardown_taskflow.py
[2023-11-08T18:46:57.588-0500] {processor.py:829} INFO - Processing file /Users/az/anaconda3/envs/python38/lib/python3.8/site-packages/airflow/example_dags/example_setup_teardown_taskflow.py for tasks to queue
[2023-11-08T18:46:57.589-0500] {logging_mixin.py:154} INFO - [2023-11-08T18:46:57.589-0500] {dagbag.py:536} INFO - Filling up the DagBag from /Users/az/anaconda3/envs/python38/lib/python3.8/site-packages/airflow/example_dags/example_setup_teardown_taskflow.py
[2023-11-08T18:46:57.679-0500] {processor.py:839} INFO - DAG(s) dict_keys(['example_setup_teardown_taskflow']) retrieved from /Users/az/anaconda3/envs/python38/lib/python3.8/site-packages/airflow/example_dags/example_setup_teardown_taskflow.py
[2023-11-08T18:46:58.107-0500] {logging_mixin.py:154} INFO - [2023-11-08T18:46:58.106-0500] {dag.py:2941} INFO - Sync 1 DAGs
[2023-11-08T18:46:58.180-0500] {logging_mixin.py:154} INFO - [2023-11-08T18:46:58.178-0500] {dag.py:3722} INFO - Setting next_dagrun for example_setup_teardown_taskflow to 2023-11-07T23:46:58.164612+00:00, run_after=2023-11-08T23:46:58.164612+00:00
[2023-11-08T18:46:58.222-0500] {processor.py:179} INFO - Processing /Users/az/anaconda3/envs/python38/lib/python3.8/site-packages/airflow/example_dags/example_setup_teardown_taskflow.py took 0.660 seconds
[2023-11-08T18:49:00.286-0500] {processor.py:157} INFO - Started process (PID=52675) to work on /Users/az/anaconda3/envs/python38/lib/python3.8/site-packages/airflow/example_dags/example_setup_teardown_taskflow.py
[2023-11-08T18:49:00.291-0500] {processor.py:829} INFO - Processing file /Users/az/anaconda3/envs/python38/lib/python3.8/site-packages/airflow/example_dags/example_setup_teardown_taskflow.py for tasks to queue
[2023-11-08T18:49:00.291-0500] {logging_mixin.py:154} INFO - [2023-11-08T18:49:00.291-0500] {dagbag.py:536} INFO - Filling up the DagBag from /Users/az/anaconda3/envs/python38/lib/python3.8/site-packages/airflow/example_dags/example_setup_teardown_taskflow.py
[2023-11-08T18:49:00.325-0500] {processor.py:839} INFO - DAG(s) dict_keys(['example_setup_teardown_taskflow']) retrieved from /Users/az/anaconda3/envs/python38/lib/python3.8/site-packages/airflow/example_dags/example_setup_teardown_taskflow.py
[2023-11-08T18:49:00.428-0500] {logging_mixin.py:154} INFO - [2023-11-08T18:49:00.428-0500] {dag.py:2941} INFO - Sync 1 DAGs
[2023-11-08T18:49:00.437-0500] {logging_mixin.py:154} INFO - [2023-11-08T18:49:00.437-0500] {dag.py:3722} INFO - Setting next_dagrun for example_setup_teardown_taskflow to 2023-11-07T23:49:00.437569+00:00, run_after=2023-11-08T23:49:00.437569+00:00
[2023-11-08T18:49:00.447-0500] {processor.py:179} INFO - Processing /Users/az/anaconda3/envs/python38/lib/python3.8/site-packages/airflow/example_dags/example_setup_teardown_taskflow.py took 0.162 seconds
[2023-11-08T18:51:01.166-0500] {processor.py:157} INFO - Started process (PID=52829) to work on /Users/az/anaconda3/envs/python38/lib/python3.8/site-packages/airflow/example_dags/example_setup_teardown_taskflow.py
[2023-11-08T18:51:01.170-0500] {processor.py:829} INFO - Processing file /Users/az/anaconda3/envs/python38/lib/python3.8/site-packages/airflow/example_dags/example_setup_teardown_taskflow.py for tasks to queue
[2023-11-08T18:51:01.171-0500] {logging_mixin.py:154} INFO - [2023-11-08T18:51:01.170-0500] {dagbag.py:536} INFO - Filling up the DagBag from /Users/az/anaconda3/envs/python38/lib/python3.8/site-packages/airflow/example_dags/example_setup_teardown_taskflow.py
[2023-11-08T18:51:01.204-0500] {processor.py:839} INFO - DAG(s) dict_keys(['example_setup_teardown_taskflow']) retrieved from /Users/az/anaconda3/envs/python38/lib/python3.8/site-packages/airflow/example_dags/example_setup_teardown_taskflow.py
[2023-11-08T18:51:01.307-0500] {logging_mixin.py:154} INFO - [2023-11-08T18:51:01.307-0500] {dag.py:2941} INFO - Sync 1 DAGs
[2023-11-08T18:51:01.317-0500] {logging_mixin.py:154} INFO - [2023-11-08T18:51:01.317-0500] {dag.py:3722} INFO - Setting next_dagrun for example_setup_teardown_taskflow to 2023-11-07T23:51:01.317272+00:00, run_after=2023-11-08T23:51:01.317272+00:00
[2023-11-08T18:51:01.327-0500] {processor.py:179} INFO - Processing /Users/az/anaconda3/envs/python38/lib/python3.8/site-packages/airflow/example_dags/example_setup_teardown_taskflow.py took 0.162 seconds
[2023-11-08T18:53:03.426-0500] {processor.py:157} INFO - Started process (PID=52977) to work on /Users/az/anaconda3/envs/python38/lib/python3.8/site-packages/airflow/example_dags/example_setup_teardown_taskflow.py
[2023-11-08T18:53:03.431-0500] {processor.py:829} INFO - Processing file /Users/az/anaconda3/envs/python38/lib/python3.8/site-packages/airflow/example_dags/example_setup_teardown_taskflow.py for tasks to queue
[2023-11-08T18:53:03.431-0500] {logging_mixin.py:154} INFO - [2023-11-08T18:53:03.431-0500] {dagbag.py:536} INFO - Filling up the DagBag from /Users/az/anaconda3/envs/python38/lib/python3.8/site-packages/airflow/example_dags/example_setup_teardown_taskflow.py
[2023-11-08T18:53:03.464-0500] {processor.py:839} INFO - DAG(s) dict_keys(['example_setup_teardown_taskflow']) retrieved from /Users/az/anaconda3/envs/python38/lib/python3.8/site-packages/airflow/example_dags/example_setup_teardown_taskflow.py
[2023-11-08T18:53:03.567-0500] {logging_mixin.py:154} INFO - [2023-11-08T18:53:03.567-0500] {dag.py:2941} INFO - Sync 1 DAGs
[2023-11-08T18:53:03.576-0500] {logging_mixin.py:154} INFO - [2023-11-08T18:53:03.576-0500] {dag.py:3722} INFO - Setting next_dagrun for example_setup_teardown_taskflow to 2023-11-07T23:53:03.576750+00:00, run_after=2023-11-08T23:53:03.576750+00:00
[2023-11-08T18:53:03.587-0500] {processor.py:179} INFO - Processing /Users/az/anaconda3/envs/python38/lib/python3.8/site-packages/airflow/example_dags/example_setup_teardown_taskflow.py took 0.161 seconds
[2023-11-08T18:55:06.633-0500] {processor.py:157} INFO - Started process (PID=53144) to work on /Users/az/anaconda3/envs/python38/lib/python3.8/site-packages/airflow/example_dags/example_setup_teardown_taskflow.py
[2023-11-08T18:55:06.637-0500] {processor.py:829} INFO - Processing file /Users/az/anaconda3/envs/python38/lib/python3.8/site-packages/airflow/example_dags/example_setup_teardown_taskflow.py for tasks to queue
[2023-11-08T18:55:06.637-0500] {logging_mixin.py:154} INFO - [2023-11-08T18:55:06.637-0500] {dagbag.py:536} INFO - Filling up the DagBag from /Users/az/anaconda3/envs/python38/lib/python3.8/site-packages/airflow/example_dags/example_setup_teardown_taskflow.py
[2023-11-08T18:55:06.689-0500] {processor.py:839} INFO - DAG(s) dict_keys(['example_setup_teardown_taskflow']) retrieved from /Users/az/anaconda3/envs/python38/lib/python3.8/site-packages/airflow/example_dags/example_setup_teardown_taskflow.py
[2023-11-08T18:55:06.826-0500] {logging_mixin.py:154} INFO - [2023-11-08T18:55:06.825-0500] {dag.py:2941} INFO - Sync 1 DAGs
[2023-11-08T18:55:06.836-0500] {logging_mixin.py:154} INFO - [2023-11-08T18:55:06.836-0500] {dag.py:3722} INFO - Setting next_dagrun for example_setup_teardown_taskflow to 2023-11-07T23:55:06.835944+00:00, run_after=2023-11-08T23:55:06.835944+00:00
[2023-11-08T18:55:06.872-0500] {processor.py:179} INFO - Processing /Users/az/anaconda3/envs/python38/lib/python3.8/site-packages/airflow/example_dags/example_setup_teardown_taskflow.py took 0.240 seconds
[2023-11-08T18:57:15.148-0500] {processor.py:157} INFO - Started process (PID=53310) to work on /Users/az/anaconda3/envs/python38/lib/python3.8/site-packages/airflow/example_dags/example_setup_teardown_taskflow.py
[2023-11-08T18:57:15.152-0500] {processor.py:829} INFO - Processing file /Users/az/anaconda3/envs/python38/lib/python3.8/site-packages/airflow/example_dags/example_setup_teardown_taskflow.py for tasks to queue
[2023-11-08T18:57:15.153-0500] {logging_mixin.py:154} INFO - [2023-11-08T18:57:15.153-0500] {dagbag.py:536} INFO - Filling up the DagBag from /Users/az/anaconda3/envs/python38/lib/python3.8/site-packages/airflow/example_dags/example_setup_teardown_taskflow.py
[2023-11-08T18:57:15.186-0500] {processor.py:839} INFO - DAG(s) dict_keys(['example_setup_teardown_taskflow']) retrieved from /Users/az/anaconda3/envs/python38/lib/python3.8/site-packages/airflow/example_dags/example_setup_teardown_taskflow.py
[2023-11-08T18:57:15.289-0500] {logging_mixin.py:154} INFO - [2023-11-08T18:57:15.289-0500] {dag.py:2941} INFO - Sync 1 DAGs
[2023-11-08T18:57:15.299-0500] {logging_mixin.py:154} INFO - [2023-11-08T18:57:15.299-0500] {dag.py:3722} INFO - Setting next_dagrun for example_setup_teardown_taskflow to 2023-11-07T23:57:15.299148+00:00, run_after=2023-11-08T23:57:15.299148+00:00
[2023-11-08T18:57:15.309-0500] {processor.py:179} INFO - Processing /Users/az/anaconda3/envs/python38/lib/python3.8/site-packages/airflow/example_dags/example_setup_teardown_taskflow.py took 0.162 seconds
[2023-11-08T18:59:21.417-0500] {processor.py:157} INFO - Started process (PID=53465) to work on /Users/az/anaconda3/envs/python38/lib/python3.8/site-packages/airflow/example_dags/example_setup_teardown_taskflow.py
[2023-11-08T18:59:21.422-0500] {processor.py:829} INFO - Processing file /Users/az/anaconda3/envs/python38/lib/python3.8/site-packages/airflow/example_dags/example_setup_teardown_taskflow.py for tasks to queue
[2023-11-08T18:59:21.422-0500] {logging_mixin.py:154} INFO - [2023-11-08T18:59:21.422-0500] {dagbag.py:536} INFO - Filling up the DagBag from /Users/az/anaconda3/envs/python38/lib/python3.8/site-packages/airflow/example_dags/example_setup_teardown_taskflow.py
[2023-11-08T18:59:21.455-0500] {processor.py:839} INFO - DAG(s) dict_keys(['example_setup_teardown_taskflow']) retrieved from /Users/az/anaconda3/envs/python38/lib/python3.8/site-packages/airflow/example_dags/example_setup_teardown_taskflow.py
[2023-11-08T18:59:21.559-0500] {logging_mixin.py:154} INFO - [2023-11-08T18:59:21.559-0500] {dag.py:2941} INFO - Sync 1 DAGs
[2023-11-08T18:59:21.569-0500] {logging_mixin.py:154} INFO - [2023-11-08T18:59:21.568-0500] {dag.py:3722} INFO - Setting next_dagrun for example_setup_teardown_taskflow to 2023-11-07T23:59:21.568837+00:00, run_after=2023-11-08T23:59:21.568837+00:00
[2023-11-08T18:59:21.579-0500] {processor.py:179} INFO - Processing /Users/az/anaconda3/envs/python38/lib/python3.8/site-packages/airflow/example_dags/example_setup_teardown_taskflow.py took 0.162 seconds
