[2023-11-08T17:47:17.443-0500] {processor.py:157} INFO - Started process (PID=48899) to work on /Users/az/anaconda3/envs/python38/lib/python3.8/site-packages/airflow/example_dags/example_trigger_target_dag.py
[2023-11-08T17:47:17.447-0500] {processor.py:829} INFO - Processing file /Users/az/anaconda3/envs/python38/lib/python3.8/site-packages/airflow/example_dags/example_trigger_target_dag.py for tasks to queue
[2023-11-08T17:47:17.447-0500] {logging_mixin.py:154} INFO - [2023-11-08T17:47:17.447-0500] {dagbag.py:536} INFO - Filling up the DagBag from /Users/az/anaconda3/envs/python38/lib/python3.8/site-packages/airflow/example_dags/example_trigger_target_dag.py
[2023-11-08T17:47:17.480-0500] {processor.py:839} INFO - DAG(s) dict_keys(['example_trigger_target_dag']) retrieved from /Users/az/anaconda3/envs/python38/lib/python3.8/site-packages/airflow/example_dags/example_trigger_target_dag.py
[2023-11-08T17:47:17.851-0500] {logging_mixin.py:154} INFO - [2023-11-08T17:47:17.851-0500] {manager.py:499} INFO - Created Permission View: %s
[2023-11-08T17:47:17.861-0500] {logging_mixin.py:154} INFO - [2023-11-08T17:47:17.861-0500] {manager.py:499} INFO - Created Permission View: %s
[2023-11-08T17:47:17.865-0500] {logging_mixin.py:154} INFO - [2023-11-08T17:47:17.865-0500] {manager.py:499} INFO - Created Permission View: %s
[2023-11-08T17:47:17.866-0500] {logging_mixin.py:154} INFO - [2023-11-08T17:47:17.865-0500] {dag.py:2941} INFO - Sync 1 DAGs
[2023-11-08T17:47:17.872-0500] {logging_mixin.py:154} INFO - [2023-11-08T17:47:17.872-0500] {dag.py:2963} INFO - Creating ORM DAG for example_trigger_target_dag
[2023-11-08T17:47:17.872-0500] {logging_mixin.py:154} INFO - [2023-11-08T17:47:17.872-0500] {dag.py:3722} INFO - Setting next_dagrun for example_trigger_target_dag to None, run_after=None
[2023-11-08T17:47:17.884-0500] {processor.py:179} INFO - Processing /Users/az/anaconda3/envs/python38/lib/python3.8/site-packages/airflow/example_dags/example_trigger_target_dag.py took 0.442 seconds
[2023-11-08T17:48:53.597-0500] {processor.py:157} INFO - Started process (PID=49025) to work on /Users/az/anaconda3/envs/python38/lib/python3.8/site-packages/airflow/example_dags/example_trigger_target_dag.py
[2023-11-08T17:48:53.601-0500] {processor.py:829} INFO - Processing file /Users/az/anaconda3/envs/python38/lib/python3.8/site-packages/airflow/example_dags/example_trigger_target_dag.py for tasks to queue
[2023-11-08T17:48:53.602-0500] {logging_mixin.py:154} INFO - [2023-11-08T17:48:53.602-0500] {dagbag.py:536} INFO - Filling up the DagBag from /Users/az/anaconda3/envs/python38/lib/python3.8/site-packages/airflow/example_dags/example_trigger_target_dag.py
[2023-11-08T17:48:53.635-0500] {processor.py:839} INFO - DAG(s) dict_keys(['example_trigger_target_dag']) retrieved from /Users/az/anaconda3/envs/python38/lib/python3.8/site-packages/airflow/example_dags/example_trigger_target_dag.py
[2023-11-08T17:48:53.739-0500] {logging_mixin.py:154} INFO - [2023-11-08T17:48:53.738-0500] {dag.py:2941} INFO - Sync 1 DAGs
[2023-11-08T17:48:53.744-0500] {logging_mixin.py:154} INFO - [2023-11-08T17:48:53.744-0500] {dag.py:3722} INFO - Setting next_dagrun for example_trigger_target_dag to None, run_after=None
[2023-11-08T17:48:53.754-0500] {processor.py:179} INFO - Processing /Users/az/anaconda3/envs/python38/lib/python3.8/site-packages/airflow/example_dags/example_trigger_target_dag.py took 0.158 seconds
[2023-11-08T17:49:56.530-0500] {processor.py:157} INFO - Started process (PID=49120) to work on /Users/az/anaconda3/envs/python38/lib/python3.8/site-packages/airflow/example_dags/example_trigger_target_dag.py
[2023-11-08T17:49:56.534-0500] {processor.py:829} INFO - Processing file /Users/az/anaconda3/envs/python38/lib/python3.8/site-packages/airflow/example_dags/example_trigger_target_dag.py for tasks to queue
[2023-11-08T17:49:56.534-0500] {logging_mixin.py:154} INFO - [2023-11-08T17:49:56.534-0500] {dagbag.py:536} INFO - Filling up the DagBag from /Users/az/anaconda3/envs/python38/lib/python3.8/site-packages/airflow/example_dags/example_trigger_target_dag.py
[2023-11-08T17:49:56.567-0500] {processor.py:839} INFO - DAG(s) dict_keys(['example_trigger_target_dag']) retrieved from /Users/az/anaconda3/envs/python38/lib/python3.8/site-packages/airflow/example_dags/example_trigger_target_dag.py
[2023-11-08T17:49:56.673-0500] {logging_mixin.py:154} INFO - [2023-11-08T17:49:56.673-0500] {dag.py:2941} INFO - Sync 1 DAGs
[2023-11-08T17:49:56.679-0500] {logging_mixin.py:154} INFO - [2023-11-08T17:49:56.679-0500] {dag.py:3722} INFO - Setting next_dagrun for example_trigger_target_dag to None, run_after=None
[2023-11-08T17:49:56.689-0500] {processor.py:179} INFO - Processing /Users/az/anaconda3/envs/python38/lib/python3.8/site-packages/airflow/example_dags/example_trigger_target_dag.py took 0.159 seconds
[2023-11-08T17:50:56.648-0500] {processor.py:157} INFO - Started process (PID=49231) to work on /Users/az/anaconda3/envs/python38/lib/python3.8/site-packages/airflow/example_dags/example_trigger_target_dag.py
[2023-11-08T17:50:56.652-0500] {processor.py:829} INFO - Processing file /Users/az/anaconda3/envs/python38/lib/python3.8/site-packages/airflow/example_dags/example_trigger_target_dag.py for tasks to queue
[2023-11-08T17:50:56.652-0500] {logging_mixin.py:154} INFO - [2023-11-08T17:50:56.652-0500] {dagbag.py:536} INFO - Filling up the DagBag from /Users/az/anaconda3/envs/python38/lib/python3.8/site-packages/airflow/example_dags/example_trigger_target_dag.py
[2023-11-08T17:50:56.686-0500] {processor.py:839} INFO - DAG(s) dict_keys(['example_trigger_target_dag']) retrieved from /Users/az/anaconda3/envs/python38/lib/python3.8/site-packages/airflow/example_dags/example_trigger_target_dag.py
[2023-11-08T17:50:56.794-0500] {logging_mixin.py:154} INFO - [2023-11-08T17:50:56.794-0500] {dag.py:2941} INFO - Sync 1 DAGs
[2023-11-08T17:50:56.815-0500] {logging_mixin.py:154} INFO - [2023-11-08T17:50:56.815-0500] {dag.py:3722} INFO - Setting next_dagrun for example_trigger_target_dag to None, run_after=None
[2023-11-08T17:50:56.914-0500] {processor.py:179} INFO - Processing /Users/az/anaconda3/envs/python38/lib/python3.8/site-packages/airflow/example_dags/example_trigger_target_dag.py took 0.267 seconds
[2023-11-08T17:51:55.710-0500] {processor.py:157} INFO - Started process (PID=49314) to work on /Users/az/anaconda3/envs/python38/lib/python3.8/site-packages/airflow/example_dags/example_trigger_target_dag.py
[2023-11-08T17:51:55.715-0500] {processor.py:829} INFO - Processing file /Users/az/anaconda3/envs/python38/lib/python3.8/site-packages/airflow/example_dags/example_trigger_target_dag.py for tasks to queue
[2023-11-08T17:51:55.715-0500] {logging_mixin.py:154} INFO - [2023-11-08T17:51:55.715-0500] {dagbag.py:536} INFO - Filling up the DagBag from /Users/az/anaconda3/envs/python38/lib/python3.8/site-packages/airflow/example_dags/example_trigger_target_dag.py
[2023-11-08T17:51:55.751-0500] {processor.py:839} INFO - DAG(s) dict_keys(['example_trigger_target_dag']) retrieved from /Users/az/anaconda3/envs/python38/lib/python3.8/site-packages/airflow/example_dags/example_trigger_target_dag.py
[2023-11-08T17:51:55.864-0500] {logging_mixin.py:154} INFO - [2023-11-08T17:51:55.864-0500] {dag.py:2941} INFO - Sync 1 DAGs
[2023-11-08T17:51:55.870-0500] {logging_mixin.py:154} INFO - [2023-11-08T17:51:55.870-0500] {dag.py:3722} INFO - Setting next_dagrun for example_trigger_target_dag to None, run_after=None
[2023-11-08T17:51:55.881-0500] {processor.py:179} INFO - Processing /Users/az/anaconda3/envs/python38/lib/python3.8/site-packages/airflow/example_dags/example_trigger_target_dag.py took 0.172 seconds
[2023-11-08T17:52:52.220-0500] {processor.py:157} INFO - Started process (PID=49384) to work on /Users/az/anaconda3/envs/python38/lib/python3.8/site-packages/airflow/example_dags/example_trigger_target_dag.py
[2023-11-08T17:52:52.223-0500] {processor.py:829} INFO - Processing file /Users/az/anaconda3/envs/python38/lib/python3.8/site-packages/airflow/example_dags/example_trigger_target_dag.py for tasks to queue
[2023-11-08T17:52:52.224-0500] {logging_mixin.py:154} INFO - [2023-11-08T17:52:52.224-0500] {dagbag.py:536} INFO - Filling up the DagBag from /Users/az/anaconda3/envs/python38/lib/python3.8/site-packages/airflow/example_dags/example_trigger_target_dag.py
[2023-11-08T17:52:52.256-0500] {processor.py:839} INFO - DAG(s) dict_keys(['example_trigger_target_dag']) retrieved from /Users/az/anaconda3/envs/python38/lib/python3.8/site-packages/airflow/example_dags/example_trigger_target_dag.py
[2023-11-08T17:52:52.358-0500] {logging_mixin.py:154} INFO - [2023-11-08T17:52:52.357-0500] {dag.py:2941} INFO - Sync 1 DAGs
[2023-11-08T17:52:52.363-0500] {logging_mixin.py:154} INFO - [2023-11-08T17:52:52.363-0500] {dag.py:3722} INFO - Setting next_dagrun for example_trigger_target_dag to None, run_after=None
[2023-11-08T17:52:52.373-0500] {processor.py:179} INFO - Processing /Users/az/anaconda3/envs/python38/lib/python3.8/site-packages/airflow/example_dags/example_trigger_target_dag.py took 0.154 seconds
[2023-11-08T17:53:48.157-0500] {processor.py:157} INFO - Started process (PID=49456) to work on /Users/az/anaconda3/envs/python38/lib/python3.8/site-packages/airflow/example_dags/example_trigger_target_dag.py
[2023-11-08T17:53:48.161-0500] {processor.py:829} INFO - Processing file /Users/az/anaconda3/envs/python38/lib/python3.8/site-packages/airflow/example_dags/example_trigger_target_dag.py for tasks to queue
[2023-11-08T17:53:48.161-0500] {logging_mixin.py:154} INFO - [2023-11-08T17:53:48.161-0500] {dagbag.py:536} INFO - Filling up the DagBag from /Users/az/anaconda3/envs/python38/lib/python3.8/site-packages/airflow/example_dags/example_trigger_target_dag.py
[2023-11-08T17:53:48.193-0500] {processor.py:839} INFO - DAG(s) dict_keys(['example_trigger_target_dag']) retrieved from /Users/az/anaconda3/envs/python38/lib/python3.8/site-packages/airflow/example_dags/example_trigger_target_dag.py
[2023-11-08T17:53:48.294-0500] {logging_mixin.py:154} INFO - [2023-11-08T17:53:48.294-0500] {dag.py:2941} INFO - Sync 1 DAGs
[2023-11-08T17:53:48.300-0500] {logging_mixin.py:154} INFO - [2023-11-08T17:53:48.300-0500] {dag.py:3722} INFO - Setting next_dagrun for example_trigger_target_dag to None, run_after=None
[2023-11-08T17:53:48.310-0500] {processor.py:179} INFO - Processing /Users/az/anaconda3/envs/python38/lib/python3.8/site-packages/airflow/example_dags/example_trigger_target_dag.py took 0.154 seconds
[2023-11-08T17:54:45.908-0500] {processor.py:157} INFO - Started process (PID=49528) to work on /Users/az/anaconda3/envs/python38/lib/python3.8/site-packages/airflow/example_dags/example_trigger_target_dag.py
[2023-11-08T17:54:45.913-0500] {processor.py:829} INFO - Processing file /Users/az/anaconda3/envs/python38/lib/python3.8/site-packages/airflow/example_dags/example_trigger_target_dag.py for tasks to queue
[2023-11-08T17:54:45.913-0500] {logging_mixin.py:154} INFO - [2023-11-08T17:54:45.913-0500] {dagbag.py:536} INFO - Filling up the DagBag from /Users/az/anaconda3/envs/python38/lib/python3.8/site-packages/airflow/example_dags/example_trigger_target_dag.py
[2023-11-08T17:54:45.946-0500] {processor.py:839} INFO - DAG(s) dict_keys(['example_trigger_target_dag']) retrieved from /Users/az/anaconda3/envs/python38/lib/python3.8/site-packages/airflow/example_dags/example_trigger_target_dag.py
[2023-11-08T17:54:46.047-0500] {logging_mixin.py:154} INFO - [2023-11-08T17:54:46.047-0500] {dag.py:2941} INFO - Sync 1 DAGs
[2023-11-08T17:54:46.053-0500] {logging_mixin.py:154} INFO - [2023-11-08T17:54:46.052-0500] {dag.py:3722} INFO - Setting next_dagrun for example_trigger_target_dag to None, run_after=None
[2023-11-08T17:54:46.063-0500] {processor.py:179} INFO - Processing /Users/az/anaconda3/envs/python38/lib/python3.8/site-packages/airflow/example_dags/example_trigger_target_dag.py took 0.155 seconds
[2023-11-08T17:55:46.302-0500] {processor.py:157} INFO - Started process (PID=49600) to work on /Users/az/anaconda3/envs/python38/lib/python3.8/site-packages/airflow/example_dags/example_trigger_target_dag.py
[2023-11-08T17:55:46.306-0500] {processor.py:829} INFO - Processing file /Users/az/anaconda3/envs/python38/lib/python3.8/site-packages/airflow/example_dags/example_trigger_target_dag.py for tasks to queue
[2023-11-08T17:55:46.307-0500] {logging_mixin.py:154} INFO - [2023-11-08T17:55:46.306-0500] {dagbag.py:536} INFO - Filling up the DagBag from /Users/az/anaconda3/envs/python38/lib/python3.8/site-packages/airflow/example_dags/example_trigger_target_dag.py
[2023-11-08T17:55:46.339-0500] {processor.py:839} INFO - DAG(s) dict_keys(['example_trigger_target_dag']) retrieved from /Users/az/anaconda3/envs/python38/lib/python3.8/site-packages/airflow/example_dags/example_trigger_target_dag.py
[2023-11-08T17:55:46.441-0500] {logging_mixin.py:154} INFO - [2023-11-08T17:55:46.440-0500] {dag.py:2941} INFO - Sync 1 DAGs
[2023-11-08T17:55:46.446-0500] {logging_mixin.py:154} INFO - [2023-11-08T17:55:46.446-0500] {dag.py:3722} INFO - Setting next_dagrun for example_trigger_target_dag to None, run_after=None
[2023-11-08T17:55:46.456-0500] {processor.py:179} INFO - Processing /Users/az/anaconda3/envs/python38/lib/python3.8/site-packages/airflow/example_dags/example_trigger_target_dag.py took 0.155 seconds
[2023-11-08T17:56:46.110-0500] {processor.py:157} INFO - Started process (PID=49673) to work on /Users/az/anaconda3/envs/python38/lib/python3.8/site-packages/airflow/example_dags/example_trigger_target_dag.py
[2023-11-08T17:56:46.115-0500] {processor.py:829} INFO - Processing file /Users/az/anaconda3/envs/python38/lib/python3.8/site-packages/airflow/example_dags/example_trigger_target_dag.py for tasks to queue
[2023-11-08T17:56:46.115-0500] {logging_mixin.py:154} INFO - [2023-11-08T17:56:46.115-0500] {dagbag.py:536} INFO - Filling up the DagBag from /Users/az/anaconda3/envs/python38/lib/python3.8/site-packages/airflow/example_dags/example_trigger_target_dag.py
[2023-11-08T17:56:46.150-0500] {processor.py:839} INFO - DAG(s) dict_keys(['example_trigger_target_dag']) retrieved from /Users/az/anaconda3/envs/python38/lib/python3.8/site-packages/airflow/example_dags/example_trigger_target_dag.py
[2023-11-08T17:56:46.256-0500] {logging_mixin.py:154} INFO - [2023-11-08T17:56:46.256-0500] {dag.py:2941} INFO - Sync 1 DAGs
[2023-11-08T17:56:46.262-0500] {logging_mixin.py:154} INFO - [2023-11-08T17:56:46.262-0500] {dag.py:3722} INFO - Setting next_dagrun for example_trigger_target_dag to None, run_after=None
[2023-11-08T17:56:46.272-0500] {processor.py:179} INFO - Processing /Users/az/anaconda3/envs/python38/lib/python3.8/site-packages/airflow/example_dags/example_trigger_target_dag.py took 0.163 seconds
[2023-11-08T17:57:47.461-0500] {processor.py:157} INFO - Started process (PID=49755) to work on /Users/az/anaconda3/envs/python38/lib/python3.8/site-packages/airflow/example_dags/example_trigger_target_dag.py
[2023-11-08T17:57:47.465-0500] {processor.py:829} INFO - Processing file /Users/az/anaconda3/envs/python38/lib/python3.8/site-packages/airflow/example_dags/example_trigger_target_dag.py for tasks to queue
[2023-11-08T17:57:47.466-0500] {logging_mixin.py:154} INFO - [2023-11-08T17:57:47.465-0500] {dagbag.py:536} INFO - Filling up the DagBag from /Users/az/anaconda3/envs/python38/lib/python3.8/site-packages/airflow/example_dags/example_trigger_target_dag.py
[2023-11-08T17:57:47.502-0500] {processor.py:839} INFO - DAG(s) dict_keys(['example_trigger_target_dag']) retrieved from /Users/az/anaconda3/envs/python38/lib/python3.8/site-packages/airflow/example_dags/example_trigger_target_dag.py
[2023-11-08T17:57:47.622-0500] {logging_mixin.py:154} INFO - [2023-11-08T17:57:47.622-0500] {dag.py:2941} INFO - Sync 1 DAGs
[2023-11-08T17:57:47.628-0500] {logging_mixin.py:154} INFO - [2023-11-08T17:57:47.628-0500] {dag.py:3722} INFO - Setting next_dagrun for example_trigger_target_dag to None, run_after=None
[2023-11-08T17:57:47.640-0500] {processor.py:179} INFO - Processing /Users/az/anaconda3/envs/python38/lib/python3.8/site-packages/airflow/example_dags/example_trigger_target_dag.py took 0.180 seconds
[2023-11-08T17:58:48.315-0500] {processor.py:157} INFO - Started process (PID=49845) to work on /Users/az/anaconda3/envs/python38/lib/python3.8/site-packages/airflow/example_dags/example_trigger_target_dag.py
[2023-11-08T17:58:48.320-0500] {processor.py:829} INFO - Processing file /Users/az/anaconda3/envs/python38/lib/python3.8/site-packages/airflow/example_dags/example_trigger_target_dag.py for tasks to queue
[2023-11-08T17:58:48.320-0500] {logging_mixin.py:154} INFO - [2023-11-08T17:58:48.320-0500] {dagbag.py:536} INFO - Filling up the DagBag from /Users/az/anaconda3/envs/python38/lib/python3.8/site-packages/airflow/example_dags/example_trigger_target_dag.py
[2023-11-08T17:58:48.356-0500] {processor.py:839} INFO - DAG(s) dict_keys(['example_trigger_target_dag']) retrieved from /Users/az/anaconda3/envs/python38/lib/python3.8/site-packages/airflow/example_dags/example_trigger_target_dag.py
[2023-11-08T17:58:48.460-0500] {logging_mixin.py:154} INFO - [2023-11-08T17:58:48.460-0500] {dag.py:2941} INFO - Sync 1 DAGs
[2023-11-08T17:58:48.466-0500] {logging_mixin.py:154} INFO - [2023-11-08T17:58:48.466-0500] {dag.py:3722} INFO - Setting next_dagrun for example_trigger_target_dag to None, run_after=None
[2023-11-08T17:58:48.477-0500] {processor.py:179} INFO - Processing /Users/az/anaconda3/envs/python38/lib/python3.8/site-packages/airflow/example_dags/example_trigger_target_dag.py took 0.162 seconds
[2023-11-08T17:59:48.727-0500] {processor.py:157} INFO - Started process (PID=49919) to work on /Users/az/anaconda3/envs/python38/lib/python3.8/site-packages/airflow/example_dags/example_trigger_target_dag.py
[2023-11-08T17:59:48.732-0500] {processor.py:829} INFO - Processing file /Users/az/anaconda3/envs/python38/lib/python3.8/site-packages/airflow/example_dags/example_trigger_target_dag.py for tasks to queue
[2023-11-08T17:59:48.732-0500] {logging_mixin.py:154} INFO - [2023-11-08T17:59:48.732-0500] {dagbag.py:536} INFO - Filling up the DagBag from /Users/az/anaconda3/envs/python38/lib/python3.8/site-packages/airflow/example_dags/example_trigger_target_dag.py
[2023-11-08T17:59:48.765-0500] {processor.py:839} INFO - DAG(s) dict_keys(['example_trigger_target_dag']) retrieved from /Users/az/anaconda3/envs/python38/lib/python3.8/site-packages/airflow/example_dags/example_trigger_target_dag.py
[2023-11-08T17:59:48.867-0500] {logging_mixin.py:154} INFO - [2023-11-08T17:59:48.867-0500] {dag.py:2941} INFO - Sync 1 DAGs
[2023-11-08T17:59:48.873-0500] {logging_mixin.py:154} INFO - [2023-11-08T17:59:48.873-0500] {dag.py:3722} INFO - Setting next_dagrun for example_trigger_target_dag to None, run_after=None
[2023-11-08T17:59:48.882-0500] {processor.py:179} INFO - Processing /Users/az/anaconda3/envs/python38/lib/python3.8/site-packages/airflow/example_dags/example_trigger_target_dag.py took 0.156 seconds
[2023-11-08T18:00:49.775-0500] {processor.py:157} INFO - Started process (PID=49996) to work on /Users/az/anaconda3/envs/python38/lib/python3.8/site-packages/airflow/example_dags/example_trigger_target_dag.py
[2023-11-08T18:00:49.779-0500] {processor.py:829} INFO - Processing file /Users/az/anaconda3/envs/python38/lib/python3.8/site-packages/airflow/example_dags/example_trigger_target_dag.py for tasks to queue
[2023-11-08T18:00:49.779-0500] {logging_mixin.py:154} INFO - [2023-11-08T18:00:49.779-0500] {dagbag.py:536} INFO - Filling up the DagBag from /Users/az/anaconda3/envs/python38/lib/python3.8/site-packages/airflow/example_dags/example_trigger_target_dag.py
[2023-11-08T18:00:49.813-0500] {processor.py:839} INFO - DAG(s) dict_keys(['example_trigger_target_dag']) retrieved from /Users/az/anaconda3/envs/python38/lib/python3.8/site-packages/airflow/example_dags/example_trigger_target_dag.py
[2023-11-08T18:00:49.919-0500] {logging_mixin.py:154} INFO - [2023-11-08T18:00:49.919-0500] {dag.py:2941} INFO - Sync 1 DAGs
[2023-11-08T18:00:49.925-0500] {logging_mixin.py:154} INFO - [2023-11-08T18:00:49.925-0500] {dag.py:3722} INFO - Setting next_dagrun for example_trigger_target_dag to None, run_after=None
[2023-11-08T18:00:49.935-0500] {processor.py:179} INFO - Processing /Users/az/anaconda3/envs/python38/lib/python3.8/site-packages/airflow/example_dags/example_trigger_target_dag.py took 0.161 seconds
[2023-11-08T18:01:48.661-0500] {processor.py:157} INFO - Started process (PID=50097) to work on /Users/az/anaconda3/envs/python38/lib/python3.8/site-packages/airflow/example_dags/example_trigger_target_dag.py
[2023-11-08T18:01:48.666-0500] {processor.py:829} INFO - Processing file /Users/az/anaconda3/envs/python38/lib/python3.8/site-packages/airflow/example_dags/example_trigger_target_dag.py for tasks to queue
[2023-11-08T18:01:48.666-0500] {logging_mixin.py:154} INFO - [2023-11-08T18:01:48.666-0500] {dagbag.py:536} INFO - Filling up the DagBag from /Users/az/anaconda3/envs/python38/lib/python3.8/site-packages/airflow/example_dags/example_trigger_target_dag.py
[2023-11-08T18:01:48.699-0500] {processor.py:839} INFO - DAG(s) dict_keys(['example_trigger_target_dag']) retrieved from /Users/az/anaconda3/envs/python38/lib/python3.8/site-packages/airflow/example_dags/example_trigger_target_dag.py
[2023-11-08T18:01:48.802-0500] {logging_mixin.py:154} INFO - [2023-11-08T18:01:48.802-0500] {dag.py:2941} INFO - Sync 1 DAGs
[2023-11-08T18:01:48.808-0500] {logging_mixin.py:154} INFO - [2023-11-08T18:01:48.808-0500] {dag.py:3722} INFO - Setting next_dagrun for example_trigger_target_dag to None, run_after=None
[2023-11-08T18:01:48.818-0500] {processor.py:179} INFO - Processing /Users/az/anaconda3/envs/python38/lib/python3.8/site-packages/airflow/example_dags/example_trigger_target_dag.py took 0.157 seconds
[2023-11-08T18:02:46.971-0500] {processor.py:157} INFO - Started process (PID=50199) to work on /Users/az/anaconda3/envs/python38/lib/python3.8/site-packages/airflow/example_dags/example_trigger_target_dag.py
[2023-11-08T18:02:46.975-0500] {processor.py:829} INFO - Processing file /Users/az/anaconda3/envs/python38/lib/python3.8/site-packages/airflow/example_dags/example_trigger_target_dag.py for tasks to queue
[2023-11-08T18:02:46.975-0500] {logging_mixin.py:154} INFO - [2023-11-08T18:02:46.975-0500] {dagbag.py:536} INFO - Filling up the DagBag from /Users/az/anaconda3/envs/python38/lib/python3.8/site-packages/airflow/example_dags/example_trigger_target_dag.py
[2023-11-08T18:02:47.008-0500] {processor.py:839} INFO - DAG(s) dict_keys(['example_trigger_target_dag']) retrieved from /Users/az/anaconda3/envs/python38/lib/python3.8/site-packages/airflow/example_dags/example_trigger_target_dag.py
[2023-11-08T18:02:47.110-0500] {logging_mixin.py:154} INFO - [2023-11-08T18:02:47.110-0500] {dag.py:2941} INFO - Sync 1 DAGs
[2023-11-08T18:02:47.116-0500] {logging_mixin.py:154} INFO - [2023-11-08T18:02:47.116-0500] {dag.py:3722} INFO - Setting next_dagrun for example_trigger_target_dag to None, run_after=None
[2023-11-08T18:02:47.126-0500] {processor.py:179} INFO - Processing /Users/az/anaconda3/envs/python38/lib/python3.8/site-packages/airflow/example_dags/example_trigger_target_dag.py took 0.155 seconds
[2023-11-08T18:03:45.571-0500] {processor.py:157} INFO - Started process (PID=50416) to work on /Users/az/anaconda3/envs/python38/lib/python3.8/site-packages/airflow/example_dags/example_trigger_target_dag.py
[2023-11-08T18:03:45.575-0500] {processor.py:829} INFO - Processing file /Users/az/anaconda3/envs/python38/lib/python3.8/site-packages/airflow/example_dags/example_trigger_target_dag.py for tasks to queue
[2023-11-08T18:03:45.575-0500] {logging_mixin.py:154} INFO - [2023-11-08T18:03:45.575-0500] {dagbag.py:536} INFO - Filling up the DagBag from /Users/az/anaconda3/envs/python38/lib/python3.8/site-packages/airflow/example_dags/example_trigger_target_dag.py
[2023-11-08T18:03:45.607-0500] {processor.py:839} INFO - DAG(s) dict_keys(['example_trigger_target_dag']) retrieved from /Users/az/anaconda3/envs/python38/lib/python3.8/site-packages/airflow/example_dags/example_trigger_target_dag.py
[2023-11-08T18:03:45.710-0500] {logging_mixin.py:154} INFO - [2023-11-08T18:03:45.710-0500] {dag.py:2941} INFO - Sync 1 DAGs
[2023-11-08T18:03:45.716-0500] {logging_mixin.py:154} INFO - [2023-11-08T18:03:45.716-0500] {dag.py:3722} INFO - Setting next_dagrun for example_trigger_target_dag to None, run_after=None
[2023-11-08T18:03:45.726-0500] {processor.py:179} INFO - Processing /Users/az/anaconda3/envs/python38/lib/python3.8/site-packages/airflow/example_dags/example_trigger_target_dag.py took 0.156 seconds
[2023-11-08T18:04:43.874-0500] {processor.py:157} INFO - Started process (PID=50490) to work on /Users/az/anaconda3/envs/python38/lib/python3.8/site-packages/airflow/example_dags/example_trigger_target_dag.py
[2023-11-08T18:04:43.879-0500] {processor.py:829} INFO - Processing file /Users/az/anaconda3/envs/python38/lib/python3.8/site-packages/airflow/example_dags/example_trigger_target_dag.py for tasks to queue
[2023-11-08T18:04:43.879-0500] {logging_mixin.py:154} INFO - [2023-11-08T18:04:43.879-0500] {dagbag.py:536} INFO - Filling up the DagBag from /Users/az/anaconda3/envs/python38/lib/python3.8/site-packages/airflow/example_dags/example_trigger_target_dag.py
[2023-11-08T18:04:43.911-0500] {processor.py:839} INFO - DAG(s) dict_keys(['example_trigger_target_dag']) retrieved from /Users/az/anaconda3/envs/python38/lib/python3.8/site-packages/airflow/example_dags/example_trigger_target_dag.py
[2023-11-08T18:04:44.013-0500] {logging_mixin.py:154} INFO - [2023-11-08T18:04:44.013-0500] {dag.py:2941} INFO - Sync 1 DAGs
[2023-11-08T18:04:44.019-0500] {logging_mixin.py:154} INFO - [2023-11-08T18:04:44.019-0500] {dag.py:3722} INFO - Setting next_dagrun for example_trigger_target_dag to None, run_after=None
[2023-11-08T18:04:44.029-0500] {processor.py:179} INFO - Processing /Users/az/anaconda3/envs/python38/lib/python3.8/site-packages/airflow/example_dags/example_trigger_target_dag.py took 0.155 seconds
[2023-11-08T18:05:41.940-0500] {processor.py:157} INFO - Started process (PID=50563) to work on /Users/az/anaconda3/envs/python38/lib/python3.8/site-packages/airflow/example_dags/example_trigger_target_dag.py
[2023-11-08T18:05:41.945-0500] {processor.py:829} INFO - Processing file /Users/az/anaconda3/envs/python38/lib/python3.8/site-packages/airflow/example_dags/example_trigger_target_dag.py for tasks to queue
[2023-11-08T18:05:41.945-0500] {logging_mixin.py:154} INFO - [2023-11-08T18:05:41.945-0500] {dagbag.py:536} INFO - Filling up the DagBag from /Users/az/anaconda3/envs/python38/lib/python3.8/site-packages/airflow/example_dags/example_trigger_target_dag.py
[2023-11-08T18:05:41.977-0500] {processor.py:839} INFO - DAG(s) dict_keys(['example_trigger_target_dag']) retrieved from /Users/az/anaconda3/envs/python38/lib/python3.8/site-packages/airflow/example_dags/example_trigger_target_dag.py
[2023-11-08T18:05:42.085-0500] {logging_mixin.py:154} INFO - [2023-11-08T18:05:42.085-0500] {dag.py:2941} INFO - Sync 1 DAGs
[2023-11-08T18:05:42.091-0500] {logging_mixin.py:154} INFO - [2023-11-08T18:05:42.091-0500] {dag.py:3722} INFO - Setting next_dagrun for example_trigger_target_dag to None, run_after=None
[2023-11-08T18:05:42.102-0500] {processor.py:179} INFO - Processing /Users/az/anaconda3/envs/python38/lib/python3.8/site-packages/airflow/example_dags/example_trigger_target_dag.py took 0.162 seconds
[2023-11-08T18:06:40.086-0500] {processor.py:157} INFO - Started process (PID=50641) to work on /Users/az/anaconda3/envs/python38/lib/python3.8/site-packages/airflow/example_dags/example_trigger_target_dag.py
[2023-11-08T18:06:40.090-0500] {processor.py:829} INFO - Processing file /Users/az/anaconda3/envs/python38/lib/python3.8/site-packages/airflow/example_dags/example_trigger_target_dag.py for tasks to queue
[2023-11-08T18:06:40.090-0500] {logging_mixin.py:154} INFO - [2023-11-08T18:06:40.090-0500] {dagbag.py:536} INFO - Filling up the DagBag from /Users/az/anaconda3/envs/python38/lib/python3.8/site-packages/airflow/example_dags/example_trigger_target_dag.py
[2023-11-08T18:06:40.122-0500] {processor.py:839} INFO - DAG(s) dict_keys(['example_trigger_target_dag']) retrieved from /Users/az/anaconda3/envs/python38/lib/python3.8/site-packages/airflow/example_dags/example_trigger_target_dag.py
[2023-11-08T18:06:40.224-0500] {logging_mixin.py:154} INFO - [2023-11-08T18:06:40.224-0500] {dag.py:2941} INFO - Sync 1 DAGs
[2023-11-08T18:06:40.230-0500] {logging_mixin.py:154} INFO - [2023-11-08T18:06:40.230-0500] {dag.py:3722} INFO - Setting next_dagrun for example_trigger_target_dag to None, run_after=None
[2023-11-08T18:06:40.240-0500] {processor.py:179} INFO - Processing /Users/az/anaconda3/envs/python38/lib/python3.8/site-packages/airflow/example_dags/example_trigger_target_dag.py took 0.155 seconds
[2023-11-08T18:07:37.377-0500] {processor.py:157} INFO - Started process (PID=50728) to work on /Users/az/anaconda3/envs/python38/lib/python3.8/site-packages/airflow/example_dags/example_trigger_target_dag.py
[2023-11-08T18:07:37.381-0500] {processor.py:829} INFO - Processing file /Users/az/anaconda3/envs/python38/lib/python3.8/site-packages/airflow/example_dags/example_trigger_target_dag.py for tasks to queue
[2023-11-08T18:07:37.382-0500] {logging_mixin.py:154} INFO - [2023-11-08T18:07:37.381-0500] {dagbag.py:536} INFO - Filling up the DagBag from /Users/az/anaconda3/envs/python38/lib/python3.8/site-packages/airflow/example_dags/example_trigger_target_dag.py
[2023-11-08T18:07:37.414-0500] {processor.py:839} INFO - DAG(s) dict_keys(['example_trigger_target_dag']) retrieved from /Users/az/anaconda3/envs/python38/lib/python3.8/site-packages/airflow/example_dags/example_trigger_target_dag.py
[2023-11-08T18:07:37.515-0500] {logging_mixin.py:154} INFO - [2023-11-08T18:07:37.515-0500] {dag.py:2941} INFO - Sync 1 DAGs
[2023-11-08T18:07:37.521-0500] {logging_mixin.py:154} INFO - [2023-11-08T18:07:37.521-0500] {dag.py:3722} INFO - Setting next_dagrun for example_trigger_target_dag to None, run_after=None
[2023-11-08T18:07:37.531-0500] {processor.py:179} INFO - Processing /Users/az/anaconda3/envs/python38/lib/python3.8/site-packages/airflow/example_dags/example_trigger_target_dag.py took 0.154 seconds
[2023-11-08T18:08:35.096-0500] {processor.py:157} INFO - Started process (PID=50815) to work on /Users/az/anaconda3/envs/python38/lib/python3.8/site-packages/airflow/example_dags/example_trigger_target_dag.py
[2023-11-08T18:08:35.100-0500] {processor.py:829} INFO - Processing file /Users/az/anaconda3/envs/python38/lib/python3.8/site-packages/airflow/example_dags/example_trigger_target_dag.py for tasks to queue
[2023-11-08T18:08:35.101-0500] {logging_mixin.py:154} INFO - [2023-11-08T18:08:35.101-0500] {dagbag.py:536} INFO - Filling up the DagBag from /Users/az/anaconda3/envs/python38/lib/python3.8/site-packages/airflow/example_dags/example_trigger_target_dag.py
[2023-11-08T18:08:35.133-0500] {processor.py:839} INFO - DAG(s) dict_keys(['example_trigger_target_dag']) retrieved from /Users/az/anaconda3/envs/python38/lib/python3.8/site-packages/airflow/example_dags/example_trigger_target_dag.py
[2023-11-08T18:08:35.234-0500] {logging_mixin.py:154} INFO - [2023-11-08T18:08:35.234-0500] {dag.py:2941} INFO - Sync 1 DAGs
[2023-11-08T18:08:35.240-0500] {logging_mixin.py:154} INFO - [2023-11-08T18:08:35.239-0500] {dag.py:3722} INFO - Setting next_dagrun for example_trigger_target_dag to None, run_after=None
[2023-11-08T18:08:35.249-0500] {processor.py:179} INFO - Processing /Users/az/anaconda3/envs/python38/lib/python3.8/site-packages/airflow/example_dags/example_trigger_target_dag.py took 0.153 seconds
[2023-11-08T18:09:33.772-0500] {processor.py:157} INFO - Started process (PID=50893) to work on /Users/az/anaconda3/envs/python38/lib/python3.8/site-packages/airflow/example_dags/example_trigger_target_dag.py
[2023-11-08T18:09:33.776-0500] {processor.py:829} INFO - Processing file /Users/az/anaconda3/envs/python38/lib/python3.8/site-packages/airflow/example_dags/example_trigger_target_dag.py for tasks to queue
[2023-11-08T18:09:33.776-0500] {logging_mixin.py:154} INFO - [2023-11-08T18:09:33.776-0500] {dagbag.py:536} INFO - Filling up the DagBag from /Users/az/anaconda3/envs/python38/lib/python3.8/site-packages/airflow/example_dags/example_trigger_target_dag.py
[2023-11-08T18:09:33.809-0500] {processor.py:839} INFO - DAG(s) dict_keys(['example_trigger_target_dag']) retrieved from /Users/az/anaconda3/envs/python38/lib/python3.8/site-packages/airflow/example_dags/example_trigger_target_dag.py
[2023-11-08T18:09:33.910-0500] {logging_mixin.py:154} INFO - [2023-11-08T18:09:33.910-0500] {dag.py:2941} INFO - Sync 1 DAGs
[2023-11-08T18:09:33.916-0500] {logging_mixin.py:154} INFO - [2023-11-08T18:09:33.916-0500] {dag.py:3722} INFO - Setting next_dagrun for example_trigger_target_dag to None, run_after=None
[2023-11-08T18:09:33.926-0500] {processor.py:179} INFO - Processing /Users/az/anaconda3/envs/python38/lib/python3.8/site-packages/airflow/example_dags/example_trigger_target_dag.py took 0.154 seconds
[2023-11-08T18:10:32.924-0500] {processor.py:157} INFO - Started process (PID=50969) to work on /Users/az/anaconda3/envs/python38/lib/python3.8/site-packages/airflow/example_dags/example_trigger_target_dag.py
[2023-11-08T18:10:32.927-0500] {processor.py:829} INFO - Processing file /Users/az/anaconda3/envs/python38/lib/python3.8/site-packages/airflow/example_dags/example_trigger_target_dag.py for tasks to queue
[2023-11-08T18:10:32.928-0500] {logging_mixin.py:154} INFO - [2023-11-08T18:10:32.928-0500] {dagbag.py:536} INFO - Filling up the DagBag from /Users/az/anaconda3/envs/python38/lib/python3.8/site-packages/airflow/example_dags/example_trigger_target_dag.py
[2023-11-08T18:10:32.960-0500] {processor.py:839} INFO - DAG(s) dict_keys(['example_trigger_target_dag']) retrieved from /Users/az/anaconda3/envs/python38/lib/python3.8/site-packages/airflow/example_dags/example_trigger_target_dag.py
[2023-11-08T18:10:33.063-0500] {logging_mixin.py:154} INFO - [2023-11-08T18:10:33.063-0500] {dag.py:2941} INFO - Sync 1 DAGs
[2023-11-08T18:10:33.068-0500] {logging_mixin.py:154} INFO - [2023-11-08T18:10:33.068-0500] {dag.py:3722} INFO - Setting next_dagrun for example_trigger_target_dag to None, run_after=None
[2023-11-08T18:10:33.078-0500] {processor.py:179} INFO - Processing /Users/az/anaconda3/envs/python38/lib/python3.8/site-packages/airflow/example_dags/example_trigger_target_dag.py took 0.155 seconds
[2023-11-08T18:11:34.229-0500] {processor.py:157} INFO - Started process (PID=51043) to work on /Users/az/anaconda3/envs/python38/lib/python3.8/site-packages/airflow/example_dags/example_trigger_target_dag.py
[2023-11-08T18:11:34.233-0500] {processor.py:829} INFO - Processing file /Users/az/anaconda3/envs/python38/lib/python3.8/site-packages/airflow/example_dags/example_trigger_target_dag.py for tasks to queue
[2023-11-08T18:11:34.233-0500] {logging_mixin.py:154} INFO - [2023-11-08T18:11:34.233-0500] {dagbag.py:536} INFO - Filling up the DagBag from /Users/az/anaconda3/envs/python38/lib/python3.8/site-packages/airflow/example_dags/example_trigger_target_dag.py
[2023-11-08T18:11:34.265-0500] {processor.py:839} INFO - DAG(s) dict_keys(['example_trigger_target_dag']) retrieved from /Users/az/anaconda3/envs/python38/lib/python3.8/site-packages/airflow/example_dags/example_trigger_target_dag.py
[2023-11-08T18:11:34.367-0500] {logging_mixin.py:154} INFO - [2023-11-08T18:11:34.367-0500] {dag.py:2941} INFO - Sync 1 DAGs
[2023-11-08T18:11:34.373-0500] {logging_mixin.py:154} INFO - [2023-11-08T18:11:34.373-0500] {dag.py:3722} INFO - Setting next_dagrun for example_trigger_target_dag to None, run_after=None
[2023-11-08T18:11:34.383-0500] {processor.py:179} INFO - Processing /Users/az/anaconda3/envs/python38/lib/python3.8/site-packages/airflow/example_dags/example_trigger_target_dag.py took 0.154 seconds
[2023-11-08T18:17:31.617-0500] {processor.py:157} INFO - Started process (PID=51145) to work on /Users/az/anaconda3/envs/python38/lib/python3.8/site-packages/airflow/example_dags/example_trigger_target_dag.py
[2023-11-08T18:17:31.622-0500] {processor.py:829} INFO - Processing file /Users/az/anaconda3/envs/python38/lib/python3.8/site-packages/airflow/example_dags/example_trigger_target_dag.py for tasks to queue
[2023-11-08T18:17:31.622-0500] {logging_mixin.py:154} INFO - [2023-11-08T18:17:31.622-0500] {dagbag.py:536} INFO - Filling up the DagBag from /Users/az/anaconda3/envs/python38/lib/python3.8/site-packages/airflow/example_dags/example_trigger_target_dag.py
[2023-11-08T18:17:31.661-0500] {processor.py:839} INFO - DAG(s) dict_keys(['example_trigger_target_dag']) retrieved from /Users/az/anaconda3/envs/python38/lib/python3.8/site-packages/airflow/example_dags/example_trigger_target_dag.py
[2023-11-08T18:17:31.770-0500] {logging_mixin.py:154} INFO - [2023-11-08T18:17:31.770-0500] {dag.py:2941} INFO - Sync 1 DAGs
[2023-11-08T18:17:31.776-0500] {logging_mixin.py:154} INFO - [2023-11-08T18:17:31.776-0500] {dag.py:3722} INFO - Setting next_dagrun for example_trigger_target_dag to None, run_after=None
[2023-11-08T18:17:31.786-0500] {processor.py:179} INFO - Processing /Users/az/anaconda3/envs/python38/lib/python3.8/site-packages/airflow/example_dags/example_trigger_target_dag.py took 0.169 seconds
[2023-11-08T18:30:34.921-0500] {processor.py:157} INFO - Started process (PID=51253) to work on /Users/az/anaconda3/envs/python38/lib/python3.8/site-packages/airflow/example_dags/example_trigger_target_dag.py
[2023-11-08T18:30:34.928-0500] {processor.py:829} INFO - Processing file /Users/az/anaconda3/envs/python38/lib/python3.8/site-packages/airflow/example_dags/example_trigger_target_dag.py for tasks to queue
[2023-11-08T18:30:34.929-0500] {logging_mixin.py:154} INFO - [2023-11-08T18:30:34.929-0500] {dagbag.py:536} INFO - Filling up the DagBag from /Users/az/anaconda3/envs/python38/lib/python3.8/site-packages/airflow/example_dags/example_trigger_target_dag.py
[2023-11-08T18:30:34.968-0500] {processor.py:839} INFO - DAG(s) dict_keys(['example_trigger_target_dag']) retrieved from /Users/az/anaconda3/envs/python38/lib/python3.8/site-packages/airflow/example_dags/example_trigger_target_dag.py
[2023-11-08T18:30:35.095-0500] {logging_mixin.py:154} INFO - [2023-11-08T18:30:35.095-0500] {dag.py:2941} INFO - Sync 1 DAGs
[2023-11-08T18:30:35.102-0500] {logging_mixin.py:154} INFO - [2023-11-08T18:30:35.102-0500] {dag.py:3722} INFO - Setting next_dagrun for example_trigger_target_dag to None, run_after=None
[2023-11-08T18:30:35.114-0500] {processor.py:179} INFO - Processing /Users/az/anaconda3/envs/python38/lib/python3.8/site-packages/airflow/example_dags/example_trigger_target_dag.py took 0.194 seconds
[2023-11-08T18:31:32.042-0500] {processor.py:157} INFO - Started process (PID=51324) to work on /Users/az/anaconda3/envs/python38/lib/python3.8/site-packages/airflow/example_dags/example_trigger_target_dag.py
[2023-11-08T18:31:32.046-0500] {processor.py:829} INFO - Processing file /Users/az/anaconda3/envs/python38/lib/python3.8/site-packages/airflow/example_dags/example_trigger_target_dag.py for tasks to queue
[2023-11-08T18:31:32.047-0500] {logging_mixin.py:154} INFO - [2023-11-08T18:31:32.046-0500] {dagbag.py:536} INFO - Filling up the DagBag from /Users/az/anaconda3/envs/python38/lib/python3.8/site-packages/airflow/example_dags/example_trigger_target_dag.py
[2023-11-08T18:31:32.079-0500] {processor.py:839} INFO - DAG(s) dict_keys(['example_trigger_target_dag']) retrieved from /Users/az/anaconda3/envs/python38/lib/python3.8/site-packages/airflow/example_dags/example_trigger_target_dag.py
[2023-11-08T18:31:32.181-0500] {logging_mixin.py:154} INFO - [2023-11-08T18:31:32.181-0500] {dag.py:2941} INFO - Sync 1 DAGs
[2023-11-08T18:31:32.186-0500] {logging_mixin.py:154} INFO - [2023-11-08T18:31:32.186-0500] {dag.py:3722} INFO - Setting next_dagrun for example_trigger_target_dag to None, run_after=None
[2023-11-08T18:31:32.197-0500] {processor.py:179} INFO - Processing /Users/az/anaconda3/envs/python38/lib/python3.8/site-packages/airflow/example_dags/example_trigger_target_dag.py took 0.155 seconds
[2023-11-08T18:32:31.658-0500] {processor.py:157} INFO - Started process (PID=51395) to work on /Users/az/anaconda3/envs/python38/lib/python3.8/site-packages/airflow/example_dags/example_trigger_target_dag.py
[2023-11-08T18:32:31.662-0500] {processor.py:829} INFO - Processing file /Users/az/anaconda3/envs/python38/lib/python3.8/site-packages/airflow/example_dags/example_trigger_target_dag.py for tasks to queue
[2023-11-08T18:32:31.663-0500] {logging_mixin.py:154} INFO - [2023-11-08T18:32:31.663-0500] {dagbag.py:536} INFO - Filling up the DagBag from /Users/az/anaconda3/envs/python38/lib/python3.8/site-packages/airflow/example_dags/example_trigger_target_dag.py
[2023-11-08T18:32:31.695-0500] {processor.py:839} INFO - DAG(s) dict_keys(['example_trigger_target_dag']) retrieved from /Users/az/anaconda3/envs/python38/lib/python3.8/site-packages/airflow/example_dags/example_trigger_target_dag.py
[2023-11-08T18:32:31.797-0500] {logging_mixin.py:154} INFO - [2023-11-08T18:32:31.797-0500] {dag.py:2941} INFO - Sync 1 DAGs
[2023-11-08T18:32:31.803-0500] {logging_mixin.py:154} INFO - [2023-11-08T18:32:31.803-0500] {dag.py:3722} INFO - Setting next_dagrun for example_trigger_target_dag to None, run_after=None
[2023-11-08T18:32:31.813-0500] {processor.py:179} INFO - Processing /Users/az/anaconda3/envs/python38/lib/python3.8/site-packages/airflow/example_dags/example_trigger_target_dag.py took 0.155 seconds
[2023-11-08T18:33:32.342-0500] {processor.py:157} INFO - Started process (PID=51480) to work on /Users/az/anaconda3/envs/python38/lib/python3.8/site-packages/airflow/example_dags/example_trigger_target_dag.py
[2023-11-08T18:33:32.365-0500] {processor.py:829} INFO - Processing file /Users/az/anaconda3/envs/python38/lib/python3.8/site-packages/airflow/example_dags/example_trigger_target_dag.py for tasks to queue
[2023-11-08T18:33:32.366-0500] {logging_mixin.py:154} INFO - [2023-11-08T18:33:32.366-0500] {dagbag.py:536} INFO - Filling up the DagBag from /Users/az/anaconda3/envs/python38/lib/python3.8/site-packages/airflow/example_dags/example_trigger_target_dag.py
[2023-11-08T18:33:32.493-0500] {processor.py:839} INFO - DAG(s) dict_keys(['example_trigger_target_dag']) retrieved from /Users/az/anaconda3/envs/python38/lib/python3.8/site-packages/airflow/example_dags/example_trigger_target_dag.py
[2023-11-08T18:33:32.708-0500] {logging_mixin.py:154} INFO - [2023-11-08T18:33:32.708-0500] {dag.py:2941} INFO - Sync 1 DAGs
[2023-11-08T18:33:32.714-0500] {logging_mixin.py:154} INFO - [2023-11-08T18:33:32.713-0500] {dag.py:3722} INFO - Setting next_dagrun for example_trigger_target_dag to None, run_after=None
[2023-11-08T18:33:32.724-0500] {processor.py:179} INFO - Processing /Users/az/anaconda3/envs/python38/lib/python3.8/site-packages/airflow/example_dags/example_trigger_target_dag.py took 0.385 seconds
[2023-11-08T18:34:36.004-0500] {processor.py:157} INFO - Started process (PID=51556) to work on /Users/az/anaconda3/envs/python38/lib/python3.8/site-packages/airflow/example_dags/example_trigger_target_dag.py
[2023-11-08T18:34:36.009-0500] {processor.py:829} INFO - Processing file /Users/az/anaconda3/envs/python38/lib/python3.8/site-packages/airflow/example_dags/example_trigger_target_dag.py for tasks to queue
[2023-11-08T18:34:36.009-0500] {logging_mixin.py:154} INFO - [2023-11-08T18:34:36.009-0500] {dagbag.py:536} INFO - Filling up the DagBag from /Users/az/anaconda3/envs/python38/lib/python3.8/site-packages/airflow/example_dags/example_trigger_target_dag.py
[2023-11-08T18:34:36.041-0500] {processor.py:839} INFO - DAG(s) dict_keys(['example_trigger_target_dag']) retrieved from /Users/az/anaconda3/envs/python38/lib/python3.8/site-packages/airflow/example_dags/example_trigger_target_dag.py
[2023-11-08T18:34:36.144-0500] {logging_mixin.py:154} INFO - [2023-11-08T18:34:36.144-0500] {dag.py:2941} INFO - Sync 1 DAGs
[2023-11-08T18:34:36.149-0500] {logging_mixin.py:154} INFO - [2023-11-08T18:34:36.149-0500] {dag.py:3722} INFO - Setting next_dagrun for example_trigger_target_dag to None, run_after=None
[2023-11-08T18:34:36.160-0500] {processor.py:179} INFO - Processing /Users/az/anaconda3/envs/python38/lib/python3.8/site-packages/airflow/example_dags/example_trigger_target_dag.py took 0.156 seconds
[2023-11-08T18:35:36.678-0500] {processor.py:157} INFO - Started process (PID=51630) to work on /Users/az/anaconda3/envs/python38/lib/python3.8/site-packages/airflow/example_dags/example_trigger_target_dag.py
[2023-11-08T18:35:36.681-0500] {processor.py:829} INFO - Processing file /Users/az/anaconda3/envs/python38/lib/python3.8/site-packages/airflow/example_dags/example_trigger_target_dag.py for tasks to queue
[2023-11-08T18:35:36.682-0500] {logging_mixin.py:154} INFO - [2023-11-08T18:35:36.682-0500] {dagbag.py:536} INFO - Filling up the DagBag from /Users/az/anaconda3/envs/python38/lib/python3.8/site-packages/airflow/example_dags/example_trigger_target_dag.py
[2023-11-08T18:35:36.714-0500] {processor.py:839} INFO - DAG(s) dict_keys(['example_trigger_target_dag']) retrieved from /Users/az/anaconda3/envs/python38/lib/python3.8/site-packages/airflow/example_dags/example_trigger_target_dag.py
[2023-11-08T18:35:36.816-0500] {logging_mixin.py:154} INFO - [2023-11-08T18:35:36.815-0500] {dag.py:2941} INFO - Sync 1 DAGs
[2023-11-08T18:35:36.821-0500] {logging_mixin.py:154} INFO - [2023-11-08T18:35:36.821-0500] {dag.py:3722} INFO - Setting next_dagrun for example_trigger_target_dag to None, run_after=None
[2023-11-08T18:35:36.831-0500] {processor.py:179} INFO - Processing /Users/az/anaconda3/envs/python38/lib/python3.8/site-packages/airflow/example_dags/example_trigger_target_dag.py took 0.154 seconds
[2023-11-08T18:36:34.744-0500] {processor.py:157} INFO - Started process (PID=51704) to work on /Users/az/anaconda3/envs/python38/lib/python3.8/site-packages/airflow/example_dags/example_trigger_target_dag.py
[2023-11-08T18:36:34.748-0500] {processor.py:829} INFO - Processing file /Users/az/anaconda3/envs/python38/lib/python3.8/site-packages/airflow/example_dags/example_trigger_target_dag.py for tasks to queue
[2023-11-08T18:36:34.748-0500] {logging_mixin.py:154} INFO - [2023-11-08T18:36:34.748-0500] {dagbag.py:536} INFO - Filling up the DagBag from /Users/az/anaconda3/envs/python38/lib/python3.8/site-packages/airflow/example_dags/example_trigger_target_dag.py
[2023-11-08T18:36:34.780-0500] {processor.py:839} INFO - DAG(s) dict_keys(['example_trigger_target_dag']) retrieved from /Users/az/anaconda3/envs/python38/lib/python3.8/site-packages/airflow/example_dags/example_trigger_target_dag.py
[2023-11-08T18:36:34.883-0500] {logging_mixin.py:154} INFO - [2023-11-08T18:36:34.883-0500] {dag.py:2941} INFO - Sync 1 DAGs
[2023-11-08T18:36:34.889-0500] {logging_mixin.py:154} INFO - [2023-11-08T18:36:34.889-0500] {dag.py:3722} INFO - Setting next_dagrun for example_trigger_target_dag to None, run_after=None
[2023-11-08T18:36:34.899-0500] {processor.py:179} INFO - Processing /Users/az/anaconda3/envs/python38/lib/python3.8/site-packages/airflow/example_dags/example_trigger_target_dag.py took 0.156 seconds
[2023-11-08T18:37:31.315-0500] {processor.py:157} INFO - Started process (PID=51776) to work on /Users/az/anaconda3/envs/python38/lib/python3.8/site-packages/airflow/example_dags/example_trigger_target_dag.py
[2023-11-08T18:37:31.320-0500] {processor.py:829} INFO - Processing file /Users/az/anaconda3/envs/python38/lib/python3.8/site-packages/airflow/example_dags/example_trigger_target_dag.py for tasks to queue
[2023-11-08T18:37:31.320-0500] {logging_mixin.py:154} INFO - [2023-11-08T18:37:31.320-0500] {dagbag.py:536} INFO - Filling up the DagBag from /Users/az/anaconda3/envs/python38/lib/python3.8/site-packages/airflow/example_dags/example_trigger_target_dag.py
[2023-11-08T18:37:31.353-0500] {processor.py:839} INFO - DAG(s) dict_keys(['example_trigger_target_dag']) retrieved from /Users/az/anaconda3/envs/python38/lib/python3.8/site-packages/airflow/example_dags/example_trigger_target_dag.py
[2023-11-08T18:37:31.455-0500] {logging_mixin.py:154} INFO - [2023-11-08T18:37:31.454-0500] {dag.py:2941} INFO - Sync 1 DAGs
[2023-11-08T18:37:31.460-0500] {logging_mixin.py:154} INFO - [2023-11-08T18:37:31.460-0500] {dag.py:3722} INFO - Setting next_dagrun for example_trigger_target_dag to None, run_after=None
[2023-11-08T18:37:31.470-0500] {processor.py:179} INFO - Processing /Users/az/anaconda3/envs/python38/lib/python3.8/site-packages/airflow/example_dags/example_trigger_target_dag.py took 0.155 seconds
[2023-11-08T18:38:28.232-0500] {processor.py:157} INFO - Started process (PID=51849) to work on /Users/az/anaconda3/envs/python38/lib/python3.8/site-packages/airflow/example_dags/example_trigger_target_dag.py
[2023-11-08T18:38:28.237-0500] {processor.py:829} INFO - Processing file /Users/az/anaconda3/envs/python38/lib/python3.8/site-packages/airflow/example_dags/example_trigger_target_dag.py for tasks to queue
[2023-11-08T18:38:28.237-0500] {logging_mixin.py:154} INFO - [2023-11-08T18:38:28.237-0500] {dagbag.py:536} INFO - Filling up the DagBag from /Users/az/anaconda3/envs/python38/lib/python3.8/site-packages/airflow/example_dags/example_trigger_target_dag.py
[2023-11-08T18:38:28.269-0500] {processor.py:839} INFO - DAG(s) dict_keys(['example_trigger_target_dag']) retrieved from /Users/az/anaconda3/envs/python38/lib/python3.8/site-packages/airflow/example_dags/example_trigger_target_dag.py
[2023-11-08T18:38:28.370-0500] {logging_mixin.py:154} INFO - [2023-11-08T18:38:28.370-0500] {dag.py:2941} INFO - Sync 1 DAGs
[2023-11-08T18:38:28.376-0500] {logging_mixin.py:154} INFO - [2023-11-08T18:38:28.376-0500] {dag.py:3722} INFO - Setting next_dagrun for example_trigger_target_dag to None, run_after=None
[2023-11-08T18:38:28.386-0500] {processor.py:179} INFO - Processing /Users/az/anaconda3/envs/python38/lib/python3.8/site-packages/airflow/example_dags/example_trigger_target_dag.py took 0.155 seconds
[2023-11-08T18:39:27.885-0500] {processor.py:157} INFO - Started process (PID=51920) to work on /Users/az/anaconda3/envs/python38/lib/python3.8/site-packages/airflow/example_dags/example_trigger_target_dag.py
[2023-11-08T18:39:27.890-0500] {processor.py:829} INFO - Processing file /Users/az/anaconda3/envs/python38/lib/python3.8/site-packages/airflow/example_dags/example_trigger_target_dag.py for tasks to queue
[2023-11-08T18:39:27.890-0500] {logging_mixin.py:154} INFO - [2023-11-08T18:39:27.890-0500] {dagbag.py:536} INFO - Filling up the DagBag from /Users/az/anaconda3/envs/python38/lib/python3.8/site-packages/airflow/example_dags/example_trigger_target_dag.py
[2023-11-08T18:39:27.922-0500] {processor.py:839} INFO - DAG(s) dict_keys(['example_trigger_target_dag']) retrieved from /Users/az/anaconda3/envs/python38/lib/python3.8/site-packages/airflow/example_dags/example_trigger_target_dag.py
[2023-11-08T18:39:28.024-0500] {logging_mixin.py:154} INFO - [2023-11-08T18:39:28.024-0500] {dag.py:2941} INFO - Sync 1 DAGs
[2023-11-08T18:39:28.030-0500] {logging_mixin.py:154} INFO - [2023-11-08T18:39:28.030-0500] {dag.py:3722} INFO - Setting next_dagrun for example_trigger_target_dag to None, run_after=None
[2023-11-08T18:39:28.040-0500] {processor.py:179} INFO - Processing /Users/az/anaconda3/envs/python38/lib/python3.8/site-packages/airflow/example_dags/example_trigger_target_dag.py took 0.155 seconds
[2023-11-08T18:40:32.127-0500] {processor.py:157} INFO - Started process (PID=51993) to work on /Users/az/anaconda3/envs/python38/lib/python3.8/site-packages/airflow/example_dags/example_trigger_target_dag.py
[2023-11-08T18:40:32.132-0500] {processor.py:829} INFO - Processing file /Users/az/anaconda3/envs/python38/lib/python3.8/site-packages/airflow/example_dags/example_trigger_target_dag.py for tasks to queue
[2023-11-08T18:40:32.132-0500] {logging_mixin.py:154} INFO - [2023-11-08T18:40:32.132-0500] {dagbag.py:536} INFO - Filling up the DagBag from /Users/az/anaconda3/envs/python38/lib/python3.8/site-packages/airflow/example_dags/example_trigger_target_dag.py
[2023-11-08T18:40:32.165-0500] {processor.py:839} INFO - DAG(s) dict_keys(['example_trigger_target_dag']) retrieved from /Users/az/anaconda3/envs/python38/lib/python3.8/site-packages/airflow/example_dags/example_trigger_target_dag.py
[2023-11-08T18:40:32.267-0500] {logging_mixin.py:154} INFO - [2023-11-08T18:40:32.267-0500] {dag.py:2941} INFO - Sync 1 DAGs
[2023-11-08T18:40:32.272-0500] {logging_mixin.py:154} INFO - [2023-11-08T18:40:32.272-0500] {dag.py:3722} INFO - Setting next_dagrun for example_trigger_target_dag to None, run_after=None
[2023-11-08T18:40:32.282-0500] {processor.py:179} INFO - Processing /Users/az/anaconda3/envs/python38/lib/python3.8/site-packages/airflow/example_dags/example_trigger_target_dag.py took 0.155 seconds
[2023-11-08T18:41:33.434-0500] {processor.py:157} INFO - Started process (PID=52068) to work on /Users/az/anaconda3/envs/python38/lib/python3.8/site-packages/airflow/example_dags/example_trigger_target_dag.py
[2023-11-08T18:41:33.438-0500] {processor.py:829} INFO - Processing file /Users/az/anaconda3/envs/python38/lib/python3.8/site-packages/airflow/example_dags/example_trigger_target_dag.py for tasks to queue
[2023-11-08T18:41:33.438-0500] {logging_mixin.py:154} INFO - [2023-11-08T18:41:33.438-0500] {dagbag.py:536} INFO - Filling up the DagBag from /Users/az/anaconda3/envs/python38/lib/python3.8/site-packages/airflow/example_dags/example_trigger_target_dag.py
[2023-11-08T18:41:33.471-0500] {processor.py:839} INFO - DAG(s) dict_keys(['example_trigger_target_dag']) retrieved from /Users/az/anaconda3/envs/python38/lib/python3.8/site-packages/airflow/example_dags/example_trigger_target_dag.py
[2023-11-08T18:41:33.575-0500] {logging_mixin.py:154} INFO - [2023-11-08T18:41:33.574-0500] {dag.py:2941} INFO - Sync 1 DAGs
[2023-11-08T18:41:33.580-0500] {logging_mixin.py:154} INFO - [2023-11-08T18:41:33.580-0500] {dag.py:3722} INFO - Setting next_dagrun for example_trigger_target_dag to None, run_after=None
[2023-11-08T18:41:33.591-0500] {processor.py:179} INFO - Processing /Users/az/anaconda3/envs/python38/lib/python3.8/site-packages/airflow/example_dags/example_trigger_target_dag.py took 0.157 seconds
[2023-11-08T18:42:32.250-0500] {processor.py:157} INFO - Started process (PID=52142) to work on /Users/az/anaconda3/envs/python38/lib/python3.8/site-packages/airflow/example_dags/example_trigger_target_dag.py
[2023-11-08T18:42:32.255-0500] {processor.py:829} INFO - Processing file /Users/az/anaconda3/envs/python38/lib/python3.8/site-packages/airflow/example_dags/example_trigger_target_dag.py for tasks to queue
[2023-11-08T18:42:32.256-0500] {logging_mixin.py:154} INFO - [2023-11-08T18:42:32.255-0500] {dagbag.py:536} INFO - Filling up the DagBag from /Users/az/anaconda3/envs/python38/lib/python3.8/site-packages/airflow/example_dags/example_trigger_target_dag.py
[2023-11-08T18:42:32.288-0500] {processor.py:839} INFO - DAG(s) dict_keys(['example_trigger_target_dag']) retrieved from /Users/az/anaconda3/envs/python38/lib/python3.8/site-packages/airflow/example_dags/example_trigger_target_dag.py
[2023-11-08T18:42:32.390-0500] {logging_mixin.py:154} INFO - [2023-11-08T18:42:32.390-0500] {dag.py:2941} INFO - Sync 1 DAGs
[2023-11-08T18:42:32.396-0500] {logging_mixin.py:154} INFO - [2023-11-08T18:42:32.396-0500] {dag.py:3722} INFO - Setting next_dagrun for example_trigger_target_dag to None, run_after=None
[2023-11-08T18:42:32.405-0500] {processor.py:179} INFO - Processing /Users/az/anaconda3/envs/python38/lib/python3.8/site-packages/airflow/example_dags/example_trigger_target_dag.py took 0.155 seconds
[2023-11-08T18:43:33.006-0500] {processor.py:157} INFO - Started process (PID=52217) to work on /Users/az/anaconda3/envs/python38/lib/python3.8/site-packages/airflow/example_dags/example_trigger_target_dag.py
[2023-11-08T18:43:33.010-0500] {processor.py:829} INFO - Processing file /Users/az/anaconda3/envs/python38/lib/python3.8/site-packages/airflow/example_dags/example_trigger_target_dag.py for tasks to queue
[2023-11-08T18:43:33.011-0500] {logging_mixin.py:154} INFO - [2023-11-08T18:43:33.011-0500] {dagbag.py:536} INFO - Filling up the DagBag from /Users/az/anaconda3/envs/python38/lib/python3.8/site-packages/airflow/example_dags/example_trigger_target_dag.py
[2023-11-08T18:43:33.046-0500] {processor.py:839} INFO - DAG(s) dict_keys(['example_trigger_target_dag']) retrieved from /Users/az/anaconda3/envs/python38/lib/python3.8/site-packages/airflow/example_dags/example_trigger_target_dag.py
[2023-11-08T18:43:33.151-0500] {logging_mixin.py:154} INFO - [2023-11-08T18:43:33.151-0500] {dag.py:2941} INFO - Sync 1 DAGs
[2023-11-08T18:43:33.169-0500] {logging_mixin.py:154} INFO - [2023-11-08T18:43:33.168-0500] {dag.py:3722} INFO - Setting next_dagrun for example_trigger_target_dag to None, run_after=None
[2023-11-08T18:43:33.179-0500] {processor.py:179} INFO - Processing /Users/az/anaconda3/envs/python38/lib/python3.8/site-packages/airflow/example_dags/example_trigger_target_dag.py took 0.174 seconds
[2023-11-08T18:44:34.297-0500] {processor.py:157} INFO - Started process (PID=52289) to work on /Users/az/anaconda3/envs/python38/lib/python3.8/site-packages/airflow/example_dags/example_trigger_target_dag.py
[2023-11-08T18:44:34.301-0500] {processor.py:829} INFO - Processing file /Users/az/anaconda3/envs/python38/lib/python3.8/site-packages/airflow/example_dags/example_trigger_target_dag.py for tasks to queue
[2023-11-08T18:44:34.301-0500] {logging_mixin.py:154} INFO - [2023-11-08T18:44:34.301-0500] {dagbag.py:536} INFO - Filling up the DagBag from /Users/az/anaconda3/envs/python38/lib/python3.8/site-packages/airflow/example_dags/example_trigger_target_dag.py
[2023-11-08T18:44:34.334-0500] {processor.py:839} INFO - DAG(s) dict_keys(['example_trigger_target_dag']) retrieved from /Users/az/anaconda3/envs/python38/lib/python3.8/site-packages/airflow/example_dags/example_trigger_target_dag.py
[2023-11-08T18:44:34.435-0500] {logging_mixin.py:154} INFO - [2023-11-08T18:44:34.435-0500] {dag.py:2941} INFO - Sync 1 DAGs
[2023-11-08T18:44:34.441-0500] {logging_mixin.py:154} INFO - [2023-11-08T18:44:34.441-0500] {dag.py:3722} INFO - Setting next_dagrun for example_trigger_target_dag to None, run_after=None
[2023-11-08T18:44:34.451-0500] {processor.py:179} INFO - Processing /Users/az/anaconda3/envs/python38/lib/python3.8/site-packages/airflow/example_dags/example_trigger_target_dag.py took 0.155 seconds
[2023-11-08T18:45:36.535-0500] {processor.py:157} INFO - Started process (PID=52364) to work on /Users/az/anaconda3/envs/python38/lib/python3.8/site-packages/airflow/example_dags/example_trigger_target_dag.py
[2023-11-08T18:45:36.540-0500] {processor.py:829} INFO - Processing file /Users/az/anaconda3/envs/python38/lib/python3.8/site-packages/airflow/example_dags/example_trigger_target_dag.py for tasks to queue
[2023-11-08T18:45:36.540-0500] {logging_mixin.py:154} INFO - [2023-11-08T18:45:36.540-0500] {dagbag.py:536} INFO - Filling up the DagBag from /Users/az/anaconda3/envs/python38/lib/python3.8/site-packages/airflow/example_dags/example_trigger_target_dag.py
[2023-11-08T18:45:36.572-0500] {processor.py:839} INFO - DAG(s) dict_keys(['example_trigger_target_dag']) retrieved from /Users/az/anaconda3/envs/python38/lib/python3.8/site-packages/airflow/example_dags/example_trigger_target_dag.py
[2023-11-08T18:45:36.674-0500] {logging_mixin.py:154} INFO - [2023-11-08T18:45:36.674-0500] {dag.py:2941} INFO - Sync 1 DAGs
[2023-11-08T18:45:36.680-0500] {logging_mixin.py:154} INFO - [2023-11-08T18:45:36.680-0500] {dag.py:3722} INFO - Setting next_dagrun for example_trigger_target_dag to None, run_after=None
[2023-11-08T18:45:36.690-0500] {processor.py:179} INFO - Processing /Users/az/anaconda3/envs/python38/lib/python3.8/site-packages/airflow/example_dags/example_trigger_target_dag.py took 0.155 seconds
[2023-11-08T18:46:39.928-0500] {processor.py:157} INFO - Started process (PID=52455) to work on /Users/az/anaconda3/envs/python38/lib/python3.8/site-packages/airflow/example_dags/example_trigger_target_dag.py
[2023-11-08T18:46:39.933-0500] {processor.py:829} INFO - Processing file /Users/az/anaconda3/envs/python38/lib/python3.8/site-packages/airflow/example_dags/example_trigger_target_dag.py for tasks to queue
[2023-11-08T18:46:39.933-0500] {logging_mixin.py:154} INFO - [2023-11-08T18:46:39.933-0500] {dagbag.py:536} INFO - Filling up the DagBag from /Users/az/anaconda3/envs/python38/lib/python3.8/site-packages/airflow/example_dags/example_trigger_target_dag.py
[2023-11-08T18:46:39.967-0500] {processor.py:839} INFO - DAG(s) dict_keys(['example_trigger_target_dag']) retrieved from /Users/az/anaconda3/envs/python38/lib/python3.8/site-packages/airflow/example_dags/example_trigger_target_dag.py
[2023-11-08T18:46:40.072-0500] {logging_mixin.py:154} INFO - [2023-11-08T18:46:40.071-0500] {dag.py:2941} INFO - Sync 1 DAGs
[2023-11-08T18:46:40.077-0500] {logging_mixin.py:154} INFO - [2023-11-08T18:46:40.077-0500] {dag.py:3722} INFO - Setting next_dagrun for example_trigger_target_dag to None, run_after=None
[2023-11-08T18:46:40.087-0500] {processor.py:179} INFO - Processing /Users/az/anaconda3/envs/python38/lib/python3.8/site-packages/airflow/example_dags/example_trigger_target_dag.py took 0.160 seconds
[2023-11-08T18:47:44.228-0500] {processor.py:157} INFO - Started process (PID=52570) to work on /Users/az/anaconda3/envs/python38/lib/python3.8/site-packages/airflow/example_dags/example_trigger_target_dag.py
[2023-11-08T18:47:44.232-0500] {processor.py:829} INFO - Processing file /Users/az/anaconda3/envs/python38/lib/python3.8/site-packages/airflow/example_dags/example_trigger_target_dag.py for tasks to queue
[2023-11-08T18:47:44.232-0500] {logging_mixin.py:154} INFO - [2023-11-08T18:47:44.232-0500] {dagbag.py:536} INFO - Filling up the DagBag from /Users/az/anaconda3/envs/python38/lib/python3.8/site-packages/airflow/example_dags/example_trigger_target_dag.py
[2023-11-08T18:47:44.265-0500] {processor.py:839} INFO - DAG(s) dict_keys(['example_trigger_target_dag']) retrieved from /Users/az/anaconda3/envs/python38/lib/python3.8/site-packages/airflow/example_dags/example_trigger_target_dag.py
[2023-11-08T18:47:44.369-0500] {logging_mixin.py:154} INFO - [2023-11-08T18:47:44.369-0500] {dag.py:2941} INFO - Sync 1 DAGs
[2023-11-08T18:47:44.374-0500] {logging_mixin.py:154} INFO - [2023-11-08T18:47:44.374-0500] {dag.py:3722} INFO - Setting next_dagrun for example_trigger_target_dag to None, run_after=None
[2023-11-08T18:47:44.385-0500] {processor.py:179} INFO - Processing /Users/az/anaconda3/envs/python38/lib/python3.8/site-packages/airflow/example_dags/example_trigger_target_dag.py took 0.157 seconds
[2023-11-08T18:48:44.209-0500] {processor.py:157} INFO - Started process (PID=52652) to work on /Users/az/anaconda3/envs/python38/lib/python3.8/site-packages/airflow/example_dags/example_trigger_target_dag.py
[2023-11-08T18:48:44.214-0500] {processor.py:829} INFO - Processing file /Users/az/anaconda3/envs/python38/lib/python3.8/site-packages/airflow/example_dags/example_trigger_target_dag.py for tasks to queue
[2023-11-08T18:48:44.214-0500] {logging_mixin.py:154} INFO - [2023-11-08T18:48:44.214-0500] {dagbag.py:536} INFO - Filling up the DagBag from /Users/az/anaconda3/envs/python38/lib/python3.8/site-packages/airflow/example_dags/example_trigger_target_dag.py
[2023-11-08T18:48:44.246-0500] {processor.py:839} INFO - DAG(s) dict_keys(['example_trigger_target_dag']) retrieved from /Users/az/anaconda3/envs/python38/lib/python3.8/site-packages/airflow/example_dags/example_trigger_target_dag.py
[2023-11-08T18:48:44.349-0500] {logging_mixin.py:154} INFO - [2023-11-08T18:48:44.349-0500] {dag.py:2941} INFO - Sync 1 DAGs
[2023-11-08T18:48:44.354-0500] {logging_mixin.py:154} INFO - [2023-11-08T18:48:44.354-0500] {dag.py:3722} INFO - Setting next_dagrun for example_trigger_target_dag to None, run_after=None
[2023-11-08T18:48:44.365-0500] {processor.py:179} INFO - Processing /Users/az/anaconda3/envs/python38/lib/python3.8/site-packages/airflow/example_dags/example_trigger_target_dag.py took 0.156 seconds
[2023-11-08T18:49:42.751-0500] {processor.py:157} INFO - Started process (PID=52721) to work on /Users/az/anaconda3/envs/python38/lib/python3.8/site-packages/airflow/example_dags/example_trigger_target_dag.py
[2023-11-08T18:49:42.755-0500] {processor.py:829} INFO - Processing file /Users/az/anaconda3/envs/python38/lib/python3.8/site-packages/airflow/example_dags/example_trigger_target_dag.py for tasks to queue
[2023-11-08T18:49:42.756-0500] {logging_mixin.py:154} INFO - [2023-11-08T18:49:42.755-0500] {dagbag.py:536} INFO - Filling up the DagBag from /Users/az/anaconda3/envs/python38/lib/python3.8/site-packages/airflow/example_dags/example_trigger_target_dag.py
[2023-11-08T18:49:42.788-0500] {processor.py:839} INFO - DAG(s) dict_keys(['example_trigger_target_dag']) retrieved from /Users/az/anaconda3/envs/python38/lib/python3.8/site-packages/airflow/example_dags/example_trigger_target_dag.py
[2023-11-08T18:49:42.890-0500] {logging_mixin.py:154} INFO - [2023-11-08T18:49:42.890-0500] {dag.py:2941} INFO - Sync 1 DAGs
[2023-11-08T18:49:42.895-0500] {logging_mixin.py:154} INFO - [2023-11-08T18:49:42.895-0500] {dag.py:3722} INFO - Setting next_dagrun for example_trigger_target_dag to None, run_after=None
[2023-11-08T18:49:42.905-0500] {processor.py:179} INFO - Processing /Users/az/anaconda3/envs/python38/lib/python3.8/site-packages/airflow/example_dags/example_trigger_target_dag.py took 0.154 seconds
[2023-11-08T18:50:43.050-0500] {processor.py:157} INFO - Started process (PID=52803) to work on /Users/az/anaconda3/envs/python38/lib/python3.8/site-packages/airflow/example_dags/example_trigger_target_dag.py
[2023-11-08T18:50:43.055-0500] {processor.py:829} INFO - Processing file /Users/az/anaconda3/envs/python38/lib/python3.8/site-packages/airflow/example_dags/example_trigger_target_dag.py for tasks to queue
[2023-11-08T18:50:43.055-0500] {logging_mixin.py:154} INFO - [2023-11-08T18:50:43.055-0500] {dagbag.py:536} INFO - Filling up the DagBag from /Users/az/anaconda3/envs/python38/lib/python3.8/site-packages/airflow/example_dags/example_trigger_target_dag.py
[2023-11-08T18:50:43.087-0500] {processor.py:839} INFO - DAG(s) dict_keys(['example_trigger_target_dag']) retrieved from /Users/az/anaconda3/envs/python38/lib/python3.8/site-packages/airflow/example_dags/example_trigger_target_dag.py
[2023-11-08T18:50:43.190-0500] {logging_mixin.py:154} INFO - [2023-11-08T18:50:43.190-0500] {dag.py:2941} INFO - Sync 1 DAGs
[2023-11-08T18:50:43.195-0500] {logging_mixin.py:154} INFO - [2023-11-08T18:50:43.195-0500] {dag.py:3722} INFO - Setting next_dagrun for example_trigger_target_dag to None, run_after=None
[2023-11-08T18:50:43.205-0500] {processor.py:179} INFO - Processing /Users/az/anaconda3/envs/python38/lib/python3.8/site-packages/airflow/example_dags/example_trigger_target_dag.py took 0.155 seconds
[2023-11-08T18:51:44.599-0500] {processor.py:157} INFO - Started process (PID=52879) to work on /Users/az/anaconda3/envs/python38/lib/python3.8/site-packages/airflow/example_dags/example_trigger_target_dag.py
[2023-11-08T18:51:44.604-0500] {processor.py:829} INFO - Processing file /Users/az/anaconda3/envs/python38/lib/python3.8/site-packages/airflow/example_dags/example_trigger_target_dag.py for tasks to queue
[2023-11-08T18:51:44.604-0500] {logging_mixin.py:154} INFO - [2023-11-08T18:51:44.604-0500] {dagbag.py:536} INFO - Filling up the DagBag from /Users/az/anaconda3/envs/python38/lib/python3.8/site-packages/airflow/example_dags/example_trigger_target_dag.py
[2023-11-08T18:51:44.637-0500] {processor.py:839} INFO - DAG(s) dict_keys(['example_trigger_target_dag']) retrieved from /Users/az/anaconda3/envs/python38/lib/python3.8/site-packages/airflow/example_dags/example_trigger_target_dag.py
[2023-11-08T18:51:44.738-0500] {logging_mixin.py:154} INFO - [2023-11-08T18:51:44.738-0500] {dag.py:2941} INFO - Sync 1 DAGs
[2023-11-08T18:51:44.744-0500] {logging_mixin.py:154} INFO - [2023-11-08T18:51:44.744-0500] {dag.py:3722} INFO - Setting next_dagrun for example_trigger_target_dag to None, run_after=None
[2023-11-08T18:51:44.754-0500] {processor.py:179} INFO - Processing /Users/az/anaconda3/envs/python38/lib/python3.8/site-packages/airflow/example_dags/example_trigger_target_dag.py took 0.155 seconds
[2023-11-08T18:52:45.359-0500] {processor.py:157} INFO - Started process (PID=52952) to work on /Users/az/anaconda3/envs/python38/lib/python3.8/site-packages/airflow/example_dags/example_trigger_target_dag.py
[2023-11-08T18:52:45.364-0500] {processor.py:829} INFO - Processing file /Users/az/anaconda3/envs/python38/lib/python3.8/site-packages/airflow/example_dags/example_trigger_target_dag.py for tasks to queue
[2023-11-08T18:52:45.364-0500] {logging_mixin.py:154} INFO - [2023-11-08T18:52:45.364-0500] {dagbag.py:536} INFO - Filling up the DagBag from /Users/az/anaconda3/envs/python38/lib/python3.8/site-packages/airflow/example_dags/example_trigger_target_dag.py
[2023-11-08T18:52:45.396-0500] {processor.py:839} INFO - DAG(s) dict_keys(['example_trigger_target_dag']) retrieved from /Users/az/anaconda3/envs/python38/lib/python3.8/site-packages/airflow/example_dags/example_trigger_target_dag.py
[2023-11-08T18:52:45.498-0500] {logging_mixin.py:154} INFO - [2023-11-08T18:52:45.498-0500] {dag.py:2941} INFO - Sync 1 DAGs
[2023-11-08T18:52:45.504-0500] {logging_mixin.py:154} INFO - [2023-11-08T18:52:45.504-0500] {dag.py:3722} INFO - Setting next_dagrun for example_trigger_target_dag to None, run_after=None
[2023-11-08T18:52:45.514-0500] {processor.py:179} INFO - Processing /Users/az/anaconda3/envs/python38/lib/python3.8/site-packages/airflow/example_dags/example_trigger_target_dag.py took 0.155 seconds
[2023-11-08T18:53:47.263-0500] {processor.py:157} INFO - Started process (PID=53028) to work on /Users/az/anaconda3/envs/python38/lib/python3.8/site-packages/airflow/example_dags/example_trigger_target_dag.py
[2023-11-08T18:53:47.268-0500] {processor.py:829} INFO - Processing file /Users/az/anaconda3/envs/python38/lib/python3.8/site-packages/airflow/example_dags/example_trigger_target_dag.py for tasks to queue
[2023-11-08T18:53:47.268-0500] {logging_mixin.py:154} INFO - [2023-11-08T18:53:47.268-0500] {dagbag.py:536} INFO - Filling up the DagBag from /Users/az/anaconda3/envs/python38/lib/python3.8/site-packages/airflow/example_dags/example_trigger_target_dag.py
[2023-11-08T18:53:47.301-0500] {processor.py:839} INFO - DAG(s) dict_keys(['example_trigger_target_dag']) retrieved from /Users/az/anaconda3/envs/python38/lib/python3.8/site-packages/airflow/example_dags/example_trigger_target_dag.py
[2023-11-08T18:53:47.402-0500] {logging_mixin.py:154} INFO - [2023-11-08T18:53:47.402-0500] {dag.py:2941} INFO - Sync 1 DAGs
[2023-11-08T18:53:47.408-0500] {logging_mixin.py:154} INFO - [2023-11-08T18:53:47.407-0500] {dag.py:3722} INFO - Setting next_dagrun for example_trigger_target_dag to None, run_after=None
[2023-11-08T18:53:47.418-0500] {processor.py:179} INFO - Processing /Users/az/anaconda3/envs/python38/lib/python3.8/site-packages/airflow/example_dags/example_trigger_target_dag.py took 0.155 seconds
[2023-11-08T18:54:48.128-0500] {processor.py:157} INFO - Started process (PID=53115) to work on /Users/az/anaconda3/envs/python38/lib/python3.8/site-packages/airflow/example_dags/example_trigger_target_dag.py
[2023-11-08T18:54:48.133-0500] {processor.py:829} INFO - Processing file /Users/az/anaconda3/envs/python38/lib/python3.8/site-packages/airflow/example_dags/example_trigger_target_dag.py for tasks to queue
[2023-11-08T18:54:48.133-0500] {logging_mixin.py:154} INFO - [2023-11-08T18:54:48.133-0500] {dagbag.py:536} INFO - Filling up the DagBag from /Users/az/anaconda3/envs/python38/lib/python3.8/site-packages/airflow/example_dags/example_trigger_target_dag.py
[2023-11-08T18:54:48.165-0500] {processor.py:839} INFO - DAG(s) dict_keys(['example_trigger_target_dag']) retrieved from /Users/az/anaconda3/envs/python38/lib/python3.8/site-packages/airflow/example_dags/example_trigger_target_dag.py
[2023-11-08T18:54:48.267-0500] {logging_mixin.py:154} INFO - [2023-11-08T18:54:48.267-0500] {dag.py:2941} INFO - Sync 1 DAGs
[2023-11-08T18:54:48.273-0500] {logging_mixin.py:154} INFO - [2023-11-08T18:54:48.273-0500] {dag.py:3722} INFO - Setting next_dagrun for example_trigger_target_dag to None, run_after=None
[2023-11-08T18:54:48.283-0500] {processor.py:179} INFO - Processing /Users/az/anaconda3/envs/python38/lib/python3.8/site-packages/airflow/example_dags/example_trigger_target_dag.py took 0.156 seconds
[2023-11-08T18:55:53.520-0500] {processor.py:157} INFO - Started process (PID=53201) to work on /Users/az/anaconda3/envs/python38/lib/python3.8/site-packages/airflow/example_dags/example_trigger_target_dag.py
[2023-11-08T18:55:53.525-0500] {processor.py:829} INFO - Processing file /Users/az/anaconda3/envs/python38/lib/python3.8/site-packages/airflow/example_dags/example_trigger_target_dag.py for tasks to queue
[2023-11-08T18:55:53.525-0500] {logging_mixin.py:154} INFO - [2023-11-08T18:55:53.525-0500] {dagbag.py:536} INFO - Filling up the DagBag from /Users/az/anaconda3/envs/python38/lib/python3.8/site-packages/airflow/example_dags/example_trigger_target_dag.py
[2023-11-08T18:55:53.557-0500] {processor.py:839} INFO - DAG(s) dict_keys(['example_trigger_target_dag']) retrieved from /Users/az/anaconda3/envs/python38/lib/python3.8/site-packages/airflow/example_dags/example_trigger_target_dag.py
[2023-11-08T18:55:53.659-0500] {logging_mixin.py:154} INFO - [2023-11-08T18:55:53.659-0500] {dag.py:2941} INFO - Sync 1 DAGs
[2023-11-08T18:55:53.665-0500] {logging_mixin.py:154} INFO - [2023-11-08T18:55:53.665-0500] {dag.py:3722} INFO - Setting next_dagrun for example_trigger_target_dag to None, run_after=None
[2023-11-08T18:55:53.675-0500] {processor.py:179} INFO - Processing /Users/az/anaconda3/envs/python38/lib/python3.8/site-packages/airflow/example_dags/example_trigger_target_dag.py took 0.155 seconds
[2023-11-08T18:56:57.058-0500] {processor.py:157} INFO - Started process (PID=53291) to work on /Users/az/anaconda3/envs/python38/lib/python3.8/site-packages/airflow/example_dags/example_trigger_target_dag.py
[2023-11-08T18:56:57.062-0500] {processor.py:829} INFO - Processing file /Users/az/anaconda3/envs/python38/lib/python3.8/site-packages/airflow/example_dags/example_trigger_target_dag.py for tasks to queue
[2023-11-08T18:56:57.063-0500] {logging_mixin.py:154} INFO - [2023-11-08T18:56:57.063-0500] {dagbag.py:536} INFO - Filling up the DagBag from /Users/az/anaconda3/envs/python38/lib/python3.8/site-packages/airflow/example_dags/example_trigger_target_dag.py
[2023-11-08T18:56:57.095-0500] {processor.py:839} INFO - DAG(s) dict_keys(['example_trigger_target_dag']) retrieved from /Users/az/anaconda3/envs/python38/lib/python3.8/site-packages/airflow/example_dags/example_trigger_target_dag.py
[2023-11-08T18:56:57.197-0500] {logging_mixin.py:154} INFO - [2023-11-08T18:56:57.197-0500] {dag.py:2941} INFO - Sync 1 DAGs
[2023-11-08T18:56:57.202-0500] {logging_mixin.py:154} INFO - [2023-11-08T18:56:57.202-0500] {dag.py:3722} INFO - Setting next_dagrun for example_trigger_target_dag to None, run_after=None
[2023-11-08T18:56:57.212-0500] {processor.py:179} INFO - Processing /Users/az/anaconda3/envs/python38/lib/python3.8/site-packages/airflow/example_dags/example_trigger_target_dag.py took 0.154 seconds
[2023-11-08T18:57:57.829-0500] {processor.py:157} INFO - Started process (PID=53369) to work on /Users/az/anaconda3/envs/python38/lib/python3.8/site-packages/airflow/example_dags/example_trigger_target_dag.py
[2023-11-08T18:57:57.834-0500] {processor.py:829} INFO - Processing file /Users/az/anaconda3/envs/python38/lib/python3.8/site-packages/airflow/example_dags/example_trigger_target_dag.py for tasks to queue
[2023-11-08T18:57:57.834-0500] {logging_mixin.py:154} INFO - [2023-11-08T18:57:57.834-0500] {dagbag.py:536} INFO - Filling up the DagBag from /Users/az/anaconda3/envs/python38/lib/python3.8/site-packages/airflow/example_dags/example_trigger_target_dag.py
[2023-11-08T18:57:57.867-0500] {processor.py:839} INFO - DAG(s) dict_keys(['example_trigger_target_dag']) retrieved from /Users/az/anaconda3/envs/python38/lib/python3.8/site-packages/airflow/example_dags/example_trigger_target_dag.py
[2023-11-08T18:57:57.971-0500] {logging_mixin.py:154} INFO - [2023-11-08T18:57:57.971-0500] {dag.py:2941} INFO - Sync 1 DAGs
[2023-11-08T18:57:57.976-0500] {logging_mixin.py:154} INFO - [2023-11-08T18:57:57.976-0500] {dag.py:3722} INFO - Setting next_dagrun for example_trigger_target_dag to None, run_after=None
[2023-11-08T18:57:57.987-0500] {processor.py:179} INFO - Processing /Users/az/anaconda3/envs/python38/lib/python3.8/site-packages/airflow/example_dags/example_trigger_target_dag.py took 0.158 seconds
[2023-11-08T18:59:02.187-0500] {processor.py:157} INFO - Started process (PID=53443) to work on /Users/az/anaconda3/envs/python38/lib/python3.8/site-packages/airflow/example_dags/example_trigger_target_dag.py
[2023-11-08T18:59:02.192-0500] {processor.py:829} INFO - Processing file /Users/az/anaconda3/envs/python38/lib/python3.8/site-packages/airflow/example_dags/example_trigger_target_dag.py for tasks to queue
[2023-11-08T18:59:02.192-0500] {logging_mixin.py:154} INFO - [2023-11-08T18:59:02.192-0500] {dagbag.py:536} INFO - Filling up the DagBag from /Users/az/anaconda3/envs/python38/lib/python3.8/site-packages/airflow/example_dags/example_trigger_target_dag.py
[2023-11-08T18:59:02.224-0500] {processor.py:839} INFO - DAG(s) dict_keys(['example_trigger_target_dag']) retrieved from /Users/az/anaconda3/envs/python38/lib/python3.8/site-packages/airflow/example_dags/example_trigger_target_dag.py
[2023-11-08T18:59:02.326-0500] {logging_mixin.py:154} INFO - [2023-11-08T18:59:02.326-0500] {dag.py:2941} INFO - Sync 1 DAGs
[2023-11-08T18:59:02.331-0500] {logging_mixin.py:154} INFO - [2023-11-08T18:59:02.331-0500] {dag.py:3722} INFO - Setting next_dagrun for example_trigger_target_dag to None, run_after=None
[2023-11-08T18:59:02.341-0500] {processor.py:179} INFO - Processing /Users/az/anaconda3/envs/python38/lib/python3.8/site-packages/airflow/example_dags/example_trigger_target_dag.py took 0.154 seconds
