[2023-11-08T17:47:19.157-0500] {processor.py:157} INFO - Started process (PID=48901) to work on /Users/az/anaconda3/envs/python38/lib/python3.8/site-packages/airflow/example_dags/example_trigger_controller_dag.py
[2023-11-08T17:47:19.161-0500] {processor.py:829} INFO - Processing file /Users/az/anaconda3/envs/python38/lib/python3.8/site-packages/airflow/example_dags/example_trigger_controller_dag.py for tasks to queue
[2023-11-08T17:47:19.161-0500] {logging_mixin.py:154} INFO - [2023-11-08T17:47:19.161-0500] {dagbag.py:536} INFO - Filling up the DagBag from /Users/az/anaconda3/envs/python38/lib/python3.8/site-packages/airflow/example_dags/example_trigger_controller_dag.py
[2023-11-08T17:47:19.177-0500] {processor.py:839} INFO - DAG(s) dict_keys(['example_trigger_controller_dag']) retrieved from /Users/az/anaconda3/envs/python38/lib/python3.8/site-packages/airflow/example_dags/example_trigger_controller_dag.py
[2023-11-08T17:47:19.526-0500] {logging_mixin.py:154} INFO - [2023-11-08T17:47:19.526-0500] {manager.py:499} INFO - Created Permission View: %s
[2023-11-08T17:47:19.532-0500] {logging_mixin.py:154} INFO - [2023-11-08T17:47:19.532-0500] {manager.py:499} INFO - Created Permission View: %s
[2023-11-08T17:47:19.535-0500] {logging_mixin.py:154} INFO - [2023-11-08T17:47:19.535-0500] {manager.py:499} INFO - Created Permission View: %s
[2023-11-08T17:47:19.535-0500] {logging_mixin.py:154} INFO - [2023-11-08T17:47:19.535-0500] {dag.py:2941} INFO - Sync 1 DAGs
[2023-11-08T17:47:19.540-0500] {logging_mixin.py:154} INFO - [2023-11-08T17:47:19.540-0500] {dag.py:2963} INFO - Creating ORM DAG for example_trigger_controller_dag
[2023-11-08T17:47:19.544-0500] {logging_mixin.py:154} INFO - [2023-11-08T17:47:19.544-0500] {dag.py:3722} INFO - Setting next_dagrun for example_trigger_controller_dag to 2021-01-01T00:00:00+00:00, run_after=2021-01-01T00:00:00+00:00
[2023-11-08T17:47:19.554-0500] {processor.py:179} INFO - Processing /Users/az/anaconda3/envs/python38/lib/python3.8/site-packages/airflow/example_dags/example_trigger_controller_dag.py took 0.397 seconds
[2023-11-08T17:48:55.630-0500] {processor.py:157} INFO - Started process (PID=49028) to work on /Users/az/anaconda3/envs/python38/lib/python3.8/site-packages/airflow/example_dags/example_trigger_controller_dag.py
[2023-11-08T17:48:55.635-0500] {processor.py:829} INFO - Processing file /Users/az/anaconda3/envs/python38/lib/python3.8/site-packages/airflow/example_dags/example_trigger_controller_dag.py for tasks to queue
[2023-11-08T17:48:55.635-0500] {logging_mixin.py:154} INFO - [2023-11-08T17:48:55.635-0500] {dagbag.py:536} INFO - Filling up the DagBag from /Users/az/anaconda3/envs/python38/lib/python3.8/site-packages/airflow/example_dags/example_trigger_controller_dag.py
[2023-11-08T17:48:55.652-0500] {processor.py:839} INFO - DAG(s) dict_keys(['example_trigger_controller_dag']) retrieved from /Users/az/anaconda3/envs/python38/lib/python3.8/site-packages/airflow/example_dags/example_trigger_controller_dag.py
[2023-11-08T17:48:55.758-0500] {logging_mixin.py:154} INFO - [2023-11-08T17:48:55.758-0500] {dag.py:2941} INFO - Sync 1 DAGs
[2023-11-08T17:48:55.767-0500] {logging_mixin.py:154} INFO - [2023-11-08T17:48:55.766-0500] {dag.py:3722} INFO - Setting next_dagrun for example_trigger_controller_dag to 2021-01-01T00:00:00+00:00, run_after=2021-01-01T00:00:00+00:00
[2023-11-08T17:48:55.777-0500] {processor.py:179} INFO - Processing /Users/az/anaconda3/envs/python38/lib/python3.8/site-packages/airflow/example_dags/example_trigger_controller_dag.py took 0.147 seconds
[2023-11-08T17:49:57.888-0500] {processor.py:157} INFO - Started process (PID=49122) to work on /Users/az/anaconda3/envs/python38/lib/python3.8/site-packages/airflow/example_dags/example_trigger_controller_dag.py
[2023-11-08T17:49:57.893-0500] {processor.py:829} INFO - Processing file /Users/az/anaconda3/envs/python38/lib/python3.8/site-packages/airflow/example_dags/example_trigger_controller_dag.py for tasks to queue
[2023-11-08T17:49:57.893-0500] {logging_mixin.py:154} INFO - [2023-11-08T17:49:57.893-0500] {dagbag.py:536} INFO - Filling up the DagBag from /Users/az/anaconda3/envs/python38/lib/python3.8/site-packages/airflow/example_dags/example_trigger_controller_dag.py
[2023-11-08T17:49:57.909-0500] {processor.py:839} INFO - DAG(s) dict_keys(['example_trigger_controller_dag']) retrieved from /Users/az/anaconda3/envs/python38/lib/python3.8/site-packages/airflow/example_dags/example_trigger_controller_dag.py
[2023-11-08T17:49:58.014-0500] {logging_mixin.py:154} INFO - [2023-11-08T17:49:58.014-0500] {dag.py:2941} INFO - Sync 1 DAGs
[2023-11-08T17:49:58.023-0500] {logging_mixin.py:154} INFO - [2023-11-08T17:49:58.023-0500] {dag.py:3722} INFO - Setting next_dagrun for example_trigger_controller_dag to 2021-01-01T00:00:00+00:00, run_after=2021-01-01T00:00:00+00:00
[2023-11-08T17:49:58.033-0500] {processor.py:179} INFO - Processing /Users/az/anaconda3/envs/python38/lib/python3.8/site-packages/airflow/example_dags/example_trigger_controller_dag.py took 0.145 seconds
[2023-11-08T17:50:58.814-0500] {processor.py:157} INFO - Started process (PID=49235) to work on /Users/az/anaconda3/envs/python38/lib/python3.8/site-packages/airflow/example_dags/example_trigger_controller_dag.py
[2023-11-08T17:50:58.818-0500] {processor.py:829} INFO - Processing file /Users/az/anaconda3/envs/python38/lib/python3.8/site-packages/airflow/example_dags/example_trigger_controller_dag.py for tasks to queue
[2023-11-08T17:50:58.818-0500] {logging_mixin.py:154} INFO - [2023-11-08T17:50:58.818-0500] {dagbag.py:536} INFO - Filling up the DagBag from /Users/az/anaconda3/envs/python38/lib/python3.8/site-packages/airflow/example_dags/example_trigger_controller_dag.py
[2023-11-08T17:50:58.834-0500] {processor.py:839} INFO - DAG(s) dict_keys(['example_trigger_controller_dag']) retrieved from /Users/az/anaconda3/envs/python38/lib/python3.8/site-packages/airflow/example_dags/example_trigger_controller_dag.py
[2023-11-08T17:50:58.943-0500] {logging_mixin.py:154} INFO - [2023-11-08T17:50:58.943-0500] {dag.py:2941} INFO - Sync 1 DAGs
[2023-11-08T17:50:58.952-0500] {logging_mixin.py:154} INFO - [2023-11-08T17:50:58.952-0500] {dag.py:3722} INFO - Setting next_dagrun for example_trigger_controller_dag to 2021-01-01T00:00:00+00:00, run_after=2021-01-01T00:00:00+00:00
[2023-11-08T17:50:58.962-0500] {processor.py:179} INFO - Processing /Users/az/anaconda3/envs/python38/lib/python3.8/site-packages/airflow/example_dags/example_trigger_controller_dag.py took 0.149 seconds
[2023-11-08T17:51:57.840-0500] {processor.py:157} INFO - Started process (PID=49316) to work on /Users/az/anaconda3/envs/python38/lib/python3.8/site-packages/airflow/example_dags/example_trigger_controller_dag.py
[2023-11-08T17:51:57.845-0500] {processor.py:829} INFO - Processing file /Users/az/anaconda3/envs/python38/lib/python3.8/site-packages/airflow/example_dags/example_trigger_controller_dag.py for tasks to queue
[2023-11-08T17:51:57.845-0500] {logging_mixin.py:154} INFO - [2023-11-08T17:51:57.845-0500] {dagbag.py:536} INFO - Filling up the DagBag from /Users/az/anaconda3/envs/python38/lib/python3.8/site-packages/airflow/example_dags/example_trigger_controller_dag.py
[2023-11-08T17:51:57.861-0500] {processor.py:839} INFO - DAG(s) dict_keys(['example_trigger_controller_dag']) retrieved from /Users/az/anaconda3/envs/python38/lib/python3.8/site-packages/airflow/example_dags/example_trigger_controller_dag.py
[2023-11-08T17:51:57.976-0500] {logging_mixin.py:154} INFO - [2023-11-08T17:51:57.976-0500] {dag.py:2941} INFO - Sync 1 DAGs
[2023-11-08T17:51:57.987-0500] {logging_mixin.py:154} INFO - [2023-11-08T17:51:57.987-0500] {dag.py:3722} INFO - Setting next_dagrun for example_trigger_controller_dag to 2021-01-01T00:00:00+00:00, run_after=2021-01-01T00:00:00+00:00
[2023-11-08T17:51:57.999-0500] {processor.py:179} INFO - Processing /Users/az/anaconda3/envs/python38/lib/python3.8/site-packages/airflow/example_dags/example_trigger_controller_dag.py took 0.159 seconds
[2023-11-08T17:52:54.186-0500] {processor.py:157} INFO - Started process (PID=49386) to work on /Users/az/anaconda3/envs/python38/lib/python3.8/site-packages/airflow/example_dags/example_trigger_controller_dag.py
[2023-11-08T17:52:54.190-0500] {processor.py:829} INFO - Processing file /Users/az/anaconda3/envs/python38/lib/python3.8/site-packages/airflow/example_dags/example_trigger_controller_dag.py for tasks to queue
[2023-11-08T17:52:54.190-0500] {logging_mixin.py:154} INFO - [2023-11-08T17:52:54.190-0500] {dagbag.py:536} INFO - Filling up the DagBag from /Users/az/anaconda3/envs/python38/lib/python3.8/site-packages/airflow/example_dags/example_trigger_controller_dag.py
[2023-11-08T17:52:54.205-0500] {processor.py:839} INFO - DAG(s) dict_keys(['example_trigger_controller_dag']) retrieved from /Users/az/anaconda3/envs/python38/lib/python3.8/site-packages/airflow/example_dags/example_trigger_controller_dag.py
[2023-11-08T17:52:54.309-0500] {logging_mixin.py:154} INFO - [2023-11-08T17:52:54.309-0500] {dag.py:2941} INFO - Sync 1 DAGs
[2023-11-08T17:52:54.318-0500] {logging_mixin.py:154} INFO - [2023-11-08T17:52:54.318-0500] {dag.py:3722} INFO - Setting next_dagrun for example_trigger_controller_dag to 2021-01-01T00:00:00+00:00, run_after=2021-01-01T00:00:00+00:00
[2023-11-08T17:52:54.328-0500] {processor.py:179} INFO - Processing /Users/az/anaconda3/envs/python38/lib/python3.8/site-packages/airflow/example_dags/example_trigger_controller_dag.py took 0.142 seconds
[2023-11-08T17:53:50.186-0500] {processor.py:157} INFO - Started process (PID=49458) to work on /Users/az/anaconda3/envs/python38/lib/python3.8/site-packages/airflow/example_dags/example_trigger_controller_dag.py
[2023-11-08T17:53:50.190-0500] {processor.py:829} INFO - Processing file /Users/az/anaconda3/envs/python38/lib/python3.8/site-packages/airflow/example_dags/example_trigger_controller_dag.py for tasks to queue
[2023-11-08T17:53:50.191-0500] {logging_mixin.py:154} INFO - [2023-11-08T17:53:50.191-0500] {dagbag.py:536} INFO - Filling up the DagBag from /Users/az/anaconda3/envs/python38/lib/python3.8/site-packages/airflow/example_dags/example_trigger_controller_dag.py
[2023-11-08T17:53:50.206-0500] {processor.py:839} INFO - DAG(s) dict_keys(['example_trigger_controller_dag']) retrieved from /Users/az/anaconda3/envs/python38/lib/python3.8/site-packages/airflow/example_dags/example_trigger_controller_dag.py
[2023-11-08T17:53:50.312-0500] {logging_mixin.py:154} INFO - [2023-11-08T17:53:50.311-0500] {dag.py:2941} INFO - Sync 1 DAGs
[2023-11-08T17:53:50.321-0500] {logging_mixin.py:154} INFO - [2023-11-08T17:53:50.320-0500] {dag.py:3722} INFO - Setting next_dagrun for example_trigger_controller_dag to 2021-01-01T00:00:00+00:00, run_after=2021-01-01T00:00:00+00:00
[2023-11-08T17:53:50.331-0500] {processor.py:179} INFO - Processing /Users/az/anaconda3/envs/python38/lib/python3.8/site-packages/airflow/example_dags/example_trigger_controller_dag.py took 0.145 seconds
[2023-11-08T17:54:47.936-0500] {processor.py:157} INFO - Started process (PID=49530) to work on /Users/az/anaconda3/envs/python38/lib/python3.8/site-packages/airflow/example_dags/example_trigger_controller_dag.py
[2023-11-08T17:54:47.941-0500] {processor.py:829} INFO - Processing file /Users/az/anaconda3/envs/python38/lib/python3.8/site-packages/airflow/example_dags/example_trigger_controller_dag.py for tasks to queue
[2023-11-08T17:54:47.941-0500] {logging_mixin.py:154} INFO - [2023-11-08T17:54:47.941-0500] {dagbag.py:536} INFO - Filling up the DagBag from /Users/az/anaconda3/envs/python38/lib/python3.8/site-packages/airflow/example_dags/example_trigger_controller_dag.py
[2023-11-08T17:54:47.957-0500] {processor.py:839} INFO - DAG(s) dict_keys(['example_trigger_controller_dag']) retrieved from /Users/az/anaconda3/envs/python38/lib/python3.8/site-packages/airflow/example_dags/example_trigger_controller_dag.py
[2023-11-08T17:54:48.062-0500] {logging_mixin.py:154} INFO - [2023-11-08T17:54:48.062-0500] {dag.py:2941} INFO - Sync 1 DAGs
[2023-11-08T17:54:48.071-0500] {logging_mixin.py:154} INFO - [2023-11-08T17:54:48.071-0500] {dag.py:3722} INFO - Setting next_dagrun for example_trigger_controller_dag to 2021-01-01T00:00:00+00:00, run_after=2021-01-01T00:00:00+00:00
[2023-11-08T17:54:48.081-0500] {processor.py:179} INFO - Processing /Users/az/anaconda3/envs/python38/lib/python3.8/site-packages/airflow/example_dags/example_trigger_controller_dag.py took 0.145 seconds
[2023-11-08T17:55:48.264-0500] {processor.py:157} INFO - Started process (PID=49602) to work on /Users/az/anaconda3/envs/python38/lib/python3.8/site-packages/airflow/example_dags/example_trigger_controller_dag.py
[2023-11-08T17:55:48.269-0500] {processor.py:829} INFO - Processing file /Users/az/anaconda3/envs/python38/lib/python3.8/site-packages/airflow/example_dags/example_trigger_controller_dag.py for tasks to queue
[2023-11-08T17:55:48.269-0500] {logging_mixin.py:154} INFO - [2023-11-08T17:55:48.269-0500] {dagbag.py:536} INFO - Filling up the DagBag from /Users/az/anaconda3/envs/python38/lib/python3.8/site-packages/airflow/example_dags/example_trigger_controller_dag.py
[2023-11-08T17:55:48.285-0500] {processor.py:839} INFO - DAG(s) dict_keys(['example_trigger_controller_dag']) retrieved from /Users/az/anaconda3/envs/python38/lib/python3.8/site-packages/airflow/example_dags/example_trigger_controller_dag.py
[2023-11-08T17:55:48.390-0500] {logging_mixin.py:154} INFO - [2023-11-08T17:55:48.389-0500] {dag.py:2941} INFO - Sync 1 DAGs
[2023-11-08T17:55:48.398-0500] {logging_mixin.py:154} INFO - [2023-11-08T17:55:48.398-0500] {dag.py:3722} INFO - Setting next_dagrun for example_trigger_controller_dag to 2021-01-01T00:00:00+00:00, run_after=2021-01-01T00:00:00+00:00
[2023-11-08T17:55:48.408-0500] {processor.py:179} INFO - Processing /Users/az/anaconda3/envs/python38/lib/python3.8/site-packages/airflow/example_dags/example_trigger_controller_dag.py took 0.144 seconds
[2023-11-08T17:56:47.872-0500] {processor.py:157} INFO - Started process (PID=49676) to work on /Users/az/anaconda3/envs/python38/lib/python3.8/site-packages/airflow/example_dags/example_trigger_controller_dag.py
[2023-11-08T17:56:47.876-0500] {processor.py:829} INFO - Processing file /Users/az/anaconda3/envs/python38/lib/python3.8/site-packages/airflow/example_dags/example_trigger_controller_dag.py for tasks to queue
[2023-11-08T17:56:47.876-0500] {logging_mixin.py:154} INFO - [2023-11-08T17:56:47.876-0500] {dagbag.py:536} INFO - Filling up the DagBag from /Users/az/anaconda3/envs/python38/lib/python3.8/site-packages/airflow/example_dags/example_trigger_controller_dag.py
[2023-11-08T17:56:47.892-0500] {processor.py:839} INFO - DAG(s) dict_keys(['example_trigger_controller_dag']) retrieved from /Users/az/anaconda3/envs/python38/lib/python3.8/site-packages/airflow/example_dags/example_trigger_controller_dag.py
[2023-11-08T17:56:48.001-0500] {logging_mixin.py:154} INFO - [2023-11-08T17:56:48.001-0500] {dag.py:2941} INFO - Sync 1 DAGs
[2023-11-08T17:56:48.010-0500] {logging_mixin.py:154} INFO - [2023-11-08T17:56:48.010-0500] {dag.py:3722} INFO - Setting next_dagrun for example_trigger_controller_dag to 2021-01-01T00:00:00+00:00, run_after=2021-01-01T00:00:00+00:00
[2023-11-08T17:56:48.020-0500] {processor.py:179} INFO - Processing /Users/az/anaconda3/envs/python38/lib/python3.8/site-packages/airflow/example_dags/example_trigger_controller_dag.py took 0.148 seconds
[2023-11-08T17:57:49.564-0500] {processor.py:157} INFO - Started process (PID=49761) to work on /Users/az/anaconda3/envs/python38/lib/python3.8/site-packages/airflow/example_dags/example_trigger_controller_dag.py
[2023-11-08T17:57:49.568-0500] {processor.py:829} INFO - Processing file /Users/az/anaconda3/envs/python38/lib/python3.8/site-packages/airflow/example_dags/example_trigger_controller_dag.py for tasks to queue
[2023-11-08T17:57:49.569-0500] {logging_mixin.py:154} INFO - [2023-11-08T17:57:49.569-0500] {dagbag.py:536} INFO - Filling up the DagBag from /Users/az/anaconda3/envs/python38/lib/python3.8/site-packages/airflow/example_dags/example_trigger_controller_dag.py
[2023-11-08T17:57:49.586-0500] {processor.py:839} INFO - DAG(s) dict_keys(['example_trigger_controller_dag']) retrieved from /Users/az/anaconda3/envs/python38/lib/python3.8/site-packages/airflow/example_dags/example_trigger_controller_dag.py
[2023-11-08T17:57:49.697-0500] {logging_mixin.py:154} INFO - [2023-11-08T17:57:49.697-0500] {dag.py:2941} INFO - Sync 1 DAGs
[2023-11-08T17:57:49.707-0500] {logging_mixin.py:154} INFO - [2023-11-08T17:57:49.707-0500] {dag.py:3722} INFO - Setting next_dagrun for example_trigger_controller_dag to 2021-01-01T00:00:00+00:00, run_after=2021-01-01T00:00:00+00:00
[2023-11-08T17:57:49.718-0500] {processor.py:179} INFO - Processing /Users/az/anaconda3/envs/python38/lib/python3.8/site-packages/airflow/example_dags/example_trigger_controller_dag.py took 0.154 seconds
[2023-11-08T17:58:50.351-0500] {processor.py:157} INFO - Started process (PID=49847) to work on /Users/az/anaconda3/envs/python38/lib/python3.8/site-packages/airflow/example_dags/example_trigger_controller_dag.py
[2023-11-08T17:58:50.356-0500] {processor.py:829} INFO - Processing file /Users/az/anaconda3/envs/python38/lib/python3.8/site-packages/airflow/example_dags/example_trigger_controller_dag.py for tasks to queue
[2023-11-08T17:58:50.356-0500] {logging_mixin.py:154} INFO - [2023-11-08T17:58:50.356-0500] {dagbag.py:536} INFO - Filling up the DagBag from /Users/az/anaconda3/envs/python38/lib/python3.8/site-packages/airflow/example_dags/example_trigger_controller_dag.py
[2023-11-08T17:58:50.372-0500] {processor.py:839} INFO - DAG(s) dict_keys(['example_trigger_controller_dag']) retrieved from /Users/az/anaconda3/envs/python38/lib/python3.8/site-packages/airflow/example_dags/example_trigger_controller_dag.py
[2023-11-08T17:58:50.477-0500] {logging_mixin.py:154} INFO - [2023-11-08T17:58:50.476-0500] {dag.py:2941} INFO - Sync 1 DAGs
[2023-11-08T17:58:50.486-0500] {logging_mixin.py:154} INFO - [2023-11-08T17:58:50.485-0500] {dag.py:3722} INFO - Setting next_dagrun for example_trigger_controller_dag to 2021-01-01T00:00:00+00:00, run_after=2021-01-01T00:00:00+00:00
[2023-11-08T17:58:50.495-0500] {processor.py:179} INFO - Processing /Users/az/anaconda3/envs/python38/lib/python3.8/site-packages/airflow/example_dags/example_trigger_controller_dag.py took 0.145 seconds
[2023-11-08T17:59:50.759-0500] {processor.py:157} INFO - Started process (PID=49921) to work on /Users/az/anaconda3/envs/python38/lib/python3.8/site-packages/airflow/example_dags/example_trigger_controller_dag.py
[2023-11-08T17:59:50.763-0500] {processor.py:829} INFO - Processing file /Users/az/anaconda3/envs/python38/lib/python3.8/site-packages/airflow/example_dags/example_trigger_controller_dag.py for tasks to queue
[2023-11-08T17:59:50.764-0500] {logging_mixin.py:154} INFO - [2023-11-08T17:59:50.763-0500] {dagbag.py:536} INFO - Filling up the DagBag from /Users/az/anaconda3/envs/python38/lib/python3.8/site-packages/airflow/example_dags/example_trigger_controller_dag.py
[2023-11-08T17:59:50.779-0500] {processor.py:839} INFO - DAG(s) dict_keys(['example_trigger_controller_dag']) retrieved from /Users/az/anaconda3/envs/python38/lib/python3.8/site-packages/airflow/example_dags/example_trigger_controller_dag.py
[2023-11-08T17:59:50.885-0500] {logging_mixin.py:154} INFO - [2023-11-08T17:59:50.884-0500] {dag.py:2941} INFO - Sync 1 DAGs
[2023-11-08T17:59:50.894-0500] {logging_mixin.py:154} INFO - [2023-11-08T17:59:50.894-0500] {dag.py:3722} INFO - Setting next_dagrun for example_trigger_controller_dag to 2021-01-01T00:00:00+00:00, run_after=2021-01-01T00:00:00+00:00
[2023-11-08T17:59:50.905-0500] {processor.py:179} INFO - Processing /Users/az/anaconda3/envs/python38/lib/python3.8/site-packages/airflow/example_dags/example_trigger_controller_dag.py took 0.146 seconds
[2023-11-08T18:00:51.816-0500] {processor.py:157} INFO - Started process (PID=49999) to work on /Users/az/anaconda3/envs/python38/lib/python3.8/site-packages/airflow/example_dags/example_trigger_controller_dag.py
[2023-11-08T18:00:51.821-0500] {processor.py:829} INFO - Processing file /Users/az/anaconda3/envs/python38/lib/python3.8/site-packages/airflow/example_dags/example_trigger_controller_dag.py for tasks to queue
[2023-11-08T18:00:51.821-0500] {logging_mixin.py:154} INFO - [2023-11-08T18:00:51.821-0500] {dagbag.py:536} INFO - Filling up the DagBag from /Users/az/anaconda3/envs/python38/lib/python3.8/site-packages/airflow/example_dags/example_trigger_controller_dag.py
[2023-11-08T18:00:51.837-0500] {processor.py:839} INFO - DAG(s) dict_keys(['example_trigger_controller_dag']) retrieved from /Users/az/anaconda3/envs/python38/lib/python3.8/site-packages/airflow/example_dags/example_trigger_controller_dag.py
[2023-11-08T18:00:51.942-0500] {logging_mixin.py:154} INFO - [2023-11-08T18:00:51.942-0500] {dag.py:2941} INFO - Sync 1 DAGs
[2023-11-08T18:00:51.951-0500] {logging_mixin.py:154} INFO - [2023-11-08T18:00:51.951-0500] {dag.py:3722} INFO - Setting next_dagrun for example_trigger_controller_dag to 2021-01-01T00:00:00+00:00, run_after=2021-01-01T00:00:00+00:00
[2023-11-08T18:00:51.961-0500] {processor.py:179} INFO - Processing /Users/az/anaconda3/envs/python38/lib/python3.8/site-packages/airflow/example_dags/example_trigger_controller_dag.py took 0.145 seconds
[2023-11-08T18:01:50.695-0500] {processor.py:157} INFO - Started process (PID=50099) to work on /Users/az/anaconda3/envs/python38/lib/python3.8/site-packages/airflow/example_dags/example_trigger_controller_dag.py
[2023-11-08T18:01:50.700-0500] {processor.py:829} INFO - Processing file /Users/az/anaconda3/envs/python38/lib/python3.8/site-packages/airflow/example_dags/example_trigger_controller_dag.py for tasks to queue
[2023-11-08T18:01:50.700-0500] {logging_mixin.py:154} INFO - [2023-11-08T18:01:50.700-0500] {dagbag.py:536} INFO - Filling up the DagBag from /Users/az/anaconda3/envs/python38/lib/python3.8/site-packages/airflow/example_dags/example_trigger_controller_dag.py
[2023-11-08T18:01:50.716-0500] {processor.py:839} INFO - DAG(s) dict_keys(['example_trigger_controller_dag']) retrieved from /Users/az/anaconda3/envs/python38/lib/python3.8/site-packages/airflow/example_dags/example_trigger_controller_dag.py
[2023-11-08T18:01:50.820-0500] {logging_mixin.py:154} INFO - [2023-11-08T18:01:50.820-0500] {dag.py:2941} INFO - Sync 1 DAGs
[2023-11-08T18:01:50.829-0500] {logging_mixin.py:154} INFO - [2023-11-08T18:01:50.829-0500] {dag.py:3722} INFO - Setting next_dagrun for example_trigger_controller_dag to 2021-01-01T00:00:00+00:00, run_after=2021-01-01T00:00:00+00:00
[2023-11-08T18:01:50.839-0500] {processor.py:179} INFO - Processing /Users/az/anaconda3/envs/python38/lib/python3.8/site-packages/airflow/example_dags/example_trigger_controller_dag.py took 0.144 seconds
[2023-11-08T18:02:48.993-0500] {processor.py:157} INFO - Started process (PID=50202) to work on /Users/az/anaconda3/envs/python38/lib/python3.8/site-packages/airflow/example_dags/example_trigger_controller_dag.py
[2023-11-08T18:02:48.997-0500] {processor.py:829} INFO - Processing file /Users/az/anaconda3/envs/python38/lib/python3.8/site-packages/airflow/example_dags/example_trigger_controller_dag.py for tasks to queue
[2023-11-08T18:02:48.997-0500] {logging_mixin.py:154} INFO - [2023-11-08T18:02:48.997-0500] {dagbag.py:536} INFO - Filling up the DagBag from /Users/az/anaconda3/envs/python38/lib/python3.8/site-packages/airflow/example_dags/example_trigger_controller_dag.py
[2023-11-08T18:02:49.013-0500] {processor.py:839} INFO - DAG(s) dict_keys(['example_trigger_controller_dag']) retrieved from /Users/az/anaconda3/envs/python38/lib/python3.8/site-packages/airflow/example_dags/example_trigger_controller_dag.py
[2023-11-08T18:02:49.117-0500] {logging_mixin.py:154} INFO - [2023-11-08T18:02:49.117-0500] {dag.py:2941} INFO - Sync 1 DAGs
[2023-11-08T18:02:49.126-0500] {logging_mixin.py:154} INFO - [2023-11-08T18:02:49.126-0500] {dag.py:3722} INFO - Setting next_dagrun for example_trigger_controller_dag to 2021-01-01T00:00:00+00:00, run_after=2021-01-01T00:00:00+00:00
[2023-11-08T18:02:49.136-0500] {processor.py:179} INFO - Processing /Users/az/anaconda3/envs/python38/lib/python3.8/site-packages/airflow/example_dags/example_trigger_controller_dag.py took 0.143 seconds
[2023-11-08T18:03:47.601-0500] {processor.py:157} INFO - Started process (PID=50418) to work on /Users/az/anaconda3/envs/python38/lib/python3.8/site-packages/airflow/example_dags/example_trigger_controller_dag.py
[2023-11-08T18:03:47.606-0500] {processor.py:829} INFO - Processing file /Users/az/anaconda3/envs/python38/lib/python3.8/site-packages/airflow/example_dags/example_trigger_controller_dag.py for tasks to queue
[2023-11-08T18:03:47.606-0500] {logging_mixin.py:154} INFO - [2023-11-08T18:03:47.606-0500] {dagbag.py:536} INFO - Filling up the DagBag from /Users/az/anaconda3/envs/python38/lib/python3.8/site-packages/airflow/example_dags/example_trigger_controller_dag.py
[2023-11-08T18:03:47.622-0500] {processor.py:839} INFO - DAG(s) dict_keys(['example_trigger_controller_dag']) retrieved from /Users/az/anaconda3/envs/python38/lib/python3.8/site-packages/airflow/example_dags/example_trigger_controller_dag.py
[2023-11-08T18:03:47.726-0500] {logging_mixin.py:154} INFO - [2023-11-08T18:03:47.726-0500] {dag.py:2941} INFO - Sync 1 DAGs
[2023-11-08T18:03:47.735-0500] {logging_mixin.py:154} INFO - [2023-11-08T18:03:47.735-0500] {dag.py:3722} INFO - Setting next_dagrun for example_trigger_controller_dag to 2021-01-01T00:00:00+00:00, run_after=2021-01-01T00:00:00+00:00
[2023-11-08T18:03:47.745-0500] {processor.py:179} INFO - Processing /Users/az/anaconda3/envs/python38/lib/python3.8/site-packages/airflow/example_dags/example_trigger_controller_dag.py took 0.144 seconds
[2023-11-08T18:04:45.637-0500] {processor.py:157} INFO - Started process (PID=50492) to work on /Users/az/anaconda3/envs/python38/lib/python3.8/site-packages/airflow/example_dags/example_trigger_controller_dag.py
[2023-11-08T18:04:45.642-0500] {processor.py:829} INFO - Processing file /Users/az/anaconda3/envs/python38/lib/python3.8/site-packages/airflow/example_dags/example_trigger_controller_dag.py for tasks to queue
[2023-11-08T18:04:45.642-0500] {logging_mixin.py:154} INFO - [2023-11-08T18:04:45.642-0500] {dagbag.py:536} INFO - Filling up the DagBag from /Users/az/anaconda3/envs/python38/lib/python3.8/site-packages/airflow/example_dags/example_trigger_controller_dag.py
[2023-11-08T18:04:45.657-0500] {processor.py:839} INFO - DAG(s) dict_keys(['example_trigger_controller_dag']) retrieved from /Users/az/anaconda3/envs/python38/lib/python3.8/site-packages/airflow/example_dags/example_trigger_controller_dag.py
[2023-11-08T18:04:45.763-0500] {logging_mixin.py:154} INFO - [2023-11-08T18:04:45.762-0500] {dag.py:2941} INFO - Sync 1 DAGs
[2023-11-08T18:04:45.771-0500] {logging_mixin.py:154} INFO - [2023-11-08T18:04:45.771-0500] {dag.py:3722} INFO - Setting next_dagrun for example_trigger_controller_dag to 2021-01-01T00:00:00+00:00, run_after=2021-01-01T00:00:00+00:00
[2023-11-08T18:04:45.781-0500] {processor.py:179} INFO - Processing /Users/az/anaconda3/envs/python38/lib/python3.8/site-packages/airflow/example_dags/example_trigger_controller_dag.py took 0.145 seconds
[2023-11-08T18:05:43.974-0500] {processor.py:157} INFO - Started process (PID=50566) to work on /Users/az/anaconda3/envs/python38/lib/python3.8/site-packages/airflow/example_dags/example_trigger_controller_dag.py
[2023-11-08T18:05:43.979-0500] {processor.py:829} INFO - Processing file /Users/az/anaconda3/envs/python38/lib/python3.8/site-packages/airflow/example_dags/example_trigger_controller_dag.py for tasks to queue
[2023-11-08T18:05:43.979-0500] {logging_mixin.py:154} INFO - [2023-11-08T18:05:43.979-0500] {dagbag.py:536} INFO - Filling up the DagBag from /Users/az/anaconda3/envs/python38/lib/python3.8/site-packages/airflow/example_dags/example_trigger_controller_dag.py
[2023-11-08T18:05:43.995-0500] {processor.py:839} INFO - DAG(s) dict_keys(['example_trigger_controller_dag']) retrieved from /Users/az/anaconda3/envs/python38/lib/python3.8/site-packages/airflow/example_dags/example_trigger_controller_dag.py
[2023-11-08T18:05:44.099-0500] {logging_mixin.py:154} INFO - [2023-11-08T18:05:44.099-0500] {dag.py:2941} INFO - Sync 1 DAGs
[2023-11-08T18:05:44.108-0500] {logging_mixin.py:154} INFO - [2023-11-08T18:05:44.108-0500] {dag.py:3722} INFO - Setting next_dagrun for example_trigger_controller_dag to 2021-01-01T00:00:00+00:00, run_after=2021-01-01T00:00:00+00:00
[2023-11-08T18:05:44.118-0500] {processor.py:179} INFO - Processing /Users/az/anaconda3/envs/python38/lib/python3.8/site-packages/airflow/example_dags/example_trigger_controller_dag.py took 0.144 seconds
[2023-11-08T18:06:42.115-0500] {processor.py:157} INFO - Started process (PID=50643) to work on /Users/az/anaconda3/envs/python38/lib/python3.8/site-packages/airflow/example_dags/example_trigger_controller_dag.py
[2023-11-08T18:06:42.119-0500] {processor.py:829} INFO - Processing file /Users/az/anaconda3/envs/python38/lib/python3.8/site-packages/airflow/example_dags/example_trigger_controller_dag.py for tasks to queue
[2023-11-08T18:06:42.120-0500] {logging_mixin.py:154} INFO - [2023-11-08T18:06:42.120-0500] {dagbag.py:536} INFO - Filling up the DagBag from /Users/az/anaconda3/envs/python38/lib/python3.8/site-packages/airflow/example_dags/example_trigger_controller_dag.py
[2023-11-08T18:06:42.135-0500] {processor.py:839} INFO - DAG(s) dict_keys(['example_trigger_controller_dag']) retrieved from /Users/az/anaconda3/envs/python38/lib/python3.8/site-packages/airflow/example_dags/example_trigger_controller_dag.py
[2023-11-08T18:06:42.241-0500] {logging_mixin.py:154} INFO - [2023-11-08T18:06:42.240-0500] {dag.py:2941} INFO - Sync 1 DAGs
[2023-11-08T18:06:42.250-0500] {logging_mixin.py:154} INFO - [2023-11-08T18:06:42.249-0500] {dag.py:3722} INFO - Setting next_dagrun for example_trigger_controller_dag to 2021-01-01T00:00:00+00:00, run_after=2021-01-01T00:00:00+00:00
[2023-11-08T18:06:42.259-0500] {processor.py:179} INFO - Processing /Users/az/anaconda3/envs/python38/lib/python3.8/site-packages/airflow/example_dags/example_trigger_controller_dag.py took 0.145 seconds
[2023-11-08T18:07:39.220-0500] {processor.py:157} INFO - Started process (PID=50730) to work on /Users/az/anaconda3/envs/python38/lib/python3.8/site-packages/airflow/example_dags/example_trigger_controller_dag.py
[2023-11-08T18:07:39.224-0500] {processor.py:829} INFO - Processing file /Users/az/anaconda3/envs/python38/lib/python3.8/site-packages/airflow/example_dags/example_trigger_controller_dag.py for tasks to queue
[2023-11-08T18:07:39.225-0500] {logging_mixin.py:154} INFO - [2023-11-08T18:07:39.225-0500] {dagbag.py:536} INFO - Filling up the DagBag from /Users/az/anaconda3/envs/python38/lib/python3.8/site-packages/airflow/example_dags/example_trigger_controller_dag.py
[2023-11-08T18:07:39.240-0500] {processor.py:839} INFO - DAG(s) dict_keys(['example_trigger_controller_dag']) retrieved from /Users/az/anaconda3/envs/python38/lib/python3.8/site-packages/airflow/example_dags/example_trigger_controller_dag.py
[2023-11-08T18:07:39.343-0500] {logging_mixin.py:154} INFO - [2023-11-08T18:07:39.343-0500] {dag.py:2941} INFO - Sync 1 DAGs
[2023-11-08T18:07:39.352-0500] {logging_mixin.py:154} INFO - [2023-11-08T18:07:39.352-0500] {dag.py:3722} INFO - Setting next_dagrun for example_trigger_controller_dag to 2021-01-01T00:00:00+00:00, run_after=2021-01-01T00:00:00+00:00
[2023-11-08T18:07:39.361-0500] {processor.py:179} INFO - Processing /Users/az/anaconda3/envs/python38/lib/python3.8/site-packages/airflow/example_dags/example_trigger_controller_dag.py took 0.142 seconds
[2023-11-08T18:08:37.129-0500] {processor.py:157} INFO - Started process (PID=50817) to work on /Users/az/anaconda3/envs/python38/lib/python3.8/site-packages/airflow/example_dags/example_trigger_controller_dag.py
[2023-11-08T18:08:37.134-0500] {processor.py:829} INFO - Processing file /Users/az/anaconda3/envs/python38/lib/python3.8/site-packages/airflow/example_dags/example_trigger_controller_dag.py for tasks to queue
[2023-11-08T18:08:37.134-0500] {logging_mixin.py:154} INFO - [2023-11-08T18:08:37.134-0500] {dagbag.py:536} INFO - Filling up the DagBag from /Users/az/anaconda3/envs/python38/lib/python3.8/site-packages/airflow/example_dags/example_trigger_controller_dag.py
[2023-11-08T18:08:37.149-0500] {processor.py:839} INFO - DAG(s) dict_keys(['example_trigger_controller_dag']) retrieved from /Users/az/anaconda3/envs/python38/lib/python3.8/site-packages/airflow/example_dags/example_trigger_controller_dag.py
[2023-11-08T18:08:37.253-0500] {logging_mixin.py:154} INFO - [2023-11-08T18:08:37.253-0500] {dag.py:2941} INFO - Sync 1 DAGs
[2023-11-08T18:08:37.262-0500] {logging_mixin.py:154} INFO - [2023-11-08T18:08:37.262-0500] {dag.py:3722} INFO - Setting next_dagrun for example_trigger_controller_dag to 2021-01-01T00:00:00+00:00, run_after=2021-01-01T00:00:00+00:00
[2023-11-08T18:08:37.271-0500] {processor.py:179} INFO - Processing /Users/az/anaconda3/envs/python38/lib/python3.8/site-packages/airflow/example_dags/example_trigger_controller_dag.py took 0.143 seconds
[2023-11-08T18:09:35.809-0500] {processor.py:157} INFO - Started process (PID=50896) to work on /Users/az/anaconda3/envs/python38/lib/python3.8/site-packages/airflow/example_dags/example_trigger_controller_dag.py
[2023-11-08T18:09:35.814-0500] {processor.py:829} INFO - Processing file /Users/az/anaconda3/envs/python38/lib/python3.8/site-packages/airflow/example_dags/example_trigger_controller_dag.py for tasks to queue
[2023-11-08T18:09:35.814-0500] {logging_mixin.py:154} INFO - [2023-11-08T18:09:35.814-0500] {dagbag.py:536} INFO - Filling up the DagBag from /Users/az/anaconda3/envs/python38/lib/python3.8/site-packages/airflow/example_dags/example_trigger_controller_dag.py
[2023-11-08T18:09:35.830-0500] {processor.py:839} INFO - DAG(s) dict_keys(['example_trigger_controller_dag']) retrieved from /Users/az/anaconda3/envs/python38/lib/python3.8/site-packages/airflow/example_dags/example_trigger_controller_dag.py
[2023-11-08T18:09:35.934-0500] {logging_mixin.py:154} INFO - [2023-11-08T18:09:35.934-0500] {dag.py:2941} INFO - Sync 1 DAGs
[2023-11-08T18:09:35.943-0500] {logging_mixin.py:154} INFO - [2023-11-08T18:09:35.943-0500] {dag.py:3722} INFO - Setting next_dagrun for example_trigger_controller_dag to 2021-01-01T00:00:00+00:00, run_after=2021-01-01T00:00:00+00:00
[2023-11-08T18:09:35.953-0500] {processor.py:179} INFO - Processing /Users/az/anaconda3/envs/python38/lib/python3.8/site-packages/airflow/example_dags/example_trigger_controller_dag.py took 0.144 seconds
[2023-11-08T18:10:34.962-0500] {processor.py:157} INFO - Started process (PID=50972) to work on /Users/az/anaconda3/envs/python38/lib/python3.8/site-packages/airflow/example_dags/example_trigger_controller_dag.py
[2023-11-08T18:10:34.966-0500] {processor.py:829} INFO - Processing file /Users/az/anaconda3/envs/python38/lib/python3.8/site-packages/airflow/example_dags/example_trigger_controller_dag.py for tasks to queue
[2023-11-08T18:10:34.966-0500] {logging_mixin.py:154} INFO - [2023-11-08T18:10:34.966-0500] {dagbag.py:536} INFO - Filling up the DagBag from /Users/az/anaconda3/envs/python38/lib/python3.8/site-packages/airflow/example_dags/example_trigger_controller_dag.py
[2023-11-08T18:10:34.981-0500] {processor.py:839} INFO - DAG(s) dict_keys(['example_trigger_controller_dag']) retrieved from /Users/az/anaconda3/envs/python38/lib/python3.8/site-packages/airflow/example_dags/example_trigger_controller_dag.py
[2023-11-08T18:10:35.086-0500] {logging_mixin.py:154} INFO - [2023-11-08T18:10:35.085-0500] {dag.py:2941} INFO - Sync 1 DAGs
[2023-11-08T18:10:35.095-0500] {logging_mixin.py:154} INFO - [2023-11-08T18:10:35.094-0500] {dag.py:3722} INFO - Setting next_dagrun for example_trigger_controller_dag to 2021-01-01T00:00:00+00:00, run_after=2021-01-01T00:00:00+00:00
[2023-11-08T18:10:35.105-0500] {processor.py:179} INFO - Processing /Users/az/anaconda3/envs/python38/lib/python3.8/site-packages/airflow/example_dags/example_trigger_controller_dag.py took 0.143 seconds
[2023-11-08T18:11:36.261-0500] {processor.py:157} INFO - Started process (PID=51045) to work on /Users/az/anaconda3/envs/python38/lib/python3.8/site-packages/airflow/example_dags/example_trigger_controller_dag.py
[2023-11-08T18:11:36.265-0500] {processor.py:829} INFO - Processing file /Users/az/anaconda3/envs/python38/lib/python3.8/site-packages/airflow/example_dags/example_trigger_controller_dag.py for tasks to queue
[2023-11-08T18:11:36.265-0500] {logging_mixin.py:154} INFO - [2023-11-08T18:11:36.265-0500] {dagbag.py:536} INFO - Filling up the DagBag from /Users/az/anaconda3/envs/python38/lib/python3.8/site-packages/airflow/example_dags/example_trigger_controller_dag.py
[2023-11-08T18:11:36.281-0500] {processor.py:839} INFO - DAG(s) dict_keys(['example_trigger_controller_dag']) retrieved from /Users/az/anaconda3/envs/python38/lib/python3.8/site-packages/airflow/example_dags/example_trigger_controller_dag.py
[2023-11-08T18:11:36.386-0500] {logging_mixin.py:154} INFO - [2023-11-08T18:11:36.385-0500] {dag.py:2941} INFO - Sync 1 DAGs
[2023-11-08T18:11:36.394-0500] {logging_mixin.py:154} INFO - [2023-11-08T18:11:36.394-0500] {dag.py:3722} INFO - Setting next_dagrun for example_trigger_controller_dag to 2021-01-01T00:00:00+00:00, run_after=2021-01-01T00:00:00+00:00
[2023-11-08T18:11:36.405-0500] {processor.py:179} INFO - Processing /Users/az/anaconda3/envs/python38/lib/python3.8/site-packages/airflow/example_dags/example_trigger_controller_dag.py took 0.144 seconds
[2023-11-08T18:17:33.692-0500] {processor.py:157} INFO - Started process (PID=51147) to work on /Users/az/anaconda3/envs/python38/lib/python3.8/site-packages/airflow/example_dags/example_trigger_controller_dag.py
[2023-11-08T18:17:33.697-0500] {processor.py:829} INFO - Processing file /Users/az/anaconda3/envs/python38/lib/python3.8/site-packages/airflow/example_dags/example_trigger_controller_dag.py for tasks to queue
[2023-11-08T18:17:33.697-0500] {logging_mixin.py:154} INFO - [2023-11-08T18:17:33.697-0500] {dagbag.py:536} INFO - Filling up the DagBag from /Users/az/anaconda3/envs/python38/lib/python3.8/site-packages/airflow/example_dags/example_trigger_controller_dag.py
[2023-11-08T18:17:33.712-0500] {processor.py:839} INFO - DAG(s) dict_keys(['example_trigger_controller_dag']) retrieved from /Users/az/anaconda3/envs/python38/lib/python3.8/site-packages/airflow/example_dags/example_trigger_controller_dag.py
[2023-11-08T18:17:33.818-0500] {logging_mixin.py:154} INFO - [2023-11-08T18:17:33.818-0500] {dag.py:2941} INFO - Sync 1 DAGs
[2023-11-08T18:17:33.827-0500] {logging_mixin.py:154} INFO - [2023-11-08T18:17:33.827-0500] {dag.py:3722} INFO - Setting next_dagrun for example_trigger_controller_dag to 2021-01-01T00:00:00+00:00, run_after=2021-01-01T00:00:00+00:00
[2023-11-08T18:17:33.837-0500] {processor.py:179} INFO - Processing /Users/az/anaconda3/envs/python38/lib/python3.8/site-packages/airflow/example_dags/example_trigger_controller_dag.py took 0.145 seconds
[2023-11-08T18:30:36.876-0500] {processor.py:157} INFO - Started process (PID=51255) to work on /Users/az/anaconda3/envs/python38/lib/python3.8/site-packages/airflow/example_dags/example_trigger_controller_dag.py
[2023-11-08T18:30:36.881-0500] {processor.py:829} INFO - Processing file /Users/az/anaconda3/envs/python38/lib/python3.8/site-packages/airflow/example_dags/example_trigger_controller_dag.py for tasks to queue
[2023-11-08T18:30:36.881-0500] {logging_mixin.py:154} INFO - [2023-11-08T18:30:36.881-0500] {dagbag.py:536} INFO - Filling up the DagBag from /Users/az/anaconda3/envs/python38/lib/python3.8/site-packages/airflow/example_dags/example_trigger_controller_dag.py
[2023-11-08T18:30:36.896-0500] {processor.py:839} INFO - DAG(s) dict_keys(['example_trigger_controller_dag']) retrieved from /Users/az/anaconda3/envs/python38/lib/python3.8/site-packages/airflow/example_dags/example_trigger_controller_dag.py
[2023-11-08T18:30:37.001-0500] {logging_mixin.py:154} INFO - [2023-11-08T18:30:37.001-0500] {dag.py:2941} INFO - Sync 1 DAGs
[2023-11-08T18:30:37.010-0500] {logging_mixin.py:154} INFO - [2023-11-08T18:30:37.010-0500] {dag.py:3722} INFO - Setting next_dagrun for example_trigger_controller_dag to 2021-01-01T00:00:00+00:00, run_after=2021-01-01T00:00:00+00:00
[2023-11-08T18:30:37.020-0500] {processor.py:179} INFO - Processing /Users/az/anaconda3/envs/python38/lib/python3.8/site-packages/airflow/example_dags/example_trigger_controller_dag.py took 0.145 seconds
[2023-11-08T18:31:34.086-0500] {processor.py:157} INFO - Started process (PID=51326) to work on /Users/az/anaconda3/envs/python38/lib/python3.8/site-packages/airflow/example_dags/example_trigger_controller_dag.py
[2023-11-08T18:31:34.090-0500] {processor.py:829} INFO - Processing file /Users/az/anaconda3/envs/python38/lib/python3.8/site-packages/airflow/example_dags/example_trigger_controller_dag.py for tasks to queue
[2023-11-08T18:31:34.090-0500] {logging_mixin.py:154} INFO - [2023-11-08T18:31:34.090-0500] {dagbag.py:536} INFO - Filling up the DagBag from /Users/az/anaconda3/envs/python38/lib/python3.8/site-packages/airflow/example_dags/example_trigger_controller_dag.py
[2023-11-08T18:31:34.106-0500] {processor.py:839} INFO - DAG(s) dict_keys(['example_trigger_controller_dag']) retrieved from /Users/az/anaconda3/envs/python38/lib/python3.8/site-packages/airflow/example_dags/example_trigger_controller_dag.py
[2023-11-08T18:31:34.210-0500] {logging_mixin.py:154} INFO - [2023-11-08T18:31:34.210-0500] {dag.py:2941} INFO - Sync 1 DAGs
[2023-11-08T18:31:34.219-0500] {logging_mixin.py:154} INFO - [2023-11-08T18:31:34.219-0500] {dag.py:3722} INFO - Setting next_dagrun for example_trigger_controller_dag to 2021-01-01T00:00:00+00:00, run_after=2021-01-01T00:00:00+00:00
[2023-11-08T18:31:34.229-0500] {processor.py:179} INFO - Processing /Users/az/anaconda3/envs/python38/lib/python3.8/site-packages/airflow/example_dags/example_trigger_controller_dag.py took 0.143 seconds
[2023-11-08T18:32:33.697-0500] {processor.py:157} INFO - Started process (PID=51397) to work on /Users/az/anaconda3/envs/python38/lib/python3.8/site-packages/airflow/example_dags/example_trigger_controller_dag.py
[2023-11-08T18:32:33.700-0500] {processor.py:829} INFO - Processing file /Users/az/anaconda3/envs/python38/lib/python3.8/site-packages/airflow/example_dags/example_trigger_controller_dag.py for tasks to queue
[2023-11-08T18:32:33.701-0500] {logging_mixin.py:154} INFO - [2023-11-08T18:32:33.701-0500] {dagbag.py:536} INFO - Filling up the DagBag from /Users/az/anaconda3/envs/python38/lib/python3.8/site-packages/airflow/example_dags/example_trigger_controller_dag.py
[2023-11-08T18:32:33.716-0500] {processor.py:839} INFO - DAG(s) dict_keys(['example_trigger_controller_dag']) retrieved from /Users/az/anaconda3/envs/python38/lib/python3.8/site-packages/airflow/example_dags/example_trigger_controller_dag.py
[2023-11-08T18:32:33.821-0500] {logging_mixin.py:154} INFO - [2023-11-08T18:32:33.821-0500] {dag.py:2941} INFO - Sync 1 DAGs
[2023-11-08T18:32:33.830-0500] {logging_mixin.py:154} INFO - [2023-11-08T18:32:33.830-0500] {dag.py:3722} INFO - Setting next_dagrun for example_trigger_controller_dag to 2021-01-01T00:00:00+00:00, run_after=2021-01-01T00:00:00+00:00
[2023-11-08T18:32:33.840-0500] {processor.py:179} INFO - Processing /Users/az/anaconda3/envs/python38/lib/python3.8/site-packages/airflow/example_dags/example_trigger_controller_dag.py took 0.143 seconds
[2023-11-08T18:33:35.277-0500] {processor.py:157} INFO - Started process (PID=51482) to work on /Users/az/anaconda3/envs/python38/lib/python3.8/site-packages/airflow/example_dags/example_trigger_controller_dag.py
[2023-11-08T18:33:35.281-0500] {processor.py:829} INFO - Processing file /Users/az/anaconda3/envs/python38/lib/python3.8/site-packages/airflow/example_dags/example_trigger_controller_dag.py for tasks to queue
[2023-11-08T18:33:35.281-0500] {logging_mixin.py:154} INFO - [2023-11-08T18:33:35.281-0500] {dagbag.py:536} INFO - Filling up the DagBag from /Users/az/anaconda3/envs/python38/lib/python3.8/site-packages/airflow/example_dags/example_trigger_controller_dag.py
[2023-11-08T18:33:35.297-0500] {processor.py:839} INFO - DAG(s) dict_keys(['example_trigger_controller_dag']) retrieved from /Users/az/anaconda3/envs/python38/lib/python3.8/site-packages/airflow/example_dags/example_trigger_controller_dag.py
[2023-11-08T18:33:35.428-0500] {logging_mixin.py:154} INFO - [2023-11-08T18:33:35.428-0500] {dag.py:2941} INFO - Sync 1 DAGs
[2023-11-08T18:33:35.458-0500] {logging_mixin.py:154} INFO - [2023-11-08T18:33:35.457-0500] {dag.py:3722} INFO - Setting next_dagrun for example_trigger_controller_dag to 2021-01-01T00:00:00+00:00, run_after=2021-01-01T00:00:00+00:00
[2023-11-08T18:33:35.470-0500] {processor.py:179} INFO - Processing /Users/az/anaconda3/envs/python38/lib/python3.8/site-packages/airflow/example_dags/example_trigger_controller_dag.py took 0.193 seconds
[2023-11-08T18:34:38.048-0500] {processor.py:157} INFO - Started process (PID=51558) to work on /Users/az/anaconda3/envs/python38/lib/python3.8/site-packages/airflow/example_dags/example_trigger_controller_dag.py
[2023-11-08T18:34:38.053-0500] {processor.py:829} INFO - Processing file /Users/az/anaconda3/envs/python38/lib/python3.8/site-packages/airflow/example_dags/example_trigger_controller_dag.py for tasks to queue
[2023-11-08T18:34:38.053-0500] {logging_mixin.py:154} INFO - [2023-11-08T18:34:38.053-0500] {dagbag.py:536} INFO - Filling up the DagBag from /Users/az/anaconda3/envs/python38/lib/python3.8/site-packages/airflow/example_dags/example_trigger_controller_dag.py
[2023-11-08T18:34:38.068-0500] {processor.py:839} INFO - DAG(s) dict_keys(['example_trigger_controller_dag']) retrieved from /Users/az/anaconda3/envs/python38/lib/python3.8/site-packages/airflow/example_dags/example_trigger_controller_dag.py
[2023-11-08T18:34:38.173-0500] {logging_mixin.py:154} INFO - [2023-11-08T18:34:38.173-0500] {dag.py:2941} INFO - Sync 1 DAGs
[2023-11-08T18:34:38.182-0500] {logging_mixin.py:154} INFO - [2023-11-08T18:34:38.182-0500] {dag.py:3722} INFO - Setting next_dagrun for example_trigger_controller_dag to 2021-01-01T00:00:00+00:00, run_after=2021-01-01T00:00:00+00:00
[2023-11-08T18:34:38.192-0500] {processor.py:179} INFO - Processing /Users/az/anaconda3/envs/python38/lib/python3.8/site-packages/airflow/example_dags/example_trigger_controller_dag.py took 0.145 seconds
[2023-11-08T18:35:38.715-0500] {processor.py:157} INFO - Started process (PID=51632) to work on /Users/az/anaconda3/envs/python38/lib/python3.8/site-packages/airflow/example_dags/example_trigger_controller_dag.py
[2023-11-08T18:35:38.719-0500] {processor.py:829} INFO - Processing file /Users/az/anaconda3/envs/python38/lib/python3.8/site-packages/airflow/example_dags/example_trigger_controller_dag.py for tasks to queue
[2023-11-08T18:35:38.719-0500] {logging_mixin.py:154} INFO - [2023-11-08T18:35:38.719-0500] {dagbag.py:536} INFO - Filling up the DagBag from /Users/az/anaconda3/envs/python38/lib/python3.8/site-packages/airflow/example_dags/example_trigger_controller_dag.py
[2023-11-08T18:35:38.734-0500] {processor.py:839} INFO - DAG(s) dict_keys(['example_trigger_controller_dag']) retrieved from /Users/az/anaconda3/envs/python38/lib/python3.8/site-packages/airflow/example_dags/example_trigger_controller_dag.py
[2023-11-08T18:35:38.839-0500] {logging_mixin.py:154} INFO - [2023-11-08T18:35:38.839-0500] {dag.py:2941} INFO - Sync 1 DAGs
[2023-11-08T18:35:38.848-0500] {logging_mixin.py:154} INFO - [2023-11-08T18:35:38.848-0500] {dag.py:3722} INFO - Setting next_dagrun for example_trigger_controller_dag to 2021-01-01T00:00:00+00:00, run_after=2021-01-01T00:00:00+00:00
[2023-11-08T18:35:38.858-0500] {processor.py:179} INFO - Processing /Users/az/anaconda3/envs/python38/lib/python3.8/site-packages/airflow/example_dags/example_trigger_controller_dag.py took 0.144 seconds
[2023-11-08T18:36:36.781-0500] {processor.py:157} INFO - Started process (PID=51707) to work on /Users/az/anaconda3/envs/python38/lib/python3.8/site-packages/airflow/example_dags/example_trigger_controller_dag.py
[2023-11-08T18:36:36.786-0500] {processor.py:829} INFO - Processing file /Users/az/anaconda3/envs/python38/lib/python3.8/site-packages/airflow/example_dags/example_trigger_controller_dag.py for tasks to queue
[2023-11-08T18:36:36.786-0500] {logging_mixin.py:154} INFO - [2023-11-08T18:36:36.786-0500] {dagbag.py:536} INFO - Filling up the DagBag from /Users/az/anaconda3/envs/python38/lib/python3.8/site-packages/airflow/example_dags/example_trigger_controller_dag.py
[2023-11-08T18:36:36.802-0500] {processor.py:839} INFO - DAG(s) dict_keys(['example_trigger_controller_dag']) retrieved from /Users/az/anaconda3/envs/python38/lib/python3.8/site-packages/airflow/example_dags/example_trigger_controller_dag.py
[2023-11-08T18:36:36.907-0500] {logging_mixin.py:154} INFO - [2023-11-08T18:36:36.907-0500] {dag.py:2941} INFO - Sync 1 DAGs
[2023-11-08T18:36:36.916-0500] {logging_mixin.py:154} INFO - [2023-11-08T18:36:36.916-0500] {dag.py:3722} INFO - Setting next_dagrun for example_trigger_controller_dag to 2021-01-01T00:00:00+00:00, run_after=2021-01-01T00:00:00+00:00
[2023-11-08T18:36:36.926-0500] {processor.py:179} INFO - Processing /Users/az/anaconda3/envs/python38/lib/python3.8/site-packages/airflow/example_dags/example_trigger_controller_dag.py took 0.145 seconds
[2023-11-08T18:37:33.084-0500] {processor.py:157} INFO - Started process (PID=51778) to work on /Users/az/anaconda3/envs/python38/lib/python3.8/site-packages/airflow/example_dags/example_trigger_controller_dag.py
[2023-11-08T18:37:33.089-0500] {processor.py:829} INFO - Processing file /Users/az/anaconda3/envs/python38/lib/python3.8/site-packages/airflow/example_dags/example_trigger_controller_dag.py for tasks to queue
[2023-11-08T18:37:33.089-0500] {logging_mixin.py:154} INFO - [2023-11-08T18:37:33.089-0500] {dagbag.py:536} INFO - Filling up the DagBag from /Users/az/anaconda3/envs/python38/lib/python3.8/site-packages/airflow/example_dags/example_trigger_controller_dag.py
[2023-11-08T18:37:33.105-0500] {processor.py:839} INFO - DAG(s) dict_keys(['example_trigger_controller_dag']) retrieved from /Users/az/anaconda3/envs/python38/lib/python3.8/site-packages/airflow/example_dags/example_trigger_controller_dag.py
[2023-11-08T18:37:33.209-0500] {logging_mixin.py:154} INFO - [2023-11-08T18:37:33.209-0500] {dag.py:2941} INFO - Sync 1 DAGs
[2023-11-08T18:37:33.218-0500] {logging_mixin.py:154} INFO - [2023-11-08T18:37:33.218-0500] {dag.py:3722} INFO - Setting next_dagrun for example_trigger_controller_dag to 2021-01-01T00:00:00+00:00, run_after=2021-01-01T00:00:00+00:00
[2023-11-08T18:37:33.228-0500] {processor.py:179} INFO - Processing /Users/az/anaconda3/envs/python38/lib/python3.8/site-packages/airflow/example_dags/example_trigger_controller_dag.py took 0.144 seconds
[2023-11-08T18:38:30.271-0500] {processor.py:157} INFO - Started process (PID=51851) to work on /Users/az/anaconda3/envs/python38/lib/python3.8/site-packages/airflow/example_dags/example_trigger_controller_dag.py
[2023-11-08T18:38:30.276-0500] {processor.py:829} INFO - Processing file /Users/az/anaconda3/envs/python38/lib/python3.8/site-packages/airflow/example_dags/example_trigger_controller_dag.py for tasks to queue
[2023-11-08T18:38:30.276-0500] {logging_mixin.py:154} INFO - [2023-11-08T18:38:30.276-0500] {dagbag.py:536} INFO - Filling up the DagBag from /Users/az/anaconda3/envs/python38/lib/python3.8/site-packages/airflow/example_dags/example_trigger_controller_dag.py
[2023-11-08T18:38:30.292-0500] {processor.py:839} INFO - DAG(s) dict_keys(['example_trigger_controller_dag']) retrieved from /Users/az/anaconda3/envs/python38/lib/python3.8/site-packages/airflow/example_dags/example_trigger_controller_dag.py
[2023-11-08T18:38:30.397-0500] {logging_mixin.py:154} INFO - [2023-11-08T18:38:30.397-0500] {dag.py:2941} INFO - Sync 1 DAGs
[2023-11-08T18:38:30.406-0500] {logging_mixin.py:154} INFO - [2023-11-08T18:38:30.406-0500] {dag.py:3722} INFO - Setting next_dagrun for example_trigger_controller_dag to 2021-01-01T00:00:00+00:00, run_after=2021-01-01T00:00:00+00:00
[2023-11-08T18:38:30.416-0500] {processor.py:179} INFO - Processing /Users/az/anaconda3/envs/python38/lib/python3.8/site-packages/airflow/example_dags/example_trigger_controller_dag.py took 0.145 seconds
[2023-11-08T18:39:29.838-0500] {processor.py:157} INFO - Started process (PID=51922) to work on /Users/az/anaconda3/envs/python38/lib/python3.8/site-packages/airflow/example_dags/example_trigger_controller_dag.py
[2023-11-08T18:39:29.842-0500] {processor.py:829} INFO - Processing file /Users/az/anaconda3/envs/python38/lib/python3.8/site-packages/airflow/example_dags/example_trigger_controller_dag.py for tasks to queue
[2023-11-08T18:39:29.843-0500] {logging_mixin.py:154} INFO - [2023-11-08T18:39:29.843-0500] {dagbag.py:536} INFO - Filling up the DagBag from /Users/az/anaconda3/envs/python38/lib/python3.8/site-packages/airflow/example_dags/example_trigger_controller_dag.py
[2023-11-08T18:39:29.858-0500] {processor.py:839} INFO - DAG(s) dict_keys(['example_trigger_controller_dag']) retrieved from /Users/az/anaconda3/envs/python38/lib/python3.8/site-packages/airflow/example_dags/example_trigger_controller_dag.py
[2023-11-08T18:39:29.963-0500] {logging_mixin.py:154} INFO - [2023-11-08T18:39:29.963-0500] {dag.py:2941} INFO - Sync 1 DAGs
[2023-11-08T18:39:29.972-0500] {logging_mixin.py:154} INFO - [2023-11-08T18:39:29.972-0500] {dag.py:3722} INFO - Setting next_dagrun for example_trigger_controller_dag to 2021-01-01T00:00:00+00:00, run_after=2021-01-01T00:00:00+00:00
[2023-11-08T18:39:29.982-0500] {processor.py:179} INFO - Processing /Users/az/anaconda3/envs/python38/lib/python3.8/site-packages/airflow/example_dags/example_trigger_controller_dag.py took 0.145 seconds
[2023-11-08T18:40:34.160-0500] {processor.py:157} INFO - Started process (PID=51995) to work on /Users/az/anaconda3/envs/python38/lib/python3.8/site-packages/airflow/example_dags/example_trigger_controller_dag.py
[2023-11-08T18:40:34.164-0500] {processor.py:829} INFO - Processing file /Users/az/anaconda3/envs/python38/lib/python3.8/site-packages/airflow/example_dags/example_trigger_controller_dag.py for tasks to queue
[2023-11-08T18:40:34.165-0500] {logging_mixin.py:154} INFO - [2023-11-08T18:40:34.164-0500] {dagbag.py:536} INFO - Filling up the DagBag from /Users/az/anaconda3/envs/python38/lib/python3.8/site-packages/airflow/example_dags/example_trigger_controller_dag.py
[2023-11-08T18:40:34.180-0500] {processor.py:839} INFO - DAG(s) dict_keys(['example_trigger_controller_dag']) retrieved from /Users/az/anaconda3/envs/python38/lib/python3.8/site-packages/airflow/example_dags/example_trigger_controller_dag.py
[2023-11-08T18:40:34.285-0500] {logging_mixin.py:154} INFO - [2023-11-08T18:40:34.285-0500] {dag.py:2941} INFO - Sync 1 DAGs
[2023-11-08T18:40:34.294-0500] {logging_mixin.py:154} INFO - [2023-11-08T18:40:34.294-0500] {dag.py:3722} INFO - Setting next_dagrun for example_trigger_controller_dag to 2021-01-01T00:00:00+00:00, run_after=2021-01-01T00:00:00+00:00
[2023-11-08T18:40:34.304-0500] {processor.py:179} INFO - Processing /Users/az/anaconda3/envs/python38/lib/python3.8/site-packages/airflow/example_dags/example_trigger_controller_dag.py took 0.144 seconds
[2023-11-08T18:41:35.395-0500] {processor.py:157} INFO - Started process (PID=52071) to work on /Users/az/anaconda3/envs/python38/lib/python3.8/site-packages/airflow/example_dags/example_trigger_controller_dag.py
[2023-11-08T18:41:35.399-0500] {processor.py:829} INFO - Processing file /Users/az/anaconda3/envs/python38/lib/python3.8/site-packages/airflow/example_dags/example_trigger_controller_dag.py for tasks to queue
[2023-11-08T18:41:35.399-0500] {logging_mixin.py:154} INFO - [2023-11-08T18:41:35.399-0500] {dagbag.py:536} INFO - Filling up the DagBag from /Users/az/anaconda3/envs/python38/lib/python3.8/site-packages/airflow/example_dags/example_trigger_controller_dag.py
[2023-11-08T18:41:35.414-0500] {processor.py:839} INFO - DAG(s) dict_keys(['example_trigger_controller_dag']) retrieved from /Users/az/anaconda3/envs/python38/lib/python3.8/site-packages/airflow/example_dags/example_trigger_controller_dag.py
[2023-11-08T18:41:35.520-0500] {logging_mixin.py:154} INFO - [2023-11-08T18:41:35.520-0500] {dag.py:2941} INFO - Sync 1 DAGs
[2023-11-08T18:41:35.529-0500] {logging_mixin.py:154} INFO - [2023-11-08T18:41:35.529-0500] {dag.py:3722} INFO - Setting next_dagrun for example_trigger_controller_dag to 2021-01-01T00:00:00+00:00, run_after=2021-01-01T00:00:00+00:00
[2023-11-08T18:41:35.539-0500] {processor.py:179} INFO - Processing /Users/az/anaconda3/envs/python38/lib/python3.8/site-packages/airflow/example_dags/example_trigger_controller_dag.py took 0.145 seconds
[2023-11-08T18:42:34.287-0500] {processor.py:157} INFO - Started process (PID=52144) to work on /Users/az/anaconda3/envs/python38/lib/python3.8/site-packages/airflow/example_dags/example_trigger_controller_dag.py
[2023-11-08T18:42:34.292-0500] {processor.py:829} INFO - Processing file /Users/az/anaconda3/envs/python38/lib/python3.8/site-packages/airflow/example_dags/example_trigger_controller_dag.py for tasks to queue
[2023-11-08T18:42:34.292-0500] {logging_mixin.py:154} INFO - [2023-11-08T18:42:34.292-0500] {dagbag.py:536} INFO - Filling up the DagBag from /Users/az/anaconda3/envs/python38/lib/python3.8/site-packages/airflow/example_dags/example_trigger_controller_dag.py
[2023-11-08T18:42:34.308-0500] {processor.py:839} INFO - DAG(s) dict_keys(['example_trigger_controller_dag']) retrieved from /Users/az/anaconda3/envs/python38/lib/python3.8/site-packages/airflow/example_dags/example_trigger_controller_dag.py
[2023-11-08T18:42:34.413-0500] {logging_mixin.py:154} INFO - [2023-11-08T18:42:34.413-0500] {dag.py:2941} INFO - Sync 1 DAGs
[2023-11-08T18:42:34.422-0500] {logging_mixin.py:154} INFO - [2023-11-08T18:42:34.422-0500] {dag.py:3722} INFO - Setting next_dagrun for example_trigger_controller_dag to 2021-01-01T00:00:00+00:00, run_after=2021-01-01T00:00:00+00:00
[2023-11-08T18:42:34.432-0500] {processor.py:179} INFO - Processing /Users/az/anaconda3/envs/python38/lib/python3.8/site-packages/airflow/example_dags/example_trigger_controller_dag.py took 0.145 seconds
[2023-11-08T18:43:35.087-0500] {processor.py:157} INFO - Started process (PID=52219) to work on /Users/az/anaconda3/envs/python38/lib/python3.8/site-packages/airflow/example_dags/example_trigger_controller_dag.py
[2023-11-08T18:43:35.091-0500] {processor.py:829} INFO - Processing file /Users/az/anaconda3/envs/python38/lib/python3.8/site-packages/airflow/example_dags/example_trigger_controller_dag.py for tasks to queue
[2023-11-08T18:43:35.091-0500] {logging_mixin.py:154} INFO - [2023-11-08T18:43:35.091-0500] {dagbag.py:536} INFO - Filling up the DagBag from /Users/az/anaconda3/envs/python38/lib/python3.8/site-packages/airflow/example_dags/example_trigger_controller_dag.py
[2023-11-08T18:43:35.107-0500] {processor.py:839} INFO - DAG(s) dict_keys(['example_trigger_controller_dag']) retrieved from /Users/az/anaconda3/envs/python38/lib/python3.8/site-packages/airflow/example_dags/example_trigger_controller_dag.py
[2023-11-08T18:43:35.212-0500] {logging_mixin.py:154} INFO - [2023-11-08T18:43:35.212-0500] {dag.py:2941} INFO - Sync 1 DAGs
[2023-11-08T18:43:35.222-0500] {logging_mixin.py:154} INFO - [2023-11-08T18:43:35.221-0500] {dag.py:3722} INFO - Setting next_dagrun for example_trigger_controller_dag to 2021-01-01T00:00:00+00:00, run_after=2021-01-01T00:00:00+00:00
[2023-11-08T18:43:35.232-0500] {processor.py:179} INFO - Processing /Users/az/anaconda3/envs/python38/lib/python3.8/site-packages/airflow/example_dags/example_trigger_controller_dag.py took 0.145 seconds
[2023-11-08T18:44:36.339-0500] {processor.py:157} INFO - Started process (PID=52291) to work on /Users/az/anaconda3/envs/python38/lib/python3.8/site-packages/airflow/example_dags/example_trigger_controller_dag.py
[2023-11-08T18:44:36.345-0500] {processor.py:829} INFO - Processing file /Users/az/anaconda3/envs/python38/lib/python3.8/site-packages/airflow/example_dags/example_trigger_controller_dag.py for tasks to queue
[2023-11-08T18:44:36.345-0500] {logging_mixin.py:154} INFO - [2023-11-08T18:44:36.345-0500] {dagbag.py:536} INFO - Filling up the DagBag from /Users/az/anaconda3/envs/python38/lib/python3.8/site-packages/airflow/example_dags/example_trigger_controller_dag.py
[2023-11-08T18:44:36.360-0500] {processor.py:839} INFO - DAG(s) dict_keys(['example_trigger_controller_dag']) retrieved from /Users/az/anaconda3/envs/python38/lib/python3.8/site-packages/airflow/example_dags/example_trigger_controller_dag.py
[2023-11-08T18:44:36.465-0500] {logging_mixin.py:154} INFO - [2023-11-08T18:44:36.465-0500] {dag.py:2941} INFO - Sync 1 DAGs
[2023-11-08T18:44:36.474-0500] {logging_mixin.py:154} INFO - [2023-11-08T18:44:36.474-0500] {dag.py:3722} INFO - Setting next_dagrun for example_trigger_controller_dag to 2021-01-01T00:00:00+00:00, run_after=2021-01-01T00:00:00+00:00
[2023-11-08T18:44:36.483-0500] {processor.py:179} INFO - Processing /Users/az/anaconda3/envs/python38/lib/python3.8/site-packages/airflow/example_dags/example_trigger_controller_dag.py took 0.144 seconds
[2023-11-08T18:45:38.581-0500] {processor.py:157} INFO - Started process (PID=52366) to work on /Users/az/anaconda3/envs/python38/lib/python3.8/site-packages/airflow/example_dags/example_trigger_controller_dag.py
[2023-11-08T18:45:38.586-0500] {processor.py:829} INFO - Processing file /Users/az/anaconda3/envs/python38/lib/python3.8/site-packages/airflow/example_dags/example_trigger_controller_dag.py for tasks to queue
[2023-11-08T18:45:38.586-0500] {logging_mixin.py:154} INFO - [2023-11-08T18:45:38.586-0500] {dagbag.py:536} INFO - Filling up the DagBag from /Users/az/anaconda3/envs/python38/lib/python3.8/site-packages/airflow/example_dags/example_trigger_controller_dag.py
[2023-11-08T18:45:38.601-0500] {processor.py:839} INFO - DAG(s) dict_keys(['example_trigger_controller_dag']) retrieved from /Users/az/anaconda3/envs/python38/lib/python3.8/site-packages/airflow/example_dags/example_trigger_controller_dag.py
[2023-11-08T18:45:38.707-0500] {logging_mixin.py:154} INFO - [2023-11-08T18:45:38.707-0500] {dag.py:2941} INFO - Sync 1 DAGs
[2023-11-08T18:45:38.716-0500] {logging_mixin.py:154} INFO - [2023-11-08T18:45:38.716-0500] {dag.py:3722} INFO - Setting next_dagrun for example_trigger_controller_dag to 2021-01-01T00:00:00+00:00, run_after=2021-01-01T00:00:00+00:00
[2023-11-08T18:45:38.726-0500] {processor.py:179} INFO - Processing /Users/az/anaconda3/envs/python38/lib/python3.8/site-packages/airflow/example_dags/example_trigger_controller_dag.py took 0.146 seconds
[2023-11-08T18:46:41.975-0500] {processor.py:157} INFO - Started process (PID=52461) to work on /Users/az/anaconda3/envs/python38/lib/python3.8/site-packages/airflow/example_dags/example_trigger_controller_dag.py
[2023-11-08T18:46:41.979-0500] {processor.py:829} INFO - Processing file /Users/az/anaconda3/envs/python38/lib/python3.8/site-packages/airflow/example_dags/example_trigger_controller_dag.py for tasks to queue
[2023-11-08T18:46:41.980-0500] {logging_mixin.py:154} INFO - [2023-11-08T18:46:41.979-0500] {dagbag.py:536} INFO - Filling up the DagBag from /Users/az/anaconda3/envs/python38/lib/python3.8/site-packages/airflow/example_dags/example_trigger_controller_dag.py
[2023-11-08T18:46:41.995-0500] {processor.py:839} INFO - DAG(s) dict_keys(['example_trigger_controller_dag']) retrieved from /Users/az/anaconda3/envs/python38/lib/python3.8/site-packages/airflow/example_dags/example_trigger_controller_dag.py
[2023-11-08T18:46:42.099-0500] {logging_mixin.py:154} INFO - [2023-11-08T18:46:42.099-0500] {dag.py:2941} INFO - Sync 1 DAGs
[2023-11-08T18:46:42.108-0500] {logging_mixin.py:154} INFO - [2023-11-08T18:46:42.108-0500] {dag.py:3722} INFO - Setting next_dagrun for example_trigger_controller_dag to 2021-01-01T00:00:00+00:00, run_after=2021-01-01T00:00:00+00:00
[2023-11-08T18:46:42.118-0500] {processor.py:179} INFO - Processing /Users/az/anaconda3/envs/python38/lib/python3.8/site-packages/airflow/example_dags/example_trigger_controller_dag.py took 0.143 seconds
[2023-11-08T18:47:46.059-0500] {processor.py:157} INFO - Started process (PID=52572) to work on /Users/az/anaconda3/envs/python38/lib/python3.8/site-packages/airflow/example_dags/example_trigger_controller_dag.py
[2023-11-08T18:47:46.064-0500] {processor.py:829} INFO - Processing file /Users/az/anaconda3/envs/python38/lib/python3.8/site-packages/airflow/example_dags/example_trigger_controller_dag.py for tasks to queue
[2023-11-08T18:47:46.064-0500] {logging_mixin.py:154} INFO - [2023-11-08T18:47:46.064-0500] {dagbag.py:536} INFO - Filling up the DagBag from /Users/az/anaconda3/envs/python38/lib/python3.8/site-packages/airflow/example_dags/example_trigger_controller_dag.py
[2023-11-08T18:47:46.079-0500] {processor.py:839} INFO - DAG(s) dict_keys(['example_trigger_controller_dag']) retrieved from /Users/az/anaconda3/envs/python38/lib/python3.8/site-packages/airflow/example_dags/example_trigger_controller_dag.py
[2023-11-08T18:47:46.185-0500] {logging_mixin.py:154} INFO - [2023-11-08T18:47:46.185-0500] {dag.py:2941} INFO - Sync 1 DAGs
[2023-11-08T18:47:46.194-0500] {logging_mixin.py:154} INFO - [2023-11-08T18:47:46.194-0500] {dag.py:3722} INFO - Setting next_dagrun for example_trigger_controller_dag to 2021-01-01T00:00:00+00:00, run_after=2021-01-01T00:00:00+00:00
[2023-11-08T18:47:46.204-0500] {processor.py:179} INFO - Processing /Users/az/anaconda3/envs/python38/lib/python3.8/site-packages/airflow/example_dags/example_trigger_controller_dag.py took 0.145 seconds
[2023-11-08T18:48:46.250-0500] {processor.py:157} INFO - Started process (PID=52654) to work on /Users/az/anaconda3/envs/python38/lib/python3.8/site-packages/airflow/example_dags/example_trigger_controller_dag.py
[2023-11-08T18:48:46.254-0500] {processor.py:829} INFO - Processing file /Users/az/anaconda3/envs/python38/lib/python3.8/site-packages/airflow/example_dags/example_trigger_controller_dag.py for tasks to queue
[2023-11-08T18:48:46.255-0500] {logging_mixin.py:154} INFO - [2023-11-08T18:48:46.255-0500] {dagbag.py:536} INFO - Filling up the DagBag from /Users/az/anaconda3/envs/python38/lib/python3.8/site-packages/airflow/example_dags/example_trigger_controller_dag.py
[2023-11-08T18:48:46.270-0500] {processor.py:839} INFO - DAG(s) dict_keys(['example_trigger_controller_dag']) retrieved from /Users/az/anaconda3/envs/python38/lib/python3.8/site-packages/airflow/example_dags/example_trigger_controller_dag.py
[2023-11-08T18:48:46.376-0500] {logging_mixin.py:154} INFO - [2023-11-08T18:48:46.376-0500] {dag.py:2941} INFO - Sync 1 DAGs
[2023-11-08T18:48:46.385-0500] {logging_mixin.py:154} INFO - [2023-11-08T18:48:46.385-0500] {dag.py:3722} INFO - Setting next_dagrun for example_trigger_controller_dag to 2021-01-01T00:00:00+00:00, run_after=2021-01-01T00:00:00+00:00
[2023-11-08T18:48:46.395-0500] {processor.py:179} INFO - Processing /Users/az/anaconda3/envs/python38/lib/python3.8/site-packages/airflow/example_dags/example_trigger_controller_dag.py took 0.146 seconds
[2023-11-08T18:49:44.786-0500] {processor.py:157} INFO - Started process (PID=52723) to work on /Users/az/anaconda3/envs/python38/lib/python3.8/site-packages/airflow/example_dags/example_trigger_controller_dag.py
[2023-11-08T18:49:44.790-0500] {processor.py:829} INFO - Processing file /Users/az/anaconda3/envs/python38/lib/python3.8/site-packages/airflow/example_dags/example_trigger_controller_dag.py for tasks to queue
[2023-11-08T18:49:44.790-0500] {logging_mixin.py:154} INFO - [2023-11-08T18:49:44.790-0500] {dagbag.py:536} INFO - Filling up the DagBag from /Users/az/anaconda3/envs/python38/lib/python3.8/site-packages/airflow/example_dags/example_trigger_controller_dag.py
[2023-11-08T18:49:44.805-0500] {processor.py:839} INFO - DAG(s) dict_keys(['example_trigger_controller_dag']) retrieved from /Users/az/anaconda3/envs/python38/lib/python3.8/site-packages/airflow/example_dags/example_trigger_controller_dag.py
[2023-11-08T18:49:44.910-0500] {logging_mixin.py:154} INFO - [2023-11-08T18:49:44.910-0500] {dag.py:2941} INFO - Sync 1 DAGs
[2023-11-08T18:49:44.919-0500] {logging_mixin.py:154} INFO - [2023-11-08T18:49:44.919-0500] {dag.py:3722} INFO - Setting next_dagrun for example_trigger_controller_dag to 2021-01-01T00:00:00+00:00, run_after=2021-01-01T00:00:00+00:00
[2023-11-08T18:49:44.977-0500] {processor.py:179} INFO - Processing /Users/az/anaconda3/envs/python38/lib/python3.8/site-packages/airflow/example_dags/example_trigger_controller_dag.py took 0.192 seconds
[2023-11-08T18:50:45.019-0500] {processor.py:157} INFO - Started process (PID=52805) to work on /Users/az/anaconda3/envs/python38/lib/python3.8/site-packages/airflow/example_dags/example_trigger_controller_dag.py
[2023-11-08T18:50:45.024-0500] {processor.py:829} INFO - Processing file /Users/az/anaconda3/envs/python38/lib/python3.8/site-packages/airflow/example_dags/example_trigger_controller_dag.py for tasks to queue
[2023-11-08T18:50:45.024-0500] {logging_mixin.py:154} INFO - [2023-11-08T18:50:45.024-0500] {dagbag.py:536} INFO - Filling up the DagBag from /Users/az/anaconda3/envs/python38/lib/python3.8/site-packages/airflow/example_dags/example_trigger_controller_dag.py
[2023-11-08T18:50:45.040-0500] {processor.py:839} INFO - DAG(s) dict_keys(['example_trigger_controller_dag']) retrieved from /Users/az/anaconda3/envs/python38/lib/python3.8/site-packages/airflow/example_dags/example_trigger_controller_dag.py
[2023-11-08T18:50:45.145-0500] {logging_mixin.py:154} INFO - [2023-11-08T18:50:45.145-0500] {dag.py:2941} INFO - Sync 1 DAGs
[2023-11-08T18:50:45.154-0500] {logging_mixin.py:154} INFO - [2023-11-08T18:50:45.154-0500] {dag.py:3722} INFO - Setting next_dagrun for example_trigger_controller_dag to 2021-01-01T00:00:00+00:00, run_after=2021-01-01T00:00:00+00:00
[2023-11-08T18:50:45.164-0500] {processor.py:179} INFO - Processing /Users/az/anaconda3/envs/python38/lib/python3.8/site-packages/airflow/example_dags/example_trigger_controller_dag.py took 0.146 seconds
[2023-11-08T18:51:46.636-0500] {processor.py:157} INFO - Started process (PID=52881) to work on /Users/az/anaconda3/envs/python38/lib/python3.8/site-packages/airflow/example_dags/example_trigger_controller_dag.py
[2023-11-08T18:51:46.640-0500] {processor.py:829} INFO - Processing file /Users/az/anaconda3/envs/python38/lib/python3.8/site-packages/airflow/example_dags/example_trigger_controller_dag.py for tasks to queue
[2023-11-08T18:51:46.641-0500] {logging_mixin.py:154} INFO - [2023-11-08T18:51:46.641-0500] {dagbag.py:536} INFO - Filling up the DagBag from /Users/az/anaconda3/envs/python38/lib/python3.8/site-packages/airflow/example_dags/example_trigger_controller_dag.py
[2023-11-08T18:51:46.656-0500] {processor.py:839} INFO - DAG(s) dict_keys(['example_trigger_controller_dag']) retrieved from /Users/az/anaconda3/envs/python38/lib/python3.8/site-packages/airflow/example_dags/example_trigger_controller_dag.py
[2023-11-08T18:51:46.761-0500] {logging_mixin.py:154} INFO - [2023-11-08T18:51:46.761-0500] {dag.py:2941} INFO - Sync 1 DAGs
[2023-11-08T18:51:46.770-0500] {logging_mixin.py:154} INFO - [2023-11-08T18:51:46.770-0500] {dag.py:3722} INFO - Setting next_dagrun for example_trigger_controller_dag to 2021-01-01T00:00:00+00:00, run_after=2021-01-01T00:00:00+00:00
[2023-11-08T18:51:46.780-0500] {processor.py:179} INFO - Processing /Users/az/anaconda3/envs/python38/lib/python3.8/site-packages/airflow/example_dags/example_trigger_controller_dag.py took 0.145 seconds
[2023-11-08T18:52:47.402-0500] {processor.py:157} INFO - Started process (PID=52954) to work on /Users/az/anaconda3/envs/python38/lib/python3.8/site-packages/airflow/example_dags/example_trigger_controller_dag.py
[2023-11-08T18:52:47.407-0500] {processor.py:829} INFO - Processing file /Users/az/anaconda3/envs/python38/lib/python3.8/site-packages/airflow/example_dags/example_trigger_controller_dag.py for tasks to queue
[2023-11-08T18:52:47.407-0500] {logging_mixin.py:154} INFO - [2023-11-08T18:52:47.407-0500] {dagbag.py:536} INFO - Filling up the DagBag from /Users/az/anaconda3/envs/python38/lib/python3.8/site-packages/airflow/example_dags/example_trigger_controller_dag.py
[2023-11-08T18:52:47.423-0500] {processor.py:839} INFO - DAG(s) dict_keys(['example_trigger_controller_dag']) retrieved from /Users/az/anaconda3/envs/python38/lib/python3.8/site-packages/airflow/example_dags/example_trigger_controller_dag.py
[2023-11-08T18:52:47.528-0500] {logging_mixin.py:154} INFO - [2023-11-08T18:52:47.528-0500] {dag.py:2941} INFO - Sync 1 DAGs
[2023-11-08T18:52:47.537-0500] {logging_mixin.py:154} INFO - [2023-11-08T18:52:47.537-0500] {dag.py:3722} INFO - Setting next_dagrun for example_trigger_controller_dag to 2021-01-01T00:00:00+00:00, run_after=2021-01-01T00:00:00+00:00
[2023-11-08T18:52:47.547-0500] {processor.py:179} INFO - Processing /Users/az/anaconda3/envs/python38/lib/python3.8/site-packages/airflow/example_dags/example_trigger_controller_dag.py took 0.145 seconds
[2023-11-08T18:53:49.351-0500] {processor.py:157} INFO - Started process (PID=53030) to work on /Users/az/anaconda3/envs/python38/lib/python3.8/site-packages/airflow/example_dags/example_trigger_controller_dag.py
[2023-11-08T18:53:49.355-0500] {processor.py:829} INFO - Processing file /Users/az/anaconda3/envs/python38/lib/python3.8/site-packages/airflow/example_dags/example_trigger_controller_dag.py for tasks to queue
[2023-11-08T18:53:49.356-0500] {logging_mixin.py:154} INFO - [2023-11-08T18:53:49.356-0500] {dagbag.py:536} INFO - Filling up the DagBag from /Users/az/anaconda3/envs/python38/lib/python3.8/site-packages/airflow/example_dags/example_trigger_controller_dag.py
[2023-11-08T18:53:49.371-0500] {processor.py:839} INFO - DAG(s) dict_keys(['example_trigger_controller_dag']) retrieved from /Users/az/anaconda3/envs/python38/lib/python3.8/site-packages/airflow/example_dags/example_trigger_controller_dag.py
[2023-11-08T18:53:49.476-0500] {logging_mixin.py:154} INFO - [2023-11-08T18:53:49.476-0500] {dag.py:2941} INFO - Sync 1 DAGs
[2023-11-08T18:53:49.485-0500] {logging_mixin.py:154} INFO - [2023-11-08T18:53:49.485-0500] {dag.py:3722} INFO - Setting next_dagrun for example_trigger_controller_dag to 2021-01-01T00:00:00+00:00, run_after=2021-01-01T00:00:00+00:00
[2023-11-08T18:53:49.495-0500] {processor.py:179} INFO - Processing /Users/az/anaconda3/envs/python38/lib/python3.8/site-packages/airflow/example_dags/example_trigger_controller_dag.py took 0.144 seconds
[2023-11-08T18:54:50.082-0500] {processor.py:157} INFO - Started process (PID=53117) to work on /Users/az/anaconda3/envs/python38/lib/python3.8/site-packages/airflow/example_dags/example_trigger_controller_dag.py
[2023-11-08T18:54:50.087-0500] {processor.py:829} INFO - Processing file /Users/az/anaconda3/envs/python38/lib/python3.8/site-packages/airflow/example_dags/example_trigger_controller_dag.py for tasks to queue
[2023-11-08T18:54:50.087-0500] {logging_mixin.py:154} INFO - [2023-11-08T18:54:50.087-0500] {dagbag.py:536} INFO - Filling up the DagBag from /Users/az/anaconda3/envs/python38/lib/python3.8/site-packages/airflow/example_dags/example_trigger_controller_dag.py
[2023-11-08T18:54:50.102-0500] {processor.py:839} INFO - DAG(s) dict_keys(['example_trigger_controller_dag']) retrieved from /Users/az/anaconda3/envs/python38/lib/python3.8/site-packages/airflow/example_dags/example_trigger_controller_dag.py
[2023-11-08T18:54:50.207-0500] {logging_mixin.py:154} INFO - [2023-11-08T18:54:50.207-0500] {dag.py:2941} INFO - Sync 1 DAGs
[2023-11-08T18:54:50.216-0500] {logging_mixin.py:154} INFO - [2023-11-08T18:54:50.216-0500] {dag.py:3722} INFO - Setting next_dagrun for example_trigger_controller_dag to 2021-01-01T00:00:00+00:00, run_after=2021-01-01T00:00:00+00:00
[2023-11-08T18:54:50.226-0500] {processor.py:179} INFO - Processing /Users/az/anaconda3/envs/python38/lib/python3.8/site-packages/airflow/example_dags/example_trigger_controller_dag.py took 0.144 seconds
[2023-11-08T18:55:55.556-0500] {processor.py:157} INFO - Started process (PID=53208) to work on /Users/az/anaconda3/envs/python38/lib/python3.8/site-packages/airflow/example_dags/example_trigger_controller_dag.py
[2023-11-08T18:55:55.561-0500] {processor.py:829} INFO - Processing file /Users/az/anaconda3/envs/python38/lib/python3.8/site-packages/airflow/example_dags/example_trigger_controller_dag.py for tasks to queue
[2023-11-08T18:55:55.561-0500] {logging_mixin.py:154} INFO - [2023-11-08T18:55:55.561-0500] {dagbag.py:536} INFO - Filling up the DagBag from /Users/az/anaconda3/envs/python38/lib/python3.8/site-packages/airflow/example_dags/example_trigger_controller_dag.py
[2023-11-08T18:55:55.576-0500] {processor.py:839} INFO - DAG(s) dict_keys(['example_trigger_controller_dag']) retrieved from /Users/az/anaconda3/envs/python38/lib/python3.8/site-packages/airflow/example_dags/example_trigger_controller_dag.py
[2023-11-08T18:55:55.682-0500] {logging_mixin.py:154} INFO - [2023-11-08T18:55:55.682-0500] {dag.py:2941} INFO - Sync 1 DAGs
[2023-11-08T18:55:55.691-0500] {logging_mixin.py:154} INFO - [2023-11-08T18:55:55.691-0500] {dag.py:3722} INFO - Setting next_dagrun for example_trigger_controller_dag to 2021-01-01T00:00:00+00:00, run_after=2021-01-01T00:00:00+00:00
[2023-11-08T18:55:55.701-0500] {processor.py:179} INFO - Processing /Users/az/anaconda3/envs/python38/lib/python3.8/site-packages/airflow/example_dags/example_trigger_controller_dag.py took 0.146 seconds
[2023-11-08T18:56:59.104-0500] {processor.py:157} INFO - Started process (PID=53294) to work on /Users/az/anaconda3/envs/python38/lib/python3.8/site-packages/airflow/example_dags/example_trigger_controller_dag.py
[2023-11-08T18:56:59.109-0500] {processor.py:829} INFO - Processing file /Users/az/anaconda3/envs/python38/lib/python3.8/site-packages/airflow/example_dags/example_trigger_controller_dag.py for tasks to queue
[2023-11-08T18:56:59.109-0500] {logging_mixin.py:154} INFO - [2023-11-08T18:56:59.109-0500] {dagbag.py:536} INFO - Filling up the DagBag from /Users/az/anaconda3/envs/python38/lib/python3.8/site-packages/airflow/example_dags/example_trigger_controller_dag.py
[2023-11-08T18:56:59.125-0500] {processor.py:839} INFO - DAG(s) dict_keys(['example_trigger_controller_dag']) retrieved from /Users/az/anaconda3/envs/python38/lib/python3.8/site-packages/airflow/example_dags/example_trigger_controller_dag.py
[2023-11-08T18:56:59.229-0500] {logging_mixin.py:154} INFO - [2023-11-08T18:56:59.229-0500] {dag.py:2941} INFO - Sync 1 DAGs
[2023-11-08T18:56:59.238-0500] {logging_mixin.py:154} INFO - [2023-11-08T18:56:59.238-0500] {dag.py:3722} INFO - Setting next_dagrun for example_trigger_controller_dag to 2021-01-01T00:00:00+00:00, run_after=2021-01-01T00:00:00+00:00
[2023-11-08T18:56:59.248-0500] {processor.py:179} INFO - Processing /Users/az/anaconda3/envs/python38/lib/python3.8/site-packages/airflow/example_dags/example_trigger_controller_dag.py took 0.144 seconds
[2023-11-08T18:57:59.866-0500] {processor.py:157} INFO - Started process (PID=53371) to work on /Users/az/anaconda3/envs/python38/lib/python3.8/site-packages/airflow/example_dags/example_trigger_controller_dag.py
[2023-11-08T18:57:59.871-0500] {processor.py:829} INFO - Processing file /Users/az/anaconda3/envs/python38/lib/python3.8/site-packages/airflow/example_dags/example_trigger_controller_dag.py for tasks to queue
[2023-11-08T18:57:59.871-0500] {logging_mixin.py:154} INFO - [2023-11-08T18:57:59.871-0500] {dagbag.py:536} INFO - Filling up the DagBag from /Users/az/anaconda3/envs/python38/lib/python3.8/site-packages/airflow/example_dags/example_trigger_controller_dag.py
[2023-11-08T18:57:59.887-0500] {processor.py:839} INFO - DAG(s) dict_keys(['example_trigger_controller_dag']) retrieved from /Users/az/anaconda3/envs/python38/lib/python3.8/site-packages/airflow/example_dags/example_trigger_controller_dag.py
[2023-11-08T18:58:00.001-0500] {logging_mixin.py:154} INFO - [2023-11-08T18:58:00.001-0500] {dag.py:2941} INFO - Sync 1 DAGs
[2023-11-08T18:58:00.010-0500] {logging_mixin.py:154} INFO - [2023-11-08T18:58:00.009-0500] {dag.py:3722} INFO - Setting next_dagrun for example_trigger_controller_dag to 2021-01-01T00:00:00+00:00, run_after=2021-01-01T00:00:00+00:00
[2023-11-08T18:58:00.020-0500] {processor.py:179} INFO - Processing /Users/az/anaconda3/envs/python38/lib/python3.8/site-packages/airflow/example_dags/example_trigger_controller_dag.py took 0.154 seconds
[2023-11-08T18:59:03.224-0500] {processor.py:157} INFO - Started process (PID=53445) to work on /Users/az/anaconda3/envs/python38/lib/python3.8/site-packages/airflow/example_dags/example_trigger_controller_dag.py
[2023-11-08T18:59:03.228-0500] {processor.py:829} INFO - Processing file /Users/az/anaconda3/envs/python38/lib/python3.8/site-packages/airflow/example_dags/example_trigger_controller_dag.py for tasks to queue
[2023-11-08T18:59:03.228-0500] {logging_mixin.py:154} INFO - [2023-11-08T18:59:03.228-0500] {dagbag.py:536} INFO - Filling up the DagBag from /Users/az/anaconda3/envs/python38/lib/python3.8/site-packages/airflow/example_dags/example_trigger_controller_dag.py
[2023-11-08T18:59:03.244-0500] {processor.py:839} INFO - DAG(s) dict_keys(['example_trigger_controller_dag']) retrieved from /Users/az/anaconda3/envs/python38/lib/python3.8/site-packages/airflow/example_dags/example_trigger_controller_dag.py
[2023-11-08T18:59:03.349-0500] {logging_mixin.py:154} INFO - [2023-11-08T18:59:03.349-0500] {dag.py:2941} INFO - Sync 1 DAGs
[2023-11-08T18:59:03.358-0500] {logging_mixin.py:154} INFO - [2023-11-08T18:59:03.357-0500] {dag.py:3722} INFO - Setting next_dagrun for example_trigger_controller_dag to 2021-01-01T00:00:00+00:00, run_after=2021-01-01T00:00:00+00:00
[2023-11-08T18:59:03.368-0500] {processor.py:179} INFO - Processing /Users/az/anaconda3/envs/python38/lib/python3.8/site-packages/airflow/example_dags/example_trigger_controller_dag.py took 0.145 seconds
