[2023-11-08T17:47:04.435-0500] {processor.py:157} INFO - Started process (PID=48869) to work on /Users/az/anaconda3/envs/python38/lib/python3.8/site-packages/airflow/example_dags/tutorial_taskflow_api_virtualenv.py
[2023-11-08T17:47:04.439-0500] {processor.py:829} INFO - Processing file /Users/az/anaconda3/envs/python38/lib/python3.8/site-packages/airflow/example_dags/tutorial_taskflow_api_virtualenv.py for tasks to queue
[2023-11-08T17:47:04.439-0500] {logging_mixin.py:154} INFO - [2023-11-08T17:47:04.439-0500] {dagbag.py:536} INFO - Filling up the DagBag from /Users/az/anaconda3/envs/python38/lib/python3.8/site-packages/airflow/example_dags/tutorial_taskflow_api_virtualenv.py
[2023-11-08T17:47:04.477-0500] {processor.py:839} INFO - DAG(s) dict_keys(['tutorial_taskflow_api_virtualenv']) retrieved from /Users/az/anaconda3/envs/python38/lib/python3.8/site-packages/airflow/example_dags/tutorial_taskflow_api_virtualenv.py
[2023-11-08T17:47:04.901-0500] {logging_mixin.py:154} INFO - [2023-11-08T17:47:04.901-0500] {manager.py:499} INFO - Created Permission View: %s
[2023-11-08T17:47:04.905-0500] {logging_mixin.py:154} INFO - [2023-11-08T17:47:04.905-0500] {manager.py:499} INFO - Created Permission View: %s
[2023-11-08T17:47:04.908-0500] {logging_mixin.py:154} INFO - [2023-11-08T17:47:04.908-0500] {manager.py:499} INFO - Created Permission View: %s
[2023-11-08T17:47:04.908-0500] {logging_mixin.py:154} INFO - [2023-11-08T17:47:04.908-0500] {dag.py:2941} INFO - Sync 1 DAGs
[2023-11-08T17:47:04.914-0500] {logging_mixin.py:154} INFO - [2023-11-08T17:47:04.914-0500] {dag.py:2963} INFO - Creating ORM DAG for tutorial_taskflow_api_virtualenv
[2023-11-08T17:47:04.914-0500] {logging_mixin.py:154} INFO - [2023-11-08T17:47:04.914-0500] {dag.py:3722} INFO - Setting next_dagrun for tutorial_taskflow_api_virtualenv to None, run_after=None
[2023-11-08T17:47:04.924-0500] {processor.py:179} INFO - Processing /Users/az/anaconda3/envs/python38/lib/python3.8/site-packages/airflow/example_dags/tutorial_taskflow_api_virtualenv.py took 0.490 seconds
[2023-11-08T17:48:41.298-0500] {processor.py:157} INFO - Started process (PID=49006) to work on /Users/az/anaconda3/envs/python38/lib/python3.8/site-packages/airflow/example_dags/tutorial_taskflow_api_virtualenv.py
[2023-11-08T17:48:41.302-0500] {processor.py:829} INFO - Processing file /Users/az/anaconda3/envs/python38/lib/python3.8/site-packages/airflow/example_dags/tutorial_taskflow_api_virtualenv.py for tasks to queue
[2023-11-08T17:48:41.303-0500] {logging_mixin.py:154} INFO - [2023-11-08T17:48:41.303-0500] {dagbag.py:536} INFO - Filling up the DagBag from /Users/az/anaconda3/envs/python38/lib/python3.8/site-packages/airflow/example_dags/tutorial_taskflow_api_virtualenv.py
[2023-11-08T17:48:41.341-0500] {processor.py:839} INFO - DAG(s) dict_keys(['tutorial_taskflow_api_virtualenv']) retrieved from /Users/az/anaconda3/envs/python38/lib/python3.8/site-packages/airflow/example_dags/tutorial_taskflow_api_virtualenv.py
[2023-11-08T17:48:41.453-0500] {logging_mixin.py:154} INFO - [2023-11-08T17:48:41.453-0500] {dag.py:2941} INFO - Sync 1 DAGs
[2023-11-08T17:48:41.459-0500] {logging_mixin.py:154} INFO - [2023-11-08T17:48:41.459-0500] {dag.py:3722} INFO - Setting next_dagrun for tutorial_taskflow_api_virtualenv to None, run_after=None
[2023-11-08T17:48:41.469-0500] {processor.py:179} INFO - Processing /Users/az/anaconda3/envs/python38/lib/python3.8/site-packages/airflow/example_dags/tutorial_taskflow_api_virtualenv.py took 0.171 seconds
[2023-11-08T17:49:44.447-0500] {processor.py:157} INFO - Started process (PID=49101) to work on /Users/az/anaconda3/envs/python38/lib/python3.8/site-packages/airflow/example_dags/tutorial_taskflow_api_virtualenv.py
[2023-11-08T17:49:44.452-0500] {processor.py:829} INFO - Processing file /Users/az/anaconda3/envs/python38/lib/python3.8/site-packages/airflow/example_dags/tutorial_taskflow_api_virtualenv.py for tasks to queue
[2023-11-08T17:49:44.452-0500] {logging_mixin.py:154} INFO - [2023-11-08T17:49:44.452-0500] {dagbag.py:536} INFO - Filling up the DagBag from /Users/az/anaconda3/envs/python38/lib/python3.8/site-packages/airflow/example_dags/tutorial_taskflow_api_virtualenv.py
[2023-11-08T17:49:44.488-0500] {processor.py:839} INFO - DAG(s) dict_keys(['tutorial_taskflow_api_virtualenv']) retrieved from /Users/az/anaconda3/envs/python38/lib/python3.8/site-packages/airflow/example_dags/tutorial_taskflow_api_virtualenv.py
[2023-11-08T17:49:44.594-0500] {logging_mixin.py:154} INFO - [2023-11-08T17:49:44.594-0500] {dag.py:2941} INFO - Sync 1 DAGs
[2023-11-08T17:49:44.600-0500] {logging_mixin.py:154} INFO - [2023-11-08T17:49:44.600-0500] {dag.py:3722} INFO - Setting next_dagrun for tutorial_taskflow_api_virtualenv to None, run_after=None
[2023-11-08T17:49:44.610-0500] {processor.py:179} INFO - Processing /Users/az/anaconda3/envs/python38/lib/python3.8/site-packages/airflow/example_dags/tutorial_taskflow_api_virtualenv.py took 0.164 seconds
[2023-11-08T17:50:44.426-0500] {processor.py:157} INFO - Started process (PID=49217) to work on /Users/az/anaconda3/envs/python38/lib/python3.8/site-packages/airflow/example_dags/tutorial_taskflow_api_virtualenv.py
[2023-11-08T17:50:44.431-0500] {processor.py:829} INFO - Processing file /Users/az/anaconda3/envs/python38/lib/python3.8/site-packages/airflow/example_dags/tutorial_taskflow_api_virtualenv.py for tasks to queue
[2023-11-08T17:50:44.431-0500] {logging_mixin.py:154} INFO - [2023-11-08T17:50:44.431-0500] {dagbag.py:536} INFO - Filling up the DagBag from /Users/az/anaconda3/envs/python38/lib/python3.8/site-packages/airflow/example_dags/tutorial_taskflow_api_virtualenv.py
[2023-11-08T17:50:44.463-0500] {processor.py:839} INFO - DAG(s) dict_keys(['tutorial_taskflow_api_virtualenv']) retrieved from /Users/az/anaconda3/envs/python38/lib/python3.8/site-packages/airflow/example_dags/tutorial_taskflow_api_virtualenv.py
[2023-11-08T17:50:44.565-0500] {logging_mixin.py:154} INFO - [2023-11-08T17:50:44.564-0500] {dag.py:2941} INFO - Sync 1 DAGs
[2023-11-08T17:50:44.570-0500] {logging_mixin.py:154} INFO - [2023-11-08T17:50:44.570-0500] {dag.py:3722} INFO - Setting next_dagrun for tutorial_taskflow_api_virtualenv to None, run_after=None
[2023-11-08T17:50:44.580-0500] {processor.py:179} INFO - Processing /Users/az/anaconda3/envs/python38/lib/python3.8/site-packages/airflow/example_dags/tutorial_taskflow_api_virtualenv.py took 0.154 seconds
[2023-11-08T17:51:43.567-0500] {processor.py:157} INFO - Started process (PID=49300) to work on /Users/az/anaconda3/envs/python38/lib/python3.8/site-packages/airflow/example_dags/tutorial_taskflow_api_virtualenv.py
[2023-11-08T17:51:43.571-0500] {processor.py:829} INFO - Processing file /Users/az/anaconda3/envs/python38/lib/python3.8/site-packages/airflow/example_dags/tutorial_taskflow_api_virtualenv.py for tasks to queue
[2023-11-08T17:51:43.572-0500] {logging_mixin.py:154} INFO - [2023-11-08T17:51:43.572-0500] {dagbag.py:536} INFO - Filling up the DagBag from /Users/az/anaconda3/envs/python38/lib/python3.8/site-packages/airflow/example_dags/tutorial_taskflow_api_virtualenv.py
[2023-11-08T17:51:43.606-0500] {processor.py:839} INFO - DAG(s) dict_keys(['tutorial_taskflow_api_virtualenv']) retrieved from /Users/az/anaconda3/envs/python38/lib/python3.8/site-packages/airflow/example_dags/tutorial_taskflow_api_virtualenv.py
[2023-11-08T17:51:43.715-0500] {logging_mixin.py:154} INFO - [2023-11-08T17:51:43.715-0500] {dag.py:2941} INFO - Sync 1 DAGs
[2023-11-08T17:51:43.722-0500] {logging_mixin.py:154} INFO - [2023-11-08T17:51:43.721-0500] {dag.py:3722} INFO - Setting next_dagrun for tutorial_taskflow_api_virtualenv to None, run_after=None
[2023-11-08T17:51:43.741-0500] {processor.py:179} INFO - Processing /Users/az/anaconda3/envs/python38/lib/python3.8/site-packages/airflow/example_dags/tutorial_taskflow_api_virtualenv.py took 0.175 seconds
[2023-11-08T17:52:41.094-0500] {processor.py:157} INFO - Started process (PID=49371) to work on /Users/az/anaconda3/envs/python38/lib/python3.8/site-packages/airflow/example_dags/tutorial_taskflow_api_virtualenv.py
[2023-11-08T17:52:41.098-0500] {processor.py:829} INFO - Processing file /Users/az/anaconda3/envs/python38/lib/python3.8/site-packages/airflow/example_dags/tutorial_taskflow_api_virtualenv.py for tasks to queue
[2023-11-08T17:52:41.098-0500] {logging_mixin.py:154} INFO - [2023-11-08T17:52:41.098-0500] {dagbag.py:536} INFO - Filling up the DagBag from /Users/az/anaconda3/envs/python38/lib/python3.8/site-packages/airflow/example_dags/tutorial_taskflow_api_virtualenv.py
[2023-11-08T17:52:41.130-0500] {processor.py:839} INFO - DAG(s) dict_keys(['tutorial_taskflow_api_virtualenv']) retrieved from /Users/az/anaconda3/envs/python38/lib/python3.8/site-packages/airflow/example_dags/tutorial_taskflow_api_virtualenv.py
[2023-11-08T17:52:41.231-0500] {logging_mixin.py:154} INFO - [2023-11-08T17:52:41.231-0500] {dag.py:2941} INFO - Sync 1 DAGs
[2023-11-08T17:52:41.236-0500] {logging_mixin.py:154} INFO - [2023-11-08T17:52:41.236-0500] {dag.py:3722} INFO - Setting next_dagrun for tutorial_taskflow_api_virtualenv to None, run_after=None
[2023-11-08T17:52:41.246-0500] {processor.py:179} INFO - Processing /Users/az/anaconda3/envs/python38/lib/python3.8/site-packages/airflow/example_dags/tutorial_taskflow_api_virtualenv.py took 0.153 seconds
[2023-11-08T17:53:36.165-0500] {processor.py:157} INFO - Started process (PID=49442) to work on /Users/az/anaconda3/envs/python38/lib/python3.8/site-packages/airflow/example_dags/tutorial_taskflow_api_virtualenv.py
[2023-11-08T17:53:36.168-0500] {processor.py:829} INFO - Processing file /Users/az/anaconda3/envs/python38/lib/python3.8/site-packages/airflow/example_dags/tutorial_taskflow_api_virtualenv.py for tasks to queue
[2023-11-08T17:53:36.169-0500] {logging_mixin.py:154} INFO - [2023-11-08T17:53:36.169-0500] {dagbag.py:536} INFO - Filling up the DagBag from /Users/az/anaconda3/envs/python38/lib/python3.8/site-packages/airflow/example_dags/tutorial_taskflow_api_virtualenv.py
[2023-11-08T17:53:36.201-0500] {processor.py:839} INFO - DAG(s) dict_keys(['tutorial_taskflow_api_virtualenv']) retrieved from /Users/az/anaconda3/envs/python38/lib/python3.8/site-packages/airflow/example_dags/tutorial_taskflow_api_virtualenv.py
[2023-11-08T17:53:36.302-0500] {logging_mixin.py:154} INFO - [2023-11-08T17:53:36.302-0500] {dag.py:2941} INFO - Sync 1 DAGs
[2023-11-08T17:53:36.308-0500] {logging_mixin.py:154} INFO - [2023-11-08T17:53:36.308-0500] {dag.py:3722} INFO - Setting next_dagrun for tutorial_taskflow_api_virtualenv to None, run_after=None
[2023-11-08T17:53:36.318-0500] {processor.py:179} INFO - Processing /Users/az/anaconda3/envs/python38/lib/python3.8/site-packages/airflow/example_dags/tutorial_taskflow_api_virtualenv.py took 0.154 seconds
[2023-11-08T17:54:34.615-0500] {processor.py:157} INFO - Started process (PID=49512) to work on /Users/az/anaconda3/envs/python38/lib/python3.8/site-packages/airflow/example_dags/tutorial_taskflow_api_virtualenv.py
[2023-11-08T17:54:34.620-0500] {processor.py:829} INFO - Processing file /Users/az/anaconda3/envs/python38/lib/python3.8/site-packages/airflow/example_dags/tutorial_taskflow_api_virtualenv.py for tasks to queue
[2023-11-08T17:54:34.620-0500] {logging_mixin.py:154} INFO - [2023-11-08T17:54:34.620-0500] {dagbag.py:536} INFO - Filling up the DagBag from /Users/az/anaconda3/envs/python38/lib/python3.8/site-packages/airflow/example_dags/tutorial_taskflow_api_virtualenv.py
[2023-11-08T17:54:34.653-0500] {processor.py:839} INFO - DAG(s) dict_keys(['tutorial_taskflow_api_virtualenv']) retrieved from /Users/az/anaconda3/envs/python38/lib/python3.8/site-packages/airflow/example_dags/tutorial_taskflow_api_virtualenv.py
[2023-11-08T17:54:34.756-0500] {logging_mixin.py:154} INFO - [2023-11-08T17:54:34.756-0500] {dag.py:2941} INFO - Sync 1 DAGs
[2023-11-08T17:54:34.762-0500] {logging_mixin.py:154} INFO - [2023-11-08T17:54:34.761-0500] {dag.py:3722} INFO - Setting next_dagrun for tutorial_taskflow_api_virtualenv to None, run_after=None
[2023-11-08T17:54:34.772-0500] {processor.py:179} INFO - Processing /Users/az/anaconda3/envs/python38/lib/python3.8/site-packages/airflow/example_dags/tutorial_taskflow_api_virtualenv.py took 0.157 seconds
[2023-11-08T17:55:35.048-0500] {processor.py:157} INFO - Started process (PID=49586) to work on /Users/az/anaconda3/envs/python38/lib/python3.8/site-packages/airflow/example_dags/tutorial_taskflow_api_virtualenv.py
[2023-11-08T17:55:35.052-0500] {processor.py:829} INFO - Processing file /Users/az/anaconda3/envs/python38/lib/python3.8/site-packages/airflow/example_dags/tutorial_taskflow_api_virtualenv.py for tasks to queue
[2023-11-08T17:55:35.053-0500] {logging_mixin.py:154} INFO - [2023-11-08T17:55:35.052-0500] {dagbag.py:536} INFO - Filling up the DagBag from /Users/az/anaconda3/envs/python38/lib/python3.8/site-packages/airflow/example_dags/tutorial_taskflow_api_virtualenv.py
[2023-11-08T17:55:35.085-0500] {processor.py:839} INFO - DAG(s) dict_keys(['tutorial_taskflow_api_virtualenv']) retrieved from /Users/az/anaconda3/envs/python38/lib/python3.8/site-packages/airflow/example_dags/tutorial_taskflow_api_virtualenv.py
[2023-11-08T17:55:35.188-0500] {logging_mixin.py:154} INFO - [2023-11-08T17:55:35.188-0500] {dag.py:2941} INFO - Sync 1 DAGs
[2023-11-08T17:55:35.193-0500] {logging_mixin.py:154} INFO - [2023-11-08T17:55:35.193-0500] {dag.py:3722} INFO - Setting next_dagrun for tutorial_taskflow_api_virtualenv to None, run_after=None
[2023-11-08T17:55:35.203-0500] {processor.py:179} INFO - Processing /Users/az/anaconda3/envs/python38/lib/python3.8/site-packages/airflow/example_dags/tutorial_taskflow_api_virtualenv.py took 0.156 seconds
[2023-11-08T17:56:34.751-0500] {processor.py:157} INFO - Started process (PID=49659) to work on /Users/az/anaconda3/envs/python38/lib/python3.8/site-packages/airflow/example_dags/tutorial_taskflow_api_virtualenv.py
[2023-11-08T17:56:34.756-0500] {processor.py:829} INFO - Processing file /Users/az/anaconda3/envs/python38/lib/python3.8/site-packages/airflow/example_dags/tutorial_taskflow_api_virtualenv.py for tasks to queue
[2023-11-08T17:56:34.756-0500] {logging_mixin.py:154} INFO - [2023-11-08T17:56:34.756-0500] {dagbag.py:536} INFO - Filling up the DagBag from /Users/az/anaconda3/envs/python38/lib/python3.8/site-packages/airflow/example_dags/tutorial_taskflow_api_virtualenv.py
[2023-11-08T17:56:34.789-0500] {processor.py:839} INFO - DAG(s) dict_keys(['tutorial_taskflow_api_virtualenv']) retrieved from /Users/az/anaconda3/envs/python38/lib/python3.8/site-packages/airflow/example_dags/tutorial_taskflow_api_virtualenv.py
[2023-11-08T17:56:34.890-0500] {logging_mixin.py:154} INFO - [2023-11-08T17:56:34.890-0500] {dag.py:2941} INFO - Sync 1 DAGs
[2023-11-08T17:56:34.896-0500] {logging_mixin.py:154} INFO - [2023-11-08T17:56:34.896-0500] {dag.py:3722} INFO - Setting next_dagrun for tutorial_taskflow_api_virtualenv to None, run_after=None
[2023-11-08T17:56:34.906-0500] {processor.py:179} INFO - Processing /Users/az/anaconda3/envs/python38/lib/python3.8/site-packages/airflow/example_dags/tutorial_taskflow_api_virtualenv.py took 0.155 seconds
[2023-11-08T17:57:35.282-0500] {processor.py:157} INFO - Started process (PID=49737) to work on /Users/az/anaconda3/envs/python38/lib/python3.8/site-packages/airflow/example_dags/tutorial_taskflow_api_virtualenv.py
[2023-11-08T17:57:35.287-0500] {processor.py:829} INFO - Processing file /Users/az/anaconda3/envs/python38/lib/python3.8/site-packages/airflow/example_dags/tutorial_taskflow_api_virtualenv.py for tasks to queue
[2023-11-08T17:57:35.287-0500] {logging_mixin.py:154} INFO - [2023-11-08T17:57:35.287-0500] {dagbag.py:536} INFO - Filling up the DagBag from /Users/az/anaconda3/envs/python38/lib/python3.8/site-packages/airflow/example_dags/tutorial_taskflow_api_virtualenv.py
[2023-11-08T17:57:35.322-0500] {processor.py:839} INFO - DAG(s) dict_keys(['tutorial_taskflow_api_virtualenv']) retrieved from /Users/az/anaconda3/envs/python38/lib/python3.8/site-packages/airflow/example_dags/tutorial_taskflow_api_virtualenv.py
[2023-11-08T17:57:35.435-0500] {logging_mixin.py:154} INFO - [2023-11-08T17:57:35.435-0500] {dag.py:2941} INFO - Sync 1 DAGs
[2023-11-08T17:57:35.442-0500] {logging_mixin.py:154} INFO - [2023-11-08T17:57:35.441-0500] {dag.py:3722} INFO - Setting next_dagrun for tutorial_taskflow_api_virtualenv to None, run_after=None
[2023-11-08T17:57:35.452-0500] {processor.py:179} INFO - Processing /Users/az/anaconda3/envs/python38/lib/python3.8/site-packages/airflow/example_dags/tutorial_taskflow_api_virtualenv.py took 0.170 seconds
[2023-11-08T17:58:36.167-0500] {processor.py:157} INFO - Started process (PID=49831) to work on /Users/az/anaconda3/envs/python38/lib/python3.8/site-packages/airflow/example_dags/tutorial_taskflow_api_virtualenv.py
[2023-11-08T17:58:36.172-0500] {processor.py:829} INFO - Processing file /Users/az/anaconda3/envs/python38/lib/python3.8/site-packages/airflow/example_dags/tutorial_taskflow_api_virtualenv.py for tasks to queue
[2023-11-08T17:58:36.172-0500] {logging_mixin.py:154} INFO - [2023-11-08T17:58:36.172-0500] {dagbag.py:536} INFO - Filling up the DagBag from /Users/az/anaconda3/envs/python38/lib/python3.8/site-packages/airflow/example_dags/tutorial_taskflow_api_virtualenv.py
[2023-11-08T17:58:36.206-0500] {processor.py:839} INFO - DAG(s) dict_keys(['tutorial_taskflow_api_virtualenv']) retrieved from /Users/az/anaconda3/envs/python38/lib/python3.8/site-packages/airflow/example_dags/tutorial_taskflow_api_virtualenv.py
[2023-11-08T17:58:36.308-0500] {logging_mixin.py:154} INFO - [2023-11-08T17:58:36.308-0500] {dag.py:2941} INFO - Sync 1 DAGs
[2023-11-08T17:58:36.314-0500] {logging_mixin.py:154} INFO - [2023-11-08T17:58:36.314-0500] {dag.py:3722} INFO - Setting next_dagrun for tutorial_taskflow_api_virtualenv to None, run_after=None
[2023-11-08T17:58:36.324-0500] {processor.py:179} INFO - Processing /Users/az/anaconda3/envs/python38/lib/python3.8/site-packages/airflow/example_dags/tutorial_taskflow_api_virtualenv.py took 0.157 seconds
[2023-11-08T17:59:37.546-0500] {processor.py:157} INFO - Started process (PID=49905) to work on /Users/az/anaconda3/envs/python38/lib/python3.8/site-packages/airflow/example_dags/tutorial_taskflow_api_virtualenv.py
[2023-11-08T17:59:37.553-0500] {processor.py:829} INFO - Processing file /Users/az/anaconda3/envs/python38/lib/python3.8/site-packages/airflow/example_dags/tutorial_taskflow_api_virtualenv.py for tasks to queue
[2023-11-08T17:59:37.554-0500] {logging_mixin.py:154} INFO - [2023-11-08T17:59:37.554-0500] {dagbag.py:536} INFO - Filling up the DagBag from /Users/az/anaconda3/envs/python38/lib/python3.8/site-packages/airflow/example_dags/tutorial_taskflow_api_virtualenv.py
[2023-11-08T17:59:37.603-0500] {processor.py:839} INFO - DAG(s) dict_keys(['tutorial_taskflow_api_virtualenv']) retrieved from /Users/az/anaconda3/envs/python38/lib/python3.8/site-packages/airflow/example_dags/tutorial_taskflow_api_virtualenv.py
[2023-11-08T17:59:37.763-0500] {logging_mixin.py:154} INFO - [2023-11-08T17:59:37.763-0500] {dag.py:2941} INFO - Sync 1 DAGs
[2023-11-08T17:59:37.773-0500] {logging_mixin.py:154} INFO - [2023-11-08T17:59:37.773-0500] {dag.py:3722} INFO - Setting next_dagrun for tutorial_taskflow_api_virtualenv to None, run_after=None
[2023-11-08T17:59:37.794-0500] {processor.py:179} INFO - Processing /Users/az/anaconda3/envs/python38/lib/python3.8/site-packages/airflow/example_dags/tutorial_taskflow_api_virtualenv.py took 0.249 seconds
[2023-11-08T18:00:38.545-0500] {processor.py:157} INFO - Started process (PID=49981) to work on /Users/az/anaconda3/envs/python38/lib/python3.8/site-packages/airflow/example_dags/tutorial_taskflow_api_virtualenv.py
[2023-11-08T18:00:38.549-0500] {processor.py:829} INFO - Processing file /Users/az/anaconda3/envs/python38/lib/python3.8/site-packages/airflow/example_dags/tutorial_taskflow_api_virtualenv.py for tasks to queue
[2023-11-08T18:00:38.550-0500] {logging_mixin.py:154} INFO - [2023-11-08T18:00:38.550-0500] {dagbag.py:536} INFO - Filling up the DagBag from /Users/az/anaconda3/envs/python38/lib/python3.8/site-packages/airflow/example_dags/tutorial_taskflow_api_virtualenv.py
[2023-11-08T18:00:38.582-0500] {processor.py:839} INFO - DAG(s) dict_keys(['tutorial_taskflow_api_virtualenv']) retrieved from /Users/az/anaconda3/envs/python38/lib/python3.8/site-packages/airflow/example_dags/tutorial_taskflow_api_virtualenv.py
[2023-11-08T18:00:38.683-0500] {logging_mixin.py:154} INFO - [2023-11-08T18:00:38.683-0500] {dag.py:2941} INFO - Sync 1 DAGs
[2023-11-08T18:00:38.689-0500] {logging_mixin.py:154} INFO - [2023-11-08T18:00:38.689-0500] {dag.py:3722} INFO - Setting next_dagrun for tutorial_taskflow_api_virtualenv to None, run_after=None
[2023-11-08T18:00:38.699-0500] {processor.py:179} INFO - Processing /Users/az/anaconda3/envs/python38/lib/python3.8/site-packages/airflow/example_dags/tutorial_taskflow_api_virtualenv.py took 0.155 seconds
[2023-11-08T18:01:37.042-0500] {processor.py:157} INFO - Started process (PID=50080) to work on /Users/az/anaconda3/envs/python38/lib/python3.8/site-packages/airflow/example_dags/tutorial_taskflow_api_virtualenv.py
[2023-11-08T18:01:37.048-0500] {processor.py:829} INFO - Processing file /Users/az/anaconda3/envs/python38/lib/python3.8/site-packages/airflow/example_dags/tutorial_taskflow_api_virtualenv.py for tasks to queue
[2023-11-08T18:01:37.049-0500] {logging_mixin.py:154} INFO - [2023-11-08T18:01:37.049-0500] {dagbag.py:536} INFO - Filling up the DagBag from /Users/az/anaconda3/envs/python38/lib/python3.8/site-packages/airflow/example_dags/tutorial_taskflow_api_virtualenv.py
[2023-11-08T18:01:37.092-0500] {processor.py:839} INFO - DAG(s) dict_keys(['tutorial_taskflow_api_virtualenv']) retrieved from /Users/az/anaconda3/envs/python38/lib/python3.8/site-packages/airflow/example_dags/tutorial_taskflow_api_virtualenv.py
[2023-11-08T18:01:37.235-0500] {logging_mixin.py:154} INFO - [2023-11-08T18:01:37.235-0500] {dag.py:2941} INFO - Sync 1 DAGs
[2023-11-08T18:01:37.250-0500] {logging_mixin.py:154} INFO - [2023-11-08T18:01:37.250-0500] {dag.py:3722} INFO - Setting next_dagrun for tutorial_taskflow_api_virtualenv to None, run_after=None
[2023-11-08T18:01:37.264-0500] {processor.py:179} INFO - Processing /Users/az/anaconda3/envs/python38/lib/python3.8/site-packages/airflow/example_dags/tutorial_taskflow_api_virtualenv.py took 0.222 seconds
[2023-11-08T18:02:34.894-0500] {processor.py:157} INFO - Started process (PID=50153) to work on /Users/az/anaconda3/envs/python38/lib/python3.8/site-packages/airflow/example_dags/tutorial_taskflow_api_virtualenv.py
[2023-11-08T18:02:34.899-0500] {processor.py:829} INFO - Processing file /Users/az/anaconda3/envs/python38/lib/python3.8/site-packages/airflow/example_dags/tutorial_taskflow_api_virtualenv.py for tasks to queue
[2023-11-08T18:02:34.899-0500] {logging_mixin.py:154} INFO - [2023-11-08T18:02:34.899-0500] {dagbag.py:536} INFO - Filling up the DagBag from /Users/az/anaconda3/envs/python38/lib/python3.8/site-packages/airflow/example_dags/tutorial_taskflow_api_virtualenv.py
[2023-11-08T18:02:34.931-0500] {processor.py:839} INFO - DAG(s) dict_keys(['tutorial_taskflow_api_virtualenv']) retrieved from /Users/az/anaconda3/envs/python38/lib/python3.8/site-packages/airflow/example_dags/tutorial_taskflow_api_virtualenv.py
[2023-11-08T18:02:35.033-0500] {logging_mixin.py:154} INFO - [2023-11-08T18:02:35.033-0500] {dag.py:2941} INFO - Sync 1 DAGs
[2023-11-08T18:02:35.039-0500] {logging_mixin.py:154} INFO - [2023-11-08T18:02:35.039-0500] {dag.py:3722} INFO - Setting next_dagrun for tutorial_taskflow_api_virtualenv to None, run_after=None
[2023-11-08T18:02:35.049-0500] {processor.py:179} INFO - Processing /Users/az/anaconda3/envs/python38/lib/python3.8/site-packages/airflow/example_dags/tutorial_taskflow_api_virtualenv.py took 0.156 seconds
[2023-11-08T18:03:33.508-0500] {processor.py:157} INFO - Started process (PID=50373) to work on /Users/az/anaconda3/envs/python38/lib/python3.8/site-packages/airflow/example_dags/tutorial_taskflow_api_virtualenv.py
[2023-11-08T18:03:33.513-0500] {processor.py:829} INFO - Processing file /Users/az/anaconda3/envs/python38/lib/python3.8/site-packages/airflow/example_dags/tutorial_taskflow_api_virtualenv.py for tasks to queue
[2023-11-08T18:03:33.513-0500] {logging_mixin.py:154} INFO - [2023-11-08T18:03:33.513-0500] {dagbag.py:536} INFO - Filling up the DagBag from /Users/az/anaconda3/envs/python38/lib/python3.8/site-packages/airflow/example_dags/tutorial_taskflow_api_virtualenv.py
[2023-11-08T18:03:33.549-0500] {processor.py:839} INFO - DAG(s) dict_keys(['tutorial_taskflow_api_virtualenv']) retrieved from /Users/az/anaconda3/envs/python38/lib/python3.8/site-packages/airflow/example_dags/tutorial_taskflow_api_virtualenv.py
[2023-11-08T18:03:33.654-0500] {logging_mixin.py:154} INFO - [2023-11-08T18:03:33.654-0500] {dag.py:2941} INFO - Sync 1 DAGs
[2023-11-08T18:03:33.660-0500] {logging_mixin.py:154} INFO - [2023-11-08T18:03:33.660-0500] {dag.py:3722} INFO - Setting next_dagrun for tutorial_taskflow_api_virtualenv to None, run_after=None
[2023-11-08T18:03:33.670-0500] {processor.py:179} INFO - Processing /Users/az/anaconda3/envs/python38/lib/python3.8/site-packages/airflow/example_dags/tutorial_taskflow_api_virtualenv.py took 0.162 seconds
[2023-11-08T18:04:32.700-0500] {processor.py:157} INFO - Started process (PID=50477) to work on /Users/az/anaconda3/envs/python38/lib/python3.8/site-packages/airflow/example_dags/tutorial_taskflow_api_virtualenv.py
[2023-11-08T18:04:32.705-0500] {processor.py:829} INFO - Processing file /Users/az/anaconda3/envs/python38/lib/python3.8/site-packages/airflow/example_dags/tutorial_taskflow_api_virtualenv.py for tasks to queue
[2023-11-08T18:04:32.705-0500] {logging_mixin.py:154} INFO - [2023-11-08T18:04:32.705-0500] {dagbag.py:536} INFO - Filling up the DagBag from /Users/az/anaconda3/envs/python38/lib/python3.8/site-packages/airflow/example_dags/tutorial_taskflow_api_virtualenv.py
[2023-11-08T18:04:32.737-0500] {processor.py:839} INFO - DAG(s) dict_keys(['tutorial_taskflow_api_virtualenv']) retrieved from /Users/az/anaconda3/envs/python38/lib/python3.8/site-packages/airflow/example_dags/tutorial_taskflow_api_virtualenv.py
[2023-11-08T18:04:32.839-0500] {logging_mixin.py:154} INFO - [2023-11-08T18:04:32.839-0500] {dag.py:2941} INFO - Sync 1 DAGs
[2023-11-08T18:04:32.845-0500] {logging_mixin.py:154} INFO - [2023-11-08T18:04:32.845-0500] {dag.py:3722} INFO - Setting next_dagrun for tutorial_taskflow_api_virtualenv to None, run_after=None
[2023-11-08T18:04:32.855-0500] {processor.py:179} INFO - Processing /Users/az/anaconda3/envs/python38/lib/python3.8/site-packages/airflow/example_dags/tutorial_taskflow_api_virtualenv.py took 0.156 seconds
[2023-11-08T18:05:29.880-0500] {processor.py:157} INFO - Started process (PID=50549) to work on /Users/az/anaconda3/envs/python38/lib/python3.8/site-packages/airflow/example_dags/tutorial_taskflow_api_virtualenv.py
[2023-11-08T18:05:29.884-0500] {processor.py:829} INFO - Processing file /Users/az/anaconda3/envs/python38/lib/python3.8/site-packages/airflow/example_dags/tutorial_taskflow_api_virtualenv.py for tasks to queue
[2023-11-08T18:05:29.884-0500] {logging_mixin.py:154} INFO - [2023-11-08T18:05:29.884-0500] {dagbag.py:536} INFO - Filling up the DagBag from /Users/az/anaconda3/envs/python38/lib/python3.8/site-packages/airflow/example_dags/tutorial_taskflow_api_virtualenv.py
[2023-11-08T18:05:29.917-0500] {processor.py:839} INFO - DAG(s) dict_keys(['tutorial_taskflow_api_virtualenv']) retrieved from /Users/az/anaconda3/envs/python38/lib/python3.8/site-packages/airflow/example_dags/tutorial_taskflow_api_virtualenv.py
[2023-11-08T18:05:30.020-0500] {logging_mixin.py:154} INFO - [2023-11-08T18:05:30.020-0500] {dag.py:2941} INFO - Sync 1 DAGs
[2023-11-08T18:05:30.026-0500] {logging_mixin.py:154} INFO - [2023-11-08T18:05:30.025-0500] {dag.py:3722} INFO - Setting next_dagrun for tutorial_taskflow_api_virtualenv to None, run_after=None
[2023-11-08T18:05:30.036-0500] {processor.py:179} INFO - Processing /Users/az/anaconda3/envs/python38/lib/python3.8/site-packages/airflow/example_dags/tutorial_taskflow_api_virtualenv.py took 0.156 seconds
[2023-11-08T18:06:29.831-0500] {processor.py:157} INFO - Started process (PID=50623) to work on /Users/az/anaconda3/envs/python38/lib/python3.8/site-packages/airflow/example_dags/tutorial_taskflow_api_virtualenv.py
[2023-11-08T18:06:29.835-0500] {processor.py:829} INFO - Processing file /Users/az/anaconda3/envs/python38/lib/python3.8/site-packages/airflow/example_dags/tutorial_taskflow_api_virtualenv.py for tasks to queue
[2023-11-08T18:06:29.835-0500] {logging_mixin.py:154} INFO - [2023-11-08T18:06:29.835-0500] {dagbag.py:536} INFO - Filling up the DagBag from /Users/az/anaconda3/envs/python38/lib/python3.8/site-packages/airflow/example_dags/tutorial_taskflow_api_virtualenv.py
[2023-11-08T18:06:29.870-0500] {processor.py:839} INFO - DAG(s) dict_keys(['tutorial_taskflow_api_virtualenv']) retrieved from /Users/az/anaconda3/envs/python38/lib/python3.8/site-packages/airflow/example_dags/tutorial_taskflow_api_virtualenv.py
[2023-11-08T18:06:29.982-0500] {logging_mixin.py:154} INFO - [2023-11-08T18:06:29.982-0500] {dag.py:2941} INFO - Sync 1 DAGs
[2023-11-08T18:06:29.988-0500] {logging_mixin.py:154} INFO - [2023-11-08T18:06:29.988-0500] {dag.py:3722} INFO - Setting next_dagrun for tutorial_taskflow_api_virtualenv to None, run_after=None
[2023-11-08T18:06:29.998-0500] {processor.py:179} INFO - Processing /Users/az/anaconda3/envs/python38/lib/python3.8/site-packages/airflow/example_dags/tutorial_taskflow_api_virtualenv.py took 0.167 seconds
[2023-11-08T18:07:25.263-0500] {processor.py:157} INFO - Started process (PID=50714) to work on /Users/az/anaconda3/envs/python38/lib/python3.8/site-packages/airflow/example_dags/tutorial_taskflow_api_virtualenv.py
[2023-11-08T18:07:25.270-0500] {processor.py:829} INFO - Processing file /Users/az/anaconda3/envs/python38/lib/python3.8/site-packages/airflow/example_dags/tutorial_taskflow_api_virtualenv.py for tasks to queue
[2023-11-08T18:07:25.270-0500] {logging_mixin.py:154} INFO - [2023-11-08T18:07:25.270-0500] {dagbag.py:536} INFO - Filling up the DagBag from /Users/az/anaconda3/envs/python38/lib/python3.8/site-packages/airflow/example_dags/tutorial_taskflow_api_virtualenv.py
[2023-11-08T18:07:25.309-0500] {processor.py:839} INFO - DAG(s) dict_keys(['tutorial_taskflow_api_virtualenv']) retrieved from /Users/az/anaconda3/envs/python38/lib/python3.8/site-packages/airflow/example_dags/tutorial_taskflow_api_virtualenv.py
[2023-11-08T18:07:25.414-0500] {logging_mixin.py:154} INFO - [2023-11-08T18:07:25.414-0500] {dag.py:2941} INFO - Sync 1 DAGs
[2023-11-08T18:07:25.419-0500] {logging_mixin.py:154} INFO - [2023-11-08T18:07:25.419-0500] {dag.py:3722} INFO - Setting next_dagrun for tutorial_taskflow_api_virtualenv to None, run_after=None
[2023-11-08T18:07:25.430-0500] {processor.py:179} INFO - Processing /Users/az/anaconda3/envs/python38/lib/python3.8/site-packages/airflow/example_dags/tutorial_taskflow_api_virtualenv.py took 0.168 seconds
[2023-11-08T18:08:23.013-0500] {processor.py:157} INFO - Started process (PID=50799) to work on /Users/az/anaconda3/envs/python38/lib/python3.8/site-packages/airflow/example_dags/tutorial_taskflow_api_virtualenv.py
[2023-11-08T18:08:23.019-0500] {processor.py:829} INFO - Processing file /Users/az/anaconda3/envs/python38/lib/python3.8/site-packages/airflow/example_dags/tutorial_taskflow_api_virtualenv.py for tasks to queue
[2023-11-08T18:08:23.019-0500] {logging_mixin.py:154} INFO - [2023-11-08T18:08:23.019-0500] {dagbag.py:536} INFO - Filling up the DagBag from /Users/az/anaconda3/envs/python38/lib/python3.8/site-packages/airflow/example_dags/tutorial_taskflow_api_virtualenv.py
[2023-11-08T18:08:23.067-0500] {processor.py:839} INFO - DAG(s) dict_keys(['tutorial_taskflow_api_virtualenv']) retrieved from /Users/az/anaconda3/envs/python38/lib/python3.8/site-packages/airflow/example_dags/tutorial_taskflow_api_virtualenv.py
[2023-11-08T18:08:23.177-0500] {logging_mixin.py:154} INFO - [2023-11-08T18:08:23.177-0500] {dag.py:2941} INFO - Sync 1 DAGs
[2023-11-08T18:08:23.183-0500] {logging_mixin.py:154} INFO - [2023-11-08T18:08:23.183-0500] {dag.py:3722} INFO - Setting next_dagrun for tutorial_taskflow_api_virtualenv to None, run_after=None
[2023-11-08T18:08:23.193-0500] {processor.py:179} INFO - Processing /Users/az/anaconda3/envs/python38/lib/python3.8/site-packages/airflow/example_dags/tutorial_taskflow_api_virtualenv.py took 0.180 seconds
[2023-11-08T18:09:22.453-0500] {processor.py:157} INFO - Started process (PID=50879) to work on /Users/az/anaconda3/envs/python38/lib/python3.8/site-packages/airflow/example_dags/tutorial_taskflow_api_virtualenv.py
[2023-11-08T18:09:22.458-0500] {processor.py:829} INFO - Processing file /Users/az/anaconda3/envs/python38/lib/python3.8/site-packages/airflow/example_dags/tutorial_taskflow_api_virtualenv.py for tasks to queue
[2023-11-08T18:09:22.458-0500] {logging_mixin.py:154} INFO - [2023-11-08T18:09:22.458-0500] {dagbag.py:536} INFO - Filling up the DagBag from /Users/az/anaconda3/envs/python38/lib/python3.8/site-packages/airflow/example_dags/tutorial_taskflow_api_virtualenv.py
[2023-11-08T18:09:22.490-0500] {processor.py:839} INFO - DAG(s) dict_keys(['tutorial_taskflow_api_virtualenv']) retrieved from /Users/az/anaconda3/envs/python38/lib/python3.8/site-packages/airflow/example_dags/tutorial_taskflow_api_virtualenv.py
[2023-11-08T18:09:22.593-0500] {logging_mixin.py:154} INFO - [2023-11-08T18:09:22.593-0500] {dag.py:2941} INFO - Sync 1 DAGs
[2023-11-08T18:09:22.598-0500] {logging_mixin.py:154} INFO - [2023-11-08T18:09:22.598-0500] {dag.py:3722} INFO - Setting next_dagrun for tutorial_taskflow_api_virtualenv to None, run_after=None
[2023-11-08T18:09:22.609-0500] {processor.py:179} INFO - Processing /Users/az/anaconda3/envs/python38/lib/python3.8/site-packages/airflow/example_dags/tutorial_taskflow_api_virtualenv.py took 0.156 seconds
[2023-11-08T18:10:21.762-0500] {processor.py:157} INFO - Started process (PID=50956) to work on /Users/az/anaconda3/envs/python38/lib/python3.8/site-packages/airflow/example_dags/tutorial_taskflow_api_virtualenv.py
[2023-11-08T18:10:21.765-0500] {processor.py:829} INFO - Processing file /Users/az/anaconda3/envs/python38/lib/python3.8/site-packages/airflow/example_dags/tutorial_taskflow_api_virtualenv.py for tasks to queue
[2023-11-08T18:10:21.766-0500] {logging_mixin.py:154} INFO - [2023-11-08T18:10:21.766-0500] {dagbag.py:536} INFO - Filling up the DagBag from /Users/az/anaconda3/envs/python38/lib/python3.8/site-packages/airflow/example_dags/tutorial_taskflow_api_virtualenv.py
[2023-11-08T18:10:21.798-0500] {processor.py:839} INFO - DAG(s) dict_keys(['tutorial_taskflow_api_virtualenv']) retrieved from /Users/az/anaconda3/envs/python38/lib/python3.8/site-packages/airflow/example_dags/tutorial_taskflow_api_virtualenv.py
[2023-11-08T18:10:21.900-0500] {logging_mixin.py:154} INFO - [2023-11-08T18:10:21.899-0500] {dag.py:2941} INFO - Sync 1 DAGs
[2023-11-08T18:10:21.905-0500] {logging_mixin.py:154} INFO - [2023-11-08T18:10:21.905-0500] {dag.py:3722} INFO - Setting next_dagrun for tutorial_taskflow_api_virtualenv to None, run_after=None
[2023-11-08T18:10:21.916-0500] {processor.py:179} INFO - Processing /Users/az/anaconda3/envs/python38/lib/python3.8/site-packages/airflow/example_dags/tutorial_taskflow_api_virtualenv.py took 0.154 seconds
[2023-11-08T18:11:22.182-0500] {processor.py:157} INFO - Started process (PID=51031) to work on /Users/az/anaconda3/envs/python38/lib/python3.8/site-packages/airflow/example_dags/tutorial_taskflow_api_virtualenv.py
[2023-11-08T18:11:22.186-0500] {processor.py:829} INFO - Processing file /Users/az/anaconda3/envs/python38/lib/python3.8/site-packages/airflow/example_dags/tutorial_taskflow_api_virtualenv.py for tasks to queue
[2023-11-08T18:11:22.186-0500] {logging_mixin.py:154} INFO - [2023-11-08T18:11:22.186-0500] {dagbag.py:536} INFO - Filling up the DagBag from /Users/az/anaconda3/envs/python38/lib/python3.8/site-packages/airflow/example_dags/tutorial_taskflow_api_virtualenv.py
[2023-11-08T18:11:22.218-0500] {processor.py:839} INFO - DAG(s) dict_keys(['tutorial_taskflow_api_virtualenv']) retrieved from /Users/az/anaconda3/envs/python38/lib/python3.8/site-packages/airflow/example_dags/tutorial_taskflow_api_virtualenv.py
[2023-11-08T18:11:22.320-0500] {logging_mixin.py:154} INFO - [2023-11-08T18:11:22.320-0500] {dag.py:2941} INFO - Sync 1 DAGs
[2023-11-08T18:11:22.326-0500] {logging_mixin.py:154} INFO - [2023-11-08T18:11:22.326-0500] {dag.py:3722} INFO - Setting next_dagrun for tutorial_taskflow_api_virtualenv to None, run_after=None
[2023-11-08T18:11:22.336-0500] {processor.py:179} INFO - Processing /Users/az/anaconda3/envs/python38/lib/python3.8/site-packages/airflow/example_dags/tutorial_taskflow_api_virtualenv.py took 0.154 seconds
[2023-11-08T18:17:20.087-0500] {processor.py:157} INFO - Started process (PID=51133) to work on /Users/az/anaconda3/envs/python38/lib/python3.8/site-packages/airflow/example_dags/tutorial_taskflow_api_virtualenv.py
[2023-11-08T18:17:20.092-0500] {processor.py:829} INFO - Processing file /Users/az/anaconda3/envs/python38/lib/python3.8/site-packages/airflow/example_dags/tutorial_taskflow_api_virtualenv.py for tasks to queue
[2023-11-08T18:17:20.092-0500] {logging_mixin.py:154} INFO - [2023-11-08T18:17:20.092-0500] {dagbag.py:536} INFO - Filling up the DagBag from /Users/az/anaconda3/envs/python38/lib/python3.8/site-packages/airflow/example_dags/tutorial_taskflow_api_virtualenv.py
[2023-11-08T18:17:20.124-0500] {processor.py:839} INFO - DAG(s) dict_keys(['tutorial_taskflow_api_virtualenv']) retrieved from /Users/az/anaconda3/envs/python38/lib/python3.8/site-packages/airflow/example_dags/tutorial_taskflow_api_virtualenv.py
[2023-11-08T18:17:20.228-0500] {logging_mixin.py:154} INFO - [2023-11-08T18:17:20.228-0500] {dag.py:2941} INFO - Sync 1 DAGs
[2023-11-08T18:17:20.233-0500] {logging_mixin.py:154} INFO - [2023-11-08T18:17:20.233-0500] {dag.py:3722} INFO - Setting next_dagrun for tutorial_taskflow_api_virtualenv to None, run_after=None
[2023-11-08T18:17:20.244-0500] {processor.py:179} INFO - Processing /Users/az/anaconda3/envs/python38/lib/python3.8/site-packages/airflow/example_dags/tutorial_taskflow_api_virtualenv.py took 0.157 seconds
[2023-11-08T18:23:34.873-0500] {processor.py:157} INFO - Started process (PID=51231) to work on /Users/az/anaconda3/envs/python38/lib/python3.8/site-packages/airflow/example_dags/tutorial_taskflow_api_virtualenv.py
[2023-11-08T18:23:34.878-0500] {processor.py:829} INFO - Processing file /Users/az/anaconda3/envs/python38/lib/python3.8/site-packages/airflow/example_dags/tutorial_taskflow_api_virtualenv.py for tasks to queue
[2023-11-08T18:23:34.878-0500] {logging_mixin.py:154} INFO - [2023-11-08T18:23:34.878-0500] {dagbag.py:536} INFO - Filling up the DagBag from /Users/az/anaconda3/envs/python38/lib/python3.8/site-packages/airflow/example_dags/tutorial_taskflow_api_virtualenv.py
[2023-11-08T18:23:34.910-0500] {processor.py:839} INFO - DAG(s) dict_keys(['tutorial_taskflow_api_virtualenv']) retrieved from /Users/az/anaconda3/envs/python38/lib/python3.8/site-packages/airflow/example_dags/tutorial_taskflow_api_virtualenv.py
[2023-11-08T18:23:35.012-0500] {logging_mixin.py:154} INFO - [2023-11-08T18:23:35.012-0500] {dag.py:2941} INFO - Sync 1 DAGs
[2023-11-08T18:23:35.018-0500] {logging_mixin.py:154} INFO - [2023-11-08T18:23:35.018-0500] {dag.py:3722} INFO - Setting next_dagrun for tutorial_taskflow_api_virtualenv to None, run_after=None
[2023-11-08T18:23:35.028-0500] {processor.py:179} INFO - Processing /Users/az/anaconda3/envs/python38/lib/python3.8/site-packages/airflow/example_dags/tutorial_taskflow_api_virtualenv.py took 0.155 seconds
[2023-11-08T18:31:19.988-0500] {processor.py:157} INFO - Started process (PID=51311) to work on /Users/az/anaconda3/envs/python38/lib/python3.8/site-packages/airflow/example_dags/tutorial_taskflow_api_virtualenv.py
[2023-11-08T18:31:19.992-0500] {processor.py:829} INFO - Processing file /Users/az/anaconda3/envs/python38/lib/python3.8/site-packages/airflow/example_dags/tutorial_taskflow_api_virtualenv.py for tasks to queue
[2023-11-08T18:31:19.993-0500] {logging_mixin.py:154} INFO - [2023-11-08T18:31:19.993-0500] {dagbag.py:536} INFO - Filling up the DagBag from /Users/az/anaconda3/envs/python38/lib/python3.8/site-packages/airflow/example_dags/tutorial_taskflow_api_virtualenv.py
[2023-11-08T18:31:20.025-0500] {processor.py:839} INFO - DAG(s) dict_keys(['tutorial_taskflow_api_virtualenv']) retrieved from /Users/az/anaconda3/envs/python38/lib/python3.8/site-packages/airflow/example_dags/tutorial_taskflow_api_virtualenv.py
[2023-11-08T18:31:20.127-0500] {logging_mixin.py:154} INFO - [2023-11-08T18:31:20.127-0500] {dag.py:2941} INFO - Sync 1 DAGs
[2023-11-08T18:31:20.133-0500] {logging_mixin.py:154} INFO - [2023-11-08T18:31:20.133-0500] {dag.py:3722} INFO - Setting next_dagrun for tutorial_taskflow_api_virtualenv to None, run_after=None
[2023-11-08T18:31:20.143-0500] {processor.py:179} INFO - Processing /Users/az/anaconda3/envs/python38/lib/python3.8/site-packages/airflow/example_dags/tutorial_taskflow_api_virtualenv.py took 0.156 seconds
[2023-11-08T18:32:20.089-0500] {processor.py:157} INFO - Started process (PID=51382) to work on /Users/az/anaconda3/envs/python38/lib/python3.8/site-packages/airflow/example_dags/tutorial_taskflow_api_virtualenv.py
[2023-11-08T18:32:20.093-0500] {processor.py:829} INFO - Processing file /Users/az/anaconda3/envs/python38/lib/python3.8/site-packages/airflow/example_dags/tutorial_taskflow_api_virtualenv.py for tasks to queue
[2023-11-08T18:32:20.093-0500] {logging_mixin.py:154} INFO - [2023-11-08T18:32:20.093-0500] {dagbag.py:536} INFO - Filling up the DagBag from /Users/az/anaconda3/envs/python38/lib/python3.8/site-packages/airflow/example_dags/tutorial_taskflow_api_virtualenv.py
[2023-11-08T18:32:20.125-0500] {processor.py:839} INFO - DAG(s) dict_keys(['tutorial_taskflow_api_virtualenv']) retrieved from /Users/az/anaconda3/envs/python38/lib/python3.8/site-packages/airflow/example_dags/tutorial_taskflow_api_virtualenv.py
[2023-11-08T18:32:20.228-0500] {logging_mixin.py:154} INFO - [2023-11-08T18:32:20.228-0500] {dag.py:2941} INFO - Sync 1 DAGs
[2023-11-08T18:32:20.234-0500] {logging_mixin.py:154} INFO - [2023-11-08T18:32:20.233-0500] {dag.py:3722} INFO - Setting next_dagrun for tutorial_taskflow_api_virtualenv to None, run_after=None
[2023-11-08T18:32:20.244-0500] {processor.py:179} INFO - Processing /Users/az/anaconda3/envs/python38/lib/python3.8/site-packages/airflow/example_dags/tutorial_taskflow_api_virtualenv.py took 0.156 seconds
[2023-11-08T18:33:19.261-0500] {processor.py:157} INFO - Started process (PID=51464) to work on /Users/az/anaconda3/envs/python38/lib/python3.8/site-packages/airflow/example_dags/tutorial_taskflow_api_virtualenv.py
[2023-11-08T18:33:19.266-0500] {processor.py:829} INFO - Processing file /Users/az/anaconda3/envs/python38/lib/python3.8/site-packages/airflow/example_dags/tutorial_taskflow_api_virtualenv.py for tasks to queue
[2023-11-08T18:33:19.266-0500] {logging_mixin.py:154} INFO - [2023-11-08T18:33:19.266-0500] {dagbag.py:536} INFO - Filling up the DagBag from /Users/az/anaconda3/envs/python38/lib/python3.8/site-packages/airflow/example_dags/tutorial_taskflow_api_virtualenv.py
[2023-11-08T18:33:19.301-0500] {processor.py:839} INFO - DAG(s) dict_keys(['tutorial_taskflow_api_virtualenv']) retrieved from /Users/az/anaconda3/envs/python38/lib/python3.8/site-packages/airflow/example_dags/tutorial_taskflow_api_virtualenv.py
[2023-11-08T18:33:19.404-0500] {logging_mixin.py:154} INFO - [2023-11-08T18:33:19.404-0500] {dag.py:2941} INFO - Sync 1 DAGs
[2023-11-08T18:33:19.410-0500] {logging_mixin.py:154} INFO - [2023-11-08T18:33:19.410-0500] {dag.py:3722} INFO - Setting next_dagrun for tutorial_taskflow_api_virtualenv to None, run_after=None
[2023-11-08T18:33:19.420-0500] {processor.py:179} INFO - Processing /Users/az/anaconda3/envs/python38/lib/python3.8/site-packages/airflow/example_dags/tutorial_taskflow_api_virtualenv.py took 0.160 seconds
[2023-11-08T18:34:23.947-0500] {processor.py:157} INFO - Started process (PID=51542) to work on /Users/az/anaconda3/envs/python38/lib/python3.8/site-packages/airflow/example_dags/tutorial_taskflow_api_virtualenv.py
[2023-11-08T18:34:23.951-0500] {processor.py:829} INFO - Processing file /Users/az/anaconda3/envs/python38/lib/python3.8/site-packages/airflow/example_dags/tutorial_taskflow_api_virtualenv.py for tasks to queue
[2023-11-08T18:34:23.952-0500] {logging_mixin.py:154} INFO - [2023-11-08T18:34:23.952-0500] {dagbag.py:536} INFO - Filling up the DagBag from /Users/az/anaconda3/envs/python38/lib/python3.8/site-packages/airflow/example_dags/tutorial_taskflow_api_virtualenv.py
[2023-11-08T18:34:23.984-0500] {processor.py:839} INFO - DAG(s) dict_keys(['tutorial_taskflow_api_virtualenv']) retrieved from /Users/az/anaconda3/envs/python38/lib/python3.8/site-packages/airflow/example_dags/tutorial_taskflow_api_virtualenv.py
[2023-11-08T18:34:24.092-0500] {logging_mixin.py:154} INFO - [2023-11-08T18:34:24.092-0500] {dag.py:2941} INFO - Sync 1 DAGs
[2023-11-08T18:34:24.097-0500] {logging_mixin.py:154} INFO - [2023-11-08T18:34:24.097-0500] {dag.py:3722} INFO - Setting next_dagrun for tutorial_taskflow_api_virtualenv to None, run_after=None
[2023-11-08T18:34:24.108-0500] {processor.py:179} INFO - Processing /Users/az/anaconda3/envs/python38/lib/python3.8/site-packages/airflow/example_dags/tutorial_taskflow_api_virtualenv.py took 0.161 seconds
[2023-11-08T18:35:25.386-0500] {processor.py:157} INFO - Started process (PID=51616) to work on /Users/az/anaconda3/envs/python38/lib/python3.8/site-packages/airflow/example_dags/tutorial_taskflow_api_virtualenv.py
[2023-11-08T18:35:25.390-0500] {processor.py:829} INFO - Processing file /Users/az/anaconda3/envs/python38/lib/python3.8/site-packages/airflow/example_dags/tutorial_taskflow_api_virtualenv.py for tasks to queue
[2023-11-08T18:35:25.390-0500] {logging_mixin.py:154} INFO - [2023-11-08T18:35:25.390-0500] {dagbag.py:536} INFO - Filling up the DagBag from /Users/az/anaconda3/envs/python38/lib/python3.8/site-packages/airflow/example_dags/tutorial_taskflow_api_virtualenv.py
[2023-11-08T18:35:25.422-0500] {processor.py:839} INFO - DAG(s) dict_keys(['tutorial_taskflow_api_virtualenv']) retrieved from /Users/az/anaconda3/envs/python38/lib/python3.8/site-packages/airflow/example_dags/tutorial_taskflow_api_virtualenv.py
[2023-11-08T18:35:25.525-0500] {logging_mixin.py:154} INFO - [2023-11-08T18:35:25.524-0500] {dag.py:2941} INFO - Sync 1 DAGs
[2023-11-08T18:35:25.530-0500] {logging_mixin.py:154} INFO - [2023-11-08T18:35:25.530-0500] {dag.py:3722} INFO - Setting next_dagrun for tutorial_taskflow_api_virtualenv to None, run_after=None
[2023-11-08T18:35:25.541-0500] {processor.py:179} INFO - Processing /Users/az/anaconda3/envs/python38/lib/python3.8/site-packages/airflow/example_dags/tutorial_taskflow_api_virtualenv.py took 0.155 seconds
[2023-11-08T18:36:22.664-0500] {processor.py:157} INFO - Started process (PID=51691) to work on /Users/az/anaconda3/envs/python38/lib/python3.8/site-packages/airflow/example_dags/tutorial_taskflow_api_virtualenv.py
[2023-11-08T18:36:22.669-0500] {processor.py:829} INFO - Processing file /Users/az/anaconda3/envs/python38/lib/python3.8/site-packages/airflow/example_dags/tutorial_taskflow_api_virtualenv.py for tasks to queue
[2023-11-08T18:36:22.669-0500] {logging_mixin.py:154} INFO - [2023-11-08T18:36:22.669-0500] {dagbag.py:536} INFO - Filling up the DagBag from /Users/az/anaconda3/envs/python38/lib/python3.8/site-packages/airflow/example_dags/tutorial_taskflow_api_virtualenv.py
[2023-11-08T18:36:22.701-0500] {processor.py:839} INFO - DAG(s) dict_keys(['tutorial_taskflow_api_virtualenv']) retrieved from /Users/az/anaconda3/envs/python38/lib/python3.8/site-packages/airflow/example_dags/tutorial_taskflow_api_virtualenv.py
[2023-11-08T18:36:22.804-0500] {logging_mixin.py:154} INFO - [2023-11-08T18:36:22.803-0500] {dag.py:2941} INFO - Sync 1 DAGs
[2023-11-08T18:36:22.809-0500] {logging_mixin.py:154} INFO - [2023-11-08T18:36:22.809-0500] {dag.py:3722} INFO - Setting next_dagrun for tutorial_taskflow_api_virtualenv to None, run_after=None
[2023-11-08T18:36:22.819-0500] {processor.py:179} INFO - Processing /Users/az/anaconda3/envs/python38/lib/python3.8/site-packages/airflow/example_dags/tutorial_taskflow_api_virtualenv.py took 0.156 seconds
[2023-11-08T18:37:21.038-0500] {processor.py:157} INFO - Started process (PID=51763) to work on /Users/az/anaconda3/envs/python38/lib/python3.8/site-packages/airflow/example_dags/tutorial_taskflow_api_virtualenv.py
[2023-11-08T18:37:21.043-0500] {processor.py:829} INFO - Processing file /Users/az/anaconda3/envs/python38/lib/python3.8/site-packages/airflow/example_dags/tutorial_taskflow_api_virtualenv.py for tasks to queue
[2023-11-08T18:37:21.044-0500] {logging_mixin.py:154} INFO - [2023-11-08T18:37:21.043-0500] {dagbag.py:536} INFO - Filling up the DagBag from /Users/az/anaconda3/envs/python38/lib/python3.8/site-packages/airflow/example_dags/tutorial_taskflow_api_virtualenv.py
[2023-11-08T18:37:21.076-0500] {processor.py:839} INFO - DAG(s) dict_keys(['tutorial_taskflow_api_virtualenv']) retrieved from /Users/az/anaconda3/envs/python38/lib/python3.8/site-packages/airflow/example_dags/tutorial_taskflow_api_virtualenv.py
[2023-11-08T18:37:21.178-0500] {logging_mixin.py:154} INFO - [2023-11-08T18:37:21.178-0500] {dag.py:2941} INFO - Sync 1 DAGs
[2023-11-08T18:37:21.183-0500] {logging_mixin.py:154} INFO - [2023-11-08T18:37:21.183-0500] {dag.py:3722} INFO - Setting next_dagrun for tutorial_taskflow_api_virtualenv to None, run_after=None
[2023-11-08T18:37:21.193-0500] {processor.py:179} INFO - Processing /Users/az/anaconda3/envs/python38/lib/python3.8/site-packages/airflow/example_dags/tutorial_taskflow_api_virtualenv.py took 0.155 seconds
[2023-11-08T18:38:17.193-0500] {processor.py:157} INFO - Started process (PID=51835) to work on /Users/az/anaconda3/envs/python38/lib/python3.8/site-packages/airflow/example_dags/tutorial_taskflow_api_virtualenv.py
[2023-11-08T18:38:17.198-0500] {processor.py:829} INFO - Processing file /Users/az/anaconda3/envs/python38/lib/python3.8/site-packages/airflow/example_dags/tutorial_taskflow_api_virtualenv.py for tasks to queue
[2023-11-08T18:38:17.199-0500] {logging_mixin.py:154} INFO - [2023-11-08T18:38:17.198-0500] {dagbag.py:536} INFO - Filling up the DagBag from /Users/az/anaconda3/envs/python38/lib/python3.8/site-packages/airflow/example_dags/tutorial_taskflow_api_virtualenv.py
[2023-11-08T18:38:17.231-0500] {processor.py:839} INFO - DAG(s) dict_keys(['tutorial_taskflow_api_virtualenv']) retrieved from /Users/az/anaconda3/envs/python38/lib/python3.8/site-packages/airflow/example_dags/tutorial_taskflow_api_virtualenv.py
[2023-11-08T18:38:17.335-0500] {logging_mixin.py:154} INFO - [2023-11-08T18:38:17.335-0500] {dag.py:2941} INFO - Sync 1 DAGs
[2023-11-08T18:38:17.341-0500] {logging_mixin.py:154} INFO - [2023-11-08T18:38:17.341-0500] {dag.py:3722} INFO - Setting next_dagrun for tutorial_taskflow_api_virtualenv to None, run_after=None
[2023-11-08T18:38:17.352-0500] {processor.py:179} INFO - Processing /Users/az/anaconda3/envs/python38/lib/python3.8/site-packages/airflow/example_dags/tutorial_taskflow_api_virtualenv.py took 0.158 seconds
[2023-11-08T18:39:15.720-0500] {processor.py:157} INFO - Started process (PID=51906) to work on /Users/az/anaconda3/envs/python38/lib/python3.8/site-packages/airflow/example_dags/tutorial_taskflow_api_virtualenv.py
[2023-11-08T18:39:15.724-0500] {processor.py:829} INFO - Processing file /Users/az/anaconda3/envs/python38/lib/python3.8/site-packages/airflow/example_dags/tutorial_taskflow_api_virtualenv.py for tasks to queue
[2023-11-08T18:39:15.725-0500] {logging_mixin.py:154} INFO - [2023-11-08T18:39:15.725-0500] {dagbag.py:536} INFO - Filling up the DagBag from /Users/az/anaconda3/envs/python38/lib/python3.8/site-packages/airflow/example_dags/tutorial_taskflow_api_virtualenv.py
[2023-11-08T18:39:15.757-0500] {processor.py:839} INFO - DAG(s) dict_keys(['tutorial_taskflow_api_virtualenv']) retrieved from /Users/az/anaconda3/envs/python38/lib/python3.8/site-packages/airflow/example_dags/tutorial_taskflow_api_virtualenv.py
[2023-11-08T18:39:15.859-0500] {logging_mixin.py:154} INFO - [2023-11-08T18:39:15.859-0500] {dag.py:2941} INFO - Sync 1 DAGs
[2023-11-08T18:39:15.865-0500] {logging_mixin.py:154} INFO - [2023-11-08T18:39:15.865-0500] {dag.py:3722} INFO - Setting next_dagrun for tutorial_taskflow_api_virtualenv to None, run_after=None
[2023-11-08T18:39:15.875-0500] {processor.py:179} INFO - Processing /Users/az/anaconda3/envs/python38/lib/python3.8/site-packages/airflow/example_dags/tutorial_taskflow_api_virtualenv.py took 0.156 seconds
[2023-11-08T18:40:20.733-0500] {processor.py:157} INFO - Started process (PID=51978) to work on /Users/az/anaconda3/envs/python38/lib/python3.8/site-packages/airflow/example_dags/tutorial_taskflow_api_virtualenv.py
[2023-11-08T18:40:20.738-0500] {processor.py:829} INFO - Processing file /Users/az/anaconda3/envs/python38/lib/python3.8/site-packages/airflow/example_dags/tutorial_taskflow_api_virtualenv.py for tasks to queue
[2023-11-08T18:40:20.739-0500] {logging_mixin.py:154} INFO - [2023-11-08T18:40:20.739-0500] {dagbag.py:536} INFO - Filling up the DagBag from /Users/az/anaconda3/envs/python38/lib/python3.8/site-packages/airflow/example_dags/tutorial_taskflow_api_virtualenv.py
[2023-11-08T18:40:20.771-0500] {processor.py:839} INFO - DAG(s) dict_keys(['tutorial_taskflow_api_virtualenv']) retrieved from /Users/az/anaconda3/envs/python38/lib/python3.8/site-packages/airflow/example_dags/tutorial_taskflow_api_virtualenv.py
[2023-11-08T18:40:20.873-0500] {logging_mixin.py:154} INFO - [2023-11-08T18:40:20.873-0500] {dag.py:2941} INFO - Sync 1 DAGs
[2023-11-08T18:40:20.879-0500] {logging_mixin.py:154} INFO - [2023-11-08T18:40:20.879-0500] {dag.py:3722} INFO - Setting next_dagrun for tutorial_taskflow_api_virtualenv to None, run_after=None
[2023-11-08T18:40:20.889-0500] {processor.py:179} INFO - Processing /Users/az/anaconda3/envs/python38/lib/python3.8/site-packages/airflow/example_dags/tutorial_taskflow_api_virtualenv.py took 0.156 seconds
[2023-11-08T18:41:21.556-0500] {processor.py:157} INFO - Started process (PID=52055) to work on /Users/az/anaconda3/envs/python38/lib/python3.8/site-packages/airflow/example_dags/tutorial_taskflow_api_virtualenv.py
[2023-11-08T18:41:21.560-0500] {processor.py:829} INFO - Processing file /Users/az/anaconda3/envs/python38/lib/python3.8/site-packages/airflow/example_dags/tutorial_taskflow_api_virtualenv.py for tasks to queue
[2023-11-08T18:41:21.561-0500] {logging_mixin.py:154} INFO - [2023-11-08T18:41:21.561-0500] {dagbag.py:536} INFO - Filling up the DagBag from /Users/az/anaconda3/envs/python38/lib/python3.8/site-packages/airflow/example_dags/tutorial_taskflow_api_virtualenv.py
[2023-11-08T18:41:21.592-0500] {processor.py:839} INFO - DAG(s) dict_keys(['tutorial_taskflow_api_virtualenv']) retrieved from /Users/az/anaconda3/envs/python38/lib/python3.8/site-packages/airflow/example_dags/tutorial_taskflow_api_virtualenv.py
[2023-11-08T18:41:21.694-0500] {logging_mixin.py:154} INFO - [2023-11-08T18:41:21.694-0500] {dag.py:2941} INFO - Sync 1 DAGs
[2023-11-08T18:41:21.700-0500] {logging_mixin.py:154} INFO - [2023-11-08T18:41:21.700-0500] {dag.py:3722} INFO - Setting next_dagrun for tutorial_taskflow_api_virtualenv to None, run_after=None
[2023-11-08T18:41:21.710-0500] {processor.py:179} INFO - Processing /Users/az/anaconda3/envs/python38/lib/python3.8/site-packages/airflow/example_dags/tutorial_taskflow_api_virtualenv.py took 0.154 seconds
[2023-11-08T18:42:21.197-0500] {processor.py:157} INFO - Started process (PID=52128) to work on /Users/az/anaconda3/envs/python38/lib/python3.8/site-packages/airflow/example_dags/tutorial_taskflow_api_virtualenv.py
[2023-11-08T18:42:21.202-0500] {processor.py:829} INFO - Processing file /Users/az/anaconda3/envs/python38/lib/python3.8/site-packages/airflow/example_dags/tutorial_taskflow_api_virtualenv.py for tasks to queue
[2023-11-08T18:42:21.202-0500] {logging_mixin.py:154} INFO - [2023-11-08T18:42:21.202-0500] {dagbag.py:536} INFO - Filling up the DagBag from /Users/az/anaconda3/envs/python38/lib/python3.8/site-packages/airflow/example_dags/tutorial_taskflow_api_virtualenv.py
[2023-11-08T18:42:21.235-0500] {processor.py:839} INFO - DAG(s) dict_keys(['tutorial_taskflow_api_virtualenv']) retrieved from /Users/az/anaconda3/envs/python38/lib/python3.8/site-packages/airflow/example_dags/tutorial_taskflow_api_virtualenv.py
[2023-11-08T18:42:21.337-0500] {logging_mixin.py:154} INFO - [2023-11-08T18:42:21.337-0500] {dag.py:2941} INFO - Sync 1 DAGs
[2023-11-08T18:42:21.343-0500] {logging_mixin.py:154} INFO - [2023-11-08T18:42:21.343-0500] {dag.py:3722} INFO - Setting next_dagrun for tutorial_taskflow_api_virtualenv to None, run_after=None
[2023-11-08T18:42:21.353-0500] {processor.py:179} INFO - Processing /Users/az/anaconda3/envs/python38/lib/python3.8/site-packages/airflow/example_dags/tutorial_taskflow_api_virtualenv.py took 0.156 seconds
[2023-11-08T18:43:21.813-0500] {processor.py:157} INFO - Started process (PID=52202) to work on /Users/az/anaconda3/envs/python38/lib/python3.8/site-packages/airflow/example_dags/tutorial_taskflow_api_virtualenv.py
[2023-11-08T18:43:21.817-0500] {processor.py:829} INFO - Processing file /Users/az/anaconda3/envs/python38/lib/python3.8/site-packages/airflow/example_dags/tutorial_taskflow_api_virtualenv.py for tasks to queue
[2023-11-08T18:43:21.818-0500] {logging_mixin.py:154} INFO - [2023-11-08T18:43:21.818-0500] {dagbag.py:536} INFO - Filling up the DagBag from /Users/az/anaconda3/envs/python38/lib/python3.8/site-packages/airflow/example_dags/tutorial_taskflow_api_virtualenv.py
[2023-11-08T18:43:21.851-0500] {processor.py:839} INFO - DAG(s) dict_keys(['tutorial_taskflow_api_virtualenv']) retrieved from /Users/az/anaconda3/envs/python38/lib/python3.8/site-packages/airflow/example_dags/tutorial_taskflow_api_virtualenv.py
[2023-11-08T18:43:21.961-0500] {logging_mixin.py:154} INFO - [2023-11-08T18:43:21.960-0500] {dag.py:2941} INFO - Sync 1 DAGs
[2023-11-08T18:43:21.966-0500] {logging_mixin.py:154} INFO - [2023-11-08T18:43:21.966-0500] {dag.py:3722} INFO - Setting next_dagrun for tutorial_taskflow_api_virtualenv to None, run_after=None
[2023-11-08T18:43:21.977-0500] {processor.py:179} INFO - Processing /Users/az/anaconda3/envs/python38/lib/python3.8/site-packages/airflow/example_dags/tutorial_taskflow_api_virtualenv.py took 0.165 seconds
[2023-11-08T18:44:22.863-0500] {processor.py:157} INFO - Started process (PID=52276) to work on /Users/az/anaconda3/envs/python38/lib/python3.8/site-packages/airflow/example_dags/tutorial_taskflow_api_virtualenv.py
[2023-11-08T18:44:22.868-0500] {processor.py:829} INFO - Processing file /Users/az/anaconda3/envs/python38/lib/python3.8/site-packages/airflow/example_dags/tutorial_taskflow_api_virtualenv.py for tasks to queue
[2023-11-08T18:44:22.868-0500] {logging_mixin.py:154} INFO - [2023-11-08T18:44:22.868-0500] {dagbag.py:536} INFO - Filling up the DagBag from /Users/az/anaconda3/envs/python38/lib/python3.8/site-packages/airflow/example_dags/tutorial_taskflow_api_virtualenv.py
[2023-11-08T18:44:22.900-0500] {processor.py:839} INFO - DAG(s) dict_keys(['tutorial_taskflow_api_virtualenv']) retrieved from /Users/az/anaconda3/envs/python38/lib/python3.8/site-packages/airflow/example_dags/tutorial_taskflow_api_virtualenv.py
[2023-11-08T18:44:23.004-0500] {logging_mixin.py:154} INFO - [2023-11-08T18:44:23.003-0500] {dag.py:2941} INFO - Sync 1 DAGs
[2023-11-08T18:44:23.009-0500] {logging_mixin.py:154} INFO - [2023-11-08T18:44:23.009-0500] {dag.py:3722} INFO - Setting next_dagrun for tutorial_taskflow_api_virtualenv to None, run_after=None
[2023-11-08T18:44:23.019-0500] {processor.py:179} INFO - Processing /Users/az/anaconda3/envs/python38/lib/python3.8/site-packages/airflow/example_dags/tutorial_taskflow_api_virtualenv.py took 0.157 seconds
[2023-11-08T18:45:24.463-0500] {processor.py:157} INFO - Started process (PID=52350) to work on /Users/az/anaconda3/envs/python38/lib/python3.8/site-packages/airflow/example_dags/tutorial_taskflow_api_virtualenv.py
[2023-11-08T18:45:24.468-0500] {processor.py:829} INFO - Processing file /Users/az/anaconda3/envs/python38/lib/python3.8/site-packages/airflow/example_dags/tutorial_taskflow_api_virtualenv.py for tasks to queue
[2023-11-08T18:45:24.469-0500] {logging_mixin.py:154} INFO - [2023-11-08T18:45:24.469-0500] {dagbag.py:536} INFO - Filling up the DagBag from /Users/az/anaconda3/envs/python38/lib/python3.8/site-packages/airflow/example_dags/tutorial_taskflow_api_virtualenv.py
[2023-11-08T18:45:24.501-0500] {processor.py:839} INFO - DAG(s) dict_keys(['tutorial_taskflow_api_virtualenv']) retrieved from /Users/az/anaconda3/envs/python38/lib/python3.8/site-packages/airflow/example_dags/tutorial_taskflow_api_virtualenv.py
[2023-11-08T18:45:24.604-0500] {logging_mixin.py:154} INFO - [2023-11-08T18:45:24.604-0500] {dag.py:2941} INFO - Sync 1 DAGs
[2023-11-08T18:45:24.610-0500] {logging_mixin.py:154} INFO - [2023-11-08T18:45:24.610-0500] {dag.py:3722} INFO - Setting next_dagrun for tutorial_taskflow_api_virtualenv to None, run_after=None
[2023-11-08T18:45:24.621-0500] {processor.py:179} INFO - Processing /Users/az/anaconda3/envs/python38/lib/python3.8/site-packages/airflow/example_dags/tutorial_taskflow_api_virtualenv.py took 0.158 seconds
[2023-11-08T18:46:25.979-0500] {processor.py:157} INFO - Started process (PID=52429) to work on /Users/az/anaconda3/envs/python38/lib/python3.8/site-packages/airflow/example_dags/tutorial_taskflow_api_virtualenv.py
[2023-11-08T18:46:25.984-0500] {processor.py:829} INFO - Processing file /Users/az/anaconda3/envs/python38/lib/python3.8/site-packages/airflow/example_dags/tutorial_taskflow_api_virtualenv.py for tasks to queue
[2023-11-08T18:46:25.984-0500] {logging_mixin.py:154} INFO - [2023-11-08T18:46:25.984-0500] {dagbag.py:536} INFO - Filling up the DagBag from /Users/az/anaconda3/envs/python38/lib/python3.8/site-packages/airflow/example_dags/tutorial_taskflow_api_virtualenv.py
[2023-11-08T18:46:26.018-0500] {processor.py:839} INFO - DAG(s) dict_keys(['tutorial_taskflow_api_virtualenv']) retrieved from /Users/az/anaconda3/envs/python38/lib/python3.8/site-packages/airflow/example_dags/tutorial_taskflow_api_virtualenv.py
[2023-11-08T18:46:26.120-0500] {logging_mixin.py:154} INFO - [2023-11-08T18:46:26.120-0500] {dag.py:2941} INFO - Sync 1 DAGs
[2023-11-08T18:46:26.126-0500] {logging_mixin.py:154} INFO - [2023-11-08T18:46:26.126-0500] {dag.py:3722} INFO - Setting next_dagrun for tutorial_taskflow_api_virtualenv to None, run_after=None
[2023-11-08T18:46:26.136-0500] {processor.py:179} INFO - Processing /Users/az/anaconda3/envs/python38/lib/python3.8/site-packages/airflow/example_dags/tutorial_taskflow_api_virtualenv.py took 0.157 seconds
[2023-11-08T18:47:30.916-0500] {processor.py:157} INFO - Started process (PID=52524) to work on /Users/az/anaconda3/envs/python38/lib/python3.8/site-packages/airflow/example_dags/tutorial_taskflow_api_virtualenv.py
[2023-11-08T18:47:30.921-0500] {processor.py:829} INFO - Processing file /Users/az/anaconda3/envs/python38/lib/python3.8/site-packages/airflow/example_dags/tutorial_taskflow_api_virtualenv.py for tasks to queue
[2023-11-08T18:47:30.922-0500] {logging_mixin.py:154} INFO - [2023-11-08T18:47:30.921-0500] {dagbag.py:536} INFO - Filling up the DagBag from /Users/az/anaconda3/envs/python38/lib/python3.8/site-packages/airflow/example_dags/tutorial_taskflow_api_virtualenv.py
[2023-11-08T18:47:30.954-0500] {processor.py:839} INFO - DAG(s) dict_keys(['tutorial_taskflow_api_virtualenv']) retrieved from /Users/az/anaconda3/envs/python38/lib/python3.8/site-packages/airflow/example_dags/tutorial_taskflow_api_virtualenv.py
[2023-11-08T18:47:31.057-0500] {logging_mixin.py:154} INFO - [2023-11-08T18:47:31.057-0500] {dag.py:2941} INFO - Sync 1 DAGs
[2023-11-08T18:47:31.063-0500] {logging_mixin.py:154} INFO - [2023-11-08T18:47:31.063-0500] {dag.py:3722} INFO - Setting next_dagrun for tutorial_taskflow_api_virtualenv to None, run_after=None
[2023-11-08T18:47:31.073-0500] {processor.py:179} INFO - Processing /Users/az/anaconda3/envs/python38/lib/python3.8/site-packages/airflow/example_dags/tutorial_taskflow_api_virtualenv.py took 0.157 seconds
[2023-11-08T18:48:32.166-0500] {processor.py:157} INFO - Started process (PID=52639) to work on /Users/az/anaconda3/envs/python38/lib/python3.8/site-packages/airflow/example_dags/tutorial_taskflow_api_virtualenv.py
[2023-11-08T18:48:32.171-0500] {processor.py:829} INFO - Processing file /Users/az/anaconda3/envs/python38/lib/python3.8/site-packages/airflow/example_dags/tutorial_taskflow_api_virtualenv.py for tasks to queue
[2023-11-08T18:48:32.171-0500] {logging_mixin.py:154} INFO - [2023-11-08T18:48:32.171-0500] {dagbag.py:536} INFO - Filling up the DagBag from /Users/az/anaconda3/envs/python38/lib/python3.8/site-packages/airflow/example_dags/tutorial_taskflow_api_virtualenv.py
[2023-11-08T18:48:32.203-0500] {processor.py:839} INFO - DAG(s) dict_keys(['tutorial_taskflow_api_virtualenv']) retrieved from /Users/az/anaconda3/envs/python38/lib/python3.8/site-packages/airflow/example_dags/tutorial_taskflow_api_virtualenv.py
[2023-11-08T18:48:32.306-0500] {logging_mixin.py:154} INFO - [2023-11-08T18:48:32.306-0500] {dag.py:2941} INFO - Sync 1 DAGs
[2023-11-08T18:48:32.312-0500] {logging_mixin.py:154} INFO - [2023-11-08T18:48:32.312-0500] {dag.py:3722} INFO - Setting next_dagrun for tutorial_taskflow_api_virtualenv to None, run_after=None
[2023-11-08T18:48:32.322-0500] {processor.py:179} INFO - Processing /Users/az/anaconda3/envs/python38/lib/python3.8/site-packages/airflow/example_dags/tutorial_taskflow_api_virtualenv.py took 0.157 seconds
[2023-11-08T18:49:31.444-0500] {processor.py:157} INFO - Started process (PID=52709) to work on /Users/az/anaconda3/envs/python38/lib/python3.8/site-packages/airflow/example_dags/tutorial_taskflow_api_virtualenv.py
[2023-11-08T18:49:31.448-0500] {processor.py:829} INFO - Processing file /Users/az/anaconda3/envs/python38/lib/python3.8/site-packages/airflow/example_dags/tutorial_taskflow_api_virtualenv.py for tasks to queue
[2023-11-08T18:49:31.448-0500] {logging_mixin.py:154} INFO - [2023-11-08T18:49:31.448-0500] {dagbag.py:536} INFO - Filling up the DagBag from /Users/az/anaconda3/envs/python38/lib/python3.8/site-packages/airflow/example_dags/tutorial_taskflow_api_virtualenv.py
[2023-11-08T18:49:31.480-0500] {processor.py:839} INFO - DAG(s) dict_keys(['tutorial_taskflow_api_virtualenv']) retrieved from /Users/az/anaconda3/envs/python38/lib/python3.8/site-packages/airflow/example_dags/tutorial_taskflow_api_virtualenv.py
[2023-11-08T18:49:31.582-0500] {logging_mixin.py:154} INFO - [2023-11-08T18:49:31.582-0500] {dag.py:2941} INFO - Sync 1 DAGs
[2023-11-08T18:49:31.588-0500] {logging_mixin.py:154} INFO - [2023-11-08T18:49:31.588-0500] {dag.py:3722} INFO - Setting next_dagrun for tutorial_taskflow_api_virtualenv to None, run_after=None
[2023-11-08T18:49:31.598-0500] {processor.py:179} INFO - Processing /Users/az/anaconda3/envs/python38/lib/python3.8/site-packages/airflow/example_dags/tutorial_taskflow_api_virtualenv.py took 0.155 seconds
[2023-11-08T18:50:31.805-0500] {processor.py:157} INFO - Started process (PID=52790) to work on /Users/az/anaconda3/envs/python38/lib/python3.8/site-packages/airflow/example_dags/tutorial_taskflow_api_virtualenv.py
[2023-11-08T18:50:31.809-0500] {processor.py:829} INFO - Processing file /Users/az/anaconda3/envs/python38/lib/python3.8/site-packages/airflow/example_dags/tutorial_taskflow_api_virtualenv.py for tasks to queue
[2023-11-08T18:50:31.809-0500] {logging_mixin.py:154} INFO - [2023-11-08T18:50:31.809-0500] {dagbag.py:536} INFO - Filling up the DagBag from /Users/az/anaconda3/envs/python38/lib/python3.8/site-packages/airflow/example_dags/tutorial_taskflow_api_virtualenv.py
[2023-11-08T18:50:31.845-0500] {processor.py:839} INFO - DAG(s) dict_keys(['tutorial_taskflow_api_virtualenv']) retrieved from /Users/az/anaconda3/envs/python38/lib/python3.8/site-packages/airflow/example_dags/tutorial_taskflow_api_virtualenv.py
[2023-11-08T18:50:31.952-0500] {logging_mixin.py:154} INFO - [2023-11-08T18:50:31.951-0500] {dag.py:2941} INFO - Sync 1 DAGs
[2023-11-08T18:50:31.957-0500] {logging_mixin.py:154} INFO - [2023-11-08T18:50:31.957-0500] {dag.py:3722} INFO - Setting next_dagrun for tutorial_taskflow_api_virtualenv to None, run_after=None
[2023-11-08T18:50:31.968-0500] {processor.py:179} INFO - Processing /Users/az/anaconda3/envs/python38/lib/python3.8/site-packages/airflow/example_dags/tutorial_taskflow_api_virtualenv.py took 0.163 seconds
[2023-11-08T18:51:33.076-0500] {processor.py:157} INFO - Started process (PID=52863) to work on /Users/az/anaconda3/envs/python38/lib/python3.8/site-packages/airflow/example_dags/tutorial_taskflow_api_virtualenv.py
[2023-11-08T18:51:33.080-0500] {processor.py:829} INFO - Processing file /Users/az/anaconda3/envs/python38/lib/python3.8/site-packages/airflow/example_dags/tutorial_taskflow_api_virtualenv.py for tasks to queue
[2023-11-08T18:51:33.081-0500] {logging_mixin.py:154} INFO - [2023-11-08T18:51:33.081-0500] {dagbag.py:536} INFO - Filling up the DagBag from /Users/az/anaconda3/envs/python38/lib/python3.8/site-packages/airflow/example_dags/tutorial_taskflow_api_virtualenv.py
[2023-11-08T18:51:33.113-0500] {processor.py:839} INFO - DAG(s) dict_keys(['tutorial_taskflow_api_virtualenv']) retrieved from /Users/az/anaconda3/envs/python38/lib/python3.8/site-packages/airflow/example_dags/tutorial_taskflow_api_virtualenv.py
[2023-11-08T18:51:33.215-0500] {logging_mixin.py:154} INFO - [2023-11-08T18:51:33.215-0500] {dag.py:2941} INFO - Sync 1 DAGs
[2023-11-08T18:51:33.221-0500] {logging_mixin.py:154} INFO - [2023-11-08T18:51:33.220-0500] {dag.py:3722} INFO - Setting next_dagrun for tutorial_taskflow_api_virtualenv to None, run_after=None
[2023-11-08T18:51:33.231-0500] {processor.py:179} INFO - Processing /Users/az/anaconda3/envs/python38/lib/python3.8/site-packages/airflow/example_dags/tutorial_taskflow_api_virtualenv.py took 0.155 seconds
[2023-11-08T18:52:33.798-0500] {processor.py:157} INFO - Started process (PID=52940) to work on /Users/az/anaconda3/envs/python38/lib/python3.8/site-packages/airflow/example_dags/tutorial_taskflow_api_virtualenv.py
[2023-11-08T18:52:33.802-0500] {processor.py:829} INFO - Processing file /Users/az/anaconda3/envs/python38/lib/python3.8/site-packages/airflow/example_dags/tutorial_taskflow_api_virtualenv.py for tasks to queue
[2023-11-08T18:52:33.803-0500] {logging_mixin.py:154} INFO - [2023-11-08T18:52:33.803-0500] {dagbag.py:536} INFO - Filling up the DagBag from /Users/az/anaconda3/envs/python38/lib/python3.8/site-packages/airflow/example_dags/tutorial_taskflow_api_virtualenv.py
[2023-11-08T18:52:33.835-0500] {processor.py:839} INFO - DAG(s) dict_keys(['tutorial_taskflow_api_virtualenv']) retrieved from /Users/az/anaconda3/envs/python38/lib/python3.8/site-packages/airflow/example_dags/tutorial_taskflow_api_virtualenv.py
[2023-11-08T18:52:33.938-0500] {logging_mixin.py:154} INFO - [2023-11-08T18:52:33.937-0500] {dag.py:2941} INFO - Sync 1 DAGs
[2023-11-08T18:52:33.943-0500] {logging_mixin.py:154} INFO - [2023-11-08T18:52:33.943-0500] {dag.py:3722} INFO - Setting next_dagrun for tutorial_taskflow_api_virtualenv to None, run_after=None
[2023-11-08T18:52:33.954-0500] {processor.py:179} INFO - Processing /Users/az/anaconda3/envs/python38/lib/python3.8/site-packages/airflow/example_dags/tutorial_taskflow_api_virtualenv.py took 0.156 seconds
[2023-11-08T18:53:35.478-0500] {processor.py:157} INFO - Started process (PID=53015) to work on /Users/az/anaconda3/envs/python38/lib/python3.8/site-packages/airflow/example_dags/tutorial_taskflow_api_virtualenv.py
[2023-11-08T18:53:35.483-0500] {processor.py:829} INFO - Processing file /Users/az/anaconda3/envs/python38/lib/python3.8/site-packages/airflow/example_dags/tutorial_taskflow_api_virtualenv.py for tasks to queue
[2023-11-08T18:53:35.483-0500] {logging_mixin.py:154} INFO - [2023-11-08T18:53:35.483-0500] {dagbag.py:536} INFO - Filling up the DagBag from /Users/az/anaconda3/envs/python38/lib/python3.8/site-packages/airflow/example_dags/tutorial_taskflow_api_virtualenv.py
[2023-11-08T18:53:35.518-0500] {processor.py:839} INFO - DAG(s) dict_keys(['tutorial_taskflow_api_virtualenv']) retrieved from /Users/az/anaconda3/envs/python38/lib/python3.8/site-packages/airflow/example_dags/tutorial_taskflow_api_virtualenv.py
[2023-11-08T18:53:35.621-0500] {logging_mixin.py:154} INFO - [2023-11-08T18:53:35.621-0500] {dag.py:2941} INFO - Sync 1 DAGs
[2023-11-08T18:53:35.627-0500] {logging_mixin.py:154} INFO - [2023-11-08T18:53:35.627-0500] {dag.py:3722} INFO - Setting next_dagrun for tutorial_taskflow_api_virtualenv to None, run_after=None
[2023-11-08T18:53:35.638-0500] {processor.py:179} INFO - Processing /Users/az/anaconda3/envs/python38/lib/python3.8/site-packages/airflow/example_dags/tutorial_taskflow_api_virtualenv.py took 0.161 seconds
[2023-11-08T18:54:35.976-0500] {processor.py:157} INFO - Started process (PID=53102) to work on /Users/az/anaconda3/envs/python38/lib/python3.8/site-packages/airflow/example_dags/tutorial_taskflow_api_virtualenv.py
[2023-11-08T18:54:35.981-0500] {processor.py:829} INFO - Processing file /Users/az/anaconda3/envs/python38/lib/python3.8/site-packages/airflow/example_dags/tutorial_taskflow_api_virtualenv.py for tasks to queue
[2023-11-08T18:54:35.981-0500] {logging_mixin.py:154} INFO - [2023-11-08T18:54:35.981-0500] {dagbag.py:536} INFO - Filling up the DagBag from /Users/az/anaconda3/envs/python38/lib/python3.8/site-packages/airflow/example_dags/tutorial_taskflow_api_virtualenv.py
[2023-11-08T18:54:36.013-0500] {processor.py:839} INFO - DAG(s) dict_keys(['tutorial_taskflow_api_virtualenv']) retrieved from /Users/az/anaconda3/envs/python38/lib/python3.8/site-packages/airflow/example_dags/tutorial_taskflow_api_virtualenv.py
[2023-11-08T18:54:36.116-0500] {logging_mixin.py:154} INFO - [2023-11-08T18:54:36.116-0500] {dag.py:2941} INFO - Sync 1 DAGs
[2023-11-08T18:54:36.121-0500] {logging_mixin.py:154} INFO - [2023-11-08T18:54:36.121-0500] {dag.py:3722} INFO - Setting next_dagrun for tutorial_taskflow_api_virtualenv to None, run_after=None
[2023-11-08T18:54:36.132-0500] {processor.py:179} INFO - Processing /Users/az/anaconda3/envs/python38/lib/python3.8/site-packages/airflow/example_dags/tutorial_taskflow_api_virtualenv.py took 0.156 seconds
[2023-11-08T18:55:41.440-0500] {processor.py:157} INFO - Started process (PID=53188) to work on /Users/az/anaconda3/envs/python38/lib/python3.8/site-packages/airflow/example_dags/tutorial_taskflow_api_virtualenv.py
[2023-11-08T18:55:41.445-0500] {processor.py:829} INFO - Processing file /Users/az/anaconda3/envs/python38/lib/python3.8/site-packages/airflow/example_dags/tutorial_taskflow_api_virtualenv.py for tasks to queue
[2023-11-08T18:55:41.445-0500] {logging_mixin.py:154} INFO - [2023-11-08T18:55:41.445-0500] {dagbag.py:536} INFO - Filling up the DagBag from /Users/az/anaconda3/envs/python38/lib/python3.8/site-packages/airflow/example_dags/tutorial_taskflow_api_virtualenv.py
[2023-11-08T18:55:41.481-0500] {processor.py:839} INFO - DAG(s) dict_keys(['tutorial_taskflow_api_virtualenv']) retrieved from /Users/az/anaconda3/envs/python38/lib/python3.8/site-packages/airflow/example_dags/tutorial_taskflow_api_virtualenv.py
[2023-11-08T18:55:41.589-0500] {logging_mixin.py:154} INFO - [2023-11-08T18:55:41.588-0500] {dag.py:2941} INFO - Sync 1 DAGs
[2023-11-08T18:55:41.594-0500] {logging_mixin.py:154} INFO - [2023-11-08T18:55:41.594-0500] {dag.py:3722} INFO - Setting next_dagrun for tutorial_taskflow_api_virtualenv to None, run_after=None
[2023-11-08T18:55:41.604-0500] {processor.py:179} INFO - Processing /Users/az/anaconda3/envs/python38/lib/python3.8/site-packages/airflow/example_dags/tutorial_taskflow_api_virtualenv.py took 0.164 seconds
[2023-11-08T18:56:44.954-0500] {processor.py:157} INFO - Started process (PID=53272) to work on /Users/az/anaconda3/envs/python38/lib/python3.8/site-packages/airflow/example_dags/tutorial_taskflow_api_virtualenv.py
[2023-11-08T18:56:44.958-0500] {processor.py:829} INFO - Processing file /Users/az/anaconda3/envs/python38/lib/python3.8/site-packages/airflow/example_dags/tutorial_taskflow_api_virtualenv.py for tasks to queue
[2023-11-08T18:56:44.959-0500] {logging_mixin.py:154} INFO - [2023-11-08T18:56:44.959-0500] {dagbag.py:536} INFO - Filling up the DagBag from /Users/az/anaconda3/envs/python38/lib/python3.8/site-packages/airflow/example_dags/tutorial_taskflow_api_virtualenv.py
[2023-11-08T18:56:44.991-0500] {processor.py:839} INFO - DAG(s) dict_keys(['tutorial_taskflow_api_virtualenv']) retrieved from /Users/az/anaconda3/envs/python38/lib/python3.8/site-packages/airflow/example_dags/tutorial_taskflow_api_virtualenv.py
[2023-11-08T18:56:45.094-0500] {logging_mixin.py:154} INFO - [2023-11-08T18:56:45.094-0500] {dag.py:2941} INFO - Sync 1 DAGs
[2023-11-08T18:56:45.100-0500] {logging_mixin.py:154} INFO - [2023-11-08T18:56:45.100-0500] {dag.py:3722} INFO - Setting next_dagrun for tutorial_taskflow_api_virtualenv to None, run_after=None
[2023-11-08T18:56:45.110-0500] {processor.py:179} INFO - Processing /Users/az/anaconda3/envs/python38/lib/python3.8/site-packages/airflow/example_dags/tutorial_taskflow_api_virtualenv.py took 0.157 seconds
[2023-11-08T18:57:46.464-0500] {processor.py:157} INFO - Started process (PID=53347) to work on /Users/az/anaconda3/envs/python38/lib/python3.8/site-packages/airflow/example_dags/tutorial_taskflow_api_virtualenv.py
[2023-11-08T18:57:46.468-0500] {processor.py:829} INFO - Processing file /Users/az/anaconda3/envs/python38/lib/python3.8/site-packages/airflow/example_dags/tutorial_taskflow_api_virtualenv.py for tasks to queue
[2023-11-08T18:57:46.468-0500] {logging_mixin.py:154} INFO - [2023-11-08T18:57:46.468-0500] {dagbag.py:536} INFO - Filling up the DagBag from /Users/az/anaconda3/envs/python38/lib/python3.8/site-packages/airflow/example_dags/tutorial_taskflow_api_virtualenv.py
[2023-11-08T18:57:46.500-0500] {processor.py:839} INFO - DAG(s) dict_keys(['tutorial_taskflow_api_virtualenv']) retrieved from /Users/az/anaconda3/envs/python38/lib/python3.8/site-packages/airflow/example_dags/tutorial_taskflow_api_virtualenv.py
[2023-11-08T18:57:46.603-0500] {logging_mixin.py:154} INFO - [2023-11-08T18:57:46.603-0500] {dag.py:2941} INFO - Sync 1 DAGs
[2023-11-08T18:57:46.608-0500] {logging_mixin.py:154} INFO - [2023-11-08T18:57:46.608-0500] {dag.py:3722} INFO - Setting next_dagrun for tutorial_taskflow_api_virtualenv to None, run_after=None
[2023-11-08T18:57:46.619-0500] {processor.py:179} INFO - Processing /Users/az/anaconda3/envs/python38/lib/python3.8/site-packages/airflow/example_dags/tutorial_taskflow_api_virtualenv.py took 0.155 seconds
[2023-11-08T18:58:51.143-0500] {processor.py:157} INFO - Started process (PID=53423) to work on /Users/az/anaconda3/envs/python38/lib/python3.8/site-packages/airflow/example_dags/tutorial_taskflow_api_virtualenv.py
[2023-11-08T18:58:51.148-0500] {processor.py:829} INFO - Processing file /Users/az/anaconda3/envs/python38/lib/python3.8/site-packages/airflow/example_dags/tutorial_taskflow_api_virtualenv.py for tasks to queue
[2023-11-08T18:58:51.148-0500] {logging_mixin.py:154} INFO - [2023-11-08T18:58:51.148-0500] {dagbag.py:536} INFO - Filling up the DagBag from /Users/az/anaconda3/envs/python38/lib/python3.8/site-packages/airflow/example_dags/tutorial_taskflow_api_virtualenv.py
[2023-11-08T18:58:51.180-0500] {processor.py:839} INFO - DAG(s) dict_keys(['tutorial_taskflow_api_virtualenv']) retrieved from /Users/az/anaconda3/envs/python38/lib/python3.8/site-packages/airflow/example_dags/tutorial_taskflow_api_virtualenv.py
[2023-11-08T18:58:51.283-0500] {logging_mixin.py:154} INFO - [2023-11-08T18:58:51.283-0500] {dag.py:2941} INFO - Sync 1 DAGs
[2023-11-08T18:58:51.289-0500] {logging_mixin.py:154} INFO - [2023-11-08T18:58:51.289-0500] {dag.py:3722} INFO - Setting next_dagrun for tutorial_taskflow_api_virtualenv to None, run_after=None
[2023-11-08T18:58:51.299-0500] {processor.py:179} INFO - Processing /Users/az/anaconda3/envs/python38/lib/python3.8/site-packages/airflow/example_dags/tutorial_taskflow_api_virtualenv.py took 0.156 seconds
[2023-11-08T18:59:51.296-0500] {processor.py:157} INFO - Started process (PID=53501) to work on /Users/az/anaconda3/envs/python38/lib/python3.8/site-packages/airflow/example_dags/tutorial_taskflow_api_virtualenv.py
[2023-11-08T18:59:51.300-0500] {processor.py:829} INFO - Processing file /Users/az/anaconda3/envs/python38/lib/python3.8/site-packages/airflow/example_dags/tutorial_taskflow_api_virtualenv.py for tasks to queue
[2023-11-08T18:59:51.300-0500] {logging_mixin.py:154} INFO - [2023-11-08T18:59:51.300-0500] {dagbag.py:536} INFO - Filling up the DagBag from /Users/az/anaconda3/envs/python38/lib/python3.8/site-packages/airflow/example_dags/tutorial_taskflow_api_virtualenv.py
[2023-11-08T18:59:51.332-0500] {processor.py:839} INFO - DAG(s) dict_keys(['tutorial_taskflow_api_virtualenv']) retrieved from /Users/az/anaconda3/envs/python38/lib/python3.8/site-packages/airflow/example_dags/tutorial_taskflow_api_virtualenv.py
[2023-11-08T18:59:51.434-0500] {logging_mixin.py:154} INFO - [2023-11-08T18:59:51.434-0500] {dag.py:2941} INFO - Sync 1 DAGs
[2023-11-08T18:59:51.440-0500] {logging_mixin.py:154} INFO - [2023-11-08T18:59:51.440-0500] {dag.py:3722} INFO - Setting next_dagrun for tutorial_taskflow_api_virtualenv to None, run_after=None
[2023-11-08T18:59:51.450-0500] {processor.py:179} INFO - Processing /Users/az/anaconda3/envs/python38/lib/python3.8/site-packages/airflow/example_dags/tutorial_taskflow_api_virtualenv.py took 0.155 seconds
