[2023-11-08T17:47:10.681-0500] {processor.py:157} INFO - Started process (PID=48881) to work on /Users/az/anaconda3/envs/python38/lib/python3.8/site-packages/airflow/example_dags/tutorial.py
[2023-11-08T17:47:10.685-0500] {processor.py:829} INFO - Processing file /Users/az/anaconda3/envs/python38/lib/python3.8/site-packages/airflow/example_dags/tutorial.py for tasks to queue
[2023-11-08T17:47:10.685-0500] {logging_mixin.py:154} INFO - [2023-11-08T17:47:10.685-0500] {dagbag.py:536} INFO - Filling up the DagBag from /Users/az/anaconda3/envs/python38/lib/python3.8/site-packages/airflow/example_dags/tutorial.py
[2023-11-08T17:47:10.701-0500] {processor.py:839} INFO - DAG(s) dict_keys(['tutorial']) retrieved from /Users/az/anaconda3/envs/python38/lib/python3.8/site-packages/airflow/example_dags/tutorial.py
[2023-11-08T17:47:11.053-0500] {logging_mixin.py:154} INFO - [2023-11-08T17:47:11.053-0500] {manager.py:499} INFO - Created Permission View: %s
[2023-11-08T17:47:11.058-0500] {logging_mixin.py:154} INFO - [2023-11-08T17:47:11.058-0500] {manager.py:499} INFO - Created Permission View: %s
[2023-11-08T17:47:11.061-0500] {logging_mixin.py:154} INFO - [2023-11-08T17:47:11.061-0500] {manager.py:499} INFO - Created Permission View: %s
[2023-11-08T17:47:11.062-0500] {logging_mixin.py:154} INFO - [2023-11-08T17:47:11.062-0500] {dag.py:2941} INFO - Sync 1 DAGs
[2023-11-08T17:47:11.067-0500] {logging_mixin.py:154} INFO - [2023-11-08T17:47:11.067-0500] {dag.py:2963} INFO - Creating ORM DAG for tutorial
[2023-11-08T17:47:11.072-0500] {logging_mixin.py:154} INFO - [2023-11-08T17:47:11.072-0500] {dag.py:3722} INFO - Setting next_dagrun for tutorial to 2023-11-07T22:47:11.072046+00:00, run_after=2023-11-08T22:47:11.072046+00:00
[2023-11-08T17:47:11.081-0500] {processor.py:179} INFO - Processing /Users/az/anaconda3/envs/python38/lib/python3.8/site-packages/airflow/example_dags/tutorial.py took 0.400 seconds
[2023-11-08T17:48:47.492-0500] {processor.py:157} INFO - Started process (PID=49015) to work on /Users/az/anaconda3/envs/python38/lib/python3.8/site-packages/airflow/example_dags/tutorial.py
[2023-11-08T17:48:47.496-0500] {processor.py:829} INFO - Processing file /Users/az/anaconda3/envs/python38/lib/python3.8/site-packages/airflow/example_dags/tutorial.py for tasks to queue
[2023-11-08T17:48:47.497-0500] {logging_mixin.py:154} INFO - [2023-11-08T17:48:47.497-0500] {dagbag.py:536} INFO - Filling up the DagBag from /Users/az/anaconda3/envs/python38/lib/python3.8/site-packages/airflow/example_dags/tutorial.py
[2023-11-08T17:48:47.512-0500] {processor.py:839} INFO - DAG(s) dict_keys(['tutorial']) retrieved from /Users/az/anaconda3/envs/python38/lib/python3.8/site-packages/airflow/example_dags/tutorial.py
[2023-11-08T17:48:47.620-0500] {logging_mixin.py:154} INFO - [2023-11-08T17:48:47.620-0500] {dag.py:2941} INFO - Sync 1 DAGs
[2023-11-08T17:48:47.629-0500] {logging_mixin.py:154} INFO - [2023-11-08T17:48:47.629-0500] {dag.py:3722} INFO - Setting next_dagrun for tutorial to 2023-11-07T22:48:47.629355+00:00, run_after=2023-11-08T22:48:47.629355+00:00
[2023-11-08T17:48:47.639-0500] {processor.py:179} INFO - Processing /Users/az/anaconda3/envs/python38/lib/python3.8/site-packages/airflow/example_dags/tutorial.py took 0.148 seconds
[2023-11-08T17:49:50.479-0500] {processor.py:157} INFO - Started process (PID=49108) to work on /Users/az/anaconda3/envs/python38/lib/python3.8/site-packages/airflow/example_dags/tutorial.py
[2023-11-08T17:49:50.483-0500] {processor.py:829} INFO - Processing file /Users/az/anaconda3/envs/python38/lib/python3.8/site-packages/airflow/example_dags/tutorial.py for tasks to queue
[2023-11-08T17:49:50.483-0500] {logging_mixin.py:154} INFO - [2023-11-08T17:49:50.483-0500] {dagbag.py:536} INFO - Filling up the DagBag from /Users/az/anaconda3/envs/python38/lib/python3.8/site-packages/airflow/example_dags/tutorial.py
[2023-11-08T17:49:50.499-0500] {processor.py:839} INFO - DAG(s) dict_keys(['tutorial']) retrieved from /Users/az/anaconda3/envs/python38/lib/python3.8/site-packages/airflow/example_dags/tutorial.py
[2023-11-08T17:49:50.607-0500] {logging_mixin.py:154} INFO - [2023-11-08T17:49:50.606-0500] {dag.py:2941} INFO - Sync 1 DAGs
[2023-11-08T17:49:50.616-0500] {logging_mixin.py:154} INFO - [2023-11-08T17:49:50.615-0500] {dag.py:3722} INFO - Setting next_dagrun for tutorial to 2023-11-07T22:49:50.615912+00:00, run_after=2023-11-08T22:49:50.615912+00:00
[2023-11-08T17:49:50.626-0500] {processor.py:179} INFO - Processing /Users/az/anaconda3/envs/python38/lib/python3.8/site-packages/airflow/example_dags/tutorial.py took 0.147 seconds
[2023-11-08T17:50:50.447-0500] {processor.py:157} INFO - Started process (PID=49225) to work on /Users/az/anaconda3/envs/python38/lib/python3.8/site-packages/airflow/example_dags/tutorial.py
[2023-11-08T17:50:50.452-0500] {processor.py:829} INFO - Processing file /Users/az/anaconda3/envs/python38/lib/python3.8/site-packages/airflow/example_dags/tutorial.py for tasks to queue
[2023-11-08T17:50:50.452-0500] {logging_mixin.py:154} INFO - [2023-11-08T17:50:50.452-0500] {dagbag.py:536} INFO - Filling up the DagBag from /Users/az/anaconda3/envs/python38/lib/python3.8/site-packages/airflow/example_dags/tutorial.py
[2023-11-08T17:50:50.467-0500] {processor.py:839} INFO - DAG(s) dict_keys(['tutorial']) retrieved from /Users/az/anaconda3/envs/python38/lib/python3.8/site-packages/airflow/example_dags/tutorial.py
[2023-11-08T17:50:50.575-0500] {logging_mixin.py:154} INFO - [2023-11-08T17:50:50.575-0500] {dag.py:2941} INFO - Sync 1 DAGs
[2023-11-08T17:50:50.584-0500] {logging_mixin.py:154} INFO - [2023-11-08T17:50:50.584-0500] {dag.py:3722} INFO - Setting next_dagrun for tutorial to 2023-11-07T22:50:50.584412+00:00, run_after=2023-11-08T22:50:50.584412+00:00
[2023-11-08T17:50:50.594-0500] {processor.py:179} INFO - Processing /Users/az/anaconda3/envs/python38/lib/python3.8/site-packages/airflow/example_dags/tutorial.py took 0.147 seconds
[2023-11-08T17:51:49.718-0500] {processor.py:157} INFO - Started process (PID=49307) to work on /Users/az/anaconda3/envs/python38/lib/python3.8/site-packages/airflow/example_dags/tutorial.py
[2023-11-08T17:51:49.723-0500] {processor.py:829} INFO - Processing file /Users/az/anaconda3/envs/python38/lib/python3.8/site-packages/airflow/example_dags/tutorial.py for tasks to queue
[2023-11-08T17:51:49.723-0500] {logging_mixin.py:154} INFO - [2023-11-08T17:51:49.723-0500] {dagbag.py:536} INFO - Filling up the DagBag from /Users/az/anaconda3/envs/python38/lib/python3.8/site-packages/airflow/example_dags/tutorial.py
[2023-11-08T17:51:49.752-0500] {processor.py:839} INFO - DAG(s) dict_keys(['tutorial']) retrieved from /Users/az/anaconda3/envs/python38/lib/python3.8/site-packages/airflow/example_dags/tutorial.py
[2023-11-08T17:51:49.884-0500] {logging_mixin.py:154} INFO - [2023-11-08T17:51:49.884-0500] {dag.py:2941} INFO - Sync 1 DAGs
[2023-11-08T17:51:49.899-0500] {logging_mixin.py:154} INFO - [2023-11-08T17:51:49.899-0500] {dag.py:3722} INFO - Setting next_dagrun for tutorial to 2023-11-07T22:51:49.899402+00:00, run_after=2023-11-08T22:51:49.899402+00:00
[2023-11-08T17:51:49.915-0500] {processor.py:179} INFO - Processing /Users/az/anaconda3/envs/python38/lib/python3.8/site-packages/airflow/example_dags/tutorial.py took 0.197 seconds
[2023-11-08T17:52:46.195-0500] {processor.py:157} INFO - Started process (PID=49378) to work on /Users/az/anaconda3/envs/python38/lib/python3.8/site-packages/airflow/example_dags/tutorial.py
[2023-11-08T17:52:46.198-0500] {processor.py:829} INFO - Processing file /Users/az/anaconda3/envs/python38/lib/python3.8/site-packages/airflow/example_dags/tutorial.py for tasks to queue
[2023-11-08T17:52:46.199-0500] {logging_mixin.py:154} INFO - [2023-11-08T17:52:46.199-0500] {dagbag.py:536} INFO - Filling up the DagBag from /Users/az/anaconda3/envs/python38/lib/python3.8/site-packages/airflow/example_dags/tutorial.py
[2023-11-08T17:52:46.213-0500] {processor.py:839} INFO - DAG(s) dict_keys(['tutorial']) retrieved from /Users/az/anaconda3/envs/python38/lib/python3.8/site-packages/airflow/example_dags/tutorial.py
[2023-11-08T17:52:46.322-0500] {logging_mixin.py:154} INFO - [2023-11-08T17:52:46.322-0500] {dag.py:2941} INFO - Sync 1 DAGs
[2023-11-08T17:52:46.331-0500] {logging_mixin.py:154} INFO - [2023-11-08T17:52:46.331-0500] {dag.py:3722} INFO - Setting next_dagrun for tutorial to 2023-11-07T22:52:46.331036+00:00, run_after=2023-11-08T22:52:46.331036+00:00
[2023-11-08T17:52:46.341-0500] {processor.py:179} INFO - Processing /Users/az/anaconda3/envs/python38/lib/python3.8/site-packages/airflow/example_dags/tutorial.py took 0.147 seconds
[2023-11-08T17:53:42.183-0500] {processor.py:157} INFO - Started process (PID=49449) to work on /Users/az/anaconda3/envs/python38/lib/python3.8/site-packages/airflow/example_dags/tutorial.py
[2023-11-08T17:53:42.187-0500] {processor.py:829} INFO - Processing file /Users/az/anaconda3/envs/python38/lib/python3.8/site-packages/airflow/example_dags/tutorial.py for tasks to queue
[2023-11-08T17:53:42.188-0500] {logging_mixin.py:154} INFO - [2023-11-08T17:53:42.188-0500] {dagbag.py:536} INFO - Filling up the DagBag from /Users/az/anaconda3/envs/python38/lib/python3.8/site-packages/airflow/example_dags/tutorial.py
[2023-11-08T17:53:42.202-0500] {processor.py:839} INFO - DAG(s) dict_keys(['tutorial']) retrieved from /Users/az/anaconda3/envs/python38/lib/python3.8/site-packages/airflow/example_dags/tutorial.py
[2023-11-08T17:53:42.310-0500] {logging_mixin.py:154} INFO - [2023-11-08T17:53:42.310-0500] {dag.py:2941} INFO - Sync 1 DAGs
[2023-11-08T17:53:42.319-0500] {logging_mixin.py:154} INFO - [2023-11-08T17:53:42.319-0500] {dag.py:3722} INFO - Setting next_dagrun for tutorial to 2023-11-07T22:53:42.319600+00:00, run_after=2023-11-08T22:53:42.319600+00:00
[2023-11-08T17:53:42.329-0500] {processor.py:179} INFO - Processing /Users/az/anaconda3/envs/python38/lib/python3.8/site-packages/airflow/example_dags/tutorial.py took 0.146 seconds
[2023-11-08T17:54:39.868-0500] {processor.py:157} INFO - Started process (PID=49521) to work on /Users/az/anaconda3/envs/python38/lib/python3.8/site-packages/airflow/example_dags/tutorial.py
[2023-11-08T17:54:39.873-0500] {processor.py:829} INFO - Processing file /Users/az/anaconda3/envs/python38/lib/python3.8/site-packages/airflow/example_dags/tutorial.py for tasks to queue
[2023-11-08T17:54:39.873-0500] {logging_mixin.py:154} INFO - [2023-11-08T17:54:39.873-0500] {dagbag.py:536} INFO - Filling up the DagBag from /Users/az/anaconda3/envs/python38/lib/python3.8/site-packages/airflow/example_dags/tutorial.py
[2023-11-08T17:54:39.888-0500] {processor.py:839} INFO - DAG(s) dict_keys(['tutorial']) retrieved from /Users/az/anaconda3/envs/python38/lib/python3.8/site-packages/airflow/example_dags/tutorial.py
[2023-11-08T17:54:39.996-0500] {logging_mixin.py:154} INFO - [2023-11-08T17:54:39.996-0500] {dag.py:2941} INFO - Sync 1 DAGs
[2023-11-08T17:54:40.005-0500] {logging_mixin.py:154} INFO - [2023-11-08T17:54:40.005-0500] {dag.py:3722} INFO - Setting next_dagrun for tutorial to 2023-11-07T22:54:40.005726+00:00, run_after=2023-11-08T22:54:40.005726+00:00
[2023-11-08T17:54:40.015-0500] {processor.py:179} INFO - Processing /Users/az/anaconda3/envs/python38/lib/python3.8/site-packages/airflow/example_dags/tutorial.py took 0.148 seconds
[2023-11-08T17:55:40.203-0500] {processor.py:157} INFO - Started process (PID=49592) to work on /Users/az/anaconda3/envs/python38/lib/python3.8/site-packages/airflow/example_dags/tutorial.py
[2023-11-08T17:55:40.207-0500] {processor.py:829} INFO - Processing file /Users/az/anaconda3/envs/python38/lib/python3.8/site-packages/airflow/example_dags/tutorial.py for tasks to queue
[2023-11-08T17:55:40.208-0500] {logging_mixin.py:154} INFO - [2023-11-08T17:55:40.208-0500] {dagbag.py:536} INFO - Filling up the DagBag from /Users/az/anaconda3/envs/python38/lib/python3.8/site-packages/airflow/example_dags/tutorial.py
[2023-11-08T17:55:40.222-0500] {processor.py:839} INFO - DAG(s) dict_keys(['tutorial']) retrieved from /Users/az/anaconda3/envs/python38/lib/python3.8/site-packages/airflow/example_dags/tutorial.py
[2023-11-08T17:55:40.330-0500] {logging_mixin.py:154} INFO - [2023-11-08T17:55:40.330-0500] {dag.py:2941} INFO - Sync 1 DAGs
[2023-11-08T17:55:40.339-0500] {logging_mixin.py:154} INFO - [2023-11-08T17:55:40.339-0500] {dag.py:3722} INFO - Setting next_dagrun for tutorial to 2023-11-07T22:55:40.339718+00:00, run_after=2023-11-08T22:55:40.339718+00:00
[2023-11-08T17:55:40.349-0500] {processor.py:179} INFO - Processing /Users/az/anaconda3/envs/python38/lib/python3.8/site-packages/airflow/example_dags/tutorial.py took 0.147 seconds
[2023-11-08T17:56:39.844-0500] {processor.py:157} INFO - Started process (PID=49666) to work on /Users/az/anaconda3/envs/python38/lib/python3.8/site-packages/airflow/example_dags/tutorial.py
[2023-11-08T17:56:39.849-0500] {processor.py:829} INFO - Processing file /Users/az/anaconda3/envs/python38/lib/python3.8/site-packages/airflow/example_dags/tutorial.py for tasks to queue
[2023-11-08T17:56:39.849-0500] {logging_mixin.py:154} INFO - [2023-11-08T17:56:39.849-0500] {dagbag.py:536} INFO - Filling up the DagBag from /Users/az/anaconda3/envs/python38/lib/python3.8/site-packages/airflow/example_dags/tutorial.py
[2023-11-08T17:56:39.864-0500] {processor.py:839} INFO - DAG(s) dict_keys(['tutorial']) retrieved from /Users/az/anaconda3/envs/python38/lib/python3.8/site-packages/airflow/example_dags/tutorial.py
[2023-11-08T17:56:39.972-0500] {logging_mixin.py:154} INFO - [2023-11-08T17:56:39.972-0500] {dag.py:2941} INFO - Sync 1 DAGs
[2023-11-08T17:56:39.981-0500] {logging_mixin.py:154} INFO - [2023-11-08T17:56:39.981-0500] {dag.py:3722} INFO - Setting next_dagrun for tutorial to 2023-11-07T22:56:39.981170+00:00, run_after=2023-11-08T22:56:39.981170+00:00
[2023-11-08T17:56:39.991-0500] {processor.py:179} INFO - Processing /Users/az/anaconda3/envs/python38/lib/python3.8/site-packages/airflow/example_dags/tutorial.py took 0.147 seconds
[2023-11-08T17:57:41.359-0500] {processor.py:157} INFO - Started process (PID=49743) to work on /Users/az/anaconda3/envs/python38/lib/python3.8/site-packages/airflow/example_dags/tutorial.py
[2023-11-08T17:57:41.363-0500] {processor.py:829} INFO - Processing file /Users/az/anaconda3/envs/python38/lib/python3.8/site-packages/airflow/example_dags/tutorial.py for tasks to queue
[2023-11-08T17:57:41.363-0500] {logging_mixin.py:154} INFO - [2023-11-08T17:57:41.363-0500] {dagbag.py:536} INFO - Filling up the DagBag from /Users/az/anaconda3/envs/python38/lib/python3.8/site-packages/airflow/example_dags/tutorial.py
[2023-11-08T17:57:41.380-0500] {processor.py:839} INFO - DAG(s) dict_keys(['tutorial']) retrieved from /Users/az/anaconda3/envs/python38/lib/python3.8/site-packages/airflow/example_dags/tutorial.py
[2023-11-08T17:57:41.497-0500] {logging_mixin.py:154} INFO - [2023-11-08T17:57:41.497-0500] {dag.py:2941} INFO - Sync 1 DAGs
[2023-11-08T17:57:41.507-0500] {logging_mixin.py:154} INFO - [2023-11-08T17:57:41.507-0500] {dag.py:3722} INFO - Setting next_dagrun for tutorial to 2023-11-07T22:57:41.507203+00:00, run_after=2023-11-08T22:57:41.507203+00:00
[2023-11-08T17:57:41.519-0500] {processor.py:179} INFO - Processing /Users/az/anaconda3/envs/python38/lib/python3.8/site-packages/airflow/example_dags/tutorial.py took 0.160 seconds
[2023-11-08T17:58:42.266-0500] {processor.py:157} INFO - Started process (PID=49838) to work on /Users/az/anaconda3/envs/python38/lib/python3.8/site-packages/airflow/example_dags/tutorial.py
[2023-11-08T17:58:42.271-0500] {processor.py:829} INFO - Processing file /Users/az/anaconda3/envs/python38/lib/python3.8/site-packages/airflow/example_dags/tutorial.py for tasks to queue
[2023-11-08T17:58:42.271-0500] {logging_mixin.py:154} INFO - [2023-11-08T17:58:42.271-0500] {dagbag.py:536} INFO - Filling up the DagBag from /Users/az/anaconda3/envs/python38/lib/python3.8/site-packages/airflow/example_dags/tutorial.py
[2023-11-08T17:58:42.286-0500] {processor.py:839} INFO - DAG(s) dict_keys(['tutorial']) retrieved from /Users/az/anaconda3/envs/python38/lib/python3.8/site-packages/airflow/example_dags/tutorial.py
[2023-11-08T17:58:42.395-0500] {logging_mixin.py:154} INFO - [2023-11-08T17:58:42.394-0500] {dag.py:2941} INFO - Sync 1 DAGs
[2023-11-08T17:58:42.404-0500] {logging_mixin.py:154} INFO - [2023-11-08T17:58:42.404-0500] {dag.py:3722} INFO - Setting next_dagrun for tutorial to 2023-11-07T22:58:42.404033+00:00, run_after=2023-11-08T22:58:42.404033+00:00
[2023-11-08T17:58:42.414-0500] {processor.py:179} INFO - Processing /Users/az/anaconda3/envs/python38/lib/python3.8/site-packages/airflow/example_dags/tutorial.py took 0.148 seconds
[2023-11-08T17:59:43.482-0500] {processor.py:157} INFO - Started process (PID=49912) to work on /Users/az/anaconda3/envs/python38/lib/python3.8/site-packages/airflow/example_dags/tutorial.py
[2023-11-08T17:59:43.486-0500] {processor.py:829} INFO - Processing file /Users/az/anaconda3/envs/python38/lib/python3.8/site-packages/airflow/example_dags/tutorial.py for tasks to queue
[2023-11-08T17:59:43.487-0500] {logging_mixin.py:154} INFO - [2023-11-08T17:59:43.486-0500] {dagbag.py:536} INFO - Filling up the DagBag from /Users/az/anaconda3/envs/python38/lib/python3.8/site-packages/airflow/example_dags/tutorial.py
[2023-11-08T17:59:43.501-0500] {processor.py:839} INFO - DAG(s) dict_keys(['tutorial']) retrieved from /Users/az/anaconda3/envs/python38/lib/python3.8/site-packages/airflow/example_dags/tutorial.py
[2023-11-08T17:59:43.609-0500] {logging_mixin.py:154} INFO - [2023-11-08T17:59:43.609-0500] {dag.py:2941} INFO - Sync 1 DAGs
[2023-11-08T17:59:43.618-0500] {logging_mixin.py:154} INFO - [2023-11-08T17:59:43.618-0500] {dag.py:3722} INFO - Setting next_dagrun for tutorial to 2023-11-07T22:59:43.618715+00:00, run_after=2023-11-08T22:59:43.618715+00:00
[2023-11-08T17:59:43.629-0500] {processor.py:179} INFO - Processing /Users/az/anaconda3/envs/python38/lib/python3.8/site-packages/airflow/example_dags/tutorial.py took 0.147 seconds
[2023-11-08T18:00:43.750-0500] {processor.py:157} INFO - Started process (PID=49988) to work on /Users/az/anaconda3/envs/python38/lib/python3.8/site-packages/airflow/example_dags/tutorial.py
[2023-11-08T18:00:43.755-0500] {processor.py:829} INFO - Processing file /Users/az/anaconda3/envs/python38/lib/python3.8/site-packages/airflow/example_dags/tutorial.py for tasks to queue
[2023-11-08T18:00:43.755-0500] {logging_mixin.py:154} INFO - [2023-11-08T18:00:43.755-0500] {dagbag.py:536} INFO - Filling up the DagBag from /Users/az/anaconda3/envs/python38/lib/python3.8/site-packages/airflow/example_dags/tutorial.py
[2023-11-08T18:00:43.770-0500] {processor.py:839} INFO - DAG(s) dict_keys(['tutorial']) retrieved from /Users/az/anaconda3/envs/python38/lib/python3.8/site-packages/airflow/example_dags/tutorial.py
[2023-11-08T18:00:43.879-0500] {logging_mixin.py:154} INFO - [2023-11-08T18:00:43.879-0500] {dag.py:2941} INFO - Sync 1 DAGs
[2023-11-08T18:00:43.888-0500] {logging_mixin.py:154} INFO - [2023-11-08T18:00:43.888-0500] {dag.py:3722} INFO - Setting next_dagrun for tutorial to 2023-11-07T23:00:43.888301+00:00, run_after=2023-11-08T23:00:43.888301+00:00
[2023-11-08T18:00:43.898-0500] {processor.py:179} INFO - Processing /Users/az/anaconda3/envs/python38/lib/python3.8/site-packages/airflow/example_dags/tutorial.py took 0.149 seconds
[2023-11-08T18:01:43.202-0500] {processor.py:157} INFO - Started process (PID=50090) to work on /Users/az/anaconda3/envs/python38/lib/python3.8/site-packages/airflow/example_dags/tutorial.py
[2023-11-08T18:01:43.207-0500] {processor.py:829} INFO - Processing file /Users/az/anaconda3/envs/python38/lib/python3.8/site-packages/airflow/example_dags/tutorial.py for tasks to queue
[2023-11-08T18:01:43.207-0500] {logging_mixin.py:154} INFO - [2023-11-08T18:01:43.207-0500] {dagbag.py:536} INFO - Filling up the DagBag from /Users/az/anaconda3/envs/python38/lib/python3.8/site-packages/airflow/example_dags/tutorial.py
[2023-11-08T18:01:43.223-0500] {processor.py:839} INFO - DAG(s) dict_keys(['tutorial']) retrieved from /Users/az/anaconda3/envs/python38/lib/python3.8/site-packages/airflow/example_dags/tutorial.py
[2023-11-08T18:01:43.337-0500] {logging_mixin.py:154} INFO - [2023-11-08T18:01:43.337-0500] {dag.py:2941} INFO - Sync 1 DAGs
[2023-11-08T18:01:43.346-0500] {logging_mixin.py:154} INFO - [2023-11-08T18:01:43.346-0500] {dag.py:3722} INFO - Setting next_dagrun for tutorial to 2023-11-07T23:01:43.346406+00:00, run_after=2023-11-08T23:01:43.346406+00:00
[2023-11-08T18:01:43.357-0500] {processor.py:179} INFO - Processing /Users/az/anaconda3/envs/python38/lib/python3.8/site-packages/airflow/example_dags/tutorial.py took 0.155 seconds
[2023-11-08T18:02:40.941-0500] {processor.py:157} INFO - Started process (PID=50180) to work on /Users/az/anaconda3/envs/python38/lib/python3.8/site-packages/airflow/example_dags/tutorial.py
[2023-11-08T18:02:40.946-0500] {processor.py:829} INFO - Processing file /Users/az/anaconda3/envs/python38/lib/python3.8/site-packages/airflow/example_dags/tutorial.py for tasks to queue
[2023-11-08T18:02:40.946-0500] {logging_mixin.py:154} INFO - [2023-11-08T18:02:40.946-0500] {dagbag.py:536} INFO - Filling up the DagBag from /Users/az/anaconda3/envs/python38/lib/python3.8/site-packages/airflow/example_dags/tutorial.py
[2023-11-08T18:02:40.961-0500] {processor.py:839} INFO - DAG(s) dict_keys(['tutorial']) retrieved from /Users/az/anaconda3/envs/python38/lib/python3.8/site-packages/airflow/example_dags/tutorial.py
[2023-11-08T18:02:41.071-0500] {logging_mixin.py:154} INFO - [2023-11-08T18:02:41.070-0500] {dag.py:2941} INFO - Sync 1 DAGs
[2023-11-08T18:02:41.079-0500] {logging_mixin.py:154} INFO - [2023-11-08T18:02:41.079-0500] {dag.py:3722} INFO - Setting next_dagrun for tutorial to 2023-11-07T23:02:41.079784+00:00, run_after=2023-11-08T23:02:41.079784+00:00
[2023-11-08T18:02:41.090-0500] {processor.py:179} INFO - Processing /Users/az/anaconda3/envs/python38/lib/python3.8/site-packages/airflow/example_dags/tutorial.py took 0.149 seconds
[2023-11-08T18:03:39.572-0500] {processor.py:157} INFO - Started process (PID=50409) to work on /Users/az/anaconda3/envs/python38/lib/python3.8/site-packages/airflow/example_dags/tutorial.py
[2023-11-08T18:03:39.578-0500] {processor.py:829} INFO - Processing file /Users/az/anaconda3/envs/python38/lib/python3.8/site-packages/airflow/example_dags/tutorial.py for tasks to queue
[2023-11-08T18:03:39.578-0500] {logging_mixin.py:154} INFO - [2023-11-08T18:03:39.578-0500] {dagbag.py:536} INFO - Filling up the DagBag from /Users/az/anaconda3/envs/python38/lib/python3.8/site-packages/airflow/example_dags/tutorial.py
[2023-11-08T18:03:39.594-0500] {processor.py:839} INFO - DAG(s) dict_keys(['tutorial']) retrieved from /Users/az/anaconda3/envs/python38/lib/python3.8/site-packages/airflow/example_dags/tutorial.py
[2023-11-08T18:03:39.719-0500] {logging_mixin.py:154} INFO - [2023-11-08T18:03:39.718-0500] {dag.py:2941} INFO - Sync 1 DAGs
[2023-11-08T18:03:39.728-0500] {logging_mixin.py:154} INFO - [2023-11-08T18:03:39.727-0500] {dag.py:3722} INFO - Setting next_dagrun for tutorial to 2023-11-07T23:03:39.727873+00:00, run_after=2023-11-08T23:03:39.727873+00:00
[2023-11-08T18:03:39.737-0500] {processor.py:179} INFO - Processing /Users/az/anaconda3/envs/python38/lib/python3.8/site-packages/airflow/example_dags/tutorial.py took 0.166 seconds
[2023-11-08T18:04:37.851-0500] {processor.py:157} INFO - Started process (PID=50483) to work on /Users/az/anaconda3/envs/python38/lib/python3.8/site-packages/airflow/example_dags/tutorial.py
[2023-11-08T18:04:37.855-0500] {processor.py:829} INFO - Processing file /Users/az/anaconda3/envs/python38/lib/python3.8/site-packages/airflow/example_dags/tutorial.py for tasks to queue
[2023-11-08T18:04:37.855-0500] {logging_mixin.py:154} INFO - [2023-11-08T18:04:37.855-0500] {dagbag.py:536} INFO - Filling up the DagBag from /Users/az/anaconda3/envs/python38/lib/python3.8/site-packages/airflow/example_dags/tutorial.py
[2023-11-08T18:04:37.871-0500] {processor.py:839} INFO - DAG(s) dict_keys(['tutorial']) retrieved from /Users/az/anaconda3/envs/python38/lib/python3.8/site-packages/airflow/example_dags/tutorial.py
[2023-11-08T18:04:37.979-0500] {logging_mixin.py:154} INFO - [2023-11-08T18:04:37.979-0500] {dag.py:2941} INFO - Sync 1 DAGs
[2023-11-08T18:04:37.988-0500] {logging_mixin.py:154} INFO - [2023-11-08T18:04:37.988-0500] {dag.py:3722} INFO - Setting next_dagrun for tutorial to 2023-11-07T23:04:37.988415+00:00, run_after=2023-11-08T23:04:37.988415+00:00
[2023-11-08T18:04:37.998-0500] {processor.py:179} INFO - Processing /Users/az/anaconda3/envs/python38/lib/python3.8/site-packages/airflow/example_dags/tutorial.py took 0.148 seconds
[2023-11-08T18:05:35.919-0500] {processor.py:157} INFO - Started process (PID=50556) to work on /Users/az/anaconda3/envs/python38/lib/python3.8/site-packages/airflow/example_dags/tutorial.py
[2023-11-08T18:05:35.924-0500] {processor.py:829} INFO - Processing file /Users/az/anaconda3/envs/python38/lib/python3.8/site-packages/airflow/example_dags/tutorial.py for tasks to queue
[2023-11-08T18:05:35.924-0500] {logging_mixin.py:154} INFO - [2023-11-08T18:05:35.924-0500] {dagbag.py:536} INFO - Filling up the DagBag from /Users/az/anaconda3/envs/python38/lib/python3.8/site-packages/airflow/example_dags/tutorial.py
[2023-11-08T18:05:35.940-0500] {processor.py:839} INFO - DAG(s) dict_keys(['tutorial']) retrieved from /Users/az/anaconda3/envs/python38/lib/python3.8/site-packages/airflow/example_dags/tutorial.py
[2023-11-08T18:05:36.048-0500] {logging_mixin.py:154} INFO - [2023-11-08T18:05:36.048-0500] {dag.py:2941} INFO - Sync 1 DAGs
[2023-11-08T18:05:36.057-0500] {logging_mixin.py:154} INFO - [2023-11-08T18:05:36.057-0500] {dag.py:3722} INFO - Setting next_dagrun for tutorial to 2023-11-07T23:05:36.057792+00:00, run_after=2023-11-08T23:05:36.057792+00:00
[2023-11-08T18:05:36.068-0500] {processor.py:179} INFO - Processing /Users/az/anaconda3/envs/python38/lib/python3.8/site-packages/airflow/example_dags/tutorial.py took 0.149 seconds
[2023-11-08T18:06:34.996-0500] {processor.py:157} INFO - Started process (PID=50635) to work on /Users/az/anaconda3/envs/python38/lib/python3.8/site-packages/airflow/example_dags/tutorial.py
[2023-11-08T18:06:35.000-0500] {processor.py:829} INFO - Processing file /Users/az/anaconda3/envs/python38/lib/python3.8/site-packages/airflow/example_dags/tutorial.py for tasks to queue
[2023-11-08T18:06:35.001-0500] {logging_mixin.py:154} INFO - [2023-11-08T18:06:35.000-0500] {dagbag.py:536} INFO - Filling up the DagBag from /Users/az/anaconda3/envs/python38/lib/python3.8/site-packages/airflow/example_dags/tutorial.py
[2023-11-08T18:06:35.016-0500] {processor.py:839} INFO - DAG(s) dict_keys(['tutorial']) retrieved from /Users/az/anaconda3/envs/python38/lib/python3.8/site-packages/airflow/example_dags/tutorial.py
[2023-11-08T18:06:35.124-0500] {logging_mixin.py:154} INFO - [2023-11-08T18:06:35.124-0500] {dag.py:2941} INFO - Sync 1 DAGs
[2023-11-08T18:06:35.133-0500] {logging_mixin.py:154} INFO - [2023-11-08T18:06:35.133-0500] {dag.py:3722} INFO - Setting next_dagrun for tutorial to 2023-11-07T23:06:35.133130+00:00, run_after=2023-11-08T23:06:35.133130+00:00
[2023-11-08T18:06:35.143-0500] {processor.py:179} INFO - Processing /Users/az/anaconda3/envs/python38/lib/python3.8/site-packages/airflow/example_dags/tutorial.py took 0.148 seconds
[2023-11-08T18:07:31.349-0500] {processor.py:157} INFO - Started process (PID=50720) to work on /Users/az/anaconda3/envs/python38/lib/python3.8/site-packages/airflow/example_dags/tutorial.py
[2023-11-08T18:07:31.353-0500] {processor.py:829} INFO - Processing file /Users/az/anaconda3/envs/python38/lib/python3.8/site-packages/airflow/example_dags/tutorial.py for tasks to queue
[2023-11-08T18:07:31.353-0500] {logging_mixin.py:154} INFO - [2023-11-08T18:07:31.353-0500] {dagbag.py:536} INFO - Filling up the DagBag from /Users/az/anaconda3/envs/python38/lib/python3.8/site-packages/airflow/example_dags/tutorial.py
[2023-11-08T18:07:31.369-0500] {processor.py:839} INFO - DAG(s) dict_keys(['tutorial']) retrieved from /Users/az/anaconda3/envs/python38/lib/python3.8/site-packages/airflow/example_dags/tutorial.py
[2023-11-08T18:07:31.477-0500] {logging_mixin.py:154} INFO - [2023-11-08T18:07:31.477-0500] {dag.py:2941} INFO - Sync 1 DAGs
[2023-11-08T18:07:31.486-0500] {logging_mixin.py:154} INFO - [2023-11-08T18:07:31.486-0500] {dag.py:3722} INFO - Setting next_dagrun for tutorial to 2023-11-07T23:07:31.486278+00:00, run_after=2023-11-08T23:07:31.486278+00:00
[2023-11-08T18:07:31.496-0500] {processor.py:179} INFO - Processing /Users/az/anaconda3/envs/python38/lib/python3.8/site-packages/airflow/example_dags/tutorial.py took 0.147 seconds
[2023-11-08T18:08:29.073-0500] {processor.py:157} INFO - Started process (PID=50809) to work on /Users/az/anaconda3/envs/python38/lib/python3.8/site-packages/airflow/example_dags/tutorial.py
[2023-11-08T18:08:29.078-0500] {processor.py:829} INFO - Processing file /Users/az/anaconda3/envs/python38/lib/python3.8/site-packages/airflow/example_dags/tutorial.py for tasks to queue
[2023-11-08T18:08:29.078-0500] {logging_mixin.py:154} INFO - [2023-11-08T18:08:29.078-0500] {dagbag.py:536} INFO - Filling up the DagBag from /Users/az/anaconda3/envs/python38/lib/python3.8/site-packages/airflow/example_dags/tutorial.py
[2023-11-08T18:08:29.093-0500] {processor.py:839} INFO - DAG(s) dict_keys(['tutorial']) retrieved from /Users/az/anaconda3/envs/python38/lib/python3.8/site-packages/airflow/example_dags/tutorial.py
[2023-11-08T18:08:29.201-0500] {logging_mixin.py:154} INFO - [2023-11-08T18:08:29.201-0500] {dag.py:2941} INFO - Sync 1 DAGs
[2023-11-08T18:08:29.210-0500] {logging_mixin.py:154} INFO - [2023-11-08T18:08:29.210-0500] {dag.py:3722} INFO - Setting next_dagrun for tutorial to 2023-11-07T23:08:29.210121+00:00, run_after=2023-11-08T23:08:29.210121+00:00
[2023-11-08T18:08:29.220-0500] {processor.py:179} INFO - Processing /Users/az/anaconda3/envs/python38/lib/python3.8/site-packages/airflow/example_dags/tutorial.py took 0.147 seconds
[2023-11-08T18:09:27.744-0500] {processor.py:157} INFO - Started process (PID=50886) to work on /Users/az/anaconda3/envs/python38/lib/python3.8/site-packages/airflow/example_dags/tutorial.py
[2023-11-08T18:09:27.748-0500] {processor.py:829} INFO - Processing file /Users/az/anaconda3/envs/python38/lib/python3.8/site-packages/airflow/example_dags/tutorial.py for tasks to queue
[2023-11-08T18:09:27.749-0500] {logging_mixin.py:154} INFO - [2023-11-08T18:09:27.748-0500] {dagbag.py:536} INFO - Filling up the DagBag from /Users/az/anaconda3/envs/python38/lib/python3.8/site-packages/airflow/example_dags/tutorial.py
[2023-11-08T18:09:27.763-0500] {processor.py:839} INFO - DAG(s) dict_keys(['tutorial']) retrieved from /Users/az/anaconda3/envs/python38/lib/python3.8/site-packages/airflow/example_dags/tutorial.py
[2023-11-08T18:09:27.872-0500] {logging_mixin.py:154} INFO - [2023-11-08T18:09:27.872-0500] {dag.py:2941} INFO - Sync 1 DAGs
[2023-11-08T18:09:27.881-0500] {logging_mixin.py:154} INFO - [2023-11-08T18:09:27.881-0500] {dag.py:3722} INFO - Setting next_dagrun for tutorial to 2023-11-07T23:09:27.881605+00:00, run_after=2023-11-08T23:09:27.881605+00:00
[2023-11-08T18:09:27.891-0500] {processor.py:179} INFO - Processing /Users/az/anaconda3/envs/python38/lib/python3.8/site-packages/airflow/example_dags/tutorial.py took 0.148 seconds
[2023-11-08T18:10:27.790-0500] {processor.py:157} INFO - Started process (PID=50963) to work on /Users/az/anaconda3/envs/python38/lib/python3.8/site-packages/airflow/example_dags/tutorial.py
[2023-11-08T18:10:27.794-0500] {processor.py:829} INFO - Processing file /Users/az/anaconda3/envs/python38/lib/python3.8/site-packages/airflow/example_dags/tutorial.py for tasks to queue
[2023-11-08T18:10:27.795-0500] {logging_mixin.py:154} INFO - [2023-11-08T18:10:27.794-0500] {dagbag.py:536} INFO - Filling up the DagBag from /Users/az/anaconda3/envs/python38/lib/python3.8/site-packages/airflow/example_dags/tutorial.py
[2023-11-08T18:10:27.809-0500] {processor.py:839} INFO - DAG(s) dict_keys(['tutorial']) retrieved from /Users/az/anaconda3/envs/python38/lib/python3.8/site-packages/airflow/example_dags/tutorial.py
[2023-11-08T18:10:27.916-0500] {logging_mixin.py:154} INFO - [2023-11-08T18:10:27.916-0500] {dag.py:2941} INFO - Sync 1 DAGs
[2023-11-08T18:10:27.925-0500] {logging_mixin.py:154} INFO - [2023-11-08T18:10:27.925-0500] {dag.py:3722} INFO - Setting next_dagrun for tutorial to 2023-11-07T23:10:27.925399+00:00, run_after=2023-11-08T23:10:27.925399+00:00
[2023-11-08T18:10:27.935-0500] {processor.py:179} INFO - Processing /Users/az/anaconda3/envs/python38/lib/python3.8/site-packages/airflow/example_dags/tutorial.py took 0.145 seconds
[2023-11-08T18:11:28.213-0500] {processor.py:157} INFO - Started process (PID=51037) to work on /Users/az/anaconda3/envs/python38/lib/python3.8/site-packages/airflow/example_dags/tutorial.py
[2023-11-08T18:11:28.217-0500] {processor.py:829} INFO - Processing file /Users/az/anaconda3/envs/python38/lib/python3.8/site-packages/airflow/example_dags/tutorial.py for tasks to queue
[2023-11-08T18:11:28.217-0500] {logging_mixin.py:154} INFO - [2023-11-08T18:11:28.217-0500] {dagbag.py:536} INFO - Filling up the DagBag from /Users/az/anaconda3/envs/python38/lib/python3.8/site-packages/airflow/example_dags/tutorial.py
[2023-11-08T18:11:28.231-0500] {processor.py:839} INFO - DAG(s) dict_keys(['tutorial']) retrieved from /Users/az/anaconda3/envs/python38/lib/python3.8/site-packages/airflow/example_dags/tutorial.py
[2023-11-08T18:11:28.340-0500] {logging_mixin.py:154} INFO - [2023-11-08T18:11:28.339-0500] {dag.py:2941} INFO - Sync 1 DAGs
[2023-11-08T18:11:28.348-0500] {logging_mixin.py:154} INFO - [2023-11-08T18:11:28.348-0500] {dag.py:3722} INFO - Setting next_dagrun for tutorial to 2023-11-07T23:11:28.348805+00:00, run_after=2023-11-08T23:11:28.348805+00:00
[2023-11-08T18:11:28.359-0500] {processor.py:179} INFO - Processing /Users/az/anaconda3/envs/python38/lib/python3.8/site-packages/airflow/example_dags/tutorial.py took 0.147 seconds
[2023-11-08T18:17:26.257-0500] {processor.py:157} INFO - Started process (PID=51139) to work on /Users/az/anaconda3/envs/python38/lib/python3.8/site-packages/airflow/example_dags/tutorial.py
[2023-11-08T18:17:26.262-0500] {processor.py:829} INFO - Processing file /Users/az/anaconda3/envs/python38/lib/python3.8/site-packages/airflow/example_dags/tutorial.py for tasks to queue
[2023-11-08T18:17:26.262-0500] {logging_mixin.py:154} INFO - [2023-11-08T18:17:26.262-0500] {dagbag.py:536} INFO - Filling up the DagBag from /Users/az/anaconda3/envs/python38/lib/python3.8/site-packages/airflow/example_dags/tutorial.py
[2023-11-08T18:17:26.279-0500] {processor.py:839} INFO - DAG(s) dict_keys(['tutorial']) retrieved from /Users/az/anaconda3/envs/python38/lib/python3.8/site-packages/airflow/example_dags/tutorial.py
[2023-11-08T18:17:26.396-0500] {logging_mixin.py:154} INFO - [2023-11-08T18:17:26.396-0500] {dag.py:2941} INFO - Sync 1 DAGs
[2023-11-08T18:17:26.405-0500] {logging_mixin.py:154} INFO - [2023-11-08T18:17:26.405-0500] {dag.py:3722} INFO - Setting next_dagrun for tutorial to 2023-11-07T23:17:26.405663+00:00, run_after=2023-11-08T23:17:26.405663+00:00
[2023-11-08T18:17:26.416-0500] {processor.py:179} INFO - Processing /Users/az/anaconda3/envs/python38/lib/python3.8/site-packages/airflow/example_dags/tutorial.py took 0.160 seconds
[2023-11-08T18:30:29.485-0500] {processor.py:157} INFO - Started process (PID=51239) to work on /Users/az/anaconda3/envs/python38/lib/python3.8/site-packages/airflow/example_dags/tutorial.py
[2023-11-08T18:30:29.490-0500] {processor.py:829} INFO - Processing file /Users/az/anaconda3/envs/python38/lib/python3.8/site-packages/airflow/example_dags/tutorial.py for tasks to queue
[2023-11-08T18:30:29.490-0500] {logging_mixin.py:154} INFO - [2023-11-08T18:30:29.490-0500] {dagbag.py:536} INFO - Filling up the DagBag from /Users/az/anaconda3/envs/python38/lib/python3.8/site-packages/airflow/example_dags/tutorial.py
[2023-11-08T18:30:29.507-0500] {processor.py:839} INFO - DAG(s) dict_keys(['tutorial']) retrieved from /Users/az/anaconda3/envs/python38/lib/python3.8/site-packages/airflow/example_dags/tutorial.py
[2023-11-08T18:30:29.616-0500] {logging_mixin.py:154} INFO - [2023-11-08T18:30:29.615-0500] {dag.py:2941} INFO - Sync 1 DAGs
[2023-11-08T18:30:29.624-0500] {logging_mixin.py:154} INFO - [2023-11-08T18:30:29.624-0500] {dag.py:3722} INFO - Setting next_dagrun for tutorial to 2023-11-07T23:30:29.624770+00:00, run_after=2023-11-08T23:30:29.624770+00:00
[2023-11-08T18:30:29.634-0500] {processor.py:179} INFO - Processing /Users/az/anaconda3/envs/python38/lib/python3.8/site-packages/airflow/example_dags/tutorial.py took 0.150 seconds
[2023-11-08T18:31:25.989-0500] {processor.py:157} INFO - Started process (PID=51318) to work on /Users/az/anaconda3/envs/python38/lib/python3.8/site-packages/airflow/example_dags/tutorial.py
[2023-11-08T18:31:25.992-0500] {processor.py:829} INFO - Processing file /Users/az/anaconda3/envs/python38/lib/python3.8/site-packages/airflow/example_dags/tutorial.py for tasks to queue
[2023-11-08T18:31:25.993-0500] {logging_mixin.py:154} INFO - [2023-11-08T18:31:25.993-0500] {dagbag.py:536} INFO - Filling up the DagBag from /Users/az/anaconda3/envs/python38/lib/python3.8/site-packages/airflow/example_dags/tutorial.py
[2023-11-08T18:31:26.007-0500] {processor.py:839} INFO - DAG(s) dict_keys(['tutorial']) retrieved from /Users/az/anaconda3/envs/python38/lib/python3.8/site-packages/airflow/example_dags/tutorial.py
[2023-11-08T18:31:26.116-0500] {logging_mixin.py:154} INFO - [2023-11-08T18:31:26.116-0500] {dag.py:2941} INFO - Sync 1 DAGs
[2023-11-08T18:31:26.125-0500] {logging_mixin.py:154} INFO - [2023-11-08T18:31:26.125-0500] {dag.py:3722} INFO - Setting next_dagrun for tutorial to 2023-11-07T23:31:26.125072+00:00, run_after=2023-11-08T23:31:26.125072+00:00
[2023-11-08T18:31:26.135-0500] {processor.py:179} INFO - Processing /Users/az/anaconda3/envs/python38/lib/python3.8/site-packages/airflow/example_dags/tutorial.py took 0.147 seconds
[2023-11-08T18:32:25.485-0500] {processor.py:157} INFO - Started process (PID=51389) to work on /Users/az/anaconda3/envs/python38/lib/python3.8/site-packages/airflow/example_dags/tutorial.py
[2023-11-08T18:32:25.489-0500] {processor.py:829} INFO - Processing file /Users/az/anaconda3/envs/python38/lib/python3.8/site-packages/airflow/example_dags/tutorial.py for tasks to queue
[2023-11-08T18:32:25.489-0500] {logging_mixin.py:154} INFO - [2023-11-08T18:32:25.489-0500] {dagbag.py:536} INFO - Filling up the DagBag from /Users/az/anaconda3/envs/python38/lib/python3.8/site-packages/airflow/example_dags/tutorial.py
[2023-11-08T18:32:25.504-0500] {processor.py:839} INFO - DAG(s) dict_keys(['tutorial']) retrieved from /Users/az/anaconda3/envs/python38/lib/python3.8/site-packages/airflow/example_dags/tutorial.py
[2023-11-08T18:32:25.612-0500] {logging_mixin.py:154} INFO - [2023-11-08T18:32:25.612-0500] {dag.py:2941} INFO - Sync 1 DAGs
[2023-11-08T18:32:25.621-0500] {logging_mixin.py:154} INFO - [2023-11-08T18:32:25.621-0500] {dag.py:3722} INFO - Setting next_dagrun for tutorial to 2023-11-07T23:32:25.621818+00:00, run_after=2023-11-08T23:32:25.621818+00:00
[2023-11-08T18:32:25.632-0500] {processor.py:179} INFO - Processing /Users/az/anaconda3/envs/python38/lib/python3.8/site-packages/airflow/example_dags/tutorial.py took 0.147 seconds
[2023-11-08T18:33:25.231-0500] {processor.py:157} INFO - Started process (PID=51471) to work on /Users/az/anaconda3/envs/python38/lib/python3.8/site-packages/airflow/example_dags/tutorial.py
[2023-11-08T18:33:25.236-0500] {processor.py:829} INFO - Processing file /Users/az/anaconda3/envs/python38/lib/python3.8/site-packages/airflow/example_dags/tutorial.py for tasks to queue
[2023-11-08T18:33:25.236-0500] {logging_mixin.py:154} INFO - [2023-11-08T18:33:25.236-0500] {dagbag.py:536} INFO - Filling up the DagBag from /Users/az/anaconda3/envs/python38/lib/python3.8/site-packages/airflow/example_dags/tutorial.py
[2023-11-08T18:33:25.251-0500] {processor.py:839} INFO - DAG(s) dict_keys(['tutorial']) retrieved from /Users/az/anaconda3/envs/python38/lib/python3.8/site-packages/airflow/example_dags/tutorial.py
[2023-11-08T18:33:25.361-0500] {logging_mixin.py:154} INFO - [2023-11-08T18:33:25.360-0500] {dag.py:2941} INFO - Sync 1 DAGs
[2023-11-08T18:33:25.370-0500] {logging_mixin.py:154} INFO - [2023-11-08T18:33:25.369-0500] {dag.py:3722} INFO - Setting next_dagrun for tutorial to 2023-11-07T23:33:25.369841+00:00, run_after=2023-11-08T23:33:25.369841+00:00
[2023-11-08T18:33:25.382-0500] {processor.py:179} INFO - Processing /Users/az/anaconda3/envs/python38/lib/python3.8/site-packages/airflow/example_dags/tutorial.py took 0.152 seconds
[2023-11-08T18:34:29.983-0500] {processor.py:157} INFO - Started process (PID=51550) to work on /Users/az/anaconda3/envs/python38/lib/python3.8/site-packages/airflow/example_dags/tutorial.py
[2023-11-08T18:34:29.988-0500] {processor.py:829} INFO - Processing file /Users/az/anaconda3/envs/python38/lib/python3.8/site-packages/airflow/example_dags/tutorial.py for tasks to queue
[2023-11-08T18:34:29.988-0500] {logging_mixin.py:154} INFO - [2023-11-08T18:34:29.988-0500] {dagbag.py:536} INFO - Filling up the DagBag from /Users/az/anaconda3/envs/python38/lib/python3.8/site-packages/airflow/example_dags/tutorial.py
[2023-11-08T18:34:30.003-0500] {processor.py:839} INFO - DAG(s) dict_keys(['tutorial']) retrieved from /Users/az/anaconda3/envs/python38/lib/python3.8/site-packages/airflow/example_dags/tutorial.py
[2023-11-08T18:34:30.113-0500] {logging_mixin.py:154} INFO - [2023-11-08T18:34:30.113-0500] {dag.py:2941} INFO - Sync 1 DAGs
[2023-11-08T18:34:30.122-0500] {logging_mixin.py:154} INFO - [2023-11-08T18:34:30.122-0500] {dag.py:3722} INFO - Setting next_dagrun for tutorial to 2023-11-07T23:34:30.122468+00:00, run_after=2023-11-08T23:34:30.122468+00:00
[2023-11-08T18:34:30.132-0500] {processor.py:179} INFO - Processing /Users/az/anaconda3/envs/python38/lib/python3.8/site-packages/airflow/example_dags/tutorial.py took 0.150 seconds
[2023-11-08T18:35:30.663-0500] {processor.py:157} INFO - Started process (PID=51623) to work on /Users/az/anaconda3/envs/python38/lib/python3.8/site-packages/airflow/example_dags/tutorial.py
[2023-11-08T18:35:30.667-0500] {processor.py:829} INFO - Processing file /Users/az/anaconda3/envs/python38/lib/python3.8/site-packages/airflow/example_dags/tutorial.py for tasks to queue
[2023-11-08T18:35:30.667-0500] {logging_mixin.py:154} INFO - [2023-11-08T18:35:30.667-0500] {dagbag.py:536} INFO - Filling up the DagBag from /Users/az/anaconda3/envs/python38/lib/python3.8/site-packages/airflow/example_dags/tutorial.py
[2023-11-08T18:35:30.682-0500] {processor.py:839} INFO - DAG(s) dict_keys(['tutorial']) retrieved from /Users/az/anaconda3/envs/python38/lib/python3.8/site-packages/airflow/example_dags/tutorial.py
[2023-11-08T18:35:30.790-0500] {logging_mixin.py:154} INFO - [2023-11-08T18:35:30.789-0500] {dag.py:2941} INFO - Sync 1 DAGs
[2023-11-08T18:35:30.799-0500] {logging_mixin.py:154} INFO - [2023-11-08T18:35:30.799-0500] {dag.py:3722} INFO - Setting next_dagrun for tutorial to 2023-11-07T23:35:30.799023+00:00, run_after=2023-11-08T23:35:30.799023+00:00
[2023-11-08T18:35:30.809-0500] {processor.py:179} INFO - Processing /Users/az/anaconda3/envs/python38/lib/python3.8/site-packages/airflow/example_dags/tutorial.py took 0.147 seconds
[2023-11-08T18:36:28.705-0500] {processor.py:157} INFO - Started process (PID=51698) to work on /Users/az/anaconda3/envs/python38/lib/python3.8/site-packages/airflow/example_dags/tutorial.py
[2023-11-08T18:36:28.710-0500] {processor.py:829} INFO - Processing file /Users/az/anaconda3/envs/python38/lib/python3.8/site-packages/airflow/example_dags/tutorial.py for tasks to queue
[2023-11-08T18:36:28.710-0500] {logging_mixin.py:154} INFO - [2023-11-08T18:36:28.710-0500] {dagbag.py:536} INFO - Filling up the DagBag from /Users/az/anaconda3/envs/python38/lib/python3.8/site-packages/airflow/example_dags/tutorial.py
[2023-11-08T18:36:28.725-0500] {processor.py:839} INFO - DAG(s) dict_keys(['tutorial']) retrieved from /Users/az/anaconda3/envs/python38/lib/python3.8/site-packages/airflow/example_dags/tutorial.py
[2023-11-08T18:36:28.834-0500] {logging_mixin.py:154} INFO - [2023-11-08T18:36:28.834-0500] {dag.py:2941} INFO - Sync 1 DAGs
[2023-11-08T18:36:28.843-0500] {logging_mixin.py:154} INFO - [2023-11-08T18:36:28.843-0500] {dag.py:3722} INFO - Setting next_dagrun for tutorial to 2023-11-07T23:36:28.843205+00:00, run_after=2023-11-08T23:36:28.843205+00:00
[2023-11-08T18:36:28.853-0500] {processor.py:179} INFO - Processing /Users/az/anaconda3/envs/python38/lib/python3.8/site-packages/airflow/example_dags/tutorial.py took 0.149 seconds
[2023-11-08T18:37:25.201-0500] {processor.py:157} INFO - Started process (PID=51770) to work on /Users/az/anaconda3/envs/python38/lib/python3.8/site-packages/airflow/example_dags/tutorial.py
[2023-11-08T18:37:25.205-0500] {processor.py:829} INFO - Processing file /Users/az/anaconda3/envs/python38/lib/python3.8/site-packages/airflow/example_dags/tutorial.py for tasks to queue
[2023-11-08T18:37:25.206-0500] {logging_mixin.py:154} INFO - [2023-11-08T18:37:25.206-0500] {dagbag.py:536} INFO - Filling up the DagBag from /Users/az/anaconda3/envs/python38/lib/python3.8/site-packages/airflow/example_dags/tutorial.py
[2023-11-08T18:37:25.220-0500] {processor.py:839} INFO - DAG(s) dict_keys(['tutorial']) retrieved from /Users/az/anaconda3/envs/python38/lib/python3.8/site-packages/airflow/example_dags/tutorial.py
[2023-11-08T18:37:25.329-0500] {logging_mixin.py:154} INFO - [2023-11-08T18:37:25.329-0500] {dag.py:2941} INFO - Sync 1 DAGs
[2023-11-08T18:37:25.338-0500] {logging_mixin.py:154} INFO - [2023-11-08T18:37:25.338-0500] {dag.py:3722} INFO - Setting next_dagrun for tutorial to 2023-11-07T23:37:25.338580+00:00, run_after=2023-11-08T23:37:25.338580+00:00
[2023-11-08T18:37:25.348-0500] {processor.py:179} INFO - Processing /Users/az/anaconda3/envs/python38/lib/python3.8/site-packages/airflow/example_dags/tutorial.py took 0.148 seconds
[2023-11-08T18:38:22.886-0500] {processor.py:157} INFO - Started process (PID=51842) to work on /Users/az/anaconda3/envs/python38/lib/python3.8/site-packages/airflow/example_dags/tutorial.py
[2023-11-08T18:38:22.891-0500] {processor.py:829} INFO - Processing file /Users/az/anaconda3/envs/python38/lib/python3.8/site-packages/airflow/example_dags/tutorial.py for tasks to queue
[2023-11-08T18:38:22.891-0500] {logging_mixin.py:154} INFO - [2023-11-08T18:38:22.891-0500] {dagbag.py:536} INFO - Filling up the DagBag from /Users/az/anaconda3/envs/python38/lib/python3.8/site-packages/airflow/example_dags/tutorial.py
[2023-11-08T18:38:22.906-0500] {processor.py:839} INFO - DAG(s) dict_keys(['tutorial']) retrieved from /Users/az/anaconda3/envs/python38/lib/python3.8/site-packages/airflow/example_dags/tutorial.py
[2023-11-08T18:38:23.015-0500] {logging_mixin.py:154} INFO - [2023-11-08T18:38:23.014-0500] {dag.py:2941} INFO - Sync 1 DAGs
[2023-11-08T18:38:23.024-0500] {logging_mixin.py:154} INFO - [2023-11-08T18:38:23.023-0500] {dag.py:3722} INFO - Setting next_dagrun for tutorial to 2023-11-07T23:38:23.023862+00:00, run_after=2023-11-08T23:38:23.023862+00:00
[2023-11-08T18:38:23.033-0500] {processor.py:179} INFO - Processing /Users/az/anaconda3/envs/python38/lib/python3.8/site-packages/airflow/example_dags/tutorial.py took 0.147 seconds
[2023-11-08T18:39:21.829-0500] {processor.py:157} INFO - Started process (PID=51913) to work on /Users/az/anaconda3/envs/python38/lib/python3.8/site-packages/airflow/example_dags/tutorial.py
[2023-11-08T18:39:21.834-0500] {processor.py:829} INFO - Processing file /Users/az/anaconda3/envs/python38/lib/python3.8/site-packages/airflow/example_dags/tutorial.py for tasks to queue
[2023-11-08T18:39:21.834-0500] {logging_mixin.py:154} INFO - [2023-11-08T18:39:21.834-0500] {dagbag.py:536} INFO - Filling up the DagBag from /Users/az/anaconda3/envs/python38/lib/python3.8/site-packages/airflow/example_dags/tutorial.py
[2023-11-08T18:39:21.849-0500] {processor.py:839} INFO - DAG(s) dict_keys(['tutorial']) retrieved from /Users/az/anaconda3/envs/python38/lib/python3.8/site-packages/airflow/example_dags/tutorial.py
[2023-11-08T18:39:21.958-0500] {logging_mixin.py:154} INFO - [2023-11-08T18:39:21.958-0500] {dag.py:2941} INFO - Sync 1 DAGs
[2023-11-08T18:39:21.967-0500] {logging_mixin.py:154} INFO - [2023-11-08T18:39:21.967-0500] {dag.py:3722} INFO - Setting next_dagrun for tutorial to 2023-11-07T23:39:21.967081+00:00, run_after=2023-11-08T23:39:21.967081+00:00
[2023-11-08T18:39:21.977-0500] {processor.py:179} INFO - Processing /Users/az/anaconda3/envs/python38/lib/python3.8/site-packages/airflow/example_dags/tutorial.py took 0.148 seconds
[2023-11-08T18:40:26.064-0500] {processor.py:157} INFO - Started process (PID=51985) to work on /Users/az/anaconda3/envs/python38/lib/python3.8/site-packages/airflow/example_dags/tutorial.py
[2023-11-08T18:40:26.068-0500] {processor.py:829} INFO - Processing file /Users/az/anaconda3/envs/python38/lib/python3.8/site-packages/airflow/example_dags/tutorial.py for tasks to queue
[2023-11-08T18:40:26.069-0500] {logging_mixin.py:154} INFO - [2023-11-08T18:40:26.069-0500] {dagbag.py:536} INFO - Filling up the DagBag from /Users/az/anaconda3/envs/python38/lib/python3.8/site-packages/airflow/example_dags/tutorial.py
[2023-11-08T18:40:26.084-0500] {processor.py:839} INFO - DAG(s) dict_keys(['tutorial']) retrieved from /Users/az/anaconda3/envs/python38/lib/python3.8/site-packages/airflow/example_dags/tutorial.py
[2023-11-08T18:40:26.192-0500] {logging_mixin.py:154} INFO - [2023-11-08T18:40:26.192-0500] {dag.py:2941} INFO - Sync 1 DAGs
[2023-11-08T18:40:26.201-0500] {logging_mixin.py:154} INFO - [2023-11-08T18:40:26.201-0500] {dag.py:3722} INFO - Setting next_dagrun for tutorial to 2023-11-07T23:40:26.201757+00:00, run_after=2023-11-08T23:40:26.201757+00:00
[2023-11-08T18:40:26.212-0500] {processor.py:179} INFO - Processing /Users/az/anaconda3/envs/python38/lib/python3.8/site-packages/airflow/example_dags/tutorial.py took 0.149 seconds
[2023-11-08T18:41:27.643-0500] {processor.py:157} INFO - Started process (PID=52062) to work on /Users/az/anaconda3/envs/python38/lib/python3.8/site-packages/airflow/example_dags/tutorial.py
[2023-11-08T18:41:27.647-0500] {processor.py:829} INFO - Processing file /Users/az/anaconda3/envs/python38/lib/python3.8/site-packages/airflow/example_dags/tutorial.py for tasks to queue
[2023-11-08T18:41:27.647-0500] {logging_mixin.py:154} INFO - [2023-11-08T18:41:27.647-0500] {dagbag.py:536} INFO - Filling up the DagBag from /Users/az/anaconda3/envs/python38/lib/python3.8/site-packages/airflow/example_dags/tutorial.py
[2023-11-08T18:41:27.661-0500] {processor.py:839} INFO - DAG(s) dict_keys(['tutorial']) retrieved from /Users/az/anaconda3/envs/python38/lib/python3.8/site-packages/airflow/example_dags/tutorial.py
[2023-11-08T18:41:27.769-0500] {logging_mixin.py:154} INFO - [2023-11-08T18:41:27.769-0500] {dag.py:2941} INFO - Sync 1 DAGs
[2023-11-08T18:41:27.778-0500] {logging_mixin.py:154} INFO - [2023-11-08T18:41:27.778-0500] {dag.py:3722} INFO - Setting next_dagrun for tutorial to 2023-11-07T23:41:27.778727+00:00, run_after=2023-11-08T23:41:27.778727+00:00
[2023-11-08T18:41:27.789-0500] {processor.py:179} INFO - Processing /Users/az/anaconda3/envs/python38/lib/python3.8/site-packages/airflow/example_dags/tutorial.py took 0.147 seconds
[2023-11-08T18:42:26.286-0500] {processor.py:157} INFO - Started process (PID=52136) to work on /Users/az/anaconda3/envs/python38/lib/python3.8/site-packages/airflow/example_dags/tutorial.py
[2023-11-08T18:42:26.291-0500] {processor.py:829} INFO - Processing file /Users/az/anaconda3/envs/python38/lib/python3.8/site-packages/airflow/example_dags/tutorial.py for tasks to queue
[2023-11-08T18:42:26.291-0500] {logging_mixin.py:154} INFO - [2023-11-08T18:42:26.291-0500] {dagbag.py:536} INFO - Filling up the DagBag from /Users/az/anaconda3/envs/python38/lib/python3.8/site-packages/airflow/example_dags/tutorial.py
[2023-11-08T18:42:26.306-0500] {processor.py:839} INFO - DAG(s) dict_keys(['tutorial']) retrieved from /Users/az/anaconda3/envs/python38/lib/python3.8/site-packages/airflow/example_dags/tutorial.py
[2023-11-08T18:42:26.414-0500] {logging_mixin.py:154} INFO - [2023-11-08T18:42:26.414-0500] {dag.py:2941} INFO - Sync 1 DAGs
[2023-11-08T18:42:26.423-0500] {logging_mixin.py:154} INFO - [2023-11-08T18:42:26.423-0500] {dag.py:3722} INFO - Setting next_dagrun for tutorial to 2023-11-07T23:42:26.423752+00:00, run_after=2023-11-08T23:42:26.423752+00:00
[2023-11-08T18:42:26.434-0500] {processor.py:179} INFO - Processing /Users/az/anaconda3/envs/python38/lib/python3.8/site-packages/airflow/example_dags/tutorial.py took 0.148 seconds
[2023-11-08T18:43:26.974-0500] {processor.py:157} INFO - Started process (PID=52210) to work on /Users/az/anaconda3/envs/python38/lib/python3.8/site-packages/airflow/example_dags/tutorial.py
[2023-11-08T18:43:26.978-0500] {processor.py:829} INFO - Processing file /Users/az/anaconda3/envs/python38/lib/python3.8/site-packages/airflow/example_dags/tutorial.py for tasks to queue
[2023-11-08T18:43:26.979-0500] {logging_mixin.py:154} INFO - [2023-11-08T18:43:26.978-0500] {dagbag.py:536} INFO - Filling up the DagBag from /Users/az/anaconda3/envs/python38/lib/python3.8/site-packages/airflow/example_dags/tutorial.py
[2023-11-08T18:43:26.994-0500] {processor.py:839} INFO - DAG(s) dict_keys(['tutorial']) retrieved from /Users/az/anaconda3/envs/python38/lib/python3.8/site-packages/airflow/example_dags/tutorial.py
[2023-11-08T18:43:27.103-0500] {logging_mixin.py:154} INFO - [2023-11-08T18:43:27.103-0500] {dag.py:2941} INFO - Sync 1 DAGs
[2023-11-08T18:43:27.112-0500] {logging_mixin.py:154} INFO - [2023-11-08T18:43:27.112-0500] {dag.py:3722} INFO - Setting next_dagrun for tutorial to 2023-11-07T23:43:27.112044+00:00, run_after=2023-11-08T23:43:27.112044+00:00
[2023-11-08T18:43:27.122-0500] {processor.py:179} INFO - Processing /Users/az/anaconda3/envs/python38/lib/python3.8/site-packages/airflow/example_dags/tutorial.py took 0.148 seconds
[2023-11-08T18:44:28.234-0500] {processor.py:157} INFO - Started process (PID=52283) to work on /Users/az/anaconda3/envs/python38/lib/python3.8/site-packages/airflow/example_dags/tutorial.py
[2023-11-08T18:44:28.238-0500] {processor.py:829} INFO - Processing file /Users/az/anaconda3/envs/python38/lib/python3.8/site-packages/airflow/example_dags/tutorial.py for tasks to queue
[2023-11-08T18:44:28.239-0500] {logging_mixin.py:154} INFO - [2023-11-08T18:44:28.239-0500] {dagbag.py:536} INFO - Filling up the DagBag from /Users/az/anaconda3/envs/python38/lib/python3.8/site-packages/airflow/example_dags/tutorial.py
[2023-11-08T18:44:28.253-0500] {processor.py:839} INFO - DAG(s) dict_keys(['tutorial']) retrieved from /Users/az/anaconda3/envs/python38/lib/python3.8/site-packages/airflow/example_dags/tutorial.py
[2023-11-08T18:44:28.362-0500] {logging_mixin.py:154} INFO - [2023-11-08T18:44:28.362-0500] {dag.py:2941} INFO - Sync 1 DAGs
[2023-11-08T18:44:28.371-0500] {logging_mixin.py:154} INFO - [2023-11-08T18:44:28.371-0500] {dag.py:3722} INFO - Setting next_dagrun for tutorial to 2023-11-07T23:44:28.371226+00:00, run_after=2023-11-08T23:44:28.371226+00:00
[2023-11-08T18:44:28.381-0500] {processor.py:179} INFO - Processing /Users/az/anaconda3/envs/python38/lib/python3.8/site-packages/airflow/example_dags/tutorial.py took 0.148 seconds
[2023-11-08T18:45:30.504-0500] {processor.py:157} INFO - Started process (PID=52358) to work on /Users/az/anaconda3/envs/python38/lib/python3.8/site-packages/airflow/example_dags/tutorial.py
[2023-11-08T18:45:30.508-0500] {processor.py:829} INFO - Processing file /Users/az/anaconda3/envs/python38/lib/python3.8/site-packages/airflow/example_dags/tutorial.py for tasks to queue
[2023-11-08T18:45:30.508-0500] {logging_mixin.py:154} INFO - [2023-11-08T18:45:30.508-0500] {dagbag.py:536} INFO - Filling up the DagBag from /Users/az/anaconda3/envs/python38/lib/python3.8/site-packages/airflow/example_dags/tutorial.py
[2023-11-08T18:45:30.523-0500] {processor.py:839} INFO - DAG(s) dict_keys(['tutorial']) retrieved from /Users/az/anaconda3/envs/python38/lib/python3.8/site-packages/airflow/example_dags/tutorial.py
[2023-11-08T18:45:30.631-0500] {logging_mixin.py:154} INFO - [2023-11-08T18:45:30.631-0500] {dag.py:2941} INFO - Sync 1 DAGs
[2023-11-08T18:45:30.640-0500] {logging_mixin.py:154} INFO - [2023-11-08T18:45:30.640-0500] {dag.py:3722} INFO - Setting next_dagrun for tutorial to 2023-11-07T23:45:30.640310+00:00, run_after=2023-11-08T23:45:30.640310+00:00
[2023-11-08T18:45:30.650-0500] {processor.py:179} INFO - Processing /Users/az/anaconda3/envs/python38/lib/python3.8/site-packages/airflow/example_dags/tutorial.py took 0.147 seconds
[2023-11-08T18:46:31.030-0500] {processor.py:157} INFO - Started process (PID=52442) to work on /Users/az/anaconda3/envs/python38/lib/python3.8/site-packages/airflow/example_dags/tutorial.py
[2023-11-08T18:46:31.034-0500] {processor.py:829} INFO - Processing file /Users/az/anaconda3/envs/python38/lib/python3.8/site-packages/airflow/example_dags/tutorial.py for tasks to queue
[2023-11-08T18:46:31.035-0500] {logging_mixin.py:154} INFO - [2023-11-08T18:46:31.035-0500] {dagbag.py:536} INFO - Filling up the DagBag from /Users/az/anaconda3/envs/python38/lib/python3.8/site-packages/airflow/example_dags/tutorial.py
[2023-11-08T18:46:31.050-0500] {processor.py:839} INFO - DAG(s) dict_keys(['tutorial']) retrieved from /Users/az/anaconda3/envs/python38/lib/python3.8/site-packages/airflow/example_dags/tutorial.py
[2023-11-08T18:46:31.158-0500] {logging_mixin.py:154} INFO - [2023-11-08T18:46:31.158-0500] {dag.py:2941} INFO - Sync 1 DAGs
[2023-11-08T18:46:31.167-0500] {logging_mixin.py:154} INFO - [2023-11-08T18:46:31.167-0500] {dag.py:3722} INFO - Setting next_dagrun for tutorial to 2023-11-07T23:46:31.167487+00:00, run_after=2023-11-08T23:46:31.167487+00:00
[2023-11-08T18:46:31.177-0500] {processor.py:179} INFO - Processing /Users/az/anaconda3/envs/python38/lib/python3.8/site-packages/airflow/example_dags/tutorial.py took 0.148 seconds
[2023-11-08T18:47:36.967-0500] {processor.py:157} INFO - Started process (PID=52539) to work on /Users/az/anaconda3/envs/python38/lib/python3.8/site-packages/airflow/example_dags/tutorial.py
[2023-11-08T18:47:36.971-0500] {processor.py:829} INFO - Processing file /Users/az/anaconda3/envs/python38/lib/python3.8/site-packages/airflow/example_dags/tutorial.py for tasks to queue
[2023-11-08T18:47:36.971-0500] {logging_mixin.py:154} INFO - [2023-11-08T18:47:36.971-0500] {dagbag.py:536} INFO - Filling up the DagBag from /Users/az/anaconda3/envs/python38/lib/python3.8/site-packages/airflow/example_dags/tutorial.py
[2023-11-08T18:47:36.986-0500] {processor.py:839} INFO - DAG(s) dict_keys(['tutorial']) retrieved from /Users/az/anaconda3/envs/python38/lib/python3.8/site-packages/airflow/example_dags/tutorial.py
[2023-11-08T18:47:37.094-0500] {logging_mixin.py:154} INFO - [2023-11-08T18:47:37.094-0500] {dag.py:2941} INFO - Sync 1 DAGs
[2023-11-08T18:47:37.103-0500] {logging_mixin.py:154} INFO - [2023-11-08T18:47:37.103-0500] {dag.py:3722} INFO - Setting next_dagrun for tutorial to 2023-11-07T23:47:37.103424+00:00, run_after=2023-11-08T23:47:37.103424+00:00
[2023-11-08T18:47:37.113-0500] {processor.py:179} INFO - Processing /Users/az/anaconda3/envs/python38/lib/python3.8/site-packages/airflow/example_dags/tutorial.py took 0.147 seconds
[2023-11-08T18:48:38.215-0500] {processor.py:157} INFO - Started process (PID=52645) to work on /Users/az/anaconda3/envs/python38/lib/python3.8/site-packages/airflow/example_dags/tutorial.py
[2023-11-08T18:48:38.220-0500] {processor.py:829} INFO - Processing file /Users/az/anaconda3/envs/python38/lib/python3.8/site-packages/airflow/example_dags/tutorial.py for tasks to queue
[2023-11-08T18:48:38.220-0500] {logging_mixin.py:154} INFO - [2023-11-08T18:48:38.220-0500] {dagbag.py:536} INFO - Filling up the DagBag from /Users/az/anaconda3/envs/python38/lib/python3.8/site-packages/airflow/example_dags/tutorial.py
[2023-11-08T18:48:38.235-0500] {processor.py:839} INFO - DAG(s) dict_keys(['tutorial']) retrieved from /Users/az/anaconda3/envs/python38/lib/python3.8/site-packages/airflow/example_dags/tutorial.py
[2023-11-08T18:48:38.344-0500] {logging_mixin.py:154} INFO - [2023-11-08T18:48:38.343-0500] {dag.py:2941} INFO - Sync 1 DAGs
[2023-11-08T18:48:38.353-0500] {logging_mixin.py:154} INFO - [2023-11-08T18:48:38.353-0500] {dag.py:3722} INFO - Setting next_dagrun for tutorial to 2023-11-07T23:48:38.352993+00:00, run_after=2023-11-08T23:48:38.352993+00:00
[2023-11-08T18:48:38.363-0500] {processor.py:179} INFO - Processing /Users/az/anaconda3/envs/python38/lib/python3.8/site-packages/airflow/example_dags/tutorial.py took 0.148 seconds
[2023-11-08T18:49:36.709-0500] {processor.py:157} INFO - Started process (PID=52715) to work on /Users/az/anaconda3/envs/python38/lib/python3.8/site-packages/airflow/example_dags/tutorial.py
[2023-11-08T18:49:36.712-0500] {processor.py:829} INFO - Processing file /Users/az/anaconda3/envs/python38/lib/python3.8/site-packages/airflow/example_dags/tutorial.py for tasks to queue
[2023-11-08T18:49:36.713-0500] {logging_mixin.py:154} INFO - [2023-11-08T18:49:36.713-0500] {dagbag.py:536} INFO - Filling up the DagBag from /Users/az/anaconda3/envs/python38/lib/python3.8/site-packages/airflow/example_dags/tutorial.py
[2023-11-08T18:49:36.727-0500] {processor.py:839} INFO - DAG(s) dict_keys(['tutorial']) retrieved from /Users/az/anaconda3/envs/python38/lib/python3.8/site-packages/airflow/example_dags/tutorial.py
[2023-11-08T18:49:36.836-0500] {logging_mixin.py:154} INFO - [2023-11-08T18:49:36.836-0500] {dag.py:2941} INFO - Sync 1 DAGs
[2023-11-08T18:49:36.845-0500] {logging_mixin.py:154} INFO - [2023-11-08T18:49:36.845-0500] {dag.py:3722} INFO - Setting next_dagrun for tutorial to 2023-11-07T23:49:36.845770+00:00, run_after=2023-11-08T23:49:36.845770+00:00
[2023-11-08T18:49:36.856-0500] {processor.py:179} INFO - Processing /Users/az/anaconda3/envs/python38/lib/python3.8/site-packages/airflow/example_dags/tutorial.py took 0.148 seconds
[2023-11-08T18:50:36.927-0500] {processor.py:157} INFO - Started process (PID=52796) to work on /Users/az/anaconda3/envs/python38/lib/python3.8/site-packages/airflow/example_dags/tutorial.py
[2023-11-08T18:50:36.932-0500] {processor.py:829} INFO - Processing file /Users/az/anaconda3/envs/python38/lib/python3.8/site-packages/airflow/example_dags/tutorial.py for tasks to queue
[2023-11-08T18:50:36.932-0500] {logging_mixin.py:154} INFO - [2023-11-08T18:50:36.932-0500] {dagbag.py:536} INFO - Filling up the DagBag from /Users/az/anaconda3/envs/python38/lib/python3.8/site-packages/airflow/example_dags/tutorial.py
[2023-11-08T18:50:36.948-0500] {processor.py:839} INFO - DAG(s) dict_keys(['tutorial']) retrieved from /Users/az/anaconda3/envs/python38/lib/python3.8/site-packages/airflow/example_dags/tutorial.py
[2023-11-08T18:50:37.056-0500] {logging_mixin.py:154} INFO - [2023-11-08T18:50:37.055-0500] {dag.py:2941} INFO - Sync 1 DAGs
[2023-11-08T18:50:37.065-0500] {logging_mixin.py:154} INFO - [2023-11-08T18:50:37.064-0500] {dag.py:3722} INFO - Setting next_dagrun for tutorial to 2023-11-07T23:50:37.064850+00:00, run_after=2023-11-08T23:50:37.064850+00:00
[2023-11-08T18:50:37.074-0500] {processor.py:179} INFO - Processing /Users/az/anaconda3/envs/python38/lib/python3.8/site-packages/airflow/example_dags/tutorial.py took 0.147 seconds
[2023-11-08T18:51:38.568-0500] {processor.py:157} INFO - Started process (PID=52873) to work on /Users/az/anaconda3/envs/python38/lib/python3.8/site-packages/airflow/example_dags/tutorial.py
[2023-11-08T18:51:38.573-0500] {processor.py:829} INFO - Processing file /Users/az/anaconda3/envs/python38/lib/python3.8/site-packages/airflow/example_dags/tutorial.py for tasks to queue
[2023-11-08T18:51:38.573-0500] {logging_mixin.py:154} INFO - [2023-11-08T18:51:38.573-0500] {dagbag.py:536} INFO - Filling up the DagBag from /Users/az/anaconda3/envs/python38/lib/python3.8/site-packages/airflow/example_dags/tutorial.py
[2023-11-08T18:51:38.589-0500] {processor.py:839} INFO - DAG(s) dict_keys(['tutorial']) retrieved from /Users/az/anaconda3/envs/python38/lib/python3.8/site-packages/airflow/example_dags/tutorial.py
[2023-11-08T18:51:38.697-0500] {logging_mixin.py:154} INFO - [2023-11-08T18:51:38.697-0500] {dag.py:2941} INFO - Sync 1 DAGs
[2023-11-08T18:51:38.706-0500] {logging_mixin.py:154} INFO - [2023-11-08T18:51:38.706-0500] {dag.py:3722} INFO - Setting next_dagrun for tutorial to 2023-11-07T23:51:38.706243+00:00, run_after=2023-11-08T23:51:38.706243+00:00
[2023-11-08T18:51:38.716-0500] {processor.py:179} INFO - Processing /Users/az/anaconda3/envs/python38/lib/python3.8/site-packages/airflow/example_dags/tutorial.py took 0.148 seconds
[2023-11-08T18:52:39.234-0500] {processor.py:157} INFO - Started process (PID=52946) to work on /Users/az/anaconda3/envs/python38/lib/python3.8/site-packages/airflow/example_dags/tutorial.py
[2023-11-08T18:52:39.239-0500] {processor.py:829} INFO - Processing file /Users/az/anaconda3/envs/python38/lib/python3.8/site-packages/airflow/example_dags/tutorial.py for tasks to queue
[2023-11-08T18:52:39.239-0500] {logging_mixin.py:154} INFO - [2023-11-08T18:52:39.239-0500] {dagbag.py:536} INFO - Filling up the DagBag from /Users/az/anaconda3/envs/python38/lib/python3.8/site-packages/airflow/example_dags/tutorial.py
[2023-11-08T18:52:39.254-0500] {processor.py:839} INFO - DAG(s) dict_keys(['tutorial']) retrieved from /Users/az/anaconda3/envs/python38/lib/python3.8/site-packages/airflow/example_dags/tutorial.py
[2023-11-08T18:52:39.362-0500] {logging_mixin.py:154} INFO - [2023-11-08T18:52:39.362-0500] {dag.py:2941} INFO - Sync 1 DAGs
[2023-11-08T18:52:39.371-0500] {logging_mixin.py:154} INFO - [2023-11-08T18:52:39.371-0500] {dag.py:3722} INFO - Setting next_dagrun for tutorial to 2023-11-07T23:52:39.371423+00:00, run_after=2023-11-08T23:52:39.371423+00:00
[2023-11-08T18:52:39.381-0500] {processor.py:179} INFO - Processing /Users/az/anaconda3/envs/python38/lib/python3.8/site-packages/airflow/example_dags/tutorial.py took 0.147 seconds
[2023-11-08T18:53:41.540-0500] {processor.py:157} INFO - Started process (PID=53022) to work on /Users/az/anaconda3/envs/python38/lib/python3.8/site-packages/airflow/example_dags/tutorial.py
[2023-11-08T18:53:41.544-0500] {processor.py:829} INFO - Processing file /Users/az/anaconda3/envs/python38/lib/python3.8/site-packages/airflow/example_dags/tutorial.py for tasks to queue
[2023-11-08T18:53:41.545-0500] {logging_mixin.py:154} INFO - [2023-11-08T18:53:41.544-0500] {dagbag.py:536} INFO - Filling up the DagBag from /Users/az/anaconda3/envs/python38/lib/python3.8/site-packages/airflow/example_dags/tutorial.py
[2023-11-08T18:53:41.560-0500] {processor.py:839} INFO - DAG(s) dict_keys(['tutorial']) retrieved from /Users/az/anaconda3/envs/python38/lib/python3.8/site-packages/airflow/example_dags/tutorial.py
[2023-11-08T18:53:41.672-0500] {logging_mixin.py:154} INFO - [2023-11-08T18:53:41.672-0500] {dag.py:2941} INFO - Sync 1 DAGs
[2023-11-08T18:53:41.681-0500] {logging_mixin.py:154} INFO - [2023-11-08T18:53:41.681-0500] {dag.py:3722} INFO - Setting next_dagrun for tutorial to 2023-11-07T23:53:41.680949+00:00, run_after=2023-11-08T23:53:41.680949+00:00
[2023-11-08T18:53:41.690-0500] {processor.py:179} INFO - Processing /Users/az/anaconda3/envs/python38/lib/python3.8/site-packages/airflow/example_dags/tutorial.py took 0.151 seconds
[2023-11-08T18:54:42.054-0500] {processor.py:157} INFO - Started process (PID=53108) to work on /Users/az/anaconda3/envs/python38/lib/python3.8/site-packages/airflow/example_dags/tutorial.py
[2023-11-08T18:54:42.059-0500] {processor.py:829} INFO - Processing file /Users/az/anaconda3/envs/python38/lib/python3.8/site-packages/airflow/example_dags/tutorial.py for tasks to queue
[2023-11-08T18:54:42.059-0500] {logging_mixin.py:154} INFO - [2023-11-08T18:54:42.059-0500] {dagbag.py:536} INFO - Filling up the DagBag from /Users/az/anaconda3/envs/python38/lib/python3.8/site-packages/airflow/example_dags/tutorial.py
[2023-11-08T18:54:42.074-0500] {processor.py:839} INFO - DAG(s) dict_keys(['tutorial']) retrieved from /Users/az/anaconda3/envs/python38/lib/python3.8/site-packages/airflow/example_dags/tutorial.py
[2023-11-08T18:54:42.184-0500] {logging_mixin.py:154} INFO - [2023-11-08T18:54:42.183-0500] {dag.py:2941} INFO - Sync 1 DAGs
[2023-11-08T18:54:42.193-0500] {logging_mixin.py:154} INFO - [2023-11-08T18:54:42.192-0500] {dag.py:3722} INFO - Setting next_dagrun for tutorial to 2023-11-07T23:54:42.192920+00:00, run_after=2023-11-08T23:54:42.192920+00:00
[2023-11-08T18:54:42.203-0500] {processor.py:179} INFO - Processing /Users/az/anaconda3/envs/python38/lib/python3.8/site-packages/airflow/example_dags/tutorial.py took 0.149 seconds
[2023-11-08T18:55:47.486-0500] {processor.py:157} INFO - Started process (PID=53194) to work on /Users/az/anaconda3/envs/python38/lib/python3.8/site-packages/airflow/example_dags/tutorial.py
[2023-11-08T18:55:47.491-0500] {processor.py:829} INFO - Processing file /Users/az/anaconda3/envs/python38/lib/python3.8/site-packages/airflow/example_dags/tutorial.py for tasks to queue
[2023-11-08T18:55:47.491-0500] {logging_mixin.py:154} INFO - [2023-11-08T18:55:47.491-0500] {dagbag.py:536} INFO - Filling up the DagBag from /Users/az/anaconda3/envs/python38/lib/python3.8/site-packages/airflow/example_dags/tutorial.py
[2023-11-08T18:55:47.506-0500] {processor.py:839} INFO - DAG(s) dict_keys(['tutorial']) retrieved from /Users/az/anaconda3/envs/python38/lib/python3.8/site-packages/airflow/example_dags/tutorial.py
[2023-11-08T18:55:47.615-0500] {logging_mixin.py:154} INFO - [2023-11-08T18:55:47.615-0500] {dag.py:2941} INFO - Sync 1 DAGs
[2023-11-08T18:55:47.624-0500] {logging_mixin.py:154} INFO - [2023-11-08T18:55:47.624-0500] {dag.py:3722} INFO - Setting next_dagrun for tutorial to 2023-11-07T23:55:47.624026+00:00, run_after=2023-11-08T23:55:47.624026+00:00
[2023-11-08T18:55:47.634-0500] {processor.py:179} INFO - Processing /Users/az/anaconda3/envs/python38/lib/python3.8/site-packages/airflow/example_dags/tutorial.py took 0.148 seconds
[2023-11-08T18:56:51.001-0500] {processor.py:157} INFO - Started process (PID=53278) to work on /Users/az/anaconda3/envs/python38/lib/python3.8/site-packages/airflow/example_dags/tutorial.py
[2023-11-08T18:56:51.005-0500] {processor.py:829} INFO - Processing file /Users/az/anaconda3/envs/python38/lib/python3.8/site-packages/airflow/example_dags/tutorial.py for tasks to queue
[2023-11-08T18:56:51.005-0500] {logging_mixin.py:154} INFO - [2023-11-08T18:56:51.005-0500] {dagbag.py:536} INFO - Filling up the DagBag from /Users/az/anaconda3/envs/python38/lib/python3.8/site-packages/airflow/example_dags/tutorial.py
[2023-11-08T18:56:51.020-0500] {processor.py:839} INFO - DAG(s) dict_keys(['tutorial']) retrieved from /Users/az/anaconda3/envs/python38/lib/python3.8/site-packages/airflow/example_dags/tutorial.py
[2023-11-08T18:56:51.128-0500] {logging_mixin.py:154} INFO - [2023-11-08T18:56:51.128-0500] {dag.py:2941} INFO - Sync 1 DAGs
[2023-11-08T18:56:51.137-0500] {logging_mixin.py:154} INFO - [2023-11-08T18:56:51.137-0500] {dag.py:3722} INFO - Setting next_dagrun for tutorial to 2023-11-07T23:56:51.137408+00:00, run_after=2023-11-08T23:56:51.137408+00:00
[2023-11-08T18:56:51.147-0500] {processor.py:179} INFO - Processing /Users/az/anaconda3/envs/python38/lib/python3.8/site-packages/airflow/example_dags/tutorial.py took 0.147 seconds
[2023-11-08T18:57:51.749-0500] {processor.py:157} INFO - Started process (PID=53354) to work on /Users/az/anaconda3/envs/python38/lib/python3.8/site-packages/airflow/example_dags/tutorial.py
[2023-11-08T18:57:51.753-0500] {processor.py:829} INFO - Processing file /Users/az/anaconda3/envs/python38/lib/python3.8/site-packages/airflow/example_dags/tutorial.py for tasks to queue
[2023-11-08T18:57:51.754-0500] {logging_mixin.py:154} INFO - [2023-11-08T18:57:51.753-0500] {dagbag.py:536} INFO - Filling up the DagBag from /Users/az/anaconda3/envs/python38/lib/python3.8/site-packages/airflow/example_dags/tutorial.py
[2023-11-08T18:57:51.768-0500] {processor.py:839} INFO - DAG(s) dict_keys(['tutorial']) retrieved from /Users/az/anaconda3/envs/python38/lib/python3.8/site-packages/airflow/example_dags/tutorial.py
[2023-11-08T18:57:51.877-0500] {logging_mixin.py:154} INFO - [2023-11-08T18:57:51.876-0500] {dag.py:2941} INFO - Sync 1 DAGs
[2023-11-08T18:57:51.886-0500] {logging_mixin.py:154} INFO - [2023-11-08T18:57:51.885-0500] {dag.py:3722} INFO - Setting next_dagrun for tutorial to 2023-11-07T23:57:51.885861+00:00, run_after=2023-11-08T23:57:51.885861+00:00
[2023-11-08T18:57:51.896-0500] {processor.py:179} INFO - Processing /Users/az/anaconda3/envs/python38/lib/python3.8/site-packages/airflow/example_dags/tutorial.py took 0.147 seconds
[2023-11-08T18:58:56.315-0500] {processor.py:157} INFO - Started process (PID=53437) to work on /Users/az/anaconda3/envs/python38/lib/python3.8/site-packages/airflow/example_dags/tutorial.py
[2023-11-08T18:58:56.320-0500] {processor.py:829} INFO - Processing file /Users/az/anaconda3/envs/python38/lib/python3.8/site-packages/airflow/example_dags/tutorial.py for tasks to queue
[2023-11-08T18:58:56.320-0500] {logging_mixin.py:154} INFO - [2023-11-08T18:58:56.320-0500] {dagbag.py:536} INFO - Filling up the DagBag from /Users/az/anaconda3/envs/python38/lib/python3.8/site-packages/airflow/example_dags/tutorial.py
[2023-11-08T18:58:56.335-0500] {processor.py:839} INFO - DAG(s) dict_keys(['tutorial']) retrieved from /Users/az/anaconda3/envs/python38/lib/python3.8/site-packages/airflow/example_dags/tutorial.py
[2023-11-08T18:58:56.444-0500] {logging_mixin.py:154} INFO - [2023-11-08T18:58:56.444-0500] {dag.py:2941} INFO - Sync 1 DAGs
[2023-11-08T18:58:56.454-0500] {logging_mixin.py:154} INFO - [2023-11-08T18:58:56.453-0500] {dag.py:3722} INFO - Setting next_dagrun for tutorial to 2023-11-07T23:58:56.453829+00:00, run_after=2023-11-08T23:58:56.453829+00:00
[2023-11-08T18:58:56.464-0500] {processor.py:179} INFO - Processing /Users/az/anaconda3/envs/python38/lib/python3.8/site-packages/airflow/example_dags/tutorial.py took 0.149 seconds
[2023-11-08T18:59:56.367-0500] {processor.py:157} INFO - Started process (PID=53514) to work on /Users/az/anaconda3/envs/python38/lib/python3.8/site-packages/airflow/example_dags/tutorial.py
[2023-11-08T18:59:56.370-0500] {processor.py:829} INFO - Processing file /Users/az/anaconda3/envs/python38/lib/python3.8/site-packages/airflow/example_dags/tutorial.py for tasks to queue
[2023-11-08T18:59:56.371-0500] {logging_mixin.py:154} INFO - [2023-11-08T18:59:56.371-0500] {dagbag.py:536} INFO - Filling up the DagBag from /Users/az/anaconda3/envs/python38/lib/python3.8/site-packages/airflow/example_dags/tutorial.py
[2023-11-08T18:59:56.385-0500] {processor.py:839} INFO - DAG(s) dict_keys(['tutorial']) retrieved from /Users/az/anaconda3/envs/python38/lib/python3.8/site-packages/airflow/example_dags/tutorial.py
[2023-11-08T18:59:56.494-0500] {logging_mixin.py:154} INFO - [2023-11-08T18:59:56.494-0500] {dag.py:2941} INFO - Sync 1 DAGs
[2023-11-08T18:59:56.503-0500] {logging_mixin.py:154} INFO - [2023-11-08T18:59:56.503-0500] {dag.py:3722} INFO - Setting next_dagrun for tutorial to 2023-11-07T23:59:56.503083+00:00, run_after=2023-11-08T23:59:56.503083+00:00
[2023-11-08T18:59:56.513-0500] {processor.py:179} INFO - Processing /Users/az/anaconda3/envs/python38/lib/python3.8/site-packages/airflow/example_dags/tutorial.py took 0.147 seconds
