[2023-11-10T17:15:30.864-0500] {taskinstance.py:1159} INFO - Dependencies all met for dep_context=non-requeueable deps ti=<TaskInstance: executing_multiple_tasks.taskA manual__2023-11-10T22:15:28.335851+00:00 [queued]>
[2023-11-10T17:15:30.868-0500] {taskinstance.py:1159} INFO - Dependencies all met for dep_context=requeueable deps ti=<TaskInstance: executing_multiple_tasks.taskA manual__2023-11-10T22:15:28.335851+00:00 [queued]>
[2023-11-10T17:15:30.868-0500] {taskinstance.py:1361} INFO - Starting attempt 1 of 1
[2023-11-10T17:15:30.874-0500] {taskinstance.py:1382} INFO - Executing <Task(BashOperator): taskA> on 2023-11-10 22:15:28.335851+00:00
[2023-11-10T17:15:30.876-0500] {standard_task_runner.py:57} INFO - Started process 89086 to run task
[2023-11-10T17:15:30.880-0500] {standard_task_runner.py:84} INFO - Running: ['airflow', 'tasks', 'run', 'executing_multiple_tasks', 'taskA', 'manual__2023-11-10T22:15:28.335851+00:00', '--job-id', '20', '--raw', '--subdir', 'DAGS_FOLDER/excute_multiple_tasks.py', '--cfg-path', '/var/folders/84/qprfknln75z1qjwbnr6d2l2h0000gn/T/tmpjj6gedug']
[2023-11-10T17:15:30.882-0500] {standard_task_runner.py:85} INFO - Job 20: Subtask taskA
[2023-11-10T17:15:30.910-0500] {task_command.py:416} INFO - Running <TaskInstance: executing_multiple_tasks.taskA manual__2023-11-10T22:15:28.335851+00:00 [running]> on host macbook-air-2.cogeco.local
[2023-11-10T17:15:30.943-0500] {taskinstance.py:1662} INFO - Exporting env vars: AIRFLOW_CTX_DAG_OWNER='loonycorn' AIRFLOW_CTX_DAG_ID='executing_multiple_tasks' AIRFLOW_CTX_TASK_ID='taskA' AIRFLOW_CTX_EXECUTION_DATE='2023-11-10T22:15:28.335851+00:00' AIRFLOW_CTX_TRY_NUMBER='1' AIRFLOW_CTX_DAG_RUN_ID='manual__2023-11-10T22:15:28.335851+00:00'
[2023-11-10T17:15:30.944-0500] {subprocess.py:63} INFO - Tmp dir root location: /var/folders/84/qprfknln75z1qjwbnr6d2l2h0000gn/T
[2023-11-10T17:15:30.945-0500] {subprocess.py:75} INFO - Running command: ['/bin/bash', '-c', '\n            echo TASK A has started!\n            \n            for i in {1..10}\n            do\n                echo TASK A printing $i\n            done\n\n            echo TASK A has ended!\n        ']
[2023-11-10T17:15:30.949-0500] {subprocess.py:86} INFO - Output:
[2023-11-10T17:15:30.952-0500] {subprocess.py:93} INFO - TASK A has started!
[2023-11-10T17:15:30.952-0500] {subprocess.py:93} INFO - TASK A printing 1
[2023-11-10T17:15:30.952-0500] {subprocess.py:93} INFO - TASK A printing 2
[2023-11-10T17:15:30.952-0500] {subprocess.py:93} INFO - TASK A printing 3
[2023-11-10T17:15:30.953-0500] {subprocess.py:93} INFO - TASK A printing 4
[2023-11-10T17:15:30.953-0500] {subprocess.py:93} INFO - TASK A printing 5
[2023-11-10T17:15:30.953-0500] {subprocess.py:93} INFO - TASK A printing 6
[2023-11-10T17:15:30.953-0500] {subprocess.py:93} INFO - TASK A printing 7
[2023-11-10T17:15:30.954-0500] {subprocess.py:93} INFO - TASK A printing 8
[2023-11-10T17:15:30.954-0500] {subprocess.py:93} INFO - TASK A printing 9
[2023-11-10T17:15:30.954-0500] {subprocess.py:93} INFO - TASK A printing 10
[2023-11-10T17:15:30.955-0500] {subprocess.py:93} INFO - TASK A has ended!
[2023-11-10T17:15:30.955-0500] {subprocess.py:97} INFO - Command exited with return code 0
[2023-11-10T17:15:30.965-0500] {taskinstance.py:1400} INFO - Marking task as SUCCESS. dag_id=executing_multiple_tasks, task_id=taskA, execution_date=20231110T221528, start_date=20231110T221530, end_date=20231110T221530
[2023-11-10T17:15:30.981-0500] {local_task_job_runner.py:228} INFO - Task exited with return code 0
[2023-11-10T17:15:30.995-0500] {taskinstance.py:2778} INFO - 2 downstream tasks scheduled from follow-on schedule check
