[2023-11-08T17:47:02.464-0500] {processor.py:157} INFO - Started process (PID=48867) to work on /Users/az/anaconda3/envs/python38/lib/python3.8/site-packages/airflow/example_dags/plugins/event_listener.py
[2023-11-08T17:47:02.467-0500] {processor.py:829} INFO - Processing file /Users/az/anaconda3/envs/python38/lib/python3.8/site-packages/airflow/example_dags/plugins/event_listener.py for tasks to queue
[2023-11-08T17:47:02.468-0500] {logging_mixin.py:154} INFO - [2023-11-08T17:47:02.468-0500] {dagbag.py:536} INFO - Filling up the DagBag from /Users/az/anaconda3/envs/python38/lib/python3.8/site-packages/airflow/example_dags/plugins/event_listener.py
[2023-11-08T17:47:02.468-0500] {processor.py:841} WARNING - No viable dags retrieved from /Users/az/anaconda3/envs/python38/lib/python3.8/site-packages/airflow/example_dags/plugins/event_listener.py
[2023-11-08T17:47:02.544-0500] {processor.py:179} INFO - Processing /Users/az/anaconda3/envs/python38/lib/python3.8/site-packages/airflow/example_dags/plugins/event_listener.py took 0.081 seconds
[2023-11-08T17:48:38.933-0500] {processor.py:157} INFO - Started process (PID=49004) to work on /Users/az/anaconda3/envs/python38/lib/python3.8/site-packages/airflow/example_dags/plugins/event_listener.py
[2023-11-08T17:48:38.938-0500] {processor.py:829} INFO - Processing file /Users/az/anaconda3/envs/python38/lib/python3.8/site-packages/airflow/example_dags/plugins/event_listener.py for tasks to queue
[2023-11-08T17:48:38.939-0500] {logging_mixin.py:154} INFO - [2023-11-08T17:48:38.938-0500] {dagbag.py:536} INFO - Filling up the DagBag from /Users/az/anaconda3/envs/python38/lib/python3.8/site-packages/airflow/example_dags/plugins/event_listener.py
[2023-11-08T17:48:38.939-0500] {processor.py:841} WARNING - No viable dags retrieved from /Users/az/anaconda3/envs/python38/lib/python3.8/site-packages/airflow/example_dags/plugins/event_listener.py
[2023-11-08T17:48:39.017-0500] {processor.py:179} INFO - Processing /Users/az/anaconda3/envs/python38/lib/python3.8/site-packages/airflow/example_dags/plugins/event_listener.py took 0.084 seconds
[2023-11-08T17:49:42.479-0500] {processor.py:157} INFO - Started process (PID=49094) to work on /Users/az/anaconda3/envs/python38/lib/python3.8/site-packages/airflow/example_dags/plugins/event_listener.py
[2023-11-08T17:49:42.484-0500] {processor.py:829} INFO - Processing file /Users/az/anaconda3/envs/python38/lib/python3.8/site-packages/airflow/example_dags/plugins/event_listener.py for tasks to queue
[2023-11-08T17:49:42.484-0500] {logging_mixin.py:154} INFO - [2023-11-08T17:49:42.484-0500] {dagbag.py:536} INFO - Filling up the DagBag from /Users/az/anaconda3/envs/python38/lib/python3.8/site-packages/airflow/example_dags/plugins/event_listener.py
[2023-11-08T17:49:42.485-0500] {processor.py:841} WARNING - No viable dags retrieved from /Users/az/anaconda3/envs/python38/lib/python3.8/site-packages/airflow/example_dags/plugins/event_listener.py
[2023-11-08T17:49:42.564-0500] {processor.py:179} INFO - Processing /Users/az/anaconda3/envs/python38/lib/python3.8/site-packages/airflow/example_dags/plugins/event_listener.py took 0.086 seconds
[2023-11-08T17:50:43.407-0500] {processor.py:157} INFO - Started process (PID=49215) to work on /Users/az/anaconda3/envs/python38/lib/python3.8/site-packages/airflow/example_dags/plugins/event_listener.py
[2023-11-08T17:50:43.412-0500] {processor.py:829} INFO - Processing file /Users/az/anaconda3/envs/python38/lib/python3.8/site-packages/airflow/example_dags/plugins/event_listener.py for tasks to queue
[2023-11-08T17:50:43.412-0500] {logging_mixin.py:154} INFO - [2023-11-08T17:50:43.412-0500] {dagbag.py:536} INFO - Filling up the DagBag from /Users/az/anaconda3/envs/python38/lib/python3.8/site-packages/airflow/example_dags/plugins/event_listener.py
[2023-11-08T17:50:43.413-0500] {processor.py:841} WARNING - No viable dags retrieved from /Users/az/anaconda3/envs/python38/lib/python3.8/site-packages/airflow/example_dags/plugins/event_listener.py
[2023-11-08T17:50:43.489-0500] {processor.py:179} INFO - Processing /Users/az/anaconda3/envs/python38/lib/python3.8/site-packages/airflow/example_dags/plugins/event_listener.py took 0.082 seconds
[2023-11-08T17:51:42.525-0500] {processor.py:157} INFO - Started process (PID=49297) to work on /Users/az/anaconda3/envs/python38/lib/python3.8/site-packages/airflow/example_dags/plugins/event_listener.py
[2023-11-08T17:51:42.530-0500] {processor.py:829} INFO - Processing file /Users/az/anaconda3/envs/python38/lib/python3.8/site-packages/airflow/example_dags/plugins/event_listener.py for tasks to queue
[2023-11-08T17:51:42.530-0500] {logging_mixin.py:154} INFO - [2023-11-08T17:51:42.530-0500] {dagbag.py:536} INFO - Filling up the DagBag from /Users/az/anaconda3/envs/python38/lib/python3.8/site-packages/airflow/example_dags/plugins/event_listener.py
[2023-11-08T17:51:42.531-0500] {processor.py:841} WARNING - No viable dags retrieved from /Users/az/anaconda3/envs/python38/lib/python3.8/site-packages/airflow/example_dags/plugins/event_listener.py
[2023-11-08T17:51:42.608-0500] {processor.py:179} INFO - Processing /Users/az/anaconda3/envs/python38/lib/python3.8/site-packages/airflow/example_dags/plugins/event_listener.py took 0.084 seconds
[2023-11-08T17:52:39.157-0500] {processor.py:157} INFO - Started process (PID=49369) to work on /Users/az/anaconda3/envs/python38/lib/python3.8/site-packages/airflow/example_dags/plugins/event_listener.py
[2023-11-08T17:52:39.162-0500] {processor.py:829} INFO - Processing file /Users/az/anaconda3/envs/python38/lib/python3.8/site-packages/airflow/example_dags/plugins/event_listener.py for tasks to queue
[2023-11-08T17:52:39.162-0500] {logging_mixin.py:154} INFO - [2023-11-08T17:52:39.162-0500] {dagbag.py:536} INFO - Filling up the DagBag from /Users/az/anaconda3/envs/python38/lib/python3.8/site-packages/airflow/example_dags/plugins/event_listener.py
[2023-11-08T17:52:39.163-0500] {processor.py:841} WARNING - No viable dags retrieved from /Users/az/anaconda3/envs/python38/lib/python3.8/site-packages/airflow/example_dags/plugins/event_listener.py
[2023-11-08T17:52:39.239-0500] {processor.py:179} INFO - Processing /Users/az/anaconda3/envs/python38/lib/python3.8/site-packages/airflow/example_dags/plugins/event_listener.py took 0.082 seconds
[2023-11-08T17:53:34.220-0500] {processor.py:157} INFO - Started process (PID=49440) to work on /Users/az/anaconda3/envs/python38/lib/python3.8/site-packages/airflow/example_dags/plugins/event_listener.py
[2023-11-08T17:53:34.224-0500] {processor.py:829} INFO - Processing file /Users/az/anaconda3/envs/python38/lib/python3.8/site-packages/airflow/example_dags/plugins/event_listener.py for tasks to queue
[2023-11-08T17:53:34.224-0500] {logging_mixin.py:154} INFO - [2023-11-08T17:53:34.224-0500] {dagbag.py:536} INFO - Filling up the DagBag from /Users/az/anaconda3/envs/python38/lib/python3.8/site-packages/airflow/example_dags/plugins/event_listener.py
[2023-11-08T17:53:34.225-0500] {processor.py:841} WARNING - No viable dags retrieved from /Users/az/anaconda3/envs/python38/lib/python3.8/site-packages/airflow/example_dags/plugins/event_listener.py
[2023-11-08T17:53:34.301-0500] {processor.py:179} INFO - Processing /Users/az/anaconda3/envs/python38/lib/python3.8/site-packages/airflow/example_dags/plugins/event_listener.py took 0.081 seconds
[2023-11-08T17:54:32.646-0500] {processor.py:157} INFO - Started process (PID=49510) to work on /Users/az/anaconda3/envs/python38/lib/python3.8/site-packages/airflow/example_dags/plugins/event_listener.py
[2023-11-08T17:54:32.650-0500] {processor.py:829} INFO - Processing file /Users/az/anaconda3/envs/python38/lib/python3.8/site-packages/airflow/example_dags/plugins/event_listener.py for tasks to queue
[2023-11-08T17:54:32.651-0500] {logging_mixin.py:154} INFO - [2023-11-08T17:54:32.651-0500] {dagbag.py:536} INFO - Filling up the DagBag from /Users/az/anaconda3/envs/python38/lib/python3.8/site-packages/airflow/example_dags/plugins/event_listener.py
[2023-11-08T17:54:32.651-0500] {processor.py:841} WARNING - No viable dags retrieved from /Users/az/anaconda3/envs/python38/lib/python3.8/site-packages/airflow/example_dags/plugins/event_listener.py
[2023-11-08T17:54:32.728-0500] {processor.py:179} INFO - Processing /Users/az/anaconda3/envs/python38/lib/python3.8/site-packages/airflow/example_dags/plugins/event_listener.py took 0.082 seconds
[2023-11-08T17:55:33.099-0500] {processor.py:157} INFO - Started process (PID=49584) to work on /Users/az/anaconda3/envs/python38/lib/python3.8/site-packages/airflow/example_dags/plugins/event_listener.py
[2023-11-08T17:55:33.104-0500] {processor.py:829} INFO - Processing file /Users/az/anaconda3/envs/python38/lib/python3.8/site-packages/airflow/example_dags/plugins/event_listener.py for tasks to queue
[2023-11-08T17:55:33.104-0500] {logging_mixin.py:154} INFO - [2023-11-08T17:55:33.104-0500] {dagbag.py:536} INFO - Filling up the DagBag from /Users/az/anaconda3/envs/python38/lib/python3.8/site-packages/airflow/example_dags/plugins/event_listener.py
[2023-11-08T17:55:33.105-0500] {processor.py:841} WARNING - No viable dags retrieved from /Users/az/anaconda3/envs/python38/lib/python3.8/site-packages/airflow/example_dags/plugins/event_listener.py
[2023-11-08T17:55:33.181-0500] {processor.py:179} INFO - Processing /Users/az/anaconda3/envs/python38/lib/python3.8/site-packages/airflow/example_dags/plugins/event_listener.py took 0.082 seconds
[2023-11-08T17:56:32.817-0500] {processor.py:157} INFO - Started process (PID=49657) to work on /Users/az/anaconda3/envs/python38/lib/python3.8/site-packages/airflow/example_dags/plugins/event_listener.py
[2023-11-08T17:56:32.822-0500] {processor.py:829} INFO - Processing file /Users/az/anaconda3/envs/python38/lib/python3.8/site-packages/airflow/example_dags/plugins/event_listener.py for tasks to queue
[2023-11-08T17:56:32.822-0500] {logging_mixin.py:154} INFO - [2023-11-08T17:56:32.822-0500] {dagbag.py:536} INFO - Filling up the DagBag from /Users/az/anaconda3/envs/python38/lib/python3.8/site-packages/airflow/example_dags/plugins/event_listener.py
[2023-11-08T17:56:32.823-0500] {processor.py:841} WARNING - No viable dags retrieved from /Users/az/anaconda3/envs/python38/lib/python3.8/site-packages/airflow/example_dags/plugins/event_listener.py
[2023-11-08T17:56:32.899-0500] {processor.py:179} INFO - Processing /Users/az/anaconda3/envs/python38/lib/python3.8/site-packages/airflow/example_dags/plugins/event_listener.py took 0.082 seconds
[2023-11-08T17:57:33.243-0500] {processor.py:157} INFO - Started process (PID=49735) to work on /Users/az/anaconda3/envs/python38/lib/python3.8/site-packages/airflow/example_dags/plugins/event_listener.py
[2023-11-08T17:57:33.248-0500] {processor.py:829} INFO - Processing file /Users/az/anaconda3/envs/python38/lib/python3.8/site-packages/airflow/example_dags/plugins/event_listener.py for tasks to queue
[2023-11-08T17:57:33.248-0500] {logging_mixin.py:154} INFO - [2023-11-08T17:57:33.248-0500] {dagbag.py:536} INFO - Filling up the DagBag from /Users/az/anaconda3/envs/python38/lib/python3.8/site-packages/airflow/example_dags/plugins/event_listener.py
[2023-11-08T17:57:33.249-0500] {processor.py:841} WARNING - No viable dags retrieved from /Users/az/anaconda3/envs/python38/lib/python3.8/site-packages/airflow/example_dags/plugins/event_listener.py
[2023-11-08T17:57:33.325-0500] {processor.py:179} INFO - Processing /Users/az/anaconda3/envs/python38/lib/python3.8/site-packages/airflow/example_dags/plugins/event_listener.py took 0.082 seconds
[2023-11-08T17:58:34.874-0500] {processor.py:157} INFO - Started process (PID=49829) to work on /Users/az/anaconda3/envs/python38/lib/python3.8/site-packages/airflow/example_dags/plugins/event_listener.py
[2023-11-08T17:58:34.879-0500] {processor.py:829} INFO - Processing file /Users/az/anaconda3/envs/python38/lib/python3.8/site-packages/airflow/example_dags/plugins/event_listener.py for tasks to queue
[2023-11-08T17:58:34.879-0500] {logging_mixin.py:154} INFO - [2023-11-08T17:58:34.879-0500] {dagbag.py:536} INFO - Filling up the DagBag from /Users/az/anaconda3/envs/python38/lib/python3.8/site-packages/airflow/example_dags/plugins/event_listener.py
[2023-11-08T17:58:34.880-0500] {processor.py:841} WARNING - No viable dags retrieved from /Users/az/anaconda3/envs/python38/lib/python3.8/site-packages/airflow/example_dags/plugins/event_listener.py
[2023-11-08T17:58:34.956-0500] {processor.py:179} INFO - Processing /Users/az/anaconda3/envs/python38/lib/python3.8/site-packages/airflow/example_dags/plugins/event_listener.py took 0.082 seconds
[2023-11-08T17:59:35.455-0500] {processor.py:157} INFO - Started process (PID=49903) to work on /Users/az/anaconda3/envs/python38/lib/python3.8/site-packages/airflow/example_dags/plugins/event_listener.py
[2023-11-08T17:59:35.459-0500] {processor.py:829} INFO - Processing file /Users/az/anaconda3/envs/python38/lib/python3.8/site-packages/airflow/example_dags/plugins/event_listener.py for tasks to queue
[2023-11-08T17:59:35.460-0500] {logging_mixin.py:154} INFO - [2023-11-08T17:59:35.460-0500] {dagbag.py:536} INFO - Filling up the DagBag from /Users/az/anaconda3/envs/python38/lib/python3.8/site-packages/airflow/example_dags/plugins/event_listener.py
[2023-11-08T17:59:35.460-0500] {processor.py:841} WARNING - No viable dags retrieved from /Users/az/anaconda3/envs/python38/lib/python3.8/site-packages/airflow/example_dags/plugins/event_listener.py
[2023-11-08T17:59:35.536-0500] {processor.py:179} INFO - Processing /Users/az/anaconda3/envs/python38/lib/python3.8/site-packages/airflow/example_dags/plugins/event_listener.py took 0.082 seconds
[2023-11-08T18:00:36.608-0500] {processor.py:157} INFO - Started process (PID=49979) to work on /Users/az/anaconda3/envs/python38/lib/python3.8/site-packages/airflow/example_dags/plugins/event_listener.py
[2023-11-08T18:00:36.612-0500] {processor.py:829} INFO - Processing file /Users/az/anaconda3/envs/python38/lib/python3.8/site-packages/airflow/example_dags/plugins/event_listener.py for tasks to queue
[2023-11-08T18:00:36.612-0500] {logging_mixin.py:154} INFO - [2023-11-08T18:00:36.612-0500] {dagbag.py:536} INFO - Filling up the DagBag from /Users/az/anaconda3/envs/python38/lib/python3.8/site-packages/airflow/example_dags/plugins/event_listener.py
[2023-11-08T18:00:36.613-0500] {processor.py:841} WARNING - No viable dags retrieved from /Users/az/anaconda3/envs/python38/lib/python3.8/site-packages/airflow/example_dags/plugins/event_listener.py
[2023-11-08T18:00:36.689-0500] {processor.py:179} INFO - Processing /Users/az/anaconda3/envs/python38/lib/python3.8/site-packages/airflow/example_dags/plugins/event_listener.py took 0.082 seconds
[2023-11-08T18:01:35.603-0500] {processor.py:157} INFO - Started process (PID=50074) to work on /Users/az/anaconda3/envs/python38/lib/python3.8/site-packages/airflow/example_dags/plugins/event_listener.py
[2023-11-08T18:01:35.608-0500] {processor.py:829} INFO - Processing file /Users/az/anaconda3/envs/python38/lib/python3.8/site-packages/airflow/example_dags/plugins/event_listener.py for tasks to queue
[2023-11-08T18:01:35.609-0500] {logging_mixin.py:154} INFO - [2023-11-08T18:01:35.608-0500] {dagbag.py:536} INFO - Filling up the DagBag from /Users/az/anaconda3/envs/python38/lib/python3.8/site-packages/airflow/example_dags/plugins/event_listener.py
[2023-11-08T18:01:35.609-0500] {processor.py:841} WARNING - No viable dags retrieved from /Users/az/anaconda3/envs/python38/lib/python3.8/site-packages/airflow/example_dags/plugins/event_listener.py
[2023-11-08T18:01:35.703-0500] {processor.py:179} INFO - Processing /Users/az/anaconda3/envs/python38/lib/python3.8/site-packages/airflow/example_dags/plugins/event_listener.py took 0.100 seconds
[2023-11-08T18:02:32.952-0500] {processor.py:157} INFO - Started process (PID=50151) to work on /Users/az/anaconda3/envs/python38/lib/python3.8/site-packages/airflow/example_dags/plugins/event_listener.py
[2023-11-08T18:02:32.957-0500] {processor.py:829} INFO - Processing file /Users/az/anaconda3/envs/python38/lib/python3.8/site-packages/airflow/example_dags/plugins/event_listener.py for tasks to queue
[2023-11-08T18:02:32.957-0500] {logging_mixin.py:154} INFO - [2023-11-08T18:02:32.957-0500] {dagbag.py:536} INFO - Filling up the DagBag from /Users/az/anaconda3/envs/python38/lib/python3.8/site-packages/airflow/example_dags/plugins/event_listener.py
[2023-11-08T18:02:32.958-0500] {processor.py:841} WARNING - No viable dags retrieved from /Users/az/anaconda3/envs/python38/lib/python3.8/site-packages/airflow/example_dags/plugins/event_listener.py
[2023-11-08T18:02:33.033-0500] {processor.py:179} INFO - Processing /Users/az/anaconda3/envs/python38/lib/python3.8/site-packages/airflow/example_dags/plugins/event_listener.py took 0.081 seconds
[2023-11-08T18:03:32.573-0500] {processor.py:157} INFO - Started process (PID=50365) to work on /Users/az/anaconda3/envs/python38/lib/python3.8/site-packages/airflow/example_dags/plugins/event_listener.py
[2023-11-08T18:03:32.577-0500] {processor.py:829} INFO - Processing file /Users/az/anaconda3/envs/python38/lib/python3.8/site-packages/airflow/example_dags/plugins/event_listener.py for tasks to queue
[2023-11-08T18:03:32.577-0500] {logging_mixin.py:154} INFO - [2023-11-08T18:03:32.577-0500] {dagbag.py:536} INFO - Filling up the DagBag from /Users/az/anaconda3/envs/python38/lib/python3.8/site-packages/airflow/example_dags/plugins/event_listener.py
[2023-11-08T18:03:32.578-0500] {processor.py:841} WARNING - No viable dags retrieved from /Users/az/anaconda3/envs/python38/lib/python3.8/site-packages/airflow/example_dags/plugins/event_listener.py
[2023-11-08T18:03:32.656-0500] {processor.py:179} INFO - Processing /Users/az/anaconda3/envs/python38/lib/python3.8/site-packages/airflow/example_dags/plugins/event_listener.py took 0.084 seconds
[2023-11-08T18:04:31.641-0500] {processor.py:157} INFO - Started process (PID=50475) to work on /Users/az/anaconda3/envs/python38/lib/python3.8/site-packages/airflow/example_dags/plugins/event_listener.py
[2023-11-08T18:04:31.645-0500] {processor.py:829} INFO - Processing file /Users/az/anaconda3/envs/python38/lib/python3.8/site-packages/airflow/example_dags/plugins/event_listener.py for tasks to queue
[2023-11-08T18:04:31.646-0500] {logging_mixin.py:154} INFO - [2023-11-08T18:04:31.646-0500] {dagbag.py:536} INFO - Filling up the DagBag from /Users/az/anaconda3/envs/python38/lib/python3.8/site-packages/airflow/example_dags/plugins/event_listener.py
[2023-11-08T18:04:31.646-0500] {processor.py:841} WARNING - No viable dags retrieved from /Users/az/anaconda3/envs/python38/lib/python3.8/site-packages/airflow/example_dags/plugins/event_listener.py
[2023-11-08T18:04:31.722-0500] {processor.py:179} INFO - Processing /Users/az/anaconda3/envs/python38/lib/python3.8/site-packages/airflow/example_dags/plugins/event_listener.py took 0.082 seconds
[2023-11-08T18:05:28.967-0500] {processor.py:157} INFO - Started process (PID=50547) to work on /Users/az/anaconda3/envs/python38/lib/python3.8/site-packages/airflow/example_dags/plugins/event_listener.py
[2023-11-08T18:05:28.971-0500] {processor.py:829} INFO - Processing file /Users/az/anaconda3/envs/python38/lib/python3.8/site-packages/airflow/example_dags/plugins/event_listener.py for tasks to queue
[2023-11-08T18:05:28.971-0500] {logging_mixin.py:154} INFO - [2023-11-08T18:05:28.971-0500] {dagbag.py:536} INFO - Filling up the DagBag from /Users/az/anaconda3/envs/python38/lib/python3.8/site-packages/airflow/example_dags/plugins/event_listener.py
[2023-11-08T18:05:28.971-0500] {processor.py:841} WARNING - No viable dags retrieved from /Users/az/anaconda3/envs/python38/lib/python3.8/site-packages/airflow/example_dags/plugins/event_listener.py
[2023-11-08T18:05:29.047-0500] {processor.py:179} INFO - Processing /Users/az/anaconda3/envs/python38/lib/python3.8/site-packages/airflow/example_dags/plugins/event_listener.py took 0.081 seconds
[2023-11-08T18:06:27.890-0500] {processor.py:157} INFO - Started process (PID=50621) to work on /Users/az/anaconda3/envs/python38/lib/python3.8/site-packages/airflow/example_dags/plugins/event_listener.py
[2023-11-08T18:06:27.895-0500] {processor.py:829} INFO - Processing file /Users/az/anaconda3/envs/python38/lib/python3.8/site-packages/airflow/example_dags/plugins/event_listener.py for tasks to queue
[2023-11-08T18:06:27.895-0500] {logging_mixin.py:154} INFO - [2023-11-08T18:06:27.895-0500] {dagbag.py:536} INFO - Filling up the DagBag from /Users/az/anaconda3/envs/python38/lib/python3.8/site-packages/airflow/example_dags/plugins/event_listener.py
[2023-11-08T18:06:27.896-0500] {processor.py:841} WARNING - No viable dags retrieved from /Users/az/anaconda3/envs/python38/lib/python3.8/site-packages/airflow/example_dags/plugins/event_listener.py
[2023-11-08T18:06:27.971-0500] {processor.py:179} INFO - Processing /Users/az/anaconda3/envs/python38/lib/python3.8/site-packages/airflow/example_dags/plugins/event_listener.py took 0.082 seconds
[2023-11-08T18:07:23.279-0500] {processor.py:157} INFO - Started process (PID=50711) to work on /Users/az/anaconda3/envs/python38/lib/python3.8/site-packages/airflow/example_dags/plugins/event_listener.py
[2023-11-08T18:07:23.283-0500] {processor.py:829} INFO - Processing file /Users/az/anaconda3/envs/python38/lib/python3.8/site-packages/airflow/example_dags/plugins/event_listener.py for tasks to queue
[2023-11-08T18:07:23.283-0500] {logging_mixin.py:154} INFO - [2023-11-08T18:07:23.283-0500] {dagbag.py:536} INFO - Filling up the DagBag from /Users/az/anaconda3/envs/python38/lib/python3.8/site-packages/airflow/example_dags/plugins/event_listener.py
[2023-11-08T18:07:23.284-0500] {processor.py:841} WARNING - No viable dags retrieved from /Users/az/anaconda3/envs/python38/lib/python3.8/site-packages/airflow/example_dags/plugins/event_listener.py
[2023-11-08T18:07:23.361-0500] {processor.py:179} INFO - Processing /Users/az/anaconda3/envs/python38/lib/python3.8/site-packages/airflow/example_dags/plugins/event_listener.py took 0.082 seconds
[2023-11-08T18:08:20.967-0500] {processor.py:157} INFO - Started process (PID=50796) to work on /Users/az/anaconda3/envs/python38/lib/python3.8/site-packages/airflow/example_dags/plugins/event_listener.py
[2023-11-08T18:08:20.971-0500] {processor.py:829} INFO - Processing file /Users/az/anaconda3/envs/python38/lib/python3.8/site-packages/airflow/example_dags/plugins/event_listener.py for tasks to queue
[2023-11-08T18:08:20.971-0500] {logging_mixin.py:154} INFO - [2023-11-08T18:08:20.971-0500] {dagbag.py:536} INFO - Filling up the DagBag from /Users/az/anaconda3/envs/python38/lib/python3.8/site-packages/airflow/example_dags/plugins/event_listener.py
[2023-11-08T18:08:20.972-0500] {processor.py:841} WARNING - No viable dags retrieved from /Users/az/anaconda3/envs/python38/lib/python3.8/site-packages/airflow/example_dags/plugins/event_listener.py
[2023-11-08T18:08:21.047-0500] {processor.py:179} INFO - Processing /Users/az/anaconda3/envs/python38/lib/python3.8/site-packages/airflow/example_dags/plugins/event_listener.py took 0.081 seconds
[2023-11-08T18:09:20.500-0500] {processor.py:157} INFO - Started process (PID=50877) to work on /Users/az/anaconda3/envs/python38/lib/python3.8/site-packages/airflow/example_dags/plugins/event_listener.py
[2023-11-08T18:09:20.505-0500] {processor.py:829} INFO - Processing file /Users/az/anaconda3/envs/python38/lib/python3.8/site-packages/airflow/example_dags/plugins/event_listener.py for tasks to queue
[2023-11-08T18:09:20.505-0500] {logging_mixin.py:154} INFO - [2023-11-08T18:09:20.505-0500] {dagbag.py:536} INFO - Filling up the DagBag from /Users/az/anaconda3/envs/python38/lib/python3.8/site-packages/airflow/example_dags/plugins/event_listener.py
[2023-11-08T18:09:20.506-0500] {processor.py:841} WARNING - No viable dags retrieved from /Users/az/anaconda3/envs/python38/lib/python3.8/site-packages/airflow/example_dags/plugins/event_listener.py
[2023-11-08T18:09:20.582-0500] {processor.py:179} INFO - Processing /Users/az/anaconda3/envs/python38/lib/python3.8/site-packages/airflow/example_dags/plugins/event_listener.py took 0.082 seconds
[2023-11-08T18:10:19.821-0500] {processor.py:157} INFO - Started process (PID=50954) to work on /Users/az/anaconda3/envs/python38/lib/python3.8/site-packages/airflow/example_dags/plugins/event_listener.py
[2023-11-08T18:10:19.825-0500] {processor.py:829} INFO - Processing file /Users/az/anaconda3/envs/python38/lib/python3.8/site-packages/airflow/example_dags/plugins/event_listener.py for tasks to queue
[2023-11-08T18:10:19.825-0500] {logging_mixin.py:154} INFO - [2023-11-08T18:10:19.825-0500] {dagbag.py:536} INFO - Filling up the DagBag from /Users/az/anaconda3/envs/python38/lib/python3.8/site-packages/airflow/example_dags/plugins/event_listener.py
[2023-11-08T18:10:19.826-0500] {processor.py:841} WARNING - No viable dags retrieved from /Users/az/anaconda3/envs/python38/lib/python3.8/site-packages/airflow/example_dags/plugins/event_listener.py
[2023-11-08T18:10:19.902-0500] {processor.py:179} INFO - Processing /Users/az/anaconda3/envs/python38/lib/python3.8/site-packages/airflow/example_dags/plugins/event_listener.py took 0.081 seconds
[2023-11-08T18:11:20.233-0500] {processor.py:157} INFO - Started process (PID=51029) to work on /Users/az/anaconda3/envs/python38/lib/python3.8/site-packages/airflow/example_dags/plugins/event_listener.py
[2023-11-08T18:11:20.237-0500] {processor.py:829} INFO - Processing file /Users/az/anaconda3/envs/python38/lib/python3.8/site-packages/airflow/example_dags/plugins/event_listener.py for tasks to queue
[2023-11-08T18:11:20.238-0500] {logging_mixin.py:154} INFO - [2023-11-08T18:11:20.237-0500] {dagbag.py:536} INFO - Filling up the DagBag from /Users/az/anaconda3/envs/python38/lib/python3.8/site-packages/airflow/example_dags/plugins/event_listener.py
[2023-11-08T18:11:20.238-0500] {processor.py:841} WARNING - No viable dags retrieved from /Users/az/anaconda3/envs/python38/lib/python3.8/site-packages/airflow/example_dags/plugins/event_listener.py
[2023-11-08T18:11:20.314-0500] {processor.py:179} INFO - Processing /Users/az/anaconda3/envs/python38/lib/python3.8/site-packages/airflow/example_dags/plugins/event_listener.py took 0.081 seconds
[2023-11-08T18:17:18.538-0500] {processor.py:157} INFO - Started process (PID=51131) to work on /Users/az/anaconda3/envs/python38/lib/python3.8/site-packages/airflow/example_dags/plugins/event_listener.py
[2023-11-08T18:17:18.543-0500] {processor.py:829} INFO - Processing file /Users/az/anaconda3/envs/python38/lib/python3.8/site-packages/airflow/example_dags/plugins/event_listener.py for tasks to queue
[2023-11-08T18:17:18.543-0500] {logging_mixin.py:154} INFO - [2023-11-08T18:17:18.543-0500] {dagbag.py:536} INFO - Filling up the DagBag from /Users/az/anaconda3/envs/python38/lib/python3.8/site-packages/airflow/example_dags/plugins/event_listener.py
[2023-11-08T18:17:18.544-0500] {processor.py:841} WARNING - No viable dags retrieved from /Users/az/anaconda3/envs/python38/lib/python3.8/site-packages/airflow/example_dags/plugins/event_listener.py
[2023-11-08T18:17:18.620-0500] {processor.py:179} INFO - Processing /Users/az/anaconda3/envs/python38/lib/python3.8/site-packages/airflow/example_dags/plugins/event_listener.py took 0.082 seconds
[2023-11-08T18:23:32.929-0500] {processor.py:157} INFO - Started process (PID=51229) to work on /Users/az/anaconda3/envs/python38/lib/python3.8/site-packages/airflow/example_dags/plugins/event_listener.py
[2023-11-08T18:23:32.934-0500] {processor.py:829} INFO - Processing file /Users/az/anaconda3/envs/python38/lib/python3.8/site-packages/airflow/example_dags/plugins/event_listener.py for tasks to queue
[2023-11-08T18:23:32.934-0500] {logging_mixin.py:154} INFO - [2023-11-08T18:23:32.934-0500] {dagbag.py:536} INFO - Filling up the DagBag from /Users/az/anaconda3/envs/python38/lib/python3.8/site-packages/airflow/example_dags/plugins/event_listener.py
[2023-11-08T18:23:32.935-0500] {processor.py:841} WARNING - No viable dags retrieved from /Users/az/anaconda3/envs/python38/lib/python3.8/site-packages/airflow/example_dags/plugins/event_listener.py
[2023-11-08T18:23:33.011-0500] {processor.py:179} INFO - Processing /Users/az/anaconda3/envs/python38/lib/python3.8/site-packages/airflow/example_dags/plugins/event_listener.py took 0.083 seconds
[2023-11-08T18:31:18.035-0500] {processor.py:157} INFO - Started process (PID=51309) to work on /Users/az/anaconda3/envs/python38/lib/python3.8/site-packages/airflow/example_dags/plugins/event_listener.py
[2023-11-08T18:31:18.040-0500] {processor.py:829} INFO - Processing file /Users/az/anaconda3/envs/python38/lib/python3.8/site-packages/airflow/example_dags/plugins/event_listener.py for tasks to queue
[2023-11-08T18:31:18.040-0500] {logging_mixin.py:154} INFO - [2023-11-08T18:31:18.040-0500] {dagbag.py:536} INFO - Filling up the DagBag from /Users/az/anaconda3/envs/python38/lib/python3.8/site-packages/airflow/example_dags/plugins/event_listener.py
[2023-11-08T18:31:18.041-0500] {processor.py:841} WARNING - No viable dags retrieved from /Users/az/anaconda3/envs/python38/lib/python3.8/site-packages/airflow/example_dags/plugins/event_listener.py
[2023-11-08T18:31:18.118-0500] {processor.py:179} INFO - Processing /Users/az/anaconda3/envs/python38/lib/python3.8/site-packages/airflow/example_dags/plugins/event_listener.py took 0.083 seconds
[2023-11-08T18:32:18.136-0500] {processor.py:157} INFO - Started process (PID=51380) to work on /Users/az/anaconda3/envs/python38/lib/python3.8/site-packages/airflow/example_dags/plugins/event_listener.py
[2023-11-08T18:32:18.140-0500] {processor.py:829} INFO - Processing file /Users/az/anaconda3/envs/python38/lib/python3.8/site-packages/airflow/example_dags/plugins/event_listener.py for tasks to queue
[2023-11-08T18:32:18.140-0500] {logging_mixin.py:154} INFO - [2023-11-08T18:32:18.140-0500] {dagbag.py:536} INFO - Filling up the DagBag from /Users/az/anaconda3/envs/python38/lib/python3.8/site-packages/airflow/example_dags/plugins/event_listener.py
[2023-11-08T18:32:18.141-0500] {processor.py:841} WARNING - No viable dags retrieved from /Users/az/anaconda3/envs/python38/lib/python3.8/site-packages/airflow/example_dags/plugins/event_listener.py
[2023-11-08T18:32:18.217-0500] {processor.py:179} INFO - Processing /Users/az/anaconda3/envs/python38/lib/python3.8/site-packages/airflow/example_dags/plugins/event_listener.py took 0.082 seconds
[2023-11-08T18:33:18.205-0500] {processor.py:157} INFO - Started process (PID=51461) to work on /Users/az/anaconda3/envs/python38/lib/python3.8/site-packages/airflow/example_dags/plugins/event_listener.py
[2023-11-08T18:33:18.210-0500] {processor.py:829} INFO - Processing file /Users/az/anaconda3/envs/python38/lib/python3.8/site-packages/airflow/example_dags/plugins/event_listener.py for tasks to queue
[2023-11-08T18:33:18.210-0500] {logging_mixin.py:154} INFO - [2023-11-08T18:33:18.210-0500] {dagbag.py:536} INFO - Filling up the DagBag from /Users/az/anaconda3/envs/python38/lib/python3.8/site-packages/airflow/example_dags/plugins/event_listener.py
[2023-11-08T18:33:18.211-0500] {processor.py:841} WARNING - No viable dags retrieved from /Users/az/anaconda3/envs/python38/lib/python3.8/site-packages/airflow/example_dags/plugins/event_listener.py
[2023-11-08T18:33:18.287-0500] {processor.py:179} INFO - Processing /Users/az/anaconda3/envs/python38/lib/python3.8/site-packages/airflow/example_dags/plugins/event_listener.py took 0.083 seconds
[2023-11-08T18:34:23.001-0500] {processor.py:157} INFO - Started process (PID=51540) to work on /Users/az/anaconda3/envs/python38/lib/python3.8/site-packages/airflow/example_dags/plugins/event_listener.py
[2023-11-08T18:34:23.006-0500] {processor.py:829} INFO - Processing file /Users/az/anaconda3/envs/python38/lib/python3.8/site-packages/airflow/example_dags/plugins/event_listener.py for tasks to queue
[2023-11-08T18:34:23.007-0500] {logging_mixin.py:154} INFO - [2023-11-08T18:34:23.006-0500] {dagbag.py:536} INFO - Filling up the DagBag from /Users/az/anaconda3/envs/python38/lib/python3.8/site-packages/airflow/example_dags/plugins/event_listener.py
[2023-11-08T18:34:23.007-0500] {processor.py:841} WARNING - No viable dags retrieved from /Users/az/anaconda3/envs/python38/lib/python3.8/site-packages/airflow/example_dags/plugins/event_listener.py
[2023-11-08T18:34:23.084-0500] {processor.py:179} INFO - Processing /Users/az/anaconda3/envs/python38/lib/python3.8/site-packages/airflow/example_dags/plugins/event_listener.py took 0.083 seconds
[2023-11-08T18:35:23.436-0500] {processor.py:157} INFO - Started process (PID=51613) to work on /Users/az/anaconda3/envs/python38/lib/python3.8/site-packages/airflow/example_dags/plugins/event_listener.py
[2023-11-08T18:35:23.440-0500] {processor.py:829} INFO - Processing file /Users/az/anaconda3/envs/python38/lib/python3.8/site-packages/airflow/example_dags/plugins/event_listener.py for tasks to queue
[2023-11-08T18:35:23.440-0500] {logging_mixin.py:154} INFO - [2023-11-08T18:35:23.440-0500] {dagbag.py:536} INFO - Filling up the DagBag from /Users/az/anaconda3/envs/python38/lib/python3.8/site-packages/airflow/example_dags/plugins/event_listener.py
[2023-11-08T18:35:23.441-0500] {processor.py:841} WARNING - No viable dags retrieved from /Users/az/anaconda3/envs/python38/lib/python3.8/site-packages/airflow/example_dags/plugins/event_listener.py
[2023-11-08T18:35:23.517-0500] {processor.py:179} INFO - Processing /Users/az/anaconda3/envs/python38/lib/python3.8/site-packages/airflow/example_dags/plugins/event_listener.py took 0.081 seconds
[2023-11-08T18:36:21.707-0500] {processor.py:157} INFO - Started process (PID=51688) to work on /Users/az/anaconda3/envs/python38/lib/python3.8/site-packages/airflow/example_dags/plugins/event_listener.py
[2023-11-08T18:36:21.712-0500] {processor.py:829} INFO - Processing file /Users/az/anaconda3/envs/python38/lib/python3.8/site-packages/airflow/example_dags/plugins/event_listener.py for tasks to queue
[2023-11-08T18:36:21.712-0500] {logging_mixin.py:154} INFO - [2023-11-08T18:36:21.712-0500] {dagbag.py:536} INFO - Filling up the DagBag from /Users/az/anaconda3/envs/python38/lib/python3.8/site-packages/airflow/example_dags/plugins/event_listener.py
[2023-11-08T18:36:21.713-0500] {processor.py:841} WARNING - No viable dags retrieved from /Users/az/anaconda3/envs/python38/lib/python3.8/site-packages/airflow/example_dags/plugins/event_listener.py
[2023-11-08T18:36:21.788-0500] {processor.py:179} INFO - Processing /Users/az/anaconda3/envs/python38/lib/python3.8/site-packages/airflow/example_dags/plugins/event_listener.py took 0.082 seconds
[2023-11-08T18:37:19.086-0500] {processor.py:157} INFO - Started process (PID=51760) to work on /Users/az/anaconda3/envs/python38/lib/python3.8/site-packages/airflow/example_dags/plugins/event_listener.py
[2023-11-08T18:37:19.091-0500] {processor.py:829} INFO - Processing file /Users/az/anaconda3/envs/python38/lib/python3.8/site-packages/airflow/example_dags/plugins/event_listener.py for tasks to queue
[2023-11-08T18:37:19.091-0500] {logging_mixin.py:154} INFO - [2023-11-08T18:37:19.091-0500] {dagbag.py:536} INFO - Filling up the DagBag from /Users/az/anaconda3/envs/python38/lib/python3.8/site-packages/airflow/example_dags/plugins/event_listener.py
[2023-11-08T18:37:19.092-0500] {processor.py:841} WARNING - No viable dags retrieved from /Users/az/anaconda3/envs/python38/lib/python3.8/site-packages/airflow/example_dags/plugins/event_listener.py
[2023-11-08T18:37:19.168-0500] {processor.py:179} INFO - Processing /Users/az/anaconda3/envs/python38/lib/python3.8/site-packages/airflow/example_dags/plugins/event_listener.py took 0.082 seconds
[2023-11-08T18:38:15.245-0500] {processor.py:157} INFO - Started process (PID=51832) to work on /Users/az/anaconda3/envs/python38/lib/python3.8/site-packages/airflow/example_dags/plugins/event_listener.py
[2023-11-08T18:38:15.250-0500] {processor.py:829} INFO - Processing file /Users/az/anaconda3/envs/python38/lib/python3.8/site-packages/airflow/example_dags/plugins/event_listener.py for tasks to queue
[2023-11-08T18:38:15.250-0500] {logging_mixin.py:154} INFO - [2023-11-08T18:38:15.250-0500] {dagbag.py:536} INFO - Filling up the DagBag from /Users/az/anaconda3/envs/python38/lib/python3.8/site-packages/airflow/example_dags/plugins/event_listener.py
[2023-11-08T18:38:15.251-0500] {processor.py:841} WARNING - No viable dags retrieved from /Users/az/anaconda3/envs/python38/lib/python3.8/site-packages/airflow/example_dags/plugins/event_listener.py
[2023-11-08T18:38:15.326-0500] {processor.py:179} INFO - Processing /Users/az/anaconda3/envs/python38/lib/python3.8/site-packages/airflow/example_dags/plugins/event_listener.py took 0.082 seconds
[2023-11-08T18:39:13.763-0500] {processor.py:157} INFO - Started process (PID=51904) to work on /Users/az/anaconda3/envs/python38/lib/python3.8/site-packages/airflow/example_dags/plugins/event_listener.py
[2023-11-08T18:39:13.768-0500] {processor.py:829} INFO - Processing file /Users/az/anaconda3/envs/python38/lib/python3.8/site-packages/airflow/example_dags/plugins/event_listener.py for tasks to queue
[2023-11-08T18:39:13.768-0500] {logging_mixin.py:154} INFO - [2023-11-08T18:39:13.768-0500] {dagbag.py:536} INFO - Filling up the DagBag from /Users/az/anaconda3/envs/python38/lib/python3.8/site-packages/airflow/example_dags/plugins/event_listener.py
[2023-11-08T18:39:13.769-0500] {processor.py:841} WARNING - No viable dags retrieved from /Users/az/anaconda3/envs/python38/lib/python3.8/site-packages/airflow/example_dags/plugins/event_listener.py
[2023-11-08T18:39:13.845-0500] {processor.py:179} INFO - Processing /Users/az/anaconda3/envs/python38/lib/python3.8/site-packages/airflow/example_dags/plugins/event_listener.py took 0.083 seconds
[2023-11-08T18:40:18.774-0500] {processor.py:157} INFO - Started process (PID=51976) to work on /Users/az/anaconda3/envs/python38/lib/python3.8/site-packages/airflow/example_dags/plugins/event_listener.py
[2023-11-08T18:40:18.779-0500] {processor.py:829} INFO - Processing file /Users/az/anaconda3/envs/python38/lib/python3.8/site-packages/airflow/example_dags/plugins/event_listener.py for tasks to queue
[2023-11-08T18:40:18.779-0500] {logging_mixin.py:154} INFO - [2023-11-08T18:40:18.779-0500] {dagbag.py:536} INFO - Filling up the DagBag from /Users/az/anaconda3/envs/python38/lib/python3.8/site-packages/airflow/example_dags/plugins/event_listener.py
[2023-11-08T18:40:18.780-0500] {processor.py:841} WARNING - No viable dags retrieved from /Users/az/anaconda3/envs/python38/lib/python3.8/site-packages/airflow/example_dags/plugins/event_listener.py
[2023-11-08T18:40:18.856-0500] {processor.py:179} INFO - Processing /Users/az/anaconda3/envs/python38/lib/python3.8/site-packages/airflow/example_dags/plugins/event_listener.py took 0.082 seconds
[2023-11-08T18:41:19.608-0500] {processor.py:157} INFO - Started process (PID=52053) to work on /Users/az/anaconda3/envs/python38/lib/python3.8/site-packages/airflow/example_dags/plugins/event_listener.py
[2023-11-08T18:41:19.612-0500] {processor.py:829} INFO - Processing file /Users/az/anaconda3/envs/python38/lib/python3.8/site-packages/airflow/example_dags/plugins/event_listener.py for tasks to queue
[2023-11-08T18:41:19.612-0500] {logging_mixin.py:154} INFO - [2023-11-08T18:41:19.612-0500] {dagbag.py:536} INFO - Filling up the DagBag from /Users/az/anaconda3/envs/python38/lib/python3.8/site-packages/airflow/example_dags/plugins/event_listener.py
[2023-11-08T18:41:19.613-0500] {processor.py:841} WARNING - No viable dags retrieved from /Users/az/anaconda3/envs/python38/lib/python3.8/site-packages/airflow/example_dags/plugins/event_listener.py
[2023-11-08T18:41:19.690-0500] {processor.py:179} INFO - Processing /Users/az/anaconda3/envs/python38/lib/python3.8/site-packages/airflow/example_dags/plugins/event_listener.py took 0.082 seconds
[2023-11-08T18:42:19.242-0500] {processor.py:157} INFO - Started process (PID=52126) to work on /Users/az/anaconda3/envs/python38/lib/python3.8/site-packages/airflow/example_dags/plugins/event_listener.py
[2023-11-08T18:42:19.247-0500] {processor.py:829} INFO - Processing file /Users/az/anaconda3/envs/python38/lib/python3.8/site-packages/airflow/example_dags/plugins/event_listener.py for tasks to queue
[2023-11-08T18:42:19.247-0500] {logging_mixin.py:154} INFO - [2023-11-08T18:42:19.247-0500] {dagbag.py:536} INFO - Filling up the DagBag from /Users/az/anaconda3/envs/python38/lib/python3.8/site-packages/airflow/example_dags/plugins/event_listener.py
[2023-11-08T18:42:19.248-0500] {processor.py:841} WARNING - No viable dags retrieved from /Users/az/anaconda3/envs/python38/lib/python3.8/site-packages/airflow/example_dags/plugins/event_listener.py
[2023-11-08T18:42:19.324-0500] {processor.py:179} INFO - Processing /Users/az/anaconda3/envs/python38/lib/python3.8/site-packages/airflow/example_dags/plugins/event_listener.py took 0.082 seconds
[2023-11-08T18:43:19.861-0500] {processor.py:157} INFO - Started process (PID=52200) to work on /Users/az/anaconda3/envs/python38/lib/python3.8/site-packages/airflow/example_dags/plugins/event_listener.py
[2023-11-08T18:43:19.865-0500] {processor.py:829} INFO - Processing file /Users/az/anaconda3/envs/python38/lib/python3.8/site-packages/airflow/example_dags/plugins/event_listener.py for tasks to queue
[2023-11-08T18:43:19.866-0500] {logging_mixin.py:154} INFO - [2023-11-08T18:43:19.866-0500] {dagbag.py:536} INFO - Filling up the DagBag from /Users/az/anaconda3/envs/python38/lib/python3.8/site-packages/airflow/example_dags/plugins/event_listener.py
[2023-11-08T18:43:19.866-0500] {processor.py:841} WARNING - No viable dags retrieved from /Users/az/anaconda3/envs/python38/lib/python3.8/site-packages/airflow/example_dags/plugins/event_listener.py
[2023-11-08T18:43:19.942-0500] {processor.py:179} INFO - Processing /Users/az/anaconda3/envs/python38/lib/python3.8/site-packages/airflow/example_dags/plugins/event_listener.py took 0.082 seconds
[2023-11-08T18:44:21.101-0500] {processor.py:157} INFO - Started process (PID=52274) to work on /Users/az/anaconda3/envs/python38/lib/python3.8/site-packages/airflow/example_dags/plugins/event_listener.py
[2023-11-08T18:44:21.106-0500] {processor.py:829} INFO - Processing file /Users/az/anaconda3/envs/python38/lib/python3.8/site-packages/airflow/example_dags/plugins/event_listener.py for tasks to queue
[2023-11-08T18:44:21.106-0500] {logging_mixin.py:154} INFO - [2023-11-08T18:44:21.106-0500] {dagbag.py:536} INFO - Filling up the DagBag from /Users/az/anaconda3/envs/python38/lib/python3.8/site-packages/airflow/example_dags/plugins/event_listener.py
[2023-11-08T18:44:21.107-0500] {processor.py:841} WARNING - No viable dags retrieved from /Users/az/anaconda3/envs/python38/lib/python3.8/site-packages/airflow/example_dags/plugins/event_listener.py
[2023-11-08T18:44:21.183-0500] {processor.py:179} INFO - Processing /Users/az/anaconda3/envs/python38/lib/python3.8/site-packages/airflow/example_dags/plugins/event_listener.py took 0.082 seconds
[2023-11-08T18:45:22.507-0500] {processor.py:157} INFO - Started process (PID=52348) to work on /Users/az/anaconda3/envs/python38/lib/python3.8/site-packages/airflow/example_dags/plugins/event_listener.py
[2023-11-08T18:45:22.512-0500] {processor.py:829} INFO - Processing file /Users/az/anaconda3/envs/python38/lib/python3.8/site-packages/airflow/example_dags/plugins/event_listener.py for tasks to queue
[2023-11-08T18:45:22.512-0500] {logging_mixin.py:154} INFO - [2023-11-08T18:45:22.512-0500] {dagbag.py:536} INFO - Filling up the DagBag from /Users/az/anaconda3/envs/python38/lib/python3.8/site-packages/airflow/example_dags/plugins/event_listener.py
[2023-11-08T18:45:22.513-0500] {processor.py:841} WARNING - No viable dags retrieved from /Users/az/anaconda3/envs/python38/lib/python3.8/site-packages/airflow/example_dags/plugins/event_listener.py
[2023-11-08T18:45:22.588-0500] {processor.py:179} INFO - Processing /Users/az/anaconda3/envs/python38/lib/python3.8/site-packages/airflow/example_dags/plugins/event_listener.py took 0.082 seconds
[2023-11-08T18:46:24.017-0500] {processor.py:157} INFO - Started process (PID=52421) to work on /Users/az/anaconda3/envs/python38/lib/python3.8/site-packages/airflow/example_dags/plugins/event_listener.py
[2023-11-08T18:46:24.022-0500] {processor.py:829} INFO - Processing file /Users/az/anaconda3/envs/python38/lib/python3.8/site-packages/airflow/example_dags/plugins/event_listener.py for tasks to queue
[2023-11-08T18:46:24.022-0500] {logging_mixin.py:154} INFO - [2023-11-08T18:46:24.022-0500] {dagbag.py:536} INFO - Filling up the DagBag from /Users/az/anaconda3/envs/python38/lib/python3.8/site-packages/airflow/example_dags/plugins/event_listener.py
[2023-11-08T18:46:24.023-0500] {processor.py:841} WARNING - No viable dags retrieved from /Users/az/anaconda3/envs/python38/lib/python3.8/site-packages/airflow/example_dags/plugins/event_listener.py
[2023-11-08T18:46:24.099-0500] {processor.py:179} INFO - Processing /Users/az/anaconda3/envs/python38/lib/python3.8/site-packages/airflow/example_dags/plugins/event_listener.py took 0.082 seconds
[2023-11-08T18:47:28.964-0500] {processor.py:157} INFO - Started process (PID=52522) to work on /Users/az/anaconda3/envs/python38/lib/python3.8/site-packages/airflow/example_dags/plugins/event_listener.py
[2023-11-08T18:47:28.968-0500] {processor.py:829} INFO - Processing file /Users/az/anaconda3/envs/python38/lib/python3.8/site-packages/airflow/example_dags/plugins/event_listener.py for tasks to queue
[2023-11-08T18:47:28.969-0500] {logging_mixin.py:154} INFO - [2023-11-08T18:47:28.968-0500] {dagbag.py:536} INFO - Filling up the DagBag from /Users/az/anaconda3/envs/python38/lib/python3.8/site-packages/airflow/example_dags/plugins/event_listener.py
[2023-11-08T18:47:28.969-0500] {processor.py:841} WARNING - No viable dags retrieved from /Users/az/anaconda3/envs/python38/lib/python3.8/site-packages/airflow/example_dags/plugins/event_listener.py
[2023-11-08T18:47:29.047-0500] {processor.py:179} INFO - Processing /Users/az/anaconda3/envs/python38/lib/python3.8/site-packages/airflow/example_dags/plugins/event_listener.py took 0.084 seconds
[2023-11-08T18:48:30.210-0500] {processor.py:157} INFO - Started process (PID=52637) to work on /Users/az/anaconda3/envs/python38/lib/python3.8/site-packages/airflow/example_dags/plugins/event_listener.py
[2023-11-08T18:48:30.214-0500] {processor.py:829} INFO - Processing file /Users/az/anaconda3/envs/python38/lib/python3.8/site-packages/airflow/example_dags/plugins/event_listener.py for tasks to queue
[2023-11-08T18:48:30.214-0500] {logging_mixin.py:154} INFO - [2023-11-08T18:48:30.214-0500] {dagbag.py:536} INFO - Filling up the DagBag from /Users/az/anaconda3/envs/python38/lib/python3.8/site-packages/airflow/example_dags/plugins/event_listener.py
[2023-11-08T18:48:30.215-0500] {processor.py:841} WARNING - No viable dags retrieved from /Users/az/anaconda3/envs/python38/lib/python3.8/site-packages/airflow/example_dags/plugins/event_listener.py
[2023-11-08T18:48:30.292-0500] {processor.py:179} INFO - Processing /Users/az/anaconda3/envs/python38/lib/python3.8/site-packages/airflow/example_dags/plugins/event_listener.py took 0.083 seconds
[2023-11-08T18:49:29.490-0500] {processor.py:157} INFO - Started process (PID=52707) to work on /Users/az/anaconda3/envs/python38/lib/python3.8/site-packages/airflow/example_dags/plugins/event_listener.py
[2023-11-08T18:49:29.494-0500] {processor.py:829} INFO - Processing file /Users/az/anaconda3/envs/python38/lib/python3.8/site-packages/airflow/example_dags/plugins/event_listener.py for tasks to queue
[2023-11-08T18:49:29.494-0500] {logging_mixin.py:154} INFO - [2023-11-08T18:49:29.494-0500] {dagbag.py:536} INFO - Filling up the DagBag from /Users/az/anaconda3/envs/python38/lib/python3.8/site-packages/airflow/example_dags/plugins/event_listener.py
[2023-11-08T18:49:29.494-0500] {processor.py:841} WARNING - No viable dags retrieved from /Users/az/anaconda3/envs/python38/lib/python3.8/site-packages/airflow/example_dags/plugins/event_listener.py
[2023-11-08T18:49:29.572-0500] {processor.py:179} INFO - Processing /Users/az/anaconda3/envs/python38/lib/python3.8/site-packages/airflow/example_dags/plugins/event_listener.py took 0.083 seconds
[2023-11-08T18:50:29.837-0500] {processor.py:157} INFO - Started process (PID=52788) to work on /Users/az/anaconda3/envs/python38/lib/python3.8/site-packages/airflow/example_dags/plugins/event_listener.py
[2023-11-08T18:50:29.842-0500] {processor.py:829} INFO - Processing file /Users/az/anaconda3/envs/python38/lib/python3.8/site-packages/airflow/example_dags/plugins/event_listener.py for tasks to queue
[2023-11-08T18:50:29.842-0500] {logging_mixin.py:154} INFO - [2023-11-08T18:50:29.842-0500] {dagbag.py:536} INFO - Filling up the DagBag from /Users/az/anaconda3/envs/python38/lib/python3.8/site-packages/airflow/example_dags/plugins/event_listener.py
[2023-11-08T18:50:29.843-0500] {processor.py:841} WARNING - No viable dags retrieved from /Users/az/anaconda3/envs/python38/lib/python3.8/site-packages/airflow/example_dags/plugins/event_listener.py
[2023-11-08T18:50:29.919-0500] {processor.py:179} INFO - Processing /Users/az/anaconda3/envs/python38/lib/python3.8/site-packages/airflow/example_dags/plugins/event_listener.py took 0.082 seconds
[2023-11-08T18:51:31.126-0500] {processor.py:157} INFO - Started process (PID=52861) to work on /Users/az/anaconda3/envs/python38/lib/python3.8/site-packages/airflow/example_dags/plugins/event_listener.py
[2023-11-08T18:51:31.131-0500] {processor.py:829} INFO - Processing file /Users/az/anaconda3/envs/python38/lib/python3.8/site-packages/airflow/example_dags/plugins/event_listener.py for tasks to queue
[2023-11-08T18:51:31.131-0500] {logging_mixin.py:154} INFO - [2023-11-08T18:51:31.131-0500] {dagbag.py:536} INFO - Filling up the DagBag from /Users/az/anaconda3/envs/python38/lib/python3.8/site-packages/airflow/example_dags/plugins/event_listener.py
[2023-11-08T18:51:31.132-0500] {processor.py:841} WARNING - No viable dags retrieved from /Users/az/anaconda3/envs/python38/lib/python3.8/site-packages/airflow/example_dags/plugins/event_listener.py
[2023-11-08T18:51:31.208-0500] {processor.py:179} INFO - Processing /Users/az/anaconda3/envs/python38/lib/python3.8/site-packages/airflow/example_dags/plugins/event_listener.py took 0.083 seconds
[2023-11-08T18:52:31.848-0500] {processor.py:157} INFO - Started process (PID=52937) to work on /Users/az/anaconda3/envs/python38/lib/python3.8/site-packages/airflow/example_dags/plugins/event_listener.py
[2023-11-08T18:52:31.853-0500] {processor.py:829} INFO - Processing file /Users/az/anaconda3/envs/python38/lib/python3.8/site-packages/airflow/example_dags/plugins/event_listener.py for tasks to queue
[2023-11-08T18:52:31.853-0500] {logging_mixin.py:154} INFO - [2023-11-08T18:52:31.853-0500] {dagbag.py:536} INFO - Filling up the DagBag from /Users/az/anaconda3/envs/python38/lib/python3.8/site-packages/airflow/example_dags/plugins/event_listener.py
[2023-11-08T18:52:31.854-0500] {processor.py:841} WARNING - No viable dags retrieved from /Users/az/anaconda3/envs/python38/lib/python3.8/site-packages/airflow/example_dags/plugins/event_listener.py
[2023-11-08T18:52:31.929-0500] {processor.py:179} INFO - Processing /Users/az/anaconda3/envs/python38/lib/python3.8/site-packages/airflow/example_dags/plugins/event_listener.py took 0.082 seconds
[2023-11-08T18:53:33.526-0500] {processor.py:157} INFO - Started process (PID=53013) to work on /Users/az/anaconda3/envs/python38/lib/python3.8/site-packages/airflow/example_dags/plugins/event_listener.py
[2023-11-08T18:53:33.530-0500] {processor.py:829} INFO - Processing file /Users/az/anaconda3/envs/python38/lib/python3.8/site-packages/airflow/example_dags/plugins/event_listener.py for tasks to queue
[2023-11-08T18:53:33.531-0500] {logging_mixin.py:154} INFO - [2023-11-08T18:53:33.531-0500] {dagbag.py:536} INFO - Filling up the DagBag from /Users/az/anaconda3/envs/python38/lib/python3.8/site-packages/airflow/example_dags/plugins/event_listener.py
[2023-11-08T18:53:33.531-0500] {processor.py:841} WARNING - No viable dags retrieved from /Users/az/anaconda3/envs/python38/lib/python3.8/site-packages/airflow/example_dags/plugins/event_listener.py
[2023-11-08T18:53:33.607-0500] {processor.py:179} INFO - Processing /Users/az/anaconda3/envs/python38/lib/python3.8/site-packages/airflow/example_dags/plugins/event_listener.py took 0.081 seconds
[2023-11-08T18:54:34.362-0500] {processor.py:157} INFO - Started process (PID=53100) to work on /Users/az/anaconda3/envs/python38/lib/python3.8/site-packages/airflow/example_dags/plugins/event_listener.py
[2023-11-08T18:54:34.367-0500] {processor.py:829} INFO - Processing file /Users/az/anaconda3/envs/python38/lib/python3.8/site-packages/airflow/example_dags/plugins/event_listener.py for tasks to queue
[2023-11-08T18:54:34.367-0500] {logging_mixin.py:154} INFO - [2023-11-08T18:54:34.367-0500] {dagbag.py:536} INFO - Filling up the DagBag from /Users/az/anaconda3/envs/python38/lib/python3.8/site-packages/airflow/example_dags/plugins/event_listener.py
[2023-11-08T18:54:34.368-0500] {processor.py:841} WARNING - No viable dags retrieved from /Users/az/anaconda3/envs/python38/lib/python3.8/site-packages/airflow/example_dags/plugins/event_listener.py
[2023-11-08T18:54:34.444-0500] {processor.py:179} INFO - Processing /Users/az/anaconda3/envs/python38/lib/python3.8/site-packages/airflow/example_dags/plugins/event_listener.py took 0.082 seconds
[2023-11-08T18:55:40.415-0500] {processor.py:157} INFO - Started process (PID=53186) to work on /Users/az/anaconda3/envs/python38/lib/python3.8/site-packages/airflow/example_dags/plugins/event_listener.py
[2023-11-08T18:55:40.420-0500] {processor.py:829} INFO - Processing file /Users/az/anaconda3/envs/python38/lib/python3.8/site-packages/airflow/example_dags/plugins/event_listener.py for tasks to queue
[2023-11-08T18:55:40.420-0500] {logging_mixin.py:154} INFO - [2023-11-08T18:55:40.420-0500] {dagbag.py:536} INFO - Filling up the DagBag from /Users/az/anaconda3/envs/python38/lib/python3.8/site-packages/airflow/example_dags/plugins/event_listener.py
[2023-11-08T18:55:40.421-0500] {processor.py:841} WARNING - No viable dags retrieved from /Users/az/anaconda3/envs/python38/lib/python3.8/site-packages/airflow/example_dags/plugins/event_listener.py
[2023-11-08T18:55:40.496-0500] {processor.py:179} INFO - Processing /Users/az/anaconda3/envs/python38/lib/python3.8/site-packages/airflow/example_dags/plugins/event_listener.py took 0.082 seconds
[2023-11-08T18:56:43.816-0500] {processor.py:157} INFO - Started process (PID=53270) to work on /Users/az/anaconda3/envs/python38/lib/python3.8/site-packages/airflow/example_dags/plugins/event_listener.py
[2023-11-08T18:56:43.820-0500] {processor.py:829} INFO - Processing file /Users/az/anaconda3/envs/python38/lib/python3.8/site-packages/airflow/example_dags/plugins/event_listener.py for tasks to queue
[2023-11-08T18:56:43.821-0500] {logging_mixin.py:154} INFO - [2023-11-08T18:56:43.821-0500] {dagbag.py:536} INFO - Filling up the DagBag from /Users/az/anaconda3/envs/python38/lib/python3.8/site-packages/airflow/example_dags/plugins/event_listener.py
[2023-11-08T18:56:43.821-0500] {processor.py:841} WARNING - No viable dags retrieved from /Users/az/anaconda3/envs/python38/lib/python3.8/site-packages/airflow/example_dags/plugins/event_listener.py
[2023-11-08T18:56:43.897-0500] {processor.py:179} INFO - Processing /Users/az/anaconda3/envs/python38/lib/python3.8/site-packages/airflow/example_dags/plugins/event_listener.py took 0.082 seconds
[2023-11-08T18:57:44.513-0500] {processor.py:157} INFO - Started process (PID=53345) to work on /Users/az/anaconda3/envs/python38/lib/python3.8/site-packages/airflow/example_dags/plugins/event_listener.py
[2023-11-08T18:57:44.517-0500] {processor.py:829} INFO - Processing file /Users/az/anaconda3/envs/python38/lib/python3.8/site-packages/airflow/example_dags/plugins/event_listener.py for tasks to queue
[2023-11-08T18:57:44.518-0500] {logging_mixin.py:154} INFO - [2023-11-08T18:57:44.517-0500] {dagbag.py:536} INFO - Filling up the DagBag from /Users/az/anaconda3/envs/python38/lib/python3.8/site-packages/airflow/example_dags/plugins/event_listener.py
[2023-11-08T18:57:44.518-0500] {processor.py:841} WARNING - No viable dags retrieved from /Users/az/anaconda3/envs/python38/lib/python3.8/site-packages/airflow/example_dags/plugins/event_listener.py
[2023-11-08T18:57:44.594-0500] {processor.py:179} INFO - Processing /Users/az/anaconda3/envs/python38/lib/python3.8/site-packages/airflow/example_dags/plugins/event_listener.py took 0.081 seconds
[2023-11-08T18:58:50.133-0500] {processor.py:157} INFO - Started process (PID=53421) to work on /Users/az/anaconda3/envs/python38/lib/python3.8/site-packages/airflow/example_dags/plugins/event_listener.py
[2023-11-08T18:58:50.137-0500] {processor.py:829} INFO - Processing file /Users/az/anaconda3/envs/python38/lib/python3.8/site-packages/airflow/example_dags/plugins/event_listener.py for tasks to queue
[2023-11-08T18:58:50.138-0500] {logging_mixin.py:154} INFO - [2023-11-08T18:58:50.137-0500] {dagbag.py:536} INFO - Filling up the DagBag from /Users/az/anaconda3/envs/python38/lib/python3.8/site-packages/airflow/example_dags/plugins/event_listener.py
[2023-11-08T18:58:50.138-0500] {processor.py:841} WARNING - No viable dags retrieved from /Users/az/anaconda3/envs/python38/lib/python3.8/site-packages/airflow/example_dags/plugins/event_listener.py
[2023-11-08T18:58:50.214-0500] {processor.py:179} INFO - Processing /Users/az/anaconda3/envs/python38/lib/python3.8/site-packages/airflow/example_dags/plugins/event_listener.py took 0.082 seconds
[2023-11-08T18:59:49.345-0500] {processor.py:157} INFO - Started process (PID=53499) to work on /Users/az/anaconda3/envs/python38/lib/python3.8/site-packages/airflow/example_dags/plugins/event_listener.py
[2023-11-08T18:59:49.349-0500] {processor.py:829} INFO - Processing file /Users/az/anaconda3/envs/python38/lib/python3.8/site-packages/airflow/example_dags/plugins/event_listener.py for tasks to queue
[2023-11-08T18:59:49.349-0500] {logging_mixin.py:154} INFO - [2023-11-08T18:59:49.349-0500] {dagbag.py:536} INFO - Filling up the DagBag from /Users/az/anaconda3/envs/python38/lib/python3.8/site-packages/airflow/example_dags/plugins/event_listener.py
[2023-11-08T18:59:49.350-0500] {processor.py:841} WARNING - No viable dags retrieved from /Users/az/anaconda3/envs/python38/lib/python3.8/site-packages/airflow/example_dags/plugins/event_listener.py
[2023-11-08T18:59:49.426-0500] {processor.py:179} INFO - Processing /Users/az/anaconda3/envs/python38/lib/python3.8/site-packages/airflow/example_dags/plugins/event_listener.py took 0.081 seconds
