[2023-11-09T19:01:04.559-0500] {processor.py:157} INFO - Started process (PID=48833) to work on /Users/az/anaconda3/envs/python38/lib/python3.8/site-packages/airflow/example_dags/example_sensor_decorator.py
[2023-11-09T19:01:04.563-0500] {processor.py:829} INFO - Processing file /Users/az/anaconda3/envs/python38/lib/python3.8/site-packages/airflow/example_dags/example_sensor_decorator.py for tasks to queue
[2023-11-09T19:01:04.563-0500] {logging_mixin.py:154} INFO - [2023-11-09T19:01:04.563-0500] {dagbag.py:536} INFO - Filling up the DagBag from /Users/az/anaconda3/envs/python38/lib/python3.8/site-packages/airflow/example_dags/example_sensor_decorator.py
[2023-11-09T19:01:04.598-0500] {processor.py:839} INFO - DAG(s) dict_keys(['example_sensor_decorator']) retrieved from /Users/az/anaconda3/envs/python38/lib/python3.8/site-packages/airflow/example_dags/example_sensor_decorator.py
[2023-11-09T19:01:04.712-0500] {logging_mixin.py:154} INFO - [2023-11-09T19:01:04.712-0500] {dag.py:2941} INFO - Sync 1 DAGs
[2023-11-09T19:01:04.718-0500] {logging_mixin.py:154} INFO - [2023-11-09T19:01:04.718-0500] {dag.py:3722} INFO - Setting next_dagrun for example_sensor_decorator to None, run_after=None
[2023-11-09T19:01:04.730-0500] {processor.py:179} INFO - Processing /Users/az/anaconda3/envs/python38/lib/python3.8/site-packages/airflow/example_dags/example_sensor_decorator.py took 0.171 seconds
[2023-11-09T19:03:12.298-0500] {processor.py:157} INFO - Started process (PID=49005) to work on /Users/az/anaconda3/envs/python38/lib/python3.8/site-packages/airflow/example_dags/example_sensor_decorator.py
[2023-11-09T19:03:12.303-0500] {processor.py:829} INFO - Processing file /Users/az/anaconda3/envs/python38/lib/python3.8/site-packages/airflow/example_dags/example_sensor_decorator.py for tasks to queue
[2023-11-09T19:03:12.303-0500] {logging_mixin.py:154} INFO - [2023-11-09T19:03:12.303-0500] {dagbag.py:536} INFO - Filling up the DagBag from /Users/az/anaconda3/envs/python38/lib/python3.8/site-packages/airflow/example_dags/example_sensor_decorator.py
[2023-11-09T19:03:12.336-0500] {processor.py:839} INFO - DAG(s) dict_keys(['example_sensor_decorator']) retrieved from /Users/az/anaconda3/envs/python38/lib/python3.8/site-packages/airflow/example_dags/example_sensor_decorator.py
[2023-11-09T19:03:12.446-0500] {logging_mixin.py:154} INFO - [2023-11-09T19:03:12.446-0500] {dag.py:2941} INFO - Sync 1 DAGs
[2023-11-09T19:03:12.452-0500] {logging_mixin.py:154} INFO - [2023-11-09T19:03:12.451-0500] {dag.py:3722} INFO - Setting next_dagrun for example_sensor_decorator to None, run_after=None
[2023-11-09T19:03:12.463-0500] {processor.py:179} INFO - Processing /Users/az/anaconda3/envs/python38/lib/python3.8/site-packages/airflow/example_dags/example_sensor_decorator.py took 0.165 seconds
[2023-11-09T19:05:15.593-0500] {processor.py:157} INFO - Started process (PID=49159) to work on /Users/az/anaconda3/envs/python38/lib/python3.8/site-packages/airflow/example_dags/example_sensor_decorator.py
[2023-11-09T19:05:15.598-0500] {processor.py:829} INFO - Processing file /Users/az/anaconda3/envs/python38/lib/python3.8/site-packages/airflow/example_dags/example_sensor_decorator.py for tasks to queue
[2023-11-09T19:05:15.598-0500] {logging_mixin.py:154} INFO - [2023-11-09T19:05:15.598-0500] {dagbag.py:536} INFO - Filling up the DagBag from /Users/az/anaconda3/envs/python38/lib/python3.8/site-packages/airflow/example_dags/example_sensor_decorator.py
[2023-11-09T19:05:15.632-0500] {processor.py:839} INFO - DAG(s) dict_keys(['example_sensor_decorator']) retrieved from /Users/az/anaconda3/envs/python38/lib/python3.8/site-packages/airflow/example_dags/example_sensor_decorator.py
[2023-11-09T19:05:15.747-0500] {logging_mixin.py:154} INFO - [2023-11-09T19:05:15.747-0500] {dag.py:2941} INFO - Sync 1 DAGs
[2023-11-09T19:05:15.753-0500] {logging_mixin.py:154} INFO - [2023-11-09T19:05:15.753-0500] {dag.py:3722} INFO - Setting next_dagrun for example_sensor_decorator to None, run_after=None
[2023-11-09T19:05:15.763-0500] {processor.py:179} INFO - Processing /Users/az/anaconda3/envs/python38/lib/python3.8/site-packages/airflow/example_dags/example_sensor_decorator.py took 0.170 seconds
[2023-11-09T19:07:15.145-0500] {processor.py:157} INFO - Started process (PID=49306) to work on /Users/az/anaconda3/envs/python38/lib/python3.8/site-packages/airflow/example_dags/example_sensor_decorator.py
[2023-11-09T19:07:15.178-0500] {processor.py:829} INFO - Processing file /Users/az/anaconda3/envs/python38/lib/python3.8/site-packages/airflow/example_dags/example_sensor_decorator.py for tasks to queue
[2023-11-09T19:07:15.180-0500] {logging_mixin.py:154} INFO - [2023-11-09T19:07:15.180-0500] {dagbag.py:536} INFO - Filling up the DagBag from /Users/az/anaconda3/envs/python38/lib/python3.8/site-packages/airflow/example_dags/example_sensor_decorator.py
[2023-11-09T19:07:15.252-0500] {processor.py:839} INFO - DAG(s) dict_keys(['example_sensor_decorator']) retrieved from /Users/az/anaconda3/envs/python38/lib/python3.8/site-packages/airflow/example_dags/example_sensor_decorator.py
[2023-11-09T19:07:15.817-0500] {logging_mixin.py:154} INFO - [2023-11-09T19:07:15.815-0500] {dag.py:2941} INFO - Sync 1 DAGs
[2023-11-09T19:07:15.865-0500] {logging_mixin.py:154} INFO - [2023-11-09T19:07:15.847-0500] {dag.py:3722} INFO - Setting next_dagrun for example_sensor_decorator to None, run_after=None
[2023-11-09T19:07:15.915-0500] {processor.py:179} INFO - Processing /Users/az/anaconda3/envs/python38/lib/python3.8/site-packages/airflow/example_dags/example_sensor_decorator.py took 0.770 seconds
[2023-11-09T19:09:16.682-0500] {processor.py:157} INFO - Started process (PID=49451) to work on /Users/az/anaconda3/envs/python38/lib/python3.8/site-packages/airflow/example_dags/example_sensor_decorator.py
[2023-11-09T19:09:16.687-0500] {processor.py:829} INFO - Processing file /Users/az/anaconda3/envs/python38/lib/python3.8/site-packages/airflow/example_dags/example_sensor_decorator.py for tasks to queue
[2023-11-09T19:09:16.687-0500] {logging_mixin.py:154} INFO - [2023-11-09T19:09:16.687-0500] {dagbag.py:536} INFO - Filling up the DagBag from /Users/az/anaconda3/envs/python38/lib/python3.8/site-packages/airflow/example_dags/example_sensor_decorator.py
[2023-11-09T19:09:16.723-0500] {processor.py:839} INFO - DAG(s) dict_keys(['example_sensor_decorator']) retrieved from /Users/az/anaconda3/envs/python38/lib/python3.8/site-packages/airflow/example_dags/example_sensor_decorator.py
[2023-11-09T19:09:16.836-0500] {logging_mixin.py:154} INFO - [2023-11-09T19:09:16.836-0500] {dag.py:2941} INFO - Sync 1 DAGs
[2023-11-09T19:09:16.842-0500] {logging_mixin.py:154} INFO - [2023-11-09T19:09:16.842-0500] {dag.py:3722} INFO - Setting next_dagrun for example_sensor_decorator to None, run_after=None
[2023-11-09T19:09:16.852-0500] {processor.py:179} INFO - Processing /Users/az/anaconda3/envs/python38/lib/python3.8/site-packages/airflow/example_dags/example_sensor_decorator.py took 0.170 seconds
[2023-11-09T19:11:21.247-0500] {processor.py:157} INFO - Started process (PID=49609) to work on /Users/az/anaconda3/envs/python38/lib/python3.8/site-packages/airflow/example_dags/example_sensor_decorator.py
[2023-11-09T19:11:21.268-0500] {processor.py:829} INFO - Processing file /Users/az/anaconda3/envs/python38/lib/python3.8/site-packages/airflow/example_dags/example_sensor_decorator.py for tasks to queue
[2023-11-09T19:11:21.268-0500] {logging_mixin.py:154} INFO - [2023-11-09T19:11:21.268-0500] {dagbag.py:536} INFO - Filling up the DagBag from /Users/az/anaconda3/envs/python38/lib/python3.8/site-packages/airflow/example_dags/example_sensor_decorator.py
[2023-11-09T19:11:21.300-0500] {processor.py:839} INFO - DAG(s) dict_keys(['example_sensor_decorator']) retrieved from /Users/az/anaconda3/envs/python38/lib/python3.8/site-packages/airflow/example_dags/example_sensor_decorator.py
[2023-11-09T19:11:21.409-0500] {logging_mixin.py:154} INFO - [2023-11-09T19:11:21.409-0500] {dag.py:2941} INFO - Sync 1 DAGs
[2023-11-09T19:11:21.415-0500] {logging_mixin.py:154} INFO - [2023-11-09T19:11:21.415-0500] {dag.py:3722} INFO - Setting next_dagrun for example_sensor_decorator to None, run_after=None
[2023-11-09T19:11:21.425-0500] {processor.py:179} INFO - Processing /Users/az/anaconda3/envs/python38/lib/python3.8/site-packages/airflow/example_dags/example_sensor_decorator.py took 0.178 seconds
[2023-11-09T19:13:15.191-0500] {processor.py:157} INFO - Started process (PID=49760) to work on /Users/az/anaconda3/envs/python38/lib/python3.8/site-packages/airflow/example_dags/example_sensor_decorator.py
[2023-11-09T19:13:15.196-0500] {processor.py:829} INFO - Processing file /Users/az/anaconda3/envs/python38/lib/python3.8/site-packages/airflow/example_dags/example_sensor_decorator.py for tasks to queue
[2023-11-09T19:13:15.196-0500] {logging_mixin.py:154} INFO - [2023-11-09T19:13:15.196-0500] {dagbag.py:536} INFO - Filling up the DagBag from /Users/az/anaconda3/envs/python38/lib/python3.8/site-packages/airflow/example_dags/example_sensor_decorator.py
[2023-11-09T19:13:15.231-0500] {processor.py:839} INFO - DAG(s) dict_keys(['example_sensor_decorator']) retrieved from /Users/az/anaconda3/envs/python38/lib/python3.8/site-packages/airflow/example_dags/example_sensor_decorator.py
[2023-11-09T19:13:15.340-0500] {logging_mixin.py:154} INFO - [2023-11-09T19:13:15.340-0500] {dag.py:2941} INFO - Sync 1 DAGs
[2023-11-09T19:13:15.346-0500] {logging_mixin.py:154} INFO - [2023-11-09T19:13:15.346-0500] {dag.py:3722} INFO - Setting next_dagrun for example_sensor_decorator to None, run_after=None
[2023-11-09T19:13:15.356-0500] {processor.py:179} INFO - Processing /Users/az/anaconda3/envs/python38/lib/python3.8/site-packages/airflow/example_dags/example_sensor_decorator.py took 0.165 seconds
[2023-11-09T19:15:11.403-0500] {processor.py:157} INFO - Started process (PID=49902) to work on /Users/az/anaconda3/envs/python38/lib/python3.8/site-packages/airflow/example_dags/example_sensor_decorator.py
[2023-11-09T19:15:11.407-0500] {processor.py:829} INFO - Processing file /Users/az/anaconda3/envs/python38/lib/python3.8/site-packages/airflow/example_dags/example_sensor_decorator.py for tasks to queue
[2023-11-09T19:15:11.408-0500] {logging_mixin.py:154} INFO - [2023-11-09T19:15:11.407-0500] {dagbag.py:536} INFO - Filling up the DagBag from /Users/az/anaconda3/envs/python38/lib/python3.8/site-packages/airflow/example_dags/example_sensor_decorator.py
[2023-11-09T19:15:11.445-0500] {processor.py:839} INFO - DAG(s) dict_keys(['example_sensor_decorator']) retrieved from /Users/az/anaconda3/envs/python38/lib/python3.8/site-packages/airflow/example_dags/example_sensor_decorator.py
[2023-11-09T19:15:11.593-0500] {logging_mixin.py:154} INFO - [2023-11-09T19:15:11.593-0500] {dag.py:2941} INFO - Sync 1 DAGs
[2023-11-09T19:15:11.602-0500] {logging_mixin.py:154} INFO - [2023-11-09T19:15:11.602-0500] {dag.py:3722} INFO - Setting next_dagrun for example_sensor_decorator to None, run_after=None
[2023-11-09T19:15:11.617-0500] {processor.py:179} INFO - Processing /Users/az/anaconda3/envs/python38/lib/python3.8/site-packages/airflow/example_dags/example_sensor_decorator.py took 0.215 seconds
[2023-11-09T19:17:16.434-0500] {processor.py:157} INFO - Started process (PID=50058) to work on /Users/az/anaconda3/envs/python38/lib/python3.8/site-packages/airflow/example_dags/example_sensor_decorator.py
[2023-11-09T19:17:16.464-0500] {processor.py:829} INFO - Processing file /Users/az/anaconda3/envs/python38/lib/python3.8/site-packages/airflow/example_dags/example_sensor_decorator.py for tasks to queue
[2023-11-09T19:17:16.465-0500] {logging_mixin.py:154} INFO - [2023-11-09T19:17:16.465-0500] {dagbag.py:536} INFO - Filling up the DagBag from /Users/az/anaconda3/envs/python38/lib/python3.8/site-packages/airflow/example_dags/example_sensor_decorator.py
[2023-11-09T19:17:16.563-0500] {processor.py:839} INFO - DAG(s) dict_keys(['example_sensor_decorator']) retrieved from /Users/az/anaconda3/envs/python38/lib/python3.8/site-packages/airflow/example_dags/example_sensor_decorator.py
[2023-11-09T19:17:16.976-0500] {logging_mixin.py:154} INFO - [2023-11-09T19:17:16.976-0500] {dag.py:2941} INFO - Sync 1 DAGs
[2023-11-09T19:17:17.008-0500] {logging_mixin.py:154} INFO - [2023-11-09T19:17:17.007-0500] {dag.py:3722} INFO - Setting next_dagrun for example_sensor_decorator to None, run_after=None
[2023-11-09T19:17:17.045-0500] {processor.py:179} INFO - Processing /Users/az/anaconda3/envs/python38/lib/python3.8/site-packages/airflow/example_dags/example_sensor_decorator.py took 0.612 seconds
[2023-11-09T19:19:29.126-0500] {processor.py:157} INFO - Started process (PID=50217) to work on /Users/az/anaconda3/envs/python38/lib/python3.8/site-packages/airflow/example_dags/example_sensor_decorator.py
[2023-11-09T19:19:29.131-0500] {processor.py:829} INFO - Processing file /Users/az/anaconda3/envs/python38/lib/python3.8/site-packages/airflow/example_dags/example_sensor_decorator.py for tasks to queue
[2023-11-09T19:19:29.132-0500] {logging_mixin.py:154} INFO - [2023-11-09T19:19:29.132-0500] {dagbag.py:536} INFO - Filling up the DagBag from /Users/az/anaconda3/envs/python38/lib/python3.8/site-packages/airflow/example_dags/example_sensor_decorator.py
[2023-11-09T19:19:29.163-0500] {processor.py:839} INFO - DAG(s) dict_keys(['example_sensor_decorator']) retrieved from /Users/az/anaconda3/envs/python38/lib/python3.8/site-packages/airflow/example_dags/example_sensor_decorator.py
[2023-11-09T19:19:29.271-0500] {logging_mixin.py:154} INFO - [2023-11-09T19:19:29.271-0500] {dag.py:2941} INFO - Sync 1 DAGs
[2023-11-09T19:19:29.277-0500] {logging_mixin.py:154} INFO - [2023-11-09T19:19:29.277-0500] {dag.py:3722} INFO - Setting next_dagrun for example_sensor_decorator to None, run_after=None
[2023-11-09T19:19:29.287-0500] {processor.py:179} INFO - Processing /Users/az/anaconda3/envs/python38/lib/python3.8/site-packages/airflow/example_dags/example_sensor_decorator.py took 0.161 seconds
[2023-11-09T19:21:30.449-0500] {processor.py:157} INFO - Started process (PID=50365) to work on /Users/az/anaconda3/envs/python38/lib/python3.8/site-packages/airflow/example_dags/example_sensor_decorator.py
[2023-11-09T19:21:30.454-0500] {processor.py:829} INFO - Processing file /Users/az/anaconda3/envs/python38/lib/python3.8/site-packages/airflow/example_dags/example_sensor_decorator.py for tasks to queue
[2023-11-09T19:21:30.454-0500] {logging_mixin.py:154} INFO - [2023-11-09T19:21:30.454-0500] {dagbag.py:536} INFO - Filling up the DagBag from /Users/az/anaconda3/envs/python38/lib/python3.8/site-packages/airflow/example_dags/example_sensor_decorator.py
[2023-11-09T19:21:30.486-0500] {processor.py:839} INFO - DAG(s) dict_keys(['example_sensor_decorator']) retrieved from /Users/az/anaconda3/envs/python38/lib/python3.8/site-packages/airflow/example_dags/example_sensor_decorator.py
[2023-11-09T19:21:30.594-0500] {logging_mixin.py:154} INFO - [2023-11-09T19:21:30.594-0500] {dag.py:2941} INFO - Sync 1 DAGs
[2023-11-09T19:21:30.600-0500] {logging_mixin.py:154} INFO - [2023-11-09T19:21:30.600-0500] {dag.py:3722} INFO - Setting next_dagrun for example_sensor_decorator to None, run_after=None
[2023-11-09T19:21:30.610-0500] {processor.py:179} INFO - Processing /Users/az/anaconda3/envs/python38/lib/python3.8/site-packages/airflow/example_dags/example_sensor_decorator.py took 0.162 seconds
[2023-11-09T19:23:45.522-0500] {processor.py:157} INFO - Started process (PID=50545) to work on /Users/az/anaconda3/envs/python38/lib/python3.8/site-packages/airflow/example_dags/example_sensor_decorator.py
[2023-11-09T19:23:45.527-0500] {processor.py:829} INFO - Processing file /Users/az/anaconda3/envs/python38/lib/python3.8/site-packages/airflow/example_dags/example_sensor_decorator.py for tasks to queue
[2023-11-09T19:23:45.527-0500] {logging_mixin.py:154} INFO - [2023-11-09T19:23:45.527-0500] {dagbag.py:536} INFO - Filling up the DagBag from /Users/az/anaconda3/envs/python38/lib/python3.8/site-packages/airflow/example_dags/example_sensor_decorator.py
[2023-11-09T19:23:45.559-0500] {processor.py:839} INFO - DAG(s) dict_keys(['example_sensor_decorator']) retrieved from /Users/az/anaconda3/envs/python38/lib/python3.8/site-packages/airflow/example_dags/example_sensor_decorator.py
[2023-11-09T19:23:45.667-0500] {logging_mixin.py:154} INFO - [2023-11-09T19:23:45.667-0500] {dag.py:2941} INFO - Sync 1 DAGs
[2023-11-09T19:23:45.672-0500] {logging_mixin.py:154} INFO - [2023-11-09T19:23:45.672-0500] {dag.py:3722} INFO - Setting next_dagrun for example_sensor_decorator to None, run_after=None
[2023-11-09T19:23:45.683-0500] {processor.py:179} INFO - Processing /Users/az/anaconda3/envs/python38/lib/python3.8/site-packages/airflow/example_dags/example_sensor_decorator.py took 0.161 seconds
[2023-11-09T19:25:47.510-0500] {processor.py:157} INFO - Started process (PID=50695) to work on /Users/az/anaconda3/envs/python38/lib/python3.8/site-packages/airflow/example_dags/example_sensor_decorator.py
[2023-11-09T19:25:47.514-0500] {processor.py:829} INFO - Processing file /Users/az/anaconda3/envs/python38/lib/python3.8/site-packages/airflow/example_dags/example_sensor_decorator.py for tasks to queue
[2023-11-09T19:25:47.514-0500] {logging_mixin.py:154} INFO - [2023-11-09T19:25:47.514-0500] {dagbag.py:536} INFO - Filling up the DagBag from /Users/az/anaconda3/envs/python38/lib/python3.8/site-packages/airflow/example_dags/example_sensor_decorator.py
[2023-11-09T19:25:47.546-0500] {processor.py:839} INFO - DAG(s) dict_keys(['example_sensor_decorator']) retrieved from /Users/az/anaconda3/envs/python38/lib/python3.8/site-packages/airflow/example_dags/example_sensor_decorator.py
[2023-11-09T19:25:47.655-0500] {logging_mixin.py:154} INFO - [2023-11-09T19:25:47.655-0500] {dag.py:2941} INFO - Sync 1 DAGs
[2023-11-09T19:25:47.661-0500] {logging_mixin.py:154} INFO - [2023-11-09T19:25:47.661-0500] {dag.py:3722} INFO - Setting next_dagrun for example_sensor_decorator to None, run_after=None
[2023-11-09T19:25:47.671-0500] {processor.py:179} INFO - Processing /Users/az/anaconda3/envs/python38/lib/python3.8/site-packages/airflow/example_dags/example_sensor_decorator.py took 0.162 seconds
[2023-11-09T19:28:02.243-0500] {processor.py:157} INFO - Started process (PID=50865) to work on /Users/az/anaconda3/envs/python38/lib/python3.8/site-packages/airflow/example_dags/example_sensor_decorator.py
[2023-11-09T19:28:02.248-0500] {processor.py:829} INFO - Processing file /Users/az/anaconda3/envs/python38/lib/python3.8/site-packages/airflow/example_dags/example_sensor_decorator.py for tasks to queue
[2023-11-09T19:28:02.248-0500] {logging_mixin.py:154} INFO - [2023-11-09T19:28:02.248-0500] {dagbag.py:536} INFO - Filling up the DagBag from /Users/az/anaconda3/envs/python38/lib/python3.8/site-packages/airflow/example_dags/example_sensor_decorator.py
[2023-11-09T19:28:02.280-0500] {processor.py:839} INFO - DAG(s) dict_keys(['example_sensor_decorator']) retrieved from /Users/az/anaconda3/envs/python38/lib/python3.8/site-packages/airflow/example_dags/example_sensor_decorator.py
[2023-11-09T19:28:02.388-0500] {logging_mixin.py:154} INFO - [2023-11-09T19:28:02.388-0500] {dag.py:2941} INFO - Sync 1 DAGs
[2023-11-09T19:28:02.393-0500] {logging_mixin.py:154} INFO - [2023-11-09T19:28:02.393-0500] {dag.py:3722} INFO - Setting next_dagrun for example_sensor_decorator to None, run_after=None
[2023-11-09T19:28:02.404-0500] {processor.py:179} INFO - Processing /Users/az/anaconda3/envs/python38/lib/python3.8/site-packages/airflow/example_dags/example_sensor_decorator.py took 0.161 seconds
[2023-11-09T19:30:07.162-0500] {processor.py:157} INFO - Started process (PID=51023) to work on /Users/az/anaconda3/envs/python38/lib/python3.8/site-packages/airflow/example_dags/example_sensor_decorator.py
[2023-11-09T19:30:07.166-0500] {processor.py:829} INFO - Processing file /Users/az/anaconda3/envs/python38/lib/python3.8/site-packages/airflow/example_dags/example_sensor_decorator.py for tasks to queue
[2023-11-09T19:30:07.166-0500] {logging_mixin.py:154} INFO - [2023-11-09T19:30:07.166-0500] {dagbag.py:536} INFO - Filling up the DagBag from /Users/az/anaconda3/envs/python38/lib/python3.8/site-packages/airflow/example_dags/example_sensor_decorator.py
[2023-11-09T19:30:07.202-0500] {processor.py:839} INFO - DAG(s) dict_keys(['example_sensor_decorator']) retrieved from /Users/az/anaconda3/envs/python38/lib/python3.8/site-packages/airflow/example_dags/example_sensor_decorator.py
[2023-11-09T19:30:07.314-0500] {logging_mixin.py:154} INFO - [2023-11-09T19:30:07.314-0500] {dag.py:2941} INFO - Sync 1 DAGs
[2023-11-09T19:30:07.320-0500] {logging_mixin.py:154} INFO - [2023-11-09T19:30:07.320-0500] {dag.py:3722} INFO - Setting next_dagrun for example_sensor_decorator to None, run_after=None
[2023-11-09T19:30:07.330-0500] {processor.py:179} INFO - Processing /Users/az/anaconda3/envs/python38/lib/python3.8/site-packages/airflow/example_dags/example_sensor_decorator.py took 0.169 seconds
[2023-11-09T19:32:12.843-0500] {processor.py:157} INFO - Started process (PID=51178) to work on /Users/az/anaconda3/envs/python38/lib/python3.8/site-packages/airflow/example_dags/example_sensor_decorator.py
[2023-11-09T19:32:12.847-0500] {processor.py:829} INFO - Processing file /Users/az/anaconda3/envs/python38/lib/python3.8/site-packages/airflow/example_dags/example_sensor_decorator.py for tasks to queue
[2023-11-09T19:32:12.848-0500] {logging_mixin.py:154} INFO - [2023-11-09T19:32:12.847-0500] {dagbag.py:536} INFO - Filling up the DagBag from /Users/az/anaconda3/envs/python38/lib/python3.8/site-packages/airflow/example_dags/example_sensor_decorator.py
[2023-11-09T19:32:12.884-0500] {processor.py:839} INFO - DAG(s) dict_keys(['example_sensor_decorator']) retrieved from /Users/az/anaconda3/envs/python38/lib/python3.8/site-packages/airflow/example_dags/example_sensor_decorator.py
[2023-11-09T19:32:12.995-0500] {logging_mixin.py:154} INFO - [2023-11-09T19:32:12.994-0500] {dag.py:2941} INFO - Sync 1 DAGs
[2023-11-09T19:32:13.000-0500] {logging_mixin.py:154} INFO - [2023-11-09T19:32:13.000-0500] {dag.py:3722} INFO - Setting next_dagrun for example_sensor_decorator to None, run_after=None
[2023-11-09T19:32:13.010-0500] {processor.py:179} INFO - Processing /Users/az/anaconda3/envs/python38/lib/python3.8/site-packages/airflow/example_dags/example_sensor_decorator.py took 0.168 seconds
[2023-11-09T19:34:43.695-0500] {processor.py:157} INFO - Started process (PID=53184) to work on /Users/az/anaconda3/envs/python38/lib/python3.8/site-packages/airflow/example_dags/example_sensor_decorator.py
[2023-11-09T19:34:43.699-0500] {processor.py:829} INFO - Processing file /Users/az/anaconda3/envs/python38/lib/python3.8/site-packages/airflow/example_dags/example_sensor_decorator.py for tasks to queue
[2023-11-09T19:34:43.699-0500] {logging_mixin.py:154} INFO - [2023-11-09T19:34:43.699-0500] {dagbag.py:536} INFO - Filling up the DagBag from /Users/az/anaconda3/envs/python38/lib/python3.8/site-packages/airflow/example_dags/example_sensor_decorator.py
[2023-11-09T19:34:43.731-0500] {processor.py:839} INFO - DAG(s) dict_keys(['example_sensor_decorator']) retrieved from /Users/az/anaconda3/envs/python38/lib/python3.8/site-packages/airflow/example_dags/example_sensor_decorator.py
[2023-11-09T19:34:43.840-0500] {logging_mixin.py:154} INFO - [2023-11-09T19:34:43.839-0500] {dag.py:2941} INFO - Sync 1 DAGs
[2023-11-09T19:34:43.845-0500] {logging_mixin.py:154} INFO - [2023-11-09T19:34:43.845-0500] {dag.py:3722} INFO - Setting next_dagrun for example_sensor_decorator to None, run_after=None
[2023-11-09T19:34:43.855-0500] {processor.py:179} INFO - Processing /Users/az/anaconda3/envs/python38/lib/python3.8/site-packages/airflow/example_dags/example_sensor_decorator.py took 0.160 seconds
[2023-11-09T19:36:39.102-0500] {processor.py:157} INFO - Started process (PID=53349) to work on /Users/az/anaconda3/envs/python38/lib/python3.8/site-packages/airflow/example_dags/example_sensor_decorator.py
[2023-11-09T19:36:39.106-0500] {processor.py:829} INFO - Processing file /Users/az/anaconda3/envs/python38/lib/python3.8/site-packages/airflow/example_dags/example_sensor_decorator.py for tasks to queue
[2023-11-09T19:36:39.106-0500] {logging_mixin.py:154} INFO - [2023-11-09T19:36:39.106-0500] {dagbag.py:536} INFO - Filling up the DagBag from /Users/az/anaconda3/envs/python38/lib/python3.8/site-packages/airflow/example_dags/example_sensor_decorator.py
[2023-11-09T19:36:39.137-0500] {processor.py:839} INFO - DAG(s) dict_keys(['example_sensor_decorator']) retrieved from /Users/az/anaconda3/envs/python38/lib/python3.8/site-packages/airflow/example_dags/example_sensor_decorator.py
[2023-11-09T19:36:39.245-0500] {logging_mixin.py:154} INFO - [2023-11-09T19:36:39.245-0500] {dag.py:2941} INFO - Sync 1 DAGs
[2023-11-09T19:36:39.251-0500] {logging_mixin.py:154} INFO - [2023-11-09T19:36:39.251-0500] {dag.py:3722} INFO - Setting next_dagrun for example_sensor_decorator to None, run_after=None
[2023-11-09T19:36:39.261-0500] {processor.py:179} INFO - Processing /Users/az/anaconda3/envs/python38/lib/python3.8/site-packages/airflow/example_dags/example_sensor_decorator.py took 0.160 seconds
[2023-11-09T19:38:38.936-0500] {processor.py:157} INFO - Started process (PID=53502) to work on /Users/az/anaconda3/envs/python38/lib/python3.8/site-packages/airflow/example_dags/example_sensor_decorator.py
[2023-11-09T19:38:38.941-0500] {processor.py:829} INFO - Processing file /Users/az/anaconda3/envs/python38/lib/python3.8/site-packages/airflow/example_dags/example_sensor_decorator.py for tasks to queue
[2023-11-09T19:38:38.941-0500] {logging_mixin.py:154} INFO - [2023-11-09T19:38:38.941-0500] {dagbag.py:536} INFO - Filling up the DagBag from /Users/az/anaconda3/envs/python38/lib/python3.8/site-packages/airflow/example_dags/example_sensor_decorator.py
[2023-11-09T19:38:38.973-0500] {processor.py:839} INFO - DAG(s) dict_keys(['example_sensor_decorator']) retrieved from /Users/az/anaconda3/envs/python38/lib/python3.8/site-packages/airflow/example_dags/example_sensor_decorator.py
[2023-11-09T19:38:39.081-0500] {logging_mixin.py:154} INFO - [2023-11-09T19:38:39.080-0500] {dag.py:2941} INFO - Sync 1 DAGs
[2023-11-09T19:38:39.086-0500] {logging_mixin.py:154} INFO - [2023-11-09T19:38:39.086-0500] {dag.py:3722} INFO - Setting next_dagrun for example_sensor_decorator to None, run_after=None
[2023-11-09T19:38:39.097-0500] {processor.py:179} INFO - Processing /Users/az/anaconda3/envs/python38/lib/python3.8/site-packages/airflow/example_dags/example_sensor_decorator.py took 0.161 seconds
[2023-11-09T19:40:36.112-0500] {processor.py:157} INFO - Started process (PID=53652) to work on /Users/az/anaconda3/envs/python38/lib/python3.8/site-packages/airflow/example_dags/example_sensor_decorator.py
[2023-11-09T19:40:36.116-0500] {processor.py:829} INFO - Processing file /Users/az/anaconda3/envs/python38/lib/python3.8/site-packages/airflow/example_dags/example_sensor_decorator.py for tasks to queue
[2023-11-09T19:40:36.117-0500] {logging_mixin.py:154} INFO - [2023-11-09T19:40:36.117-0500] {dagbag.py:536} INFO - Filling up the DagBag from /Users/az/anaconda3/envs/python38/lib/python3.8/site-packages/airflow/example_dags/example_sensor_decorator.py
[2023-11-09T19:40:36.148-0500] {processor.py:839} INFO - DAG(s) dict_keys(['example_sensor_decorator']) retrieved from /Users/az/anaconda3/envs/python38/lib/python3.8/site-packages/airflow/example_dags/example_sensor_decorator.py
[2023-11-09T19:40:36.257-0500] {logging_mixin.py:154} INFO - [2023-11-09T19:40:36.256-0500] {dag.py:2941} INFO - Sync 1 DAGs
[2023-11-09T19:40:36.262-0500] {logging_mixin.py:154} INFO - [2023-11-09T19:40:36.262-0500] {dag.py:3722} INFO - Setting next_dagrun for example_sensor_decorator to None, run_after=None
[2023-11-09T19:40:36.273-0500] {processor.py:179} INFO - Processing /Users/az/anaconda3/envs/python38/lib/python3.8/site-packages/airflow/example_dags/example_sensor_decorator.py took 0.161 seconds
[2023-11-09T19:42:51.898-0500] {processor.py:157} INFO - Started process (PID=54114) to work on /Users/az/anaconda3/envs/python38/lib/python3.8/site-packages/airflow/example_dags/example_sensor_decorator.py
[2023-11-09T19:42:51.903-0500] {processor.py:829} INFO - Processing file /Users/az/anaconda3/envs/python38/lib/python3.8/site-packages/airflow/example_dags/example_sensor_decorator.py for tasks to queue
[2023-11-09T19:42:51.904-0500] {logging_mixin.py:154} INFO - [2023-11-09T19:42:51.903-0500] {dagbag.py:536} INFO - Filling up the DagBag from /Users/az/anaconda3/envs/python38/lib/python3.8/site-packages/airflow/example_dags/example_sensor_decorator.py
[2023-11-09T19:42:51.935-0500] {processor.py:839} INFO - DAG(s) dict_keys(['example_sensor_decorator']) retrieved from /Users/az/anaconda3/envs/python38/lib/python3.8/site-packages/airflow/example_dags/example_sensor_decorator.py
[2023-11-09T19:42:52.043-0500] {logging_mixin.py:154} INFO - [2023-11-09T19:42:52.043-0500] {dag.py:2941} INFO - Sync 1 DAGs
[2023-11-09T19:42:52.049-0500] {logging_mixin.py:154} INFO - [2023-11-09T19:42:52.049-0500] {dag.py:3722} INFO - Setting next_dagrun for example_sensor_decorator to None, run_after=None
[2023-11-09T19:42:52.059-0500] {processor.py:179} INFO - Processing /Users/az/anaconda3/envs/python38/lib/python3.8/site-packages/airflow/example_dags/example_sensor_decorator.py took 0.161 seconds
[2023-11-09T19:44:50.012-0500] {processor.py:157} INFO - Started process (PID=54268) to work on /Users/az/anaconda3/envs/python38/lib/python3.8/site-packages/airflow/example_dags/example_sensor_decorator.py
[2023-11-09T19:44:50.017-0500] {processor.py:829} INFO - Processing file /Users/az/anaconda3/envs/python38/lib/python3.8/site-packages/airflow/example_dags/example_sensor_decorator.py for tasks to queue
[2023-11-09T19:44:50.017-0500] {logging_mixin.py:154} INFO - [2023-11-09T19:44:50.017-0500] {dagbag.py:536} INFO - Filling up the DagBag from /Users/az/anaconda3/envs/python38/lib/python3.8/site-packages/airflow/example_dags/example_sensor_decorator.py
[2023-11-09T19:44:50.048-0500] {processor.py:839} INFO - DAG(s) dict_keys(['example_sensor_decorator']) retrieved from /Users/az/anaconda3/envs/python38/lib/python3.8/site-packages/airflow/example_dags/example_sensor_decorator.py
[2023-11-09T19:44:50.156-0500] {logging_mixin.py:154} INFO - [2023-11-09T19:44:50.156-0500] {dag.py:2941} INFO - Sync 1 DAGs
[2023-11-09T19:44:50.162-0500] {logging_mixin.py:154} INFO - [2023-11-09T19:44:50.162-0500] {dag.py:3722} INFO - Setting next_dagrun for example_sensor_decorator to None, run_after=None
[2023-11-09T19:44:50.172-0500] {processor.py:179} INFO - Processing /Users/az/anaconda3/envs/python38/lib/python3.8/site-packages/airflow/example_dags/example_sensor_decorator.py took 0.160 seconds
[2023-11-09T19:46:45.771-0500] {processor.py:157} INFO - Started process (PID=54418) to work on /Users/az/anaconda3/envs/python38/lib/python3.8/site-packages/airflow/example_dags/example_sensor_decorator.py
[2023-11-09T19:46:45.776-0500] {processor.py:829} INFO - Processing file /Users/az/anaconda3/envs/python38/lib/python3.8/site-packages/airflow/example_dags/example_sensor_decorator.py for tasks to queue
[2023-11-09T19:46:45.776-0500] {logging_mixin.py:154} INFO - [2023-11-09T19:46:45.776-0500] {dagbag.py:536} INFO - Filling up the DagBag from /Users/az/anaconda3/envs/python38/lib/python3.8/site-packages/airflow/example_dags/example_sensor_decorator.py
[2023-11-09T19:46:45.808-0500] {processor.py:839} INFO - DAG(s) dict_keys(['example_sensor_decorator']) retrieved from /Users/az/anaconda3/envs/python38/lib/python3.8/site-packages/airflow/example_dags/example_sensor_decorator.py
[2023-11-09T19:46:45.916-0500] {logging_mixin.py:154} INFO - [2023-11-09T19:46:45.916-0500] {dag.py:2941} INFO - Sync 1 DAGs
[2023-11-09T19:46:45.922-0500] {logging_mixin.py:154} INFO - [2023-11-09T19:46:45.921-0500] {dag.py:3722} INFO - Setting next_dagrun for example_sensor_decorator to None, run_after=None
[2023-11-09T19:46:45.932-0500] {processor.py:179} INFO - Processing /Users/az/anaconda3/envs/python38/lib/python3.8/site-packages/airflow/example_dags/example_sensor_decorator.py took 0.161 seconds
[2023-11-09T19:48:46.035-0500] {processor.py:157} INFO - Started process (PID=54568) to work on /Users/az/anaconda3/envs/python38/lib/python3.8/site-packages/airflow/example_dags/example_sensor_decorator.py
[2023-11-09T19:48:46.039-0500] {processor.py:829} INFO - Processing file /Users/az/anaconda3/envs/python38/lib/python3.8/site-packages/airflow/example_dags/example_sensor_decorator.py for tasks to queue
[2023-11-09T19:48:46.040-0500] {logging_mixin.py:154} INFO - [2023-11-09T19:48:46.040-0500] {dagbag.py:536} INFO - Filling up the DagBag from /Users/az/anaconda3/envs/python38/lib/python3.8/site-packages/airflow/example_dags/example_sensor_decorator.py
[2023-11-09T19:48:46.072-0500] {processor.py:839} INFO - DAG(s) dict_keys(['example_sensor_decorator']) retrieved from /Users/az/anaconda3/envs/python38/lib/python3.8/site-packages/airflow/example_dags/example_sensor_decorator.py
[2023-11-09T19:48:46.182-0500] {logging_mixin.py:154} INFO - [2023-11-09T19:48:46.181-0500] {dag.py:2941} INFO - Sync 1 DAGs
[2023-11-09T19:48:46.187-0500] {logging_mixin.py:154} INFO - [2023-11-09T19:48:46.187-0500] {dag.py:3722} INFO - Setting next_dagrun for example_sensor_decorator to None, run_after=None
[2023-11-09T19:48:46.197-0500] {processor.py:179} INFO - Processing /Users/az/anaconda3/envs/python38/lib/python3.8/site-packages/airflow/example_dags/example_sensor_decorator.py took 0.163 seconds
[2023-11-09T19:50:43.386-0500] {processor.py:157} INFO - Started process (PID=54717) to work on /Users/az/anaconda3/envs/python38/lib/python3.8/site-packages/airflow/example_dags/example_sensor_decorator.py
[2023-11-09T19:50:43.390-0500] {processor.py:829} INFO - Processing file /Users/az/anaconda3/envs/python38/lib/python3.8/site-packages/airflow/example_dags/example_sensor_decorator.py for tasks to queue
[2023-11-09T19:50:43.390-0500] {logging_mixin.py:154} INFO - [2023-11-09T19:50:43.390-0500] {dagbag.py:536} INFO - Filling up the DagBag from /Users/az/anaconda3/envs/python38/lib/python3.8/site-packages/airflow/example_dags/example_sensor_decorator.py
[2023-11-09T19:50:43.422-0500] {processor.py:839} INFO - DAG(s) dict_keys(['example_sensor_decorator']) retrieved from /Users/az/anaconda3/envs/python38/lib/python3.8/site-packages/airflow/example_dags/example_sensor_decorator.py
[2023-11-09T19:50:43.533-0500] {logging_mixin.py:154} INFO - [2023-11-09T19:50:43.533-0500] {dag.py:2941} INFO - Sync 1 DAGs
[2023-11-09T19:50:43.540-0500] {logging_mixin.py:154} INFO - [2023-11-09T19:50:43.540-0500] {dag.py:3722} INFO - Setting next_dagrun for example_sensor_decorator to None, run_after=None
[2023-11-09T19:50:43.552-0500] {processor.py:179} INFO - Processing /Users/az/anaconda3/envs/python38/lib/python3.8/site-packages/airflow/example_dags/example_sensor_decorator.py took 0.167 seconds
[2023-11-09T19:52:42.132-0500] {processor.py:157} INFO - Started process (PID=54867) to work on /Users/az/anaconda3/envs/python38/lib/python3.8/site-packages/airflow/example_dags/example_sensor_decorator.py
[2023-11-09T19:52:42.137-0500] {processor.py:829} INFO - Processing file /Users/az/anaconda3/envs/python38/lib/python3.8/site-packages/airflow/example_dags/example_sensor_decorator.py for tasks to queue
[2023-11-09T19:52:42.138-0500] {logging_mixin.py:154} INFO - [2023-11-09T19:52:42.138-0500] {dagbag.py:536} INFO - Filling up the DagBag from /Users/az/anaconda3/envs/python38/lib/python3.8/site-packages/airflow/example_dags/example_sensor_decorator.py
[2023-11-09T19:52:42.180-0500] {processor.py:839} INFO - DAG(s) dict_keys(['example_sensor_decorator']) retrieved from /Users/az/anaconda3/envs/python38/lib/python3.8/site-packages/airflow/example_dags/example_sensor_decorator.py
[2023-11-09T19:52:42.310-0500] {logging_mixin.py:154} INFO - [2023-11-09T19:52:42.310-0500] {dag.py:2941} INFO - Sync 1 DAGs
[2023-11-09T19:52:42.317-0500] {logging_mixin.py:154} INFO - [2023-11-09T19:52:42.317-0500] {dag.py:3722} INFO - Setting next_dagrun for example_sensor_decorator to None, run_after=None
[2023-11-09T19:52:42.329-0500] {processor.py:179} INFO - Processing /Users/az/anaconda3/envs/python38/lib/python3.8/site-packages/airflow/example_dags/example_sensor_decorator.py took 0.197 seconds
[2023-11-09T19:54:42.407-0500] {processor.py:157} INFO - Started process (PID=55022) to work on /Users/az/anaconda3/envs/python38/lib/python3.8/site-packages/airflow/example_dags/example_sensor_decorator.py
[2023-11-09T19:54:42.411-0500] {processor.py:829} INFO - Processing file /Users/az/anaconda3/envs/python38/lib/python3.8/site-packages/airflow/example_dags/example_sensor_decorator.py for tasks to queue
[2023-11-09T19:54:42.412-0500] {logging_mixin.py:154} INFO - [2023-11-09T19:54:42.412-0500] {dagbag.py:536} INFO - Filling up the DagBag from /Users/az/anaconda3/envs/python38/lib/python3.8/site-packages/airflow/example_dags/example_sensor_decorator.py
[2023-11-09T19:54:42.443-0500] {processor.py:839} INFO - DAG(s) dict_keys(['example_sensor_decorator']) retrieved from /Users/az/anaconda3/envs/python38/lib/python3.8/site-packages/airflow/example_dags/example_sensor_decorator.py
[2023-11-09T19:54:42.551-0500] {logging_mixin.py:154} INFO - [2023-11-09T19:54:42.551-0500] {dag.py:2941} INFO - Sync 1 DAGs
[2023-11-09T19:54:42.557-0500] {logging_mixin.py:154} INFO - [2023-11-09T19:54:42.556-0500] {dag.py:3722} INFO - Setting next_dagrun for example_sensor_decorator to None, run_after=None
[2023-11-09T19:54:42.567-0500] {processor.py:179} INFO - Processing /Users/az/anaconda3/envs/python38/lib/python3.8/site-packages/airflow/example_dags/example_sensor_decorator.py took 0.160 seconds
[2023-11-09T19:56:40.289-0500] {processor.py:157} INFO - Started process (PID=55173) to work on /Users/az/anaconda3/envs/python38/lib/python3.8/site-packages/airflow/example_dags/example_sensor_decorator.py
[2023-11-09T19:56:40.294-0500] {processor.py:829} INFO - Processing file /Users/az/anaconda3/envs/python38/lib/python3.8/site-packages/airflow/example_dags/example_sensor_decorator.py for tasks to queue
[2023-11-09T19:56:40.294-0500] {logging_mixin.py:154} INFO - [2023-11-09T19:56:40.294-0500] {dagbag.py:536} INFO - Filling up the DagBag from /Users/az/anaconda3/envs/python38/lib/python3.8/site-packages/airflow/example_dags/example_sensor_decorator.py
[2023-11-09T19:56:40.326-0500] {processor.py:839} INFO - DAG(s) dict_keys(['example_sensor_decorator']) retrieved from /Users/az/anaconda3/envs/python38/lib/python3.8/site-packages/airflow/example_dags/example_sensor_decorator.py
[2023-11-09T19:56:40.434-0500] {logging_mixin.py:154} INFO - [2023-11-09T19:56:40.434-0500] {dag.py:2941} INFO - Sync 1 DAGs
[2023-11-09T19:56:40.440-0500] {logging_mixin.py:154} INFO - [2023-11-09T19:56:40.440-0500] {dag.py:3722} INFO - Setting next_dagrun for example_sensor_decorator to None, run_after=None
[2023-11-09T19:56:40.450-0500] {processor.py:179} INFO - Processing /Users/az/anaconda3/envs/python38/lib/python3.8/site-packages/airflow/example_dags/example_sensor_decorator.py took 0.161 seconds
[2023-11-09T19:58:40.932-0500] {processor.py:157} INFO - Started process (PID=55331) to work on /Users/az/anaconda3/envs/python38/lib/python3.8/site-packages/airflow/example_dags/example_sensor_decorator.py
[2023-11-09T19:58:40.937-0500] {processor.py:829} INFO - Processing file /Users/az/anaconda3/envs/python38/lib/python3.8/site-packages/airflow/example_dags/example_sensor_decorator.py for tasks to queue
[2023-11-09T19:58:40.937-0500] {logging_mixin.py:154} INFO - [2023-11-09T19:58:40.937-0500] {dagbag.py:536} INFO - Filling up the DagBag from /Users/az/anaconda3/envs/python38/lib/python3.8/site-packages/airflow/example_dags/example_sensor_decorator.py
[2023-11-09T19:58:40.968-0500] {processor.py:839} INFO - DAG(s) dict_keys(['example_sensor_decorator']) retrieved from /Users/az/anaconda3/envs/python38/lib/python3.8/site-packages/airflow/example_dags/example_sensor_decorator.py
[2023-11-09T19:58:41.078-0500] {logging_mixin.py:154} INFO - [2023-11-09T19:58:41.077-0500] {dag.py:2941} INFO - Sync 1 DAGs
[2023-11-09T19:58:41.084-0500] {logging_mixin.py:154} INFO - [2023-11-09T19:58:41.083-0500] {dag.py:3722} INFO - Setting next_dagrun for example_sensor_decorator to None, run_after=None
[2023-11-09T19:58:41.094-0500] {processor.py:179} INFO - Processing /Users/az/anaconda3/envs/python38/lib/python3.8/site-packages/airflow/example_dags/example_sensor_decorator.py took 0.163 seconds
[2023-11-09T20:00:41.619-0500] {processor.py:157} INFO - Started process (PID=55483) to work on /Users/az/anaconda3/envs/python38/lib/python3.8/site-packages/airflow/example_dags/example_sensor_decorator.py
[2023-11-09T20:00:41.624-0500] {processor.py:829} INFO - Processing file /Users/az/anaconda3/envs/python38/lib/python3.8/site-packages/airflow/example_dags/example_sensor_decorator.py for tasks to queue
[2023-11-09T20:00:41.624-0500] {logging_mixin.py:154} INFO - [2023-11-09T20:00:41.624-0500] {dagbag.py:536} INFO - Filling up the DagBag from /Users/az/anaconda3/envs/python38/lib/python3.8/site-packages/airflow/example_dags/example_sensor_decorator.py
[2023-11-09T20:00:41.656-0500] {processor.py:839} INFO - DAG(s) dict_keys(['example_sensor_decorator']) retrieved from /Users/az/anaconda3/envs/python38/lib/python3.8/site-packages/airflow/example_dags/example_sensor_decorator.py
[2023-11-09T20:00:41.764-0500] {logging_mixin.py:154} INFO - [2023-11-09T20:00:41.764-0500] {dag.py:2941} INFO - Sync 1 DAGs
[2023-11-09T20:00:41.770-0500] {logging_mixin.py:154} INFO - [2023-11-09T20:00:41.770-0500] {dag.py:3722} INFO - Setting next_dagrun for example_sensor_decorator to None, run_after=None
[2023-11-09T20:00:41.780-0500] {processor.py:179} INFO - Processing /Users/az/anaconda3/envs/python38/lib/python3.8/site-packages/airflow/example_dags/example_sensor_decorator.py took 0.162 seconds
[2023-11-09T20:02:44.405-0500] {processor.py:157} INFO - Started process (PID=55650) to work on /Users/az/anaconda3/envs/python38/lib/python3.8/site-packages/airflow/example_dags/example_sensor_decorator.py
[2023-11-09T20:02:44.410-0500] {processor.py:829} INFO - Processing file /Users/az/anaconda3/envs/python38/lib/python3.8/site-packages/airflow/example_dags/example_sensor_decorator.py for tasks to queue
[2023-11-09T20:02:44.410-0500] {logging_mixin.py:154} INFO - [2023-11-09T20:02:44.410-0500] {dagbag.py:536} INFO - Filling up the DagBag from /Users/az/anaconda3/envs/python38/lib/python3.8/site-packages/airflow/example_dags/example_sensor_decorator.py
[2023-11-09T20:02:44.443-0500] {processor.py:839} INFO - DAG(s) dict_keys(['example_sensor_decorator']) retrieved from /Users/az/anaconda3/envs/python38/lib/python3.8/site-packages/airflow/example_dags/example_sensor_decorator.py
[2023-11-09T20:02:44.552-0500] {logging_mixin.py:154} INFO - [2023-11-09T20:02:44.552-0500] {dag.py:2941} INFO - Sync 1 DAGs
[2023-11-09T20:02:44.558-0500] {logging_mixin.py:154} INFO - [2023-11-09T20:02:44.558-0500] {dag.py:3722} INFO - Setting next_dagrun for example_sensor_decorator to None, run_after=None
[2023-11-09T20:02:44.568-0500] {processor.py:179} INFO - Processing /Users/az/anaconda3/envs/python38/lib/python3.8/site-packages/airflow/example_dags/example_sensor_decorator.py took 0.164 seconds
[2023-11-09T20:04:44.315-0500] {processor.py:157} INFO - Started process (PID=55800) to work on /Users/az/anaconda3/envs/python38/lib/python3.8/site-packages/airflow/example_dags/example_sensor_decorator.py
[2023-11-09T20:04:44.320-0500] {processor.py:829} INFO - Processing file /Users/az/anaconda3/envs/python38/lib/python3.8/site-packages/airflow/example_dags/example_sensor_decorator.py for tasks to queue
[2023-11-09T20:04:44.320-0500] {logging_mixin.py:154} INFO - [2023-11-09T20:04:44.320-0500] {dagbag.py:536} INFO - Filling up the DagBag from /Users/az/anaconda3/envs/python38/lib/python3.8/site-packages/airflow/example_dags/example_sensor_decorator.py
[2023-11-09T20:04:44.352-0500] {processor.py:839} INFO - DAG(s) dict_keys(['example_sensor_decorator']) retrieved from /Users/az/anaconda3/envs/python38/lib/python3.8/site-packages/airflow/example_dags/example_sensor_decorator.py
[2023-11-09T20:04:44.460-0500] {logging_mixin.py:154} INFO - [2023-11-09T20:04:44.460-0500] {dag.py:2941} INFO - Sync 1 DAGs
[2023-11-09T20:04:44.466-0500] {logging_mixin.py:154} INFO - [2023-11-09T20:04:44.466-0500] {dag.py:3722} INFO - Setting next_dagrun for example_sensor_decorator to None, run_after=None
[2023-11-09T20:04:44.476-0500] {processor.py:179} INFO - Processing /Users/az/anaconda3/envs/python38/lib/python3.8/site-packages/airflow/example_dags/example_sensor_decorator.py took 0.161 seconds
[2023-11-09T20:06:40.589-0500] {processor.py:157} INFO - Started process (PID=55955) to work on /Users/az/anaconda3/envs/python38/lib/python3.8/site-packages/airflow/example_dags/example_sensor_decorator.py
[2023-11-09T20:06:40.594-0500] {processor.py:829} INFO - Processing file /Users/az/anaconda3/envs/python38/lib/python3.8/site-packages/airflow/example_dags/example_sensor_decorator.py for tasks to queue
[2023-11-09T20:06:40.594-0500] {logging_mixin.py:154} INFO - [2023-11-09T20:06:40.594-0500] {dagbag.py:536} INFO - Filling up the DagBag from /Users/az/anaconda3/envs/python38/lib/python3.8/site-packages/airflow/example_dags/example_sensor_decorator.py
[2023-11-09T20:06:40.627-0500] {processor.py:839} INFO - DAG(s) dict_keys(['example_sensor_decorator']) retrieved from /Users/az/anaconda3/envs/python38/lib/python3.8/site-packages/airflow/example_dags/example_sensor_decorator.py
[2023-11-09T20:06:40.736-0500] {logging_mixin.py:154} INFO - [2023-11-09T20:06:40.736-0500] {dag.py:2941} INFO - Sync 1 DAGs
[2023-11-09T20:06:40.742-0500] {logging_mixin.py:154} INFO - [2023-11-09T20:06:40.742-0500] {dag.py:3722} INFO - Setting next_dagrun for example_sensor_decorator to None, run_after=None
[2023-11-09T20:06:40.752-0500] {processor.py:179} INFO - Processing /Users/az/anaconda3/envs/python38/lib/python3.8/site-packages/airflow/example_dags/example_sensor_decorator.py took 0.163 seconds
[2023-11-09T20:08:40.141-0500] {processor.py:157} INFO - Started process (PID=56123) to work on /Users/az/anaconda3/envs/python38/lib/python3.8/site-packages/airflow/example_dags/example_sensor_decorator.py
[2023-11-09T20:08:40.146-0500] {processor.py:829} INFO - Processing file /Users/az/anaconda3/envs/python38/lib/python3.8/site-packages/airflow/example_dags/example_sensor_decorator.py for tasks to queue
[2023-11-09T20:08:40.146-0500] {logging_mixin.py:154} INFO - [2023-11-09T20:08:40.146-0500] {dagbag.py:536} INFO - Filling up the DagBag from /Users/az/anaconda3/envs/python38/lib/python3.8/site-packages/airflow/example_dags/example_sensor_decorator.py
[2023-11-09T20:08:40.177-0500] {processor.py:839} INFO - DAG(s) dict_keys(['example_sensor_decorator']) retrieved from /Users/az/anaconda3/envs/python38/lib/python3.8/site-packages/airflow/example_dags/example_sensor_decorator.py
[2023-11-09T20:08:40.287-0500] {logging_mixin.py:154} INFO - [2023-11-09T20:08:40.287-0500] {dag.py:2941} INFO - Sync 1 DAGs
[2023-11-09T20:08:40.292-0500] {logging_mixin.py:154} INFO - [2023-11-09T20:08:40.292-0500] {dag.py:3722} INFO - Setting next_dagrun for example_sensor_decorator to None, run_after=None
[2023-11-09T20:08:40.303-0500] {processor.py:179} INFO - Processing /Users/az/anaconda3/envs/python38/lib/python3.8/site-packages/airflow/example_dags/example_sensor_decorator.py took 0.162 seconds
[2023-11-09T20:10:37.214-0500] {processor.py:157} INFO - Started process (PID=56287) to work on /Users/az/anaconda3/envs/python38/lib/python3.8/site-packages/airflow/example_dags/example_sensor_decorator.py
[2023-11-09T20:10:37.218-0500] {processor.py:829} INFO - Processing file /Users/az/anaconda3/envs/python38/lib/python3.8/site-packages/airflow/example_dags/example_sensor_decorator.py for tasks to queue
[2023-11-09T20:10:37.218-0500] {logging_mixin.py:154} INFO - [2023-11-09T20:10:37.218-0500] {dagbag.py:536} INFO - Filling up the DagBag from /Users/az/anaconda3/envs/python38/lib/python3.8/site-packages/airflow/example_dags/example_sensor_decorator.py
[2023-11-09T20:10:37.251-0500] {processor.py:839} INFO - DAG(s) dict_keys(['example_sensor_decorator']) retrieved from /Users/az/anaconda3/envs/python38/lib/python3.8/site-packages/airflow/example_dags/example_sensor_decorator.py
[2023-11-09T20:10:37.361-0500] {logging_mixin.py:154} INFO - [2023-11-09T20:10:37.361-0500] {dag.py:2941} INFO - Sync 1 DAGs
[2023-11-09T20:10:37.366-0500] {logging_mixin.py:154} INFO - [2023-11-09T20:10:37.366-0500] {dag.py:3722} INFO - Setting next_dagrun for example_sensor_decorator to None, run_after=None
[2023-11-09T20:10:37.377-0500] {processor.py:179} INFO - Processing /Users/az/anaconda3/envs/python38/lib/python3.8/site-packages/airflow/example_dags/example_sensor_decorator.py took 0.163 seconds
[2023-11-09T20:12:34.202-0500] {processor.py:157} INFO - Started process (PID=56448) to work on /Users/az/anaconda3/envs/python38/lib/python3.8/site-packages/airflow/example_dags/example_sensor_decorator.py
[2023-11-09T20:12:34.207-0500] {processor.py:829} INFO - Processing file /Users/az/anaconda3/envs/python38/lib/python3.8/site-packages/airflow/example_dags/example_sensor_decorator.py for tasks to queue
[2023-11-09T20:12:34.207-0500] {logging_mixin.py:154} INFO - [2023-11-09T20:12:34.207-0500] {dagbag.py:536} INFO - Filling up the DagBag from /Users/az/anaconda3/envs/python38/lib/python3.8/site-packages/airflow/example_dags/example_sensor_decorator.py
[2023-11-09T20:12:34.239-0500] {processor.py:839} INFO - DAG(s) dict_keys(['example_sensor_decorator']) retrieved from /Users/az/anaconda3/envs/python38/lib/python3.8/site-packages/airflow/example_dags/example_sensor_decorator.py
[2023-11-09T20:12:34.347-0500] {logging_mixin.py:154} INFO - [2023-11-09T20:12:34.346-0500] {dag.py:2941} INFO - Sync 1 DAGs
[2023-11-09T20:12:34.352-0500] {logging_mixin.py:154} INFO - [2023-11-09T20:12:34.352-0500] {dag.py:3722} INFO - Setting next_dagrun for example_sensor_decorator to None, run_after=None
[2023-11-09T20:12:34.363-0500] {processor.py:179} INFO - Processing /Users/az/anaconda3/envs/python38/lib/python3.8/site-packages/airflow/example_dags/example_sensor_decorator.py took 0.161 seconds
[2023-11-09T20:14:36.240-0500] {processor.py:157} INFO - Started process (PID=56624) to work on /Users/az/anaconda3/envs/python38/lib/python3.8/site-packages/airflow/example_dags/example_sensor_decorator.py
[2023-11-09T20:14:36.244-0500] {processor.py:829} INFO - Processing file /Users/az/anaconda3/envs/python38/lib/python3.8/site-packages/airflow/example_dags/example_sensor_decorator.py for tasks to queue
[2023-11-09T20:14:36.245-0500] {logging_mixin.py:154} INFO - [2023-11-09T20:14:36.244-0500] {dagbag.py:536} INFO - Filling up the DagBag from /Users/az/anaconda3/envs/python38/lib/python3.8/site-packages/airflow/example_dags/example_sensor_decorator.py
[2023-11-09T20:14:36.276-0500] {processor.py:839} INFO - DAG(s) dict_keys(['example_sensor_decorator']) retrieved from /Users/az/anaconda3/envs/python38/lib/python3.8/site-packages/airflow/example_dags/example_sensor_decorator.py
[2023-11-09T20:14:36.384-0500] {logging_mixin.py:154} INFO - [2023-11-09T20:14:36.384-0500] {dag.py:2941} INFO - Sync 1 DAGs
[2023-11-09T20:14:36.390-0500] {logging_mixin.py:154} INFO - [2023-11-09T20:14:36.390-0500] {dag.py:3722} INFO - Setting next_dagrun for example_sensor_decorator to None, run_after=None
[2023-11-09T20:14:36.400-0500] {processor.py:179} INFO - Processing /Users/az/anaconda3/envs/python38/lib/python3.8/site-packages/airflow/example_dags/example_sensor_decorator.py took 0.161 seconds
[2023-11-09T20:16:33.208-0500] {processor.py:157} INFO - Started process (PID=56771) to work on /Users/az/anaconda3/envs/python38/lib/python3.8/site-packages/airflow/example_dags/example_sensor_decorator.py
[2023-11-09T20:16:33.213-0500] {processor.py:829} INFO - Processing file /Users/az/anaconda3/envs/python38/lib/python3.8/site-packages/airflow/example_dags/example_sensor_decorator.py for tasks to queue
[2023-11-09T20:16:33.213-0500] {logging_mixin.py:154} INFO - [2023-11-09T20:16:33.213-0500] {dagbag.py:536} INFO - Filling up the DagBag from /Users/az/anaconda3/envs/python38/lib/python3.8/site-packages/airflow/example_dags/example_sensor_decorator.py
[2023-11-09T20:16:33.245-0500] {processor.py:839} INFO - DAG(s) dict_keys(['example_sensor_decorator']) retrieved from /Users/az/anaconda3/envs/python38/lib/python3.8/site-packages/airflow/example_dags/example_sensor_decorator.py
[2023-11-09T20:16:33.353-0500] {logging_mixin.py:154} INFO - [2023-11-09T20:16:33.353-0500] {dag.py:2941} INFO - Sync 1 DAGs
[2023-11-09T20:16:33.358-0500] {logging_mixin.py:154} INFO - [2023-11-09T20:16:33.358-0500] {dag.py:3722} INFO - Setting next_dagrun for example_sensor_decorator to None, run_after=None
[2023-11-09T20:16:33.369-0500] {processor.py:179} INFO - Processing /Users/az/anaconda3/envs/python38/lib/python3.8/site-packages/airflow/example_dags/example_sensor_decorator.py took 0.161 seconds
[2023-11-09T20:18:32.416-0500] {processor.py:157} INFO - Started process (PID=56920) to work on /Users/az/anaconda3/envs/python38/lib/python3.8/site-packages/airflow/example_dags/example_sensor_decorator.py
[2023-11-09T20:18:32.421-0500] {processor.py:829} INFO - Processing file /Users/az/anaconda3/envs/python38/lib/python3.8/site-packages/airflow/example_dags/example_sensor_decorator.py for tasks to queue
[2023-11-09T20:18:32.421-0500] {logging_mixin.py:154} INFO - [2023-11-09T20:18:32.421-0500] {dagbag.py:536} INFO - Filling up the DagBag from /Users/az/anaconda3/envs/python38/lib/python3.8/site-packages/airflow/example_dags/example_sensor_decorator.py
[2023-11-09T20:18:32.453-0500] {processor.py:839} INFO - DAG(s) dict_keys(['example_sensor_decorator']) retrieved from /Users/az/anaconda3/envs/python38/lib/python3.8/site-packages/airflow/example_dags/example_sensor_decorator.py
[2023-11-09T20:18:32.561-0500] {logging_mixin.py:154} INFO - [2023-11-09T20:18:32.560-0500] {dag.py:2941} INFO - Sync 1 DAGs
[2023-11-09T20:18:32.566-0500] {logging_mixin.py:154} INFO - [2023-11-09T20:18:32.566-0500] {dag.py:3722} INFO - Setting next_dagrun for example_sensor_decorator to None, run_after=None
[2023-11-09T20:18:32.576-0500] {processor.py:179} INFO - Processing /Users/az/anaconda3/envs/python38/lib/python3.8/site-packages/airflow/example_dags/example_sensor_decorator.py took 0.161 seconds
[2023-11-09T20:20:32.112-0500] {processor.py:157} INFO - Started process (PID=57068) to work on /Users/az/anaconda3/envs/python38/lib/python3.8/site-packages/airflow/example_dags/example_sensor_decorator.py
[2023-11-09T20:20:32.116-0500] {processor.py:829} INFO - Processing file /Users/az/anaconda3/envs/python38/lib/python3.8/site-packages/airflow/example_dags/example_sensor_decorator.py for tasks to queue
[2023-11-09T20:20:32.116-0500] {logging_mixin.py:154} INFO - [2023-11-09T20:20:32.116-0500] {dagbag.py:536} INFO - Filling up the DagBag from /Users/az/anaconda3/envs/python38/lib/python3.8/site-packages/airflow/example_dags/example_sensor_decorator.py
[2023-11-09T20:20:32.148-0500] {processor.py:839} INFO - DAG(s) dict_keys(['example_sensor_decorator']) retrieved from /Users/az/anaconda3/envs/python38/lib/python3.8/site-packages/airflow/example_dags/example_sensor_decorator.py
[2023-11-09T20:20:32.256-0500] {logging_mixin.py:154} INFO - [2023-11-09T20:20:32.256-0500] {dag.py:2941} INFO - Sync 1 DAGs
[2023-11-09T20:20:32.262-0500] {logging_mixin.py:154} INFO - [2023-11-09T20:20:32.262-0500] {dag.py:3722} INFO - Setting next_dagrun for example_sensor_decorator to None, run_after=None
[2023-11-09T20:20:32.272-0500] {processor.py:179} INFO - Processing /Users/az/anaconda3/envs/python38/lib/python3.8/site-packages/airflow/example_dags/example_sensor_decorator.py took 0.160 seconds
[2023-11-09T20:22:32.061-0500] {processor.py:157} INFO - Started process (PID=57228) to work on /Users/az/anaconda3/envs/python38/lib/python3.8/site-packages/airflow/example_dags/example_sensor_decorator.py
[2023-11-09T20:22:32.065-0500] {processor.py:829} INFO - Processing file /Users/az/anaconda3/envs/python38/lib/python3.8/site-packages/airflow/example_dags/example_sensor_decorator.py for tasks to queue
[2023-11-09T20:22:32.065-0500] {logging_mixin.py:154} INFO - [2023-11-09T20:22:32.065-0500] {dagbag.py:536} INFO - Filling up the DagBag from /Users/az/anaconda3/envs/python38/lib/python3.8/site-packages/airflow/example_dags/example_sensor_decorator.py
[2023-11-09T20:22:32.097-0500] {processor.py:839} INFO - DAG(s) dict_keys(['example_sensor_decorator']) retrieved from /Users/az/anaconda3/envs/python38/lib/python3.8/site-packages/airflow/example_dags/example_sensor_decorator.py
[2023-11-09T20:22:32.205-0500] {logging_mixin.py:154} INFO - [2023-11-09T20:22:32.205-0500] {dag.py:2941} INFO - Sync 1 DAGs
[2023-11-09T20:22:32.210-0500] {logging_mixin.py:154} INFO - [2023-11-09T20:22:32.210-0500] {dag.py:3722} INFO - Setting next_dagrun for example_sensor_decorator to None, run_after=None
[2023-11-09T20:22:32.220-0500] {processor.py:179} INFO - Processing /Users/az/anaconda3/envs/python38/lib/python3.8/site-packages/airflow/example_dags/example_sensor_decorator.py took 0.160 seconds
[2023-11-09T20:24:30.943-0500] {processor.py:157} INFO - Started process (PID=57380) to work on /Users/az/anaconda3/envs/python38/lib/python3.8/site-packages/airflow/example_dags/example_sensor_decorator.py
[2023-11-09T20:24:30.947-0500] {processor.py:829} INFO - Processing file /Users/az/anaconda3/envs/python38/lib/python3.8/site-packages/airflow/example_dags/example_sensor_decorator.py for tasks to queue
[2023-11-09T20:24:30.948-0500] {logging_mixin.py:154} INFO - [2023-11-09T20:24:30.948-0500] {dagbag.py:536} INFO - Filling up the DagBag from /Users/az/anaconda3/envs/python38/lib/python3.8/site-packages/airflow/example_dags/example_sensor_decorator.py
[2023-11-09T20:24:30.980-0500] {processor.py:839} INFO - DAG(s) dict_keys(['example_sensor_decorator']) retrieved from /Users/az/anaconda3/envs/python38/lib/python3.8/site-packages/airflow/example_dags/example_sensor_decorator.py
[2023-11-09T20:24:31.088-0500] {logging_mixin.py:154} INFO - [2023-11-09T20:24:31.087-0500] {dag.py:2941} INFO - Sync 1 DAGs
[2023-11-09T20:24:31.093-0500] {logging_mixin.py:154} INFO - [2023-11-09T20:24:31.093-0500] {dag.py:3722} INFO - Setting next_dagrun for example_sensor_decorator to None, run_after=None
[2023-11-09T20:24:31.104-0500] {processor.py:179} INFO - Processing /Users/az/anaconda3/envs/python38/lib/python3.8/site-packages/airflow/example_dags/example_sensor_decorator.py took 0.161 seconds
[2023-11-09T20:26:28.989-0500] {processor.py:157} INFO - Started process (PID=57527) to work on /Users/az/anaconda3/envs/python38/lib/python3.8/site-packages/airflow/example_dags/example_sensor_decorator.py
[2023-11-09T20:26:28.993-0500] {processor.py:829} INFO - Processing file /Users/az/anaconda3/envs/python38/lib/python3.8/site-packages/airflow/example_dags/example_sensor_decorator.py for tasks to queue
[2023-11-09T20:26:28.993-0500] {logging_mixin.py:154} INFO - [2023-11-09T20:26:28.993-0500] {dagbag.py:536} INFO - Filling up the DagBag from /Users/az/anaconda3/envs/python38/lib/python3.8/site-packages/airflow/example_dags/example_sensor_decorator.py
[2023-11-09T20:26:29.025-0500] {processor.py:839} INFO - DAG(s) dict_keys(['example_sensor_decorator']) retrieved from /Users/az/anaconda3/envs/python38/lib/python3.8/site-packages/airflow/example_dags/example_sensor_decorator.py
[2023-11-09T20:26:29.132-0500] {logging_mixin.py:154} INFO - [2023-11-09T20:26:29.132-0500] {dag.py:2941} INFO - Sync 1 DAGs
[2023-11-09T20:26:29.138-0500] {logging_mixin.py:154} INFO - [2023-11-09T20:26:29.138-0500] {dag.py:3722} INFO - Setting next_dagrun for example_sensor_decorator to None, run_after=None
[2023-11-09T20:26:29.148-0500] {processor.py:179} INFO - Processing /Users/az/anaconda3/envs/python38/lib/python3.8/site-packages/airflow/example_dags/example_sensor_decorator.py took 0.159 seconds
[2023-11-09T20:45:53.993-0500] {processor.py:157} INFO - Started process (PID=57664) to work on /Users/az/anaconda3/envs/python38/lib/python3.8/site-packages/airflow/example_dags/example_sensor_decorator.py
[2023-11-09T20:45:53.997-0500] {processor.py:829} INFO - Processing file /Users/az/anaconda3/envs/python38/lib/python3.8/site-packages/airflow/example_dags/example_sensor_decorator.py for tasks to queue
[2023-11-09T20:45:53.997-0500] {logging_mixin.py:154} INFO - [2023-11-09T20:45:53.997-0500] {dagbag.py:536} INFO - Filling up the DagBag from /Users/az/anaconda3/envs/python38/lib/python3.8/site-packages/airflow/example_dags/example_sensor_decorator.py
[2023-11-09T20:45:54.032-0500] {processor.py:839} INFO - DAG(s) dict_keys(['example_sensor_decorator']) retrieved from /Users/az/anaconda3/envs/python38/lib/python3.8/site-packages/airflow/example_dags/example_sensor_decorator.py
[2023-11-09T20:45:54.146-0500] {logging_mixin.py:154} INFO - [2023-11-09T20:45:54.146-0500] {dag.py:2941} INFO - Sync 1 DAGs
[2023-11-09T20:45:54.152-0500] {logging_mixin.py:154} INFO - [2023-11-09T20:45:54.152-0500] {dag.py:3722} INFO - Setting next_dagrun for example_sensor_decorator to None, run_after=None
[2023-11-09T20:45:54.163-0500] {processor.py:179} INFO - Processing /Users/az/anaconda3/envs/python38/lib/python3.8/site-packages/airflow/example_dags/example_sensor_decorator.py took 0.170 seconds
[2023-11-09T20:47:16.959-0500] {processor.py:157} INFO - Started process (PID=57858) to work on /Users/az/anaconda3/envs/python38/lib/python3.8/site-packages/airflow/example_dags/example_sensor_decorator.py
[2023-11-09T20:47:16.964-0500] {processor.py:829} INFO - Processing file /Users/az/anaconda3/envs/python38/lib/python3.8/site-packages/airflow/example_dags/example_sensor_decorator.py for tasks to queue
[2023-11-09T20:47:16.964-0500] {logging_mixin.py:154} INFO - [2023-11-09T20:47:16.964-0500] {dagbag.py:536} INFO - Filling up the DagBag from /Users/az/anaconda3/envs/python38/lib/python3.8/site-packages/airflow/example_dags/example_sensor_decorator.py
[2023-11-09T20:47:16.996-0500] {processor.py:839} INFO - DAG(s) dict_keys(['example_sensor_decorator']) retrieved from /Users/az/anaconda3/envs/python38/lib/python3.8/site-packages/airflow/example_dags/example_sensor_decorator.py
[2023-11-09T20:47:17.105-0500] {logging_mixin.py:154} INFO - [2023-11-09T20:47:17.105-0500] {dag.py:2941} INFO - Sync 1 DAGs
[2023-11-09T20:47:17.111-0500] {logging_mixin.py:154} INFO - [2023-11-09T20:47:17.110-0500] {dag.py:3722} INFO - Setting next_dagrun for example_sensor_decorator to None, run_after=None
[2023-11-09T20:47:17.121-0500] {processor.py:179} INFO - Processing /Users/az/anaconda3/envs/python38/lib/python3.8/site-packages/airflow/example_dags/example_sensor_decorator.py took 0.162 seconds
[2023-11-09T20:49:12.282-0500] {processor.py:157} INFO - Started process (PID=58001) to work on /Users/az/anaconda3/envs/python38/lib/python3.8/site-packages/airflow/example_dags/example_sensor_decorator.py
[2023-11-09T20:49:12.287-0500] {processor.py:829} INFO - Processing file /Users/az/anaconda3/envs/python38/lib/python3.8/site-packages/airflow/example_dags/example_sensor_decorator.py for tasks to queue
[2023-11-09T20:49:12.287-0500] {logging_mixin.py:154} INFO - [2023-11-09T20:49:12.287-0500] {dagbag.py:536} INFO - Filling up the DagBag from /Users/az/anaconda3/envs/python38/lib/python3.8/site-packages/airflow/example_dags/example_sensor_decorator.py
[2023-11-09T20:49:12.319-0500] {processor.py:839} INFO - DAG(s) dict_keys(['example_sensor_decorator']) retrieved from /Users/az/anaconda3/envs/python38/lib/python3.8/site-packages/airflow/example_dags/example_sensor_decorator.py
[2023-11-09T20:49:12.427-0500] {logging_mixin.py:154} INFO - [2023-11-09T20:49:12.426-0500] {dag.py:2941} INFO - Sync 1 DAGs
[2023-11-09T20:49:12.433-0500] {logging_mixin.py:154} INFO - [2023-11-09T20:49:12.432-0500] {dag.py:3722} INFO - Setting next_dagrun for example_sensor_decorator to None, run_after=None
[2023-11-09T20:49:12.443-0500] {processor.py:179} INFO - Processing /Users/az/anaconda3/envs/python38/lib/python3.8/site-packages/airflow/example_dags/example_sensor_decorator.py took 0.162 seconds
[2023-11-09T20:51:10.196-0500] {processor.py:157} INFO - Started process (PID=58157) to work on /Users/az/anaconda3/envs/python38/lib/python3.8/site-packages/airflow/example_dags/example_sensor_decorator.py
[2023-11-09T20:51:10.200-0500] {processor.py:829} INFO - Processing file /Users/az/anaconda3/envs/python38/lib/python3.8/site-packages/airflow/example_dags/example_sensor_decorator.py for tasks to queue
[2023-11-09T20:51:10.201-0500] {logging_mixin.py:154} INFO - [2023-11-09T20:51:10.201-0500] {dagbag.py:536} INFO - Filling up the DagBag from /Users/az/anaconda3/envs/python38/lib/python3.8/site-packages/airflow/example_dags/example_sensor_decorator.py
[2023-11-09T20:51:10.233-0500] {processor.py:839} INFO - DAG(s) dict_keys(['example_sensor_decorator']) retrieved from /Users/az/anaconda3/envs/python38/lib/python3.8/site-packages/airflow/example_dags/example_sensor_decorator.py
[2023-11-09T20:51:10.341-0500] {logging_mixin.py:154} INFO - [2023-11-09T20:51:10.341-0500] {dag.py:2941} INFO - Sync 1 DAGs
[2023-11-09T20:51:10.347-0500] {logging_mixin.py:154} INFO - [2023-11-09T20:51:10.347-0500] {dag.py:3722} INFO - Setting next_dagrun for example_sensor_decorator to None, run_after=None
[2023-11-09T20:51:10.357-0500] {processor.py:179} INFO - Processing /Users/az/anaconda3/envs/python38/lib/python3.8/site-packages/airflow/example_dags/example_sensor_decorator.py took 0.162 seconds
[2023-11-09T20:53:16.070-0500] {processor.py:157} INFO - Started process (PID=58310) to work on /Users/az/anaconda3/envs/python38/lib/python3.8/site-packages/airflow/example_dags/example_sensor_decorator.py
[2023-11-09T20:53:16.075-0500] {processor.py:829} INFO - Processing file /Users/az/anaconda3/envs/python38/lib/python3.8/site-packages/airflow/example_dags/example_sensor_decorator.py for tasks to queue
[2023-11-09T20:53:16.076-0500] {logging_mixin.py:154} INFO - [2023-11-09T20:53:16.075-0500] {dagbag.py:536} INFO - Filling up the DagBag from /Users/az/anaconda3/envs/python38/lib/python3.8/site-packages/airflow/example_dags/example_sensor_decorator.py
[2023-11-09T20:53:16.113-0500] {processor.py:839} INFO - DAG(s) dict_keys(['example_sensor_decorator']) retrieved from /Users/az/anaconda3/envs/python38/lib/python3.8/site-packages/airflow/example_dags/example_sensor_decorator.py
[2023-11-09T20:53:16.221-0500] {logging_mixin.py:154} INFO - [2023-11-09T20:53:16.220-0500] {dag.py:2941} INFO - Sync 1 DAGs
[2023-11-09T20:53:16.226-0500] {logging_mixin.py:154} INFO - [2023-11-09T20:53:16.226-0500] {dag.py:3722} INFO - Setting next_dagrun for example_sensor_decorator to None, run_after=None
[2023-11-09T20:53:16.237-0500] {processor.py:179} INFO - Processing /Users/az/anaconda3/envs/python38/lib/python3.8/site-packages/airflow/example_dags/example_sensor_decorator.py took 0.167 seconds
[2023-11-09T20:55:36.181-0500] {processor.py:157} INFO - Started process (PID=58484) to work on /Users/az/anaconda3/envs/python38/lib/python3.8/site-packages/airflow/example_dags/example_sensor_decorator.py
[2023-11-09T20:55:36.186-0500] {processor.py:829} INFO - Processing file /Users/az/anaconda3/envs/python38/lib/python3.8/site-packages/airflow/example_dags/example_sensor_decorator.py for tasks to queue
[2023-11-09T20:55:36.186-0500] {logging_mixin.py:154} INFO - [2023-11-09T20:55:36.186-0500] {dagbag.py:536} INFO - Filling up the DagBag from /Users/az/anaconda3/envs/python38/lib/python3.8/site-packages/airflow/example_dags/example_sensor_decorator.py
[2023-11-09T20:55:36.219-0500] {processor.py:839} INFO - DAG(s) dict_keys(['example_sensor_decorator']) retrieved from /Users/az/anaconda3/envs/python38/lib/python3.8/site-packages/airflow/example_dags/example_sensor_decorator.py
[2023-11-09T20:55:36.327-0500] {logging_mixin.py:154} INFO - [2023-11-09T20:55:36.327-0500] {dag.py:2941} INFO - Sync 1 DAGs
[2023-11-09T20:55:36.333-0500] {logging_mixin.py:154} INFO - [2023-11-09T20:55:36.333-0500] {dag.py:3722} INFO - Setting next_dagrun for example_sensor_decorator to None, run_after=None
[2023-11-09T20:55:36.343-0500] {processor.py:179} INFO - Processing /Users/az/anaconda3/envs/python38/lib/python3.8/site-packages/airflow/example_dags/example_sensor_decorator.py took 0.163 seconds
[2023-11-09T20:57:42.677-0500] {processor.py:157} INFO - Started process (PID=58635) to work on /Users/az/anaconda3/envs/python38/lib/python3.8/site-packages/airflow/example_dags/example_sensor_decorator.py
[2023-11-09T20:57:42.695-0500] {processor.py:829} INFO - Processing file /Users/az/anaconda3/envs/python38/lib/python3.8/site-packages/airflow/example_dags/example_sensor_decorator.py for tasks to queue
[2023-11-09T20:57:42.696-0500] {logging_mixin.py:154} INFO - [2023-11-09T20:57:42.696-0500] {dagbag.py:536} INFO - Filling up the DagBag from /Users/az/anaconda3/envs/python38/lib/python3.8/site-packages/airflow/example_dags/example_sensor_decorator.py
[2023-11-09T20:57:42.732-0500] {processor.py:839} INFO - DAG(s) dict_keys(['example_sensor_decorator']) retrieved from /Users/az/anaconda3/envs/python38/lib/python3.8/site-packages/airflow/example_dags/example_sensor_decorator.py
[2023-11-09T20:57:42.849-0500] {logging_mixin.py:154} INFO - [2023-11-09T20:57:42.843-0500] {dag.py:2941} INFO - Sync 1 DAGs
[2023-11-09T20:57:42.865-0500] {logging_mixin.py:154} INFO - [2023-11-09T20:57:42.865-0500] {dag.py:3722} INFO - Setting next_dagrun for example_sensor_decorator to None, run_after=None
[2023-11-09T20:57:42.876-0500] {processor.py:179} INFO - Processing /Users/az/anaconda3/envs/python38/lib/python3.8/site-packages/airflow/example_dags/example_sensor_decorator.py took 0.199 seconds
[2023-11-09T20:59:57.797-0500] {processor.py:157} INFO - Started process (PID=58809) to work on /Users/az/anaconda3/envs/python38/lib/python3.8/site-packages/airflow/example_dags/example_sensor_decorator.py
[2023-11-09T20:59:57.801-0500] {processor.py:829} INFO - Processing file /Users/az/anaconda3/envs/python38/lib/python3.8/site-packages/airflow/example_dags/example_sensor_decorator.py for tasks to queue
[2023-11-09T20:59:57.801-0500] {logging_mixin.py:154} INFO - [2023-11-09T20:59:57.801-0500] {dagbag.py:536} INFO - Filling up the DagBag from /Users/az/anaconda3/envs/python38/lib/python3.8/site-packages/airflow/example_dags/example_sensor_decorator.py
[2023-11-09T20:59:57.839-0500] {processor.py:839} INFO - DAG(s) dict_keys(['example_sensor_decorator']) retrieved from /Users/az/anaconda3/envs/python38/lib/python3.8/site-packages/airflow/example_dags/example_sensor_decorator.py
[2023-11-09T20:59:58.183-0500] {logging_mixin.py:154} INFO - [2023-11-09T20:59:58.182-0500] {dag.py:2941} INFO - Sync 1 DAGs
[2023-11-09T20:59:58.248-0500] {logging_mixin.py:154} INFO - [2023-11-09T20:59:58.247-0500] {dag.py:3722} INFO - Setting next_dagrun for example_sensor_decorator to None, run_after=None
[2023-11-09T20:59:58.292-0500] {processor.py:179} INFO - Processing /Users/az/anaconda3/envs/python38/lib/python3.8/site-packages/airflow/example_dags/example_sensor_decorator.py took 0.495 seconds
[2023-11-09T21:02:08.803-0500] {processor.py:157} INFO - Started process (PID=58982) to work on /Users/az/anaconda3/envs/python38/lib/python3.8/site-packages/airflow/example_dags/example_sensor_decorator.py
[2023-11-09T21:02:08.808-0500] {processor.py:829} INFO - Processing file /Users/az/anaconda3/envs/python38/lib/python3.8/site-packages/airflow/example_dags/example_sensor_decorator.py for tasks to queue
[2023-11-09T21:02:08.808-0500] {logging_mixin.py:154} INFO - [2023-11-09T21:02:08.808-0500] {dagbag.py:536} INFO - Filling up the DagBag from /Users/az/anaconda3/envs/python38/lib/python3.8/site-packages/airflow/example_dags/example_sensor_decorator.py
[2023-11-09T21:02:08.840-0500] {processor.py:839} INFO - DAG(s) dict_keys(['example_sensor_decorator']) retrieved from /Users/az/anaconda3/envs/python38/lib/python3.8/site-packages/airflow/example_dags/example_sensor_decorator.py
[2023-11-09T21:02:08.947-0500] {logging_mixin.py:154} INFO - [2023-11-09T21:02:08.947-0500] {dag.py:2941} INFO - Sync 1 DAGs
[2023-11-09T21:02:08.953-0500] {logging_mixin.py:154} INFO - [2023-11-09T21:02:08.953-0500] {dag.py:3722} INFO - Setting next_dagrun for example_sensor_decorator to None, run_after=None
[2023-11-09T21:02:08.963-0500] {processor.py:179} INFO - Processing /Users/az/anaconda3/envs/python38/lib/python3.8/site-packages/airflow/example_dags/example_sensor_decorator.py took 0.161 seconds
[2023-11-09T21:04:10.775-0500] {processor.py:157} INFO - Started process (PID=59156) to work on /Users/az/anaconda3/envs/python38/lib/python3.8/site-packages/airflow/example_dags/example_sensor_decorator.py
[2023-11-09T21:04:10.780-0500] {processor.py:829} INFO - Processing file /Users/az/anaconda3/envs/python38/lib/python3.8/site-packages/airflow/example_dags/example_sensor_decorator.py for tasks to queue
[2023-11-09T21:04:10.780-0500] {logging_mixin.py:154} INFO - [2023-11-09T21:04:10.780-0500] {dagbag.py:536} INFO - Filling up the DagBag from /Users/az/anaconda3/envs/python38/lib/python3.8/site-packages/airflow/example_dags/example_sensor_decorator.py
[2023-11-09T21:04:10.813-0500] {processor.py:839} INFO - DAG(s) dict_keys(['example_sensor_decorator']) retrieved from /Users/az/anaconda3/envs/python38/lib/python3.8/site-packages/airflow/example_dags/example_sensor_decorator.py
[2023-11-09T21:04:10.922-0500] {logging_mixin.py:154} INFO - [2023-11-09T21:04:10.922-0500] {dag.py:2941} INFO - Sync 1 DAGs
[2023-11-09T21:04:10.928-0500] {logging_mixin.py:154} INFO - [2023-11-09T21:04:10.928-0500] {dag.py:3722} INFO - Setting next_dagrun for example_sensor_decorator to None, run_after=None
[2023-11-09T21:04:10.939-0500] {processor.py:179} INFO - Processing /Users/az/anaconda3/envs/python38/lib/python3.8/site-packages/airflow/example_dags/example_sensor_decorator.py took 0.164 seconds
[2023-11-09T21:06:11.802-0500] {processor.py:157} INFO - Started process (PID=59316) to work on /Users/az/anaconda3/envs/python38/lib/python3.8/site-packages/airflow/example_dags/example_sensor_decorator.py
[2023-11-09T21:06:11.807-0500] {processor.py:829} INFO - Processing file /Users/az/anaconda3/envs/python38/lib/python3.8/site-packages/airflow/example_dags/example_sensor_decorator.py for tasks to queue
[2023-11-09T21:06:11.807-0500] {logging_mixin.py:154} INFO - [2023-11-09T21:06:11.807-0500] {dagbag.py:536} INFO - Filling up the DagBag from /Users/az/anaconda3/envs/python38/lib/python3.8/site-packages/airflow/example_dags/example_sensor_decorator.py
[2023-11-09T21:06:11.839-0500] {processor.py:839} INFO - DAG(s) dict_keys(['example_sensor_decorator']) retrieved from /Users/az/anaconda3/envs/python38/lib/python3.8/site-packages/airflow/example_dags/example_sensor_decorator.py
[2023-11-09T21:06:11.948-0500] {logging_mixin.py:154} INFO - [2023-11-09T21:06:11.948-0500] {dag.py:2941} INFO - Sync 1 DAGs
[2023-11-09T21:06:11.955-0500] {logging_mixin.py:154} INFO - [2023-11-09T21:06:11.954-0500] {dag.py:3722} INFO - Setting next_dagrun for example_sensor_decorator to None, run_after=None
[2023-11-09T21:06:11.965-0500] {processor.py:179} INFO - Processing /Users/az/anaconda3/envs/python38/lib/python3.8/site-packages/airflow/example_dags/example_sensor_decorator.py took 0.163 seconds
[2023-11-09T21:08:09.183-0500] {processor.py:157} INFO - Started process (PID=59460) to work on /Users/az/anaconda3/envs/python38/lib/python3.8/site-packages/airflow/example_dags/example_sensor_decorator.py
[2023-11-09T21:08:09.188-0500] {processor.py:829} INFO - Processing file /Users/az/anaconda3/envs/python38/lib/python3.8/site-packages/airflow/example_dags/example_sensor_decorator.py for tasks to queue
[2023-11-09T21:08:09.188-0500] {logging_mixin.py:154} INFO - [2023-11-09T21:08:09.188-0500] {dagbag.py:536} INFO - Filling up the DagBag from /Users/az/anaconda3/envs/python38/lib/python3.8/site-packages/airflow/example_dags/example_sensor_decorator.py
[2023-11-09T21:08:09.229-0500] {processor.py:839} INFO - DAG(s) dict_keys(['example_sensor_decorator']) retrieved from /Users/az/anaconda3/envs/python38/lib/python3.8/site-packages/airflow/example_dags/example_sensor_decorator.py
[2023-11-09T21:08:09.445-0500] {logging_mixin.py:154} INFO - [2023-11-09T21:08:09.444-0500] {dag.py:2941} INFO - Sync 1 DAGs
[2023-11-09T21:08:09.455-0500] {logging_mixin.py:154} INFO - [2023-11-09T21:08:09.455-0500] {dag.py:3722} INFO - Setting next_dagrun for example_sensor_decorator to None, run_after=None
[2023-11-09T21:08:09.476-0500] {processor.py:179} INFO - Processing /Users/az/anaconda3/envs/python38/lib/python3.8/site-packages/airflow/example_dags/example_sensor_decorator.py took 0.294 seconds
[2023-11-09T21:10:13.170-0500] {processor.py:157} INFO - Started process (PID=59626) to work on /Users/az/anaconda3/envs/python38/lib/python3.8/site-packages/airflow/example_dags/example_sensor_decorator.py
[2023-11-09T21:10:13.174-0500] {processor.py:829} INFO - Processing file /Users/az/anaconda3/envs/python38/lib/python3.8/site-packages/airflow/example_dags/example_sensor_decorator.py for tasks to queue
[2023-11-09T21:10:13.174-0500] {logging_mixin.py:154} INFO - [2023-11-09T21:10:13.174-0500] {dagbag.py:536} INFO - Filling up the DagBag from /Users/az/anaconda3/envs/python38/lib/python3.8/site-packages/airflow/example_dags/example_sensor_decorator.py
[2023-11-09T21:10:13.208-0500] {processor.py:839} INFO - DAG(s) dict_keys(['example_sensor_decorator']) retrieved from /Users/az/anaconda3/envs/python38/lib/python3.8/site-packages/airflow/example_dags/example_sensor_decorator.py
[2023-11-09T21:10:13.320-0500] {logging_mixin.py:154} INFO - [2023-11-09T21:10:13.320-0500] {dag.py:2941} INFO - Sync 1 DAGs
[2023-11-09T21:10:13.326-0500] {logging_mixin.py:154} INFO - [2023-11-09T21:10:13.325-0500] {dag.py:3722} INFO - Setting next_dagrun for example_sensor_decorator to None, run_after=None
[2023-11-09T21:10:13.336-0500] {processor.py:179} INFO - Processing /Users/az/anaconda3/envs/python38/lib/python3.8/site-packages/airflow/example_dags/example_sensor_decorator.py took 0.167 seconds
[2023-11-09T21:12:13.112-0500] {processor.py:157} INFO - Started process (PID=59773) to work on /Users/az/anaconda3/envs/python38/lib/python3.8/site-packages/airflow/example_dags/example_sensor_decorator.py
[2023-11-09T21:12:13.116-0500] {processor.py:829} INFO - Processing file /Users/az/anaconda3/envs/python38/lib/python3.8/site-packages/airflow/example_dags/example_sensor_decorator.py for tasks to queue
[2023-11-09T21:12:13.117-0500] {logging_mixin.py:154} INFO - [2023-11-09T21:12:13.116-0500] {dagbag.py:536} INFO - Filling up the DagBag from /Users/az/anaconda3/envs/python38/lib/python3.8/site-packages/airflow/example_dags/example_sensor_decorator.py
[2023-11-09T21:12:13.148-0500] {processor.py:839} INFO - DAG(s) dict_keys(['example_sensor_decorator']) retrieved from /Users/az/anaconda3/envs/python38/lib/python3.8/site-packages/airflow/example_dags/example_sensor_decorator.py
[2023-11-09T21:12:13.260-0500] {logging_mixin.py:154} INFO - [2023-11-09T21:12:13.260-0500] {dag.py:2941} INFO - Sync 1 DAGs
[2023-11-09T21:12:13.266-0500] {logging_mixin.py:154} INFO - [2023-11-09T21:12:13.266-0500] {dag.py:3722} INFO - Setting next_dagrun for example_sensor_decorator to None, run_after=None
[2023-11-09T21:12:13.276-0500] {processor.py:179} INFO - Processing /Users/az/anaconda3/envs/python38/lib/python3.8/site-packages/airflow/example_dags/example_sensor_decorator.py took 0.165 seconds
[2023-11-09T21:14:12.832-0500] {processor.py:157} INFO - Started process (PID=59923) to work on /Users/az/anaconda3/envs/python38/lib/python3.8/site-packages/airflow/example_dags/example_sensor_decorator.py
[2023-11-09T21:14:12.837-0500] {processor.py:829} INFO - Processing file /Users/az/anaconda3/envs/python38/lib/python3.8/site-packages/airflow/example_dags/example_sensor_decorator.py for tasks to queue
[2023-11-09T21:14:12.837-0500] {logging_mixin.py:154} INFO - [2023-11-09T21:14:12.837-0500] {dagbag.py:536} INFO - Filling up the DagBag from /Users/az/anaconda3/envs/python38/lib/python3.8/site-packages/airflow/example_dags/example_sensor_decorator.py
[2023-11-09T21:14:12.869-0500] {processor.py:839} INFO - DAG(s) dict_keys(['example_sensor_decorator']) retrieved from /Users/az/anaconda3/envs/python38/lib/python3.8/site-packages/airflow/example_dags/example_sensor_decorator.py
[2023-11-09T21:14:12.994-0500] {logging_mixin.py:154} INFO - [2023-11-09T21:14:12.994-0500] {dag.py:2941} INFO - Sync 1 DAGs
[2023-11-09T21:14:13.001-0500] {logging_mixin.py:154} INFO - [2023-11-09T21:14:13.001-0500] {dag.py:3722} INFO - Setting next_dagrun for example_sensor_decorator to None, run_after=None
[2023-11-09T21:14:13.015-0500] {processor.py:179} INFO - Processing /Users/az/anaconda3/envs/python38/lib/python3.8/site-packages/airflow/example_dags/example_sensor_decorator.py took 0.184 seconds
