[2023-11-09T19:00:06.295-0500] {processor.py:157} INFO - Started process (PID=48766) to work on /Users/az/anaconda3/envs/python38/lib/python3.8/site-packages/airflow/example_dags/example_dynamic_task_mapping.py
[2023-11-09T19:00:06.299-0500] {processor.py:829} INFO - Processing file /Users/az/anaconda3/envs/python38/lib/python3.8/site-packages/airflow/example_dags/example_dynamic_task_mapping.py for tasks to queue
[2023-11-09T19:00:06.299-0500] {logging_mixin.py:154} INFO - [2023-11-09T19:00:06.299-0500] {dagbag.py:536} INFO - Filling up the DagBag from /Users/az/anaconda3/envs/python38/lib/python3.8/site-packages/airflow/example_dags/example_dynamic_task_mapping.py
[2023-11-09T19:00:06.331-0500] {processor.py:839} INFO - DAG(s) dict_keys(['example_dynamic_task_mapping']) retrieved from /Users/az/anaconda3/envs/python38/lib/python3.8/site-packages/airflow/example_dags/example_dynamic_task_mapping.py
[2023-11-09T19:00:06.433-0500] {logging_mixin.py:154} INFO - [2023-11-09T19:00:06.433-0500] {dag.py:2941} INFO - Sync 1 DAGs
[2023-11-09T19:00:06.443-0500] {logging_mixin.py:154} INFO - [2023-11-09T19:00:06.443-0500] {dag.py:3722} INFO - Setting next_dagrun for example_dynamic_task_mapping to 2022-03-04T00:00:00+00:00, run_after=2022-03-05T00:00:00+00:00
[2023-11-09T19:00:06.453-0500] {processor.py:179} INFO - Processing /Users/az/anaconda3/envs/python38/lib/python3.8/site-packages/airflow/example_dags/example_dynamic_task_mapping.py took 0.158 seconds
[2023-11-09T19:02:11.770-0500] {processor.py:157} INFO - Started process (PID=48926) to work on /Users/az/anaconda3/envs/python38/lib/python3.8/site-packages/airflow/example_dags/example_dynamic_task_mapping.py
[2023-11-09T19:02:11.775-0500] {processor.py:829} INFO - Processing file /Users/az/anaconda3/envs/python38/lib/python3.8/site-packages/airflow/example_dags/example_dynamic_task_mapping.py for tasks to queue
[2023-11-09T19:02:11.775-0500] {logging_mixin.py:154} INFO - [2023-11-09T19:02:11.775-0500] {dagbag.py:536} INFO - Filling up the DagBag from /Users/az/anaconda3/envs/python38/lib/python3.8/site-packages/airflow/example_dags/example_dynamic_task_mapping.py
[2023-11-09T19:02:11.807-0500] {processor.py:839} INFO - DAG(s) dict_keys(['example_dynamic_task_mapping']) retrieved from /Users/az/anaconda3/envs/python38/lib/python3.8/site-packages/airflow/example_dags/example_dynamic_task_mapping.py
[2023-11-09T19:02:11.908-0500] {logging_mixin.py:154} INFO - [2023-11-09T19:02:11.908-0500] {dag.py:2941} INFO - Sync 1 DAGs
[2023-11-09T19:02:11.917-0500] {logging_mixin.py:154} INFO - [2023-11-09T19:02:11.917-0500] {dag.py:3722} INFO - Setting next_dagrun for example_dynamic_task_mapping to 2022-03-04T00:00:00+00:00, run_after=2022-03-05T00:00:00+00:00
[2023-11-09T19:02:11.927-0500] {processor.py:179} INFO - Processing /Users/az/anaconda3/envs/python38/lib/python3.8/site-packages/airflow/example_dags/example_dynamic_task_mapping.py took 0.158 seconds
[2023-11-09T19:04:19.491-0500] {processor.py:157} INFO - Started process (PID=49085) to work on /Users/az/anaconda3/envs/python38/lib/python3.8/site-packages/airflow/example_dags/example_dynamic_task_mapping.py
[2023-11-09T19:04:19.496-0500] {processor.py:829} INFO - Processing file /Users/az/anaconda3/envs/python38/lib/python3.8/site-packages/airflow/example_dags/example_dynamic_task_mapping.py for tasks to queue
[2023-11-09T19:04:19.496-0500] {logging_mixin.py:154} INFO - [2023-11-09T19:04:19.496-0500] {dagbag.py:536} INFO - Filling up the DagBag from /Users/az/anaconda3/envs/python38/lib/python3.8/site-packages/airflow/example_dags/example_dynamic_task_mapping.py
[2023-11-09T19:04:19.532-0500] {processor.py:839} INFO - DAG(s) dict_keys(['example_dynamic_task_mapping']) retrieved from /Users/az/anaconda3/envs/python38/lib/python3.8/site-packages/airflow/example_dags/example_dynamic_task_mapping.py
[2023-11-09T19:04:19.634-0500] {logging_mixin.py:154} INFO - [2023-11-09T19:04:19.634-0500] {dag.py:2941} INFO - Sync 1 DAGs
[2023-11-09T19:04:19.644-0500] {logging_mixin.py:154} INFO - [2023-11-09T19:04:19.644-0500] {dag.py:3722} INFO - Setting next_dagrun for example_dynamic_task_mapping to 2022-03-04T00:00:00+00:00, run_after=2022-03-05T00:00:00+00:00
[2023-11-09T19:04:19.654-0500] {processor.py:179} INFO - Processing /Users/az/anaconda3/envs/python38/lib/python3.8/site-packages/airflow/example_dags/example_dynamic_task_mapping.py took 0.163 seconds
[2023-11-09T19:06:16.798-0500] {processor.py:157} INFO - Started process (PID=49237) to work on /Users/az/anaconda3/envs/python38/lib/python3.8/site-packages/airflow/example_dags/example_dynamic_task_mapping.py
[2023-11-09T19:06:16.802-0500] {processor.py:829} INFO - Processing file /Users/az/anaconda3/envs/python38/lib/python3.8/site-packages/airflow/example_dags/example_dynamic_task_mapping.py for tasks to queue
[2023-11-09T19:06:16.803-0500] {logging_mixin.py:154} INFO - [2023-11-09T19:06:16.802-0500] {dagbag.py:536} INFO - Filling up the DagBag from /Users/az/anaconda3/envs/python38/lib/python3.8/site-packages/airflow/example_dags/example_dynamic_task_mapping.py
[2023-11-09T19:06:16.842-0500] {processor.py:839} INFO - DAG(s) dict_keys(['example_dynamic_task_mapping']) retrieved from /Users/az/anaconda3/envs/python38/lib/python3.8/site-packages/airflow/example_dags/example_dynamic_task_mapping.py
[2023-11-09T19:06:16.945-0500] {logging_mixin.py:154} INFO - [2023-11-09T19:06:16.945-0500] {dag.py:2941} INFO - Sync 1 DAGs
[2023-11-09T19:06:16.955-0500] {logging_mixin.py:154} INFO - [2023-11-09T19:06:16.955-0500] {dag.py:3722} INFO - Setting next_dagrun for example_dynamic_task_mapping to 2022-03-04T00:00:00+00:00, run_after=2022-03-05T00:00:00+00:00
[2023-11-09T19:06:16.964-0500] {processor.py:179} INFO - Processing /Users/az/anaconda3/envs/python38/lib/python3.8/site-packages/airflow/example_dags/example_dynamic_task_mapping.py took 0.167 seconds
[2023-11-09T19:08:19.715-0500] {processor.py:157} INFO - Started process (PID=49384) to work on /Users/az/anaconda3/envs/python38/lib/python3.8/site-packages/airflow/example_dags/example_dynamic_task_mapping.py
[2023-11-09T19:08:19.719-0500] {processor.py:829} INFO - Processing file /Users/az/anaconda3/envs/python38/lib/python3.8/site-packages/airflow/example_dags/example_dynamic_task_mapping.py for tasks to queue
[2023-11-09T19:08:19.719-0500] {logging_mixin.py:154} INFO - [2023-11-09T19:08:19.719-0500] {dagbag.py:536} INFO - Filling up the DagBag from /Users/az/anaconda3/envs/python38/lib/python3.8/site-packages/airflow/example_dags/example_dynamic_task_mapping.py
[2023-11-09T19:08:19.754-0500] {processor.py:839} INFO - DAG(s) dict_keys(['example_dynamic_task_mapping']) retrieved from /Users/az/anaconda3/envs/python38/lib/python3.8/site-packages/airflow/example_dags/example_dynamic_task_mapping.py
[2023-11-09T19:08:19.857-0500] {logging_mixin.py:154} INFO - [2023-11-09T19:08:19.857-0500] {dag.py:2941} INFO - Sync 1 DAGs
[2023-11-09T19:08:19.867-0500] {logging_mixin.py:154} INFO - [2023-11-09T19:08:19.867-0500] {dag.py:3722} INFO - Setting next_dagrun for example_dynamic_task_mapping to 2022-03-04T00:00:00+00:00, run_after=2022-03-05T00:00:00+00:00
[2023-11-09T19:08:19.877-0500] {processor.py:179} INFO - Processing /Users/az/anaconda3/envs/python38/lib/python3.8/site-packages/airflow/example_dags/example_dynamic_task_mapping.py took 0.163 seconds
[2023-11-09T19:10:19.997-0500] {processor.py:157} INFO - Started process (PID=49527) to work on /Users/az/anaconda3/envs/python38/lib/python3.8/site-packages/airflow/example_dags/example_dynamic_task_mapping.py
[2023-11-09T19:10:20.002-0500] {processor.py:829} INFO - Processing file /Users/az/anaconda3/envs/python38/lib/python3.8/site-packages/airflow/example_dags/example_dynamic_task_mapping.py for tasks to queue
[2023-11-09T19:10:20.003-0500] {logging_mixin.py:154} INFO - [2023-11-09T19:10:20.002-0500] {dagbag.py:536} INFO - Filling up the DagBag from /Users/az/anaconda3/envs/python38/lib/python3.8/site-packages/airflow/example_dags/example_dynamic_task_mapping.py
[2023-11-09T19:10:20.036-0500] {processor.py:839} INFO - DAG(s) dict_keys(['example_dynamic_task_mapping']) retrieved from /Users/az/anaconda3/envs/python38/lib/python3.8/site-packages/airflow/example_dags/example_dynamic_task_mapping.py
[2023-11-09T19:10:20.138-0500] {logging_mixin.py:154} INFO - [2023-11-09T19:10:20.138-0500] {dag.py:2941} INFO - Sync 1 DAGs
[2023-11-09T19:10:20.147-0500] {logging_mixin.py:154} INFO - [2023-11-09T19:10:20.147-0500] {dag.py:3722} INFO - Setting next_dagrun for example_dynamic_task_mapping to 2022-03-04T00:00:00+00:00, run_after=2022-03-05T00:00:00+00:00
[2023-11-09T19:10:20.157-0500] {processor.py:179} INFO - Processing /Users/az/anaconda3/envs/python38/lib/python3.8/site-packages/airflow/example_dags/example_dynamic_task_mapping.py took 0.160 seconds
[2023-11-09T19:12:20.913-0500] {processor.py:157} INFO - Started process (PID=49684) to work on /Users/az/anaconda3/envs/python38/lib/python3.8/site-packages/airflow/example_dags/example_dynamic_task_mapping.py
[2023-11-09T19:12:20.918-0500] {processor.py:829} INFO - Processing file /Users/az/anaconda3/envs/python38/lib/python3.8/site-packages/airflow/example_dags/example_dynamic_task_mapping.py for tasks to queue
[2023-11-09T19:12:20.918-0500] {logging_mixin.py:154} INFO - [2023-11-09T19:12:20.918-0500] {dagbag.py:536} INFO - Filling up the DagBag from /Users/az/anaconda3/envs/python38/lib/python3.8/site-packages/airflow/example_dags/example_dynamic_task_mapping.py
[2023-11-09T19:12:20.950-0500] {processor.py:839} INFO - DAG(s) dict_keys(['example_dynamic_task_mapping']) retrieved from /Users/az/anaconda3/envs/python38/lib/python3.8/site-packages/airflow/example_dags/example_dynamic_task_mapping.py
[2023-11-09T19:12:21.084-0500] {logging_mixin.py:154} INFO - [2023-11-09T19:12:21.084-0500] {dag.py:2941} INFO - Sync 1 DAGs
[2023-11-09T19:12:21.109-0500] {logging_mixin.py:154} INFO - [2023-11-09T19:12:21.109-0500] {dag.py:3722} INFO - Setting next_dagrun for example_dynamic_task_mapping to 2022-03-04T00:00:00+00:00, run_after=2022-03-05T00:00:00+00:00
[2023-11-09T19:12:21.120-0500] {processor.py:179} INFO - Processing /Users/az/anaconda3/envs/python38/lib/python3.8/site-packages/airflow/example_dags/example_dynamic_task_mapping.py took 0.207 seconds
[2023-11-09T19:14:17.441-0500] {processor.py:157} INFO - Started process (PID=49836) to work on /Users/az/anaconda3/envs/python38/lib/python3.8/site-packages/airflow/example_dags/example_dynamic_task_mapping.py
[2023-11-09T19:14:17.446-0500] {processor.py:829} INFO - Processing file /Users/az/anaconda3/envs/python38/lib/python3.8/site-packages/airflow/example_dags/example_dynamic_task_mapping.py for tasks to queue
[2023-11-09T19:14:17.446-0500] {logging_mixin.py:154} INFO - [2023-11-09T19:14:17.446-0500] {dagbag.py:536} INFO - Filling up the DagBag from /Users/az/anaconda3/envs/python38/lib/python3.8/site-packages/airflow/example_dags/example_dynamic_task_mapping.py
[2023-11-09T19:14:17.478-0500] {processor.py:839} INFO - DAG(s) dict_keys(['example_dynamic_task_mapping']) retrieved from /Users/az/anaconda3/envs/python38/lib/python3.8/site-packages/airflow/example_dags/example_dynamic_task_mapping.py
[2023-11-09T19:14:17.580-0500] {logging_mixin.py:154} INFO - [2023-11-09T19:14:17.580-0500] {dag.py:2941} INFO - Sync 1 DAGs
[2023-11-09T19:14:17.590-0500] {logging_mixin.py:154} INFO - [2023-11-09T19:14:17.590-0500] {dag.py:3722} INFO - Setting next_dagrun for example_dynamic_task_mapping to 2022-03-04T00:00:00+00:00, run_after=2022-03-05T00:00:00+00:00
[2023-11-09T19:14:17.600-0500] {processor.py:179} INFO - Processing /Users/az/anaconda3/envs/python38/lib/python3.8/site-packages/airflow/example_dags/example_dynamic_task_mapping.py took 0.159 seconds
[2023-11-09T19:16:15.769-0500] {processor.py:157} INFO - Started process (PID=49982) to work on /Users/az/anaconda3/envs/python38/lib/python3.8/site-packages/airflow/example_dags/example_dynamic_task_mapping.py
[2023-11-09T19:16:15.773-0500] {processor.py:829} INFO - Processing file /Users/az/anaconda3/envs/python38/lib/python3.8/site-packages/airflow/example_dags/example_dynamic_task_mapping.py for tasks to queue
[2023-11-09T19:16:15.773-0500] {logging_mixin.py:154} INFO - [2023-11-09T19:16:15.773-0500] {dagbag.py:536} INFO - Filling up the DagBag from /Users/az/anaconda3/envs/python38/lib/python3.8/site-packages/airflow/example_dags/example_dynamic_task_mapping.py
[2023-11-09T19:16:15.807-0500] {processor.py:839} INFO - DAG(s) dict_keys(['example_dynamic_task_mapping']) retrieved from /Users/az/anaconda3/envs/python38/lib/python3.8/site-packages/airflow/example_dags/example_dynamic_task_mapping.py
[2023-11-09T19:16:15.924-0500] {logging_mixin.py:154} INFO - [2023-11-09T19:16:15.924-0500] {dag.py:2941} INFO - Sync 1 DAGs
[2023-11-09T19:16:15.936-0500] {logging_mixin.py:154} INFO - [2023-11-09T19:16:15.936-0500] {dag.py:3722} INFO - Setting next_dagrun for example_dynamic_task_mapping to 2022-03-04T00:00:00+00:00, run_after=2022-03-05T00:00:00+00:00
[2023-11-09T19:16:15.946-0500] {processor.py:179} INFO - Processing /Users/az/anaconda3/envs/python38/lib/python3.8/site-packages/airflow/example_dags/example_dynamic_task_mapping.py took 0.178 seconds
[2023-11-09T19:18:28.000-0500] {processor.py:157} INFO - Started process (PID=50142) to work on /Users/az/anaconda3/envs/python38/lib/python3.8/site-packages/airflow/example_dags/example_dynamic_task_mapping.py
[2023-11-09T19:18:28.005-0500] {processor.py:829} INFO - Processing file /Users/az/anaconda3/envs/python38/lib/python3.8/site-packages/airflow/example_dags/example_dynamic_task_mapping.py for tasks to queue
[2023-11-09T19:18:28.005-0500] {logging_mixin.py:154} INFO - [2023-11-09T19:18:28.005-0500] {dagbag.py:536} INFO - Filling up the DagBag from /Users/az/anaconda3/envs/python38/lib/python3.8/site-packages/airflow/example_dags/example_dynamic_task_mapping.py
[2023-11-09T19:18:28.037-0500] {processor.py:839} INFO - DAG(s) dict_keys(['example_dynamic_task_mapping']) retrieved from /Users/az/anaconda3/envs/python38/lib/python3.8/site-packages/airflow/example_dags/example_dynamic_task_mapping.py
[2023-11-09T19:18:28.139-0500] {logging_mixin.py:154} INFO - [2023-11-09T19:18:28.139-0500] {dag.py:2941} INFO - Sync 1 DAGs
[2023-11-09T19:18:28.149-0500] {logging_mixin.py:154} INFO - [2023-11-09T19:18:28.149-0500] {dag.py:3722} INFO - Setting next_dagrun for example_dynamic_task_mapping to 2022-03-04T00:00:00+00:00, run_after=2022-03-05T00:00:00+00:00
[2023-11-09T19:18:28.159-0500] {processor.py:179} INFO - Processing /Users/az/anaconda3/envs/python38/lib/python3.8/site-packages/airflow/example_dags/example_dynamic_task_mapping.py took 0.159 seconds
[2023-11-09T19:20:32.056-0500] {processor.py:157} INFO - Started process (PID=50295) to work on /Users/az/anaconda3/envs/python38/lib/python3.8/site-packages/airflow/example_dags/example_dynamic_task_mapping.py
[2023-11-09T19:20:32.060-0500] {processor.py:829} INFO - Processing file /Users/az/anaconda3/envs/python38/lib/python3.8/site-packages/airflow/example_dags/example_dynamic_task_mapping.py for tasks to queue
[2023-11-09T19:20:32.060-0500] {logging_mixin.py:154} INFO - [2023-11-09T19:20:32.060-0500] {dagbag.py:536} INFO - Filling up the DagBag from /Users/az/anaconda3/envs/python38/lib/python3.8/site-packages/airflow/example_dags/example_dynamic_task_mapping.py
[2023-11-09T19:20:32.092-0500] {processor.py:839} INFO - DAG(s) dict_keys(['example_dynamic_task_mapping']) retrieved from /Users/az/anaconda3/envs/python38/lib/python3.8/site-packages/airflow/example_dags/example_dynamic_task_mapping.py
[2023-11-09T19:20:32.194-0500] {logging_mixin.py:154} INFO - [2023-11-09T19:20:32.194-0500] {dag.py:2941} INFO - Sync 1 DAGs
[2023-11-09T19:20:32.203-0500] {logging_mixin.py:154} INFO - [2023-11-09T19:20:32.203-0500] {dag.py:3722} INFO - Setting next_dagrun for example_dynamic_task_mapping to 2022-03-04T00:00:00+00:00, run_after=2022-03-05T00:00:00+00:00
[2023-11-09T19:20:32.213-0500] {processor.py:179} INFO - Processing /Users/az/anaconda3/envs/python38/lib/python3.8/site-packages/airflow/example_dags/example_dynamic_task_mapping.py took 0.158 seconds
[2023-11-09T19:22:34.746-0500] {processor.py:157} INFO - Started process (PID=50441) to work on /Users/az/anaconda3/envs/python38/lib/python3.8/site-packages/airflow/example_dags/example_dynamic_task_mapping.py
[2023-11-09T19:22:34.751-0500] {processor.py:829} INFO - Processing file /Users/az/anaconda3/envs/python38/lib/python3.8/site-packages/airflow/example_dags/example_dynamic_task_mapping.py for tasks to queue
[2023-11-09T19:22:34.752-0500] {logging_mixin.py:154} INFO - [2023-11-09T19:22:34.752-0500] {dagbag.py:536} INFO - Filling up the DagBag from /Users/az/anaconda3/envs/python38/lib/python3.8/site-packages/airflow/example_dags/example_dynamic_task_mapping.py
[2023-11-09T19:22:34.783-0500] {processor.py:839} INFO - DAG(s) dict_keys(['example_dynamic_task_mapping']) retrieved from /Users/az/anaconda3/envs/python38/lib/python3.8/site-packages/airflow/example_dags/example_dynamic_task_mapping.py
[2023-11-09T19:22:34.887-0500] {logging_mixin.py:154} INFO - [2023-11-09T19:22:34.887-0500] {dag.py:2941} INFO - Sync 1 DAGs
[2023-11-09T19:22:34.897-0500] {logging_mixin.py:154} INFO - [2023-11-09T19:22:34.897-0500] {dag.py:3722} INFO - Setting next_dagrun for example_dynamic_task_mapping to 2022-03-04T00:00:00+00:00, run_after=2022-03-05T00:00:00+00:00
[2023-11-09T19:22:34.907-0500] {processor.py:179} INFO - Processing /Users/az/anaconda3/envs/python38/lib/python3.8/site-packages/airflow/example_dags/example_dynamic_task_mapping.py took 0.161 seconds
[2023-11-09T19:24:50.513-0500] {processor.py:157} INFO - Started process (PID=50624) to work on /Users/az/anaconda3/envs/python38/lib/python3.8/site-packages/airflow/example_dags/example_dynamic_task_mapping.py
[2023-11-09T19:24:50.518-0500] {processor.py:829} INFO - Processing file /Users/az/anaconda3/envs/python38/lib/python3.8/site-packages/airflow/example_dags/example_dynamic_task_mapping.py for tasks to queue
[2023-11-09T19:24:50.518-0500] {logging_mixin.py:154} INFO - [2023-11-09T19:24:50.518-0500] {dagbag.py:536} INFO - Filling up the DagBag from /Users/az/anaconda3/envs/python38/lib/python3.8/site-packages/airflow/example_dags/example_dynamic_task_mapping.py
[2023-11-09T19:24:50.551-0500] {processor.py:839} INFO - DAG(s) dict_keys(['example_dynamic_task_mapping']) retrieved from /Users/az/anaconda3/envs/python38/lib/python3.8/site-packages/airflow/example_dags/example_dynamic_task_mapping.py
[2023-11-09T19:24:50.662-0500] {logging_mixin.py:154} INFO - [2023-11-09T19:24:50.662-0500] {dag.py:2941} INFO - Sync 1 DAGs
[2023-11-09T19:24:50.671-0500] {logging_mixin.py:154} INFO - [2023-11-09T19:24:50.671-0500] {dag.py:3722} INFO - Setting next_dagrun for example_dynamic_task_mapping to 2022-03-04T00:00:00+00:00, run_after=2022-03-05T00:00:00+00:00
[2023-11-09T19:24:50.681-0500] {processor.py:179} INFO - Processing /Users/az/anaconda3/envs/python38/lib/python3.8/site-packages/airflow/example_dags/example_dynamic_task_mapping.py took 0.168 seconds
[2023-11-09T19:26:53.252-0500] {processor.py:157} INFO - Started process (PID=50785) to work on /Users/az/anaconda3/envs/python38/lib/python3.8/site-packages/airflow/example_dags/example_dynamic_task_mapping.py
[2023-11-09T19:26:53.256-0500] {processor.py:829} INFO - Processing file /Users/az/anaconda3/envs/python38/lib/python3.8/site-packages/airflow/example_dags/example_dynamic_task_mapping.py for tasks to queue
[2023-11-09T19:26:53.257-0500] {logging_mixin.py:154} INFO - [2023-11-09T19:26:53.257-0500] {dagbag.py:536} INFO - Filling up the DagBag from /Users/az/anaconda3/envs/python38/lib/python3.8/site-packages/airflow/example_dags/example_dynamic_task_mapping.py
[2023-11-09T19:26:53.292-0500] {processor.py:839} INFO - DAG(s) dict_keys(['example_dynamic_task_mapping']) retrieved from /Users/az/anaconda3/envs/python38/lib/python3.8/site-packages/airflow/example_dags/example_dynamic_task_mapping.py
[2023-11-09T19:26:53.420-0500] {logging_mixin.py:154} INFO - [2023-11-09T19:26:53.420-0500] {dag.py:2941} INFO - Sync 1 DAGs
[2023-11-09T19:26:53.430-0500] {logging_mixin.py:154} INFO - [2023-11-09T19:26:53.430-0500] {dag.py:3722} INFO - Setting next_dagrun for example_dynamic_task_mapping to 2022-03-04T00:00:00+00:00, run_after=2022-03-05T00:00:00+00:00
[2023-11-09T19:26:53.458-0500] {processor.py:179} INFO - Processing /Users/az/anaconda3/envs/python38/lib/python3.8/site-packages/airflow/example_dags/example_dynamic_task_mapping.py took 0.206 seconds
[2023-11-09T19:29:07.618-0500] {processor.py:157} INFO - Started process (PID=50952) to work on /Users/az/anaconda3/envs/python38/lib/python3.8/site-packages/airflow/example_dags/example_dynamic_task_mapping.py
[2023-11-09T19:29:07.623-0500] {processor.py:829} INFO - Processing file /Users/az/anaconda3/envs/python38/lib/python3.8/site-packages/airflow/example_dags/example_dynamic_task_mapping.py for tasks to queue
[2023-11-09T19:29:07.623-0500] {logging_mixin.py:154} INFO - [2023-11-09T19:29:07.623-0500] {dagbag.py:536} INFO - Filling up the DagBag from /Users/az/anaconda3/envs/python38/lib/python3.8/site-packages/airflow/example_dags/example_dynamic_task_mapping.py
[2023-11-09T19:29:07.655-0500] {processor.py:839} INFO - DAG(s) dict_keys(['example_dynamic_task_mapping']) retrieved from /Users/az/anaconda3/envs/python38/lib/python3.8/site-packages/airflow/example_dags/example_dynamic_task_mapping.py
[2023-11-09T19:29:07.757-0500] {logging_mixin.py:154} INFO - [2023-11-09T19:29:07.757-0500] {dag.py:2941} INFO - Sync 1 DAGs
[2023-11-09T19:29:07.767-0500] {logging_mixin.py:154} INFO - [2023-11-09T19:29:07.766-0500] {dag.py:3722} INFO - Setting next_dagrun for example_dynamic_task_mapping to 2022-03-04T00:00:00+00:00, run_after=2022-03-05T00:00:00+00:00
[2023-11-09T19:29:07.776-0500] {processor.py:179} INFO - Processing /Users/az/anaconda3/envs/python38/lib/python3.8/site-packages/airflow/example_dags/example_dynamic_task_mapping.py took 0.159 seconds
[2023-11-09T19:31:12.718-0500] {processor.py:157} INFO - Started process (PID=51103) to work on /Users/az/anaconda3/envs/python38/lib/python3.8/site-packages/airflow/example_dags/example_dynamic_task_mapping.py
[2023-11-09T19:31:12.722-0500] {processor.py:829} INFO - Processing file /Users/az/anaconda3/envs/python38/lib/python3.8/site-packages/airflow/example_dags/example_dynamic_task_mapping.py for tasks to queue
[2023-11-09T19:31:12.722-0500] {logging_mixin.py:154} INFO - [2023-11-09T19:31:12.722-0500] {dagbag.py:536} INFO - Filling up the DagBag from /Users/az/anaconda3/envs/python38/lib/python3.8/site-packages/airflow/example_dags/example_dynamic_task_mapping.py
[2023-11-09T19:31:12.754-0500] {processor.py:839} INFO - DAG(s) dict_keys(['example_dynamic_task_mapping']) retrieved from /Users/az/anaconda3/envs/python38/lib/python3.8/site-packages/airflow/example_dags/example_dynamic_task_mapping.py
[2023-11-09T19:31:12.862-0500] {logging_mixin.py:154} INFO - [2023-11-09T19:31:12.862-0500] {dag.py:2941} INFO - Sync 1 DAGs
[2023-11-09T19:31:12.872-0500] {logging_mixin.py:154} INFO - [2023-11-09T19:31:12.872-0500] {dag.py:3722} INFO - Setting next_dagrun for example_dynamic_task_mapping to 2022-03-04T00:00:00+00:00, run_after=2022-03-05T00:00:00+00:00
[2023-11-09T19:31:12.881-0500] {processor.py:179} INFO - Processing /Users/az/anaconda3/envs/python38/lib/python3.8/site-packages/airflow/example_dags/example_dynamic_task_mapping.py took 0.164 seconds
[2023-11-09T19:33:27.085-0500] {processor.py:157} INFO - Started process (PID=51262) to work on /Users/az/anaconda3/envs/python38/lib/python3.8/site-packages/airflow/example_dags/example_dynamic_task_mapping.py
[2023-11-09T19:33:27.089-0500] {processor.py:829} INFO - Processing file /Users/az/anaconda3/envs/python38/lib/python3.8/site-packages/airflow/example_dags/example_dynamic_task_mapping.py for tasks to queue
[2023-11-09T19:33:27.089-0500] {logging_mixin.py:154} INFO - [2023-11-09T19:33:27.089-0500] {dagbag.py:536} INFO - Filling up the DagBag from /Users/az/anaconda3/envs/python38/lib/python3.8/site-packages/airflow/example_dags/example_dynamic_task_mapping.py
[2023-11-09T19:33:27.122-0500] {processor.py:839} INFO - DAG(s) dict_keys(['example_dynamic_task_mapping']) retrieved from /Users/az/anaconda3/envs/python38/lib/python3.8/site-packages/airflow/example_dags/example_dynamic_task_mapping.py
[2023-11-09T19:33:27.224-0500] {logging_mixin.py:154} INFO - [2023-11-09T19:33:27.224-0500] {dag.py:2941} INFO - Sync 1 DAGs
[2023-11-09T19:33:27.235-0500] {logging_mixin.py:154} INFO - [2023-11-09T19:33:27.235-0500] {dag.py:3722} INFO - Setting next_dagrun for example_dynamic_task_mapping to 2022-03-04T00:00:00+00:00, run_after=2022-03-05T00:00:00+00:00
[2023-11-09T19:33:27.244-0500] {processor.py:179} INFO - Processing /Users/az/anaconda3/envs/python38/lib/python3.8/site-packages/airflow/example_dags/example_dynamic_task_mapping.py took 0.160 seconds
[2023-11-09T19:35:46.832-0500] {processor.py:157} INFO - Started process (PID=53282) to work on /Users/az/anaconda3/envs/python38/lib/python3.8/site-packages/airflow/example_dags/example_dynamic_task_mapping.py
[2023-11-09T19:35:46.836-0500] {processor.py:829} INFO - Processing file /Users/az/anaconda3/envs/python38/lib/python3.8/site-packages/airflow/example_dags/example_dynamic_task_mapping.py for tasks to queue
[2023-11-09T19:35:46.836-0500] {logging_mixin.py:154} INFO - [2023-11-09T19:35:46.836-0500] {dagbag.py:536} INFO - Filling up the DagBag from /Users/az/anaconda3/envs/python38/lib/python3.8/site-packages/airflow/example_dags/example_dynamic_task_mapping.py
[2023-11-09T19:35:46.868-0500] {processor.py:839} INFO - DAG(s) dict_keys(['example_dynamic_task_mapping']) retrieved from /Users/az/anaconda3/envs/python38/lib/python3.8/site-packages/airflow/example_dags/example_dynamic_task_mapping.py
[2023-11-09T19:35:46.970-0500] {logging_mixin.py:154} INFO - [2023-11-09T19:35:46.970-0500] {dag.py:2941} INFO - Sync 1 DAGs
[2023-11-09T19:35:46.980-0500] {logging_mixin.py:154} INFO - [2023-11-09T19:35:46.980-0500] {dag.py:3722} INFO - Setting next_dagrun for example_dynamic_task_mapping to 2022-03-04T00:00:00+00:00, run_after=2022-03-05T00:00:00+00:00
[2023-11-09T19:35:46.990-0500] {processor.py:179} INFO - Processing /Users/az/anaconda3/envs/python38/lib/python3.8/site-packages/airflow/example_dags/example_dynamic_task_mapping.py took 0.158 seconds
[2023-11-09T19:37:44.194-0500] {processor.py:157} INFO - Started process (PID=53431) to work on /Users/az/anaconda3/envs/python38/lib/python3.8/site-packages/airflow/example_dags/example_dynamic_task_mapping.py
[2023-11-09T19:37:44.198-0500] {processor.py:829} INFO - Processing file /Users/az/anaconda3/envs/python38/lib/python3.8/site-packages/airflow/example_dags/example_dynamic_task_mapping.py for tasks to queue
[2023-11-09T19:37:44.198-0500] {logging_mixin.py:154} INFO - [2023-11-09T19:37:44.198-0500] {dagbag.py:536} INFO - Filling up the DagBag from /Users/az/anaconda3/envs/python38/lib/python3.8/site-packages/airflow/example_dags/example_dynamic_task_mapping.py
[2023-11-09T19:37:44.230-0500] {processor.py:839} INFO - DAG(s) dict_keys(['example_dynamic_task_mapping']) retrieved from /Users/az/anaconda3/envs/python38/lib/python3.8/site-packages/airflow/example_dags/example_dynamic_task_mapping.py
[2023-11-09T19:37:44.331-0500] {logging_mixin.py:154} INFO - [2023-11-09T19:37:44.331-0500] {dag.py:2941} INFO - Sync 1 DAGs
[2023-11-09T19:37:44.341-0500] {logging_mixin.py:154} INFO - [2023-11-09T19:37:44.341-0500] {dag.py:3722} INFO - Setting next_dagrun for example_dynamic_task_mapping to 2022-03-04T00:00:00+00:00, run_after=2022-03-05T00:00:00+00:00
[2023-11-09T19:37:44.351-0500] {processor.py:179} INFO - Processing /Users/az/anaconda3/envs/python38/lib/python3.8/site-packages/airflow/example_dags/example_dynamic_task_mapping.py took 0.157 seconds
[2023-11-09T19:39:44.292-0500] {processor.py:157} INFO - Started process (PID=53583) to work on /Users/az/anaconda3/envs/python38/lib/python3.8/site-packages/airflow/example_dags/example_dynamic_task_mapping.py
[2023-11-09T19:39:44.297-0500] {processor.py:829} INFO - Processing file /Users/az/anaconda3/envs/python38/lib/python3.8/site-packages/airflow/example_dags/example_dynamic_task_mapping.py for tasks to queue
[2023-11-09T19:39:44.297-0500] {logging_mixin.py:154} INFO - [2023-11-09T19:39:44.297-0500] {dagbag.py:536} INFO - Filling up the DagBag from /Users/az/anaconda3/envs/python38/lib/python3.8/site-packages/airflow/example_dags/example_dynamic_task_mapping.py
[2023-11-09T19:39:44.329-0500] {processor.py:839} INFO - DAG(s) dict_keys(['example_dynamic_task_mapping']) retrieved from /Users/az/anaconda3/envs/python38/lib/python3.8/site-packages/airflow/example_dags/example_dynamic_task_mapping.py
[2023-11-09T19:39:44.430-0500] {logging_mixin.py:154} INFO - [2023-11-09T19:39:44.430-0500] {dag.py:2941} INFO - Sync 1 DAGs
[2023-11-09T19:39:44.440-0500] {logging_mixin.py:154} INFO - [2023-11-09T19:39:44.440-0500] {dag.py:3722} INFO - Setting next_dagrun for example_dynamic_task_mapping to 2022-03-04T00:00:00+00:00, run_after=2022-03-05T00:00:00+00:00
[2023-11-09T19:39:44.451-0500] {processor.py:179} INFO - Processing /Users/az/anaconda3/envs/python38/lib/python3.8/site-packages/airflow/example_dags/example_dynamic_task_mapping.py took 0.159 seconds
[2023-11-09T19:41:44.342-0500] {processor.py:157} INFO - Started process (PID=53757) to work on /Users/az/anaconda3/envs/python38/lib/python3.8/site-packages/airflow/example_dags/example_dynamic_task_mapping.py
[2023-11-09T19:41:44.346-0500] {processor.py:829} INFO - Processing file /Users/az/anaconda3/envs/python38/lib/python3.8/site-packages/airflow/example_dags/example_dynamic_task_mapping.py for tasks to queue
[2023-11-09T19:41:44.347-0500] {logging_mixin.py:154} INFO - [2023-11-09T19:41:44.346-0500] {dagbag.py:536} INFO - Filling up the DagBag from /Users/az/anaconda3/envs/python38/lib/python3.8/site-packages/airflow/example_dags/example_dynamic_task_mapping.py
[2023-11-09T19:41:44.405-0500] {processor.py:839} INFO - DAG(s) dict_keys(['example_dynamic_task_mapping']) retrieved from /Users/az/anaconda3/envs/python38/lib/python3.8/site-packages/airflow/example_dags/example_dynamic_task_mapping.py
[2023-11-09T19:41:44.589-0500] {logging_mixin.py:154} INFO - [2023-11-09T19:41:44.584-0500] {dag.py:2941} INFO - Sync 1 DAGs
[2023-11-09T19:41:44.603-0500] {logging_mixin.py:154} INFO - [2023-11-09T19:41:44.603-0500] {dag.py:3722} INFO - Setting next_dagrun for example_dynamic_task_mapping to 2022-03-04T00:00:00+00:00, run_after=2022-03-05T00:00:00+00:00
[2023-11-09T19:41:44.635-0500] {processor.py:179} INFO - Processing /Users/az/anaconda3/envs/python38/lib/python3.8/site-packages/airflow/example_dags/example_dynamic_task_mapping.py took 0.294 seconds
[2023-11-09T19:43:55.468-0500] {processor.py:157} INFO - Started process (PID=54201) to work on /Users/az/anaconda3/envs/python38/lib/python3.8/site-packages/airflow/example_dags/example_dynamic_task_mapping.py
[2023-11-09T19:43:55.472-0500] {processor.py:829} INFO - Processing file /Users/az/anaconda3/envs/python38/lib/python3.8/site-packages/airflow/example_dags/example_dynamic_task_mapping.py for tasks to queue
[2023-11-09T19:43:55.473-0500] {logging_mixin.py:154} INFO - [2023-11-09T19:43:55.473-0500] {dagbag.py:536} INFO - Filling up the DagBag from /Users/az/anaconda3/envs/python38/lib/python3.8/site-packages/airflow/example_dags/example_dynamic_task_mapping.py
[2023-11-09T19:43:55.507-0500] {processor.py:839} INFO - DAG(s) dict_keys(['example_dynamic_task_mapping']) retrieved from /Users/az/anaconda3/envs/python38/lib/python3.8/site-packages/airflow/example_dags/example_dynamic_task_mapping.py
[2023-11-09T19:43:55.612-0500] {logging_mixin.py:154} INFO - [2023-11-09T19:43:55.612-0500] {dag.py:2941} INFO - Sync 1 DAGs
[2023-11-09T19:43:55.622-0500] {logging_mixin.py:154} INFO - [2023-11-09T19:43:55.622-0500] {dag.py:3722} INFO - Setting next_dagrun for example_dynamic_task_mapping to 2022-03-04T00:00:00+00:00, run_after=2022-03-05T00:00:00+00:00
[2023-11-09T19:43:55.633-0500] {processor.py:179} INFO - Processing /Users/az/anaconda3/envs/python38/lib/python3.8/site-packages/airflow/example_dags/example_dynamic_task_mapping.py took 0.166 seconds
[2023-11-09T19:45:54.221-0500] {processor.py:157} INFO - Started process (PID=54349) to work on /Users/az/anaconda3/envs/python38/lib/python3.8/site-packages/airflow/example_dags/example_dynamic_task_mapping.py
[2023-11-09T19:45:54.226-0500] {processor.py:829} INFO - Processing file /Users/az/anaconda3/envs/python38/lib/python3.8/site-packages/airflow/example_dags/example_dynamic_task_mapping.py for tasks to queue
[2023-11-09T19:45:54.226-0500] {logging_mixin.py:154} INFO - [2023-11-09T19:45:54.226-0500] {dagbag.py:536} INFO - Filling up the DagBag from /Users/az/anaconda3/envs/python38/lib/python3.8/site-packages/airflow/example_dags/example_dynamic_task_mapping.py
[2023-11-09T19:45:54.258-0500] {processor.py:839} INFO - DAG(s) dict_keys(['example_dynamic_task_mapping']) retrieved from /Users/az/anaconda3/envs/python38/lib/python3.8/site-packages/airflow/example_dags/example_dynamic_task_mapping.py
[2023-11-09T19:45:54.360-0500] {logging_mixin.py:154} INFO - [2023-11-09T19:45:54.360-0500] {dag.py:2941} INFO - Sync 1 DAGs
[2023-11-09T19:45:54.370-0500] {logging_mixin.py:154} INFO - [2023-11-09T19:45:54.370-0500] {dag.py:3722} INFO - Setting next_dagrun for example_dynamic_task_mapping to 2022-03-04T00:00:00+00:00, run_after=2022-03-05T00:00:00+00:00
[2023-11-09T19:45:54.380-0500] {processor.py:179} INFO - Processing /Users/az/anaconda3/envs/python38/lib/python3.8/site-packages/airflow/example_dags/example_dynamic_task_mapping.py took 0.159 seconds
[2023-11-09T19:47:52.413-0500] {processor.py:157} INFO - Started process (PID=54501) to work on /Users/az/anaconda3/envs/python38/lib/python3.8/site-packages/airflow/example_dags/example_dynamic_task_mapping.py
[2023-11-09T19:47:52.418-0500] {processor.py:829} INFO - Processing file /Users/az/anaconda3/envs/python38/lib/python3.8/site-packages/airflow/example_dags/example_dynamic_task_mapping.py for tasks to queue
[2023-11-09T19:47:52.418-0500] {logging_mixin.py:154} INFO - [2023-11-09T19:47:52.418-0500] {dagbag.py:536} INFO - Filling up the DagBag from /Users/az/anaconda3/envs/python38/lib/python3.8/site-packages/airflow/example_dags/example_dynamic_task_mapping.py
[2023-11-09T19:47:52.456-0500] {processor.py:839} INFO - DAG(s) dict_keys(['example_dynamic_task_mapping']) retrieved from /Users/az/anaconda3/envs/python38/lib/python3.8/site-packages/airflow/example_dags/example_dynamic_task_mapping.py
[2023-11-09T19:47:52.597-0500] {logging_mixin.py:154} INFO - [2023-11-09T19:47:52.596-0500] {dag.py:2941} INFO - Sync 1 DAGs
[2023-11-09T19:47:52.612-0500] {logging_mixin.py:154} INFO - [2023-11-09T19:47:52.612-0500] {dag.py:3722} INFO - Setting next_dagrun for example_dynamic_task_mapping to 2022-03-04T00:00:00+00:00, run_after=2022-03-05T00:00:00+00:00
[2023-11-09T19:47:52.631-0500] {processor.py:179} INFO - Processing /Users/az/anaconda3/envs/python38/lib/python3.8/site-packages/airflow/example_dags/example_dynamic_task_mapping.py took 0.218 seconds
[2023-11-09T19:49:49.487-0500] {processor.py:157} INFO - Started process (PID=54645) to work on /Users/az/anaconda3/envs/python38/lib/python3.8/site-packages/airflow/example_dags/example_dynamic_task_mapping.py
[2023-11-09T19:49:49.491-0500] {processor.py:829} INFO - Processing file /Users/az/anaconda3/envs/python38/lib/python3.8/site-packages/airflow/example_dags/example_dynamic_task_mapping.py for tasks to queue
[2023-11-09T19:49:49.492-0500] {logging_mixin.py:154} INFO - [2023-11-09T19:49:49.492-0500] {dagbag.py:536} INFO - Filling up the DagBag from /Users/az/anaconda3/envs/python38/lib/python3.8/site-packages/airflow/example_dags/example_dynamic_task_mapping.py
[2023-11-09T19:49:49.523-0500] {processor.py:839} INFO - DAG(s) dict_keys(['example_dynamic_task_mapping']) retrieved from /Users/az/anaconda3/envs/python38/lib/python3.8/site-packages/airflow/example_dags/example_dynamic_task_mapping.py
[2023-11-09T19:49:49.626-0500] {logging_mixin.py:154} INFO - [2023-11-09T19:49:49.625-0500] {dag.py:2941} INFO - Sync 1 DAGs
[2023-11-09T19:49:49.635-0500] {logging_mixin.py:154} INFO - [2023-11-09T19:49:49.635-0500] {dag.py:3722} INFO - Setting next_dagrun for example_dynamic_task_mapping to 2022-03-04T00:00:00+00:00, run_after=2022-03-05T00:00:00+00:00
[2023-11-09T19:49:49.645-0500] {processor.py:179} INFO - Processing /Users/az/anaconda3/envs/python38/lib/python3.8/site-packages/airflow/example_dags/example_dynamic_task_mapping.py took 0.159 seconds
[2023-11-09T19:51:48.766-0500] {processor.py:157} INFO - Started process (PID=54795) to work on /Users/az/anaconda3/envs/python38/lib/python3.8/site-packages/airflow/example_dags/example_dynamic_task_mapping.py
[2023-11-09T19:51:48.770-0500] {processor.py:829} INFO - Processing file /Users/az/anaconda3/envs/python38/lib/python3.8/site-packages/airflow/example_dags/example_dynamic_task_mapping.py for tasks to queue
[2023-11-09T19:51:48.770-0500] {logging_mixin.py:154} INFO - [2023-11-09T19:51:48.770-0500] {dagbag.py:536} INFO - Filling up the DagBag from /Users/az/anaconda3/envs/python38/lib/python3.8/site-packages/airflow/example_dags/example_dynamic_task_mapping.py
[2023-11-09T19:51:48.803-0500] {processor.py:839} INFO - DAG(s) dict_keys(['example_dynamic_task_mapping']) retrieved from /Users/az/anaconda3/envs/python38/lib/python3.8/site-packages/airflow/example_dags/example_dynamic_task_mapping.py
[2023-11-09T19:51:48.906-0500] {logging_mixin.py:154} INFO - [2023-11-09T19:51:48.906-0500] {dag.py:2941} INFO - Sync 1 DAGs
[2023-11-09T19:51:48.915-0500] {logging_mixin.py:154} INFO - [2023-11-09T19:51:48.915-0500] {dag.py:3722} INFO - Setting next_dagrun for example_dynamic_task_mapping to 2022-03-04T00:00:00+00:00, run_after=2022-03-05T00:00:00+00:00
[2023-11-09T19:51:48.925-0500] {processor.py:179} INFO - Processing /Users/az/anaconda3/envs/python38/lib/python3.8/site-packages/airflow/example_dags/example_dynamic_task_mapping.py took 0.159 seconds
[2023-11-09T19:53:49.896-0500] {processor.py:157} INFO - Started process (PID=54957) to work on /Users/az/anaconda3/envs/python38/lib/python3.8/site-packages/airflow/example_dags/example_dynamic_task_mapping.py
[2023-11-09T19:53:49.901-0500] {processor.py:829} INFO - Processing file /Users/az/anaconda3/envs/python38/lib/python3.8/site-packages/airflow/example_dags/example_dynamic_task_mapping.py for tasks to queue
[2023-11-09T19:53:49.901-0500] {logging_mixin.py:154} INFO - [2023-11-09T19:53:49.901-0500] {dagbag.py:536} INFO - Filling up the DagBag from /Users/az/anaconda3/envs/python38/lib/python3.8/site-packages/airflow/example_dags/example_dynamic_task_mapping.py
[2023-11-09T19:53:49.933-0500] {processor.py:839} INFO - DAG(s) dict_keys(['example_dynamic_task_mapping']) retrieved from /Users/az/anaconda3/envs/python38/lib/python3.8/site-packages/airflow/example_dags/example_dynamic_task_mapping.py
[2023-11-09T19:53:50.038-0500] {logging_mixin.py:154} INFO - [2023-11-09T19:53:50.037-0500] {dag.py:2941} INFO - Sync 1 DAGs
[2023-11-09T19:53:50.048-0500] {logging_mixin.py:154} INFO - [2023-11-09T19:53:50.048-0500] {dag.py:3722} INFO - Setting next_dagrun for example_dynamic_task_mapping to 2022-03-04T00:00:00+00:00, run_after=2022-03-05T00:00:00+00:00
[2023-11-09T19:53:50.058-0500] {processor.py:179} INFO - Processing /Users/az/anaconda3/envs/python38/lib/python3.8/site-packages/airflow/example_dags/example_dynamic_task_mapping.py took 0.163 seconds
[2023-11-09T19:55:45.597-0500] {processor.py:157} INFO - Started process (PID=55102) to work on /Users/az/anaconda3/envs/python38/lib/python3.8/site-packages/airflow/example_dags/example_dynamic_task_mapping.py
[2023-11-09T19:55:45.601-0500] {processor.py:829} INFO - Processing file /Users/az/anaconda3/envs/python38/lib/python3.8/site-packages/airflow/example_dags/example_dynamic_task_mapping.py for tasks to queue
[2023-11-09T19:55:45.601-0500] {logging_mixin.py:154} INFO - [2023-11-09T19:55:45.601-0500] {dagbag.py:536} INFO - Filling up the DagBag from /Users/az/anaconda3/envs/python38/lib/python3.8/site-packages/airflow/example_dags/example_dynamic_task_mapping.py
[2023-11-09T19:55:45.634-0500] {processor.py:839} INFO - DAG(s) dict_keys(['example_dynamic_task_mapping']) retrieved from /Users/az/anaconda3/envs/python38/lib/python3.8/site-packages/airflow/example_dags/example_dynamic_task_mapping.py
[2023-11-09T19:55:45.736-0500] {logging_mixin.py:154} INFO - [2023-11-09T19:55:45.735-0500] {dag.py:2941} INFO - Sync 1 DAGs
[2023-11-09T19:55:45.745-0500] {logging_mixin.py:154} INFO - [2023-11-09T19:55:45.745-0500] {dag.py:3722} INFO - Setting next_dagrun for example_dynamic_task_mapping to 2022-03-04T00:00:00+00:00, run_after=2022-03-05T00:00:00+00:00
[2023-11-09T19:55:45.755-0500] {processor.py:179} INFO - Processing /Users/az/anaconda3/envs/python38/lib/python3.8/site-packages/airflow/example_dags/example_dynamic_task_mapping.py took 0.159 seconds
[2023-11-09T19:57:47.640-0500] {processor.py:157} INFO - Started process (PID=55265) to work on /Users/az/anaconda3/envs/python38/lib/python3.8/site-packages/airflow/example_dags/example_dynamic_task_mapping.py
[2023-11-09T19:57:47.645-0500] {processor.py:829} INFO - Processing file /Users/az/anaconda3/envs/python38/lib/python3.8/site-packages/airflow/example_dags/example_dynamic_task_mapping.py for tasks to queue
[2023-11-09T19:57:47.645-0500] {logging_mixin.py:154} INFO - [2023-11-09T19:57:47.645-0500] {dagbag.py:536} INFO - Filling up the DagBag from /Users/az/anaconda3/envs/python38/lib/python3.8/site-packages/airflow/example_dags/example_dynamic_task_mapping.py
[2023-11-09T19:57:47.677-0500] {processor.py:839} INFO - DAG(s) dict_keys(['example_dynamic_task_mapping']) retrieved from /Users/az/anaconda3/envs/python38/lib/python3.8/site-packages/airflow/example_dags/example_dynamic_task_mapping.py
[2023-11-09T19:57:47.780-0500] {logging_mixin.py:154} INFO - [2023-11-09T19:57:47.780-0500] {dag.py:2941} INFO - Sync 1 DAGs
[2023-11-09T19:57:47.789-0500] {logging_mixin.py:154} INFO - [2023-11-09T19:57:47.789-0500] {dag.py:3722} INFO - Setting next_dagrun for example_dynamic_task_mapping to 2022-03-04T00:00:00+00:00, run_after=2022-03-05T00:00:00+00:00
[2023-11-09T19:57:47.799-0500] {processor.py:179} INFO - Processing /Users/az/anaconda3/envs/python38/lib/python3.8/site-packages/airflow/example_dags/example_dynamic_task_mapping.py took 0.159 seconds
[2023-11-09T19:59:46.737-0500] {processor.py:157} INFO - Started process (PID=55414) to work on /Users/az/anaconda3/envs/python38/lib/python3.8/site-packages/airflow/example_dags/example_dynamic_task_mapping.py
[2023-11-09T19:59:46.741-0500] {processor.py:829} INFO - Processing file /Users/az/anaconda3/envs/python38/lib/python3.8/site-packages/airflow/example_dags/example_dynamic_task_mapping.py for tasks to queue
[2023-11-09T19:59:46.741-0500] {logging_mixin.py:154} INFO - [2023-11-09T19:59:46.741-0500] {dagbag.py:536} INFO - Filling up the DagBag from /Users/az/anaconda3/envs/python38/lib/python3.8/site-packages/airflow/example_dags/example_dynamic_task_mapping.py
[2023-11-09T19:59:46.777-0500] {processor.py:839} INFO - DAG(s) dict_keys(['example_dynamic_task_mapping']) retrieved from /Users/az/anaconda3/envs/python38/lib/python3.8/site-packages/airflow/example_dags/example_dynamic_task_mapping.py
[2023-11-09T19:59:46.899-0500] {logging_mixin.py:154} INFO - [2023-11-09T19:59:46.899-0500] {dag.py:2941} INFO - Sync 1 DAGs
[2023-11-09T19:59:46.909-0500] {logging_mixin.py:154} INFO - [2023-11-09T19:59:46.908-0500] {dag.py:3722} INFO - Setting next_dagrun for example_dynamic_task_mapping to 2022-03-04T00:00:00+00:00, run_after=2022-03-05T00:00:00+00:00
[2023-11-09T19:59:46.919-0500] {processor.py:179} INFO - Processing /Users/az/anaconda3/envs/python38/lib/python3.8/site-packages/airflow/example_dags/example_dynamic_task_mapping.py took 0.182 seconds
[2023-11-09T20:01:49.426-0500] {processor.py:157} INFO - Started process (PID=55572) to work on /Users/az/anaconda3/envs/python38/lib/python3.8/site-packages/airflow/example_dags/example_dynamic_task_mapping.py
[2023-11-09T20:01:49.430-0500] {processor.py:829} INFO - Processing file /Users/az/anaconda3/envs/python38/lib/python3.8/site-packages/airflow/example_dags/example_dynamic_task_mapping.py for tasks to queue
[2023-11-09T20:01:49.430-0500] {logging_mixin.py:154} INFO - [2023-11-09T20:01:49.430-0500] {dagbag.py:536} INFO - Filling up the DagBag from /Users/az/anaconda3/envs/python38/lib/python3.8/site-packages/airflow/example_dags/example_dynamic_task_mapping.py
[2023-11-09T20:01:49.462-0500] {processor.py:839} INFO - DAG(s) dict_keys(['example_dynamic_task_mapping']) retrieved from /Users/az/anaconda3/envs/python38/lib/python3.8/site-packages/airflow/example_dags/example_dynamic_task_mapping.py
[2023-11-09T20:01:49.564-0500] {logging_mixin.py:154} INFO - [2023-11-09T20:01:49.564-0500] {dag.py:2941} INFO - Sync 1 DAGs
[2023-11-09T20:01:49.574-0500] {logging_mixin.py:154} INFO - [2023-11-09T20:01:49.574-0500] {dag.py:3722} INFO - Setting next_dagrun for example_dynamic_task_mapping to 2022-03-04T00:00:00+00:00, run_after=2022-03-05T00:00:00+00:00
[2023-11-09T20:01:49.583-0500] {processor.py:179} INFO - Processing /Users/az/anaconda3/envs/python38/lib/python3.8/site-packages/airflow/example_dags/example_dynamic_task_mapping.py took 0.158 seconds
[2023-11-09T20:03:51.424-0500] {processor.py:157} INFO - Started process (PID=55735) to work on /Users/az/anaconda3/envs/python38/lib/python3.8/site-packages/airflow/example_dags/example_dynamic_task_mapping.py
[2023-11-09T20:03:51.429-0500] {processor.py:829} INFO - Processing file /Users/az/anaconda3/envs/python38/lib/python3.8/site-packages/airflow/example_dags/example_dynamic_task_mapping.py for tasks to queue
[2023-11-09T20:03:51.429-0500] {logging_mixin.py:154} INFO - [2023-11-09T20:03:51.429-0500] {dagbag.py:536} INFO - Filling up the DagBag from /Users/az/anaconda3/envs/python38/lib/python3.8/site-packages/airflow/example_dags/example_dynamic_task_mapping.py
[2023-11-09T20:03:51.461-0500] {processor.py:839} INFO - DAG(s) dict_keys(['example_dynamic_task_mapping']) retrieved from /Users/az/anaconda3/envs/python38/lib/python3.8/site-packages/airflow/example_dags/example_dynamic_task_mapping.py
[2023-11-09T20:03:51.562-0500] {logging_mixin.py:154} INFO - [2023-11-09T20:03:51.562-0500] {dag.py:2941} INFO - Sync 1 DAGs
[2023-11-09T20:03:51.572-0500] {logging_mixin.py:154} INFO - [2023-11-09T20:03:51.572-0500] {dag.py:3722} INFO - Setting next_dagrun for example_dynamic_task_mapping to 2022-03-04T00:00:00+00:00, run_after=2022-03-05T00:00:00+00:00
[2023-11-09T20:03:51.582-0500] {processor.py:179} INFO - Processing /Users/az/anaconda3/envs/python38/lib/python3.8/site-packages/airflow/example_dags/example_dynamic_task_mapping.py took 0.158 seconds
[2023-11-09T20:05:48.064-0500] {processor.py:157} INFO - Started process (PID=55884) to work on /Users/az/anaconda3/envs/python38/lib/python3.8/site-packages/airflow/example_dags/example_dynamic_task_mapping.py
[2023-11-09T20:05:48.068-0500] {processor.py:829} INFO - Processing file /Users/az/anaconda3/envs/python38/lib/python3.8/site-packages/airflow/example_dags/example_dynamic_task_mapping.py for tasks to queue
[2023-11-09T20:05:48.069-0500] {logging_mixin.py:154} INFO - [2023-11-09T20:05:48.068-0500] {dagbag.py:536} INFO - Filling up the DagBag from /Users/az/anaconda3/envs/python38/lib/python3.8/site-packages/airflow/example_dags/example_dynamic_task_mapping.py
[2023-11-09T20:05:48.101-0500] {processor.py:839} INFO - DAG(s) dict_keys(['example_dynamic_task_mapping']) retrieved from /Users/az/anaconda3/envs/python38/lib/python3.8/site-packages/airflow/example_dags/example_dynamic_task_mapping.py
[2023-11-09T20:05:48.203-0500] {logging_mixin.py:154} INFO - [2023-11-09T20:05:48.203-0500] {dag.py:2941} INFO - Sync 1 DAGs
[2023-11-09T20:05:48.213-0500] {logging_mixin.py:154} INFO - [2023-11-09T20:05:48.213-0500] {dag.py:3722} INFO - Setting next_dagrun for example_dynamic_task_mapping to 2022-03-04T00:00:00+00:00, run_after=2022-03-05T00:00:00+00:00
[2023-11-09T20:05:48.223-0500] {processor.py:179} INFO - Processing /Users/az/anaconda3/envs/python38/lib/python3.8/site-packages/airflow/example_dags/example_dynamic_task_mapping.py took 0.160 seconds
[2023-11-09T20:07:46.041-0500] {processor.py:157} INFO - Started process (PID=56054) to work on /Users/az/anaconda3/envs/python38/lib/python3.8/site-packages/airflow/example_dags/example_dynamic_task_mapping.py
[2023-11-09T20:07:46.046-0500] {processor.py:829} INFO - Processing file /Users/az/anaconda3/envs/python38/lib/python3.8/site-packages/airflow/example_dags/example_dynamic_task_mapping.py for tasks to queue
[2023-11-09T20:07:46.046-0500] {logging_mixin.py:154} INFO - [2023-11-09T20:07:46.046-0500] {dagbag.py:536} INFO - Filling up the DagBag from /Users/az/anaconda3/envs/python38/lib/python3.8/site-packages/airflow/example_dags/example_dynamic_task_mapping.py
[2023-11-09T20:07:46.080-0500] {processor.py:839} INFO - DAG(s) dict_keys(['example_dynamic_task_mapping']) retrieved from /Users/az/anaconda3/envs/python38/lib/python3.8/site-packages/airflow/example_dags/example_dynamic_task_mapping.py
[2023-11-09T20:07:46.186-0500] {logging_mixin.py:154} INFO - [2023-11-09T20:07:46.185-0500] {dag.py:2941} INFO - Sync 1 DAGs
[2023-11-09T20:07:46.196-0500] {logging_mixin.py:154} INFO - [2023-11-09T20:07:46.196-0500] {dag.py:3722} INFO - Setting next_dagrun for example_dynamic_task_mapping to 2022-03-04T00:00:00+00:00, run_after=2022-03-05T00:00:00+00:00
[2023-11-09T20:07:46.206-0500] {processor.py:179} INFO - Processing /Users/az/anaconda3/envs/python38/lib/python3.8/site-packages/airflow/example_dags/example_dynamic_task_mapping.py took 0.166 seconds
[2023-11-09T20:09:43.628-0500] {processor.py:157} INFO - Started process (PID=56218) to work on /Users/az/anaconda3/envs/python38/lib/python3.8/site-packages/airflow/example_dags/example_dynamic_task_mapping.py
[2023-11-09T20:09:43.632-0500] {processor.py:829} INFO - Processing file /Users/az/anaconda3/envs/python38/lib/python3.8/site-packages/airflow/example_dags/example_dynamic_task_mapping.py for tasks to queue
[2023-11-09T20:09:43.633-0500] {logging_mixin.py:154} INFO - [2023-11-09T20:09:43.632-0500] {dagbag.py:536} INFO - Filling up the DagBag from /Users/az/anaconda3/envs/python38/lib/python3.8/site-packages/airflow/example_dags/example_dynamic_task_mapping.py
[2023-11-09T20:09:43.664-0500] {processor.py:839} INFO - DAG(s) dict_keys(['example_dynamic_task_mapping']) retrieved from /Users/az/anaconda3/envs/python38/lib/python3.8/site-packages/airflow/example_dags/example_dynamic_task_mapping.py
[2023-11-09T20:09:43.766-0500] {logging_mixin.py:154} INFO - [2023-11-09T20:09:43.766-0500] {dag.py:2941} INFO - Sync 1 DAGs
[2023-11-09T20:09:43.775-0500] {logging_mixin.py:154} INFO - [2023-11-09T20:09:43.775-0500] {dag.py:3722} INFO - Setting next_dagrun for example_dynamic_task_mapping to 2022-03-04T00:00:00+00:00, run_after=2022-03-05T00:00:00+00:00
[2023-11-09T20:09:43.785-0500] {processor.py:179} INFO - Processing /Users/az/anaconda3/envs/python38/lib/python3.8/site-packages/airflow/example_dags/example_dynamic_task_mapping.py took 0.158 seconds
[2023-11-09T20:11:40.287-0500] {processor.py:157} INFO - Started process (PID=56374) to work on /Users/az/anaconda3/envs/python38/lib/python3.8/site-packages/airflow/example_dags/example_dynamic_task_mapping.py
[2023-11-09T20:11:40.291-0500] {processor.py:829} INFO - Processing file /Users/az/anaconda3/envs/python38/lib/python3.8/site-packages/airflow/example_dags/example_dynamic_task_mapping.py for tasks to queue
[2023-11-09T20:11:40.292-0500] {logging_mixin.py:154} INFO - [2023-11-09T20:11:40.292-0500] {dagbag.py:536} INFO - Filling up the DagBag from /Users/az/anaconda3/envs/python38/lib/python3.8/site-packages/airflow/example_dags/example_dynamic_task_mapping.py
[2023-11-09T20:11:40.324-0500] {processor.py:839} INFO - DAG(s) dict_keys(['example_dynamic_task_mapping']) retrieved from /Users/az/anaconda3/envs/python38/lib/python3.8/site-packages/airflow/example_dags/example_dynamic_task_mapping.py
[2023-11-09T20:11:40.426-0500] {logging_mixin.py:154} INFO - [2023-11-09T20:11:40.426-0500] {dag.py:2941} INFO - Sync 1 DAGs
[2023-11-09T20:11:40.435-0500] {logging_mixin.py:154} INFO - [2023-11-09T20:11:40.435-0500] {dag.py:3722} INFO - Setting next_dagrun for example_dynamic_task_mapping to 2022-03-04T00:00:00+00:00, run_after=2022-03-05T00:00:00+00:00
[2023-11-09T20:11:40.446-0500] {processor.py:179} INFO - Processing /Users/az/anaconda3/envs/python38/lib/python3.8/site-packages/airflow/example_dags/example_dynamic_task_mapping.py took 0.159 seconds
[2023-11-09T20:13:40.222-0500] {processor.py:157} INFO - Started process (PID=56547) to work on /Users/az/anaconda3/envs/python38/lib/python3.8/site-packages/airflow/example_dags/example_dynamic_task_mapping.py
[2023-11-09T20:13:40.227-0500] {processor.py:829} INFO - Processing file /Users/az/anaconda3/envs/python38/lib/python3.8/site-packages/airflow/example_dags/example_dynamic_task_mapping.py for tasks to queue
[2023-11-09T20:13:40.227-0500] {logging_mixin.py:154} INFO - [2023-11-09T20:13:40.227-0500] {dagbag.py:536} INFO - Filling up the DagBag from /Users/az/anaconda3/envs/python38/lib/python3.8/site-packages/airflow/example_dags/example_dynamic_task_mapping.py
[2023-11-09T20:13:40.259-0500] {processor.py:839} INFO - DAG(s) dict_keys(['example_dynamic_task_mapping']) retrieved from /Users/az/anaconda3/envs/python38/lib/python3.8/site-packages/airflow/example_dags/example_dynamic_task_mapping.py
[2023-11-09T20:13:40.363-0500] {logging_mixin.py:154} INFO - [2023-11-09T20:13:40.363-0500] {dag.py:2941} INFO - Sync 1 DAGs
[2023-11-09T20:13:40.373-0500] {logging_mixin.py:154} INFO - [2023-11-09T20:13:40.373-0500] {dag.py:3722} INFO - Setting next_dagrun for example_dynamic_task_mapping to 2022-03-04T00:00:00+00:00, run_after=2022-03-05T00:00:00+00:00
[2023-11-09T20:13:40.383-0500] {processor.py:179} INFO - Processing /Users/az/anaconda3/envs/python38/lib/python3.8/site-packages/airflow/example_dags/example_dynamic_task_mapping.py took 0.161 seconds
[2023-11-09T20:15:39.395-0500] {processor.py:157} INFO - Started process (PID=56704) to work on /Users/az/anaconda3/envs/python38/lib/python3.8/site-packages/airflow/example_dags/example_dynamic_task_mapping.py
[2023-11-09T20:15:39.400-0500] {processor.py:829} INFO - Processing file /Users/az/anaconda3/envs/python38/lib/python3.8/site-packages/airflow/example_dags/example_dynamic_task_mapping.py for tasks to queue
[2023-11-09T20:15:39.400-0500] {logging_mixin.py:154} INFO - [2023-11-09T20:15:39.400-0500] {dagbag.py:536} INFO - Filling up the DagBag from /Users/az/anaconda3/envs/python38/lib/python3.8/site-packages/airflow/example_dags/example_dynamic_task_mapping.py
[2023-11-09T20:15:39.432-0500] {processor.py:839} INFO - DAG(s) dict_keys(['example_dynamic_task_mapping']) retrieved from /Users/az/anaconda3/envs/python38/lib/python3.8/site-packages/airflow/example_dags/example_dynamic_task_mapping.py
[2023-11-09T20:15:39.536-0500] {logging_mixin.py:154} INFO - [2023-11-09T20:15:39.535-0500] {dag.py:2941} INFO - Sync 1 DAGs
[2023-11-09T20:15:39.545-0500] {logging_mixin.py:154} INFO - [2023-11-09T20:15:39.545-0500] {dag.py:3722} INFO - Setting next_dagrun for example_dynamic_task_mapping to 2022-03-04T00:00:00+00:00, run_after=2022-03-05T00:00:00+00:00
[2023-11-09T20:15:39.555-0500] {processor.py:179} INFO - Processing /Users/az/anaconda3/envs/python38/lib/python3.8/site-packages/airflow/example_dags/example_dynamic_task_mapping.py took 0.160 seconds
[2023-11-09T20:17:38.892-0500] {processor.py:157} INFO - Started process (PID=56853) to work on /Users/az/anaconda3/envs/python38/lib/python3.8/site-packages/airflow/example_dags/example_dynamic_task_mapping.py
[2023-11-09T20:17:38.897-0500] {processor.py:829} INFO - Processing file /Users/az/anaconda3/envs/python38/lib/python3.8/site-packages/airflow/example_dags/example_dynamic_task_mapping.py for tasks to queue
[2023-11-09T20:17:38.897-0500] {logging_mixin.py:154} INFO - [2023-11-09T20:17:38.897-0500] {dagbag.py:536} INFO - Filling up the DagBag from /Users/az/anaconda3/envs/python38/lib/python3.8/site-packages/airflow/example_dags/example_dynamic_task_mapping.py
[2023-11-09T20:17:38.929-0500] {processor.py:839} INFO - DAG(s) dict_keys(['example_dynamic_task_mapping']) retrieved from /Users/az/anaconda3/envs/python38/lib/python3.8/site-packages/airflow/example_dags/example_dynamic_task_mapping.py
[2023-11-09T20:17:39.031-0500] {logging_mixin.py:154} INFO - [2023-11-09T20:17:39.030-0500] {dag.py:2941} INFO - Sync 1 DAGs
[2023-11-09T20:17:39.040-0500] {logging_mixin.py:154} INFO - [2023-11-09T20:17:39.040-0500] {dag.py:3722} INFO - Setting next_dagrun for example_dynamic_task_mapping to 2022-03-04T00:00:00+00:00, run_after=2022-03-05T00:00:00+00:00
[2023-11-09T20:17:39.050-0500] {processor.py:179} INFO - Processing /Users/az/anaconda3/envs/python38/lib/python3.8/site-packages/airflow/example_dags/example_dynamic_task_mapping.py took 0.158 seconds
[2023-11-09T20:19:37.464-0500] {processor.py:157} INFO - Started process (PID=57002) to work on /Users/az/anaconda3/envs/python38/lib/python3.8/site-packages/airflow/example_dags/example_dynamic_task_mapping.py
[2023-11-09T20:19:37.469-0500] {processor.py:829} INFO - Processing file /Users/az/anaconda3/envs/python38/lib/python3.8/site-packages/airflow/example_dags/example_dynamic_task_mapping.py for tasks to queue
[2023-11-09T20:19:37.469-0500] {logging_mixin.py:154} INFO - [2023-11-09T20:19:37.469-0500] {dagbag.py:536} INFO - Filling up the DagBag from /Users/az/anaconda3/envs/python38/lib/python3.8/site-packages/airflow/example_dags/example_dynamic_task_mapping.py
[2023-11-09T20:19:37.501-0500] {processor.py:839} INFO - DAG(s) dict_keys(['example_dynamic_task_mapping']) retrieved from /Users/az/anaconda3/envs/python38/lib/python3.8/site-packages/airflow/example_dags/example_dynamic_task_mapping.py
[2023-11-09T20:19:37.603-0500] {logging_mixin.py:154} INFO - [2023-11-09T20:19:37.603-0500] {dag.py:2941} INFO - Sync 1 DAGs
[2023-11-09T20:19:37.612-0500] {logging_mixin.py:154} INFO - [2023-11-09T20:19:37.612-0500] {dag.py:3722} INFO - Setting next_dagrun for example_dynamic_task_mapping to 2022-03-04T00:00:00+00:00, run_after=2022-03-05T00:00:00+00:00
[2023-11-09T20:19:37.622-0500] {processor.py:179} INFO - Processing /Users/az/anaconda3/envs/python38/lib/python3.8/site-packages/airflow/example_dags/example_dynamic_task_mapping.py took 0.158 seconds
[2023-11-09T20:21:38.936-0500] {processor.py:157} INFO - Started process (PID=57150) to work on /Users/az/anaconda3/envs/python38/lib/python3.8/site-packages/airflow/example_dags/example_dynamic_task_mapping.py
[2023-11-09T20:21:38.940-0500] {processor.py:829} INFO - Processing file /Users/az/anaconda3/envs/python38/lib/python3.8/site-packages/airflow/example_dags/example_dynamic_task_mapping.py for tasks to queue
[2023-11-09T20:21:38.941-0500] {logging_mixin.py:154} INFO - [2023-11-09T20:21:38.941-0500] {dagbag.py:536} INFO - Filling up the DagBag from /Users/az/anaconda3/envs/python38/lib/python3.8/site-packages/airflow/example_dags/example_dynamic_task_mapping.py
[2023-11-09T20:21:38.974-0500] {processor.py:839} INFO - DAG(s) dict_keys(['example_dynamic_task_mapping']) retrieved from /Users/az/anaconda3/envs/python38/lib/python3.8/site-packages/airflow/example_dags/example_dynamic_task_mapping.py
[2023-11-09T20:21:39.077-0500] {logging_mixin.py:154} INFO - [2023-11-09T20:21:39.077-0500] {dag.py:2941} INFO - Sync 1 DAGs
[2023-11-09T20:21:39.087-0500] {logging_mixin.py:154} INFO - [2023-11-09T20:21:39.087-0500] {dag.py:3722} INFO - Setting next_dagrun for example_dynamic_task_mapping to 2022-03-04T00:00:00+00:00, run_after=2022-03-05T00:00:00+00:00
[2023-11-09T20:21:39.097-0500] {processor.py:179} INFO - Processing /Users/az/anaconda3/envs/python38/lib/python3.8/site-packages/airflow/example_dags/example_dynamic_task_mapping.py took 0.162 seconds
[2023-11-09T20:23:36.235-0500] {processor.py:157} INFO - Started process (PID=57312) to work on /Users/az/anaconda3/envs/python38/lib/python3.8/site-packages/airflow/example_dags/example_dynamic_task_mapping.py
[2023-11-09T20:23:36.239-0500] {processor.py:829} INFO - Processing file /Users/az/anaconda3/envs/python38/lib/python3.8/site-packages/airflow/example_dags/example_dynamic_task_mapping.py for tasks to queue
[2023-11-09T20:23:36.240-0500] {logging_mixin.py:154} INFO - [2023-11-09T20:23:36.240-0500] {dagbag.py:536} INFO - Filling up the DagBag from /Users/az/anaconda3/envs/python38/lib/python3.8/site-packages/airflow/example_dags/example_dynamic_task_mapping.py
[2023-11-09T20:23:36.271-0500] {processor.py:839} INFO - DAG(s) dict_keys(['example_dynamic_task_mapping']) retrieved from /Users/az/anaconda3/envs/python38/lib/python3.8/site-packages/airflow/example_dags/example_dynamic_task_mapping.py
[2023-11-09T20:23:36.373-0500] {logging_mixin.py:154} INFO - [2023-11-09T20:23:36.372-0500] {dag.py:2941} INFO - Sync 1 DAGs
[2023-11-09T20:23:36.382-0500] {logging_mixin.py:154} INFO - [2023-11-09T20:23:36.382-0500] {dag.py:3722} INFO - Setting next_dagrun for example_dynamic_task_mapping to 2022-03-04T00:00:00+00:00, run_after=2022-03-05T00:00:00+00:00
[2023-11-09T20:23:36.392-0500] {processor.py:179} INFO - Processing /Users/az/anaconda3/envs/python38/lib/python3.8/site-packages/airflow/example_dags/example_dynamic_task_mapping.py took 0.158 seconds
[2023-11-09T20:25:35.461-0500] {processor.py:157} INFO - Started process (PID=57462) to work on /Users/az/anaconda3/envs/python38/lib/python3.8/site-packages/airflow/example_dags/example_dynamic_task_mapping.py
[2023-11-09T20:25:35.465-0500] {processor.py:829} INFO - Processing file /Users/az/anaconda3/envs/python38/lib/python3.8/site-packages/airflow/example_dags/example_dynamic_task_mapping.py for tasks to queue
[2023-11-09T20:25:35.465-0500] {logging_mixin.py:154} INFO - [2023-11-09T20:25:35.465-0500] {dagbag.py:536} INFO - Filling up the DagBag from /Users/az/anaconda3/envs/python38/lib/python3.8/site-packages/airflow/example_dags/example_dynamic_task_mapping.py
[2023-11-09T20:25:35.497-0500] {processor.py:839} INFO - DAG(s) dict_keys(['example_dynamic_task_mapping']) retrieved from /Users/az/anaconda3/envs/python38/lib/python3.8/site-packages/airflow/example_dags/example_dynamic_task_mapping.py
[2023-11-09T20:25:35.600-0500] {logging_mixin.py:154} INFO - [2023-11-09T20:25:35.600-0500] {dag.py:2941} INFO - Sync 1 DAGs
[2023-11-09T20:25:35.609-0500] {logging_mixin.py:154} INFO - [2023-11-09T20:25:35.609-0500] {dag.py:3722} INFO - Setting next_dagrun for example_dynamic_task_mapping to 2022-03-04T00:00:00+00:00, run_after=2022-03-05T00:00:00+00:00
[2023-11-09T20:25:35.619-0500] {processor.py:179} INFO - Processing /Users/az/anaconda3/envs/python38/lib/python3.8/site-packages/airflow/example_dags/example_dynamic_task_mapping.py took 0.158 seconds
[2023-11-09T20:46:12.241-0500] {processor.py:157} INFO - Started process (PID=57770) to work on /Users/az/anaconda3/envs/python38/lib/python3.8/site-packages/airflow/example_dags/example_dynamic_task_mapping.py
[2023-11-09T20:46:12.246-0500] {processor.py:829} INFO - Processing file /Users/az/anaconda3/envs/python38/lib/python3.8/site-packages/airflow/example_dags/example_dynamic_task_mapping.py for tasks to queue
[2023-11-09T20:46:12.246-0500] {logging_mixin.py:154} INFO - [2023-11-09T20:46:12.246-0500] {dagbag.py:536} INFO - Filling up the DagBag from /Users/az/anaconda3/envs/python38/lib/python3.8/site-packages/airflow/example_dags/example_dynamic_task_mapping.py
[2023-11-09T20:46:12.280-0500] {processor.py:839} INFO - DAG(s) dict_keys(['example_dynamic_task_mapping']) retrieved from /Users/az/anaconda3/envs/python38/lib/python3.8/site-packages/airflow/example_dags/example_dynamic_task_mapping.py
[2023-11-09T20:46:12.382-0500] {logging_mixin.py:154} INFO - [2023-11-09T20:46:12.382-0500] {dag.py:2941} INFO - Sync 1 DAGs
[2023-11-09T20:46:12.392-0500] {logging_mixin.py:154} INFO - [2023-11-09T20:46:12.392-0500] {dag.py:3722} INFO - Setting next_dagrun for example_dynamic_task_mapping to 2022-03-04T00:00:00+00:00, run_after=2022-03-05T00:00:00+00:00
[2023-11-09T20:46:12.402-0500] {processor.py:179} INFO - Processing /Users/az/anaconda3/envs/python38/lib/python3.8/site-packages/airflow/example_dags/example_dynamic_task_mapping.py took 0.161 seconds
[2023-11-09T20:48:10.891-0500] {processor.py:157} INFO - Started process (PID=57926) to work on /Users/az/anaconda3/envs/python38/lib/python3.8/site-packages/airflow/example_dags/example_dynamic_task_mapping.py
[2023-11-09T20:48:10.895-0500] {processor.py:829} INFO - Processing file /Users/az/anaconda3/envs/python38/lib/python3.8/site-packages/airflow/example_dags/example_dynamic_task_mapping.py for tasks to queue
[2023-11-09T20:48:10.896-0500] {logging_mixin.py:154} INFO - [2023-11-09T20:48:10.896-0500] {dagbag.py:536} INFO - Filling up the DagBag from /Users/az/anaconda3/envs/python38/lib/python3.8/site-packages/airflow/example_dags/example_dynamic_task_mapping.py
[2023-11-09T20:48:10.927-0500] {processor.py:839} INFO - DAG(s) dict_keys(['example_dynamic_task_mapping']) retrieved from /Users/az/anaconda3/envs/python38/lib/python3.8/site-packages/airflow/example_dags/example_dynamic_task_mapping.py
[2023-11-09T20:48:11.031-0500] {logging_mixin.py:154} INFO - [2023-11-09T20:48:11.030-0500] {dag.py:2941} INFO - Sync 1 DAGs
[2023-11-09T20:48:11.040-0500] {logging_mixin.py:154} INFO - [2023-11-09T20:48:11.040-0500] {dag.py:3722} INFO - Setting next_dagrun for example_dynamic_task_mapping to 2022-03-04T00:00:00+00:00, run_after=2022-03-05T00:00:00+00:00
[2023-11-09T20:48:11.050-0500] {processor.py:179} INFO - Processing /Users/az/anaconda3/envs/python38/lib/python3.8/site-packages/airflow/example_dags/example_dynamic_task_mapping.py took 0.160 seconds
[2023-11-09T20:50:08.355-0500] {processor.py:157} INFO - Started process (PID=58076) to work on /Users/az/anaconda3/envs/python38/lib/python3.8/site-packages/airflow/example_dags/example_dynamic_task_mapping.py
[2023-11-09T20:50:08.359-0500] {processor.py:829} INFO - Processing file /Users/az/anaconda3/envs/python38/lib/python3.8/site-packages/airflow/example_dags/example_dynamic_task_mapping.py for tasks to queue
[2023-11-09T20:50:08.360-0500] {logging_mixin.py:154} INFO - [2023-11-09T20:50:08.360-0500] {dagbag.py:536} INFO - Filling up the DagBag from /Users/az/anaconda3/envs/python38/lib/python3.8/site-packages/airflow/example_dags/example_dynamic_task_mapping.py
[2023-11-09T20:50:08.391-0500] {processor.py:839} INFO - DAG(s) dict_keys(['example_dynamic_task_mapping']) retrieved from /Users/az/anaconda3/envs/python38/lib/python3.8/site-packages/airflow/example_dags/example_dynamic_task_mapping.py
[2023-11-09T20:50:08.493-0500] {logging_mixin.py:154} INFO - [2023-11-09T20:50:08.493-0500] {dag.py:2941} INFO - Sync 1 DAGs
[2023-11-09T20:50:08.503-0500] {logging_mixin.py:154} INFO - [2023-11-09T20:50:08.503-0500] {dag.py:3722} INFO - Setting next_dagrun for example_dynamic_task_mapping to 2022-03-04T00:00:00+00:00, run_after=2022-03-05T00:00:00+00:00
[2023-11-09T20:50:08.512-0500] {processor.py:179} INFO - Processing /Users/az/anaconda3/envs/python38/lib/python3.8/site-packages/airflow/example_dags/example_dynamic_task_mapping.py took 0.157 seconds
[2023-11-09T20:52:15.260-0500] {processor.py:157} INFO - Started process (PID=58233) to work on /Users/az/anaconda3/envs/python38/lib/python3.8/site-packages/airflow/example_dags/example_dynamic_task_mapping.py
[2023-11-09T20:52:15.264-0500] {processor.py:829} INFO - Processing file /Users/az/anaconda3/envs/python38/lib/python3.8/site-packages/airflow/example_dags/example_dynamic_task_mapping.py for tasks to queue
[2023-11-09T20:52:15.265-0500] {logging_mixin.py:154} INFO - [2023-11-09T20:52:15.265-0500] {dagbag.py:536} INFO - Filling up the DagBag from /Users/az/anaconda3/envs/python38/lib/python3.8/site-packages/airflow/example_dags/example_dynamic_task_mapping.py
[2023-11-09T20:52:15.296-0500] {processor.py:839} INFO - DAG(s) dict_keys(['example_dynamic_task_mapping']) retrieved from /Users/az/anaconda3/envs/python38/lib/python3.8/site-packages/airflow/example_dags/example_dynamic_task_mapping.py
[2023-11-09T20:52:15.399-0500] {logging_mixin.py:154} INFO - [2023-11-09T20:52:15.399-0500] {dag.py:2941} INFO - Sync 1 DAGs
[2023-11-09T20:52:15.409-0500] {logging_mixin.py:154} INFO - [2023-11-09T20:52:15.408-0500] {dag.py:3722} INFO - Setting next_dagrun for example_dynamic_task_mapping to 2022-03-04T00:00:00+00:00, run_after=2022-03-05T00:00:00+00:00
[2023-11-09T20:52:15.418-0500] {processor.py:179} INFO - Processing /Users/az/anaconda3/envs/python38/lib/python3.8/site-packages/airflow/example_dags/example_dynamic_task_mapping.py took 0.159 seconds
[2023-11-09T20:54:28.353-0500] {processor.py:157} INFO - Started process (PID=58397) to work on /Users/az/anaconda3/envs/python38/lib/python3.8/site-packages/airflow/example_dags/example_dynamic_task_mapping.py
[2023-11-09T20:54:28.358-0500] {processor.py:829} INFO - Processing file /Users/az/anaconda3/envs/python38/lib/python3.8/site-packages/airflow/example_dags/example_dynamic_task_mapping.py for tasks to queue
[2023-11-09T20:54:28.359-0500] {logging_mixin.py:154} INFO - [2023-11-09T20:54:28.358-0500] {dagbag.py:536} INFO - Filling up the DagBag from /Users/az/anaconda3/envs/python38/lib/python3.8/site-packages/airflow/example_dags/example_dynamic_task_mapping.py
[2023-11-09T20:54:28.394-0500] {processor.py:839} INFO - DAG(s) dict_keys(['example_dynamic_task_mapping']) retrieved from /Users/az/anaconda3/envs/python38/lib/python3.8/site-packages/airflow/example_dags/example_dynamic_task_mapping.py
[2023-11-09T20:54:28.557-0500] {logging_mixin.py:154} INFO - [2023-11-09T20:54:28.557-0500] {dag.py:2941} INFO - Sync 1 DAGs
[2023-11-09T20:54:28.569-0500] {logging_mixin.py:154} INFO - [2023-11-09T20:54:28.569-0500] {dag.py:3722} INFO - Setting next_dagrun for example_dynamic_task_mapping to 2022-03-04T00:00:00+00:00, run_after=2022-03-05T00:00:00+00:00
[2023-11-09T20:54:28.579-0500] {processor.py:179} INFO - Processing /Users/az/anaconda3/envs/python38/lib/python3.8/site-packages/airflow/example_dags/example_dynamic_task_mapping.py took 0.226 seconds
[2023-11-09T20:56:41.614-0500] {processor.py:157} INFO - Started process (PID=58563) to work on /Users/az/anaconda3/envs/python38/lib/python3.8/site-packages/airflow/example_dags/example_dynamic_task_mapping.py
[2023-11-09T20:56:41.618-0500] {processor.py:829} INFO - Processing file /Users/az/anaconda3/envs/python38/lib/python3.8/site-packages/airflow/example_dags/example_dynamic_task_mapping.py for tasks to queue
[2023-11-09T20:56:41.618-0500] {logging_mixin.py:154} INFO - [2023-11-09T20:56:41.618-0500] {dagbag.py:536} INFO - Filling up the DagBag from /Users/az/anaconda3/envs/python38/lib/python3.8/site-packages/airflow/example_dags/example_dynamic_task_mapping.py
[2023-11-09T20:56:41.652-0500] {processor.py:839} INFO - DAG(s) dict_keys(['example_dynamic_task_mapping']) retrieved from /Users/az/anaconda3/envs/python38/lib/python3.8/site-packages/airflow/example_dags/example_dynamic_task_mapping.py
[2023-11-09T20:56:41.768-0500] {logging_mixin.py:154} INFO - [2023-11-09T20:56:41.768-0500] {dag.py:2941} INFO - Sync 1 DAGs
[2023-11-09T20:56:41.778-0500] {logging_mixin.py:154} INFO - [2023-11-09T20:56:41.778-0500] {dag.py:3722} INFO - Setting next_dagrun for example_dynamic_task_mapping to 2022-03-04T00:00:00+00:00, run_after=2022-03-05T00:00:00+00:00
[2023-11-09T20:56:41.787-0500] {processor.py:179} INFO - Processing /Users/az/anaconda3/envs/python38/lib/python3.8/site-packages/airflow/example_dags/example_dynamic_task_mapping.py took 0.174 seconds
[2023-11-09T20:58:51.571-0500] {processor.py:157} INFO - Started process (PID=58714) to work on /Users/az/anaconda3/envs/python38/lib/python3.8/site-packages/airflow/example_dags/example_dynamic_task_mapping.py
[2023-11-09T20:58:51.576-0500] {processor.py:829} INFO - Processing file /Users/az/anaconda3/envs/python38/lib/python3.8/site-packages/airflow/example_dags/example_dynamic_task_mapping.py for tasks to queue
[2023-11-09T20:58:51.576-0500] {logging_mixin.py:154} INFO - [2023-11-09T20:58:51.576-0500] {dagbag.py:536} INFO - Filling up the DagBag from /Users/az/anaconda3/envs/python38/lib/python3.8/site-packages/airflow/example_dags/example_dynamic_task_mapping.py
[2023-11-09T20:58:51.620-0500] {processor.py:839} INFO - DAG(s) dict_keys(['example_dynamic_task_mapping']) retrieved from /Users/az/anaconda3/envs/python38/lib/python3.8/site-packages/airflow/example_dags/example_dynamic_task_mapping.py
[2023-11-09T20:58:51.728-0500] {logging_mixin.py:154} INFO - [2023-11-09T20:58:51.728-0500] {dag.py:2941} INFO - Sync 1 DAGs
[2023-11-09T20:58:51.738-0500] {logging_mixin.py:154} INFO - [2023-11-09T20:58:51.738-0500] {dag.py:3722} INFO - Setting next_dagrun for example_dynamic_task_mapping to 2022-03-04T00:00:00+00:00, run_after=2022-03-05T00:00:00+00:00
[2023-11-09T20:58:51.747-0500] {processor.py:179} INFO - Processing /Users/az/anaconda3/envs/python38/lib/python3.8/site-packages/airflow/example_dags/example_dynamic_task_mapping.py took 0.177 seconds
[2023-11-09T21:01:05.437-0500] {processor.py:157} INFO - Started process (PID=58897) to work on /Users/az/anaconda3/envs/python38/lib/python3.8/site-packages/airflow/example_dags/example_dynamic_task_mapping.py
[2023-11-09T21:01:05.441-0500] {processor.py:829} INFO - Processing file /Users/az/anaconda3/envs/python38/lib/python3.8/site-packages/airflow/example_dags/example_dynamic_task_mapping.py for tasks to queue
[2023-11-09T21:01:05.442-0500] {logging_mixin.py:154} INFO - [2023-11-09T21:01:05.442-0500] {dagbag.py:536} INFO - Filling up the DagBag from /Users/az/anaconda3/envs/python38/lib/python3.8/site-packages/airflow/example_dags/example_dynamic_task_mapping.py
[2023-11-09T21:01:05.474-0500] {processor.py:839} INFO - DAG(s) dict_keys(['example_dynamic_task_mapping']) retrieved from /Users/az/anaconda3/envs/python38/lib/python3.8/site-packages/airflow/example_dags/example_dynamic_task_mapping.py
[2023-11-09T21:01:05.578-0500] {logging_mixin.py:154} INFO - [2023-11-09T21:01:05.577-0500] {dag.py:2941} INFO - Sync 1 DAGs
[2023-11-09T21:01:05.587-0500] {logging_mixin.py:154} INFO - [2023-11-09T21:01:05.587-0500] {dag.py:3722} INFO - Setting next_dagrun for example_dynamic_task_mapping to 2022-03-04T00:00:00+00:00, run_after=2022-03-05T00:00:00+00:00
[2023-11-09T21:01:05.597-0500] {processor.py:179} INFO - Processing /Users/az/anaconda3/envs/python38/lib/python3.8/site-packages/airflow/example_dags/example_dynamic_task_mapping.py took 0.161 seconds
[2023-11-09T21:03:12.139-0500] {processor.py:157} INFO - Started process (PID=59059) to work on /Users/az/anaconda3/envs/python38/lib/python3.8/site-packages/airflow/example_dags/example_dynamic_task_mapping.py
[2023-11-09T21:03:12.144-0500] {processor.py:829} INFO - Processing file /Users/az/anaconda3/envs/python38/lib/python3.8/site-packages/airflow/example_dags/example_dynamic_task_mapping.py for tasks to queue
[2023-11-09T21:03:12.144-0500] {logging_mixin.py:154} INFO - [2023-11-09T21:03:12.144-0500] {dagbag.py:536} INFO - Filling up the DagBag from /Users/az/anaconda3/envs/python38/lib/python3.8/site-packages/airflow/example_dags/example_dynamic_task_mapping.py
[2023-11-09T21:03:12.176-0500] {processor.py:839} INFO - DAG(s) dict_keys(['example_dynamic_task_mapping']) retrieved from /Users/az/anaconda3/envs/python38/lib/python3.8/site-packages/airflow/example_dags/example_dynamic_task_mapping.py
[2023-11-09T21:03:12.278-0500] {logging_mixin.py:154} INFO - [2023-11-09T21:03:12.278-0500] {dag.py:2941} INFO - Sync 1 DAGs
[2023-11-09T21:03:12.288-0500] {logging_mixin.py:154} INFO - [2023-11-09T21:03:12.287-0500] {dag.py:3722} INFO - Setting next_dagrun for example_dynamic_task_mapping to 2022-03-04T00:00:00+00:00, run_after=2022-03-05T00:00:00+00:00
[2023-11-09T21:03:12.297-0500] {processor.py:179} INFO - Processing /Users/az/anaconda3/envs/python38/lib/python3.8/site-packages/airflow/example_dags/example_dynamic_task_mapping.py took 0.159 seconds
[2023-11-09T21:05:12.319-0500] {processor.py:157} INFO - Started process (PID=59238) to work on /Users/az/anaconda3/envs/python38/lib/python3.8/site-packages/airflow/example_dags/example_dynamic_task_mapping.py
[2023-11-09T21:05:12.324-0500] {processor.py:829} INFO - Processing file /Users/az/anaconda3/envs/python38/lib/python3.8/site-packages/airflow/example_dags/example_dynamic_task_mapping.py for tasks to queue
[2023-11-09T21:05:12.324-0500] {logging_mixin.py:154} INFO - [2023-11-09T21:05:12.324-0500] {dagbag.py:536} INFO - Filling up the DagBag from /Users/az/anaconda3/envs/python38/lib/python3.8/site-packages/airflow/example_dags/example_dynamic_task_mapping.py
[2023-11-09T21:05:12.356-0500] {processor.py:839} INFO - DAG(s) dict_keys(['example_dynamic_task_mapping']) retrieved from /Users/az/anaconda3/envs/python38/lib/python3.8/site-packages/airflow/example_dags/example_dynamic_task_mapping.py
[2023-11-09T21:05:12.459-0500] {logging_mixin.py:154} INFO - [2023-11-09T21:05:12.459-0500] {dag.py:2941} INFO - Sync 1 DAGs
[2023-11-09T21:05:12.469-0500] {logging_mixin.py:154} INFO - [2023-11-09T21:05:12.469-0500] {dag.py:3722} INFO - Setting next_dagrun for example_dynamic_task_mapping to 2022-03-04T00:00:00+00:00, run_after=2022-03-05T00:00:00+00:00
[2023-11-09T21:05:12.478-0500] {processor.py:179} INFO - Processing /Users/az/anaconda3/envs/python38/lib/python3.8/site-packages/airflow/example_dags/example_dynamic_task_mapping.py took 0.160 seconds
[2023-11-09T21:07:15.616-0500] {processor.py:157} INFO - Started process (PID=59391) to work on /Users/az/anaconda3/envs/python38/lib/python3.8/site-packages/airflow/example_dags/example_dynamic_task_mapping.py
[2023-11-09T21:07:15.620-0500] {processor.py:829} INFO - Processing file /Users/az/anaconda3/envs/python38/lib/python3.8/site-packages/airflow/example_dags/example_dynamic_task_mapping.py for tasks to queue
[2023-11-09T21:07:15.621-0500] {logging_mixin.py:154} INFO - [2023-11-09T21:07:15.621-0500] {dagbag.py:536} INFO - Filling up the DagBag from /Users/az/anaconda3/envs/python38/lib/python3.8/site-packages/airflow/example_dags/example_dynamic_task_mapping.py
[2023-11-09T21:07:15.654-0500] {processor.py:839} INFO - DAG(s) dict_keys(['example_dynamic_task_mapping']) retrieved from /Users/az/anaconda3/envs/python38/lib/python3.8/site-packages/airflow/example_dags/example_dynamic_task_mapping.py
[2023-11-09T21:07:15.758-0500] {logging_mixin.py:154} INFO - [2023-11-09T21:07:15.757-0500] {dag.py:2941} INFO - Sync 1 DAGs
[2023-11-09T21:07:15.767-0500] {logging_mixin.py:154} INFO - [2023-11-09T21:07:15.767-0500] {dag.py:3722} INFO - Setting next_dagrun for example_dynamic_task_mapping to 2022-03-04T00:00:00+00:00, run_after=2022-03-05T00:00:00+00:00
[2023-11-09T21:07:15.777-0500] {processor.py:179} INFO - Processing /Users/az/anaconda3/envs/python38/lib/python3.8/site-packages/airflow/example_dags/example_dynamic_task_mapping.py took 0.162 seconds
[2023-11-09T21:09:12.895-0500] {processor.py:157} INFO - Started process (PID=59539) to work on /Users/az/anaconda3/envs/python38/lib/python3.8/site-packages/airflow/example_dags/example_dynamic_task_mapping.py
[2023-11-09T21:09:12.901-0500] {processor.py:829} INFO - Processing file /Users/az/anaconda3/envs/python38/lib/python3.8/site-packages/airflow/example_dags/example_dynamic_task_mapping.py for tasks to queue
[2023-11-09T21:09:12.902-0500] {logging_mixin.py:154} INFO - [2023-11-09T21:09:12.902-0500] {dagbag.py:536} INFO - Filling up the DagBag from /Users/az/anaconda3/envs/python38/lib/python3.8/site-packages/airflow/example_dags/example_dynamic_task_mapping.py
[2023-11-09T21:09:12.943-0500] {processor.py:839} INFO - DAG(s) dict_keys(['example_dynamic_task_mapping']) retrieved from /Users/az/anaconda3/envs/python38/lib/python3.8/site-packages/airflow/example_dags/example_dynamic_task_mapping.py
[2023-11-09T21:09:13.113-0500] {logging_mixin.py:154} INFO - [2023-11-09T21:09:13.112-0500] {dag.py:2941} INFO - Sync 1 DAGs
[2023-11-09T21:09:13.125-0500] {logging_mixin.py:154} INFO - [2023-11-09T21:09:13.125-0500] {dag.py:3722} INFO - Setting next_dagrun for example_dynamic_task_mapping to 2022-03-04T00:00:00+00:00, run_after=2022-03-05T00:00:00+00:00
[2023-11-09T21:09:13.136-0500] {processor.py:179} INFO - Processing /Users/az/anaconda3/envs/python38/lib/python3.8/site-packages/airflow/example_dags/example_dynamic_task_mapping.py took 0.241 seconds
[2023-11-09T21:11:14.876-0500] {processor.py:157} INFO - Started process (PID=59702) to work on /Users/az/anaconda3/envs/python38/lib/python3.8/site-packages/airflow/example_dags/example_dynamic_task_mapping.py
[2023-11-09T21:11:14.881-0500] {processor.py:829} INFO - Processing file /Users/az/anaconda3/envs/python38/lib/python3.8/site-packages/airflow/example_dags/example_dynamic_task_mapping.py for tasks to queue
[2023-11-09T21:11:14.881-0500] {logging_mixin.py:154} INFO - [2023-11-09T21:11:14.881-0500] {dagbag.py:536} INFO - Filling up the DagBag from /Users/az/anaconda3/envs/python38/lib/python3.8/site-packages/airflow/example_dags/example_dynamic_task_mapping.py
[2023-11-09T21:11:14.914-0500] {processor.py:839} INFO - DAG(s) dict_keys(['example_dynamic_task_mapping']) retrieved from /Users/az/anaconda3/envs/python38/lib/python3.8/site-packages/airflow/example_dags/example_dynamic_task_mapping.py
[2023-11-09T21:11:15.018-0500] {logging_mixin.py:154} INFO - [2023-11-09T21:11:15.018-0500] {dag.py:2941} INFO - Sync 1 DAGs
[2023-11-09T21:11:15.028-0500] {logging_mixin.py:154} INFO - [2023-11-09T21:11:15.028-0500] {dag.py:3722} INFO - Setting next_dagrun for example_dynamic_task_mapping to 2022-03-04T00:00:00+00:00, run_after=2022-03-05T00:00:00+00:00
[2023-11-09T21:11:15.038-0500] {processor.py:179} INFO - Processing /Users/az/anaconda3/envs/python38/lib/python3.8/site-packages/airflow/example_dags/example_dynamic_task_mapping.py took 0.163 seconds
[2023-11-09T21:13:13.606-0500] {processor.py:157} INFO - Started process (PID=59849) to work on /Users/az/anaconda3/envs/python38/lib/python3.8/site-packages/airflow/example_dags/example_dynamic_task_mapping.py
[2023-11-09T21:13:13.611-0500] {processor.py:829} INFO - Processing file /Users/az/anaconda3/envs/python38/lib/python3.8/site-packages/airflow/example_dags/example_dynamic_task_mapping.py for tasks to queue
[2023-11-09T21:13:13.611-0500] {logging_mixin.py:154} INFO - [2023-11-09T21:13:13.611-0500] {dagbag.py:536} INFO - Filling up the DagBag from /Users/az/anaconda3/envs/python38/lib/python3.8/site-packages/airflow/example_dags/example_dynamic_task_mapping.py
[2023-11-09T21:13:13.644-0500] {processor.py:839} INFO - DAG(s) dict_keys(['example_dynamic_task_mapping']) retrieved from /Users/az/anaconda3/envs/python38/lib/python3.8/site-packages/airflow/example_dags/example_dynamic_task_mapping.py
[2023-11-09T21:13:13.748-0500] {logging_mixin.py:154} INFO - [2023-11-09T21:13:13.747-0500] {dag.py:2941} INFO - Sync 1 DAGs
[2023-11-09T21:13:13.757-0500] {logging_mixin.py:154} INFO - [2023-11-09T21:13:13.757-0500] {dag.py:3722} INFO - Setting next_dagrun for example_dynamic_task_mapping to 2022-03-04T00:00:00+00:00, run_after=2022-03-05T00:00:00+00:00
[2023-11-09T21:13:13.767-0500] {processor.py:179} INFO - Processing /Users/az/anaconda3/envs/python38/lib/python3.8/site-packages/airflow/example_dags/example_dynamic_task_mapping.py took 0.162 seconds
