[2023-11-09T19:02:04.961-0500] {processor.py:157} INFO - Started process (PID=48909) to work on /Users/az/anaconda3/envs/python38/lib/python3.8/site-packages/airflow/example_dags/example_short_circuit_decorator.py
[2023-11-09T19:02:04.965-0500] {processor.py:829} INFO - Processing file /Users/az/anaconda3/envs/python38/lib/python3.8/site-packages/airflow/example_dags/example_short_circuit_decorator.py for tasks to queue
[2023-11-09T19:02:04.965-0500] {logging_mixin.py:154} INFO - [2023-11-09T19:02:04.965-0500] {dagbag.py:536} INFO - Filling up the DagBag from /Users/az/anaconda3/envs/python38/lib/python3.8/site-packages/airflow/example_dags/example_short_circuit_decorator.py
[2023-11-09T19:02:04.999-0500] {processor.py:839} INFO - DAG(s) dict_keys(['example_short_circuit_decorator']) retrieved from /Users/az/anaconda3/envs/python38/lib/python3.8/site-packages/airflow/example_dags/example_short_circuit_decorator.py
[2023-11-09T19:02:05.105-0500] {logging_mixin.py:154} INFO - [2023-11-09T19:02:05.104-0500] {dag.py:2941} INFO - Sync 1 DAGs
[2023-11-09T19:02:05.114-0500] {logging_mixin.py:154} INFO - [2023-11-09T19:02:05.114-0500] {dag.py:3722} INFO - Setting next_dagrun for example_short_circuit_decorator to 2023-11-09T00:02:05.114611+00:00, run_after=2023-11-10T00:02:05.114611+00:00
[2023-11-09T19:02:05.124-0500] {processor.py:179} INFO - Processing /Users/az/anaconda3/envs/python38/lib/python3.8/site-packages/airflow/example_dags/example_short_circuit_decorator.py took 0.164 seconds
[2023-11-09T19:04:11.370-0500] {processor.py:157} INFO - Started process (PID=49075) to work on /Users/az/anaconda3/envs/python38/lib/python3.8/site-packages/airflow/example_dags/example_short_circuit_decorator.py
[2023-11-09T19:04:11.375-0500] {processor.py:829} INFO - Processing file /Users/az/anaconda3/envs/python38/lib/python3.8/site-packages/airflow/example_dags/example_short_circuit_decorator.py for tasks to queue
[2023-11-09T19:04:11.375-0500] {logging_mixin.py:154} INFO - [2023-11-09T19:04:11.375-0500] {dagbag.py:536} INFO - Filling up the DagBag from /Users/az/anaconda3/envs/python38/lib/python3.8/site-packages/airflow/example_dags/example_short_circuit_decorator.py
[2023-11-09T19:04:11.408-0500] {processor.py:839} INFO - DAG(s) dict_keys(['example_short_circuit_decorator']) retrieved from /Users/az/anaconda3/envs/python38/lib/python3.8/site-packages/airflow/example_dags/example_short_circuit_decorator.py
[2023-11-09T19:04:11.511-0500] {logging_mixin.py:154} INFO - [2023-11-09T19:04:11.511-0500] {dag.py:2941} INFO - Sync 1 DAGs
[2023-11-09T19:04:11.521-0500] {logging_mixin.py:154} INFO - [2023-11-09T19:04:11.521-0500] {dag.py:3722} INFO - Setting next_dagrun for example_short_circuit_decorator to 2023-11-09T00:04:11.521180+00:00, run_after=2023-11-10T00:04:11.521180+00:00
[2023-11-09T19:04:11.531-0500] {processor.py:179} INFO - Processing /Users/az/anaconda3/envs/python38/lib/python3.8/site-packages/airflow/example_dags/example_short_circuit_decorator.py took 0.161 seconds
[2023-11-09T19:06:09.090-0500] {processor.py:157} INFO - Started process (PID=49226) to work on /Users/az/anaconda3/envs/python38/lib/python3.8/site-packages/airflow/example_dags/example_short_circuit_decorator.py
[2023-11-09T19:06:09.095-0500] {processor.py:829} INFO - Processing file /Users/az/anaconda3/envs/python38/lib/python3.8/site-packages/airflow/example_dags/example_short_circuit_decorator.py for tasks to queue
[2023-11-09T19:06:09.095-0500] {logging_mixin.py:154} INFO - [2023-11-09T19:06:09.095-0500] {dagbag.py:536} INFO - Filling up the DagBag from /Users/az/anaconda3/envs/python38/lib/python3.8/site-packages/airflow/example_dags/example_short_circuit_decorator.py
[2023-11-09T19:06:09.129-0500] {processor.py:839} INFO - DAG(s) dict_keys(['example_short_circuit_decorator']) retrieved from /Users/az/anaconda3/envs/python38/lib/python3.8/site-packages/airflow/example_dags/example_short_circuit_decorator.py
[2023-11-09T19:06:09.232-0500] {logging_mixin.py:154} INFO - [2023-11-09T19:06:09.232-0500] {dag.py:2941} INFO - Sync 1 DAGs
[2023-11-09T19:06:09.242-0500] {logging_mixin.py:154} INFO - [2023-11-09T19:06:09.242-0500] {dag.py:3722} INFO - Setting next_dagrun for example_short_circuit_decorator to 2023-11-09T00:06:09.242077+00:00, run_after=2023-11-10T00:06:09.242077+00:00
[2023-11-09T19:06:09.252-0500] {processor.py:179} INFO - Processing /Users/az/anaconda3/envs/python38/lib/python3.8/site-packages/airflow/example_dags/example_short_circuit_decorator.py took 0.162 seconds
[2023-11-09T19:08:11.611-0500] {processor.py:157} INFO - Started process (PID=49373) to work on /Users/az/anaconda3/envs/python38/lib/python3.8/site-packages/airflow/example_dags/example_short_circuit_decorator.py
[2023-11-09T19:08:11.615-0500] {processor.py:829} INFO - Processing file /Users/az/anaconda3/envs/python38/lib/python3.8/site-packages/airflow/example_dags/example_short_circuit_decorator.py for tasks to queue
[2023-11-09T19:08:11.616-0500] {logging_mixin.py:154} INFO - [2023-11-09T19:08:11.615-0500] {dagbag.py:536} INFO - Filling up the DagBag from /Users/az/anaconda3/envs/python38/lib/python3.8/site-packages/airflow/example_dags/example_short_circuit_decorator.py
[2023-11-09T19:08:11.650-0500] {processor.py:839} INFO - DAG(s) dict_keys(['example_short_circuit_decorator']) retrieved from /Users/az/anaconda3/envs/python38/lib/python3.8/site-packages/airflow/example_dags/example_short_circuit_decorator.py
[2023-11-09T19:08:11.754-0500] {logging_mixin.py:154} INFO - [2023-11-09T19:08:11.754-0500] {dag.py:2941} INFO - Sync 1 DAGs
[2023-11-09T19:08:11.764-0500] {logging_mixin.py:154} INFO - [2023-11-09T19:08:11.763-0500] {dag.py:3722} INFO - Setting next_dagrun for example_short_circuit_decorator to 2023-11-09T00:08:11.763856+00:00, run_after=2023-11-10T00:08:11.763856+00:00
[2023-11-09T19:08:11.774-0500] {processor.py:179} INFO - Processing /Users/az/anaconda3/envs/python38/lib/python3.8/site-packages/airflow/example_dags/example_short_circuit_decorator.py took 0.163 seconds
[2023-11-09T19:10:13.977-0500] {processor.py:157} INFO - Started process (PID=49519) to work on /Users/az/anaconda3/envs/python38/lib/python3.8/site-packages/airflow/example_dags/example_short_circuit_decorator.py
[2023-11-09T19:10:13.981-0500] {processor.py:829} INFO - Processing file /Users/az/anaconda3/envs/python38/lib/python3.8/site-packages/airflow/example_dags/example_short_circuit_decorator.py for tasks to queue
[2023-11-09T19:10:13.982-0500] {logging_mixin.py:154} INFO - [2023-11-09T19:10:13.982-0500] {dagbag.py:536} INFO - Filling up the DagBag from /Users/az/anaconda3/envs/python38/lib/python3.8/site-packages/airflow/example_dags/example_short_circuit_decorator.py
[2023-11-09T19:10:14.019-0500] {processor.py:839} INFO - DAG(s) dict_keys(['example_short_circuit_decorator']) retrieved from /Users/az/anaconda3/envs/python38/lib/python3.8/site-packages/airflow/example_dags/example_short_circuit_decorator.py
[2023-11-09T19:10:14.130-0500] {logging_mixin.py:154} INFO - [2023-11-09T19:10:14.130-0500] {dag.py:2941} INFO - Sync 1 DAGs
[2023-11-09T19:10:14.140-0500] {logging_mixin.py:154} INFO - [2023-11-09T19:10:14.140-0500] {dag.py:3722} INFO - Setting next_dagrun for example_short_circuit_decorator to 2023-11-09T00:10:14.140439+00:00, run_after=2023-11-10T00:10:14.140439+00:00
[2023-11-09T19:10:14.150-0500] {processor.py:179} INFO - Processing /Users/az/anaconda3/envs/python38/lib/python3.8/site-packages/airflow/example_dags/example_short_circuit_decorator.py took 0.174 seconds
[2023-11-09T19:12:15.020-0500] {processor.py:157} INFO - Started process (PID=49676) to work on /Users/az/anaconda3/envs/python38/lib/python3.8/site-packages/airflow/example_dags/example_short_circuit_decorator.py
[2023-11-09T19:12:15.025-0500] {processor.py:829} INFO - Processing file /Users/az/anaconda3/envs/python38/lib/python3.8/site-packages/airflow/example_dags/example_short_circuit_decorator.py for tasks to queue
[2023-11-09T19:12:15.025-0500] {logging_mixin.py:154} INFO - [2023-11-09T19:12:15.025-0500] {dagbag.py:536} INFO - Filling up the DagBag from /Users/az/anaconda3/envs/python38/lib/python3.8/site-packages/airflow/example_dags/example_short_circuit_decorator.py
[2023-11-09T19:12:15.058-0500] {processor.py:839} INFO - DAG(s) dict_keys(['example_short_circuit_decorator']) retrieved from /Users/az/anaconda3/envs/python38/lib/python3.8/site-packages/airflow/example_dags/example_short_circuit_decorator.py
[2023-11-09T19:12:15.162-0500] {logging_mixin.py:154} INFO - [2023-11-09T19:12:15.162-0500] {dag.py:2941} INFO - Sync 1 DAGs
[2023-11-09T19:12:15.171-0500] {logging_mixin.py:154} INFO - [2023-11-09T19:12:15.171-0500] {dag.py:3722} INFO - Setting next_dagrun for example_short_circuit_decorator to 2023-11-09T00:12:15.171817+00:00, run_after=2023-11-10T00:12:15.171817+00:00
[2023-11-09T19:12:15.182-0500] {processor.py:179} INFO - Processing /Users/az/anaconda3/envs/python38/lib/python3.8/site-packages/airflow/example_dags/example_short_circuit_decorator.py took 0.162 seconds
[2023-11-09T19:14:11.423-0500] {processor.py:157} INFO - Started process (PID=49828) to work on /Users/az/anaconda3/envs/python38/lib/python3.8/site-packages/airflow/example_dags/example_short_circuit_decorator.py
[2023-11-09T19:14:11.427-0500] {processor.py:829} INFO - Processing file /Users/az/anaconda3/envs/python38/lib/python3.8/site-packages/airflow/example_dags/example_short_circuit_decorator.py for tasks to queue
[2023-11-09T19:14:11.428-0500] {logging_mixin.py:154} INFO - [2023-11-09T19:14:11.428-0500] {dagbag.py:536} INFO - Filling up the DagBag from /Users/az/anaconda3/envs/python38/lib/python3.8/site-packages/airflow/example_dags/example_short_circuit_decorator.py
[2023-11-09T19:14:11.462-0500] {processor.py:839} INFO - DAG(s) dict_keys(['example_short_circuit_decorator']) retrieved from /Users/az/anaconda3/envs/python38/lib/python3.8/site-packages/airflow/example_dags/example_short_circuit_decorator.py
[2023-11-09T19:14:11.566-0500] {logging_mixin.py:154} INFO - [2023-11-09T19:14:11.566-0500] {dag.py:2941} INFO - Sync 1 DAGs
[2023-11-09T19:14:11.576-0500] {logging_mixin.py:154} INFO - [2023-11-09T19:14:11.576-0500] {dag.py:3722} INFO - Setting next_dagrun for example_short_circuit_decorator to 2023-11-09T00:14:11.576148+00:00, run_after=2023-11-10T00:14:11.576148+00:00
[2023-11-09T19:14:11.586-0500] {processor.py:179} INFO - Processing /Users/az/anaconda3/envs/python38/lib/python3.8/site-packages/airflow/example_dags/example_short_circuit_decorator.py took 0.164 seconds
[2023-11-09T19:16:07.658-0500] {processor.py:157} INFO - Started process (PID=49972) to work on /Users/az/anaconda3/envs/python38/lib/python3.8/site-packages/airflow/example_dags/example_short_circuit_decorator.py
[2023-11-09T19:16:07.663-0500] {processor.py:829} INFO - Processing file /Users/az/anaconda3/envs/python38/lib/python3.8/site-packages/airflow/example_dags/example_short_circuit_decorator.py for tasks to queue
[2023-11-09T19:16:07.663-0500] {logging_mixin.py:154} INFO - [2023-11-09T19:16:07.663-0500] {dagbag.py:536} INFO - Filling up the DagBag from /Users/az/anaconda3/envs/python38/lib/python3.8/site-packages/airflow/example_dags/example_short_circuit_decorator.py
[2023-11-09T19:16:07.698-0500] {processor.py:839} INFO - DAG(s) dict_keys(['example_short_circuit_decorator']) retrieved from /Users/az/anaconda3/envs/python38/lib/python3.8/site-packages/airflow/example_dags/example_short_circuit_decorator.py
[2023-11-09T19:16:07.813-0500] {logging_mixin.py:154} INFO - [2023-11-09T19:16:07.812-0500] {dag.py:2941} INFO - Sync 1 DAGs
[2023-11-09T19:16:07.822-0500] {logging_mixin.py:154} INFO - [2023-11-09T19:16:07.822-0500] {dag.py:3722} INFO - Setting next_dagrun for example_short_circuit_decorator to 2023-11-09T00:16:07.822618+00:00, run_after=2023-11-10T00:16:07.822618+00:00
[2023-11-09T19:16:07.832-0500] {processor.py:179} INFO - Processing /Users/az/anaconda3/envs/python38/lib/python3.8/site-packages/airflow/example_dags/example_short_circuit_decorator.py took 0.174 seconds
[2023-11-09T19:18:18.049-0500] {processor.py:157} INFO - Started process (PID=50132) to work on /Users/az/anaconda3/envs/python38/lib/python3.8/site-packages/airflow/example_dags/example_short_circuit_decorator.py
[2023-11-09T19:18:18.054-0500] {processor.py:829} INFO - Processing file /Users/az/anaconda3/envs/python38/lib/python3.8/site-packages/airflow/example_dags/example_short_circuit_decorator.py for tasks to queue
[2023-11-09T19:18:18.054-0500] {logging_mixin.py:154} INFO - [2023-11-09T19:18:18.054-0500] {dagbag.py:536} INFO - Filling up the DagBag from /Users/az/anaconda3/envs/python38/lib/python3.8/site-packages/airflow/example_dags/example_short_circuit_decorator.py
[2023-11-09T19:18:18.089-0500] {processor.py:839} INFO - DAG(s) dict_keys(['example_short_circuit_decorator']) retrieved from /Users/az/anaconda3/envs/python38/lib/python3.8/site-packages/airflow/example_dags/example_short_circuit_decorator.py
[2023-11-09T19:18:18.200-0500] {logging_mixin.py:154} INFO - [2023-11-09T19:18:18.199-0500] {dag.py:2941} INFO - Sync 1 DAGs
[2023-11-09T19:18:18.209-0500] {logging_mixin.py:154} INFO - [2023-11-09T19:18:18.209-0500] {dag.py:3722} INFO - Setting next_dagrun for example_short_circuit_decorator to 2023-11-09T00:18:18.209633+00:00, run_after=2023-11-10T00:18:18.209633+00:00
[2023-11-09T19:18:18.219-0500] {processor.py:179} INFO - Processing /Users/az/anaconda3/envs/python38/lib/python3.8/site-packages/airflow/example_dags/example_short_circuit_decorator.py took 0.171 seconds
[2023-11-09T19:20:22.521-0500] {processor.py:157} INFO - Started process (PID=50285) to work on /Users/az/anaconda3/envs/python38/lib/python3.8/site-packages/airflow/example_dags/example_short_circuit_decorator.py
[2023-11-09T19:20:22.525-0500] {processor.py:829} INFO - Processing file /Users/az/anaconda3/envs/python38/lib/python3.8/site-packages/airflow/example_dags/example_short_circuit_decorator.py for tasks to queue
[2023-11-09T19:20:22.526-0500] {logging_mixin.py:154} INFO - [2023-11-09T19:20:22.526-0500] {dagbag.py:536} INFO - Filling up the DagBag from /Users/az/anaconda3/envs/python38/lib/python3.8/site-packages/airflow/example_dags/example_short_circuit_decorator.py
[2023-11-09T19:20:22.559-0500] {processor.py:839} INFO - DAG(s) dict_keys(['example_short_circuit_decorator']) retrieved from /Users/az/anaconda3/envs/python38/lib/python3.8/site-packages/airflow/example_dags/example_short_circuit_decorator.py
[2023-11-09T19:20:22.663-0500] {logging_mixin.py:154} INFO - [2023-11-09T19:20:22.663-0500] {dag.py:2941} INFO - Sync 1 DAGs
[2023-11-09T19:20:22.673-0500] {logging_mixin.py:154} INFO - [2023-11-09T19:20:22.673-0500] {dag.py:3722} INFO - Setting next_dagrun for example_short_circuit_decorator to 2023-11-09T00:20:22.673180+00:00, run_after=2023-11-10T00:20:22.673180+00:00
[2023-11-09T19:20:22.683-0500] {processor.py:179} INFO - Processing /Users/az/anaconda3/envs/python38/lib/python3.8/site-packages/airflow/example_dags/example_short_circuit_decorator.py took 0.163 seconds
[2023-11-09T19:22:24.766-0500] {processor.py:157} INFO - Started process (PID=50430) to work on /Users/az/anaconda3/envs/python38/lib/python3.8/site-packages/airflow/example_dags/example_short_circuit_decorator.py
[2023-11-09T19:22:24.770-0500] {processor.py:829} INFO - Processing file /Users/az/anaconda3/envs/python38/lib/python3.8/site-packages/airflow/example_dags/example_short_circuit_decorator.py for tasks to queue
[2023-11-09T19:22:24.770-0500] {logging_mixin.py:154} INFO - [2023-11-09T19:22:24.770-0500] {dagbag.py:536} INFO - Filling up the DagBag from /Users/az/anaconda3/envs/python38/lib/python3.8/site-packages/airflow/example_dags/example_short_circuit_decorator.py
[2023-11-09T19:22:24.808-0500] {processor.py:839} INFO - DAG(s) dict_keys(['example_short_circuit_decorator']) retrieved from /Users/az/anaconda3/envs/python38/lib/python3.8/site-packages/airflow/example_dags/example_short_circuit_decorator.py
[2023-11-09T19:22:24.919-0500] {logging_mixin.py:154} INFO - [2023-11-09T19:22:24.919-0500] {dag.py:2941} INFO - Sync 1 DAGs
[2023-11-09T19:22:24.929-0500] {logging_mixin.py:154} INFO - [2023-11-09T19:22:24.929-0500] {dag.py:3722} INFO - Setting next_dagrun for example_short_circuit_decorator to 2023-11-09T00:22:24.929286+00:00, run_after=2023-11-10T00:22:24.929286+00:00
[2023-11-09T19:22:24.942-0500] {processor.py:179} INFO - Processing /Users/az/anaconda3/envs/python38/lib/python3.8/site-packages/airflow/example_dags/example_short_circuit_decorator.py took 0.176 seconds
[2023-11-09T19:23:37.475-0500] {processor.py:157} INFO - Started process (PID=50536) to work on /Users/az/anaconda3/envs/python38/lib/python3.8/site-packages/airflow/example_dags/example_short_circuit_decorator.py
[2023-11-09T19:23:37.480-0500] {processor.py:829} INFO - Processing file /Users/az/anaconda3/envs/python38/lib/python3.8/site-packages/airflow/example_dags/example_short_circuit_decorator.py for tasks to queue
[2023-11-09T19:23:37.480-0500] {logging_mixin.py:154} INFO - [2023-11-09T19:23:37.480-0500] {dagbag.py:536} INFO - Filling up the DagBag from /Users/az/anaconda3/envs/python38/lib/python3.8/site-packages/airflow/example_dags/example_short_circuit_decorator.py
[2023-11-09T19:23:37.514-0500] {processor.py:839} INFO - DAG(s) dict_keys(['example_short_circuit_decorator']) retrieved from /Users/az/anaconda3/envs/python38/lib/python3.8/site-packages/airflow/example_dags/example_short_circuit_decorator.py
[2023-11-09T19:23:37.619-0500] {logging_mixin.py:154} INFO - [2023-11-09T19:23:37.619-0500] {dag.py:2941} INFO - Sync 1 DAGs
[2023-11-09T19:23:37.629-0500] {logging_mixin.py:154} INFO - [2023-11-09T19:23:37.629-0500] {dag.py:3722} INFO - Setting next_dagrun for example_short_circuit_decorator to 2023-11-09T00:23:37.629205+00:00, run_after=2023-11-10T00:23:37.629205+00:00
[2023-11-09T19:23:37.639-0500] {processor.py:179} INFO - Processing /Users/az/anaconda3/envs/python38/lib/python3.8/site-packages/airflow/example_dags/example_short_circuit_decorator.py took 0.164 seconds
[2023-11-09T19:25:39.487-0500] {processor.py:157} INFO - Started process (PID=50687) to work on /Users/az/anaconda3/envs/python38/lib/python3.8/site-packages/airflow/example_dags/example_short_circuit_decorator.py
[2023-11-09T19:25:39.492-0500] {processor.py:829} INFO - Processing file /Users/az/anaconda3/envs/python38/lib/python3.8/site-packages/airflow/example_dags/example_short_circuit_decorator.py for tasks to queue
[2023-11-09T19:25:39.492-0500] {logging_mixin.py:154} INFO - [2023-11-09T19:25:39.492-0500] {dagbag.py:536} INFO - Filling up the DagBag from /Users/az/anaconda3/envs/python38/lib/python3.8/site-packages/airflow/example_dags/example_short_circuit_decorator.py
[2023-11-09T19:25:39.529-0500] {processor.py:839} INFO - DAG(s) dict_keys(['example_short_circuit_decorator']) retrieved from /Users/az/anaconda3/envs/python38/lib/python3.8/site-packages/airflow/example_dags/example_short_circuit_decorator.py
[2023-11-09T19:25:39.632-0500] {logging_mixin.py:154} INFO - [2023-11-09T19:25:39.632-0500] {dag.py:2941} INFO - Sync 1 DAGs
[2023-11-09T19:25:39.642-0500] {logging_mixin.py:154} INFO - [2023-11-09T19:25:39.642-0500] {dag.py:3722} INFO - Setting next_dagrun for example_short_circuit_decorator to 2023-11-09T00:25:39.642241+00:00, run_after=2023-11-10T00:25:39.642241+00:00
[2023-11-09T19:25:39.652-0500] {processor.py:179} INFO - Processing /Users/az/anaconda3/envs/python38/lib/python3.8/site-packages/airflow/example_dags/example_short_circuit_decorator.py took 0.165 seconds
[2023-11-09T19:27:54.229-0500] {processor.py:157} INFO - Started process (PID=50857) to work on /Users/az/anaconda3/envs/python38/lib/python3.8/site-packages/airflow/example_dags/example_short_circuit_decorator.py
[2023-11-09T19:27:54.234-0500] {processor.py:829} INFO - Processing file /Users/az/anaconda3/envs/python38/lib/python3.8/site-packages/airflow/example_dags/example_short_circuit_decorator.py for tasks to queue
[2023-11-09T19:27:54.234-0500] {logging_mixin.py:154} INFO - [2023-11-09T19:27:54.234-0500] {dagbag.py:536} INFO - Filling up the DagBag from /Users/az/anaconda3/envs/python38/lib/python3.8/site-packages/airflow/example_dags/example_short_circuit_decorator.py
[2023-11-09T19:27:54.267-0500] {processor.py:839} INFO - DAG(s) dict_keys(['example_short_circuit_decorator']) retrieved from /Users/az/anaconda3/envs/python38/lib/python3.8/site-packages/airflow/example_dags/example_short_circuit_decorator.py
[2023-11-09T19:27:54.371-0500] {logging_mixin.py:154} INFO - [2023-11-09T19:27:54.371-0500] {dag.py:2941} INFO - Sync 1 DAGs
[2023-11-09T19:27:54.381-0500] {logging_mixin.py:154} INFO - [2023-11-09T19:27:54.381-0500] {dag.py:3722} INFO - Setting next_dagrun for example_short_circuit_decorator to 2023-11-09T00:27:54.381362+00:00, run_after=2023-11-10T00:27:54.381362+00:00
[2023-11-09T19:27:54.391-0500] {processor.py:179} INFO - Processing /Users/az/anaconda3/envs/python38/lib/python3.8/site-packages/airflow/example_dags/example_short_circuit_decorator.py took 0.163 seconds
[2023-11-09T19:29:02.565-0500] {processor.py:157} INFO - Started process (PID=50939) to work on /Users/az/anaconda3/envs/python38/lib/python3.8/site-packages/airflow/example_dags/example_short_circuit_decorator.py
[2023-11-09T19:29:02.569-0500] {processor.py:829} INFO - Processing file /Users/az/anaconda3/envs/python38/lib/python3.8/site-packages/airflow/example_dags/example_short_circuit_decorator.py for tasks to queue
[2023-11-09T19:29:02.569-0500] {logging_mixin.py:154} INFO - [2023-11-09T19:29:02.569-0500] {dagbag.py:536} INFO - Filling up the DagBag from /Users/az/anaconda3/envs/python38/lib/python3.8/site-packages/airflow/example_dags/example_short_circuit_decorator.py
[2023-11-09T19:29:02.602-0500] {processor.py:839} INFO - DAG(s) dict_keys(['example_short_circuit_decorator']) retrieved from /Users/az/anaconda3/envs/python38/lib/python3.8/site-packages/airflow/example_dags/example_short_circuit_decorator.py
[2023-11-09T19:29:02.706-0500] {logging_mixin.py:154} INFO - [2023-11-09T19:29:02.706-0500] {dag.py:2941} INFO - Sync 1 DAGs
[2023-11-09T19:29:02.715-0500] {logging_mixin.py:154} INFO - [2023-11-09T19:29:02.715-0500] {dag.py:3722} INFO - Setting next_dagrun for example_short_circuit_decorator to 2023-11-09T00:29:02.715797+00:00, run_after=2023-11-10T00:29:02.715797+00:00
[2023-11-09T19:29:02.726-0500] {processor.py:179} INFO - Processing /Users/az/anaconda3/envs/python38/lib/python3.8/site-packages/airflow/example_dags/example_short_circuit_decorator.py took 0.161 seconds
[2023-11-09T19:31:06.678-0500] {processor.py:157} INFO - Started process (PID=51096) to work on /Users/az/anaconda3/envs/python38/lib/python3.8/site-packages/airflow/example_dags/example_short_circuit_decorator.py
[2023-11-09T19:31:06.682-0500] {processor.py:829} INFO - Processing file /Users/az/anaconda3/envs/python38/lib/python3.8/site-packages/airflow/example_dags/example_short_circuit_decorator.py for tasks to queue
[2023-11-09T19:31:06.682-0500] {logging_mixin.py:154} INFO - [2023-11-09T19:31:06.682-0500] {dagbag.py:536} INFO - Filling up the DagBag from /Users/az/anaconda3/envs/python38/lib/python3.8/site-packages/airflow/example_dags/example_short_circuit_decorator.py
[2023-11-09T19:31:06.717-0500] {processor.py:839} INFO - DAG(s) dict_keys(['example_short_circuit_decorator']) retrieved from /Users/az/anaconda3/envs/python38/lib/python3.8/site-packages/airflow/example_dags/example_short_circuit_decorator.py
[2023-11-09T19:31:06.826-0500] {logging_mixin.py:154} INFO - [2023-11-09T19:31:06.826-0500] {dag.py:2941} INFO - Sync 1 DAGs
[2023-11-09T19:31:06.836-0500] {logging_mixin.py:154} INFO - [2023-11-09T19:31:06.836-0500] {dag.py:3722} INFO - Setting next_dagrun for example_short_circuit_decorator to 2023-11-09T00:31:06.835938+00:00, run_after=2023-11-10T00:31:06.835938+00:00
[2023-11-09T19:31:06.845-0500] {processor.py:179} INFO - Processing /Users/az/anaconda3/envs/python38/lib/python3.8/site-packages/airflow/example_dags/example_short_circuit_decorator.py took 0.168 seconds
[2023-11-09T19:33:21.097-0500] {processor.py:157} INFO - Started process (PID=51256) to work on /Users/az/anaconda3/envs/python38/lib/python3.8/site-packages/airflow/example_dags/example_short_circuit_decorator.py
[2023-11-09T19:33:21.102-0500] {processor.py:829} INFO - Processing file /Users/az/anaconda3/envs/python38/lib/python3.8/site-packages/airflow/example_dags/example_short_circuit_decorator.py for tasks to queue
[2023-11-09T19:33:21.102-0500] {logging_mixin.py:154} INFO - [2023-11-09T19:33:21.102-0500] {dagbag.py:536} INFO - Filling up the DagBag from /Users/az/anaconda3/envs/python38/lib/python3.8/site-packages/airflow/example_dags/example_short_circuit_decorator.py
[2023-11-09T19:33:21.135-0500] {processor.py:839} INFO - DAG(s) dict_keys(['example_short_circuit_decorator']) retrieved from /Users/az/anaconda3/envs/python38/lib/python3.8/site-packages/airflow/example_dags/example_short_circuit_decorator.py
[2023-11-09T19:33:21.239-0500] {logging_mixin.py:154} INFO - [2023-11-09T19:33:21.239-0500] {dag.py:2941} INFO - Sync 1 DAGs
[2023-11-09T19:33:21.249-0500] {logging_mixin.py:154} INFO - [2023-11-09T19:33:21.249-0500] {dag.py:3722} INFO - Setting next_dagrun for example_short_circuit_decorator to 2023-11-09T00:33:21.249086+00:00, run_after=2023-11-10T00:33:21.249086+00:00
[2023-11-09T19:33:21.259-0500] {processor.py:179} INFO - Processing /Users/az/anaconda3/envs/python38/lib/python3.8/site-packages/airflow/example_dags/example_short_circuit_decorator.py took 0.162 seconds
[2023-11-09T19:35:41.726-0500] {processor.py:157} INFO - Started process (PID=53276) to work on /Users/az/anaconda3/envs/python38/lib/python3.8/site-packages/airflow/example_dags/example_short_circuit_decorator.py
[2023-11-09T19:35:41.731-0500] {processor.py:829} INFO - Processing file /Users/az/anaconda3/envs/python38/lib/python3.8/site-packages/airflow/example_dags/example_short_circuit_decorator.py for tasks to queue
[2023-11-09T19:35:41.731-0500] {logging_mixin.py:154} INFO - [2023-11-09T19:35:41.731-0500] {dagbag.py:536} INFO - Filling up the DagBag from /Users/az/anaconda3/envs/python38/lib/python3.8/site-packages/airflow/example_dags/example_short_circuit_decorator.py
[2023-11-09T19:35:41.764-0500] {processor.py:839} INFO - DAG(s) dict_keys(['example_short_circuit_decorator']) retrieved from /Users/az/anaconda3/envs/python38/lib/python3.8/site-packages/airflow/example_dags/example_short_circuit_decorator.py
[2023-11-09T19:35:41.868-0500] {logging_mixin.py:154} INFO - [2023-11-09T19:35:41.868-0500] {dag.py:2941} INFO - Sync 1 DAGs
[2023-11-09T19:35:41.878-0500] {logging_mixin.py:154} INFO - [2023-11-09T19:35:41.878-0500] {dag.py:3722} INFO - Setting next_dagrun for example_short_circuit_decorator to 2023-11-09T00:35:41.878024+00:00, run_after=2023-11-10T00:35:41.878024+00:00
[2023-11-09T19:35:41.888-0500] {processor.py:179} INFO - Processing /Users/az/anaconda3/envs/python38/lib/python3.8/site-packages/airflow/example_dags/example_short_circuit_decorator.py took 0.162 seconds
[2023-11-09T19:37:38.454-0500] {processor.py:157} INFO - Started process (PID=53425) to work on /Users/az/anaconda3/envs/python38/lib/python3.8/site-packages/airflow/example_dags/example_short_circuit_decorator.py
[2023-11-09T19:37:38.458-0500] {processor.py:829} INFO - Processing file /Users/az/anaconda3/envs/python38/lib/python3.8/site-packages/airflow/example_dags/example_short_circuit_decorator.py for tasks to queue
[2023-11-09T19:37:38.459-0500] {logging_mixin.py:154} INFO - [2023-11-09T19:37:38.459-0500] {dagbag.py:536} INFO - Filling up the DagBag from /Users/az/anaconda3/envs/python38/lib/python3.8/site-packages/airflow/example_dags/example_short_circuit_decorator.py
[2023-11-09T19:37:38.492-0500] {processor.py:839} INFO - DAG(s) dict_keys(['example_short_circuit_decorator']) retrieved from /Users/az/anaconda3/envs/python38/lib/python3.8/site-packages/airflow/example_dags/example_short_circuit_decorator.py
[2023-11-09T19:37:38.596-0500] {logging_mixin.py:154} INFO - [2023-11-09T19:37:38.596-0500] {dag.py:2941} INFO - Sync 1 DAGs
[2023-11-09T19:37:38.605-0500] {logging_mixin.py:154} INFO - [2023-11-09T19:37:38.605-0500] {dag.py:3722} INFO - Setting next_dagrun for example_short_circuit_decorator to 2023-11-09T00:37:38.605691+00:00, run_after=2023-11-10T00:37:38.605691+00:00
[2023-11-09T19:37:38.616-0500] {processor.py:179} INFO - Processing /Users/az/anaconda3/envs/python38/lib/python3.8/site-packages/airflow/example_dags/example_short_circuit_decorator.py took 0.162 seconds
[2023-11-09T19:39:38.418-0500] {processor.py:157} INFO - Started process (PID=53576) to work on /Users/az/anaconda3/envs/python38/lib/python3.8/site-packages/airflow/example_dags/example_short_circuit_decorator.py
[2023-11-09T19:39:38.422-0500] {processor.py:829} INFO - Processing file /Users/az/anaconda3/envs/python38/lib/python3.8/site-packages/airflow/example_dags/example_short_circuit_decorator.py for tasks to queue
[2023-11-09T19:39:38.423-0500] {logging_mixin.py:154} INFO - [2023-11-09T19:39:38.423-0500] {dagbag.py:536} INFO - Filling up the DagBag from /Users/az/anaconda3/envs/python38/lib/python3.8/site-packages/airflow/example_dags/example_short_circuit_decorator.py
[2023-11-09T19:39:38.456-0500] {processor.py:839} INFO - DAG(s) dict_keys(['example_short_circuit_decorator']) retrieved from /Users/az/anaconda3/envs/python38/lib/python3.8/site-packages/airflow/example_dags/example_short_circuit_decorator.py
[2023-11-09T19:39:38.560-0500] {logging_mixin.py:154} INFO - [2023-11-09T19:39:38.560-0500] {dag.py:2941} INFO - Sync 1 DAGs
[2023-11-09T19:39:38.569-0500] {logging_mixin.py:154} INFO - [2023-11-09T19:39:38.569-0500] {dag.py:3722} INFO - Setting next_dagrun for example_short_circuit_decorator to 2023-11-09T00:39:38.569624+00:00, run_after=2023-11-10T00:39:38.569624+00:00
[2023-11-09T19:39:38.579-0500] {processor.py:179} INFO - Processing /Users/az/anaconda3/envs/python38/lib/python3.8/site-packages/airflow/example_dags/example_short_circuit_decorator.py took 0.162 seconds
[2023-11-09T19:41:38.997-0500] {processor.py:157} INFO - Started process (PID=53751) to work on /Users/az/anaconda3/envs/python38/lib/python3.8/site-packages/airflow/example_dags/example_short_circuit_decorator.py
[2023-11-09T19:41:39.001-0500] {processor.py:829} INFO - Processing file /Users/az/anaconda3/envs/python38/lib/python3.8/site-packages/airflow/example_dags/example_short_circuit_decorator.py for tasks to queue
[2023-11-09T19:41:39.001-0500] {logging_mixin.py:154} INFO - [2023-11-09T19:41:39.001-0500] {dagbag.py:536} INFO - Filling up the DagBag from /Users/az/anaconda3/envs/python38/lib/python3.8/site-packages/airflow/example_dags/example_short_circuit_decorator.py
[2023-11-09T19:41:39.063-0500] {processor.py:839} INFO - DAG(s) dict_keys(['example_short_circuit_decorator']) retrieved from /Users/az/anaconda3/envs/python38/lib/python3.8/site-packages/airflow/example_dags/example_short_circuit_decorator.py
[2023-11-09T19:41:39.428-0500] {logging_mixin.py:154} INFO - [2023-11-09T19:41:39.427-0500] {dag.py:2941} INFO - Sync 1 DAGs
[2023-11-09T19:41:39.468-0500] {logging_mixin.py:154} INFO - [2023-11-09T19:41:39.468-0500] {dag.py:3722} INFO - Setting next_dagrun for example_short_circuit_decorator to 2023-11-09T00:41:39.468233+00:00, run_after=2023-11-10T00:41:39.468233+00:00
[2023-11-09T19:41:39.480-0500] {processor.py:179} INFO - Processing /Users/az/anaconda3/envs/python38/lib/python3.8/site-packages/airflow/example_dags/example_short_circuit_decorator.py took 0.483 seconds
[2023-11-09T19:43:50.050-0500] {processor.py:157} INFO - Started process (PID=54193) to work on /Users/az/anaconda3/envs/python38/lib/python3.8/site-packages/airflow/example_dags/example_short_circuit_decorator.py
[2023-11-09T19:43:50.055-0500] {processor.py:829} INFO - Processing file /Users/az/anaconda3/envs/python38/lib/python3.8/site-packages/airflow/example_dags/example_short_circuit_decorator.py for tasks to queue
[2023-11-09T19:43:50.056-0500] {logging_mixin.py:154} INFO - [2023-11-09T19:43:50.055-0500] {dagbag.py:536} INFO - Filling up the DagBag from /Users/az/anaconda3/envs/python38/lib/python3.8/site-packages/airflow/example_dags/example_short_circuit_decorator.py
[2023-11-09T19:43:50.089-0500] {processor.py:839} INFO - DAG(s) dict_keys(['example_short_circuit_decorator']) retrieved from /Users/az/anaconda3/envs/python38/lib/python3.8/site-packages/airflow/example_dags/example_short_circuit_decorator.py
[2023-11-09T19:43:50.192-0500] {logging_mixin.py:154} INFO - [2023-11-09T19:43:50.192-0500] {dag.py:2941} INFO - Sync 1 DAGs
[2023-11-09T19:43:50.202-0500] {logging_mixin.py:154} INFO - [2023-11-09T19:43:50.202-0500] {dag.py:3722} INFO - Setting next_dagrun for example_short_circuit_decorator to 2023-11-09T00:43:50.202518+00:00, run_after=2023-11-10T00:43:50.202518+00:00
[2023-11-09T19:43:50.212-0500] {processor.py:179} INFO - Processing /Users/az/anaconda3/envs/python38/lib/python3.8/site-packages/airflow/example_dags/example_short_circuit_decorator.py took 0.162 seconds
[2023-11-09T19:45:49.089-0500] {processor.py:157} INFO - Started process (PID=54342) to work on /Users/az/anaconda3/envs/python38/lib/python3.8/site-packages/airflow/example_dags/example_short_circuit_decorator.py
[2023-11-09T19:45:49.093-0500] {processor.py:829} INFO - Processing file /Users/az/anaconda3/envs/python38/lib/python3.8/site-packages/airflow/example_dags/example_short_circuit_decorator.py for tasks to queue
[2023-11-09T19:45:49.094-0500] {logging_mixin.py:154} INFO - [2023-11-09T19:45:49.094-0500] {dagbag.py:536} INFO - Filling up the DagBag from /Users/az/anaconda3/envs/python38/lib/python3.8/site-packages/airflow/example_dags/example_short_circuit_decorator.py
[2023-11-09T19:45:49.127-0500] {processor.py:839} INFO - DAG(s) dict_keys(['example_short_circuit_decorator']) retrieved from /Users/az/anaconda3/envs/python38/lib/python3.8/site-packages/airflow/example_dags/example_short_circuit_decorator.py
[2023-11-09T19:45:49.231-0500] {logging_mixin.py:154} INFO - [2023-11-09T19:45:49.231-0500] {dag.py:2941} INFO - Sync 1 DAGs
[2023-11-09T19:45:49.241-0500] {logging_mixin.py:154} INFO - [2023-11-09T19:45:49.241-0500] {dag.py:3722} INFO - Setting next_dagrun for example_short_circuit_decorator to 2023-11-09T00:45:49.241361+00:00, run_after=2023-11-10T00:45:49.241361+00:00
[2023-11-09T19:45:49.251-0500] {processor.py:179} INFO - Processing /Users/az/anaconda3/envs/python38/lib/python3.8/site-packages/airflow/example_dags/example_short_circuit_decorator.py took 0.163 seconds
[2023-11-09T19:47:46.350-0500] {processor.py:157} INFO - Started process (PID=54495) to work on /Users/az/anaconda3/envs/python38/lib/python3.8/site-packages/airflow/example_dags/example_short_circuit_decorator.py
[2023-11-09T19:47:46.354-0500] {processor.py:829} INFO - Processing file /Users/az/anaconda3/envs/python38/lib/python3.8/site-packages/airflow/example_dags/example_short_circuit_decorator.py for tasks to queue
[2023-11-09T19:47:46.355-0500] {logging_mixin.py:154} INFO - [2023-11-09T19:47:46.355-0500] {dagbag.py:536} INFO - Filling up the DagBag from /Users/az/anaconda3/envs/python38/lib/python3.8/site-packages/airflow/example_dags/example_short_circuit_decorator.py
[2023-11-09T19:47:46.390-0500] {processor.py:839} INFO - DAG(s) dict_keys(['example_short_circuit_decorator']) retrieved from /Users/az/anaconda3/envs/python38/lib/python3.8/site-packages/airflow/example_dags/example_short_circuit_decorator.py
[2023-11-09T19:47:46.532-0500] {logging_mixin.py:154} INFO - [2023-11-09T19:47:46.532-0500] {dag.py:2941} INFO - Sync 1 DAGs
[2023-11-09T19:47:46.548-0500] {logging_mixin.py:154} INFO - [2023-11-09T19:47:46.548-0500] {dag.py:3722} INFO - Setting next_dagrun for example_short_circuit_decorator to 2023-11-09T00:47:46.547948+00:00, run_after=2023-11-10T00:47:46.547948+00:00
[2023-11-09T19:47:46.561-0500] {processor.py:179} INFO - Processing /Users/az/anaconda3/envs/python38/lib/python3.8/site-packages/airflow/example_dags/example_short_circuit_decorator.py took 0.211 seconds
[2023-11-09T19:49:43.504-0500] {processor.py:157} INFO - Started process (PID=54639) to work on /Users/az/anaconda3/envs/python38/lib/python3.8/site-packages/airflow/example_dags/example_short_circuit_decorator.py
[2023-11-09T19:49:43.509-0500] {processor.py:829} INFO - Processing file /Users/az/anaconda3/envs/python38/lib/python3.8/site-packages/airflow/example_dags/example_short_circuit_decorator.py for tasks to queue
[2023-11-09T19:49:43.509-0500] {logging_mixin.py:154} INFO - [2023-11-09T19:49:43.509-0500] {dagbag.py:536} INFO - Filling up the DagBag from /Users/az/anaconda3/envs/python38/lib/python3.8/site-packages/airflow/example_dags/example_short_circuit_decorator.py
[2023-11-09T19:49:43.543-0500] {processor.py:839} INFO - DAG(s) dict_keys(['example_short_circuit_decorator']) retrieved from /Users/az/anaconda3/envs/python38/lib/python3.8/site-packages/airflow/example_dags/example_short_circuit_decorator.py
[2023-11-09T19:49:43.649-0500] {logging_mixin.py:154} INFO - [2023-11-09T19:49:43.649-0500] {dag.py:2941} INFO - Sync 1 DAGs
[2023-11-09T19:49:43.659-0500] {logging_mixin.py:154} INFO - [2023-11-09T19:49:43.659-0500] {dag.py:3722} INFO - Setting next_dagrun for example_short_circuit_decorator to 2023-11-09T00:49:43.658970+00:00, run_after=2023-11-10T00:49:43.658970+00:00
[2023-11-09T19:49:43.669-0500] {processor.py:179} INFO - Processing /Users/az/anaconda3/envs/python38/lib/python3.8/site-packages/airflow/example_dags/example_short_circuit_decorator.py took 0.165 seconds
[2023-11-09T19:51:42.706-0500] {processor.py:157} INFO - Started process (PID=54789) to work on /Users/az/anaconda3/envs/python38/lib/python3.8/site-packages/airflow/example_dags/example_short_circuit_decorator.py
[2023-11-09T19:51:42.710-0500] {processor.py:829} INFO - Processing file /Users/az/anaconda3/envs/python38/lib/python3.8/site-packages/airflow/example_dags/example_short_circuit_decorator.py for tasks to queue
[2023-11-09T19:51:42.711-0500] {logging_mixin.py:154} INFO - [2023-11-09T19:51:42.711-0500] {dagbag.py:536} INFO - Filling up the DagBag from /Users/az/anaconda3/envs/python38/lib/python3.8/site-packages/airflow/example_dags/example_short_circuit_decorator.py
[2023-11-09T19:51:42.744-0500] {processor.py:839} INFO - DAG(s) dict_keys(['example_short_circuit_decorator']) retrieved from /Users/az/anaconda3/envs/python38/lib/python3.8/site-packages/airflow/example_dags/example_short_circuit_decorator.py
[2023-11-09T19:51:42.848-0500] {logging_mixin.py:154} INFO - [2023-11-09T19:51:42.847-0500] {dag.py:2941} INFO - Sync 1 DAGs
[2023-11-09T19:51:42.857-0500] {logging_mixin.py:154} INFO - [2023-11-09T19:51:42.857-0500] {dag.py:3722} INFO - Setting next_dagrun for example_short_circuit_decorator to 2023-11-09T00:51:42.857439+00:00, run_after=2023-11-10T00:51:42.857439+00:00
[2023-11-09T19:51:42.867-0500] {processor.py:179} INFO - Processing /Users/az/anaconda3/envs/python38/lib/python3.8/site-packages/airflow/example_dags/example_short_circuit_decorator.py took 0.162 seconds
[2023-11-09T19:53:43.861-0500] {processor.py:157} INFO - Started process (PID=54951) to work on /Users/az/anaconda3/envs/python38/lib/python3.8/site-packages/airflow/example_dags/example_short_circuit_decorator.py
[2023-11-09T19:53:43.865-0500] {processor.py:829} INFO - Processing file /Users/az/anaconda3/envs/python38/lib/python3.8/site-packages/airflow/example_dags/example_short_circuit_decorator.py for tasks to queue
[2023-11-09T19:53:43.866-0500] {logging_mixin.py:154} INFO - [2023-11-09T19:53:43.865-0500] {dagbag.py:536} INFO - Filling up the DagBag from /Users/az/anaconda3/envs/python38/lib/python3.8/site-packages/airflow/example_dags/example_short_circuit_decorator.py
[2023-11-09T19:53:43.899-0500] {processor.py:839} INFO - DAG(s) dict_keys(['example_short_circuit_decorator']) retrieved from /Users/az/anaconda3/envs/python38/lib/python3.8/site-packages/airflow/example_dags/example_short_circuit_decorator.py
[2023-11-09T19:53:44.004-0500] {logging_mixin.py:154} INFO - [2023-11-09T19:53:44.003-0500] {dag.py:2941} INFO - Sync 1 DAGs
[2023-11-09T19:53:44.013-0500] {logging_mixin.py:154} INFO - [2023-11-09T19:53:44.013-0500] {dag.py:3722} INFO - Setting next_dagrun for example_short_circuit_decorator to 2023-11-09T00:53:44.013598+00:00, run_after=2023-11-10T00:53:44.013598+00:00
[2023-11-09T19:53:44.023-0500] {processor.py:179} INFO - Processing /Users/az/anaconda3/envs/python38/lib/python3.8/site-packages/airflow/example_dags/example_short_circuit_decorator.py took 0.163 seconds
[2023-11-09T19:55:39.520-0500] {processor.py:157} INFO - Started process (PID=55095) to work on /Users/az/anaconda3/envs/python38/lib/python3.8/site-packages/airflow/example_dags/example_short_circuit_decorator.py
[2023-11-09T19:55:39.524-0500] {processor.py:829} INFO - Processing file /Users/az/anaconda3/envs/python38/lib/python3.8/site-packages/airflow/example_dags/example_short_circuit_decorator.py for tasks to queue
[2023-11-09T19:55:39.525-0500] {logging_mixin.py:154} INFO - [2023-11-09T19:55:39.525-0500] {dagbag.py:536} INFO - Filling up the DagBag from /Users/az/anaconda3/envs/python38/lib/python3.8/site-packages/airflow/example_dags/example_short_circuit_decorator.py
[2023-11-09T19:55:39.559-0500] {processor.py:839} INFO - DAG(s) dict_keys(['example_short_circuit_decorator']) retrieved from /Users/az/anaconda3/envs/python38/lib/python3.8/site-packages/airflow/example_dags/example_short_circuit_decorator.py
[2023-11-09T19:55:39.662-0500] {logging_mixin.py:154} INFO - [2023-11-09T19:55:39.662-0500] {dag.py:2941} INFO - Sync 1 DAGs
[2023-11-09T19:55:39.672-0500] {logging_mixin.py:154} INFO - [2023-11-09T19:55:39.672-0500] {dag.py:3722} INFO - Setting next_dagrun for example_short_circuit_decorator to 2023-11-09T00:55:39.672342+00:00, run_after=2023-11-10T00:55:39.672342+00:00
[2023-11-09T19:55:39.682-0500] {processor.py:179} INFO - Processing /Users/az/anaconda3/envs/python38/lib/python3.8/site-packages/airflow/example_dags/example_short_circuit_decorator.py took 0.162 seconds
[2023-11-09T19:57:41.401-0500] {processor.py:157} INFO - Started process (PID=55258) to work on /Users/az/anaconda3/envs/python38/lib/python3.8/site-packages/airflow/example_dags/example_short_circuit_decorator.py
[2023-11-09T19:57:41.405-0500] {processor.py:829} INFO - Processing file /Users/az/anaconda3/envs/python38/lib/python3.8/site-packages/airflow/example_dags/example_short_circuit_decorator.py for tasks to queue
[2023-11-09T19:57:41.405-0500] {logging_mixin.py:154} INFO - [2023-11-09T19:57:41.405-0500] {dagbag.py:536} INFO - Filling up the DagBag from /Users/az/anaconda3/envs/python38/lib/python3.8/site-packages/airflow/example_dags/example_short_circuit_decorator.py
[2023-11-09T19:57:41.470-0500] {processor.py:839} INFO - DAG(s) dict_keys(['example_short_circuit_decorator']) retrieved from /Users/az/anaconda3/envs/python38/lib/python3.8/site-packages/airflow/example_dags/example_short_circuit_decorator.py
[2023-11-09T19:57:41.630-0500] {logging_mixin.py:154} INFO - [2023-11-09T19:57:41.630-0500] {dag.py:2941} INFO - Sync 1 DAGs
[2023-11-09T19:57:41.648-0500] {logging_mixin.py:154} INFO - [2023-11-09T19:57:41.648-0500] {dag.py:3722} INFO - Setting next_dagrun for example_short_circuit_decorator to 2023-11-09T00:57:41.648597+00:00, run_after=2023-11-10T00:57:41.648597+00:00
[2023-11-09T19:57:41.669-0500] {processor.py:179} INFO - Processing /Users/az/anaconda3/envs/python38/lib/python3.8/site-packages/airflow/example_dags/example_short_circuit_decorator.py took 0.269 seconds
[2023-11-09T19:59:40.605-0500] {processor.py:157} INFO - Started process (PID=55407) to work on /Users/az/anaconda3/envs/python38/lib/python3.8/site-packages/airflow/example_dags/example_short_circuit_decorator.py
[2023-11-09T19:59:40.609-0500] {processor.py:829} INFO - Processing file /Users/az/anaconda3/envs/python38/lib/python3.8/site-packages/airflow/example_dags/example_short_circuit_decorator.py for tasks to queue
[2023-11-09T19:59:40.610-0500] {logging_mixin.py:154} INFO - [2023-11-09T19:59:40.610-0500] {dagbag.py:536} INFO - Filling up the DagBag from /Users/az/anaconda3/envs/python38/lib/python3.8/site-packages/airflow/example_dags/example_short_circuit_decorator.py
[2023-11-09T19:59:40.643-0500] {processor.py:839} INFO - DAG(s) dict_keys(['example_short_circuit_decorator']) retrieved from /Users/az/anaconda3/envs/python38/lib/python3.8/site-packages/airflow/example_dags/example_short_circuit_decorator.py
[2023-11-09T19:59:40.746-0500] {logging_mixin.py:154} INFO - [2023-11-09T19:59:40.745-0500] {dag.py:2941} INFO - Sync 1 DAGs
[2023-11-09T19:59:40.755-0500] {logging_mixin.py:154} INFO - [2023-11-09T19:59:40.755-0500] {dag.py:3722} INFO - Setting next_dagrun for example_short_circuit_decorator to 2023-11-09T00:59:40.755775+00:00, run_after=2023-11-10T00:59:40.755775+00:00
[2023-11-09T19:59:40.766-0500] {processor.py:179} INFO - Processing /Users/az/anaconda3/envs/python38/lib/python3.8/site-packages/airflow/example_dags/example_short_circuit_decorator.py took 0.162 seconds
[2023-11-09T20:01:43.378-0500] {processor.py:157} INFO - Started process (PID=55565) to work on /Users/az/anaconda3/envs/python38/lib/python3.8/site-packages/airflow/example_dags/example_short_circuit_decorator.py
[2023-11-09T20:01:43.383-0500] {processor.py:829} INFO - Processing file /Users/az/anaconda3/envs/python38/lib/python3.8/site-packages/airflow/example_dags/example_short_circuit_decorator.py for tasks to queue
[2023-11-09T20:01:43.384-0500] {logging_mixin.py:154} INFO - [2023-11-09T20:01:43.383-0500] {dagbag.py:536} INFO - Filling up the DagBag from /Users/az/anaconda3/envs/python38/lib/python3.8/site-packages/airflow/example_dags/example_short_circuit_decorator.py
[2023-11-09T20:01:43.417-0500] {processor.py:839} INFO - DAG(s) dict_keys(['example_short_circuit_decorator']) retrieved from /Users/az/anaconda3/envs/python38/lib/python3.8/site-packages/airflow/example_dags/example_short_circuit_decorator.py
[2023-11-09T20:01:43.521-0500] {logging_mixin.py:154} INFO - [2023-11-09T20:01:43.520-0500] {dag.py:2941} INFO - Sync 1 DAGs
[2023-11-09T20:01:43.531-0500] {logging_mixin.py:154} INFO - [2023-11-09T20:01:43.530-0500] {dag.py:3722} INFO - Setting next_dagrun for example_short_circuit_decorator to 2023-11-09T01:01:43.530824+00:00, run_after=2023-11-10T01:01:43.530824+00:00
[2023-11-09T20:01:43.541-0500] {processor.py:179} INFO - Processing /Users/az/anaconda3/envs/python38/lib/python3.8/site-packages/airflow/example_dags/example_short_circuit_decorator.py took 0.163 seconds
[2023-11-09T20:03:45.359-0500] {processor.py:157} INFO - Started process (PID=55725) to work on /Users/az/anaconda3/envs/python38/lib/python3.8/site-packages/airflow/example_dags/example_short_circuit_decorator.py
[2023-11-09T20:03:45.362-0500] {processor.py:829} INFO - Processing file /Users/az/anaconda3/envs/python38/lib/python3.8/site-packages/airflow/example_dags/example_short_circuit_decorator.py for tasks to queue
[2023-11-09T20:03:45.363-0500] {logging_mixin.py:154} INFO - [2023-11-09T20:03:45.363-0500] {dagbag.py:536} INFO - Filling up the DagBag from /Users/az/anaconda3/envs/python38/lib/python3.8/site-packages/airflow/example_dags/example_short_circuit_decorator.py
[2023-11-09T20:03:45.396-0500] {processor.py:839} INFO - DAG(s) dict_keys(['example_short_circuit_decorator']) retrieved from /Users/az/anaconda3/envs/python38/lib/python3.8/site-packages/airflow/example_dags/example_short_circuit_decorator.py
[2023-11-09T20:03:45.501-0500] {logging_mixin.py:154} INFO - [2023-11-09T20:03:45.501-0500] {dag.py:2941} INFO - Sync 1 DAGs
[2023-11-09T20:03:45.511-0500] {logging_mixin.py:154} INFO - [2023-11-09T20:03:45.511-0500] {dag.py:3722} INFO - Setting next_dagrun for example_short_circuit_decorator to 2023-11-09T01:03:45.511085+00:00, run_after=2023-11-10T01:03:45.511085+00:00
[2023-11-09T20:03:45.521-0500] {processor.py:179} INFO - Processing /Users/az/anaconda3/envs/python38/lib/python3.8/site-packages/airflow/example_dags/example_short_circuit_decorator.py took 0.163 seconds
[2023-11-09T20:05:42.059-0500] {processor.py:157} INFO - Started process (PID=55878) to work on /Users/az/anaconda3/envs/python38/lib/python3.8/site-packages/airflow/example_dags/example_short_circuit_decorator.py
[2023-11-09T20:05:42.064-0500] {processor.py:829} INFO - Processing file /Users/az/anaconda3/envs/python38/lib/python3.8/site-packages/airflow/example_dags/example_short_circuit_decorator.py for tasks to queue
[2023-11-09T20:05:42.064-0500] {logging_mixin.py:154} INFO - [2023-11-09T20:05:42.064-0500] {dagbag.py:536} INFO - Filling up the DagBag from /Users/az/anaconda3/envs/python38/lib/python3.8/site-packages/airflow/example_dags/example_short_circuit_decorator.py
[2023-11-09T20:05:42.098-0500] {processor.py:839} INFO - DAG(s) dict_keys(['example_short_circuit_decorator']) retrieved from /Users/az/anaconda3/envs/python38/lib/python3.8/site-packages/airflow/example_dags/example_short_circuit_decorator.py
[2023-11-09T20:05:42.201-0500] {logging_mixin.py:154} INFO - [2023-11-09T20:05:42.201-0500] {dag.py:2941} INFO - Sync 1 DAGs
[2023-11-09T20:05:42.211-0500] {logging_mixin.py:154} INFO - [2023-11-09T20:05:42.211-0500] {dag.py:3722} INFO - Setting next_dagrun for example_short_circuit_decorator to 2023-11-09T01:05:42.211009+00:00, run_after=2023-11-10T01:05:42.211009+00:00
[2023-11-09T20:05:42.221-0500] {processor.py:179} INFO - Processing /Users/az/anaconda3/envs/python38/lib/python3.8/site-packages/airflow/example_dags/example_short_circuit_decorator.py took 0.162 seconds
[2023-11-09T20:07:40.106-0500] {processor.py:157} INFO - Started process (PID=56047) to work on /Users/az/anaconda3/envs/python38/lib/python3.8/site-packages/airflow/example_dags/example_short_circuit_decorator.py
[2023-11-09T20:07:40.110-0500] {processor.py:829} INFO - Processing file /Users/az/anaconda3/envs/python38/lib/python3.8/site-packages/airflow/example_dags/example_short_circuit_decorator.py for tasks to queue
[2023-11-09T20:07:40.110-0500] {logging_mixin.py:154} INFO - [2023-11-09T20:07:40.110-0500] {dagbag.py:536} INFO - Filling up the DagBag from /Users/az/anaconda3/envs/python38/lib/python3.8/site-packages/airflow/example_dags/example_short_circuit_decorator.py
[2023-11-09T20:07:40.143-0500] {processor.py:839} INFO - DAG(s) dict_keys(['example_short_circuit_decorator']) retrieved from /Users/az/anaconda3/envs/python38/lib/python3.8/site-packages/airflow/example_dags/example_short_circuit_decorator.py
[2023-11-09T20:07:40.251-0500] {logging_mixin.py:154} INFO - [2023-11-09T20:07:40.250-0500] {dag.py:2941} INFO - Sync 1 DAGs
[2023-11-09T20:07:40.260-0500] {logging_mixin.py:154} INFO - [2023-11-09T20:07:40.260-0500] {dag.py:3722} INFO - Setting next_dagrun for example_short_circuit_decorator to 2023-11-09T01:07:40.260654+00:00, run_after=2023-11-10T01:07:40.260654+00:00
[2023-11-09T20:07:40.271-0500] {processor.py:179} INFO - Processing /Users/az/anaconda3/envs/python38/lib/python3.8/site-packages/airflow/example_dags/example_short_circuit_decorator.py took 0.165 seconds
[2023-11-09T20:09:37.617-0500] {processor.py:157} INFO - Started process (PID=56212) to work on /Users/az/anaconda3/envs/python38/lib/python3.8/site-packages/airflow/example_dags/example_short_circuit_decorator.py
[2023-11-09T20:09:37.621-0500] {processor.py:829} INFO - Processing file /Users/az/anaconda3/envs/python38/lib/python3.8/site-packages/airflow/example_dags/example_short_circuit_decorator.py for tasks to queue
[2023-11-09T20:09:37.622-0500] {logging_mixin.py:154} INFO - [2023-11-09T20:09:37.622-0500] {dagbag.py:536} INFO - Filling up the DagBag from /Users/az/anaconda3/envs/python38/lib/python3.8/site-packages/airflow/example_dags/example_short_circuit_decorator.py
[2023-11-09T20:09:37.655-0500] {processor.py:839} INFO - DAG(s) dict_keys(['example_short_circuit_decorator']) retrieved from /Users/az/anaconda3/envs/python38/lib/python3.8/site-packages/airflow/example_dags/example_short_circuit_decorator.py
[2023-11-09T20:09:37.758-0500] {logging_mixin.py:154} INFO - [2023-11-09T20:09:37.758-0500] {dag.py:2941} INFO - Sync 1 DAGs
[2023-11-09T20:09:37.768-0500] {logging_mixin.py:154} INFO - [2023-11-09T20:09:37.768-0500] {dag.py:3722} INFO - Setting next_dagrun for example_short_circuit_decorator to 2023-11-09T01:09:37.768363+00:00, run_after=2023-11-10T01:09:37.768363+00:00
[2023-11-09T20:09:37.779-0500] {processor.py:179} INFO - Processing /Users/az/anaconda3/envs/python38/lib/python3.8/site-packages/airflow/example_dags/example_short_circuit_decorator.py took 0.162 seconds
[2023-11-09T20:11:35.122-0500] {processor.py:157} INFO - Started process (PID=56366) to work on /Users/az/anaconda3/envs/python38/lib/python3.8/site-packages/airflow/example_dags/example_short_circuit_decorator.py
[2023-11-09T20:11:35.127-0500] {processor.py:829} INFO - Processing file /Users/az/anaconda3/envs/python38/lib/python3.8/site-packages/airflow/example_dags/example_short_circuit_decorator.py for tasks to queue
[2023-11-09T20:11:35.127-0500] {logging_mixin.py:154} INFO - [2023-11-09T20:11:35.127-0500] {dagbag.py:536} INFO - Filling up the DagBag from /Users/az/anaconda3/envs/python38/lib/python3.8/site-packages/airflow/example_dags/example_short_circuit_decorator.py
[2023-11-09T20:11:35.160-0500] {processor.py:839} INFO - DAG(s) dict_keys(['example_short_circuit_decorator']) retrieved from /Users/az/anaconda3/envs/python38/lib/python3.8/site-packages/airflow/example_dags/example_short_circuit_decorator.py
[2023-11-09T20:11:35.264-0500] {logging_mixin.py:154} INFO - [2023-11-09T20:11:35.263-0500] {dag.py:2941} INFO - Sync 1 DAGs
[2023-11-09T20:11:35.273-0500] {logging_mixin.py:154} INFO - [2023-11-09T20:11:35.273-0500] {dag.py:3722} INFO - Setting next_dagrun for example_short_circuit_decorator to 2023-11-09T01:11:35.273598+00:00, run_after=2023-11-10T01:11:35.273598+00:00
[2023-11-09T20:11:35.284-0500] {processor.py:179} INFO - Processing /Users/az/anaconda3/envs/python38/lib/python3.8/site-packages/airflow/example_dags/example_short_circuit_decorator.py took 0.162 seconds
[2023-11-09T20:13:34.134-0500] {processor.py:157} INFO - Started process (PID=56540) to work on /Users/az/anaconda3/envs/python38/lib/python3.8/site-packages/airflow/example_dags/example_short_circuit_decorator.py
[2023-11-09T20:13:34.138-0500] {processor.py:829} INFO - Processing file /Users/az/anaconda3/envs/python38/lib/python3.8/site-packages/airflow/example_dags/example_short_circuit_decorator.py for tasks to queue
[2023-11-09T20:13:34.138-0500] {logging_mixin.py:154} INFO - [2023-11-09T20:13:34.138-0500] {dagbag.py:536} INFO - Filling up the DagBag from /Users/az/anaconda3/envs/python38/lib/python3.8/site-packages/airflow/example_dags/example_short_circuit_decorator.py
[2023-11-09T20:13:34.172-0500] {processor.py:839} INFO - DAG(s) dict_keys(['example_short_circuit_decorator']) retrieved from /Users/az/anaconda3/envs/python38/lib/python3.8/site-packages/airflow/example_dags/example_short_circuit_decorator.py
[2023-11-09T20:13:34.279-0500] {logging_mixin.py:154} INFO - [2023-11-09T20:13:34.279-0500] {dag.py:2941} INFO - Sync 1 DAGs
[2023-11-09T20:13:34.289-0500] {logging_mixin.py:154} INFO - [2023-11-09T20:13:34.289-0500] {dag.py:3722} INFO - Setting next_dagrun for example_short_circuit_decorator to 2023-11-09T01:13:34.289143+00:00, run_after=2023-11-10T01:13:34.289143+00:00
[2023-11-09T20:13:34.299-0500] {processor.py:179} INFO - Processing /Users/az/anaconda3/envs/python38/lib/python3.8/site-packages/airflow/example_dags/example_short_circuit_decorator.py took 0.166 seconds
[2023-11-09T20:15:33.363-0500] {processor.py:157} INFO - Started process (PID=56696) to work on /Users/az/anaconda3/envs/python38/lib/python3.8/site-packages/airflow/example_dags/example_short_circuit_decorator.py
[2023-11-09T20:15:33.368-0500] {processor.py:829} INFO - Processing file /Users/az/anaconda3/envs/python38/lib/python3.8/site-packages/airflow/example_dags/example_short_circuit_decorator.py for tasks to queue
[2023-11-09T20:15:33.368-0500] {logging_mixin.py:154} INFO - [2023-11-09T20:15:33.368-0500] {dagbag.py:536} INFO - Filling up the DagBag from /Users/az/anaconda3/envs/python38/lib/python3.8/site-packages/airflow/example_dags/example_short_circuit_decorator.py
[2023-11-09T20:15:33.401-0500] {processor.py:839} INFO - DAG(s) dict_keys(['example_short_circuit_decorator']) retrieved from /Users/az/anaconda3/envs/python38/lib/python3.8/site-packages/airflow/example_dags/example_short_circuit_decorator.py
[2023-11-09T20:15:33.506-0500] {logging_mixin.py:154} INFO - [2023-11-09T20:15:33.505-0500] {dag.py:2941} INFO - Sync 1 DAGs
[2023-11-09T20:15:33.515-0500] {logging_mixin.py:154} INFO - [2023-11-09T20:15:33.515-0500] {dag.py:3722} INFO - Setting next_dagrun for example_short_circuit_decorator to 2023-11-09T01:15:33.515715+00:00, run_after=2023-11-10T01:15:33.515715+00:00
[2023-11-09T20:15:33.526-0500] {processor.py:179} INFO - Processing /Users/az/anaconda3/envs/python38/lib/python3.8/site-packages/airflow/example_dags/example_short_circuit_decorator.py took 0.163 seconds
[2023-11-09T20:17:32.880-0500] {processor.py:157} INFO - Started process (PID=56846) to work on /Users/az/anaconda3/envs/python38/lib/python3.8/site-packages/airflow/example_dags/example_short_circuit_decorator.py
[2023-11-09T20:17:32.884-0500] {processor.py:829} INFO - Processing file /Users/az/anaconda3/envs/python38/lib/python3.8/site-packages/airflow/example_dags/example_short_circuit_decorator.py for tasks to queue
[2023-11-09T20:17:32.884-0500] {logging_mixin.py:154} INFO - [2023-11-09T20:17:32.884-0500] {dagbag.py:536} INFO - Filling up the DagBag from /Users/az/anaconda3/envs/python38/lib/python3.8/site-packages/airflow/example_dags/example_short_circuit_decorator.py
[2023-11-09T20:17:32.917-0500] {processor.py:839} INFO - DAG(s) dict_keys(['example_short_circuit_decorator']) retrieved from /Users/az/anaconda3/envs/python38/lib/python3.8/site-packages/airflow/example_dags/example_short_circuit_decorator.py
[2023-11-09T20:17:33.022-0500] {logging_mixin.py:154} INFO - [2023-11-09T20:17:33.022-0500] {dag.py:2941} INFO - Sync 1 DAGs
[2023-11-09T20:17:33.032-0500] {logging_mixin.py:154} INFO - [2023-11-09T20:17:33.031-0500] {dag.py:3722} INFO - Setting next_dagrun for example_short_circuit_decorator to 2023-11-09T01:17:33.031900+00:00, run_after=2023-11-10T01:17:33.031900+00:00
[2023-11-09T20:17:33.042-0500] {processor.py:179} INFO - Processing /Users/az/anaconda3/envs/python38/lib/python3.8/site-packages/airflow/example_dags/example_short_circuit_decorator.py took 0.162 seconds
[2023-11-09T20:19:31.426-0500] {processor.py:157} INFO - Started process (PID=56995) to work on /Users/az/anaconda3/envs/python38/lib/python3.8/site-packages/airflow/example_dags/example_short_circuit_decorator.py
[2023-11-09T20:19:31.431-0500] {processor.py:829} INFO - Processing file /Users/az/anaconda3/envs/python38/lib/python3.8/site-packages/airflow/example_dags/example_short_circuit_decorator.py for tasks to queue
[2023-11-09T20:19:31.431-0500] {logging_mixin.py:154} INFO - [2023-11-09T20:19:31.431-0500] {dagbag.py:536} INFO - Filling up the DagBag from /Users/az/anaconda3/envs/python38/lib/python3.8/site-packages/airflow/example_dags/example_short_circuit_decorator.py
[2023-11-09T20:19:31.465-0500] {processor.py:839} INFO - DAG(s) dict_keys(['example_short_circuit_decorator']) retrieved from /Users/az/anaconda3/envs/python38/lib/python3.8/site-packages/airflow/example_dags/example_short_circuit_decorator.py
[2023-11-09T20:19:31.569-0500] {logging_mixin.py:154} INFO - [2023-11-09T20:19:31.569-0500] {dag.py:2941} INFO - Sync 1 DAGs
[2023-11-09T20:19:31.578-0500] {logging_mixin.py:154} INFO - [2023-11-09T20:19:31.578-0500] {dag.py:3722} INFO - Setting next_dagrun for example_short_circuit_decorator to 2023-11-09T01:19:31.578775+00:00, run_after=2023-11-10T01:19:31.578775+00:00
[2023-11-09T20:19:31.589-0500] {processor.py:179} INFO - Processing /Users/az/anaconda3/envs/python38/lib/python3.8/site-packages/airflow/example_dags/example_short_circuit_decorator.py took 0.163 seconds
[2023-11-09T20:21:32.899-0500] {processor.py:157} INFO - Started process (PID=57142) to work on /Users/az/anaconda3/envs/python38/lib/python3.8/site-packages/airflow/example_dags/example_short_circuit_decorator.py
[2023-11-09T20:21:32.904-0500] {processor.py:829} INFO - Processing file /Users/az/anaconda3/envs/python38/lib/python3.8/site-packages/airflow/example_dags/example_short_circuit_decorator.py for tasks to queue
[2023-11-09T20:21:32.904-0500] {logging_mixin.py:154} INFO - [2023-11-09T20:21:32.904-0500] {dagbag.py:536} INFO - Filling up the DagBag from /Users/az/anaconda3/envs/python38/lib/python3.8/site-packages/airflow/example_dags/example_short_circuit_decorator.py
[2023-11-09T20:21:32.937-0500] {processor.py:839} INFO - DAG(s) dict_keys(['example_short_circuit_decorator']) retrieved from /Users/az/anaconda3/envs/python38/lib/python3.8/site-packages/airflow/example_dags/example_short_circuit_decorator.py
[2023-11-09T20:21:33.041-0500] {logging_mixin.py:154} INFO - [2023-11-09T20:21:33.041-0500] {dag.py:2941} INFO - Sync 1 DAGs
[2023-11-09T20:21:33.051-0500] {logging_mixin.py:154} INFO - [2023-11-09T20:21:33.051-0500] {dag.py:3722} INFO - Setting next_dagrun for example_short_circuit_decorator to 2023-11-09T01:21:33.051024+00:00, run_after=2023-11-10T01:21:33.051024+00:00
[2023-11-09T20:21:33.061-0500] {processor.py:179} INFO - Processing /Users/az/anaconda3/envs/python38/lib/python3.8/site-packages/airflow/example_dags/example_short_circuit_decorator.py took 0.162 seconds
[2023-11-09T20:23:30.205-0500] {processor.py:157} INFO - Started process (PID=57305) to work on /Users/az/anaconda3/envs/python38/lib/python3.8/site-packages/airflow/example_dags/example_short_circuit_decorator.py
[2023-11-09T20:23:30.210-0500] {processor.py:829} INFO - Processing file /Users/az/anaconda3/envs/python38/lib/python3.8/site-packages/airflow/example_dags/example_short_circuit_decorator.py for tasks to queue
[2023-11-09T20:23:30.210-0500] {logging_mixin.py:154} INFO - [2023-11-09T20:23:30.210-0500] {dagbag.py:536} INFO - Filling up the DagBag from /Users/az/anaconda3/envs/python38/lib/python3.8/site-packages/airflow/example_dags/example_short_circuit_decorator.py
[2023-11-09T20:23:30.243-0500] {processor.py:839} INFO - DAG(s) dict_keys(['example_short_circuit_decorator']) retrieved from /Users/az/anaconda3/envs/python38/lib/python3.8/site-packages/airflow/example_dags/example_short_circuit_decorator.py
[2023-11-09T20:23:30.347-0500] {logging_mixin.py:154} INFO - [2023-11-09T20:23:30.346-0500] {dag.py:2941} INFO - Sync 1 DAGs
[2023-11-09T20:23:30.356-0500] {logging_mixin.py:154} INFO - [2023-11-09T20:23:30.356-0500] {dag.py:3722} INFO - Setting next_dagrun for example_short_circuit_decorator to 2023-11-09T01:23:30.356541+00:00, run_after=2023-11-10T01:23:30.356541+00:00
[2023-11-09T20:23:30.366-0500] {processor.py:179} INFO - Processing /Users/az/anaconda3/envs/python38/lib/python3.8/site-packages/airflow/example_dags/example_short_circuit_decorator.py took 0.162 seconds
[2023-11-09T20:25:29.457-0500] {processor.py:157} INFO - Started process (PID=57455) to work on /Users/az/anaconda3/envs/python38/lib/python3.8/site-packages/airflow/example_dags/example_short_circuit_decorator.py
[2023-11-09T20:25:29.460-0500] {processor.py:829} INFO - Processing file /Users/az/anaconda3/envs/python38/lib/python3.8/site-packages/airflow/example_dags/example_short_circuit_decorator.py for tasks to queue
[2023-11-09T20:25:29.461-0500] {logging_mixin.py:154} INFO - [2023-11-09T20:25:29.461-0500] {dagbag.py:536} INFO - Filling up the DagBag from /Users/az/anaconda3/envs/python38/lib/python3.8/site-packages/airflow/example_dags/example_short_circuit_decorator.py
[2023-11-09T20:25:29.495-0500] {processor.py:839} INFO - DAG(s) dict_keys(['example_short_circuit_decorator']) retrieved from /Users/az/anaconda3/envs/python38/lib/python3.8/site-packages/airflow/example_dags/example_short_circuit_decorator.py
[2023-11-09T20:25:29.599-0500] {logging_mixin.py:154} INFO - [2023-11-09T20:25:29.599-0500] {dag.py:2941} INFO - Sync 1 DAGs
[2023-11-09T20:25:29.609-0500] {logging_mixin.py:154} INFO - [2023-11-09T20:25:29.609-0500] {dag.py:3722} INFO - Setting next_dagrun for example_short_circuit_decorator to 2023-11-09T01:25:29.608936+00:00, run_after=2023-11-10T01:25:29.608936+00:00
[2023-11-09T20:25:29.619-0500] {processor.py:179} INFO - Processing /Users/az/anaconda3/envs/python38/lib/python3.8/site-packages/airflow/example_dags/example_short_circuit_decorator.py took 0.163 seconds
[2023-11-09T20:45:45.585-0500] {processor.py:157} INFO - Started process (PID=57607) to work on /Users/az/anaconda3/envs/python38/lib/python3.8/site-packages/airflow/example_dags/example_short_circuit_decorator.py
[2023-11-09T20:45:45.607-0500] {processor.py:829} INFO - Processing file /Users/az/anaconda3/envs/python38/lib/python3.8/site-packages/airflow/example_dags/example_short_circuit_decorator.py for tasks to queue
[2023-11-09T20:45:45.608-0500] {logging_mixin.py:154} INFO - [2023-11-09T20:45:45.608-0500] {dagbag.py:536} INFO - Filling up the DagBag from /Users/az/anaconda3/envs/python38/lib/python3.8/site-packages/airflow/example_dags/example_short_circuit_decorator.py
[2023-11-09T20:45:45.685-0500] {processor.py:839} INFO - DAG(s) dict_keys(['example_short_circuit_decorator']) retrieved from /Users/az/anaconda3/envs/python38/lib/python3.8/site-packages/airflow/example_dags/example_short_circuit_decorator.py
[2023-11-09T20:45:46.588-0500] {logging_mixin.py:154} INFO - [2023-11-09T20:45:46.587-0500] {dag.py:2941} INFO - Sync 1 DAGs
[2023-11-09T20:45:46.601-0500] {logging_mixin.py:154} INFO - [2023-11-09T20:45:46.601-0500] {dag.py:3722} INFO - Setting next_dagrun for example_short_circuit_decorator to 2023-11-09T01:45:46.601226+00:00, run_after=2023-11-10T01:45:46.601226+00:00
[2023-11-09T20:45:46.613-0500] {processor.py:179} INFO - Processing /Users/az/anaconda3/envs/python38/lib/python3.8/site-packages/airflow/example_dags/example_short_circuit_decorator.py took 1.029 seconds
[2023-11-09T20:47:08.953-0500] {processor.py:157} INFO - Started process (PID=57850) to work on /Users/az/anaconda3/envs/python38/lib/python3.8/site-packages/airflow/example_dags/example_short_circuit_decorator.py
[2023-11-09T20:47:08.957-0500] {processor.py:829} INFO - Processing file /Users/az/anaconda3/envs/python38/lib/python3.8/site-packages/airflow/example_dags/example_short_circuit_decorator.py for tasks to queue
[2023-11-09T20:47:08.957-0500] {logging_mixin.py:154} INFO - [2023-11-09T20:47:08.957-0500] {dagbag.py:536} INFO - Filling up the DagBag from /Users/az/anaconda3/envs/python38/lib/python3.8/site-packages/airflow/example_dags/example_short_circuit_decorator.py
[2023-11-09T20:47:08.993-0500] {processor.py:839} INFO - DAG(s) dict_keys(['example_short_circuit_decorator']) retrieved from /Users/az/anaconda3/envs/python38/lib/python3.8/site-packages/airflow/example_dags/example_short_circuit_decorator.py
[2023-11-09T20:47:09.097-0500] {logging_mixin.py:154} INFO - [2023-11-09T20:47:09.097-0500] {dag.py:2941} INFO - Sync 1 DAGs
[2023-11-09T20:47:09.107-0500] {logging_mixin.py:154} INFO - [2023-11-09T20:47:09.107-0500] {dag.py:3722} INFO - Setting next_dagrun for example_short_circuit_decorator to 2023-11-09T01:47:09.106938+00:00, run_after=2023-11-10T01:47:09.106938+00:00
[2023-11-09T20:47:09.117-0500] {processor.py:179} INFO - Processing /Users/az/anaconda3/envs/python38/lib/python3.8/site-packages/airflow/example_dags/example_short_circuit_decorator.py took 0.165 seconds
[2023-11-09T20:49:04.183-0500] {processor.py:157} INFO - Started process (PID=57993) to work on /Users/az/anaconda3/envs/python38/lib/python3.8/site-packages/airflow/example_dags/example_short_circuit_decorator.py
[2023-11-09T20:49:04.188-0500] {processor.py:829} INFO - Processing file /Users/az/anaconda3/envs/python38/lib/python3.8/site-packages/airflow/example_dags/example_short_circuit_decorator.py for tasks to queue
[2023-11-09T20:49:04.188-0500] {logging_mixin.py:154} INFO - [2023-11-09T20:49:04.188-0500] {dagbag.py:536} INFO - Filling up the DagBag from /Users/az/anaconda3/envs/python38/lib/python3.8/site-packages/airflow/example_dags/example_short_circuit_decorator.py
[2023-11-09T20:49:04.224-0500] {processor.py:839} INFO - DAG(s) dict_keys(['example_short_circuit_decorator']) retrieved from /Users/az/anaconda3/envs/python38/lib/python3.8/site-packages/airflow/example_dags/example_short_circuit_decorator.py
[2023-11-09T20:49:04.332-0500] {logging_mixin.py:154} INFO - [2023-11-09T20:49:04.331-0500] {dag.py:2941} INFO - Sync 1 DAGs
[2023-11-09T20:49:04.341-0500] {logging_mixin.py:154} INFO - [2023-11-09T20:49:04.341-0500] {dag.py:3722} INFO - Setting next_dagrun for example_short_circuit_decorator to 2023-11-09T01:49:04.341480+00:00, run_after=2023-11-10T01:49:04.341480+00:00
[2023-11-09T20:49:04.351-0500] {processor.py:179} INFO - Processing /Users/az/anaconda3/envs/python38/lib/python3.8/site-packages/airflow/example_dags/example_short_circuit_decorator.py took 0.168 seconds
[2023-11-09T20:51:02.056-0500] {processor.py:157} INFO - Started process (PID=58149) to work on /Users/az/anaconda3/envs/python38/lib/python3.8/site-packages/airflow/example_dags/example_short_circuit_decorator.py
[2023-11-09T20:51:02.061-0500] {processor.py:829} INFO - Processing file /Users/az/anaconda3/envs/python38/lib/python3.8/site-packages/airflow/example_dags/example_short_circuit_decorator.py for tasks to queue
[2023-11-09T20:51:02.061-0500] {logging_mixin.py:154} INFO - [2023-11-09T20:51:02.061-0500] {dagbag.py:536} INFO - Filling up the DagBag from /Users/az/anaconda3/envs/python38/lib/python3.8/site-packages/airflow/example_dags/example_short_circuit_decorator.py
[2023-11-09T20:51:02.106-0500] {processor.py:839} INFO - DAG(s) dict_keys(['example_short_circuit_decorator']) retrieved from /Users/az/anaconda3/envs/python38/lib/python3.8/site-packages/airflow/example_dags/example_short_circuit_decorator.py
[2023-11-09T20:51:02.214-0500] {logging_mixin.py:154} INFO - [2023-11-09T20:51:02.214-0500] {dag.py:2941} INFO - Sync 1 DAGs
[2023-11-09T20:51:02.223-0500] {logging_mixin.py:154} INFO - [2023-11-09T20:51:02.223-0500] {dag.py:3722} INFO - Setting next_dagrun for example_short_circuit_decorator to 2023-11-09T01:51:02.223801+00:00, run_after=2023-11-10T01:51:02.223801+00:00
[2023-11-09T20:51:02.233-0500] {processor.py:179} INFO - Processing /Users/az/anaconda3/envs/python38/lib/python3.8/site-packages/airflow/example_dags/example_short_circuit_decorator.py took 0.178 seconds
[2023-11-09T20:53:08.150-0500] {processor.py:157} INFO - Started process (PID=58302) to work on /Users/az/anaconda3/envs/python38/lib/python3.8/site-packages/airflow/example_dags/example_short_circuit_decorator.py
[2023-11-09T20:53:08.154-0500] {processor.py:829} INFO - Processing file /Users/az/anaconda3/envs/python38/lib/python3.8/site-packages/airflow/example_dags/example_short_circuit_decorator.py for tasks to queue
[2023-11-09T20:53:08.154-0500] {logging_mixin.py:154} INFO - [2023-11-09T20:53:08.154-0500] {dagbag.py:536} INFO - Filling up the DagBag from /Users/az/anaconda3/envs/python38/lib/python3.8/site-packages/airflow/example_dags/example_short_circuit_decorator.py
[2023-11-09T20:53:08.189-0500] {processor.py:839} INFO - DAG(s) dict_keys(['example_short_circuit_decorator']) retrieved from /Users/az/anaconda3/envs/python38/lib/python3.8/site-packages/airflow/example_dags/example_short_circuit_decorator.py
[2023-11-09T20:53:08.293-0500] {logging_mixin.py:154} INFO - [2023-11-09T20:53:08.293-0500] {dag.py:2941} INFO - Sync 1 DAGs
[2023-11-09T20:53:08.303-0500] {logging_mixin.py:154} INFO - [2023-11-09T20:53:08.303-0500] {dag.py:3722} INFO - Setting next_dagrun for example_short_circuit_decorator to 2023-11-09T01:53:08.303021+00:00, run_after=2023-11-10T01:53:08.303021+00:00
[2023-11-09T20:53:08.313-0500] {processor.py:179} INFO - Processing /Users/az/anaconda3/envs/python38/lib/python3.8/site-packages/airflow/example_dags/example_short_circuit_decorator.py took 0.163 seconds
[2023-11-09T20:55:26.534-0500] {processor.py:157} INFO - Started process (PID=58473) to work on /Users/az/anaconda3/envs/python38/lib/python3.8/site-packages/airflow/example_dags/example_short_circuit_decorator.py
[2023-11-09T20:55:26.538-0500] {processor.py:829} INFO - Processing file /Users/az/anaconda3/envs/python38/lib/python3.8/site-packages/airflow/example_dags/example_short_circuit_decorator.py for tasks to queue
[2023-11-09T20:55:26.538-0500] {logging_mixin.py:154} INFO - [2023-11-09T20:55:26.538-0500] {dagbag.py:536} INFO - Filling up the DagBag from /Users/az/anaconda3/envs/python38/lib/python3.8/site-packages/airflow/example_dags/example_short_circuit_decorator.py
[2023-11-09T20:55:26.572-0500] {processor.py:839} INFO - DAG(s) dict_keys(['example_short_circuit_decorator']) retrieved from /Users/az/anaconda3/envs/python38/lib/python3.8/site-packages/airflow/example_dags/example_short_circuit_decorator.py
[2023-11-09T20:55:26.678-0500] {logging_mixin.py:154} INFO - [2023-11-09T20:55:26.678-0500] {dag.py:2941} INFO - Sync 1 DAGs
[2023-11-09T20:55:26.687-0500] {logging_mixin.py:154} INFO - [2023-11-09T20:55:26.687-0500] {dag.py:3722} INFO - Setting next_dagrun for example_short_circuit_decorator to 2023-11-09T01:55:26.687795+00:00, run_after=2023-11-10T01:55:26.687795+00:00
[2023-11-09T20:55:26.697-0500] {processor.py:179} INFO - Processing /Users/az/anaconda3/envs/python38/lib/python3.8/site-packages/airflow/example_dags/example_short_circuit_decorator.py took 0.164 seconds
[2023-11-09T20:57:34.885-0500] {processor.py:157} INFO - Started process (PID=58627) to work on /Users/az/anaconda3/envs/python38/lib/python3.8/site-packages/airflow/example_dags/example_short_circuit_decorator.py
[2023-11-09T20:57:34.890-0500] {processor.py:829} INFO - Processing file /Users/az/anaconda3/envs/python38/lib/python3.8/site-packages/airflow/example_dags/example_short_circuit_decorator.py for tasks to queue
[2023-11-09T20:57:34.890-0500] {logging_mixin.py:154} INFO - [2023-11-09T20:57:34.890-0500] {dagbag.py:536} INFO - Filling up the DagBag from /Users/az/anaconda3/envs/python38/lib/python3.8/site-packages/airflow/example_dags/example_short_circuit_decorator.py
[2023-11-09T20:57:34.924-0500] {processor.py:839} INFO - DAG(s) dict_keys(['example_short_circuit_decorator']) retrieved from /Users/az/anaconda3/envs/python38/lib/python3.8/site-packages/airflow/example_dags/example_short_circuit_decorator.py
[2023-11-09T20:57:35.055-0500] {logging_mixin.py:154} INFO - [2023-11-09T20:57:35.055-0500] {dag.py:2941} INFO - Sync 1 DAGs
[2023-11-09T20:57:35.067-0500] {logging_mixin.py:154} INFO - [2023-11-09T20:57:35.067-0500] {dag.py:3722} INFO - Setting next_dagrun for example_short_circuit_decorator to 2023-11-09T01:57:35.067023+00:00, run_after=2023-11-10T01:57:35.067023+00:00
[2023-11-09T20:57:35.077-0500] {processor.py:179} INFO - Processing /Users/az/anaconda3/envs/python38/lib/python3.8/site-packages/airflow/example_dags/example_short_circuit_decorator.py took 0.192 seconds
[2023-11-09T20:59:46.729-0500] {processor.py:157} INFO - Started process (PID=58787) to work on /Users/az/anaconda3/envs/python38/lib/python3.8/site-packages/airflow/example_dags/example_short_circuit_decorator.py
[2023-11-09T20:59:46.734-0500] {processor.py:829} INFO - Processing file /Users/az/anaconda3/envs/python38/lib/python3.8/site-packages/airflow/example_dags/example_short_circuit_decorator.py for tasks to queue
[2023-11-09T20:59:46.734-0500] {logging_mixin.py:154} INFO - [2023-11-09T20:59:46.734-0500] {dagbag.py:536} INFO - Filling up the DagBag from /Users/az/anaconda3/envs/python38/lib/python3.8/site-packages/airflow/example_dags/example_short_circuit_decorator.py
[2023-11-09T20:59:46.768-0500] {processor.py:839} INFO - DAG(s) dict_keys(['example_short_circuit_decorator']) retrieved from /Users/az/anaconda3/envs/python38/lib/python3.8/site-packages/airflow/example_dags/example_short_circuit_decorator.py
[2023-11-09T20:59:46.873-0500] {logging_mixin.py:154} INFO - [2023-11-09T20:59:46.872-0500] {dag.py:2941} INFO - Sync 1 DAGs
[2023-11-09T20:59:46.900-0500] {logging_mixin.py:154} INFO - [2023-11-09T20:59:46.900-0500] {dag.py:3722} INFO - Setting next_dagrun for example_short_circuit_decorator to 2023-11-09T01:59:46.900576+00:00, run_after=2023-11-10T01:59:46.900576+00:00
[2023-11-09T20:59:46.910-0500] {processor.py:179} INFO - Processing /Users/az/anaconda3/envs/python38/lib/python3.8/site-packages/airflow/example_dags/example_short_circuit_decorator.py took 0.182 seconds
[2023-11-09T21:00:57.383-0500] {processor.py:157} INFO - Started process (PID=58886) to work on /Users/az/anaconda3/envs/python38/lib/python3.8/site-packages/airflow/example_dags/example_short_circuit_decorator.py
[2023-11-09T21:00:57.387-0500] {processor.py:829} INFO - Processing file /Users/az/anaconda3/envs/python38/lib/python3.8/site-packages/airflow/example_dags/example_short_circuit_decorator.py for tasks to queue
[2023-11-09T21:00:57.388-0500] {logging_mixin.py:154} INFO - [2023-11-09T21:00:57.388-0500] {dagbag.py:536} INFO - Filling up the DagBag from /Users/az/anaconda3/envs/python38/lib/python3.8/site-packages/airflow/example_dags/example_short_circuit_decorator.py
[2023-11-09T21:00:57.425-0500] {processor.py:839} INFO - DAG(s) dict_keys(['example_short_circuit_decorator']) retrieved from /Users/az/anaconda3/envs/python38/lib/python3.8/site-packages/airflow/example_dags/example_short_circuit_decorator.py
[2023-11-09T21:00:57.539-0500] {logging_mixin.py:154} INFO - [2023-11-09T21:00:57.539-0500] {dag.py:2941} INFO - Sync 1 DAGs
[2023-11-09T21:00:57.549-0500] {logging_mixin.py:154} INFO - [2023-11-09T21:00:57.549-0500] {dag.py:3722} INFO - Setting next_dagrun for example_short_circuit_decorator to 2023-11-09T02:00:57.549265+00:00, run_after=2023-11-10T02:00:57.549265+00:00
[2023-11-09T21:00:57.559-0500] {processor.py:179} INFO - Processing /Users/az/anaconda3/envs/python38/lib/python3.8/site-packages/airflow/example_dags/example_short_circuit_decorator.py took 0.177 seconds
[2023-11-09T21:03:02.038-0500] {processor.py:157} INFO - Started process (PID=59049) to work on /Users/az/anaconda3/envs/python38/lib/python3.8/site-packages/airflow/example_dags/example_short_circuit_decorator.py
[2023-11-09T21:03:02.043-0500] {processor.py:829} INFO - Processing file /Users/az/anaconda3/envs/python38/lib/python3.8/site-packages/airflow/example_dags/example_short_circuit_decorator.py for tasks to queue
[2023-11-09T21:03:02.043-0500] {logging_mixin.py:154} INFO - [2023-11-09T21:03:02.043-0500] {dagbag.py:536} INFO - Filling up the DagBag from /Users/az/anaconda3/envs/python38/lib/python3.8/site-packages/airflow/example_dags/example_short_circuit_decorator.py
[2023-11-09T21:03:02.076-0500] {processor.py:839} INFO - DAG(s) dict_keys(['example_short_circuit_decorator']) retrieved from /Users/az/anaconda3/envs/python38/lib/python3.8/site-packages/airflow/example_dags/example_short_circuit_decorator.py
[2023-11-09T21:03:02.180-0500] {logging_mixin.py:154} INFO - [2023-11-09T21:03:02.180-0500] {dag.py:2941} INFO - Sync 1 DAGs
[2023-11-09T21:03:02.190-0500] {logging_mixin.py:154} INFO - [2023-11-09T21:03:02.190-0500] {dag.py:3722} INFO - Setting next_dagrun for example_short_circuit_decorator to 2023-11-09T02:03:02.190021+00:00, run_after=2023-11-10T02:03:02.190021+00:00
[2023-11-09T21:03:02.200-0500] {processor.py:179} INFO - Processing /Users/az/anaconda3/envs/python38/lib/python3.8/site-packages/airflow/example_dags/example_short_circuit_decorator.py took 0.162 seconds
[2023-11-09T21:05:02.319-0500] {processor.py:157} INFO - Started process (PID=59225) to work on /Users/az/anaconda3/envs/python38/lib/python3.8/site-packages/airflow/example_dags/example_short_circuit_decorator.py
[2023-11-09T21:05:02.325-0500] {processor.py:829} INFO - Processing file /Users/az/anaconda3/envs/python38/lib/python3.8/site-packages/airflow/example_dags/example_short_circuit_decorator.py for tasks to queue
[2023-11-09T21:05:02.325-0500] {logging_mixin.py:154} INFO - [2023-11-09T21:05:02.325-0500] {dagbag.py:536} INFO - Filling up the DagBag from /Users/az/anaconda3/envs/python38/lib/python3.8/site-packages/airflow/example_dags/example_short_circuit_decorator.py
[2023-11-09T21:05:02.406-0500] {processor.py:839} INFO - DAG(s) dict_keys(['example_short_circuit_decorator']) retrieved from /Users/az/anaconda3/envs/python38/lib/python3.8/site-packages/airflow/example_dags/example_short_circuit_decorator.py
[2023-11-09T21:05:02.644-0500] {logging_mixin.py:154} INFO - [2023-11-09T21:05:02.644-0500] {dag.py:2941} INFO - Sync 1 DAGs
[2023-11-09T21:05:02.657-0500] {logging_mixin.py:154} INFO - [2023-11-09T21:05:02.657-0500] {dag.py:3722} INFO - Setting next_dagrun for example_short_circuit_decorator to 2023-11-09T02:05:02.657294+00:00, run_after=2023-11-10T02:05:02.657294+00:00
[2023-11-09T21:05:02.669-0500] {processor.py:179} INFO - Processing /Users/az/anaconda3/envs/python38/lib/python3.8/site-packages/airflow/example_dags/example_short_circuit_decorator.py took 0.351 seconds
[2023-11-09T21:07:05.552-0500] {processor.py:157} INFO - Started process (PID=59380) to work on /Users/az/anaconda3/envs/python38/lib/python3.8/site-packages/airflow/example_dags/example_short_circuit_decorator.py
[2023-11-09T21:07:05.557-0500] {processor.py:829} INFO - Processing file /Users/az/anaconda3/envs/python38/lib/python3.8/site-packages/airflow/example_dags/example_short_circuit_decorator.py for tasks to queue
[2023-11-09T21:07:05.557-0500] {logging_mixin.py:154} INFO - [2023-11-09T21:07:05.557-0500] {dagbag.py:536} INFO - Filling up the DagBag from /Users/az/anaconda3/envs/python38/lib/python3.8/site-packages/airflow/example_dags/example_short_circuit_decorator.py
[2023-11-09T21:07:05.590-0500] {processor.py:839} INFO - DAG(s) dict_keys(['example_short_circuit_decorator']) retrieved from /Users/az/anaconda3/envs/python38/lib/python3.8/site-packages/airflow/example_dags/example_short_circuit_decorator.py
[2023-11-09T21:07:05.693-0500] {logging_mixin.py:154} INFO - [2023-11-09T21:07:05.692-0500] {dag.py:2941} INFO - Sync 1 DAGs
[2023-11-09T21:07:05.702-0500] {logging_mixin.py:154} INFO - [2023-11-09T21:07:05.702-0500] {dag.py:3722} INFO - Setting next_dagrun for example_short_circuit_decorator to 2023-11-09T02:07:05.702482+00:00, run_after=2023-11-10T02:07:05.702482+00:00
[2023-11-09T21:07:05.712-0500] {processor.py:179} INFO - Processing /Users/az/anaconda3/envs/python38/lib/python3.8/site-packages/airflow/example_dags/example_short_circuit_decorator.py took 0.160 seconds
[2023-11-09T21:09:02.443-0500] {processor.py:157} INFO - Started process (PID=59529) to work on /Users/az/anaconda3/envs/python38/lib/python3.8/site-packages/airflow/example_dags/example_short_circuit_decorator.py
[2023-11-09T21:09:02.448-0500] {processor.py:829} INFO - Processing file /Users/az/anaconda3/envs/python38/lib/python3.8/site-packages/airflow/example_dags/example_short_circuit_decorator.py for tasks to queue
[2023-11-09T21:09:02.449-0500] {logging_mixin.py:154} INFO - [2023-11-09T21:09:02.449-0500] {dagbag.py:536} INFO - Filling up the DagBag from /Users/az/anaconda3/envs/python38/lib/python3.8/site-packages/airflow/example_dags/example_short_circuit_decorator.py
[2023-11-09T21:09:02.487-0500] {processor.py:839} INFO - DAG(s) dict_keys(['example_short_circuit_decorator']) retrieved from /Users/az/anaconda3/envs/python38/lib/python3.8/site-packages/airflow/example_dags/example_short_circuit_decorator.py
[2023-11-09T21:09:02.609-0500] {logging_mixin.py:154} INFO - [2023-11-09T21:09:02.609-0500] {dag.py:2941} INFO - Sync 1 DAGs
[2023-11-09T21:09:02.619-0500] {logging_mixin.py:154} INFO - [2023-11-09T21:09:02.619-0500] {dag.py:3722} INFO - Setting next_dagrun for example_short_circuit_decorator to 2023-11-09T02:09:02.619728+00:00, run_after=2023-11-10T02:09:02.619728+00:00
[2023-11-09T21:09:02.630-0500] {processor.py:179} INFO - Processing /Users/az/anaconda3/envs/python38/lib/python3.8/site-packages/airflow/example_dags/example_short_circuit_decorator.py took 0.187 seconds
[2023-11-09T21:11:05.571-0500] {processor.py:157} INFO - Started process (PID=59692) to work on /Users/az/anaconda3/envs/python38/lib/python3.8/site-packages/airflow/example_dags/example_short_circuit_decorator.py
[2023-11-09T21:11:05.575-0500] {processor.py:829} INFO - Processing file /Users/az/anaconda3/envs/python38/lib/python3.8/site-packages/airflow/example_dags/example_short_circuit_decorator.py for tasks to queue
[2023-11-09T21:11:05.576-0500] {logging_mixin.py:154} INFO - [2023-11-09T21:11:05.575-0500] {dagbag.py:536} INFO - Filling up the DagBag from /Users/az/anaconda3/envs/python38/lib/python3.8/site-packages/airflow/example_dags/example_short_circuit_decorator.py
[2023-11-09T21:11:05.610-0500] {processor.py:839} INFO - DAG(s) dict_keys(['example_short_circuit_decorator']) retrieved from /Users/az/anaconda3/envs/python38/lib/python3.8/site-packages/airflow/example_dags/example_short_circuit_decorator.py
[2023-11-09T21:11:05.715-0500] {logging_mixin.py:154} INFO - [2023-11-09T21:11:05.715-0500] {dag.py:2941} INFO - Sync 1 DAGs
[2023-11-09T21:11:05.725-0500] {logging_mixin.py:154} INFO - [2023-11-09T21:11:05.725-0500] {dag.py:3722} INFO - Setting next_dagrun for example_short_circuit_decorator to 2023-11-09T02:11:05.725606+00:00, run_after=2023-11-10T02:11:05.725606+00:00
[2023-11-09T21:11:05.736-0500] {processor.py:179} INFO - Processing /Users/az/anaconda3/envs/python38/lib/python3.8/site-packages/airflow/example_dags/example_short_circuit_decorator.py took 0.165 seconds
[2023-11-09T21:13:03.563-0500] {processor.py:157} INFO - Started process (PID=59838) to work on /Users/az/anaconda3/envs/python38/lib/python3.8/site-packages/airflow/example_dags/example_short_circuit_decorator.py
[2023-11-09T21:13:03.568-0500] {processor.py:829} INFO - Processing file /Users/az/anaconda3/envs/python38/lib/python3.8/site-packages/airflow/example_dags/example_short_circuit_decorator.py for tasks to queue
[2023-11-09T21:13:03.568-0500] {logging_mixin.py:154} INFO - [2023-11-09T21:13:03.568-0500] {dagbag.py:536} INFO - Filling up the DagBag from /Users/az/anaconda3/envs/python38/lib/python3.8/site-packages/airflow/example_dags/example_short_circuit_decorator.py
[2023-11-09T21:13:03.602-0500] {processor.py:839} INFO - DAG(s) dict_keys(['example_short_circuit_decorator']) retrieved from /Users/az/anaconda3/envs/python38/lib/python3.8/site-packages/airflow/example_dags/example_short_circuit_decorator.py
[2023-11-09T21:13:03.708-0500] {logging_mixin.py:154} INFO - [2023-11-09T21:13:03.708-0500] {dag.py:2941} INFO - Sync 1 DAGs
[2023-11-09T21:13:03.717-0500] {logging_mixin.py:154} INFO - [2023-11-09T21:13:03.717-0500] {dag.py:3722} INFO - Setting next_dagrun for example_short_circuit_decorator to 2023-11-09T02:13:03.717800+00:00, run_after=2023-11-10T02:13:03.717800+00:00
[2023-11-09T21:13:03.728-0500] {processor.py:179} INFO - Processing /Users/az/anaconda3/envs/python38/lib/python3.8/site-packages/airflow/example_dags/example_short_circuit_decorator.py took 0.165 seconds
