[2023-11-09T19:00:21.407-0500] {processor.py:157} INFO - Started process (PID=48787) to work on /Users/az/anaconda3/envs/python38/lib/python3.8/site-packages/airflow/example_dags/example_branch_labels.py
[2023-11-09T19:00:21.411-0500] {processor.py:829} INFO - Processing file /Users/az/anaconda3/envs/python38/lib/python3.8/site-packages/airflow/example_dags/example_branch_labels.py for tasks to queue
[2023-11-09T19:00:21.411-0500] {logging_mixin.py:154} INFO - [2023-11-09T19:00:21.411-0500] {dagbag.py:536} INFO - Filling up the DagBag from /Users/az/anaconda3/envs/python38/lib/python3.8/site-packages/airflow/example_dags/example_branch_labels.py
[2023-11-09T19:00:21.428-0500] {processor.py:839} INFO - DAG(s) dict_keys(['example_branch_labels']) retrieved from /Users/az/anaconda3/envs/python38/lib/python3.8/site-packages/airflow/example_dags/example_branch_labels.py
[2023-11-09T19:00:21.535-0500] {logging_mixin.py:154} INFO - [2023-11-09T19:00:21.535-0500] {dag.py:2941} INFO - Sync 1 DAGs
[2023-11-09T19:00:21.545-0500] {logging_mixin.py:154} INFO - [2023-11-09T19:00:21.545-0500] {dag.py:3722} INFO - Setting next_dagrun for example_branch_labels to 2023-11-09T00:00:00+00:00, run_after=2023-11-10T00:00:00+00:00
[2023-11-09T19:00:21.555-0500] {processor.py:179} INFO - Processing /Users/az/anaconda3/envs/python38/lib/python3.8/site-packages/airflow/example_dags/example_branch_labels.py took 0.149 seconds
[2023-11-09T19:02:27.126-0500] {processor.py:157} INFO - Started process (PID=48940) to work on /Users/az/anaconda3/envs/python38/lib/python3.8/site-packages/airflow/example_dags/example_branch_labels.py
[2023-11-09T19:02:27.130-0500] {processor.py:829} INFO - Processing file /Users/az/anaconda3/envs/python38/lib/python3.8/site-packages/airflow/example_dags/example_branch_labels.py for tasks to queue
[2023-11-09T19:02:27.131-0500] {logging_mixin.py:154} INFO - [2023-11-09T19:02:27.131-0500] {dagbag.py:536} INFO - Filling up the DagBag from /Users/az/anaconda3/envs/python38/lib/python3.8/site-packages/airflow/example_dags/example_branch_labels.py
[2023-11-09T19:02:27.146-0500] {processor.py:839} INFO - DAG(s) dict_keys(['example_branch_labels']) retrieved from /Users/az/anaconda3/envs/python38/lib/python3.8/site-packages/airflow/example_dags/example_branch_labels.py
[2023-11-09T19:02:27.255-0500] {logging_mixin.py:154} INFO - [2023-11-09T19:02:27.255-0500] {dag.py:2941} INFO - Sync 1 DAGs
[2023-11-09T19:02:27.265-0500] {logging_mixin.py:154} INFO - [2023-11-09T19:02:27.265-0500] {dag.py:3722} INFO - Setting next_dagrun for example_branch_labels to 2023-11-09T00:00:00+00:00, run_after=2023-11-10T00:00:00+00:00
[2023-11-09T19:02:27.274-0500] {processor.py:179} INFO - Processing /Users/az/anaconda3/envs/python38/lib/python3.8/site-packages/airflow/example_dags/example_branch_labels.py took 0.149 seconds
[2023-11-09T19:04:33.541-0500] {processor.py:157} INFO - Started process (PID=49107) to work on /Users/az/anaconda3/envs/python38/lib/python3.8/site-packages/airflow/example_dags/example_branch_labels.py
[2023-11-09T19:04:33.545-0500] {processor.py:829} INFO - Processing file /Users/az/anaconda3/envs/python38/lib/python3.8/site-packages/airflow/example_dags/example_branch_labels.py for tasks to queue
[2023-11-09T19:04:33.545-0500] {logging_mixin.py:154} INFO - [2023-11-09T19:04:33.545-0500] {dagbag.py:536} INFO - Filling up the DagBag from /Users/az/anaconda3/envs/python38/lib/python3.8/site-packages/airflow/example_dags/example_branch_labels.py
[2023-11-09T19:04:33.563-0500] {processor.py:839} INFO - DAG(s) dict_keys(['example_branch_labels']) retrieved from /Users/az/anaconda3/envs/python38/lib/python3.8/site-packages/airflow/example_dags/example_branch_labels.py
[2023-11-09T19:04:33.710-0500] {logging_mixin.py:154} INFO - [2023-11-09T19:04:33.710-0500] {dag.py:2941} INFO - Sync 1 DAGs
[2023-11-09T19:04:33.728-0500] {logging_mixin.py:154} INFO - [2023-11-09T19:04:33.727-0500] {dag.py:3722} INFO - Setting next_dagrun for example_branch_labels to 2023-11-09T00:00:00+00:00, run_after=2023-11-10T00:00:00+00:00
[2023-11-09T19:04:33.751-0500] {processor.py:179} INFO - Processing /Users/az/anaconda3/envs/python38/lib/python3.8/site-packages/airflow/example_dags/example_branch_labels.py took 0.211 seconds
[2023-11-09T19:06:32.878-0500] {processor.py:157} INFO - Started process (PID=49251) to work on /Users/az/anaconda3/envs/python38/lib/python3.8/site-packages/airflow/example_dags/example_branch_labels.py
[2023-11-09T19:06:32.882-0500] {processor.py:829} INFO - Processing file /Users/az/anaconda3/envs/python38/lib/python3.8/site-packages/airflow/example_dags/example_branch_labels.py for tasks to queue
[2023-11-09T19:06:32.882-0500] {logging_mixin.py:154} INFO - [2023-11-09T19:06:32.882-0500] {dagbag.py:536} INFO - Filling up the DagBag from /Users/az/anaconda3/envs/python38/lib/python3.8/site-packages/airflow/example_dags/example_branch_labels.py
[2023-11-09T19:06:32.898-0500] {processor.py:839} INFO - DAG(s) dict_keys(['example_branch_labels']) retrieved from /Users/az/anaconda3/envs/python38/lib/python3.8/site-packages/airflow/example_dags/example_branch_labels.py
[2023-11-09T19:06:33.007-0500] {logging_mixin.py:154} INFO - [2023-11-09T19:06:33.007-0500] {dag.py:2941} INFO - Sync 1 DAGs
[2023-11-09T19:06:33.016-0500] {logging_mixin.py:154} INFO - [2023-11-09T19:06:33.016-0500] {dag.py:3722} INFO - Setting next_dagrun for example_branch_labels to 2023-11-09T00:00:00+00:00, run_after=2023-11-10T00:00:00+00:00
[2023-11-09T19:06:33.026-0500] {processor.py:179} INFO - Processing /Users/az/anaconda3/envs/python38/lib/python3.8/site-packages/airflow/example_dags/example_branch_labels.py took 0.149 seconds
[2023-11-09T19:08:33.788-0500] {processor.py:157} INFO - Started process (PID=49398) to work on /Users/az/anaconda3/envs/python38/lib/python3.8/site-packages/airflow/example_dags/example_branch_labels.py
[2023-11-09T19:08:33.794-0500] {processor.py:829} INFO - Processing file /Users/az/anaconda3/envs/python38/lib/python3.8/site-packages/airflow/example_dags/example_branch_labels.py for tasks to queue
[2023-11-09T19:08:33.794-0500] {logging_mixin.py:154} INFO - [2023-11-09T19:08:33.794-0500] {dagbag.py:536} INFO - Filling up the DagBag from /Users/az/anaconda3/envs/python38/lib/python3.8/site-packages/airflow/example_dags/example_branch_labels.py
[2023-11-09T19:08:33.810-0500] {processor.py:839} INFO - DAG(s) dict_keys(['example_branch_labels']) retrieved from /Users/az/anaconda3/envs/python38/lib/python3.8/site-packages/airflow/example_dags/example_branch_labels.py
[2023-11-09T19:08:33.920-0500] {logging_mixin.py:154} INFO - [2023-11-09T19:08:33.920-0500] {dag.py:2941} INFO - Sync 1 DAGs
[2023-11-09T19:08:33.930-0500] {logging_mixin.py:154} INFO - [2023-11-09T19:08:33.930-0500] {dag.py:3722} INFO - Setting next_dagrun for example_branch_labels to 2023-11-09T00:00:00+00:00, run_after=2023-11-10T00:00:00+00:00
[2023-11-09T19:08:33.940-0500] {processor.py:179} INFO - Processing /Users/az/anaconda3/envs/python38/lib/python3.8/site-packages/airflow/example_dags/example_branch_labels.py took 0.152 seconds
[2023-11-09T19:10:34.263-0500] {processor.py:157} INFO - Started process (PID=49547) to work on /Users/az/anaconda3/envs/python38/lib/python3.8/site-packages/airflow/example_dags/example_branch_labels.py
[2023-11-09T19:10:34.267-0500] {processor.py:829} INFO - Processing file /Users/az/anaconda3/envs/python38/lib/python3.8/site-packages/airflow/example_dags/example_branch_labels.py for tasks to queue
[2023-11-09T19:10:34.268-0500] {logging_mixin.py:154} INFO - [2023-11-09T19:10:34.268-0500] {dagbag.py:536} INFO - Filling up the DagBag from /Users/az/anaconda3/envs/python38/lib/python3.8/site-packages/airflow/example_dags/example_branch_labels.py
[2023-11-09T19:10:34.285-0500] {processor.py:839} INFO - DAG(s) dict_keys(['example_branch_labels']) retrieved from /Users/az/anaconda3/envs/python38/lib/python3.8/site-packages/airflow/example_dags/example_branch_labels.py
[2023-11-09T19:10:34.468-0500] {logging_mixin.py:154} INFO - [2023-11-09T19:10:34.467-0500] {dag.py:2941} INFO - Sync 1 DAGs
[2023-11-09T19:10:34.478-0500] {logging_mixin.py:154} INFO - [2023-11-09T19:10:34.478-0500] {dag.py:3722} INFO - Setting next_dagrun for example_branch_labels to 2023-11-09T00:00:00+00:00, run_after=2023-11-10T00:00:00+00:00
[2023-11-09T19:10:34.488-0500] {processor.py:179} INFO - Processing /Users/az/anaconda3/envs/python38/lib/python3.8/site-packages/airflow/example_dags/example_branch_labels.py took 0.225 seconds
[2023-11-09T19:12:35.145-0500] {processor.py:157} INFO - Started process (PID=49699) to work on /Users/az/anaconda3/envs/python38/lib/python3.8/site-packages/airflow/example_dags/example_branch_labels.py
[2023-11-09T19:12:35.150-0500] {processor.py:829} INFO - Processing file /Users/az/anaconda3/envs/python38/lib/python3.8/site-packages/airflow/example_dags/example_branch_labels.py for tasks to queue
[2023-11-09T19:12:35.150-0500] {logging_mixin.py:154} INFO - [2023-11-09T19:12:35.150-0500] {dagbag.py:536} INFO - Filling up the DagBag from /Users/az/anaconda3/envs/python38/lib/python3.8/site-packages/airflow/example_dags/example_branch_labels.py
[2023-11-09T19:12:35.166-0500] {processor.py:839} INFO - DAG(s) dict_keys(['example_branch_labels']) retrieved from /Users/az/anaconda3/envs/python38/lib/python3.8/site-packages/airflow/example_dags/example_branch_labels.py
[2023-11-09T19:12:35.273-0500] {logging_mixin.py:154} INFO - [2023-11-09T19:12:35.273-0500] {dag.py:2941} INFO - Sync 1 DAGs
[2023-11-09T19:12:35.283-0500] {logging_mixin.py:154} INFO - [2023-11-09T19:12:35.283-0500] {dag.py:3722} INFO - Setting next_dagrun for example_branch_labels to 2023-11-09T00:00:00+00:00, run_after=2023-11-10T00:00:00+00:00
[2023-11-09T19:12:35.293-0500] {processor.py:179} INFO - Processing /Users/az/anaconda3/envs/python38/lib/python3.8/site-packages/airflow/example_dags/example_branch_labels.py took 0.148 seconds
[2023-11-09T19:14:31.253-0500] {processor.py:157} INFO - Started process (PID=49851) to work on /Users/az/anaconda3/envs/python38/lib/python3.8/site-packages/airflow/example_dags/example_branch_labels.py
[2023-11-09T19:14:31.258-0500] {processor.py:829} INFO - Processing file /Users/az/anaconda3/envs/python38/lib/python3.8/site-packages/airflow/example_dags/example_branch_labels.py for tasks to queue
[2023-11-09T19:14:31.258-0500] {logging_mixin.py:154} INFO - [2023-11-09T19:14:31.258-0500] {dagbag.py:536} INFO - Filling up the DagBag from /Users/az/anaconda3/envs/python38/lib/python3.8/site-packages/airflow/example_dags/example_branch_labels.py
[2023-11-09T19:14:31.274-0500] {processor.py:839} INFO - DAG(s) dict_keys(['example_branch_labels']) retrieved from /Users/az/anaconda3/envs/python38/lib/python3.8/site-packages/airflow/example_dags/example_branch_labels.py
[2023-11-09T19:14:31.382-0500] {logging_mixin.py:154} INFO - [2023-11-09T19:14:31.382-0500] {dag.py:2941} INFO - Sync 1 DAGs
[2023-11-09T19:14:31.392-0500] {logging_mixin.py:154} INFO - [2023-11-09T19:14:31.392-0500] {dag.py:3722} INFO - Setting next_dagrun for example_branch_labels to 2023-11-09T00:00:00+00:00, run_after=2023-11-10T00:00:00+00:00
[2023-11-09T19:14:31.403-0500] {processor.py:179} INFO - Processing /Users/az/anaconda3/envs/python38/lib/python3.8/site-packages/airflow/example_dags/example_branch_labels.py took 0.150 seconds
[2023-11-09T19:16:31.879-0500] {processor.py:157} INFO - Started process (PID=49997) to work on /Users/az/anaconda3/envs/python38/lib/python3.8/site-packages/airflow/example_dags/example_branch_labels.py
[2023-11-09T19:16:31.884-0500] {processor.py:829} INFO - Processing file /Users/az/anaconda3/envs/python38/lib/python3.8/site-packages/airflow/example_dags/example_branch_labels.py for tasks to queue
[2023-11-09T19:16:31.885-0500] {logging_mixin.py:154} INFO - [2023-11-09T19:16:31.884-0500] {dagbag.py:536} INFO - Filling up the DagBag from /Users/az/anaconda3/envs/python38/lib/python3.8/site-packages/airflow/example_dags/example_branch_labels.py
[2023-11-09T19:16:31.900-0500] {processor.py:839} INFO - DAG(s) dict_keys(['example_branch_labels']) retrieved from /Users/az/anaconda3/envs/python38/lib/python3.8/site-packages/airflow/example_dags/example_branch_labels.py
[2023-11-09T19:16:32.009-0500] {logging_mixin.py:154} INFO - [2023-11-09T19:16:32.008-0500] {dag.py:2941} INFO - Sync 1 DAGs
[2023-11-09T19:16:32.018-0500] {logging_mixin.py:154} INFO - [2023-11-09T19:16:32.018-0500] {dag.py:3722} INFO - Setting next_dagrun for example_branch_labels to 2023-11-09T00:00:00+00:00, run_after=2023-11-10T00:00:00+00:00
[2023-11-09T19:16:32.029-0500] {processor.py:179} INFO - Processing /Users/az/anaconda3/envs/python38/lib/python3.8/site-packages/airflow/example_dags/example_branch_labels.py took 0.150 seconds
[2023-11-09T19:18:44.043-0500] {processor.py:157} INFO - Started process (PID=50158) to work on /Users/az/anaconda3/envs/python38/lib/python3.8/site-packages/airflow/example_dags/example_branch_labels.py
[2023-11-09T19:18:44.048-0500] {processor.py:829} INFO - Processing file /Users/az/anaconda3/envs/python38/lib/python3.8/site-packages/airflow/example_dags/example_branch_labels.py for tasks to queue
[2023-11-09T19:18:44.048-0500] {logging_mixin.py:154} INFO - [2023-11-09T19:18:44.048-0500] {dagbag.py:536} INFO - Filling up the DagBag from /Users/az/anaconda3/envs/python38/lib/python3.8/site-packages/airflow/example_dags/example_branch_labels.py
[2023-11-09T19:18:44.064-0500] {processor.py:839} INFO - DAG(s) dict_keys(['example_branch_labels']) retrieved from /Users/az/anaconda3/envs/python38/lib/python3.8/site-packages/airflow/example_dags/example_branch_labels.py
[2023-11-09T19:18:44.172-0500] {logging_mixin.py:154} INFO - [2023-11-09T19:18:44.172-0500] {dag.py:2941} INFO - Sync 1 DAGs
[2023-11-09T19:18:44.182-0500] {logging_mixin.py:154} INFO - [2023-11-09T19:18:44.181-0500] {dag.py:3722} INFO - Setting next_dagrun for example_branch_labels to 2023-11-09T00:00:00+00:00, run_after=2023-11-10T00:00:00+00:00
[2023-11-09T19:18:44.191-0500] {processor.py:179} INFO - Processing /Users/az/anaconda3/envs/python38/lib/python3.8/site-packages/airflow/example_dags/example_branch_labels.py took 0.149 seconds
[2023-11-09T19:20:46.133-0500] {processor.py:157} INFO - Started process (PID=50310) to work on /Users/az/anaconda3/envs/python38/lib/python3.8/site-packages/airflow/example_dags/example_branch_labels.py
[2023-11-09T19:20:46.138-0500] {processor.py:829} INFO - Processing file /Users/az/anaconda3/envs/python38/lib/python3.8/site-packages/airflow/example_dags/example_branch_labels.py for tasks to queue
[2023-11-09T19:20:46.138-0500] {logging_mixin.py:154} INFO - [2023-11-09T19:20:46.138-0500] {dagbag.py:536} INFO - Filling up the DagBag from /Users/az/anaconda3/envs/python38/lib/python3.8/site-packages/airflow/example_dags/example_branch_labels.py
[2023-11-09T19:20:46.154-0500] {processor.py:839} INFO - DAG(s) dict_keys(['example_branch_labels']) retrieved from /Users/az/anaconda3/envs/python38/lib/python3.8/site-packages/airflow/example_dags/example_branch_labels.py
[2023-11-09T19:20:46.283-0500] {logging_mixin.py:154} INFO - [2023-11-09T19:20:46.283-0500] {dag.py:2941} INFO - Sync 1 DAGs
[2023-11-09T19:20:46.295-0500] {logging_mixin.py:154} INFO - [2023-11-09T19:20:46.294-0500] {dag.py:3722} INFO - Setting next_dagrun for example_branch_labels to 2023-11-09T00:00:00+00:00, run_after=2023-11-10T00:00:00+00:00
[2023-11-09T19:20:46.307-0500] {processor.py:179} INFO - Processing /Users/az/anaconda3/envs/python38/lib/python3.8/site-packages/airflow/example_dags/example_branch_labels.py took 0.174 seconds
[2023-11-09T19:22:54.364-0500] {processor.py:157} INFO - Started process (PID=50472) to work on /Users/az/anaconda3/envs/python38/lib/python3.8/site-packages/airflow/example_dags/example_branch_labels.py
[2023-11-09T19:22:54.369-0500] {processor.py:829} INFO - Processing file /Users/az/anaconda3/envs/python38/lib/python3.8/site-packages/airflow/example_dags/example_branch_labels.py for tasks to queue
[2023-11-09T19:22:54.369-0500] {logging_mixin.py:154} INFO - [2023-11-09T19:22:54.369-0500] {dagbag.py:536} INFO - Filling up the DagBag from /Users/az/anaconda3/envs/python38/lib/python3.8/site-packages/airflow/example_dags/example_branch_labels.py
[2023-11-09T19:22:54.385-0500] {processor.py:839} INFO - DAG(s) dict_keys(['example_branch_labels']) retrieved from /Users/az/anaconda3/envs/python38/lib/python3.8/site-packages/airflow/example_dags/example_branch_labels.py
[2023-11-09T19:22:54.493-0500] {logging_mixin.py:154} INFO - [2023-11-09T19:22:54.493-0500] {dag.py:2941} INFO - Sync 1 DAGs
[2023-11-09T19:22:54.503-0500] {logging_mixin.py:154} INFO - [2023-11-09T19:22:54.502-0500] {dag.py:3722} INFO - Setting next_dagrun for example_branch_labels to 2023-11-09T00:00:00+00:00, run_after=2023-11-10T00:00:00+00:00
[2023-11-09T19:22:54.512-0500] {processor.py:179} INFO - Processing /Users/az/anaconda3/envs/python38/lib/python3.8/site-packages/airflow/example_dags/example_branch_labels.py took 0.149 seconds
[2023-11-09T19:25:04.534-0500] {processor.py:157} INFO - Started process (PID=50638) to work on /Users/az/anaconda3/envs/python38/lib/python3.8/site-packages/airflow/example_dags/example_branch_labels.py
[2023-11-09T19:25:04.538-0500] {processor.py:829} INFO - Processing file /Users/az/anaconda3/envs/python38/lib/python3.8/site-packages/airflow/example_dags/example_branch_labels.py for tasks to queue
[2023-11-09T19:25:04.538-0500] {logging_mixin.py:154} INFO - [2023-11-09T19:25:04.538-0500] {dagbag.py:536} INFO - Filling up the DagBag from /Users/az/anaconda3/envs/python38/lib/python3.8/site-packages/airflow/example_dags/example_branch_labels.py
[2023-11-09T19:25:04.554-0500] {processor.py:839} INFO - DAG(s) dict_keys(['example_branch_labels']) retrieved from /Users/az/anaconda3/envs/python38/lib/python3.8/site-packages/airflow/example_dags/example_branch_labels.py
[2023-11-09T19:25:04.662-0500] {logging_mixin.py:154} INFO - [2023-11-09T19:25:04.662-0500] {dag.py:2941} INFO - Sync 1 DAGs
[2023-11-09T19:25:04.672-0500] {logging_mixin.py:154} INFO - [2023-11-09T19:25:04.672-0500] {dag.py:3722} INFO - Setting next_dagrun for example_branch_labels to 2023-11-09T00:00:00+00:00, run_after=2023-11-10T00:00:00+00:00
[2023-11-09T19:25:04.682-0500] {processor.py:179} INFO - Processing /Users/az/anaconda3/envs/python38/lib/python3.8/site-packages/airflow/example_dags/example_branch_labels.py took 0.149 seconds
[2023-11-09T19:27:13.446-0500] {processor.py:157} INFO - Started process (PID=50809) to work on /Users/az/anaconda3/envs/python38/lib/python3.8/site-packages/airflow/example_dags/example_branch_labels.py
[2023-11-09T19:27:13.450-0500] {processor.py:829} INFO - Processing file /Users/az/anaconda3/envs/python38/lib/python3.8/site-packages/airflow/example_dags/example_branch_labels.py for tasks to queue
[2023-11-09T19:27:13.450-0500] {logging_mixin.py:154} INFO - [2023-11-09T19:27:13.450-0500] {dagbag.py:536} INFO - Filling up the DagBag from /Users/az/anaconda3/envs/python38/lib/python3.8/site-packages/airflow/example_dags/example_branch_labels.py
[2023-11-09T19:27:13.467-0500] {processor.py:839} INFO - DAG(s) dict_keys(['example_branch_labels']) retrieved from /Users/az/anaconda3/envs/python38/lib/python3.8/site-packages/airflow/example_dags/example_branch_labels.py
[2023-11-09T19:27:13.594-0500] {logging_mixin.py:154} INFO - [2023-11-09T19:27:13.594-0500] {dag.py:2941} INFO - Sync 1 DAGs
[2023-11-09T19:27:13.604-0500] {logging_mixin.py:154} INFO - [2023-11-09T19:27:13.604-0500] {dag.py:3722} INFO - Setting next_dagrun for example_branch_labels to 2023-11-09T00:00:00+00:00, run_after=2023-11-10T00:00:00+00:00
[2023-11-09T19:27:13.614-0500] {processor.py:179} INFO - Processing /Users/az/anaconda3/envs/python38/lib/python3.8/site-packages/airflow/example_dags/example_branch_labels.py took 0.169 seconds
[2023-11-09T19:29:24.798-0500] {processor.py:157} INFO - Started process (PID=50968) to work on /Users/az/anaconda3/envs/python38/lib/python3.8/site-packages/airflow/example_dags/example_branch_labels.py
[2023-11-09T19:29:24.803-0500] {processor.py:829} INFO - Processing file /Users/az/anaconda3/envs/python38/lib/python3.8/site-packages/airflow/example_dags/example_branch_labels.py for tasks to queue
[2023-11-09T19:29:24.803-0500] {logging_mixin.py:154} INFO - [2023-11-09T19:29:24.803-0500] {dagbag.py:536} INFO - Filling up the DagBag from /Users/az/anaconda3/envs/python38/lib/python3.8/site-packages/airflow/example_dags/example_branch_labels.py
[2023-11-09T19:29:24.819-0500] {processor.py:839} INFO - DAG(s) dict_keys(['example_branch_labels']) retrieved from /Users/az/anaconda3/envs/python38/lib/python3.8/site-packages/airflow/example_dags/example_branch_labels.py
[2023-11-09T19:29:24.927-0500] {logging_mixin.py:154} INFO - [2023-11-09T19:29:24.927-0500] {dag.py:2941} INFO - Sync 1 DAGs
[2023-11-09T19:29:24.936-0500] {logging_mixin.py:154} INFO - [2023-11-09T19:29:24.936-0500] {dag.py:3722} INFO - Setting next_dagrun for example_branch_labels to 2023-11-09T00:00:00+00:00, run_after=2023-11-10T00:00:00+00:00
[2023-11-09T19:29:24.946-0500] {processor.py:179} INFO - Processing /Users/az/anaconda3/envs/python38/lib/python3.8/site-packages/airflow/example_dags/example_branch_labels.py took 0.148 seconds
[2023-11-09T19:31:29.574-0500] {processor.py:157} INFO - Started process (PID=51124) to work on /Users/az/anaconda3/envs/python38/lib/python3.8/site-packages/airflow/example_dags/example_branch_labels.py
[2023-11-09T19:31:29.579-0500] {processor.py:829} INFO - Processing file /Users/az/anaconda3/envs/python38/lib/python3.8/site-packages/airflow/example_dags/example_branch_labels.py for tasks to queue
[2023-11-09T19:31:29.579-0500] {logging_mixin.py:154} INFO - [2023-11-09T19:31:29.579-0500] {dagbag.py:536} INFO - Filling up the DagBag from /Users/az/anaconda3/envs/python38/lib/python3.8/site-packages/airflow/example_dags/example_branch_labels.py
[2023-11-09T19:31:29.595-0500] {processor.py:839} INFO - DAG(s) dict_keys(['example_branch_labels']) retrieved from /Users/az/anaconda3/envs/python38/lib/python3.8/site-packages/airflow/example_dags/example_branch_labels.py
[2023-11-09T19:31:29.706-0500] {logging_mixin.py:154} INFO - [2023-11-09T19:31:29.706-0500] {dag.py:2941} INFO - Sync 1 DAGs
[2023-11-09T19:31:29.716-0500] {logging_mixin.py:154} INFO - [2023-11-09T19:31:29.716-0500] {dag.py:3722} INFO - Setting next_dagrun for example_branch_labels to 2023-11-09T00:00:00+00:00, run_after=2023-11-10T00:00:00+00:00
[2023-11-09T19:31:29.726-0500] {processor.py:179} INFO - Processing /Users/az/anaconda3/envs/python38/lib/python3.8/site-packages/airflow/example_dags/example_branch_labels.py took 0.152 seconds
[2023-11-09T19:33:41.071-0500] {processor.py:157} INFO - Started process (PID=51278) to work on /Users/az/anaconda3/envs/python38/lib/python3.8/site-packages/airflow/example_dags/example_branch_labels.py
[2023-11-09T19:33:41.075-0500] {processor.py:829} INFO - Processing file /Users/az/anaconda3/envs/python38/lib/python3.8/site-packages/airflow/example_dags/example_branch_labels.py for tasks to queue
[2023-11-09T19:33:41.075-0500] {logging_mixin.py:154} INFO - [2023-11-09T19:33:41.075-0500] {dagbag.py:536} INFO - Filling up the DagBag from /Users/az/anaconda3/envs/python38/lib/python3.8/site-packages/airflow/example_dags/example_branch_labels.py
[2023-11-09T19:33:41.091-0500] {processor.py:839} INFO - DAG(s) dict_keys(['example_branch_labels']) retrieved from /Users/az/anaconda3/envs/python38/lib/python3.8/site-packages/airflow/example_dags/example_branch_labels.py
[2023-11-09T19:33:41.199-0500] {logging_mixin.py:154} INFO - [2023-11-09T19:33:41.199-0500] {dag.py:2941} INFO - Sync 1 DAGs
[2023-11-09T19:33:41.209-0500] {logging_mixin.py:154} INFO - [2023-11-09T19:33:41.208-0500] {dag.py:3722} INFO - Setting next_dagrun for example_branch_labels to 2023-11-09T00:00:00+00:00, run_after=2023-11-10T00:00:00+00:00
[2023-11-09T19:33:41.218-0500] {processor.py:179} INFO - Processing /Users/az/anaconda3/envs/python38/lib/python3.8/site-packages/airflow/example_dags/example_branch_labels.py took 0.148 seconds
[2023-11-09T19:36:00.838-0500] {processor.py:157} INFO - Started process (PID=53297) to work on /Users/az/anaconda3/envs/python38/lib/python3.8/site-packages/airflow/example_dags/example_branch_labels.py
[2023-11-09T19:36:00.843-0500] {processor.py:829} INFO - Processing file /Users/az/anaconda3/envs/python38/lib/python3.8/site-packages/airflow/example_dags/example_branch_labels.py for tasks to queue
[2023-11-09T19:36:00.843-0500] {logging_mixin.py:154} INFO - [2023-11-09T19:36:00.843-0500] {dagbag.py:536} INFO - Filling up the DagBag from /Users/az/anaconda3/envs/python38/lib/python3.8/site-packages/airflow/example_dags/example_branch_labels.py
[2023-11-09T19:36:00.859-0500] {processor.py:839} INFO - DAG(s) dict_keys(['example_branch_labels']) retrieved from /Users/az/anaconda3/envs/python38/lib/python3.8/site-packages/airflow/example_dags/example_branch_labels.py
[2023-11-09T19:36:00.967-0500] {logging_mixin.py:154} INFO - [2023-11-09T19:36:00.967-0500] {dag.py:2941} INFO - Sync 1 DAGs
[2023-11-09T19:36:00.976-0500] {logging_mixin.py:154} INFO - [2023-11-09T19:36:00.976-0500] {dag.py:3722} INFO - Setting next_dagrun for example_branch_labels to 2023-11-09T00:00:00+00:00, run_after=2023-11-10T00:00:00+00:00
[2023-11-09T19:36:00.986-0500] {processor.py:179} INFO - Processing /Users/az/anaconda3/envs/python38/lib/python3.8/site-packages/airflow/example_dags/example_branch_labels.py took 0.149 seconds
[2023-11-09T19:37:58.286-0500] {processor.py:157} INFO - Started process (PID=53448) to work on /Users/az/anaconda3/envs/python38/lib/python3.8/site-packages/airflow/example_dags/example_branch_labels.py
[2023-11-09T19:37:58.290-0500] {processor.py:829} INFO - Processing file /Users/az/anaconda3/envs/python38/lib/python3.8/site-packages/airflow/example_dags/example_branch_labels.py for tasks to queue
[2023-11-09T19:37:58.291-0500] {logging_mixin.py:154} INFO - [2023-11-09T19:37:58.291-0500] {dagbag.py:536} INFO - Filling up the DagBag from /Users/az/anaconda3/envs/python38/lib/python3.8/site-packages/airflow/example_dags/example_branch_labels.py
[2023-11-09T19:37:58.308-0500] {processor.py:839} INFO - DAG(s) dict_keys(['example_branch_labels']) retrieved from /Users/az/anaconda3/envs/python38/lib/python3.8/site-packages/airflow/example_dags/example_branch_labels.py
[2023-11-09T19:37:58.427-0500] {logging_mixin.py:154} INFO - [2023-11-09T19:37:58.427-0500] {dag.py:2941} INFO - Sync 1 DAGs
[2023-11-09T19:37:58.437-0500] {logging_mixin.py:154} INFO - [2023-11-09T19:37:58.437-0500] {dag.py:3722} INFO - Setting next_dagrun for example_branch_labels to 2023-11-09T00:00:00+00:00, run_after=2023-11-10T00:00:00+00:00
[2023-11-09T19:37:58.447-0500] {processor.py:179} INFO - Processing /Users/az/anaconda3/envs/python38/lib/python3.8/site-packages/airflow/example_dags/example_branch_labels.py took 0.162 seconds
[2023-11-09T19:39:58.017-0500] {processor.py:157} INFO - Started process (PID=53597) to work on /Users/az/anaconda3/envs/python38/lib/python3.8/site-packages/airflow/example_dags/example_branch_labels.py
[2023-11-09T19:39:58.022-0500] {processor.py:829} INFO - Processing file /Users/az/anaconda3/envs/python38/lib/python3.8/site-packages/airflow/example_dags/example_branch_labels.py for tasks to queue
[2023-11-09T19:39:58.022-0500] {logging_mixin.py:154} INFO - [2023-11-09T19:39:58.022-0500] {dagbag.py:536} INFO - Filling up the DagBag from /Users/az/anaconda3/envs/python38/lib/python3.8/site-packages/airflow/example_dags/example_branch_labels.py
[2023-11-09T19:39:58.038-0500] {processor.py:839} INFO - DAG(s) dict_keys(['example_branch_labels']) retrieved from /Users/az/anaconda3/envs/python38/lib/python3.8/site-packages/airflow/example_dags/example_branch_labels.py
[2023-11-09T19:39:58.147-0500] {logging_mixin.py:154} INFO - [2023-11-09T19:39:58.147-0500] {dag.py:2941} INFO - Sync 1 DAGs
[2023-11-09T19:39:58.157-0500] {logging_mixin.py:154} INFO - [2023-11-09T19:39:58.157-0500] {dag.py:3722} INFO - Setting next_dagrun for example_branch_labels to 2023-11-09T00:00:00+00:00, run_after=2023-11-10T00:00:00+00:00
[2023-11-09T19:39:58.167-0500] {processor.py:179} INFO - Processing /Users/az/anaconda3/envs/python38/lib/python3.8/site-packages/airflow/example_dags/example_branch_labels.py took 0.150 seconds
[2023-11-09T19:42:05.059-0500] {processor.py:157} INFO - Started process (PID=53877) to work on /Users/az/anaconda3/envs/python38/lib/python3.8/site-packages/airflow/example_dags/example_branch_labels.py
[2023-11-09T19:42:05.066-0500] {processor.py:829} INFO - Processing file /Users/az/anaconda3/envs/python38/lib/python3.8/site-packages/airflow/example_dags/example_branch_labels.py for tasks to queue
[2023-11-09T19:42:05.067-0500] {logging_mixin.py:154} INFO - [2023-11-09T19:42:05.067-0500] {dagbag.py:536} INFO - Filling up the DagBag from /Users/az/anaconda3/envs/python38/lib/python3.8/site-packages/airflow/example_dags/example_branch_labels.py
[2023-11-09T19:42:05.088-0500] {processor.py:839} INFO - DAG(s) dict_keys(['example_branch_labels']) retrieved from /Users/az/anaconda3/envs/python38/lib/python3.8/site-packages/airflow/example_dags/example_branch_labels.py
[2023-11-09T19:42:05.229-0500] {logging_mixin.py:154} INFO - [2023-11-09T19:42:05.229-0500] {dag.py:2941} INFO - Sync 1 DAGs
[2023-11-09T19:42:05.241-0500] {logging_mixin.py:154} INFO - [2023-11-09T19:42:05.241-0500] {dag.py:3722} INFO - Setting next_dagrun for example_branch_labels to 2023-11-09T00:00:00+00:00, run_after=2023-11-10T00:00:00+00:00
[2023-11-09T19:42:05.254-0500] {processor.py:179} INFO - Processing /Users/az/anaconda3/envs/python38/lib/python3.8/site-packages/airflow/example_dags/example_branch_labels.py took 0.196 seconds
[2023-11-09T19:44:10.109-0500] {processor.py:157} INFO - Started process (PID=54223) to work on /Users/az/anaconda3/envs/python38/lib/python3.8/site-packages/airflow/example_dags/example_branch_labels.py
[2023-11-09T19:44:10.113-0500] {processor.py:829} INFO - Processing file /Users/az/anaconda3/envs/python38/lib/python3.8/site-packages/airflow/example_dags/example_branch_labels.py for tasks to queue
[2023-11-09T19:44:10.114-0500] {logging_mixin.py:154} INFO - [2023-11-09T19:44:10.114-0500] {dagbag.py:536} INFO - Filling up the DagBag from /Users/az/anaconda3/envs/python38/lib/python3.8/site-packages/airflow/example_dags/example_branch_labels.py
[2023-11-09T19:44:10.130-0500] {processor.py:839} INFO - DAG(s) dict_keys(['example_branch_labels']) retrieved from /Users/az/anaconda3/envs/python38/lib/python3.8/site-packages/airflow/example_dags/example_branch_labels.py
[2023-11-09T19:44:10.240-0500] {logging_mixin.py:154} INFO - [2023-11-09T19:44:10.240-0500] {dag.py:2941} INFO - Sync 1 DAGs
[2023-11-09T19:44:10.250-0500] {logging_mixin.py:154} INFO - [2023-11-09T19:44:10.250-0500] {dag.py:3722} INFO - Setting next_dagrun for example_branch_labels to 2023-11-09T00:00:00+00:00, run_after=2023-11-10T00:00:00+00:00
[2023-11-09T19:44:10.260-0500] {processor.py:179} INFO - Processing /Users/az/anaconda3/envs/python38/lib/python3.8/site-packages/airflow/example_dags/example_branch_labels.py took 0.152 seconds
[2023-11-09T19:46:08.211-0500] {processor.py:157} INFO - Started process (PID=54370) to work on /Users/az/anaconda3/envs/python38/lib/python3.8/site-packages/airflow/example_dags/example_branch_labels.py
[2023-11-09T19:46:08.222-0500] {processor.py:829} INFO - Processing file /Users/az/anaconda3/envs/python38/lib/python3.8/site-packages/airflow/example_dags/example_branch_labels.py for tasks to queue
[2023-11-09T19:46:08.223-0500] {logging_mixin.py:154} INFO - [2023-11-09T19:46:08.222-0500] {dagbag.py:536} INFO - Filling up the DagBag from /Users/az/anaconda3/envs/python38/lib/python3.8/site-packages/airflow/example_dags/example_branch_labels.py
[2023-11-09T19:46:08.238-0500] {processor.py:839} INFO - DAG(s) dict_keys(['example_branch_labels']) retrieved from /Users/az/anaconda3/envs/python38/lib/python3.8/site-packages/airflow/example_dags/example_branch_labels.py
[2023-11-09T19:46:08.345-0500] {logging_mixin.py:154} INFO - [2023-11-09T19:46:08.345-0500] {dag.py:2941} INFO - Sync 1 DAGs
[2023-11-09T19:46:08.355-0500] {logging_mixin.py:154} INFO - [2023-11-09T19:46:08.355-0500] {dag.py:3722} INFO - Setting next_dagrun for example_branch_labels to 2023-11-09T00:00:00+00:00, run_after=2023-11-10T00:00:00+00:00
[2023-11-09T19:46:08.365-0500] {processor.py:179} INFO - Processing /Users/az/anaconda3/envs/python38/lib/python3.8/site-packages/airflow/example_dags/example_branch_labels.py took 0.154 seconds
[2023-11-09T19:48:06.428-0500] {processor.py:157} INFO - Started process (PID=54524) to work on /Users/az/anaconda3/envs/python38/lib/python3.8/site-packages/airflow/example_dags/example_branch_labels.py
[2023-11-09T19:48:06.432-0500] {processor.py:829} INFO - Processing file /Users/az/anaconda3/envs/python38/lib/python3.8/site-packages/airflow/example_dags/example_branch_labels.py for tasks to queue
[2023-11-09T19:48:06.433-0500] {logging_mixin.py:154} INFO - [2023-11-09T19:48:06.433-0500] {dagbag.py:536} INFO - Filling up the DagBag from /Users/az/anaconda3/envs/python38/lib/python3.8/site-packages/airflow/example_dags/example_branch_labels.py
[2023-11-09T19:48:06.448-0500] {processor.py:839} INFO - DAG(s) dict_keys(['example_branch_labels']) retrieved from /Users/az/anaconda3/envs/python38/lib/python3.8/site-packages/airflow/example_dags/example_branch_labels.py
[2023-11-09T19:48:06.558-0500] {logging_mixin.py:154} INFO - [2023-11-09T19:48:06.558-0500] {dag.py:2941} INFO - Sync 1 DAGs
[2023-11-09T19:48:06.568-0500] {logging_mixin.py:154} INFO - [2023-11-09T19:48:06.568-0500] {dag.py:3722} INFO - Setting next_dagrun for example_branch_labels to 2023-11-09T00:00:00+00:00, run_after=2023-11-10T00:00:00+00:00
[2023-11-09T19:48:06.578-0500] {processor.py:179} INFO - Processing /Users/az/anaconda3/envs/python38/lib/python3.8/site-packages/airflow/example_dags/example_branch_labels.py took 0.151 seconds
[2023-11-09T19:50:03.413-0500] {processor.py:157} INFO - Started process (PID=54659) to work on /Users/az/anaconda3/envs/python38/lib/python3.8/site-packages/airflow/example_dags/example_branch_labels.py
[2023-11-09T19:50:03.418-0500] {processor.py:829} INFO - Processing file /Users/az/anaconda3/envs/python38/lib/python3.8/site-packages/airflow/example_dags/example_branch_labels.py for tasks to queue
[2023-11-09T19:50:03.418-0500] {logging_mixin.py:154} INFO - [2023-11-09T19:50:03.418-0500] {dagbag.py:536} INFO - Filling up the DagBag from /Users/az/anaconda3/envs/python38/lib/python3.8/site-packages/airflow/example_dags/example_branch_labels.py
[2023-11-09T19:50:03.437-0500] {processor.py:839} INFO - DAG(s) dict_keys(['example_branch_labels']) retrieved from /Users/az/anaconda3/envs/python38/lib/python3.8/site-packages/airflow/example_dags/example_branch_labels.py
[2023-11-09T19:50:03.572-0500] {logging_mixin.py:154} INFO - [2023-11-09T19:50:03.571-0500] {dag.py:2941} INFO - Sync 1 DAGs
[2023-11-09T19:50:03.583-0500] {logging_mixin.py:154} INFO - [2023-11-09T19:50:03.583-0500] {dag.py:3722} INFO - Setting next_dagrun for example_branch_labels to 2023-11-09T00:00:00+00:00, run_after=2023-11-10T00:00:00+00:00
[2023-11-09T19:50:03.595-0500] {processor.py:179} INFO - Processing /Users/az/anaconda3/envs/python38/lib/python3.8/site-packages/airflow/example_dags/example_branch_labels.py took 0.183 seconds
[2023-11-09T19:52:02.881-0500] {processor.py:157} INFO - Started process (PID=54812) to work on /Users/az/anaconda3/envs/python38/lib/python3.8/site-packages/airflow/example_dags/example_branch_labels.py
[2023-11-09T19:52:02.886-0500] {processor.py:829} INFO - Processing file /Users/az/anaconda3/envs/python38/lib/python3.8/site-packages/airflow/example_dags/example_branch_labels.py for tasks to queue
[2023-11-09T19:52:02.886-0500] {logging_mixin.py:154} INFO - [2023-11-09T19:52:02.886-0500] {dagbag.py:536} INFO - Filling up the DagBag from /Users/az/anaconda3/envs/python38/lib/python3.8/site-packages/airflow/example_dags/example_branch_labels.py
[2023-11-09T19:52:02.902-0500] {processor.py:839} INFO - DAG(s) dict_keys(['example_branch_labels']) retrieved from /Users/az/anaconda3/envs/python38/lib/python3.8/site-packages/airflow/example_dags/example_branch_labels.py
[2023-11-09T19:52:03.009-0500] {logging_mixin.py:154} INFO - [2023-11-09T19:52:03.009-0500] {dag.py:2941} INFO - Sync 1 DAGs
[2023-11-09T19:52:03.019-0500] {logging_mixin.py:154} INFO - [2023-11-09T19:52:03.019-0500] {dag.py:3722} INFO - Setting next_dagrun for example_branch_labels to 2023-11-09T00:00:00+00:00, run_after=2023-11-10T00:00:00+00:00
[2023-11-09T19:52:03.029-0500] {processor.py:179} INFO - Processing /Users/az/anaconda3/envs/python38/lib/python3.8/site-packages/airflow/example_dags/example_branch_labels.py took 0.148 seconds
[2023-11-09T19:54:03.967-0500] {processor.py:157} INFO - Started process (PID=54971) to work on /Users/az/anaconda3/envs/python38/lib/python3.8/site-packages/airflow/example_dags/example_branch_labels.py
[2023-11-09T19:54:03.972-0500] {processor.py:829} INFO - Processing file /Users/az/anaconda3/envs/python38/lib/python3.8/site-packages/airflow/example_dags/example_branch_labels.py for tasks to queue
[2023-11-09T19:54:03.972-0500] {logging_mixin.py:154} INFO - [2023-11-09T19:54:03.972-0500] {dagbag.py:536} INFO - Filling up the DagBag from /Users/az/anaconda3/envs/python38/lib/python3.8/site-packages/airflow/example_dags/example_branch_labels.py
[2023-11-09T19:54:03.988-0500] {processor.py:839} INFO - DAG(s) dict_keys(['example_branch_labels']) retrieved from /Users/az/anaconda3/envs/python38/lib/python3.8/site-packages/airflow/example_dags/example_branch_labels.py
[2023-11-09T19:54:04.097-0500] {logging_mixin.py:154} INFO - [2023-11-09T19:54:04.097-0500] {dag.py:2941} INFO - Sync 1 DAGs
[2023-11-09T19:54:04.108-0500] {logging_mixin.py:154} INFO - [2023-11-09T19:54:04.108-0500] {dag.py:3722} INFO - Setting next_dagrun for example_branch_labels to 2023-11-09T00:00:00+00:00, run_after=2023-11-10T00:00:00+00:00
[2023-11-09T19:54:04.118-0500] {processor.py:179} INFO - Processing /Users/az/anaconda3/envs/python38/lib/python3.8/site-packages/airflow/example_dags/example_branch_labels.py took 0.151 seconds
[2023-11-09T19:55:59.873-0500] {processor.py:157} INFO - Started process (PID=55119) to work on /Users/az/anaconda3/envs/python38/lib/python3.8/site-packages/airflow/example_dags/example_branch_labels.py
[2023-11-09T19:55:59.877-0500] {processor.py:829} INFO - Processing file /Users/az/anaconda3/envs/python38/lib/python3.8/site-packages/airflow/example_dags/example_branch_labels.py for tasks to queue
[2023-11-09T19:55:59.877-0500] {logging_mixin.py:154} INFO - [2023-11-09T19:55:59.877-0500] {dagbag.py:536} INFO - Filling up the DagBag from /Users/az/anaconda3/envs/python38/lib/python3.8/site-packages/airflow/example_dags/example_branch_labels.py
[2023-11-09T19:55:59.893-0500] {processor.py:839} INFO - DAG(s) dict_keys(['example_branch_labels']) retrieved from /Users/az/anaconda3/envs/python38/lib/python3.8/site-packages/airflow/example_dags/example_branch_labels.py
[2023-11-09T19:56:00.000-0500] {logging_mixin.py:154} INFO - [2023-11-09T19:56:00.000-0500] {dag.py:2941} INFO - Sync 1 DAGs
[2023-11-09T19:56:00.010-0500] {logging_mixin.py:154} INFO - [2023-11-09T19:56:00.010-0500] {dag.py:3722} INFO - Setting next_dagrun for example_branch_labels to 2023-11-09T00:00:00+00:00, run_after=2023-11-10T00:00:00+00:00
[2023-11-09T19:56:00.020-0500] {processor.py:179} INFO - Processing /Users/az/anaconda3/envs/python38/lib/python3.8/site-packages/airflow/example_dags/example_branch_labels.py took 0.147 seconds
[2023-11-09T19:58:00.711-0500] {processor.py:157} INFO - Started process (PID=55280) to work on /Users/az/anaconda3/envs/python38/lib/python3.8/site-packages/airflow/example_dags/example_branch_labels.py
[2023-11-09T19:58:00.716-0500] {processor.py:829} INFO - Processing file /Users/az/anaconda3/envs/python38/lib/python3.8/site-packages/airflow/example_dags/example_branch_labels.py for tasks to queue
[2023-11-09T19:58:00.716-0500] {logging_mixin.py:154} INFO - [2023-11-09T19:58:00.716-0500] {dagbag.py:536} INFO - Filling up the DagBag from /Users/az/anaconda3/envs/python38/lib/python3.8/site-packages/airflow/example_dags/example_branch_labels.py
[2023-11-09T19:58:00.732-0500] {processor.py:839} INFO - DAG(s) dict_keys(['example_branch_labels']) retrieved from /Users/az/anaconda3/envs/python38/lib/python3.8/site-packages/airflow/example_dags/example_branch_labels.py
[2023-11-09T19:58:00.840-0500] {logging_mixin.py:154} INFO - [2023-11-09T19:58:00.840-0500] {dag.py:2941} INFO - Sync 1 DAGs
[2023-11-09T19:58:00.850-0500] {logging_mixin.py:154} INFO - [2023-11-09T19:58:00.850-0500] {dag.py:3722} INFO - Setting next_dagrun for example_branch_labels to 2023-11-09T00:00:00+00:00, run_after=2023-11-10T00:00:00+00:00
[2023-11-09T19:58:00.860-0500] {processor.py:179} INFO - Processing /Users/az/anaconda3/envs/python38/lib/python3.8/site-packages/airflow/example_dags/example_branch_labels.py took 0.149 seconds
[2023-11-09T20:00:00.715-0500] {processor.py:157} INFO - Started process (PID=55430) to work on /Users/az/anaconda3/envs/python38/lib/python3.8/site-packages/airflow/example_dags/example_branch_labels.py
[2023-11-09T20:00:00.720-0500] {processor.py:829} INFO - Processing file /Users/az/anaconda3/envs/python38/lib/python3.8/site-packages/airflow/example_dags/example_branch_labels.py for tasks to queue
[2023-11-09T20:00:00.720-0500] {logging_mixin.py:154} INFO - [2023-11-09T20:00:00.720-0500] {dagbag.py:536} INFO - Filling up the DagBag from /Users/az/anaconda3/envs/python38/lib/python3.8/site-packages/airflow/example_dags/example_branch_labels.py
[2023-11-09T20:00:00.736-0500] {processor.py:839} INFO - DAG(s) dict_keys(['example_branch_labels']) retrieved from /Users/az/anaconda3/envs/python38/lib/python3.8/site-packages/airflow/example_dags/example_branch_labels.py
[2023-11-09T20:00:00.846-0500] {logging_mixin.py:154} INFO - [2023-11-09T20:00:00.846-0500] {dag.py:2941} INFO - Sync 1 DAGs
[2023-11-09T20:00:00.856-0500] {logging_mixin.py:154} INFO - [2023-11-09T20:00:00.856-0500] {dag.py:3722} INFO - Setting next_dagrun for example_branch_labels to 2023-11-09T00:00:00+00:00, run_after=2023-11-10T00:00:00+00:00
[2023-11-09T20:00:00.866-0500] {processor.py:179} INFO - Processing /Users/az/anaconda3/envs/python38/lib/python3.8/site-packages/airflow/example_dags/example_branch_labels.py took 0.151 seconds
[2023-11-09T20:02:02.960-0500] {processor.py:157} INFO - Started process (PID=55596) to work on /Users/az/anaconda3/envs/python38/lib/python3.8/site-packages/airflow/example_dags/example_branch_labels.py
[2023-11-09T20:02:02.965-0500] {processor.py:829} INFO - Processing file /Users/az/anaconda3/envs/python38/lib/python3.8/site-packages/airflow/example_dags/example_branch_labels.py for tasks to queue
[2023-11-09T20:02:02.965-0500] {logging_mixin.py:154} INFO - [2023-11-09T20:02:02.965-0500] {dagbag.py:536} INFO - Filling up the DagBag from /Users/az/anaconda3/envs/python38/lib/python3.8/site-packages/airflow/example_dags/example_branch_labels.py
[2023-11-09T20:02:02.980-0500] {processor.py:839} INFO - DAG(s) dict_keys(['example_branch_labels']) retrieved from /Users/az/anaconda3/envs/python38/lib/python3.8/site-packages/airflow/example_dags/example_branch_labels.py
[2023-11-09T20:02:03.088-0500] {logging_mixin.py:154} INFO - [2023-11-09T20:02:03.088-0500] {dag.py:2941} INFO - Sync 1 DAGs
[2023-11-09T20:02:03.098-0500] {logging_mixin.py:154} INFO - [2023-11-09T20:02:03.098-0500] {dag.py:3722} INFO - Setting next_dagrun for example_branch_labels to 2023-11-09T00:00:00+00:00, run_after=2023-11-10T00:00:00+00:00
[2023-11-09T20:02:03.108-0500] {processor.py:179} INFO - Processing /Users/az/anaconda3/envs/python38/lib/python3.8/site-packages/airflow/example_dags/example_branch_labels.py took 0.148 seconds
[2023-11-09T20:04:04.327-0500] {processor.py:157} INFO - Started process (PID=55750) to work on /Users/az/anaconda3/envs/python38/lib/python3.8/site-packages/airflow/example_dags/example_branch_labels.py
[2023-11-09T20:04:04.332-0500] {processor.py:829} INFO - Processing file /Users/az/anaconda3/envs/python38/lib/python3.8/site-packages/airflow/example_dags/example_branch_labels.py for tasks to queue
[2023-11-09T20:04:04.332-0500] {logging_mixin.py:154} INFO - [2023-11-09T20:04:04.332-0500] {dagbag.py:536} INFO - Filling up the DagBag from /Users/az/anaconda3/envs/python38/lib/python3.8/site-packages/airflow/example_dags/example_branch_labels.py
[2023-11-09T20:04:04.348-0500] {processor.py:839} INFO - DAG(s) dict_keys(['example_branch_labels']) retrieved from /Users/az/anaconda3/envs/python38/lib/python3.8/site-packages/airflow/example_dags/example_branch_labels.py
[2023-11-09T20:04:04.456-0500] {logging_mixin.py:154} INFO - [2023-11-09T20:04:04.455-0500] {dag.py:2941} INFO - Sync 1 DAGs
[2023-11-09T20:04:04.465-0500] {logging_mixin.py:154} INFO - [2023-11-09T20:04:04.465-0500] {dag.py:3722} INFO - Setting next_dagrun for example_branch_labels to 2023-11-09T00:00:00+00:00, run_after=2023-11-10T00:00:00+00:00
[2023-11-09T20:04:04.475-0500] {processor.py:179} INFO - Processing /Users/az/anaconda3/envs/python38/lib/python3.8/site-packages/airflow/example_dags/example_branch_labels.py took 0.148 seconds
[2023-11-09T20:06:02.663-0500] {processor.py:157} INFO - Started process (PID=55899) to work on /Users/az/anaconda3/envs/python38/lib/python3.8/site-packages/airflow/example_dags/example_branch_labels.py
[2023-11-09T20:06:02.667-0500] {processor.py:829} INFO - Processing file /Users/az/anaconda3/envs/python38/lib/python3.8/site-packages/airflow/example_dags/example_branch_labels.py for tasks to queue
[2023-11-09T20:06:02.668-0500] {logging_mixin.py:154} INFO - [2023-11-09T20:06:02.668-0500] {dagbag.py:536} INFO - Filling up the DagBag from /Users/az/anaconda3/envs/python38/lib/python3.8/site-packages/airflow/example_dags/example_branch_labels.py
[2023-11-09T20:06:02.683-0500] {processor.py:839} INFO - DAG(s) dict_keys(['example_branch_labels']) retrieved from /Users/az/anaconda3/envs/python38/lib/python3.8/site-packages/airflow/example_dags/example_branch_labels.py
[2023-11-09T20:06:02.794-0500] {logging_mixin.py:154} INFO - [2023-11-09T20:06:02.794-0500] {dag.py:2941} INFO - Sync 1 DAGs
[2023-11-09T20:06:02.806-0500] {logging_mixin.py:154} INFO - [2023-11-09T20:06:02.805-0500] {dag.py:3722} INFO - Setting next_dagrun for example_branch_labels to 2023-11-09T00:00:00+00:00, run_after=2023-11-10T00:00:00+00:00
[2023-11-09T20:06:02.816-0500] {processor.py:179} INFO - Processing /Users/az/anaconda3/envs/python38/lib/python3.8/site-packages/airflow/example_dags/example_branch_labels.py took 0.154 seconds
[2023-11-09T20:08:00.122-0500] {processor.py:157} INFO - Started process (PID=56068) to work on /Users/az/anaconda3/envs/python38/lib/python3.8/site-packages/airflow/example_dags/example_branch_labels.py
[2023-11-09T20:08:00.126-0500] {processor.py:829} INFO - Processing file /Users/az/anaconda3/envs/python38/lib/python3.8/site-packages/airflow/example_dags/example_branch_labels.py for tasks to queue
[2023-11-09T20:08:00.127-0500] {logging_mixin.py:154} INFO - [2023-11-09T20:08:00.127-0500] {dagbag.py:536} INFO - Filling up the DagBag from /Users/az/anaconda3/envs/python38/lib/python3.8/site-packages/airflow/example_dags/example_branch_labels.py
[2023-11-09T20:08:00.142-0500] {processor.py:839} INFO - DAG(s) dict_keys(['example_branch_labels']) retrieved from /Users/az/anaconda3/envs/python38/lib/python3.8/site-packages/airflow/example_dags/example_branch_labels.py
[2023-11-09T20:08:00.249-0500] {logging_mixin.py:154} INFO - [2023-11-09T20:08:00.249-0500] {dag.py:2941} INFO - Sync 1 DAGs
[2023-11-09T20:08:00.259-0500] {logging_mixin.py:154} INFO - [2023-11-09T20:08:00.259-0500] {dag.py:3722} INFO - Setting next_dagrun for example_branch_labels to 2023-11-09T00:00:00+00:00, run_after=2023-11-10T00:00:00+00:00
[2023-11-09T20:08:00.269-0500] {processor.py:179} INFO - Processing /Users/az/anaconda3/envs/python38/lib/python3.8/site-packages/airflow/example_dags/example_branch_labels.py took 0.148 seconds
[2023-11-09T20:09:57.641-0500] {processor.py:157} INFO - Started process (PID=56232) to work on /Users/az/anaconda3/envs/python38/lib/python3.8/site-packages/airflow/example_dags/example_branch_labels.py
[2023-11-09T20:09:57.646-0500] {processor.py:829} INFO - Processing file /Users/az/anaconda3/envs/python38/lib/python3.8/site-packages/airflow/example_dags/example_branch_labels.py for tasks to queue
[2023-11-09T20:09:57.646-0500] {logging_mixin.py:154} INFO - [2023-11-09T20:09:57.646-0500] {dagbag.py:536} INFO - Filling up the DagBag from /Users/az/anaconda3/envs/python38/lib/python3.8/site-packages/airflow/example_dags/example_branch_labels.py
[2023-11-09T20:09:57.662-0500] {processor.py:839} INFO - DAG(s) dict_keys(['example_branch_labels']) retrieved from /Users/az/anaconda3/envs/python38/lib/python3.8/site-packages/airflow/example_dags/example_branch_labels.py
[2023-11-09T20:09:57.769-0500] {logging_mixin.py:154} INFO - [2023-11-09T20:09:57.769-0500] {dag.py:2941} INFO - Sync 1 DAGs
[2023-11-09T20:09:57.779-0500] {logging_mixin.py:154} INFO - [2023-11-09T20:09:57.779-0500] {dag.py:3722} INFO - Setting next_dagrun for example_branch_labels to 2023-11-09T00:00:00+00:00, run_after=2023-11-10T00:00:00+00:00
[2023-11-09T20:09:57.789-0500] {processor.py:179} INFO - Processing /Users/az/anaconda3/envs/python38/lib/python3.8/site-packages/airflow/example_dags/example_branch_labels.py took 0.148 seconds
[2023-11-09T20:11:54.582-0500] {processor.py:157} INFO - Started process (PID=56396) to work on /Users/az/anaconda3/envs/python38/lib/python3.8/site-packages/airflow/example_dags/example_branch_labels.py
[2023-11-09T20:11:54.587-0500] {processor.py:829} INFO - Processing file /Users/az/anaconda3/envs/python38/lib/python3.8/site-packages/airflow/example_dags/example_branch_labels.py for tasks to queue
[2023-11-09T20:11:54.587-0500] {logging_mixin.py:154} INFO - [2023-11-09T20:11:54.587-0500] {dagbag.py:536} INFO - Filling up the DagBag from /Users/az/anaconda3/envs/python38/lib/python3.8/site-packages/airflow/example_dags/example_branch_labels.py
[2023-11-09T20:11:54.603-0500] {processor.py:839} INFO - DAG(s) dict_keys(['example_branch_labels']) retrieved from /Users/az/anaconda3/envs/python38/lib/python3.8/site-packages/airflow/example_dags/example_branch_labels.py
[2023-11-09T20:11:54.713-0500] {logging_mixin.py:154} INFO - [2023-11-09T20:11:54.713-0500] {dag.py:2941} INFO - Sync 1 DAGs
[2023-11-09T20:11:54.723-0500] {logging_mixin.py:154} INFO - [2023-11-09T20:11:54.723-0500] {dag.py:3722} INFO - Setting next_dagrun for example_branch_labels to 2023-11-09T00:00:00+00:00, run_after=2023-11-10T00:00:00+00:00
[2023-11-09T20:11:54.733-0500] {processor.py:179} INFO - Processing /Users/az/anaconda3/envs/python38/lib/python3.8/site-packages/airflow/example_dags/example_branch_labels.py took 0.152 seconds
[2023-11-09T20:13:54.997-0500] {processor.py:157} INFO - Started process (PID=56562) to work on /Users/az/anaconda3/envs/python38/lib/python3.8/site-packages/airflow/example_dags/example_branch_labels.py
[2023-11-09T20:13:55.002-0500] {processor.py:829} INFO - Processing file /Users/az/anaconda3/envs/python38/lib/python3.8/site-packages/airflow/example_dags/example_branch_labels.py for tasks to queue
[2023-11-09T20:13:55.002-0500] {logging_mixin.py:154} INFO - [2023-11-09T20:13:55.002-0500] {dagbag.py:536} INFO - Filling up the DagBag from /Users/az/anaconda3/envs/python38/lib/python3.8/site-packages/airflow/example_dags/example_branch_labels.py
[2023-11-09T20:13:55.019-0500] {processor.py:839} INFO - DAG(s) dict_keys(['example_branch_labels']) retrieved from /Users/az/anaconda3/envs/python38/lib/python3.8/site-packages/airflow/example_dags/example_branch_labels.py
[2023-11-09T20:13:55.132-0500] {logging_mixin.py:154} INFO - [2023-11-09T20:13:55.131-0500] {dag.py:2941} INFO - Sync 1 DAGs
[2023-11-09T20:13:55.141-0500] {logging_mixin.py:154} INFO - [2023-11-09T20:13:55.141-0500] {dag.py:3722} INFO - Setting next_dagrun for example_branch_labels to 2023-11-09T00:00:00+00:00, run_after=2023-11-10T00:00:00+00:00
[2023-11-09T20:13:55.152-0500] {processor.py:179} INFO - Processing /Users/az/anaconda3/envs/python38/lib/python3.8/site-packages/airflow/example_dags/example_branch_labels.py took 0.155 seconds
[2023-11-09T20:15:53.480-0500] {processor.py:157} INFO - Started process (PID=56718) to work on /Users/az/anaconda3/envs/python38/lib/python3.8/site-packages/airflow/example_dags/example_branch_labels.py
[2023-11-09T20:15:53.485-0500] {processor.py:829} INFO - Processing file /Users/az/anaconda3/envs/python38/lib/python3.8/site-packages/airflow/example_dags/example_branch_labels.py for tasks to queue
[2023-11-09T20:15:53.485-0500] {logging_mixin.py:154} INFO - [2023-11-09T20:15:53.485-0500] {dagbag.py:536} INFO - Filling up the DagBag from /Users/az/anaconda3/envs/python38/lib/python3.8/site-packages/airflow/example_dags/example_branch_labels.py
[2023-11-09T20:15:53.501-0500] {processor.py:839} INFO - DAG(s) dict_keys(['example_branch_labels']) retrieved from /Users/az/anaconda3/envs/python38/lib/python3.8/site-packages/airflow/example_dags/example_branch_labels.py
[2023-11-09T20:15:53.609-0500] {logging_mixin.py:154} INFO - [2023-11-09T20:15:53.608-0500] {dag.py:2941} INFO - Sync 1 DAGs
[2023-11-09T20:15:53.618-0500] {logging_mixin.py:154} INFO - [2023-11-09T20:15:53.618-0500] {dag.py:3722} INFO - Setting next_dagrun for example_branch_labels to 2023-11-09T00:00:00+00:00, run_after=2023-11-10T00:00:00+00:00
[2023-11-09T20:15:53.628-0500] {processor.py:179} INFO - Processing /Users/az/anaconda3/envs/python38/lib/python3.8/site-packages/airflow/example_dags/example_branch_labels.py took 0.149 seconds
[2023-11-09T20:17:52.952-0500] {processor.py:157} INFO - Started process (PID=56868) to work on /Users/az/anaconda3/envs/python38/lib/python3.8/site-packages/airflow/example_dags/example_branch_labels.py
[2023-11-09T20:17:52.957-0500] {processor.py:829} INFO - Processing file /Users/az/anaconda3/envs/python38/lib/python3.8/site-packages/airflow/example_dags/example_branch_labels.py for tasks to queue
[2023-11-09T20:17:52.957-0500] {logging_mixin.py:154} INFO - [2023-11-09T20:17:52.957-0500] {dagbag.py:536} INFO - Filling up the DagBag from /Users/az/anaconda3/envs/python38/lib/python3.8/site-packages/airflow/example_dags/example_branch_labels.py
[2023-11-09T20:17:52.973-0500] {processor.py:839} INFO - DAG(s) dict_keys(['example_branch_labels']) retrieved from /Users/az/anaconda3/envs/python38/lib/python3.8/site-packages/airflow/example_dags/example_branch_labels.py
[2023-11-09T20:17:53.081-0500] {logging_mixin.py:154} INFO - [2023-11-09T20:17:53.081-0500] {dag.py:2941} INFO - Sync 1 DAGs
[2023-11-09T20:17:53.090-0500] {logging_mixin.py:154} INFO - [2023-11-09T20:17:53.090-0500] {dag.py:3722} INFO - Setting next_dagrun for example_branch_labels to 2023-11-09T00:00:00+00:00, run_after=2023-11-10T00:00:00+00:00
[2023-11-09T20:17:53.100-0500] {processor.py:179} INFO - Processing /Users/az/anaconda3/envs/python38/lib/python3.8/site-packages/airflow/example_dags/example_branch_labels.py took 0.149 seconds
[2023-11-09T20:19:51.515-0500] {processor.py:157} INFO - Started process (PID=57016) to work on /Users/az/anaconda3/envs/python38/lib/python3.8/site-packages/airflow/example_dags/example_branch_labels.py
[2023-11-09T20:19:51.519-0500] {processor.py:829} INFO - Processing file /Users/az/anaconda3/envs/python38/lib/python3.8/site-packages/airflow/example_dags/example_branch_labels.py for tasks to queue
[2023-11-09T20:19:51.520-0500] {logging_mixin.py:154} INFO - [2023-11-09T20:19:51.519-0500] {dagbag.py:536} INFO - Filling up the DagBag from /Users/az/anaconda3/envs/python38/lib/python3.8/site-packages/airflow/example_dags/example_branch_labels.py
[2023-11-09T20:19:51.535-0500] {processor.py:839} INFO - DAG(s) dict_keys(['example_branch_labels']) retrieved from /Users/az/anaconda3/envs/python38/lib/python3.8/site-packages/airflow/example_dags/example_branch_labels.py
[2023-11-09T20:19:51.642-0500] {logging_mixin.py:154} INFO - [2023-11-09T20:19:51.642-0500] {dag.py:2941} INFO - Sync 1 DAGs
[2023-11-09T20:19:51.652-0500] {logging_mixin.py:154} INFO - [2023-11-09T20:19:51.652-0500] {dag.py:3722} INFO - Setting next_dagrun for example_branch_labels to 2023-11-09T00:00:00+00:00, run_after=2023-11-10T00:00:00+00:00
[2023-11-09T20:19:51.662-0500] {processor.py:179} INFO - Processing /Users/az/anaconda3/envs/python38/lib/python3.8/site-packages/airflow/example_dags/example_branch_labels.py took 0.148 seconds
[2023-11-09T20:21:52.952-0500] {processor.py:157} INFO - Started process (PID=57175) to work on /Users/az/anaconda3/envs/python38/lib/python3.8/site-packages/airflow/example_dags/example_branch_labels.py
[2023-11-09T20:21:52.957-0500] {processor.py:829} INFO - Processing file /Users/az/anaconda3/envs/python38/lib/python3.8/site-packages/airflow/example_dags/example_branch_labels.py for tasks to queue
[2023-11-09T20:21:52.957-0500] {logging_mixin.py:154} INFO - [2023-11-09T20:21:52.957-0500] {dagbag.py:536} INFO - Filling up the DagBag from /Users/az/anaconda3/envs/python38/lib/python3.8/site-packages/airflow/example_dags/example_branch_labels.py
[2023-11-09T20:21:52.973-0500] {processor.py:839} INFO - DAG(s) dict_keys(['example_branch_labels']) retrieved from /Users/az/anaconda3/envs/python38/lib/python3.8/site-packages/airflow/example_dags/example_branch_labels.py
[2023-11-09T20:21:53.081-0500] {logging_mixin.py:154} INFO - [2023-11-09T20:21:53.081-0500] {dag.py:2941} INFO - Sync 1 DAGs
[2023-11-09T20:21:53.091-0500] {logging_mixin.py:154} INFO - [2023-11-09T20:21:53.091-0500] {dag.py:3722} INFO - Setting next_dagrun for example_branch_labels to 2023-11-09T00:00:00+00:00, run_after=2023-11-10T00:00:00+00:00
[2023-11-09T20:21:53.101-0500] {processor.py:179} INFO - Processing /Users/az/anaconda3/envs/python38/lib/python3.8/site-packages/airflow/example_dags/example_branch_labels.py took 0.149 seconds
[2023-11-09T20:23:50.764-0500] {processor.py:157} INFO - Started process (PID=57327) to work on /Users/az/anaconda3/envs/python38/lib/python3.8/site-packages/airflow/example_dags/example_branch_labels.py
[2023-11-09T20:23:50.768-0500] {processor.py:829} INFO - Processing file /Users/az/anaconda3/envs/python38/lib/python3.8/site-packages/airflow/example_dags/example_branch_labels.py for tasks to queue
[2023-11-09T20:23:50.768-0500] {logging_mixin.py:154} INFO - [2023-11-09T20:23:50.768-0500] {dagbag.py:536} INFO - Filling up the DagBag from /Users/az/anaconda3/envs/python38/lib/python3.8/site-packages/airflow/example_dags/example_branch_labels.py
[2023-11-09T20:23:50.784-0500] {processor.py:839} INFO - DAG(s) dict_keys(['example_branch_labels']) retrieved from /Users/az/anaconda3/envs/python38/lib/python3.8/site-packages/airflow/example_dags/example_branch_labels.py
[2023-11-09T20:23:50.891-0500] {logging_mixin.py:154} INFO - [2023-11-09T20:23:50.891-0500] {dag.py:2941} INFO - Sync 1 DAGs
[2023-11-09T20:23:50.901-0500] {logging_mixin.py:154} INFO - [2023-11-09T20:23:50.901-0500] {dag.py:3722} INFO - Setting next_dagrun for example_branch_labels to 2023-11-09T00:00:00+00:00, run_after=2023-11-10T00:00:00+00:00
[2023-11-09T20:23:50.911-0500] {processor.py:179} INFO - Processing /Users/az/anaconda3/envs/python38/lib/python3.8/site-packages/airflow/example_dags/example_branch_labels.py took 0.147 seconds
[2023-11-09T20:25:49.476-0500] {processor.py:157} INFO - Started process (PID=57476) to work on /Users/az/anaconda3/envs/python38/lib/python3.8/site-packages/airflow/example_dags/example_branch_labels.py
[2023-11-09T20:25:49.480-0500] {processor.py:829} INFO - Processing file /Users/az/anaconda3/envs/python38/lib/python3.8/site-packages/airflow/example_dags/example_branch_labels.py for tasks to queue
[2023-11-09T20:25:49.480-0500] {logging_mixin.py:154} INFO - [2023-11-09T20:25:49.480-0500] {dagbag.py:536} INFO - Filling up the DagBag from /Users/az/anaconda3/envs/python38/lib/python3.8/site-packages/airflow/example_dags/example_branch_labels.py
[2023-11-09T20:25:49.495-0500] {processor.py:839} INFO - DAG(s) dict_keys(['example_branch_labels']) retrieved from /Users/az/anaconda3/envs/python38/lib/python3.8/site-packages/airflow/example_dags/example_branch_labels.py
[2023-11-09T20:25:49.603-0500] {logging_mixin.py:154} INFO - [2023-11-09T20:25:49.603-0500] {dag.py:2941} INFO - Sync 1 DAGs
[2023-11-09T20:25:49.613-0500] {logging_mixin.py:154} INFO - [2023-11-09T20:25:49.613-0500] {dag.py:3722} INFO - Setting next_dagrun for example_branch_labels to 2023-11-09T00:00:00+00:00, run_after=2023-11-10T00:00:00+00:00
[2023-11-09T20:25:49.623-0500] {processor.py:179} INFO - Processing /Users/az/anaconda3/envs/python38/lib/python3.8/site-packages/airflow/example_dags/example_branch_labels.py took 0.147 seconds
[2023-11-09T20:46:25.303-0500] {processor.py:157} INFO - Started process (PID=57793) to work on /Users/az/anaconda3/envs/python38/lib/python3.8/site-packages/airflow/example_dags/example_branch_labels.py
[2023-11-09T20:46:25.308-0500] {processor.py:829} INFO - Processing file /Users/az/anaconda3/envs/python38/lib/python3.8/site-packages/airflow/example_dags/example_branch_labels.py for tasks to queue
[2023-11-09T20:46:25.308-0500] {logging_mixin.py:154} INFO - [2023-11-09T20:46:25.308-0500] {dagbag.py:536} INFO - Filling up the DagBag from /Users/az/anaconda3/envs/python38/lib/python3.8/site-packages/airflow/example_dags/example_branch_labels.py
[2023-11-09T20:46:25.324-0500] {processor.py:839} INFO - DAG(s) dict_keys(['example_branch_labels']) retrieved from /Users/az/anaconda3/envs/python38/lib/python3.8/site-packages/airflow/example_dags/example_branch_labels.py
[2023-11-09T20:46:25.432-0500] {logging_mixin.py:154} INFO - [2023-11-09T20:46:25.432-0500] {dag.py:2941} INFO - Sync 1 DAGs
[2023-11-09T20:46:25.442-0500] {logging_mixin.py:154} INFO - [2023-11-09T20:46:25.442-0500] {dag.py:3722} INFO - Setting next_dagrun for example_branch_labels to 2023-11-09T00:00:00+00:00, run_after=2023-11-10T00:00:00+00:00
[2023-11-09T20:46:25.454-0500] {processor.py:179} INFO - Processing /Users/az/anaconda3/envs/python38/lib/python3.8/site-packages/airflow/example_dags/example_branch_labels.py took 0.151 seconds
[2023-11-09T20:48:25.028-0500] {processor.py:157} INFO - Started process (PID=57947) to work on /Users/az/anaconda3/envs/python38/lib/python3.8/site-packages/airflow/example_dags/example_branch_labels.py
[2023-11-09T20:48:25.033-0500] {processor.py:829} INFO - Processing file /Users/az/anaconda3/envs/python38/lib/python3.8/site-packages/airflow/example_dags/example_branch_labels.py for tasks to queue
[2023-11-09T20:48:25.033-0500] {logging_mixin.py:154} INFO - [2023-11-09T20:48:25.033-0500] {dagbag.py:536} INFO - Filling up the DagBag from /Users/az/anaconda3/envs/python38/lib/python3.8/site-packages/airflow/example_dags/example_branch_labels.py
[2023-11-09T20:48:25.048-0500] {processor.py:839} INFO - DAG(s) dict_keys(['example_branch_labels']) retrieved from /Users/az/anaconda3/envs/python38/lib/python3.8/site-packages/airflow/example_dags/example_branch_labels.py
[2023-11-09T20:48:25.157-0500] {logging_mixin.py:154} INFO - [2023-11-09T20:48:25.157-0500] {dag.py:2941} INFO - Sync 1 DAGs
[2023-11-09T20:48:25.166-0500] {logging_mixin.py:154} INFO - [2023-11-09T20:48:25.166-0500] {dag.py:3722} INFO - Setting next_dagrun for example_branch_labels to 2023-11-09T00:00:00+00:00, run_after=2023-11-10T00:00:00+00:00
[2023-11-09T20:48:25.176-0500] {processor.py:179} INFO - Processing /Users/az/anaconda3/envs/python38/lib/python3.8/site-packages/airflow/example_dags/example_branch_labels.py took 0.149 seconds
[2023-11-09T20:50:21.320-0500] {processor.py:157} INFO - Started process (PID=58093) to work on /Users/az/anaconda3/envs/python38/lib/python3.8/site-packages/airflow/example_dags/example_branch_labels.py
[2023-11-09T20:50:21.324-0500] {processor.py:829} INFO - Processing file /Users/az/anaconda3/envs/python38/lib/python3.8/site-packages/airflow/example_dags/example_branch_labels.py for tasks to queue
[2023-11-09T20:50:21.324-0500] {logging_mixin.py:154} INFO - [2023-11-09T20:50:21.324-0500] {dagbag.py:536} INFO - Filling up the DagBag from /Users/az/anaconda3/envs/python38/lib/python3.8/site-packages/airflow/example_dags/example_branch_labels.py
[2023-11-09T20:50:21.340-0500] {processor.py:839} INFO - DAG(s) dict_keys(['example_branch_labels']) retrieved from /Users/az/anaconda3/envs/python38/lib/python3.8/site-packages/airflow/example_dags/example_branch_labels.py
[2023-11-09T20:50:21.448-0500] {logging_mixin.py:154} INFO - [2023-11-09T20:50:21.448-0500] {dag.py:2941} INFO - Sync 1 DAGs
[2023-11-09T20:50:21.458-0500] {logging_mixin.py:154} INFO - [2023-11-09T20:50:21.458-0500] {dag.py:3722} INFO - Setting next_dagrun for example_branch_labels to 2023-11-09T00:00:00+00:00, run_after=2023-11-10T00:00:00+00:00
[2023-11-09T20:50:21.467-0500] {processor.py:179} INFO - Processing /Users/az/anaconda3/envs/python38/lib/python3.8/site-packages/airflow/example_dags/example_branch_labels.py took 0.148 seconds
[2023-11-09T20:52:28.957-0500] {processor.py:157} INFO - Started process (PID=58257) to work on /Users/az/anaconda3/envs/python38/lib/python3.8/site-packages/airflow/example_dags/example_branch_labels.py
[2023-11-09T20:52:28.962-0500] {processor.py:829} INFO - Processing file /Users/az/anaconda3/envs/python38/lib/python3.8/site-packages/airflow/example_dags/example_branch_labels.py for tasks to queue
[2023-11-09T20:52:28.962-0500] {logging_mixin.py:154} INFO - [2023-11-09T20:52:28.962-0500] {dagbag.py:536} INFO - Filling up the DagBag from /Users/az/anaconda3/envs/python38/lib/python3.8/site-packages/airflow/example_dags/example_branch_labels.py
[2023-11-09T20:52:28.978-0500] {processor.py:839} INFO - DAG(s) dict_keys(['example_branch_labels']) retrieved from /Users/az/anaconda3/envs/python38/lib/python3.8/site-packages/airflow/example_dags/example_branch_labels.py
[2023-11-09T20:52:29.086-0500] {logging_mixin.py:154} INFO - [2023-11-09T20:52:29.086-0500] {dag.py:2941} INFO - Sync 1 DAGs
[2023-11-09T20:52:29.096-0500] {logging_mixin.py:154} INFO - [2023-11-09T20:52:29.096-0500] {dag.py:3722} INFO - Setting next_dagrun for example_branch_labels to 2023-11-09T00:00:00+00:00, run_after=2023-11-10T00:00:00+00:00
[2023-11-09T20:52:29.105-0500] {processor.py:179} INFO - Processing /Users/az/anaconda3/envs/python38/lib/python3.8/site-packages/airflow/example_dags/example_branch_labels.py took 0.148 seconds
[2023-11-09T20:54:46.637-0500] {processor.py:157} INFO - Started process (PID=58422) to work on /Users/az/anaconda3/envs/python38/lib/python3.8/site-packages/airflow/example_dags/example_branch_labels.py
[2023-11-09T20:54:46.641-0500] {processor.py:829} INFO - Processing file /Users/az/anaconda3/envs/python38/lib/python3.8/site-packages/airflow/example_dags/example_branch_labels.py for tasks to queue
[2023-11-09T20:54:46.641-0500] {logging_mixin.py:154} INFO - [2023-11-09T20:54:46.641-0500] {dagbag.py:536} INFO - Filling up the DagBag from /Users/az/anaconda3/envs/python38/lib/python3.8/site-packages/airflow/example_dags/example_branch_labels.py
[2023-11-09T20:54:46.657-0500] {processor.py:839} INFO - DAG(s) dict_keys(['example_branch_labels']) retrieved from /Users/az/anaconda3/envs/python38/lib/python3.8/site-packages/airflow/example_dags/example_branch_labels.py
[2023-11-09T20:54:46.772-0500] {logging_mixin.py:154} INFO - [2023-11-09T20:54:46.772-0500] {dag.py:2941} INFO - Sync 1 DAGs
[2023-11-09T20:54:46.782-0500] {logging_mixin.py:154} INFO - [2023-11-09T20:54:46.782-0500] {dag.py:3722} INFO - Setting next_dagrun for example_branch_labels to 2023-11-09T00:00:00+00:00, run_after=2023-11-10T00:00:00+00:00
[2023-11-09T20:54:46.791-0500] {processor.py:179} INFO - Processing /Users/az/anaconda3/envs/python38/lib/python3.8/site-packages/airflow/example_dags/example_branch_labels.py took 0.155 seconds
[2023-11-09T20:56:57.424-0500] {processor.py:157} INFO - Started process (PID=58579) to work on /Users/az/anaconda3/envs/python38/lib/python3.8/site-packages/airflow/example_dags/example_branch_labels.py
[2023-11-09T20:56:57.428-0500] {processor.py:829} INFO - Processing file /Users/az/anaconda3/envs/python38/lib/python3.8/site-packages/airflow/example_dags/example_branch_labels.py for tasks to queue
[2023-11-09T20:56:57.428-0500] {logging_mixin.py:154} INFO - [2023-11-09T20:56:57.428-0500] {dagbag.py:536} INFO - Filling up the DagBag from /Users/az/anaconda3/envs/python38/lib/python3.8/site-packages/airflow/example_dags/example_branch_labels.py
[2023-11-09T20:56:57.444-0500] {processor.py:839} INFO - DAG(s) dict_keys(['example_branch_labels']) retrieved from /Users/az/anaconda3/envs/python38/lib/python3.8/site-packages/airflow/example_dags/example_branch_labels.py
[2023-11-09T20:56:57.552-0500] {logging_mixin.py:154} INFO - [2023-11-09T20:56:57.552-0500] {dag.py:2941} INFO - Sync 1 DAGs
[2023-11-09T20:56:57.562-0500] {logging_mixin.py:154} INFO - [2023-11-09T20:56:57.561-0500] {dag.py:3722} INFO - Setting next_dagrun for example_branch_labels to 2023-11-09T00:00:00+00:00, run_after=2023-11-10T00:00:00+00:00
[2023-11-09T20:56:57.571-0500] {processor.py:179} INFO - Processing /Users/az/anaconda3/envs/python38/lib/python3.8/site-packages/airflow/example_dags/example_branch_labels.py took 0.148 seconds
[2023-11-09T20:59:05.571-0500] {processor.py:157} INFO - Started process (PID=58728) to work on /Users/az/anaconda3/envs/python38/lib/python3.8/site-packages/airflow/example_dags/example_branch_labels.py
[2023-11-09T20:59:05.576-0500] {processor.py:829} INFO - Processing file /Users/az/anaconda3/envs/python38/lib/python3.8/site-packages/airflow/example_dags/example_branch_labels.py for tasks to queue
[2023-11-09T20:59:05.576-0500] {logging_mixin.py:154} INFO - [2023-11-09T20:59:05.576-0500] {dagbag.py:536} INFO - Filling up the DagBag from /Users/az/anaconda3/envs/python38/lib/python3.8/site-packages/airflow/example_dags/example_branch_labels.py
[2023-11-09T20:59:05.591-0500] {processor.py:839} INFO - DAG(s) dict_keys(['example_branch_labels']) retrieved from /Users/az/anaconda3/envs/python38/lib/python3.8/site-packages/airflow/example_dags/example_branch_labels.py
[2023-11-09T20:59:05.699-0500] {logging_mixin.py:154} INFO - [2023-11-09T20:59:05.699-0500] {dag.py:2941} INFO - Sync 1 DAGs
[2023-11-09T20:59:05.709-0500] {logging_mixin.py:154} INFO - [2023-11-09T20:59:05.709-0500] {dag.py:3722} INFO - Setting next_dagrun for example_branch_labels to 2023-11-09T00:00:00+00:00, run_after=2023-11-10T00:00:00+00:00
[2023-11-09T20:59:05.719-0500] {processor.py:179} INFO - Processing /Users/az/anaconda3/envs/python38/lib/python3.8/site-packages/airflow/example_dags/example_branch_labels.py took 0.148 seconds
[2023-11-09T21:01:20.559-0500] {processor.py:157} INFO - Started process (PID=58916) to work on /Users/az/anaconda3/envs/python38/lib/python3.8/site-packages/airflow/example_dags/example_branch_labels.py
[2023-11-09T21:01:20.564-0500] {processor.py:829} INFO - Processing file /Users/az/anaconda3/envs/python38/lib/python3.8/site-packages/airflow/example_dags/example_branch_labels.py for tasks to queue
[2023-11-09T21:01:20.564-0500] {logging_mixin.py:154} INFO - [2023-11-09T21:01:20.564-0500] {dagbag.py:536} INFO - Filling up the DagBag from /Users/az/anaconda3/envs/python38/lib/python3.8/site-packages/airflow/example_dags/example_branch_labels.py
[2023-11-09T21:01:20.582-0500] {processor.py:839} INFO - DAG(s) dict_keys(['example_branch_labels']) retrieved from /Users/az/anaconda3/envs/python38/lib/python3.8/site-packages/airflow/example_dags/example_branch_labels.py
[2023-11-09T21:01:20.702-0500] {logging_mixin.py:154} INFO - [2023-11-09T21:01:20.702-0500] {dag.py:2941} INFO - Sync 1 DAGs
[2023-11-09T21:01:20.742-0500] {logging_mixin.py:154} INFO - [2023-11-09T21:01:20.736-0500] {dag.py:3722} INFO - Setting next_dagrun for example_branch_labels to 2023-11-09T00:00:00+00:00, run_after=2023-11-10T00:00:00+00:00
[2023-11-09T21:01:20.768-0500] {processor.py:179} INFO - Processing /Users/az/anaconda3/envs/python38/lib/python3.8/site-packages/airflow/example_dags/example_branch_labels.py took 0.210 seconds
[2023-11-09T21:03:26.120-0500] {processor.py:157} INFO - Started process (PID=59080) to work on /Users/az/anaconda3/envs/python38/lib/python3.8/site-packages/airflow/example_dags/example_branch_labels.py
[2023-11-09T21:03:26.124-0500] {processor.py:829} INFO - Processing file /Users/az/anaconda3/envs/python38/lib/python3.8/site-packages/airflow/example_dags/example_branch_labels.py for tasks to queue
[2023-11-09T21:03:26.125-0500] {logging_mixin.py:154} INFO - [2023-11-09T21:03:26.125-0500] {dagbag.py:536} INFO - Filling up the DagBag from /Users/az/anaconda3/envs/python38/lib/python3.8/site-packages/airflow/example_dags/example_branch_labels.py
[2023-11-09T21:03:26.140-0500] {processor.py:839} INFO - DAG(s) dict_keys(['example_branch_labels']) retrieved from /Users/az/anaconda3/envs/python38/lib/python3.8/site-packages/airflow/example_dags/example_branch_labels.py
[2023-11-09T21:03:26.249-0500] {logging_mixin.py:154} INFO - [2023-11-09T21:03:26.248-0500] {dag.py:2941} INFO - Sync 1 DAGs
[2023-11-09T21:03:26.258-0500] {logging_mixin.py:154} INFO - [2023-11-09T21:03:26.258-0500] {dag.py:3722} INFO - Setting next_dagrun for example_branch_labels to 2023-11-09T00:00:00+00:00, run_after=2023-11-10T00:00:00+00:00
[2023-11-09T21:03:26.268-0500] {processor.py:179} INFO - Processing /Users/az/anaconda3/envs/python38/lib/python3.8/site-packages/airflow/example_dags/example_branch_labels.py took 0.149 seconds
[2023-11-09T21:05:26.221-0500] {processor.py:157} INFO - Started process (PID=59259) to work on /Users/az/anaconda3/envs/python38/lib/python3.8/site-packages/airflow/example_dags/example_branch_labels.py
[2023-11-09T21:05:26.226-0500] {processor.py:829} INFO - Processing file /Users/az/anaconda3/envs/python38/lib/python3.8/site-packages/airflow/example_dags/example_branch_labels.py for tasks to queue
[2023-11-09T21:05:26.226-0500] {logging_mixin.py:154} INFO - [2023-11-09T21:05:26.226-0500] {dagbag.py:536} INFO - Filling up the DagBag from /Users/az/anaconda3/envs/python38/lib/python3.8/site-packages/airflow/example_dags/example_branch_labels.py
[2023-11-09T21:05:26.242-0500] {processor.py:839} INFO - DAG(s) dict_keys(['example_branch_labels']) retrieved from /Users/az/anaconda3/envs/python38/lib/python3.8/site-packages/airflow/example_dags/example_branch_labels.py
[2023-11-09T21:05:26.350-0500] {logging_mixin.py:154} INFO - [2023-11-09T21:05:26.350-0500] {dag.py:2941} INFO - Sync 1 DAGs
[2023-11-09T21:05:26.369-0500] {logging_mixin.py:154} INFO - [2023-11-09T21:05:26.369-0500] {dag.py:3722} INFO - Setting next_dagrun for example_branch_labels to 2023-11-09T00:00:00+00:00, run_after=2023-11-10T00:00:00+00:00
[2023-11-09T21:05:26.392-0500] {processor.py:179} INFO - Processing /Users/az/anaconda3/envs/python38/lib/python3.8/site-packages/airflow/example_dags/example_branch_labels.py took 0.171 seconds
[2023-11-09T21:07:29.724-0500] {processor.py:157} INFO - Started process (PID=59413) to work on /Users/az/anaconda3/envs/python38/lib/python3.8/site-packages/airflow/example_dags/example_branch_labels.py
[2023-11-09T21:07:29.729-0500] {processor.py:829} INFO - Processing file /Users/az/anaconda3/envs/python38/lib/python3.8/site-packages/airflow/example_dags/example_branch_labels.py for tasks to queue
[2023-11-09T21:07:29.729-0500] {logging_mixin.py:154} INFO - [2023-11-09T21:07:29.729-0500] {dagbag.py:536} INFO - Filling up the DagBag from /Users/az/anaconda3/envs/python38/lib/python3.8/site-packages/airflow/example_dags/example_branch_labels.py
[2023-11-09T21:07:29.746-0500] {processor.py:839} INFO - DAG(s) dict_keys(['example_branch_labels']) retrieved from /Users/az/anaconda3/envs/python38/lib/python3.8/site-packages/airflow/example_dags/example_branch_labels.py
[2023-11-09T21:07:29.859-0500] {logging_mixin.py:154} INFO - [2023-11-09T21:07:29.859-0500] {dag.py:2941} INFO - Sync 1 DAGs
[2023-11-09T21:07:29.870-0500] {logging_mixin.py:154} INFO - [2023-11-09T21:07:29.869-0500] {dag.py:3722} INFO - Setting next_dagrun for example_branch_labels to 2023-11-09T00:00:00+00:00, run_after=2023-11-10T00:00:00+00:00
[2023-11-09T21:07:29.879-0500] {processor.py:179} INFO - Processing /Users/az/anaconda3/envs/python38/lib/python3.8/site-packages/airflow/example_dags/example_branch_labels.py took 0.156 seconds
[2023-11-09T21:09:26.847-0500] {processor.py:157} INFO - Started process (PID=59562) to work on /Users/az/anaconda3/envs/python38/lib/python3.8/site-packages/airflow/example_dags/example_branch_labels.py
[2023-11-09T21:09:26.852-0500] {processor.py:829} INFO - Processing file /Users/az/anaconda3/envs/python38/lib/python3.8/site-packages/airflow/example_dags/example_branch_labels.py for tasks to queue
[2023-11-09T21:09:26.852-0500] {logging_mixin.py:154} INFO - [2023-11-09T21:09:26.852-0500] {dagbag.py:536} INFO - Filling up the DagBag from /Users/az/anaconda3/envs/python38/lib/python3.8/site-packages/airflow/example_dags/example_branch_labels.py
[2023-11-09T21:09:26.870-0500] {processor.py:839} INFO - DAG(s) dict_keys(['example_branch_labels']) retrieved from /Users/az/anaconda3/envs/python38/lib/python3.8/site-packages/airflow/example_dags/example_branch_labels.py
[2023-11-09T21:09:27.008-0500] {logging_mixin.py:154} INFO - [2023-11-09T21:09:27.008-0500] {dag.py:2941} INFO - Sync 1 DAGs
[2023-11-09T21:09:27.020-0500] {logging_mixin.py:154} INFO - [2023-11-09T21:09:27.020-0500] {dag.py:3722} INFO - Setting next_dagrun for example_branch_labels to 2023-11-09T00:00:00+00:00, run_after=2023-11-10T00:00:00+00:00
[2023-11-09T21:09:27.035-0500] {processor.py:179} INFO - Processing /Users/az/anaconda3/envs/python38/lib/python3.8/site-packages/airflow/example_dags/example_branch_labels.py took 0.188 seconds
[2023-11-09T21:11:29.020-0500] {processor.py:157} INFO - Started process (PID=59724) to work on /Users/az/anaconda3/envs/python38/lib/python3.8/site-packages/airflow/example_dags/example_branch_labels.py
[2023-11-09T21:11:29.024-0500] {processor.py:829} INFO - Processing file /Users/az/anaconda3/envs/python38/lib/python3.8/site-packages/airflow/example_dags/example_branch_labels.py for tasks to queue
[2023-11-09T21:11:29.025-0500] {logging_mixin.py:154} INFO - [2023-11-09T21:11:29.025-0500] {dagbag.py:536} INFO - Filling up the DagBag from /Users/az/anaconda3/envs/python38/lib/python3.8/site-packages/airflow/example_dags/example_branch_labels.py
[2023-11-09T21:11:29.040-0500] {processor.py:839} INFO - DAG(s) dict_keys(['example_branch_labels']) retrieved from /Users/az/anaconda3/envs/python38/lib/python3.8/site-packages/airflow/example_dags/example_branch_labels.py
[2023-11-09T21:11:29.150-0500] {logging_mixin.py:154} INFO - [2023-11-09T21:11:29.150-0500] {dag.py:2941} INFO - Sync 1 DAGs
[2023-11-09T21:11:29.160-0500] {logging_mixin.py:154} INFO - [2023-11-09T21:11:29.160-0500] {dag.py:3722} INFO - Setting next_dagrun for example_branch_labels to 2023-11-09T00:00:00+00:00, run_after=2023-11-10T00:00:00+00:00
[2023-11-09T21:11:29.170-0500] {processor.py:179} INFO - Processing /Users/az/anaconda3/envs/python38/lib/python3.8/site-packages/airflow/example_dags/example_branch_labels.py took 0.151 seconds
[2023-11-09T21:13:27.674-0500] {processor.py:157} INFO - Started process (PID=59870) to work on /Users/az/anaconda3/envs/python38/lib/python3.8/site-packages/airflow/example_dags/example_branch_labels.py
[2023-11-09T21:13:27.678-0500] {processor.py:829} INFO - Processing file /Users/az/anaconda3/envs/python38/lib/python3.8/site-packages/airflow/example_dags/example_branch_labels.py for tasks to queue
[2023-11-09T21:13:27.679-0500] {logging_mixin.py:154} INFO - [2023-11-09T21:13:27.679-0500] {dagbag.py:536} INFO - Filling up the DagBag from /Users/az/anaconda3/envs/python38/lib/python3.8/site-packages/airflow/example_dags/example_branch_labels.py
[2023-11-09T21:13:27.695-0500] {processor.py:839} INFO - DAG(s) dict_keys(['example_branch_labels']) retrieved from /Users/az/anaconda3/envs/python38/lib/python3.8/site-packages/airflow/example_dags/example_branch_labels.py
[2023-11-09T21:13:27.804-0500] {logging_mixin.py:154} INFO - [2023-11-09T21:13:27.804-0500] {dag.py:2941} INFO - Sync 1 DAGs
[2023-11-09T21:13:27.814-0500] {logging_mixin.py:154} INFO - [2023-11-09T21:13:27.814-0500] {dag.py:3722} INFO - Setting next_dagrun for example_branch_labels to 2023-11-09T00:00:00+00:00, run_after=2023-11-10T00:00:00+00:00
[2023-11-09T21:13:27.824-0500] {processor.py:179} INFO - Processing /Users/az/anaconda3/envs/python38/lib/python3.8/site-packages/airflow/example_dags/example_branch_labels.py took 0.151 seconds
