[2023-11-09T19:01:00.509-0500] {processor.py:157} INFO - Started process (PID=48829) to work on /Users/az/anaconda3/envs/python38/lib/python3.8/site-packages/airflow/example_dags/example_setup_teardown.py
[2023-11-09T19:01:00.513-0500] {processor.py:829} INFO - Processing file /Users/az/anaconda3/envs/python38/lib/python3.8/site-packages/airflow/example_dags/example_setup_teardown.py for tasks to queue
[2023-11-09T19:01:00.513-0500] {logging_mixin.py:154} INFO - [2023-11-09T19:01:00.513-0500] {dagbag.py:536} INFO - Filling up the DagBag from /Users/az/anaconda3/envs/python38/lib/python3.8/site-packages/airflow/example_dags/example_setup_teardown.py
[2023-11-09T19:01:00.529-0500] {processor.py:839} INFO - DAG(s) dict_keys(['example_setup_teardown']) retrieved from /Users/az/anaconda3/envs/python38/lib/python3.8/site-packages/airflow/example_dags/example_setup_teardown.py
[2023-11-09T19:01:00.650-0500] {logging_mixin.py:154} INFO - [2023-11-09T19:01:00.650-0500] {dag.py:2941} INFO - Sync 1 DAGs
[2023-11-09T19:01:00.659-0500] {logging_mixin.py:154} INFO - [2023-11-09T19:01:00.659-0500] {dag.py:3722} INFO - Setting next_dagrun for example_setup_teardown to 2023-11-09T00:01:00.659114+00:00, run_after=2023-11-10T00:01:00.659114+00:00
[2023-11-09T19:01:00.669-0500] {processor.py:179} INFO - Processing /Users/az/anaconda3/envs/python38/lib/python3.8/site-packages/airflow/example_dags/example_setup_teardown.py took 0.161 seconds
[2023-11-09T19:03:08.307-0500] {processor.py:157} INFO - Started process (PID=49001) to work on /Users/az/anaconda3/envs/python38/lib/python3.8/site-packages/airflow/example_dags/example_setup_teardown.py
[2023-11-09T19:03:08.311-0500] {processor.py:829} INFO - Processing file /Users/az/anaconda3/envs/python38/lib/python3.8/site-packages/airflow/example_dags/example_setup_teardown.py for tasks to queue
[2023-11-09T19:03:08.312-0500] {logging_mixin.py:154} INFO - [2023-11-09T19:03:08.312-0500] {dagbag.py:536} INFO - Filling up the DagBag from /Users/az/anaconda3/envs/python38/lib/python3.8/site-packages/airflow/example_dags/example_setup_teardown.py
[2023-11-09T19:03:08.327-0500] {processor.py:839} INFO - DAG(s) dict_keys(['example_setup_teardown']) retrieved from /Users/az/anaconda3/envs/python38/lib/python3.8/site-packages/airflow/example_dags/example_setup_teardown.py
[2023-11-09T19:03:08.432-0500] {logging_mixin.py:154} INFO - [2023-11-09T19:03:08.432-0500] {dag.py:2941} INFO - Sync 1 DAGs
[2023-11-09T19:03:08.441-0500] {logging_mixin.py:154} INFO - [2023-11-09T19:03:08.441-0500] {dag.py:3722} INFO - Setting next_dagrun for example_setup_teardown to 2023-11-09T00:03:08.441273+00:00, run_after=2023-11-10T00:03:08.441273+00:00
[2023-11-09T19:03:08.451-0500] {processor.py:179} INFO - Processing /Users/az/anaconda3/envs/python38/lib/python3.8/site-packages/airflow/example_dags/example_setup_teardown.py took 0.144 seconds
[2023-11-09T19:05:11.472-0500] {processor.py:157} INFO - Started process (PID=49155) to work on /Users/az/anaconda3/envs/python38/lib/python3.8/site-packages/airflow/example_dags/example_setup_teardown.py
[2023-11-09T19:05:11.476-0500] {processor.py:829} INFO - Processing file /Users/az/anaconda3/envs/python38/lib/python3.8/site-packages/airflow/example_dags/example_setup_teardown.py for tasks to queue
[2023-11-09T19:05:11.476-0500] {logging_mixin.py:154} INFO - [2023-11-09T19:05:11.476-0500] {dagbag.py:536} INFO - Filling up the DagBag from /Users/az/anaconda3/envs/python38/lib/python3.8/site-packages/airflow/example_dags/example_setup_teardown.py
[2023-11-09T19:05:11.492-0500] {processor.py:839} INFO - DAG(s) dict_keys(['example_setup_teardown']) retrieved from /Users/az/anaconda3/envs/python38/lib/python3.8/site-packages/airflow/example_dags/example_setup_teardown.py
[2023-11-09T19:05:11.612-0500] {logging_mixin.py:154} INFO - [2023-11-09T19:05:11.612-0500] {dag.py:2941} INFO - Sync 1 DAGs
[2023-11-09T19:05:11.622-0500] {logging_mixin.py:154} INFO - [2023-11-09T19:05:11.622-0500] {dag.py:3722} INFO - Setting next_dagrun for example_setup_teardown to 2023-11-09T00:05:11.622279+00:00, run_after=2023-11-10T00:05:11.622279+00:00
[2023-11-09T19:05:11.634-0500] {processor.py:179} INFO - Processing /Users/az/anaconda3/envs/python38/lib/python3.8/site-packages/airflow/example_dags/example_setup_teardown.py took 0.163 seconds
[2023-11-09T19:07:10.758-0500] {processor.py:157} INFO - Started process (PID=49302) to work on /Users/az/anaconda3/envs/python38/lib/python3.8/site-packages/airflow/example_dags/example_setup_teardown.py
[2023-11-09T19:07:10.763-0500] {processor.py:829} INFO - Processing file /Users/az/anaconda3/envs/python38/lib/python3.8/site-packages/airflow/example_dags/example_setup_teardown.py for tasks to queue
[2023-11-09T19:07:10.764-0500] {logging_mixin.py:154} INFO - [2023-11-09T19:07:10.763-0500] {dagbag.py:536} INFO - Filling up the DagBag from /Users/az/anaconda3/envs/python38/lib/python3.8/site-packages/airflow/example_dags/example_setup_teardown.py
[2023-11-09T19:07:10.779-0500] {processor.py:839} INFO - DAG(s) dict_keys(['example_setup_teardown']) retrieved from /Users/az/anaconda3/envs/python38/lib/python3.8/site-packages/airflow/example_dags/example_setup_teardown.py
[2023-11-09T19:07:10.893-0500] {logging_mixin.py:154} INFO - [2023-11-09T19:07:10.892-0500] {dag.py:2941} INFO - Sync 1 DAGs
[2023-11-09T19:07:10.902-0500] {logging_mixin.py:154} INFO - [2023-11-09T19:07:10.902-0500] {dag.py:3722} INFO - Setting next_dagrun for example_setup_teardown to 2023-11-09T00:07:10.901953+00:00, run_after=2023-11-10T00:07:10.901953+00:00
[2023-11-09T19:07:10.916-0500] {processor.py:179} INFO - Processing /Users/az/anaconda3/envs/python38/lib/python3.8/site-packages/airflow/example_dags/example_setup_teardown.py took 0.158 seconds
[2023-11-09T19:09:13.208-0500] {processor.py:157} INFO - Started process (PID=49447) to work on /Users/az/anaconda3/envs/python38/lib/python3.8/site-packages/airflow/example_dags/example_setup_teardown.py
[2023-11-09T19:09:13.214-0500] {processor.py:829} INFO - Processing file /Users/az/anaconda3/envs/python38/lib/python3.8/site-packages/airflow/example_dags/example_setup_teardown.py for tasks to queue
[2023-11-09T19:09:13.214-0500] {logging_mixin.py:154} INFO - [2023-11-09T19:09:13.214-0500] {dagbag.py:536} INFO - Filling up the DagBag from /Users/az/anaconda3/envs/python38/lib/python3.8/site-packages/airflow/example_dags/example_setup_teardown.py
[2023-11-09T19:09:13.230-0500] {processor.py:839} INFO - DAG(s) dict_keys(['example_setup_teardown']) retrieved from /Users/az/anaconda3/envs/python38/lib/python3.8/site-packages/airflow/example_dags/example_setup_teardown.py
[2023-11-09T19:09:13.349-0500] {logging_mixin.py:154} INFO - [2023-11-09T19:09:13.348-0500] {dag.py:2941} INFO - Sync 1 DAGs
[2023-11-09T19:09:13.358-0500] {logging_mixin.py:154} INFO - [2023-11-09T19:09:13.358-0500] {dag.py:3722} INFO - Setting next_dagrun for example_setup_teardown to 2023-11-09T00:09:13.358043+00:00, run_after=2023-11-10T00:09:13.358043+00:00
[2023-11-09T19:09:13.370-0500] {processor.py:179} INFO - Processing /Users/az/anaconda3/envs/python38/lib/python3.8/site-packages/airflow/example_dags/example_setup_teardown.py took 0.163 seconds
[2023-11-09T19:11:17.174-0500] {processor.py:157} INFO - Started process (PID=49605) to work on /Users/az/anaconda3/envs/python38/lib/python3.8/site-packages/airflow/example_dags/example_setup_teardown.py
[2023-11-09T19:11:17.179-0500] {processor.py:829} INFO - Processing file /Users/az/anaconda3/envs/python38/lib/python3.8/site-packages/airflow/example_dags/example_setup_teardown.py for tasks to queue
[2023-11-09T19:11:17.179-0500] {logging_mixin.py:154} INFO - [2023-11-09T19:11:17.179-0500] {dagbag.py:536} INFO - Filling up the DagBag from /Users/az/anaconda3/envs/python38/lib/python3.8/site-packages/airflow/example_dags/example_setup_teardown.py
[2023-11-09T19:11:17.194-0500] {processor.py:839} INFO - DAG(s) dict_keys(['example_setup_teardown']) retrieved from /Users/az/anaconda3/envs/python38/lib/python3.8/site-packages/airflow/example_dags/example_setup_teardown.py
[2023-11-09T19:11:17.302-0500] {logging_mixin.py:154} INFO - [2023-11-09T19:11:17.302-0500] {dag.py:2941} INFO - Sync 1 DAGs
[2023-11-09T19:11:17.311-0500] {logging_mixin.py:154} INFO - [2023-11-09T19:11:17.311-0500] {dag.py:3722} INFO - Setting next_dagrun for example_setup_teardown to 2023-11-09T00:11:17.311207+00:00, run_after=2023-11-10T00:11:17.311207+00:00
[2023-11-09T19:11:17.321-0500] {processor.py:179} INFO - Processing /Users/az/anaconda3/envs/python38/lib/python3.8/site-packages/airflow/example_dags/example_setup_teardown.py took 0.147 seconds
[2023-11-09T19:13:12.091-0500] {processor.py:157} INFO - Started process (PID=49756) to work on /Users/az/anaconda3/envs/python38/lib/python3.8/site-packages/airflow/example_dags/example_setup_teardown.py
[2023-11-09T19:13:12.096-0500] {processor.py:829} INFO - Processing file /Users/az/anaconda3/envs/python38/lib/python3.8/site-packages/airflow/example_dags/example_setup_teardown.py for tasks to queue
[2023-11-09T19:13:12.096-0500] {logging_mixin.py:154} INFO - [2023-11-09T19:13:12.096-0500] {dagbag.py:536} INFO - Filling up the DagBag from /Users/az/anaconda3/envs/python38/lib/python3.8/site-packages/airflow/example_dags/example_setup_teardown.py
[2023-11-09T19:13:12.114-0500] {processor.py:839} INFO - DAG(s) dict_keys(['example_setup_teardown']) retrieved from /Users/az/anaconda3/envs/python38/lib/python3.8/site-packages/airflow/example_dags/example_setup_teardown.py
[2023-11-09T19:13:12.223-0500] {logging_mixin.py:154} INFO - [2023-11-09T19:13:12.223-0500] {dag.py:2941} INFO - Sync 1 DAGs
[2023-11-09T19:13:12.232-0500] {logging_mixin.py:154} INFO - [2023-11-09T19:13:12.232-0500] {dag.py:3722} INFO - Setting next_dagrun for example_setup_teardown to 2023-11-09T00:13:12.232126+00:00, run_after=2023-11-10T00:13:12.232126+00:00
[2023-11-09T19:13:12.242-0500] {processor.py:179} INFO - Processing /Users/az/anaconda3/envs/python38/lib/python3.8/site-packages/airflow/example_dags/example_setup_teardown.py took 0.151 seconds
[2023-11-09T19:15:07.403-0500] {processor.py:157} INFO - Started process (PID=49898) to work on /Users/az/anaconda3/envs/python38/lib/python3.8/site-packages/airflow/example_dags/example_setup_teardown.py
[2023-11-09T19:15:07.407-0500] {processor.py:829} INFO - Processing file /Users/az/anaconda3/envs/python38/lib/python3.8/site-packages/airflow/example_dags/example_setup_teardown.py for tasks to queue
[2023-11-09T19:15:07.408-0500] {logging_mixin.py:154} INFO - [2023-11-09T19:15:07.408-0500] {dagbag.py:536} INFO - Filling up the DagBag from /Users/az/anaconda3/envs/python38/lib/python3.8/site-packages/airflow/example_dags/example_setup_teardown.py
[2023-11-09T19:15:07.424-0500] {processor.py:839} INFO - DAG(s) dict_keys(['example_setup_teardown']) retrieved from /Users/az/anaconda3/envs/python38/lib/python3.8/site-packages/airflow/example_dags/example_setup_teardown.py
[2023-11-09T19:15:07.531-0500] {logging_mixin.py:154} INFO - [2023-11-09T19:15:07.531-0500] {dag.py:2941} INFO - Sync 1 DAGs
[2023-11-09T19:15:07.540-0500] {logging_mixin.py:154} INFO - [2023-11-09T19:15:07.540-0500] {dag.py:3722} INFO - Setting next_dagrun for example_setup_teardown to 2023-11-09T00:15:07.540462+00:00, run_after=2023-11-10T00:15:07.540462+00:00
[2023-11-09T19:15:07.550-0500] {processor.py:179} INFO - Processing /Users/az/anaconda3/envs/python38/lib/python3.8/site-packages/airflow/example_dags/example_setup_teardown.py took 0.148 seconds
[2023-11-09T19:17:11.391-0500] {processor.py:157} INFO - Started process (PID=50054) to work on /Users/az/anaconda3/envs/python38/lib/python3.8/site-packages/airflow/example_dags/example_setup_teardown.py
[2023-11-09T19:17:11.395-0500] {processor.py:829} INFO - Processing file /Users/az/anaconda3/envs/python38/lib/python3.8/site-packages/airflow/example_dags/example_setup_teardown.py for tasks to queue
[2023-11-09T19:17:11.396-0500] {logging_mixin.py:154} INFO - [2023-11-09T19:17:11.396-0500] {dagbag.py:536} INFO - Filling up the DagBag from /Users/az/anaconda3/envs/python38/lib/python3.8/site-packages/airflow/example_dags/example_setup_teardown.py
[2023-11-09T19:17:11.411-0500] {processor.py:839} INFO - DAG(s) dict_keys(['example_setup_teardown']) retrieved from /Users/az/anaconda3/envs/python38/lib/python3.8/site-packages/airflow/example_dags/example_setup_teardown.py
[2023-11-09T19:17:11.522-0500] {logging_mixin.py:154} INFO - [2023-11-09T19:17:11.522-0500] {dag.py:2941} INFO - Sync 1 DAGs
[2023-11-09T19:17:11.531-0500] {logging_mixin.py:154} INFO - [2023-11-09T19:17:11.531-0500] {dag.py:3722} INFO - Setting next_dagrun for example_setup_teardown to 2023-11-09T00:17:11.531117+00:00, run_after=2023-11-10T00:17:11.531117+00:00
[2023-11-09T19:17:11.541-0500] {processor.py:179} INFO - Processing /Users/az/anaconda3/envs/python38/lib/python3.8/site-packages/airflow/example_dags/example_setup_teardown.py took 0.151 seconds
[2023-11-09T19:19:25.051-0500] {processor.py:157} INFO - Started process (PID=50212) to work on /Users/az/anaconda3/envs/python38/lib/python3.8/site-packages/airflow/example_dags/example_setup_teardown.py
[2023-11-09T19:19:25.056-0500] {processor.py:829} INFO - Processing file /Users/az/anaconda3/envs/python38/lib/python3.8/site-packages/airflow/example_dags/example_setup_teardown.py for tasks to queue
[2023-11-09T19:19:25.056-0500] {logging_mixin.py:154} INFO - [2023-11-09T19:19:25.056-0500] {dagbag.py:536} INFO - Filling up the DagBag from /Users/az/anaconda3/envs/python38/lib/python3.8/site-packages/airflow/example_dags/example_setup_teardown.py
[2023-11-09T19:19:25.072-0500] {processor.py:839} INFO - DAG(s) dict_keys(['example_setup_teardown']) retrieved from /Users/az/anaconda3/envs/python38/lib/python3.8/site-packages/airflow/example_dags/example_setup_teardown.py
[2023-11-09T19:19:25.180-0500] {logging_mixin.py:154} INFO - [2023-11-09T19:19:25.180-0500] {dag.py:2941} INFO - Sync 1 DAGs
[2023-11-09T19:19:25.189-0500] {logging_mixin.py:154} INFO - [2023-11-09T19:19:25.189-0500] {dag.py:3722} INFO - Setting next_dagrun for example_setup_teardown to 2023-11-09T00:19:25.189735+00:00, run_after=2023-11-10T00:19:25.189735+00:00
[2023-11-09T19:19:25.200-0500] {processor.py:179} INFO - Processing /Users/az/anaconda3/envs/python38/lib/python3.8/site-packages/airflow/example_dags/example_setup_teardown.py took 0.149 seconds
[2023-11-09T19:21:26.448-0500] {processor.py:157} INFO - Started process (PID=50360) to work on /Users/az/anaconda3/envs/python38/lib/python3.8/site-packages/airflow/example_dags/example_setup_teardown.py
[2023-11-09T19:21:26.452-0500] {processor.py:829} INFO - Processing file /Users/az/anaconda3/envs/python38/lib/python3.8/site-packages/airflow/example_dags/example_setup_teardown.py for tasks to queue
[2023-11-09T19:21:26.453-0500] {logging_mixin.py:154} INFO - [2023-11-09T19:21:26.452-0500] {dagbag.py:536} INFO - Filling up the DagBag from /Users/az/anaconda3/envs/python38/lib/python3.8/site-packages/airflow/example_dags/example_setup_teardown.py
[2023-11-09T19:21:26.467-0500] {processor.py:839} INFO - DAG(s) dict_keys(['example_setup_teardown']) retrieved from /Users/az/anaconda3/envs/python38/lib/python3.8/site-packages/airflow/example_dags/example_setup_teardown.py
[2023-11-09T19:21:26.577-0500] {logging_mixin.py:154} INFO - [2023-11-09T19:21:26.577-0500] {dag.py:2941} INFO - Sync 1 DAGs
[2023-11-09T19:21:26.586-0500] {logging_mixin.py:154} INFO - [2023-11-09T19:21:26.586-0500] {dag.py:3722} INFO - Setting next_dagrun for example_setup_teardown to 2023-11-09T00:21:26.586139+00:00, run_after=2023-11-10T00:21:26.586139+00:00
[2023-11-09T19:21:26.596-0500] {processor.py:179} INFO - Processing /Users/az/anaconda3/envs/python38/lib/python3.8/site-packages/airflow/example_dags/example_setup_teardown.py took 0.148 seconds
[2023-11-09T19:23:41.443-0500] {processor.py:157} INFO - Started process (PID=50541) to work on /Users/az/anaconda3/envs/python38/lib/python3.8/site-packages/airflow/example_dags/example_setup_teardown.py
[2023-11-09T19:23:41.448-0500] {processor.py:829} INFO - Processing file /Users/az/anaconda3/envs/python38/lib/python3.8/site-packages/airflow/example_dags/example_setup_teardown.py for tasks to queue
[2023-11-09T19:23:41.449-0500] {logging_mixin.py:154} INFO - [2023-11-09T19:23:41.448-0500] {dagbag.py:536} INFO - Filling up the DagBag from /Users/az/anaconda3/envs/python38/lib/python3.8/site-packages/airflow/example_dags/example_setup_teardown.py
[2023-11-09T19:23:41.464-0500] {processor.py:839} INFO - DAG(s) dict_keys(['example_setup_teardown']) retrieved from /Users/az/anaconda3/envs/python38/lib/python3.8/site-packages/airflow/example_dags/example_setup_teardown.py
[2023-11-09T19:23:41.572-0500] {logging_mixin.py:154} INFO - [2023-11-09T19:23:41.571-0500] {dag.py:2941} INFO - Sync 1 DAGs
[2023-11-09T19:23:41.581-0500] {logging_mixin.py:154} INFO - [2023-11-09T19:23:41.581-0500] {dag.py:3722} INFO - Setting next_dagrun for example_setup_teardown to 2023-11-09T00:23:41.580920+00:00, run_after=2023-11-10T00:23:41.580920+00:00
[2023-11-09T19:23:41.591-0500] {processor.py:179} INFO - Processing /Users/az/anaconda3/envs/python38/lib/python3.8/site-packages/airflow/example_dags/example_setup_teardown.py took 0.148 seconds
[2023-11-09T19:25:43.596-0500] {processor.py:157} INFO - Started process (PID=50691) to work on /Users/az/anaconda3/envs/python38/lib/python3.8/site-packages/airflow/example_dags/example_setup_teardown.py
[2023-11-09T19:25:43.601-0500] {processor.py:829} INFO - Processing file /Users/az/anaconda3/envs/python38/lib/python3.8/site-packages/airflow/example_dags/example_setup_teardown.py for tasks to queue
[2023-11-09T19:25:43.601-0500] {logging_mixin.py:154} INFO - [2023-11-09T19:25:43.601-0500] {dagbag.py:536} INFO - Filling up the DagBag from /Users/az/anaconda3/envs/python38/lib/python3.8/site-packages/airflow/example_dags/example_setup_teardown.py
[2023-11-09T19:25:43.617-0500] {processor.py:839} INFO - DAG(s) dict_keys(['example_setup_teardown']) retrieved from /Users/az/anaconda3/envs/python38/lib/python3.8/site-packages/airflow/example_dags/example_setup_teardown.py
[2023-11-09T19:25:43.725-0500] {logging_mixin.py:154} INFO - [2023-11-09T19:25:43.725-0500] {dag.py:2941} INFO - Sync 1 DAGs
[2023-11-09T19:25:43.734-0500] {logging_mixin.py:154} INFO - [2023-11-09T19:25:43.734-0500] {dag.py:3722} INFO - Setting next_dagrun for example_setup_teardown to 2023-11-09T00:25:43.734501+00:00, run_after=2023-11-10T00:25:43.734501+00:00
[2023-11-09T19:25:43.745-0500] {processor.py:179} INFO - Processing /Users/az/anaconda3/envs/python38/lib/python3.8/site-packages/airflow/example_dags/example_setup_teardown.py took 0.149 seconds
[2023-11-09T19:27:58.243-0500] {processor.py:157} INFO - Started process (PID=50861) to work on /Users/az/anaconda3/envs/python38/lib/python3.8/site-packages/airflow/example_dags/example_setup_teardown.py
[2023-11-09T19:27:58.247-0500] {processor.py:829} INFO - Processing file /Users/az/anaconda3/envs/python38/lib/python3.8/site-packages/airflow/example_dags/example_setup_teardown.py for tasks to queue
[2023-11-09T19:27:58.248-0500] {logging_mixin.py:154} INFO - [2023-11-09T19:27:58.247-0500] {dagbag.py:536} INFO - Filling up the DagBag from /Users/az/anaconda3/envs/python38/lib/python3.8/site-packages/airflow/example_dags/example_setup_teardown.py
[2023-11-09T19:27:58.263-0500] {processor.py:839} INFO - DAG(s) dict_keys(['example_setup_teardown']) retrieved from /Users/az/anaconda3/envs/python38/lib/python3.8/site-packages/airflow/example_dags/example_setup_teardown.py
[2023-11-09T19:27:58.371-0500] {logging_mixin.py:154} INFO - [2023-11-09T19:27:58.371-0500] {dag.py:2941} INFO - Sync 1 DAGs
[2023-11-09T19:27:58.380-0500] {logging_mixin.py:154} INFO - [2023-11-09T19:27:58.380-0500] {dag.py:3722} INFO - Setting next_dagrun for example_setup_teardown to 2023-11-09T00:27:58.380032+00:00, run_after=2023-11-10T00:27:58.380032+00:00
[2023-11-09T19:27:58.390-0500] {processor.py:179} INFO - Processing /Users/az/anaconda3/envs/python38/lib/python3.8/site-packages/airflow/example_dags/example_setup_teardown.py took 0.148 seconds
[2023-11-09T19:30:03.156-0500] {processor.py:157} INFO - Started process (PID=51011) to work on /Users/az/anaconda3/envs/python38/lib/python3.8/site-packages/airflow/example_dags/example_setup_teardown.py
[2023-11-09T19:30:03.161-0500] {processor.py:829} INFO - Processing file /Users/az/anaconda3/envs/python38/lib/python3.8/site-packages/airflow/example_dags/example_setup_teardown.py for tasks to queue
[2023-11-09T19:30:03.161-0500] {logging_mixin.py:154} INFO - [2023-11-09T19:30:03.161-0500] {dagbag.py:536} INFO - Filling up the DagBag from /Users/az/anaconda3/envs/python38/lib/python3.8/site-packages/airflow/example_dags/example_setup_teardown.py
[2023-11-09T19:30:03.176-0500] {processor.py:839} INFO - DAG(s) dict_keys(['example_setup_teardown']) retrieved from /Users/az/anaconda3/envs/python38/lib/python3.8/site-packages/airflow/example_dags/example_setup_teardown.py
[2023-11-09T19:30:03.284-0500] {logging_mixin.py:154} INFO - [2023-11-09T19:30:03.284-0500] {dag.py:2941} INFO - Sync 1 DAGs
[2023-11-09T19:30:03.293-0500] {logging_mixin.py:154} INFO - [2023-11-09T19:30:03.293-0500] {dag.py:3722} INFO - Setting next_dagrun for example_setup_teardown to 2023-11-09T00:30:03.293235+00:00, run_after=2023-11-10T00:30:03.293235+00:00
[2023-11-09T19:30:03.303-0500] {processor.py:179} INFO - Processing /Users/az/anaconda3/envs/python38/lib/python3.8/site-packages/airflow/example_dags/example_setup_teardown.py took 0.147 seconds
[2023-11-09T19:32:08.853-0500] {processor.py:157} INFO - Started process (PID=51173) to work on /Users/az/anaconda3/envs/python38/lib/python3.8/site-packages/airflow/example_dags/example_setup_teardown.py
[2023-11-09T19:32:08.857-0500] {processor.py:829} INFO - Processing file /Users/az/anaconda3/envs/python38/lib/python3.8/site-packages/airflow/example_dags/example_setup_teardown.py for tasks to queue
[2023-11-09T19:32:08.858-0500] {logging_mixin.py:154} INFO - [2023-11-09T19:32:08.858-0500] {dagbag.py:536} INFO - Filling up the DagBag from /Users/az/anaconda3/envs/python38/lib/python3.8/site-packages/airflow/example_dags/example_setup_teardown.py
[2023-11-09T19:32:08.875-0500] {processor.py:839} INFO - DAG(s) dict_keys(['example_setup_teardown']) retrieved from /Users/az/anaconda3/envs/python38/lib/python3.8/site-packages/airflow/example_dags/example_setup_teardown.py
[2023-11-09T19:32:08.989-0500] {logging_mixin.py:154} INFO - [2023-11-09T19:32:08.989-0500] {dag.py:2941} INFO - Sync 1 DAGs
[2023-11-09T19:32:08.998-0500] {logging_mixin.py:154} INFO - [2023-11-09T19:32:08.998-0500] {dag.py:3722} INFO - Setting next_dagrun for example_setup_teardown to 2023-11-09T00:32:08.998500+00:00, run_after=2023-11-10T00:32:08.998500+00:00
[2023-11-09T19:32:09.008-0500] {processor.py:179} INFO - Processing /Users/az/anaconda3/envs/python38/lib/python3.8/site-packages/airflow/example_dags/example_setup_teardown.py took 0.155 seconds
[2023-11-09T19:34:39.723-0500] {processor.py:157} INFO - Started process (PID=51941) to work on /Users/az/anaconda3/envs/python38/lib/python3.8/site-packages/airflow/example_dags/example_setup_teardown.py
[2023-11-09T19:34:39.727-0500] {processor.py:829} INFO - Processing file /Users/az/anaconda3/envs/python38/lib/python3.8/site-packages/airflow/example_dags/example_setup_teardown.py for tasks to queue
[2023-11-09T19:34:39.727-0500] {logging_mixin.py:154} INFO - [2023-11-09T19:34:39.727-0500] {dagbag.py:536} INFO - Filling up the DagBag from /Users/az/anaconda3/envs/python38/lib/python3.8/site-packages/airflow/example_dags/example_setup_teardown.py
[2023-11-09T19:34:39.744-0500] {processor.py:839} INFO - DAG(s) dict_keys(['example_setup_teardown']) retrieved from /Users/az/anaconda3/envs/python38/lib/python3.8/site-packages/airflow/example_dags/example_setup_teardown.py
[2023-11-09T19:34:39.855-0500] {logging_mixin.py:154} INFO - [2023-11-09T19:34:39.855-0500] {dag.py:2941} INFO - Sync 1 DAGs
[2023-11-09T19:34:39.864-0500] {logging_mixin.py:154} INFO - [2023-11-09T19:34:39.864-0500] {dag.py:3722} INFO - Setting next_dagrun for example_setup_teardown to 2023-11-09T00:34:39.864387+00:00, run_after=2023-11-10T00:34:39.864387+00:00
[2023-11-09T19:34:39.875-0500] {processor.py:179} INFO - Processing /Users/az/anaconda3/envs/python38/lib/python3.8/site-packages/airflow/example_dags/example_setup_teardown.py took 0.152 seconds
[2023-11-09T19:36:35.031-0500] {processor.py:157} INFO - Started process (PID=53344) to work on /Users/az/anaconda3/envs/python38/lib/python3.8/site-packages/airflow/example_dags/example_setup_teardown.py
[2023-11-09T19:36:35.035-0500] {processor.py:829} INFO - Processing file /Users/az/anaconda3/envs/python38/lib/python3.8/site-packages/airflow/example_dags/example_setup_teardown.py for tasks to queue
[2023-11-09T19:36:35.035-0500] {logging_mixin.py:154} INFO - [2023-11-09T19:36:35.035-0500] {dagbag.py:536} INFO - Filling up the DagBag from /Users/az/anaconda3/envs/python38/lib/python3.8/site-packages/airflow/example_dags/example_setup_teardown.py
[2023-11-09T19:36:35.050-0500] {processor.py:839} INFO - DAG(s) dict_keys(['example_setup_teardown']) retrieved from /Users/az/anaconda3/envs/python38/lib/python3.8/site-packages/airflow/example_dags/example_setup_teardown.py
[2023-11-09T19:36:35.158-0500] {logging_mixin.py:154} INFO - [2023-11-09T19:36:35.158-0500] {dag.py:2941} INFO - Sync 1 DAGs
[2023-11-09T19:36:35.167-0500] {logging_mixin.py:154} INFO - [2023-11-09T19:36:35.167-0500] {dag.py:3722} INFO - Setting next_dagrun for example_setup_teardown to 2023-11-09T00:36:35.167579+00:00, run_after=2023-11-10T00:36:35.167579+00:00
[2023-11-09T19:36:35.178-0500] {processor.py:179} INFO - Processing /Users/az/anaconda3/envs/python38/lib/python3.8/site-packages/airflow/example_dags/example_setup_teardown.py took 0.147 seconds
[2023-11-09T19:38:34.942-0500] {processor.py:157} INFO - Started process (PID=53497) to work on /Users/az/anaconda3/envs/python38/lib/python3.8/site-packages/airflow/example_dags/example_setup_teardown.py
[2023-11-09T19:38:34.947-0500] {processor.py:829} INFO - Processing file /Users/az/anaconda3/envs/python38/lib/python3.8/site-packages/airflow/example_dags/example_setup_teardown.py for tasks to queue
[2023-11-09T19:38:34.947-0500] {logging_mixin.py:154} INFO - [2023-11-09T19:38:34.947-0500] {dagbag.py:536} INFO - Filling up the DagBag from /Users/az/anaconda3/envs/python38/lib/python3.8/site-packages/airflow/example_dags/example_setup_teardown.py
[2023-11-09T19:38:34.963-0500] {processor.py:839} INFO - DAG(s) dict_keys(['example_setup_teardown']) retrieved from /Users/az/anaconda3/envs/python38/lib/python3.8/site-packages/airflow/example_dags/example_setup_teardown.py
[2023-11-09T19:38:35.071-0500] {logging_mixin.py:154} INFO - [2023-11-09T19:38:35.071-0500] {dag.py:2941} INFO - Sync 1 DAGs
[2023-11-09T19:38:35.080-0500] {logging_mixin.py:154} INFO - [2023-11-09T19:38:35.080-0500] {dag.py:3722} INFO - Setting next_dagrun for example_setup_teardown to 2023-11-09T00:38:35.079980+00:00, run_after=2023-11-10T00:38:35.079980+00:00
[2023-11-09T19:38:35.090-0500] {processor.py:179} INFO - Processing /Users/az/anaconda3/envs/python38/lib/python3.8/site-packages/airflow/example_dags/example_setup_teardown.py took 0.148 seconds
[2023-11-09T19:40:32.035-0500] {processor.py:157} INFO - Started process (PID=53647) to work on /Users/az/anaconda3/envs/python38/lib/python3.8/site-packages/airflow/example_dags/example_setup_teardown.py
[2023-11-09T19:40:32.040-0500] {processor.py:829} INFO - Processing file /Users/az/anaconda3/envs/python38/lib/python3.8/site-packages/airflow/example_dags/example_setup_teardown.py for tasks to queue
[2023-11-09T19:40:32.040-0500] {logging_mixin.py:154} INFO - [2023-11-09T19:40:32.040-0500] {dagbag.py:536} INFO - Filling up the DagBag from /Users/az/anaconda3/envs/python38/lib/python3.8/site-packages/airflow/example_dags/example_setup_teardown.py
[2023-11-09T19:40:32.055-0500] {processor.py:839} INFO - DAG(s) dict_keys(['example_setup_teardown']) retrieved from /Users/az/anaconda3/envs/python38/lib/python3.8/site-packages/airflow/example_dags/example_setup_teardown.py
[2023-11-09T19:40:32.164-0500] {logging_mixin.py:154} INFO - [2023-11-09T19:40:32.164-0500] {dag.py:2941} INFO - Sync 1 DAGs
[2023-11-09T19:40:32.173-0500] {logging_mixin.py:154} INFO - [2023-11-09T19:40:32.173-0500] {dag.py:3722} INFO - Setting next_dagrun for example_setup_teardown to 2023-11-09T00:40:32.173008+00:00, run_after=2023-11-10T00:40:32.173008+00:00
[2023-11-09T19:40:32.183-0500] {processor.py:179} INFO - Processing /Users/az/anaconda3/envs/python38/lib/python3.8/site-packages/airflow/example_dags/example_setup_teardown.py took 0.148 seconds
[2023-11-09T19:42:48.881-0500] {processor.py:157} INFO - Started process (PID=54110) to work on /Users/az/anaconda3/envs/python38/lib/python3.8/site-packages/airflow/example_dags/example_setup_teardown.py
[2023-11-09T19:42:48.886-0500] {processor.py:829} INFO - Processing file /Users/az/anaconda3/envs/python38/lib/python3.8/site-packages/airflow/example_dags/example_setup_teardown.py for tasks to queue
[2023-11-09T19:42:48.886-0500] {logging_mixin.py:154} INFO - [2023-11-09T19:42:48.886-0500] {dagbag.py:536} INFO - Filling up the DagBag from /Users/az/anaconda3/envs/python38/lib/python3.8/site-packages/airflow/example_dags/example_setup_teardown.py
[2023-11-09T19:42:48.901-0500] {processor.py:839} INFO - DAG(s) dict_keys(['example_setup_teardown']) retrieved from /Users/az/anaconda3/envs/python38/lib/python3.8/site-packages/airflow/example_dags/example_setup_teardown.py
[2023-11-09T19:42:49.010-0500] {logging_mixin.py:154} INFO - [2023-11-09T19:42:49.009-0500] {dag.py:2941} INFO - Sync 1 DAGs
[2023-11-09T19:42:49.019-0500] {logging_mixin.py:154} INFO - [2023-11-09T19:42:49.019-0500] {dag.py:3722} INFO - Setting next_dagrun for example_setup_teardown to 2023-11-09T00:42:49.018989+00:00, run_after=2023-11-10T00:42:49.018989+00:00
[2023-11-09T19:42:49.029-0500] {processor.py:179} INFO - Processing /Users/az/anaconda3/envs/python38/lib/python3.8/site-packages/airflow/example_dags/example_setup_teardown.py took 0.148 seconds
[2023-11-09T19:44:46.091-0500] {processor.py:157} INFO - Started process (PID=54263) to work on /Users/az/anaconda3/envs/python38/lib/python3.8/site-packages/airflow/example_dags/example_setup_teardown.py
[2023-11-09T19:44:46.096-0500] {processor.py:829} INFO - Processing file /Users/az/anaconda3/envs/python38/lib/python3.8/site-packages/airflow/example_dags/example_setup_teardown.py for tasks to queue
[2023-11-09T19:44:46.096-0500] {logging_mixin.py:154} INFO - [2023-11-09T19:44:46.096-0500] {dagbag.py:536} INFO - Filling up the DagBag from /Users/az/anaconda3/envs/python38/lib/python3.8/site-packages/airflow/example_dags/example_setup_teardown.py
[2023-11-09T19:44:46.111-0500] {processor.py:839} INFO - DAG(s) dict_keys(['example_setup_teardown']) retrieved from /Users/az/anaconda3/envs/python38/lib/python3.8/site-packages/airflow/example_dags/example_setup_teardown.py
[2023-11-09T19:44:46.220-0500] {logging_mixin.py:154} INFO - [2023-11-09T19:44:46.220-0500] {dag.py:2941} INFO - Sync 1 DAGs
[2023-11-09T19:44:46.229-0500] {logging_mixin.py:154} INFO - [2023-11-09T19:44:46.229-0500] {dag.py:3722} INFO - Setting next_dagrun for example_setup_teardown to 2023-11-09T00:44:46.229169+00:00, run_after=2023-11-10T00:44:46.229169+00:00
[2023-11-09T19:44:46.239-0500] {processor.py:179} INFO - Processing /Users/az/anaconda3/envs/python38/lib/python3.8/site-packages/airflow/example_dags/example_setup_teardown.py took 0.148 seconds
[2023-11-09T19:46:41.782-0500] {processor.py:157} INFO - Started process (PID=54413) to work on /Users/az/anaconda3/envs/python38/lib/python3.8/site-packages/airflow/example_dags/example_setup_teardown.py
[2023-11-09T19:46:41.786-0500] {processor.py:829} INFO - Processing file /Users/az/anaconda3/envs/python38/lib/python3.8/site-packages/airflow/example_dags/example_setup_teardown.py for tasks to queue
[2023-11-09T19:46:41.786-0500] {logging_mixin.py:154} INFO - [2023-11-09T19:46:41.786-0500] {dagbag.py:536} INFO - Filling up the DagBag from /Users/az/anaconda3/envs/python38/lib/python3.8/site-packages/airflow/example_dags/example_setup_teardown.py
[2023-11-09T19:46:41.802-0500] {processor.py:839} INFO - DAG(s) dict_keys(['example_setup_teardown']) retrieved from /Users/az/anaconda3/envs/python38/lib/python3.8/site-packages/airflow/example_dags/example_setup_teardown.py
[2023-11-09T19:46:41.909-0500] {logging_mixin.py:154} INFO - [2023-11-09T19:46:41.909-0500] {dag.py:2941} INFO - Sync 1 DAGs
[2023-11-09T19:46:41.918-0500] {logging_mixin.py:154} INFO - [2023-11-09T19:46:41.918-0500] {dag.py:3722} INFO - Setting next_dagrun for example_setup_teardown to 2023-11-09T00:46:41.918311+00:00, run_after=2023-11-10T00:46:41.918311+00:00
[2023-11-09T19:46:41.928-0500] {processor.py:179} INFO - Processing /Users/az/anaconda3/envs/python38/lib/python3.8/site-packages/airflow/example_dags/example_setup_teardown.py took 0.146 seconds
[2023-11-09T19:48:41.978-0500] {processor.py:157} INFO - Started process (PID=54564) to work on /Users/az/anaconda3/envs/python38/lib/python3.8/site-packages/airflow/example_dags/example_setup_teardown.py
[2023-11-09T19:48:41.982-0500] {processor.py:829} INFO - Processing file /Users/az/anaconda3/envs/python38/lib/python3.8/site-packages/airflow/example_dags/example_setup_teardown.py for tasks to queue
[2023-11-09T19:48:41.982-0500] {logging_mixin.py:154} INFO - [2023-11-09T19:48:41.982-0500] {dagbag.py:536} INFO - Filling up the DagBag from /Users/az/anaconda3/envs/python38/lib/python3.8/site-packages/airflow/example_dags/example_setup_teardown.py
[2023-11-09T19:48:41.997-0500] {processor.py:839} INFO - DAG(s) dict_keys(['example_setup_teardown']) retrieved from /Users/az/anaconda3/envs/python38/lib/python3.8/site-packages/airflow/example_dags/example_setup_teardown.py
[2023-11-09T19:48:42.105-0500] {logging_mixin.py:154} INFO - [2023-11-09T19:48:42.105-0500] {dag.py:2941} INFO - Sync 1 DAGs
[2023-11-09T19:48:42.114-0500] {logging_mixin.py:154} INFO - [2023-11-09T19:48:42.114-0500] {dag.py:3722} INFO - Setting next_dagrun for example_setup_teardown to 2023-11-09T00:48:42.114270+00:00, run_after=2023-11-10T00:48:42.114270+00:00
[2023-11-09T19:48:42.124-0500] {processor.py:179} INFO - Processing /Users/az/anaconda3/envs/python38/lib/python3.8/site-packages/airflow/example_dags/example_setup_teardown.py took 0.146 seconds
[2023-11-09T19:50:39.285-0500] {processor.py:157} INFO - Started process (PID=54713) to work on /Users/az/anaconda3/envs/python38/lib/python3.8/site-packages/airflow/example_dags/example_setup_teardown.py
[2023-11-09T19:50:39.290-0500] {processor.py:829} INFO - Processing file /Users/az/anaconda3/envs/python38/lib/python3.8/site-packages/airflow/example_dags/example_setup_teardown.py for tasks to queue
[2023-11-09T19:50:39.290-0500] {logging_mixin.py:154} INFO - [2023-11-09T19:50:39.290-0500] {dagbag.py:536} INFO - Filling up the DagBag from /Users/az/anaconda3/envs/python38/lib/python3.8/site-packages/airflow/example_dags/example_setup_teardown.py
[2023-11-09T19:50:39.305-0500] {processor.py:839} INFO - DAG(s) dict_keys(['example_setup_teardown']) retrieved from /Users/az/anaconda3/envs/python38/lib/python3.8/site-packages/airflow/example_dags/example_setup_teardown.py
[2023-11-09T19:50:39.412-0500] {logging_mixin.py:154} INFO - [2023-11-09T19:50:39.412-0500] {dag.py:2941} INFO - Sync 1 DAGs
[2023-11-09T19:50:39.421-0500] {logging_mixin.py:154} INFO - [2023-11-09T19:50:39.421-0500] {dag.py:3722} INFO - Setting next_dagrun for example_setup_teardown to 2023-11-09T00:50:39.421787+00:00, run_after=2023-11-10T00:50:39.421787+00:00
[2023-11-09T19:50:39.432-0500] {processor.py:179} INFO - Processing /Users/az/anaconda3/envs/python38/lib/python3.8/site-packages/airflow/example_dags/example_setup_teardown.py took 0.147 seconds
[2023-11-09T19:52:38.002-0500] {processor.py:157} INFO - Started process (PID=54863) to work on /Users/az/anaconda3/envs/python38/lib/python3.8/site-packages/airflow/example_dags/example_setup_teardown.py
[2023-11-09T19:52:38.009-0500] {processor.py:829} INFO - Processing file /Users/az/anaconda3/envs/python38/lib/python3.8/site-packages/airflow/example_dags/example_setup_teardown.py for tasks to queue
[2023-11-09T19:52:38.009-0500] {logging_mixin.py:154} INFO - [2023-11-09T19:52:38.009-0500] {dagbag.py:536} INFO - Filling up the DagBag from /Users/az/anaconda3/envs/python38/lib/python3.8/site-packages/airflow/example_dags/example_setup_teardown.py
[2023-11-09T19:52:38.033-0500] {processor.py:839} INFO - DAG(s) dict_keys(['example_setup_teardown']) retrieved from /Users/az/anaconda3/envs/python38/lib/python3.8/site-packages/airflow/example_dags/example_setup_teardown.py
[2023-11-09T19:52:38.149-0500] {logging_mixin.py:154} INFO - [2023-11-09T19:52:38.149-0500] {dag.py:2941} INFO - Sync 1 DAGs
[2023-11-09T19:52:38.158-0500] {logging_mixin.py:154} INFO - [2023-11-09T19:52:38.158-0500] {dag.py:3722} INFO - Setting next_dagrun for example_setup_teardown to 2023-11-09T00:52:38.158272+00:00, run_after=2023-11-10T00:52:38.158272+00:00
[2023-11-09T19:52:38.168-0500] {processor.py:179} INFO - Processing /Users/az/anaconda3/envs/python38/lib/python3.8/site-packages/airflow/example_dags/example_setup_teardown.py took 0.167 seconds
[2023-11-09T19:54:39.339-0500] {processor.py:157} INFO - Started process (PID=55018) to work on /Users/az/anaconda3/envs/python38/lib/python3.8/site-packages/airflow/example_dags/example_setup_teardown.py
[2023-11-09T19:54:39.343-0500] {processor.py:829} INFO - Processing file /Users/az/anaconda3/envs/python38/lib/python3.8/site-packages/airflow/example_dags/example_setup_teardown.py for tasks to queue
[2023-11-09T19:54:39.343-0500] {logging_mixin.py:154} INFO - [2023-11-09T19:54:39.343-0500] {dagbag.py:536} INFO - Filling up the DagBag from /Users/az/anaconda3/envs/python38/lib/python3.8/site-packages/airflow/example_dags/example_setup_teardown.py
[2023-11-09T19:54:39.358-0500] {processor.py:839} INFO - DAG(s) dict_keys(['example_setup_teardown']) retrieved from /Users/az/anaconda3/envs/python38/lib/python3.8/site-packages/airflow/example_dags/example_setup_teardown.py
[2023-11-09T19:54:39.466-0500] {logging_mixin.py:154} INFO - [2023-11-09T19:54:39.466-0500] {dag.py:2941} INFO - Sync 1 DAGs
[2023-11-09T19:54:39.475-0500] {logging_mixin.py:154} INFO - [2023-11-09T19:54:39.475-0500] {dag.py:3722} INFO - Setting next_dagrun for example_setup_teardown to 2023-11-09T00:54:39.475236+00:00, run_after=2023-11-10T00:54:39.475236+00:00
[2023-11-09T19:54:39.485-0500] {processor.py:179} INFO - Processing /Users/az/anaconda3/envs/python38/lib/python3.8/site-packages/airflow/example_dags/example_setup_teardown.py took 0.147 seconds
[2023-11-09T19:56:36.239-0500] {processor.py:157} INFO - Started process (PID=55169) to work on /Users/az/anaconda3/envs/python38/lib/python3.8/site-packages/airflow/example_dags/example_setup_teardown.py
[2023-11-09T19:56:36.244-0500] {processor.py:829} INFO - Processing file /Users/az/anaconda3/envs/python38/lib/python3.8/site-packages/airflow/example_dags/example_setup_teardown.py for tasks to queue
[2023-11-09T19:56:36.244-0500] {logging_mixin.py:154} INFO - [2023-11-09T19:56:36.244-0500] {dagbag.py:536} INFO - Filling up the DagBag from /Users/az/anaconda3/envs/python38/lib/python3.8/site-packages/airflow/example_dags/example_setup_teardown.py
[2023-11-09T19:56:36.259-0500] {processor.py:839} INFO - DAG(s) dict_keys(['example_setup_teardown']) retrieved from /Users/az/anaconda3/envs/python38/lib/python3.8/site-packages/airflow/example_dags/example_setup_teardown.py
[2023-11-09T19:56:36.367-0500] {logging_mixin.py:154} INFO - [2023-11-09T19:56:36.366-0500] {dag.py:2941} INFO - Sync 1 DAGs
[2023-11-09T19:56:36.376-0500] {logging_mixin.py:154} INFO - [2023-11-09T19:56:36.376-0500] {dag.py:3722} INFO - Setting next_dagrun for example_setup_teardown to 2023-11-09T00:56:36.375928+00:00, run_after=2023-11-10T00:56:36.375928+00:00
[2023-11-09T19:56:36.386-0500] {processor.py:179} INFO - Processing /Users/az/anaconda3/envs/python38/lib/python3.8/site-packages/airflow/example_dags/example_setup_teardown.py took 0.147 seconds
[2023-11-09T19:58:36.942-0500] {processor.py:157} INFO - Started process (PID=55327) to work on /Users/az/anaconda3/envs/python38/lib/python3.8/site-packages/airflow/example_dags/example_setup_teardown.py
[2023-11-09T19:58:36.947-0500] {processor.py:829} INFO - Processing file /Users/az/anaconda3/envs/python38/lib/python3.8/site-packages/airflow/example_dags/example_setup_teardown.py for tasks to queue
[2023-11-09T19:58:36.947-0500] {logging_mixin.py:154} INFO - [2023-11-09T19:58:36.947-0500] {dagbag.py:536} INFO - Filling up the DagBag from /Users/az/anaconda3/envs/python38/lib/python3.8/site-packages/airflow/example_dags/example_setup_teardown.py
[2023-11-09T19:58:36.962-0500] {processor.py:839} INFO - DAG(s) dict_keys(['example_setup_teardown']) retrieved from /Users/az/anaconda3/envs/python38/lib/python3.8/site-packages/airflow/example_dags/example_setup_teardown.py
[2023-11-09T19:58:37.070-0500] {logging_mixin.py:154} INFO - [2023-11-09T19:58:37.070-0500] {dag.py:2941} INFO - Sync 1 DAGs
[2023-11-09T19:58:37.079-0500] {logging_mixin.py:154} INFO - [2023-11-09T19:58:37.079-0500] {dag.py:3722} INFO - Setting next_dagrun for example_setup_teardown to 2023-11-09T00:58:37.079046+00:00, run_after=2023-11-10T00:58:37.079046+00:00
[2023-11-09T19:58:37.089-0500] {processor.py:179} INFO - Processing /Users/az/anaconda3/envs/python38/lib/python3.8/site-packages/airflow/example_dags/example_setup_teardown.py took 0.148 seconds
[2023-11-09T20:00:37.539-0500] {processor.py:157} INFO - Started process (PID=55479) to work on /Users/az/anaconda3/envs/python38/lib/python3.8/site-packages/airflow/example_dags/example_setup_teardown.py
[2023-11-09T20:00:37.544-0500] {processor.py:829} INFO - Processing file /Users/az/anaconda3/envs/python38/lib/python3.8/site-packages/airflow/example_dags/example_setup_teardown.py for tasks to queue
[2023-11-09T20:00:37.544-0500] {logging_mixin.py:154} INFO - [2023-11-09T20:00:37.544-0500] {dagbag.py:536} INFO - Filling up the DagBag from /Users/az/anaconda3/envs/python38/lib/python3.8/site-packages/airflow/example_dags/example_setup_teardown.py
[2023-11-09T20:00:37.559-0500] {processor.py:839} INFO - DAG(s) dict_keys(['example_setup_teardown']) retrieved from /Users/az/anaconda3/envs/python38/lib/python3.8/site-packages/airflow/example_dags/example_setup_teardown.py
[2023-11-09T20:00:37.667-0500] {logging_mixin.py:154} INFO - [2023-11-09T20:00:37.667-0500] {dag.py:2941} INFO - Sync 1 DAGs
[2023-11-09T20:00:37.676-0500] {logging_mixin.py:154} INFO - [2023-11-09T20:00:37.676-0500] {dag.py:3722} INFO - Setting next_dagrun for example_setup_teardown to 2023-11-09T01:00:37.676258+00:00, run_after=2023-11-10T01:00:37.676258+00:00
[2023-11-09T20:00:37.686-0500] {processor.py:179} INFO - Processing /Users/az/anaconda3/envs/python38/lib/python3.8/site-packages/airflow/example_dags/example_setup_teardown.py took 0.147 seconds
[2023-11-09T20:02:40.168-0500] {processor.py:157} INFO - Started process (PID=55645) to work on /Users/az/anaconda3/envs/python38/lib/python3.8/site-packages/airflow/example_dags/example_setup_teardown.py
[2023-11-09T20:02:40.172-0500] {processor.py:829} INFO - Processing file /Users/az/anaconda3/envs/python38/lib/python3.8/site-packages/airflow/example_dags/example_setup_teardown.py for tasks to queue
[2023-11-09T20:02:40.172-0500] {logging_mixin.py:154} INFO - [2023-11-09T20:02:40.172-0500] {dagbag.py:536} INFO - Filling up the DagBag from /Users/az/anaconda3/envs/python38/lib/python3.8/site-packages/airflow/example_dags/example_setup_teardown.py
[2023-11-09T20:02:40.188-0500] {processor.py:839} INFO - DAG(s) dict_keys(['example_setup_teardown']) retrieved from /Users/az/anaconda3/envs/python38/lib/python3.8/site-packages/airflow/example_dags/example_setup_teardown.py
[2023-11-09T20:02:40.299-0500] {logging_mixin.py:154} INFO - [2023-11-09T20:02:40.299-0500] {dag.py:2941} INFO - Sync 1 DAGs
[2023-11-09T20:02:40.308-0500] {logging_mixin.py:154} INFO - [2023-11-09T20:02:40.308-0500] {dag.py:3722} INFO - Setting next_dagrun for example_setup_teardown to 2023-11-09T01:02:40.308799+00:00, run_after=2023-11-10T01:02:40.308799+00:00
[2023-11-09T20:02:40.319-0500] {processor.py:179} INFO - Processing /Users/az/anaconda3/envs/python38/lib/python3.8/site-packages/airflow/example_dags/example_setup_teardown.py took 0.152 seconds
[2023-11-09T20:04:40.337-0500] {processor.py:157} INFO - Started process (PID=55796) to work on /Users/az/anaconda3/envs/python38/lib/python3.8/site-packages/airflow/example_dags/example_setup_teardown.py
[2023-11-09T20:04:40.341-0500] {processor.py:829} INFO - Processing file /Users/az/anaconda3/envs/python38/lib/python3.8/site-packages/airflow/example_dags/example_setup_teardown.py for tasks to queue
[2023-11-09T20:04:40.341-0500] {logging_mixin.py:154} INFO - [2023-11-09T20:04:40.341-0500] {dagbag.py:536} INFO - Filling up the DagBag from /Users/az/anaconda3/envs/python38/lib/python3.8/site-packages/airflow/example_dags/example_setup_teardown.py
[2023-11-09T20:04:40.357-0500] {processor.py:839} INFO - DAG(s) dict_keys(['example_setup_teardown']) retrieved from /Users/az/anaconda3/envs/python38/lib/python3.8/site-packages/airflow/example_dags/example_setup_teardown.py
[2023-11-09T20:04:40.465-0500] {logging_mixin.py:154} INFO - [2023-11-09T20:04:40.465-0500] {dag.py:2941} INFO - Sync 1 DAGs
[2023-11-09T20:04:40.474-0500] {logging_mixin.py:154} INFO - [2023-11-09T20:04:40.474-0500] {dag.py:3722} INFO - Setting next_dagrun for example_setup_teardown to 2023-11-09T01:04:40.474199+00:00, run_after=2023-11-10T01:04:40.474199+00:00
[2023-11-09T20:04:40.484-0500] {processor.py:179} INFO - Processing /Users/az/anaconda3/envs/python38/lib/python3.8/site-packages/airflow/example_dags/example_setup_teardown.py took 0.148 seconds
[2023-11-09T20:06:37.444-0500] {processor.py:157} INFO - Started process (PID=55950) to work on /Users/az/anaconda3/envs/python38/lib/python3.8/site-packages/airflow/example_dags/example_setup_teardown.py
[2023-11-09T20:06:37.449-0500] {processor.py:829} INFO - Processing file /Users/az/anaconda3/envs/python38/lib/python3.8/site-packages/airflow/example_dags/example_setup_teardown.py for tasks to queue
[2023-11-09T20:06:37.449-0500] {logging_mixin.py:154} INFO - [2023-11-09T20:06:37.449-0500] {dagbag.py:536} INFO - Filling up the DagBag from /Users/az/anaconda3/envs/python38/lib/python3.8/site-packages/airflow/example_dags/example_setup_teardown.py
[2023-11-09T20:06:37.464-0500] {processor.py:839} INFO - DAG(s) dict_keys(['example_setup_teardown']) retrieved from /Users/az/anaconda3/envs/python38/lib/python3.8/site-packages/airflow/example_dags/example_setup_teardown.py
[2023-11-09T20:06:37.571-0500] {logging_mixin.py:154} INFO - [2023-11-09T20:06:37.571-0500] {dag.py:2941} INFO - Sync 1 DAGs
[2023-11-09T20:06:37.580-0500] {logging_mixin.py:154} INFO - [2023-11-09T20:06:37.580-0500] {dag.py:3722} INFO - Setting next_dagrun for example_setup_teardown to 2023-11-09T01:06:37.580084+00:00, run_after=2023-11-10T01:06:37.580084+00:00
[2023-11-09T20:06:37.590-0500] {processor.py:179} INFO - Processing /Users/az/anaconda3/envs/python38/lib/python3.8/site-packages/airflow/example_dags/example_setup_teardown.py took 0.147 seconds
[2023-11-09T20:08:36.038-0500] {processor.py:157} INFO - Started process (PID=56119) to work on /Users/az/anaconda3/envs/python38/lib/python3.8/site-packages/airflow/example_dags/example_setup_teardown.py
[2023-11-09T20:08:36.043-0500] {processor.py:829} INFO - Processing file /Users/az/anaconda3/envs/python38/lib/python3.8/site-packages/airflow/example_dags/example_setup_teardown.py for tasks to queue
[2023-11-09T20:08:36.043-0500] {logging_mixin.py:154} INFO - [2023-11-09T20:08:36.043-0500] {dagbag.py:536} INFO - Filling up the DagBag from /Users/az/anaconda3/envs/python38/lib/python3.8/site-packages/airflow/example_dags/example_setup_teardown.py
[2023-11-09T20:08:36.058-0500] {processor.py:839} INFO - DAG(s) dict_keys(['example_setup_teardown']) retrieved from /Users/az/anaconda3/envs/python38/lib/python3.8/site-packages/airflow/example_dags/example_setup_teardown.py
[2023-11-09T20:08:36.170-0500] {logging_mixin.py:154} INFO - [2023-11-09T20:08:36.170-0500] {dag.py:2941} INFO - Sync 1 DAGs
[2023-11-09T20:08:36.179-0500] {logging_mixin.py:154} INFO - [2023-11-09T20:08:36.179-0500] {dag.py:3722} INFO - Setting next_dagrun for example_setup_teardown to 2023-11-09T01:08:36.179133+00:00, run_after=2023-11-10T01:08:36.179133+00:00
[2023-11-09T20:08:36.189-0500] {processor.py:179} INFO - Processing /Users/az/anaconda3/envs/python38/lib/python3.8/site-packages/airflow/example_dags/example_setup_teardown.py took 0.151 seconds
[2023-11-09T20:10:33.196-0500] {processor.py:157} INFO - Started process (PID=56282) to work on /Users/az/anaconda3/envs/python38/lib/python3.8/site-packages/airflow/example_dags/example_setup_teardown.py
[2023-11-09T20:10:33.200-0500] {processor.py:829} INFO - Processing file /Users/az/anaconda3/envs/python38/lib/python3.8/site-packages/airflow/example_dags/example_setup_teardown.py for tasks to queue
[2023-11-09T20:10:33.201-0500] {logging_mixin.py:154} INFO - [2023-11-09T20:10:33.201-0500] {dagbag.py:536} INFO - Filling up the DagBag from /Users/az/anaconda3/envs/python38/lib/python3.8/site-packages/airflow/example_dags/example_setup_teardown.py
[2023-11-09T20:10:33.216-0500] {processor.py:839} INFO - DAG(s) dict_keys(['example_setup_teardown']) retrieved from /Users/az/anaconda3/envs/python38/lib/python3.8/site-packages/airflow/example_dags/example_setup_teardown.py
[2023-11-09T20:10:33.323-0500] {logging_mixin.py:154} INFO - [2023-11-09T20:10:33.323-0500] {dag.py:2941} INFO - Sync 1 DAGs
[2023-11-09T20:10:33.332-0500] {logging_mixin.py:154} INFO - [2023-11-09T20:10:33.332-0500] {dag.py:3722} INFO - Setting next_dagrun for example_setup_teardown to 2023-11-09T01:10:33.332709+00:00, run_after=2023-11-10T01:10:33.332709+00:00
[2023-11-09T20:10:33.343-0500] {processor.py:179} INFO - Processing /Users/az/anaconda3/envs/python38/lib/python3.8/site-packages/airflow/example_dags/example_setup_teardown.py took 0.148 seconds
[2023-11-09T20:12:30.595-0500] {processor.py:157} INFO - Started process (PID=56444) to work on /Users/az/anaconda3/envs/python38/lib/python3.8/site-packages/airflow/example_dags/example_setup_teardown.py
[2023-11-09T20:12:30.600-0500] {processor.py:829} INFO - Processing file /Users/az/anaconda3/envs/python38/lib/python3.8/site-packages/airflow/example_dags/example_setup_teardown.py for tasks to queue
[2023-11-09T20:12:30.600-0500] {logging_mixin.py:154} INFO - [2023-11-09T20:12:30.600-0500] {dagbag.py:536} INFO - Filling up the DagBag from /Users/az/anaconda3/envs/python38/lib/python3.8/site-packages/airflow/example_dags/example_setup_teardown.py
[2023-11-09T20:12:30.616-0500] {processor.py:839} INFO - DAG(s) dict_keys(['example_setup_teardown']) retrieved from /Users/az/anaconda3/envs/python38/lib/python3.8/site-packages/airflow/example_dags/example_setup_teardown.py
[2023-11-09T20:12:30.724-0500] {logging_mixin.py:154} INFO - [2023-11-09T20:12:30.723-0500] {dag.py:2941} INFO - Sync 1 DAGs
[2023-11-09T20:12:30.733-0500] {logging_mixin.py:154} INFO - [2023-11-09T20:12:30.733-0500] {dag.py:3722} INFO - Setting next_dagrun for example_setup_teardown to 2023-11-09T01:12:30.732949+00:00, run_after=2023-11-10T01:12:30.732949+00:00
[2023-11-09T20:12:30.743-0500] {processor.py:179} INFO - Processing /Users/az/anaconda3/envs/python38/lib/python3.8/site-packages/airflow/example_dags/example_setup_teardown.py took 0.148 seconds
[2023-11-09T20:14:32.189-0500] {processor.py:157} INFO - Started process (PID=56619) to work on /Users/az/anaconda3/envs/python38/lib/python3.8/site-packages/airflow/example_dags/example_setup_teardown.py
[2023-11-09T20:14:32.193-0500] {processor.py:829} INFO - Processing file /Users/az/anaconda3/envs/python38/lib/python3.8/site-packages/airflow/example_dags/example_setup_teardown.py for tasks to queue
[2023-11-09T20:14:32.193-0500] {logging_mixin.py:154} INFO - [2023-11-09T20:14:32.193-0500] {dagbag.py:536} INFO - Filling up the DagBag from /Users/az/anaconda3/envs/python38/lib/python3.8/site-packages/airflow/example_dags/example_setup_teardown.py
[2023-11-09T20:14:32.209-0500] {processor.py:839} INFO - DAG(s) dict_keys(['example_setup_teardown']) retrieved from /Users/az/anaconda3/envs/python38/lib/python3.8/site-packages/airflow/example_dags/example_setup_teardown.py
[2023-11-09T20:14:32.318-0500] {logging_mixin.py:154} INFO - [2023-11-09T20:14:32.317-0500] {dag.py:2941} INFO - Sync 1 DAGs
[2023-11-09T20:14:32.327-0500] {logging_mixin.py:154} INFO - [2023-11-09T20:14:32.326-0500] {dag.py:3722} INFO - Setting next_dagrun for example_setup_teardown to 2023-11-09T01:14:32.326843+00:00, run_after=2023-11-10T01:14:32.326843+00:00
[2023-11-09T20:14:32.337-0500] {processor.py:179} INFO - Processing /Users/az/anaconda3/envs/python38/lib/python3.8/site-packages/airflow/example_dags/example_setup_teardown.py took 0.149 seconds
[2023-11-09T20:16:29.590-0500] {processor.py:157} INFO - Started process (PID=56767) to work on /Users/az/anaconda3/envs/python38/lib/python3.8/site-packages/airflow/example_dags/example_setup_teardown.py
[2023-11-09T20:16:29.594-0500] {processor.py:829} INFO - Processing file /Users/az/anaconda3/envs/python38/lib/python3.8/site-packages/airflow/example_dags/example_setup_teardown.py for tasks to queue
[2023-11-09T20:16:29.595-0500] {logging_mixin.py:154} INFO - [2023-11-09T20:16:29.595-0500] {dagbag.py:536} INFO - Filling up the DagBag from /Users/az/anaconda3/envs/python38/lib/python3.8/site-packages/airflow/example_dags/example_setup_teardown.py
[2023-11-09T20:16:29.610-0500] {processor.py:839} INFO - DAG(s) dict_keys(['example_setup_teardown']) retrieved from /Users/az/anaconda3/envs/python38/lib/python3.8/site-packages/airflow/example_dags/example_setup_teardown.py
[2023-11-09T20:16:29.718-0500] {logging_mixin.py:154} INFO - [2023-11-09T20:16:29.718-0500] {dag.py:2941} INFO - Sync 1 DAGs
[2023-11-09T20:16:29.727-0500] {logging_mixin.py:154} INFO - [2023-11-09T20:16:29.727-0500] {dag.py:3722} INFO - Setting next_dagrun for example_setup_teardown to 2023-11-09T01:16:29.726967+00:00, run_after=2023-11-10T01:16:29.726967+00:00
[2023-11-09T20:16:29.737-0500] {processor.py:179} INFO - Processing /Users/az/anaconda3/envs/python38/lib/python3.8/site-packages/airflow/example_dags/example_setup_teardown.py took 0.147 seconds
[2023-11-09T20:18:28.416-0500] {processor.py:157} INFO - Started process (PID=56916) to work on /Users/az/anaconda3/envs/python38/lib/python3.8/site-packages/airflow/example_dags/example_setup_teardown.py
[2023-11-09T20:18:28.420-0500] {processor.py:829} INFO - Processing file /Users/az/anaconda3/envs/python38/lib/python3.8/site-packages/airflow/example_dags/example_setup_teardown.py for tasks to queue
[2023-11-09T20:18:28.421-0500] {logging_mixin.py:154} INFO - [2023-11-09T20:18:28.421-0500] {dagbag.py:536} INFO - Filling up the DagBag from /Users/az/anaconda3/envs/python38/lib/python3.8/site-packages/airflow/example_dags/example_setup_teardown.py
[2023-11-09T20:18:28.436-0500] {processor.py:839} INFO - DAG(s) dict_keys(['example_setup_teardown']) retrieved from /Users/az/anaconda3/envs/python38/lib/python3.8/site-packages/airflow/example_dags/example_setup_teardown.py
[2023-11-09T20:18:28.544-0500] {logging_mixin.py:154} INFO - [2023-11-09T20:18:28.544-0500] {dag.py:2941} INFO - Sync 1 DAGs
[2023-11-09T20:18:28.553-0500] {logging_mixin.py:154} INFO - [2023-11-09T20:18:28.553-0500] {dag.py:3722} INFO - Setting next_dagrun for example_setup_teardown to 2023-11-09T01:18:28.553365+00:00, run_after=2023-11-10T01:18:28.553365+00:00
[2023-11-09T20:18:28.563-0500] {processor.py:179} INFO - Processing /Users/az/anaconda3/envs/python38/lib/python3.8/site-packages/airflow/example_dags/example_setup_teardown.py took 0.148 seconds
[2023-11-09T20:20:28.146-0500] {processor.py:157} INFO - Started process (PID=57063) to work on /Users/az/anaconda3/envs/python38/lib/python3.8/site-packages/airflow/example_dags/example_setup_teardown.py
[2023-11-09T20:20:28.150-0500] {processor.py:829} INFO - Processing file /Users/az/anaconda3/envs/python38/lib/python3.8/site-packages/airflow/example_dags/example_setup_teardown.py for tasks to queue
[2023-11-09T20:20:28.150-0500] {logging_mixin.py:154} INFO - [2023-11-09T20:20:28.150-0500] {dagbag.py:536} INFO - Filling up the DagBag from /Users/az/anaconda3/envs/python38/lib/python3.8/site-packages/airflow/example_dags/example_setup_teardown.py
[2023-11-09T20:20:28.166-0500] {processor.py:839} INFO - DAG(s) dict_keys(['example_setup_teardown']) retrieved from /Users/az/anaconda3/envs/python38/lib/python3.8/site-packages/airflow/example_dags/example_setup_teardown.py
[2023-11-09T20:20:28.273-0500] {logging_mixin.py:154} INFO - [2023-11-09T20:20:28.273-0500] {dag.py:2941} INFO - Sync 1 DAGs
[2023-11-09T20:20:28.282-0500] {logging_mixin.py:154} INFO - [2023-11-09T20:20:28.282-0500] {dag.py:3722} INFO - Setting next_dagrun for example_setup_teardown to 2023-11-09T01:20:28.282638+00:00, run_after=2023-11-10T01:20:28.282638+00:00
[2023-11-09T20:20:28.293-0500] {processor.py:179} INFO - Processing /Users/az/anaconda3/envs/python38/lib/python3.8/site-packages/airflow/example_dags/example_setup_teardown.py took 0.147 seconds
[2023-11-09T20:22:29.021-0500] {processor.py:157} INFO - Started process (PID=57223) to work on /Users/az/anaconda3/envs/python38/lib/python3.8/site-packages/airflow/example_dags/example_setup_teardown.py
[2023-11-09T20:22:29.025-0500] {processor.py:829} INFO - Processing file /Users/az/anaconda3/envs/python38/lib/python3.8/site-packages/airflow/example_dags/example_setup_teardown.py for tasks to queue
[2023-11-09T20:22:29.026-0500] {logging_mixin.py:154} INFO - [2023-11-09T20:22:29.025-0500] {dagbag.py:536} INFO - Filling up the DagBag from /Users/az/anaconda3/envs/python38/lib/python3.8/site-packages/airflow/example_dags/example_setup_teardown.py
[2023-11-09T20:22:29.041-0500] {processor.py:839} INFO - DAG(s) dict_keys(['example_setup_teardown']) retrieved from /Users/az/anaconda3/envs/python38/lib/python3.8/site-packages/airflow/example_dags/example_setup_teardown.py
[2023-11-09T20:22:29.148-0500] {logging_mixin.py:154} INFO - [2023-11-09T20:22:29.148-0500] {dag.py:2941} INFO - Sync 1 DAGs
[2023-11-09T20:22:29.157-0500] {logging_mixin.py:154} INFO - [2023-11-09T20:22:29.157-0500] {dag.py:3722} INFO - Setting next_dagrun for example_setup_teardown to 2023-11-09T01:22:29.157131+00:00, run_after=2023-11-10T01:22:29.157131+00:00
[2023-11-09T20:22:29.167-0500] {processor.py:179} INFO - Processing /Users/az/anaconda3/envs/python38/lib/python3.8/site-packages/airflow/example_dags/example_setup_teardown.py took 0.147 seconds
[2023-11-09T20:24:26.867-0500] {processor.py:157} INFO - Started process (PID=57374) to work on /Users/az/anaconda3/envs/python38/lib/python3.8/site-packages/airflow/example_dags/example_setup_teardown.py
[2023-11-09T20:24:26.872-0500] {processor.py:829} INFO - Processing file /Users/az/anaconda3/envs/python38/lib/python3.8/site-packages/airflow/example_dags/example_setup_teardown.py for tasks to queue
[2023-11-09T20:24:26.872-0500] {logging_mixin.py:154} INFO - [2023-11-09T20:24:26.872-0500] {dagbag.py:536} INFO - Filling up the DagBag from /Users/az/anaconda3/envs/python38/lib/python3.8/site-packages/airflow/example_dags/example_setup_teardown.py
[2023-11-09T20:24:26.887-0500] {processor.py:839} INFO - DAG(s) dict_keys(['example_setup_teardown']) retrieved from /Users/az/anaconda3/envs/python38/lib/python3.8/site-packages/airflow/example_dags/example_setup_teardown.py
[2023-11-09T20:24:26.995-0500] {logging_mixin.py:154} INFO - [2023-11-09T20:24:26.995-0500] {dag.py:2941} INFO - Sync 1 DAGs
[2023-11-09T20:24:27.004-0500] {logging_mixin.py:154} INFO - [2023-11-09T20:24:27.004-0500] {dag.py:3722} INFO - Setting next_dagrun for example_setup_teardown to 2023-11-09T01:24:27.004680+00:00, run_after=2023-11-10T01:24:27.004680+00:00
[2023-11-09T20:24:27.015-0500] {processor.py:179} INFO - Processing /Users/az/anaconda3/envs/python38/lib/python3.8/site-packages/airflow/example_dags/example_setup_teardown.py took 0.148 seconds
[2023-11-09T20:26:24.942-0500] {processor.py:157} INFO - Started process (PID=57523) to work on /Users/az/anaconda3/envs/python38/lib/python3.8/site-packages/airflow/example_dags/example_setup_teardown.py
[2023-11-09T20:26:24.946-0500] {processor.py:829} INFO - Processing file /Users/az/anaconda3/envs/python38/lib/python3.8/site-packages/airflow/example_dags/example_setup_teardown.py for tasks to queue
[2023-11-09T20:26:24.946-0500] {logging_mixin.py:154} INFO - [2023-11-09T20:26:24.946-0500] {dagbag.py:536} INFO - Filling up the DagBag from /Users/az/anaconda3/envs/python38/lib/python3.8/site-packages/airflow/example_dags/example_setup_teardown.py
[2023-11-09T20:26:24.961-0500] {processor.py:839} INFO - DAG(s) dict_keys(['example_setup_teardown']) retrieved from /Users/az/anaconda3/envs/python38/lib/python3.8/site-packages/airflow/example_dags/example_setup_teardown.py
[2023-11-09T20:26:25.068-0500] {logging_mixin.py:154} INFO - [2023-11-09T20:26:25.068-0500] {dag.py:2941} INFO - Sync 1 DAGs
[2023-11-09T20:26:25.077-0500] {logging_mixin.py:154} INFO - [2023-11-09T20:26:25.077-0500] {dag.py:3722} INFO - Setting next_dagrun for example_setup_teardown to 2023-11-09T01:26:25.077688+00:00, run_after=2023-11-10T01:26:25.077688+00:00
[2023-11-09T20:26:25.087-0500] {processor.py:179} INFO - Processing /Users/az/anaconda3/envs/python38/lib/python3.8/site-packages/airflow/example_dags/example_setup_teardown.py took 0.146 seconds
[2023-11-09T20:45:50.731-0500] {processor.py:157} INFO - Started process (PID=57633) to work on /Users/az/anaconda3/envs/python38/lib/python3.8/site-packages/airflow/example_dags/example_setup_teardown.py
[2023-11-09T20:45:50.737-0500] {processor.py:829} INFO - Processing file /Users/az/anaconda3/envs/python38/lib/python3.8/site-packages/airflow/example_dags/example_setup_teardown.py for tasks to queue
[2023-11-09T20:45:50.737-0500] {logging_mixin.py:154} INFO - [2023-11-09T20:45:50.737-0500] {dagbag.py:536} INFO - Filling up the DagBag from /Users/az/anaconda3/envs/python38/lib/python3.8/site-packages/airflow/example_dags/example_setup_teardown.py
[2023-11-09T20:45:50.758-0500] {processor.py:839} INFO - DAG(s) dict_keys(['example_setup_teardown']) retrieved from /Users/az/anaconda3/envs/python38/lib/python3.8/site-packages/airflow/example_dags/example_setup_teardown.py
[2023-11-09T20:45:50.881-0500] {logging_mixin.py:154} INFO - [2023-11-09T20:45:50.880-0500] {dag.py:2941} INFO - Sync 1 DAGs
[2023-11-09T20:45:50.891-0500] {logging_mixin.py:154} INFO - [2023-11-09T20:45:50.891-0500] {dag.py:3722} INFO - Setting next_dagrun for example_setup_teardown to 2023-11-09T01:45:50.891027+00:00, run_after=2023-11-10T01:45:50.891027+00:00
[2023-11-09T20:45:50.902-0500] {processor.py:179} INFO - Processing /Users/az/anaconda3/envs/python38/lib/python3.8/site-packages/airflow/example_dags/example_setup_teardown.py took 0.172 seconds
[2023-11-09T20:47:12.965-0500] {processor.py:157} INFO - Started process (PID=57854) to work on /Users/az/anaconda3/envs/python38/lib/python3.8/site-packages/airflow/example_dags/example_setup_teardown.py
[2023-11-09T20:47:12.970-0500] {processor.py:829} INFO - Processing file /Users/az/anaconda3/envs/python38/lib/python3.8/site-packages/airflow/example_dags/example_setup_teardown.py for tasks to queue
[2023-11-09T20:47:12.970-0500] {logging_mixin.py:154} INFO - [2023-11-09T20:47:12.970-0500] {dagbag.py:536} INFO - Filling up the DagBag from /Users/az/anaconda3/envs/python38/lib/python3.8/site-packages/airflow/example_dags/example_setup_teardown.py
[2023-11-09T20:47:12.986-0500] {processor.py:839} INFO - DAG(s) dict_keys(['example_setup_teardown']) retrieved from /Users/az/anaconda3/envs/python38/lib/python3.8/site-packages/airflow/example_dags/example_setup_teardown.py
[2023-11-09T20:47:13.094-0500] {logging_mixin.py:154} INFO - [2023-11-09T20:47:13.094-0500] {dag.py:2941} INFO - Sync 1 DAGs
[2023-11-09T20:47:13.103-0500] {logging_mixin.py:154} INFO - [2023-11-09T20:47:13.103-0500] {dag.py:3722} INFO - Setting next_dagrun for example_setup_teardown to 2023-11-09T01:47:13.103549+00:00, run_after=2023-11-10T01:47:13.103549+00:00
[2023-11-09T20:47:13.113-0500] {processor.py:179} INFO - Processing /Users/az/anaconda3/envs/python38/lib/python3.8/site-packages/airflow/example_dags/example_setup_teardown.py took 0.149 seconds
[2023-11-09T20:49:08.300-0500] {processor.py:157} INFO - Started process (PID=57997) to work on /Users/az/anaconda3/envs/python38/lib/python3.8/site-packages/airflow/example_dags/example_setup_teardown.py
[2023-11-09T20:49:08.305-0500] {processor.py:829} INFO - Processing file /Users/az/anaconda3/envs/python38/lib/python3.8/site-packages/airflow/example_dags/example_setup_teardown.py for tasks to queue
[2023-11-09T20:49:08.306-0500] {logging_mixin.py:154} INFO - [2023-11-09T20:49:08.305-0500] {dagbag.py:536} INFO - Filling up the DagBag from /Users/az/anaconda3/envs/python38/lib/python3.8/site-packages/airflow/example_dags/example_setup_teardown.py
[2023-11-09T20:49:08.322-0500] {processor.py:839} INFO - DAG(s) dict_keys(['example_setup_teardown']) retrieved from /Users/az/anaconda3/envs/python38/lib/python3.8/site-packages/airflow/example_dags/example_setup_teardown.py
[2023-11-09T20:49:08.430-0500] {logging_mixin.py:154} INFO - [2023-11-09T20:49:08.430-0500] {dag.py:2941} INFO - Sync 1 DAGs
[2023-11-09T20:49:08.439-0500] {logging_mixin.py:154} INFO - [2023-11-09T20:49:08.439-0500] {dag.py:3722} INFO - Setting next_dagrun for example_setup_teardown to 2023-11-09T01:49:08.439287+00:00, run_after=2023-11-10T01:49:08.439287+00:00
[2023-11-09T20:49:08.449-0500] {processor.py:179} INFO - Processing /Users/az/anaconda3/envs/python38/lib/python3.8/site-packages/airflow/example_dags/example_setup_teardown.py took 0.149 seconds
[2023-11-09T20:51:06.252-0500] {processor.py:157} INFO - Started process (PID=58153) to work on /Users/az/anaconda3/envs/python38/lib/python3.8/site-packages/airflow/example_dags/example_setup_teardown.py
[2023-11-09T20:51:06.257-0500] {processor.py:829} INFO - Processing file /Users/az/anaconda3/envs/python38/lib/python3.8/site-packages/airflow/example_dags/example_setup_teardown.py for tasks to queue
[2023-11-09T20:51:06.257-0500] {logging_mixin.py:154} INFO - [2023-11-09T20:51:06.257-0500] {dagbag.py:536} INFO - Filling up the DagBag from /Users/az/anaconda3/envs/python38/lib/python3.8/site-packages/airflow/example_dags/example_setup_teardown.py
[2023-11-09T20:51:06.273-0500] {processor.py:839} INFO - DAG(s) dict_keys(['example_setup_teardown']) retrieved from /Users/az/anaconda3/envs/python38/lib/python3.8/site-packages/airflow/example_dags/example_setup_teardown.py
[2023-11-09T20:51:06.383-0500] {logging_mixin.py:154} INFO - [2023-11-09T20:51:06.383-0500] {dag.py:2941} INFO - Sync 1 DAGs
[2023-11-09T20:51:06.392-0500] {logging_mixin.py:154} INFO - [2023-11-09T20:51:06.392-0500] {dag.py:3722} INFO - Setting next_dagrun for example_setup_teardown to 2023-11-09T01:51:06.392383+00:00, run_after=2023-11-10T01:51:06.392383+00:00
[2023-11-09T20:51:06.402-0500] {processor.py:179} INFO - Processing /Users/az/anaconda3/envs/python38/lib/python3.8/site-packages/airflow/example_dags/example_setup_teardown.py took 0.150 seconds
[2023-11-09T20:53:12.143-0500] {processor.py:157} INFO - Started process (PID=58306) to work on /Users/az/anaconda3/envs/python38/lib/python3.8/site-packages/airflow/example_dags/example_setup_teardown.py
[2023-11-09T20:53:12.147-0500] {processor.py:829} INFO - Processing file /Users/az/anaconda3/envs/python38/lib/python3.8/site-packages/airflow/example_dags/example_setup_teardown.py for tasks to queue
[2023-11-09T20:53:12.147-0500] {logging_mixin.py:154} INFO - [2023-11-09T20:53:12.147-0500] {dagbag.py:536} INFO - Filling up the DagBag from /Users/az/anaconda3/envs/python38/lib/python3.8/site-packages/airflow/example_dags/example_setup_teardown.py
[2023-11-09T20:53:12.163-0500] {processor.py:839} INFO - DAG(s) dict_keys(['example_setup_teardown']) retrieved from /Users/az/anaconda3/envs/python38/lib/python3.8/site-packages/airflow/example_dags/example_setup_teardown.py
[2023-11-09T20:53:12.309-0500] {logging_mixin.py:154} INFO - [2023-11-09T20:53:12.309-0500] {dag.py:2941} INFO - Sync 1 DAGs
[2023-11-09T20:53:12.319-0500] {logging_mixin.py:154} INFO - [2023-11-09T20:53:12.319-0500] {dag.py:3722} INFO - Setting next_dagrun for example_setup_teardown to 2023-11-09T01:53:12.318940+00:00, run_after=2023-11-10T01:53:12.318940+00:00
[2023-11-09T20:53:12.359-0500] {processor.py:179} INFO - Processing /Users/az/anaconda3/envs/python38/lib/python3.8/site-packages/airflow/example_dags/example_setup_teardown.py took 0.216 seconds
[2023-11-09T20:55:30.063-0500] {processor.py:157} INFO - Started process (PID=58479) to work on /Users/az/anaconda3/envs/python38/lib/python3.8/site-packages/airflow/example_dags/example_setup_teardown.py
[2023-11-09T20:55:30.079-0500] {processor.py:829} INFO - Processing file /Users/az/anaconda3/envs/python38/lib/python3.8/site-packages/airflow/example_dags/example_setup_teardown.py for tasks to queue
[2023-11-09T20:55:30.080-0500] {logging_mixin.py:154} INFO - [2023-11-09T20:55:30.080-0500] {dagbag.py:536} INFO - Filling up the DagBag from /Users/az/anaconda3/envs/python38/lib/python3.8/site-packages/airflow/example_dags/example_setup_teardown.py
[2023-11-09T20:55:30.141-0500] {processor.py:839} INFO - DAG(s) dict_keys(['example_setup_teardown']) retrieved from /Users/az/anaconda3/envs/python38/lib/python3.8/site-packages/airflow/example_dags/example_setup_teardown.py
[2023-11-09T20:55:30.589-0500] {logging_mixin.py:154} INFO - [2023-11-09T20:55:30.587-0500] {dag.py:2941} INFO - Sync 1 DAGs
[2023-11-09T20:55:30.603-0500] {logging_mixin.py:154} INFO - [2023-11-09T20:55:30.603-0500] {dag.py:3722} INFO - Setting next_dagrun for example_setup_teardown to 2023-11-09T01:55:30.603112+00:00, run_after=2023-11-10T01:55:30.603112+00:00
[2023-11-09T20:55:30.637-0500] {processor.py:179} INFO - Processing /Users/az/anaconda3/envs/python38/lib/python3.8/site-packages/airflow/example_dags/example_setup_teardown.py took 0.586 seconds
[2023-11-09T20:57:39.089-0500] {processor.py:157} INFO - Started process (PID=58631) to work on /Users/az/anaconda3/envs/python38/lib/python3.8/site-packages/airflow/example_dags/example_setup_teardown.py
[2023-11-09T20:57:39.093-0500] {processor.py:829} INFO - Processing file /Users/az/anaconda3/envs/python38/lib/python3.8/site-packages/airflow/example_dags/example_setup_teardown.py for tasks to queue
[2023-11-09T20:57:39.094-0500] {logging_mixin.py:154} INFO - [2023-11-09T20:57:39.093-0500] {dagbag.py:536} INFO - Filling up the DagBag from /Users/az/anaconda3/envs/python38/lib/python3.8/site-packages/airflow/example_dags/example_setup_teardown.py
[2023-11-09T20:57:39.110-0500] {processor.py:839} INFO - DAG(s) dict_keys(['example_setup_teardown']) retrieved from /Users/az/anaconda3/envs/python38/lib/python3.8/site-packages/airflow/example_dags/example_setup_teardown.py
[2023-11-09T20:57:39.240-0500] {logging_mixin.py:154} INFO - [2023-11-09T20:57:39.240-0500] {dag.py:2941} INFO - Sync 1 DAGs
[2023-11-09T20:57:39.249-0500] {logging_mixin.py:154} INFO - [2023-11-09T20:57:39.249-0500] {dag.py:3722} INFO - Setting next_dagrun for example_setup_teardown to 2023-11-09T01:57:39.249722+00:00, run_after=2023-11-10T01:57:39.249722+00:00
[2023-11-09T20:57:39.276-0500] {processor.py:179} INFO - Processing /Users/az/anaconda3/envs/python38/lib/python3.8/site-packages/airflow/example_dags/example_setup_teardown.py took 0.187 seconds
[2023-11-09T20:59:50.864-0500] {processor.py:157} INFO - Started process (PID=58791) to work on /Users/az/anaconda3/envs/python38/lib/python3.8/site-packages/airflow/example_dags/example_setup_teardown.py
[2023-11-09T20:59:50.869-0500] {processor.py:829} INFO - Processing file /Users/az/anaconda3/envs/python38/lib/python3.8/site-packages/airflow/example_dags/example_setup_teardown.py for tasks to queue
[2023-11-09T20:59:50.869-0500] {logging_mixin.py:154} INFO - [2023-11-09T20:59:50.869-0500] {dagbag.py:536} INFO - Filling up the DagBag from /Users/az/anaconda3/envs/python38/lib/python3.8/site-packages/airflow/example_dags/example_setup_teardown.py
[2023-11-09T20:59:50.884-0500] {processor.py:839} INFO - DAG(s) dict_keys(['example_setup_teardown']) retrieved from /Users/az/anaconda3/envs/python38/lib/python3.8/site-packages/airflow/example_dags/example_setup_teardown.py
[2023-11-09T20:59:50.993-0500] {logging_mixin.py:154} INFO - [2023-11-09T20:59:50.992-0500] {dag.py:2941} INFO - Sync 1 DAGs
[2023-11-09T20:59:51.002-0500] {logging_mixin.py:154} INFO - [2023-11-09T20:59:51.001-0500] {dag.py:3722} INFO - Setting next_dagrun for example_setup_teardown to 2023-11-09T01:59:51.001881+00:00, run_after=2023-11-10T01:59:51.001881+00:00
[2023-11-09T20:59:51.011-0500] {processor.py:179} INFO - Processing /Users/az/anaconda3/envs/python38/lib/python3.8/site-packages/airflow/example_dags/example_setup_teardown.py took 0.148 seconds
[2023-11-09T21:02:04.803-0500] {processor.py:157} INFO - Started process (PID=58978) to work on /Users/az/anaconda3/envs/python38/lib/python3.8/site-packages/airflow/example_dags/example_setup_teardown.py
[2023-11-09T21:02:04.808-0500] {processor.py:829} INFO - Processing file /Users/az/anaconda3/envs/python38/lib/python3.8/site-packages/airflow/example_dags/example_setup_teardown.py for tasks to queue
[2023-11-09T21:02:04.808-0500] {logging_mixin.py:154} INFO - [2023-11-09T21:02:04.808-0500] {dagbag.py:536} INFO - Filling up the DagBag from /Users/az/anaconda3/envs/python38/lib/python3.8/site-packages/airflow/example_dags/example_setup_teardown.py
[2023-11-09T21:02:04.823-0500] {processor.py:839} INFO - DAG(s) dict_keys(['example_setup_teardown']) retrieved from /Users/az/anaconda3/envs/python38/lib/python3.8/site-packages/airflow/example_dags/example_setup_teardown.py
[2023-11-09T21:02:04.932-0500] {logging_mixin.py:154} INFO - [2023-11-09T21:02:04.932-0500] {dag.py:2941} INFO - Sync 1 DAGs
[2023-11-09T21:02:04.941-0500] {logging_mixin.py:154} INFO - [2023-11-09T21:02:04.941-0500] {dag.py:3722} INFO - Setting next_dagrun for example_setup_teardown to 2023-11-09T02:02:04.941028+00:00, run_after=2023-11-10T02:02:04.941028+00:00
[2023-11-09T21:02:04.951-0500] {processor.py:179} INFO - Processing /Users/az/anaconda3/envs/python38/lib/python3.8/site-packages/airflow/example_dags/example_setup_teardown.py took 0.148 seconds
[2023-11-09T21:04:06.817-0500] {processor.py:157} INFO - Started process (PID=59152) to work on /Users/az/anaconda3/envs/python38/lib/python3.8/site-packages/airflow/example_dags/example_setup_teardown.py
[2023-11-09T21:04:06.822-0500] {processor.py:829} INFO - Processing file /Users/az/anaconda3/envs/python38/lib/python3.8/site-packages/airflow/example_dags/example_setup_teardown.py for tasks to queue
[2023-11-09T21:04:06.822-0500] {logging_mixin.py:154} INFO - [2023-11-09T21:04:06.822-0500] {dagbag.py:536} INFO - Filling up the DagBag from /Users/az/anaconda3/envs/python38/lib/python3.8/site-packages/airflow/example_dags/example_setup_teardown.py
[2023-11-09T21:04:06.837-0500] {processor.py:839} INFO - DAG(s) dict_keys(['example_setup_teardown']) retrieved from /Users/az/anaconda3/envs/python38/lib/python3.8/site-packages/airflow/example_dags/example_setup_teardown.py
[2023-11-09T21:04:06.948-0500] {logging_mixin.py:154} INFO - [2023-11-09T21:04:06.948-0500] {dag.py:2941} INFO - Sync 1 DAGs
[2023-11-09T21:04:06.957-0500] {logging_mixin.py:154} INFO - [2023-11-09T21:04:06.957-0500] {dag.py:3722} INFO - Setting next_dagrun for example_setup_teardown to 2023-11-09T02:04:06.957745+00:00, run_after=2023-11-10T02:04:06.957745+00:00
[2023-11-09T21:04:06.968-0500] {processor.py:179} INFO - Processing /Users/az/anaconda3/envs/python38/lib/python3.8/site-packages/airflow/example_dags/example_setup_teardown.py took 0.151 seconds
[2023-11-09T21:06:07.810-0500] {processor.py:157} INFO - Started process (PID=59312) to work on /Users/az/anaconda3/envs/python38/lib/python3.8/site-packages/airflow/example_dags/example_setup_teardown.py
[2023-11-09T21:06:07.815-0500] {processor.py:829} INFO - Processing file /Users/az/anaconda3/envs/python38/lib/python3.8/site-packages/airflow/example_dags/example_setup_teardown.py for tasks to queue
[2023-11-09T21:06:07.815-0500] {logging_mixin.py:154} INFO - [2023-11-09T21:06:07.815-0500] {dagbag.py:536} INFO - Filling up the DagBag from /Users/az/anaconda3/envs/python38/lib/python3.8/site-packages/airflow/example_dags/example_setup_teardown.py
[2023-11-09T21:06:07.833-0500] {processor.py:839} INFO - DAG(s) dict_keys(['example_setup_teardown']) retrieved from /Users/az/anaconda3/envs/python38/lib/python3.8/site-packages/airflow/example_dags/example_setup_teardown.py
[2023-11-09T21:06:07.954-0500] {logging_mixin.py:154} INFO - [2023-11-09T21:06:07.954-0500] {dag.py:2941} INFO - Sync 1 DAGs
[2023-11-09T21:06:07.964-0500] {logging_mixin.py:154} INFO - [2023-11-09T21:06:07.964-0500] {dag.py:3722} INFO - Setting next_dagrun for example_setup_teardown to 2023-11-09T02:06:07.964156+00:00, run_after=2023-11-10T02:06:07.964156+00:00
[2023-11-09T21:06:07.976-0500] {processor.py:179} INFO - Processing /Users/az/anaconda3/envs/python38/lib/python3.8/site-packages/airflow/example_dags/example_setup_teardown.py took 0.166 seconds
[2023-11-09T21:08:05.168-0500] {processor.py:157} INFO - Started process (PID=59455) to work on /Users/az/anaconda3/envs/python38/lib/python3.8/site-packages/airflow/example_dags/example_setup_teardown.py
[2023-11-09T21:08:05.173-0500] {processor.py:829} INFO - Processing file /Users/az/anaconda3/envs/python38/lib/python3.8/site-packages/airflow/example_dags/example_setup_teardown.py for tasks to queue
[2023-11-09T21:08:05.173-0500] {logging_mixin.py:154} INFO - [2023-11-09T21:08:05.173-0500] {dagbag.py:536} INFO - Filling up the DagBag from /Users/az/anaconda3/envs/python38/lib/python3.8/site-packages/airflow/example_dags/example_setup_teardown.py
[2023-11-09T21:08:05.188-0500] {processor.py:839} INFO - DAG(s) dict_keys(['example_setup_teardown']) retrieved from /Users/az/anaconda3/envs/python38/lib/python3.8/site-packages/airflow/example_dags/example_setup_teardown.py
[2023-11-09T21:08:05.295-0500] {logging_mixin.py:154} INFO - [2023-11-09T21:08:05.295-0500] {dag.py:2941} INFO - Sync 1 DAGs
[2023-11-09T21:08:05.304-0500] {logging_mixin.py:154} INFO - [2023-11-09T21:08:05.304-0500] {dag.py:3722} INFO - Setting next_dagrun for example_setup_teardown to 2023-11-09T02:08:05.304340+00:00, run_after=2023-11-10T02:08:05.304340+00:00
[2023-11-09T21:08:05.314-0500] {processor.py:179} INFO - Processing /Users/az/anaconda3/envs/python38/lib/python3.8/site-packages/airflow/example_dags/example_setup_teardown.py took 0.147 seconds
[2023-11-09T21:10:09.003-0500] {processor.py:157} INFO - Started process (PID=59620) to work on /Users/az/anaconda3/envs/python38/lib/python3.8/site-packages/airflow/example_dags/example_setup_teardown.py
[2023-11-09T21:10:09.008-0500] {processor.py:829} INFO - Processing file /Users/az/anaconda3/envs/python38/lib/python3.8/site-packages/airflow/example_dags/example_setup_teardown.py for tasks to queue
[2023-11-09T21:10:09.008-0500] {logging_mixin.py:154} INFO - [2023-11-09T21:10:09.008-0500] {dagbag.py:536} INFO - Filling up the DagBag from /Users/az/anaconda3/envs/python38/lib/python3.8/site-packages/airflow/example_dags/example_setup_teardown.py
[2023-11-09T21:10:09.023-0500] {processor.py:839} INFO - DAG(s) dict_keys(['example_setup_teardown']) retrieved from /Users/az/anaconda3/envs/python38/lib/python3.8/site-packages/airflow/example_dags/example_setup_teardown.py
[2023-11-09T21:10:09.133-0500] {logging_mixin.py:154} INFO - [2023-11-09T21:10:09.133-0500] {dag.py:2941} INFO - Sync 1 DAGs
[2023-11-09T21:10:09.151-0500] {logging_mixin.py:154} INFO - [2023-11-09T21:10:09.151-0500] {dag.py:3722} INFO - Setting next_dagrun for example_setup_teardown to 2023-11-09T02:10:09.151047+00:00, run_after=2023-11-10T02:10:09.151047+00:00
[2023-11-09T21:10:09.161-0500] {processor.py:179} INFO - Processing /Users/az/anaconda3/envs/python38/lib/python3.8/site-packages/airflow/example_dags/example_setup_teardown.py took 0.159 seconds
[2023-11-09T21:12:09.058-0500] {processor.py:157} INFO - Started process (PID=59768) to work on /Users/az/anaconda3/envs/python38/lib/python3.8/site-packages/airflow/example_dags/example_setup_teardown.py
[2023-11-09T21:12:09.063-0500] {processor.py:829} INFO - Processing file /Users/az/anaconda3/envs/python38/lib/python3.8/site-packages/airflow/example_dags/example_setup_teardown.py for tasks to queue
[2023-11-09T21:12:09.063-0500] {logging_mixin.py:154} INFO - [2023-11-09T21:12:09.063-0500] {dagbag.py:536} INFO - Filling up the DagBag from /Users/az/anaconda3/envs/python38/lib/python3.8/site-packages/airflow/example_dags/example_setup_teardown.py
[2023-11-09T21:12:09.078-0500] {processor.py:839} INFO - DAG(s) dict_keys(['example_setup_teardown']) retrieved from /Users/az/anaconda3/envs/python38/lib/python3.8/site-packages/airflow/example_dags/example_setup_teardown.py
[2023-11-09T21:12:09.188-0500] {logging_mixin.py:154} INFO - [2023-11-09T21:12:09.188-0500] {dag.py:2941} INFO - Sync 1 DAGs
[2023-11-09T21:12:09.197-0500] {logging_mixin.py:154} INFO - [2023-11-09T21:12:09.197-0500] {dag.py:3722} INFO - Setting next_dagrun for example_setup_teardown to 2023-11-09T02:12:09.197543+00:00, run_after=2023-11-10T02:12:09.197543+00:00
[2023-11-09T21:12:09.207-0500] {processor.py:179} INFO - Processing /Users/az/anaconda3/envs/python38/lib/python3.8/site-packages/airflow/example_dags/example_setup_teardown.py took 0.150 seconds
[2023-11-09T21:14:09.363-0500] {processor.py:157} INFO - Started process (PID=59918) to work on /Users/az/anaconda3/envs/python38/lib/python3.8/site-packages/airflow/example_dags/example_setup_teardown.py
[2023-11-09T21:14:09.368-0500] {processor.py:829} INFO - Processing file /Users/az/anaconda3/envs/python38/lib/python3.8/site-packages/airflow/example_dags/example_setup_teardown.py for tasks to queue
[2023-11-09T21:14:09.368-0500] {logging_mixin.py:154} INFO - [2023-11-09T21:14:09.368-0500] {dagbag.py:536} INFO - Filling up the DagBag from /Users/az/anaconda3/envs/python38/lib/python3.8/site-packages/airflow/example_dags/example_setup_teardown.py
[2023-11-09T21:14:09.384-0500] {processor.py:839} INFO - DAG(s) dict_keys(['example_setup_teardown']) retrieved from /Users/az/anaconda3/envs/python38/lib/python3.8/site-packages/airflow/example_dags/example_setup_teardown.py
[2023-11-09T21:14:09.493-0500] {logging_mixin.py:154} INFO - [2023-11-09T21:14:09.493-0500] {dag.py:2941} INFO - Sync 1 DAGs
[2023-11-09T21:14:09.502-0500] {logging_mixin.py:154} INFO - [2023-11-09T21:14:09.502-0500] {dag.py:3722} INFO - Setting next_dagrun for example_setup_teardown to 2023-11-09T02:14:09.502327+00:00, run_after=2023-11-10T02:14:09.502327+00:00
[2023-11-09T21:14:09.512-0500] {processor.py:179} INFO - Processing /Users/az/anaconda3/envs/python38/lib/python3.8/site-packages/airflow/example_dags/example_setup_teardown.py took 0.150 seconds
