[2023-11-09T19:00:17.317-0500] {processor.py:157} INFO - Started process (PID=48783) to work on /Users/az/anaconda3/envs/python38/lib/python3.8/site-packages/airflow/example_dags/example_branch_operator_decorator.py
[2023-11-09T19:00:17.321-0500] {processor.py:829} INFO - Processing file /Users/az/anaconda3/envs/python38/lib/python3.8/site-packages/airflow/example_dags/example_branch_operator_decorator.py for tasks to queue
[2023-11-09T19:00:17.321-0500] {logging_mixin.py:154} INFO - [2023-11-09T19:00:17.321-0500] {dagbag.py:536} INFO - Filling up the DagBag from /Users/az/anaconda3/envs/python38/lib/python3.8/site-packages/airflow/example_dags/example_branch_operator_decorator.py
[2023-11-09T19:00:17.356-0500] {processor.py:839} INFO - DAG(s) dict_keys(['example_branch_python_operator_decorator']) retrieved from /Users/az/anaconda3/envs/python38/lib/python3.8/site-packages/airflow/example_dags/example_branch_operator_decorator.py
[2023-11-09T19:00:17.460-0500] {logging_mixin.py:154} INFO - [2023-11-09T19:00:17.459-0500] {dag.py:2941} INFO - Sync 1 DAGs
[2023-11-09T19:00:17.470-0500] {logging_mixin.py:154} INFO - [2023-11-09T19:00:17.470-0500] {dag.py:3722} INFO - Setting next_dagrun for example_branch_python_operator_decorator to 2023-11-09T00:00:00+00:00, run_after=2023-11-10T00:00:00+00:00
[2023-11-09T19:00:17.480-0500] {processor.py:179} INFO - Processing /Users/az/anaconda3/envs/python38/lib/python3.8/site-packages/airflow/example_dags/example_branch_operator_decorator.py took 0.163 seconds
[2023-11-09T19:02:21.022-0500] {processor.py:157} INFO - Started process (PID=48936) to work on /Users/az/anaconda3/envs/python38/lib/python3.8/site-packages/airflow/example_dags/example_branch_operator_decorator.py
[2023-11-09T19:02:21.026-0500] {processor.py:829} INFO - Processing file /Users/az/anaconda3/envs/python38/lib/python3.8/site-packages/airflow/example_dags/example_branch_operator_decorator.py for tasks to queue
[2023-11-09T19:02:21.027-0500] {logging_mixin.py:154} INFO - [2023-11-09T19:02:21.026-0500] {dagbag.py:536} INFO - Filling up the DagBag from /Users/az/anaconda3/envs/python38/lib/python3.8/site-packages/airflow/example_dags/example_branch_operator_decorator.py
[2023-11-09T19:02:21.061-0500] {processor.py:839} INFO - DAG(s) dict_keys(['example_branch_python_operator_decorator']) retrieved from /Users/az/anaconda3/envs/python38/lib/python3.8/site-packages/airflow/example_dags/example_branch_operator_decorator.py
[2023-11-09T19:02:21.164-0500] {logging_mixin.py:154} INFO - [2023-11-09T19:02:21.164-0500] {dag.py:2941} INFO - Sync 1 DAGs
[2023-11-09T19:02:21.175-0500] {logging_mixin.py:154} INFO - [2023-11-09T19:02:21.175-0500] {dag.py:3722} INFO - Setting next_dagrun for example_branch_python_operator_decorator to 2023-11-09T00:00:00+00:00, run_after=2023-11-10T00:00:00+00:00
[2023-11-09T19:02:21.185-0500] {processor.py:179} INFO - Processing /Users/az/anaconda3/envs/python38/lib/python3.8/site-packages/airflow/example_dags/example_branch_operator_decorator.py took 0.164 seconds
[2023-11-09T19:04:29.531-0500] {processor.py:157} INFO - Started process (PID=49096) to work on /Users/az/anaconda3/envs/python38/lib/python3.8/site-packages/airflow/example_dags/example_branch_operator_decorator.py
[2023-11-09T19:04:29.535-0500] {processor.py:829} INFO - Processing file /Users/az/anaconda3/envs/python38/lib/python3.8/site-packages/airflow/example_dags/example_branch_operator_decorator.py for tasks to queue
[2023-11-09T19:04:29.536-0500] {logging_mixin.py:154} INFO - [2023-11-09T19:04:29.535-0500] {dagbag.py:536} INFO - Filling up the DagBag from /Users/az/anaconda3/envs/python38/lib/python3.8/site-packages/airflow/example_dags/example_branch_operator_decorator.py
[2023-11-09T19:04:29.574-0500] {processor.py:839} INFO - DAG(s) dict_keys(['example_branch_python_operator_decorator']) retrieved from /Users/az/anaconda3/envs/python38/lib/python3.8/site-packages/airflow/example_dags/example_branch_operator_decorator.py
[2023-11-09T19:04:29.722-0500] {logging_mixin.py:154} INFO - [2023-11-09T19:04:29.721-0500] {dag.py:2941} INFO - Sync 1 DAGs
[2023-11-09T19:04:29.735-0500] {logging_mixin.py:154} INFO - [2023-11-09T19:04:29.735-0500] {dag.py:3722} INFO - Setting next_dagrun for example_branch_python_operator_decorator to 2023-11-09T00:00:00+00:00, run_after=2023-11-10T00:00:00+00:00
[2023-11-09T19:04:29.746-0500] {processor.py:179} INFO - Processing /Users/az/anaconda3/envs/python38/lib/python3.8/site-packages/airflow/example_dags/example_branch_operator_decorator.py took 0.215 seconds
[2023-11-09T19:06:28.875-0500] {processor.py:157} INFO - Started process (PID=49247) to work on /Users/az/anaconda3/envs/python38/lib/python3.8/site-packages/airflow/example_dags/example_branch_operator_decorator.py
[2023-11-09T19:06:28.880-0500] {processor.py:829} INFO - Processing file /Users/az/anaconda3/envs/python38/lib/python3.8/site-packages/airflow/example_dags/example_branch_operator_decorator.py for tasks to queue
[2023-11-09T19:06:28.880-0500] {logging_mixin.py:154} INFO - [2023-11-09T19:06:28.880-0500] {dagbag.py:536} INFO - Filling up the DagBag from /Users/az/anaconda3/envs/python38/lib/python3.8/site-packages/airflow/example_dags/example_branch_operator_decorator.py
[2023-11-09T19:06:28.914-0500] {processor.py:839} INFO - DAG(s) dict_keys(['example_branch_python_operator_decorator']) retrieved from /Users/az/anaconda3/envs/python38/lib/python3.8/site-packages/airflow/example_dags/example_branch_operator_decorator.py
[2023-11-09T19:06:29.018-0500] {logging_mixin.py:154} INFO - [2023-11-09T19:06:29.018-0500] {dag.py:2941} INFO - Sync 1 DAGs
[2023-11-09T19:06:29.028-0500] {logging_mixin.py:154} INFO - [2023-11-09T19:06:29.028-0500] {dag.py:3722} INFO - Setting next_dagrun for example_branch_python_operator_decorator to 2023-11-09T00:00:00+00:00, run_after=2023-11-10T00:00:00+00:00
[2023-11-09T19:06:29.038-0500] {processor.py:179} INFO - Processing /Users/az/anaconda3/envs/python38/lib/python3.8/site-packages/airflow/example_dags/example_branch_operator_decorator.py took 0.164 seconds
[2023-11-09T19:08:29.801-0500] {processor.py:157} INFO - Started process (PID=49394) to work on /Users/az/anaconda3/envs/python38/lib/python3.8/site-packages/airflow/example_dags/example_branch_operator_decorator.py
[2023-11-09T19:08:29.805-0500] {processor.py:829} INFO - Processing file /Users/az/anaconda3/envs/python38/lib/python3.8/site-packages/airflow/example_dags/example_branch_operator_decorator.py for tasks to queue
[2023-11-09T19:08:29.805-0500] {logging_mixin.py:154} INFO - [2023-11-09T19:08:29.805-0500] {dagbag.py:536} INFO - Filling up the DagBag from /Users/az/anaconda3/envs/python38/lib/python3.8/site-packages/airflow/example_dags/example_branch_operator_decorator.py
[2023-11-09T19:08:29.843-0500] {processor.py:839} INFO - DAG(s) dict_keys(['example_branch_python_operator_decorator']) retrieved from /Users/az/anaconda3/envs/python38/lib/python3.8/site-packages/airflow/example_dags/example_branch_operator_decorator.py
[2023-11-09T19:08:29.958-0500] {logging_mixin.py:154} INFO - [2023-11-09T19:08:29.958-0500] {dag.py:2941} INFO - Sync 1 DAGs
[2023-11-09T19:08:29.968-0500] {logging_mixin.py:154} INFO - [2023-11-09T19:08:29.968-0500] {dag.py:3722} INFO - Setting next_dagrun for example_branch_python_operator_decorator to 2023-11-09T00:00:00+00:00, run_after=2023-11-10T00:00:00+00:00
[2023-11-09T19:08:29.978-0500] {processor.py:179} INFO - Processing /Users/az/anaconda3/envs/python38/lib/python3.8/site-packages/airflow/example_dags/example_branch_operator_decorator.py took 0.178 seconds
[2023-11-09T19:10:30.001-0500] {processor.py:157} INFO - Started process (PID=49540) to work on /Users/az/anaconda3/envs/python38/lib/python3.8/site-packages/airflow/example_dags/example_branch_operator_decorator.py
[2023-11-09T19:10:30.005-0500] {processor.py:829} INFO - Processing file /Users/az/anaconda3/envs/python38/lib/python3.8/site-packages/airflow/example_dags/example_branch_operator_decorator.py for tasks to queue
[2023-11-09T19:10:30.005-0500] {logging_mixin.py:154} INFO - [2023-11-09T19:10:30.005-0500] {dagbag.py:536} INFO - Filling up the DagBag from /Users/az/anaconda3/envs/python38/lib/python3.8/site-packages/airflow/example_dags/example_branch_operator_decorator.py
[2023-11-09T19:10:30.063-0500] {processor.py:839} INFO - DAG(s) dict_keys(['example_branch_python_operator_decorator']) retrieved from /Users/az/anaconda3/envs/python38/lib/python3.8/site-packages/airflow/example_dags/example_branch_operator_decorator.py
[2023-11-09T19:10:30.179-0500] {logging_mixin.py:154} INFO - [2023-11-09T19:10:30.179-0500] {dag.py:2941} INFO - Sync 1 DAGs
[2023-11-09T19:10:30.198-0500] {logging_mixin.py:154} INFO - [2023-11-09T19:10:30.198-0500] {dag.py:3722} INFO - Setting next_dagrun for example_branch_python_operator_decorator to 2023-11-09T00:00:00+00:00, run_after=2023-11-10T00:00:00+00:00
[2023-11-09T19:10:30.210-0500] {processor.py:179} INFO - Processing /Users/az/anaconda3/envs/python38/lib/python3.8/site-packages/airflow/example_dags/example_branch_operator_decorator.py took 0.210 seconds
[2023-11-09T19:12:31.062-0500] {processor.py:157} INFO - Started process (PID=49695) to work on /Users/az/anaconda3/envs/python38/lib/python3.8/site-packages/airflow/example_dags/example_branch_operator_decorator.py
[2023-11-09T19:12:31.066-0500] {processor.py:829} INFO - Processing file /Users/az/anaconda3/envs/python38/lib/python3.8/site-packages/airflow/example_dags/example_branch_operator_decorator.py for tasks to queue
[2023-11-09T19:12:31.067-0500] {logging_mixin.py:154} INFO - [2023-11-09T19:12:31.067-0500] {dagbag.py:536} INFO - Filling up the DagBag from /Users/az/anaconda3/envs/python38/lib/python3.8/site-packages/airflow/example_dags/example_branch_operator_decorator.py
[2023-11-09T19:12:31.101-0500] {processor.py:839} INFO - DAG(s) dict_keys(['example_branch_python_operator_decorator']) retrieved from /Users/az/anaconda3/envs/python38/lib/python3.8/site-packages/airflow/example_dags/example_branch_operator_decorator.py
[2023-11-09T19:12:31.205-0500] {logging_mixin.py:154} INFO - [2023-11-09T19:12:31.204-0500] {dag.py:2941} INFO - Sync 1 DAGs
[2023-11-09T19:12:31.215-0500] {logging_mixin.py:154} INFO - [2023-11-09T19:12:31.215-0500] {dag.py:3722} INFO - Setting next_dagrun for example_branch_python_operator_decorator to 2023-11-09T00:00:00+00:00, run_after=2023-11-10T00:00:00+00:00
[2023-11-09T19:12:31.225-0500] {processor.py:179} INFO - Processing /Users/az/anaconda3/envs/python38/lib/python3.8/site-packages/airflow/example_dags/example_branch_operator_decorator.py took 0.163 seconds
[2023-11-09T19:14:27.256-0500] {processor.py:157} INFO - Started process (PID=49847) to work on /Users/az/anaconda3/envs/python38/lib/python3.8/site-packages/airflow/example_dags/example_branch_operator_decorator.py
[2023-11-09T19:14:27.261-0500] {processor.py:829} INFO - Processing file /Users/az/anaconda3/envs/python38/lib/python3.8/site-packages/airflow/example_dags/example_branch_operator_decorator.py for tasks to queue
[2023-11-09T19:14:27.261-0500] {logging_mixin.py:154} INFO - [2023-11-09T19:14:27.261-0500] {dagbag.py:536} INFO - Filling up the DagBag from /Users/az/anaconda3/envs/python38/lib/python3.8/site-packages/airflow/example_dags/example_branch_operator_decorator.py
[2023-11-09T19:14:27.295-0500] {processor.py:839} INFO - DAG(s) dict_keys(['example_branch_python_operator_decorator']) retrieved from /Users/az/anaconda3/envs/python38/lib/python3.8/site-packages/airflow/example_dags/example_branch_operator_decorator.py
[2023-11-09T19:14:27.398-0500] {logging_mixin.py:154} INFO - [2023-11-09T19:14:27.398-0500] {dag.py:2941} INFO - Sync 1 DAGs
[2023-11-09T19:14:27.409-0500] {logging_mixin.py:154} INFO - [2023-11-09T19:14:27.409-0500] {dag.py:3722} INFO - Setting next_dagrun for example_branch_python_operator_decorator to 2023-11-09T00:00:00+00:00, run_after=2023-11-10T00:00:00+00:00
[2023-11-09T19:14:27.419-0500] {processor.py:179} INFO - Processing /Users/az/anaconda3/envs/python38/lib/python3.8/site-packages/airflow/example_dags/example_branch_operator_decorator.py took 0.163 seconds
[2023-11-09T19:16:27.900-0500] {processor.py:157} INFO - Started process (PID=49992) to work on /Users/az/anaconda3/envs/python38/lib/python3.8/site-packages/airflow/example_dags/example_branch_operator_decorator.py
[2023-11-09T19:16:27.905-0500] {processor.py:829} INFO - Processing file /Users/az/anaconda3/envs/python38/lib/python3.8/site-packages/airflow/example_dags/example_branch_operator_decorator.py for tasks to queue
[2023-11-09T19:16:27.905-0500] {logging_mixin.py:154} INFO - [2023-11-09T19:16:27.905-0500] {dagbag.py:536} INFO - Filling up the DagBag from /Users/az/anaconda3/envs/python38/lib/python3.8/site-packages/airflow/example_dags/example_branch_operator_decorator.py
[2023-11-09T19:16:27.939-0500] {processor.py:839} INFO - DAG(s) dict_keys(['example_branch_python_operator_decorator']) retrieved from /Users/az/anaconda3/envs/python38/lib/python3.8/site-packages/airflow/example_dags/example_branch_operator_decorator.py
[2023-11-09T19:16:28.043-0500] {logging_mixin.py:154} INFO - [2023-11-09T19:16:28.043-0500] {dag.py:2941} INFO - Sync 1 DAGs
[2023-11-09T19:16:28.054-0500] {logging_mixin.py:154} INFO - [2023-11-09T19:16:28.054-0500] {dag.py:3722} INFO - Setting next_dagrun for example_branch_python_operator_decorator to 2023-11-09T00:00:00+00:00, run_after=2023-11-10T00:00:00+00:00
[2023-11-09T19:16:28.064-0500] {processor.py:179} INFO - Processing /Users/az/anaconda3/envs/python38/lib/python3.8/site-packages/airflow/example_dags/example_branch_operator_decorator.py took 0.164 seconds
[2023-11-09T19:18:40.068-0500] {processor.py:157} INFO - Started process (PID=50153) to work on /Users/az/anaconda3/envs/python38/lib/python3.8/site-packages/airflow/example_dags/example_branch_operator_decorator.py
[2023-11-09T19:18:40.073-0500] {processor.py:829} INFO - Processing file /Users/az/anaconda3/envs/python38/lib/python3.8/site-packages/airflow/example_dags/example_branch_operator_decorator.py for tasks to queue
[2023-11-09T19:18:40.073-0500] {logging_mixin.py:154} INFO - [2023-11-09T19:18:40.073-0500] {dagbag.py:536} INFO - Filling up the DagBag from /Users/az/anaconda3/envs/python38/lib/python3.8/site-packages/airflow/example_dags/example_branch_operator_decorator.py
[2023-11-09T19:18:40.107-0500] {processor.py:839} INFO - DAG(s) dict_keys(['example_branch_python_operator_decorator']) retrieved from /Users/az/anaconda3/envs/python38/lib/python3.8/site-packages/airflow/example_dags/example_branch_operator_decorator.py
[2023-11-09T19:18:40.210-0500] {logging_mixin.py:154} INFO - [2023-11-09T19:18:40.210-0500] {dag.py:2941} INFO - Sync 1 DAGs
[2023-11-09T19:18:40.221-0500] {logging_mixin.py:154} INFO - [2023-11-09T19:18:40.221-0500] {dag.py:3722} INFO - Setting next_dagrun for example_branch_python_operator_decorator to 2023-11-09T00:00:00+00:00, run_after=2023-11-10T00:00:00+00:00
[2023-11-09T19:18:40.231-0500] {processor.py:179} INFO - Processing /Users/az/anaconda3/envs/python38/lib/python3.8/site-packages/airflow/example_dags/example_branch_operator_decorator.py took 0.163 seconds
[2023-11-09T19:20:42.120-0500] {processor.py:157} INFO - Started process (PID=50306) to work on /Users/az/anaconda3/envs/python38/lib/python3.8/site-packages/airflow/example_dags/example_branch_operator_decorator.py
[2023-11-09T19:20:42.125-0500] {processor.py:829} INFO - Processing file /Users/az/anaconda3/envs/python38/lib/python3.8/site-packages/airflow/example_dags/example_branch_operator_decorator.py for tasks to queue
[2023-11-09T19:20:42.125-0500] {logging_mixin.py:154} INFO - [2023-11-09T19:20:42.125-0500] {dagbag.py:536} INFO - Filling up the DagBag from /Users/az/anaconda3/envs/python38/lib/python3.8/site-packages/airflow/example_dags/example_branch_operator_decorator.py
[2023-11-09T19:20:42.159-0500] {processor.py:839} INFO - DAG(s) dict_keys(['example_branch_python_operator_decorator']) retrieved from /Users/az/anaconda3/envs/python38/lib/python3.8/site-packages/airflow/example_dags/example_branch_operator_decorator.py
[2023-11-09T19:20:42.262-0500] {logging_mixin.py:154} INFO - [2023-11-09T19:20:42.261-0500] {dag.py:2941} INFO - Sync 1 DAGs
[2023-11-09T19:20:42.272-0500] {logging_mixin.py:154} INFO - [2023-11-09T19:20:42.272-0500] {dag.py:3722} INFO - Setting next_dagrun for example_branch_python_operator_decorator to 2023-11-09T00:00:00+00:00, run_after=2023-11-10T00:00:00+00:00
[2023-11-09T19:20:42.282-0500] {processor.py:179} INFO - Processing /Users/az/anaconda3/envs/python38/lib/python3.8/site-packages/airflow/example_dags/example_branch_operator_decorator.py took 0.163 seconds
[2023-11-09T19:22:50.283-0500] {processor.py:157} INFO - Started process (PID=50467) to work on /Users/az/anaconda3/envs/python38/lib/python3.8/site-packages/airflow/example_dags/example_branch_operator_decorator.py
[2023-11-09T19:22:50.287-0500] {processor.py:829} INFO - Processing file /Users/az/anaconda3/envs/python38/lib/python3.8/site-packages/airflow/example_dags/example_branch_operator_decorator.py for tasks to queue
[2023-11-09T19:22:50.287-0500] {logging_mixin.py:154} INFO - [2023-11-09T19:22:50.287-0500] {dagbag.py:536} INFO - Filling up the DagBag from /Users/az/anaconda3/envs/python38/lib/python3.8/site-packages/airflow/example_dags/example_branch_operator_decorator.py
[2023-11-09T19:22:50.321-0500] {processor.py:839} INFO - DAG(s) dict_keys(['example_branch_python_operator_decorator']) retrieved from /Users/az/anaconda3/envs/python38/lib/python3.8/site-packages/airflow/example_dags/example_branch_operator_decorator.py
[2023-11-09T19:22:50.425-0500] {logging_mixin.py:154} INFO - [2023-11-09T19:22:50.425-0500] {dag.py:2941} INFO - Sync 1 DAGs
[2023-11-09T19:22:50.436-0500] {logging_mixin.py:154} INFO - [2023-11-09T19:22:50.436-0500] {dag.py:3722} INFO - Setting next_dagrun for example_branch_python_operator_decorator to 2023-11-09T00:00:00+00:00, run_after=2023-11-10T00:00:00+00:00
[2023-11-09T19:22:50.446-0500] {processor.py:179} INFO - Processing /Users/az/anaconda3/envs/python38/lib/python3.8/site-packages/airflow/example_dags/example_branch_operator_decorator.py took 0.163 seconds
[2023-11-09T19:25:00.531-0500] {processor.py:157} INFO - Started process (PID=50634) to work on /Users/az/anaconda3/envs/python38/lib/python3.8/site-packages/airflow/example_dags/example_branch_operator_decorator.py
[2023-11-09T19:25:00.536-0500] {processor.py:829} INFO - Processing file /Users/az/anaconda3/envs/python38/lib/python3.8/site-packages/airflow/example_dags/example_branch_operator_decorator.py for tasks to queue
[2023-11-09T19:25:00.536-0500] {logging_mixin.py:154} INFO - [2023-11-09T19:25:00.536-0500] {dagbag.py:536} INFO - Filling up the DagBag from /Users/az/anaconda3/envs/python38/lib/python3.8/site-packages/airflow/example_dags/example_branch_operator_decorator.py
[2023-11-09T19:25:00.570-0500] {processor.py:839} INFO - DAG(s) dict_keys(['example_branch_python_operator_decorator']) retrieved from /Users/az/anaconda3/envs/python38/lib/python3.8/site-packages/airflow/example_dags/example_branch_operator_decorator.py
[2023-11-09T19:25:00.673-0500] {logging_mixin.py:154} INFO - [2023-11-09T19:25:00.673-0500] {dag.py:2941} INFO - Sync 1 DAGs
[2023-11-09T19:25:00.683-0500] {logging_mixin.py:154} INFO - [2023-11-09T19:25:00.683-0500] {dag.py:3722} INFO - Setting next_dagrun for example_branch_python_operator_decorator to 2023-11-09T00:00:00+00:00, run_after=2023-11-10T00:00:00+00:00
[2023-11-09T19:25:00.694-0500] {processor.py:179} INFO - Processing /Users/az/anaconda3/envs/python38/lib/python3.8/site-packages/airflow/example_dags/example_branch_operator_decorator.py took 0.163 seconds
[2023-11-09T19:27:09.320-0500] {processor.py:157} INFO - Started process (PID=50805) to work on /Users/az/anaconda3/envs/python38/lib/python3.8/site-packages/airflow/example_dags/example_branch_operator_decorator.py
[2023-11-09T19:27:09.325-0500] {processor.py:829} INFO - Processing file /Users/az/anaconda3/envs/python38/lib/python3.8/site-packages/airflow/example_dags/example_branch_operator_decorator.py for tasks to queue
[2023-11-09T19:27:09.325-0500] {logging_mixin.py:154} INFO - [2023-11-09T19:27:09.325-0500] {dagbag.py:536} INFO - Filling up the DagBag from /Users/az/anaconda3/envs/python38/lib/python3.8/site-packages/airflow/example_dags/example_branch_operator_decorator.py
[2023-11-09T19:27:09.358-0500] {processor.py:839} INFO - DAG(s) dict_keys(['example_branch_python_operator_decorator']) retrieved from /Users/az/anaconda3/envs/python38/lib/python3.8/site-packages/airflow/example_dags/example_branch_operator_decorator.py
[2023-11-09T19:27:09.462-0500] {logging_mixin.py:154} INFO - [2023-11-09T19:27:09.462-0500] {dag.py:2941} INFO - Sync 1 DAGs
[2023-11-09T19:27:09.473-0500] {logging_mixin.py:154} INFO - [2023-11-09T19:27:09.473-0500] {dag.py:3722} INFO - Setting next_dagrun for example_branch_python_operator_decorator to 2023-11-09T00:00:00+00:00, run_after=2023-11-10T00:00:00+00:00
[2023-11-09T19:27:09.483-0500] {processor.py:179} INFO - Processing /Users/az/anaconda3/envs/python38/lib/python3.8/site-packages/airflow/example_dags/example_branch_operator_decorator.py took 0.163 seconds
[2023-11-09T19:29:20.718-0500] {processor.py:157} INFO - Started process (PID=50964) to work on /Users/az/anaconda3/envs/python38/lib/python3.8/site-packages/airflow/example_dags/example_branch_operator_decorator.py
[2023-11-09T19:29:20.723-0500] {processor.py:829} INFO - Processing file /Users/az/anaconda3/envs/python38/lib/python3.8/site-packages/airflow/example_dags/example_branch_operator_decorator.py for tasks to queue
[2023-11-09T19:29:20.723-0500] {logging_mixin.py:154} INFO - [2023-11-09T19:29:20.723-0500] {dagbag.py:536} INFO - Filling up the DagBag from /Users/az/anaconda3/envs/python38/lib/python3.8/site-packages/airflow/example_dags/example_branch_operator_decorator.py
[2023-11-09T19:29:20.757-0500] {processor.py:839} INFO - DAG(s) dict_keys(['example_branch_python_operator_decorator']) retrieved from /Users/az/anaconda3/envs/python38/lib/python3.8/site-packages/airflow/example_dags/example_branch_operator_decorator.py
[2023-11-09T19:29:20.860-0500] {logging_mixin.py:154} INFO - [2023-11-09T19:29:20.860-0500] {dag.py:2941} INFO - Sync 1 DAGs
[2023-11-09T19:29:20.871-0500] {logging_mixin.py:154} INFO - [2023-11-09T19:29:20.870-0500] {dag.py:3722} INFO - Setting next_dagrun for example_branch_python_operator_decorator to 2023-11-09T00:00:00+00:00, run_after=2023-11-10T00:00:00+00:00
[2023-11-09T19:29:20.881-0500] {processor.py:179} INFO - Processing /Users/az/anaconda3/envs/python38/lib/python3.8/site-packages/airflow/example_dags/example_branch_operator_decorator.py took 0.163 seconds
[2023-11-09T19:31:25.370-0500] {processor.py:157} INFO - Started process (PID=51120) to work on /Users/az/anaconda3/envs/python38/lib/python3.8/site-packages/airflow/example_dags/example_branch_operator_decorator.py
[2023-11-09T19:31:25.374-0500] {processor.py:829} INFO - Processing file /Users/az/anaconda3/envs/python38/lib/python3.8/site-packages/airflow/example_dags/example_branch_operator_decorator.py for tasks to queue
[2023-11-09T19:31:25.375-0500] {logging_mixin.py:154} INFO - [2023-11-09T19:31:25.375-0500] {dagbag.py:536} INFO - Filling up the DagBag from /Users/az/anaconda3/envs/python38/lib/python3.8/site-packages/airflow/example_dags/example_branch_operator_decorator.py
[2023-11-09T19:31:25.411-0500] {processor.py:839} INFO - DAG(s) dict_keys(['example_branch_python_operator_decorator']) retrieved from /Users/az/anaconda3/envs/python38/lib/python3.8/site-packages/airflow/example_dags/example_branch_operator_decorator.py
[2023-11-09T19:31:25.564-0500] {logging_mixin.py:154} INFO - [2023-11-09T19:31:25.564-0500] {dag.py:2941} INFO - Sync 1 DAGs
[2023-11-09T19:31:25.575-0500] {logging_mixin.py:154} INFO - [2023-11-09T19:31:25.575-0500] {dag.py:3722} INFO - Setting next_dagrun for example_branch_python_operator_decorator to 2023-11-09T00:00:00+00:00, run_after=2023-11-10T00:00:00+00:00
[2023-11-09T19:31:25.585-0500] {processor.py:179} INFO - Processing /Users/az/anaconda3/envs/python38/lib/python3.8/site-packages/airflow/example_dags/example_branch_operator_decorator.py took 0.216 seconds
[2023-11-09T19:33:37.563-0500] {processor.py:157} INFO - Started process (PID=51274) to work on /Users/az/anaconda3/envs/python38/lib/python3.8/site-packages/airflow/example_dags/example_branch_operator_decorator.py
[2023-11-09T19:33:37.568-0500] {processor.py:829} INFO - Processing file /Users/az/anaconda3/envs/python38/lib/python3.8/site-packages/airflow/example_dags/example_branch_operator_decorator.py for tasks to queue
[2023-11-09T19:33:37.568-0500] {logging_mixin.py:154} INFO - [2023-11-09T19:33:37.568-0500] {dagbag.py:536} INFO - Filling up the DagBag from /Users/az/anaconda3/envs/python38/lib/python3.8/site-packages/airflow/example_dags/example_branch_operator_decorator.py
[2023-11-09T19:33:37.602-0500] {processor.py:839} INFO - DAG(s) dict_keys(['example_branch_python_operator_decorator']) retrieved from /Users/az/anaconda3/envs/python38/lib/python3.8/site-packages/airflow/example_dags/example_branch_operator_decorator.py
[2023-11-09T19:33:37.705-0500] {logging_mixin.py:154} INFO - [2023-11-09T19:33:37.705-0500] {dag.py:2941} INFO - Sync 1 DAGs
[2023-11-09T19:33:37.715-0500] {logging_mixin.py:154} INFO - [2023-11-09T19:33:37.715-0500] {dag.py:3722} INFO - Setting next_dagrun for example_branch_python_operator_decorator to 2023-11-09T00:00:00+00:00, run_after=2023-11-10T00:00:00+00:00
[2023-11-09T19:33:37.725-0500] {processor.py:179} INFO - Processing /Users/az/anaconda3/envs/python38/lib/python3.8/site-packages/airflow/example_dags/example_branch_operator_decorator.py took 0.163 seconds
[2023-11-09T19:35:56.835-0500] {processor.py:157} INFO - Started process (PID=53293) to work on /Users/az/anaconda3/envs/python38/lib/python3.8/site-packages/airflow/example_dags/example_branch_operator_decorator.py
[2023-11-09T19:35:56.840-0500] {processor.py:829} INFO - Processing file /Users/az/anaconda3/envs/python38/lib/python3.8/site-packages/airflow/example_dags/example_branch_operator_decorator.py for tasks to queue
[2023-11-09T19:35:56.840-0500] {logging_mixin.py:154} INFO - [2023-11-09T19:35:56.840-0500] {dagbag.py:536} INFO - Filling up the DagBag from /Users/az/anaconda3/envs/python38/lib/python3.8/site-packages/airflow/example_dags/example_branch_operator_decorator.py
[2023-11-09T19:35:56.874-0500] {processor.py:839} INFO - DAG(s) dict_keys(['example_branch_python_operator_decorator']) retrieved from /Users/az/anaconda3/envs/python38/lib/python3.8/site-packages/airflow/example_dags/example_branch_operator_decorator.py
[2023-11-09T19:35:56.978-0500] {logging_mixin.py:154} INFO - [2023-11-09T19:35:56.978-0500] {dag.py:2941} INFO - Sync 1 DAGs
[2023-11-09T19:35:56.989-0500] {logging_mixin.py:154} INFO - [2023-11-09T19:35:56.989-0500] {dag.py:3722} INFO - Setting next_dagrun for example_branch_python_operator_decorator to 2023-11-09T00:00:00+00:00, run_after=2023-11-10T00:00:00+00:00
[2023-11-09T19:35:56.999-0500] {processor.py:179} INFO - Processing /Users/az/anaconda3/envs/python38/lib/python3.8/site-packages/airflow/example_dags/example_branch_operator_decorator.py took 0.164 seconds
[2023-11-09T19:37:54.275-0500] {processor.py:157} INFO - Started process (PID=53441) to work on /Users/az/anaconda3/envs/python38/lib/python3.8/site-packages/airflow/example_dags/example_branch_operator_decorator.py
[2023-11-09T19:37:54.279-0500] {processor.py:829} INFO - Processing file /Users/az/anaconda3/envs/python38/lib/python3.8/site-packages/airflow/example_dags/example_branch_operator_decorator.py for tasks to queue
[2023-11-09T19:37:54.279-0500] {logging_mixin.py:154} INFO - [2023-11-09T19:37:54.279-0500] {dagbag.py:536} INFO - Filling up the DagBag from /Users/az/anaconda3/envs/python38/lib/python3.8/site-packages/airflow/example_dags/example_branch_operator_decorator.py
[2023-11-09T19:37:54.313-0500] {processor.py:839} INFO - DAG(s) dict_keys(['example_branch_python_operator_decorator']) retrieved from /Users/az/anaconda3/envs/python38/lib/python3.8/site-packages/airflow/example_dags/example_branch_operator_decorator.py
[2023-11-09T19:37:54.417-0500] {logging_mixin.py:154} INFO - [2023-11-09T19:37:54.416-0500] {dag.py:2941} INFO - Sync 1 DAGs
[2023-11-09T19:37:54.427-0500] {logging_mixin.py:154} INFO - [2023-11-09T19:37:54.427-0500] {dag.py:3722} INFO - Setting next_dagrun for example_branch_python_operator_decorator to 2023-11-09T00:00:00+00:00, run_after=2023-11-10T00:00:00+00:00
[2023-11-09T19:37:54.437-0500] {processor.py:179} INFO - Processing /Users/az/anaconda3/envs/python38/lib/python3.8/site-packages/airflow/example_dags/example_branch_operator_decorator.py took 0.162 seconds
[2023-11-09T19:39:54.013-0500] {processor.py:157} INFO - Started process (PID=53593) to work on /Users/az/anaconda3/envs/python38/lib/python3.8/site-packages/airflow/example_dags/example_branch_operator_decorator.py
[2023-11-09T19:39:54.018-0500] {processor.py:829} INFO - Processing file /Users/az/anaconda3/envs/python38/lib/python3.8/site-packages/airflow/example_dags/example_branch_operator_decorator.py for tasks to queue
[2023-11-09T19:39:54.018-0500] {logging_mixin.py:154} INFO - [2023-11-09T19:39:54.018-0500] {dagbag.py:536} INFO - Filling up the DagBag from /Users/az/anaconda3/envs/python38/lib/python3.8/site-packages/airflow/example_dags/example_branch_operator_decorator.py
[2023-11-09T19:39:54.052-0500] {processor.py:839} INFO - DAG(s) dict_keys(['example_branch_python_operator_decorator']) retrieved from /Users/az/anaconda3/envs/python38/lib/python3.8/site-packages/airflow/example_dags/example_branch_operator_decorator.py
[2023-11-09T19:39:54.155-0500] {logging_mixin.py:154} INFO - [2023-11-09T19:39:54.155-0500] {dag.py:2941} INFO - Sync 1 DAGs
[2023-11-09T19:39:54.165-0500] {logging_mixin.py:154} INFO - [2023-11-09T19:39:54.165-0500] {dag.py:3722} INFO - Setting next_dagrun for example_branch_python_operator_decorator to 2023-11-09T00:00:00+00:00, run_after=2023-11-10T00:00:00+00:00
[2023-11-09T19:39:54.176-0500] {processor.py:179} INFO - Processing /Users/az/anaconda3/envs/python38/lib/python3.8/site-packages/airflow/example_dags/example_branch_operator_decorator.py took 0.163 seconds
[2023-11-09T19:42:00.816-0500] {processor.py:157} INFO - Started process (PID=53835) to work on /Users/az/anaconda3/envs/python38/lib/python3.8/site-packages/airflow/example_dags/example_branch_operator_decorator.py
[2023-11-09T19:42:00.821-0500] {processor.py:829} INFO - Processing file /Users/az/anaconda3/envs/python38/lib/python3.8/site-packages/airflow/example_dags/example_branch_operator_decorator.py for tasks to queue
[2023-11-09T19:42:00.822-0500] {logging_mixin.py:154} INFO - [2023-11-09T19:42:00.821-0500] {dagbag.py:536} INFO - Filling up the DagBag from /Users/az/anaconda3/envs/python38/lib/python3.8/site-packages/airflow/example_dags/example_branch_operator_decorator.py
[2023-11-09T19:42:00.855-0500] {processor.py:839} INFO - DAG(s) dict_keys(['example_branch_python_operator_decorator']) retrieved from /Users/az/anaconda3/envs/python38/lib/python3.8/site-packages/airflow/example_dags/example_branch_operator_decorator.py
[2023-11-09T19:42:00.959-0500] {logging_mixin.py:154} INFO - [2023-11-09T19:42:00.958-0500] {dag.py:2941} INFO - Sync 1 DAGs
[2023-11-09T19:42:00.969-0500] {logging_mixin.py:154} INFO - [2023-11-09T19:42:00.969-0500] {dag.py:3722} INFO - Setting next_dagrun for example_branch_python_operator_decorator to 2023-11-09T00:00:00+00:00, run_after=2023-11-10T00:00:00+00:00
[2023-11-09T19:42:00.979-0500] {processor.py:179} INFO - Processing /Users/az/anaconda3/envs/python38/lib/python3.8/site-packages/airflow/example_dags/example_branch_operator_decorator.py took 0.163 seconds
[2023-11-09T19:44:05.908-0500] {processor.py:157} INFO - Started process (PID=54216) to work on /Users/az/anaconda3/envs/python38/lib/python3.8/site-packages/airflow/example_dags/example_branch_operator_decorator.py
[2023-11-09T19:44:05.913-0500] {processor.py:829} INFO - Processing file /Users/az/anaconda3/envs/python38/lib/python3.8/site-packages/airflow/example_dags/example_branch_operator_decorator.py for tasks to queue
[2023-11-09T19:44:05.913-0500] {logging_mixin.py:154} INFO - [2023-11-09T19:44:05.913-0500] {dagbag.py:536} INFO - Filling up the DagBag from /Users/az/anaconda3/envs/python38/lib/python3.8/site-packages/airflow/example_dags/example_branch_operator_decorator.py
[2023-11-09T19:44:05.947-0500] {processor.py:839} INFO - DAG(s) dict_keys(['example_branch_python_operator_decorator']) retrieved from /Users/az/anaconda3/envs/python38/lib/python3.8/site-packages/airflow/example_dags/example_branch_operator_decorator.py
[2023-11-09T19:44:06.057-0500] {logging_mixin.py:154} INFO - [2023-11-09T19:44:06.057-0500] {dag.py:2941} INFO - Sync 1 DAGs
[2023-11-09T19:44:06.068-0500] {logging_mixin.py:154} INFO - [2023-11-09T19:44:06.068-0500] {dag.py:3722} INFO - Setting next_dagrun for example_branch_python_operator_decorator to 2023-11-09T00:00:00+00:00, run_after=2023-11-10T00:00:00+00:00
[2023-11-09T19:44:06.078-0500] {processor.py:179} INFO - Processing /Users/az/anaconda3/envs/python38/lib/python3.8/site-packages/airflow/example_dags/example_branch_operator_decorator.py took 0.170 seconds
[2023-11-09T19:46:04.687-0500] {processor.py:157} INFO - Started process (PID=54359) to work on /Users/az/anaconda3/envs/python38/lib/python3.8/site-packages/airflow/example_dags/example_branch_operator_decorator.py
[2023-11-09T19:46:04.691-0500] {processor.py:829} INFO - Processing file /Users/az/anaconda3/envs/python38/lib/python3.8/site-packages/airflow/example_dags/example_branch_operator_decorator.py for tasks to queue
[2023-11-09T19:46:04.691-0500] {logging_mixin.py:154} INFO - [2023-11-09T19:46:04.691-0500] {dagbag.py:536} INFO - Filling up the DagBag from /Users/az/anaconda3/envs/python38/lib/python3.8/site-packages/airflow/example_dags/example_branch_operator_decorator.py
[2023-11-09T19:46:04.725-0500] {processor.py:839} INFO - DAG(s) dict_keys(['example_branch_python_operator_decorator']) retrieved from /Users/az/anaconda3/envs/python38/lib/python3.8/site-packages/airflow/example_dags/example_branch_operator_decorator.py
[2023-11-09T19:46:04.830-0500] {logging_mixin.py:154} INFO - [2023-11-09T19:46:04.829-0500] {dag.py:2941} INFO - Sync 1 DAGs
[2023-11-09T19:46:04.840-0500] {logging_mixin.py:154} INFO - [2023-11-09T19:46:04.840-0500] {dag.py:3722} INFO - Setting next_dagrun for example_branch_python_operator_decorator to 2023-11-09T00:00:00+00:00, run_after=2023-11-10T00:00:00+00:00
[2023-11-09T19:46:04.850-0500] {processor.py:179} INFO - Processing /Users/az/anaconda3/envs/python38/lib/python3.8/site-packages/airflow/example_dags/example_branch_operator_decorator.py took 0.163 seconds
[2023-11-09T19:48:02.286-0500] {processor.py:157} INFO - Started process (PID=54513) to work on /Users/az/anaconda3/envs/python38/lib/python3.8/site-packages/airflow/example_dags/example_branch_operator_decorator.py
[2023-11-09T19:48:02.290-0500] {processor.py:829} INFO - Processing file /Users/az/anaconda3/envs/python38/lib/python3.8/site-packages/airflow/example_dags/example_branch_operator_decorator.py for tasks to queue
[2023-11-09T19:48:02.290-0500] {logging_mixin.py:154} INFO - [2023-11-09T19:48:02.290-0500] {dagbag.py:536} INFO - Filling up the DagBag from /Users/az/anaconda3/envs/python38/lib/python3.8/site-packages/airflow/example_dags/example_branch_operator_decorator.py
[2023-11-09T19:48:02.325-0500] {processor.py:839} INFO - DAG(s) dict_keys(['example_branch_python_operator_decorator']) retrieved from /Users/az/anaconda3/envs/python38/lib/python3.8/site-packages/airflow/example_dags/example_branch_operator_decorator.py
[2023-11-09T19:48:02.431-0500] {logging_mixin.py:154} INFO - [2023-11-09T19:48:02.431-0500] {dag.py:2941} INFO - Sync 1 DAGs
[2023-11-09T19:48:02.442-0500] {logging_mixin.py:154} INFO - [2023-11-09T19:48:02.441-0500] {dag.py:3722} INFO - Setting next_dagrun for example_branch_python_operator_decorator to 2023-11-09T00:00:00+00:00, run_after=2023-11-10T00:00:00+00:00
[2023-11-09T19:48:02.452-0500] {processor.py:179} INFO - Processing /Users/az/anaconda3/envs/python38/lib/python3.8/site-packages/airflow/example_dags/example_branch_operator_decorator.py took 0.166 seconds
[2023-11-09T19:49:59.935-0500] {processor.py:157} INFO - Started process (PID=54655) to work on /Users/az/anaconda3/envs/python38/lib/python3.8/site-packages/airflow/example_dags/example_branch_operator_decorator.py
[2023-11-09T19:49:59.939-0500] {processor.py:829} INFO - Processing file /Users/az/anaconda3/envs/python38/lib/python3.8/site-packages/airflow/example_dags/example_branch_operator_decorator.py for tasks to queue
[2023-11-09T19:49:59.940-0500] {logging_mixin.py:154} INFO - [2023-11-09T19:49:59.940-0500] {dagbag.py:536} INFO - Filling up the DagBag from /Users/az/anaconda3/envs/python38/lib/python3.8/site-packages/airflow/example_dags/example_branch_operator_decorator.py
[2023-11-09T19:49:59.974-0500] {processor.py:839} INFO - DAG(s) dict_keys(['example_branch_python_operator_decorator']) retrieved from /Users/az/anaconda3/envs/python38/lib/python3.8/site-packages/airflow/example_dags/example_branch_operator_decorator.py
[2023-11-09T19:50:00.078-0500] {logging_mixin.py:154} INFO - [2023-11-09T19:50:00.078-0500] {dag.py:2941} INFO - Sync 1 DAGs
[2023-11-09T19:50:00.088-0500] {logging_mixin.py:154} INFO - [2023-11-09T19:50:00.088-0500] {dag.py:3722} INFO - Setting next_dagrun for example_branch_python_operator_decorator to 2023-11-09T00:00:00+00:00, run_after=2023-11-10T00:00:00+00:00
[2023-11-09T19:50:00.099-0500] {processor.py:179} INFO - Processing /Users/az/anaconda3/envs/python38/lib/python3.8/site-packages/airflow/example_dags/example_branch_operator_decorator.py took 0.164 seconds
[2023-11-09T19:51:58.874-0500] {processor.py:157} INFO - Started process (PID=54806) to work on /Users/az/anaconda3/envs/python38/lib/python3.8/site-packages/airflow/example_dags/example_branch_operator_decorator.py
[2023-11-09T19:51:58.879-0500] {processor.py:829} INFO - Processing file /Users/az/anaconda3/envs/python38/lib/python3.8/site-packages/airflow/example_dags/example_branch_operator_decorator.py for tasks to queue
[2023-11-09T19:51:58.879-0500] {logging_mixin.py:154} INFO - [2023-11-09T19:51:58.879-0500] {dagbag.py:536} INFO - Filling up the DagBag from /Users/az/anaconda3/envs/python38/lib/python3.8/site-packages/airflow/example_dags/example_branch_operator_decorator.py
[2023-11-09T19:51:58.913-0500] {processor.py:839} INFO - DAG(s) dict_keys(['example_branch_python_operator_decorator']) retrieved from /Users/az/anaconda3/envs/python38/lib/python3.8/site-packages/airflow/example_dags/example_branch_operator_decorator.py
[2023-11-09T19:51:59.017-0500] {logging_mixin.py:154} INFO - [2023-11-09T19:51:59.017-0500] {dag.py:2941} INFO - Sync 1 DAGs
[2023-11-09T19:51:59.027-0500] {logging_mixin.py:154} INFO - [2023-11-09T19:51:59.027-0500] {dag.py:3722} INFO - Setting next_dagrun for example_branch_python_operator_decorator to 2023-11-09T00:00:00+00:00, run_after=2023-11-10T00:00:00+00:00
[2023-11-09T19:51:59.037-0500] {processor.py:179} INFO - Processing /Users/az/anaconda3/envs/python38/lib/python3.8/site-packages/airflow/example_dags/example_branch_operator_decorator.py took 0.163 seconds
[2023-11-09T19:53:59.887-0500] {processor.py:157} INFO - Started process (PID=54967) to work on /Users/az/anaconda3/envs/python38/lib/python3.8/site-packages/airflow/example_dags/example_branch_operator_decorator.py
[2023-11-09T19:53:59.891-0500] {processor.py:829} INFO - Processing file /Users/az/anaconda3/envs/python38/lib/python3.8/site-packages/airflow/example_dags/example_branch_operator_decorator.py for tasks to queue
[2023-11-09T19:53:59.892-0500] {logging_mixin.py:154} INFO - [2023-11-09T19:53:59.892-0500] {dagbag.py:536} INFO - Filling up the DagBag from /Users/az/anaconda3/envs/python38/lib/python3.8/site-packages/airflow/example_dags/example_branch_operator_decorator.py
[2023-11-09T19:53:59.925-0500] {processor.py:839} INFO - DAG(s) dict_keys(['example_branch_python_operator_decorator']) retrieved from /Users/az/anaconda3/envs/python38/lib/python3.8/site-packages/airflow/example_dags/example_branch_operator_decorator.py
[2023-11-09T19:54:00.028-0500] {logging_mixin.py:154} INFO - [2023-11-09T19:54:00.028-0500] {dag.py:2941} INFO - Sync 1 DAGs
[2023-11-09T19:54:00.039-0500] {logging_mixin.py:154} INFO - [2023-11-09T19:54:00.039-0500] {dag.py:3722} INFO - Setting next_dagrun for example_branch_python_operator_decorator to 2023-11-09T00:00:00+00:00, run_after=2023-11-10T00:00:00+00:00
[2023-11-09T19:54:00.049-0500] {processor.py:179} INFO - Processing /Users/az/anaconda3/envs/python38/lib/python3.8/site-packages/airflow/example_dags/example_branch_operator_decorator.py took 0.163 seconds
[2023-11-09T19:55:55.795-0500] {processor.py:157} INFO - Started process (PID=55115) to work on /Users/az/anaconda3/envs/python38/lib/python3.8/site-packages/airflow/example_dags/example_branch_operator_decorator.py
[2023-11-09T19:55:55.799-0500] {processor.py:829} INFO - Processing file /Users/az/anaconda3/envs/python38/lib/python3.8/site-packages/airflow/example_dags/example_branch_operator_decorator.py for tasks to queue
[2023-11-09T19:55:55.799-0500] {logging_mixin.py:154} INFO - [2023-11-09T19:55:55.799-0500] {dagbag.py:536} INFO - Filling up the DagBag from /Users/az/anaconda3/envs/python38/lib/python3.8/site-packages/airflow/example_dags/example_branch_operator_decorator.py
[2023-11-09T19:55:55.833-0500] {processor.py:839} INFO - DAG(s) dict_keys(['example_branch_python_operator_decorator']) retrieved from /Users/az/anaconda3/envs/python38/lib/python3.8/site-packages/airflow/example_dags/example_branch_operator_decorator.py
[2023-11-09T19:55:55.938-0500] {logging_mixin.py:154} INFO - [2023-11-09T19:55:55.938-0500] {dag.py:2941} INFO - Sync 1 DAGs
[2023-11-09T19:55:55.948-0500] {logging_mixin.py:154} INFO - [2023-11-09T19:55:55.948-0500] {dag.py:3722} INFO - Setting next_dagrun for example_branch_python_operator_decorator to 2023-11-09T00:00:00+00:00, run_after=2023-11-10T00:00:00+00:00
[2023-11-09T19:55:55.958-0500] {processor.py:179} INFO - Processing /Users/az/anaconda3/envs/python38/lib/python3.8/site-packages/airflow/example_dags/example_branch_operator_decorator.py took 0.164 seconds
[2023-11-09T19:57:57.334-0500] {processor.py:157} INFO - Started process (PID=55276) to work on /Users/az/anaconda3/envs/python38/lib/python3.8/site-packages/airflow/example_dags/example_branch_operator_decorator.py
[2023-11-09T19:57:57.339-0500] {processor.py:829} INFO - Processing file /Users/az/anaconda3/envs/python38/lib/python3.8/site-packages/airflow/example_dags/example_branch_operator_decorator.py for tasks to queue
[2023-11-09T19:57:57.339-0500] {logging_mixin.py:154} INFO - [2023-11-09T19:57:57.339-0500] {dagbag.py:536} INFO - Filling up the DagBag from /Users/az/anaconda3/envs/python38/lib/python3.8/site-packages/airflow/example_dags/example_branch_operator_decorator.py
[2023-11-09T19:57:57.373-0500] {processor.py:839} INFO - DAG(s) dict_keys(['example_branch_python_operator_decorator']) retrieved from /Users/az/anaconda3/envs/python38/lib/python3.8/site-packages/airflow/example_dags/example_branch_operator_decorator.py
[2023-11-09T19:57:57.476-0500] {logging_mixin.py:154} INFO - [2023-11-09T19:57:57.476-0500] {dag.py:2941} INFO - Sync 1 DAGs
[2023-11-09T19:57:57.486-0500] {logging_mixin.py:154} INFO - [2023-11-09T19:57:57.486-0500] {dag.py:3722} INFO - Setting next_dagrun for example_branch_python_operator_decorator to 2023-11-09T00:00:00+00:00, run_after=2023-11-10T00:00:00+00:00
[2023-11-09T19:57:57.496-0500] {processor.py:179} INFO - Processing /Users/az/anaconda3/envs/python38/lib/python3.8/site-packages/airflow/example_dags/example_branch_operator_decorator.py took 0.163 seconds
[2023-11-09T19:59:57.238-0500] {processor.py:157} INFO - Started process (PID=55425) to work on /Users/az/anaconda3/envs/python38/lib/python3.8/site-packages/airflow/example_dags/example_branch_operator_decorator.py
[2023-11-09T19:59:57.242-0500] {processor.py:829} INFO - Processing file /Users/az/anaconda3/envs/python38/lib/python3.8/site-packages/airflow/example_dags/example_branch_operator_decorator.py for tasks to queue
[2023-11-09T19:59:57.243-0500] {logging_mixin.py:154} INFO - [2023-11-09T19:59:57.243-0500] {dagbag.py:536} INFO - Filling up the DagBag from /Users/az/anaconda3/envs/python38/lib/python3.8/site-packages/airflow/example_dags/example_branch_operator_decorator.py
[2023-11-09T19:59:57.278-0500] {processor.py:839} INFO - DAG(s) dict_keys(['example_branch_python_operator_decorator']) retrieved from /Users/az/anaconda3/envs/python38/lib/python3.8/site-packages/airflow/example_dags/example_branch_operator_decorator.py
[2023-11-09T19:59:57.385-0500] {logging_mixin.py:154} INFO - [2023-11-09T19:59:57.385-0500] {dag.py:2941} INFO - Sync 1 DAGs
[2023-11-09T19:59:57.396-0500] {logging_mixin.py:154} INFO - [2023-11-09T19:59:57.396-0500] {dag.py:3722} INFO - Setting next_dagrun for example_branch_python_operator_decorator to 2023-11-09T00:00:00+00:00, run_after=2023-11-10T00:00:00+00:00
[2023-11-09T19:59:57.407-0500] {processor.py:179} INFO - Processing /Users/az/anaconda3/envs/python38/lib/python3.8/site-packages/airflow/example_dags/example_branch_operator_decorator.py took 0.169 seconds
[2023-11-09T20:01:58.938-0500] {processor.py:157} INFO - Started process (PID=55592) to work on /Users/az/anaconda3/envs/python38/lib/python3.8/site-packages/airflow/example_dags/example_branch_operator_decorator.py
[2023-11-09T20:01:58.942-0500] {processor.py:829} INFO - Processing file /Users/az/anaconda3/envs/python38/lib/python3.8/site-packages/airflow/example_dags/example_branch_operator_decorator.py for tasks to queue
[2023-11-09T20:01:58.942-0500] {logging_mixin.py:154} INFO - [2023-11-09T20:01:58.942-0500] {dagbag.py:536} INFO - Filling up the DagBag from /Users/az/anaconda3/envs/python38/lib/python3.8/site-packages/airflow/example_dags/example_branch_operator_decorator.py
[2023-11-09T20:01:58.976-0500] {processor.py:839} INFO - DAG(s) dict_keys(['example_branch_python_operator_decorator']) retrieved from /Users/az/anaconda3/envs/python38/lib/python3.8/site-packages/airflow/example_dags/example_branch_operator_decorator.py
[2023-11-09T20:01:59.081-0500] {logging_mixin.py:154} INFO - [2023-11-09T20:01:59.080-0500] {dag.py:2941} INFO - Sync 1 DAGs
[2023-11-09T20:01:59.091-0500] {logging_mixin.py:154} INFO - [2023-11-09T20:01:59.091-0500] {dag.py:3722} INFO - Setting next_dagrun for example_branch_python_operator_decorator to 2023-11-09T00:00:00+00:00, run_after=2023-11-10T00:00:00+00:00
[2023-11-09T20:01:59.101-0500] {processor.py:179} INFO - Processing /Users/az/anaconda3/envs/python38/lib/python3.8/site-packages/airflow/example_dags/example_branch_operator_decorator.py took 0.163 seconds
[2023-11-09T20:04:00.327-0500] {processor.py:157} INFO - Started process (PID=55746) to work on /Users/az/anaconda3/envs/python38/lib/python3.8/site-packages/airflow/example_dags/example_branch_operator_decorator.py
[2023-11-09T20:04:00.332-0500] {processor.py:829} INFO - Processing file /Users/az/anaconda3/envs/python38/lib/python3.8/site-packages/airflow/example_dags/example_branch_operator_decorator.py for tasks to queue
[2023-11-09T20:04:00.333-0500] {logging_mixin.py:154} INFO - [2023-11-09T20:04:00.333-0500] {dagbag.py:536} INFO - Filling up the DagBag from /Users/az/anaconda3/envs/python38/lib/python3.8/site-packages/airflow/example_dags/example_branch_operator_decorator.py
[2023-11-09T20:04:00.367-0500] {processor.py:839} INFO - DAG(s) dict_keys(['example_branch_python_operator_decorator']) retrieved from /Users/az/anaconda3/envs/python38/lib/python3.8/site-packages/airflow/example_dags/example_branch_operator_decorator.py
[2023-11-09T20:04:00.472-0500] {logging_mixin.py:154} INFO - [2023-11-09T20:04:00.472-0500] {dag.py:2941} INFO - Sync 1 DAGs
[2023-11-09T20:04:00.483-0500] {logging_mixin.py:154} INFO - [2023-11-09T20:04:00.482-0500] {dag.py:3722} INFO - Setting next_dagrun for example_branch_python_operator_decorator to 2023-11-09T00:00:00+00:00, run_after=2023-11-10T00:00:00+00:00
[2023-11-09T20:04:00.493-0500] {processor.py:179} INFO - Processing /Users/az/anaconda3/envs/python38/lib/python3.8/site-packages/airflow/example_dags/example_branch_operator_decorator.py took 0.166 seconds
[2023-11-09T20:05:58.557-0500] {processor.py:157} INFO - Started process (PID=55894) to work on /Users/az/anaconda3/envs/python38/lib/python3.8/site-packages/airflow/example_dags/example_branch_operator_decorator.py
[2023-11-09T20:05:58.562-0500] {processor.py:829} INFO - Processing file /Users/az/anaconda3/envs/python38/lib/python3.8/site-packages/airflow/example_dags/example_branch_operator_decorator.py for tasks to queue
[2023-11-09T20:05:58.562-0500] {logging_mixin.py:154} INFO - [2023-11-09T20:05:58.562-0500] {dagbag.py:536} INFO - Filling up the DagBag from /Users/az/anaconda3/envs/python38/lib/python3.8/site-packages/airflow/example_dags/example_branch_operator_decorator.py
[2023-11-09T20:05:58.598-0500] {processor.py:839} INFO - DAG(s) dict_keys(['example_branch_python_operator_decorator']) retrieved from /Users/az/anaconda3/envs/python38/lib/python3.8/site-packages/airflow/example_dags/example_branch_operator_decorator.py
[2023-11-09T20:05:58.708-0500] {logging_mixin.py:154} INFO - [2023-11-09T20:05:58.707-0500] {dag.py:2941} INFO - Sync 1 DAGs
[2023-11-09T20:05:58.719-0500] {logging_mixin.py:154} INFO - [2023-11-09T20:05:58.719-0500] {dag.py:3722} INFO - Setting next_dagrun for example_branch_python_operator_decorator to 2023-11-09T00:00:00+00:00, run_after=2023-11-10T00:00:00+00:00
[2023-11-09T20:05:58.730-0500] {processor.py:179} INFO - Processing /Users/az/anaconda3/envs/python38/lib/python3.8/site-packages/airflow/example_dags/example_branch_operator_decorator.py took 0.173 seconds
[2023-11-09T20:07:56.127-0500] {processor.py:157} INFO - Started process (PID=56064) to work on /Users/az/anaconda3/envs/python38/lib/python3.8/site-packages/airflow/example_dags/example_branch_operator_decorator.py
[2023-11-09T20:07:56.132-0500] {processor.py:829} INFO - Processing file /Users/az/anaconda3/envs/python38/lib/python3.8/site-packages/airflow/example_dags/example_branch_operator_decorator.py for tasks to queue
[2023-11-09T20:07:56.132-0500] {logging_mixin.py:154} INFO - [2023-11-09T20:07:56.132-0500] {dagbag.py:536} INFO - Filling up the DagBag from /Users/az/anaconda3/envs/python38/lib/python3.8/site-packages/airflow/example_dags/example_branch_operator_decorator.py
[2023-11-09T20:07:56.166-0500] {processor.py:839} INFO - DAG(s) dict_keys(['example_branch_python_operator_decorator']) retrieved from /Users/az/anaconda3/envs/python38/lib/python3.8/site-packages/airflow/example_dags/example_branch_operator_decorator.py
[2023-11-09T20:07:56.269-0500] {logging_mixin.py:154} INFO - [2023-11-09T20:07:56.269-0500] {dag.py:2941} INFO - Sync 1 DAGs
[2023-11-09T20:07:56.280-0500] {logging_mixin.py:154} INFO - [2023-11-09T20:07:56.279-0500] {dag.py:3722} INFO - Setting next_dagrun for example_branch_python_operator_decorator to 2023-11-09T00:00:00+00:00, run_after=2023-11-10T00:00:00+00:00
[2023-11-09T20:07:56.290-0500] {processor.py:179} INFO - Processing /Users/az/anaconda3/envs/python38/lib/python3.8/site-packages/airflow/example_dags/example_branch_operator_decorator.py took 0.163 seconds
[2023-11-09T20:09:53.648-0500] {processor.py:157} INFO - Started process (PID=56228) to work on /Users/az/anaconda3/envs/python38/lib/python3.8/site-packages/airflow/example_dags/example_branch_operator_decorator.py
[2023-11-09T20:09:53.653-0500] {processor.py:829} INFO - Processing file /Users/az/anaconda3/envs/python38/lib/python3.8/site-packages/airflow/example_dags/example_branch_operator_decorator.py for tasks to queue
[2023-11-09T20:09:53.653-0500] {logging_mixin.py:154} INFO - [2023-11-09T20:09:53.653-0500] {dagbag.py:536} INFO - Filling up the DagBag from /Users/az/anaconda3/envs/python38/lib/python3.8/site-packages/airflow/example_dags/example_branch_operator_decorator.py
[2023-11-09T20:09:53.687-0500] {processor.py:839} INFO - DAG(s) dict_keys(['example_branch_python_operator_decorator']) retrieved from /Users/az/anaconda3/envs/python38/lib/python3.8/site-packages/airflow/example_dags/example_branch_operator_decorator.py
[2023-11-09T20:09:53.791-0500] {logging_mixin.py:154} INFO - [2023-11-09T20:09:53.790-0500] {dag.py:2941} INFO - Sync 1 DAGs
[2023-11-09T20:09:53.801-0500] {logging_mixin.py:154} INFO - [2023-11-09T20:09:53.801-0500] {dag.py:3722} INFO - Setting next_dagrun for example_branch_python_operator_decorator to 2023-11-09T00:00:00+00:00, run_after=2023-11-10T00:00:00+00:00
[2023-11-09T20:09:53.811-0500] {processor.py:179} INFO - Processing /Users/az/anaconda3/envs/python38/lib/python3.8/site-packages/airflow/example_dags/example_branch_operator_decorator.py took 0.164 seconds
[2023-11-09T20:11:50.553-0500] {processor.py:157} INFO - Started process (PID=56392) to work on /Users/az/anaconda3/envs/python38/lib/python3.8/site-packages/airflow/example_dags/example_branch_operator_decorator.py
[2023-11-09T20:11:50.558-0500] {processor.py:829} INFO - Processing file /Users/az/anaconda3/envs/python38/lib/python3.8/site-packages/airflow/example_dags/example_branch_operator_decorator.py for tasks to queue
[2023-11-09T20:11:50.558-0500] {logging_mixin.py:154} INFO - [2023-11-09T20:11:50.558-0500] {dagbag.py:536} INFO - Filling up the DagBag from /Users/az/anaconda3/envs/python38/lib/python3.8/site-packages/airflow/example_dags/example_branch_operator_decorator.py
[2023-11-09T20:11:50.592-0500] {processor.py:839} INFO - DAG(s) dict_keys(['example_branch_python_operator_decorator']) retrieved from /Users/az/anaconda3/envs/python38/lib/python3.8/site-packages/airflow/example_dags/example_branch_operator_decorator.py
[2023-11-09T20:11:50.700-0500] {logging_mixin.py:154} INFO - [2023-11-09T20:11:50.699-0500] {dag.py:2941} INFO - Sync 1 DAGs
[2023-11-09T20:11:50.710-0500] {logging_mixin.py:154} INFO - [2023-11-09T20:11:50.710-0500] {dag.py:3722} INFO - Setting next_dagrun for example_branch_python_operator_decorator to 2023-11-09T00:00:00+00:00, run_after=2023-11-10T00:00:00+00:00
[2023-11-09T20:11:50.721-0500] {processor.py:179} INFO - Processing /Users/az/anaconda3/envs/python38/lib/python3.8/site-packages/airflow/example_dags/example_branch_operator_decorator.py took 0.168 seconds
[2023-11-09T20:13:50.826-0500] {processor.py:157} INFO - Started process (PID=56557) to work on /Users/az/anaconda3/envs/python38/lib/python3.8/site-packages/airflow/example_dags/example_branch_operator_decorator.py
[2023-11-09T20:13:50.831-0500] {processor.py:829} INFO - Processing file /Users/az/anaconda3/envs/python38/lib/python3.8/site-packages/airflow/example_dags/example_branch_operator_decorator.py for tasks to queue
[2023-11-09T20:13:50.831-0500] {logging_mixin.py:154} INFO - [2023-11-09T20:13:50.831-0500] {dagbag.py:536} INFO - Filling up the DagBag from /Users/az/anaconda3/envs/python38/lib/python3.8/site-packages/airflow/example_dags/example_branch_operator_decorator.py
[2023-11-09T20:13:50.866-0500] {processor.py:839} INFO - DAG(s) dict_keys(['example_branch_python_operator_decorator']) retrieved from /Users/az/anaconda3/envs/python38/lib/python3.8/site-packages/airflow/example_dags/example_branch_operator_decorator.py
[2023-11-09T20:13:50.974-0500] {logging_mixin.py:154} INFO - [2023-11-09T20:13:50.974-0500] {dag.py:2941} INFO - Sync 1 DAGs
[2023-11-09T20:13:50.986-0500] {logging_mixin.py:154} INFO - [2023-11-09T20:13:50.986-0500] {dag.py:3722} INFO - Setting next_dagrun for example_branch_python_operator_decorator to 2023-11-09T00:00:00+00:00, run_after=2023-11-10T00:00:00+00:00
[2023-11-09T20:13:50.996-0500] {processor.py:179} INFO - Processing /Users/az/anaconda3/envs/python38/lib/python3.8/site-packages/airflow/example_dags/example_branch_operator_decorator.py took 0.171 seconds
[2023-11-09T20:15:49.401-0500] {processor.py:157} INFO - Started process (PID=56714) to work on /Users/az/anaconda3/envs/python38/lib/python3.8/site-packages/airflow/example_dags/example_branch_operator_decorator.py
[2023-11-09T20:15:49.406-0500] {processor.py:829} INFO - Processing file /Users/az/anaconda3/envs/python38/lib/python3.8/site-packages/airflow/example_dags/example_branch_operator_decorator.py for tasks to queue
[2023-11-09T20:15:49.406-0500] {logging_mixin.py:154} INFO - [2023-11-09T20:15:49.406-0500] {dagbag.py:536} INFO - Filling up the DagBag from /Users/az/anaconda3/envs/python38/lib/python3.8/site-packages/airflow/example_dags/example_branch_operator_decorator.py
[2023-11-09T20:15:49.440-0500] {processor.py:839} INFO - DAG(s) dict_keys(['example_branch_python_operator_decorator']) retrieved from /Users/az/anaconda3/envs/python38/lib/python3.8/site-packages/airflow/example_dags/example_branch_operator_decorator.py
[2023-11-09T20:15:49.543-0500] {logging_mixin.py:154} INFO - [2023-11-09T20:15:49.543-0500] {dag.py:2941} INFO - Sync 1 DAGs
[2023-11-09T20:15:49.554-0500] {logging_mixin.py:154} INFO - [2023-11-09T20:15:49.554-0500] {dag.py:3722} INFO - Setting next_dagrun for example_branch_python_operator_decorator to 2023-11-09T00:00:00+00:00, run_after=2023-11-10T00:00:00+00:00
[2023-11-09T20:15:49.564-0500] {processor.py:179} INFO - Processing /Users/az/anaconda3/envs/python38/lib/python3.8/site-packages/airflow/example_dags/example_branch_operator_decorator.py took 0.163 seconds
[2023-11-09T20:17:48.955-0500] {processor.py:157} INFO - Started process (PID=56864) to work on /Users/az/anaconda3/envs/python38/lib/python3.8/site-packages/airflow/example_dags/example_branch_operator_decorator.py
[2023-11-09T20:17:48.959-0500] {processor.py:829} INFO - Processing file /Users/az/anaconda3/envs/python38/lib/python3.8/site-packages/airflow/example_dags/example_branch_operator_decorator.py for tasks to queue
[2023-11-09T20:17:48.960-0500] {logging_mixin.py:154} INFO - [2023-11-09T20:17:48.960-0500] {dagbag.py:536} INFO - Filling up the DagBag from /Users/az/anaconda3/envs/python38/lib/python3.8/site-packages/airflow/example_dags/example_branch_operator_decorator.py
[2023-11-09T20:17:48.994-0500] {processor.py:839} INFO - DAG(s) dict_keys(['example_branch_python_operator_decorator']) retrieved from /Users/az/anaconda3/envs/python38/lib/python3.8/site-packages/airflow/example_dags/example_branch_operator_decorator.py
[2023-11-09T20:17:49.097-0500] {logging_mixin.py:154} INFO - [2023-11-09T20:17:49.096-0500] {dag.py:2941} INFO - Sync 1 DAGs
[2023-11-09T20:17:49.107-0500] {logging_mixin.py:154} INFO - [2023-11-09T20:17:49.107-0500] {dag.py:3722} INFO - Setting next_dagrun for example_branch_python_operator_decorator to 2023-11-09T00:00:00+00:00, run_after=2023-11-10T00:00:00+00:00
[2023-11-09T20:17:49.117-0500] {processor.py:179} INFO - Processing /Users/az/anaconda3/envs/python38/lib/python3.8/site-packages/airflow/example_dags/example_branch_operator_decorator.py took 0.163 seconds
[2023-11-09T20:19:47.449-0500] {processor.py:157} INFO - Started process (PID=57012) to work on /Users/az/anaconda3/envs/python38/lib/python3.8/site-packages/airflow/example_dags/example_branch_operator_decorator.py
[2023-11-09T20:19:47.453-0500] {processor.py:829} INFO - Processing file /Users/az/anaconda3/envs/python38/lib/python3.8/site-packages/airflow/example_dags/example_branch_operator_decorator.py for tasks to queue
[2023-11-09T20:19:47.453-0500] {logging_mixin.py:154} INFO - [2023-11-09T20:19:47.453-0500] {dagbag.py:536} INFO - Filling up the DagBag from /Users/az/anaconda3/envs/python38/lib/python3.8/site-packages/airflow/example_dags/example_branch_operator_decorator.py
[2023-11-09T20:19:47.487-0500] {processor.py:839} INFO - DAG(s) dict_keys(['example_branch_python_operator_decorator']) retrieved from /Users/az/anaconda3/envs/python38/lib/python3.8/site-packages/airflow/example_dags/example_branch_operator_decorator.py
[2023-11-09T20:19:47.590-0500] {logging_mixin.py:154} INFO - [2023-11-09T20:19:47.590-0500] {dag.py:2941} INFO - Sync 1 DAGs
[2023-11-09T20:19:47.601-0500] {logging_mixin.py:154} INFO - [2023-11-09T20:19:47.601-0500] {dag.py:3722} INFO - Setting next_dagrun for example_branch_python_operator_decorator to 2023-11-09T00:00:00+00:00, run_after=2023-11-10T00:00:00+00:00
[2023-11-09T20:19:47.610-0500] {processor.py:179} INFO - Processing /Users/az/anaconda3/envs/python38/lib/python3.8/site-packages/airflow/example_dags/example_branch_operator_decorator.py took 0.162 seconds
[2023-11-09T20:21:49.035-0500] {processor.py:157} INFO - Started process (PID=57171) to work on /Users/az/anaconda3/envs/python38/lib/python3.8/site-packages/airflow/example_dags/example_branch_operator_decorator.py
[2023-11-09T20:21:49.040-0500] {processor.py:829} INFO - Processing file /Users/az/anaconda3/envs/python38/lib/python3.8/site-packages/airflow/example_dags/example_branch_operator_decorator.py for tasks to queue
[2023-11-09T20:21:49.040-0500] {logging_mixin.py:154} INFO - [2023-11-09T20:21:49.040-0500] {dagbag.py:536} INFO - Filling up the DagBag from /Users/az/anaconda3/envs/python38/lib/python3.8/site-packages/airflow/example_dags/example_branch_operator_decorator.py
[2023-11-09T20:21:49.074-0500] {processor.py:839} INFO - DAG(s) dict_keys(['example_branch_python_operator_decorator']) retrieved from /Users/az/anaconda3/envs/python38/lib/python3.8/site-packages/airflow/example_dags/example_branch_operator_decorator.py
[2023-11-09T20:21:49.177-0500] {logging_mixin.py:154} INFO - [2023-11-09T20:21:49.177-0500] {dag.py:2941} INFO - Sync 1 DAGs
[2023-11-09T20:21:49.188-0500] {logging_mixin.py:154} INFO - [2023-11-09T20:21:49.188-0500] {dag.py:3722} INFO - Setting next_dagrun for example_branch_python_operator_decorator to 2023-11-09T00:00:00+00:00, run_after=2023-11-10T00:00:00+00:00
[2023-11-09T20:21:49.198-0500] {processor.py:179} INFO - Processing /Users/az/anaconda3/envs/python38/lib/python3.8/site-packages/airflow/example_dags/example_branch_operator_decorator.py took 0.163 seconds
[2023-11-09T20:23:46.679-0500] {processor.py:157} INFO - Started process (PID=57322) to work on /Users/az/anaconda3/envs/python38/lib/python3.8/site-packages/airflow/example_dags/example_branch_operator_decorator.py
[2023-11-09T20:23:46.684-0500] {processor.py:829} INFO - Processing file /Users/az/anaconda3/envs/python38/lib/python3.8/site-packages/airflow/example_dags/example_branch_operator_decorator.py for tasks to queue
[2023-11-09T20:23:46.684-0500] {logging_mixin.py:154} INFO - [2023-11-09T20:23:46.684-0500] {dagbag.py:536} INFO - Filling up the DagBag from /Users/az/anaconda3/envs/python38/lib/python3.8/site-packages/airflow/example_dags/example_branch_operator_decorator.py
[2023-11-09T20:23:46.718-0500] {processor.py:839} INFO - DAG(s) dict_keys(['example_branch_python_operator_decorator']) retrieved from /Users/az/anaconda3/envs/python38/lib/python3.8/site-packages/airflow/example_dags/example_branch_operator_decorator.py
[2023-11-09T20:23:46.821-0500] {logging_mixin.py:154} INFO - [2023-11-09T20:23:46.821-0500] {dag.py:2941} INFO - Sync 1 DAGs
[2023-11-09T20:23:46.832-0500] {logging_mixin.py:154} INFO - [2023-11-09T20:23:46.831-0500] {dag.py:3722} INFO - Setting next_dagrun for example_branch_python_operator_decorator to 2023-11-09T00:00:00+00:00, run_after=2023-11-10T00:00:00+00:00
[2023-11-09T20:23:46.842-0500] {processor.py:179} INFO - Processing /Users/az/anaconda3/envs/python38/lib/python3.8/site-packages/airflow/example_dags/example_branch_operator_decorator.py took 0.163 seconds
[2023-11-09T20:25:45.532-0500] {processor.py:157} INFO - Started process (PID=57472) to work on /Users/az/anaconda3/envs/python38/lib/python3.8/site-packages/airflow/example_dags/example_branch_operator_decorator.py
[2023-11-09T20:25:45.536-0500] {processor.py:829} INFO - Processing file /Users/az/anaconda3/envs/python38/lib/python3.8/site-packages/airflow/example_dags/example_branch_operator_decorator.py for tasks to queue
[2023-11-09T20:25:45.536-0500] {logging_mixin.py:154} INFO - [2023-11-09T20:25:45.536-0500] {dagbag.py:536} INFO - Filling up the DagBag from /Users/az/anaconda3/envs/python38/lib/python3.8/site-packages/airflow/example_dags/example_branch_operator_decorator.py
[2023-11-09T20:25:45.570-0500] {processor.py:839} INFO - DAG(s) dict_keys(['example_branch_python_operator_decorator']) retrieved from /Users/az/anaconda3/envs/python38/lib/python3.8/site-packages/airflow/example_dags/example_branch_operator_decorator.py
[2023-11-09T20:25:45.674-0500] {logging_mixin.py:154} INFO - [2023-11-09T20:25:45.674-0500] {dag.py:2941} INFO - Sync 1 DAGs
[2023-11-09T20:25:45.684-0500] {logging_mixin.py:154} INFO - [2023-11-09T20:25:45.684-0500] {dag.py:3722} INFO - Setting next_dagrun for example_branch_python_operator_decorator to 2023-11-09T00:00:00+00:00, run_after=2023-11-10T00:00:00+00:00
[2023-11-09T20:25:45.694-0500] {processor.py:179} INFO - Processing /Users/az/anaconda3/envs/python38/lib/python3.8/site-packages/airflow/example_dags/example_branch_operator_decorator.py took 0.162 seconds
[2023-11-09T20:46:22.364-0500] {processor.py:157} INFO - Started process (PID=57787) to work on /Users/az/anaconda3/envs/python38/lib/python3.8/site-packages/airflow/example_dags/example_branch_operator_decorator.py
[2023-11-09T20:46:22.369-0500] {processor.py:829} INFO - Processing file /Users/az/anaconda3/envs/python38/lib/python3.8/site-packages/airflow/example_dags/example_branch_operator_decorator.py for tasks to queue
[2023-11-09T20:46:22.369-0500] {logging_mixin.py:154} INFO - [2023-11-09T20:46:22.369-0500] {dagbag.py:536} INFO - Filling up the DagBag from /Users/az/anaconda3/envs/python38/lib/python3.8/site-packages/airflow/example_dags/example_branch_operator_decorator.py
[2023-11-09T20:46:22.403-0500] {processor.py:839} INFO - DAG(s) dict_keys(['example_branch_python_operator_decorator']) retrieved from /Users/az/anaconda3/envs/python38/lib/python3.8/site-packages/airflow/example_dags/example_branch_operator_decorator.py
[2023-11-09T20:46:22.506-0500] {logging_mixin.py:154} INFO - [2023-11-09T20:46:22.505-0500] {dag.py:2941} INFO - Sync 1 DAGs
[2023-11-09T20:46:22.516-0500] {logging_mixin.py:154} INFO - [2023-11-09T20:46:22.516-0500] {dag.py:3722} INFO - Setting next_dagrun for example_branch_python_operator_decorator to 2023-11-09T00:00:00+00:00, run_after=2023-11-10T00:00:00+00:00
[2023-11-09T20:46:22.526-0500] {processor.py:179} INFO - Processing /Users/az/anaconda3/envs/python38/lib/python3.8/site-packages/airflow/example_dags/example_branch_operator_decorator.py took 0.163 seconds
[2023-11-09T20:48:21.018-0500] {processor.py:157} INFO - Started process (PID=57936) to work on /Users/az/anaconda3/envs/python38/lib/python3.8/site-packages/airflow/example_dags/example_branch_operator_decorator.py
[2023-11-09T20:48:21.023-0500] {processor.py:829} INFO - Processing file /Users/az/anaconda3/envs/python38/lib/python3.8/site-packages/airflow/example_dags/example_branch_operator_decorator.py for tasks to queue
[2023-11-09T20:48:21.023-0500] {logging_mixin.py:154} INFO - [2023-11-09T20:48:21.023-0500] {dagbag.py:536} INFO - Filling up the DagBag from /Users/az/anaconda3/envs/python38/lib/python3.8/site-packages/airflow/example_dags/example_branch_operator_decorator.py
[2023-11-09T20:48:21.061-0500] {processor.py:839} INFO - DAG(s) dict_keys(['example_branch_python_operator_decorator']) retrieved from /Users/az/anaconda3/envs/python38/lib/python3.8/site-packages/airflow/example_dags/example_branch_operator_decorator.py
[2023-11-09T20:48:21.165-0500] {logging_mixin.py:154} INFO - [2023-11-09T20:48:21.165-0500] {dag.py:2941} INFO - Sync 1 DAGs
[2023-11-09T20:48:21.176-0500] {logging_mixin.py:154} INFO - [2023-11-09T20:48:21.175-0500] {dag.py:3722} INFO - Setting next_dagrun for example_branch_python_operator_decorator to 2023-11-09T00:00:00+00:00, run_after=2023-11-10T00:00:00+00:00
[2023-11-09T20:48:21.185-0500] {processor.py:179} INFO - Processing /Users/az/anaconda3/envs/python38/lib/python3.8/site-packages/airflow/example_dags/example_branch_operator_decorator.py took 0.168 seconds
[2023-11-09T20:50:17.358-0500] {processor.py:157} INFO - Started process (PID=58087) to work on /Users/az/anaconda3/envs/python38/lib/python3.8/site-packages/airflow/example_dags/example_branch_operator_decorator.py
[2023-11-09T20:50:17.363-0500] {processor.py:829} INFO - Processing file /Users/az/anaconda3/envs/python38/lib/python3.8/site-packages/airflow/example_dags/example_branch_operator_decorator.py for tasks to queue
[2023-11-09T20:50:17.363-0500] {logging_mixin.py:154} INFO - [2023-11-09T20:50:17.363-0500] {dagbag.py:536} INFO - Filling up the DagBag from /Users/az/anaconda3/envs/python38/lib/python3.8/site-packages/airflow/example_dags/example_branch_operator_decorator.py
[2023-11-09T20:50:17.397-0500] {processor.py:839} INFO - DAG(s) dict_keys(['example_branch_python_operator_decorator']) retrieved from /Users/az/anaconda3/envs/python38/lib/python3.8/site-packages/airflow/example_dags/example_branch_operator_decorator.py
[2023-11-09T20:50:17.500-0500] {logging_mixin.py:154} INFO - [2023-11-09T20:50:17.500-0500] {dag.py:2941} INFO - Sync 1 DAGs
[2023-11-09T20:50:17.510-0500] {logging_mixin.py:154} INFO - [2023-11-09T20:50:17.510-0500] {dag.py:3722} INFO - Setting next_dagrun for example_branch_python_operator_decorator to 2023-11-09T00:00:00+00:00, run_after=2023-11-10T00:00:00+00:00
[2023-11-09T20:50:17.520-0500] {processor.py:179} INFO - Processing /Users/az/anaconda3/envs/python38/lib/python3.8/site-packages/airflow/example_dags/example_branch_operator_decorator.py took 0.163 seconds
[2023-11-09T20:52:24.853-0500] {processor.py:157} INFO - Started process (PID=58251) to work on /Users/az/anaconda3/envs/python38/lib/python3.8/site-packages/airflow/example_dags/example_branch_operator_decorator.py
[2023-11-09T20:52:24.858-0500] {processor.py:829} INFO - Processing file /Users/az/anaconda3/envs/python38/lib/python3.8/site-packages/airflow/example_dags/example_branch_operator_decorator.py for tasks to queue
[2023-11-09T20:52:24.858-0500] {logging_mixin.py:154} INFO - [2023-11-09T20:52:24.858-0500] {dagbag.py:536} INFO - Filling up the DagBag from /Users/az/anaconda3/envs/python38/lib/python3.8/site-packages/airflow/example_dags/example_branch_operator_decorator.py
[2023-11-09T20:52:24.892-0500] {processor.py:839} INFO - DAG(s) dict_keys(['example_branch_python_operator_decorator']) retrieved from /Users/az/anaconda3/envs/python38/lib/python3.8/site-packages/airflow/example_dags/example_branch_operator_decorator.py
[2023-11-09T20:52:24.996-0500] {logging_mixin.py:154} INFO - [2023-11-09T20:52:24.996-0500] {dag.py:2941} INFO - Sync 1 DAGs
[2023-11-09T20:52:25.006-0500] {logging_mixin.py:154} INFO - [2023-11-09T20:52:25.006-0500] {dag.py:3722} INFO - Setting next_dagrun for example_branch_python_operator_decorator to 2023-11-09T00:00:00+00:00, run_after=2023-11-10T00:00:00+00:00
[2023-11-09T20:52:25.016-0500] {processor.py:179} INFO - Processing /Users/az/anaconda3/envs/python38/lib/python3.8/site-packages/airflow/example_dags/example_branch_operator_decorator.py took 0.164 seconds
[2023-11-09T20:54:42.492-0500] {processor.py:157} INFO - Started process (PID=58414) to work on /Users/az/anaconda3/envs/python38/lib/python3.8/site-packages/airflow/example_dags/example_branch_operator_decorator.py
[2023-11-09T20:54:42.497-0500] {processor.py:829} INFO - Processing file /Users/az/anaconda3/envs/python38/lib/python3.8/site-packages/airflow/example_dags/example_branch_operator_decorator.py for tasks to queue
[2023-11-09T20:54:42.497-0500] {logging_mixin.py:154} INFO - [2023-11-09T20:54:42.497-0500] {dagbag.py:536} INFO - Filling up the DagBag from /Users/az/anaconda3/envs/python38/lib/python3.8/site-packages/airflow/example_dags/example_branch_operator_decorator.py
[2023-11-09T20:54:42.531-0500] {processor.py:839} INFO - DAG(s) dict_keys(['example_branch_python_operator_decorator']) retrieved from /Users/az/anaconda3/envs/python38/lib/python3.8/site-packages/airflow/example_dags/example_branch_operator_decorator.py
[2023-11-09T20:54:42.641-0500] {logging_mixin.py:154} INFO - [2023-11-09T20:54:42.641-0500] {dag.py:2941} INFO - Sync 1 DAGs
[2023-11-09T20:54:42.651-0500] {logging_mixin.py:154} INFO - [2023-11-09T20:54:42.651-0500] {dag.py:3722} INFO - Setting next_dagrun for example_branch_python_operator_decorator to 2023-11-09T00:00:00+00:00, run_after=2023-11-10T00:00:00+00:00
[2023-11-09T20:54:42.661-0500] {processor.py:179} INFO - Processing /Users/az/anaconda3/envs/python38/lib/python3.8/site-packages/airflow/example_dags/example_branch_operator_decorator.py took 0.169 seconds
[2023-11-09T20:56:53.328-0500] {processor.py:157} INFO - Started process (PID=58574) to work on /Users/az/anaconda3/envs/python38/lib/python3.8/site-packages/airflow/example_dags/example_branch_operator_decorator.py
[2023-11-09T20:56:53.333-0500] {processor.py:829} INFO - Processing file /Users/az/anaconda3/envs/python38/lib/python3.8/site-packages/airflow/example_dags/example_branch_operator_decorator.py for tasks to queue
[2023-11-09T20:56:53.334-0500] {logging_mixin.py:154} INFO - [2023-11-09T20:56:53.333-0500] {dagbag.py:536} INFO - Filling up the DagBag from /Users/az/anaconda3/envs/python38/lib/python3.8/site-packages/airflow/example_dags/example_branch_operator_decorator.py
[2023-11-09T20:56:53.368-0500] {processor.py:839} INFO - DAG(s) dict_keys(['example_branch_python_operator_decorator']) retrieved from /Users/az/anaconda3/envs/python38/lib/python3.8/site-packages/airflow/example_dags/example_branch_operator_decorator.py
[2023-11-09T20:56:53.470-0500] {logging_mixin.py:154} INFO - [2023-11-09T20:56:53.470-0500] {dag.py:2941} INFO - Sync 1 DAGs
[2023-11-09T20:56:53.481-0500] {logging_mixin.py:154} INFO - [2023-11-09T20:56:53.481-0500] {dag.py:3722} INFO - Setting next_dagrun for example_branch_python_operator_decorator to 2023-11-09T00:00:00+00:00, run_after=2023-11-10T00:00:00+00:00
[2023-11-09T20:56:53.491-0500] {processor.py:179} INFO - Processing /Users/az/anaconda3/envs/python38/lib/python3.8/site-packages/airflow/example_dags/example_branch_operator_decorator.py took 0.163 seconds
[2023-11-09T20:59:02.123-0500] {processor.py:157} INFO - Started process (PID=58724) to work on /Users/az/anaconda3/envs/python38/lib/python3.8/site-packages/airflow/example_dags/example_branch_operator_decorator.py
[2023-11-09T20:59:02.128-0500] {processor.py:829} INFO - Processing file /Users/az/anaconda3/envs/python38/lib/python3.8/site-packages/airflow/example_dags/example_branch_operator_decorator.py for tasks to queue
[2023-11-09T20:59:02.128-0500] {logging_mixin.py:154} INFO - [2023-11-09T20:59:02.128-0500] {dagbag.py:536} INFO - Filling up the DagBag from /Users/az/anaconda3/envs/python38/lib/python3.8/site-packages/airflow/example_dags/example_branch_operator_decorator.py
[2023-11-09T20:59:02.162-0500] {processor.py:839} INFO - DAG(s) dict_keys(['example_branch_python_operator_decorator']) retrieved from /Users/az/anaconda3/envs/python38/lib/python3.8/site-packages/airflow/example_dags/example_branch_operator_decorator.py
[2023-11-09T20:59:02.266-0500] {logging_mixin.py:154} INFO - [2023-11-09T20:59:02.266-0500] {dag.py:2941} INFO - Sync 1 DAGs
[2023-11-09T20:59:02.276-0500] {logging_mixin.py:154} INFO - [2023-11-09T20:59:02.276-0500] {dag.py:3722} INFO - Setting next_dagrun for example_branch_python_operator_decorator to 2023-11-09T00:00:00+00:00, run_after=2023-11-10T00:00:00+00:00
[2023-11-09T20:59:02.286-0500] {processor.py:179} INFO - Processing /Users/az/anaconda3/envs/python38/lib/python3.8/site-packages/airflow/example_dags/example_branch_operator_decorator.py took 0.163 seconds
[2023-11-09T21:01:15.871-0500] {processor.py:157} INFO - Started process (PID=58910) to work on /Users/az/anaconda3/envs/python38/lib/python3.8/site-packages/airflow/example_dags/example_branch_operator_decorator.py
[2023-11-09T21:01:15.877-0500] {processor.py:829} INFO - Processing file /Users/az/anaconda3/envs/python38/lib/python3.8/site-packages/airflow/example_dags/example_branch_operator_decorator.py for tasks to queue
[2023-11-09T21:01:15.878-0500] {logging_mixin.py:154} INFO - [2023-11-09T21:01:15.878-0500] {dagbag.py:536} INFO - Filling up the DagBag from /Users/az/anaconda3/envs/python38/lib/python3.8/site-packages/airflow/example_dags/example_branch_operator_decorator.py
[2023-11-09T21:01:15.989-0500] {processor.py:839} INFO - DAG(s) dict_keys(['example_branch_python_operator_decorator']) retrieved from /Users/az/anaconda3/envs/python38/lib/python3.8/site-packages/airflow/example_dags/example_branch_operator_decorator.py
[2023-11-09T21:01:16.414-0500] {logging_mixin.py:154} INFO - [2023-11-09T21:01:16.403-0500] {dag.py:2941} INFO - Sync 1 DAGs
[2023-11-09T21:01:16.496-0500] {logging_mixin.py:154} INFO - [2023-11-09T21:01:16.488-0500] {dag.py:3722} INFO - Setting next_dagrun for example_branch_python_operator_decorator to 2023-11-09T00:00:00+00:00, run_after=2023-11-10T00:00:00+00:00
[2023-11-09T21:01:16.537-0500] {processor.py:179} INFO - Processing /Users/az/anaconda3/envs/python38/lib/python3.8/site-packages/airflow/example_dags/example_branch_operator_decorator.py took 0.686 seconds
[2023-11-09T21:03:22.198-0500] {processor.py:157} INFO - Started process (PID=59075) to work on /Users/az/anaconda3/envs/python38/lib/python3.8/site-packages/airflow/example_dags/example_branch_operator_decorator.py
[2023-11-09T21:03:22.203-0500] {processor.py:829} INFO - Processing file /Users/az/anaconda3/envs/python38/lib/python3.8/site-packages/airflow/example_dags/example_branch_operator_decorator.py for tasks to queue
[2023-11-09T21:03:22.203-0500] {logging_mixin.py:154} INFO - [2023-11-09T21:03:22.203-0500] {dagbag.py:536} INFO - Filling up the DagBag from /Users/az/anaconda3/envs/python38/lib/python3.8/site-packages/airflow/example_dags/example_branch_operator_decorator.py
[2023-11-09T21:03:22.237-0500] {processor.py:839} INFO - DAG(s) dict_keys(['example_branch_python_operator_decorator']) retrieved from /Users/az/anaconda3/envs/python38/lib/python3.8/site-packages/airflow/example_dags/example_branch_operator_decorator.py
[2023-11-09T21:03:22.340-0500] {logging_mixin.py:154} INFO - [2023-11-09T21:03:22.340-0500] {dag.py:2941} INFO - Sync 1 DAGs
[2023-11-09T21:03:22.351-0500] {logging_mixin.py:154} INFO - [2023-11-09T21:03:22.351-0500] {dag.py:3722} INFO - Setting next_dagrun for example_branch_python_operator_decorator to 2023-11-09T00:00:00+00:00, run_after=2023-11-10T00:00:00+00:00
[2023-11-09T21:03:22.361-0500] {processor.py:179} INFO - Processing /Users/az/anaconda3/envs/python38/lib/python3.8/site-packages/airflow/example_dags/example_branch_operator_decorator.py took 0.164 seconds
[2023-11-09T21:05:22.216-0500] {processor.py:157} INFO - Started process (PID=59255) to work on /Users/az/anaconda3/envs/python38/lib/python3.8/site-packages/airflow/example_dags/example_branch_operator_decorator.py
[2023-11-09T21:05:22.220-0500] {processor.py:829} INFO - Processing file /Users/az/anaconda3/envs/python38/lib/python3.8/site-packages/airflow/example_dags/example_branch_operator_decorator.py for tasks to queue
[2023-11-09T21:05:22.221-0500] {logging_mixin.py:154} INFO - [2023-11-09T21:05:22.221-0500] {dagbag.py:536} INFO - Filling up the DagBag from /Users/az/anaconda3/envs/python38/lib/python3.8/site-packages/airflow/example_dags/example_branch_operator_decorator.py
[2023-11-09T21:05:22.255-0500] {processor.py:839} INFO - DAG(s) dict_keys(['example_branch_python_operator_decorator']) retrieved from /Users/az/anaconda3/envs/python38/lib/python3.8/site-packages/airflow/example_dags/example_branch_operator_decorator.py
[2023-11-09T21:05:22.357-0500] {logging_mixin.py:154} INFO - [2023-11-09T21:05:22.357-0500] {dag.py:2941} INFO - Sync 1 DAGs
[2023-11-09T21:05:22.368-0500] {logging_mixin.py:154} INFO - [2023-11-09T21:05:22.368-0500] {dag.py:3722} INFO - Setting next_dagrun for example_branch_python_operator_decorator to 2023-11-09T00:00:00+00:00, run_after=2023-11-10T00:00:00+00:00
[2023-11-09T21:05:22.378-0500] {processor.py:179} INFO - Processing /Users/az/anaconda3/envs/python38/lib/python3.8/site-packages/airflow/example_dags/example_branch_operator_decorator.py took 0.162 seconds
[2023-11-09T21:07:25.709-0500] {processor.py:157} INFO - Started process (PID=59408) to work on /Users/az/anaconda3/envs/python38/lib/python3.8/site-packages/airflow/example_dags/example_branch_operator_decorator.py
[2023-11-09T21:07:25.713-0500] {processor.py:829} INFO - Processing file /Users/az/anaconda3/envs/python38/lib/python3.8/site-packages/airflow/example_dags/example_branch_operator_decorator.py for tasks to queue
[2023-11-09T21:07:25.714-0500] {logging_mixin.py:154} INFO - [2023-11-09T21:07:25.713-0500] {dagbag.py:536} INFO - Filling up the DagBag from /Users/az/anaconda3/envs/python38/lib/python3.8/site-packages/airflow/example_dags/example_branch_operator_decorator.py
[2023-11-09T21:07:25.748-0500] {processor.py:839} INFO - DAG(s) dict_keys(['example_branch_python_operator_decorator']) retrieved from /Users/az/anaconda3/envs/python38/lib/python3.8/site-packages/airflow/example_dags/example_branch_operator_decorator.py
[2023-11-09T21:07:25.853-0500] {logging_mixin.py:154} INFO - [2023-11-09T21:07:25.853-0500] {dag.py:2941} INFO - Sync 1 DAGs
[2023-11-09T21:07:25.863-0500] {logging_mixin.py:154} INFO - [2023-11-09T21:07:25.863-0500] {dag.py:3722} INFO - Setting next_dagrun for example_branch_python_operator_decorator to 2023-11-09T00:00:00+00:00, run_after=2023-11-10T00:00:00+00:00
[2023-11-09T21:07:25.873-0500] {processor.py:179} INFO - Processing /Users/az/anaconda3/envs/python38/lib/python3.8/site-packages/airflow/example_dags/example_branch_operator_decorator.py took 0.165 seconds
[2023-11-09T21:09:22.949-0500] {processor.py:157} INFO - Started process (PID=59556) to work on /Users/az/anaconda3/envs/python38/lib/python3.8/site-packages/airflow/example_dags/example_branch_operator_decorator.py
[2023-11-09T21:09:22.954-0500] {processor.py:829} INFO - Processing file /Users/az/anaconda3/envs/python38/lib/python3.8/site-packages/airflow/example_dags/example_branch_operator_decorator.py for tasks to queue
[2023-11-09T21:09:22.955-0500] {logging_mixin.py:154} INFO - [2023-11-09T21:09:22.955-0500] {dagbag.py:536} INFO - Filling up the DagBag from /Users/az/anaconda3/envs/python38/lib/python3.8/site-packages/airflow/example_dags/example_branch_operator_decorator.py
[2023-11-09T21:09:22.989-0500] {processor.py:839} INFO - DAG(s) dict_keys(['example_branch_python_operator_decorator']) retrieved from /Users/az/anaconda3/envs/python38/lib/python3.8/site-packages/airflow/example_dags/example_branch_operator_decorator.py
[2023-11-09T21:09:23.093-0500] {logging_mixin.py:154} INFO - [2023-11-09T21:09:23.093-0500] {dag.py:2941} INFO - Sync 1 DAGs
[2023-11-09T21:09:23.104-0500] {logging_mixin.py:154} INFO - [2023-11-09T21:09:23.103-0500] {dag.py:3722} INFO - Setting next_dagrun for example_branch_python_operator_decorator to 2023-11-09T00:00:00+00:00, run_after=2023-11-10T00:00:00+00:00
[2023-11-09T21:09:23.114-0500] {processor.py:179} INFO - Processing /Users/az/anaconda3/envs/python38/lib/python3.8/site-packages/airflow/example_dags/example_branch_operator_decorator.py took 0.165 seconds
[2023-11-09T21:11:25.006-0500] {processor.py:157} INFO - Started process (PID=59719) to work on /Users/az/anaconda3/envs/python38/lib/python3.8/site-packages/airflow/example_dags/example_branch_operator_decorator.py
[2023-11-09T21:11:25.010-0500] {processor.py:829} INFO - Processing file /Users/az/anaconda3/envs/python38/lib/python3.8/site-packages/airflow/example_dags/example_branch_operator_decorator.py for tasks to queue
[2023-11-09T21:11:25.011-0500] {logging_mixin.py:154} INFO - [2023-11-09T21:11:25.011-0500] {dagbag.py:536} INFO - Filling up the DagBag from /Users/az/anaconda3/envs/python38/lib/python3.8/site-packages/airflow/example_dags/example_branch_operator_decorator.py
[2023-11-09T21:11:25.045-0500] {processor.py:839} INFO - DAG(s) dict_keys(['example_branch_python_operator_decorator']) retrieved from /Users/az/anaconda3/envs/python38/lib/python3.8/site-packages/airflow/example_dags/example_branch_operator_decorator.py
[2023-11-09T21:11:25.151-0500] {logging_mixin.py:154} INFO - [2023-11-09T21:11:25.151-0500] {dag.py:2941} INFO - Sync 1 DAGs
[2023-11-09T21:11:25.162-0500] {logging_mixin.py:154} INFO - [2023-11-09T21:11:25.162-0500] {dag.py:3722} INFO - Setting next_dagrun for example_branch_python_operator_decorator to 2023-11-09T00:00:00+00:00, run_after=2023-11-10T00:00:00+00:00
[2023-11-09T21:11:25.172-0500] {processor.py:179} INFO - Processing /Users/az/anaconda3/envs/python38/lib/python3.8/site-packages/airflow/example_dags/example_branch_operator_decorator.py took 0.167 seconds
[2023-11-09T21:13:23.733-0500] {processor.py:157} INFO - Started process (PID=59866) to work on /Users/az/anaconda3/envs/python38/lib/python3.8/site-packages/airflow/example_dags/example_branch_operator_decorator.py
[2023-11-09T21:13:23.737-0500] {processor.py:829} INFO - Processing file /Users/az/anaconda3/envs/python38/lib/python3.8/site-packages/airflow/example_dags/example_branch_operator_decorator.py for tasks to queue
[2023-11-09T21:13:23.738-0500] {logging_mixin.py:154} INFO - [2023-11-09T21:13:23.738-0500] {dagbag.py:536} INFO - Filling up the DagBag from /Users/az/anaconda3/envs/python38/lib/python3.8/site-packages/airflow/example_dags/example_branch_operator_decorator.py
[2023-11-09T21:13:23.772-0500] {processor.py:839} INFO - DAG(s) dict_keys(['example_branch_python_operator_decorator']) retrieved from /Users/az/anaconda3/envs/python38/lib/python3.8/site-packages/airflow/example_dags/example_branch_operator_decorator.py
[2023-11-09T21:13:23.877-0500] {logging_mixin.py:154} INFO - [2023-11-09T21:13:23.877-0500] {dag.py:2941} INFO - Sync 1 DAGs
[2023-11-09T21:13:23.888-0500] {logging_mixin.py:154} INFO - [2023-11-09T21:13:23.888-0500] {dag.py:3722} INFO - Setting next_dagrun for example_branch_python_operator_decorator to 2023-11-09T00:00:00+00:00, run_after=2023-11-10T00:00:00+00:00
[2023-11-09T21:13:23.898-0500] {processor.py:179} INFO - Processing /Users/az/anaconda3/envs/python38/lib/python3.8/site-packages/airflow/example_dags/example_branch_operator_decorator.py took 0.166 seconds
