[2023-11-09T19:00:15.260-0500] {processor.py:157} INFO - Started process (PID=48780) to work on /Users/az/anaconda3/envs/python38/lib/python3.8/site-packages/airflow/example_dags/example_branch_python_dop_operator_3.py
[2023-11-09T19:00:15.264-0500] {processor.py:829} INFO - Processing file /Users/az/anaconda3/envs/python38/lib/python3.8/site-packages/airflow/example_dags/example_branch_python_dop_operator_3.py for tasks to queue
[2023-11-09T19:00:15.265-0500] {logging_mixin.py:154} INFO - [2023-11-09T19:00:15.264-0500] {dagbag.py:536} INFO - Filling up the DagBag from /Users/az/anaconda3/envs/python38/lib/python3.8/site-packages/airflow/example_dags/example_branch_python_dop_operator_3.py
[2023-11-09T19:00:15.302-0500] {processor.py:839} INFO - DAG(s) dict_keys(['example_branch_dop_operator_v3']) retrieved from /Users/az/anaconda3/envs/python38/lib/python3.8/site-packages/airflow/example_dags/example_branch_python_dop_operator_3.py
[2023-11-09T19:00:15.405-0500] {logging_mixin.py:154} INFO - [2023-11-09T19:00:15.405-0500] {dag.py:2941} INFO - Sync 1 DAGs
[2023-11-09T19:00:15.417-0500] {logging_mixin.py:154} INFO - [2023-11-09T19:00:15.417-0500] {dag.py:3722} INFO - Setting next_dagrun for example_branch_dop_operator_v3 to 2023-11-09T23:59:00+00:00, run_after=2023-11-10T00:00:00+00:00
[2023-11-09T19:00:15.427-0500] {processor.py:179} INFO - Processing /Users/az/anaconda3/envs/python38/lib/python3.8/site-packages/airflow/example_dags/example_branch_python_dop_operator_3.py took 0.167 seconds
[2023-11-09T19:02:19.041-0500] {processor.py:157} INFO - Started process (PID=48934) to work on /Users/az/anaconda3/envs/python38/lib/python3.8/site-packages/airflow/example_dags/example_branch_python_dop_operator_3.py
[2023-11-09T19:02:19.044-0500] {processor.py:829} INFO - Processing file /Users/az/anaconda3/envs/python38/lib/python3.8/site-packages/airflow/example_dags/example_branch_python_dop_operator_3.py for tasks to queue
[2023-11-09T19:02:19.045-0500] {logging_mixin.py:154} INFO - [2023-11-09T19:02:19.045-0500] {dagbag.py:536} INFO - Filling up the DagBag from /Users/az/anaconda3/envs/python38/lib/python3.8/site-packages/airflow/example_dags/example_branch_python_dop_operator_3.py
[2023-11-09T19:02:19.082-0500] {processor.py:839} INFO - DAG(s) dict_keys(['example_branch_dop_operator_v3']) retrieved from /Users/az/anaconda3/envs/python38/lib/python3.8/site-packages/airflow/example_dags/example_branch_python_dop_operator_3.py
[2023-11-09T19:02:19.186-0500] {logging_mixin.py:154} INFO - [2023-11-09T19:02:19.186-0500] {dag.py:2941} INFO - Sync 1 DAGs
[2023-11-09T19:02:19.198-0500] {logging_mixin.py:154} INFO - [2023-11-09T19:02:19.198-0500] {dag.py:3722} INFO - Setting next_dagrun for example_branch_dop_operator_v3 to 2023-11-10T00:01:00+00:00, run_after=2023-11-10T00:02:00+00:00
[2023-11-09T19:02:19.209-0500] {processor.py:179} INFO - Processing /Users/az/anaconda3/envs/python38/lib/python3.8/site-packages/airflow/example_dags/example_branch_python_dop_operator_3.py took 0.169 seconds
[2023-11-09T19:04:27.462-0500] {processor.py:157} INFO - Started process (PID=49094) to work on /Users/az/anaconda3/envs/python38/lib/python3.8/site-packages/airflow/example_dags/example_branch_python_dop_operator_3.py
[2023-11-09T19:04:27.466-0500] {processor.py:829} INFO - Processing file /Users/az/anaconda3/envs/python38/lib/python3.8/site-packages/airflow/example_dags/example_branch_python_dop_operator_3.py for tasks to queue
[2023-11-09T19:04:27.466-0500] {logging_mixin.py:154} INFO - [2023-11-09T19:04:27.466-0500] {dagbag.py:536} INFO - Filling up the DagBag from /Users/az/anaconda3/envs/python38/lib/python3.8/site-packages/airflow/example_dags/example_branch_python_dop_operator_3.py
[2023-11-09T19:04:27.499-0500] {processor.py:839} INFO - DAG(s) dict_keys(['example_branch_dop_operator_v3']) retrieved from /Users/az/anaconda3/envs/python38/lib/python3.8/site-packages/airflow/example_dags/example_branch_python_dop_operator_3.py
[2023-11-09T19:04:27.617-0500] {logging_mixin.py:154} INFO - [2023-11-09T19:04:27.616-0500] {dag.py:2941} INFO - Sync 1 DAGs
[2023-11-09T19:04:27.629-0500] {logging_mixin.py:154} INFO - [2023-11-09T19:04:27.629-0500] {dag.py:3722} INFO - Setting next_dagrun for example_branch_dop_operator_v3 to 2023-11-10T00:03:00+00:00, run_after=2023-11-10T00:04:00+00:00
[2023-11-09T19:04:27.639-0500] {processor.py:179} INFO - Processing /Users/az/anaconda3/envs/python38/lib/python3.8/site-packages/airflow/example_dags/example_branch_python_dop_operator_3.py took 0.178 seconds
[2023-11-09T19:06:26.825-0500] {processor.py:157} INFO - Started process (PID=49245) to work on /Users/az/anaconda3/envs/python38/lib/python3.8/site-packages/airflow/example_dags/example_branch_python_dop_operator_3.py
[2023-11-09T19:06:26.830-0500] {processor.py:829} INFO - Processing file /Users/az/anaconda3/envs/python38/lib/python3.8/site-packages/airflow/example_dags/example_branch_python_dop_operator_3.py for tasks to queue
[2023-11-09T19:06:26.830-0500] {logging_mixin.py:154} INFO - [2023-11-09T19:06:26.830-0500] {dagbag.py:536} INFO - Filling up the DagBag from /Users/az/anaconda3/envs/python38/lib/python3.8/site-packages/airflow/example_dags/example_branch_python_dop_operator_3.py
[2023-11-09T19:06:26.867-0500] {processor.py:839} INFO - DAG(s) dict_keys(['example_branch_dop_operator_v3']) retrieved from /Users/az/anaconda3/envs/python38/lib/python3.8/site-packages/airflow/example_dags/example_branch_python_dop_operator_3.py
[2023-11-09T19:06:26.969-0500] {logging_mixin.py:154} INFO - [2023-11-09T19:06:26.969-0500] {dag.py:2941} INFO - Sync 1 DAGs
[2023-11-09T19:06:26.981-0500] {logging_mixin.py:154} INFO - [2023-11-09T19:06:26.981-0500] {dag.py:3722} INFO - Setting next_dagrun for example_branch_dop_operator_v3 to 2023-11-10T00:05:00+00:00, run_after=2023-11-10T00:06:00+00:00
[2023-11-09T19:06:26.992-0500] {processor.py:179} INFO - Processing /Users/az/anaconda3/envs/python38/lib/python3.8/site-packages/airflow/example_dags/example_branch_python_dop_operator_3.py took 0.168 seconds
[2023-11-09T19:08:27.718-0500] {processor.py:157} INFO - Started process (PID=49392) to work on /Users/az/anaconda3/envs/python38/lib/python3.8/site-packages/airflow/example_dags/example_branch_python_dop_operator_3.py
[2023-11-09T19:08:27.723-0500] {processor.py:829} INFO - Processing file /Users/az/anaconda3/envs/python38/lib/python3.8/site-packages/airflow/example_dags/example_branch_python_dop_operator_3.py for tasks to queue
[2023-11-09T19:08:27.723-0500] {logging_mixin.py:154} INFO - [2023-11-09T19:08:27.723-0500] {dagbag.py:536} INFO - Filling up the DagBag from /Users/az/anaconda3/envs/python38/lib/python3.8/site-packages/airflow/example_dags/example_branch_python_dop_operator_3.py
[2023-11-09T19:08:27.759-0500] {processor.py:839} INFO - DAG(s) dict_keys(['example_branch_dop_operator_v3']) retrieved from /Users/az/anaconda3/envs/python38/lib/python3.8/site-packages/airflow/example_dags/example_branch_python_dop_operator_3.py
[2023-11-09T19:08:27.864-0500] {logging_mixin.py:154} INFO - [2023-11-09T19:08:27.863-0500] {dag.py:2941} INFO - Sync 1 DAGs
[2023-11-09T19:08:27.876-0500] {logging_mixin.py:154} INFO - [2023-11-09T19:08:27.876-0500] {dag.py:3722} INFO - Setting next_dagrun for example_branch_dop_operator_v3 to 2023-11-10T00:07:00+00:00, run_after=2023-11-10T00:08:00+00:00
[2023-11-09T19:08:27.886-0500] {processor.py:179} INFO - Processing /Users/az/anaconda3/envs/python38/lib/python3.8/site-packages/airflow/example_dags/example_branch_python_dop_operator_3.py took 0.168 seconds
[2023-11-09T19:10:28.156-0500] {processor.py:157} INFO - Started process (PID=49537) to work on /Users/az/anaconda3/envs/python38/lib/python3.8/site-packages/airflow/example_dags/example_branch_python_dop_operator_3.py
[2023-11-09T19:10:28.160-0500] {processor.py:829} INFO - Processing file /Users/az/anaconda3/envs/python38/lib/python3.8/site-packages/airflow/example_dags/example_branch_python_dop_operator_3.py for tasks to queue
[2023-11-09T19:10:28.160-0500] {logging_mixin.py:154} INFO - [2023-11-09T19:10:28.160-0500] {dagbag.py:536} INFO - Filling up the DagBag from /Users/az/anaconda3/envs/python38/lib/python3.8/site-packages/airflow/example_dags/example_branch_python_dop_operator_3.py
[2023-11-09T19:10:28.197-0500] {processor.py:839} INFO - DAG(s) dict_keys(['example_branch_dop_operator_v3']) retrieved from /Users/az/anaconda3/envs/python38/lib/python3.8/site-packages/airflow/example_dags/example_branch_python_dop_operator_3.py
[2023-11-09T19:10:28.301-0500] {logging_mixin.py:154} INFO - [2023-11-09T19:10:28.300-0500] {dag.py:2941} INFO - Sync 1 DAGs
[2023-11-09T19:10:28.331-0500] {logging_mixin.py:154} INFO - [2023-11-09T19:10:28.331-0500] {dag.py:3722} INFO - Setting next_dagrun for example_branch_dop_operator_v3 to 2023-11-10T00:09:00+00:00, run_after=2023-11-10T00:10:00+00:00
[2023-11-09T19:10:28.341-0500] {processor.py:179} INFO - Processing /Users/az/anaconda3/envs/python38/lib/python3.8/site-packages/airflow/example_dags/example_branch_python_dop_operator_3.py took 0.186 seconds
[2023-11-09T19:12:29.013-0500] {processor.py:157} INFO - Started process (PID=49692) to work on /Users/az/anaconda3/envs/python38/lib/python3.8/site-packages/airflow/example_dags/example_branch_python_dop_operator_3.py
[2023-11-09T19:12:29.018-0500] {processor.py:829} INFO - Processing file /Users/az/anaconda3/envs/python38/lib/python3.8/site-packages/airflow/example_dags/example_branch_python_dop_operator_3.py for tasks to queue
[2023-11-09T19:12:29.018-0500] {logging_mixin.py:154} INFO - [2023-11-09T19:12:29.018-0500] {dagbag.py:536} INFO - Filling up the DagBag from /Users/az/anaconda3/envs/python38/lib/python3.8/site-packages/airflow/example_dags/example_branch_python_dop_operator_3.py
[2023-11-09T19:12:29.055-0500] {processor.py:839} INFO - DAG(s) dict_keys(['example_branch_dop_operator_v3']) retrieved from /Users/az/anaconda3/envs/python38/lib/python3.8/site-packages/airflow/example_dags/example_branch_python_dop_operator_3.py
[2023-11-09T19:12:29.158-0500] {logging_mixin.py:154} INFO - [2023-11-09T19:12:29.158-0500] {dag.py:2941} INFO - Sync 1 DAGs
[2023-11-09T19:12:29.171-0500] {logging_mixin.py:154} INFO - [2023-11-09T19:12:29.170-0500] {dag.py:3722} INFO - Setting next_dagrun for example_branch_dop_operator_v3 to 2023-11-10T00:11:00+00:00, run_after=2023-11-10T00:12:00+00:00
[2023-11-09T19:12:29.181-0500] {processor.py:179} INFO - Processing /Users/az/anaconda3/envs/python38/lib/python3.8/site-packages/airflow/example_dags/example_branch_python_dop_operator_3.py took 0.168 seconds
[2023-11-09T19:14:25.206-0500] {processor.py:157} INFO - Started process (PID=49845) to work on /Users/az/anaconda3/envs/python38/lib/python3.8/site-packages/airflow/example_dags/example_branch_python_dop_operator_3.py
[2023-11-09T19:14:25.211-0500] {processor.py:829} INFO - Processing file /Users/az/anaconda3/envs/python38/lib/python3.8/site-packages/airflow/example_dags/example_branch_python_dop_operator_3.py for tasks to queue
[2023-11-09T19:14:25.211-0500] {logging_mixin.py:154} INFO - [2023-11-09T19:14:25.211-0500] {dagbag.py:536} INFO - Filling up the DagBag from /Users/az/anaconda3/envs/python38/lib/python3.8/site-packages/airflow/example_dags/example_branch_python_dop_operator_3.py
[2023-11-09T19:14:25.245-0500] {processor.py:839} INFO - DAG(s) dict_keys(['example_branch_dop_operator_v3']) retrieved from /Users/az/anaconda3/envs/python38/lib/python3.8/site-packages/airflow/example_dags/example_branch_python_dop_operator_3.py
[2023-11-09T19:14:25.348-0500] {logging_mixin.py:154} INFO - [2023-11-09T19:14:25.347-0500] {dag.py:2941} INFO - Sync 1 DAGs
[2023-11-09T19:14:25.360-0500] {logging_mixin.py:154} INFO - [2023-11-09T19:14:25.360-0500] {dag.py:3722} INFO - Setting next_dagrun for example_branch_dop_operator_v3 to 2023-11-10T00:13:00+00:00, run_after=2023-11-10T00:14:00+00:00
[2023-11-09T19:14:25.370-0500] {processor.py:179} INFO - Processing /Users/az/anaconda3/envs/python38/lib/python3.8/site-packages/airflow/example_dags/example_branch_python_dop_operator_3.py took 0.164 seconds
[2023-11-09T19:16:25.854-0500] {processor.py:157} INFO - Started process (PID=49990) to work on /Users/az/anaconda3/envs/python38/lib/python3.8/site-packages/airflow/example_dags/example_branch_python_dop_operator_3.py
[2023-11-09T19:16:25.859-0500] {processor.py:829} INFO - Processing file /Users/az/anaconda3/envs/python38/lib/python3.8/site-packages/airflow/example_dags/example_branch_python_dop_operator_3.py for tasks to queue
[2023-11-09T19:16:25.859-0500] {logging_mixin.py:154} INFO - [2023-11-09T19:16:25.859-0500] {dagbag.py:536} INFO - Filling up the DagBag from /Users/az/anaconda3/envs/python38/lib/python3.8/site-packages/airflow/example_dags/example_branch_python_dop_operator_3.py
[2023-11-09T19:16:25.894-0500] {processor.py:839} INFO - DAG(s) dict_keys(['example_branch_dop_operator_v3']) retrieved from /Users/az/anaconda3/envs/python38/lib/python3.8/site-packages/airflow/example_dags/example_branch_python_dop_operator_3.py
[2023-11-09T19:16:25.997-0500] {logging_mixin.py:154} INFO - [2023-11-09T19:16:25.997-0500] {dag.py:2941} INFO - Sync 1 DAGs
[2023-11-09T19:16:26.009-0500] {logging_mixin.py:154} INFO - [2023-11-09T19:16:26.009-0500] {dag.py:3722} INFO - Setting next_dagrun for example_branch_dop_operator_v3 to 2023-11-10T00:15:00+00:00, run_after=2023-11-10T00:16:00+00:00
[2023-11-09T19:16:26.019-0500] {processor.py:179} INFO - Processing /Users/az/anaconda3/envs/python38/lib/python3.8/site-packages/airflow/example_dags/example_branch_python_dop_operator_3.py took 0.165 seconds
[2023-11-09T19:18:38.137-0500] {processor.py:157} INFO - Started process (PID=50151) to work on /Users/az/anaconda3/envs/python38/lib/python3.8/site-packages/airflow/example_dags/example_branch_python_dop_operator_3.py
[2023-11-09T19:18:38.141-0500] {processor.py:829} INFO - Processing file /Users/az/anaconda3/envs/python38/lib/python3.8/site-packages/airflow/example_dags/example_branch_python_dop_operator_3.py for tasks to queue
[2023-11-09T19:18:38.142-0500] {logging_mixin.py:154} INFO - [2023-11-09T19:18:38.142-0500] {dagbag.py:536} INFO - Filling up the DagBag from /Users/az/anaconda3/envs/python38/lib/python3.8/site-packages/airflow/example_dags/example_branch_python_dop_operator_3.py
[2023-11-09T19:18:38.175-0500] {processor.py:839} INFO - DAG(s) dict_keys(['example_branch_dop_operator_v3']) retrieved from /Users/az/anaconda3/envs/python38/lib/python3.8/site-packages/airflow/example_dags/example_branch_python_dop_operator_3.py
[2023-11-09T19:18:38.275-0500] {logging_mixin.py:154} INFO - [2023-11-09T19:18:38.275-0500] {dag.py:2941} INFO - Sync 1 DAGs
[2023-11-09T19:18:38.287-0500] {logging_mixin.py:154} INFO - [2023-11-09T19:18:38.287-0500] {dag.py:3722} INFO - Setting next_dagrun for example_branch_dop_operator_v3 to 2023-11-10T00:17:00+00:00, run_after=2023-11-10T00:18:00+00:00
[2023-11-09T19:18:38.297-0500] {processor.py:179} INFO - Processing /Users/az/anaconda3/envs/python38/lib/python3.8/site-packages/airflow/example_dags/example_branch_python_dop_operator_3.py took 0.161 seconds
[2023-11-09T19:20:40.071-0500] {processor.py:157} INFO - Started process (PID=50304) to work on /Users/az/anaconda3/envs/python38/lib/python3.8/site-packages/airflow/example_dags/example_branch_python_dop_operator_3.py
[2023-11-09T19:20:40.076-0500] {processor.py:829} INFO - Processing file /Users/az/anaconda3/envs/python38/lib/python3.8/site-packages/airflow/example_dags/example_branch_python_dop_operator_3.py for tasks to queue
[2023-11-09T19:20:40.076-0500] {logging_mixin.py:154} INFO - [2023-11-09T19:20:40.076-0500] {dagbag.py:536} INFO - Filling up the DagBag from /Users/az/anaconda3/envs/python38/lib/python3.8/site-packages/airflow/example_dags/example_branch_python_dop_operator_3.py
[2023-11-09T19:20:40.109-0500] {processor.py:839} INFO - DAG(s) dict_keys(['example_branch_dop_operator_v3']) retrieved from /Users/az/anaconda3/envs/python38/lib/python3.8/site-packages/airflow/example_dags/example_branch_python_dop_operator_3.py
[2023-11-09T19:20:40.211-0500] {logging_mixin.py:154} INFO - [2023-11-09T19:20:40.211-0500] {dag.py:2941} INFO - Sync 1 DAGs
[2023-11-09T19:20:40.223-0500] {logging_mixin.py:154} INFO - [2023-11-09T19:20:40.223-0500] {dag.py:3722} INFO - Setting next_dagrun for example_branch_dop_operator_v3 to 2023-11-10T00:19:00+00:00, run_after=2023-11-10T00:20:00+00:00
[2023-11-09T19:20:40.234-0500] {processor.py:179} INFO - Processing /Users/az/anaconda3/envs/python38/lib/python3.8/site-packages/airflow/example_dags/example_branch_python_dop_operator_3.py took 0.163 seconds
[2023-11-09T19:22:48.847-0500] {processor.py:157} INFO - Started process (PID=50465) to work on /Users/az/anaconda3/envs/python38/lib/python3.8/site-packages/airflow/example_dags/example_branch_python_dop_operator_3.py
[2023-11-09T19:22:48.851-0500] {processor.py:829} INFO - Processing file /Users/az/anaconda3/envs/python38/lib/python3.8/site-packages/airflow/example_dags/example_branch_python_dop_operator_3.py for tasks to queue
[2023-11-09T19:22:48.851-0500] {logging_mixin.py:154} INFO - [2023-11-09T19:22:48.851-0500] {dagbag.py:536} INFO - Filling up the DagBag from /Users/az/anaconda3/envs/python38/lib/python3.8/site-packages/airflow/example_dags/example_branch_python_dop_operator_3.py
[2023-11-09T19:22:48.888-0500] {processor.py:839} INFO - DAG(s) dict_keys(['example_branch_dop_operator_v3']) retrieved from /Users/az/anaconda3/envs/python38/lib/python3.8/site-packages/airflow/example_dags/example_branch_python_dop_operator_3.py
[2023-11-09T19:22:48.990-0500] {logging_mixin.py:154} INFO - [2023-11-09T19:22:48.990-0500] {dag.py:2941} INFO - Sync 1 DAGs
[2023-11-09T19:22:49.010-0500] {logging_mixin.py:154} INFO - [2023-11-09T19:22:49.009-0500] {dag.py:3722} INFO - Setting next_dagrun for example_branch_dop_operator_v3 to 2023-11-10T00:21:00+00:00, run_after=2023-11-10T00:22:00+00:00
[2023-11-09T19:22:49.021-0500] {processor.py:179} INFO - Processing /Users/az/anaconda3/envs/python38/lib/python3.8/site-packages/airflow/example_dags/example_branch_python_dop_operator_3.py took 0.175 seconds
[2023-11-09T19:24:58.480-0500] {processor.py:157} INFO - Started process (PID=50632) to work on /Users/az/anaconda3/envs/python38/lib/python3.8/site-packages/airflow/example_dags/example_branch_python_dop_operator_3.py
[2023-11-09T19:24:58.485-0500] {processor.py:829} INFO - Processing file /Users/az/anaconda3/envs/python38/lib/python3.8/site-packages/airflow/example_dags/example_branch_python_dop_operator_3.py for tasks to queue
[2023-11-09T19:24:58.485-0500] {logging_mixin.py:154} INFO - [2023-11-09T19:24:58.485-0500] {dagbag.py:536} INFO - Filling up the DagBag from /Users/az/anaconda3/envs/python38/lib/python3.8/site-packages/airflow/example_dags/example_branch_python_dop_operator_3.py
[2023-11-09T19:24:58.519-0500] {processor.py:839} INFO - DAG(s) dict_keys(['example_branch_dop_operator_v3']) retrieved from /Users/az/anaconda3/envs/python38/lib/python3.8/site-packages/airflow/example_dags/example_branch_python_dop_operator_3.py
[2023-11-09T19:24:58.620-0500] {logging_mixin.py:154} INFO - [2023-11-09T19:24:58.620-0500] {dag.py:2941} INFO - Sync 1 DAGs
[2023-11-09T19:24:58.632-0500] {logging_mixin.py:154} INFO - [2023-11-09T19:24:58.632-0500] {dag.py:3722} INFO - Setting next_dagrun for example_branch_dop_operator_v3 to 2023-11-10T00:23:00+00:00, run_after=2023-11-10T00:24:00+00:00
[2023-11-09T19:24:58.643-0500] {processor.py:179} INFO - Processing /Users/az/anaconda3/envs/python38/lib/python3.8/site-packages/airflow/example_dags/example_branch_python_dop_operator_3.py took 0.164 seconds
[2023-11-09T19:27:07.270-0500] {processor.py:157} INFO - Started process (PID=50803) to work on /Users/az/anaconda3/envs/python38/lib/python3.8/site-packages/airflow/example_dags/example_branch_python_dop_operator_3.py
[2023-11-09T19:27:07.274-0500] {processor.py:829} INFO - Processing file /Users/az/anaconda3/envs/python38/lib/python3.8/site-packages/airflow/example_dags/example_branch_python_dop_operator_3.py for tasks to queue
[2023-11-09T19:27:07.275-0500] {logging_mixin.py:154} INFO - [2023-11-09T19:27:07.275-0500] {dagbag.py:536} INFO - Filling up the DagBag from /Users/az/anaconda3/envs/python38/lib/python3.8/site-packages/airflow/example_dags/example_branch_python_dop_operator_3.py
[2023-11-09T19:27:07.311-0500] {processor.py:839} INFO - DAG(s) dict_keys(['example_branch_dop_operator_v3']) retrieved from /Users/az/anaconda3/envs/python38/lib/python3.8/site-packages/airflow/example_dags/example_branch_python_dop_operator_3.py
[2023-11-09T19:27:07.414-0500] {logging_mixin.py:154} INFO - [2023-11-09T19:27:07.413-0500] {dag.py:2941} INFO - Sync 1 DAGs
[2023-11-09T19:27:07.426-0500] {logging_mixin.py:154} INFO - [2023-11-09T19:27:07.426-0500] {dag.py:3722} INFO - Setting next_dagrun for example_branch_dop_operator_v3 to 2023-11-10T00:26:00+00:00, run_after=2023-11-10T00:27:00+00:00
[2023-11-09T19:27:07.436-0500] {processor.py:179} INFO - Processing /Users/az/anaconda3/envs/python38/lib/python3.8/site-packages/airflow/example_dags/example_branch_python_dop_operator_3.py took 0.167 seconds
[2023-11-09T19:29:18.782-0500] {processor.py:157} INFO - Started process (PID=50962) to work on /Users/az/anaconda3/envs/python38/lib/python3.8/site-packages/airflow/example_dags/example_branch_python_dop_operator_3.py
[2023-11-09T19:29:18.787-0500] {processor.py:829} INFO - Processing file /Users/az/anaconda3/envs/python38/lib/python3.8/site-packages/airflow/example_dags/example_branch_python_dop_operator_3.py for tasks to queue
[2023-11-09T19:29:18.787-0500] {logging_mixin.py:154} INFO - [2023-11-09T19:29:18.787-0500] {dagbag.py:536} INFO - Filling up the DagBag from /Users/az/anaconda3/envs/python38/lib/python3.8/site-packages/airflow/example_dags/example_branch_python_dop_operator_3.py
[2023-11-09T19:29:18.821-0500] {processor.py:839} INFO - DAG(s) dict_keys(['example_branch_dop_operator_v3']) retrieved from /Users/az/anaconda3/envs/python38/lib/python3.8/site-packages/airflow/example_dags/example_branch_python_dop_operator_3.py
[2023-11-09T19:29:18.922-0500] {logging_mixin.py:154} INFO - [2023-11-09T19:29:18.922-0500] {dag.py:2941} INFO - Sync 1 DAGs
[2023-11-09T19:29:18.934-0500] {logging_mixin.py:154} INFO - [2023-11-09T19:29:18.934-0500] {dag.py:3722} INFO - Setting next_dagrun for example_branch_dop_operator_v3 to 2023-11-10T00:28:00+00:00, run_after=2023-11-10T00:29:00+00:00
[2023-11-09T19:29:18.944-0500] {processor.py:179} INFO - Processing /Users/az/anaconda3/envs/python38/lib/python3.8/site-packages/airflow/example_dags/example_branch_python_dop_operator_3.py took 0.162 seconds
[2023-11-09T19:31:23.444-0500] {processor.py:157} INFO - Started process (PID=51118) to work on /Users/az/anaconda3/envs/python38/lib/python3.8/site-packages/airflow/example_dags/example_branch_python_dop_operator_3.py
[2023-11-09T19:31:23.448-0500] {processor.py:829} INFO - Processing file /Users/az/anaconda3/envs/python38/lib/python3.8/site-packages/airflow/example_dags/example_branch_python_dop_operator_3.py for tasks to queue
[2023-11-09T19:31:23.448-0500] {logging_mixin.py:154} INFO - [2023-11-09T19:31:23.448-0500] {dagbag.py:536} INFO - Filling up the DagBag from /Users/az/anaconda3/envs/python38/lib/python3.8/site-packages/airflow/example_dags/example_branch_python_dop_operator_3.py
[2023-11-09T19:31:23.485-0500] {processor.py:839} INFO - DAG(s) dict_keys(['example_branch_dop_operator_v3']) retrieved from /Users/az/anaconda3/envs/python38/lib/python3.8/site-packages/airflow/example_dags/example_branch_python_dop_operator_3.py
[2023-11-09T19:31:23.600-0500] {logging_mixin.py:154} INFO - [2023-11-09T19:31:23.600-0500] {dag.py:2941} INFO - Sync 1 DAGs
[2023-11-09T19:31:23.612-0500] {logging_mixin.py:154} INFO - [2023-11-09T19:31:23.612-0500] {dag.py:3722} INFO - Setting next_dagrun for example_branch_dop_operator_v3 to 2023-11-10T00:30:00+00:00, run_after=2023-11-10T00:31:00+00:00
[2023-11-09T19:31:23.623-0500] {processor.py:179} INFO - Processing /Users/az/anaconda3/envs/python38/lib/python3.8/site-packages/airflow/example_dags/example_branch_python_dop_operator_3.py took 0.179 seconds
[2023-11-09T19:33:35.601-0500] {processor.py:157} INFO - Started process (PID=51272) to work on /Users/az/anaconda3/envs/python38/lib/python3.8/site-packages/airflow/example_dags/example_branch_python_dop_operator_3.py
[2023-11-09T19:33:35.605-0500] {processor.py:829} INFO - Processing file /Users/az/anaconda3/envs/python38/lib/python3.8/site-packages/airflow/example_dags/example_branch_python_dop_operator_3.py for tasks to queue
[2023-11-09T19:33:35.606-0500] {logging_mixin.py:154} INFO - [2023-11-09T19:33:35.606-0500] {dagbag.py:536} INFO - Filling up the DagBag from /Users/az/anaconda3/envs/python38/lib/python3.8/site-packages/airflow/example_dags/example_branch_python_dop_operator_3.py
[2023-11-09T19:33:35.639-0500] {processor.py:839} INFO - DAG(s) dict_keys(['example_branch_dop_operator_v3']) retrieved from /Users/az/anaconda3/envs/python38/lib/python3.8/site-packages/airflow/example_dags/example_branch_python_dop_operator_3.py
[2023-11-09T19:33:35.741-0500] {logging_mixin.py:154} INFO - [2023-11-09T19:33:35.741-0500] {dag.py:2941} INFO - Sync 1 DAGs
[2023-11-09T19:33:35.753-0500] {logging_mixin.py:154} INFO - [2023-11-09T19:33:35.753-0500] {dag.py:3722} INFO - Setting next_dagrun for example_branch_dop_operator_v3 to 2023-11-10T00:32:00+00:00, run_after=2023-11-10T00:33:00+00:00
[2023-11-09T19:33:35.763-0500] {processor.py:179} INFO - Processing /Users/az/anaconda3/envs/python38/lib/python3.8/site-packages/airflow/example_dags/example_branch_python_dop_operator_3.py took 0.163 seconds
[2023-11-09T19:35:54.787-0500] {processor.py:157} INFO - Started process (PID=53291) to work on /Users/az/anaconda3/envs/python38/lib/python3.8/site-packages/airflow/example_dags/example_branch_python_dop_operator_3.py
[2023-11-09T19:35:54.792-0500] {processor.py:829} INFO - Processing file /Users/az/anaconda3/envs/python38/lib/python3.8/site-packages/airflow/example_dags/example_branch_python_dop_operator_3.py for tasks to queue
[2023-11-09T19:35:54.792-0500] {logging_mixin.py:154} INFO - [2023-11-09T19:35:54.792-0500] {dagbag.py:536} INFO - Filling up the DagBag from /Users/az/anaconda3/envs/python38/lib/python3.8/site-packages/airflow/example_dags/example_branch_python_dop_operator_3.py
[2023-11-09T19:35:54.825-0500] {processor.py:839} INFO - DAG(s) dict_keys(['example_branch_dop_operator_v3']) retrieved from /Users/az/anaconda3/envs/python38/lib/python3.8/site-packages/airflow/example_dags/example_branch_python_dop_operator_3.py
[2023-11-09T19:35:54.927-0500] {logging_mixin.py:154} INFO - [2023-11-09T19:35:54.927-0500] {dag.py:2941} INFO - Sync 1 DAGs
[2023-11-09T19:35:54.939-0500] {logging_mixin.py:154} INFO - [2023-11-09T19:35:54.939-0500] {dag.py:3722} INFO - Setting next_dagrun for example_branch_dop_operator_v3 to 2023-11-10T00:34:00+00:00, run_after=2023-11-10T00:35:00+00:00
[2023-11-09T19:35:54.950-0500] {processor.py:179} INFO - Processing /Users/az/anaconda3/envs/python38/lib/python3.8/site-packages/airflow/example_dags/example_branch_python_dop_operator_3.py took 0.163 seconds
[2023-11-09T19:37:52.226-0500] {processor.py:157} INFO - Started process (PID=53439) to work on /Users/az/anaconda3/envs/python38/lib/python3.8/site-packages/airflow/example_dags/example_branch_python_dop_operator_3.py
[2023-11-09T19:37:52.230-0500] {processor.py:829} INFO - Processing file /Users/az/anaconda3/envs/python38/lib/python3.8/site-packages/airflow/example_dags/example_branch_python_dop_operator_3.py for tasks to queue
[2023-11-09T19:37:52.230-0500] {logging_mixin.py:154} INFO - [2023-11-09T19:37:52.230-0500] {dagbag.py:536} INFO - Filling up the DagBag from /Users/az/anaconda3/envs/python38/lib/python3.8/site-packages/airflow/example_dags/example_branch_python_dop_operator_3.py
[2023-11-09T19:37:52.264-0500] {processor.py:839} INFO - DAG(s) dict_keys(['example_branch_dop_operator_v3']) retrieved from /Users/az/anaconda3/envs/python38/lib/python3.8/site-packages/airflow/example_dags/example_branch_python_dop_operator_3.py
[2023-11-09T19:37:52.366-0500] {logging_mixin.py:154} INFO - [2023-11-09T19:37:52.366-0500] {dag.py:2941} INFO - Sync 1 DAGs
[2023-11-09T19:37:52.378-0500] {logging_mixin.py:154} INFO - [2023-11-09T19:37:52.378-0500] {dag.py:3722} INFO - Setting next_dagrun for example_branch_dop_operator_v3 to 2023-11-10T00:36:00+00:00, run_after=2023-11-10T00:37:00+00:00
[2023-11-09T19:37:52.388-0500] {processor.py:179} INFO - Processing /Users/az/anaconda3/envs/python38/lib/python3.8/site-packages/airflow/example_dags/example_branch_python_dop_operator_3.py took 0.162 seconds
[2023-11-09T19:39:51.970-0500] {processor.py:157} INFO - Started process (PID=53591) to work on /Users/az/anaconda3/envs/python38/lib/python3.8/site-packages/airflow/example_dags/example_branch_python_dop_operator_3.py
[2023-11-09T19:39:51.975-0500] {processor.py:829} INFO - Processing file /Users/az/anaconda3/envs/python38/lib/python3.8/site-packages/airflow/example_dags/example_branch_python_dop_operator_3.py for tasks to queue
[2023-11-09T19:39:51.976-0500] {logging_mixin.py:154} INFO - [2023-11-09T19:39:51.975-0500] {dagbag.py:536} INFO - Filling up the DagBag from /Users/az/anaconda3/envs/python38/lib/python3.8/site-packages/airflow/example_dags/example_branch_python_dop_operator_3.py
[2023-11-09T19:39:52.009-0500] {processor.py:839} INFO - DAG(s) dict_keys(['example_branch_dop_operator_v3']) retrieved from /Users/az/anaconda3/envs/python38/lib/python3.8/site-packages/airflow/example_dags/example_branch_python_dop_operator_3.py
[2023-11-09T19:39:52.111-0500] {logging_mixin.py:154} INFO - [2023-11-09T19:39:52.111-0500] {dag.py:2941} INFO - Sync 1 DAGs
[2023-11-09T19:39:52.123-0500] {logging_mixin.py:154} INFO - [2023-11-09T19:39:52.123-0500] {dag.py:3722} INFO - Setting next_dagrun for example_branch_dop_operator_v3 to 2023-11-10T00:38:00+00:00, run_after=2023-11-10T00:39:00+00:00
[2023-11-09T19:39:52.133-0500] {processor.py:179} INFO - Processing /Users/az/anaconda3/envs/python38/lib/python3.8/site-packages/airflow/example_dags/example_branch_python_dop_operator_3.py took 0.163 seconds
[2023-11-09T19:41:58.870-0500] {processor.py:157} INFO - Started process (PID=53819) to work on /Users/az/anaconda3/envs/python38/lib/python3.8/site-packages/airflow/example_dags/example_branch_python_dop_operator_3.py
[2023-11-09T19:41:58.874-0500] {processor.py:829} INFO - Processing file /Users/az/anaconda3/envs/python38/lib/python3.8/site-packages/airflow/example_dags/example_branch_python_dop_operator_3.py for tasks to queue
[2023-11-09T19:41:58.874-0500] {logging_mixin.py:154} INFO - [2023-11-09T19:41:58.874-0500] {dagbag.py:536} INFO - Filling up the DagBag from /Users/az/anaconda3/envs/python38/lib/python3.8/site-packages/airflow/example_dags/example_branch_python_dop_operator_3.py
[2023-11-09T19:41:58.912-0500] {processor.py:839} INFO - DAG(s) dict_keys(['example_branch_dop_operator_v3']) retrieved from /Users/az/anaconda3/envs/python38/lib/python3.8/site-packages/airflow/example_dags/example_branch_python_dop_operator_3.py
[2023-11-09T19:41:59.014-0500] {logging_mixin.py:154} INFO - [2023-11-09T19:41:59.014-0500] {dag.py:2941} INFO - Sync 1 DAGs
[2023-11-09T19:41:59.028-0500] {logging_mixin.py:154} INFO - [2023-11-09T19:41:59.027-0500] {dag.py:3722} INFO - Setting next_dagrun for example_branch_dop_operator_v3 to 2023-11-10T00:40:00+00:00, run_after=2023-11-10T00:41:00+00:00
[2023-11-09T19:41:59.038-0500] {processor.py:179} INFO - Processing /Users/az/anaconda3/envs/python38/lib/python3.8/site-packages/airflow/example_dags/example_branch_python_dop_operator_3.py took 0.169 seconds
[2023-11-09T19:44:04.100-0500] {processor.py:157} INFO - Started process (PID=54209) to work on /Users/az/anaconda3/envs/python38/lib/python3.8/site-packages/airflow/example_dags/example_branch_python_dop_operator_3.py
[2023-11-09T19:44:04.105-0500] {processor.py:829} INFO - Processing file /Users/az/anaconda3/envs/python38/lib/python3.8/site-packages/airflow/example_dags/example_branch_python_dop_operator_3.py for tasks to queue
[2023-11-09T19:44:04.106-0500] {logging_mixin.py:154} INFO - [2023-11-09T19:44:04.105-0500] {dagbag.py:536} INFO - Filling up the DagBag from /Users/az/anaconda3/envs/python38/lib/python3.8/site-packages/airflow/example_dags/example_branch_python_dop_operator_3.py
[2023-11-09T19:44:04.139-0500] {processor.py:839} INFO - DAG(s) dict_keys(['example_branch_dop_operator_v3']) retrieved from /Users/az/anaconda3/envs/python38/lib/python3.8/site-packages/airflow/example_dags/example_branch_python_dop_operator_3.py
[2023-11-09T19:44:04.247-0500] {logging_mixin.py:154} INFO - [2023-11-09T19:44:04.247-0500] {dag.py:2941} INFO - Sync 1 DAGs
[2023-11-09T19:44:04.259-0500] {logging_mixin.py:154} INFO - [2023-11-09T19:44:04.259-0500] {dag.py:3722} INFO - Setting next_dagrun for example_branch_dop_operator_v3 to 2023-11-10T00:43:00+00:00, run_after=2023-11-10T00:44:00+00:00
[2023-11-09T19:44:04.270-0500] {processor.py:179} INFO - Processing /Users/az/anaconda3/envs/python38/lib/python3.8/site-packages/airflow/example_dags/example_branch_python_dop_operator_3.py took 0.170 seconds
[2023-11-09T19:46:02.728-0500] {processor.py:157} INFO - Started process (PID=54357) to work on /Users/az/anaconda3/envs/python38/lib/python3.8/site-packages/airflow/example_dags/example_branch_python_dop_operator_3.py
[2023-11-09T19:46:02.733-0500] {processor.py:829} INFO - Processing file /Users/az/anaconda3/envs/python38/lib/python3.8/site-packages/airflow/example_dags/example_branch_python_dop_operator_3.py for tasks to queue
[2023-11-09T19:46:02.733-0500] {logging_mixin.py:154} INFO - [2023-11-09T19:46:02.733-0500] {dagbag.py:536} INFO - Filling up the DagBag from /Users/az/anaconda3/envs/python38/lib/python3.8/site-packages/airflow/example_dags/example_branch_python_dop_operator_3.py
[2023-11-09T19:46:02.767-0500] {processor.py:839} INFO - DAG(s) dict_keys(['example_branch_dop_operator_v3']) retrieved from /Users/az/anaconda3/envs/python38/lib/python3.8/site-packages/airflow/example_dags/example_branch_python_dop_operator_3.py
[2023-11-09T19:46:02.868-0500] {logging_mixin.py:154} INFO - [2023-11-09T19:46:02.868-0500] {dag.py:2941} INFO - Sync 1 DAGs
[2023-11-09T19:46:02.880-0500] {logging_mixin.py:154} INFO - [2023-11-09T19:46:02.880-0500] {dag.py:3722} INFO - Setting next_dagrun for example_branch_dop_operator_v3 to 2023-11-10T00:45:00+00:00, run_after=2023-11-10T00:46:00+00:00
[2023-11-09T19:46:02.891-0500] {processor.py:179} INFO - Processing /Users/az/anaconda3/envs/python38/lib/python3.8/site-packages/airflow/example_dags/example_branch_python_dop_operator_3.py took 0.163 seconds
[2023-11-09T19:48:00.216-0500] {processor.py:157} INFO - Started process (PID=54511) to work on /Users/az/anaconda3/envs/python38/lib/python3.8/site-packages/airflow/example_dags/example_branch_python_dop_operator_3.py
[2023-11-09T19:48:00.220-0500] {processor.py:829} INFO - Processing file /Users/az/anaconda3/envs/python38/lib/python3.8/site-packages/airflow/example_dags/example_branch_python_dop_operator_3.py for tasks to queue
[2023-11-09T19:48:00.220-0500] {logging_mixin.py:154} INFO - [2023-11-09T19:48:00.220-0500] {dagbag.py:536} INFO - Filling up the DagBag from /Users/az/anaconda3/envs/python38/lib/python3.8/site-packages/airflow/example_dags/example_branch_python_dop_operator_3.py
[2023-11-09T19:48:00.254-0500] {processor.py:839} INFO - DAG(s) dict_keys(['example_branch_dop_operator_v3']) retrieved from /Users/az/anaconda3/envs/python38/lib/python3.8/site-packages/airflow/example_dags/example_branch_python_dop_operator_3.py
[2023-11-09T19:48:00.356-0500] {logging_mixin.py:154} INFO - [2023-11-09T19:48:00.356-0500] {dag.py:2941} INFO - Sync 1 DAGs
[2023-11-09T19:48:00.369-0500] {logging_mixin.py:154} INFO - [2023-11-09T19:48:00.369-0500] {dag.py:3722} INFO - Setting next_dagrun for example_branch_dop_operator_v3 to 2023-11-10T00:47:00+00:00, run_after=2023-11-10T00:48:00+00:00
[2023-11-09T19:48:00.379-0500] {processor.py:179} INFO - Processing /Users/az/anaconda3/envs/python38/lib/python3.8/site-packages/airflow/example_dags/example_branch_python_dop_operator_3.py took 0.163 seconds
[2023-11-09T19:49:57.971-0500] {processor.py:157} INFO - Started process (PID=54653) to work on /Users/az/anaconda3/envs/python38/lib/python3.8/site-packages/airflow/example_dags/example_branch_python_dop_operator_3.py
[2023-11-09T19:49:57.975-0500] {processor.py:829} INFO - Processing file /Users/az/anaconda3/envs/python38/lib/python3.8/site-packages/airflow/example_dags/example_branch_python_dop_operator_3.py for tasks to queue
[2023-11-09T19:49:57.976-0500] {logging_mixin.py:154} INFO - [2023-11-09T19:49:57.976-0500] {dagbag.py:536} INFO - Filling up the DagBag from /Users/az/anaconda3/envs/python38/lib/python3.8/site-packages/airflow/example_dags/example_branch_python_dop_operator_3.py
[2023-11-09T19:49:58.010-0500] {processor.py:839} INFO - DAG(s) dict_keys(['example_branch_dop_operator_v3']) retrieved from /Users/az/anaconda3/envs/python38/lib/python3.8/site-packages/airflow/example_dags/example_branch_python_dop_operator_3.py
[2023-11-09T19:49:58.113-0500] {logging_mixin.py:154} INFO - [2023-11-09T19:49:58.113-0500] {dag.py:2941} INFO - Sync 1 DAGs
[2023-11-09T19:49:58.125-0500] {logging_mixin.py:154} INFO - [2023-11-09T19:49:58.125-0500] {dag.py:3722} INFO - Setting next_dagrun for example_branch_dop_operator_v3 to 2023-11-10T00:48:00+00:00, run_after=2023-11-10T00:49:00+00:00
[2023-11-09T19:49:58.135-0500] {processor.py:179} INFO - Processing /Users/az/anaconda3/envs/python38/lib/python3.8/site-packages/airflow/example_dags/example_branch_python_dop_operator_3.py took 0.164 seconds
[2023-11-09T19:51:56.834-0500] {processor.py:157} INFO - Started process (PID=54804) to work on /Users/az/anaconda3/envs/python38/lib/python3.8/site-packages/airflow/example_dags/example_branch_python_dop_operator_3.py
[2023-11-09T19:51:56.839-0500] {processor.py:829} INFO - Processing file /Users/az/anaconda3/envs/python38/lib/python3.8/site-packages/airflow/example_dags/example_branch_python_dop_operator_3.py for tasks to queue
[2023-11-09T19:51:56.839-0500] {logging_mixin.py:154} INFO - [2023-11-09T19:51:56.839-0500] {dagbag.py:536} INFO - Filling up the DagBag from /Users/az/anaconda3/envs/python38/lib/python3.8/site-packages/airflow/example_dags/example_branch_python_dop_operator_3.py
[2023-11-09T19:51:56.872-0500] {processor.py:839} INFO - DAG(s) dict_keys(['example_branch_dop_operator_v3']) retrieved from /Users/az/anaconda3/envs/python38/lib/python3.8/site-packages/airflow/example_dags/example_branch_python_dop_operator_3.py
[2023-11-09T19:51:56.974-0500] {logging_mixin.py:154} INFO - [2023-11-09T19:51:56.974-0500] {dag.py:2941} INFO - Sync 1 DAGs
[2023-11-09T19:51:56.991-0500] {logging_mixin.py:154} INFO - [2023-11-09T19:51:56.991-0500] {dag.py:3722} INFO - Setting next_dagrun for example_branch_dop_operator_v3 to 2023-11-10T00:50:00+00:00, run_after=2023-11-10T00:51:00+00:00
[2023-11-09T19:51:57.001-0500] {processor.py:179} INFO - Processing /Users/az/anaconda3/envs/python38/lib/python3.8/site-packages/airflow/example_dags/example_branch_python_dop_operator_3.py took 0.168 seconds
[2023-11-09T19:53:58.451-0500] {processor.py:157} INFO - Started process (PID=54965) to work on /Users/az/anaconda3/envs/python38/lib/python3.8/site-packages/airflow/example_dags/example_branch_python_dop_operator_3.py
[2023-11-09T19:53:58.456-0500] {processor.py:829} INFO - Processing file /Users/az/anaconda3/envs/python38/lib/python3.8/site-packages/airflow/example_dags/example_branch_python_dop_operator_3.py for tasks to queue
[2023-11-09T19:53:58.456-0500] {logging_mixin.py:154} INFO - [2023-11-09T19:53:58.456-0500] {dagbag.py:536} INFO - Filling up the DagBag from /Users/az/anaconda3/envs/python38/lib/python3.8/site-packages/airflow/example_dags/example_branch_python_dop_operator_3.py
[2023-11-09T19:53:58.490-0500] {processor.py:839} INFO - DAG(s) dict_keys(['example_branch_dop_operator_v3']) retrieved from /Users/az/anaconda3/envs/python38/lib/python3.8/site-packages/airflow/example_dags/example_branch_python_dop_operator_3.py
[2023-11-09T19:53:58.592-0500] {logging_mixin.py:154} INFO - [2023-11-09T19:53:58.592-0500] {dag.py:2941} INFO - Sync 1 DAGs
[2023-11-09T19:53:58.605-0500] {logging_mixin.py:154} INFO - [2023-11-09T19:53:58.605-0500] {dag.py:3722} INFO - Setting next_dagrun for example_branch_dop_operator_v3 to 2023-11-10T00:52:00+00:00, run_after=2023-11-10T00:53:00+00:00
[2023-11-09T19:53:58.615-0500] {processor.py:179} INFO - Processing /Users/az/anaconda3/envs/python38/lib/python3.8/site-packages/airflow/example_dags/example_branch_python_dop_operator_3.py took 0.164 seconds
[2023-11-09T19:55:53.945-0500] {processor.py:157} INFO - Started process (PID=55113) to work on /Users/az/anaconda3/envs/python38/lib/python3.8/site-packages/airflow/example_dags/example_branch_python_dop_operator_3.py
[2023-11-09T19:55:53.949-0500] {processor.py:829} INFO - Processing file /Users/az/anaconda3/envs/python38/lib/python3.8/site-packages/airflow/example_dags/example_branch_python_dop_operator_3.py for tasks to queue
[2023-11-09T19:55:53.950-0500] {logging_mixin.py:154} INFO - [2023-11-09T19:55:53.949-0500] {dagbag.py:536} INFO - Filling up the DagBag from /Users/az/anaconda3/envs/python38/lib/python3.8/site-packages/airflow/example_dags/example_branch_python_dop_operator_3.py
[2023-11-09T19:55:53.983-0500] {processor.py:839} INFO - DAG(s) dict_keys(['example_branch_dop_operator_v3']) retrieved from /Users/az/anaconda3/envs/python38/lib/python3.8/site-packages/airflow/example_dags/example_branch_python_dop_operator_3.py
[2023-11-09T19:55:54.084-0500] {logging_mixin.py:154} INFO - [2023-11-09T19:55:54.084-0500] {dag.py:2941} INFO - Sync 1 DAGs
[2023-11-09T19:55:54.096-0500] {logging_mixin.py:154} INFO - [2023-11-09T19:55:54.096-0500] {dag.py:3722} INFO - Setting next_dagrun for example_branch_dop_operator_v3 to 2023-11-10T00:54:00+00:00, run_after=2023-11-10T00:55:00+00:00
[2023-11-09T19:55:54.106-0500] {processor.py:179} INFO - Processing /Users/az/anaconda3/envs/python38/lib/python3.8/site-packages/airflow/example_dags/example_branch_python_dop_operator_3.py took 0.161 seconds
[2023-11-09T19:57:55.561-0500] {processor.py:157} INFO - Started process (PID=55274) to work on /Users/az/anaconda3/envs/python38/lib/python3.8/site-packages/airflow/example_dags/example_branch_python_dop_operator_3.py
[2023-11-09T19:57:55.566-0500] {processor.py:829} INFO - Processing file /Users/az/anaconda3/envs/python38/lib/python3.8/site-packages/airflow/example_dags/example_branch_python_dop_operator_3.py for tasks to queue
[2023-11-09T19:57:55.566-0500] {logging_mixin.py:154} INFO - [2023-11-09T19:57:55.566-0500] {dagbag.py:536} INFO - Filling up the DagBag from /Users/az/anaconda3/envs/python38/lib/python3.8/site-packages/airflow/example_dags/example_branch_python_dop_operator_3.py
[2023-11-09T19:57:55.599-0500] {processor.py:839} INFO - DAG(s) dict_keys(['example_branch_dop_operator_v3']) retrieved from /Users/az/anaconda3/envs/python38/lib/python3.8/site-packages/airflow/example_dags/example_branch_python_dop_operator_3.py
[2023-11-09T19:57:55.701-0500] {logging_mixin.py:154} INFO - [2023-11-09T19:57:55.701-0500] {dag.py:2941} INFO - Sync 1 DAGs
[2023-11-09T19:57:55.713-0500] {logging_mixin.py:154} INFO - [2023-11-09T19:57:55.713-0500] {dag.py:3722} INFO - Setting next_dagrun for example_branch_dop_operator_v3 to 2023-11-10T00:56:00+00:00, run_after=2023-11-10T00:57:00+00:00
[2023-11-09T19:57:55.724-0500] {processor.py:179} INFO - Processing /Users/az/anaconda3/envs/python38/lib/python3.8/site-packages/airflow/example_dags/example_branch_python_dop_operator_3.py took 0.163 seconds
[2023-11-09T19:59:55.398-0500] {processor.py:157} INFO - Started process (PID=55422) to work on /Users/az/anaconda3/envs/python38/lib/python3.8/site-packages/airflow/example_dags/example_branch_python_dop_operator_3.py
[2023-11-09T19:59:55.402-0500] {processor.py:829} INFO - Processing file /Users/az/anaconda3/envs/python38/lib/python3.8/site-packages/airflow/example_dags/example_branch_python_dop_operator_3.py for tasks to queue
[2023-11-09T19:59:55.402-0500] {logging_mixin.py:154} INFO - [2023-11-09T19:59:55.402-0500] {dagbag.py:536} INFO - Filling up the DagBag from /Users/az/anaconda3/envs/python38/lib/python3.8/site-packages/airflow/example_dags/example_branch_python_dop_operator_3.py
[2023-11-09T19:59:55.437-0500] {processor.py:839} INFO - DAG(s) dict_keys(['example_branch_dop_operator_v3']) retrieved from /Users/az/anaconda3/envs/python38/lib/python3.8/site-packages/airflow/example_dags/example_branch_python_dop_operator_3.py
[2023-11-09T19:59:55.541-0500] {logging_mixin.py:154} INFO - [2023-11-09T19:59:55.541-0500] {dag.py:2941} INFO - Sync 1 DAGs
[2023-11-09T19:59:55.553-0500] {logging_mixin.py:154} INFO - [2023-11-09T19:59:55.553-0500] {dag.py:3722} INFO - Setting next_dagrun for example_branch_dop_operator_v3 to 2023-11-10T00:58:00+00:00, run_after=2023-11-10T00:59:00+00:00
[2023-11-09T19:59:55.563-0500] {processor.py:179} INFO - Processing /Users/az/anaconda3/envs/python38/lib/python3.8/site-packages/airflow/example_dags/example_branch_python_dop_operator_3.py took 0.166 seconds
[2023-11-09T20:01:56.886-0500] {processor.py:157} INFO - Started process (PID=55582) to work on /Users/az/anaconda3/envs/python38/lib/python3.8/site-packages/airflow/example_dags/example_branch_python_dop_operator_3.py
[2023-11-09T20:01:56.890-0500] {processor.py:829} INFO - Processing file /Users/az/anaconda3/envs/python38/lib/python3.8/site-packages/airflow/example_dags/example_branch_python_dop_operator_3.py for tasks to queue
[2023-11-09T20:01:56.890-0500] {logging_mixin.py:154} INFO - [2023-11-09T20:01:56.890-0500] {dagbag.py:536} INFO - Filling up the DagBag from /Users/az/anaconda3/envs/python38/lib/python3.8/site-packages/airflow/example_dags/example_branch_python_dop_operator_3.py
[2023-11-09T20:01:56.924-0500] {processor.py:839} INFO - DAG(s) dict_keys(['example_branch_dop_operator_v3']) retrieved from /Users/az/anaconda3/envs/python38/lib/python3.8/site-packages/airflow/example_dags/example_branch_python_dop_operator_3.py
[2023-11-09T20:01:57.029-0500] {logging_mixin.py:154} INFO - [2023-11-09T20:01:57.029-0500] {dag.py:2941} INFO - Sync 1 DAGs
[2023-11-09T20:01:57.041-0500] {logging_mixin.py:154} INFO - [2023-11-09T20:01:57.041-0500] {dag.py:3722} INFO - Setting next_dagrun for example_branch_dop_operator_v3 to 2023-11-10T01:00:00+00:00, run_after=2023-11-10T01:01:00+00:00
[2023-11-09T20:01:57.052-0500] {processor.py:179} INFO - Processing /Users/az/anaconda3/envs/python38/lib/python3.8/site-packages/airflow/example_dags/example_branch_python_dop_operator_3.py took 0.166 seconds
[2023-11-09T20:03:58.278-0500] {processor.py:157} INFO - Started process (PID=55744) to work on /Users/az/anaconda3/envs/python38/lib/python3.8/site-packages/airflow/example_dags/example_branch_python_dop_operator_3.py
[2023-11-09T20:03:58.283-0500] {processor.py:829} INFO - Processing file /Users/az/anaconda3/envs/python38/lib/python3.8/site-packages/airflow/example_dags/example_branch_python_dop_operator_3.py for tasks to queue
[2023-11-09T20:03:58.283-0500] {logging_mixin.py:154} INFO - [2023-11-09T20:03:58.283-0500] {dagbag.py:536} INFO - Filling up the DagBag from /Users/az/anaconda3/envs/python38/lib/python3.8/site-packages/airflow/example_dags/example_branch_python_dop_operator_3.py
[2023-11-09T20:03:58.317-0500] {processor.py:839} INFO - DAG(s) dict_keys(['example_branch_dop_operator_v3']) retrieved from /Users/az/anaconda3/envs/python38/lib/python3.8/site-packages/airflow/example_dags/example_branch_python_dop_operator_3.py
[2023-11-09T20:03:58.419-0500] {logging_mixin.py:154} INFO - [2023-11-09T20:03:58.419-0500] {dag.py:2941} INFO - Sync 1 DAGs
[2023-11-09T20:03:58.431-0500] {logging_mixin.py:154} INFO - [2023-11-09T20:03:58.431-0500] {dag.py:3722} INFO - Setting next_dagrun for example_branch_dop_operator_v3 to 2023-11-10T01:02:00+00:00, run_after=2023-11-10T01:03:00+00:00
[2023-11-09T20:03:58.441-0500] {processor.py:179} INFO - Processing /Users/az/anaconda3/envs/python38/lib/python3.8/site-packages/airflow/example_dags/example_branch_python_dop_operator_3.py took 0.164 seconds
[2023-11-09T20:05:56.544-0500] {processor.py:157} INFO - Started process (PID=55892) to work on /Users/az/anaconda3/envs/python38/lib/python3.8/site-packages/airflow/example_dags/example_branch_python_dop_operator_3.py
[2023-11-09T20:05:56.549-0500] {processor.py:829} INFO - Processing file /Users/az/anaconda3/envs/python38/lib/python3.8/site-packages/airflow/example_dags/example_branch_python_dop_operator_3.py for tasks to queue
[2023-11-09T20:05:56.549-0500] {logging_mixin.py:154} INFO - [2023-11-09T20:05:56.549-0500] {dagbag.py:536} INFO - Filling up the DagBag from /Users/az/anaconda3/envs/python38/lib/python3.8/site-packages/airflow/example_dags/example_branch_python_dop_operator_3.py
[2023-11-09T20:05:56.583-0500] {processor.py:839} INFO - DAG(s) dict_keys(['example_branch_dop_operator_v3']) retrieved from /Users/az/anaconda3/envs/python38/lib/python3.8/site-packages/airflow/example_dags/example_branch_python_dop_operator_3.py
[2023-11-09T20:05:56.685-0500] {logging_mixin.py:154} INFO - [2023-11-09T20:05:56.684-0500] {dag.py:2941} INFO - Sync 1 DAGs
[2023-11-09T20:05:56.697-0500] {logging_mixin.py:154} INFO - [2023-11-09T20:05:56.696-0500] {dag.py:3722} INFO - Setting next_dagrun for example_branch_dop_operator_v3 to 2023-11-10T01:04:00+00:00, run_after=2023-11-10T01:05:00+00:00
[2023-11-09T20:05:56.707-0500] {processor.py:179} INFO - Processing /Users/az/anaconda3/envs/python38/lib/python3.8/site-packages/airflow/example_dags/example_branch_python_dop_operator_3.py took 0.163 seconds
[2023-11-09T20:07:54.070-0500] {processor.py:157} INFO - Started process (PID=56062) to work on /Users/az/anaconda3/envs/python38/lib/python3.8/site-packages/airflow/example_dags/example_branch_python_dop_operator_3.py
[2023-11-09T20:07:54.075-0500] {processor.py:829} INFO - Processing file /Users/az/anaconda3/envs/python38/lib/python3.8/site-packages/airflow/example_dags/example_branch_python_dop_operator_3.py for tasks to queue
[2023-11-09T20:07:54.075-0500] {logging_mixin.py:154} INFO - [2023-11-09T20:07:54.075-0500] {dagbag.py:536} INFO - Filling up the DagBag from /Users/az/anaconda3/envs/python38/lib/python3.8/site-packages/airflow/example_dags/example_branch_python_dop_operator_3.py
[2023-11-09T20:07:54.109-0500] {processor.py:839} INFO - DAG(s) dict_keys(['example_branch_dop_operator_v3']) retrieved from /Users/az/anaconda3/envs/python38/lib/python3.8/site-packages/airflow/example_dags/example_branch_python_dop_operator_3.py
[2023-11-09T20:07:54.212-0500] {logging_mixin.py:154} INFO - [2023-11-09T20:07:54.212-0500] {dag.py:2941} INFO - Sync 1 DAGs
[2023-11-09T20:07:54.224-0500] {logging_mixin.py:154} INFO - [2023-11-09T20:07:54.224-0500] {dag.py:3722} INFO - Setting next_dagrun for example_branch_dop_operator_v3 to 2023-11-10T01:06:00+00:00, run_after=2023-11-10T01:07:00+00:00
[2023-11-09T20:07:54.236-0500] {processor.py:179} INFO - Processing /Users/az/anaconda3/envs/python38/lib/python3.8/site-packages/airflow/example_dags/example_branch_python_dop_operator_3.py took 0.166 seconds
[2023-11-09T20:09:51.605-0500] {processor.py:157} INFO - Started process (PID=56226) to work on /Users/az/anaconda3/envs/python38/lib/python3.8/site-packages/airflow/example_dags/example_branch_python_dop_operator_3.py
[2023-11-09T20:09:51.610-0500] {processor.py:829} INFO - Processing file /Users/az/anaconda3/envs/python38/lib/python3.8/site-packages/airflow/example_dags/example_branch_python_dop_operator_3.py for tasks to queue
[2023-11-09T20:09:51.610-0500] {logging_mixin.py:154} INFO - [2023-11-09T20:09:51.610-0500] {dagbag.py:536} INFO - Filling up the DagBag from /Users/az/anaconda3/envs/python38/lib/python3.8/site-packages/airflow/example_dags/example_branch_python_dop_operator_3.py
[2023-11-09T20:09:51.643-0500] {processor.py:839} INFO - DAG(s) dict_keys(['example_branch_dop_operator_v3']) retrieved from /Users/az/anaconda3/envs/python38/lib/python3.8/site-packages/airflow/example_dags/example_branch_python_dop_operator_3.py
[2023-11-09T20:09:51.745-0500] {logging_mixin.py:154} INFO - [2023-11-09T20:09:51.745-0500] {dag.py:2941} INFO - Sync 1 DAGs
[2023-11-09T20:09:51.758-0500] {logging_mixin.py:154} INFO - [2023-11-09T20:09:51.757-0500] {dag.py:3722} INFO - Setting next_dagrun for example_branch_dop_operator_v3 to 2023-11-10T01:08:00+00:00, run_after=2023-11-10T01:09:00+00:00
[2023-11-09T20:09:51.768-0500] {processor.py:179} INFO - Processing /Users/az/anaconda3/envs/python38/lib/python3.8/site-packages/airflow/example_dags/example_branch_python_dop_operator_3.py took 0.163 seconds
[2023-11-09T20:11:48.497-0500] {processor.py:157} INFO - Started process (PID=56390) to work on /Users/az/anaconda3/envs/python38/lib/python3.8/site-packages/airflow/example_dags/example_branch_python_dop_operator_3.py
[2023-11-09T20:11:48.501-0500] {processor.py:829} INFO - Processing file /Users/az/anaconda3/envs/python38/lib/python3.8/site-packages/airflow/example_dags/example_branch_python_dop_operator_3.py for tasks to queue
[2023-11-09T20:11:48.502-0500] {logging_mixin.py:154} INFO - [2023-11-09T20:11:48.502-0500] {dagbag.py:536} INFO - Filling up the DagBag from /Users/az/anaconda3/envs/python38/lib/python3.8/site-packages/airflow/example_dags/example_branch_python_dop_operator_3.py
[2023-11-09T20:11:48.536-0500] {processor.py:839} INFO - DAG(s) dict_keys(['example_branch_dop_operator_v3']) retrieved from /Users/az/anaconda3/envs/python38/lib/python3.8/site-packages/airflow/example_dags/example_branch_python_dop_operator_3.py
[2023-11-09T20:11:48.639-0500] {logging_mixin.py:154} INFO - [2023-11-09T20:11:48.638-0500] {dag.py:2941} INFO - Sync 1 DAGs
[2023-11-09T20:11:48.651-0500] {logging_mixin.py:154} INFO - [2023-11-09T20:11:48.651-0500] {dag.py:3722} INFO - Setting next_dagrun for example_branch_dop_operator_v3 to 2023-11-10T01:10:00+00:00, run_after=2023-11-10T01:11:00+00:00
[2023-11-09T20:11:48.661-0500] {processor.py:179} INFO - Processing /Users/az/anaconda3/envs/python38/lib/python3.8/site-packages/airflow/example_dags/example_branch_python_dop_operator_3.py took 0.165 seconds
[2023-11-09T20:13:48.967-0500] {processor.py:157} INFO - Started process (PID=56555) to work on /Users/az/anaconda3/envs/python38/lib/python3.8/site-packages/airflow/example_dags/example_branch_python_dop_operator_3.py
[2023-11-09T20:13:48.972-0500] {processor.py:829} INFO - Processing file /Users/az/anaconda3/envs/python38/lib/python3.8/site-packages/airflow/example_dags/example_branch_python_dop_operator_3.py for tasks to queue
[2023-11-09T20:13:48.972-0500] {logging_mixin.py:154} INFO - [2023-11-09T20:13:48.972-0500] {dagbag.py:536} INFO - Filling up the DagBag from /Users/az/anaconda3/envs/python38/lib/python3.8/site-packages/airflow/example_dags/example_branch_python_dop_operator_3.py
[2023-11-09T20:13:49.006-0500] {processor.py:839} INFO - DAG(s) dict_keys(['example_branch_dop_operator_v3']) retrieved from /Users/az/anaconda3/envs/python38/lib/python3.8/site-packages/airflow/example_dags/example_branch_python_dop_operator_3.py
[2023-11-09T20:13:49.111-0500] {logging_mixin.py:154} INFO - [2023-11-09T20:13:49.111-0500] {dag.py:2941} INFO - Sync 1 DAGs
[2023-11-09T20:13:49.123-0500] {logging_mixin.py:154} INFO - [2023-11-09T20:13:49.123-0500] {dag.py:3722} INFO - Setting next_dagrun for example_branch_dop_operator_v3 to 2023-11-10T01:12:00+00:00, run_after=2023-11-10T01:13:00+00:00
[2023-11-09T20:13:49.133-0500] {processor.py:179} INFO - Processing /Users/az/anaconda3/envs/python38/lib/python3.8/site-packages/airflow/example_dags/example_branch_python_dop_operator_3.py took 0.167 seconds
[2023-11-09T20:15:47.869-0500] {processor.py:157} INFO - Started process (PID=56712) to work on /Users/az/anaconda3/envs/python38/lib/python3.8/site-packages/airflow/example_dags/example_branch_python_dop_operator_3.py
[2023-11-09T20:15:47.874-0500] {processor.py:829} INFO - Processing file /Users/az/anaconda3/envs/python38/lib/python3.8/site-packages/airflow/example_dags/example_branch_python_dop_operator_3.py for tasks to queue
[2023-11-09T20:15:47.874-0500] {logging_mixin.py:154} INFO - [2023-11-09T20:15:47.874-0500] {dagbag.py:536} INFO - Filling up the DagBag from /Users/az/anaconda3/envs/python38/lib/python3.8/site-packages/airflow/example_dags/example_branch_python_dop_operator_3.py
[2023-11-09T20:15:47.908-0500] {processor.py:839} INFO - DAG(s) dict_keys(['example_branch_dop_operator_v3']) retrieved from /Users/az/anaconda3/envs/python38/lib/python3.8/site-packages/airflow/example_dags/example_branch_python_dop_operator_3.py
[2023-11-09T20:15:48.010-0500] {logging_mixin.py:154} INFO - [2023-11-09T20:15:48.010-0500] {dag.py:2941} INFO - Sync 1 DAGs
[2023-11-09T20:15:48.023-0500] {logging_mixin.py:154} INFO - [2023-11-09T20:15:48.022-0500] {dag.py:3722} INFO - Setting next_dagrun for example_branch_dop_operator_v3 to 2023-11-10T01:14:00+00:00, run_after=2023-11-10T01:15:00+00:00
[2023-11-09T20:15:48.033-0500] {processor.py:179} INFO - Processing /Users/az/anaconda3/envs/python38/lib/python3.8/site-packages/airflow/example_dags/example_branch_python_dop_operator_3.py took 0.164 seconds
[2023-11-09T20:17:46.915-0500] {processor.py:157} INFO - Started process (PID=56862) to work on /Users/az/anaconda3/envs/python38/lib/python3.8/site-packages/airflow/example_dags/example_branch_python_dop_operator_3.py
[2023-11-09T20:17:46.920-0500] {processor.py:829} INFO - Processing file /Users/az/anaconda3/envs/python38/lib/python3.8/site-packages/airflow/example_dags/example_branch_python_dop_operator_3.py for tasks to queue
[2023-11-09T20:17:46.920-0500] {logging_mixin.py:154} INFO - [2023-11-09T20:17:46.920-0500] {dagbag.py:536} INFO - Filling up the DagBag from /Users/az/anaconda3/envs/python38/lib/python3.8/site-packages/airflow/example_dags/example_branch_python_dop_operator_3.py
[2023-11-09T20:17:46.954-0500] {processor.py:839} INFO - DAG(s) dict_keys(['example_branch_dop_operator_v3']) retrieved from /Users/az/anaconda3/envs/python38/lib/python3.8/site-packages/airflow/example_dags/example_branch_python_dop_operator_3.py
[2023-11-09T20:17:47.055-0500] {logging_mixin.py:154} INFO - [2023-11-09T20:17:47.055-0500] {dag.py:2941} INFO - Sync 1 DAGs
[2023-11-09T20:17:47.067-0500] {logging_mixin.py:154} INFO - [2023-11-09T20:17:47.067-0500] {dag.py:3722} INFO - Setting next_dagrun for example_branch_dop_operator_v3 to 2023-11-10T01:16:00+00:00, run_after=2023-11-10T01:17:00+00:00
[2023-11-09T20:17:47.077-0500] {processor.py:179} INFO - Processing /Users/az/anaconda3/envs/python38/lib/python3.8/site-packages/airflow/example_dags/example_branch_python_dop_operator_3.py took 0.162 seconds
[2023-11-09T20:19:45.414-0500] {processor.py:157} INFO - Started process (PID=57010) to work on /Users/az/anaconda3/envs/python38/lib/python3.8/site-packages/airflow/example_dags/example_branch_python_dop_operator_3.py
[2023-11-09T20:19:45.418-0500] {processor.py:829} INFO - Processing file /Users/az/anaconda3/envs/python38/lib/python3.8/site-packages/airflow/example_dags/example_branch_python_dop_operator_3.py for tasks to queue
[2023-11-09T20:19:45.419-0500] {logging_mixin.py:154} INFO - [2023-11-09T20:19:45.419-0500] {dagbag.py:536} INFO - Filling up the DagBag from /Users/az/anaconda3/envs/python38/lib/python3.8/site-packages/airflow/example_dags/example_branch_python_dop_operator_3.py
[2023-11-09T20:19:45.452-0500] {processor.py:839} INFO - DAG(s) dict_keys(['example_branch_dop_operator_v3']) retrieved from /Users/az/anaconda3/envs/python38/lib/python3.8/site-packages/airflow/example_dags/example_branch_python_dop_operator_3.py
[2023-11-09T20:19:45.554-0500] {logging_mixin.py:154} INFO - [2023-11-09T20:19:45.553-0500] {dag.py:2941} INFO - Sync 1 DAGs
[2023-11-09T20:19:45.566-0500] {logging_mixin.py:154} INFO - [2023-11-09T20:19:45.566-0500] {dag.py:3722} INFO - Setting next_dagrun for example_branch_dop_operator_v3 to 2023-11-10T01:18:00+00:00, run_after=2023-11-10T01:19:00+00:00
[2023-11-09T20:19:45.576-0500] {processor.py:179} INFO - Processing /Users/az/anaconda3/envs/python38/lib/python3.8/site-packages/airflow/example_dags/example_branch_python_dop_operator_3.py took 0.163 seconds
[2023-11-09T20:21:46.982-0500] {processor.py:157} INFO - Started process (PID=57168) to work on /Users/az/anaconda3/envs/python38/lib/python3.8/site-packages/airflow/example_dags/example_branch_python_dop_operator_3.py
[2023-11-09T20:21:46.987-0500] {processor.py:829} INFO - Processing file /Users/az/anaconda3/envs/python38/lib/python3.8/site-packages/airflow/example_dags/example_branch_python_dop_operator_3.py for tasks to queue
[2023-11-09T20:21:46.987-0500] {logging_mixin.py:154} INFO - [2023-11-09T20:21:46.987-0500] {dagbag.py:536} INFO - Filling up the DagBag from /Users/az/anaconda3/envs/python38/lib/python3.8/site-packages/airflow/example_dags/example_branch_python_dop_operator_3.py
[2023-11-09T20:21:47.020-0500] {processor.py:839} INFO - DAG(s) dict_keys(['example_branch_dop_operator_v3']) retrieved from /Users/az/anaconda3/envs/python38/lib/python3.8/site-packages/airflow/example_dags/example_branch_python_dop_operator_3.py
[2023-11-09T20:21:47.123-0500] {logging_mixin.py:154} INFO - [2023-11-09T20:21:47.123-0500] {dag.py:2941} INFO - Sync 1 DAGs
[2023-11-09T20:21:47.136-0500] {logging_mixin.py:154} INFO - [2023-11-09T20:21:47.135-0500] {dag.py:3722} INFO - Setting next_dagrun for example_branch_dop_operator_v3 to 2023-11-10T01:20:00+00:00, run_after=2023-11-10T01:21:00+00:00
[2023-11-09T20:21:47.145-0500] {processor.py:179} INFO - Processing /Users/az/anaconda3/envs/python38/lib/python3.8/site-packages/airflow/example_dags/example_branch_python_dop_operator_3.py took 0.163 seconds
[2023-11-09T20:23:44.659-0500] {processor.py:157} INFO - Started process (PID=57320) to work on /Users/az/anaconda3/envs/python38/lib/python3.8/site-packages/airflow/example_dags/example_branch_python_dop_operator_3.py
[2023-11-09T20:23:44.664-0500] {processor.py:829} INFO - Processing file /Users/az/anaconda3/envs/python38/lib/python3.8/site-packages/airflow/example_dags/example_branch_python_dop_operator_3.py for tasks to queue
[2023-11-09T20:23:44.664-0500] {logging_mixin.py:154} INFO - [2023-11-09T20:23:44.664-0500] {dagbag.py:536} INFO - Filling up the DagBag from /Users/az/anaconda3/envs/python38/lib/python3.8/site-packages/airflow/example_dags/example_branch_python_dop_operator_3.py
[2023-11-09T20:23:44.698-0500] {processor.py:839} INFO - DAG(s) dict_keys(['example_branch_dop_operator_v3']) retrieved from /Users/az/anaconda3/envs/python38/lib/python3.8/site-packages/airflow/example_dags/example_branch_python_dop_operator_3.py
[2023-11-09T20:23:44.800-0500] {logging_mixin.py:154} INFO - [2023-11-09T20:23:44.799-0500] {dag.py:2941} INFO - Sync 1 DAGs
[2023-11-09T20:23:44.812-0500] {logging_mixin.py:154} INFO - [2023-11-09T20:23:44.812-0500] {dag.py:3722} INFO - Setting next_dagrun for example_branch_dop_operator_v3 to 2023-11-10T01:22:00+00:00, run_after=2023-11-10T01:23:00+00:00
[2023-11-09T20:23:44.822-0500] {processor.py:179} INFO - Processing /Users/az/anaconda3/envs/python38/lib/python3.8/site-packages/airflow/example_dags/example_branch_python_dop_operator_3.py took 0.163 seconds
[2023-11-09T20:25:43.487-0500] {processor.py:157} INFO - Started process (PID=57470) to work on /Users/az/anaconda3/envs/python38/lib/python3.8/site-packages/airflow/example_dags/example_branch_python_dop_operator_3.py
[2023-11-09T20:25:43.491-0500] {processor.py:829} INFO - Processing file /Users/az/anaconda3/envs/python38/lib/python3.8/site-packages/airflow/example_dags/example_branch_python_dop_operator_3.py for tasks to queue
[2023-11-09T20:25:43.491-0500] {logging_mixin.py:154} INFO - [2023-11-09T20:25:43.491-0500] {dagbag.py:536} INFO - Filling up the DagBag from /Users/az/anaconda3/envs/python38/lib/python3.8/site-packages/airflow/example_dags/example_branch_python_dop_operator_3.py
[2023-11-09T20:25:43.524-0500] {processor.py:839} INFO - DAG(s) dict_keys(['example_branch_dop_operator_v3']) retrieved from /Users/az/anaconda3/envs/python38/lib/python3.8/site-packages/airflow/example_dags/example_branch_python_dop_operator_3.py
[2023-11-09T20:25:43.626-0500] {logging_mixin.py:154} INFO - [2023-11-09T20:25:43.626-0500] {dag.py:2941} INFO - Sync 1 DAGs
[2023-11-09T20:25:43.638-0500] {logging_mixin.py:154} INFO - [2023-11-09T20:25:43.638-0500] {dag.py:3722} INFO - Setting next_dagrun for example_branch_dop_operator_v3 to 2023-11-10T01:24:00+00:00, run_after=2023-11-10T01:25:00+00:00
[2023-11-09T20:25:43.648-0500] {processor.py:179} INFO - Processing /Users/az/anaconda3/envs/python38/lib/python3.8/site-packages/airflow/example_dags/example_branch_python_dop_operator_3.py took 0.162 seconds
[2023-11-09T20:46:20.322-0500] {processor.py:157} INFO - Started process (PID=57778) to work on /Users/az/anaconda3/envs/python38/lib/python3.8/site-packages/airflow/example_dags/example_branch_python_dop_operator_3.py
[2023-11-09T20:46:20.327-0500] {processor.py:829} INFO - Processing file /Users/az/anaconda3/envs/python38/lib/python3.8/site-packages/airflow/example_dags/example_branch_python_dop_operator_3.py for tasks to queue
[2023-11-09T20:46:20.327-0500] {logging_mixin.py:154} INFO - [2023-11-09T20:46:20.327-0500] {dagbag.py:536} INFO - Filling up the DagBag from /Users/az/anaconda3/envs/python38/lib/python3.8/site-packages/airflow/example_dags/example_branch_python_dop_operator_3.py
[2023-11-09T20:46:20.360-0500] {processor.py:839} INFO - DAG(s) dict_keys(['example_branch_dop_operator_v3']) retrieved from /Users/az/anaconda3/envs/python38/lib/python3.8/site-packages/airflow/example_dags/example_branch_python_dop_operator_3.py
[2023-11-09T20:46:20.463-0500] {logging_mixin.py:154} INFO - [2023-11-09T20:46:20.463-0500] {dag.py:2941} INFO - Sync 1 DAGs
[2023-11-09T20:46:20.475-0500] {logging_mixin.py:154} INFO - [2023-11-09T20:46:20.475-0500] {dag.py:3722} INFO - Setting next_dagrun for example_branch_dop_operator_v3 to 2023-11-10T01:45:00+00:00, run_after=2023-11-10T01:46:00+00:00
[2023-11-09T20:46:20.486-0500] {processor.py:179} INFO - Processing /Users/az/anaconda3/envs/python38/lib/python3.8/site-packages/airflow/example_dags/example_branch_python_dop_operator_3.py took 0.164 seconds
[2023-11-09T20:48:18.976-0500] {processor.py:157} INFO - Started process (PID=57934) to work on /Users/az/anaconda3/envs/python38/lib/python3.8/site-packages/airflow/example_dags/example_branch_python_dop_operator_3.py
[2023-11-09T20:48:18.981-0500] {processor.py:829} INFO - Processing file /Users/az/anaconda3/envs/python38/lib/python3.8/site-packages/airflow/example_dags/example_branch_python_dop_operator_3.py for tasks to queue
[2023-11-09T20:48:18.982-0500] {logging_mixin.py:154} INFO - [2023-11-09T20:48:18.982-0500] {dagbag.py:536} INFO - Filling up the DagBag from /Users/az/anaconda3/envs/python38/lib/python3.8/site-packages/airflow/example_dags/example_branch_python_dop_operator_3.py
[2023-11-09T20:48:19.015-0500] {processor.py:839} INFO - DAG(s) dict_keys(['example_branch_dop_operator_v3']) retrieved from /Users/az/anaconda3/envs/python38/lib/python3.8/site-packages/airflow/example_dags/example_branch_python_dop_operator_3.py
[2023-11-09T20:48:19.117-0500] {logging_mixin.py:154} INFO - [2023-11-09T20:48:19.117-0500] {dag.py:2941} INFO - Sync 1 DAGs
[2023-11-09T20:48:19.129-0500] {logging_mixin.py:154} INFO - [2023-11-09T20:48:19.129-0500] {dag.py:3722} INFO - Setting next_dagrun for example_branch_dop_operator_v3 to 2023-11-10T01:47:00+00:00, run_after=2023-11-10T01:48:00+00:00
[2023-11-09T20:48:19.139-0500] {processor.py:179} INFO - Processing /Users/az/anaconda3/envs/python38/lib/python3.8/site-packages/airflow/example_dags/example_branch_python_dop_operator_3.py took 0.163 seconds
[2023-11-09T20:50:15.410-0500] {processor.py:157} INFO - Started process (PID=58085) to work on /Users/az/anaconda3/envs/python38/lib/python3.8/site-packages/airflow/example_dags/example_branch_python_dop_operator_3.py
[2023-11-09T20:50:15.414-0500] {processor.py:829} INFO - Processing file /Users/az/anaconda3/envs/python38/lib/python3.8/site-packages/airflow/example_dags/example_branch_python_dop_operator_3.py for tasks to queue
[2023-11-09T20:50:15.415-0500] {logging_mixin.py:154} INFO - [2023-11-09T20:50:15.415-0500] {dagbag.py:536} INFO - Filling up the DagBag from /Users/az/anaconda3/envs/python38/lib/python3.8/site-packages/airflow/example_dags/example_branch_python_dop_operator_3.py
[2023-11-09T20:50:15.448-0500] {processor.py:839} INFO - DAG(s) dict_keys(['example_branch_dop_operator_v3']) retrieved from /Users/az/anaconda3/envs/python38/lib/python3.8/site-packages/airflow/example_dags/example_branch_python_dop_operator_3.py
[2023-11-09T20:50:15.553-0500] {logging_mixin.py:154} INFO - [2023-11-09T20:50:15.553-0500] {dag.py:2941} INFO - Sync 1 DAGs
[2023-11-09T20:50:15.566-0500] {logging_mixin.py:154} INFO - [2023-11-09T20:50:15.565-0500] {dag.py:3722} INFO - Setting next_dagrun for example_branch_dop_operator_v3 to 2023-11-10T01:49:00+00:00, run_after=2023-11-10T01:50:00+00:00
[2023-11-09T20:50:15.576-0500] {processor.py:179} INFO - Processing /Users/az/anaconda3/envs/python38/lib/python3.8/site-packages/airflow/example_dags/example_branch_python_dop_operator_3.py took 0.166 seconds
[2023-11-09T20:52:22.932-0500] {processor.py:157} INFO - Started process (PID=58249) to work on /Users/az/anaconda3/envs/python38/lib/python3.8/site-packages/airflow/example_dags/example_branch_python_dop_operator_3.py
[2023-11-09T20:52:22.937-0500] {processor.py:829} INFO - Processing file /Users/az/anaconda3/envs/python38/lib/python3.8/site-packages/airflow/example_dags/example_branch_python_dop_operator_3.py for tasks to queue
[2023-11-09T20:52:22.938-0500] {logging_mixin.py:154} INFO - [2023-11-09T20:52:22.937-0500] {dagbag.py:536} INFO - Filling up the DagBag from /Users/az/anaconda3/envs/python38/lib/python3.8/site-packages/airflow/example_dags/example_branch_python_dop_operator_3.py
[2023-11-09T20:52:22.974-0500] {processor.py:839} INFO - DAG(s) dict_keys(['example_branch_dop_operator_v3']) retrieved from /Users/az/anaconda3/envs/python38/lib/python3.8/site-packages/airflow/example_dags/example_branch_python_dop_operator_3.py
[2023-11-09T20:52:23.078-0500] {logging_mixin.py:154} INFO - [2023-11-09T20:52:23.078-0500] {dag.py:2941} INFO - Sync 1 DAGs
[2023-11-09T20:52:23.090-0500] {logging_mixin.py:154} INFO - [2023-11-09T20:52:23.090-0500] {dag.py:3722} INFO - Setting next_dagrun for example_branch_dop_operator_v3 to 2023-11-10T01:51:00+00:00, run_after=2023-11-10T01:52:00+00:00
[2023-11-09T20:52:23.101-0500] {processor.py:179} INFO - Processing /Users/az/anaconda3/envs/python38/lib/python3.8/site-packages/airflow/example_dags/example_branch_python_dop_operator_3.py took 0.169 seconds
[2023-11-09T20:54:40.548-0500] {processor.py:157} INFO - Started process (PID=58408) to work on /Users/az/anaconda3/envs/python38/lib/python3.8/site-packages/airflow/example_dags/example_branch_python_dop_operator_3.py
[2023-11-09T20:54:40.553-0500] {processor.py:829} INFO - Processing file /Users/az/anaconda3/envs/python38/lib/python3.8/site-packages/airflow/example_dags/example_branch_python_dop_operator_3.py for tasks to queue
[2023-11-09T20:54:40.554-0500] {logging_mixin.py:154} INFO - [2023-11-09T20:54:40.553-0500] {dagbag.py:536} INFO - Filling up the DagBag from /Users/az/anaconda3/envs/python38/lib/python3.8/site-packages/airflow/example_dags/example_branch_python_dop_operator_3.py
[2023-11-09T20:54:40.590-0500] {processor.py:839} INFO - DAG(s) dict_keys(['example_branch_dop_operator_v3']) retrieved from /Users/az/anaconda3/envs/python38/lib/python3.8/site-packages/airflow/example_dags/example_branch_python_dop_operator_3.py
[2023-11-09T20:54:40.692-0500] {logging_mixin.py:154} INFO - [2023-11-09T20:54:40.692-0500] {dag.py:2941} INFO - Sync 1 DAGs
[2023-11-09T20:54:40.704-0500] {logging_mixin.py:154} INFO - [2023-11-09T20:54:40.704-0500] {dag.py:3722} INFO - Setting next_dagrun for example_branch_dop_operator_v3 to 2023-11-10T01:53:00+00:00, run_after=2023-11-10T01:54:00+00:00
[2023-11-09T20:54:40.715-0500] {processor.py:179} INFO - Processing /Users/az/anaconda3/envs/python38/lib/python3.8/site-packages/airflow/example_dags/example_branch_python_dop_operator_3.py took 0.167 seconds
[2023-11-09T20:56:51.375-0500] {processor.py:157} INFO - Started process (PID=58572) to work on /Users/az/anaconda3/envs/python38/lib/python3.8/site-packages/airflow/example_dags/example_branch_python_dop_operator_3.py
[2023-11-09T20:56:51.380-0500] {processor.py:829} INFO - Processing file /Users/az/anaconda3/envs/python38/lib/python3.8/site-packages/airflow/example_dags/example_branch_python_dop_operator_3.py for tasks to queue
[2023-11-09T20:56:51.380-0500] {logging_mixin.py:154} INFO - [2023-11-09T20:56:51.380-0500] {dagbag.py:536} INFO - Filling up the DagBag from /Users/az/anaconda3/envs/python38/lib/python3.8/site-packages/airflow/example_dags/example_branch_python_dop_operator_3.py
[2023-11-09T20:56:51.417-0500] {processor.py:839} INFO - DAG(s) dict_keys(['example_branch_dop_operator_v3']) retrieved from /Users/az/anaconda3/envs/python38/lib/python3.8/site-packages/airflow/example_dags/example_branch_python_dop_operator_3.py
[2023-11-09T20:56:51.531-0500] {logging_mixin.py:154} INFO - [2023-11-09T20:56:51.531-0500] {dag.py:2941} INFO - Sync 1 DAGs
[2023-11-09T20:56:51.544-0500] {logging_mixin.py:154} INFO - [2023-11-09T20:56:51.543-0500] {dag.py:3722} INFO - Setting next_dagrun for example_branch_dop_operator_v3 to 2023-11-10T01:55:00+00:00, run_after=2023-11-10T01:56:00+00:00
[2023-11-09T20:56:51.554-0500] {processor.py:179} INFO - Processing /Users/az/anaconda3/envs/python38/lib/python3.8/site-packages/airflow/example_dags/example_branch_python_dop_operator_3.py took 0.179 seconds
[2023-11-09T20:59:00.082-0500] {processor.py:157} INFO - Started process (PID=58722) to work on /Users/az/anaconda3/envs/python38/lib/python3.8/site-packages/airflow/example_dags/example_branch_python_dop_operator_3.py
[2023-11-09T20:59:00.087-0500] {processor.py:829} INFO - Processing file /Users/az/anaconda3/envs/python38/lib/python3.8/site-packages/airflow/example_dags/example_branch_python_dop_operator_3.py for tasks to queue
[2023-11-09T20:59:00.087-0500] {logging_mixin.py:154} INFO - [2023-11-09T20:59:00.087-0500] {dagbag.py:536} INFO - Filling up the DagBag from /Users/az/anaconda3/envs/python38/lib/python3.8/site-packages/airflow/example_dags/example_branch_python_dop_operator_3.py
[2023-11-09T20:59:00.123-0500] {processor.py:839} INFO - DAG(s) dict_keys(['example_branch_dop_operator_v3']) retrieved from /Users/az/anaconda3/envs/python38/lib/python3.8/site-packages/airflow/example_dags/example_branch_python_dop_operator_3.py
[2023-11-09T20:59:00.225-0500] {logging_mixin.py:154} INFO - [2023-11-09T20:59:00.225-0500] {dag.py:2941} INFO - Sync 1 DAGs
[2023-11-09T20:59:00.237-0500] {logging_mixin.py:154} INFO - [2023-11-09T20:59:00.237-0500] {dag.py:3722} INFO - Setting next_dagrun for example_branch_dop_operator_v3 to 2023-11-10T01:58:00+00:00, run_after=2023-11-10T01:59:00+00:00
[2023-11-09T20:59:00.247-0500] {processor.py:179} INFO - Processing /Users/az/anaconda3/envs/python38/lib/python3.8/site-packages/airflow/example_dags/example_branch_python_dop_operator_3.py took 0.166 seconds
[2023-11-09T21:01:13.438-0500] {processor.py:157} INFO - Started process (PID=58905) to work on /Users/az/anaconda3/envs/python38/lib/python3.8/site-packages/airflow/example_dags/example_branch_python_dop_operator_3.py
[2023-11-09T21:01:13.443-0500] {processor.py:829} INFO - Processing file /Users/az/anaconda3/envs/python38/lib/python3.8/site-packages/airflow/example_dags/example_branch_python_dop_operator_3.py for tasks to queue
[2023-11-09T21:01:13.443-0500] {logging_mixin.py:154} INFO - [2023-11-09T21:01:13.443-0500] {dagbag.py:536} INFO - Filling up the DagBag from /Users/az/anaconda3/envs/python38/lib/python3.8/site-packages/airflow/example_dags/example_branch_python_dop_operator_3.py
[2023-11-09T21:01:13.478-0500] {processor.py:839} INFO - DAG(s) dict_keys(['example_branch_dop_operator_v3']) retrieved from /Users/az/anaconda3/envs/python38/lib/python3.8/site-packages/airflow/example_dags/example_branch_python_dop_operator_3.py
[2023-11-09T21:01:13.581-0500] {logging_mixin.py:154} INFO - [2023-11-09T21:01:13.581-0500] {dag.py:2941} INFO - Sync 1 DAGs
[2023-11-09T21:01:13.593-0500] {logging_mixin.py:154} INFO - [2023-11-09T21:01:13.593-0500] {dag.py:3722} INFO - Setting next_dagrun for example_branch_dop_operator_v3 to 2023-11-10T02:00:00+00:00, run_after=2023-11-10T02:01:00+00:00
[2023-11-09T21:01:13.603-0500] {processor.py:179} INFO - Processing /Users/az/anaconda3/envs/python38/lib/python3.8/site-packages/airflow/example_dags/example_branch_python_dop_operator_3.py took 0.166 seconds
[2023-11-09T21:03:20.151-0500] {processor.py:157} INFO - Started process (PID=59067) to work on /Users/az/anaconda3/envs/python38/lib/python3.8/site-packages/airflow/example_dags/example_branch_python_dop_operator_3.py
[2023-11-09T21:03:20.156-0500] {processor.py:829} INFO - Processing file /Users/az/anaconda3/envs/python38/lib/python3.8/site-packages/airflow/example_dags/example_branch_python_dop_operator_3.py for tasks to queue
[2023-11-09T21:03:20.157-0500] {logging_mixin.py:154} INFO - [2023-11-09T21:03:20.156-0500] {dagbag.py:536} INFO - Filling up the DagBag from /Users/az/anaconda3/envs/python38/lib/python3.8/site-packages/airflow/example_dags/example_branch_python_dop_operator_3.py
[2023-11-09T21:03:20.190-0500] {processor.py:839} INFO - DAG(s) dict_keys(['example_branch_dop_operator_v3']) retrieved from /Users/az/anaconda3/envs/python38/lib/python3.8/site-packages/airflow/example_dags/example_branch_python_dop_operator_3.py
[2023-11-09T21:03:20.292-0500] {logging_mixin.py:154} INFO - [2023-11-09T21:03:20.292-0500] {dag.py:2941} INFO - Sync 1 DAGs
[2023-11-09T21:03:20.304-0500] {logging_mixin.py:154} INFO - [2023-11-09T21:03:20.304-0500] {dag.py:3722} INFO - Setting next_dagrun for example_branch_dop_operator_v3 to 2023-11-10T02:02:00+00:00, run_after=2023-11-10T02:03:00+00:00
[2023-11-09T21:03:20.314-0500] {processor.py:179} INFO - Processing /Users/az/anaconda3/envs/python38/lib/python3.8/site-packages/airflow/example_dags/example_branch_python_dop_operator_3.py took 0.163 seconds
[2023-11-09T21:05:20.179-0500] {processor.py:157} INFO - Started process (PID=59246) to work on /Users/az/anaconda3/envs/python38/lib/python3.8/site-packages/airflow/example_dags/example_branch_python_dop_operator_3.py
[2023-11-09T21:05:20.184-0500] {processor.py:829} INFO - Processing file /Users/az/anaconda3/envs/python38/lib/python3.8/site-packages/airflow/example_dags/example_branch_python_dop_operator_3.py for tasks to queue
[2023-11-09T21:05:20.184-0500] {logging_mixin.py:154} INFO - [2023-11-09T21:05:20.184-0500] {dagbag.py:536} INFO - Filling up the DagBag from /Users/az/anaconda3/envs/python38/lib/python3.8/site-packages/airflow/example_dags/example_branch_python_dop_operator_3.py
[2023-11-09T21:05:20.217-0500] {processor.py:839} INFO - DAG(s) dict_keys(['example_branch_dop_operator_v3']) retrieved from /Users/az/anaconda3/envs/python38/lib/python3.8/site-packages/airflow/example_dags/example_branch_python_dop_operator_3.py
[2023-11-09T21:05:20.318-0500] {logging_mixin.py:154} INFO - [2023-11-09T21:05:20.318-0500] {dag.py:2941} INFO - Sync 1 DAGs
[2023-11-09T21:05:20.330-0500] {logging_mixin.py:154} INFO - [2023-11-09T21:05:20.330-0500] {dag.py:3722} INFO - Setting next_dagrun for example_branch_dop_operator_v3 to 2023-11-10T02:04:00+00:00, run_after=2023-11-10T02:05:00+00:00
[2023-11-09T21:05:20.340-0500] {processor.py:179} INFO - Processing /Users/az/anaconda3/envs/python38/lib/python3.8/site-packages/airflow/example_dags/example_branch_python_dop_operator_3.py took 0.162 seconds
[2023-11-09T21:07:23.683-0500] {processor.py:157} INFO - Started process (PID=59406) to work on /Users/az/anaconda3/envs/python38/lib/python3.8/site-packages/airflow/example_dags/example_branch_python_dop_operator_3.py
[2023-11-09T21:07:23.687-0500] {processor.py:829} INFO - Processing file /Users/az/anaconda3/envs/python38/lib/python3.8/site-packages/airflow/example_dags/example_branch_python_dop_operator_3.py for tasks to queue
[2023-11-09T21:07:23.687-0500] {logging_mixin.py:154} INFO - [2023-11-09T21:07:23.687-0500] {dagbag.py:536} INFO - Filling up the DagBag from /Users/az/anaconda3/envs/python38/lib/python3.8/site-packages/airflow/example_dags/example_branch_python_dop_operator_3.py
[2023-11-09T21:07:23.721-0500] {processor.py:839} INFO - DAG(s) dict_keys(['example_branch_dop_operator_v3']) retrieved from /Users/az/anaconda3/envs/python38/lib/python3.8/site-packages/airflow/example_dags/example_branch_python_dop_operator_3.py
[2023-11-09T21:07:23.823-0500] {logging_mixin.py:154} INFO - [2023-11-09T21:07:23.823-0500] {dag.py:2941} INFO - Sync 1 DAGs
[2023-11-09T21:07:23.835-0500] {logging_mixin.py:154} INFO - [2023-11-09T21:07:23.835-0500] {dag.py:3722} INFO - Setting next_dagrun for example_branch_dop_operator_v3 to 2023-11-10T02:06:00+00:00, run_after=2023-11-10T02:07:00+00:00
[2023-11-09T21:07:23.845-0500] {processor.py:179} INFO - Processing /Users/az/anaconda3/envs/python38/lib/python3.8/site-packages/airflow/example_dags/example_branch_python_dop_operator_3.py took 0.162 seconds
[2023-11-09T21:09:20.727-0500] {processor.py:157} INFO - Started process (PID=59547) to work on /Users/az/anaconda3/envs/python38/lib/python3.8/site-packages/airflow/example_dags/example_branch_python_dop_operator_3.py
[2023-11-09T21:09:20.731-0500] {processor.py:829} INFO - Processing file /Users/az/anaconda3/envs/python38/lib/python3.8/site-packages/airflow/example_dags/example_branch_python_dop_operator_3.py for tasks to queue
[2023-11-09T21:09:20.732-0500] {logging_mixin.py:154} INFO - [2023-11-09T21:09:20.731-0500] {dagbag.py:536} INFO - Filling up the DagBag from /Users/az/anaconda3/envs/python38/lib/python3.8/site-packages/airflow/example_dags/example_branch_python_dop_operator_3.py
[2023-11-09T21:09:20.774-0500] {processor.py:839} INFO - DAG(s) dict_keys(['example_branch_dop_operator_v3']) retrieved from /Users/az/anaconda3/envs/python38/lib/python3.8/site-packages/airflow/example_dags/example_branch_python_dop_operator_3.py
[2023-11-09T21:09:20.925-0500] {logging_mixin.py:154} INFO - [2023-11-09T21:09:20.925-0500] {dag.py:2941} INFO - Sync 1 DAGs
[2023-11-09T21:09:20.946-0500] {logging_mixin.py:154} INFO - [2023-11-09T21:09:20.946-0500] {dag.py:3722} INFO - Setting next_dagrun for example_branch_dop_operator_v3 to 2023-11-10T02:08:00+00:00, run_after=2023-11-10T02:09:00+00:00
[2023-11-09T21:09:20.963-0500] {processor.py:179} INFO - Processing /Users/az/anaconda3/envs/python38/lib/python3.8/site-packages/airflow/example_dags/example_branch_python_dop_operator_3.py took 0.237 seconds
[2023-11-09T21:11:22.963-0500] {processor.py:157} INFO - Started process (PID=59717) to work on /Users/az/anaconda3/envs/python38/lib/python3.8/site-packages/airflow/example_dags/example_branch_python_dop_operator_3.py
[2023-11-09T21:11:22.967-0500] {processor.py:829} INFO - Processing file /Users/az/anaconda3/envs/python38/lib/python3.8/site-packages/airflow/example_dags/example_branch_python_dop_operator_3.py for tasks to queue
[2023-11-09T21:11:22.968-0500] {logging_mixin.py:154} INFO - [2023-11-09T21:11:22.968-0500] {dagbag.py:536} INFO - Filling up the DagBag from /Users/az/anaconda3/envs/python38/lib/python3.8/site-packages/airflow/example_dags/example_branch_python_dop_operator_3.py
[2023-11-09T21:11:23.001-0500] {processor.py:839} INFO - DAG(s) dict_keys(['example_branch_dop_operator_v3']) retrieved from /Users/az/anaconda3/envs/python38/lib/python3.8/site-packages/airflow/example_dags/example_branch_python_dop_operator_3.py
[2023-11-09T21:11:23.105-0500] {logging_mixin.py:154} INFO - [2023-11-09T21:11:23.104-0500] {dag.py:2941} INFO - Sync 1 DAGs
[2023-11-09T21:11:23.117-0500] {logging_mixin.py:154} INFO - [2023-11-09T21:11:23.117-0500] {dag.py:3722} INFO - Setting next_dagrun for example_branch_dop_operator_v3 to 2023-11-10T02:10:00+00:00, run_after=2023-11-10T02:11:00+00:00
[2023-11-09T21:11:23.127-0500] {processor.py:179} INFO - Processing /Users/az/anaconda3/envs/python38/lib/python3.8/site-packages/airflow/example_dags/example_branch_python_dop_operator_3.py took 0.165 seconds
[2023-11-09T21:13:21.693-0500] {processor.py:157} INFO - Started process (PID=59862) to work on /Users/az/anaconda3/envs/python38/lib/python3.8/site-packages/airflow/example_dags/example_branch_python_dop_operator_3.py
[2023-11-09T21:13:21.697-0500] {processor.py:829} INFO - Processing file /Users/az/anaconda3/envs/python38/lib/python3.8/site-packages/airflow/example_dags/example_branch_python_dop_operator_3.py for tasks to queue
[2023-11-09T21:13:21.697-0500] {logging_mixin.py:154} INFO - [2023-11-09T21:13:21.697-0500] {dagbag.py:536} INFO - Filling up the DagBag from /Users/az/anaconda3/envs/python38/lib/python3.8/site-packages/airflow/example_dags/example_branch_python_dop_operator_3.py
[2023-11-09T21:13:21.731-0500] {processor.py:839} INFO - DAG(s) dict_keys(['example_branch_dop_operator_v3']) retrieved from /Users/az/anaconda3/envs/python38/lib/python3.8/site-packages/airflow/example_dags/example_branch_python_dop_operator_3.py
[2023-11-09T21:13:21.834-0500] {logging_mixin.py:154} INFO - [2023-11-09T21:13:21.834-0500] {dag.py:2941} INFO - Sync 1 DAGs
[2023-11-09T21:13:21.847-0500] {logging_mixin.py:154} INFO - [2023-11-09T21:13:21.846-0500] {dag.py:3722} INFO - Setting next_dagrun for example_branch_dop_operator_v3 to 2023-11-10T02:12:00+00:00, run_after=2023-11-10T02:13:00+00:00
[2023-11-09T21:13:21.857-0500] {processor.py:179} INFO - Processing /Users/az/anaconda3/envs/python38/lib/python3.8/site-packages/airflow/example_dags/example_branch_python_dop_operator_3.py took 0.165 seconds
