[2023-11-09T19:00:19.363-0500] {processor.py:157} INFO - Started process (PID=48785) to work on /Users/az/anaconda3/envs/python38/lib/python3.8/site-packages/airflow/example_dags/example_branch_operator.py
[2023-11-09T19:00:19.367-0500] {processor.py:829} INFO - Processing file /Users/az/anaconda3/envs/python38/lib/python3.8/site-packages/airflow/example_dags/example_branch_operator.py for tasks to queue
[2023-11-09T19:00:19.368-0500] {logging_mixin.py:154} INFO - [2023-11-09T19:00:19.367-0500] {dagbag.py:536} INFO - Filling up the DagBag from /Users/az/anaconda3/envs/python38/lib/python3.8/site-packages/airflow/example_dags/example_branch_operator.py
[2023-11-09T19:00:19.392-0500] {processor.py:839} INFO - DAG(s) dict_keys(['example_branch_operator']) retrieved from /Users/az/anaconda3/envs/python38/lib/python3.8/site-packages/airflow/example_dags/example_branch_operator.py
[2023-11-09T19:00:19.501-0500] {logging_mixin.py:154} INFO - [2023-11-09T19:00:19.501-0500] {dag.py:2941} INFO - Sync 1 DAGs
[2023-11-09T19:00:19.512-0500] {logging_mixin.py:154} INFO - [2023-11-09T19:00:19.512-0500] {dag.py:3722} INFO - Setting next_dagrun for example_branch_operator to 2023-11-09T00:00:00+00:00, run_after=2023-11-10T00:00:00+00:00
[2023-11-09T19:00:19.522-0500] {processor.py:179} INFO - Processing /Users/az/anaconda3/envs/python38/lib/python3.8/site-packages/airflow/example_dags/example_branch_operator.py took 0.159 seconds
[2023-11-09T19:02:23.210-0500] {processor.py:157} INFO - Started process (PID=48938) to work on /Users/az/anaconda3/envs/python38/lib/python3.8/site-packages/airflow/example_dags/example_branch_operator.py
[2023-11-09T19:02:23.214-0500] {processor.py:829} INFO - Processing file /Users/az/anaconda3/envs/python38/lib/python3.8/site-packages/airflow/example_dags/example_branch_operator.py for tasks to queue
[2023-11-09T19:02:23.214-0500] {logging_mixin.py:154} INFO - [2023-11-09T19:02:23.214-0500] {dagbag.py:536} INFO - Filling up the DagBag from /Users/az/anaconda3/envs/python38/lib/python3.8/site-packages/airflow/example_dags/example_branch_operator.py
[2023-11-09T19:02:23.247-0500] {processor.py:839} INFO - DAG(s) dict_keys(['example_branch_operator']) retrieved from /Users/az/anaconda3/envs/python38/lib/python3.8/site-packages/airflow/example_dags/example_branch_operator.py
[2023-11-09T19:02:23.468-0500] {logging_mixin.py:154} INFO - [2023-11-09T19:02:23.467-0500] {dag.py:2941} INFO - Sync 1 DAGs
[2023-11-09T19:02:23.482-0500] {logging_mixin.py:154} INFO - [2023-11-09T19:02:23.482-0500] {dag.py:3722} INFO - Setting next_dagrun for example_branch_operator to 2023-11-09T00:00:00+00:00, run_after=2023-11-10T00:00:00+00:00
[2023-11-09T19:02:23.523-0500] {processor.py:179} INFO - Processing /Users/az/anaconda3/envs/python38/lib/python3.8/site-packages/airflow/example_dags/example_branch_operator.py took 0.314 seconds
[2023-11-09T19:04:31.661-0500] {processor.py:157} INFO - Started process (PID=49105) to work on /Users/az/anaconda3/envs/python38/lib/python3.8/site-packages/airflow/example_dags/example_branch_operator.py
[2023-11-09T19:04:31.665-0500] {processor.py:829} INFO - Processing file /Users/az/anaconda3/envs/python38/lib/python3.8/site-packages/airflow/example_dags/example_branch_operator.py for tasks to queue
[2023-11-09T19:04:31.665-0500] {logging_mixin.py:154} INFO - [2023-11-09T19:04:31.665-0500] {dagbag.py:536} INFO - Filling up the DagBag from /Users/az/anaconda3/envs/python38/lib/python3.8/site-packages/airflow/example_dags/example_branch_operator.py
[2023-11-09T19:04:31.692-0500] {processor.py:839} INFO - DAG(s) dict_keys(['example_branch_operator']) retrieved from /Users/az/anaconda3/envs/python38/lib/python3.8/site-packages/airflow/example_dags/example_branch_operator.py
[2023-11-09T19:04:31.830-0500] {logging_mixin.py:154} INFO - [2023-11-09T19:04:31.830-0500] {dag.py:2941} INFO - Sync 1 DAGs
[2023-11-09T19:04:31.842-0500] {logging_mixin.py:154} INFO - [2023-11-09T19:04:31.842-0500] {dag.py:3722} INFO - Setting next_dagrun for example_branch_operator to 2023-11-09T00:00:00+00:00, run_after=2023-11-10T00:00:00+00:00
[2023-11-09T19:04:31.852-0500] {processor.py:179} INFO - Processing /Users/az/anaconda3/envs/python38/lib/python3.8/site-packages/airflow/example_dags/example_branch_operator.py took 0.192 seconds
[2023-11-09T19:06:30.823-0500] {processor.py:157} INFO - Started process (PID=49249) to work on /Users/az/anaconda3/envs/python38/lib/python3.8/site-packages/airflow/example_dags/example_branch_operator.py
[2023-11-09T19:06:30.828-0500] {processor.py:829} INFO - Processing file /Users/az/anaconda3/envs/python38/lib/python3.8/site-packages/airflow/example_dags/example_branch_operator.py for tasks to queue
[2023-11-09T19:06:30.828-0500] {logging_mixin.py:154} INFO - [2023-11-09T19:06:30.828-0500] {dagbag.py:536} INFO - Filling up the DagBag from /Users/az/anaconda3/envs/python38/lib/python3.8/site-packages/airflow/example_dags/example_branch_operator.py
[2023-11-09T19:06:30.852-0500] {processor.py:839} INFO - DAG(s) dict_keys(['example_branch_operator']) retrieved from /Users/az/anaconda3/envs/python38/lib/python3.8/site-packages/airflow/example_dags/example_branch_operator.py
[2023-11-09T19:06:30.962-0500] {logging_mixin.py:154} INFO - [2023-11-09T19:06:30.961-0500] {dag.py:2941} INFO - Sync 1 DAGs
[2023-11-09T19:06:30.972-0500] {logging_mixin.py:154} INFO - [2023-11-09T19:06:30.972-0500] {dag.py:3722} INFO - Setting next_dagrun for example_branch_operator to 2023-11-09T00:00:00+00:00, run_after=2023-11-10T00:00:00+00:00
[2023-11-09T19:06:30.982-0500] {processor.py:179} INFO - Processing /Users/az/anaconda3/envs/python38/lib/python3.8/site-packages/airflow/example_dags/example_branch_operator.py took 0.159 seconds
[2023-11-09T19:08:31.861-0500] {processor.py:157} INFO - Started process (PID=49396) to work on /Users/az/anaconda3/envs/python38/lib/python3.8/site-packages/airflow/example_dags/example_branch_operator.py
[2023-11-09T19:08:31.865-0500] {processor.py:829} INFO - Processing file /Users/az/anaconda3/envs/python38/lib/python3.8/site-packages/airflow/example_dags/example_branch_operator.py for tasks to queue
[2023-11-09T19:08:31.865-0500] {logging_mixin.py:154} INFO - [2023-11-09T19:08:31.865-0500] {dagbag.py:536} INFO - Filling up the DagBag from /Users/az/anaconda3/envs/python38/lib/python3.8/site-packages/airflow/example_dags/example_branch_operator.py
[2023-11-09T19:08:31.891-0500] {processor.py:839} INFO - DAG(s) dict_keys(['example_branch_operator']) retrieved from /Users/az/anaconda3/envs/python38/lib/python3.8/site-packages/airflow/example_dags/example_branch_operator.py
[2023-11-09T19:08:32.001-0500] {logging_mixin.py:154} INFO - [2023-11-09T19:08:32.000-0500] {dag.py:2941} INFO - Sync 1 DAGs
[2023-11-09T19:08:32.011-0500] {logging_mixin.py:154} INFO - [2023-11-09T19:08:32.011-0500] {dag.py:3722} INFO - Setting next_dagrun for example_branch_operator to 2023-11-09T00:00:00+00:00, run_after=2023-11-10T00:00:00+00:00
[2023-11-09T19:08:32.021-0500] {processor.py:179} INFO - Processing /Users/az/anaconda3/envs/python38/lib/python3.8/site-packages/airflow/example_dags/example_branch_operator.py took 0.161 seconds
[2023-11-09T19:10:32.105-0500] {processor.py:157} INFO - Started process (PID=49543) to work on /Users/az/anaconda3/envs/python38/lib/python3.8/site-packages/airflow/example_dags/example_branch_operator.py
[2023-11-09T19:10:32.109-0500] {processor.py:829} INFO - Processing file /Users/az/anaconda3/envs/python38/lib/python3.8/site-packages/airflow/example_dags/example_branch_operator.py for tasks to queue
[2023-11-09T19:10:32.110-0500] {logging_mixin.py:154} INFO - [2023-11-09T19:10:32.109-0500] {dagbag.py:536} INFO - Filling up the DagBag from /Users/az/anaconda3/envs/python38/lib/python3.8/site-packages/airflow/example_dags/example_branch_operator.py
[2023-11-09T19:10:32.133-0500] {processor.py:839} INFO - DAG(s) dict_keys(['example_branch_operator']) retrieved from /Users/az/anaconda3/envs/python38/lib/python3.8/site-packages/airflow/example_dags/example_branch_operator.py
[2023-11-09T19:10:32.259-0500] {logging_mixin.py:154} INFO - [2023-11-09T19:10:32.259-0500] {dag.py:2941} INFO - Sync 1 DAGs
[2023-11-09T19:10:32.270-0500] {logging_mixin.py:154} INFO - [2023-11-09T19:10:32.270-0500] {dag.py:3722} INFO - Setting next_dagrun for example_branch_operator to 2023-11-09T00:00:00+00:00, run_after=2023-11-10T00:00:00+00:00
[2023-11-09T19:10:32.280-0500] {processor.py:179} INFO - Processing /Users/az/anaconda3/envs/python38/lib/python3.8/site-packages/airflow/example_dags/example_branch_operator.py took 0.175 seconds
[2023-11-09T19:12:33.111-0500] {processor.py:157} INFO - Started process (PID=49697) to work on /Users/az/anaconda3/envs/python38/lib/python3.8/site-packages/airflow/example_dags/example_branch_operator.py
[2023-11-09T19:12:33.115-0500] {processor.py:829} INFO - Processing file /Users/az/anaconda3/envs/python38/lib/python3.8/site-packages/airflow/example_dags/example_branch_operator.py for tasks to queue
[2023-11-09T19:12:33.116-0500] {logging_mixin.py:154} INFO - [2023-11-09T19:12:33.116-0500] {dagbag.py:536} INFO - Filling up the DagBag from /Users/az/anaconda3/envs/python38/lib/python3.8/site-packages/airflow/example_dags/example_branch_operator.py
[2023-11-09T19:12:33.140-0500] {processor.py:839} INFO - DAG(s) dict_keys(['example_branch_operator']) retrieved from /Users/az/anaconda3/envs/python38/lib/python3.8/site-packages/airflow/example_dags/example_branch_operator.py
[2023-11-09T19:12:33.248-0500] {logging_mixin.py:154} INFO - [2023-11-09T19:12:33.248-0500] {dag.py:2941} INFO - Sync 1 DAGs
[2023-11-09T19:12:33.259-0500] {logging_mixin.py:154} INFO - [2023-11-09T19:12:33.259-0500] {dag.py:3722} INFO - Setting next_dagrun for example_branch_operator to 2023-11-09T00:00:00+00:00, run_after=2023-11-10T00:00:00+00:00
[2023-11-09T19:12:33.269-0500] {processor.py:179} INFO - Processing /Users/az/anaconda3/envs/python38/lib/python3.8/site-packages/airflow/example_dags/example_branch_operator.py took 0.158 seconds
[2023-11-09T19:14:29.207-0500] {processor.py:157} INFO - Started process (PID=49849) to work on /Users/az/anaconda3/envs/python38/lib/python3.8/site-packages/airflow/example_dags/example_branch_operator.py
[2023-11-09T19:14:29.212-0500] {processor.py:829} INFO - Processing file /Users/az/anaconda3/envs/python38/lib/python3.8/site-packages/airflow/example_dags/example_branch_operator.py for tasks to queue
[2023-11-09T19:14:29.212-0500] {logging_mixin.py:154} INFO - [2023-11-09T19:14:29.212-0500] {dagbag.py:536} INFO - Filling up the DagBag from /Users/az/anaconda3/envs/python38/lib/python3.8/site-packages/airflow/example_dags/example_branch_operator.py
[2023-11-09T19:14:29.236-0500] {processor.py:839} INFO - DAG(s) dict_keys(['example_branch_operator']) retrieved from /Users/az/anaconda3/envs/python38/lib/python3.8/site-packages/airflow/example_dags/example_branch_operator.py
[2023-11-09T19:14:29.344-0500] {logging_mixin.py:154} INFO - [2023-11-09T19:14:29.344-0500] {dag.py:2941} INFO - Sync 1 DAGs
[2023-11-09T19:14:29.355-0500] {logging_mixin.py:154} INFO - [2023-11-09T19:14:29.354-0500] {dag.py:3722} INFO - Setting next_dagrun for example_branch_operator to 2023-11-09T00:00:00+00:00, run_after=2023-11-10T00:00:00+00:00
[2023-11-09T19:14:29.364-0500] {processor.py:179} INFO - Processing /Users/az/anaconda3/envs/python38/lib/python3.8/site-packages/airflow/example_dags/example_branch_operator.py took 0.158 seconds
[2023-11-09T19:16:29.846-0500] {processor.py:157} INFO - Started process (PID=49995) to work on /Users/az/anaconda3/envs/python38/lib/python3.8/site-packages/airflow/example_dags/example_branch_operator.py
[2023-11-09T19:16:29.851-0500] {processor.py:829} INFO - Processing file /Users/az/anaconda3/envs/python38/lib/python3.8/site-packages/airflow/example_dags/example_branch_operator.py for tasks to queue
[2023-11-09T19:16:29.851-0500] {logging_mixin.py:154} INFO - [2023-11-09T19:16:29.851-0500] {dagbag.py:536} INFO - Filling up the DagBag from /Users/az/anaconda3/envs/python38/lib/python3.8/site-packages/airflow/example_dags/example_branch_operator.py
[2023-11-09T19:16:29.875-0500] {processor.py:839} INFO - DAG(s) dict_keys(['example_branch_operator']) retrieved from /Users/az/anaconda3/envs/python38/lib/python3.8/site-packages/airflow/example_dags/example_branch_operator.py
[2023-11-09T19:16:29.983-0500] {logging_mixin.py:154} INFO - [2023-11-09T19:16:29.983-0500] {dag.py:2941} INFO - Sync 1 DAGs
[2023-11-09T19:16:29.994-0500] {logging_mixin.py:154} INFO - [2023-11-09T19:16:29.994-0500] {dag.py:3722} INFO - Setting next_dagrun for example_branch_operator to 2023-11-09T00:00:00+00:00, run_after=2023-11-10T00:00:00+00:00
[2023-11-09T19:16:30.004-0500] {processor.py:179} INFO - Processing /Users/az/anaconda3/envs/python38/lib/python3.8/site-packages/airflow/example_dags/example_branch_operator.py took 0.159 seconds
[2023-11-09T19:18:42.120-0500] {processor.py:157} INFO - Started process (PID=50156) to work on /Users/az/anaconda3/envs/python38/lib/python3.8/site-packages/airflow/example_dags/example_branch_operator.py
[2023-11-09T19:18:42.125-0500] {processor.py:829} INFO - Processing file /Users/az/anaconda3/envs/python38/lib/python3.8/site-packages/airflow/example_dags/example_branch_operator.py for tasks to queue
[2023-11-09T19:18:42.125-0500] {logging_mixin.py:154} INFO - [2023-11-09T19:18:42.125-0500] {dagbag.py:536} INFO - Filling up the DagBag from /Users/az/anaconda3/envs/python38/lib/python3.8/site-packages/airflow/example_dags/example_branch_operator.py
[2023-11-09T19:18:42.149-0500] {processor.py:839} INFO - DAG(s) dict_keys(['example_branch_operator']) retrieved from /Users/az/anaconda3/envs/python38/lib/python3.8/site-packages/airflow/example_dags/example_branch_operator.py
[2023-11-09T19:18:42.257-0500] {logging_mixin.py:154} INFO - [2023-11-09T19:18:42.257-0500] {dag.py:2941} INFO - Sync 1 DAGs
[2023-11-09T19:18:42.268-0500] {logging_mixin.py:154} INFO - [2023-11-09T19:18:42.267-0500] {dag.py:3722} INFO - Setting next_dagrun for example_branch_operator to 2023-11-09T00:00:00+00:00, run_after=2023-11-10T00:00:00+00:00
[2023-11-09T19:18:42.278-0500] {processor.py:179} INFO - Processing /Users/az/anaconda3/envs/python38/lib/python3.8/site-packages/airflow/example_dags/example_branch_operator.py took 0.158 seconds
[2023-11-09T19:20:44.073-0500] {processor.py:157} INFO - Started process (PID=50308) to work on /Users/az/anaconda3/envs/python38/lib/python3.8/site-packages/airflow/example_dags/example_branch_operator.py
[2023-11-09T19:20:44.077-0500] {processor.py:829} INFO - Processing file /Users/az/anaconda3/envs/python38/lib/python3.8/site-packages/airflow/example_dags/example_branch_operator.py for tasks to queue
[2023-11-09T19:20:44.078-0500] {logging_mixin.py:154} INFO - [2023-11-09T19:20:44.078-0500] {dagbag.py:536} INFO - Filling up the DagBag from /Users/az/anaconda3/envs/python38/lib/python3.8/site-packages/airflow/example_dags/example_branch_operator.py
[2023-11-09T19:20:44.102-0500] {processor.py:839} INFO - DAG(s) dict_keys(['example_branch_operator']) retrieved from /Users/az/anaconda3/envs/python38/lib/python3.8/site-packages/airflow/example_dags/example_branch_operator.py
[2023-11-09T19:20:44.210-0500] {logging_mixin.py:154} INFO - [2023-11-09T19:20:44.210-0500] {dag.py:2941} INFO - Sync 1 DAGs
[2023-11-09T19:20:44.220-0500] {logging_mixin.py:154} INFO - [2023-11-09T19:20:44.220-0500] {dag.py:3722} INFO - Setting next_dagrun for example_branch_operator to 2023-11-09T00:00:00+00:00, run_after=2023-11-10T00:00:00+00:00
[2023-11-09T19:20:44.230-0500] {processor.py:179} INFO - Processing /Users/az/anaconda3/envs/python38/lib/python3.8/site-packages/airflow/example_dags/example_branch_operator.py took 0.158 seconds
[2023-11-09T19:22:52.327-0500] {processor.py:157} INFO - Started process (PID=50470) to work on /Users/az/anaconda3/envs/python38/lib/python3.8/site-packages/airflow/example_dags/example_branch_operator.py
[2023-11-09T19:22:52.332-0500] {processor.py:829} INFO - Processing file /Users/az/anaconda3/envs/python38/lib/python3.8/site-packages/airflow/example_dags/example_branch_operator.py for tasks to queue
[2023-11-09T19:22:52.333-0500] {logging_mixin.py:154} INFO - [2023-11-09T19:22:52.332-0500] {dagbag.py:536} INFO - Filling up the DagBag from /Users/az/anaconda3/envs/python38/lib/python3.8/site-packages/airflow/example_dags/example_branch_operator.py
[2023-11-09T19:22:52.356-0500] {processor.py:839} INFO - DAG(s) dict_keys(['example_branch_operator']) retrieved from /Users/az/anaconda3/envs/python38/lib/python3.8/site-packages/airflow/example_dags/example_branch_operator.py
[2023-11-09T19:22:52.464-0500] {logging_mixin.py:154} INFO - [2023-11-09T19:22:52.464-0500] {dag.py:2941} INFO - Sync 1 DAGs
[2023-11-09T19:22:52.475-0500] {logging_mixin.py:154} INFO - [2023-11-09T19:22:52.475-0500] {dag.py:3722} INFO - Setting next_dagrun for example_branch_operator to 2023-11-09T00:00:00+00:00, run_after=2023-11-10T00:00:00+00:00
[2023-11-09T19:22:52.485-0500] {processor.py:179} INFO - Processing /Users/az/anaconda3/envs/python38/lib/python3.8/site-packages/airflow/example_dags/example_branch_operator.py took 0.158 seconds
[2023-11-09T19:25:02.570-0500] {processor.py:157} INFO - Started process (PID=50636) to work on /Users/az/anaconda3/envs/python38/lib/python3.8/site-packages/airflow/example_dags/example_branch_operator.py
[2023-11-09T19:25:02.575-0500] {processor.py:829} INFO - Processing file /Users/az/anaconda3/envs/python38/lib/python3.8/site-packages/airflow/example_dags/example_branch_operator.py for tasks to queue
[2023-11-09T19:25:02.575-0500] {logging_mixin.py:154} INFO - [2023-11-09T19:25:02.575-0500] {dagbag.py:536} INFO - Filling up the DagBag from /Users/az/anaconda3/envs/python38/lib/python3.8/site-packages/airflow/example_dags/example_branch_operator.py
[2023-11-09T19:25:02.599-0500] {processor.py:839} INFO - DAG(s) dict_keys(['example_branch_operator']) retrieved from /Users/az/anaconda3/envs/python38/lib/python3.8/site-packages/airflow/example_dags/example_branch_operator.py
[2023-11-09T19:25:02.708-0500] {logging_mixin.py:154} INFO - [2023-11-09T19:25:02.707-0500] {dag.py:2941} INFO - Sync 1 DAGs
[2023-11-09T19:25:02.718-0500] {logging_mixin.py:154} INFO - [2023-11-09T19:25:02.718-0500] {dag.py:3722} INFO - Setting next_dagrun for example_branch_operator to 2023-11-09T00:00:00+00:00, run_after=2023-11-10T00:00:00+00:00
[2023-11-09T19:25:02.728-0500] {processor.py:179} INFO - Processing /Users/az/anaconda3/envs/python38/lib/python3.8/site-packages/airflow/example_dags/example_branch_operator.py took 0.158 seconds
[2023-11-09T19:27:11.395-0500] {processor.py:157} INFO - Started process (PID=50807) to work on /Users/az/anaconda3/envs/python38/lib/python3.8/site-packages/airflow/example_dags/example_branch_operator.py
[2023-11-09T19:27:11.399-0500] {processor.py:829} INFO - Processing file /Users/az/anaconda3/envs/python38/lib/python3.8/site-packages/airflow/example_dags/example_branch_operator.py for tasks to queue
[2023-11-09T19:27:11.399-0500] {logging_mixin.py:154} INFO - [2023-11-09T19:27:11.399-0500] {dagbag.py:536} INFO - Filling up the DagBag from /Users/az/anaconda3/envs/python38/lib/python3.8/site-packages/airflow/example_dags/example_branch_operator.py
[2023-11-09T19:27:11.424-0500] {processor.py:839} INFO - DAG(s) dict_keys(['example_branch_operator']) retrieved from /Users/az/anaconda3/envs/python38/lib/python3.8/site-packages/airflow/example_dags/example_branch_operator.py
[2023-11-09T19:27:11.533-0500] {logging_mixin.py:154} INFO - [2023-11-09T19:27:11.533-0500] {dag.py:2941} INFO - Sync 1 DAGs
[2023-11-09T19:27:11.543-0500] {logging_mixin.py:154} INFO - [2023-11-09T19:27:11.543-0500] {dag.py:3722} INFO - Setting next_dagrun for example_branch_operator to 2023-11-09T00:00:00+00:00, run_after=2023-11-10T00:00:00+00:00
[2023-11-09T19:27:11.554-0500] {processor.py:179} INFO - Processing /Users/az/anaconda3/envs/python38/lib/python3.8/site-packages/airflow/example_dags/example_branch_operator.py took 0.160 seconds
[2023-11-09T19:29:22.760-0500] {processor.py:157} INFO - Started process (PID=50966) to work on /Users/az/anaconda3/envs/python38/lib/python3.8/site-packages/airflow/example_dags/example_branch_operator.py
[2023-11-09T19:29:22.765-0500] {processor.py:829} INFO - Processing file /Users/az/anaconda3/envs/python38/lib/python3.8/site-packages/airflow/example_dags/example_branch_operator.py for tasks to queue
[2023-11-09T19:29:22.765-0500] {logging_mixin.py:154} INFO - [2023-11-09T19:29:22.765-0500] {dagbag.py:536} INFO - Filling up the DagBag from /Users/az/anaconda3/envs/python38/lib/python3.8/site-packages/airflow/example_dags/example_branch_operator.py
[2023-11-09T19:29:22.789-0500] {processor.py:839} INFO - DAG(s) dict_keys(['example_branch_operator']) retrieved from /Users/az/anaconda3/envs/python38/lib/python3.8/site-packages/airflow/example_dags/example_branch_operator.py
[2023-11-09T19:29:22.896-0500] {logging_mixin.py:154} INFO - [2023-11-09T19:29:22.896-0500] {dag.py:2941} INFO - Sync 1 DAGs
[2023-11-09T19:29:22.907-0500] {logging_mixin.py:154} INFO - [2023-11-09T19:29:22.907-0500] {dag.py:3722} INFO - Setting next_dagrun for example_branch_operator to 2023-11-09T00:00:00+00:00, run_after=2023-11-10T00:00:00+00:00
[2023-11-09T19:29:22.917-0500] {processor.py:179} INFO - Processing /Users/az/anaconda3/envs/python38/lib/python3.8/site-packages/airflow/example_dags/example_branch_operator.py took 0.157 seconds
[2023-11-09T19:31:27.501-0500] {processor.py:157} INFO - Started process (PID=51122) to work on /Users/az/anaconda3/envs/python38/lib/python3.8/site-packages/airflow/example_dags/example_branch_operator.py
[2023-11-09T19:31:27.505-0500] {processor.py:829} INFO - Processing file /Users/az/anaconda3/envs/python38/lib/python3.8/site-packages/airflow/example_dags/example_branch_operator.py for tasks to queue
[2023-11-09T19:31:27.506-0500] {logging_mixin.py:154} INFO - [2023-11-09T19:31:27.506-0500] {dagbag.py:536} INFO - Filling up the DagBag from /Users/az/anaconda3/envs/python38/lib/python3.8/site-packages/airflow/example_dags/example_branch_operator.py
[2023-11-09T19:31:27.535-0500] {processor.py:839} INFO - DAG(s) dict_keys(['example_branch_operator']) retrieved from /Users/az/anaconda3/envs/python38/lib/python3.8/site-packages/airflow/example_dags/example_branch_operator.py
[2023-11-09T19:31:27.647-0500] {logging_mixin.py:154} INFO - [2023-11-09T19:31:27.647-0500] {dag.py:2941} INFO - Sync 1 DAGs
[2023-11-09T19:31:27.658-0500] {logging_mixin.py:154} INFO - [2023-11-09T19:31:27.658-0500] {dag.py:3722} INFO - Setting next_dagrun for example_branch_operator to 2023-11-09T00:00:00+00:00, run_after=2023-11-10T00:00:00+00:00
[2023-11-09T19:31:27.667-0500] {processor.py:179} INFO - Processing /Users/az/anaconda3/envs/python38/lib/python3.8/site-packages/airflow/example_dags/example_branch_operator.py took 0.167 seconds
[2023-11-09T19:33:39.034-0500] {processor.py:157} INFO - Started process (PID=51276) to work on /Users/az/anaconda3/envs/python38/lib/python3.8/site-packages/airflow/example_dags/example_branch_operator.py
[2023-11-09T19:33:39.039-0500] {processor.py:829} INFO - Processing file /Users/az/anaconda3/envs/python38/lib/python3.8/site-packages/airflow/example_dags/example_branch_operator.py for tasks to queue
[2023-11-09T19:33:39.040-0500] {logging_mixin.py:154} INFO - [2023-11-09T19:33:39.039-0500] {dagbag.py:536} INFO - Filling up the DagBag from /Users/az/anaconda3/envs/python38/lib/python3.8/site-packages/airflow/example_dags/example_branch_operator.py
[2023-11-09T19:33:39.063-0500] {processor.py:839} INFO - DAG(s) dict_keys(['example_branch_operator']) retrieved from /Users/az/anaconda3/envs/python38/lib/python3.8/site-packages/airflow/example_dags/example_branch_operator.py
[2023-11-09T19:33:39.172-0500] {logging_mixin.py:154} INFO - [2023-11-09T19:33:39.171-0500] {dag.py:2941} INFO - Sync 1 DAGs
[2023-11-09T19:33:39.182-0500] {logging_mixin.py:154} INFO - [2023-11-09T19:33:39.182-0500] {dag.py:3722} INFO - Setting next_dagrun for example_branch_operator to 2023-11-09T00:00:00+00:00, run_after=2023-11-10T00:00:00+00:00
[2023-11-09T19:33:39.192-0500] {processor.py:179} INFO - Processing /Users/az/anaconda3/envs/python38/lib/python3.8/site-packages/airflow/example_dags/example_branch_operator.py took 0.158 seconds
[2023-11-09T19:35:58.880-0500] {processor.py:157} INFO - Started process (PID=53295) to work on /Users/az/anaconda3/envs/python38/lib/python3.8/site-packages/airflow/example_dags/example_branch_operator.py
[2023-11-09T19:35:58.884-0500] {processor.py:829} INFO - Processing file /Users/az/anaconda3/envs/python38/lib/python3.8/site-packages/airflow/example_dags/example_branch_operator.py for tasks to queue
[2023-11-09T19:35:58.885-0500] {logging_mixin.py:154} INFO - [2023-11-09T19:35:58.884-0500] {dagbag.py:536} INFO - Filling up the DagBag from /Users/az/anaconda3/envs/python38/lib/python3.8/site-packages/airflow/example_dags/example_branch_operator.py
[2023-11-09T19:35:58.908-0500] {processor.py:839} INFO - DAG(s) dict_keys(['example_branch_operator']) retrieved from /Users/az/anaconda3/envs/python38/lib/python3.8/site-packages/airflow/example_dags/example_branch_operator.py
[2023-11-09T19:35:59.017-0500] {logging_mixin.py:154} INFO - [2023-11-09T19:35:59.017-0500] {dag.py:2941} INFO - Sync 1 DAGs
[2023-11-09T19:35:59.027-0500] {logging_mixin.py:154} INFO - [2023-11-09T19:35:59.027-0500] {dag.py:3722} INFO - Setting next_dagrun for example_branch_operator to 2023-11-09T00:00:00+00:00, run_after=2023-11-10T00:00:00+00:00
[2023-11-09T19:35:59.037-0500] {processor.py:179} INFO - Processing /Users/az/anaconda3/envs/python38/lib/python3.8/site-packages/airflow/example_dags/example_branch_operator.py took 0.158 seconds
[2023-11-09T19:37:56.329-0500] {processor.py:157} INFO - Started process (PID=53443) to work on /Users/az/anaconda3/envs/python38/lib/python3.8/site-packages/airflow/example_dags/example_branch_operator.py
[2023-11-09T19:37:56.332-0500] {processor.py:829} INFO - Processing file /Users/az/anaconda3/envs/python38/lib/python3.8/site-packages/airflow/example_dags/example_branch_operator.py for tasks to queue
[2023-11-09T19:37:56.333-0500] {logging_mixin.py:154} INFO - [2023-11-09T19:37:56.333-0500] {dagbag.py:536} INFO - Filling up the DagBag from /Users/az/anaconda3/envs/python38/lib/python3.8/site-packages/airflow/example_dags/example_branch_operator.py
[2023-11-09T19:37:56.356-0500] {processor.py:839} INFO - DAG(s) dict_keys(['example_branch_operator']) retrieved from /Users/az/anaconda3/envs/python38/lib/python3.8/site-packages/airflow/example_dags/example_branch_operator.py
[2023-11-09T19:37:56.465-0500] {logging_mixin.py:154} INFO - [2023-11-09T19:37:56.465-0500] {dag.py:2941} INFO - Sync 1 DAGs
[2023-11-09T19:37:56.475-0500] {logging_mixin.py:154} INFO - [2023-11-09T19:37:56.475-0500] {dag.py:3722} INFO - Setting next_dagrun for example_branch_operator to 2023-11-09T00:00:00+00:00, run_after=2023-11-10T00:00:00+00:00
[2023-11-09T19:37:56.486-0500] {processor.py:179} INFO - Processing /Users/az/anaconda3/envs/python38/lib/python3.8/site-packages/airflow/example_dags/example_branch_operator.py took 0.157 seconds
[2023-11-09T19:39:55.963-0500] {processor.py:157} INFO - Started process (PID=53595) to work on /Users/az/anaconda3/envs/python38/lib/python3.8/site-packages/airflow/example_dags/example_branch_operator.py
[2023-11-09T19:39:55.967-0500] {processor.py:829} INFO - Processing file /Users/az/anaconda3/envs/python38/lib/python3.8/site-packages/airflow/example_dags/example_branch_operator.py for tasks to queue
[2023-11-09T19:39:55.967-0500] {logging_mixin.py:154} INFO - [2023-11-09T19:39:55.967-0500] {dagbag.py:536} INFO - Filling up the DagBag from /Users/az/anaconda3/envs/python38/lib/python3.8/site-packages/airflow/example_dags/example_branch_operator.py
[2023-11-09T19:39:55.991-0500] {processor.py:839} INFO - DAG(s) dict_keys(['example_branch_operator']) retrieved from /Users/az/anaconda3/envs/python38/lib/python3.8/site-packages/airflow/example_dags/example_branch_operator.py
[2023-11-09T19:39:56.100-0500] {logging_mixin.py:154} INFO - [2023-11-09T19:39:56.100-0500] {dag.py:2941} INFO - Sync 1 DAGs
[2023-11-09T19:39:56.111-0500] {logging_mixin.py:154} INFO - [2023-11-09T19:39:56.111-0500] {dag.py:3722} INFO - Setting next_dagrun for example_branch_operator to 2023-11-09T00:00:00+00:00, run_after=2023-11-10T00:00:00+00:00
[2023-11-09T19:39:56.121-0500] {processor.py:179} INFO - Processing /Users/az/anaconda3/envs/python38/lib/python3.8/site-packages/airflow/example_dags/example_branch_operator.py took 0.159 seconds
[2023-11-09T19:42:02.856-0500] {processor.py:157} INFO - Started process (PID=53855) to work on /Users/az/anaconda3/envs/python38/lib/python3.8/site-packages/airflow/example_dags/example_branch_operator.py
[2023-11-09T19:42:02.861-0500] {processor.py:829} INFO - Processing file /Users/az/anaconda3/envs/python38/lib/python3.8/site-packages/airflow/example_dags/example_branch_operator.py for tasks to queue
[2023-11-09T19:42:02.861-0500] {logging_mixin.py:154} INFO - [2023-11-09T19:42:02.861-0500] {dagbag.py:536} INFO - Filling up the DagBag from /Users/az/anaconda3/envs/python38/lib/python3.8/site-packages/airflow/example_dags/example_branch_operator.py
[2023-11-09T19:42:02.885-0500] {processor.py:839} INFO - DAG(s) dict_keys(['example_branch_operator']) retrieved from /Users/az/anaconda3/envs/python38/lib/python3.8/site-packages/airflow/example_dags/example_branch_operator.py
[2023-11-09T19:42:02.995-0500] {logging_mixin.py:154} INFO - [2023-11-09T19:42:02.995-0500] {dag.py:2941} INFO - Sync 1 DAGs
[2023-11-09T19:42:03.007-0500] {logging_mixin.py:154} INFO - [2023-11-09T19:42:03.007-0500] {dag.py:3722} INFO - Setting next_dagrun for example_branch_operator to 2023-11-09T00:00:00+00:00, run_after=2023-11-10T00:00:00+00:00
[2023-11-09T19:42:03.017-0500] {processor.py:179} INFO - Processing /Users/az/anaconda3/envs/python38/lib/python3.8/site-packages/airflow/example_dags/example_branch_operator.py took 0.162 seconds
[2023-11-09T19:44:07.974-0500] {processor.py:157} INFO - Started process (PID=54220) to work on /Users/az/anaconda3/envs/python38/lib/python3.8/site-packages/airflow/example_dags/example_branch_operator.py
[2023-11-09T19:44:07.979-0500] {processor.py:829} INFO - Processing file /Users/az/anaconda3/envs/python38/lib/python3.8/site-packages/airflow/example_dags/example_branch_operator.py for tasks to queue
[2023-11-09T19:44:07.979-0500] {logging_mixin.py:154} INFO - [2023-11-09T19:44:07.979-0500] {dagbag.py:536} INFO - Filling up the DagBag from /Users/az/anaconda3/envs/python38/lib/python3.8/site-packages/airflow/example_dags/example_branch_operator.py
[2023-11-09T19:44:08.015-0500] {processor.py:839} INFO - DAG(s) dict_keys(['example_branch_operator']) retrieved from /Users/az/anaconda3/envs/python38/lib/python3.8/site-packages/airflow/example_dags/example_branch_operator.py
[2023-11-09T19:44:08.127-0500] {logging_mixin.py:154} INFO - [2023-11-09T19:44:08.127-0500] {dag.py:2941} INFO - Sync 1 DAGs
[2023-11-09T19:44:08.138-0500] {logging_mixin.py:154} INFO - [2023-11-09T19:44:08.138-0500] {dag.py:3722} INFO - Setting next_dagrun for example_branch_operator to 2023-11-09T00:00:00+00:00, run_after=2023-11-10T00:00:00+00:00
[2023-11-09T19:44:08.150-0500] {processor.py:179} INFO - Processing /Users/az/anaconda3/envs/python38/lib/python3.8/site-packages/airflow/example_dags/example_branch_operator.py took 0.177 seconds
[2023-11-09T19:46:06.738-0500] {processor.py:157} INFO - Started process (PID=54368) to work on /Users/az/anaconda3/envs/python38/lib/python3.8/site-packages/airflow/example_dags/example_branch_operator.py
[2023-11-09T19:46:06.743-0500] {processor.py:829} INFO - Processing file /Users/az/anaconda3/envs/python38/lib/python3.8/site-packages/airflow/example_dags/example_branch_operator.py for tasks to queue
[2023-11-09T19:46:06.743-0500] {logging_mixin.py:154} INFO - [2023-11-09T19:46:06.743-0500] {dagbag.py:536} INFO - Filling up the DagBag from /Users/az/anaconda3/envs/python38/lib/python3.8/site-packages/airflow/example_dags/example_branch_operator.py
[2023-11-09T19:46:06.767-0500] {processor.py:839} INFO - DAG(s) dict_keys(['example_branch_operator']) retrieved from /Users/az/anaconda3/envs/python38/lib/python3.8/site-packages/airflow/example_dags/example_branch_operator.py
[2023-11-09T19:46:06.875-0500] {logging_mixin.py:154} INFO - [2023-11-09T19:46:06.875-0500] {dag.py:2941} INFO - Sync 1 DAGs
[2023-11-09T19:46:06.885-0500] {logging_mixin.py:154} INFO - [2023-11-09T19:46:06.885-0500] {dag.py:3722} INFO - Setting next_dagrun for example_branch_operator to 2023-11-09T00:00:00+00:00, run_after=2023-11-10T00:00:00+00:00
[2023-11-09T19:46:06.896-0500] {processor.py:179} INFO - Processing /Users/az/anaconda3/envs/python38/lib/python3.8/site-packages/airflow/example_dags/example_branch_operator.py took 0.158 seconds
[2023-11-09T19:48:04.351-0500] {processor.py:157} INFO - Started process (PID=54515) to work on /Users/az/anaconda3/envs/python38/lib/python3.8/site-packages/airflow/example_dags/example_branch_operator.py
[2023-11-09T19:48:04.356-0500] {processor.py:829} INFO - Processing file /Users/az/anaconda3/envs/python38/lib/python3.8/site-packages/airflow/example_dags/example_branch_operator.py for tasks to queue
[2023-11-09T19:48:04.356-0500] {logging_mixin.py:154} INFO - [2023-11-09T19:48:04.356-0500] {dagbag.py:536} INFO - Filling up the DagBag from /Users/az/anaconda3/envs/python38/lib/python3.8/site-packages/airflow/example_dags/example_branch_operator.py
[2023-11-09T19:48:04.380-0500] {processor.py:839} INFO - DAG(s) dict_keys(['example_branch_operator']) retrieved from /Users/az/anaconda3/envs/python38/lib/python3.8/site-packages/airflow/example_dags/example_branch_operator.py
[2023-11-09T19:48:04.493-0500] {logging_mixin.py:154} INFO - [2023-11-09T19:48:04.493-0500] {dag.py:2941} INFO - Sync 1 DAGs
[2023-11-09T19:48:04.504-0500] {logging_mixin.py:154} INFO - [2023-11-09T19:48:04.503-0500] {dag.py:3722} INFO - Setting next_dagrun for example_branch_operator to 2023-11-09T00:00:00+00:00, run_after=2023-11-10T00:00:00+00:00
[2023-11-09T19:48:04.514-0500] {processor.py:179} INFO - Processing /Users/az/anaconda3/envs/python38/lib/python3.8/site-packages/airflow/example_dags/example_branch_operator.py took 0.163 seconds
[2023-11-09T19:50:01.974-0500] {processor.py:157} INFO - Started process (PID=54657) to work on /Users/az/anaconda3/envs/python38/lib/python3.8/site-packages/airflow/example_dags/example_branch_operator.py
[2023-11-09T19:50:01.978-0500] {processor.py:829} INFO - Processing file /Users/az/anaconda3/envs/python38/lib/python3.8/site-packages/airflow/example_dags/example_branch_operator.py for tasks to queue
[2023-11-09T19:50:01.979-0500] {logging_mixin.py:154} INFO - [2023-11-09T19:50:01.978-0500] {dagbag.py:536} INFO - Filling up the DagBag from /Users/az/anaconda3/envs/python38/lib/python3.8/site-packages/airflow/example_dags/example_branch_operator.py
[2023-11-09T19:50:02.002-0500] {processor.py:839} INFO - DAG(s) dict_keys(['example_branch_operator']) retrieved from /Users/az/anaconda3/envs/python38/lib/python3.8/site-packages/airflow/example_dags/example_branch_operator.py
[2023-11-09T19:50:02.110-0500] {logging_mixin.py:154} INFO - [2023-11-09T19:50:02.110-0500] {dag.py:2941} INFO - Sync 1 DAGs
[2023-11-09T19:50:02.121-0500] {logging_mixin.py:154} INFO - [2023-11-09T19:50:02.121-0500] {dag.py:3722} INFO - Setting next_dagrun for example_branch_operator to 2023-11-09T00:00:00+00:00, run_after=2023-11-10T00:00:00+00:00
[2023-11-09T19:50:02.131-0500] {processor.py:179} INFO - Processing /Users/az/anaconda3/envs/python38/lib/python3.8/site-packages/airflow/example_dags/example_branch_operator.py took 0.158 seconds
[2023-11-09T19:52:00.844-0500] {processor.py:157} INFO - Started process (PID=54810) to work on /Users/az/anaconda3/envs/python38/lib/python3.8/site-packages/airflow/example_dags/example_branch_operator.py
[2023-11-09T19:52:00.849-0500] {processor.py:829} INFO - Processing file /Users/az/anaconda3/envs/python38/lib/python3.8/site-packages/airflow/example_dags/example_branch_operator.py for tasks to queue
[2023-11-09T19:52:00.850-0500] {logging_mixin.py:154} INFO - [2023-11-09T19:52:00.849-0500] {dagbag.py:536} INFO - Filling up the DagBag from /Users/az/anaconda3/envs/python38/lib/python3.8/site-packages/airflow/example_dags/example_branch_operator.py
[2023-11-09T19:52:00.873-0500] {processor.py:839} INFO - DAG(s) dict_keys(['example_branch_operator']) retrieved from /Users/az/anaconda3/envs/python38/lib/python3.8/site-packages/airflow/example_dags/example_branch_operator.py
[2023-11-09T19:52:00.982-0500] {logging_mixin.py:154} INFO - [2023-11-09T19:52:00.982-0500] {dag.py:2941} INFO - Sync 1 DAGs
[2023-11-09T19:52:00.993-0500] {logging_mixin.py:154} INFO - [2023-11-09T19:52:00.993-0500] {dag.py:3722} INFO - Setting next_dagrun for example_branch_operator to 2023-11-09T00:00:00+00:00, run_after=2023-11-10T00:00:00+00:00
[2023-11-09T19:52:01.003-0500] {processor.py:179} INFO - Processing /Users/az/anaconda3/envs/python38/lib/python3.8/site-packages/airflow/example_dags/example_branch_operator.py took 0.159 seconds
[2023-11-09T19:54:01.928-0500] {processor.py:157} INFO - Started process (PID=54969) to work on /Users/az/anaconda3/envs/python38/lib/python3.8/site-packages/airflow/example_dags/example_branch_operator.py
[2023-11-09T19:54:01.932-0500] {processor.py:829} INFO - Processing file /Users/az/anaconda3/envs/python38/lib/python3.8/site-packages/airflow/example_dags/example_branch_operator.py for tasks to queue
[2023-11-09T19:54:01.932-0500] {logging_mixin.py:154} INFO - [2023-11-09T19:54:01.932-0500] {dagbag.py:536} INFO - Filling up the DagBag from /Users/az/anaconda3/envs/python38/lib/python3.8/site-packages/airflow/example_dags/example_branch_operator.py
[2023-11-09T19:54:01.956-0500] {processor.py:839} INFO - DAG(s) dict_keys(['example_branch_operator']) retrieved from /Users/az/anaconda3/envs/python38/lib/python3.8/site-packages/airflow/example_dags/example_branch_operator.py
[2023-11-09T19:54:02.065-0500] {logging_mixin.py:154} INFO - [2023-11-09T19:54:02.064-0500] {dag.py:2941} INFO - Sync 1 DAGs
[2023-11-09T19:54:02.075-0500] {logging_mixin.py:154} INFO - [2023-11-09T19:54:02.075-0500] {dag.py:3722} INFO - Setting next_dagrun for example_branch_operator to 2023-11-09T00:00:00+00:00, run_after=2023-11-10T00:00:00+00:00
[2023-11-09T19:54:02.085-0500] {processor.py:179} INFO - Processing /Users/az/anaconda3/envs/python38/lib/python3.8/site-packages/airflow/example_dags/example_branch_operator.py took 0.158 seconds
[2023-11-09T19:55:57.842-0500] {processor.py:157} INFO - Started process (PID=55117) to work on /Users/az/anaconda3/envs/python38/lib/python3.8/site-packages/airflow/example_dags/example_branch_operator.py
[2023-11-09T19:55:57.845-0500] {processor.py:829} INFO - Processing file /Users/az/anaconda3/envs/python38/lib/python3.8/site-packages/airflow/example_dags/example_branch_operator.py for tasks to queue
[2023-11-09T19:55:57.846-0500] {logging_mixin.py:154} INFO - [2023-11-09T19:55:57.846-0500] {dagbag.py:536} INFO - Filling up the DagBag from /Users/az/anaconda3/envs/python38/lib/python3.8/site-packages/airflow/example_dags/example_branch_operator.py
[2023-11-09T19:55:57.870-0500] {processor.py:839} INFO - DAG(s) dict_keys(['example_branch_operator']) retrieved from /Users/az/anaconda3/envs/python38/lib/python3.8/site-packages/airflow/example_dags/example_branch_operator.py
[2023-11-09T19:55:57.979-0500] {logging_mixin.py:154} INFO - [2023-11-09T19:55:57.979-0500] {dag.py:2941} INFO - Sync 1 DAGs
[2023-11-09T19:55:57.989-0500] {logging_mixin.py:154} INFO - [2023-11-09T19:55:57.989-0500] {dag.py:3722} INFO - Setting next_dagrun for example_branch_operator to 2023-11-09T00:00:00+00:00, run_after=2023-11-10T00:00:00+00:00
[2023-11-09T19:55:58.000-0500] {processor.py:179} INFO - Processing /Users/az/anaconda3/envs/python38/lib/python3.8/site-packages/airflow/example_dags/example_branch_operator.py took 0.158 seconds
[2023-11-09T19:57:59.371-0500] {processor.py:157} INFO - Started process (PID=55278) to work on /Users/az/anaconda3/envs/python38/lib/python3.8/site-packages/airflow/example_dags/example_branch_operator.py
[2023-11-09T19:57:59.376-0500] {processor.py:829} INFO - Processing file /Users/az/anaconda3/envs/python38/lib/python3.8/site-packages/airflow/example_dags/example_branch_operator.py for tasks to queue
[2023-11-09T19:57:59.376-0500] {logging_mixin.py:154} INFO - [2023-11-09T19:57:59.376-0500] {dagbag.py:536} INFO - Filling up the DagBag from /Users/az/anaconda3/envs/python38/lib/python3.8/site-packages/airflow/example_dags/example_branch_operator.py
[2023-11-09T19:57:59.400-0500] {processor.py:839} INFO - DAG(s) dict_keys(['example_branch_operator']) retrieved from /Users/az/anaconda3/envs/python38/lib/python3.8/site-packages/airflow/example_dags/example_branch_operator.py
[2023-11-09T19:57:59.509-0500] {logging_mixin.py:154} INFO - [2023-11-09T19:57:59.508-0500] {dag.py:2941} INFO - Sync 1 DAGs
[2023-11-09T19:57:59.519-0500] {logging_mixin.py:154} INFO - [2023-11-09T19:57:59.519-0500] {dag.py:3722} INFO - Setting next_dagrun for example_branch_operator to 2023-11-09T00:00:00+00:00, run_after=2023-11-10T00:00:00+00:00
[2023-11-09T19:57:59.529-0500] {processor.py:179} INFO - Processing /Users/az/anaconda3/envs/python38/lib/python3.8/site-packages/airflow/example_dags/example_branch_operator.py took 0.158 seconds
[2023-11-09T19:59:59.498-0500] {processor.py:157} INFO - Started process (PID=55427) to work on /Users/az/anaconda3/envs/python38/lib/python3.8/site-packages/airflow/example_dags/example_branch_operator.py
[2023-11-09T19:59:59.503-0500] {processor.py:829} INFO - Processing file /Users/az/anaconda3/envs/python38/lib/python3.8/site-packages/airflow/example_dags/example_branch_operator.py for tasks to queue
[2023-11-09T19:59:59.503-0500] {logging_mixin.py:154} INFO - [2023-11-09T19:59:59.503-0500] {dagbag.py:536} INFO - Filling up the DagBag from /Users/az/anaconda3/envs/python38/lib/python3.8/site-packages/airflow/example_dags/example_branch_operator.py
[2023-11-09T19:59:59.527-0500] {processor.py:839} INFO - DAG(s) dict_keys(['example_branch_operator']) retrieved from /Users/az/anaconda3/envs/python38/lib/python3.8/site-packages/airflow/example_dags/example_branch_operator.py
[2023-11-09T19:59:59.636-0500] {logging_mixin.py:154} INFO - [2023-11-09T19:59:59.636-0500] {dag.py:2941} INFO - Sync 1 DAGs
[2023-11-09T19:59:59.646-0500] {logging_mixin.py:154} INFO - [2023-11-09T19:59:59.646-0500] {dag.py:3722} INFO - Setting next_dagrun for example_branch_operator to 2023-11-09T00:00:00+00:00, run_after=2023-11-10T00:00:00+00:00
[2023-11-09T19:59:59.656-0500] {processor.py:179} INFO - Processing /Users/az/anaconda3/envs/python38/lib/python3.8/site-packages/airflow/example_dags/example_branch_operator.py took 0.159 seconds
[2023-11-09T20:02:00.906-0500] {processor.py:157} INFO - Started process (PID=55594) to work on /Users/az/anaconda3/envs/python38/lib/python3.8/site-packages/airflow/example_dags/example_branch_operator.py
[2023-11-09T20:02:00.911-0500] {processor.py:829} INFO - Processing file /Users/az/anaconda3/envs/python38/lib/python3.8/site-packages/airflow/example_dags/example_branch_operator.py for tasks to queue
[2023-11-09T20:02:00.911-0500] {logging_mixin.py:154} INFO - [2023-11-09T20:02:00.911-0500] {dagbag.py:536} INFO - Filling up the DagBag from /Users/az/anaconda3/envs/python38/lib/python3.8/site-packages/airflow/example_dags/example_branch_operator.py
[2023-11-09T20:02:00.935-0500] {processor.py:839} INFO - DAG(s) dict_keys(['example_branch_operator']) retrieved from /Users/az/anaconda3/envs/python38/lib/python3.8/site-packages/airflow/example_dags/example_branch_operator.py
[2023-11-09T20:02:01.044-0500] {logging_mixin.py:154} INFO - [2023-11-09T20:02:01.044-0500] {dag.py:2941} INFO - Sync 1 DAGs
[2023-11-09T20:02:01.055-0500] {logging_mixin.py:154} INFO - [2023-11-09T20:02:01.055-0500] {dag.py:3722} INFO - Setting next_dagrun for example_branch_operator to 2023-11-09T00:00:00+00:00, run_after=2023-11-10T00:00:00+00:00
[2023-11-09T20:02:01.065-0500] {processor.py:179} INFO - Processing /Users/az/anaconda3/envs/python38/lib/python3.8/site-packages/airflow/example_dags/example_branch_operator.py took 0.160 seconds
[2023-11-09T20:04:02.356-0500] {processor.py:157} INFO - Started process (PID=55748) to work on /Users/az/anaconda3/envs/python38/lib/python3.8/site-packages/airflow/example_dags/example_branch_operator.py
[2023-11-09T20:04:02.360-0500] {processor.py:829} INFO - Processing file /Users/az/anaconda3/envs/python38/lib/python3.8/site-packages/airflow/example_dags/example_branch_operator.py for tasks to queue
[2023-11-09T20:04:02.361-0500] {logging_mixin.py:154} INFO - [2023-11-09T20:04:02.361-0500] {dagbag.py:536} INFO - Filling up the DagBag from /Users/az/anaconda3/envs/python38/lib/python3.8/site-packages/airflow/example_dags/example_branch_operator.py
[2023-11-09T20:04:02.385-0500] {processor.py:839} INFO - DAG(s) dict_keys(['example_branch_operator']) retrieved from /Users/az/anaconda3/envs/python38/lib/python3.8/site-packages/airflow/example_dags/example_branch_operator.py
[2023-11-09T20:04:02.494-0500] {logging_mixin.py:154} INFO - [2023-11-09T20:04:02.493-0500] {dag.py:2941} INFO - Sync 1 DAGs
[2023-11-09T20:04:02.504-0500] {logging_mixin.py:154} INFO - [2023-11-09T20:04:02.504-0500] {dag.py:3722} INFO - Setting next_dagrun for example_branch_operator to 2023-11-09T00:00:00+00:00, run_after=2023-11-10T00:00:00+00:00
[2023-11-09T20:04:02.514-0500] {processor.py:179} INFO - Processing /Users/az/anaconda3/envs/python38/lib/python3.8/site-packages/airflow/example_dags/example_branch_operator.py took 0.159 seconds
[2023-11-09T20:06:00.627-0500] {processor.py:157} INFO - Started process (PID=55897) to work on /Users/az/anaconda3/envs/python38/lib/python3.8/site-packages/airflow/example_dags/example_branch_operator.py
[2023-11-09T20:06:00.632-0500] {processor.py:829} INFO - Processing file /Users/az/anaconda3/envs/python38/lib/python3.8/site-packages/airflow/example_dags/example_branch_operator.py for tasks to queue
[2023-11-09T20:06:00.632-0500] {logging_mixin.py:154} INFO - [2023-11-09T20:06:00.632-0500] {dagbag.py:536} INFO - Filling up the DagBag from /Users/az/anaconda3/envs/python38/lib/python3.8/site-packages/airflow/example_dags/example_branch_operator.py
[2023-11-09T20:06:00.656-0500] {processor.py:839} INFO - DAG(s) dict_keys(['example_branch_operator']) retrieved from /Users/az/anaconda3/envs/python38/lib/python3.8/site-packages/airflow/example_dags/example_branch_operator.py
[2023-11-09T20:06:00.764-0500] {logging_mixin.py:154} INFO - [2023-11-09T20:06:00.763-0500] {dag.py:2941} INFO - Sync 1 DAGs
[2023-11-09T20:06:00.774-0500] {logging_mixin.py:154} INFO - [2023-11-09T20:06:00.774-0500] {dag.py:3722} INFO - Setting next_dagrun for example_branch_operator to 2023-11-09T00:00:00+00:00, run_after=2023-11-10T00:00:00+00:00
[2023-11-09T20:06:00.784-0500] {processor.py:179} INFO - Processing /Users/az/anaconda3/envs/python38/lib/python3.8/site-packages/airflow/example_dags/example_branch_operator.py took 0.158 seconds
[2023-11-09T20:07:58.168-0500] {processor.py:157} INFO - Started process (PID=56066) to work on /Users/az/anaconda3/envs/python38/lib/python3.8/site-packages/airflow/example_dags/example_branch_operator.py
[2023-11-09T20:07:58.172-0500] {processor.py:829} INFO - Processing file /Users/az/anaconda3/envs/python38/lib/python3.8/site-packages/airflow/example_dags/example_branch_operator.py for tasks to queue
[2023-11-09T20:07:58.172-0500] {logging_mixin.py:154} INFO - [2023-11-09T20:07:58.172-0500] {dagbag.py:536} INFO - Filling up the DagBag from /Users/az/anaconda3/envs/python38/lib/python3.8/site-packages/airflow/example_dags/example_branch_operator.py
[2023-11-09T20:07:58.196-0500] {processor.py:839} INFO - DAG(s) dict_keys(['example_branch_operator']) retrieved from /Users/az/anaconda3/envs/python38/lib/python3.8/site-packages/airflow/example_dags/example_branch_operator.py
[2023-11-09T20:07:58.308-0500] {logging_mixin.py:154} INFO - [2023-11-09T20:07:58.308-0500] {dag.py:2941} INFO - Sync 1 DAGs
[2023-11-09T20:07:58.318-0500] {logging_mixin.py:154} INFO - [2023-11-09T20:07:58.318-0500] {dag.py:3722} INFO - Setting next_dagrun for example_branch_operator to 2023-11-09T00:00:00+00:00, run_after=2023-11-10T00:00:00+00:00
[2023-11-09T20:07:58.328-0500] {processor.py:179} INFO - Processing /Users/az/anaconda3/envs/python38/lib/python3.8/site-packages/airflow/example_dags/example_branch_operator.py took 0.161 seconds
[2023-11-09T20:09:55.686-0500] {processor.py:157} INFO - Started process (PID=56230) to work on /Users/az/anaconda3/envs/python38/lib/python3.8/site-packages/airflow/example_dags/example_branch_operator.py
[2023-11-09T20:09:55.690-0500] {processor.py:829} INFO - Processing file /Users/az/anaconda3/envs/python38/lib/python3.8/site-packages/airflow/example_dags/example_branch_operator.py for tasks to queue
[2023-11-09T20:09:55.691-0500] {logging_mixin.py:154} INFO - [2023-11-09T20:09:55.691-0500] {dagbag.py:536} INFO - Filling up the DagBag from /Users/az/anaconda3/envs/python38/lib/python3.8/site-packages/airflow/example_dags/example_branch_operator.py
[2023-11-09T20:09:55.715-0500] {processor.py:839} INFO - DAG(s) dict_keys(['example_branch_operator']) retrieved from /Users/az/anaconda3/envs/python38/lib/python3.8/site-packages/airflow/example_dags/example_branch_operator.py
[2023-11-09T20:09:55.822-0500] {logging_mixin.py:154} INFO - [2023-11-09T20:09:55.822-0500] {dag.py:2941} INFO - Sync 1 DAGs
[2023-11-09T20:09:55.833-0500] {logging_mixin.py:154} INFO - [2023-11-09T20:09:55.833-0500] {dag.py:3722} INFO - Setting next_dagrun for example_branch_operator to 2023-11-09T00:00:00+00:00, run_after=2023-11-10T00:00:00+00:00
[2023-11-09T20:09:55.843-0500] {processor.py:179} INFO - Processing /Users/az/anaconda3/envs/python38/lib/python3.8/site-packages/airflow/example_dags/example_branch_operator.py took 0.158 seconds
[2023-11-09T20:11:52.504-0500] {processor.py:157} INFO - Started process (PID=56394) to work on /Users/az/anaconda3/envs/python38/lib/python3.8/site-packages/airflow/example_dags/example_branch_operator.py
[2023-11-09T20:11:52.509-0500] {processor.py:829} INFO - Processing file /Users/az/anaconda3/envs/python38/lib/python3.8/site-packages/airflow/example_dags/example_branch_operator.py for tasks to queue
[2023-11-09T20:11:52.509-0500] {logging_mixin.py:154} INFO - [2023-11-09T20:11:52.509-0500] {dagbag.py:536} INFO - Filling up the DagBag from /Users/az/anaconda3/envs/python38/lib/python3.8/site-packages/airflow/example_dags/example_branch_operator.py
[2023-11-09T20:11:52.533-0500] {processor.py:839} INFO - DAG(s) dict_keys(['example_branch_operator']) retrieved from /Users/az/anaconda3/envs/python38/lib/python3.8/site-packages/airflow/example_dags/example_branch_operator.py
[2023-11-09T20:11:52.642-0500] {logging_mixin.py:154} INFO - [2023-11-09T20:11:52.642-0500] {dag.py:2941} INFO - Sync 1 DAGs
[2023-11-09T20:11:52.653-0500] {logging_mixin.py:154} INFO - [2023-11-09T20:11:52.653-0500] {dag.py:3722} INFO - Setting next_dagrun for example_branch_operator to 2023-11-09T00:00:00+00:00, run_after=2023-11-10T00:00:00+00:00
[2023-11-09T20:11:52.663-0500] {processor.py:179} INFO - Processing /Users/az/anaconda3/envs/python38/lib/python3.8/site-packages/airflow/example_dags/example_branch_operator.py took 0.160 seconds
[2023-11-09T20:13:52.924-0500] {processor.py:157} INFO - Started process (PID=56560) to work on /Users/az/anaconda3/envs/python38/lib/python3.8/site-packages/airflow/example_dags/example_branch_operator.py
[2023-11-09T20:13:52.929-0500] {processor.py:829} INFO - Processing file /Users/az/anaconda3/envs/python38/lib/python3.8/site-packages/airflow/example_dags/example_branch_operator.py for tasks to queue
[2023-11-09T20:13:52.929-0500] {logging_mixin.py:154} INFO - [2023-11-09T20:13:52.929-0500] {dagbag.py:536} INFO - Filling up the DagBag from /Users/az/anaconda3/envs/python38/lib/python3.8/site-packages/airflow/example_dags/example_branch_operator.py
[2023-11-09T20:13:52.954-0500] {processor.py:839} INFO - DAG(s) dict_keys(['example_branch_operator']) retrieved from /Users/az/anaconda3/envs/python38/lib/python3.8/site-packages/airflow/example_dags/example_branch_operator.py
[2023-11-09T20:13:53.068-0500] {logging_mixin.py:154} INFO - [2023-11-09T20:13:53.068-0500] {dag.py:2941} INFO - Sync 1 DAGs
[2023-11-09T20:13:53.080-0500] {logging_mixin.py:154} INFO - [2023-11-09T20:13:53.080-0500] {dag.py:3722} INFO - Setting next_dagrun for example_branch_operator to 2023-11-09T00:00:00+00:00, run_after=2023-11-10T00:00:00+00:00
[2023-11-09T20:13:53.091-0500] {processor.py:179} INFO - Processing /Users/az/anaconda3/envs/python38/lib/python3.8/site-packages/airflow/example_dags/example_branch_operator.py took 0.167 seconds
[2023-11-09T20:15:51.446-0500] {processor.py:157} INFO - Started process (PID=56716) to work on /Users/az/anaconda3/envs/python38/lib/python3.8/site-packages/airflow/example_dags/example_branch_operator.py
[2023-11-09T20:15:51.451-0500] {processor.py:829} INFO - Processing file /Users/az/anaconda3/envs/python38/lib/python3.8/site-packages/airflow/example_dags/example_branch_operator.py for tasks to queue
[2023-11-09T20:15:51.451-0500] {logging_mixin.py:154} INFO - [2023-11-09T20:15:51.451-0500] {dagbag.py:536} INFO - Filling up the DagBag from /Users/az/anaconda3/envs/python38/lib/python3.8/site-packages/airflow/example_dags/example_branch_operator.py
[2023-11-09T20:15:51.475-0500] {processor.py:839} INFO - DAG(s) dict_keys(['example_branch_operator']) retrieved from /Users/az/anaconda3/envs/python38/lib/python3.8/site-packages/airflow/example_dags/example_branch_operator.py
[2023-11-09T20:15:51.583-0500] {logging_mixin.py:154} INFO - [2023-11-09T20:15:51.583-0500] {dag.py:2941} INFO - Sync 1 DAGs
[2023-11-09T20:15:51.594-0500] {logging_mixin.py:154} INFO - [2023-11-09T20:15:51.594-0500] {dag.py:3722} INFO - Setting next_dagrun for example_branch_operator to 2023-11-09T00:00:00+00:00, run_after=2023-11-10T00:00:00+00:00
[2023-11-09T20:15:51.604-0500] {processor.py:179} INFO - Processing /Users/az/anaconda3/envs/python38/lib/python3.8/site-packages/airflow/example_dags/example_branch_operator.py took 0.158 seconds
[2023-11-09T20:17:50.988-0500] {processor.py:157} INFO - Started process (PID=56866) to work on /Users/az/anaconda3/envs/python38/lib/python3.8/site-packages/airflow/example_dags/example_branch_operator.py
[2023-11-09T20:17:50.993-0500] {processor.py:829} INFO - Processing file /Users/az/anaconda3/envs/python38/lib/python3.8/site-packages/airflow/example_dags/example_branch_operator.py for tasks to queue
[2023-11-09T20:17:50.993-0500] {logging_mixin.py:154} INFO - [2023-11-09T20:17:50.993-0500] {dagbag.py:536} INFO - Filling up the DagBag from /Users/az/anaconda3/envs/python38/lib/python3.8/site-packages/airflow/example_dags/example_branch_operator.py
[2023-11-09T20:17:51.017-0500] {processor.py:839} INFO - DAG(s) dict_keys(['example_branch_operator']) retrieved from /Users/az/anaconda3/envs/python38/lib/python3.8/site-packages/airflow/example_dags/example_branch_operator.py
[2023-11-09T20:17:51.125-0500] {logging_mixin.py:154} INFO - [2023-11-09T20:17:51.125-0500] {dag.py:2941} INFO - Sync 1 DAGs
[2023-11-09T20:17:51.136-0500] {logging_mixin.py:154} INFO - [2023-11-09T20:17:51.136-0500] {dag.py:3722} INFO - Setting next_dagrun for example_branch_operator to 2023-11-09T00:00:00+00:00, run_after=2023-11-10T00:00:00+00:00
[2023-11-09T20:17:51.146-0500] {processor.py:179} INFO - Processing /Users/az/anaconda3/envs/python38/lib/python3.8/site-packages/airflow/example_dags/example_branch_operator.py took 0.158 seconds
[2023-11-09T20:19:49.482-0500] {processor.py:157} INFO - Started process (PID=57014) to work on /Users/az/anaconda3/envs/python38/lib/python3.8/site-packages/airflow/example_dags/example_branch_operator.py
[2023-11-09T20:19:49.486-0500] {processor.py:829} INFO - Processing file /Users/az/anaconda3/envs/python38/lib/python3.8/site-packages/airflow/example_dags/example_branch_operator.py for tasks to queue
[2023-11-09T20:19:49.487-0500] {logging_mixin.py:154} INFO - [2023-11-09T20:19:49.487-0500] {dagbag.py:536} INFO - Filling up the DagBag from /Users/az/anaconda3/envs/python38/lib/python3.8/site-packages/airflow/example_dags/example_branch_operator.py
[2023-11-09T20:19:49.511-0500] {processor.py:839} INFO - DAG(s) dict_keys(['example_branch_operator']) retrieved from /Users/az/anaconda3/envs/python38/lib/python3.8/site-packages/airflow/example_dags/example_branch_operator.py
[2023-11-09T20:19:49.619-0500] {logging_mixin.py:154} INFO - [2023-11-09T20:19:49.619-0500] {dag.py:2941} INFO - Sync 1 DAGs
[2023-11-09T20:19:49.630-0500] {logging_mixin.py:154} INFO - [2023-11-09T20:19:49.630-0500] {dag.py:3722} INFO - Setting next_dagrun for example_branch_operator to 2023-11-09T00:00:00+00:00, run_after=2023-11-10T00:00:00+00:00
[2023-11-09T20:19:49.640-0500] {processor.py:179} INFO - Processing /Users/az/anaconda3/envs/python38/lib/python3.8/site-packages/airflow/example_dags/example_branch_operator.py took 0.159 seconds
[2023-11-09T20:21:50.912-0500] {processor.py:157} INFO - Started process (PID=57173) to work on /Users/az/anaconda3/envs/python38/lib/python3.8/site-packages/airflow/example_dags/example_branch_operator.py
[2023-11-09T20:21:50.917-0500] {processor.py:829} INFO - Processing file /Users/az/anaconda3/envs/python38/lib/python3.8/site-packages/airflow/example_dags/example_branch_operator.py for tasks to queue
[2023-11-09T20:21:50.917-0500] {logging_mixin.py:154} INFO - [2023-11-09T20:21:50.917-0500] {dagbag.py:536} INFO - Filling up the DagBag from /Users/az/anaconda3/envs/python38/lib/python3.8/site-packages/airflow/example_dags/example_branch_operator.py
[2023-11-09T20:21:50.941-0500] {processor.py:839} INFO - DAG(s) dict_keys(['example_branch_operator']) retrieved from /Users/az/anaconda3/envs/python38/lib/python3.8/site-packages/airflow/example_dags/example_branch_operator.py
[2023-11-09T20:21:51.049-0500] {logging_mixin.py:154} INFO - [2023-11-09T20:21:51.049-0500] {dag.py:2941} INFO - Sync 1 DAGs
[2023-11-09T20:21:51.060-0500] {logging_mixin.py:154} INFO - [2023-11-09T20:21:51.060-0500] {dag.py:3722} INFO - Setting next_dagrun for example_branch_operator to 2023-11-09T00:00:00+00:00, run_after=2023-11-10T00:00:00+00:00
[2023-11-09T20:21:51.070-0500] {processor.py:179} INFO - Processing /Users/az/anaconda3/envs/python38/lib/python3.8/site-packages/airflow/example_dags/example_branch_operator.py took 0.158 seconds
[2023-11-09T20:23:48.730-0500] {processor.py:157} INFO - Started process (PID=57325) to work on /Users/az/anaconda3/envs/python38/lib/python3.8/site-packages/airflow/example_dags/example_branch_operator.py
[2023-11-09T20:23:48.735-0500] {processor.py:829} INFO - Processing file /Users/az/anaconda3/envs/python38/lib/python3.8/site-packages/airflow/example_dags/example_branch_operator.py for tasks to queue
[2023-11-09T20:23:48.735-0500] {logging_mixin.py:154} INFO - [2023-11-09T20:23:48.735-0500] {dagbag.py:536} INFO - Filling up the DagBag from /Users/az/anaconda3/envs/python38/lib/python3.8/site-packages/airflow/example_dags/example_branch_operator.py
[2023-11-09T20:23:48.759-0500] {processor.py:839} INFO - DAG(s) dict_keys(['example_branch_operator']) retrieved from /Users/az/anaconda3/envs/python38/lib/python3.8/site-packages/airflow/example_dags/example_branch_operator.py
[2023-11-09T20:23:48.867-0500] {logging_mixin.py:154} INFO - [2023-11-09T20:23:48.867-0500] {dag.py:2941} INFO - Sync 1 DAGs
[2023-11-09T20:23:48.878-0500] {logging_mixin.py:154} INFO - [2023-11-09T20:23:48.878-0500] {dag.py:3722} INFO - Setting next_dagrun for example_branch_operator to 2023-11-09T00:00:00+00:00, run_after=2023-11-10T00:00:00+00:00
[2023-11-09T20:23:48.888-0500] {processor.py:179} INFO - Processing /Users/az/anaconda3/envs/python38/lib/python3.8/site-packages/airflow/example_dags/example_branch_operator.py took 0.158 seconds
[2023-11-09T20:25:47.450-0500] {processor.py:157} INFO - Started process (PID=57474) to work on /Users/az/anaconda3/envs/python38/lib/python3.8/site-packages/airflow/example_dags/example_branch_operator.py
[2023-11-09T20:25:47.454-0500] {processor.py:829} INFO - Processing file /Users/az/anaconda3/envs/python38/lib/python3.8/site-packages/airflow/example_dags/example_branch_operator.py for tasks to queue
[2023-11-09T20:25:47.454-0500] {logging_mixin.py:154} INFO - [2023-11-09T20:25:47.454-0500] {dagbag.py:536} INFO - Filling up the DagBag from /Users/az/anaconda3/envs/python38/lib/python3.8/site-packages/airflow/example_dags/example_branch_operator.py
[2023-11-09T20:25:47.478-0500] {processor.py:839} INFO - DAG(s) dict_keys(['example_branch_operator']) retrieved from /Users/az/anaconda3/envs/python38/lib/python3.8/site-packages/airflow/example_dags/example_branch_operator.py
[2023-11-09T20:25:47.586-0500] {logging_mixin.py:154} INFO - [2023-11-09T20:25:47.586-0500] {dag.py:2941} INFO - Sync 1 DAGs
[2023-11-09T20:25:47.597-0500] {logging_mixin.py:154} INFO - [2023-11-09T20:25:47.597-0500] {dag.py:3722} INFO - Setting next_dagrun for example_branch_operator to 2023-11-09T00:00:00+00:00, run_after=2023-11-10T00:00:00+00:00
[2023-11-09T20:25:47.607-0500] {processor.py:179} INFO - Processing /Users/az/anaconda3/envs/python38/lib/python3.8/site-packages/airflow/example_dags/example_branch_operator.py took 0.157 seconds
[2023-11-09T20:46:24.287-0500] {processor.py:157} INFO - Started process (PID=57791) to work on /Users/az/anaconda3/envs/python38/lib/python3.8/site-packages/airflow/example_dags/example_branch_operator.py
[2023-11-09T20:46:24.292-0500] {processor.py:829} INFO - Processing file /Users/az/anaconda3/envs/python38/lib/python3.8/site-packages/airflow/example_dags/example_branch_operator.py for tasks to queue
[2023-11-09T20:46:24.292-0500] {logging_mixin.py:154} INFO - [2023-11-09T20:46:24.292-0500] {dagbag.py:536} INFO - Filling up the DagBag from /Users/az/anaconda3/envs/python38/lib/python3.8/site-packages/airflow/example_dags/example_branch_operator.py
[2023-11-09T20:46:24.316-0500] {processor.py:839} INFO - DAG(s) dict_keys(['example_branch_operator']) retrieved from /Users/az/anaconda3/envs/python38/lib/python3.8/site-packages/airflow/example_dags/example_branch_operator.py
[2023-11-09T20:46:24.425-0500] {logging_mixin.py:154} INFO - [2023-11-09T20:46:24.425-0500] {dag.py:2941} INFO - Sync 1 DAGs
[2023-11-09T20:46:24.436-0500] {logging_mixin.py:154} INFO - [2023-11-09T20:46:24.435-0500] {dag.py:3722} INFO - Setting next_dagrun for example_branch_operator to 2023-11-09T00:00:00+00:00, run_after=2023-11-10T00:00:00+00:00
[2023-11-09T20:46:24.446-0500] {processor.py:179} INFO - Processing /Users/az/anaconda3/envs/python38/lib/python3.8/site-packages/airflow/example_dags/example_branch_operator.py took 0.159 seconds
[2023-11-09T20:48:22.980-0500] {processor.py:157} INFO - Started process (PID=57945) to work on /Users/az/anaconda3/envs/python38/lib/python3.8/site-packages/airflow/example_dags/example_branch_operator.py
[2023-11-09T20:48:22.984-0500] {processor.py:829} INFO - Processing file /Users/az/anaconda3/envs/python38/lib/python3.8/site-packages/airflow/example_dags/example_branch_operator.py for tasks to queue
[2023-11-09T20:48:22.985-0500] {logging_mixin.py:154} INFO - [2023-11-09T20:48:22.985-0500] {dagbag.py:536} INFO - Filling up the DagBag from /Users/az/anaconda3/envs/python38/lib/python3.8/site-packages/airflow/example_dags/example_branch_operator.py
[2023-11-09T20:48:23.009-0500] {processor.py:839} INFO - DAG(s) dict_keys(['example_branch_operator']) retrieved from /Users/az/anaconda3/envs/python38/lib/python3.8/site-packages/airflow/example_dags/example_branch_operator.py
[2023-11-09T20:48:23.117-0500] {logging_mixin.py:154} INFO - [2023-11-09T20:48:23.117-0500] {dag.py:2941} INFO - Sync 1 DAGs
[2023-11-09T20:48:23.128-0500] {logging_mixin.py:154} INFO - [2023-11-09T20:48:23.128-0500] {dag.py:3722} INFO - Setting next_dagrun for example_branch_operator to 2023-11-09T00:00:00+00:00, run_after=2023-11-10T00:00:00+00:00
[2023-11-09T20:48:23.138-0500] {processor.py:179} INFO - Processing /Users/az/anaconda3/envs/python38/lib/python3.8/site-packages/airflow/example_dags/example_branch_operator.py took 0.158 seconds
[2023-11-09T20:50:19.399-0500] {processor.py:157} INFO - Started process (PID=58090) to work on /Users/az/anaconda3/envs/python38/lib/python3.8/site-packages/airflow/example_dags/example_branch_operator.py
[2023-11-09T20:50:19.404-0500] {processor.py:829} INFO - Processing file /Users/az/anaconda3/envs/python38/lib/python3.8/site-packages/airflow/example_dags/example_branch_operator.py for tasks to queue
[2023-11-09T20:50:19.404-0500] {logging_mixin.py:154} INFO - [2023-11-09T20:50:19.404-0500] {dagbag.py:536} INFO - Filling up the DagBag from /Users/az/anaconda3/envs/python38/lib/python3.8/site-packages/airflow/example_dags/example_branch_operator.py
[2023-11-09T20:50:19.428-0500] {processor.py:839} INFO - DAG(s) dict_keys(['example_branch_operator']) retrieved from /Users/az/anaconda3/envs/python38/lib/python3.8/site-packages/airflow/example_dags/example_branch_operator.py
[2023-11-09T20:50:19.537-0500] {logging_mixin.py:154} INFO - [2023-11-09T20:50:19.537-0500] {dag.py:2941} INFO - Sync 1 DAGs
[2023-11-09T20:50:19.548-0500] {logging_mixin.py:154} INFO - [2023-11-09T20:50:19.548-0500] {dag.py:3722} INFO - Setting next_dagrun for example_branch_operator to 2023-11-09T00:00:00+00:00, run_after=2023-11-10T00:00:00+00:00
[2023-11-09T20:50:19.558-0500] {processor.py:179} INFO - Processing /Users/az/anaconda3/envs/python38/lib/python3.8/site-packages/airflow/example_dags/example_branch_operator.py took 0.159 seconds
[2023-11-09T20:52:26.912-0500] {processor.py:157} INFO - Started process (PID=58253) to work on /Users/az/anaconda3/envs/python38/lib/python3.8/site-packages/airflow/example_dags/example_branch_operator.py
[2023-11-09T20:52:26.917-0500] {processor.py:829} INFO - Processing file /Users/az/anaconda3/envs/python38/lib/python3.8/site-packages/airflow/example_dags/example_branch_operator.py for tasks to queue
[2023-11-09T20:52:26.918-0500] {logging_mixin.py:154} INFO - [2023-11-09T20:52:26.918-0500] {dagbag.py:536} INFO - Filling up the DagBag from /Users/az/anaconda3/envs/python38/lib/python3.8/site-packages/airflow/example_dags/example_branch_operator.py
[2023-11-09T20:52:26.941-0500] {processor.py:839} INFO - DAG(s) dict_keys(['example_branch_operator']) retrieved from /Users/az/anaconda3/envs/python38/lib/python3.8/site-packages/airflow/example_dags/example_branch_operator.py
[2023-11-09T20:52:27.050-0500] {logging_mixin.py:154} INFO - [2023-11-09T20:52:27.050-0500] {dag.py:2941} INFO - Sync 1 DAGs
[2023-11-09T20:52:27.061-0500] {logging_mixin.py:154} INFO - [2023-11-09T20:52:27.061-0500] {dag.py:3722} INFO - Setting next_dagrun for example_branch_operator to 2023-11-09T00:00:00+00:00, run_after=2023-11-10T00:00:00+00:00
[2023-11-09T20:52:27.071-0500] {processor.py:179} INFO - Processing /Users/az/anaconda3/envs/python38/lib/python3.8/site-packages/airflow/example_dags/example_branch_operator.py took 0.159 seconds
[2023-11-09T20:54:44.563-0500] {processor.py:157} INFO - Started process (PID=58420) to work on /Users/az/anaconda3/envs/python38/lib/python3.8/site-packages/airflow/example_dags/example_branch_operator.py
[2023-11-09T20:54:44.567-0500] {processor.py:829} INFO - Processing file /Users/az/anaconda3/envs/python38/lib/python3.8/site-packages/airflow/example_dags/example_branch_operator.py for tasks to queue
[2023-11-09T20:54:44.567-0500] {logging_mixin.py:154} INFO - [2023-11-09T20:54:44.567-0500] {dagbag.py:536} INFO - Filling up the DagBag from /Users/az/anaconda3/envs/python38/lib/python3.8/site-packages/airflow/example_dags/example_branch_operator.py
[2023-11-09T20:54:44.594-0500] {processor.py:839} INFO - DAG(s) dict_keys(['example_branch_operator']) retrieved from /Users/az/anaconda3/envs/python38/lib/python3.8/site-packages/airflow/example_dags/example_branch_operator.py
[2023-11-09T20:54:44.715-0500] {logging_mixin.py:154} INFO - [2023-11-09T20:54:44.715-0500] {dag.py:2941} INFO - Sync 1 DAGs
[2023-11-09T20:54:44.726-0500] {logging_mixin.py:154} INFO - [2023-11-09T20:54:44.726-0500] {dag.py:3722} INFO - Setting next_dagrun for example_branch_operator to 2023-11-09T00:00:00+00:00, run_after=2023-11-10T00:00:00+00:00
[2023-11-09T20:54:44.736-0500] {processor.py:179} INFO - Processing /Users/az/anaconda3/envs/python38/lib/python3.8/site-packages/airflow/example_dags/example_branch_operator.py took 0.174 seconds
[2023-11-09T20:56:55.381-0500] {processor.py:157} INFO - Started process (PID=58577) to work on /Users/az/anaconda3/envs/python38/lib/python3.8/site-packages/airflow/example_dags/example_branch_operator.py
[2023-11-09T20:56:55.386-0500] {processor.py:829} INFO - Processing file /Users/az/anaconda3/envs/python38/lib/python3.8/site-packages/airflow/example_dags/example_branch_operator.py for tasks to queue
[2023-11-09T20:56:55.387-0500] {logging_mixin.py:154} INFO - [2023-11-09T20:56:55.386-0500] {dagbag.py:536} INFO - Filling up the DagBag from /Users/az/anaconda3/envs/python38/lib/python3.8/site-packages/airflow/example_dags/example_branch_operator.py
[2023-11-09T20:56:55.411-0500] {processor.py:839} INFO - DAG(s) dict_keys(['example_branch_operator']) retrieved from /Users/az/anaconda3/envs/python38/lib/python3.8/site-packages/airflow/example_dags/example_branch_operator.py
[2023-11-09T20:56:55.519-0500] {logging_mixin.py:154} INFO - [2023-11-09T20:56:55.519-0500] {dag.py:2941} INFO - Sync 1 DAGs
[2023-11-09T20:56:55.530-0500] {logging_mixin.py:154} INFO - [2023-11-09T20:56:55.530-0500] {dag.py:3722} INFO - Setting next_dagrun for example_branch_operator to 2023-11-09T00:00:00+00:00, run_after=2023-11-10T00:00:00+00:00
[2023-11-09T20:56:55.540-0500] {processor.py:179} INFO - Processing /Users/az/anaconda3/envs/python38/lib/python3.8/site-packages/airflow/example_dags/example_branch_operator.py took 0.159 seconds
[2023-11-09T20:59:04.165-0500] {processor.py:157} INFO - Started process (PID=58726) to work on /Users/az/anaconda3/envs/python38/lib/python3.8/site-packages/airflow/example_dags/example_branch_operator.py
[2023-11-09T20:59:04.170-0500] {processor.py:829} INFO - Processing file /Users/az/anaconda3/envs/python38/lib/python3.8/site-packages/airflow/example_dags/example_branch_operator.py for tasks to queue
[2023-11-09T20:59:04.171-0500] {logging_mixin.py:154} INFO - [2023-11-09T20:59:04.171-0500] {dagbag.py:536} INFO - Filling up the DagBag from /Users/az/anaconda3/envs/python38/lib/python3.8/site-packages/airflow/example_dags/example_branch_operator.py
[2023-11-09T20:59:04.195-0500] {processor.py:839} INFO - DAG(s) dict_keys(['example_branch_operator']) retrieved from /Users/az/anaconda3/envs/python38/lib/python3.8/site-packages/airflow/example_dags/example_branch_operator.py
[2023-11-09T20:59:04.303-0500] {logging_mixin.py:154} INFO - [2023-11-09T20:59:04.303-0500] {dag.py:2941} INFO - Sync 1 DAGs
[2023-11-09T20:59:04.314-0500] {logging_mixin.py:154} INFO - [2023-11-09T20:59:04.313-0500] {dag.py:3722} INFO - Setting next_dagrun for example_branch_operator to 2023-11-09T00:00:00+00:00, run_after=2023-11-10T00:00:00+00:00
[2023-11-09T20:59:04.324-0500] {processor.py:179} INFO - Processing /Users/az/anaconda3/envs/python38/lib/python3.8/site-packages/airflow/example_dags/example_branch_operator.py took 0.159 seconds
[2023-11-09T21:01:18.484-0500] {processor.py:157} INFO - Started process (PID=58912) to work on /Users/az/anaconda3/envs/python38/lib/python3.8/site-packages/airflow/example_dags/example_branch_operator.py
[2023-11-09T21:01:18.488-0500] {processor.py:829} INFO - Processing file /Users/az/anaconda3/envs/python38/lib/python3.8/site-packages/airflow/example_dags/example_branch_operator.py for tasks to queue
[2023-11-09T21:01:18.488-0500] {logging_mixin.py:154} INFO - [2023-11-09T21:01:18.488-0500] {dagbag.py:536} INFO - Filling up the DagBag from /Users/az/anaconda3/envs/python38/lib/python3.8/site-packages/airflow/example_dags/example_branch_operator.py
[2023-11-09T21:01:18.512-0500] {processor.py:839} INFO - DAG(s) dict_keys(['example_branch_operator']) retrieved from /Users/az/anaconda3/envs/python38/lib/python3.8/site-packages/airflow/example_dags/example_branch_operator.py
[2023-11-09T21:01:18.629-0500] {logging_mixin.py:154} INFO - [2023-11-09T21:01:18.629-0500] {dag.py:2941} INFO - Sync 1 DAGs
[2023-11-09T21:01:18.640-0500] {logging_mixin.py:154} INFO - [2023-11-09T21:01:18.640-0500] {dag.py:3722} INFO - Setting next_dagrun for example_branch_operator to 2023-11-09T00:00:00+00:00, run_after=2023-11-10T00:00:00+00:00
[2023-11-09T21:01:18.650-0500] {processor.py:179} INFO - Processing /Users/az/anaconda3/envs/python38/lib/python3.8/site-packages/airflow/example_dags/example_branch_operator.py took 0.166 seconds
[2023-11-09T21:03:24.080-0500] {processor.py:157} INFO - Started process (PID=59078) to work on /Users/az/anaconda3/envs/python38/lib/python3.8/site-packages/airflow/example_dags/example_branch_operator.py
[2023-11-09T21:03:24.085-0500] {processor.py:829} INFO - Processing file /Users/az/anaconda3/envs/python38/lib/python3.8/site-packages/airflow/example_dags/example_branch_operator.py for tasks to queue
[2023-11-09T21:03:24.085-0500] {logging_mixin.py:154} INFO - [2023-11-09T21:03:24.085-0500] {dagbag.py:536} INFO - Filling up the DagBag from /Users/az/anaconda3/envs/python38/lib/python3.8/site-packages/airflow/example_dags/example_branch_operator.py
[2023-11-09T21:03:24.109-0500] {processor.py:839} INFO - DAG(s) dict_keys(['example_branch_operator']) retrieved from /Users/az/anaconda3/envs/python38/lib/python3.8/site-packages/airflow/example_dags/example_branch_operator.py
[2023-11-09T21:03:24.217-0500] {logging_mixin.py:154} INFO - [2023-11-09T21:03:24.217-0500] {dag.py:2941} INFO - Sync 1 DAGs
[2023-11-09T21:03:24.228-0500] {logging_mixin.py:154} INFO - [2023-11-09T21:03:24.228-0500] {dag.py:3722} INFO - Setting next_dagrun for example_branch_operator to 2023-11-09T00:00:00+00:00, run_after=2023-11-10T00:00:00+00:00
[2023-11-09T21:03:24.238-0500] {processor.py:179} INFO - Processing /Users/az/anaconda3/envs/python38/lib/python3.8/site-packages/airflow/example_dags/example_branch_operator.py took 0.158 seconds
[2023-11-09T21:05:24.177-0500] {processor.py:157} INFO - Started process (PID=59257) to work on /Users/az/anaconda3/envs/python38/lib/python3.8/site-packages/airflow/example_dags/example_branch_operator.py
[2023-11-09T21:05:24.182-0500] {processor.py:829} INFO - Processing file /Users/az/anaconda3/envs/python38/lib/python3.8/site-packages/airflow/example_dags/example_branch_operator.py for tasks to queue
[2023-11-09T21:05:24.182-0500] {logging_mixin.py:154} INFO - [2023-11-09T21:05:24.182-0500] {dagbag.py:536} INFO - Filling up the DagBag from /Users/az/anaconda3/envs/python38/lib/python3.8/site-packages/airflow/example_dags/example_branch_operator.py
[2023-11-09T21:05:24.206-0500] {processor.py:839} INFO - DAG(s) dict_keys(['example_branch_operator']) retrieved from /Users/az/anaconda3/envs/python38/lib/python3.8/site-packages/airflow/example_dags/example_branch_operator.py
[2023-11-09T21:05:24.316-0500] {logging_mixin.py:154} INFO - [2023-11-09T21:05:24.316-0500] {dag.py:2941} INFO - Sync 1 DAGs
[2023-11-09T21:05:24.327-0500] {logging_mixin.py:154} INFO - [2023-11-09T21:05:24.327-0500] {dag.py:3722} INFO - Setting next_dagrun for example_branch_operator to 2023-11-09T00:00:00+00:00, run_after=2023-11-10T00:00:00+00:00
[2023-11-09T21:05:24.338-0500] {processor.py:179} INFO - Processing /Users/az/anaconda3/envs/python38/lib/python3.8/site-packages/airflow/example_dags/example_branch_operator.py took 0.161 seconds
[2023-11-09T21:07:27.739-0500] {processor.py:157} INFO - Started process (PID=59411) to work on /Users/az/anaconda3/envs/python38/lib/python3.8/site-packages/airflow/example_dags/example_branch_operator.py
[2023-11-09T21:07:27.744-0500] {processor.py:829} INFO - Processing file /Users/az/anaconda3/envs/python38/lib/python3.8/site-packages/airflow/example_dags/example_branch_operator.py for tasks to queue
[2023-11-09T21:07:27.744-0500] {logging_mixin.py:154} INFO - [2023-11-09T21:07:27.744-0500] {dagbag.py:536} INFO - Filling up the DagBag from /Users/az/anaconda3/envs/python38/lib/python3.8/site-packages/airflow/example_dags/example_branch_operator.py
[2023-11-09T21:07:27.768-0500] {processor.py:839} INFO - DAG(s) dict_keys(['example_branch_operator']) retrieved from /Users/az/anaconda3/envs/python38/lib/python3.8/site-packages/airflow/example_dags/example_branch_operator.py
[2023-11-09T21:07:27.878-0500] {logging_mixin.py:154} INFO - [2023-11-09T21:07:27.878-0500] {dag.py:2941} INFO - Sync 1 DAGs
[2023-11-09T21:07:27.889-0500] {logging_mixin.py:154} INFO - [2023-11-09T21:07:27.889-0500] {dag.py:3722} INFO - Setting next_dagrun for example_branch_operator to 2023-11-09T00:00:00+00:00, run_after=2023-11-10T00:00:00+00:00
[2023-11-09T21:07:27.899-0500] {processor.py:179} INFO - Processing /Users/az/anaconda3/envs/python38/lib/python3.8/site-packages/airflow/example_dags/example_branch_operator.py took 0.160 seconds
[2023-11-09T21:09:25.226-0500] {processor.py:157} INFO - Started process (PID=59559) to work on /Users/az/anaconda3/envs/python38/lib/python3.8/site-packages/airflow/example_dags/example_branch_operator.py
[2023-11-09T21:09:25.230-0500] {processor.py:829} INFO - Processing file /Users/az/anaconda3/envs/python38/lib/python3.8/site-packages/airflow/example_dags/example_branch_operator.py for tasks to queue
[2023-11-09T21:09:25.231-0500] {logging_mixin.py:154} INFO - [2023-11-09T21:09:25.231-0500] {dagbag.py:536} INFO - Filling up the DagBag from /Users/az/anaconda3/envs/python38/lib/python3.8/site-packages/airflow/example_dags/example_branch_operator.py
[2023-11-09T21:09:25.257-0500] {processor.py:839} INFO - DAG(s) dict_keys(['example_branch_operator']) retrieved from /Users/az/anaconda3/envs/python38/lib/python3.8/site-packages/airflow/example_dags/example_branch_operator.py
[2023-11-09T21:09:25.375-0500] {logging_mixin.py:154} INFO - [2023-11-09T21:09:25.375-0500] {dag.py:2941} INFO - Sync 1 DAGs
[2023-11-09T21:09:25.387-0500] {logging_mixin.py:154} INFO - [2023-11-09T21:09:25.387-0500] {dag.py:3722} INFO - Setting next_dagrun for example_branch_operator to 2023-11-09T00:00:00+00:00, run_after=2023-11-10T00:00:00+00:00
[2023-11-09T21:09:25.399-0500] {processor.py:179} INFO - Processing /Users/az/anaconda3/envs/python38/lib/python3.8/site-packages/airflow/example_dags/example_branch_operator.py took 0.174 seconds
[2023-11-09T21:11:26.973-0500] {processor.py:157} INFO - Started process (PID=59722) to work on /Users/az/anaconda3/envs/python38/lib/python3.8/site-packages/airflow/example_dags/example_branch_operator.py
[2023-11-09T21:11:26.977-0500] {processor.py:829} INFO - Processing file /Users/az/anaconda3/envs/python38/lib/python3.8/site-packages/airflow/example_dags/example_branch_operator.py for tasks to queue
[2023-11-09T21:11:26.978-0500] {logging_mixin.py:154} INFO - [2023-11-09T21:11:26.978-0500] {dagbag.py:536} INFO - Filling up the DagBag from /Users/az/anaconda3/envs/python38/lib/python3.8/site-packages/airflow/example_dags/example_branch_operator.py
[2023-11-09T21:11:27.002-0500] {processor.py:839} INFO - DAG(s) dict_keys(['example_branch_operator']) retrieved from /Users/az/anaconda3/envs/python38/lib/python3.8/site-packages/airflow/example_dags/example_branch_operator.py
[2023-11-09T21:11:27.112-0500] {logging_mixin.py:154} INFO - [2023-11-09T21:11:27.112-0500] {dag.py:2941} INFO - Sync 1 DAGs
[2023-11-09T21:11:27.123-0500] {logging_mixin.py:154} INFO - [2023-11-09T21:11:27.123-0500] {dag.py:3722} INFO - Setting next_dagrun for example_branch_operator to 2023-11-09T00:00:00+00:00, run_after=2023-11-10T00:00:00+00:00
[2023-11-09T21:11:27.133-0500] {processor.py:179} INFO - Processing /Users/az/anaconda3/envs/python38/lib/python3.8/site-packages/airflow/example_dags/example_branch_operator.py took 0.161 seconds
[2023-11-09T21:13:25.627-0500] {processor.py:157} INFO - Started process (PID=59868) to work on /Users/az/anaconda3/envs/python38/lib/python3.8/site-packages/airflow/example_dags/example_branch_operator.py
[2023-11-09T21:13:25.632-0500] {processor.py:829} INFO - Processing file /Users/az/anaconda3/envs/python38/lib/python3.8/site-packages/airflow/example_dags/example_branch_operator.py for tasks to queue
[2023-11-09T21:13:25.632-0500] {logging_mixin.py:154} INFO - [2023-11-09T21:13:25.632-0500] {dagbag.py:536} INFO - Filling up the DagBag from /Users/az/anaconda3/envs/python38/lib/python3.8/site-packages/airflow/example_dags/example_branch_operator.py
[2023-11-09T21:13:25.657-0500] {processor.py:839} INFO - DAG(s) dict_keys(['example_branch_operator']) retrieved from /Users/az/anaconda3/envs/python38/lib/python3.8/site-packages/airflow/example_dags/example_branch_operator.py
[2023-11-09T21:13:25.766-0500] {logging_mixin.py:154} INFO - [2023-11-09T21:13:25.765-0500] {dag.py:2941} INFO - Sync 1 DAGs
[2023-11-09T21:13:25.776-0500] {logging_mixin.py:154} INFO - [2023-11-09T21:13:25.776-0500] {dag.py:3722} INFO - Setting next_dagrun for example_branch_operator to 2023-11-09T00:00:00+00:00, run_after=2023-11-10T00:00:00+00:00
[2023-11-09T21:13:25.787-0500] {processor.py:179} INFO - Processing /Users/az/anaconda3/envs/python38/lib/python3.8/site-packages/airflow/example_dags/example_branch_operator.py took 0.160 seconds
