[2023-11-09T19:01:16.816-0500] {processor.py:157} INFO - Started process (PID=48857) to work on /Users/az/anaconda3/envs/python38/lib/python3.8/site-packages/airflow/example_dags/example_nested_branch_dag.py
[2023-11-09T19:01:16.820-0500] {processor.py:829} INFO - Processing file /Users/az/anaconda3/envs/python38/lib/python3.8/site-packages/airflow/example_dags/example_nested_branch_dag.py for tasks to queue
[2023-11-09T19:01:16.820-0500] {logging_mixin.py:154} INFO - [2023-11-09T19:01:16.820-0500] {dagbag.py:536} INFO - Filling up the DagBag from /Users/az/anaconda3/envs/python38/lib/python3.8/site-packages/airflow/example_dags/example_nested_branch_dag.py
[2023-11-09T19:01:16.853-0500] {processor.py:839} INFO - DAG(s) dict_keys(['example_nested_branch_dag']) retrieved from /Users/az/anaconda3/envs/python38/lib/python3.8/site-packages/airflow/example_dags/example_nested_branch_dag.py
[2023-11-09T19:01:16.957-0500] {logging_mixin.py:154} INFO - [2023-11-09T19:01:16.957-0500] {dag.py:2941} INFO - Sync 1 DAGs
[2023-11-09T19:01:16.967-0500] {logging_mixin.py:154} INFO - [2023-11-09T19:01:16.967-0500] {dag.py:3722} INFO - Setting next_dagrun for example_nested_branch_dag to 2023-11-09T00:00:00+00:00, run_after=2023-11-10T00:00:00+00:00
[2023-11-09T19:01:16.978-0500] {processor.py:179} INFO - Processing /Users/az/anaconda3/envs/python38/lib/python3.8/site-packages/airflow/example_dags/example_nested_branch_dag.py took 0.162 seconds
[2023-11-09T19:03:24.337-0500] {processor.py:157} INFO - Started process (PID=49016) to work on /Users/az/anaconda3/envs/python38/lib/python3.8/site-packages/airflow/example_dags/example_nested_branch_dag.py
[2023-11-09T19:03:24.342-0500] {processor.py:829} INFO - Processing file /Users/az/anaconda3/envs/python38/lib/python3.8/site-packages/airflow/example_dags/example_nested_branch_dag.py for tasks to queue
[2023-11-09T19:03:24.342-0500] {logging_mixin.py:154} INFO - [2023-11-09T19:03:24.342-0500] {dagbag.py:536} INFO - Filling up the DagBag from /Users/az/anaconda3/envs/python38/lib/python3.8/site-packages/airflow/example_dags/example_nested_branch_dag.py
[2023-11-09T19:03:24.376-0500] {processor.py:839} INFO - DAG(s) dict_keys(['example_nested_branch_dag']) retrieved from /Users/az/anaconda3/envs/python38/lib/python3.8/site-packages/airflow/example_dags/example_nested_branch_dag.py
[2023-11-09T19:03:24.480-0500] {logging_mixin.py:154} INFO - [2023-11-09T19:03:24.480-0500] {dag.py:2941} INFO - Sync 1 DAGs
[2023-11-09T19:03:24.491-0500] {logging_mixin.py:154} INFO - [2023-11-09T19:03:24.490-0500] {dag.py:3722} INFO - Setting next_dagrun for example_nested_branch_dag to 2023-11-09T00:00:00+00:00, run_after=2023-11-10T00:00:00+00:00
[2023-11-09T19:03:24.501-0500] {processor.py:179} INFO - Processing /Users/az/anaconda3/envs/python38/lib/python3.8/site-packages/airflow/example_dags/example_nested_branch_dag.py took 0.164 seconds
[2023-11-09T19:05:25.662-0500] {processor.py:157} INFO - Started process (PID=49169) to work on /Users/az/anaconda3/envs/python38/lib/python3.8/site-packages/airflow/example_dags/example_nested_branch_dag.py
[2023-11-09T19:05:25.667-0500] {processor.py:829} INFO - Processing file /Users/az/anaconda3/envs/python38/lib/python3.8/site-packages/airflow/example_dags/example_nested_branch_dag.py for tasks to queue
[2023-11-09T19:05:25.667-0500] {logging_mixin.py:154} INFO - [2023-11-09T19:05:25.667-0500] {dagbag.py:536} INFO - Filling up the DagBag from /Users/az/anaconda3/envs/python38/lib/python3.8/site-packages/airflow/example_dags/example_nested_branch_dag.py
[2023-11-09T19:05:25.704-0500] {processor.py:839} INFO - DAG(s) dict_keys(['example_nested_branch_dag']) retrieved from /Users/az/anaconda3/envs/python38/lib/python3.8/site-packages/airflow/example_dags/example_nested_branch_dag.py
[2023-11-09T19:05:25.813-0500] {logging_mixin.py:154} INFO - [2023-11-09T19:05:25.813-0500] {dag.py:2941} INFO - Sync 1 DAGs
[2023-11-09T19:05:25.825-0500] {logging_mixin.py:154} INFO - [2023-11-09T19:05:25.825-0500] {dag.py:3722} INFO - Setting next_dagrun for example_nested_branch_dag to 2023-11-09T00:00:00+00:00, run_after=2023-11-10T00:00:00+00:00
[2023-11-09T19:05:25.835-0500] {processor.py:179} INFO - Processing /Users/az/anaconda3/envs/python38/lib/python3.8/site-packages/airflow/example_dags/example_nested_branch_dag.py took 0.173 seconds
[2023-11-09T19:07:26.056-0500] {processor.py:157} INFO - Started process (PID=49316) to work on /Users/az/anaconda3/envs/python38/lib/python3.8/site-packages/airflow/example_dags/example_nested_branch_dag.py
[2023-11-09T19:07:26.060-0500] {processor.py:829} INFO - Processing file /Users/az/anaconda3/envs/python38/lib/python3.8/site-packages/airflow/example_dags/example_nested_branch_dag.py for tasks to queue
[2023-11-09T19:07:26.061-0500] {logging_mixin.py:154} INFO - [2023-11-09T19:07:26.061-0500] {dagbag.py:536} INFO - Filling up the DagBag from /Users/az/anaconda3/envs/python38/lib/python3.8/site-packages/airflow/example_dags/example_nested_branch_dag.py
[2023-11-09T19:07:26.098-0500] {processor.py:839} INFO - DAG(s) dict_keys(['example_nested_branch_dag']) retrieved from /Users/az/anaconda3/envs/python38/lib/python3.8/site-packages/airflow/example_dags/example_nested_branch_dag.py
[2023-11-09T19:07:26.207-0500] {logging_mixin.py:154} INFO - [2023-11-09T19:07:26.206-0500] {dag.py:2941} INFO - Sync 1 DAGs
[2023-11-09T19:07:26.217-0500] {logging_mixin.py:154} INFO - [2023-11-09T19:07:26.217-0500] {dag.py:3722} INFO - Setting next_dagrun for example_nested_branch_dag to 2023-11-09T00:00:00+00:00, run_after=2023-11-10T00:00:00+00:00
[2023-11-09T19:07:26.227-0500] {processor.py:179} INFO - Processing /Users/az/anaconda3/envs/python38/lib/python3.8/site-packages/airflow/example_dags/example_nested_branch_dag.py took 0.172 seconds
[2023-11-09T19:09:26.334-0500] {processor.py:157} INFO - Started process (PID=49462) to work on /Users/az/anaconda3/envs/python38/lib/python3.8/site-packages/airflow/example_dags/example_nested_branch_dag.py
[2023-11-09T19:09:26.339-0500] {processor.py:829} INFO - Processing file /Users/az/anaconda3/envs/python38/lib/python3.8/site-packages/airflow/example_dags/example_nested_branch_dag.py for tasks to queue
[2023-11-09T19:09:26.339-0500] {logging_mixin.py:154} INFO - [2023-11-09T19:09:26.339-0500] {dagbag.py:536} INFO - Filling up the DagBag from /Users/az/anaconda3/envs/python38/lib/python3.8/site-packages/airflow/example_dags/example_nested_branch_dag.py
[2023-11-09T19:09:26.373-0500] {processor.py:839} INFO - DAG(s) dict_keys(['example_nested_branch_dag']) retrieved from /Users/az/anaconda3/envs/python38/lib/python3.8/site-packages/airflow/example_dags/example_nested_branch_dag.py
[2023-11-09T19:09:26.477-0500] {logging_mixin.py:154} INFO - [2023-11-09T19:09:26.477-0500] {dag.py:2941} INFO - Sync 1 DAGs
[2023-11-09T19:09:26.487-0500] {logging_mixin.py:154} INFO - [2023-11-09T19:09:26.487-0500] {dag.py:3722} INFO - Setting next_dagrun for example_nested_branch_dag to 2023-11-09T00:00:00+00:00, run_after=2023-11-10T00:00:00+00:00
[2023-11-09T19:09:26.497-0500] {processor.py:179} INFO - Processing /Users/az/anaconda3/envs/python38/lib/python3.8/site-packages/airflow/example_dags/example_nested_branch_dag.py took 0.163 seconds
[2023-11-09T19:11:30.840-0500] {processor.py:157} INFO - Started process (PID=49620) to work on /Users/az/anaconda3/envs/python38/lib/python3.8/site-packages/airflow/example_dags/example_nested_branch_dag.py
[2023-11-09T19:11:30.845-0500] {processor.py:829} INFO - Processing file /Users/az/anaconda3/envs/python38/lib/python3.8/site-packages/airflow/example_dags/example_nested_branch_dag.py for tasks to queue
[2023-11-09T19:11:30.845-0500] {logging_mixin.py:154} INFO - [2023-11-09T19:11:30.845-0500] {dagbag.py:536} INFO - Filling up the DagBag from /Users/az/anaconda3/envs/python38/lib/python3.8/site-packages/airflow/example_dags/example_nested_branch_dag.py
[2023-11-09T19:11:30.879-0500] {processor.py:839} INFO - DAG(s) dict_keys(['example_nested_branch_dag']) retrieved from /Users/az/anaconda3/envs/python38/lib/python3.8/site-packages/airflow/example_dags/example_nested_branch_dag.py
[2023-11-09T19:11:30.982-0500] {logging_mixin.py:154} INFO - [2023-11-09T19:11:30.981-0500] {dag.py:2941} INFO - Sync 1 DAGs
[2023-11-09T19:11:30.992-0500] {logging_mixin.py:154} INFO - [2023-11-09T19:11:30.992-0500] {dag.py:3722} INFO - Setting next_dagrun for example_nested_branch_dag to 2023-11-09T00:00:00+00:00, run_after=2023-11-10T00:00:00+00:00
[2023-11-09T19:11:31.002-0500] {processor.py:179} INFO - Processing /Users/az/anaconda3/envs/python38/lib/python3.8/site-packages/airflow/example_dags/example_nested_branch_dag.py took 0.162 seconds
[2023-11-09T19:13:25.199-0500] {processor.py:157} INFO - Started process (PID=49771) to work on /Users/az/anaconda3/envs/python38/lib/python3.8/site-packages/airflow/example_dags/example_nested_branch_dag.py
[2023-11-09T19:13:25.204-0500] {processor.py:829} INFO - Processing file /Users/az/anaconda3/envs/python38/lib/python3.8/site-packages/airflow/example_dags/example_nested_branch_dag.py for tasks to queue
[2023-11-09T19:13:25.204-0500] {logging_mixin.py:154} INFO - [2023-11-09T19:13:25.204-0500] {dagbag.py:536} INFO - Filling up the DagBag from /Users/az/anaconda3/envs/python38/lib/python3.8/site-packages/airflow/example_dags/example_nested_branch_dag.py
[2023-11-09T19:13:25.238-0500] {processor.py:839} INFO - DAG(s) dict_keys(['example_nested_branch_dag']) retrieved from /Users/az/anaconda3/envs/python38/lib/python3.8/site-packages/airflow/example_dags/example_nested_branch_dag.py
[2023-11-09T19:13:25.342-0500] {logging_mixin.py:154} INFO - [2023-11-09T19:13:25.342-0500] {dag.py:2941} INFO - Sync 1 DAGs
[2023-11-09T19:13:25.352-0500] {logging_mixin.py:154} INFO - [2023-11-09T19:13:25.352-0500] {dag.py:3722} INFO - Setting next_dagrun for example_nested_branch_dag to 2023-11-09T00:00:00+00:00, run_after=2023-11-10T00:00:00+00:00
[2023-11-09T19:13:25.362-0500] {processor.py:179} INFO - Processing /Users/az/anaconda3/envs/python38/lib/python3.8/site-packages/airflow/example_dags/example_nested_branch_dag.py took 0.164 seconds
[2023-11-09T19:15:21.484-0500] {processor.py:157} INFO - Started process (PID=49914) to work on /Users/az/anaconda3/envs/python38/lib/python3.8/site-packages/airflow/example_dags/example_nested_branch_dag.py
[2023-11-09T19:15:21.488-0500] {processor.py:829} INFO - Processing file /Users/az/anaconda3/envs/python38/lib/python3.8/site-packages/airflow/example_dags/example_nested_branch_dag.py for tasks to queue
[2023-11-09T19:15:21.488-0500] {logging_mixin.py:154} INFO - [2023-11-09T19:15:21.488-0500] {dagbag.py:536} INFO - Filling up the DagBag from /Users/az/anaconda3/envs/python38/lib/python3.8/site-packages/airflow/example_dags/example_nested_branch_dag.py
[2023-11-09T19:15:21.522-0500] {processor.py:839} INFO - DAG(s) dict_keys(['example_nested_branch_dag']) retrieved from /Users/az/anaconda3/envs/python38/lib/python3.8/site-packages/airflow/example_dags/example_nested_branch_dag.py
[2023-11-09T19:15:21.624-0500] {logging_mixin.py:154} INFO - [2023-11-09T19:15:21.624-0500] {dag.py:2941} INFO - Sync 1 DAGs
[2023-11-09T19:15:21.635-0500] {logging_mixin.py:154} INFO - [2023-11-09T19:15:21.635-0500] {dag.py:3722} INFO - Setting next_dagrun for example_nested_branch_dag to 2023-11-09T00:00:00+00:00, run_after=2023-11-10T00:00:00+00:00
[2023-11-09T19:15:21.645-0500] {processor.py:179} INFO - Processing /Users/az/anaconda3/envs/python38/lib/python3.8/site-packages/airflow/example_dags/example_nested_branch_dag.py took 0.162 seconds
[2023-11-09T19:17:28.747-0500] {processor.py:157} INFO - Started process (PID=50068) to work on /Users/az/anaconda3/envs/python38/lib/python3.8/site-packages/airflow/example_dags/example_nested_branch_dag.py
[2023-11-09T19:17:28.751-0500] {processor.py:829} INFO - Processing file /Users/az/anaconda3/envs/python38/lib/python3.8/site-packages/airflow/example_dags/example_nested_branch_dag.py for tasks to queue
[2023-11-09T19:17:28.751-0500] {logging_mixin.py:154} INFO - [2023-11-09T19:17:28.751-0500] {dagbag.py:536} INFO - Filling up the DagBag from /Users/az/anaconda3/envs/python38/lib/python3.8/site-packages/airflow/example_dags/example_nested_branch_dag.py
[2023-11-09T19:17:28.786-0500] {processor.py:839} INFO - DAG(s) dict_keys(['example_nested_branch_dag']) retrieved from /Users/az/anaconda3/envs/python38/lib/python3.8/site-packages/airflow/example_dags/example_nested_branch_dag.py
[2023-11-09T19:17:28.891-0500] {logging_mixin.py:154} INFO - [2023-11-09T19:17:28.891-0500] {dag.py:2941} INFO - Sync 1 DAGs
[2023-11-09T19:17:28.901-0500] {logging_mixin.py:154} INFO - [2023-11-09T19:17:28.901-0500] {dag.py:3722} INFO - Setting next_dagrun for example_nested_branch_dag to 2023-11-09T00:00:00+00:00, run_after=2023-11-10T00:00:00+00:00
[2023-11-09T19:17:28.911-0500] {processor.py:179} INFO - Processing /Users/az/anaconda3/envs/python38/lib/python3.8/site-packages/airflow/example_dags/example_nested_branch_dag.py took 0.165 seconds
[2023-11-09T19:19:38.650-0500] {processor.py:157} INFO - Started process (PID=50229) to work on /Users/az/anaconda3/envs/python38/lib/python3.8/site-packages/airflow/example_dags/example_nested_branch_dag.py
[2023-11-09T19:19:38.655-0500] {processor.py:829} INFO - Processing file /Users/az/anaconda3/envs/python38/lib/python3.8/site-packages/airflow/example_dags/example_nested_branch_dag.py for tasks to queue
[2023-11-09T19:19:38.655-0500] {logging_mixin.py:154} INFO - [2023-11-09T19:19:38.655-0500] {dagbag.py:536} INFO - Filling up the DagBag from /Users/az/anaconda3/envs/python38/lib/python3.8/site-packages/airflow/example_dags/example_nested_branch_dag.py
[2023-11-09T19:19:38.689-0500] {processor.py:839} INFO - DAG(s) dict_keys(['example_nested_branch_dag']) retrieved from /Users/az/anaconda3/envs/python38/lib/python3.8/site-packages/airflow/example_dags/example_nested_branch_dag.py
[2023-11-09T19:19:38.792-0500] {logging_mixin.py:154} INFO - [2023-11-09T19:19:38.792-0500] {dag.py:2941} INFO - Sync 1 DAGs
[2023-11-09T19:19:38.802-0500] {logging_mixin.py:154} INFO - [2023-11-09T19:19:38.802-0500] {dag.py:3722} INFO - Setting next_dagrun for example_nested_branch_dag to 2023-11-09T00:00:00+00:00, run_after=2023-11-10T00:00:00+00:00
[2023-11-09T19:19:38.813-0500] {processor.py:179} INFO - Processing /Users/az/anaconda3/envs/python38/lib/python3.8/site-packages/airflow/example_dags/example_nested_branch_dag.py took 0.163 seconds
[2023-11-09T19:21:40.559-0500] {processor.py:157} INFO - Started process (PID=50376) to work on /Users/az/anaconda3/envs/python38/lib/python3.8/site-packages/airflow/example_dags/example_nested_branch_dag.py
[2023-11-09T19:21:40.564-0500] {processor.py:829} INFO - Processing file /Users/az/anaconda3/envs/python38/lib/python3.8/site-packages/airflow/example_dags/example_nested_branch_dag.py for tasks to queue
[2023-11-09T19:21:40.564-0500] {logging_mixin.py:154} INFO - [2023-11-09T19:21:40.564-0500] {dagbag.py:536} INFO - Filling up the DagBag from /Users/az/anaconda3/envs/python38/lib/python3.8/site-packages/airflow/example_dags/example_nested_branch_dag.py
[2023-11-09T19:21:40.598-0500] {processor.py:839} INFO - DAG(s) dict_keys(['example_nested_branch_dag']) retrieved from /Users/az/anaconda3/envs/python38/lib/python3.8/site-packages/airflow/example_dags/example_nested_branch_dag.py
[2023-11-09T19:21:40.700-0500] {logging_mixin.py:154} INFO - [2023-11-09T19:21:40.700-0500] {dag.py:2941} INFO - Sync 1 DAGs
[2023-11-09T19:21:40.711-0500] {logging_mixin.py:154} INFO - [2023-11-09T19:21:40.711-0500] {dag.py:3722} INFO - Setting next_dagrun for example_nested_branch_dag to 2023-11-09T00:00:00+00:00, run_after=2023-11-10T00:00:00+00:00
[2023-11-09T19:21:40.721-0500] {processor.py:179} INFO - Processing /Users/az/anaconda3/envs/python38/lib/python3.8/site-packages/airflow/example_dags/example_nested_branch_dag.py took 0.163 seconds
[2023-11-09T19:23:56.764-0500] {processor.py:157} INFO - Started process (PID=50558) to work on /Users/az/anaconda3/envs/python38/lib/python3.8/site-packages/airflow/example_dags/example_nested_branch_dag.py
[2023-11-09T19:23:56.769-0500] {processor.py:829} INFO - Processing file /Users/az/anaconda3/envs/python38/lib/python3.8/site-packages/airflow/example_dags/example_nested_branch_dag.py for tasks to queue
[2023-11-09T19:23:56.769-0500] {logging_mixin.py:154} INFO - [2023-11-09T19:23:56.769-0500] {dagbag.py:536} INFO - Filling up the DagBag from /Users/az/anaconda3/envs/python38/lib/python3.8/site-packages/airflow/example_dags/example_nested_branch_dag.py
[2023-11-09T19:23:56.808-0500] {processor.py:839} INFO - DAG(s) dict_keys(['example_nested_branch_dag']) retrieved from /Users/az/anaconda3/envs/python38/lib/python3.8/site-packages/airflow/example_dags/example_nested_branch_dag.py
[2023-11-09T19:23:56.914-0500] {logging_mixin.py:154} INFO - [2023-11-09T19:23:56.913-0500] {dag.py:2941} INFO - Sync 1 DAGs
[2023-11-09T19:23:56.924-0500] {logging_mixin.py:154} INFO - [2023-11-09T19:23:56.924-0500] {dag.py:3722} INFO - Setting next_dagrun for example_nested_branch_dag to 2023-11-09T00:00:00+00:00, run_after=2023-11-10T00:00:00+00:00
[2023-11-09T19:23:56.934-0500] {processor.py:179} INFO - Processing /Users/az/anaconda3/envs/python38/lib/python3.8/site-packages/airflow/example_dags/example_nested_branch_dag.py took 0.171 seconds
[2023-11-09T19:25:57.593-0500] {processor.py:157} INFO - Started process (PID=50706) to work on /Users/az/anaconda3/envs/python38/lib/python3.8/site-packages/airflow/example_dags/example_nested_branch_dag.py
[2023-11-09T19:25:57.598-0500] {processor.py:829} INFO - Processing file /Users/az/anaconda3/envs/python38/lib/python3.8/site-packages/airflow/example_dags/example_nested_branch_dag.py for tasks to queue
[2023-11-09T19:25:57.598-0500] {logging_mixin.py:154} INFO - [2023-11-09T19:25:57.598-0500] {dagbag.py:536} INFO - Filling up the DagBag from /Users/az/anaconda3/envs/python38/lib/python3.8/site-packages/airflow/example_dags/example_nested_branch_dag.py
[2023-11-09T19:25:57.632-0500] {processor.py:839} INFO - DAG(s) dict_keys(['example_nested_branch_dag']) retrieved from /Users/az/anaconda3/envs/python38/lib/python3.8/site-packages/airflow/example_dags/example_nested_branch_dag.py
[2023-11-09T19:25:57.746-0500] {logging_mixin.py:154} INFO - [2023-11-09T19:25:57.746-0500] {dag.py:2941} INFO - Sync 1 DAGs
[2023-11-09T19:25:57.757-0500] {logging_mixin.py:154} INFO - [2023-11-09T19:25:57.756-0500] {dag.py:3722} INFO - Setting next_dagrun for example_nested_branch_dag to 2023-11-09T00:00:00+00:00, run_after=2023-11-10T00:00:00+00:00
[2023-11-09T19:25:57.766-0500] {processor.py:179} INFO - Processing /Users/az/anaconda3/envs/python38/lib/python3.8/site-packages/airflow/example_dags/example_nested_branch_dag.py took 0.173 seconds
[2023-11-09T19:28:12.351-0500] {processor.py:157} INFO - Started process (PID=50883) to work on /Users/az/anaconda3/envs/python38/lib/python3.8/site-packages/airflow/example_dags/example_nested_branch_dag.py
[2023-11-09T19:28:12.356-0500] {processor.py:829} INFO - Processing file /Users/az/anaconda3/envs/python38/lib/python3.8/site-packages/airflow/example_dags/example_nested_branch_dag.py for tasks to queue
[2023-11-09T19:28:12.357-0500] {logging_mixin.py:154} INFO - [2023-11-09T19:28:12.357-0500] {dagbag.py:536} INFO - Filling up the DagBag from /Users/az/anaconda3/envs/python38/lib/python3.8/site-packages/airflow/example_dags/example_nested_branch_dag.py
[2023-11-09T19:28:12.391-0500] {processor.py:839} INFO - DAG(s) dict_keys(['example_nested_branch_dag']) retrieved from /Users/az/anaconda3/envs/python38/lib/python3.8/site-packages/airflow/example_dags/example_nested_branch_dag.py
[2023-11-09T19:28:12.494-0500] {logging_mixin.py:154} INFO - [2023-11-09T19:28:12.494-0500] {dag.py:2941} INFO - Sync 1 DAGs
[2023-11-09T19:28:12.505-0500] {logging_mixin.py:154} INFO - [2023-11-09T19:28:12.505-0500] {dag.py:3722} INFO - Setting next_dagrun for example_nested_branch_dag to 2023-11-09T00:00:00+00:00, run_after=2023-11-10T00:00:00+00:00
[2023-11-09T19:28:12.515-0500] {processor.py:179} INFO - Processing /Users/az/anaconda3/envs/python38/lib/python3.8/site-packages/airflow/example_dags/example_nested_branch_dag.py took 0.164 seconds
[2023-11-09T19:30:17.349-0500] {processor.py:157} INFO - Started process (PID=51036) to work on /Users/az/anaconda3/envs/python38/lib/python3.8/site-packages/airflow/example_dags/example_nested_branch_dag.py
[2023-11-09T19:30:17.354-0500] {processor.py:829} INFO - Processing file /Users/az/anaconda3/envs/python38/lib/python3.8/site-packages/airflow/example_dags/example_nested_branch_dag.py for tasks to queue
[2023-11-09T19:30:17.354-0500] {logging_mixin.py:154} INFO - [2023-11-09T19:30:17.354-0500] {dagbag.py:536} INFO - Filling up the DagBag from /Users/az/anaconda3/envs/python38/lib/python3.8/site-packages/airflow/example_dags/example_nested_branch_dag.py
[2023-11-09T19:30:17.391-0500] {processor.py:839} INFO - DAG(s) dict_keys(['example_nested_branch_dag']) retrieved from /Users/az/anaconda3/envs/python38/lib/python3.8/site-packages/airflow/example_dags/example_nested_branch_dag.py
[2023-11-09T19:30:17.504-0500] {logging_mixin.py:154} INFO - [2023-11-09T19:30:17.504-0500] {dag.py:2941} INFO - Sync 1 DAGs
[2023-11-09T19:30:17.514-0500] {logging_mixin.py:154} INFO - [2023-11-09T19:30:17.514-0500] {dag.py:3722} INFO - Setting next_dagrun for example_nested_branch_dag to 2023-11-09T00:00:00+00:00, run_after=2023-11-10T00:00:00+00:00
[2023-11-09T19:30:17.524-0500] {processor.py:179} INFO - Processing /Users/az/anaconda3/envs/python38/lib/python3.8/site-packages/airflow/example_dags/example_nested_branch_dag.py took 0.175 seconds
[2023-11-09T19:32:22.925-0500] {processor.py:157} INFO - Started process (PID=51189) to work on /Users/az/anaconda3/envs/python38/lib/python3.8/site-packages/airflow/example_dags/example_nested_branch_dag.py
[2023-11-09T19:32:22.931-0500] {processor.py:829} INFO - Processing file /Users/az/anaconda3/envs/python38/lib/python3.8/site-packages/airflow/example_dags/example_nested_branch_dag.py for tasks to queue
[2023-11-09T19:32:22.931-0500] {logging_mixin.py:154} INFO - [2023-11-09T19:32:22.931-0500] {dagbag.py:536} INFO - Filling up the DagBag from /Users/az/anaconda3/envs/python38/lib/python3.8/site-packages/airflow/example_dags/example_nested_branch_dag.py
[2023-11-09T19:32:22.966-0500] {processor.py:839} INFO - DAG(s) dict_keys(['example_nested_branch_dag']) retrieved from /Users/az/anaconda3/envs/python38/lib/python3.8/site-packages/airflow/example_dags/example_nested_branch_dag.py
[2023-11-09T19:32:23.090-0500] {logging_mixin.py:154} INFO - [2023-11-09T19:32:23.090-0500] {dag.py:2941} INFO - Sync 1 DAGs
[2023-11-09T19:32:23.100-0500] {logging_mixin.py:154} INFO - [2023-11-09T19:32:23.100-0500] {dag.py:3722} INFO - Setting next_dagrun for example_nested_branch_dag to 2023-11-09T00:00:00+00:00, run_after=2023-11-10T00:00:00+00:00
[2023-11-09T19:32:23.111-0500] {processor.py:179} INFO - Processing /Users/az/anaconda3/envs/python38/lib/python3.8/site-packages/airflow/example_dags/example_nested_branch_dag.py took 0.186 seconds
[2023-11-09T19:34:51.773-0500] {processor.py:157} INFO - Started process (PID=53208) to work on /Users/az/anaconda3/envs/python38/lib/python3.8/site-packages/airflow/example_dags/example_nested_branch_dag.py
[2023-11-09T19:34:51.778-0500] {processor.py:829} INFO - Processing file /Users/az/anaconda3/envs/python38/lib/python3.8/site-packages/airflow/example_dags/example_nested_branch_dag.py for tasks to queue
[2023-11-09T19:34:51.778-0500] {logging_mixin.py:154} INFO - [2023-11-09T19:34:51.778-0500] {dagbag.py:536} INFO - Filling up the DagBag from /Users/az/anaconda3/envs/python38/lib/python3.8/site-packages/airflow/example_dags/example_nested_branch_dag.py
[2023-11-09T19:34:51.812-0500] {processor.py:839} INFO - DAG(s) dict_keys(['example_nested_branch_dag']) retrieved from /Users/az/anaconda3/envs/python38/lib/python3.8/site-packages/airflow/example_dags/example_nested_branch_dag.py
[2023-11-09T19:34:51.915-0500] {logging_mixin.py:154} INFO - [2023-11-09T19:34:51.915-0500] {dag.py:2941} INFO - Sync 1 DAGs
[2023-11-09T19:34:51.925-0500] {logging_mixin.py:154} INFO - [2023-11-09T19:34:51.925-0500] {dag.py:3722} INFO - Setting next_dagrun for example_nested_branch_dag to 2023-11-09T00:00:00+00:00, run_after=2023-11-10T00:00:00+00:00
[2023-11-09T19:34:51.935-0500] {processor.py:179} INFO - Processing /Users/az/anaconda3/envs/python38/lib/python3.8/site-packages/airflow/example_dags/example_nested_branch_dag.py took 0.163 seconds
[2023-11-09T19:36:49.455-0500] {processor.py:157} INFO - Started process (PID=53360) to work on /Users/az/anaconda3/envs/python38/lib/python3.8/site-packages/airflow/example_dags/example_nested_branch_dag.py
[2023-11-09T19:36:49.458-0500] {processor.py:829} INFO - Processing file /Users/az/anaconda3/envs/python38/lib/python3.8/site-packages/airflow/example_dags/example_nested_branch_dag.py for tasks to queue
[2023-11-09T19:36:49.459-0500] {logging_mixin.py:154} INFO - [2023-11-09T19:36:49.459-0500] {dagbag.py:536} INFO - Filling up the DagBag from /Users/az/anaconda3/envs/python38/lib/python3.8/site-packages/airflow/example_dags/example_nested_branch_dag.py
[2023-11-09T19:36:49.492-0500] {processor.py:839} INFO - DAG(s) dict_keys(['example_nested_branch_dag']) retrieved from /Users/az/anaconda3/envs/python38/lib/python3.8/site-packages/airflow/example_dags/example_nested_branch_dag.py
[2023-11-09T19:36:49.596-0500] {logging_mixin.py:154} INFO - [2023-11-09T19:36:49.595-0500] {dag.py:2941} INFO - Sync 1 DAGs
[2023-11-09T19:36:49.606-0500] {logging_mixin.py:154} INFO - [2023-11-09T19:36:49.606-0500] {dag.py:3722} INFO - Setting next_dagrun for example_nested_branch_dag to 2023-11-09T00:00:00+00:00, run_after=2023-11-10T00:00:00+00:00
[2023-11-09T19:36:49.616-0500] {processor.py:179} INFO - Processing /Users/az/anaconda3/envs/python38/lib/python3.8/site-packages/airflow/example_dags/example_nested_branch_dag.py took 0.162 seconds
[2023-11-09T19:38:49.122-0500] {processor.py:157} INFO - Started process (PID=53512) to work on /Users/az/anaconda3/envs/python38/lib/python3.8/site-packages/airflow/example_dags/example_nested_branch_dag.py
[2023-11-09T19:38:49.127-0500] {processor.py:829} INFO - Processing file /Users/az/anaconda3/envs/python38/lib/python3.8/site-packages/airflow/example_dags/example_nested_branch_dag.py for tasks to queue
[2023-11-09T19:38:49.127-0500] {logging_mixin.py:154} INFO - [2023-11-09T19:38:49.127-0500] {dagbag.py:536} INFO - Filling up the DagBag from /Users/az/anaconda3/envs/python38/lib/python3.8/site-packages/airflow/example_dags/example_nested_branch_dag.py
[2023-11-09T19:38:49.160-0500] {processor.py:839} INFO - DAG(s) dict_keys(['example_nested_branch_dag']) retrieved from /Users/az/anaconda3/envs/python38/lib/python3.8/site-packages/airflow/example_dags/example_nested_branch_dag.py
[2023-11-09T19:38:49.263-0500] {logging_mixin.py:154} INFO - [2023-11-09T19:38:49.263-0500] {dag.py:2941} INFO - Sync 1 DAGs
[2023-11-09T19:38:49.274-0500] {logging_mixin.py:154} INFO - [2023-11-09T19:38:49.274-0500] {dag.py:3722} INFO - Setting next_dagrun for example_nested_branch_dag to 2023-11-09T00:00:00+00:00, run_after=2023-11-10T00:00:00+00:00
[2023-11-09T19:38:49.284-0500] {processor.py:179} INFO - Processing /Users/az/anaconda3/envs/python38/lib/python3.8/site-packages/airflow/example_dags/example_nested_branch_dag.py took 0.162 seconds
[2023-11-09T19:40:45.325-0500] {processor.py:157} INFO - Started process (PID=53662) to work on /Users/az/anaconda3/envs/python38/lib/python3.8/site-packages/airflow/example_dags/example_nested_branch_dag.py
[2023-11-09T19:40:45.329-0500] {processor.py:829} INFO - Processing file /Users/az/anaconda3/envs/python38/lib/python3.8/site-packages/airflow/example_dags/example_nested_branch_dag.py for tasks to queue
[2023-11-09T19:40:45.330-0500] {logging_mixin.py:154} INFO - [2023-11-09T19:40:45.330-0500] {dagbag.py:536} INFO - Filling up the DagBag from /Users/az/anaconda3/envs/python38/lib/python3.8/site-packages/airflow/example_dags/example_nested_branch_dag.py
[2023-11-09T19:40:45.363-0500] {processor.py:839} INFO - DAG(s) dict_keys(['example_nested_branch_dag']) retrieved from /Users/az/anaconda3/envs/python38/lib/python3.8/site-packages/airflow/example_dags/example_nested_branch_dag.py
[2023-11-09T19:40:45.471-0500] {logging_mixin.py:154} INFO - [2023-11-09T19:40:45.471-0500] {dag.py:2941} INFO - Sync 1 DAGs
[2023-11-09T19:40:45.482-0500] {logging_mixin.py:154} INFO - [2023-11-09T19:40:45.482-0500] {dag.py:3722} INFO - Setting next_dagrun for example_nested_branch_dag to 2023-11-09T00:00:00+00:00, run_after=2023-11-10T00:00:00+00:00
[2023-11-09T19:40:45.492-0500] {processor.py:179} INFO - Processing /Users/az/anaconda3/envs/python38/lib/python3.8/site-packages/airflow/example_dags/example_nested_branch_dag.py took 0.168 seconds
[2023-11-09T19:43:02.357-0500] {processor.py:157} INFO - Started process (PID=54124) to work on /Users/az/anaconda3/envs/python38/lib/python3.8/site-packages/airflow/example_dags/example_nested_branch_dag.py
[2023-11-09T19:43:02.362-0500] {processor.py:829} INFO - Processing file /Users/az/anaconda3/envs/python38/lib/python3.8/site-packages/airflow/example_dags/example_nested_branch_dag.py for tasks to queue
[2023-11-09T19:43:02.362-0500] {logging_mixin.py:154} INFO - [2023-11-09T19:43:02.362-0500] {dagbag.py:536} INFO - Filling up the DagBag from /Users/az/anaconda3/envs/python38/lib/python3.8/site-packages/airflow/example_dags/example_nested_branch_dag.py
[2023-11-09T19:43:02.396-0500] {processor.py:839} INFO - DAG(s) dict_keys(['example_nested_branch_dag']) retrieved from /Users/az/anaconda3/envs/python38/lib/python3.8/site-packages/airflow/example_dags/example_nested_branch_dag.py
[2023-11-09T19:43:02.499-0500] {logging_mixin.py:154} INFO - [2023-11-09T19:43:02.499-0500] {dag.py:2941} INFO - Sync 1 DAGs
[2023-11-09T19:43:02.510-0500] {logging_mixin.py:154} INFO - [2023-11-09T19:43:02.510-0500] {dag.py:3722} INFO - Setting next_dagrun for example_nested_branch_dag to 2023-11-09T00:00:00+00:00, run_after=2023-11-10T00:00:00+00:00
[2023-11-09T19:43:02.520-0500] {processor.py:179} INFO - Processing /Users/az/anaconda3/envs/python38/lib/python3.8/site-packages/airflow/example_dags/example_nested_branch_dag.py took 0.163 seconds
[2023-11-09T19:45:00.373-0500] {processor.py:157} INFO - Started process (PID=54278) to work on /Users/az/anaconda3/envs/python38/lib/python3.8/site-packages/airflow/example_dags/example_nested_branch_dag.py
[2023-11-09T19:45:00.378-0500] {processor.py:829} INFO - Processing file /Users/az/anaconda3/envs/python38/lib/python3.8/site-packages/airflow/example_dags/example_nested_branch_dag.py for tasks to queue
[2023-11-09T19:45:00.378-0500] {logging_mixin.py:154} INFO - [2023-11-09T19:45:00.378-0500] {dagbag.py:536} INFO - Filling up the DagBag from /Users/az/anaconda3/envs/python38/lib/python3.8/site-packages/airflow/example_dags/example_nested_branch_dag.py
[2023-11-09T19:45:00.413-0500] {processor.py:839} INFO - DAG(s) dict_keys(['example_nested_branch_dag']) retrieved from /Users/az/anaconda3/envs/python38/lib/python3.8/site-packages/airflow/example_dags/example_nested_branch_dag.py
[2023-11-09T19:45:00.515-0500] {logging_mixin.py:154} INFO - [2023-11-09T19:45:00.515-0500] {dag.py:2941} INFO - Sync 1 DAGs
[2023-11-09T19:45:00.526-0500] {logging_mixin.py:154} INFO - [2023-11-09T19:45:00.525-0500] {dag.py:3722} INFO - Setting next_dagrun for example_nested_branch_dag to 2023-11-09T00:00:00+00:00, run_after=2023-11-10T00:00:00+00:00
[2023-11-09T19:45:00.536-0500] {processor.py:179} INFO - Processing /Users/az/anaconda3/envs/python38/lib/python3.8/site-packages/airflow/example_dags/example_nested_branch_dag.py took 0.163 seconds
[2023-11-09T19:46:55.762-0500] {processor.py:157} INFO - Started process (PID=54429) to work on /Users/az/anaconda3/envs/python38/lib/python3.8/site-packages/airflow/example_dags/example_nested_branch_dag.py
[2023-11-09T19:46:55.767-0500] {processor.py:829} INFO - Processing file /Users/az/anaconda3/envs/python38/lib/python3.8/site-packages/airflow/example_dags/example_nested_branch_dag.py for tasks to queue
[2023-11-09T19:46:55.767-0500] {logging_mixin.py:154} INFO - [2023-11-09T19:46:55.767-0500] {dagbag.py:536} INFO - Filling up the DagBag from /Users/az/anaconda3/envs/python38/lib/python3.8/site-packages/airflow/example_dags/example_nested_branch_dag.py
[2023-11-09T19:46:55.801-0500] {processor.py:839} INFO - DAG(s) dict_keys(['example_nested_branch_dag']) retrieved from /Users/az/anaconda3/envs/python38/lib/python3.8/site-packages/airflow/example_dags/example_nested_branch_dag.py
[2023-11-09T19:46:55.905-0500] {logging_mixin.py:154} INFO - [2023-11-09T19:46:55.904-0500] {dag.py:2941} INFO - Sync 1 DAGs
[2023-11-09T19:46:55.915-0500] {logging_mixin.py:154} INFO - [2023-11-09T19:46:55.915-0500] {dag.py:3722} INFO - Setting next_dagrun for example_nested_branch_dag to 2023-11-09T00:00:00+00:00, run_after=2023-11-10T00:00:00+00:00
[2023-11-09T19:46:55.925-0500] {processor.py:179} INFO - Processing /Users/az/anaconda3/envs/python38/lib/python3.8/site-packages/airflow/example_dags/example_nested_branch_dag.py took 0.164 seconds
[2023-11-09T19:48:56.459-0500] {processor.py:157} INFO - Started process (PID=54578) to work on /Users/az/anaconda3/envs/python38/lib/python3.8/site-packages/airflow/example_dags/example_nested_branch_dag.py
[2023-11-09T19:48:56.464-0500] {processor.py:829} INFO - Processing file /Users/az/anaconda3/envs/python38/lib/python3.8/site-packages/airflow/example_dags/example_nested_branch_dag.py for tasks to queue
[2023-11-09T19:48:56.464-0500] {logging_mixin.py:154} INFO - [2023-11-09T19:48:56.464-0500] {dagbag.py:536} INFO - Filling up the DagBag from /Users/az/anaconda3/envs/python38/lib/python3.8/site-packages/airflow/example_dags/example_nested_branch_dag.py
[2023-11-09T19:48:56.498-0500] {processor.py:839} INFO - DAG(s) dict_keys(['example_nested_branch_dag']) retrieved from /Users/az/anaconda3/envs/python38/lib/python3.8/site-packages/airflow/example_dags/example_nested_branch_dag.py
[2023-11-09T19:48:56.600-0500] {logging_mixin.py:154} INFO - [2023-11-09T19:48:56.600-0500] {dag.py:2941} INFO - Sync 1 DAGs
[2023-11-09T19:48:56.611-0500] {logging_mixin.py:154} INFO - [2023-11-09T19:48:56.610-0500] {dag.py:3722} INFO - Setting next_dagrun for example_nested_branch_dag to 2023-11-09T00:00:00+00:00, run_after=2023-11-10T00:00:00+00:00
[2023-11-09T19:48:56.621-0500] {processor.py:179} INFO - Processing /Users/az/anaconda3/envs/python38/lib/python3.8/site-packages/airflow/example_dags/example_nested_branch_dag.py took 0.162 seconds
[2023-11-09T19:50:52.452-0500] {processor.py:157} INFO - Started process (PID=54727) to work on /Users/az/anaconda3/envs/python38/lib/python3.8/site-packages/airflow/example_dags/example_nested_branch_dag.py
[2023-11-09T19:50:52.456-0500] {processor.py:829} INFO - Processing file /Users/az/anaconda3/envs/python38/lib/python3.8/site-packages/airflow/example_dags/example_nested_branch_dag.py for tasks to queue
[2023-11-09T19:50:52.457-0500] {logging_mixin.py:154} INFO - [2023-11-09T19:50:52.457-0500] {dagbag.py:536} INFO - Filling up the DagBag from /Users/az/anaconda3/envs/python38/lib/python3.8/site-packages/airflow/example_dags/example_nested_branch_dag.py
[2023-11-09T19:50:52.491-0500] {processor.py:839} INFO - DAG(s) dict_keys(['example_nested_branch_dag']) retrieved from /Users/az/anaconda3/envs/python38/lib/python3.8/site-packages/airflow/example_dags/example_nested_branch_dag.py
[2023-11-09T19:50:52.594-0500] {logging_mixin.py:154} INFO - [2023-11-09T19:50:52.594-0500] {dag.py:2941} INFO - Sync 1 DAGs
[2023-11-09T19:50:52.605-0500] {logging_mixin.py:154} INFO - [2023-11-09T19:50:52.605-0500] {dag.py:3722} INFO - Setting next_dagrun for example_nested_branch_dag to 2023-11-09T00:00:00+00:00, run_after=2023-11-10T00:00:00+00:00
[2023-11-09T19:50:52.615-0500] {processor.py:179} INFO - Processing /Users/az/anaconda3/envs/python38/lib/python3.8/site-packages/airflow/example_dags/example_nested_branch_dag.py took 0.163 seconds
[2023-11-09T19:52:52.340-0500] {processor.py:157} INFO - Started process (PID=54880) to work on /Users/az/anaconda3/envs/python38/lib/python3.8/site-packages/airflow/example_dags/example_nested_branch_dag.py
[2023-11-09T19:52:52.344-0500] {processor.py:829} INFO - Processing file /Users/az/anaconda3/envs/python38/lib/python3.8/site-packages/airflow/example_dags/example_nested_branch_dag.py for tasks to queue
[2023-11-09T19:52:52.345-0500] {logging_mixin.py:154} INFO - [2023-11-09T19:52:52.344-0500] {dagbag.py:536} INFO - Filling up the DagBag from /Users/az/anaconda3/envs/python38/lib/python3.8/site-packages/airflow/example_dags/example_nested_branch_dag.py
[2023-11-09T19:52:52.378-0500] {processor.py:839} INFO - DAG(s) dict_keys(['example_nested_branch_dag']) retrieved from /Users/az/anaconda3/envs/python38/lib/python3.8/site-packages/airflow/example_dags/example_nested_branch_dag.py
[2023-11-09T19:52:52.484-0500] {logging_mixin.py:154} INFO - [2023-11-09T19:52:52.483-0500] {dag.py:2941} INFO - Sync 1 DAGs
[2023-11-09T19:52:52.494-0500] {logging_mixin.py:154} INFO - [2023-11-09T19:52:52.494-0500] {dag.py:3722} INFO - Setting next_dagrun for example_nested_branch_dag to 2023-11-09T00:00:00+00:00, run_after=2023-11-10T00:00:00+00:00
[2023-11-09T19:52:52.504-0500] {processor.py:179} INFO - Processing /Users/az/anaconda3/envs/python38/lib/python3.8/site-packages/airflow/example_dags/example_nested_branch_dag.py took 0.165 seconds
[2023-11-09T19:54:52.799-0500] {processor.py:157} INFO - Started process (PID=55032) to work on /Users/az/anaconda3/envs/python38/lib/python3.8/site-packages/airflow/example_dags/example_nested_branch_dag.py
[2023-11-09T19:54:52.804-0500] {processor.py:829} INFO - Processing file /Users/az/anaconda3/envs/python38/lib/python3.8/site-packages/airflow/example_dags/example_nested_branch_dag.py for tasks to queue
[2023-11-09T19:54:52.804-0500] {logging_mixin.py:154} INFO - [2023-11-09T19:54:52.804-0500] {dagbag.py:536} INFO - Filling up the DagBag from /Users/az/anaconda3/envs/python38/lib/python3.8/site-packages/airflow/example_dags/example_nested_branch_dag.py
[2023-11-09T19:54:52.838-0500] {processor.py:839} INFO - DAG(s) dict_keys(['example_nested_branch_dag']) retrieved from /Users/az/anaconda3/envs/python38/lib/python3.8/site-packages/airflow/example_dags/example_nested_branch_dag.py
[2023-11-09T19:54:52.941-0500] {logging_mixin.py:154} INFO - [2023-11-09T19:54:52.940-0500] {dag.py:2941} INFO - Sync 1 DAGs
[2023-11-09T19:54:52.951-0500] {logging_mixin.py:154} INFO - [2023-11-09T19:54:52.951-0500] {dag.py:3722} INFO - Setting next_dagrun for example_nested_branch_dag to 2023-11-09T00:00:00+00:00, run_after=2023-11-10T00:00:00+00:00
[2023-11-09T19:54:52.961-0500] {processor.py:179} INFO - Processing /Users/az/anaconda3/envs/python38/lib/python3.8/site-packages/airflow/example_dags/example_nested_branch_dag.py took 0.162 seconds
[2023-11-09T19:56:50.720-0500] {processor.py:157} INFO - Started process (PID=55185) to work on /Users/az/anaconda3/envs/python38/lib/python3.8/site-packages/airflow/example_dags/example_nested_branch_dag.py
[2023-11-09T19:56:50.725-0500] {processor.py:829} INFO - Processing file /Users/az/anaconda3/envs/python38/lib/python3.8/site-packages/airflow/example_dags/example_nested_branch_dag.py for tasks to queue
[2023-11-09T19:56:50.725-0500] {logging_mixin.py:154} INFO - [2023-11-09T19:56:50.725-0500] {dagbag.py:536} INFO - Filling up the DagBag from /Users/az/anaconda3/envs/python38/lib/python3.8/site-packages/airflow/example_dags/example_nested_branch_dag.py
[2023-11-09T19:56:50.759-0500] {processor.py:839} INFO - DAG(s) dict_keys(['example_nested_branch_dag']) retrieved from /Users/az/anaconda3/envs/python38/lib/python3.8/site-packages/airflow/example_dags/example_nested_branch_dag.py
[2023-11-09T19:56:50.862-0500] {logging_mixin.py:154} INFO - [2023-11-09T19:56:50.862-0500] {dag.py:2941} INFO - Sync 1 DAGs
[2023-11-09T19:56:50.872-0500] {logging_mixin.py:154} INFO - [2023-11-09T19:56:50.872-0500] {dag.py:3722} INFO - Setting next_dagrun for example_nested_branch_dag to 2023-11-09T00:00:00+00:00, run_after=2023-11-10T00:00:00+00:00
[2023-11-09T19:56:50.882-0500] {processor.py:179} INFO - Processing /Users/az/anaconda3/envs/python38/lib/python3.8/site-packages/airflow/example_dags/example_nested_branch_dag.py took 0.163 seconds
[2023-11-09T19:58:50.974-0500] {processor.py:157} INFO - Started process (PID=55342) to work on /Users/az/anaconda3/envs/python38/lib/python3.8/site-packages/airflow/example_dags/example_nested_branch_dag.py
[2023-11-09T19:58:50.979-0500] {processor.py:829} INFO - Processing file /Users/az/anaconda3/envs/python38/lib/python3.8/site-packages/airflow/example_dags/example_nested_branch_dag.py for tasks to queue
[2023-11-09T19:58:50.979-0500] {logging_mixin.py:154} INFO - [2023-11-09T19:58:50.979-0500] {dagbag.py:536} INFO - Filling up the DagBag from /Users/az/anaconda3/envs/python38/lib/python3.8/site-packages/airflow/example_dags/example_nested_branch_dag.py
[2023-11-09T19:58:51.013-0500] {processor.py:839} INFO - DAG(s) dict_keys(['example_nested_branch_dag']) retrieved from /Users/az/anaconda3/envs/python38/lib/python3.8/site-packages/airflow/example_dags/example_nested_branch_dag.py
[2023-11-09T19:58:51.118-0500] {logging_mixin.py:154} INFO - [2023-11-09T19:58:51.118-0500] {dag.py:2941} INFO - Sync 1 DAGs
[2023-11-09T19:58:51.129-0500] {logging_mixin.py:154} INFO - [2023-11-09T19:58:51.129-0500] {dag.py:3722} INFO - Setting next_dagrun for example_nested_branch_dag to 2023-11-09T00:00:00+00:00, run_after=2023-11-10T00:00:00+00:00
[2023-11-09T19:58:51.139-0500] {processor.py:179} INFO - Processing /Users/az/anaconda3/envs/python38/lib/python3.8/site-packages/airflow/example_dags/example_nested_branch_dag.py took 0.166 seconds
[2023-11-09T20:00:51.711-0500] {processor.py:157} INFO - Started process (PID=55494) to work on /Users/az/anaconda3/envs/python38/lib/python3.8/site-packages/airflow/example_dags/example_nested_branch_dag.py
[2023-11-09T20:00:51.716-0500] {processor.py:829} INFO - Processing file /Users/az/anaconda3/envs/python38/lib/python3.8/site-packages/airflow/example_dags/example_nested_branch_dag.py for tasks to queue
[2023-11-09T20:00:51.716-0500] {logging_mixin.py:154} INFO - [2023-11-09T20:00:51.716-0500] {dagbag.py:536} INFO - Filling up the DagBag from /Users/az/anaconda3/envs/python38/lib/python3.8/site-packages/airflow/example_dags/example_nested_branch_dag.py
[2023-11-09T20:00:51.750-0500] {processor.py:839} INFO - DAG(s) dict_keys(['example_nested_branch_dag']) retrieved from /Users/az/anaconda3/envs/python38/lib/python3.8/site-packages/airflow/example_dags/example_nested_branch_dag.py
[2023-11-09T20:00:51.856-0500] {logging_mixin.py:154} INFO - [2023-11-09T20:00:51.856-0500] {dag.py:2941} INFO - Sync 1 DAGs
[2023-11-09T20:00:51.867-0500] {logging_mixin.py:154} INFO - [2023-11-09T20:00:51.867-0500] {dag.py:3722} INFO - Setting next_dagrun for example_nested_branch_dag to 2023-11-09T00:00:00+00:00, run_after=2023-11-10T00:00:00+00:00
[2023-11-09T20:00:51.877-0500] {processor.py:179} INFO - Processing /Users/az/anaconda3/envs/python38/lib/python3.8/site-packages/airflow/example_dags/example_nested_branch_dag.py took 0.166 seconds
[2023-11-09T20:02:54.193-0500] {processor.py:157} INFO - Started process (PID=55662) to work on /Users/az/anaconda3/envs/python38/lib/python3.8/site-packages/airflow/example_dags/example_nested_branch_dag.py
[2023-11-09T20:02:54.197-0500] {processor.py:829} INFO - Processing file /Users/az/anaconda3/envs/python38/lib/python3.8/site-packages/airflow/example_dags/example_nested_branch_dag.py for tasks to queue
[2023-11-09T20:02:54.198-0500] {logging_mixin.py:154} INFO - [2023-11-09T20:02:54.198-0500] {dagbag.py:536} INFO - Filling up the DagBag from /Users/az/anaconda3/envs/python38/lib/python3.8/site-packages/airflow/example_dags/example_nested_branch_dag.py
[2023-11-09T20:02:54.234-0500] {processor.py:839} INFO - DAG(s) dict_keys(['example_nested_branch_dag']) retrieved from /Users/az/anaconda3/envs/python38/lib/python3.8/site-packages/airflow/example_dags/example_nested_branch_dag.py
[2023-11-09T20:02:54.339-0500] {logging_mixin.py:154} INFO - [2023-11-09T20:02:54.339-0500] {dag.py:2941} INFO - Sync 1 DAGs
[2023-11-09T20:02:54.350-0500] {logging_mixin.py:154} INFO - [2023-11-09T20:02:54.349-0500] {dag.py:3722} INFO - Setting next_dagrun for example_nested_branch_dag to 2023-11-09T00:00:00+00:00, run_after=2023-11-10T00:00:00+00:00
[2023-11-09T20:02:54.360-0500] {processor.py:179} INFO - Processing /Users/az/anaconda3/envs/python38/lib/python3.8/site-packages/airflow/example_dags/example_nested_branch_dag.py took 0.168 seconds
[2023-11-09T20:04:54.783-0500] {processor.py:157} INFO - Started process (PID=55817) to work on /Users/az/anaconda3/envs/python38/lib/python3.8/site-packages/airflow/example_dags/example_nested_branch_dag.py
[2023-11-09T20:04:54.788-0500] {processor.py:829} INFO - Processing file /Users/az/anaconda3/envs/python38/lib/python3.8/site-packages/airflow/example_dags/example_nested_branch_dag.py for tasks to queue
[2023-11-09T20:04:54.788-0500] {logging_mixin.py:154} INFO - [2023-11-09T20:04:54.788-0500] {dagbag.py:536} INFO - Filling up the DagBag from /Users/az/anaconda3/envs/python38/lib/python3.8/site-packages/airflow/example_dags/example_nested_branch_dag.py
[2023-11-09T20:04:54.823-0500] {processor.py:839} INFO - DAG(s) dict_keys(['example_nested_branch_dag']) retrieved from /Users/az/anaconda3/envs/python38/lib/python3.8/site-packages/airflow/example_dags/example_nested_branch_dag.py
[2023-11-09T20:04:54.939-0500] {logging_mixin.py:154} INFO - [2023-11-09T20:04:54.939-0500] {dag.py:2941} INFO - Sync 1 DAGs
[2023-11-09T20:04:54.949-0500] {logging_mixin.py:154} INFO - [2023-11-09T20:04:54.949-0500] {dag.py:3722} INFO - Setting next_dagrun for example_nested_branch_dag to 2023-11-09T00:00:00+00:00, run_after=2023-11-10T00:00:00+00:00
[2023-11-09T20:04:54.959-0500] {processor.py:179} INFO - Processing /Users/az/anaconda3/envs/python38/lib/python3.8/site-packages/airflow/example_dags/example_nested_branch_dag.py took 0.176 seconds
[2023-11-09T20:06:50.640-0500] {processor.py:157} INFO - Started process (PID=55982) to work on /Users/az/anaconda3/envs/python38/lib/python3.8/site-packages/airflow/example_dags/example_nested_branch_dag.py
[2023-11-09T20:06:50.645-0500] {processor.py:829} INFO - Processing file /Users/az/anaconda3/envs/python38/lib/python3.8/site-packages/airflow/example_dags/example_nested_branch_dag.py for tasks to queue
[2023-11-09T20:06:50.645-0500] {logging_mixin.py:154} INFO - [2023-11-09T20:06:50.645-0500] {dagbag.py:536} INFO - Filling up the DagBag from /Users/az/anaconda3/envs/python38/lib/python3.8/site-packages/airflow/example_dags/example_nested_branch_dag.py
[2023-11-09T20:06:50.679-0500] {processor.py:839} INFO - DAG(s) dict_keys(['example_nested_branch_dag']) retrieved from /Users/az/anaconda3/envs/python38/lib/python3.8/site-packages/airflow/example_dags/example_nested_branch_dag.py
[2023-11-09T20:06:50.782-0500] {logging_mixin.py:154} INFO - [2023-11-09T20:06:50.782-0500] {dag.py:2941} INFO - Sync 1 DAGs
[2023-11-09T20:06:50.792-0500] {logging_mixin.py:154} INFO - [2023-11-09T20:06:50.792-0500] {dag.py:3722} INFO - Setting next_dagrun for example_nested_branch_dag to 2023-11-09T00:00:00+00:00, run_after=2023-11-10T00:00:00+00:00
[2023-11-09T20:06:50.802-0500] {processor.py:179} INFO - Processing /Users/az/anaconda3/envs/python38/lib/python3.8/site-packages/airflow/example_dags/example_nested_branch_dag.py took 0.163 seconds
[2023-11-09T20:08:50.287-0500] {processor.py:157} INFO - Started process (PID=56133) to work on /Users/az/anaconda3/envs/python38/lib/python3.8/site-packages/airflow/example_dags/example_nested_branch_dag.py
[2023-11-09T20:08:50.291-0500] {processor.py:829} INFO - Processing file /Users/az/anaconda3/envs/python38/lib/python3.8/site-packages/airflow/example_dags/example_nested_branch_dag.py for tasks to queue
[2023-11-09T20:08:50.292-0500] {logging_mixin.py:154} INFO - [2023-11-09T20:08:50.292-0500] {dagbag.py:536} INFO - Filling up the DagBag from /Users/az/anaconda3/envs/python38/lib/python3.8/site-packages/airflow/example_dags/example_nested_branch_dag.py
[2023-11-09T20:08:50.325-0500] {processor.py:839} INFO - DAG(s) dict_keys(['example_nested_branch_dag']) retrieved from /Users/az/anaconda3/envs/python38/lib/python3.8/site-packages/airflow/example_dags/example_nested_branch_dag.py
[2023-11-09T20:08:50.428-0500] {logging_mixin.py:154} INFO - [2023-11-09T20:08:50.428-0500] {dag.py:2941} INFO - Sync 1 DAGs
[2023-11-09T20:08:50.438-0500] {logging_mixin.py:154} INFO - [2023-11-09T20:08:50.438-0500] {dag.py:3722} INFO - Setting next_dagrun for example_nested_branch_dag to 2023-11-09T00:00:00+00:00, run_after=2023-11-10T00:00:00+00:00
[2023-11-09T20:08:50.448-0500] {processor.py:179} INFO - Processing /Users/az/anaconda3/envs/python38/lib/python3.8/site-packages/airflow/example_dags/example_nested_branch_dag.py took 0.162 seconds
[2023-11-09T20:10:47.175-0500] {processor.py:157} INFO - Started process (PID=56298) to work on /Users/az/anaconda3/envs/python38/lib/python3.8/site-packages/airflow/example_dags/example_nested_branch_dag.py
[2023-11-09T20:10:47.179-0500] {processor.py:829} INFO - Processing file /Users/az/anaconda3/envs/python38/lib/python3.8/site-packages/airflow/example_dags/example_nested_branch_dag.py for tasks to queue
[2023-11-09T20:10:47.179-0500] {logging_mixin.py:154} INFO - [2023-11-09T20:10:47.179-0500] {dagbag.py:536} INFO - Filling up the DagBag from /Users/az/anaconda3/envs/python38/lib/python3.8/site-packages/airflow/example_dags/example_nested_branch_dag.py
[2023-11-09T20:10:47.213-0500] {processor.py:839} INFO - DAG(s) dict_keys(['example_nested_branch_dag']) retrieved from /Users/az/anaconda3/envs/python38/lib/python3.8/site-packages/airflow/example_dags/example_nested_branch_dag.py
[2023-11-09T20:10:47.318-0500] {logging_mixin.py:154} INFO - [2023-11-09T20:10:47.318-0500] {dag.py:2941} INFO - Sync 1 DAGs
[2023-11-09T20:10:47.328-0500] {logging_mixin.py:154} INFO - [2023-11-09T20:10:47.328-0500] {dag.py:3722} INFO - Setting next_dagrun for example_nested_branch_dag to 2023-11-09T00:00:00+00:00, run_after=2023-11-10T00:00:00+00:00
[2023-11-09T20:10:47.338-0500] {processor.py:179} INFO - Processing /Users/az/anaconda3/envs/python38/lib/python3.8/site-packages/airflow/example_dags/example_nested_branch_dag.py took 0.164 seconds
[2023-11-09T20:12:44.906-0500] {processor.py:157} INFO - Started process (PID=56464) to work on /Users/az/anaconda3/envs/python38/lib/python3.8/site-packages/airflow/example_dags/example_nested_branch_dag.py
[2023-11-09T20:12:44.910-0500] {processor.py:829} INFO - Processing file /Users/az/anaconda3/envs/python38/lib/python3.8/site-packages/airflow/example_dags/example_nested_branch_dag.py for tasks to queue
[2023-11-09T20:12:44.910-0500] {logging_mixin.py:154} INFO - [2023-11-09T20:12:44.910-0500] {dagbag.py:536} INFO - Filling up the DagBag from /Users/az/anaconda3/envs/python38/lib/python3.8/site-packages/airflow/example_dags/example_nested_branch_dag.py
[2023-11-09T20:12:44.943-0500] {processor.py:839} INFO - DAG(s) dict_keys(['example_nested_branch_dag']) retrieved from /Users/az/anaconda3/envs/python38/lib/python3.8/site-packages/airflow/example_dags/example_nested_branch_dag.py
[2023-11-09T20:12:45.045-0500] {logging_mixin.py:154} INFO - [2023-11-09T20:12:45.045-0500] {dag.py:2941} INFO - Sync 1 DAGs
[2023-11-09T20:12:45.055-0500] {logging_mixin.py:154} INFO - [2023-11-09T20:12:45.055-0500] {dag.py:3722} INFO - Setting next_dagrun for example_nested_branch_dag to 2023-11-09T00:00:00+00:00, run_after=2023-11-10T00:00:00+00:00
[2023-11-09T20:12:45.065-0500] {processor.py:179} INFO - Processing /Users/az/anaconda3/envs/python38/lib/python3.8/site-packages/airflow/example_dags/example_nested_branch_dag.py took 0.160 seconds
[2023-11-09T20:14:46.186-0500] {processor.py:157} INFO - Started process (PID=56634) to work on /Users/az/anaconda3/envs/python38/lib/python3.8/site-packages/airflow/example_dags/example_nested_branch_dag.py
[2023-11-09T20:14:46.191-0500] {processor.py:829} INFO - Processing file /Users/az/anaconda3/envs/python38/lib/python3.8/site-packages/airflow/example_dags/example_nested_branch_dag.py for tasks to queue
[2023-11-09T20:14:46.191-0500] {logging_mixin.py:154} INFO - [2023-11-09T20:14:46.191-0500] {dagbag.py:536} INFO - Filling up the DagBag from /Users/az/anaconda3/envs/python38/lib/python3.8/site-packages/airflow/example_dags/example_nested_branch_dag.py
[2023-11-09T20:14:46.225-0500] {processor.py:839} INFO - DAG(s) dict_keys(['example_nested_branch_dag']) retrieved from /Users/az/anaconda3/envs/python38/lib/python3.8/site-packages/airflow/example_dags/example_nested_branch_dag.py
[2023-11-09T20:14:46.328-0500] {logging_mixin.py:154} INFO - [2023-11-09T20:14:46.327-0500] {dag.py:2941} INFO - Sync 1 DAGs
[2023-11-09T20:14:46.338-0500] {logging_mixin.py:154} INFO - [2023-11-09T20:14:46.338-0500] {dag.py:3722} INFO - Setting next_dagrun for example_nested_branch_dag to 2023-11-09T00:00:00+00:00, run_after=2023-11-10T00:00:00+00:00
[2023-11-09T20:14:46.348-0500] {processor.py:179} INFO - Processing /Users/az/anaconda3/envs/python38/lib/python3.8/site-packages/airflow/example_dags/example_nested_branch_dag.py took 0.163 seconds
[2023-11-09T20:16:43.565-0500] {processor.py:157} INFO - Started process (PID=56783) to work on /Users/az/anaconda3/envs/python38/lib/python3.8/site-packages/airflow/example_dags/example_nested_branch_dag.py
[2023-11-09T20:16:43.570-0500] {processor.py:829} INFO - Processing file /Users/az/anaconda3/envs/python38/lib/python3.8/site-packages/airflow/example_dags/example_nested_branch_dag.py for tasks to queue
[2023-11-09T20:16:43.570-0500] {logging_mixin.py:154} INFO - [2023-11-09T20:16:43.570-0500] {dagbag.py:536} INFO - Filling up the DagBag from /Users/az/anaconda3/envs/python38/lib/python3.8/site-packages/airflow/example_dags/example_nested_branch_dag.py
[2023-11-09T20:16:43.604-0500] {processor.py:839} INFO - DAG(s) dict_keys(['example_nested_branch_dag']) retrieved from /Users/az/anaconda3/envs/python38/lib/python3.8/site-packages/airflow/example_dags/example_nested_branch_dag.py
[2023-11-09T20:16:43.707-0500] {logging_mixin.py:154} INFO - [2023-11-09T20:16:43.707-0500] {dag.py:2941} INFO - Sync 1 DAGs
[2023-11-09T20:16:43.718-0500] {logging_mixin.py:154} INFO - [2023-11-09T20:16:43.718-0500] {dag.py:3722} INFO - Setting next_dagrun for example_nested_branch_dag to 2023-11-09T00:00:00+00:00, run_after=2023-11-10T00:00:00+00:00
[2023-11-09T20:16:43.728-0500] {processor.py:179} INFO - Processing /Users/az/anaconda3/envs/python38/lib/python3.8/site-packages/airflow/example_dags/example_nested_branch_dag.py took 0.163 seconds
[2023-11-09T20:18:42.413-0500] {processor.py:157} INFO - Started process (PID=56931) to work on /Users/az/anaconda3/envs/python38/lib/python3.8/site-packages/airflow/example_dags/example_nested_branch_dag.py
[2023-11-09T20:18:42.417-0500] {processor.py:829} INFO - Processing file /Users/az/anaconda3/envs/python38/lib/python3.8/site-packages/airflow/example_dags/example_nested_branch_dag.py for tasks to queue
[2023-11-09T20:18:42.418-0500] {logging_mixin.py:154} INFO - [2023-11-09T20:18:42.418-0500] {dagbag.py:536} INFO - Filling up the DagBag from /Users/az/anaconda3/envs/python38/lib/python3.8/site-packages/airflow/example_dags/example_nested_branch_dag.py
[2023-11-09T20:18:42.451-0500] {processor.py:839} INFO - DAG(s) dict_keys(['example_nested_branch_dag']) retrieved from /Users/az/anaconda3/envs/python38/lib/python3.8/site-packages/airflow/example_dags/example_nested_branch_dag.py
[2023-11-09T20:18:42.555-0500] {logging_mixin.py:154} INFO - [2023-11-09T20:18:42.555-0500] {dag.py:2941} INFO - Sync 1 DAGs
[2023-11-09T20:18:42.565-0500] {logging_mixin.py:154} INFO - [2023-11-09T20:18:42.565-0500] {dag.py:3722} INFO - Setting next_dagrun for example_nested_branch_dag to 2023-11-09T00:00:00+00:00, run_after=2023-11-10T00:00:00+00:00
[2023-11-09T20:18:42.575-0500] {processor.py:179} INFO - Processing /Users/az/anaconda3/envs/python38/lib/python3.8/site-packages/airflow/example_dags/example_nested_branch_dag.py took 0.162 seconds
[2023-11-09T20:20:41.567-0500] {processor.py:157} INFO - Started process (PID=57079) to work on /Users/az/anaconda3/envs/python38/lib/python3.8/site-packages/airflow/example_dags/example_nested_branch_dag.py
[2023-11-09T20:20:41.571-0500] {processor.py:829} INFO - Processing file /Users/az/anaconda3/envs/python38/lib/python3.8/site-packages/airflow/example_dags/example_nested_branch_dag.py for tasks to queue
[2023-11-09T20:20:41.571-0500] {logging_mixin.py:154} INFO - [2023-11-09T20:20:41.571-0500] {dagbag.py:536} INFO - Filling up the DagBag from /Users/az/anaconda3/envs/python38/lib/python3.8/site-packages/airflow/example_dags/example_nested_branch_dag.py
[2023-11-09T20:20:41.605-0500] {processor.py:839} INFO - DAG(s) dict_keys(['example_nested_branch_dag']) retrieved from /Users/az/anaconda3/envs/python38/lib/python3.8/site-packages/airflow/example_dags/example_nested_branch_dag.py
[2023-11-09T20:20:41.708-0500] {logging_mixin.py:154} INFO - [2023-11-09T20:20:41.708-0500] {dag.py:2941} INFO - Sync 1 DAGs
[2023-11-09T20:20:41.718-0500] {logging_mixin.py:154} INFO - [2023-11-09T20:20:41.718-0500] {dag.py:3722} INFO - Setting next_dagrun for example_nested_branch_dag to 2023-11-09T00:00:00+00:00, run_after=2023-11-10T00:00:00+00:00
[2023-11-09T20:20:41.728-0500] {processor.py:179} INFO - Processing /Users/az/anaconda3/envs/python38/lib/python3.8/site-packages/airflow/example_dags/example_nested_branch_dag.py took 0.161 seconds
[2023-11-09T20:22:42.538-0500] {processor.py:157} INFO - Started process (PID=57241) to work on /Users/az/anaconda3/envs/python38/lib/python3.8/site-packages/airflow/example_dags/example_nested_branch_dag.py
[2023-11-09T20:22:42.543-0500] {processor.py:829} INFO - Processing file /Users/az/anaconda3/envs/python38/lib/python3.8/site-packages/airflow/example_dags/example_nested_branch_dag.py for tasks to queue
[2023-11-09T20:22:42.543-0500] {logging_mixin.py:154} INFO - [2023-11-09T20:22:42.543-0500] {dagbag.py:536} INFO - Filling up the DagBag from /Users/az/anaconda3/envs/python38/lib/python3.8/site-packages/airflow/example_dags/example_nested_branch_dag.py
[2023-11-09T20:22:42.577-0500] {processor.py:839} INFO - DAG(s) dict_keys(['example_nested_branch_dag']) retrieved from /Users/az/anaconda3/envs/python38/lib/python3.8/site-packages/airflow/example_dags/example_nested_branch_dag.py
[2023-11-09T20:22:42.680-0500] {logging_mixin.py:154} INFO - [2023-11-09T20:22:42.680-0500] {dag.py:2941} INFO - Sync 1 DAGs
[2023-11-09T20:22:42.690-0500] {logging_mixin.py:154} INFO - [2023-11-09T20:22:42.690-0500] {dag.py:3722} INFO - Setting next_dagrun for example_nested_branch_dag to 2023-11-09T00:00:00+00:00, run_after=2023-11-10T00:00:00+00:00
[2023-11-09T20:22:42.701-0500] {processor.py:179} INFO - Processing /Users/az/anaconda3/envs/python38/lib/python3.8/site-packages/airflow/example_dags/example_nested_branch_dag.py took 0.162 seconds
[2023-11-09T20:24:41.332-0500] {processor.py:157} INFO - Started process (PID=57391) to work on /Users/az/anaconda3/envs/python38/lib/python3.8/site-packages/airflow/example_dags/example_nested_branch_dag.py
[2023-11-09T20:24:41.337-0500] {processor.py:829} INFO - Processing file /Users/az/anaconda3/envs/python38/lib/python3.8/site-packages/airflow/example_dags/example_nested_branch_dag.py for tasks to queue
[2023-11-09T20:24:41.337-0500] {logging_mixin.py:154} INFO - [2023-11-09T20:24:41.337-0500] {dagbag.py:536} INFO - Filling up the DagBag from /Users/az/anaconda3/envs/python38/lib/python3.8/site-packages/airflow/example_dags/example_nested_branch_dag.py
[2023-11-09T20:24:41.371-0500] {processor.py:839} INFO - DAG(s) dict_keys(['example_nested_branch_dag']) retrieved from /Users/az/anaconda3/envs/python38/lib/python3.8/site-packages/airflow/example_dags/example_nested_branch_dag.py
[2023-11-09T20:24:41.474-0500] {logging_mixin.py:154} INFO - [2023-11-09T20:24:41.474-0500] {dag.py:2941} INFO - Sync 1 DAGs
[2023-11-09T20:24:41.485-0500] {logging_mixin.py:154} INFO - [2023-11-09T20:24:41.485-0500] {dag.py:3722} INFO - Setting next_dagrun for example_nested_branch_dag to 2023-11-09T00:00:00+00:00, run_after=2023-11-10T00:00:00+00:00
[2023-11-09T20:24:41.495-0500] {processor.py:179} INFO - Processing /Users/az/anaconda3/envs/python38/lib/python3.8/site-packages/airflow/example_dags/example_nested_branch_dag.py took 0.163 seconds
[2023-11-09T20:26:38.367-0500] {processor.py:157} INFO - Started process (PID=57541) to work on /Users/az/anaconda3/envs/python38/lib/python3.8/site-packages/airflow/example_dags/example_nested_branch_dag.py
[2023-11-09T20:26:38.372-0500] {processor.py:829} INFO - Processing file /Users/az/anaconda3/envs/python38/lib/python3.8/site-packages/airflow/example_dags/example_nested_branch_dag.py for tasks to queue
[2023-11-09T20:26:38.372-0500] {logging_mixin.py:154} INFO - [2023-11-09T20:26:38.372-0500] {dagbag.py:536} INFO - Filling up the DagBag from /Users/az/anaconda3/envs/python38/lib/python3.8/site-packages/airflow/example_dags/example_nested_branch_dag.py
[2023-11-09T20:26:38.406-0500] {processor.py:839} INFO - DAG(s) dict_keys(['example_nested_branch_dag']) retrieved from /Users/az/anaconda3/envs/python38/lib/python3.8/site-packages/airflow/example_dags/example_nested_branch_dag.py
[2023-11-09T20:26:38.509-0500] {logging_mixin.py:154} INFO - [2023-11-09T20:26:38.508-0500] {dag.py:2941} INFO - Sync 1 DAGs
[2023-11-09T20:26:38.519-0500] {logging_mixin.py:154} INFO - [2023-11-09T20:26:38.519-0500] {dag.py:3722} INFO - Setting next_dagrun for example_nested_branch_dag to 2023-11-09T00:00:00+00:00, run_after=2023-11-10T00:00:00+00:00
[2023-11-09T20:26:38.529-0500] {processor.py:179} INFO - Processing /Users/az/anaconda3/envs/python38/lib/python3.8/site-packages/airflow/example_dags/example_nested_branch_dag.py took 0.163 seconds
[2023-11-09T20:46:06.181-0500] {processor.py:157} INFO - Started process (PID=57747) to work on /Users/az/anaconda3/envs/python38/lib/python3.8/site-packages/airflow/example_dags/example_nested_branch_dag.py
[2023-11-09T20:46:06.186-0500] {processor.py:829} INFO - Processing file /Users/az/anaconda3/envs/python38/lib/python3.8/site-packages/airflow/example_dags/example_nested_branch_dag.py for tasks to queue
[2023-11-09T20:46:06.186-0500] {logging_mixin.py:154} INFO - [2023-11-09T20:46:06.186-0500] {dagbag.py:536} INFO - Filling up the DagBag from /Users/az/anaconda3/envs/python38/lib/python3.8/site-packages/airflow/example_dags/example_nested_branch_dag.py
[2023-11-09T20:46:06.220-0500] {processor.py:839} INFO - DAG(s) dict_keys(['example_nested_branch_dag']) retrieved from /Users/az/anaconda3/envs/python38/lib/python3.8/site-packages/airflow/example_dags/example_nested_branch_dag.py
[2023-11-09T20:46:06.324-0500] {logging_mixin.py:154} INFO - [2023-11-09T20:46:06.323-0500] {dag.py:2941} INFO - Sync 1 DAGs
[2023-11-09T20:46:06.334-0500] {logging_mixin.py:154} INFO - [2023-11-09T20:46:06.334-0500] {dag.py:3722} INFO - Setting next_dagrun for example_nested_branch_dag to 2023-11-09T00:00:00+00:00, run_after=2023-11-10T00:00:00+00:00
[2023-11-09T20:46:06.345-0500] {processor.py:179} INFO - Processing /Users/az/anaconda3/envs/python38/lib/python3.8/site-packages/airflow/example_dags/example_nested_branch_dag.py took 0.164 seconds
[2023-11-09T20:48:04.840-0500] {processor.py:157} INFO - Started process (PID=57919) to work on /Users/az/anaconda3/envs/python38/lib/python3.8/site-packages/airflow/example_dags/example_nested_branch_dag.py
[2023-11-09T20:48:04.845-0500] {processor.py:829} INFO - Processing file /Users/az/anaconda3/envs/python38/lib/python3.8/site-packages/airflow/example_dags/example_nested_branch_dag.py for tasks to queue
[2023-11-09T20:48:04.845-0500] {logging_mixin.py:154} INFO - [2023-11-09T20:48:04.845-0500] {dagbag.py:536} INFO - Filling up the DagBag from /Users/az/anaconda3/envs/python38/lib/python3.8/site-packages/airflow/example_dags/example_nested_branch_dag.py
[2023-11-09T20:48:04.879-0500] {processor.py:839} INFO - DAG(s) dict_keys(['example_nested_branch_dag']) retrieved from /Users/az/anaconda3/envs/python38/lib/python3.8/site-packages/airflow/example_dags/example_nested_branch_dag.py
[2023-11-09T20:48:04.982-0500] {logging_mixin.py:154} INFO - [2023-11-09T20:48:04.981-0500] {dag.py:2941} INFO - Sync 1 DAGs
[2023-11-09T20:48:04.992-0500] {logging_mixin.py:154} INFO - [2023-11-09T20:48:04.992-0500] {dag.py:3722} INFO - Setting next_dagrun for example_nested_branch_dag to 2023-11-09T00:00:00+00:00, run_after=2023-11-10T00:00:00+00:00
[2023-11-09T20:48:05.002-0500] {processor.py:179} INFO - Processing /Users/az/anaconda3/envs/python38/lib/python3.8/site-packages/airflow/example_dags/example_nested_branch_dag.py took 0.163 seconds
[2023-11-09T20:50:03.351-0500] {processor.py:157} INFO - Started process (PID=58070) to work on /Users/az/anaconda3/envs/python38/lib/python3.8/site-packages/airflow/example_dags/example_nested_branch_dag.py
[2023-11-09T20:50:03.356-0500] {processor.py:829} INFO - Processing file /Users/az/anaconda3/envs/python38/lib/python3.8/site-packages/airflow/example_dags/example_nested_branch_dag.py for tasks to queue
[2023-11-09T20:50:03.356-0500] {logging_mixin.py:154} INFO - [2023-11-09T20:50:03.356-0500] {dagbag.py:536} INFO - Filling up the DagBag from /Users/az/anaconda3/envs/python38/lib/python3.8/site-packages/airflow/example_dags/example_nested_branch_dag.py
[2023-11-09T20:50:03.390-0500] {processor.py:839} INFO - DAG(s) dict_keys(['example_nested_branch_dag']) retrieved from /Users/az/anaconda3/envs/python38/lib/python3.8/site-packages/airflow/example_dags/example_nested_branch_dag.py
[2023-11-09T20:50:03.493-0500] {logging_mixin.py:154} INFO - [2023-11-09T20:50:03.493-0500] {dag.py:2941} INFO - Sync 1 DAGs
[2023-11-09T20:50:03.504-0500] {logging_mixin.py:154} INFO - [2023-11-09T20:50:03.504-0500] {dag.py:3722} INFO - Setting next_dagrun for example_nested_branch_dag to 2023-11-09T00:00:00+00:00, run_after=2023-11-10T00:00:00+00:00
[2023-11-09T20:50:03.514-0500] {processor.py:179} INFO - Processing /Users/az/anaconda3/envs/python38/lib/python3.8/site-packages/airflow/example_dags/example_nested_branch_dag.py took 0.164 seconds
[2023-11-09T20:52:09.326-0500] {processor.py:157} INFO - Started process (PID=58227) to work on /Users/az/anaconda3/envs/python38/lib/python3.8/site-packages/airflow/example_dags/example_nested_branch_dag.py
[2023-11-09T20:52:09.330-0500] {processor.py:829} INFO - Processing file /Users/az/anaconda3/envs/python38/lib/python3.8/site-packages/airflow/example_dags/example_nested_branch_dag.py for tasks to queue
[2023-11-09T20:52:09.330-0500] {logging_mixin.py:154} INFO - [2023-11-09T20:52:09.330-0500] {dagbag.py:536} INFO - Filling up the DagBag from /Users/az/anaconda3/envs/python38/lib/python3.8/site-packages/airflow/example_dags/example_nested_branch_dag.py
[2023-11-09T20:52:09.365-0500] {processor.py:839} INFO - DAG(s) dict_keys(['example_nested_branch_dag']) retrieved from /Users/az/anaconda3/envs/python38/lib/python3.8/site-packages/airflow/example_dags/example_nested_branch_dag.py
[2023-11-09T20:52:09.468-0500] {logging_mixin.py:154} INFO - [2023-11-09T20:52:09.468-0500] {dag.py:2941} INFO - Sync 1 DAGs
[2023-11-09T20:52:09.478-0500] {logging_mixin.py:154} INFO - [2023-11-09T20:52:09.478-0500] {dag.py:3722} INFO - Setting next_dagrun for example_nested_branch_dag to 2023-11-09T00:00:00+00:00, run_after=2023-11-10T00:00:00+00:00
[2023-11-09T20:52:09.488-0500] {processor.py:179} INFO - Processing /Users/az/anaconda3/envs/python38/lib/python3.8/site-packages/airflow/example_dags/example_nested_branch_dag.py took 0.163 seconds
[2023-11-09T20:54:22.292-0500] {processor.py:157} INFO - Started process (PID=58390) to work on /Users/az/anaconda3/envs/python38/lib/python3.8/site-packages/airflow/example_dags/example_nested_branch_dag.py
[2023-11-09T20:54:22.297-0500] {processor.py:829} INFO - Processing file /Users/az/anaconda3/envs/python38/lib/python3.8/site-packages/airflow/example_dags/example_nested_branch_dag.py for tasks to queue
[2023-11-09T20:54:22.297-0500] {logging_mixin.py:154} INFO - [2023-11-09T20:54:22.297-0500] {dagbag.py:536} INFO - Filling up the DagBag from /Users/az/anaconda3/envs/python38/lib/python3.8/site-packages/airflow/example_dags/example_nested_branch_dag.py
[2023-11-09T20:54:22.336-0500] {processor.py:839} INFO - DAG(s) dict_keys(['example_nested_branch_dag']) retrieved from /Users/az/anaconda3/envs/python38/lib/python3.8/site-packages/airflow/example_dags/example_nested_branch_dag.py
[2023-11-09T20:54:22.445-0500] {logging_mixin.py:154} INFO - [2023-11-09T20:54:22.445-0500] {dag.py:2941} INFO - Sync 1 DAGs
[2023-11-09T20:54:22.456-0500] {logging_mixin.py:154} INFO - [2023-11-09T20:54:22.456-0500] {dag.py:3722} INFO - Setting next_dagrun for example_nested_branch_dag to 2023-11-09T00:00:00+00:00, run_after=2023-11-10T00:00:00+00:00
[2023-11-09T20:54:22.465-0500] {processor.py:179} INFO - Processing /Users/az/anaconda3/envs/python38/lib/python3.8/site-packages/airflow/example_dags/example_nested_branch_dag.py took 0.174 seconds
[2023-11-09T20:56:35.963-0500] {processor.py:157} INFO - Started process (PID=58557) to work on /Users/az/anaconda3/envs/python38/lib/python3.8/site-packages/airflow/example_dags/example_nested_branch_dag.py
[2023-11-09T20:56:35.968-0500] {processor.py:829} INFO - Processing file /Users/az/anaconda3/envs/python38/lib/python3.8/site-packages/airflow/example_dags/example_nested_branch_dag.py for tasks to queue
[2023-11-09T20:56:35.968-0500] {logging_mixin.py:154} INFO - [2023-11-09T20:56:35.968-0500] {dagbag.py:536} INFO - Filling up the DagBag from /Users/az/anaconda3/envs/python38/lib/python3.8/site-packages/airflow/example_dags/example_nested_branch_dag.py
[2023-11-09T20:56:36.003-0500] {processor.py:839} INFO - DAG(s) dict_keys(['example_nested_branch_dag']) retrieved from /Users/az/anaconda3/envs/python38/lib/python3.8/site-packages/airflow/example_dags/example_nested_branch_dag.py
[2023-11-09T20:56:36.125-0500] {logging_mixin.py:154} INFO - [2023-11-09T20:56:36.125-0500] {dag.py:2941} INFO - Sync 1 DAGs
[2023-11-09T20:56:36.136-0500] {logging_mixin.py:154} INFO - [2023-11-09T20:56:36.136-0500] {dag.py:3722} INFO - Setting next_dagrun for example_nested_branch_dag to 2023-11-09T00:00:00+00:00, run_after=2023-11-10T00:00:00+00:00
[2023-11-09T20:56:36.146-0500] {processor.py:179} INFO - Processing /Users/az/anaconda3/envs/python38/lib/python3.8/site-packages/airflow/example_dags/example_nested_branch_dag.py took 0.183 seconds
[2023-11-09T20:58:43.761-0500] {processor.py:157} INFO - Started process (PID=58707) to work on /Users/az/anaconda3/envs/python38/lib/python3.8/site-packages/airflow/example_dags/example_nested_branch_dag.py
[2023-11-09T20:58:43.766-0500] {processor.py:829} INFO - Processing file /Users/az/anaconda3/envs/python38/lib/python3.8/site-packages/airflow/example_dags/example_nested_branch_dag.py for tasks to queue
[2023-11-09T20:58:43.767-0500] {logging_mixin.py:154} INFO - [2023-11-09T20:58:43.766-0500] {dagbag.py:536} INFO - Filling up the DagBag from /Users/az/anaconda3/envs/python38/lib/python3.8/site-packages/airflow/example_dags/example_nested_branch_dag.py
[2023-11-09T20:58:43.802-0500] {processor.py:839} INFO - DAG(s) dict_keys(['example_nested_branch_dag']) retrieved from /Users/az/anaconda3/envs/python38/lib/python3.8/site-packages/airflow/example_dags/example_nested_branch_dag.py
[2023-11-09T20:58:43.911-0500] {logging_mixin.py:154} INFO - [2023-11-09T20:58:43.911-0500] {dag.py:2941} INFO - Sync 1 DAGs
[2023-11-09T20:58:43.922-0500] {logging_mixin.py:154} INFO - [2023-11-09T20:58:43.922-0500] {dag.py:3722} INFO - Setting next_dagrun for example_nested_branch_dag to 2023-11-09T00:00:00+00:00, run_after=2023-11-10T00:00:00+00:00
[2023-11-09T20:58:43.931-0500] {processor.py:179} INFO - Processing /Users/az/anaconda3/envs/python38/lib/python3.8/site-packages/airflow/example_dags/example_nested_branch_dag.py took 0.171 seconds
[2023-11-09T21:01:01.124-0500] {processor.py:157} INFO - Started process (PID=58891) to work on /Users/az/anaconda3/envs/python38/lib/python3.8/site-packages/airflow/example_dags/example_nested_branch_dag.py
[2023-11-09T21:01:01.129-0500] {processor.py:829} INFO - Processing file /Users/az/anaconda3/envs/python38/lib/python3.8/site-packages/airflow/example_dags/example_nested_branch_dag.py for tasks to queue
[2023-11-09T21:01:01.129-0500] {logging_mixin.py:154} INFO - [2023-11-09T21:01:01.129-0500] {dagbag.py:536} INFO - Filling up the DagBag from /Users/az/anaconda3/envs/python38/lib/python3.8/site-packages/airflow/example_dags/example_nested_branch_dag.py
[2023-11-09T21:01:01.162-0500] {processor.py:839} INFO - DAG(s) dict_keys(['example_nested_branch_dag']) retrieved from /Users/az/anaconda3/envs/python38/lib/python3.8/site-packages/airflow/example_dags/example_nested_branch_dag.py
[2023-11-09T21:01:01.266-0500] {logging_mixin.py:154} INFO - [2023-11-09T21:01:01.266-0500] {dag.py:2941} INFO - Sync 1 DAGs
[2023-11-09T21:01:01.276-0500] {logging_mixin.py:154} INFO - [2023-11-09T21:01:01.276-0500] {dag.py:3722} INFO - Setting next_dagrun for example_nested_branch_dag to 2023-11-09T00:00:00+00:00, run_after=2023-11-10T00:00:00+00:00
[2023-11-09T21:01:01.286-0500] {processor.py:179} INFO - Processing /Users/az/anaconda3/envs/python38/lib/python3.8/site-packages/airflow/example_dags/example_nested_branch_dag.py took 0.163 seconds
[2023-11-09T21:03:06.147-0500] {processor.py:157} INFO - Started process (PID=59053) to work on /Users/az/anaconda3/envs/python38/lib/python3.8/site-packages/airflow/example_dags/example_nested_branch_dag.py
[2023-11-09T21:03:06.151-0500] {processor.py:829} INFO - Processing file /Users/az/anaconda3/envs/python38/lib/python3.8/site-packages/airflow/example_dags/example_nested_branch_dag.py for tasks to queue
[2023-11-09T21:03:06.152-0500] {logging_mixin.py:154} INFO - [2023-11-09T21:03:06.151-0500] {dagbag.py:536} INFO - Filling up the DagBag from /Users/az/anaconda3/envs/python38/lib/python3.8/site-packages/airflow/example_dags/example_nested_branch_dag.py
[2023-11-09T21:03:06.185-0500] {processor.py:839} INFO - DAG(s) dict_keys(['example_nested_branch_dag']) retrieved from /Users/az/anaconda3/envs/python38/lib/python3.8/site-packages/airflow/example_dags/example_nested_branch_dag.py
[2023-11-09T21:03:06.288-0500] {logging_mixin.py:154} INFO - [2023-11-09T21:03:06.288-0500] {dag.py:2941} INFO - Sync 1 DAGs
[2023-11-09T21:03:06.298-0500] {logging_mixin.py:154} INFO - [2023-11-09T21:03:06.298-0500] {dag.py:3722} INFO - Setting next_dagrun for example_nested_branch_dag to 2023-11-09T00:00:00+00:00, run_after=2023-11-10T00:00:00+00:00
[2023-11-09T21:03:06.308-0500] {processor.py:179} INFO - Processing /Users/az/anaconda3/envs/python38/lib/python3.8/site-packages/airflow/example_dags/example_nested_branch_dag.py took 0.162 seconds
[2023-11-09T21:05:06.265-0500] {processor.py:157} INFO - Started process (PID=59229) to work on /Users/az/anaconda3/envs/python38/lib/python3.8/site-packages/airflow/example_dags/example_nested_branch_dag.py
[2023-11-09T21:05:06.270-0500] {processor.py:829} INFO - Processing file /Users/az/anaconda3/envs/python38/lib/python3.8/site-packages/airflow/example_dags/example_nested_branch_dag.py for tasks to queue
[2023-11-09T21:05:06.271-0500] {logging_mixin.py:154} INFO - [2023-11-09T21:05:06.270-0500] {dagbag.py:536} INFO - Filling up the DagBag from /Users/az/anaconda3/envs/python38/lib/python3.8/site-packages/airflow/example_dags/example_nested_branch_dag.py
[2023-11-09T21:05:06.305-0500] {processor.py:839} INFO - DAG(s) dict_keys(['example_nested_branch_dag']) retrieved from /Users/az/anaconda3/envs/python38/lib/python3.8/site-packages/airflow/example_dags/example_nested_branch_dag.py
[2023-11-09T21:05:06.409-0500] {logging_mixin.py:154} INFO - [2023-11-09T21:05:06.409-0500] {dag.py:2941} INFO - Sync 1 DAGs
[2023-11-09T21:05:06.420-0500] {logging_mixin.py:154} INFO - [2023-11-09T21:05:06.420-0500] {dag.py:3722} INFO - Setting next_dagrun for example_nested_branch_dag to 2023-11-09T00:00:00+00:00, run_after=2023-11-10T00:00:00+00:00
[2023-11-09T21:05:06.429-0500] {processor.py:179} INFO - Processing /Users/az/anaconda3/envs/python38/lib/python3.8/site-packages/airflow/example_dags/example_nested_branch_dag.py took 0.164 seconds
[2023-11-09T21:07:09.645-0500] {processor.py:157} INFO - Started process (PID=59385) to work on /Users/az/anaconda3/envs/python38/lib/python3.8/site-packages/airflow/example_dags/example_nested_branch_dag.py
[2023-11-09T21:07:09.650-0500] {processor.py:829} INFO - Processing file /Users/az/anaconda3/envs/python38/lib/python3.8/site-packages/airflow/example_dags/example_nested_branch_dag.py for tasks to queue
[2023-11-09T21:07:09.650-0500] {logging_mixin.py:154} INFO - [2023-11-09T21:07:09.650-0500] {dagbag.py:536} INFO - Filling up the DagBag from /Users/az/anaconda3/envs/python38/lib/python3.8/site-packages/airflow/example_dags/example_nested_branch_dag.py
[2023-11-09T21:07:09.684-0500] {processor.py:839} INFO - DAG(s) dict_keys(['example_nested_branch_dag']) retrieved from /Users/az/anaconda3/envs/python38/lib/python3.8/site-packages/airflow/example_dags/example_nested_branch_dag.py
[2023-11-09T21:07:09.786-0500] {logging_mixin.py:154} INFO - [2023-11-09T21:07:09.786-0500] {dag.py:2941} INFO - Sync 1 DAGs
[2023-11-09T21:07:09.797-0500] {logging_mixin.py:154} INFO - [2023-11-09T21:07:09.797-0500] {dag.py:3722} INFO - Setting next_dagrun for example_nested_branch_dag to 2023-11-09T00:00:00+00:00, run_after=2023-11-10T00:00:00+00:00
[2023-11-09T21:07:09.807-0500] {processor.py:179} INFO - Processing /Users/az/anaconda3/envs/python38/lib/python3.8/site-packages/airflow/example_dags/example_nested_branch_dag.py took 0.162 seconds
[2023-11-09T21:09:06.677-0500] {processor.py:157} INFO - Started process (PID=59533) to work on /Users/az/anaconda3/envs/python38/lib/python3.8/site-packages/airflow/example_dags/example_nested_branch_dag.py
[2023-11-09T21:09:06.681-0500] {processor.py:829} INFO - Processing file /Users/az/anaconda3/envs/python38/lib/python3.8/site-packages/airflow/example_dags/example_nested_branch_dag.py for tasks to queue
[2023-11-09T21:09:06.682-0500] {logging_mixin.py:154} INFO - [2023-11-09T21:09:06.682-0500] {dagbag.py:536} INFO - Filling up the DagBag from /Users/az/anaconda3/envs/python38/lib/python3.8/site-packages/airflow/example_dags/example_nested_branch_dag.py
[2023-11-09T21:09:06.718-0500] {processor.py:839} INFO - DAG(s) dict_keys(['example_nested_branch_dag']) retrieved from /Users/az/anaconda3/envs/python38/lib/python3.8/site-packages/airflow/example_dags/example_nested_branch_dag.py
[2023-11-09T21:09:06.831-0500] {logging_mixin.py:154} INFO - [2023-11-09T21:09:06.831-0500] {dag.py:2941} INFO - Sync 1 DAGs
[2023-11-09T21:09:06.844-0500] {logging_mixin.py:154} INFO - [2023-11-09T21:09:06.843-0500] {dag.py:3722} INFO - Setting next_dagrun for example_nested_branch_dag to 2023-11-09T00:00:00+00:00, run_after=2023-11-10T00:00:00+00:00
[2023-11-09T21:09:06.857-0500] {processor.py:179} INFO - Processing /Users/az/anaconda3/envs/python38/lib/python3.8/site-packages/airflow/example_dags/example_nested_branch_dag.py took 0.180 seconds
[2023-11-09T21:11:09.544-0500] {processor.py:157} INFO - Started process (PID=59696) to work on /Users/az/anaconda3/envs/python38/lib/python3.8/site-packages/airflow/example_dags/example_nested_branch_dag.py
[2023-11-09T21:11:09.548-0500] {processor.py:829} INFO - Processing file /Users/az/anaconda3/envs/python38/lib/python3.8/site-packages/airflow/example_dags/example_nested_branch_dag.py for tasks to queue
[2023-11-09T21:11:09.549-0500] {logging_mixin.py:154} INFO - [2023-11-09T21:11:09.548-0500] {dagbag.py:536} INFO - Filling up the DagBag from /Users/az/anaconda3/envs/python38/lib/python3.8/site-packages/airflow/example_dags/example_nested_branch_dag.py
[2023-11-09T21:11:09.583-0500] {processor.py:839} INFO - DAG(s) dict_keys(['example_nested_branch_dag']) retrieved from /Users/az/anaconda3/envs/python38/lib/python3.8/site-packages/airflow/example_dags/example_nested_branch_dag.py
[2023-11-09T21:11:09.687-0500] {logging_mixin.py:154} INFO - [2023-11-09T21:11:09.687-0500] {dag.py:2941} INFO - Sync 1 DAGs
[2023-11-09T21:11:09.698-0500] {logging_mixin.py:154} INFO - [2023-11-09T21:11:09.698-0500] {dag.py:3722} INFO - Setting next_dagrun for example_nested_branch_dag to 2023-11-09T00:00:00+00:00, run_after=2023-11-10T00:00:00+00:00
[2023-11-09T21:11:09.708-0500] {processor.py:179} INFO - Processing /Users/az/anaconda3/envs/python38/lib/python3.8/site-packages/airflow/example_dags/example_nested_branch_dag.py took 0.165 seconds
[2023-11-09T21:13:07.554-0500] {processor.py:157} INFO - Started process (PID=59843) to work on /Users/az/anaconda3/envs/python38/lib/python3.8/site-packages/airflow/example_dags/example_nested_branch_dag.py
[2023-11-09T21:13:07.558-0500] {processor.py:829} INFO - Processing file /Users/az/anaconda3/envs/python38/lib/python3.8/site-packages/airflow/example_dags/example_nested_branch_dag.py for tasks to queue
[2023-11-09T21:13:07.559-0500] {logging_mixin.py:154} INFO - [2023-11-09T21:13:07.559-0500] {dagbag.py:536} INFO - Filling up the DagBag from /Users/az/anaconda3/envs/python38/lib/python3.8/site-packages/airflow/example_dags/example_nested_branch_dag.py
[2023-11-09T21:13:07.593-0500] {processor.py:839} INFO - DAG(s) dict_keys(['example_nested_branch_dag']) retrieved from /Users/az/anaconda3/envs/python38/lib/python3.8/site-packages/airflow/example_dags/example_nested_branch_dag.py
[2023-11-09T21:13:07.698-0500] {logging_mixin.py:154} INFO - [2023-11-09T21:13:07.697-0500] {dag.py:2941} INFO - Sync 1 DAGs
[2023-11-09T21:13:07.708-0500] {logging_mixin.py:154} INFO - [2023-11-09T21:13:07.708-0500] {dag.py:3722} INFO - Setting next_dagrun for example_nested_branch_dag to 2023-11-09T00:00:00+00:00, run_after=2023-11-10T00:00:00+00:00
[2023-11-09T21:13:07.719-0500] {processor.py:179} INFO - Processing /Users/az/anaconda3/envs/python38/lib/python3.8/site-packages/airflow/example_dags/example_nested_branch_dag.py took 0.165 seconds
