[2023-11-09T19:02:03.017-0500] {processor.py:157} INFO - Started process (PID=48907) to work on /Users/az/anaconda3/envs/python38/lib/python3.8/site-packages/airflow/example_dags/example_short_circuit_operator.py
[2023-11-09T19:02:03.021-0500] {processor.py:829} INFO - Processing file /Users/az/anaconda3/envs/python38/lib/python3.8/site-packages/airflow/example_dags/example_short_circuit_operator.py for tasks to queue
[2023-11-09T19:02:03.021-0500] {logging_mixin.py:154} INFO - [2023-11-09T19:02:03.021-0500] {dagbag.py:536} INFO - Filling up the DagBag from /Users/az/anaconda3/envs/python38/lib/python3.8/site-packages/airflow/example_dags/example_short_circuit_operator.py
[2023-11-09T19:02:03.045-0500] {processor.py:839} INFO - DAG(s) dict_keys(['example_short_circuit_operator']) retrieved from /Users/az/anaconda3/envs/python38/lib/python3.8/site-packages/airflow/example_dags/example_short_circuit_operator.py
[2023-11-09T19:02:03.154-0500] {logging_mixin.py:154} INFO - [2023-11-09T19:02:03.154-0500] {dag.py:2941} INFO - Sync 1 DAGs
[2023-11-09T19:02:03.163-0500] {logging_mixin.py:154} INFO - [2023-11-09T19:02:03.163-0500] {dag.py:3722} INFO - Setting next_dagrun for example_short_circuit_operator to 2023-11-09T00:02:03.163761+00:00, run_after=2023-11-10T00:02:03.163761+00:00
[2023-11-09T19:02:03.174-0500] {processor.py:179} INFO - Processing /Users/az/anaconda3/envs/python38/lib/python3.8/site-packages/airflow/example_dags/example_short_circuit_operator.py took 0.157 seconds
[2023-11-09T19:04:10.114-0500] {processor.py:157} INFO - Started process (PID=49073) to work on /Users/az/anaconda3/envs/python38/lib/python3.8/site-packages/airflow/example_dags/example_short_circuit_operator.py
[2023-11-09T19:04:10.119-0500] {processor.py:829} INFO - Processing file /Users/az/anaconda3/envs/python38/lib/python3.8/site-packages/airflow/example_dags/example_short_circuit_operator.py for tasks to queue
[2023-11-09T19:04:10.119-0500] {logging_mixin.py:154} INFO - [2023-11-09T19:04:10.119-0500] {dagbag.py:536} INFO - Filling up the DagBag from /Users/az/anaconda3/envs/python38/lib/python3.8/site-packages/airflow/example_dags/example_short_circuit_operator.py
[2023-11-09T19:04:10.142-0500] {processor.py:839} INFO - DAG(s) dict_keys(['example_short_circuit_operator']) retrieved from /Users/az/anaconda3/envs/python38/lib/python3.8/site-packages/airflow/example_dags/example_short_circuit_operator.py
[2023-11-09T19:04:10.251-0500] {logging_mixin.py:154} INFO - [2023-11-09T19:04:10.251-0500] {dag.py:2941} INFO - Sync 1 DAGs
[2023-11-09T19:04:10.261-0500] {logging_mixin.py:154} INFO - [2023-11-09T19:04:10.261-0500] {dag.py:3722} INFO - Setting next_dagrun for example_short_circuit_operator to 2023-11-09T00:04:10.261012+00:00, run_after=2023-11-10T00:04:10.261012+00:00
[2023-11-09T19:04:10.271-0500] {processor.py:179} INFO - Processing /Users/az/anaconda3/envs/python38/lib/python3.8/site-packages/airflow/example_dags/example_short_circuit_operator.py took 0.157 seconds
[2023-11-09T19:06:07.049-0500] {processor.py:157} INFO - Started process (PID=49223) to work on /Users/az/anaconda3/envs/python38/lib/python3.8/site-packages/airflow/example_dags/example_short_circuit_operator.py
[2023-11-09T19:06:07.053-0500] {processor.py:829} INFO - Processing file /Users/az/anaconda3/envs/python38/lib/python3.8/site-packages/airflow/example_dags/example_short_circuit_operator.py for tasks to queue
[2023-11-09T19:06:07.054-0500] {logging_mixin.py:154} INFO - [2023-11-09T19:06:07.054-0500] {dagbag.py:536} INFO - Filling up the DagBag from /Users/az/anaconda3/envs/python38/lib/python3.8/site-packages/airflow/example_dags/example_short_circuit_operator.py
[2023-11-09T19:06:07.079-0500] {processor.py:839} INFO - DAG(s) dict_keys(['example_short_circuit_operator']) retrieved from /Users/az/anaconda3/envs/python38/lib/python3.8/site-packages/airflow/example_dags/example_short_circuit_operator.py
[2023-11-09T19:06:07.187-0500] {logging_mixin.py:154} INFO - [2023-11-09T19:06:07.187-0500] {dag.py:2941} INFO - Sync 1 DAGs
[2023-11-09T19:06:07.197-0500] {logging_mixin.py:154} INFO - [2023-11-09T19:06:07.197-0500] {dag.py:3722} INFO - Setting next_dagrun for example_short_circuit_operator to 2023-11-09T00:06:07.197235+00:00, run_after=2023-11-10T00:06:07.197235+00:00
[2023-11-09T19:06:07.207-0500] {processor.py:179} INFO - Processing /Users/az/anaconda3/envs/python38/lib/python3.8/site-packages/airflow/example_dags/example_short_circuit_operator.py took 0.158 seconds
[2023-11-09T19:08:09.557-0500] {processor.py:157} INFO - Started process (PID=49371) to work on /Users/az/anaconda3/envs/python38/lib/python3.8/site-packages/airflow/example_dags/example_short_circuit_operator.py
[2023-11-09T19:08:09.563-0500] {processor.py:829} INFO - Processing file /Users/az/anaconda3/envs/python38/lib/python3.8/site-packages/airflow/example_dags/example_short_circuit_operator.py for tasks to queue
[2023-11-09T19:08:09.563-0500] {logging_mixin.py:154} INFO - [2023-11-09T19:08:09.563-0500] {dagbag.py:536} INFO - Filling up the DagBag from /Users/az/anaconda3/envs/python38/lib/python3.8/site-packages/airflow/example_dags/example_short_circuit_operator.py
[2023-11-09T19:08:09.588-0500] {processor.py:839} INFO - DAG(s) dict_keys(['example_short_circuit_operator']) retrieved from /Users/az/anaconda3/envs/python38/lib/python3.8/site-packages/airflow/example_dags/example_short_circuit_operator.py
[2023-11-09T19:08:09.697-0500] {logging_mixin.py:154} INFO - [2023-11-09T19:08:09.697-0500] {dag.py:2941} INFO - Sync 1 DAGs
[2023-11-09T19:08:09.707-0500] {logging_mixin.py:154} INFO - [2023-11-09T19:08:09.707-0500] {dag.py:3722} INFO - Setting next_dagrun for example_short_circuit_operator to 2023-11-09T00:08:09.707041+00:00, run_after=2023-11-10T00:08:09.707041+00:00
[2023-11-09T19:08:09.717-0500] {processor.py:179} INFO - Processing /Users/az/anaconda3/envs/python38/lib/python3.8/site-packages/airflow/example_dags/example_short_circuit_operator.py took 0.160 seconds
[2023-11-09T19:10:12.013-0500] {processor.py:157} INFO - Started process (PID=49517) to work on /Users/az/anaconda3/envs/python38/lib/python3.8/site-packages/airflow/example_dags/example_short_circuit_operator.py
[2023-11-09T19:10:12.017-0500] {processor.py:829} INFO - Processing file /Users/az/anaconda3/envs/python38/lib/python3.8/site-packages/airflow/example_dags/example_short_circuit_operator.py for tasks to queue
[2023-11-09T19:10:12.017-0500] {logging_mixin.py:154} INFO - [2023-11-09T19:10:12.017-0500] {dagbag.py:536} INFO - Filling up the DagBag from /Users/az/anaconda3/envs/python38/lib/python3.8/site-packages/airflow/example_dags/example_short_circuit_operator.py
[2023-11-09T19:10:12.042-0500] {processor.py:839} INFO - DAG(s) dict_keys(['example_short_circuit_operator']) retrieved from /Users/az/anaconda3/envs/python38/lib/python3.8/site-packages/airflow/example_dags/example_short_circuit_operator.py
[2023-11-09T19:10:12.152-0500] {logging_mixin.py:154} INFO - [2023-11-09T19:10:12.152-0500] {dag.py:2941} INFO - Sync 1 DAGs
[2023-11-09T19:10:12.162-0500] {logging_mixin.py:154} INFO - [2023-11-09T19:10:12.162-0500] {dag.py:3722} INFO - Setting next_dagrun for example_short_circuit_operator to 2023-11-09T00:10:12.162073+00:00, run_after=2023-11-10T00:10:12.162073+00:00
[2023-11-09T19:10:12.173-0500] {processor.py:179} INFO - Processing /Users/az/anaconda3/envs/python38/lib/python3.8/site-packages/airflow/example_dags/example_short_circuit_operator.py took 0.161 seconds
[2023-11-09T19:12:12.977-0500] {processor.py:157} INFO - Started process (PID=49674) to work on /Users/az/anaconda3/envs/python38/lib/python3.8/site-packages/airflow/example_dags/example_short_circuit_operator.py
[2023-11-09T19:12:12.981-0500] {processor.py:829} INFO - Processing file /Users/az/anaconda3/envs/python38/lib/python3.8/site-packages/airflow/example_dags/example_short_circuit_operator.py for tasks to queue
[2023-11-09T19:12:12.981-0500] {logging_mixin.py:154} INFO - [2023-11-09T19:12:12.981-0500] {dagbag.py:536} INFO - Filling up the DagBag from /Users/az/anaconda3/envs/python38/lib/python3.8/site-packages/airflow/example_dags/example_short_circuit_operator.py
[2023-11-09T19:12:13.004-0500] {processor.py:839} INFO - DAG(s) dict_keys(['example_short_circuit_operator']) retrieved from /Users/az/anaconda3/envs/python38/lib/python3.8/site-packages/airflow/example_dags/example_short_circuit_operator.py
[2023-11-09T19:12:13.113-0500] {logging_mixin.py:154} INFO - [2023-11-09T19:12:13.112-0500] {dag.py:2941} INFO - Sync 1 DAGs
[2023-11-09T19:12:13.122-0500] {logging_mixin.py:154} INFO - [2023-11-09T19:12:13.122-0500] {dag.py:3722} INFO - Setting next_dagrun for example_short_circuit_operator to 2023-11-09T00:12:13.122454+00:00, run_after=2023-11-10T00:12:13.122454+00:00
[2023-11-09T19:12:13.132-0500] {processor.py:179} INFO - Processing /Users/az/anaconda3/envs/python38/lib/python3.8/site-packages/airflow/example_dags/example_short_circuit_operator.py took 0.156 seconds
[2023-11-09T19:14:09.464-0500] {processor.py:157} INFO - Started process (PID=49826) to work on /Users/az/anaconda3/envs/python38/lib/python3.8/site-packages/airflow/example_dags/example_short_circuit_operator.py
[2023-11-09T19:14:09.469-0500] {processor.py:829} INFO - Processing file /Users/az/anaconda3/envs/python38/lib/python3.8/site-packages/airflow/example_dags/example_short_circuit_operator.py for tasks to queue
[2023-11-09T19:14:09.469-0500] {logging_mixin.py:154} INFO - [2023-11-09T19:14:09.469-0500] {dagbag.py:536} INFO - Filling up the DagBag from /Users/az/anaconda3/envs/python38/lib/python3.8/site-packages/airflow/example_dags/example_short_circuit_operator.py
[2023-11-09T19:14:09.494-0500] {processor.py:839} INFO - DAG(s) dict_keys(['example_short_circuit_operator']) retrieved from /Users/az/anaconda3/envs/python38/lib/python3.8/site-packages/airflow/example_dags/example_short_circuit_operator.py
[2023-11-09T19:14:09.603-0500] {logging_mixin.py:154} INFO - [2023-11-09T19:14:09.603-0500] {dag.py:2941} INFO - Sync 1 DAGs
[2023-11-09T19:14:09.613-0500] {logging_mixin.py:154} INFO - [2023-11-09T19:14:09.613-0500] {dag.py:3722} INFO - Setting next_dagrun for example_short_circuit_operator to 2023-11-09T00:14:09.612932+00:00, run_after=2023-11-10T00:14:09.612932+00:00
[2023-11-09T19:14:09.623-0500] {processor.py:179} INFO - Processing /Users/az/anaconda3/envs/python38/lib/python3.8/site-packages/airflow/example_dags/example_short_circuit_operator.py took 0.160 seconds
[2023-11-09T19:16:05.528-0500] {processor.py:157} INFO - Started process (PID=49963) to work on /Users/az/anaconda3/envs/python38/lib/python3.8/site-packages/airflow/example_dags/example_short_circuit_operator.py
[2023-11-09T19:16:05.532-0500] {processor.py:829} INFO - Processing file /Users/az/anaconda3/envs/python38/lib/python3.8/site-packages/airflow/example_dags/example_short_circuit_operator.py for tasks to queue
[2023-11-09T19:16:05.532-0500] {logging_mixin.py:154} INFO - [2023-11-09T19:16:05.532-0500] {dagbag.py:536} INFO - Filling up the DagBag from /Users/az/anaconda3/envs/python38/lib/python3.8/site-packages/airflow/example_dags/example_short_circuit_operator.py
[2023-11-09T19:16:05.559-0500] {processor.py:839} INFO - DAG(s) dict_keys(['example_short_circuit_operator']) retrieved from /Users/az/anaconda3/envs/python38/lib/python3.8/site-packages/airflow/example_dags/example_short_circuit_operator.py
[2023-11-09T19:16:05.740-0500] {logging_mixin.py:154} INFO - [2023-11-09T19:16:05.739-0500] {dag.py:2941} INFO - Sync 1 DAGs
[2023-11-09T19:16:05.750-0500] {logging_mixin.py:154} INFO - [2023-11-09T19:16:05.750-0500] {dag.py:3722} INFO - Setting next_dagrun for example_short_circuit_operator to 2023-11-09T00:16:05.750221+00:00, run_after=2023-11-10T00:16:05.750221+00:00
[2023-11-09T19:16:05.760-0500] {processor.py:179} INFO - Processing /Users/az/anaconda3/envs/python38/lib/python3.8/site-packages/airflow/example_dags/example_short_circuit_operator.py took 0.233 seconds
[2023-11-09T19:18:15.984-0500] {processor.py:157} INFO - Started process (PID=50129) to work on /Users/az/anaconda3/envs/python38/lib/python3.8/site-packages/airflow/example_dags/example_short_circuit_operator.py
[2023-11-09T19:18:15.990-0500] {processor.py:829} INFO - Processing file /Users/az/anaconda3/envs/python38/lib/python3.8/site-packages/airflow/example_dags/example_short_circuit_operator.py for tasks to queue
[2023-11-09T19:18:15.991-0500] {logging_mixin.py:154} INFO - [2023-11-09T19:18:15.990-0500] {dagbag.py:536} INFO - Filling up the DagBag from /Users/az/anaconda3/envs/python38/lib/python3.8/site-packages/airflow/example_dags/example_short_circuit_operator.py
[2023-11-09T19:18:16.016-0500] {processor.py:839} INFO - DAG(s) dict_keys(['example_short_circuit_operator']) retrieved from /Users/az/anaconda3/envs/python38/lib/python3.8/site-packages/airflow/example_dags/example_short_circuit_operator.py
[2023-11-09T19:18:16.129-0500] {logging_mixin.py:154} INFO - [2023-11-09T19:18:16.129-0500] {dag.py:2941} INFO - Sync 1 DAGs
[2023-11-09T19:18:16.139-0500] {logging_mixin.py:154} INFO - [2023-11-09T19:18:16.139-0500] {dag.py:3722} INFO - Setting next_dagrun for example_short_circuit_operator to 2023-11-09T00:18:16.139015+00:00, run_after=2023-11-10T00:18:16.139015+00:00
[2023-11-09T19:18:16.148-0500] {processor.py:179} INFO - Processing /Users/az/anaconda3/envs/python38/lib/python3.8/site-packages/airflow/example_dags/example_short_circuit_operator.py took 0.165 seconds
[2023-11-09T19:19:23.300-0500] {processor.py:157} INFO - Started process (PID=50210) to work on /Users/az/anaconda3/envs/python38/lib/python3.8/site-packages/airflow/example_dags/example_short_circuit_operator.py
[2023-11-09T19:19:23.305-0500] {processor.py:829} INFO - Processing file /Users/az/anaconda3/envs/python38/lib/python3.8/site-packages/airflow/example_dags/example_short_circuit_operator.py for tasks to queue
[2023-11-09T19:19:23.305-0500] {logging_mixin.py:154} INFO - [2023-11-09T19:19:23.305-0500] {dagbag.py:536} INFO - Filling up the DagBag from /Users/az/anaconda3/envs/python38/lib/python3.8/site-packages/airflow/example_dags/example_short_circuit_operator.py
[2023-11-09T19:19:23.328-0500] {processor.py:839} INFO - DAG(s) dict_keys(['example_short_circuit_operator']) retrieved from /Users/az/anaconda3/envs/python38/lib/python3.8/site-packages/airflow/example_dags/example_short_circuit_operator.py
[2023-11-09T19:19:23.437-0500] {logging_mixin.py:154} INFO - [2023-11-09T19:19:23.436-0500] {dag.py:2941} INFO - Sync 1 DAGs
[2023-11-09T19:19:23.446-0500] {logging_mixin.py:154} INFO - [2023-11-09T19:19:23.446-0500] {dag.py:3722} INFO - Setting next_dagrun for example_short_circuit_operator to 2023-11-09T00:19:23.446496+00:00, run_after=2023-11-10T00:19:23.446496+00:00
[2023-11-09T19:19:23.456-0500] {processor.py:179} INFO - Processing /Users/az/anaconda3/envs/python38/lib/python3.8/site-packages/airflow/example_dags/example_short_circuit_operator.py took 0.157 seconds
[2023-11-09T19:21:24.405-0500] {processor.py:157} INFO - Started process (PID=50358) to work on /Users/az/anaconda3/envs/python38/lib/python3.8/site-packages/airflow/example_dags/example_short_circuit_operator.py
[2023-11-09T19:21:24.410-0500] {processor.py:829} INFO - Processing file /Users/az/anaconda3/envs/python38/lib/python3.8/site-packages/airflow/example_dags/example_short_circuit_operator.py for tasks to queue
[2023-11-09T19:21:24.410-0500] {logging_mixin.py:154} INFO - [2023-11-09T19:21:24.410-0500] {dagbag.py:536} INFO - Filling up the DagBag from /Users/az/anaconda3/envs/python38/lib/python3.8/site-packages/airflow/example_dags/example_short_circuit_operator.py
[2023-11-09T19:21:24.433-0500] {processor.py:839} INFO - DAG(s) dict_keys(['example_short_circuit_operator']) retrieved from /Users/az/anaconda3/envs/python38/lib/python3.8/site-packages/airflow/example_dags/example_short_circuit_operator.py
[2023-11-09T19:21:24.542-0500] {logging_mixin.py:154} INFO - [2023-11-09T19:21:24.542-0500] {dag.py:2941} INFO - Sync 1 DAGs
[2023-11-09T19:21:24.552-0500] {logging_mixin.py:154} INFO - [2023-11-09T19:21:24.551-0500] {dag.py:3722} INFO - Setting next_dagrun for example_short_circuit_operator to 2023-11-09T00:21:24.551894+00:00, run_after=2023-11-10T00:21:24.551894+00:00
[2023-11-09T19:21:24.562-0500] {processor.py:179} INFO - Processing /Users/az/anaconda3/envs/python38/lib/python3.8/site-packages/airflow/example_dags/example_short_circuit_operator.py took 0.158 seconds
[2023-11-09T19:23:35.416-0500] {processor.py:157} INFO - Started process (PID=50533) to work on /Users/az/anaconda3/envs/python38/lib/python3.8/site-packages/airflow/example_dags/example_short_circuit_operator.py
[2023-11-09T19:23:35.421-0500] {processor.py:829} INFO - Processing file /Users/az/anaconda3/envs/python38/lib/python3.8/site-packages/airflow/example_dags/example_short_circuit_operator.py for tasks to queue
[2023-11-09T19:23:35.421-0500] {logging_mixin.py:154} INFO - [2023-11-09T19:23:35.421-0500] {dagbag.py:536} INFO - Filling up the DagBag from /Users/az/anaconda3/envs/python38/lib/python3.8/site-packages/airflow/example_dags/example_short_circuit_operator.py
[2023-11-09T19:23:35.444-0500] {processor.py:839} INFO - DAG(s) dict_keys(['example_short_circuit_operator']) retrieved from /Users/az/anaconda3/envs/python38/lib/python3.8/site-packages/airflow/example_dags/example_short_circuit_operator.py
[2023-11-09T19:23:35.555-0500] {logging_mixin.py:154} INFO - [2023-11-09T19:23:35.555-0500] {dag.py:2941} INFO - Sync 1 DAGs
[2023-11-09T19:23:35.565-0500] {logging_mixin.py:154} INFO - [2023-11-09T19:23:35.565-0500] {dag.py:3722} INFO - Setting next_dagrun for example_short_circuit_operator to 2023-11-09T00:23:35.565294+00:00, run_after=2023-11-10T00:23:35.565294+00:00
[2023-11-09T19:23:35.576-0500] {processor.py:179} INFO - Processing /Users/az/anaconda3/envs/python38/lib/python3.8/site-packages/airflow/example_dags/example_short_circuit_operator.py took 0.160 seconds
[2023-11-09T19:24:42.439-0500] {processor.py:157} INFO - Started process (PID=50615) to work on /Users/az/anaconda3/envs/python38/lib/python3.8/site-packages/airflow/example_dags/example_short_circuit_operator.py
[2023-11-09T19:24:42.444-0500] {processor.py:829} INFO - Processing file /Users/az/anaconda3/envs/python38/lib/python3.8/site-packages/airflow/example_dags/example_short_circuit_operator.py for tasks to queue
[2023-11-09T19:24:42.444-0500] {logging_mixin.py:154} INFO - [2023-11-09T19:24:42.444-0500] {dagbag.py:536} INFO - Filling up the DagBag from /Users/az/anaconda3/envs/python38/lib/python3.8/site-packages/airflow/example_dags/example_short_circuit_operator.py
[2023-11-09T19:24:42.468-0500] {processor.py:839} INFO - DAG(s) dict_keys(['example_short_circuit_operator']) retrieved from /Users/az/anaconda3/envs/python38/lib/python3.8/site-packages/airflow/example_dags/example_short_circuit_operator.py
[2023-11-09T19:24:42.592-0500] {logging_mixin.py:154} INFO - [2023-11-09T19:24:42.592-0500] {dag.py:2941} INFO - Sync 1 DAGs
[2023-11-09T19:24:42.602-0500] {logging_mixin.py:154} INFO - [2023-11-09T19:24:42.602-0500] {dag.py:3722} INFO - Setting next_dagrun for example_short_circuit_operator to 2023-11-09T00:24:42.602305+00:00, run_after=2023-11-10T00:24:42.602305+00:00
[2023-11-09T19:24:42.612-0500] {processor.py:179} INFO - Processing /Users/az/anaconda3/envs/python38/lib/python3.8/site-packages/airflow/example_dags/example_short_circuit_operator.py took 0.173 seconds
[2023-11-09T19:26:45.062-0500] {processor.py:157} INFO - Started process (PID=50774) to work on /Users/az/anaconda3/envs/python38/lib/python3.8/site-packages/airflow/example_dags/example_short_circuit_operator.py
[2023-11-09T19:26:45.066-0500] {processor.py:829} INFO - Processing file /Users/az/anaconda3/envs/python38/lib/python3.8/site-packages/airflow/example_dags/example_short_circuit_operator.py for tasks to queue
[2023-11-09T19:26:45.067-0500] {logging_mixin.py:154} INFO - [2023-11-09T19:26:45.067-0500] {dagbag.py:536} INFO - Filling up the DagBag from /Users/az/anaconda3/envs/python38/lib/python3.8/site-packages/airflow/example_dags/example_short_circuit_operator.py
[2023-11-09T19:26:45.094-0500] {processor.py:839} INFO - DAG(s) dict_keys(['example_short_circuit_operator']) retrieved from /Users/az/anaconda3/envs/python38/lib/python3.8/site-packages/airflow/example_dags/example_short_circuit_operator.py
[2023-11-09T19:26:45.211-0500] {logging_mixin.py:154} INFO - [2023-11-09T19:26:45.211-0500] {dag.py:2941} INFO - Sync 1 DAGs
[2023-11-09T19:26:45.221-0500] {logging_mixin.py:154} INFO - [2023-11-09T19:26:45.221-0500] {dag.py:3722} INFO - Setting next_dagrun for example_short_circuit_operator to 2023-11-09T00:26:45.221136+00:00, run_after=2023-11-10T00:26:45.221136+00:00
[2023-11-09T19:26:45.231-0500] {processor.py:179} INFO - Processing /Users/az/anaconda3/envs/python38/lib/python3.8/site-packages/airflow/example_dags/example_short_circuit_operator.py took 0.169 seconds
[2023-11-09T19:27:52.189-0500] {processor.py:157} INFO - Started process (PID=50855) to work on /Users/az/anaconda3/envs/python38/lib/python3.8/site-packages/airflow/example_dags/example_short_circuit_operator.py
[2023-11-09T19:27:52.194-0500] {processor.py:829} INFO - Processing file /Users/az/anaconda3/envs/python38/lib/python3.8/site-packages/airflow/example_dags/example_short_circuit_operator.py for tasks to queue
[2023-11-09T19:27:52.194-0500] {logging_mixin.py:154} INFO - [2023-11-09T19:27:52.194-0500] {dagbag.py:536} INFO - Filling up the DagBag from /Users/az/anaconda3/envs/python38/lib/python3.8/site-packages/airflow/example_dags/example_short_circuit_operator.py
[2023-11-09T19:27:52.217-0500] {processor.py:839} INFO - DAG(s) dict_keys(['example_short_circuit_operator']) retrieved from /Users/az/anaconda3/envs/python38/lib/python3.8/site-packages/airflow/example_dags/example_short_circuit_operator.py
[2023-11-09T19:27:52.326-0500] {logging_mixin.py:154} INFO - [2023-11-09T19:27:52.326-0500] {dag.py:2941} INFO - Sync 1 DAGs
[2023-11-09T19:27:52.336-0500] {logging_mixin.py:154} INFO - [2023-11-09T19:27:52.336-0500] {dag.py:3722} INFO - Setting next_dagrun for example_short_circuit_operator to 2023-11-09T00:27:52.335994+00:00, run_after=2023-11-10T00:27:52.335994+00:00
[2023-11-09T19:27:52.345-0500] {processor.py:179} INFO - Processing /Users/az/anaconda3/envs/python38/lib/python3.8/site-packages/airflow/example_dags/example_short_circuit_operator.py took 0.157 seconds
[2023-11-09T19:29:00.523-0500] {processor.py:157} INFO - Started process (PID=50937) to work on /Users/az/anaconda3/envs/python38/lib/python3.8/site-packages/airflow/example_dags/example_short_circuit_operator.py
[2023-11-09T19:29:00.528-0500] {processor.py:829} INFO - Processing file /Users/az/anaconda3/envs/python38/lib/python3.8/site-packages/airflow/example_dags/example_short_circuit_operator.py for tasks to queue
[2023-11-09T19:29:00.528-0500] {logging_mixin.py:154} INFO - [2023-11-09T19:29:00.528-0500] {dagbag.py:536} INFO - Filling up the DagBag from /Users/az/anaconda3/envs/python38/lib/python3.8/site-packages/airflow/example_dags/example_short_circuit_operator.py
[2023-11-09T19:29:00.551-0500] {processor.py:839} INFO - DAG(s) dict_keys(['example_short_circuit_operator']) retrieved from /Users/az/anaconda3/envs/python38/lib/python3.8/site-packages/airflow/example_dags/example_short_circuit_operator.py
[2023-11-09T19:29:00.660-0500] {logging_mixin.py:154} INFO - [2023-11-09T19:29:00.660-0500] {dag.py:2941} INFO - Sync 1 DAGs
[2023-11-09T19:29:00.670-0500] {logging_mixin.py:154} INFO - [2023-11-09T19:29:00.670-0500] {dag.py:3722} INFO - Setting next_dagrun for example_short_circuit_operator to 2023-11-09T00:29:00.670066+00:00, run_after=2023-11-10T00:29:00.670066+00:00
[2023-11-09T19:29:00.680-0500] {processor.py:179} INFO - Processing /Users/az/anaconda3/envs/python38/lib/python3.8/site-packages/airflow/example_dags/example_short_circuit_operator.py took 0.158 seconds
[2023-11-09T19:31:04.618-0500] {processor.py:157} INFO - Started process (PID=51088) to work on /Users/az/anaconda3/envs/python38/lib/python3.8/site-packages/airflow/example_dags/example_short_circuit_operator.py
[2023-11-09T19:31:04.622-0500] {processor.py:829} INFO - Processing file /Users/az/anaconda3/envs/python38/lib/python3.8/site-packages/airflow/example_dags/example_short_circuit_operator.py for tasks to queue
[2023-11-09T19:31:04.623-0500] {logging_mixin.py:154} INFO - [2023-11-09T19:31:04.623-0500] {dagbag.py:536} INFO - Filling up the DagBag from /Users/az/anaconda3/envs/python38/lib/python3.8/site-packages/airflow/example_dags/example_short_circuit_operator.py
[2023-11-09T19:31:04.648-0500] {processor.py:839} INFO - DAG(s) dict_keys(['example_short_circuit_operator']) retrieved from /Users/az/anaconda3/envs/python38/lib/python3.8/site-packages/airflow/example_dags/example_short_circuit_operator.py
[2023-11-09T19:31:04.757-0500] {logging_mixin.py:154} INFO - [2023-11-09T19:31:04.757-0500] {dag.py:2941} INFO - Sync 1 DAGs
[2023-11-09T19:31:04.766-0500] {logging_mixin.py:154} INFO - [2023-11-09T19:31:04.766-0500] {dag.py:3722} INFO - Setting next_dagrun for example_short_circuit_operator to 2023-11-09T00:31:04.766756+00:00, run_after=2023-11-10T00:31:04.766756+00:00
[2023-11-09T19:31:04.777-0500] {processor.py:179} INFO - Processing /Users/az/anaconda3/envs/python38/lib/python3.8/site-packages/airflow/example_dags/example_short_circuit_operator.py took 0.160 seconds
[2023-11-09T19:33:19.049-0500] {processor.py:157} INFO - Started process (PID=51254) to work on /Users/az/anaconda3/envs/python38/lib/python3.8/site-packages/airflow/example_dags/example_short_circuit_operator.py
[2023-11-09T19:33:19.054-0500] {processor.py:829} INFO - Processing file /Users/az/anaconda3/envs/python38/lib/python3.8/site-packages/airflow/example_dags/example_short_circuit_operator.py for tasks to queue
[2023-11-09T19:33:19.055-0500] {logging_mixin.py:154} INFO - [2023-11-09T19:33:19.055-0500] {dagbag.py:536} INFO - Filling up the DagBag from /Users/az/anaconda3/envs/python38/lib/python3.8/site-packages/airflow/example_dags/example_short_circuit_operator.py
[2023-11-09T19:33:19.077-0500] {processor.py:839} INFO - DAG(s) dict_keys(['example_short_circuit_operator']) retrieved from /Users/az/anaconda3/envs/python38/lib/python3.8/site-packages/airflow/example_dags/example_short_circuit_operator.py
[2023-11-09T19:33:19.186-0500] {logging_mixin.py:154} INFO - [2023-11-09T19:33:19.186-0500] {dag.py:2941} INFO - Sync 1 DAGs
[2023-11-09T19:33:19.196-0500] {logging_mixin.py:154} INFO - [2023-11-09T19:33:19.196-0500] {dag.py:3722} INFO - Setting next_dagrun for example_short_circuit_operator to 2023-11-09T00:33:19.196488+00:00, run_after=2023-11-10T00:33:19.196488+00:00
[2023-11-09T19:33:19.206-0500] {processor.py:179} INFO - Processing /Users/az/anaconda3/envs/python38/lib/python3.8/site-packages/airflow/example_dags/example_short_circuit_operator.py took 0.157 seconds
[2023-11-09T19:35:40.709-0500] {processor.py:157} INFO - Started process (PID=53274) to work on /Users/az/anaconda3/envs/python38/lib/python3.8/site-packages/airflow/example_dags/example_short_circuit_operator.py
[2023-11-09T19:35:40.714-0500] {processor.py:829} INFO - Processing file /Users/az/anaconda3/envs/python38/lib/python3.8/site-packages/airflow/example_dags/example_short_circuit_operator.py for tasks to queue
[2023-11-09T19:35:40.715-0500] {logging_mixin.py:154} INFO - [2023-11-09T19:35:40.714-0500] {dagbag.py:536} INFO - Filling up the DagBag from /Users/az/anaconda3/envs/python38/lib/python3.8/site-packages/airflow/example_dags/example_short_circuit_operator.py
[2023-11-09T19:35:40.738-0500] {processor.py:839} INFO - DAG(s) dict_keys(['example_short_circuit_operator']) retrieved from /Users/az/anaconda3/envs/python38/lib/python3.8/site-packages/airflow/example_dags/example_short_circuit_operator.py
[2023-11-09T19:35:40.846-0500] {logging_mixin.py:154} INFO - [2023-11-09T19:35:40.846-0500] {dag.py:2941} INFO - Sync 1 DAGs
[2023-11-09T19:35:40.856-0500] {logging_mixin.py:154} INFO - [2023-11-09T19:35:40.856-0500] {dag.py:3722} INFO - Setting next_dagrun for example_short_circuit_operator to 2023-11-09T00:35:40.856285+00:00, run_after=2023-11-10T00:35:40.856285+00:00
[2023-11-09T19:35:40.866-0500] {processor.py:179} INFO - Processing /Users/az/anaconda3/envs/python38/lib/python3.8/site-packages/airflow/example_dags/example_short_circuit_operator.py took 0.157 seconds
[2023-11-09T19:37:36.509-0500] {processor.py:157} INFO - Started process (PID=53423) to work on /Users/az/anaconda3/envs/python38/lib/python3.8/site-packages/airflow/example_dags/example_short_circuit_operator.py
[2023-11-09T19:37:36.513-0500] {processor.py:829} INFO - Processing file /Users/az/anaconda3/envs/python38/lib/python3.8/site-packages/airflow/example_dags/example_short_circuit_operator.py for tasks to queue
[2023-11-09T19:37:36.513-0500] {logging_mixin.py:154} INFO - [2023-11-09T19:37:36.513-0500] {dagbag.py:536} INFO - Filling up the DagBag from /Users/az/anaconda3/envs/python38/lib/python3.8/site-packages/airflow/example_dags/example_short_circuit_operator.py
[2023-11-09T19:37:36.536-0500] {processor.py:839} INFO - DAG(s) dict_keys(['example_short_circuit_operator']) retrieved from /Users/az/anaconda3/envs/python38/lib/python3.8/site-packages/airflow/example_dags/example_short_circuit_operator.py
[2023-11-09T19:37:36.644-0500] {logging_mixin.py:154} INFO - [2023-11-09T19:37:36.644-0500] {dag.py:2941} INFO - Sync 1 DAGs
[2023-11-09T19:37:36.654-0500] {logging_mixin.py:154} INFO - [2023-11-09T19:37:36.654-0500] {dag.py:3722} INFO - Setting next_dagrun for example_short_circuit_operator to 2023-11-09T00:37:36.654128+00:00, run_after=2023-11-10T00:37:36.654128+00:00
[2023-11-09T19:37:36.664-0500] {processor.py:179} INFO - Processing /Users/az/anaconda3/envs/python38/lib/python3.8/site-packages/airflow/example_dags/example_short_circuit_operator.py took 0.156 seconds
[2023-11-09T19:39:36.446-0500] {processor.py:157} INFO - Started process (PID=53574) to work on /Users/az/anaconda3/envs/python38/lib/python3.8/site-packages/airflow/example_dags/example_short_circuit_operator.py
[2023-11-09T19:39:36.451-0500] {processor.py:829} INFO - Processing file /Users/az/anaconda3/envs/python38/lib/python3.8/site-packages/airflow/example_dags/example_short_circuit_operator.py for tasks to queue
[2023-11-09T19:39:36.451-0500] {logging_mixin.py:154} INFO - [2023-11-09T19:39:36.451-0500] {dagbag.py:536} INFO - Filling up the DagBag from /Users/az/anaconda3/envs/python38/lib/python3.8/site-packages/airflow/example_dags/example_short_circuit_operator.py
[2023-11-09T19:39:36.474-0500] {processor.py:839} INFO - DAG(s) dict_keys(['example_short_circuit_operator']) retrieved from /Users/az/anaconda3/envs/python38/lib/python3.8/site-packages/airflow/example_dags/example_short_circuit_operator.py
[2023-11-09T19:39:36.583-0500] {logging_mixin.py:154} INFO - [2023-11-09T19:39:36.583-0500] {dag.py:2941} INFO - Sync 1 DAGs
[2023-11-09T19:39:36.593-0500] {logging_mixin.py:154} INFO - [2023-11-09T19:39:36.592-0500] {dag.py:3722} INFO - Setting next_dagrun for example_short_circuit_operator to 2023-11-09T00:39:36.592863+00:00, run_after=2023-11-10T00:39:36.592863+00:00
[2023-11-09T19:39:36.603-0500] {processor.py:179} INFO - Processing /Users/az/anaconda3/envs/python38/lib/python3.8/site-packages/airflow/example_dags/example_short_circuit_operator.py took 0.157 seconds
[2023-11-09T19:41:36.820-0500] {processor.py:157} INFO - Started process (PID=53739) to work on /Users/az/anaconda3/envs/python38/lib/python3.8/site-packages/airflow/example_dags/example_short_circuit_operator.py
[2023-11-09T19:41:36.824-0500] {processor.py:829} INFO - Processing file /Users/az/anaconda3/envs/python38/lib/python3.8/site-packages/airflow/example_dags/example_short_circuit_operator.py for tasks to queue
[2023-11-09T19:41:36.825-0500] {logging_mixin.py:154} INFO - [2023-11-09T19:41:36.824-0500] {dagbag.py:536} INFO - Filling up the DagBag from /Users/az/anaconda3/envs/python38/lib/python3.8/site-packages/airflow/example_dags/example_short_circuit_operator.py
[2023-11-09T19:41:36.854-0500] {processor.py:839} INFO - DAG(s) dict_keys(['example_short_circuit_operator']) retrieved from /Users/az/anaconda3/envs/python38/lib/python3.8/site-packages/airflow/example_dags/example_short_circuit_operator.py
[2023-11-09T19:41:36.988-0500] {logging_mixin.py:154} INFO - [2023-11-09T19:41:36.988-0500] {dag.py:2941} INFO - Sync 1 DAGs
[2023-11-09T19:41:36.998-0500] {logging_mixin.py:154} INFO - [2023-11-09T19:41:36.998-0500] {dag.py:3722} INFO - Setting next_dagrun for example_short_circuit_operator to 2023-11-09T00:41:36.998702+00:00, run_after=2023-11-10T00:41:36.998702+00:00
[2023-11-09T19:41:37.009-0500] {processor.py:179} INFO - Processing /Users/az/anaconda3/envs/python38/lib/python3.8/site-packages/airflow/example_dags/example_short_circuit_operator.py took 0.190 seconds
[2023-11-09T19:42:44.887-0500] {processor.py:157} INFO - Started process (PID=54106) to work on /Users/az/anaconda3/envs/python38/lib/python3.8/site-packages/airflow/example_dags/example_short_circuit_operator.py
[2023-11-09T19:42:44.891-0500] {processor.py:829} INFO - Processing file /Users/az/anaconda3/envs/python38/lib/python3.8/site-packages/airflow/example_dags/example_short_circuit_operator.py for tasks to queue
[2023-11-09T19:42:44.892-0500] {logging_mixin.py:154} INFO - [2023-11-09T19:42:44.892-0500] {dagbag.py:536} INFO - Filling up the DagBag from /Users/az/anaconda3/envs/python38/lib/python3.8/site-packages/airflow/example_dags/example_short_circuit_operator.py
[2023-11-09T19:42:44.915-0500] {processor.py:839} INFO - DAG(s) dict_keys(['example_short_circuit_operator']) retrieved from /Users/az/anaconda3/envs/python38/lib/python3.8/site-packages/airflow/example_dags/example_short_circuit_operator.py
[2023-11-09T19:42:45.023-0500] {logging_mixin.py:154} INFO - [2023-11-09T19:42:45.023-0500] {dag.py:2941} INFO - Sync 1 DAGs
[2023-11-09T19:42:45.045-0500] {logging_mixin.py:154} INFO - [2023-11-09T19:42:45.045-0500] {dag.py:3722} INFO - Setting next_dagrun for example_short_circuit_operator to 2023-11-09T00:42:45.045290+00:00, run_after=2023-11-10T00:42:45.045290+00:00
[2023-11-09T19:42:45.055-0500] {processor.py:179} INFO - Processing /Users/az/anaconda3/envs/python38/lib/python3.8/site-packages/airflow/example_dags/example_short_circuit_operator.py took 0.169 seconds
[2023-11-09T19:44:42.019-0500] {processor.py:157} INFO - Started process (PID=54259) to work on /Users/az/anaconda3/envs/python38/lib/python3.8/site-packages/airflow/example_dags/example_short_circuit_operator.py
[2023-11-09T19:44:42.024-0500] {processor.py:829} INFO - Processing file /Users/az/anaconda3/envs/python38/lib/python3.8/site-packages/airflow/example_dags/example_short_circuit_operator.py for tasks to queue
[2023-11-09T19:44:42.024-0500] {logging_mixin.py:154} INFO - [2023-11-09T19:44:42.024-0500] {dagbag.py:536} INFO - Filling up the DagBag from /Users/az/anaconda3/envs/python38/lib/python3.8/site-packages/airflow/example_dags/example_short_circuit_operator.py
[2023-11-09T19:44:42.047-0500] {processor.py:839} INFO - DAG(s) dict_keys(['example_short_circuit_operator']) retrieved from /Users/az/anaconda3/envs/python38/lib/python3.8/site-packages/airflow/example_dags/example_short_circuit_operator.py
[2023-11-09T19:44:42.155-0500] {logging_mixin.py:154} INFO - [2023-11-09T19:44:42.155-0500] {dag.py:2941} INFO - Sync 1 DAGs
[2023-11-09T19:44:42.165-0500] {logging_mixin.py:154} INFO - [2023-11-09T19:44:42.165-0500] {dag.py:3722} INFO - Setting next_dagrun for example_short_circuit_operator to 2023-11-09T00:44:42.165476+00:00, run_after=2023-11-10T00:44:42.165476+00:00
[2023-11-09T19:44:42.175-0500] {processor.py:179} INFO - Processing /Users/az/anaconda3/envs/python38/lib/python3.8/site-packages/airflow/example_dags/example_short_circuit_operator.py took 0.157 seconds
[2023-11-09T19:45:47.178-0500] {processor.py:157} INFO - Started process (PID=54340) to work on /Users/az/anaconda3/envs/python38/lib/python3.8/site-packages/airflow/example_dags/example_short_circuit_operator.py
[2023-11-09T19:45:47.183-0500] {processor.py:829} INFO - Processing file /Users/az/anaconda3/envs/python38/lib/python3.8/site-packages/airflow/example_dags/example_short_circuit_operator.py for tasks to queue
[2023-11-09T19:45:47.183-0500] {logging_mixin.py:154} INFO - [2023-11-09T19:45:47.183-0500] {dagbag.py:536} INFO - Filling up the DagBag from /Users/az/anaconda3/envs/python38/lib/python3.8/site-packages/airflow/example_dags/example_short_circuit_operator.py
[2023-11-09T19:45:47.206-0500] {processor.py:839} INFO - DAG(s) dict_keys(['example_short_circuit_operator']) retrieved from /Users/az/anaconda3/envs/python38/lib/python3.8/site-packages/airflow/example_dags/example_short_circuit_operator.py
[2023-11-09T19:45:47.315-0500] {logging_mixin.py:154} INFO - [2023-11-09T19:45:47.315-0500] {dag.py:2941} INFO - Sync 1 DAGs
[2023-11-09T19:45:47.324-0500] {logging_mixin.py:154} INFO - [2023-11-09T19:45:47.324-0500] {dag.py:3722} INFO - Setting next_dagrun for example_short_circuit_operator to 2023-11-09T00:45:47.324760+00:00, run_after=2023-11-10T00:45:47.324760+00:00
[2023-11-09T19:45:47.335-0500] {processor.py:179} INFO - Processing /Users/az/anaconda3/envs/python38/lib/python3.8/site-packages/airflow/example_dags/example_short_circuit_operator.py took 0.157 seconds
[2023-11-09T19:47:44.149-0500] {processor.py:157} INFO - Started process (PID=54493) to work on /Users/az/anaconda3/envs/python38/lib/python3.8/site-packages/airflow/example_dags/example_short_circuit_operator.py
[2023-11-09T19:47:44.153-0500] {processor.py:829} INFO - Processing file /Users/az/anaconda3/envs/python38/lib/python3.8/site-packages/airflow/example_dags/example_short_circuit_operator.py for tasks to queue
[2023-11-09T19:47:44.154-0500] {logging_mixin.py:154} INFO - [2023-11-09T19:47:44.154-0500] {dagbag.py:536} INFO - Filling up the DagBag from /Users/az/anaconda3/envs/python38/lib/python3.8/site-packages/airflow/example_dags/example_short_circuit_operator.py
[2023-11-09T19:47:44.177-0500] {processor.py:839} INFO - DAG(s) dict_keys(['example_short_circuit_operator']) retrieved from /Users/az/anaconda3/envs/python38/lib/python3.8/site-packages/airflow/example_dags/example_short_circuit_operator.py
[2023-11-09T19:47:44.286-0500] {logging_mixin.py:154} INFO - [2023-11-09T19:47:44.285-0500] {dag.py:2941} INFO - Sync 1 DAGs
[2023-11-09T19:47:44.295-0500] {logging_mixin.py:154} INFO - [2023-11-09T19:47:44.295-0500] {dag.py:3722} INFO - Setting next_dagrun for example_short_circuit_operator to 2023-11-09T00:47:44.295664+00:00, run_after=2023-11-10T00:47:44.295664+00:00
[2023-11-09T19:47:44.306-0500] {processor.py:179} INFO - Processing /Users/az/anaconda3/envs/python38/lib/python3.8/site-packages/airflow/example_dags/example_short_circuit_operator.py took 0.158 seconds
[2023-11-09T19:49:41.466-0500] {processor.py:157} INFO - Started process (PID=54637) to work on /Users/az/anaconda3/envs/python38/lib/python3.8/site-packages/airflow/example_dags/example_short_circuit_operator.py
[2023-11-09T19:49:41.471-0500] {processor.py:829} INFO - Processing file /Users/az/anaconda3/envs/python38/lib/python3.8/site-packages/airflow/example_dags/example_short_circuit_operator.py for tasks to queue
[2023-11-09T19:49:41.471-0500] {logging_mixin.py:154} INFO - [2023-11-09T19:49:41.471-0500] {dagbag.py:536} INFO - Filling up the DagBag from /Users/az/anaconda3/envs/python38/lib/python3.8/site-packages/airflow/example_dags/example_short_circuit_operator.py
[2023-11-09T19:49:41.494-0500] {processor.py:839} INFO - DAG(s) dict_keys(['example_short_circuit_operator']) retrieved from /Users/az/anaconda3/envs/python38/lib/python3.8/site-packages/airflow/example_dags/example_short_circuit_operator.py
[2023-11-09T19:49:41.603-0500] {logging_mixin.py:154} INFO - [2023-11-09T19:49:41.602-0500] {dag.py:2941} INFO - Sync 1 DAGs
[2023-11-09T19:49:41.612-0500] {logging_mixin.py:154} INFO - [2023-11-09T19:49:41.612-0500] {dag.py:3722} INFO - Setting next_dagrun for example_short_circuit_operator to 2023-11-09T00:49:41.612532+00:00, run_after=2023-11-10T00:49:41.612532+00:00
[2023-11-09T19:49:41.622-0500] {processor.py:179} INFO - Processing /Users/az/anaconda3/envs/python38/lib/python3.8/site-packages/airflow/example_dags/example_short_circuit_operator.py took 0.157 seconds
[2023-11-09T19:51:40.675-0500] {processor.py:157} INFO - Started process (PID=54787) to work on /Users/az/anaconda3/envs/python38/lib/python3.8/site-packages/airflow/example_dags/example_short_circuit_operator.py
[2023-11-09T19:51:40.679-0500] {processor.py:829} INFO - Processing file /Users/az/anaconda3/envs/python38/lib/python3.8/site-packages/airflow/example_dags/example_short_circuit_operator.py for tasks to queue
[2023-11-09T19:51:40.680-0500] {logging_mixin.py:154} INFO - [2023-11-09T19:51:40.680-0500] {dagbag.py:536} INFO - Filling up the DagBag from /Users/az/anaconda3/envs/python38/lib/python3.8/site-packages/airflow/example_dags/example_short_circuit_operator.py
[2023-11-09T19:51:40.703-0500] {processor.py:839} INFO - DAG(s) dict_keys(['example_short_circuit_operator']) retrieved from /Users/az/anaconda3/envs/python38/lib/python3.8/site-packages/airflow/example_dags/example_short_circuit_operator.py
[2023-11-09T19:51:40.812-0500] {logging_mixin.py:154} INFO - [2023-11-09T19:51:40.811-0500] {dag.py:2941} INFO - Sync 1 DAGs
[2023-11-09T19:51:40.821-0500] {logging_mixin.py:154} INFO - [2023-11-09T19:51:40.821-0500] {dag.py:3722} INFO - Setting next_dagrun for example_short_circuit_operator to 2023-11-09T00:51:40.821723+00:00, run_after=2023-11-10T00:51:40.821723+00:00
[2023-11-09T19:51:40.832-0500] {processor.py:179} INFO - Processing /Users/az/anaconda3/envs/python38/lib/python3.8/site-packages/airflow/example_dags/example_short_circuit_operator.py took 0.157 seconds
[2023-11-09T19:53:41.797-0500] {processor.py:157} INFO - Started process (PID=54949) to work on /Users/az/anaconda3/envs/python38/lib/python3.8/site-packages/airflow/example_dags/example_short_circuit_operator.py
[2023-11-09T19:53:41.801-0500] {processor.py:829} INFO - Processing file /Users/az/anaconda3/envs/python38/lib/python3.8/site-packages/airflow/example_dags/example_short_circuit_operator.py for tasks to queue
[2023-11-09T19:53:41.802-0500] {logging_mixin.py:154} INFO - [2023-11-09T19:53:41.801-0500] {dagbag.py:536} INFO - Filling up the DagBag from /Users/az/anaconda3/envs/python38/lib/python3.8/site-packages/airflow/example_dags/example_short_circuit_operator.py
[2023-11-09T19:53:41.825-0500] {processor.py:839} INFO - DAG(s) dict_keys(['example_short_circuit_operator']) retrieved from /Users/az/anaconda3/envs/python38/lib/python3.8/site-packages/airflow/example_dags/example_short_circuit_operator.py
[2023-11-09T19:53:41.936-0500] {logging_mixin.py:154} INFO - [2023-11-09T19:53:41.935-0500] {dag.py:2941} INFO - Sync 1 DAGs
[2023-11-09T19:53:41.946-0500] {logging_mixin.py:154} INFO - [2023-11-09T19:53:41.945-0500] {dag.py:3722} INFO - Setting next_dagrun for example_short_circuit_operator to 2023-11-09T00:53:41.945861+00:00, run_after=2023-11-10T00:53:41.945861+00:00
[2023-11-09T19:53:41.956-0500] {processor.py:179} INFO - Processing /Users/az/anaconda3/envs/python38/lib/python3.8/site-packages/airflow/example_dags/example_short_circuit_operator.py took 0.160 seconds
[2023-11-09T19:55:37.483-0500] {processor.py:157} INFO - Started process (PID=55093) to work on /Users/az/anaconda3/envs/python38/lib/python3.8/site-packages/airflow/example_dags/example_short_circuit_operator.py
[2023-11-09T19:55:37.488-0500] {processor.py:829} INFO - Processing file /Users/az/anaconda3/envs/python38/lib/python3.8/site-packages/airflow/example_dags/example_short_circuit_operator.py for tasks to queue
[2023-11-09T19:55:37.488-0500] {logging_mixin.py:154} INFO - [2023-11-09T19:55:37.488-0500] {dagbag.py:536} INFO - Filling up the DagBag from /Users/az/anaconda3/envs/python38/lib/python3.8/site-packages/airflow/example_dags/example_short_circuit_operator.py
[2023-11-09T19:55:37.511-0500] {processor.py:839} INFO - DAG(s) dict_keys(['example_short_circuit_operator']) retrieved from /Users/az/anaconda3/envs/python38/lib/python3.8/site-packages/airflow/example_dags/example_short_circuit_operator.py
[2023-11-09T19:55:37.620-0500] {logging_mixin.py:154} INFO - [2023-11-09T19:55:37.619-0500] {dag.py:2941} INFO - Sync 1 DAGs
[2023-11-09T19:55:37.629-0500] {logging_mixin.py:154} INFO - [2023-11-09T19:55:37.629-0500] {dag.py:3722} INFO - Setting next_dagrun for example_short_circuit_operator to 2023-11-09T00:55:37.629671+00:00, run_after=2023-11-10T00:55:37.629671+00:00
[2023-11-09T19:55:37.640-0500] {processor.py:179} INFO - Processing /Users/az/anaconda3/envs/python38/lib/python3.8/site-packages/airflow/example_dags/example_short_circuit_operator.py took 0.157 seconds
[2023-11-09T19:57:39.513-0500] {processor.py:157} INFO - Started process (PID=55256) to work on /Users/az/anaconda3/envs/python38/lib/python3.8/site-packages/airflow/example_dags/example_short_circuit_operator.py
[2023-11-09T19:57:39.518-0500] {processor.py:829} INFO - Processing file /Users/az/anaconda3/envs/python38/lib/python3.8/site-packages/airflow/example_dags/example_short_circuit_operator.py for tasks to queue
[2023-11-09T19:57:39.518-0500] {logging_mixin.py:154} INFO - [2023-11-09T19:57:39.518-0500] {dagbag.py:536} INFO - Filling up the DagBag from /Users/az/anaconda3/envs/python38/lib/python3.8/site-packages/airflow/example_dags/example_short_circuit_operator.py
[2023-11-09T19:57:39.542-0500] {processor.py:839} INFO - DAG(s) dict_keys(['example_short_circuit_operator']) retrieved from /Users/az/anaconda3/envs/python38/lib/python3.8/site-packages/airflow/example_dags/example_short_circuit_operator.py
[2023-11-09T19:57:39.653-0500] {logging_mixin.py:154} INFO - [2023-11-09T19:57:39.653-0500] {dag.py:2941} INFO - Sync 1 DAGs
[2023-11-09T19:57:39.663-0500] {logging_mixin.py:154} INFO - [2023-11-09T19:57:39.663-0500] {dag.py:3722} INFO - Setting next_dagrun for example_short_circuit_operator to 2023-11-09T00:57:39.663562+00:00, run_after=2023-11-10T00:57:39.663562+00:00
[2023-11-09T19:57:39.673-0500] {processor.py:179} INFO - Processing /Users/az/anaconda3/envs/python38/lib/python3.8/site-packages/airflow/example_dags/example_short_circuit_operator.py took 0.161 seconds
[2023-11-09T19:59:38.571-0500] {processor.py:157} INFO - Started process (PID=55405) to work on /Users/az/anaconda3/envs/python38/lib/python3.8/site-packages/airflow/example_dags/example_short_circuit_operator.py
[2023-11-09T19:59:38.575-0500] {processor.py:829} INFO - Processing file /Users/az/anaconda3/envs/python38/lib/python3.8/site-packages/airflow/example_dags/example_short_circuit_operator.py for tasks to queue
[2023-11-09T19:59:38.576-0500] {logging_mixin.py:154} INFO - [2023-11-09T19:59:38.575-0500] {dagbag.py:536} INFO - Filling up the DagBag from /Users/az/anaconda3/envs/python38/lib/python3.8/site-packages/airflow/example_dags/example_short_circuit_operator.py
[2023-11-09T19:59:38.600-0500] {processor.py:839} INFO - DAG(s) dict_keys(['example_short_circuit_operator']) retrieved from /Users/az/anaconda3/envs/python38/lib/python3.8/site-packages/airflow/example_dags/example_short_circuit_operator.py
[2023-11-09T19:59:38.713-0500] {logging_mixin.py:154} INFO - [2023-11-09T19:59:38.712-0500] {dag.py:2941} INFO - Sync 1 DAGs
[2023-11-09T19:59:38.723-0500] {logging_mixin.py:154} INFO - [2023-11-09T19:59:38.723-0500] {dag.py:3722} INFO - Setting next_dagrun for example_short_circuit_operator to 2023-11-09T00:59:38.723022+00:00, run_after=2023-11-10T00:59:38.723022+00:00
[2023-11-09T19:59:38.734-0500] {processor.py:179} INFO - Processing /Users/az/anaconda3/envs/python38/lib/python3.8/site-packages/airflow/example_dags/example_short_circuit_operator.py took 0.163 seconds
[2023-11-09T20:01:41.384-0500] {processor.py:157} INFO - Started process (PID=55563) to work on /Users/az/anaconda3/envs/python38/lib/python3.8/site-packages/airflow/example_dags/example_short_circuit_operator.py
[2023-11-09T20:01:41.388-0500] {processor.py:829} INFO - Processing file /Users/az/anaconda3/envs/python38/lib/python3.8/site-packages/airflow/example_dags/example_short_circuit_operator.py for tasks to queue
[2023-11-09T20:01:41.389-0500] {logging_mixin.py:154} INFO - [2023-11-09T20:01:41.389-0500] {dagbag.py:536} INFO - Filling up the DagBag from /Users/az/anaconda3/envs/python38/lib/python3.8/site-packages/airflow/example_dags/example_short_circuit_operator.py
[2023-11-09T20:01:41.411-0500] {processor.py:839} INFO - DAG(s) dict_keys(['example_short_circuit_operator']) retrieved from /Users/az/anaconda3/envs/python38/lib/python3.8/site-packages/airflow/example_dags/example_short_circuit_operator.py
[2023-11-09T20:01:41.520-0500] {logging_mixin.py:154} INFO - [2023-11-09T20:01:41.520-0500] {dag.py:2941} INFO - Sync 1 DAGs
[2023-11-09T20:01:41.530-0500] {logging_mixin.py:154} INFO - [2023-11-09T20:01:41.530-0500] {dag.py:3722} INFO - Setting next_dagrun for example_short_circuit_operator to 2023-11-09T01:01:41.530338+00:00, run_after=2023-11-10T01:01:41.530338+00:00
[2023-11-09T20:01:41.541-0500] {processor.py:179} INFO - Processing /Users/az/anaconda3/envs/python38/lib/python3.8/site-packages/airflow/example_dags/example_short_circuit_operator.py took 0.157 seconds
[2023-11-09T20:03:43.285-0500] {processor.py:157} INFO - Started process (PID=55723) to work on /Users/az/anaconda3/envs/python38/lib/python3.8/site-packages/airflow/example_dags/example_short_circuit_operator.py
[2023-11-09T20:03:43.290-0500] {processor.py:829} INFO - Processing file /Users/az/anaconda3/envs/python38/lib/python3.8/site-packages/airflow/example_dags/example_short_circuit_operator.py for tasks to queue
[2023-11-09T20:03:43.290-0500] {logging_mixin.py:154} INFO - [2023-11-09T20:03:43.290-0500] {dagbag.py:536} INFO - Filling up the DagBag from /Users/az/anaconda3/envs/python38/lib/python3.8/site-packages/airflow/example_dags/example_short_circuit_operator.py
[2023-11-09T20:03:43.315-0500] {processor.py:839} INFO - DAG(s) dict_keys(['example_short_circuit_operator']) retrieved from /Users/az/anaconda3/envs/python38/lib/python3.8/site-packages/airflow/example_dags/example_short_circuit_operator.py
[2023-11-09T20:03:43.428-0500] {logging_mixin.py:154} INFO - [2023-11-09T20:03:43.428-0500] {dag.py:2941} INFO - Sync 1 DAGs
[2023-11-09T20:03:43.438-0500] {logging_mixin.py:154} INFO - [2023-11-09T20:03:43.438-0500] {dag.py:3722} INFO - Setting next_dagrun for example_short_circuit_operator to 2023-11-09T01:03:43.438314+00:00, run_after=2023-11-10T01:03:43.438314+00:00
[2023-11-09T20:03:43.449-0500] {processor.py:179} INFO - Processing /Users/az/anaconda3/envs/python38/lib/python3.8/site-packages/airflow/example_dags/example_short_circuit_operator.py took 0.164 seconds
[2023-11-09T20:05:40.025-0500] {processor.py:157} INFO - Started process (PID=55876) to work on /Users/az/anaconda3/envs/python38/lib/python3.8/site-packages/airflow/example_dags/example_short_circuit_operator.py
[2023-11-09T20:05:40.030-0500] {processor.py:829} INFO - Processing file /Users/az/anaconda3/envs/python38/lib/python3.8/site-packages/airflow/example_dags/example_short_circuit_operator.py for tasks to queue
[2023-11-09T20:05:40.030-0500] {logging_mixin.py:154} INFO - [2023-11-09T20:05:40.030-0500] {dagbag.py:536} INFO - Filling up the DagBag from /Users/az/anaconda3/envs/python38/lib/python3.8/site-packages/airflow/example_dags/example_short_circuit_operator.py
[2023-11-09T20:05:40.054-0500] {processor.py:839} INFO - DAG(s) dict_keys(['example_short_circuit_operator']) retrieved from /Users/az/anaconda3/envs/python38/lib/python3.8/site-packages/airflow/example_dags/example_short_circuit_operator.py
[2023-11-09T20:05:40.162-0500] {logging_mixin.py:154} INFO - [2023-11-09T20:05:40.162-0500] {dag.py:2941} INFO - Sync 1 DAGs
[2023-11-09T20:05:40.172-0500] {logging_mixin.py:154} INFO - [2023-11-09T20:05:40.171-0500] {dag.py:3722} INFO - Setting next_dagrun for example_short_circuit_operator to 2023-11-09T01:05:40.171842+00:00, run_after=2023-11-10T01:05:40.171842+00:00
[2023-11-09T20:05:40.182-0500] {processor.py:179} INFO - Processing /Users/az/anaconda3/envs/python38/lib/python3.8/site-packages/airflow/example_dags/example_short_circuit_operator.py took 0.157 seconds
[2023-11-09T20:07:37.980-0500] {processor.py:157} INFO - Started process (PID=56043) to work on /Users/az/anaconda3/envs/python38/lib/python3.8/site-packages/airflow/example_dags/example_short_circuit_operator.py
[2023-11-09T20:07:37.985-0500] {processor.py:829} INFO - Processing file /Users/az/anaconda3/envs/python38/lib/python3.8/site-packages/airflow/example_dags/example_short_circuit_operator.py for tasks to queue
[2023-11-09T20:07:37.985-0500] {logging_mixin.py:154} INFO - [2023-11-09T20:07:37.985-0500] {dagbag.py:536} INFO - Filling up the DagBag from /Users/az/anaconda3/envs/python38/lib/python3.8/site-packages/airflow/example_dags/example_short_circuit_operator.py
[2023-11-09T20:07:38.012-0500] {processor.py:839} INFO - DAG(s) dict_keys(['example_short_circuit_operator']) retrieved from /Users/az/anaconda3/envs/python38/lib/python3.8/site-packages/airflow/example_dags/example_short_circuit_operator.py
[2023-11-09T20:07:38.138-0500] {logging_mixin.py:154} INFO - [2023-11-09T20:07:38.138-0500] {dag.py:2941} INFO - Sync 1 DAGs
[2023-11-09T20:07:38.148-0500] {logging_mixin.py:154} INFO - [2023-11-09T20:07:38.148-0500] {dag.py:3722} INFO - Setting next_dagrun for example_short_circuit_operator to 2023-11-09T01:07:38.148404+00:00, run_after=2023-11-10T01:07:38.148404+00:00
[2023-11-09T20:07:38.158-0500] {processor.py:179} INFO - Processing /Users/az/anaconda3/envs/python38/lib/python3.8/site-packages/airflow/example_dags/example_short_circuit_operator.py took 0.179 seconds
[2023-11-09T20:09:35.550-0500] {processor.py:157} INFO - Started process (PID=56210) to work on /Users/az/anaconda3/envs/python38/lib/python3.8/site-packages/airflow/example_dags/example_short_circuit_operator.py
[2023-11-09T20:09:35.555-0500] {processor.py:829} INFO - Processing file /Users/az/anaconda3/envs/python38/lib/python3.8/site-packages/airflow/example_dags/example_short_circuit_operator.py for tasks to queue
[2023-11-09T20:09:35.555-0500] {logging_mixin.py:154} INFO - [2023-11-09T20:09:35.555-0500] {dagbag.py:536} INFO - Filling up the DagBag from /Users/az/anaconda3/envs/python38/lib/python3.8/site-packages/airflow/example_dags/example_short_circuit_operator.py
[2023-11-09T20:09:35.579-0500] {processor.py:839} INFO - DAG(s) dict_keys(['example_short_circuit_operator']) retrieved from /Users/az/anaconda3/envs/python38/lib/python3.8/site-packages/airflow/example_dags/example_short_circuit_operator.py
[2023-11-09T20:09:35.687-0500] {logging_mixin.py:154} INFO - [2023-11-09T20:09:35.686-0500] {dag.py:2941} INFO - Sync 1 DAGs
[2023-11-09T20:09:35.696-0500] {logging_mixin.py:154} INFO - [2023-11-09T20:09:35.696-0500] {dag.py:3722} INFO - Setting next_dagrun for example_short_circuit_operator to 2023-11-09T01:09:35.696539+00:00, run_after=2023-11-10T01:09:35.696539+00:00
[2023-11-09T20:09:35.706-0500] {processor.py:179} INFO - Processing /Users/az/anaconda3/envs/python38/lib/python3.8/site-packages/airflow/example_dags/example_short_circuit_operator.py took 0.156 seconds
[2023-11-09T20:11:33.665-0500] {processor.py:157} INFO - Started process (PID=56364) to work on /Users/az/anaconda3/envs/python38/lib/python3.8/site-packages/airflow/example_dags/example_short_circuit_operator.py
[2023-11-09T20:11:33.670-0500] {processor.py:829} INFO - Processing file /Users/az/anaconda3/envs/python38/lib/python3.8/site-packages/airflow/example_dags/example_short_circuit_operator.py for tasks to queue
[2023-11-09T20:11:33.670-0500] {logging_mixin.py:154} INFO - [2023-11-09T20:11:33.670-0500] {dagbag.py:536} INFO - Filling up the DagBag from /Users/az/anaconda3/envs/python38/lib/python3.8/site-packages/airflow/example_dags/example_short_circuit_operator.py
[2023-11-09T20:11:33.693-0500] {processor.py:839} INFO - DAG(s) dict_keys(['example_short_circuit_operator']) retrieved from /Users/az/anaconda3/envs/python38/lib/python3.8/site-packages/airflow/example_dags/example_short_circuit_operator.py
[2023-11-09T20:11:33.802-0500] {logging_mixin.py:154} INFO - [2023-11-09T20:11:33.802-0500] {dag.py:2941} INFO - Sync 1 DAGs
[2023-11-09T20:11:33.812-0500] {logging_mixin.py:154} INFO - [2023-11-09T20:11:33.811-0500] {dag.py:3722} INFO - Setting next_dagrun for example_short_circuit_operator to 2023-11-09T01:11:33.811870+00:00, run_after=2023-11-10T01:11:33.811870+00:00
[2023-11-09T20:11:33.822-0500] {processor.py:179} INFO - Processing /Users/az/anaconda3/envs/python38/lib/python3.8/site-packages/airflow/example_dags/example_short_circuit_operator.py took 0.157 seconds
[2023-11-09T20:13:32.829-0500] {processor.py:157} INFO - Started process (PID=56538) to work on /Users/az/anaconda3/envs/python38/lib/python3.8/site-packages/airflow/example_dags/example_short_circuit_operator.py
[2023-11-09T20:13:32.833-0500] {processor.py:829} INFO - Processing file /Users/az/anaconda3/envs/python38/lib/python3.8/site-packages/airflow/example_dags/example_short_circuit_operator.py for tasks to queue
[2023-11-09T20:13:32.834-0500] {logging_mixin.py:154} INFO - [2023-11-09T20:13:32.834-0500] {dagbag.py:536} INFO - Filling up the DagBag from /Users/az/anaconda3/envs/python38/lib/python3.8/site-packages/airflow/example_dags/example_short_circuit_operator.py
[2023-11-09T20:13:32.857-0500] {processor.py:839} INFO - DAG(s) dict_keys(['example_short_circuit_operator']) retrieved from /Users/az/anaconda3/envs/python38/lib/python3.8/site-packages/airflow/example_dags/example_short_circuit_operator.py
[2023-11-09T20:13:32.966-0500] {logging_mixin.py:154} INFO - [2023-11-09T20:13:32.966-0500] {dag.py:2941} INFO - Sync 1 DAGs
[2023-11-09T20:13:32.975-0500] {logging_mixin.py:154} INFO - [2023-11-09T20:13:32.975-0500] {dag.py:3722} INFO - Setting next_dagrun for example_short_circuit_operator to 2023-11-09T01:13:32.975632+00:00, run_after=2023-11-10T01:13:32.975632+00:00
[2023-11-09T20:13:32.986-0500] {processor.py:179} INFO - Processing /Users/az/anaconda3/envs/python38/lib/python3.8/site-packages/airflow/example_dags/example_short_circuit_operator.py took 0.157 seconds
[2023-11-09T20:15:31.328-0500] {processor.py:157} INFO - Started process (PID=56694) to work on /Users/az/anaconda3/envs/python38/lib/python3.8/site-packages/airflow/example_dags/example_short_circuit_operator.py
[2023-11-09T20:15:31.333-0500] {processor.py:829} INFO - Processing file /Users/az/anaconda3/envs/python38/lib/python3.8/site-packages/airflow/example_dags/example_short_circuit_operator.py for tasks to queue
[2023-11-09T20:15:31.334-0500] {logging_mixin.py:154} INFO - [2023-11-09T20:15:31.333-0500] {dagbag.py:536} INFO - Filling up the DagBag from /Users/az/anaconda3/envs/python38/lib/python3.8/site-packages/airflow/example_dags/example_short_circuit_operator.py
[2023-11-09T20:15:31.357-0500] {processor.py:839} INFO - DAG(s) dict_keys(['example_short_circuit_operator']) retrieved from /Users/az/anaconda3/envs/python38/lib/python3.8/site-packages/airflow/example_dags/example_short_circuit_operator.py
[2023-11-09T20:15:31.467-0500] {logging_mixin.py:154} INFO - [2023-11-09T20:15:31.466-0500] {dag.py:2941} INFO - Sync 1 DAGs
[2023-11-09T20:15:31.476-0500] {logging_mixin.py:154} INFO - [2023-11-09T20:15:31.476-0500] {dag.py:3722} INFO - Setting next_dagrun for example_short_circuit_operator to 2023-11-09T01:15:31.476708+00:00, run_after=2023-11-10T01:15:31.476708+00:00
[2023-11-09T20:15:31.487-0500] {processor.py:179} INFO - Processing /Users/az/anaconda3/envs/python38/lib/python3.8/site-packages/airflow/example_dags/example_short_circuit_operator.py took 0.159 seconds
[2023-11-09T20:17:30.848-0500] {processor.py:157} INFO - Started process (PID=56844) to work on /Users/az/anaconda3/envs/python38/lib/python3.8/site-packages/airflow/example_dags/example_short_circuit_operator.py
[2023-11-09T20:17:30.853-0500] {processor.py:829} INFO - Processing file /Users/az/anaconda3/envs/python38/lib/python3.8/site-packages/airflow/example_dags/example_short_circuit_operator.py for tasks to queue
[2023-11-09T20:17:30.853-0500] {logging_mixin.py:154} INFO - [2023-11-09T20:17:30.853-0500] {dagbag.py:536} INFO - Filling up the DagBag from /Users/az/anaconda3/envs/python38/lib/python3.8/site-packages/airflow/example_dags/example_short_circuit_operator.py
[2023-11-09T20:17:30.876-0500] {processor.py:839} INFO - DAG(s) dict_keys(['example_short_circuit_operator']) retrieved from /Users/az/anaconda3/envs/python38/lib/python3.8/site-packages/airflow/example_dags/example_short_circuit_operator.py
[2023-11-09T20:17:30.985-0500] {logging_mixin.py:154} INFO - [2023-11-09T20:17:30.985-0500] {dag.py:2941} INFO - Sync 1 DAGs
[2023-11-09T20:17:30.995-0500] {logging_mixin.py:154} INFO - [2023-11-09T20:17:30.994-0500] {dag.py:3722} INFO - Setting next_dagrun for example_short_circuit_operator to 2023-11-09T01:17:30.994874+00:00, run_after=2023-11-10T01:17:30.994874+00:00
[2023-11-09T20:17:31.005-0500] {processor.py:179} INFO - Processing /Users/az/anaconda3/envs/python38/lib/python3.8/site-packages/airflow/example_dags/example_short_circuit_operator.py took 0.157 seconds
[2023-11-09T20:19:29.385-0500] {processor.py:157} INFO - Started process (PID=56993) to work on /Users/az/anaconda3/envs/python38/lib/python3.8/site-packages/airflow/example_dags/example_short_circuit_operator.py
[2023-11-09T20:19:29.389-0500] {processor.py:829} INFO - Processing file /Users/az/anaconda3/envs/python38/lib/python3.8/site-packages/airflow/example_dags/example_short_circuit_operator.py for tasks to queue
[2023-11-09T20:19:29.389-0500] {logging_mixin.py:154} INFO - [2023-11-09T20:19:29.389-0500] {dagbag.py:536} INFO - Filling up the DagBag from /Users/az/anaconda3/envs/python38/lib/python3.8/site-packages/airflow/example_dags/example_short_circuit_operator.py
[2023-11-09T20:19:29.413-0500] {processor.py:839} INFO - DAG(s) dict_keys(['example_short_circuit_operator']) retrieved from /Users/az/anaconda3/envs/python38/lib/python3.8/site-packages/airflow/example_dags/example_short_circuit_operator.py
[2023-11-09T20:19:29.523-0500] {logging_mixin.py:154} INFO - [2023-11-09T20:19:29.523-0500] {dag.py:2941} INFO - Sync 1 DAGs
[2023-11-09T20:19:29.533-0500] {logging_mixin.py:154} INFO - [2023-11-09T20:19:29.533-0500] {dag.py:3722} INFO - Setting next_dagrun for example_short_circuit_operator to 2023-11-09T01:19:29.533257+00:00, run_after=2023-11-10T01:19:29.533257+00:00
[2023-11-09T20:19:29.543-0500] {processor.py:179} INFO - Processing /Users/az/anaconda3/envs/python38/lib/python3.8/site-packages/airflow/example_dags/example_short_circuit_operator.py took 0.158 seconds
[2023-11-09T20:21:30.866-0500] {processor.py:157} INFO - Started process (PID=57140) to work on /Users/az/anaconda3/envs/python38/lib/python3.8/site-packages/airflow/example_dags/example_short_circuit_operator.py
[2023-11-09T20:21:30.871-0500] {processor.py:829} INFO - Processing file /Users/az/anaconda3/envs/python38/lib/python3.8/site-packages/airflow/example_dags/example_short_circuit_operator.py for tasks to queue
[2023-11-09T20:21:30.871-0500] {logging_mixin.py:154} INFO - [2023-11-09T20:21:30.871-0500] {dagbag.py:536} INFO - Filling up the DagBag from /Users/az/anaconda3/envs/python38/lib/python3.8/site-packages/airflow/example_dags/example_short_circuit_operator.py
[2023-11-09T20:21:30.894-0500] {processor.py:839} INFO - DAG(s) dict_keys(['example_short_circuit_operator']) retrieved from /Users/az/anaconda3/envs/python38/lib/python3.8/site-packages/airflow/example_dags/example_short_circuit_operator.py
[2023-11-09T20:21:31.003-0500] {logging_mixin.py:154} INFO - [2023-11-09T20:21:31.002-0500] {dag.py:2941} INFO - Sync 1 DAGs
[2023-11-09T20:21:31.012-0500] {logging_mixin.py:154} INFO - [2023-11-09T20:21:31.012-0500] {dag.py:3722} INFO - Setting next_dagrun for example_short_circuit_operator to 2023-11-09T01:21:31.012673+00:00, run_after=2023-11-10T01:21:31.012673+00:00
[2023-11-09T20:21:31.023-0500] {processor.py:179} INFO - Processing /Users/az/anaconda3/envs/python38/lib/python3.8/site-packages/airflow/example_dags/example_short_circuit_operator.py took 0.157 seconds
[2023-11-09T20:23:28.164-0500] {processor.py:157} INFO - Started process (PID=57303) to work on /Users/az/anaconda3/envs/python38/lib/python3.8/site-packages/airflow/example_dags/example_short_circuit_operator.py
[2023-11-09T20:23:28.169-0500] {processor.py:829} INFO - Processing file /Users/az/anaconda3/envs/python38/lib/python3.8/site-packages/airflow/example_dags/example_short_circuit_operator.py for tasks to queue
[2023-11-09T20:23:28.169-0500] {logging_mixin.py:154} INFO - [2023-11-09T20:23:28.169-0500] {dagbag.py:536} INFO - Filling up the DagBag from /Users/az/anaconda3/envs/python38/lib/python3.8/site-packages/airflow/example_dags/example_short_circuit_operator.py
[2023-11-09T20:23:28.193-0500] {processor.py:839} INFO - DAG(s) dict_keys(['example_short_circuit_operator']) retrieved from /Users/az/anaconda3/envs/python38/lib/python3.8/site-packages/airflow/example_dags/example_short_circuit_operator.py
[2023-11-09T20:23:28.301-0500] {logging_mixin.py:154} INFO - [2023-11-09T20:23:28.301-0500] {dag.py:2941} INFO - Sync 1 DAGs
[2023-11-09T20:23:28.311-0500] {logging_mixin.py:154} INFO - [2023-11-09T20:23:28.311-0500] {dag.py:3722} INFO - Setting next_dagrun for example_short_circuit_operator to 2023-11-09T01:23:28.311134+00:00, run_after=2023-11-10T01:23:28.311134+00:00
[2023-11-09T20:23:28.321-0500] {processor.py:179} INFO - Processing /Users/az/anaconda3/envs/python38/lib/python3.8/site-packages/airflow/example_dags/example_short_circuit_operator.py took 0.157 seconds
[2023-11-09T20:25:27.420-0500] {processor.py:157} INFO - Started process (PID=57452) to work on /Users/az/anaconda3/envs/python38/lib/python3.8/site-packages/airflow/example_dags/example_short_circuit_operator.py
[2023-11-09T20:25:27.425-0500] {processor.py:829} INFO - Processing file /Users/az/anaconda3/envs/python38/lib/python3.8/site-packages/airflow/example_dags/example_short_circuit_operator.py for tasks to queue
[2023-11-09T20:25:27.425-0500] {logging_mixin.py:154} INFO - [2023-11-09T20:25:27.425-0500] {dagbag.py:536} INFO - Filling up the DagBag from /Users/az/anaconda3/envs/python38/lib/python3.8/site-packages/airflow/example_dags/example_short_circuit_operator.py
[2023-11-09T20:25:27.449-0500] {processor.py:839} INFO - DAG(s) dict_keys(['example_short_circuit_operator']) retrieved from /Users/az/anaconda3/envs/python38/lib/python3.8/site-packages/airflow/example_dags/example_short_circuit_operator.py
[2023-11-09T20:25:27.558-0500] {logging_mixin.py:154} INFO - [2023-11-09T20:25:27.557-0500] {dag.py:2941} INFO - Sync 1 DAGs
[2023-11-09T20:25:27.567-0500] {logging_mixin.py:154} INFO - [2023-11-09T20:25:27.567-0500] {dag.py:3722} INFO - Setting next_dagrun for example_short_circuit_operator to 2023-11-09T01:25:27.567545+00:00, run_after=2023-11-10T01:25:27.567545+00:00
[2023-11-09T20:25:27.577-0500] {processor.py:179} INFO - Processing /Users/az/anaconda3/envs/python38/lib/python3.8/site-packages/airflow/example_dags/example_short_circuit_operator.py took 0.157 seconds
[2023-11-09T20:27:55.739-0500] {processor.py:157} INFO - Started process (PID=57605) to work on /Users/az/anaconda3/envs/python38/lib/python3.8/site-packages/airflow/example_dags/example_short_circuit_operator.py
[2023-11-09T20:27:55.744-0500] {processor.py:829} INFO - Processing file /Users/az/anaconda3/envs/python38/lib/python3.8/site-packages/airflow/example_dags/example_short_circuit_operator.py for tasks to queue
[2023-11-09T20:27:55.744-0500] {logging_mixin.py:154} INFO - [2023-11-09T20:27:55.744-0500] {dagbag.py:536} INFO - Filling up the DagBag from /Users/az/anaconda3/envs/python38/lib/python3.8/site-packages/airflow/example_dags/example_short_circuit_operator.py
[2023-11-09T20:27:55.767-0500] {processor.py:839} INFO - DAG(s) dict_keys(['example_short_circuit_operator']) retrieved from /Users/az/anaconda3/envs/python38/lib/python3.8/site-packages/airflow/example_dags/example_short_circuit_operator.py
[2023-11-09T20:27:55.875-0500] {logging_mixin.py:154} INFO - [2023-11-09T20:27:55.875-0500] {dag.py:2941} INFO - Sync 1 DAGs
[2023-11-09T20:27:55.885-0500] {logging_mixin.py:154} INFO - [2023-11-09T20:27:55.885-0500] {dag.py:3722} INFO - Setting next_dagrun for example_short_circuit_operator to 2023-11-09T01:27:55.885384+00:00, run_after=2023-11-10T01:27:55.885384+00:00
[2023-11-09T20:27:55.895-0500] {processor.py:179} INFO - Processing /Users/az/anaconda3/envs/python38/lib/python3.8/site-packages/airflow/example_dags/example_short_circuit_operator.py took 0.157 seconds
[2023-11-09T20:47:06.905-0500] {processor.py:157} INFO - Started process (PID=57848) to work on /Users/az/anaconda3/envs/python38/lib/python3.8/site-packages/airflow/example_dags/example_short_circuit_operator.py
[2023-11-09T20:47:06.910-0500] {processor.py:829} INFO - Processing file /Users/az/anaconda3/envs/python38/lib/python3.8/site-packages/airflow/example_dags/example_short_circuit_operator.py for tasks to queue
[2023-11-09T20:47:06.910-0500] {logging_mixin.py:154} INFO - [2023-11-09T20:47:06.910-0500] {dagbag.py:536} INFO - Filling up the DagBag from /Users/az/anaconda3/envs/python38/lib/python3.8/site-packages/airflow/example_dags/example_short_circuit_operator.py
[2023-11-09T20:47:06.933-0500] {processor.py:839} INFO - DAG(s) dict_keys(['example_short_circuit_operator']) retrieved from /Users/az/anaconda3/envs/python38/lib/python3.8/site-packages/airflow/example_dags/example_short_circuit_operator.py
[2023-11-09T20:47:07.042-0500] {logging_mixin.py:154} INFO - [2023-11-09T20:47:07.041-0500] {dag.py:2941} INFO - Sync 1 DAGs
[2023-11-09T20:47:07.051-0500] {logging_mixin.py:154} INFO - [2023-11-09T20:47:07.051-0500] {dag.py:3722} INFO - Setting next_dagrun for example_short_circuit_operator to 2023-11-09T01:47:07.051633+00:00, run_after=2023-11-10T01:47:07.051633+00:00
[2023-11-09T20:47:07.062-0500] {processor.py:179} INFO - Processing /Users/az/anaconda3/envs/python38/lib/python3.8/site-packages/airflow/example_dags/example_short_circuit_operator.py took 0.157 seconds
[2023-11-09T20:49:02.090-0500] {processor.py:157} INFO - Started process (PID=57991) to work on /Users/az/anaconda3/envs/python38/lib/python3.8/site-packages/airflow/example_dags/example_short_circuit_operator.py
[2023-11-09T20:49:02.094-0500] {processor.py:829} INFO - Processing file /Users/az/anaconda3/envs/python38/lib/python3.8/site-packages/airflow/example_dags/example_short_circuit_operator.py for tasks to queue
[2023-11-09T20:49:02.095-0500] {logging_mixin.py:154} INFO - [2023-11-09T20:49:02.094-0500] {dagbag.py:536} INFO - Filling up the DagBag from /Users/az/anaconda3/envs/python38/lib/python3.8/site-packages/airflow/example_dags/example_short_circuit_operator.py
[2023-11-09T20:49:02.118-0500] {processor.py:839} INFO - DAG(s) dict_keys(['example_short_circuit_operator']) retrieved from /Users/az/anaconda3/envs/python38/lib/python3.8/site-packages/airflow/example_dags/example_short_circuit_operator.py
[2023-11-09T20:49:02.228-0500] {logging_mixin.py:154} INFO - [2023-11-09T20:49:02.228-0500] {dag.py:2941} INFO - Sync 1 DAGs
[2023-11-09T20:49:02.238-0500] {logging_mixin.py:154} INFO - [2023-11-09T20:49:02.238-0500] {dag.py:3722} INFO - Setting next_dagrun for example_short_circuit_operator to 2023-11-09T01:49:02.238352+00:00, run_after=2023-11-10T01:49:02.238352+00:00
[2023-11-09T20:49:02.248-0500] {processor.py:179} INFO - Processing /Users/az/anaconda3/envs/python38/lib/python3.8/site-packages/airflow/example_dags/example_short_circuit_operator.py took 0.159 seconds
[2023-11-09T20:50:59.429-0500] {processor.py:157} INFO - Started process (PID=58144) to work on /Users/az/anaconda3/envs/python38/lib/python3.8/site-packages/airflow/example_dags/example_short_circuit_operator.py
[2023-11-09T20:50:59.439-0500] {processor.py:829} INFO - Processing file /Users/az/anaconda3/envs/python38/lib/python3.8/site-packages/airflow/example_dags/example_short_circuit_operator.py for tasks to queue
[2023-11-09T20:50:59.440-0500] {logging_mixin.py:154} INFO - [2023-11-09T20:50:59.440-0500] {dagbag.py:536} INFO - Filling up the DagBag from /Users/az/anaconda3/envs/python38/lib/python3.8/site-packages/airflow/example_dags/example_short_circuit_operator.py
[2023-11-09T20:50:59.576-0500] {processor.py:839} INFO - DAG(s) dict_keys(['example_short_circuit_operator']) retrieved from /Users/az/anaconda3/envs/python38/lib/python3.8/site-packages/airflow/example_dags/example_short_circuit_operator.py
[2023-11-09T20:51:00.052-0500] {logging_mixin.py:154} INFO - [2023-11-09T20:51:00.051-0500] {dag.py:2941} INFO - Sync 1 DAGs
[2023-11-09T20:51:00.090-0500] {logging_mixin.py:154} INFO - [2023-11-09T20:51:00.089-0500] {dag.py:3722} INFO - Setting next_dagrun for example_short_circuit_operator to 2023-11-09T01:51:00.089552+00:00, run_after=2023-11-10T01:51:00.089552+00:00
[2023-11-09T20:51:00.101-0500] {processor.py:179} INFO - Processing /Users/az/anaconda3/envs/python38/lib/python3.8/site-packages/airflow/example_dags/example_short_circuit_operator.py took 0.683 seconds
[2023-11-09T20:53:06.085-0500] {processor.py:157} INFO - Started process (PID=58300) to work on /Users/az/anaconda3/envs/python38/lib/python3.8/site-packages/airflow/example_dags/example_short_circuit_operator.py
[2023-11-09T20:53:06.090-0500] {processor.py:829} INFO - Processing file /Users/az/anaconda3/envs/python38/lib/python3.8/site-packages/airflow/example_dags/example_short_circuit_operator.py for tasks to queue
[2023-11-09T20:53:06.090-0500] {logging_mixin.py:154} INFO - [2023-11-09T20:53:06.090-0500] {dagbag.py:536} INFO - Filling up the DagBag from /Users/az/anaconda3/envs/python38/lib/python3.8/site-packages/airflow/example_dags/example_short_circuit_operator.py
[2023-11-09T20:53:06.113-0500] {processor.py:839} INFO - DAG(s) dict_keys(['example_short_circuit_operator']) retrieved from /Users/az/anaconda3/envs/python38/lib/python3.8/site-packages/airflow/example_dags/example_short_circuit_operator.py
[2023-11-09T20:53:06.222-0500] {logging_mixin.py:154} INFO - [2023-11-09T20:53:06.222-0500] {dag.py:2941} INFO - Sync 1 DAGs
[2023-11-09T20:53:06.232-0500] {logging_mixin.py:154} INFO - [2023-11-09T20:53:06.232-0500] {dag.py:3722} INFO - Setting next_dagrun for example_short_circuit_operator to 2023-11-09T01:53:06.232447+00:00, run_after=2023-11-10T01:53:06.232447+00:00
[2023-11-09T20:53:06.242-0500] {processor.py:179} INFO - Processing /Users/az/anaconda3/envs/python38/lib/python3.8/site-packages/airflow/example_dags/example_short_circuit_operator.py took 0.157 seconds
[2023-11-09T20:55:24.481-0500] {processor.py:157} INFO - Started process (PID=58471) to work on /Users/az/anaconda3/envs/python38/lib/python3.8/site-packages/airflow/example_dags/example_short_circuit_operator.py
[2023-11-09T20:55:24.486-0500] {processor.py:829} INFO - Processing file /Users/az/anaconda3/envs/python38/lib/python3.8/site-packages/airflow/example_dags/example_short_circuit_operator.py for tasks to queue
[2023-11-09T20:55:24.486-0500] {logging_mixin.py:154} INFO - [2023-11-09T20:55:24.486-0500] {dagbag.py:536} INFO - Filling up the DagBag from /Users/az/anaconda3/envs/python38/lib/python3.8/site-packages/airflow/example_dags/example_short_circuit_operator.py
[2023-11-09T20:55:24.509-0500] {processor.py:839} INFO - DAG(s) dict_keys(['example_short_circuit_operator']) retrieved from /Users/az/anaconda3/envs/python38/lib/python3.8/site-packages/airflow/example_dags/example_short_circuit_operator.py
[2023-11-09T20:55:24.618-0500] {logging_mixin.py:154} INFO - [2023-11-09T20:55:24.618-0500] {dag.py:2941} INFO - Sync 1 DAGs
[2023-11-09T20:55:24.627-0500] {logging_mixin.py:154} INFO - [2023-11-09T20:55:24.627-0500] {dag.py:3722} INFO - Setting next_dagrun for example_short_circuit_operator to 2023-11-09T01:55:24.627772+00:00, run_after=2023-11-10T01:55:24.627772+00:00
[2023-11-09T20:55:24.638-0500] {processor.py:179} INFO - Processing /Users/az/anaconda3/envs/python38/lib/python3.8/site-packages/airflow/example_dags/example_short_circuit_operator.py took 0.157 seconds
[2023-11-09T20:56:32.248-0500] {processor.py:157} INFO - Started process (PID=58553) to work on /Users/az/anaconda3/envs/python38/lib/python3.8/site-packages/airflow/example_dags/example_short_circuit_operator.py
[2023-11-09T20:56:32.252-0500] {processor.py:829} INFO - Processing file /Users/az/anaconda3/envs/python38/lib/python3.8/site-packages/airflow/example_dags/example_short_circuit_operator.py for tasks to queue
[2023-11-09T20:56:32.252-0500] {logging_mixin.py:154} INFO - [2023-11-09T20:56:32.252-0500] {dagbag.py:536} INFO - Filling up the DagBag from /Users/az/anaconda3/envs/python38/lib/python3.8/site-packages/airflow/example_dags/example_short_circuit_operator.py
[2023-11-09T20:56:32.277-0500] {processor.py:839} INFO - DAG(s) dict_keys(['example_short_circuit_operator']) retrieved from /Users/az/anaconda3/envs/python38/lib/python3.8/site-packages/airflow/example_dags/example_short_circuit_operator.py
[2023-11-09T20:56:32.392-0500] {logging_mixin.py:154} INFO - [2023-11-09T20:56:32.392-0500] {dag.py:2941} INFO - Sync 1 DAGs
[2023-11-09T20:56:32.402-0500] {logging_mixin.py:154} INFO - [2023-11-09T20:56:32.401-0500] {dag.py:3722} INFO - Setting next_dagrun for example_short_circuit_operator to 2023-11-09T01:56:32.401863+00:00, run_after=2023-11-10T01:56:32.401863+00:00
[2023-11-09T20:56:32.412-0500] {processor.py:179} INFO - Processing /Users/az/anaconda3/envs/python38/lib/python3.8/site-packages/airflow/example_dags/example_short_circuit_operator.py took 0.164 seconds
[2023-11-09T20:58:40.117-0500] {processor.py:157} INFO - Started process (PID=58703) to work on /Users/az/anaconda3/envs/python38/lib/python3.8/site-packages/airflow/example_dags/example_short_circuit_operator.py
[2023-11-09T20:58:40.122-0500] {processor.py:829} INFO - Processing file /Users/az/anaconda3/envs/python38/lib/python3.8/site-packages/airflow/example_dags/example_short_circuit_operator.py for tasks to queue
[2023-11-09T20:58:40.122-0500] {logging_mixin.py:154} INFO - [2023-11-09T20:58:40.122-0500] {dagbag.py:536} INFO - Filling up the DagBag from /Users/az/anaconda3/envs/python38/lib/python3.8/site-packages/airflow/example_dags/example_short_circuit_operator.py
[2023-11-09T20:58:40.150-0500] {processor.py:839} INFO - DAG(s) dict_keys(['example_short_circuit_operator']) retrieved from /Users/az/anaconda3/envs/python38/lib/python3.8/site-packages/airflow/example_dags/example_short_circuit_operator.py
[2023-11-09T20:58:40.263-0500] {logging_mixin.py:154} INFO - [2023-11-09T20:58:40.263-0500] {dag.py:2941} INFO - Sync 1 DAGs
[2023-11-09T20:58:40.273-0500] {logging_mixin.py:154} INFO - [2023-11-09T20:58:40.272-0500] {dag.py:3722} INFO - Setting next_dagrun for example_short_circuit_operator to 2023-11-09T01:58:40.272861+00:00, run_after=2023-11-10T01:58:40.272861+00:00
[2023-11-09T20:58:40.284-0500] {processor.py:179} INFO - Processing /Users/az/anaconda3/envs/python38/lib/python3.8/site-packages/airflow/example_dags/example_short_circuit_operator.py took 0.167 seconds
[2023-11-09T21:00:55.423-0500] {processor.py:157} INFO - Started process (PID=58884) to work on /Users/az/anaconda3/envs/python38/lib/python3.8/site-packages/airflow/example_dags/example_short_circuit_operator.py
[2023-11-09T21:00:55.427-0500] {processor.py:829} INFO - Processing file /Users/az/anaconda3/envs/python38/lib/python3.8/site-packages/airflow/example_dags/example_short_circuit_operator.py for tasks to queue
[2023-11-09T21:00:55.427-0500] {logging_mixin.py:154} INFO - [2023-11-09T21:00:55.427-0500] {dagbag.py:536} INFO - Filling up the DagBag from /Users/az/anaconda3/envs/python38/lib/python3.8/site-packages/airflow/example_dags/example_short_circuit_operator.py
[2023-11-09T21:00:55.450-0500] {processor.py:839} INFO - DAG(s) dict_keys(['example_short_circuit_operator']) retrieved from /Users/az/anaconda3/envs/python38/lib/python3.8/site-packages/airflow/example_dags/example_short_circuit_operator.py
[2023-11-09T21:00:55.558-0500] {logging_mixin.py:154} INFO - [2023-11-09T21:00:55.558-0500] {dag.py:2941} INFO - Sync 1 DAGs
[2023-11-09T21:00:55.568-0500] {logging_mixin.py:154} INFO - [2023-11-09T21:00:55.568-0500] {dag.py:3722} INFO - Setting next_dagrun for example_short_circuit_operator to 2023-11-09T02:00:55.567942+00:00, run_after=2023-11-10T02:00:55.567942+00:00
[2023-11-09T21:00:55.578-0500] {processor.py:179} INFO - Processing /Users/az/anaconda3/envs/python38/lib/python3.8/site-packages/airflow/example_dags/example_short_circuit_operator.py took 0.156 seconds
[2023-11-09T21:03:00.084-0500] {processor.py:157} INFO - Started process (PID=59047) to work on /Users/az/anaconda3/envs/python38/lib/python3.8/site-packages/airflow/example_dags/example_short_circuit_operator.py
[2023-11-09T21:03:00.089-0500] {processor.py:829} INFO - Processing file /Users/az/anaconda3/envs/python38/lib/python3.8/site-packages/airflow/example_dags/example_short_circuit_operator.py for tasks to queue
[2023-11-09T21:03:00.089-0500] {logging_mixin.py:154} INFO - [2023-11-09T21:03:00.089-0500] {dagbag.py:536} INFO - Filling up the DagBag from /Users/az/anaconda3/envs/python38/lib/python3.8/site-packages/airflow/example_dags/example_short_circuit_operator.py
[2023-11-09T21:03:00.112-0500] {processor.py:839} INFO - DAG(s) dict_keys(['example_short_circuit_operator']) retrieved from /Users/az/anaconda3/envs/python38/lib/python3.8/site-packages/airflow/example_dags/example_short_circuit_operator.py
[2023-11-09T21:03:00.221-0500] {logging_mixin.py:154} INFO - [2023-11-09T21:03:00.221-0500] {dag.py:2941} INFO - Sync 1 DAGs
[2023-11-09T21:03:00.231-0500] {logging_mixin.py:154} INFO - [2023-11-09T21:03:00.231-0500] {dag.py:3722} INFO - Setting next_dagrun for example_short_circuit_operator to 2023-11-09T02:03:00.231049+00:00, run_after=2023-11-10T02:03:00.231049+00:00
[2023-11-09T21:03:00.241-0500] {processor.py:179} INFO - Processing /Users/az/anaconda3/envs/python38/lib/python3.8/site-packages/airflow/example_dags/example_short_circuit_operator.py took 0.157 seconds
[2023-11-09T21:05:00.204-0500] {processor.py:157} INFO - Started process (PID=59222) to work on /Users/az/anaconda3/envs/python38/lib/python3.8/site-packages/airflow/example_dags/example_short_circuit_operator.py
[2023-11-09T21:05:00.209-0500] {processor.py:829} INFO - Processing file /Users/az/anaconda3/envs/python38/lib/python3.8/site-packages/airflow/example_dags/example_short_circuit_operator.py for tasks to queue
[2023-11-09T21:05:00.209-0500] {logging_mixin.py:154} INFO - [2023-11-09T21:05:00.209-0500] {dagbag.py:536} INFO - Filling up the DagBag from /Users/az/anaconda3/envs/python38/lib/python3.8/site-packages/airflow/example_dags/example_short_circuit_operator.py
[2023-11-09T21:05:00.233-0500] {processor.py:839} INFO - DAG(s) dict_keys(['example_short_circuit_operator']) retrieved from /Users/az/anaconda3/envs/python38/lib/python3.8/site-packages/airflow/example_dags/example_short_circuit_operator.py
[2023-11-09T21:05:00.346-0500] {logging_mixin.py:154} INFO - [2023-11-09T21:05:00.346-0500] {dag.py:2941} INFO - Sync 1 DAGs
[2023-11-09T21:05:00.359-0500] {logging_mixin.py:154} INFO - [2023-11-09T21:05:00.359-0500] {dag.py:3722} INFO - Setting next_dagrun for example_short_circuit_operator to 2023-11-09T02:05:00.359037+00:00, run_after=2023-11-10T02:05:00.359037+00:00
[2023-11-09T21:05:00.370-0500] {processor.py:179} INFO - Processing /Users/az/anaconda3/envs/python38/lib/python3.8/site-packages/airflow/example_dags/example_short_circuit_operator.py took 0.166 seconds
[2023-11-09T21:07:03.521-0500] {processor.py:157} INFO - Started process (PID=59378) to work on /Users/az/anaconda3/envs/python38/lib/python3.8/site-packages/airflow/example_dags/example_short_circuit_operator.py
[2023-11-09T21:07:03.526-0500] {processor.py:829} INFO - Processing file /Users/az/anaconda3/envs/python38/lib/python3.8/site-packages/airflow/example_dags/example_short_circuit_operator.py for tasks to queue
[2023-11-09T21:07:03.527-0500] {logging_mixin.py:154} INFO - [2023-11-09T21:07:03.527-0500] {dagbag.py:536} INFO - Filling up the DagBag from /Users/az/anaconda3/envs/python38/lib/python3.8/site-packages/airflow/example_dags/example_short_circuit_operator.py
[2023-11-09T21:07:03.550-0500] {processor.py:839} INFO - DAG(s) dict_keys(['example_short_circuit_operator']) retrieved from /Users/az/anaconda3/envs/python38/lib/python3.8/site-packages/airflow/example_dags/example_short_circuit_operator.py
[2023-11-09T21:07:03.658-0500] {logging_mixin.py:154} INFO - [2023-11-09T21:07:03.658-0500] {dag.py:2941} INFO - Sync 1 DAGs
[2023-11-09T21:07:03.668-0500] {logging_mixin.py:154} INFO - [2023-11-09T21:07:03.668-0500] {dag.py:3722} INFO - Setting next_dagrun for example_short_circuit_operator to 2023-11-09T02:07:03.667973+00:00, run_after=2023-11-10T02:07:03.667973+00:00
[2023-11-09T21:07:03.678-0500] {processor.py:179} INFO - Processing /Users/az/anaconda3/envs/python38/lib/python3.8/site-packages/airflow/example_dags/example_short_circuit_operator.py took 0.157 seconds
[2023-11-09T21:09:00.533-0500] {processor.py:157} INFO - Started process (PID=59527) to work on /Users/az/anaconda3/envs/python38/lib/python3.8/site-packages/airflow/example_dags/example_short_circuit_operator.py
[2023-11-09T21:09:00.537-0500] {processor.py:829} INFO - Processing file /Users/az/anaconda3/envs/python38/lib/python3.8/site-packages/airflow/example_dags/example_short_circuit_operator.py for tasks to queue
[2023-11-09T21:09:00.538-0500] {logging_mixin.py:154} INFO - [2023-11-09T21:09:00.538-0500] {dagbag.py:536} INFO - Filling up the DagBag from /Users/az/anaconda3/envs/python38/lib/python3.8/site-packages/airflow/example_dags/example_short_circuit_operator.py
[2023-11-09T21:09:00.561-0500] {processor.py:839} INFO - DAG(s) dict_keys(['example_short_circuit_operator']) retrieved from /Users/az/anaconda3/envs/python38/lib/python3.8/site-packages/airflow/example_dags/example_short_circuit_operator.py
[2023-11-09T21:09:00.677-0500] {logging_mixin.py:154} INFO - [2023-11-09T21:09:00.677-0500] {dag.py:2941} INFO - Sync 1 DAGs
[2023-11-09T21:09:00.687-0500] {logging_mixin.py:154} INFO - [2023-11-09T21:09:00.687-0500] {dag.py:3722} INFO - Setting next_dagrun for example_short_circuit_operator to 2023-11-09T02:09:00.687184+00:00, run_after=2023-11-10T02:09:00.687184+00:00
[2023-11-09T21:09:00.700-0500] {processor.py:179} INFO - Processing /Users/az/anaconda3/envs/python38/lib/python3.8/site-packages/airflow/example_dags/example_short_circuit_operator.py took 0.167 seconds
[2023-11-09T21:11:03.498-0500] {processor.py:157} INFO - Started process (PID=59690) to work on /Users/az/anaconda3/envs/python38/lib/python3.8/site-packages/airflow/example_dags/example_short_circuit_operator.py
[2023-11-09T21:11:03.502-0500] {processor.py:829} INFO - Processing file /Users/az/anaconda3/envs/python38/lib/python3.8/site-packages/airflow/example_dags/example_short_circuit_operator.py for tasks to queue
[2023-11-09T21:11:03.503-0500] {logging_mixin.py:154} INFO - [2023-11-09T21:11:03.503-0500] {dagbag.py:536} INFO - Filling up the DagBag from /Users/az/anaconda3/envs/python38/lib/python3.8/site-packages/airflow/example_dags/example_short_circuit_operator.py
[2023-11-09T21:11:03.526-0500] {processor.py:839} INFO - DAG(s) dict_keys(['example_short_circuit_operator']) retrieved from /Users/az/anaconda3/envs/python38/lib/python3.8/site-packages/airflow/example_dags/example_short_circuit_operator.py
[2023-11-09T21:11:03.637-0500] {logging_mixin.py:154} INFO - [2023-11-09T21:11:03.637-0500] {dag.py:2941} INFO - Sync 1 DAGs
[2023-11-09T21:11:03.647-0500] {logging_mixin.py:154} INFO - [2023-11-09T21:11:03.647-0500] {dag.py:3722} INFO - Setting next_dagrun for example_short_circuit_operator to 2023-11-09T02:11:03.647442+00:00, run_after=2023-11-10T02:11:03.647442+00:00
[2023-11-09T21:11:03.658-0500] {processor.py:179} INFO - Processing /Users/az/anaconda3/envs/python38/lib/python3.8/site-packages/airflow/example_dags/example_short_circuit_operator.py took 0.161 seconds
[2023-11-09T21:13:01.501-0500] {processor.py:157} INFO - Started process (PID=59836) to work on /Users/az/anaconda3/envs/python38/lib/python3.8/site-packages/airflow/example_dags/example_short_circuit_operator.py
[2023-11-09T21:13:01.506-0500] {processor.py:829} INFO - Processing file /Users/az/anaconda3/envs/python38/lib/python3.8/site-packages/airflow/example_dags/example_short_circuit_operator.py for tasks to queue
[2023-11-09T21:13:01.506-0500] {logging_mixin.py:154} INFO - [2023-11-09T21:13:01.506-0500] {dagbag.py:536} INFO - Filling up the DagBag from /Users/az/anaconda3/envs/python38/lib/python3.8/site-packages/airflow/example_dags/example_short_circuit_operator.py
[2023-11-09T21:13:01.531-0500] {processor.py:839} INFO - DAG(s) dict_keys(['example_short_circuit_operator']) retrieved from /Users/az/anaconda3/envs/python38/lib/python3.8/site-packages/airflow/example_dags/example_short_circuit_operator.py
[2023-11-09T21:13:01.645-0500] {logging_mixin.py:154} INFO - [2023-11-09T21:13:01.645-0500] {dag.py:2941} INFO - Sync 1 DAGs
[2023-11-09T21:13:01.655-0500] {logging_mixin.py:154} INFO - [2023-11-09T21:13:01.655-0500] {dag.py:3722} INFO - Setting next_dagrun for example_short_circuit_operator to 2023-11-09T02:13:01.655424+00:00, run_after=2023-11-10T02:13:01.655424+00:00
[2023-11-09T21:13:01.666-0500] {processor.py:179} INFO - Processing /Users/az/anaconda3/envs/python38/lib/python3.8/site-packages/airflow/example_dags/example_short_circuit_operator.py took 0.165 seconds
