[2023-11-09T19:01:25.804-0500] {processor.py:157} INFO - Started process (PID=48867) to work on /Users/az/anaconda3/envs/python38/lib/python3.8/site-packages/airflow/example_dags/example_bash_operator.py
[2023-11-09T19:01:25.808-0500] {processor.py:829} INFO - Processing file /Users/az/anaconda3/envs/python38/lib/python3.8/site-packages/airflow/example_dags/example_bash_operator.py for tasks to queue
[2023-11-09T19:01:25.808-0500] {logging_mixin.py:154} INFO - [2023-11-09T19:01:25.808-0500] {dagbag.py:536} INFO - Filling up the DagBag from /Users/az/anaconda3/envs/python38/lib/python3.8/site-packages/airflow/example_dags/example_bash_operator.py
[2023-11-09T19:01:25.851-0500] {processor.py:839} INFO - DAG(s) dict_keys(['example_bash_operator']) retrieved from /Users/az/anaconda3/envs/python38/lib/python3.8/site-packages/airflow/example_dags/example_bash_operator.py
[2023-11-09T19:01:25.938-0500] {logging_mixin.py:154} INFO - [2023-11-09T19:01:25.938-0500] {dag.py:2941} INFO - Sync 1 DAGs
[2023-11-09T19:01:25.948-0500] {logging_mixin.py:154} INFO - [2023-11-09T19:01:25.948-0500] {dag.py:3722} INFO - Setting next_dagrun for example_bash_operator to 2023-11-09T00:00:00+00:00, run_after=2023-11-10T00:00:00+00:00
[2023-11-09T19:01:25.959-0500] {processor.py:179} INFO - Processing /Users/az/anaconda3/envs/python38/lib/python3.8/site-packages/airflow/example_dags/example_bash_operator.py took 0.155 seconds
[2023-11-09T19:03:33.520-0500] {processor.py:157} INFO - Started process (PID=49026) to work on /Users/az/anaconda3/envs/python38/lib/python3.8/site-packages/airflow/example_dags/example_bash_operator.py
[2023-11-09T19:03:33.525-0500] {processor.py:829} INFO - Processing file /Users/az/anaconda3/envs/python38/lib/python3.8/site-packages/airflow/example_dags/example_bash_operator.py for tasks to queue
[2023-11-09T19:03:33.525-0500] {logging_mixin.py:154} INFO - [2023-11-09T19:03:33.525-0500] {dagbag.py:536} INFO - Filling up the DagBag from /Users/az/anaconda3/envs/python38/lib/python3.8/site-packages/airflow/example_dags/example_bash_operator.py
[2023-11-09T19:03:33.569-0500] {processor.py:839} INFO - DAG(s) dict_keys(['example_bash_operator']) retrieved from /Users/az/anaconda3/envs/python38/lib/python3.8/site-packages/airflow/example_dags/example_bash_operator.py
[2023-11-09T19:03:33.655-0500] {logging_mixin.py:154} INFO - [2023-11-09T19:03:33.655-0500] {dag.py:2941} INFO - Sync 1 DAGs
[2023-11-09T19:03:33.665-0500] {logging_mixin.py:154} INFO - [2023-11-09T19:03:33.665-0500] {dag.py:3722} INFO - Setting next_dagrun for example_bash_operator to 2023-11-09T00:00:00+00:00, run_after=2023-11-10T00:00:00+00:00
[2023-11-09T19:03:33.675-0500] {processor.py:179} INFO - Processing /Users/az/anaconda3/envs/python38/lib/python3.8/site-packages/airflow/example_dags/example_bash_operator.py took 0.155 seconds
[2023-11-09T19:05:33.744-0500] {processor.py:157} INFO - Started process (PID=49180) to work on /Users/az/anaconda3/envs/python38/lib/python3.8/site-packages/airflow/example_dags/example_bash_operator.py
[2023-11-09T19:05:33.749-0500] {processor.py:829} INFO - Processing file /Users/az/anaconda3/envs/python38/lib/python3.8/site-packages/airflow/example_dags/example_bash_operator.py for tasks to queue
[2023-11-09T19:05:33.749-0500] {logging_mixin.py:154} INFO - [2023-11-09T19:05:33.749-0500] {dagbag.py:536} INFO - Filling up the DagBag from /Users/az/anaconda3/envs/python38/lib/python3.8/site-packages/airflow/example_dags/example_bash_operator.py
[2023-11-09T19:05:33.792-0500] {processor.py:839} INFO - DAG(s) dict_keys(['example_bash_operator']) retrieved from /Users/az/anaconda3/envs/python38/lib/python3.8/site-packages/airflow/example_dags/example_bash_operator.py
[2023-11-09T19:05:33.879-0500] {logging_mixin.py:154} INFO - [2023-11-09T19:05:33.879-0500] {dag.py:2941} INFO - Sync 1 DAGs
[2023-11-09T19:05:33.889-0500] {logging_mixin.py:154} INFO - [2023-11-09T19:05:33.889-0500] {dag.py:3722} INFO - Setting next_dagrun for example_bash_operator to 2023-11-09T00:00:00+00:00, run_after=2023-11-10T00:00:00+00:00
[2023-11-09T19:05:33.899-0500] {processor.py:179} INFO - Processing /Users/az/anaconda3/envs/python38/lib/python3.8/site-packages/airflow/example_dags/example_bash_operator.py took 0.155 seconds
[2023-11-09T19:07:35.604-0500] {processor.py:157} INFO - Started process (PID=49326) to work on /Users/az/anaconda3/envs/python38/lib/python3.8/site-packages/airflow/example_dags/example_bash_operator.py
[2023-11-09T19:07:35.608-0500] {processor.py:829} INFO - Processing file /Users/az/anaconda3/envs/python38/lib/python3.8/site-packages/airflow/example_dags/example_bash_operator.py for tasks to queue
[2023-11-09T19:07:35.609-0500] {logging_mixin.py:154} INFO - [2023-11-09T19:07:35.609-0500] {dagbag.py:536} INFO - Filling up the DagBag from /Users/az/anaconda3/envs/python38/lib/python3.8/site-packages/airflow/example_dags/example_bash_operator.py
[2023-11-09T19:07:35.652-0500] {processor.py:839} INFO - DAG(s) dict_keys(['example_bash_operator']) retrieved from /Users/az/anaconda3/envs/python38/lib/python3.8/site-packages/airflow/example_dags/example_bash_operator.py
[2023-11-09T19:07:35.739-0500] {logging_mixin.py:154} INFO - [2023-11-09T19:07:35.739-0500] {dag.py:2941} INFO - Sync 1 DAGs
[2023-11-09T19:07:35.749-0500] {logging_mixin.py:154} INFO - [2023-11-09T19:07:35.749-0500] {dag.py:3722} INFO - Setting next_dagrun for example_bash_operator to 2023-11-09T00:00:00+00:00, run_after=2023-11-10T00:00:00+00:00
[2023-11-09T19:07:35.760-0500] {processor.py:179} INFO - Processing /Users/az/anaconda3/envs/python38/lib/python3.8/site-packages/airflow/example_dags/example_bash_operator.py took 0.156 seconds
[2023-11-09T19:09:36.484-0500] {processor.py:157} INFO - Started process (PID=49473) to work on /Users/az/anaconda3/envs/python38/lib/python3.8/site-packages/airflow/example_dags/example_bash_operator.py
[2023-11-09T19:09:36.489-0500] {processor.py:829} INFO - Processing file /Users/az/anaconda3/envs/python38/lib/python3.8/site-packages/airflow/example_dags/example_bash_operator.py for tasks to queue
[2023-11-09T19:09:36.489-0500] {logging_mixin.py:154} INFO - [2023-11-09T19:09:36.489-0500] {dagbag.py:536} INFO - Filling up the DagBag from /Users/az/anaconda3/envs/python38/lib/python3.8/site-packages/airflow/example_dags/example_bash_operator.py
[2023-11-09T19:09:36.533-0500] {processor.py:839} INFO - DAG(s) dict_keys(['example_bash_operator']) retrieved from /Users/az/anaconda3/envs/python38/lib/python3.8/site-packages/airflow/example_dags/example_bash_operator.py
[2023-11-09T19:09:36.620-0500] {logging_mixin.py:154} INFO - [2023-11-09T19:09:36.620-0500] {dag.py:2941} INFO - Sync 1 DAGs
[2023-11-09T19:09:36.630-0500] {logging_mixin.py:154} INFO - [2023-11-09T19:09:36.630-0500] {dag.py:3722} INFO - Setting next_dagrun for example_bash_operator to 2023-11-09T00:00:00+00:00, run_after=2023-11-10T00:00:00+00:00
[2023-11-09T19:09:36.641-0500] {processor.py:179} INFO - Processing /Users/az/anaconda3/envs/python38/lib/python3.8/site-packages/airflow/example_dags/example_bash_operator.py took 0.157 seconds
[2023-11-09T19:11:40.975-0500] {processor.py:157} INFO - Started process (PID=49632) to work on /Users/az/anaconda3/envs/python38/lib/python3.8/site-packages/airflow/example_dags/example_bash_operator.py
[2023-11-09T19:11:40.979-0500] {processor.py:829} INFO - Processing file /Users/az/anaconda3/envs/python38/lib/python3.8/site-packages/airflow/example_dags/example_bash_operator.py for tasks to queue
[2023-11-09T19:11:40.979-0500] {logging_mixin.py:154} INFO - [2023-11-09T19:11:40.979-0500] {dagbag.py:536} INFO - Filling up the DagBag from /Users/az/anaconda3/envs/python38/lib/python3.8/site-packages/airflow/example_dags/example_bash_operator.py
[2023-11-09T19:11:41.023-0500] {processor.py:839} INFO - DAG(s) dict_keys(['example_bash_operator']) retrieved from /Users/az/anaconda3/envs/python38/lib/python3.8/site-packages/airflow/example_dags/example_bash_operator.py
[2023-11-09T19:11:41.110-0500] {logging_mixin.py:154} INFO - [2023-11-09T19:11:41.110-0500] {dag.py:2941} INFO - Sync 1 DAGs
[2023-11-09T19:11:41.119-0500] {logging_mixin.py:154} INFO - [2023-11-09T19:11:41.119-0500] {dag.py:3722} INFO - Setting next_dagrun for example_bash_operator to 2023-11-09T00:00:00+00:00, run_after=2023-11-10T00:00:00+00:00
[2023-11-09T19:11:41.129-0500] {processor.py:179} INFO - Processing /Users/az/anaconda3/envs/python38/lib/python3.8/site-packages/airflow/example_dags/example_bash_operator.py took 0.155 seconds
[2023-11-09T19:13:34.210-0500] {processor.py:157} INFO - Started process (PID=49781) to work on /Users/az/anaconda3/envs/python38/lib/python3.8/site-packages/airflow/example_dags/example_bash_operator.py
[2023-11-09T19:13:34.215-0500] {processor.py:829} INFO - Processing file /Users/az/anaconda3/envs/python38/lib/python3.8/site-packages/airflow/example_dags/example_bash_operator.py for tasks to queue
[2023-11-09T19:13:34.215-0500] {logging_mixin.py:154} INFO - [2023-11-09T19:13:34.215-0500] {dagbag.py:536} INFO - Filling up the DagBag from /Users/az/anaconda3/envs/python38/lib/python3.8/site-packages/airflow/example_dags/example_bash_operator.py
[2023-11-09T19:13:34.258-0500] {processor.py:839} INFO - DAG(s) dict_keys(['example_bash_operator']) retrieved from /Users/az/anaconda3/envs/python38/lib/python3.8/site-packages/airflow/example_dags/example_bash_operator.py
[2023-11-09T19:13:34.345-0500] {logging_mixin.py:154} INFO - [2023-11-09T19:13:34.345-0500] {dag.py:2941} INFO - Sync 1 DAGs
[2023-11-09T19:13:34.355-0500] {logging_mixin.py:154} INFO - [2023-11-09T19:13:34.354-0500] {dag.py:3722} INFO - Setting next_dagrun for example_bash_operator to 2023-11-09T00:00:00+00:00, run_after=2023-11-10T00:00:00+00:00
[2023-11-09T19:13:34.365-0500] {processor.py:179} INFO - Processing /Users/az/anaconda3/envs/python38/lib/python3.8/site-packages/airflow/example_dags/example_bash_operator.py took 0.155 seconds
[2023-11-09T19:15:30.442-0500] {processor.py:157} INFO - Started process (PID=49925) to work on /Users/az/anaconda3/envs/python38/lib/python3.8/site-packages/airflow/example_dags/example_bash_operator.py
[2023-11-09T19:15:30.447-0500] {processor.py:829} INFO - Processing file /Users/az/anaconda3/envs/python38/lib/python3.8/site-packages/airflow/example_dags/example_bash_operator.py for tasks to queue
[2023-11-09T19:15:30.447-0500] {logging_mixin.py:154} INFO - [2023-11-09T19:15:30.447-0500] {dagbag.py:536} INFO - Filling up the DagBag from /Users/az/anaconda3/envs/python38/lib/python3.8/site-packages/airflow/example_dags/example_bash_operator.py
[2023-11-09T19:15:30.491-0500] {processor.py:839} INFO - DAG(s) dict_keys(['example_bash_operator']) retrieved from /Users/az/anaconda3/envs/python38/lib/python3.8/site-packages/airflow/example_dags/example_bash_operator.py
[2023-11-09T19:15:30.578-0500] {logging_mixin.py:154} INFO - [2023-11-09T19:15:30.578-0500] {dag.py:2941} INFO - Sync 1 DAGs
[2023-11-09T19:15:30.587-0500] {logging_mixin.py:154} INFO - [2023-11-09T19:15:30.587-0500] {dag.py:3722} INFO - Setting next_dagrun for example_bash_operator to 2023-11-09T00:00:00+00:00, run_after=2023-11-10T00:00:00+00:00
[2023-11-09T19:15:30.597-0500] {processor.py:179} INFO - Processing /Users/az/anaconda3/envs/python38/lib/python3.8/site-packages/airflow/example_dags/example_bash_operator.py took 0.156 seconds
[2023-11-09T19:17:38.880-0500] {processor.py:157} INFO - Started process (PID=50082) to work on /Users/az/anaconda3/envs/python38/lib/python3.8/site-packages/airflow/example_dags/example_bash_operator.py
[2023-11-09T19:17:38.884-0500] {processor.py:829} INFO - Processing file /Users/az/anaconda3/envs/python38/lib/python3.8/site-packages/airflow/example_dags/example_bash_operator.py for tasks to queue
[2023-11-09T19:17:38.885-0500] {logging_mixin.py:154} INFO - [2023-11-09T19:17:38.885-0500] {dagbag.py:536} INFO - Filling up the DagBag from /Users/az/anaconda3/envs/python38/lib/python3.8/site-packages/airflow/example_dags/example_bash_operator.py
[2023-11-09T19:17:38.928-0500] {processor.py:839} INFO - DAG(s) dict_keys(['example_bash_operator']) retrieved from /Users/az/anaconda3/envs/python38/lib/python3.8/site-packages/airflow/example_dags/example_bash_operator.py
[2023-11-09T19:17:39.015-0500] {logging_mixin.py:154} INFO - [2023-11-09T19:17:39.014-0500] {dag.py:2941} INFO - Sync 1 DAGs
[2023-11-09T19:17:39.024-0500] {logging_mixin.py:154} INFO - [2023-11-09T19:17:39.024-0500] {dag.py:3722} INFO - Setting next_dagrun for example_bash_operator to 2023-11-09T00:00:00+00:00, run_after=2023-11-10T00:00:00+00:00
[2023-11-09T19:17:39.034-0500] {processor.py:179} INFO - Processing /Users/az/anaconda3/envs/python38/lib/python3.8/site-packages/airflow/example_dags/example_bash_operator.py took 0.155 seconds
[2023-11-09T19:19:48.648-0500] {processor.py:157} INFO - Started process (PID=50240) to work on /Users/az/anaconda3/envs/python38/lib/python3.8/site-packages/airflow/example_dags/example_bash_operator.py
[2023-11-09T19:19:48.652-0500] {processor.py:829} INFO - Processing file /Users/az/anaconda3/envs/python38/lib/python3.8/site-packages/airflow/example_dags/example_bash_operator.py for tasks to queue
[2023-11-09T19:19:48.653-0500] {logging_mixin.py:154} INFO - [2023-11-09T19:19:48.652-0500] {dagbag.py:536} INFO - Filling up the DagBag from /Users/az/anaconda3/envs/python38/lib/python3.8/site-packages/airflow/example_dags/example_bash_operator.py
[2023-11-09T19:19:48.696-0500] {processor.py:839} INFO - DAG(s) dict_keys(['example_bash_operator']) retrieved from /Users/az/anaconda3/envs/python38/lib/python3.8/site-packages/airflow/example_dags/example_bash_operator.py
[2023-11-09T19:19:48.783-0500] {logging_mixin.py:154} INFO - [2023-11-09T19:19:48.783-0500] {dag.py:2941} INFO - Sync 1 DAGs
[2023-11-09T19:19:48.792-0500] {logging_mixin.py:154} INFO - [2023-11-09T19:19:48.792-0500] {dag.py:3722} INFO - Setting next_dagrun for example_bash_operator to 2023-11-09T00:00:00+00:00, run_after=2023-11-10T00:00:00+00:00
[2023-11-09T19:19:48.802-0500] {processor.py:179} INFO - Processing /Users/az/anaconda3/envs/python38/lib/python3.8/site-packages/airflow/example_dags/example_bash_operator.py took 0.155 seconds
[2023-11-09T19:21:50.537-0500] {processor.py:157} INFO - Started process (PID=50386) to work on /Users/az/anaconda3/envs/python38/lib/python3.8/site-packages/airflow/example_dags/example_bash_operator.py
[2023-11-09T19:21:50.542-0500] {processor.py:829} INFO - Processing file /Users/az/anaconda3/envs/python38/lib/python3.8/site-packages/airflow/example_dags/example_bash_operator.py for tasks to queue
[2023-11-09T19:21:50.542-0500] {logging_mixin.py:154} INFO - [2023-11-09T19:21:50.542-0500] {dagbag.py:536} INFO - Filling up the DagBag from /Users/az/anaconda3/envs/python38/lib/python3.8/site-packages/airflow/example_dags/example_bash_operator.py
[2023-11-09T19:21:50.586-0500] {processor.py:839} INFO - DAG(s) dict_keys(['example_bash_operator']) retrieved from /Users/az/anaconda3/envs/python38/lib/python3.8/site-packages/airflow/example_dags/example_bash_operator.py
[2023-11-09T19:21:50.672-0500] {logging_mixin.py:154} INFO - [2023-11-09T19:21:50.672-0500] {dag.py:2941} INFO - Sync 1 DAGs
[2023-11-09T19:21:50.681-0500] {logging_mixin.py:154} INFO - [2023-11-09T19:21:50.681-0500] {dag.py:3722} INFO - Setting next_dagrun for example_bash_operator to 2023-11-09T00:00:00+00:00, run_after=2023-11-10T00:00:00+00:00
[2023-11-09T19:21:50.692-0500] {processor.py:179} INFO - Processing /Users/az/anaconda3/envs/python38/lib/python3.8/site-packages/airflow/example_dags/example_bash_operator.py took 0.155 seconds
[2023-11-09T19:24:06.008-0500] {processor.py:157} INFO - Started process (PID=50573) to work on /Users/az/anaconda3/envs/python38/lib/python3.8/site-packages/airflow/example_dags/example_bash_operator.py
[2023-11-09T19:24:06.012-0500] {processor.py:829} INFO - Processing file /Users/az/anaconda3/envs/python38/lib/python3.8/site-packages/airflow/example_dags/example_bash_operator.py for tasks to queue
[2023-11-09T19:24:06.013-0500] {logging_mixin.py:154} INFO - [2023-11-09T19:24:06.013-0500] {dagbag.py:536} INFO - Filling up the DagBag from /Users/az/anaconda3/envs/python38/lib/python3.8/site-packages/airflow/example_dags/example_bash_operator.py
[2023-11-09T19:24:06.057-0500] {processor.py:839} INFO - DAG(s) dict_keys(['example_bash_operator']) retrieved from /Users/az/anaconda3/envs/python38/lib/python3.8/site-packages/airflow/example_dags/example_bash_operator.py
[2023-11-09T19:24:06.144-0500] {logging_mixin.py:154} INFO - [2023-11-09T19:24:06.144-0500] {dag.py:2941} INFO - Sync 1 DAGs
[2023-11-09T19:24:06.154-0500] {logging_mixin.py:154} INFO - [2023-11-09T19:24:06.154-0500] {dag.py:3722} INFO - Setting next_dagrun for example_bash_operator to 2023-11-09T00:00:00+00:00, run_after=2023-11-10T00:00:00+00:00
[2023-11-09T19:24:06.165-0500] {processor.py:179} INFO - Processing /Users/az/anaconda3/envs/python38/lib/python3.8/site-packages/airflow/example_dags/example_bash_operator.py took 0.157 seconds
[2023-11-09T19:26:07.180-0500] {processor.py:157} INFO - Started process (PID=50723) to work on /Users/az/anaconda3/envs/python38/lib/python3.8/site-packages/airflow/example_dags/example_bash_operator.py
[2023-11-09T19:26:07.185-0500] {processor.py:829} INFO - Processing file /Users/az/anaconda3/envs/python38/lib/python3.8/site-packages/airflow/example_dags/example_bash_operator.py for tasks to queue
[2023-11-09T19:26:07.185-0500] {logging_mixin.py:154} INFO - [2023-11-09T19:26:07.185-0500] {dagbag.py:536} INFO - Filling up the DagBag from /Users/az/anaconda3/envs/python38/lib/python3.8/site-packages/airflow/example_dags/example_bash_operator.py
[2023-11-09T19:26:07.234-0500] {processor.py:839} INFO - DAG(s) dict_keys(['example_bash_operator']) retrieved from /Users/az/anaconda3/envs/python38/lib/python3.8/site-packages/airflow/example_dags/example_bash_operator.py
[2023-11-09T19:26:07.325-0500] {logging_mixin.py:154} INFO - [2023-11-09T19:26:07.325-0500] {dag.py:2941} INFO - Sync 1 DAGs
[2023-11-09T19:26:07.334-0500] {logging_mixin.py:154} INFO - [2023-11-09T19:26:07.334-0500] {dag.py:3722} INFO - Setting next_dagrun for example_bash_operator to 2023-11-09T00:00:00+00:00, run_after=2023-11-10T00:00:00+00:00
[2023-11-09T19:26:07.344-0500] {processor.py:179} INFO - Processing /Users/az/anaconda3/envs/python38/lib/python3.8/site-packages/airflow/example_dags/example_bash_operator.py took 0.164 seconds
[2023-11-09T19:28:23.362-0500] {processor.py:157} INFO - Started process (PID=50897) to work on /Users/az/anaconda3/envs/python38/lib/python3.8/site-packages/airflow/example_dags/example_bash_operator.py
[2023-11-09T19:28:23.367-0500] {processor.py:829} INFO - Processing file /Users/az/anaconda3/envs/python38/lib/python3.8/site-packages/airflow/example_dags/example_bash_operator.py for tasks to queue
[2023-11-09T19:28:23.367-0500] {logging_mixin.py:154} INFO - [2023-11-09T19:28:23.367-0500] {dagbag.py:536} INFO - Filling up the DagBag from /Users/az/anaconda3/envs/python38/lib/python3.8/site-packages/airflow/example_dags/example_bash_operator.py
[2023-11-09T19:28:23.411-0500] {processor.py:839} INFO - DAG(s) dict_keys(['example_bash_operator']) retrieved from /Users/az/anaconda3/envs/python38/lib/python3.8/site-packages/airflow/example_dags/example_bash_operator.py
[2023-11-09T19:28:23.498-0500] {logging_mixin.py:154} INFO - [2023-11-09T19:28:23.498-0500] {dag.py:2941} INFO - Sync 1 DAGs
[2023-11-09T19:28:23.508-0500] {logging_mixin.py:154} INFO - [2023-11-09T19:28:23.508-0500] {dag.py:3722} INFO - Setting next_dagrun for example_bash_operator to 2023-11-09T00:00:00+00:00, run_after=2023-11-10T00:00:00+00:00
[2023-11-09T19:28:23.517-0500] {processor.py:179} INFO - Processing /Users/az/anaconda3/envs/python38/lib/python3.8/site-packages/airflow/example_dags/example_bash_operator.py took 0.156 seconds
[2023-11-09T19:30:28.375-0500] {processor.py:157} INFO - Started process (PID=51048) to work on /Users/az/anaconda3/envs/python38/lib/python3.8/site-packages/airflow/example_dags/example_bash_operator.py
[2023-11-09T19:30:28.379-0500] {processor.py:829} INFO - Processing file /Users/az/anaconda3/envs/python38/lib/python3.8/site-packages/airflow/example_dags/example_bash_operator.py for tasks to queue
[2023-11-09T19:30:28.380-0500] {logging_mixin.py:154} INFO - [2023-11-09T19:30:28.380-0500] {dagbag.py:536} INFO - Filling up the DagBag from /Users/az/anaconda3/envs/python38/lib/python3.8/site-packages/airflow/example_dags/example_bash_operator.py
[2023-11-09T19:30:28.424-0500] {processor.py:839} INFO - DAG(s) dict_keys(['example_bash_operator']) retrieved from /Users/az/anaconda3/envs/python38/lib/python3.8/site-packages/airflow/example_dags/example_bash_operator.py
[2023-11-09T19:30:28.511-0500] {logging_mixin.py:154} INFO - [2023-11-09T19:30:28.510-0500] {dag.py:2941} INFO - Sync 1 DAGs
[2023-11-09T19:30:28.520-0500] {logging_mixin.py:154} INFO - [2023-11-09T19:30:28.520-0500] {dag.py:3722} INFO - Setting next_dagrun for example_bash_operator to 2023-11-09T00:00:00+00:00, run_after=2023-11-10T00:00:00+00:00
[2023-11-09T19:30:28.530-0500] {processor.py:179} INFO - Processing /Users/az/anaconda3/envs/python38/lib/python3.8/site-packages/airflow/example_dags/example_bash_operator.py took 0.156 seconds
[2023-11-09T19:32:34.910-0500] {processor.py:157} INFO - Started process (PID=51202) to work on /Users/az/anaconda3/envs/python38/lib/python3.8/site-packages/airflow/example_dags/example_bash_operator.py
[2023-11-09T19:32:34.914-0500] {processor.py:829} INFO - Processing file /Users/az/anaconda3/envs/python38/lib/python3.8/site-packages/airflow/example_dags/example_bash_operator.py for tasks to queue
[2023-11-09T19:32:34.914-0500] {logging_mixin.py:154} INFO - [2023-11-09T19:32:34.914-0500] {dagbag.py:536} INFO - Filling up the DagBag from /Users/az/anaconda3/envs/python38/lib/python3.8/site-packages/airflow/example_dags/example_bash_operator.py
[2023-11-09T19:32:34.962-0500] {processor.py:839} INFO - DAG(s) dict_keys(['example_bash_operator']) retrieved from /Users/az/anaconda3/envs/python38/lib/python3.8/site-packages/airflow/example_dags/example_bash_operator.py
[2023-11-09T19:32:35.055-0500] {logging_mixin.py:154} INFO - [2023-11-09T19:32:35.055-0500] {dag.py:2941} INFO - Sync 1 DAGs
[2023-11-09T19:32:35.065-0500] {logging_mixin.py:154} INFO - [2023-11-09T19:32:35.064-0500] {dag.py:3722} INFO - Setting next_dagrun for example_bash_operator to 2023-11-09T00:00:00+00:00, run_after=2023-11-10T00:00:00+00:00
[2023-11-09T19:32:35.074-0500] {processor.py:179} INFO - Processing /Users/az/anaconda3/envs/python38/lib/python3.8/site-packages/airflow/example_dags/example_bash_operator.py took 0.165 seconds
[2023-11-09T19:35:03.647-0500] {processor.py:157} INFO - Started process (PID=53222) to work on /Users/az/anaconda3/envs/python38/lib/python3.8/site-packages/airflow/example_dags/example_bash_operator.py
[2023-11-09T19:35:03.652-0500] {processor.py:829} INFO - Processing file /Users/az/anaconda3/envs/python38/lib/python3.8/site-packages/airflow/example_dags/example_bash_operator.py for tasks to queue
[2023-11-09T19:35:03.653-0500] {logging_mixin.py:154} INFO - [2023-11-09T19:35:03.652-0500] {dagbag.py:536} INFO - Filling up the DagBag from /Users/az/anaconda3/envs/python38/lib/python3.8/site-packages/airflow/example_dags/example_bash_operator.py
[2023-11-09T19:35:03.696-0500] {processor.py:839} INFO - DAG(s) dict_keys(['example_bash_operator']) retrieved from /Users/az/anaconda3/envs/python38/lib/python3.8/site-packages/airflow/example_dags/example_bash_operator.py
[2023-11-09T19:35:03.782-0500] {logging_mixin.py:154} INFO - [2023-11-09T19:35:03.782-0500] {dag.py:2941} INFO - Sync 1 DAGs
[2023-11-09T19:35:03.792-0500] {logging_mixin.py:154} INFO - [2023-11-09T19:35:03.792-0500] {dag.py:3722} INFO - Setting next_dagrun for example_bash_operator to 2023-11-09T00:00:00+00:00, run_after=2023-11-10T00:00:00+00:00
[2023-11-09T19:35:03.802-0500] {processor.py:179} INFO - Processing /Users/az/anaconda3/envs/python38/lib/python3.8/site-packages/airflow/example_dags/example_bash_operator.py took 0.155 seconds
[2023-11-09T19:37:00.535-0500] {processor.py:157} INFO - Started process (PID=53373) to work on /Users/az/anaconda3/envs/python38/lib/python3.8/site-packages/airflow/example_dags/example_bash_operator.py
[2023-11-09T19:37:00.539-0500] {processor.py:829} INFO - Processing file /Users/az/anaconda3/envs/python38/lib/python3.8/site-packages/airflow/example_dags/example_bash_operator.py for tasks to queue
[2023-11-09T19:37:00.539-0500] {logging_mixin.py:154} INFO - [2023-11-09T19:37:00.539-0500] {dagbag.py:536} INFO - Filling up the DagBag from /Users/az/anaconda3/envs/python38/lib/python3.8/site-packages/airflow/example_dags/example_bash_operator.py
[2023-11-09T19:37:00.582-0500] {processor.py:839} INFO - DAG(s) dict_keys(['example_bash_operator']) retrieved from /Users/az/anaconda3/envs/python38/lib/python3.8/site-packages/airflow/example_dags/example_bash_operator.py
[2023-11-09T19:37:00.669-0500] {logging_mixin.py:154} INFO - [2023-11-09T19:37:00.669-0500] {dag.py:2941} INFO - Sync 1 DAGs
[2023-11-09T19:37:00.678-0500] {logging_mixin.py:154} INFO - [2023-11-09T19:37:00.678-0500] {dag.py:3722} INFO - Setting next_dagrun for example_bash_operator to 2023-11-09T00:00:00+00:00, run_after=2023-11-10T00:00:00+00:00
[2023-11-09T19:37:00.688-0500] {processor.py:179} INFO - Processing /Users/az/anaconda3/envs/python38/lib/python3.8/site-packages/airflow/example_dags/example_bash_operator.py took 0.154 seconds
[2023-11-09T19:39:00.337-0500] {processor.py:157} INFO - Started process (PID=53524) to work on /Users/az/anaconda3/envs/python38/lib/python3.8/site-packages/airflow/example_dags/example_bash_operator.py
[2023-11-09T19:39:00.342-0500] {processor.py:829} INFO - Processing file /Users/az/anaconda3/envs/python38/lib/python3.8/site-packages/airflow/example_dags/example_bash_operator.py for tasks to queue
[2023-11-09T19:39:00.342-0500] {logging_mixin.py:154} INFO - [2023-11-09T19:39:00.342-0500] {dagbag.py:536} INFO - Filling up the DagBag from /Users/az/anaconda3/envs/python38/lib/python3.8/site-packages/airflow/example_dags/example_bash_operator.py
[2023-11-09T19:39:00.386-0500] {processor.py:839} INFO - DAG(s) dict_keys(['example_bash_operator']) retrieved from /Users/az/anaconda3/envs/python38/lib/python3.8/site-packages/airflow/example_dags/example_bash_operator.py
[2023-11-09T19:39:00.472-0500] {logging_mixin.py:154} INFO - [2023-11-09T19:39:00.472-0500] {dag.py:2941} INFO - Sync 1 DAGs
[2023-11-09T19:39:00.481-0500] {logging_mixin.py:154} INFO - [2023-11-09T19:39:00.481-0500] {dag.py:3722} INFO - Setting next_dagrun for example_bash_operator to 2023-11-09T00:00:00+00:00, run_after=2023-11-10T00:00:00+00:00
[2023-11-09T19:39:00.491-0500] {processor.py:179} INFO - Processing /Users/az/anaconda3/envs/python38/lib/python3.8/site-packages/airflow/example_dags/example_bash_operator.py took 0.154 seconds
[2023-11-09T19:40:57.226-0500] {processor.py:157} INFO - Started process (PID=53678) to work on /Users/az/anaconda3/envs/python38/lib/python3.8/site-packages/airflow/example_dags/example_bash_operator.py
[2023-11-09T19:40:57.230-0500] {processor.py:829} INFO - Processing file /Users/az/anaconda3/envs/python38/lib/python3.8/site-packages/airflow/example_dags/example_bash_operator.py for tasks to queue
[2023-11-09T19:40:57.230-0500] {logging_mixin.py:154} INFO - [2023-11-09T19:40:57.230-0500] {dagbag.py:536} INFO - Filling up the DagBag from /Users/az/anaconda3/envs/python38/lib/python3.8/site-packages/airflow/example_dags/example_bash_operator.py
[2023-11-09T19:40:57.281-0500] {processor.py:839} INFO - DAG(s) dict_keys(['example_bash_operator']) retrieved from /Users/az/anaconda3/envs/python38/lib/python3.8/site-packages/airflow/example_dags/example_bash_operator.py
[2023-11-09T19:40:57.409-0500] {logging_mixin.py:154} INFO - [2023-11-09T19:40:57.409-0500] {dag.py:2941} INFO - Sync 1 DAGs
[2023-11-09T19:40:57.421-0500] {logging_mixin.py:154} INFO - [2023-11-09T19:40:57.420-0500] {dag.py:3722} INFO - Setting next_dagrun for example_bash_operator to 2023-11-09T00:00:00+00:00, run_after=2023-11-10T00:00:00+00:00
[2023-11-09T19:40:57.432-0500] {processor.py:179} INFO - Processing /Users/az/anaconda3/envs/python38/lib/python3.8/site-packages/airflow/example_dags/example_bash_operator.py took 0.207 seconds
[2023-11-09T19:43:12.334-0500] {processor.py:157} INFO - Started process (PID=54146) to work on /Users/az/anaconda3/envs/python38/lib/python3.8/site-packages/airflow/example_dags/example_bash_operator.py
[2023-11-09T19:43:12.338-0500] {processor.py:829} INFO - Processing file /Users/az/anaconda3/envs/python38/lib/python3.8/site-packages/airflow/example_dags/example_bash_operator.py for tasks to queue
[2023-11-09T19:43:12.338-0500] {logging_mixin.py:154} INFO - [2023-11-09T19:43:12.338-0500] {dagbag.py:536} INFO - Filling up the DagBag from /Users/az/anaconda3/envs/python38/lib/python3.8/site-packages/airflow/example_dags/example_bash_operator.py
[2023-11-09T19:43:12.381-0500] {processor.py:839} INFO - DAG(s) dict_keys(['example_bash_operator']) retrieved from /Users/az/anaconda3/envs/python38/lib/python3.8/site-packages/airflow/example_dags/example_bash_operator.py
[2023-11-09T19:43:12.466-0500] {logging_mixin.py:154} INFO - [2023-11-09T19:43:12.466-0500] {dag.py:2941} INFO - Sync 1 DAGs
[2023-11-09T19:43:12.476-0500] {logging_mixin.py:154} INFO - [2023-11-09T19:43:12.476-0500] {dag.py:3722} INFO - Setting next_dagrun for example_bash_operator to 2023-11-09T00:00:00+00:00, run_after=2023-11-10T00:00:00+00:00
[2023-11-09T19:43:12.486-0500] {processor.py:179} INFO - Processing /Users/az/anaconda3/envs/python38/lib/python3.8/site-packages/airflow/example_dags/example_bash_operator.py took 0.152 seconds
[2023-11-09T19:45:11.228-0500] {processor.py:157} INFO - Started process (PID=54299) to work on /Users/az/anaconda3/envs/python38/lib/python3.8/site-packages/airflow/example_dags/example_bash_operator.py
[2023-11-09T19:45:11.233-0500] {processor.py:829} INFO - Processing file /Users/az/anaconda3/envs/python38/lib/python3.8/site-packages/airflow/example_dags/example_bash_operator.py for tasks to queue
[2023-11-09T19:45:11.233-0500] {logging_mixin.py:154} INFO - [2023-11-09T19:45:11.233-0500] {dagbag.py:536} INFO - Filling up the DagBag from /Users/az/anaconda3/envs/python38/lib/python3.8/site-packages/airflow/example_dags/example_bash_operator.py
[2023-11-09T19:45:11.276-0500] {processor.py:839} INFO - DAG(s) dict_keys(['example_bash_operator']) retrieved from /Users/az/anaconda3/envs/python38/lib/python3.8/site-packages/airflow/example_dags/example_bash_operator.py
[2023-11-09T19:45:11.370-0500] {logging_mixin.py:154} INFO - [2023-11-09T19:45:11.370-0500] {dag.py:2941} INFO - Sync 1 DAGs
[2023-11-09T19:45:11.380-0500] {logging_mixin.py:154} INFO - [2023-11-09T19:45:11.380-0500] {dag.py:3722} INFO - Setting next_dagrun for example_bash_operator to 2023-11-09T00:00:00+00:00, run_after=2023-11-10T00:00:00+00:00
[2023-11-09T19:45:11.391-0500] {processor.py:179} INFO - Processing /Users/az/anaconda3/envs/python38/lib/python3.8/site-packages/airflow/example_dags/example_bash_operator.py took 0.162 seconds
[2023-11-09T19:47:07.015-0500] {processor.py:157} INFO - Started process (PID=54449) to work on /Users/az/anaconda3/envs/python38/lib/python3.8/site-packages/airflow/example_dags/example_bash_operator.py
[2023-11-09T19:47:07.020-0500] {processor.py:829} INFO - Processing file /Users/az/anaconda3/envs/python38/lib/python3.8/site-packages/airflow/example_dags/example_bash_operator.py for tasks to queue
[2023-11-09T19:47:07.020-0500] {logging_mixin.py:154} INFO - [2023-11-09T19:47:07.020-0500] {dagbag.py:536} INFO - Filling up the DagBag from /Users/az/anaconda3/envs/python38/lib/python3.8/site-packages/airflow/example_dags/example_bash_operator.py
[2023-11-09T19:47:07.063-0500] {processor.py:839} INFO - DAG(s) dict_keys(['example_bash_operator']) retrieved from /Users/az/anaconda3/envs/python38/lib/python3.8/site-packages/airflow/example_dags/example_bash_operator.py
[2023-11-09T19:47:07.150-0500] {logging_mixin.py:154} INFO - [2023-11-09T19:47:07.150-0500] {dag.py:2941} INFO - Sync 1 DAGs
[2023-11-09T19:47:07.159-0500] {logging_mixin.py:154} INFO - [2023-11-09T19:47:07.159-0500] {dag.py:3722} INFO - Setting next_dagrun for example_bash_operator to 2023-11-09T00:00:00+00:00, run_after=2023-11-10T00:00:00+00:00
[2023-11-09T19:47:07.169-0500] {processor.py:179} INFO - Processing /Users/az/anaconda3/envs/python38/lib/python3.8/site-packages/airflow/example_dags/example_bash_operator.py took 0.155 seconds
[2023-11-09T19:49:07.513-0500] {processor.py:157} INFO - Started process (PID=54598) to work on /Users/az/anaconda3/envs/python38/lib/python3.8/site-packages/airflow/example_dags/example_bash_operator.py
[2023-11-09T19:49:07.518-0500] {processor.py:829} INFO - Processing file /Users/az/anaconda3/envs/python38/lib/python3.8/site-packages/airflow/example_dags/example_bash_operator.py for tasks to queue
[2023-11-09T19:49:07.518-0500] {logging_mixin.py:154} INFO - [2023-11-09T19:49:07.518-0500] {dagbag.py:536} INFO - Filling up the DagBag from /Users/az/anaconda3/envs/python38/lib/python3.8/site-packages/airflow/example_dags/example_bash_operator.py
[2023-11-09T19:49:07.561-0500] {processor.py:839} INFO - DAG(s) dict_keys(['example_bash_operator']) retrieved from /Users/az/anaconda3/envs/python38/lib/python3.8/site-packages/airflow/example_dags/example_bash_operator.py
[2023-11-09T19:49:07.648-0500] {logging_mixin.py:154} INFO - [2023-11-09T19:49:07.648-0500] {dag.py:2941} INFO - Sync 1 DAGs
[2023-11-09T19:49:07.658-0500] {logging_mixin.py:154} INFO - [2023-11-09T19:49:07.658-0500] {dag.py:3722} INFO - Setting next_dagrun for example_bash_operator to 2023-11-09T00:00:00+00:00, run_after=2023-11-10T00:00:00+00:00
[2023-11-09T19:49:07.668-0500] {processor.py:179} INFO - Processing /Users/az/anaconda3/envs/python38/lib/python3.8/site-packages/airflow/example_dags/example_bash_operator.py took 0.156 seconds
[2023-11-09T19:51:04.546-0500] {processor.py:157} INFO - Started process (PID=54739) to work on /Users/az/anaconda3/envs/python38/lib/python3.8/site-packages/airflow/example_dags/example_bash_operator.py
[2023-11-09T19:51:04.551-0500] {processor.py:829} INFO - Processing file /Users/az/anaconda3/envs/python38/lib/python3.8/site-packages/airflow/example_dags/example_bash_operator.py for tasks to queue
[2023-11-09T19:51:04.551-0500] {logging_mixin.py:154} INFO - [2023-11-09T19:51:04.551-0500] {dagbag.py:536} INFO - Filling up the DagBag from /Users/az/anaconda3/envs/python38/lib/python3.8/site-packages/airflow/example_dags/example_bash_operator.py
[2023-11-09T19:51:04.594-0500] {processor.py:839} INFO - DAG(s) dict_keys(['example_bash_operator']) retrieved from /Users/az/anaconda3/envs/python38/lib/python3.8/site-packages/airflow/example_dags/example_bash_operator.py
[2023-11-09T19:51:04.680-0500] {logging_mixin.py:154} INFO - [2023-11-09T19:51:04.680-0500] {dag.py:2941} INFO - Sync 1 DAGs
[2023-11-09T19:51:04.690-0500] {logging_mixin.py:154} INFO - [2023-11-09T19:51:04.690-0500] {dag.py:3722} INFO - Setting next_dagrun for example_bash_operator to 2023-11-09T00:00:00+00:00, run_after=2023-11-10T00:00:00+00:00
[2023-11-09T19:51:04.700-0500] {processor.py:179} INFO - Processing /Users/az/anaconda3/envs/python38/lib/python3.8/site-packages/airflow/example_dags/example_bash_operator.py took 0.154 seconds
[2023-11-09T19:53:03.903-0500] {processor.py:157} INFO - Started process (PID=54896) to work on /Users/az/anaconda3/envs/python38/lib/python3.8/site-packages/airflow/example_dags/example_bash_operator.py
[2023-11-09T19:53:03.907-0500] {processor.py:829} INFO - Processing file /Users/az/anaconda3/envs/python38/lib/python3.8/site-packages/airflow/example_dags/example_bash_operator.py for tasks to queue
[2023-11-09T19:53:03.907-0500] {logging_mixin.py:154} INFO - [2023-11-09T19:53:03.907-0500] {dagbag.py:536} INFO - Filling up the DagBag from /Users/az/anaconda3/envs/python38/lib/python3.8/site-packages/airflow/example_dags/example_bash_operator.py
[2023-11-09T19:53:03.952-0500] {processor.py:839} INFO - DAG(s) dict_keys(['example_bash_operator']) retrieved from /Users/az/anaconda3/envs/python38/lib/python3.8/site-packages/airflow/example_dags/example_bash_operator.py
[2023-11-09T19:53:04.064-0500] {logging_mixin.py:154} INFO - [2023-11-09T19:53:04.064-0500] {dag.py:2941} INFO - Sync 1 DAGs
[2023-11-09T19:53:04.074-0500] {logging_mixin.py:154} INFO - [2023-11-09T19:53:04.073-0500] {dag.py:3722} INFO - Setting next_dagrun for example_bash_operator to 2023-11-09T00:00:00+00:00, run_after=2023-11-10T00:00:00+00:00
[2023-11-09T19:53:04.085-0500] {processor.py:179} INFO - Processing /Users/az/anaconda3/envs/python38/lib/python3.8/site-packages/airflow/example_dags/example_bash_operator.py took 0.183 seconds
[2023-11-09T19:55:02.785-0500] {processor.py:157} INFO - Started process (PID=55044) to work on /Users/az/anaconda3/envs/python38/lib/python3.8/site-packages/airflow/example_dags/example_bash_operator.py
[2023-11-09T19:55:02.789-0500] {processor.py:829} INFO - Processing file /Users/az/anaconda3/envs/python38/lib/python3.8/site-packages/airflow/example_dags/example_bash_operator.py for tasks to queue
[2023-11-09T19:55:02.790-0500] {logging_mixin.py:154} INFO - [2023-11-09T19:55:02.790-0500] {dagbag.py:536} INFO - Filling up the DagBag from /Users/az/anaconda3/envs/python38/lib/python3.8/site-packages/airflow/example_dags/example_bash_operator.py
[2023-11-09T19:55:02.833-0500] {processor.py:839} INFO - DAG(s) dict_keys(['example_bash_operator']) retrieved from /Users/az/anaconda3/envs/python38/lib/python3.8/site-packages/airflow/example_dags/example_bash_operator.py
[2023-11-09T19:55:02.925-0500] {logging_mixin.py:154} INFO - [2023-11-09T19:55:02.925-0500] {dag.py:2941} INFO - Sync 1 DAGs
[2023-11-09T19:55:02.935-0500] {logging_mixin.py:154} INFO - [2023-11-09T19:55:02.935-0500] {dag.py:3722} INFO - Setting next_dagrun for example_bash_operator to 2023-11-09T00:00:00+00:00, run_after=2023-11-10T00:00:00+00:00
[2023-11-09T19:55:02.945-0500] {processor.py:179} INFO - Processing /Users/az/anaconda3/envs/python38/lib/python3.8/site-packages/airflow/example_dags/example_bash_operator.py took 0.161 seconds
[2023-11-09T19:57:01.962-0500] {processor.py:157} INFO - Started process (PID=55197) to work on /Users/az/anaconda3/envs/python38/lib/python3.8/site-packages/airflow/example_dags/example_bash_operator.py
[2023-11-09T19:57:01.967-0500] {processor.py:829} INFO - Processing file /Users/az/anaconda3/envs/python38/lib/python3.8/site-packages/airflow/example_dags/example_bash_operator.py for tasks to queue
[2023-11-09T19:57:01.967-0500] {logging_mixin.py:154} INFO - [2023-11-09T19:57:01.967-0500] {dagbag.py:536} INFO - Filling up the DagBag from /Users/az/anaconda3/envs/python38/lib/python3.8/site-packages/airflow/example_dags/example_bash_operator.py
[2023-11-09T19:57:02.011-0500] {processor.py:839} INFO - DAG(s) dict_keys(['example_bash_operator']) retrieved from /Users/az/anaconda3/envs/python38/lib/python3.8/site-packages/airflow/example_dags/example_bash_operator.py
[2023-11-09T19:57:02.099-0500] {logging_mixin.py:154} INFO - [2023-11-09T19:57:02.099-0500] {dag.py:2941} INFO - Sync 1 DAGs
[2023-11-09T19:57:02.109-0500] {logging_mixin.py:154} INFO - [2023-11-09T19:57:02.109-0500] {dag.py:3722} INFO - Setting next_dagrun for example_bash_operator to 2023-11-09T00:00:00+00:00, run_after=2023-11-10T00:00:00+00:00
[2023-11-09T19:57:02.120-0500] {processor.py:179} INFO - Processing /Users/az/anaconda3/envs/python38/lib/python3.8/site-packages/airflow/example_dags/example_bash_operator.py took 0.159 seconds
[2023-11-09T19:59:02.365-0500] {processor.py:157} INFO - Started process (PID=55354) to work on /Users/az/anaconda3/envs/python38/lib/python3.8/site-packages/airflow/example_dags/example_bash_operator.py
[2023-11-09T19:59:02.370-0500] {processor.py:829} INFO - Processing file /Users/az/anaconda3/envs/python38/lib/python3.8/site-packages/airflow/example_dags/example_bash_operator.py for tasks to queue
[2023-11-09T19:59:02.370-0500] {logging_mixin.py:154} INFO - [2023-11-09T19:59:02.370-0500] {dagbag.py:536} INFO - Filling up the DagBag from /Users/az/anaconda3/envs/python38/lib/python3.8/site-packages/airflow/example_dags/example_bash_operator.py
[2023-11-09T19:59:02.415-0500] {processor.py:839} INFO - DAG(s) dict_keys(['example_bash_operator']) retrieved from /Users/az/anaconda3/envs/python38/lib/python3.8/site-packages/airflow/example_dags/example_bash_operator.py
[2023-11-09T19:59:02.502-0500] {logging_mixin.py:154} INFO - [2023-11-09T19:59:02.502-0500] {dag.py:2941} INFO - Sync 1 DAGs
[2023-11-09T19:59:02.512-0500] {logging_mixin.py:154} INFO - [2023-11-09T19:59:02.512-0500] {dag.py:3722} INFO - Setting next_dagrun for example_bash_operator to 2023-11-09T00:00:00+00:00, run_after=2023-11-10T00:00:00+00:00
[2023-11-09T19:59:02.522-0500] {processor.py:179} INFO - Processing /Users/az/anaconda3/envs/python38/lib/python3.8/site-packages/airflow/example_dags/example_bash_operator.py took 0.157 seconds
[2023-11-09T20:01:03.646-0500] {processor.py:157} INFO - Started process (PID=55508) to work on /Users/az/anaconda3/envs/python38/lib/python3.8/site-packages/airflow/example_dags/example_bash_operator.py
[2023-11-09T20:01:03.651-0500] {processor.py:829} INFO - Processing file /Users/az/anaconda3/envs/python38/lib/python3.8/site-packages/airflow/example_dags/example_bash_operator.py for tasks to queue
[2023-11-09T20:01:03.651-0500] {logging_mixin.py:154} INFO - [2023-11-09T20:01:03.651-0500] {dagbag.py:536} INFO - Filling up the DagBag from /Users/az/anaconda3/envs/python38/lib/python3.8/site-packages/airflow/example_dags/example_bash_operator.py
[2023-11-09T20:01:03.695-0500] {processor.py:839} INFO - DAG(s) dict_keys(['example_bash_operator']) retrieved from /Users/az/anaconda3/envs/python38/lib/python3.8/site-packages/airflow/example_dags/example_bash_operator.py
[2023-11-09T20:01:03.782-0500] {logging_mixin.py:154} INFO - [2023-11-09T20:01:03.782-0500] {dag.py:2941} INFO - Sync 1 DAGs
[2023-11-09T20:01:03.792-0500] {logging_mixin.py:154} INFO - [2023-11-09T20:01:03.792-0500] {dag.py:3722} INFO - Setting next_dagrun for example_bash_operator to 2023-11-09T00:00:00+00:00, run_after=2023-11-10T00:00:00+00:00
[2023-11-09T20:01:03.802-0500] {processor.py:179} INFO - Processing /Users/az/anaconda3/envs/python38/lib/python3.8/site-packages/airflow/example_dags/example_bash_operator.py took 0.156 seconds
[2023-11-09T20:03:05.616-0500] {processor.py:157} INFO - Started process (PID=55679) to work on /Users/az/anaconda3/envs/python38/lib/python3.8/site-packages/airflow/example_dags/example_bash_operator.py
[2023-11-09T20:03:05.620-0500] {processor.py:829} INFO - Processing file /Users/az/anaconda3/envs/python38/lib/python3.8/site-packages/airflow/example_dags/example_bash_operator.py for tasks to queue
[2023-11-09T20:03:05.620-0500] {logging_mixin.py:154} INFO - [2023-11-09T20:03:05.620-0500] {dagbag.py:536} INFO - Filling up the DagBag from /Users/az/anaconda3/envs/python38/lib/python3.8/site-packages/airflow/example_dags/example_bash_operator.py
[2023-11-09T20:03:05.668-0500] {processor.py:839} INFO - DAG(s) dict_keys(['example_bash_operator']) retrieved from /Users/az/anaconda3/envs/python38/lib/python3.8/site-packages/airflow/example_dags/example_bash_operator.py
[2023-11-09T20:03:05.760-0500] {logging_mixin.py:154} INFO - [2023-11-09T20:03:05.760-0500] {dag.py:2941} INFO - Sync 1 DAGs
[2023-11-09T20:03:05.770-0500] {logging_mixin.py:154} INFO - [2023-11-09T20:03:05.770-0500] {dag.py:3722} INFO - Setting next_dagrun for example_bash_operator to 2023-11-09T00:00:00+00:00, run_after=2023-11-10T00:00:00+00:00
[2023-11-09T20:03:05.780-0500] {processor.py:179} INFO - Processing /Users/az/anaconda3/envs/python38/lib/python3.8/site-packages/airflow/example_dags/example_bash_operator.py took 0.165 seconds
[2023-11-09T20:05:04.808-0500] {processor.py:157} INFO - Started process (PID=55829) to work on /Users/az/anaconda3/envs/python38/lib/python3.8/site-packages/airflow/example_dags/example_bash_operator.py
[2023-11-09T20:05:04.814-0500] {processor.py:829} INFO - Processing file /Users/az/anaconda3/envs/python38/lib/python3.8/site-packages/airflow/example_dags/example_bash_operator.py for tasks to queue
[2023-11-09T20:05:04.814-0500] {logging_mixin.py:154} INFO - [2023-11-09T20:05:04.814-0500] {dagbag.py:536} INFO - Filling up the DagBag from /Users/az/anaconda3/envs/python38/lib/python3.8/site-packages/airflow/example_dags/example_bash_operator.py
[2023-11-09T20:05:04.859-0500] {processor.py:839} INFO - DAG(s) dict_keys(['example_bash_operator']) retrieved from /Users/az/anaconda3/envs/python38/lib/python3.8/site-packages/airflow/example_dags/example_bash_operator.py
[2023-11-09T20:05:04.953-0500] {logging_mixin.py:154} INFO - [2023-11-09T20:05:04.953-0500] {dag.py:2941} INFO - Sync 1 DAGs
[2023-11-09T20:05:04.964-0500] {logging_mixin.py:154} INFO - [2023-11-09T20:05:04.964-0500] {dag.py:3722} INFO - Setting next_dagrun for example_bash_operator to 2023-11-09T00:00:00+00:00, run_after=2023-11-10T00:00:00+00:00
[2023-11-09T20:05:04.974-0500] {processor.py:179} INFO - Processing /Users/az/anaconda3/envs/python38/lib/python3.8/site-packages/airflow/example_dags/example_bash_operator.py took 0.167 seconds
[2023-11-09T20:07:03.743-0500] {processor.py:157} INFO - Started process (PID=55994) to work on /Users/az/anaconda3/envs/python38/lib/python3.8/site-packages/airflow/example_dags/example_bash_operator.py
[2023-11-09T20:07:03.748-0500] {processor.py:829} INFO - Processing file /Users/az/anaconda3/envs/python38/lib/python3.8/site-packages/airflow/example_dags/example_bash_operator.py for tasks to queue
[2023-11-09T20:07:03.749-0500] {logging_mixin.py:154} INFO - [2023-11-09T20:07:03.749-0500] {dagbag.py:536} INFO - Filling up the DagBag from /Users/az/anaconda3/envs/python38/lib/python3.8/site-packages/airflow/example_dags/example_bash_operator.py
[2023-11-09T20:07:03.792-0500] {processor.py:839} INFO - DAG(s) dict_keys(['example_bash_operator']) retrieved from /Users/az/anaconda3/envs/python38/lib/python3.8/site-packages/airflow/example_dags/example_bash_operator.py
[2023-11-09T20:07:03.879-0500] {logging_mixin.py:154} INFO - [2023-11-09T20:07:03.878-0500] {dag.py:2941} INFO - Sync 1 DAGs
[2023-11-09T20:07:03.888-0500] {logging_mixin.py:154} INFO - [2023-11-09T20:07:03.888-0500] {dag.py:3722} INFO - Setting next_dagrun for example_bash_operator to 2023-11-09T00:00:00+00:00, run_after=2023-11-10T00:00:00+00:00
[2023-11-09T20:07:03.898-0500] {processor.py:179} INFO - Processing /Users/az/anaconda3/envs/python38/lib/python3.8/site-packages/airflow/example_dags/example_bash_operator.py took 0.155 seconds
[2023-11-09T20:09:00.206-0500] {processor.py:157} INFO - Started process (PID=56145) to work on /Users/az/anaconda3/envs/python38/lib/python3.8/site-packages/airflow/example_dags/example_bash_operator.py
[2023-11-09T20:09:00.211-0500] {processor.py:829} INFO - Processing file /Users/az/anaconda3/envs/python38/lib/python3.8/site-packages/airflow/example_dags/example_bash_operator.py for tasks to queue
[2023-11-09T20:09:00.211-0500] {logging_mixin.py:154} INFO - [2023-11-09T20:09:00.211-0500] {dagbag.py:536} INFO - Filling up the DagBag from /Users/az/anaconda3/envs/python38/lib/python3.8/site-packages/airflow/example_dags/example_bash_operator.py
[2023-11-09T20:09:00.255-0500] {processor.py:839} INFO - DAG(s) dict_keys(['example_bash_operator']) retrieved from /Users/az/anaconda3/envs/python38/lib/python3.8/site-packages/airflow/example_dags/example_bash_operator.py
[2023-11-09T20:09:00.341-0500] {logging_mixin.py:154} INFO - [2023-11-09T20:09:00.341-0500] {dag.py:2941} INFO - Sync 1 DAGs
[2023-11-09T20:09:00.351-0500] {logging_mixin.py:154} INFO - [2023-11-09T20:09:00.351-0500] {dag.py:3722} INFO - Setting next_dagrun for example_bash_operator to 2023-11-09T00:00:00+00:00, run_after=2023-11-10T00:00:00+00:00
[2023-11-09T20:09:00.361-0500] {processor.py:179} INFO - Processing /Users/az/anaconda3/envs/python38/lib/python3.8/site-packages/airflow/example_dags/example_bash_operator.py took 0.155 seconds
[2023-11-09T20:10:58.291-0500] {processor.py:157} INFO - Started process (PID=56310) to work on /Users/az/anaconda3/envs/python38/lib/python3.8/site-packages/airflow/example_dags/example_bash_operator.py
[2023-11-09T20:10:58.296-0500] {processor.py:829} INFO - Processing file /Users/az/anaconda3/envs/python38/lib/python3.8/site-packages/airflow/example_dags/example_bash_operator.py for tasks to queue
[2023-11-09T20:10:58.296-0500] {logging_mixin.py:154} INFO - [2023-11-09T20:10:58.296-0500] {dagbag.py:536} INFO - Filling up the DagBag from /Users/az/anaconda3/envs/python38/lib/python3.8/site-packages/airflow/example_dags/example_bash_operator.py
[2023-11-09T20:10:58.340-0500] {processor.py:839} INFO - DAG(s) dict_keys(['example_bash_operator']) retrieved from /Users/az/anaconda3/envs/python38/lib/python3.8/site-packages/airflow/example_dags/example_bash_operator.py
[2023-11-09T20:10:58.427-0500] {logging_mixin.py:154} INFO - [2023-11-09T20:10:58.426-0500] {dag.py:2941} INFO - Sync 1 DAGs
[2023-11-09T20:10:58.436-0500] {logging_mixin.py:154} INFO - [2023-11-09T20:10:58.436-0500] {dag.py:3722} INFO - Setting next_dagrun for example_bash_operator to 2023-11-09T00:00:00+00:00, run_after=2023-11-10T00:00:00+00:00
[2023-11-09T20:10:58.446-0500] {processor.py:179} INFO - Processing /Users/az/anaconda3/envs/python38/lib/python3.8/site-packages/airflow/example_dags/example_bash_operator.py took 0.155 seconds
[2023-11-09T20:12:56.737-0500] {processor.py:157} INFO - Started process (PID=56478) to work on /Users/az/anaconda3/envs/python38/lib/python3.8/site-packages/airflow/example_dags/example_bash_operator.py
[2023-11-09T20:12:56.742-0500] {processor.py:829} INFO - Processing file /Users/az/anaconda3/envs/python38/lib/python3.8/site-packages/airflow/example_dags/example_bash_operator.py for tasks to queue
[2023-11-09T20:12:56.742-0500] {logging_mixin.py:154} INFO - [2023-11-09T20:12:56.742-0500] {dagbag.py:536} INFO - Filling up the DagBag from /Users/az/anaconda3/envs/python38/lib/python3.8/site-packages/airflow/example_dags/example_bash_operator.py
[2023-11-09T20:12:56.788-0500] {processor.py:839} INFO - DAG(s) dict_keys(['example_bash_operator']) retrieved from /Users/az/anaconda3/envs/python38/lib/python3.8/site-packages/airflow/example_dags/example_bash_operator.py
[2023-11-09T20:12:56.877-0500] {logging_mixin.py:154} INFO - [2023-11-09T20:12:56.876-0500] {dag.py:2941} INFO - Sync 1 DAGs
[2023-11-09T20:12:56.887-0500] {logging_mixin.py:154} INFO - [2023-11-09T20:12:56.887-0500] {dag.py:3722} INFO - Setting next_dagrun for example_bash_operator to 2023-11-09T00:00:00+00:00, run_after=2023-11-10T00:00:00+00:00
[2023-11-09T20:12:56.897-0500] {processor.py:179} INFO - Processing /Users/az/anaconda3/envs/python38/lib/python3.8/site-packages/airflow/example_dags/example_bash_operator.py took 0.160 seconds
[2023-11-09T20:14:56.670-0500] {processor.py:157} INFO - Started process (PID=56649) to work on /Users/az/anaconda3/envs/python38/lib/python3.8/site-packages/airflow/example_dags/example_bash_operator.py
[2023-11-09T20:14:56.675-0500] {processor.py:829} INFO - Processing file /Users/az/anaconda3/envs/python38/lib/python3.8/site-packages/airflow/example_dags/example_bash_operator.py for tasks to queue
[2023-11-09T20:14:56.675-0500] {logging_mixin.py:154} INFO - [2023-11-09T20:14:56.675-0500] {dagbag.py:536} INFO - Filling up the DagBag from /Users/az/anaconda3/envs/python38/lib/python3.8/site-packages/airflow/example_dags/example_bash_operator.py
[2023-11-09T20:14:56.720-0500] {processor.py:839} INFO - DAG(s) dict_keys(['example_bash_operator']) retrieved from /Users/az/anaconda3/envs/python38/lib/python3.8/site-packages/airflow/example_dags/example_bash_operator.py
[2023-11-09T20:14:56.807-0500] {logging_mixin.py:154} INFO - [2023-11-09T20:14:56.807-0500] {dag.py:2941} INFO - Sync 1 DAGs
[2023-11-09T20:14:56.816-0500] {logging_mixin.py:154} INFO - [2023-11-09T20:14:56.816-0500] {dag.py:3722} INFO - Setting next_dagrun for example_bash_operator to 2023-11-09T00:00:00+00:00, run_after=2023-11-10T00:00:00+00:00
[2023-11-09T20:14:56.826-0500] {processor.py:179} INFO - Processing /Users/az/anaconda3/envs/python38/lib/python3.8/site-packages/airflow/example_dags/example_bash_operator.py took 0.156 seconds
[2023-11-09T20:16:54.656-0500] {processor.py:157} INFO - Started process (PID=56795) to work on /Users/az/anaconda3/envs/python38/lib/python3.8/site-packages/airflow/example_dags/example_bash_operator.py
[2023-11-09T20:16:54.661-0500] {processor.py:829} INFO - Processing file /Users/az/anaconda3/envs/python38/lib/python3.8/site-packages/airflow/example_dags/example_bash_operator.py for tasks to queue
[2023-11-09T20:16:54.661-0500] {logging_mixin.py:154} INFO - [2023-11-09T20:16:54.661-0500] {dagbag.py:536} INFO - Filling up the DagBag from /Users/az/anaconda3/envs/python38/lib/python3.8/site-packages/airflow/example_dags/example_bash_operator.py
[2023-11-09T20:16:54.704-0500] {processor.py:839} INFO - DAG(s) dict_keys(['example_bash_operator']) retrieved from /Users/az/anaconda3/envs/python38/lib/python3.8/site-packages/airflow/example_dags/example_bash_operator.py
[2023-11-09T20:16:54.791-0500] {logging_mixin.py:154} INFO - [2023-11-09T20:16:54.791-0500] {dag.py:2941} INFO - Sync 1 DAGs
[2023-11-09T20:16:54.800-0500] {logging_mixin.py:154} INFO - [2023-11-09T20:16:54.800-0500] {dag.py:3722} INFO - Setting next_dagrun for example_bash_operator to 2023-11-09T00:00:00+00:00, run_after=2023-11-10T00:00:00+00:00
[2023-11-09T20:16:54.810-0500] {processor.py:179} INFO - Processing /Users/az/anaconda3/envs/python38/lib/python3.8/site-packages/airflow/example_dags/example_bash_operator.py took 0.155 seconds
[2023-11-09T20:18:53.472-0500] {processor.py:157} INFO - Started process (PID=56944) to work on /Users/az/anaconda3/envs/python38/lib/python3.8/site-packages/airflow/example_dags/example_bash_operator.py
[2023-11-09T20:18:53.476-0500] {processor.py:829} INFO - Processing file /Users/az/anaconda3/envs/python38/lib/python3.8/site-packages/airflow/example_dags/example_bash_operator.py for tasks to queue
[2023-11-09T20:18:53.477-0500] {logging_mixin.py:154} INFO - [2023-11-09T20:18:53.477-0500] {dagbag.py:536} INFO - Filling up the DagBag from /Users/az/anaconda3/envs/python38/lib/python3.8/site-packages/airflow/example_dags/example_bash_operator.py
[2023-11-09T20:18:53.520-0500] {processor.py:839} INFO - DAG(s) dict_keys(['example_bash_operator']) retrieved from /Users/az/anaconda3/envs/python38/lib/python3.8/site-packages/airflow/example_dags/example_bash_operator.py
[2023-11-09T20:18:53.606-0500] {logging_mixin.py:154} INFO - [2023-11-09T20:18:53.606-0500] {dag.py:2941} INFO - Sync 1 DAGs
[2023-11-09T20:18:53.616-0500] {logging_mixin.py:154} INFO - [2023-11-09T20:18:53.616-0500] {dag.py:3722} INFO - Setting next_dagrun for example_bash_operator to 2023-11-09T00:00:00+00:00, run_after=2023-11-10T00:00:00+00:00
[2023-11-09T20:18:53.626-0500] {processor.py:179} INFO - Processing /Users/az/anaconda3/envs/python38/lib/python3.8/site-packages/airflow/example_dags/example_bash_operator.py took 0.155 seconds
[2023-11-09T20:20:53.698-0500] {processor.py:157} INFO - Started process (PID=57093) to work on /Users/az/anaconda3/envs/python38/lib/python3.8/site-packages/airflow/example_dags/example_bash_operator.py
[2023-11-09T20:20:53.703-0500] {processor.py:829} INFO - Processing file /Users/az/anaconda3/envs/python38/lib/python3.8/site-packages/airflow/example_dags/example_bash_operator.py for tasks to queue
[2023-11-09T20:20:53.703-0500] {logging_mixin.py:154} INFO - [2023-11-09T20:20:53.703-0500] {dagbag.py:536} INFO - Filling up the DagBag from /Users/az/anaconda3/envs/python38/lib/python3.8/site-packages/airflow/example_dags/example_bash_operator.py
[2023-11-09T20:20:53.747-0500] {processor.py:839} INFO - DAG(s) dict_keys(['example_bash_operator']) retrieved from /Users/az/anaconda3/envs/python38/lib/python3.8/site-packages/airflow/example_dags/example_bash_operator.py
[2023-11-09T20:20:53.844-0500] {logging_mixin.py:154} INFO - [2023-11-09T20:20:53.843-0500] {dag.py:2941} INFO - Sync 1 DAGs
[2023-11-09T20:20:53.853-0500] {logging_mixin.py:154} INFO - [2023-11-09T20:20:53.853-0500] {dag.py:3722} INFO - Setting next_dagrun for example_bash_operator to 2023-11-09T00:00:00+00:00, run_after=2023-11-10T00:00:00+00:00
[2023-11-09T20:20:53.864-0500] {processor.py:179} INFO - Processing /Users/az/anaconda3/envs/python38/lib/python3.8/site-packages/airflow/example_dags/example_bash_operator.py took 0.166 seconds
[2023-11-09T20:22:54.609-0500] {processor.py:157} INFO - Started process (PID=57253) to work on /Users/az/anaconda3/envs/python38/lib/python3.8/site-packages/airflow/example_dags/example_bash_operator.py
[2023-11-09T20:22:54.615-0500] {processor.py:829} INFO - Processing file /Users/az/anaconda3/envs/python38/lib/python3.8/site-packages/airflow/example_dags/example_bash_operator.py for tasks to queue
[2023-11-09T20:22:54.615-0500] {logging_mixin.py:154} INFO - [2023-11-09T20:22:54.615-0500] {dagbag.py:536} INFO - Filling up the DagBag from /Users/az/anaconda3/envs/python38/lib/python3.8/site-packages/airflow/example_dags/example_bash_operator.py
[2023-11-09T20:22:54.659-0500] {processor.py:839} INFO - DAG(s) dict_keys(['example_bash_operator']) retrieved from /Users/az/anaconda3/envs/python38/lib/python3.8/site-packages/airflow/example_dags/example_bash_operator.py
[2023-11-09T20:22:54.746-0500] {logging_mixin.py:154} INFO - [2023-11-09T20:22:54.746-0500] {dag.py:2941} INFO - Sync 1 DAGs
[2023-11-09T20:22:54.756-0500] {logging_mixin.py:154} INFO - [2023-11-09T20:22:54.756-0500] {dag.py:3722} INFO - Setting next_dagrun for example_bash_operator to 2023-11-09T00:00:00+00:00, run_after=2023-11-10T00:00:00+00:00
[2023-11-09T20:22:54.766-0500] {processor.py:179} INFO - Processing /Users/az/anaconda3/envs/python38/lib/python3.8/site-packages/airflow/example_dags/example_bash_operator.py took 0.157 seconds
[2023-11-09T20:24:52.417-0500] {processor.py:157} INFO - Started process (PID=57403) to work on /Users/az/anaconda3/envs/python38/lib/python3.8/site-packages/airflow/example_dags/example_bash_operator.py
[2023-11-09T20:24:52.421-0500] {processor.py:829} INFO - Processing file /Users/az/anaconda3/envs/python38/lib/python3.8/site-packages/airflow/example_dags/example_bash_operator.py for tasks to queue
[2023-11-09T20:24:52.422-0500] {logging_mixin.py:154} INFO - [2023-11-09T20:24:52.422-0500] {dagbag.py:536} INFO - Filling up the DagBag from /Users/az/anaconda3/envs/python38/lib/python3.8/site-packages/airflow/example_dags/example_bash_operator.py
[2023-11-09T20:24:52.465-0500] {processor.py:839} INFO - DAG(s) dict_keys(['example_bash_operator']) retrieved from /Users/az/anaconda3/envs/python38/lib/python3.8/site-packages/airflow/example_dags/example_bash_operator.py
[2023-11-09T20:24:52.552-0500] {logging_mixin.py:154} INFO - [2023-11-09T20:24:52.552-0500] {dag.py:2941} INFO - Sync 1 DAGs
[2023-11-09T20:24:52.561-0500] {logging_mixin.py:154} INFO - [2023-11-09T20:24:52.561-0500] {dag.py:3722} INFO - Setting next_dagrun for example_bash_operator to 2023-11-09T00:00:00+00:00, run_after=2023-11-10T00:00:00+00:00
[2023-11-09T20:24:52.571-0500] {processor.py:179} INFO - Processing /Users/az/anaconda3/envs/python38/lib/python3.8/site-packages/airflow/example_dags/example_bash_operator.py took 0.155 seconds
[2023-11-09T20:27:18.041-0500] {processor.py:157} INFO - Started process (PID=57555) to work on /Users/az/anaconda3/envs/python38/lib/python3.8/site-packages/airflow/example_dags/example_bash_operator.py
[2023-11-09T20:27:18.045-0500] {processor.py:829} INFO - Processing file /Users/az/anaconda3/envs/python38/lib/python3.8/site-packages/airflow/example_dags/example_bash_operator.py for tasks to queue
[2023-11-09T20:27:18.046-0500] {logging_mixin.py:154} INFO - [2023-11-09T20:27:18.045-0500] {dagbag.py:536} INFO - Filling up the DagBag from /Users/az/anaconda3/envs/python38/lib/python3.8/site-packages/airflow/example_dags/example_bash_operator.py
[2023-11-09T20:27:18.088-0500] {processor.py:839} INFO - DAG(s) dict_keys(['example_bash_operator']) retrieved from /Users/az/anaconda3/envs/python38/lib/python3.8/site-packages/airflow/example_dags/example_bash_operator.py
[2023-11-09T20:27:18.174-0500] {logging_mixin.py:154} INFO - [2023-11-09T20:27:18.174-0500] {dag.py:2941} INFO - Sync 1 DAGs
[2023-11-09T20:27:18.184-0500] {logging_mixin.py:154} INFO - [2023-11-09T20:27:18.184-0500] {dag.py:3722} INFO - Setting next_dagrun for example_bash_operator to 2023-11-09T00:00:00+00:00, run_after=2023-11-10T00:00:00+00:00
[2023-11-09T20:27:18.194-0500] {processor.py:179} INFO - Processing /Users/az/anaconda3/envs/python38/lib/python3.8/site-packages/airflow/example_dags/example_bash_operator.py took 0.154 seconds
[2023-11-09T20:47:27.964-0500] {processor.py:157} INFO - Started process (PID=57877) to work on /Users/az/anaconda3/envs/python38/lib/python3.8/site-packages/airflow/example_dags/example_bash_operator.py
[2023-11-09T20:47:27.969-0500] {processor.py:829} INFO - Processing file /Users/az/anaconda3/envs/python38/lib/python3.8/site-packages/airflow/example_dags/example_bash_operator.py for tasks to queue
[2023-11-09T20:47:27.969-0500] {logging_mixin.py:154} INFO - [2023-11-09T20:47:27.969-0500] {dagbag.py:536} INFO - Filling up the DagBag from /Users/az/anaconda3/envs/python38/lib/python3.8/site-packages/airflow/example_dags/example_bash_operator.py
[2023-11-09T20:47:28.012-0500] {processor.py:839} INFO - DAG(s) dict_keys(['example_bash_operator']) retrieved from /Users/az/anaconda3/envs/python38/lib/python3.8/site-packages/airflow/example_dags/example_bash_operator.py
[2023-11-09T20:47:28.099-0500] {logging_mixin.py:154} INFO - [2023-11-09T20:47:28.098-0500] {dag.py:2941} INFO - Sync 1 DAGs
[2023-11-09T20:47:28.108-0500] {logging_mixin.py:154} INFO - [2023-11-09T20:47:28.108-0500] {dag.py:3722} INFO - Setting next_dagrun for example_bash_operator to 2023-11-09T00:00:00+00:00, run_after=2023-11-10T00:00:00+00:00
[2023-11-09T20:47:28.118-0500] {processor.py:179} INFO - Processing /Users/az/anaconda3/envs/python38/lib/python3.8/site-packages/airflow/example_dags/example_bash_operator.py took 0.154 seconds
[2023-11-09T20:49:25.338-0500] {processor.py:157} INFO - Started process (PID=58023) to work on /Users/az/anaconda3/envs/python38/lib/python3.8/site-packages/airflow/example_dags/example_bash_operator.py
[2023-11-09T20:49:25.341-0500] {processor.py:829} INFO - Processing file /Users/az/anaconda3/envs/python38/lib/python3.8/site-packages/airflow/example_dags/example_bash_operator.py for tasks to queue
[2023-11-09T20:49:25.342-0500] {logging_mixin.py:154} INFO - [2023-11-09T20:49:25.342-0500] {dagbag.py:536} INFO - Filling up the DagBag from /Users/az/anaconda3/envs/python38/lib/python3.8/site-packages/airflow/example_dags/example_bash_operator.py
[2023-11-09T20:49:25.385-0500] {processor.py:839} INFO - DAG(s) dict_keys(['example_bash_operator']) retrieved from /Users/az/anaconda3/envs/python38/lib/python3.8/site-packages/airflow/example_dags/example_bash_operator.py
[2023-11-09T20:49:25.472-0500] {logging_mixin.py:154} INFO - [2023-11-09T20:49:25.472-0500] {dag.py:2941} INFO - Sync 1 DAGs
[2023-11-09T20:49:25.482-0500] {logging_mixin.py:154} INFO - [2023-11-09T20:49:25.482-0500] {dag.py:3722} INFO - Setting next_dagrun for example_bash_operator to 2023-11-09T00:00:00+00:00, run_after=2023-11-10T00:00:00+00:00
[2023-11-09T20:49:25.492-0500] {processor.py:179} INFO - Processing /Users/az/anaconda3/envs/python38/lib/python3.8/site-packages/airflow/example_dags/example_bash_operator.py took 0.155 seconds
[2023-11-09T20:51:24.184-0500] {processor.py:157} INFO - Started process (PID=58180) to work on /Users/az/anaconda3/envs/python38/lib/python3.8/site-packages/airflow/example_dags/example_bash_operator.py
[2023-11-09T20:51:24.188-0500] {processor.py:829} INFO - Processing file /Users/az/anaconda3/envs/python38/lib/python3.8/site-packages/airflow/example_dags/example_bash_operator.py for tasks to queue
[2023-11-09T20:51:24.189-0500] {logging_mixin.py:154} INFO - [2023-11-09T20:51:24.189-0500] {dagbag.py:536} INFO - Filling up the DagBag from /Users/az/anaconda3/envs/python38/lib/python3.8/site-packages/airflow/example_dags/example_bash_operator.py
[2023-11-09T20:51:24.233-0500] {processor.py:839} INFO - DAG(s) dict_keys(['example_bash_operator']) retrieved from /Users/az/anaconda3/envs/python38/lib/python3.8/site-packages/airflow/example_dags/example_bash_operator.py
[2023-11-09T20:51:24.320-0500] {logging_mixin.py:154} INFO - [2023-11-09T20:51:24.320-0500] {dag.py:2941} INFO - Sync 1 DAGs
[2023-11-09T20:51:24.329-0500] {logging_mixin.py:154} INFO - [2023-11-09T20:51:24.329-0500] {dag.py:3722} INFO - Setting next_dagrun for example_bash_operator to 2023-11-09T00:00:00+00:00, run_after=2023-11-10T00:00:00+00:00
[2023-11-09T20:51:24.340-0500] {processor.py:179} INFO - Processing /Users/az/anaconda3/envs/python38/lib/python3.8/site-packages/airflow/example_dags/example_bash_operator.py took 0.156 seconds
[2023-11-09T20:53:33.383-0500] {processor.py:157} INFO - Started process (PID=58336) to work on /Users/az/anaconda3/envs/python38/lib/python3.8/site-packages/airflow/example_dags/example_bash_operator.py
[2023-11-09T20:53:33.387-0500] {processor.py:829} INFO - Processing file /Users/az/anaconda3/envs/python38/lib/python3.8/site-packages/airflow/example_dags/example_bash_operator.py for tasks to queue
[2023-11-09T20:53:33.387-0500] {logging_mixin.py:154} INFO - [2023-11-09T20:53:33.387-0500] {dagbag.py:536} INFO - Filling up the DagBag from /Users/az/anaconda3/envs/python38/lib/python3.8/site-packages/airflow/example_dags/example_bash_operator.py
[2023-11-09T20:53:33.433-0500] {processor.py:839} INFO - DAG(s) dict_keys(['example_bash_operator']) retrieved from /Users/az/anaconda3/envs/python38/lib/python3.8/site-packages/airflow/example_dags/example_bash_operator.py
[2023-11-09T20:53:33.541-0500] {logging_mixin.py:154} INFO - [2023-11-09T20:53:33.540-0500] {dag.py:2941} INFO - Sync 1 DAGs
[2023-11-09T20:53:33.551-0500] {logging_mixin.py:154} INFO - [2023-11-09T20:53:33.550-0500] {dag.py:3722} INFO - Setting next_dagrun for example_bash_operator to 2023-11-09T00:00:00+00:00, run_after=2023-11-10T00:00:00+00:00
[2023-11-09T20:53:33.561-0500] {processor.py:179} INFO - Processing /Users/az/anaconda3/envs/python38/lib/python3.8/site-packages/airflow/example_dags/example_bash_operator.py took 0.178 seconds
[2023-11-09T20:55:53.659-0500] {processor.py:157} INFO - Started process (PID=58504) to work on /Users/az/anaconda3/envs/python38/lib/python3.8/site-packages/airflow/example_dags/example_bash_operator.py
[2023-11-09T20:55:53.663-0500] {processor.py:829} INFO - Processing file /Users/az/anaconda3/envs/python38/lib/python3.8/site-packages/airflow/example_dags/example_bash_operator.py for tasks to queue
[2023-11-09T20:55:53.664-0500] {logging_mixin.py:154} INFO - [2023-11-09T20:55:53.663-0500] {dagbag.py:536} INFO - Filling up the DagBag from /Users/az/anaconda3/envs/python38/lib/python3.8/site-packages/airflow/example_dags/example_bash_operator.py
[2023-11-09T20:55:53.714-0500] {processor.py:839} INFO - DAG(s) dict_keys(['example_bash_operator']) retrieved from /Users/az/anaconda3/envs/python38/lib/python3.8/site-packages/airflow/example_dags/example_bash_operator.py
[2023-11-09T20:55:53.804-0500] {logging_mixin.py:154} INFO - [2023-11-09T20:55:53.803-0500] {dag.py:2941} INFO - Sync 1 DAGs
[2023-11-09T20:55:53.813-0500] {logging_mixin.py:154} INFO - [2023-11-09T20:55:53.813-0500] {dag.py:3722} INFO - Setting next_dagrun for example_bash_operator to 2023-11-09T00:00:00+00:00, run_after=2023-11-10T00:00:00+00:00
[2023-11-09T20:55:53.824-0500] {processor.py:179} INFO - Processing /Users/az/anaconda3/envs/python38/lib/python3.8/site-packages/airflow/example_dags/example_bash_operator.py took 0.165 seconds
[2023-11-09T20:58:02.903-0500] {processor.py:157} INFO - Started process (PID=58655) to work on /Users/az/anaconda3/envs/python38/lib/python3.8/site-packages/airflow/example_dags/example_bash_operator.py
[2023-11-09T20:58:02.907-0500] {processor.py:829} INFO - Processing file /Users/az/anaconda3/envs/python38/lib/python3.8/site-packages/airflow/example_dags/example_bash_operator.py for tasks to queue
[2023-11-09T20:58:02.907-0500] {logging_mixin.py:154} INFO - [2023-11-09T20:58:02.907-0500] {dagbag.py:536} INFO - Filling up the DagBag from /Users/az/anaconda3/envs/python38/lib/python3.8/site-packages/airflow/example_dags/example_bash_operator.py
[2023-11-09T20:58:02.958-0500] {processor.py:839} INFO - DAG(s) dict_keys(['example_bash_operator']) retrieved from /Users/az/anaconda3/envs/python38/lib/python3.8/site-packages/airflow/example_dags/example_bash_operator.py
[2023-11-09T20:58:03.048-0500] {logging_mixin.py:154} INFO - [2023-11-09T20:58:03.048-0500] {dag.py:2941} INFO - Sync 1 DAGs
[2023-11-09T20:58:03.058-0500] {logging_mixin.py:154} INFO - [2023-11-09T20:58:03.058-0500] {dag.py:3722} INFO - Setting next_dagrun for example_bash_operator to 2023-11-09T00:00:00+00:00, run_after=2023-11-10T00:00:00+00:00
[2023-11-09T20:58:03.068-0500] {processor.py:179} INFO - Processing /Users/az/anaconda3/envs/python38/lib/python3.8/site-packages/airflow/example_dags/example_bash_operator.py took 0.165 seconds
[2023-11-09T21:00:17.366-0500] {processor.py:157} INFO - Started process (PID=58831) to work on /Users/az/anaconda3/envs/python38/lib/python3.8/site-packages/airflow/example_dags/example_bash_operator.py
[2023-11-09T21:00:17.371-0500] {processor.py:829} INFO - Processing file /Users/az/anaconda3/envs/python38/lib/python3.8/site-packages/airflow/example_dags/example_bash_operator.py for tasks to queue
[2023-11-09T21:00:17.371-0500] {logging_mixin.py:154} INFO - [2023-11-09T21:00:17.371-0500] {dagbag.py:536} INFO - Filling up the DagBag from /Users/az/anaconda3/envs/python38/lib/python3.8/site-packages/airflow/example_dags/example_bash_operator.py
[2023-11-09T21:00:17.414-0500] {processor.py:839} INFO - DAG(s) dict_keys(['example_bash_operator']) retrieved from /Users/az/anaconda3/envs/python38/lib/python3.8/site-packages/airflow/example_dags/example_bash_operator.py
[2023-11-09T21:00:17.501-0500] {logging_mixin.py:154} INFO - [2023-11-09T21:00:17.500-0500] {dag.py:2941} INFO - Sync 1 DAGs
[2023-11-09T21:00:17.510-0500] {logging_mixin.py:154} INFO - [2023-11-09T21:00:17.510-0500] {dag.py:3722} INFO - Setting next_dagrun for example_bash_operator to 2023-11-09T00:00:00+00:00, run_after=2023-11-10T00:00:00+00:00
[2023-11-09T21:00:17.520-0500] {processor.py:179} INFO - Processing /Users/az/anaconda3/envs/python38/lib/python3.8/site-packages/airflow/example_dags/example_bash_operator.py took 0.155 seconds
[2023-11-09T21:02:26.876-0500] {processor.py:157} INFO - Started process (PID=59008) to work on /Users/az/anaconda3/envs/python38/lib/python3.8/site-packages/airflow/example_dags/example_bash_operator.py
[2023-11-09T21:02:26.881-0500] {processor.py:829} INFO - Processing file /Users/az/anaconda3/envs/python38/lib/python3.8/site-packages/airflow/example_dags/example_bash_operator.py for tasks to queue
[2023-11-09T21:02:26.881-0500] {logging_mixin.py:154} INFO - [2023-11-09T21:02:26.881-0500] {dagbag.py:536} INFO - Filling up the DagBag from /Users/az/anaconda3/envs/python38/lib/python3.8/site-packages/airflow/example_dags/example_bash_operator.py
[2023-11-09T21:02:26.924-0500] {processor.py:839} INFO - DAG(s) dict_keys(['example_bash_operator']) retrieved from /Users/az/anaconda3/envs/python38/lib/python3.8/site-packages/airflow/example_dags/example_bash_operator.py
[2023-11-09T21:02:27.010-0500] {logging_mixin.py:154} INFO - [2023-11-09T21:02:27.010-0500] {dag.py:2941} INFO - Sync 1 DAGs
[2023-11-09T21:02:27.020-0500] {logging_mixin.py:154} INFO - [2023-11-09T21:02:27.020-0500] {dag.py:3722} INFO - Setting next_dagrun for example_bash_operator to 2023-11-09T00:00:00+00:00, run_after=2023-11-10T00:00:00+00:00
[2023-11-09T21:02:27.030-0500] {processor.py:179} INFO - Processing /Users/az/anaconda3/envs/python38/lib/python3.8/site-packages/airflow/example_dags/example_bash_operator.py took 0.155 seconds
[2023-11-09T21:04:28.284-0500] {processor.py:157} INFO - Started process (PID=59182) to work on /Users/az/anaconda3/envs/python38/lib/python3.8/site-packages/airflow/example_dags/example_bash_operator.py
[2023-11-09T21:04:28.289-0500] {processor.py:829} INFO - Processing file /Users/az/anaconda3/envs/python38/lib/python3.8/site-packages/airflow/example_dags/example_bash_operator.py for tasks to queue
[2023-11-09T21:04:28.289-0500] {logging_mixin.py:154} INFO - [2023-11-09T21:04:28.289-0500] {dagbag.py:536} INFO - Filling up the DagBag from /Users/az/anaconda3/envs/python38/lib/python3.8/site-packages/airflow/example_dags/example_bash_operator.py
[2023-11-09T21:04:28.340-0500] {processor.py:839} INFO - DAG(s) dict_keys(['example_bash_operator']) retrieved from /Users/az/anaconda3/envs/python38/lib/python3.8/site-packages/airflow/example_dags/example_bash_operator.py
[2023-11-09T21:04:28.437-0500] {logging_mixin.py:154} INFO - [2023-11-09T21:04:28.437-0500] {dag.py:2941} INFO - Sync 1 DAGs
[2023-11-09T21:04:28.448-0500] {logging_mixin.py:154} INFO - [2023-11-09T21:04:28.448-0500] {dag.py:3722} INFO - Setting next_dagrun for example_bash_operator to 2023-11-09T00:00:00+00:00, run_after=2023-11-10T00:00:00+00:00
[2023-11-09T21:04:28.462-0500] {processor.py:179} INFO - Processing /Users/az/anaconda3/envs/python38/lib/python3.8/site-packages/airflow/example_dags/example_bash_operator.py took 0.178 seconds
[2023-11-09T21:06:30.293-0500] {processor.py:157} INFO - Started process (PID=59341) to work on /Users/az/anaconda3/envs/python38/lib/python3.8/site-packages/airflow/example_dags/example_bash_operator.py
[2023-11-09T21:06:30.299-0500] {processor.py:829} INFO - Processing file /Users/az/anaconda3/envs/python38/lib/python3.8/site-packages/airflow/example_dags/example_bash_operator.py for tasks to queue
[2023-11-09T21:06:30.300-0500] {logging_mixin.py:154} INFO - [2023-11-09T21:06:30.300-0500] {dagbag.py:536} INFO - Filling up the DagBag from /Users/az/anaconda3/envs/python38/lib/python3.8/site-packages/airflow/example_dags/example_bash_operator.py
[2023-11-09T21:06:30.389-0500] {processor.py:839} INFO - DAG(s) dict_keys(['example_bash_operator']) retrieved from /Users/az/anaconda3/envs/python38/lib/python3.8/site-packages/airflow/example_dags/example_bash_operator.py
[2023-11-09T21:06:30.501-0500] {logging_mixin.py:154} INFO - [2023-11-09T21:06:30.501-0500] {dag.py:2941} INFO - Sync 1 DAGs
[2023-11-09T21:06:30.512-0500] {logging_mixin.py:154} INFO - [2023-11-09T21:06:30.512-0500] {dag.py:3722} INFO - Setting next_dagrun for example_bash_operator to 2023-11-09T00:00:00+00:00, run_after=2023-11-10T00:00:00+00:00
[2023-11-09T21:06:30.526-0500] {processor.py:179} INFO - Processing /Users/az/anaconda3/envs/python38/lib/python3.8/site-packages/airflow/example_dags/example_bash_operator.py took 0.233 seconds
[2023-11-09T21:08:27.002-0500] {processor.py:157} INFO - Started process (PID=59487) to work on /Users/az/anaconda3/envs/python38/lib/python3.8/site-packages/airflow/example_dags/example_bash_operator.py
[2023-11-09T21:08:27.006-0500] {processor.py:829} INFO - Processing file /Users/az/anaconda3/envs/python38/lib/python3.8/site-packages/airflow/example_dags/example_bash_operator.py for tasks to queue
[2023-11-09T21:08:27.006-0500] {logging_mixin.py:154} INFO - [2023-11-09T21:08:27.006-0500] {dagbag.py:536} INFO - Filling up the DagBag from /Users/az/anaconda3/envs/python38/lib/python3.8/site-packages/airflow/example_dags/example_bash_operator.py
[2023-11-09T21:08:27.049-0500] {processor.py:839} INFO - DAG(s) dict_keys(['example_bash_operator']) retrieved from /Users/az/anaconda3/envs/python38/lib/python3.8/site-packages/airflow/example_dags/example_bash_operator.py
[2023-11-09T21:08:27.137-0500] {logging_mixin.py:154} INFO - [2023-11-09T21:08:27.137-0500] {dag.py:2941} INFO - Sync 1 DAGs
[2023-11-09T21:08:27.147-0500] {logging_mixin.py:154} INFO - [2023-11-09T21:08:27.147-0500] {dag.py:3722} INFO - Setting next_dagrun for example_bash_operator to 2023-11-09T00:00:00+00:00, run_after=2023-11-10T00:00:00+00:00
[2023-11-09T21:08:27.157-0500] {processor.py:179} INFO - Processing /Users/az/anaconda3/envs/python38/lib/python3.8/site-packages/airflow/example_dags/example_bash_operator.py took 0.155 seconds
[2023-11-09T21:10:31.374-0500] {processor.py:157} INFO - Started process (PID=59653) to work on /Users/az/anaconda3/envs/python38/lib/python3.8/site-packages/airflow/example_dags/example_bash_operator.py
[2023-11-09T21:10:31.379-0500] {processor.py:829} INFO - Processing file /Users/az/anaconda3/envs/python38/lib/python3.8/site-packages/airflow/example_dags/example_bash_operator.py for tasks to queue
[2023-11-09T21:10:31.379-0500] {logging_mixin.py:154} INFO - [2023-11-09T21:10:31.379-0500] {dagbag.py:536} INFO - Filling up the DagBag from /Users/az/anaconda3/envs/python38/lib/python3.8/site-packages/airflow/example_dags/example_bash_operator.py
[2023-11-09T21:10:31.424-0500] {processor.py:839} INFO - DAG(s) dict_keys(['example_bash_operator']) retrieved from /Users/az/anaconda3/envs/python38/lib/python3.8/site-packages/airflow/example_dags/example_bash_operator.py
[2023-11-09T21:10:31.513-0500] {logging_mixin.py:154} INFO - [2023-11-09T21:10:31.513-0500] {dag.py:2941} INFO - Sync 1 DAGs
[2023-11-09T21:10:31.523-0500] {logging_mixin.py:154} INFO - [2023-11-09T21:10:31.523-0500] {dag.py:3722} INFO - Setting next_dagrun for example_bash_operator to 2023-11-09T00:00:00+00:00, run_after=2023-11-10T00:00:00+00:00
[2023-11-09T21:10:31.533-0500] {processor.py:179} INFO - Processing /Users/az/anaconda3/envs/python38/lib/python3.8/site-packages/airflow/example_dags/example_bash_operator.py took 0.159 seconds
[2023-11-09T21:12:30.515-0500] {processor.py:157} INFO - Started process (PID=59800) to work on /Users/az/anaconda3/envs/python38/lib/python3.8/site-packages/airflow/example_dags/example_bash_operator.py
[2023-11-09T21:12:30.519-0500] {processor.py:829} INFO - Processing file /Users/az/anaconda3/envs/python38/lib/python3.8/site-packages/airflow/example_dags/example_bash_operator.py for tasks to queue
[2023-11-09T21:12:30.520-0500] {logging_mixin.py:154} INFO - [2023-11-09T21:12:30.519-0500] {dagbag.py:536} INFO - Filling up the DagBag from /Users/az/anaconda3/envs/python38/lib/python3.8/site-packages/airflow/example_dags/example_bash_operator.py
[2023-11-09T21:12:30.565-0500] {processor.py:839} INFO - DAG(s) dict_keys(['example_bash_operator']) retrieved from /Users/az/anaconda3/envs/python38/lib/python3.8/site-packages/airflow/example_dags/example_bash_operator.py
[2023-11-09T21:12:30.651-0500] {logging_mixin.py:154} INFO - [2023-11-09T21:12:30.651-0500] {dag.py:2941} INFO - Sync 1 DAGs
[2023-11-09T21:12:30.661-0500] {logging_mixin.py:154} INFO - [2023-11-09T21:12:30.661-0500] {dag.py:3722} INFO - Setting next_dagrun for example_bash_operator to 2023-11-09T00:00:00+00:00, run_after=2023-11-10T00:00:00+00:00
[2023-11-09T21:12:30.671-0500] {processor.py:179} INFO - Processing /Users/az/anaconda3/envs/python38/lib/python3.8/site-packages/airflow/example_dags/example_bash_operator.py took 0.157 seconds
[2023-11-09T21:14:30.506-0500] {processor.py:157} INFO - Started process (PID=59950) to work on /Users/az/anaconda3/envs/python38/lib/python3.8/site-packages/airflow/example_dags/example_bash_operator.py
[2023-11-09T21:14:30.510-0500] {processor.py:829} INFO - Processing file /Users/az/anaconda3/envs/python38/lib/python3.8/site-packages/airflow/example_dags/example_bash_operator.py for tasks to queue
[2023-11-09T21:14:30.511-0500] {logging_mixin.py:154} INFO - [2023-11-09T21:14:30.510-0500] {dagbag.py:536} INFO - Filling up the DagBag from /Users/az/anaconda3/envs/python38/lib/python3.8/site-packages/airflow/example_dags/example_bash_operator.py
[2023-11-09T21:14:30.555-0500] {processor.py:839} INFO - DAG(s) dict_keys(['example_bash_operator']) retrieved from /Users/az/anaconda3/envs/python38/lib/python3.8/site-packages/airflow/example_dags/example_bash_operator.py
[2023-11-09T21:14:30.642-0500] {logging_mixin.py:154} INFO - [2023-11-09T21:14:30.642-0500] {dag.py:2941} INFO - Sync 1 DAGs
[2023-11-09T21:14:30.651-0500] {logging_mixin.py:154} INFO - [2023-11-09T21:14:30.651-0500] {dag.py:3722} INFO - Setting next_dagrun for example_bash_operator to 2023-11-09T00:00:00+00:00, run_after=2023-11-10T00:00:00+00:00
[2023-11-09T21:14:30.662-0500] {processor.py:179} INFO - Processing /Users/az/anaconda3/envs/python38/lib/python3.8/site-packages/airflow/example_dags/example_bash_operator.py took 0.156 seconds
