[2023-11-09T19:00:02.259-0500] {processor.py:157} INFO - Started process (PID=48757) to work on /Users/az/anaconda3/envs/python38/lib/python3.8/site-packages/airflow/example_dags/example_external_task_marker_dag.py
[2023-11-09T19:00:02.263-0500] {processor.py:829} INFO - Processing file /Users/az/anaconda3/envs/python38/lib/python3.8/site-packages/airflow/example_dags/example_external_task_marker_dag.py for tasks to queue
[2023-11-09T19:00:02.263-0500] {logging_mixin.py:154} INFO - [2023-11-09T19:00:02.263-0500] {dagbag.py:536} INFO - Filling up the DagBag from /Users/az/anaconda3/envs/python38/lib/python3.8/site-packages/airflow/example_dags/example_external_task_marker_dag.py
[2023-11-09T19:00:02.281-0500] {processor.py:839} INFO - DAG(s) dict_keys(['example_external_task_marker_parent', 'example_external_task_marker_child']) retrieved from /Users/az/anaconda3/envs/python38/lib/python3.8/site-packages/airflow/example_dags/example_external_task_marker_dag.py
[2023-11-09T19:00:02.394-0500] {logging_mixin.py:154} INFO - [2023-11-09T19:00:02.394-0500] {dag.py:2941} INFO - Sync 2 DAGs
[2023-11-09T19:00:02.399-0500] {logging_mixin.py:154} INFO - [2023-11-09T19:00:02.399-0500] {dag.py:3722} INFO - Setting next_dagrun for example_external_task_marker_child to None, run_after=None
[2023-11-09T19:00:02.401-0500] {logging_mixin.py:154} INFO - [2023-11-09T19:00:02.401-0500] {dag.py:3722} INFO - Setting next_dagrun for example_external_task_marker_parent to None, run_after=None
[2023-11-09T19:00:02.410-0500] {processor.py:179} INFO - Processing /Users/az/anaconda3/envs/python38/lib/python3.8/site-packages/airflow/example_dags/example_external_task_marker_dag.py took 0.152 seconds
[2023-11-09T19:02:07.995-0500] {processor.py:157} INFO - Started process (PID=48920) to work on /Users/az/anaconda3/envs/python38/lib/python3.8/site-packages/airflow/example_dags/example_external_task_marker_dag.py
[2023-11-09T19:02:08.011-0500] {processor.py:829} INFO - Processing file /Users/az/anaconda3/envs/python38/lib/python3.8/site-packages/airflow/example_dags/example_external_task_marker_dag.py for tasks to queue
[2023-11-09T19:02:08.013-0500] {logging_mixin.py:154} INFO - [2023-11-09T19:02:08.013-0500] {dagbag.py:536} INFO - Filling up the DagBag from /Users/az/anaconda3/envs/python38/lib/python3.8/site-packages/airflow/example_dags/example_external_task_marker_dag.py
[2023-11-09T19:02:08.030-0500] {processor.py:839} INFO - DAG(s) dict_keys(['example_external_task_marker_parent', 'example_external_task_marker_child']) retrieved from /Users/az/anaconda3/envs/python38/lib/python3.8/site-packages/airflow/example_dags/example_external_task_marker_dag.py
[2023-11-09T19:02:08.144-0500] {logging_mixin.py:154} INFO - [2023-11-09T19:02:08.144-0500] {dag.py:2941} INFO - Sync 2 DAGs
[2023-11-09T19:02:08.149-0500] {logging_mixin.py:154} INFO - [2023-11-09T19:02:08.149-0500] {dag.py:3722} INFO - Setting next_dagrun for example_external_task_marker_child to None, run_after=None
[2023-11-09T19:02:08.150-0500] {logging_mixin.py:154} INFO - [2023-11-09T19:02:08.150-0500] {dag.py:3722} INFO - Setting next_dagrun for example_external_task_marker_parent to None, run_after=None
[2023-11-09T19:02:08.159-0500] {processor.py:179} INFO - Processing /Users/az/anaconda3/envs/python38/lib/python3.8/site-packages/airflow/example_dags/example_external_task_marker_dag.py took 0.165 seconds
[2023-11-09T19:04:15.385-0500] {processor.py:157} INFO - Started process (PID=49081) to work on /Users/az/anaconda3/envs/python38/lib/python3.8/site-packages/airflow/example_dags/example_external_task_marker_dag.py
[2023-11-09T19:04:15.390-0500] {processor.py:829} INFO - Processing file /Users/az/anaconda3/envs/python38/lib/python3.8/site-packages/airflow/example_dags/example_external_task_marker_dag.py for tasks to queue
[2023-11-09T19:04:15.390-0500] {logging_mixin.py:154} INFO - [2023-11-09T19:04:15.390-0500] {dagbag.py:536} INFO - Filling up the DagBag from /Users/az/anaconda3/envs/python38/lib/python3.8/site-packages/airflow/example_dags/example_external_task_marker_dag.py
[2023-11-09T19:04:15.407-0500] {processor.py:839} INFO - DAG(s) dict_keys(['example_external_task_marker_child', 'example_external_task_marker_parent']) retrieved from /Users/az/anaconda3/envs/python38/lib/python3.8/site-packages/airflow/example_dags/example_external_task_marker_dag.py
[2023-11-09T19:04:15.525-0500] {logging_mixin.py:154} INFO - [2023-11-09T19:04:15.525-0500] {dag.py:2941} INFO - Sync 2 DAGs
[2023-11-09T19:04:15.530-0500] {logging_mixin.py:154} INFO - [2023-11-09T19:04:15.530-0500] {dag.py:3722} INFO - Setting next_dagrun for example_external_task_marker_child to None, run_after=None
[2023-11-09T19:04:15.532-0500] {logging_mixin.py:154} INFO - [2023-11-09T19:04:15.532-0500] {dag.py:3722} INFO - Setting next_dagrun for example_external_task_marker_parent to None, run_after=None
[2023-11-09T19:04:15.542-0500] {processor.py:179} INFO - Processing /Users/az/anaconda3/envs/python38/lib/python3.8/site-packages/airflow/example_dags/example_external_task_marker_dag.py took 0.157 seconds
[2023-11-09T19:06:12.519-0500] {processor.py:157} INFO - Started process (PID=49230) to work on /Users/az/anaconda3/envs/python38/lib/python3.8/site-packages/airflow/example_dags/example_external_task_marker_dag.py
[2023-11-09T19:06:12.524-0500] {processor.py:829} INFO - Processing file /Users/az/anaconda3/envs/python38/lib/python3.8/site-packages/airflow/example_dags/example_external_task_marker_dag.py for tasks to queue
[2023-11-09T19:06:12.524-0500] {logging_mixin.py:154} INFO - [2023-11-09T19:06:12.524-0500] {dagbag.py:536} INFO - Filling up the DagBag from /Users/az/anaconda3/envs/python38/lib/python3.8/site-packages/airflow/example_dags/example_external_task_marker_dag.py
[2023-11-09T19:06:12.541-0500] {processor.py:839} INFO - DAG(s) dict_keys(['example_external_task_marker_child', 'example_external_task_marker_parent']) retrieved from /Users/az/anaconda3/envs/python38/lib/python3.8/site-packages/airflow/example_dags/example_external_task_marker_dag.py
[2023-11-09T19:06:12.655-0500] {logging_mixin.py:154} INFO - [2023-11-09T19:06:12.654-0500] {dag.py:2941} INFO - Sync 2 DAGs
[2023-11-09T19:06:12.660-0500] {logging_mixin.py:154} INFO - [2023-11-09T19:06:12.660-0500] {dag.py:3722} INFO - Setting next_dagrun for example_external_task_marker_child to None, run_after=None
[2023-11-09T19:06:12.661-0500] {logging_mixin.py:154} INFO - [2023-11-09T19:06:12.661-0500] {dag.py:3722} INFO - Setting next_dagrun for example_external_task_marker_parent to None, run_after=None
[2023-11-09T19:06:12.670-0500] {processor.py:179} INFO - Processing /Users/az/anaconda3/envs/python38/lib/python3.8/site-packages/airflow/example_dags/example_external_task_marker_dag.py took 0.152 seconds
[2023-11-09T19:08:15.616-0500] {processor.py:157} INFO - Started process (PID=49379) to work on /Users/az/anaconda3/envs/python38/lib/python3.8/site-packages/airflow/example_dags/example_external_task_marker_dag.py
[2023-11-09T19:08:15.620-0500] {processor.py:829} INFO - Processing file /Users/az/anaconda3/envs/python38/lib/python3.8/site-packages/airflow/example_dags/example_external_task_marker_dag.py for tasks to queue
[2023-11-09T19:08:15.620-0500] {logging_mixin.py:154} INFO - [2023-11-09T19:08:15.620-0500] {dagbag.py:536} INFO - Filling up the DagBag from /Users/az/anaconda3/envs/python38/lib/python3.8/site-packages/airflow/example_dags/example_external_task_marker_dag.py
[2023-11-09T19:08:15.644-0500] {processor.py:839} INFO - DAG(s) dict_keys(['example_external_task_marker_parent', 'example_external_task_marker_child']) retrieved from /Users/az/anaconda3/envs/python38/lib/python3.8/site-packages/airflow/example_dags/example_external_task_marker_dag.py
[2023-11-09T19:08:15.765-0500] {logging_mixin.py:154} INFO - [2023-11-09T19:08:15.765-0500] {dag.py:2941} INFO - Sync 2 DAGs
[2023-11-09T19:08:15.770-0500] {logging_mixin.py:154} INFO - [2023-11-09T19:08:15.770-0500] {dag.py:3722} INFO - Setting next_dagrun for example_external_task_marker_child to None, run_after=None
[2023-11-09T19:08:15.772-0500] {logging_mixin.py:154} INFO - [2023-11-09T19:08:15.772-0500] {dag.py:3722} INFO - Setting next_dagrun for example_external_task_marker_parent to None, run_after=None
[2023-11-09T19:08:15.782-0500] {processor.py:179} INFO - Processing /Users/az/anaconda3/envs/python38/lib/python3.8/site-packages/airflow/example_dags/example_external_task_marker_dag.py took 0.166 seconds
[2023-11-09T19:10:17.669-0500] {processor.py:157} INFO - Started process (PID=49523) to work on /Users/az/anaconda3/envs/python38/lib/python3.8/site-packages/airflow/example_dags/example_external_task_marker_dag.py
[2023-11-09T19:10:17.673-0500] {processor.py:829} INFO - Processing file /Users/az/anaconda3/envs/python38/lib/python3.8/site-packages/airflow/example_dags/example_external_task_marker_dag.py for tasks to queue
[2023-11-09T19:10:17.673-0500] {logging_mixin.py:154} INFO - [2023-11-09T19:10:17.673-0500] {dagbag.py:536} INFO - Filling up the DagBag from /Users/az/anaconda3/envs/python38/lib/python3.8/site-packages/airflow/example_dags/example_external_task_marker_dag.py
[2023-11-09T19:10:17.691-0500] {processor.py:839} INFO - DAG(s) dict_keys(['example_external_task_marker_child', 'example_external_task_marker_parent']) retrieved from /Users/az/anaconda3/envs/python38/lib/python3.8/site-packages/airflow/example_dags/example_external_task_marker_dag.py
[2023-11-09T19:10:17.804-0500] {logging_mixin.py:154} INFO - [2023-11-09T19:10:17.804-0500] {dag.py:2941} INFO - Sync 2 DAGs
[2023-11-09T19:10:17.809-0500] {logging_mixin.py:154} INFO - [2023-11-09T19:10:17.809-0500] {dag.py:3722} INFO - Setting next_dagrun for example_external_task_marker_child to None, run_after=None
[2023-11-09T19:10:17.811-0500] {logging_mixin.py:154} INFO - [2023-11-09T19:10:17.811-0500] {dag.py:3722} INFO - Setting next_dagrun for example_external_task_marker_parent to None, run_after=None
[2023-11-09T19:10:17.820-0500] {processor.py:179} INFO - Processing /Users/az/anaconda3/envs/python38/lib/python3.8/site-packages/airflow/example_dags/example_external_task_marker_dag.py took 0.152 seconds
[2023-11-09T19:12:17.962-0500] {processor.py:157} INFO - Started process (PID=49680) to work on /Users/az/anaconda3/envs/python38/lib/python3.8/site-packages/airflow/example_dags/example_external_task_marker_dag.py
[2023-11-09T19:12:17.967-0500] {processor.py:829} INFO - Processing file /Users/az/anaconda3/envs/python38/lib/python3.8/site-packages/airflow/example_dags/example_external_task_marker_dag.py for tasks to queue
[2023-11-09T19:12:17.968-0500] {logging_mixin.py:154} INFO - [2023-11-09T19:12:17.968-0500] {dagbag.py:536} INFO - Filling up the DagBag from /Users/az/anaconda3/envs/python38/lib/python3.8/site-packages/airflow/example_dags/example_external_task_marker_dag.py
[2023-11-09T19:12:17.997-0500] {processor.py:839} INFO - DAG(s) dict_keys(['example_external_task_marker_child', 'example_external_task_marker_parent']) retrieved from /Users/az/anaconda3/envs/python38/lib/python3.8/site-packages/airflow/example_dags/example_external_task_marker_dag.py
[2023-11-09T19:12:18.117-0500] {logging_mixin.py:154} INFO - [2023-11-09T19:12:18.117-0500] {dag.py:2941} INFO - Sync 2 DAGs
[2023-11-09T19:12:18.122-0500] {logging_mixin.py:154} INFO - [2023-11-09T19:12:18.122-0500] {dag.py:3722} INFO - Setting next_dagrun for example_external_task_marker_child to None, run_after=None
[2023-11-09T19:12:18.125-0500] {logging_mixin.py:154} INFO - [2023-11-09T19:12:18.125-0500] {dag.py:3722} INFO - Setting next_dagrun for example_external_task_marker_parent to None, run_after=None
[2023-11-09T19:12:18.133-0500] {processor.py:179} INFO - Processing /Users/az/anaconda3/envs/python38/lib/python3.8/site-packages/airflow/example_dags/example_external_task_marker_dag.py took 0.172 seconds
[2023-11-09T19:14:15.376-0500] {processor.py:157} INFO - Started process (PID=49832) to work on /Users/az/anaconda3/envs/python38/lib/python3.8/site-packages/airflow/example_dags/example_external_task_marker_dag.py
[2023-11-09T19:14:15.381-0500] {processor.py:829} INFO - Processing file /Users/az/anaconda3/envs/python38/lib/python3.8/site-packages/airflow/example_dags/example_external_task_marker_dag.py for tasks to queue
[2023-11-09T19:14:15.382-0500] {logging_mixin.py:154} INFO - [2023-11-09T19:14:15.382-0500] {dagbag.py:536} INFO - Filling up the DagBag from /Users/az/anaconda3/envs/python38/lib/python3.8/site-packages/airflow/example_dags/example_external_task_marker_dag.py
[2023-11-09T19:14:15.398-0500] {processor.py:839} INFO - DAG(s) dict_keys(['example_external_task_marker_child', 'example_external_task_marker_parent']) retrieved from /Users/az/anaconda3/envs/python38/lib/python3.8/site-packages/airflow/example_dags/example_external_task_marker_dag.py
[2023-11-09T19:14:15.511-0500] {logging_mixin.py:154} INFO - [2023-11-09T19:14:15.511-0500] {dag.py:2941} INFO - Sync 2 DAGs
[2023-11-09T19:14:15.516-0500] {logging_mixin.py:154} INFO - [2023-11-09T19:14:15.516-0500] {dag.py:3722} INFO - Setting next_dagrun for example_external_task_marker_child to None, run_after=None
[2023-11-09T19:14:15.517-0500] {logging_mixin.py:154} INFO - [2023-11-09T19:14:15.517-0500] {dag.py:3722} INFO - Setting next_dagrun for example_external_task_marker_parent to None, run_after=None
[2023-11-09T19:14:15.526-0500] {processor.py:179} INFO - Processing /Users/az/anaconda3/envs/python38/lib/python3.8/site-packages/airflow/example_dags/example_external_task_marker_dag.py took 0.150 seconds
[2023-11-09T19:16:11.657-0500] {processor.py:157} INFO - Started process (PID=49978) to work on /Users/az/anaconda3/envs/python38/lib/python3.8/site-packages/airflow/example_dags/example_external_task_marker_dag.py
[2023-11-09T19:16:11.662-0500] {processor.py:829} INFO - Processing file /Users/az/anaconda3/envs/python38/lib/python3.8/site-packages/airflow/example_dags/example_external_task_marker_dag.py for tasks to queue
[2023-11-09T19:16:11.662-0500] {logging_mixin.py:154} INFO - [2023-11-09T19:16:11.662-0500] {dagbag.py:536} INFO - Filling up the DagBag from /Users/az/anaconda3/envs/python38/lib/python3.8/site-packages/airflow/example_dags/example_external_task_marker_dag.py
[2023-11-09T19:16:11.682-0500] {processor.py:839} INFO - DAG(s) dict_keys(['example_external_task_marker_child', 'example_external_task_marker_parent']) retrieved from /Users/az/anaconda3/envs/python38/lib/python3.8/site-packages/airflow/example_dags/example_external_task_marker_dag.py
[2023-11-09T19:16:11.820-0500] {logging_mixin.py:154} INFO - [2023-11-09T19:16:11.819-0500] {dag.py:2941} INFO - Sync 2 DAGs
[2023-11-09T19:16:11.825-0500] {logging_mixin.py:154} INFO - [2023-11-09T19:16:11.825-0500] {dag.py:3722} INFO - Setting next_dagrun for example_external_task_marker_child to None, run_after=None
[2023-11-09T19:16:11.827-0500] {logging_mixin.py:154} INFO - [2023-11-09T19:16:11.827-0500] {dag.py:3722} INFO - Setting next_dagrun for example_external_task_marker_parent to None, run_after=None
[2023-11-09T19:16:11.836-0500] {processor.py:179} INFO - Processing /Users/az/anaconda3/envs/python38/lib/python3.8/site-packages/airflow/example_dags/example_external_task_marker_dag.py took 0.180 seconds
[2023-11-09T19:18:24.007-0500] {processor.py:157} INFO - Started process (PID=50138) to work on /Users/az/anaconda3/envs/python38/lib/python3.8/site-packages/airflow/example_dags/example_external_task_marker_dag.py
[2023-11-09T19:18:24.012-0500] {processor.py:829} INFO - Processing file /Users/az/anaconda3/envs/python38/lib/python3.8/site-packages/airflow/example_dags/example_external_task_marker_dag.py for tasks to queue
[2023-11-09T19:18:24.012-0500] {logging_mixin.py:154} INFO - [2023-11-09T19:18:24.012-0500] {dagbag.py:536} INFO - Filling up the DagBag from /Users/az/anaconda3/envs/python38/lib/python3.8/site-packages/airflow/example_dags/example_external_task_marker_dag.py
[2023-11-09T19:18:24.029-0500] {processor.py:839} INFO - DAG(s) dict_keys(['example_external_task_marker_child', 'example_external_task_marker_parent']) retrieved from /Users/az/anaconda3/envs/python38/lib/python3.8/site-packages/airflow/example_dags/example_external_task_marker_dag.py
[2023-11-09T19:18:24.142-0500] {logging_mixin.py:154} INFO - [2023-11-09T19:18:24.142-0500] {dag.py:2941} INFO - Sync 2 DAGs
[2023-11-09T19:18:24.160-0500] {logging_mixin.py:154} INFO - [2023-11-09T19:18:24.160-0500] {dag.py:3722} INFO - Setting next_dagrun for example_external_task_marker_child to None, run_after=None
[2023-11-09T19:18:24.162-0500] {logging_mixin.py:154} INFO - [2023-11-09T19:18:24.161-0500] {dag.py:3722} INFO - Setting next_dagrun for example_external_task_marker_parent to None, run_after=None
[2023-11-09T19:18:24.170-0500] {processor.py:179} INFO - Processing /Users/az/anaconda3/envs/python38/lib/python3.8/site-packages/airflow/example_dags/example_external_task_marker_dag.py took 0.164 seconds
[2023-11-09T19:20:28.057-0500] {processor.py:157} INFO - Started process (PID=50291) to work on /Users/az/anaconda3/envs/python38/lib/python3.8/site-packages/airflow/example_dags/example_external_task_marker_dag.py
[2023-11-09T19:20:28.062-0500] {processor.py:829} INFO - Processing file /Users/az/anaconda3/envs/python38/lib/python3.8/site-packages/airflow/example_dags/example_external_task_marker_dag.py for tasks to queue
[2023-11-09T19:20:28.063-0500] {logging_mixin.py:154} INFO - [2023-11-09T19:20:28.062-0500] {dagbag.py:536} INFO - Filling up the DagBag from /Users/az/anaconda3/envs/python38/lib/python3.8/site-packages/airflow/example_dags/example_external_task_marker_dag.py
[2023-11-09T19:20:28.080-0500] {processor.py:839} INFO - DAG(s) dict_keys(['example_external_task_marker_parent', 'example_external_task_marker_child']) retrieved from /Users/az/anaconda3/envs/python38/lib/python3.8/site-packages/airflow/example_dags/example_external_task_marker_dag.py
[2023-11-09T19:20:28.193-0500] {logging_mixin.py:154} INFO - [2023-11-09T19:20:28.192-0500] {dag.py:2941} INFO - Sync 2 DAGs
[2023-11-09T19:20:28.198-0500] {logging_mixin.py:154} INFO - [2023-11-09T19:20:28.198-0500] {dag.py:3722} INFO - Setting next_dagrun for example_external_task_marker_child to None, run_after=None
[2023-11-09T19:20:28.199-0500] {logging_mixin.py:154} INFO - [2023-11-09T19:20:28.199-0500] {dag.py:3722} INFO - Setting next_dagrun for example_external_task_marker_parent to None, run_after=None
[2023-11-09T19:20:28.209-0500] {processor.py:179} INFO - Processing /Users/az/anaconda3/envs/python38/lib/python3.8/site-packages/airflow/example_dags/example_external_task_marker_dag.py took 0.152 seconds
[2023-11-09T19:22:30.747-0500] {processor.py:157} INFO - Started process (PID=50436) to work on /Users/az/anaconda3/envs/python38/lib/python3.8/site-packages/airflow/example_dags/example_external_task_marker_dag.py
[2023-11-09T19:22:30.752-0500] {processor.py:829} INFO - Processing file /Users/az/anaconda3/envs/python38/lib/python3.8/site-packages/airflow/example_dags/example_external_task_marker_dag.py for tasks to queue
[2023-11-09T19:22:30.752-0500] {logging_mixin.py:154} INFO - [2023-11-09T19:22:30.752-0500] {dagbag.py:536} INFO - Filling up the DagBag from /Users/az/anaconda3/envs/python38/lib/python3.8/site-packages/airflow/example_dags/example_external_task_marker_dag.py
[2023-11-09T19:22:30.769-0500] {processor.py:839} INFO - DAG(s) dict_keys(['example_external_task_marker_parent', 'example_external_task_marker_child']) retrieved from /Users/az/anaconda3/envs/python38/lib/python3.8/site-packages/airflow/example_dags/example_external_task_marker_dag.py
[2023-11-09T19:22:30.882-0500] {logging_mixin.py:154} INFO - [2023-11-09T19:22:30.882-0500] {dag.py:2941} INFO - Sync 2 DAGs
[2023-11-09T19:22:30.887-0500] {logging_mixin.py:154} INFO - [2023-11-09T19:22:30.887-0500] {dag.py:3722} INFO - Setting next_dagrun for example_external_task_marker_child to None, run_after=None
[2023-11-09T19:22:30.889-0500] {logging_mixin.py:154} INFO - [2023-11-09T19:22:30.889-0500] {dag.py:3722} INFO - Setting next_dagrun for example_external_task_marker_parent to None, run_after=None
[2023-11-09T19:22:30.899-0500] {processor.py:179} INFO - Processing /Users/az/anaconda3/envs/python38/lib/python3.8/site-packages/airflow/example_dags/example_external_task_marker_dag.py took 0.152 seconds
[2023-11-09T19:24:46.434-0500] {processor.py:157} INFO - Started process (PID=50620) to work on /Users/az/anaconda3/envs/python38/lib/python3.8/site-packages/airflow/example_dags/example_external_task_marker_dag.py
[2023-11-09T19:24:46.439-0500] {processor.py:829} INFO - Processing file /Users/az/anaconda3/envs/python38/lib/python3.8/site-packages/airflow/example_dags/example_external_task_marker_dag.py for tasks to queue
[2023-11-09T19:24:46.439-0500] {logging_mixin.py:154} INFO - [2023-11-09T19:24:46.439-0500] {dagbag.py:536} INFO - Filling up the DagBag from /Users/az/anaconda3/envs/python38/lib/python3.8/site-packages/airflow/example_dags/example_external_task_marker_dag.py
[2023-11-09T19:24:46.458-0500] {processor.py:839} INFO - DAG(s) dict_keys(['example_external_task_marker_parent', 'example_external_task_marker_child']) retrieved from /Users/az/anaconda3/envs/python38/lib/python3.8/site-packages/airflow/example_dags/example_external_task_marker_dag.py
[2023-11-09T19:24:46.571-0500] {logging_mixin.py:154} INFO - [2023-11-09T19:24:46.571-0500] {dag.py:2941} INFO - Sync 2 DAGs
[2023-11-09T19:24:46.576-0500] {logging_mixin.py:154} INFO - [2023-11-09T19:24:46.576-0500] {dag.py:3722} INFO - Setting next_dagrun for example_external_task_marker_child to None, run_after=None
[2023-11-09T19:24:46.578-0500] {logging_mixin.py:154} INFO - [2023-11-09T19:24:46.578-0500] {dag.py:3722} INFO - Setting next_dagrun for example_external_task_marker_parent to None, run_after=None
[2023-11-09T19:24:46.588-0500] {processor.py:179} INFO - Processing /Users/az/anaconda3/envs/python38/lib/python3.8/site-packages/airflow/example_dags/example_external_task_marker_dag.py took 0.154 seconds
[2023-11-09T19:26:49.111-0500] {processor.py:157} INFO - Started process (PID=50779) to work on /Users/az/anaconda3/envs/python38/lib/python3.8/site-packages/airflow/example_dags/example_external_task_marker_dag.py
[2023-11-09T19:26:49.117-0500] {processor.py:829} INFO - Processing file /Users/az/anaconda3/envs/python38/lib/python3.8/site-packages/airflow/example_dags/example_external_task_marker_dag.py for tasks to queue
[2023-11-09T19:26:49.118-0500] {logging_mixin.py:154} INFO - [2023-11-09T19:26:49.118-0500] {dagbag.py:536} INFO - Filling up the DagBag from /Users/az/anaconda3/envs/python38/lib/python3.8/site-packages/airflow/example_dags/example_external_task_marker_dag.py
[2023-11-09T19:26:49.136-0500] {processor.py:839} INFO - DAG(s) dict_keys(['example_external_task_marker_parent', 'example_external_task_marker_child']) retrieved from /Users/az/anaconda3/envs/python38/lib/python3.8/site-packages/airflow/example_dags/example_external_task_marker_dag.py
[2023-11-09T19:26:49.249-0500] {logging_mixin.py:154} INFO - [2023-11-09T19:26:49.249-0500] {dag.py:2941} INFO - Sync 2 DAGs
[2023-11-09T19:26:49.254-0500] {logging_mixin.py:154} INFO - [2023-11-09T19:26:49.254-0500] {dag.py:3722} INFO - Setting next_dagrun for example_external_task_marker_child to None, run_after=None
[2023-11-09T19:26:49.256-0500] {logging_mixin.py:154} INFO - [2023-11-09T19:26:49.256-0500] {dag.py:3722} INFO - Setting next_dagrun for example_external_task_marker_parent to None, run_after=None
[2023-11-09T19:26:49.265-0500] {processor.py:179} INFO - Processing /Users/az/anaconda3/envs/python38/lib/python3.8/site-packages/airflow/example_dags/example_external_task_marker_dag.py took 0.155 seconds
[2023-11-09T19:29:03.574-0500] {processor.py:157} INFO - Started process (PID=50941) to work on /Users/az/anaconda3/envs/python38/lib/python3.8/site-packages/airflow/example_dags/example_external_task_marker_dag.py
[2023-11-09T19:29:03.579-0500] {processor.py:829} INFO - Processing file /Users/az/anaconda3/envs/python38/lib/python3.8/site-packages/airflow/example_dags/example_external_task_marker_dag.py for tasks to queue
[2023-11-09T19:29:03.579-0500] {logging_mixin.py:154} INFO - [2023-11-09T19:29:03.579-0500] {dagbag.py:536} INFO - Filling up the DagBag from /Users/az/anaconda3/envs/python38/lib/python3.8/site-packages/airflow/example_dags/example_external_task_marker_dag.py
[2023-11-09T19:29:03.596-0500] {processor.py:839} INFO - DAG(s) dict_keys(['example_external_task_marker_parent', 'example_external_task_marker_child']) retrieved from /Users/az/anaconda3/envs/python38/lib/python3.8/site-packages/airflow/example_dags/example_external_task_marker_dag.py
[2023-11-09T19:29:03.709-0500] {logging_mixin.py:154} INFO - [2023-11-09T19:29:03.709-0500] {dag.py:2941} INFO - Sync 2 DAGs
[2023-11-09T19:29:03.714-0500] {logging_mixin.py:154} INFO - [2023-11-09T19:29:03.714-0500] {dag.py:3722} INFO - Setting next_dagrun for example_external_task_marker_child to None, run_after=None
[2023-11-09T19:29:03.716-0500] {logging_mixin.py:154} INFO - [2023-11-09T19:29:03.716-0500] {dag.py:3722} INFO - Setting next_dagrun for example_external_task_marker_parent to None, run_after=None
[2023-11-09T19:29:03.725-0500] {processor.py:179} INFO - Processing /Users/az/anaconda3/envs/python38/lib/python3.8/site-packages/airflow/example_dags/example_external_task_marker_dag.py took 0.151 seconds
[2023-11-09T19:31:08.756-0500] {processor.py:157} INFO - Started process (PID=51099) to work on /Users/az/anaconda3/envs/python38/lib/python3.8/site-packages/airflow/example_dags/example_external_task_marker_dag.py
[2023-11-09T19:31:08.761-0500] {processor.py:829} INFO - Processing file /Users/az/anaconda3/envs/python38/lib/python3.8/site-packages/airflow/example_dags/example_external_task_marker_dag.py for tasks to queue
[2023-11-09T19:31:08.761-0500] {logging_mixin.py:154} INFO - [2023-11-09T19:31:08.761-0500] {dagbag.py:536} INFO - Filling up the DagBag from /Users/az/anaconda3/envs/python38/lib/python3.8/site-packages/airflow/example_dags/example_external_task_marker_dag.py
[2023-11-09T19:31:08.780-0500] {processor.py:839} INFO - DAG(s) dict_keys(['example_external_task_marker_child', 'example_external_task_marker_parent']) retrieved from /Users/az/anaconda3/envs/python38/lib/python3.8/site-packages/airflow/example_dags/example_external_task_marker_dag.py
[2023-11-09T19:31:08.898-0500] {logging_mixin.py:154} INFO - [2023-11-09T19:31:08.897-0500] {dag.py:2941} INFO - Sync 2 DAGs
[2023-11-09T19:31:08.903-0500] {logging_mixin.py:154} INFO - [2023-11-09T19:31:08.903-0500] {dag.py:3722} INFO - Setting next_dagrun for example_external_task_marker_child to None, run_after=None
[2023-11-09T19:31:08.904-0500] {logging_mixin.py:154} INFO - [2023-11-09T19:31:08.904-0500] {dag.py:3722} INFO - Setting next_dagrun for example_external_task_marker_parent to None, run_after=None
[2023-11-09T19:31:08.913-0500] {processor.py:179} INFO - Processing /Users/az/anaconda3/envs/python38/lib/python3.8/site-packages/airflow/example_dags/example_external_task_marker_dag.py took 0.157 seconds
[2023-11-09T19:33:23.005-0500] {processor.py:157} INFO - Started process (PID=51258) to work on /Users/az/anaconda3/envs/python38/lib/python3.8/site-packages/airflow/example_dags/example_external_task_marker_dag.py
[2023-11-09T19:33:23.009-0500] {processor.py:829} INFO - Processing file /Users/az/anaconda3/envs/python38/lib/python3.8/site-packages/airflow/example_dags/example_external_task_marker_dag.py for tasks to queue
[2023-11-09T19:33:23.010-0500] {logging_mixin.py:154} INFO - [2023-11-09T19:33:23.010-0500] {dagbag.py:536} INFO - Filling up the DagBag from /Users/az/anaconda3/envs/python38/lib/python3.8/site-packages/airflow/example_dags/example_external_task_marker_dag.py
[2023-11-09T19:33:23.027-0500] {processor.py:839} INFO - DAG(s) dict_keys(['example_external_task_marker_child', 'example_external_task_marker_parent']) retrieved from /Users/az/anaconda3/envs/python38/lib/python3.8/site-packages/airflow/example_dags/example_external_task_marker_dag.py
[2023-11-09T19:33:23.141-0500] {logging_mixin.py:154} INFO - [2023-11-09T19:33:23.141-0500] {dag.py:2941} INFO - Sync 2 DAGs
[2023-11-09T19:33:23.147-0500] {logging_mixin.py:154} INFO - [2023-11-09T19:33:23.147-0500] {dag.py:3722} INFO - Setting next_dagrun for example_external_task_marker_child to None, run_after=None
[2023-11-09T19:33:23.149-0500] {logging_mixin.py:154} INFO - [2023-11-09T19:33:23.149-0500] {dag.py:3722} INFO - Setting next_dagrun for example_external_task_marker_parent to None, run_after=None
[2023-11-09T19:33:23.158-0500] {processor.py:179} INFO - Processing /Users/az/anaconda3/envs/python38/lib/python3.8/site-packages/airflow/example_dags/example_external_task_marker_dag.py took 0.153 seconds
[2023-11-09T19:35:42.770-0500] {processor.py:157} INFO - Started process (PID=53278) to work on /Users/az/anaconda3/envs/python38/lib/python3.8/site-packages/airflow/example_dags/example_external_task_marker_dag.py
[2023-11-09T19:35:42.775-0500] {processor.py:829} INFO - Processing file /Users/az/anaconda3/envs/python38/lib/python3.8/site-packages/airflow/example_dags/example_external_task_marker_dag.py for tasks to queue
[2023-11-09T19:35:42.775-0500] {logging_mixin.py:154} INFO - [2023-11-09T19:35:42.775-0500] {dagbag.py:536} INFO - Filling up the DagBag from /Users/az/anaconda3/envs/python38/lib/python3.8/site-packages/airflow/example_dags/example_external_task_marker_dag.py
[2023-11-09T19:35:42.792-0500] {processor.py:839} INFO - DAG(s) dict_keys(['example_external_task_marker_parent', 'example_external_task_marker_child']) retrieved from /Users/az/anaconda3/envs/python38/lib/python3.8/site-packages/airflow/example_dags/example_external_task_marker_dag.py
[2023-11-09T19:35:42.905-0500] {logging_mixin.py:154} INFO - [2023-11-09T19:35:42.904-0500] {dag.py:2941} INFO - Sync 2 DAGs
[2023-11-09T19:35:42.910-0500] {logging_mixin.py:154} INFO - [2023-11-09T19:35:42.910-0500] {dag.py:3722} INFO - Setting next_dagrun for example_external_task_marker_child to None, run_after=None
[2023-11-09T19:35:42.911-0500] {logging_mixin.py:154} INFO - [2023-11-09T19:35:42.911-0500] {dag.py:3722} INFO - Setting next_dagrun for example_external_task_marker_parent to None, run_after=None
[2023-11-09T19:35:42.920-0500] {processor.py:179} INFO - Processing /Users/az/anaconda3/envs/python38/lib/python3.8/site-packages/airflow/example_dags/example_external_task_marker_dag.py took 0.151 seconds
[2023-11-09T19:37:40.141-0500] {processor.py:157} INFO - Started process (PID=53427) to work on /Users/az/anaconda3/envs/python38/lib/python3.8/site-packages/airflow/example_dags/example_external_task_marker_dag.py
[2023-11-09T19:37:40.145-0500] {processor.py:829} INFO - Processing file /Users/az/anaconda3/envs/python38/lib/python3.8/site-packages/airflow/example_dags/example_external_task_marker_dag.py for tasks to queue
[2023-11-09T19:37:40.145-0500] {logging_mixin.py:154} INFO - [2023-11-09T19:37:40.145-0500] {dagbag.py:536} INFO - Filling up the DagBag from /Users/az/anaconda3/envs/python38/lib/python3.8/site-packages/airflow/example_dags/example_external_task_marker_dag.py
[2023-11-09T19:37:40.162-0500] {processor.py:839} INFO - DAG(s) dict_keys(['example_external_task_marker_child', 'example_external_task_marker_parent']) retrieved from /Users/az/anaconda3/envs/python38/lib/python3.8/site-packages/airflow/example_dags/example_external_task_marker_dag.py
[2023-11-09T19:37:40.274-0500] {logging_mixin.py:154} INFO - [2023-11-09T19:37:40.274-0500] {dag.py:2941} INFO - Sync 2 DAGs
[2023-11-09T19:37:40.279-0500] {logging_mixin.py:154} INFO - [2023-11-09T19:37:40.279-0500] {dag.py:3722} INFO - Setting next_dagrun for example_external_task_marker_child to None, run_after=None
[2023-11-09T19:37:40.281-0500] {logging_mixin.py:154} INFO - [2023-11-09T19:37:40.280-0500] {dag.py:3722} INFO - Setting next_dagrun for example_external_task_marker_parent to None, run_after=None
[2023-11-09T19:37:40.290-0500] {processor.py:179} INFO - Processing /Users/az/anaconda3/envs/python38/lib/python3.8/site-packages/airflow/example_dags/example_external_task_marker_dag.py took 0.150 seconds
[2023-11-09T19:39:40.473-0500] {processor.py:157} INFO - Started process (PID=53578) to work on /Users/az/anaconda3/envs/python38/lib/python3.8/site-packages/airflow/example_dags/example_external_task_marker_dag.py
[2023-11-09T19:39:40.478-0500] {processor.py:829} INFO - Processing file /Users/az/anaconda3/envs/python38/lib/python3.8/site-packages/airflow/example_dags/example_external_task_marker_dag.py for tasks to queue
[2023-11-09T19:39:40.478-0500] {logging_mixin.py:154} INFO - [2023-11-09T19:39:40.478-0500] {dagbag.py:536} INFO - Filling up the DagBag from /Users/az/anaconda3/envs/python38/lib/python3.8/site-packages/airflow/example_dags/example_external_task_marker_dag.py
[2023-11-09T19:39:40.495-0500] {processor.py:839} INFO - DAG(s) dict_keys(['example_external_task_marker_parent', 'example_external_task_marker_child']) retrieved from /Users/az/anaconda3/envs/python38/lib/python3.8/site-packages/airflow/example_dags/example_external_task_marker_dag.py
[2023-11-09T19:39:40.607-0500] {logging_mixin.py:154} INFO - [2023-11-09T19:39:40.607-0500] {dag.py:2941} INFO - Sync 2 DAGs
[2023-11-09T19:39:40.612-0500] {logging_mixin.py:154} INFO - [2023-11-09T19:39:40.612-0500] {dag.py:3722} INFO - Setting next_dagrun for example_external_task_marker_child to None, run_after=None
[2023-11-09T19:39:40.614-0500] {logging_mixin.py:154} INFO - [2023-11-09T19:39:40.614-0500] {dag.py:3722} INFO - Setting next_dagrun for example_external_task_marker_parent to None, run_after=None
[2023-11-09T19:39:40.623-0500] {processor.py:179} INFO - Processing /Users/az/anaconda3/envs/python38/lib/python3.8/site-packages/airflow/example_dags/example_external_task_marker_dag.py took 0.151 seconds
[2023-11-09T19:41:41.370-0500] {processor.py:157} INFO - Started process (PID=53753) to work on /Users/az/anaconda3/envs/python38/lib/python3.8/site-packages/airflow/example_dags/example_external_task_marker_dag.py
[2023-11-09T19:41:41.374-0500] {processor.py:829} INFO - Processing file /Users/az/anaconda3/envs/python38/lib/python3.8/site-packages/airflow/example_dags/example_external_task_marker_dag.py for tasks to queue
[2023-11-09T19:41:41.374-0500] {logging_mixin.py:154} INFO - [2023-11-09T19:41:41.374-0500] {dagbag.py:536} INFO - Filling up the DagBag from /Users/az/anaconda3/envs/python38/lib/python3.8/site-packages/airflow/example_dags/example_external_task_marker_dag.py
[2023-11-09T19:41:41.394-0500] {processor.py:839} INFO - DAG(s) dict_keys(['example_external_task_marker_parent', 'example_external_task_marker_child']) retrieved from /Users/az/anaconda3/envs/python38/lib/python3.8/site-packages/airflow/example_dags/example_external_task_marker_dag.py
[2023-11-09T19:41:41.527-0500] {logging_mixin.py:154} INFO - [2023-11-09T19:41:41.527-0500] {dag.py:2941} INFO - Sync 2 DAGs
[2023-11-09T19:41:41.532-0500] {logging_mixin.py:154} INFO - [2023-11-09T19:41:41.532-0500] {dag.py:3722} INFO - Setting next_dagrun for example_external_task_marker_child to None, run_after=None
[2023-11-09T19:41:41.534-0500] {logging_mixin.py:154} INFO - [2023-11-09T19:41:41.534-0500] {dag.py:3722} INFO - Setting next_dagrun for example_external_task_marker_parent to None, run_after=None
[2023-11-09T19:41:41.543-0500] {processor.py:179} INFO - Processing /Users/az/anaconda3/envs/python38/lib/python3.8/site-packages/airflow/example_dags/example_external_task_marker_dag.py took 0.174 seconds
[2023-11-09T19:43:52.095-0500] {processor.py:157} INFO - Started process (PID=54195) to work on /Users/az/anaconda3/envs/python38/lib/python3.8/site-packages/airflow/example_dags/example_external_task_marker_dag.py
[2023-11-09T19:43:52.099-0500] {processor.py:829} INFO - Processing file /Users/az/anaconda3/envs/python38/lib/python3.8/site-packages/airflow/example_dags/example_external_task_marker_dag.py for tasks to queue
[2023-11-09T19:43:52.099-0500] {logging_mixin.py:154} INFO - [2023-11-09T19:43:52.099-0500] {dagbag.py:536} INFO - Filling up the DagBag from /Users/az/anaconda3/envs/python38/lib/python3.8/site-packages/airflow/example_dags/example_external_task_marker_dag.py
[2023-11-09T19:43:52.117-0500] {processor.py:839} INFO - DAG(s) dict_keys(['example_external_task_marker_child', 'example_external_task_marker_parent']) retrieved from /Users/az/anaconda3/envs/python38/lib/python3.8/site-packages/airflow/example_dags/example_external_task_marker_dag.py
[2023-11-09T19:43:52.243-0500] {logging_mixin.py:154} INFO - [2023-11-09T19:43:52.243-0500] {dag.py:2941} INFO - Sync 2 DAGs
[2023-11-09T19:43:52.249-0500] {logging_mixin.py:154} INFO - [2023-11-09T19:43:52.249-0500] {dag.py:3722} INFO - Setting next_dagrun for example_external_task_marker_child to None, run_after=None
[2023-11-09T19:43:52.251-0500] {logging_mixin.py:154} INFO - [2023-11-09T19:43:52.251-0500] {dag.py:3722} INFO - Setting next_dagrun for example_external_task_marker_parent to None, run_after=None
[2023-11-09T19:43:52.261-0500] {processor.py:179} INFO - Processing /Users/az/anaconda3/envs/python38/lib/python3.8/site-packages/airflow/example_dags/example_external_task_marker_dag.py took 0.166 seconds
[2023-11-09T19:45:50.162-0500] {processor.py:157} INFO - Started process (PID=54344) to work on /Users/az/anaconda3/envs/python38/lib/python3.8/site-packages/airflow/example_dags/example_external_task_marker_dag.py
[2023-11-09T19:45:50.166-0500] {processor.py:829} INFO - Processing file /Users/az/anaconda3/envs/python38/lib/python3.8/site-packages/airflow/example_dags/example_external_task_marker_dag.py for tasks to queue
[2023-11-09T19:45:50.167-0500] {logging_mixin.py:154} INFO - [2023-11-09T19:45:50.166-0500] {dagbag.py:536} INFO - Filling up the DagBag from /Users/az/anaconda3/envs/python38/lib/python3.8/site-packages/airflow/example_dags/example_external_task_marker_dag.py
[2023-11-09T19:45:50.184-0500] {processor.py:839} INFO - DAG(s) dict_keys(['example_external_task_marker_child', 'example_external_task_marker_parent']) retrieved from /Users/az/anaconda3/envs/python38/lib/python3.8/site-packages/airflow/example_dags/example_external_task_marker_dag.py
[2023-11-09T19:45:50.296-0500] {logging_mixin.py:154} INFO - [2023-11-09T19:45:50.295-0500] {dag.py:2941} INFO - Sync 2 DAGs
[2023-11-09T19:45:50.301-0500] {logging_mixin.py:154} INFO - [2023-11-09T19:45:50.301-0500] {dag.py:3722} INFO - Setting next_dagrun for example_external_task_marker_child to None, run_after=None
[2023-11-09T19:45:50.302-0500] {logging_mixin.py:154} INFO - [2023-11-09T19:45:50.302-0500] {dag.py:3722} INFO - Setting next_dagrun for example_external_task_marker_parent to None, run_after=None
[2023-11-09T19:45:50.312-0500] {processor.py:179} INFO - Processing /Users/az/anaconda3/envs/python38/lib/python3.8/site-packages/airflow/example_dags/example_external_task_marker_dag.py took 0.150 seconds
[2023-11-09T19:47:48.698-0500] {processor.py:157} INFO - Started process (PID=54497) to work on /Users/az/anaconda3/envs/python38/lib/python3.8/site-packages/airflow/example_dags/example_external_task_marker_dag.py
[2023-11-09T19:47:48.703-0500] {processor.py:829} INFO - Processing file /Users/az/anaconda3/envs/python38/lib/python3.8/site-packages/airflow/example_dags/example_external_task_marker_dag.py for tasks to queue
[2023-11-09T19:47:48.703-0500] {logging_mixin.py:154} INFO - [2023-11-09T19:47:48.703-0500] {dagbag.py:536} INFO - Filling up the DagBag from /Users/az/anaconda3/envs/python38/lib/python3.8/site-packages/airflow/example_dags/example_external_task_marker_dag.py
[2023-11-09T19:47:48.730-0500] {processor.py:839} INFO - DAG(s) dict_keys(['example_external_task_marker_child', 'example_external_task_marker_parent']) retrieved from /Users/az/anaconda3/envs/python38/lib/python3.8/site-packages/airflow/example_dags/example_external_task_marker_dag.py
[2023-11-09T19:47:48.934-0500] {logging_mixin.py:154} INFO - [2023-11-09T19:47:48.933-0500] {dag.py:2941} INFO - Sync 2 DAGs
[2023-11-09T19:47:48.940-0500] {logging_mixin.py:154} INFO - [2023-11-09T19:47:48.939-0500] {dag.py:3722} INFO - Setting next_dagrun for example_external_task_marker_child to None, run_after=None
[2023-11-09T19:47:48.942-0500] {logging_mixin.py:154} INFO - [2023-11-09T19:47:48.942-0500] {dag.py:3722} INFO - Setting next_dagrun for example_external_task_marker_parent to None, run_after=None
[2023-11-09T19:47:48.954-0500] {processor.py:179} INFO - Processing /Users/az/anaconda3/envs/python38/lib/python3.8/site-packages/airflow/example_dags/example_external_task_marker_dag.py took 0.256 seconds
[2023-11-09T19:49:45.557-0500] {processor.py:157} INFO - Started process (PID=54641) to work on /Users/az/anaconda3/envs/python38/lib/python3.8/site-packages/airflow/example_dags/example_external_task_marker_dag.py
[2023-11-09T19:49:45.562-0500] {processor.py:829} INFO - Processing file /Users/az/anaconda3/envs/python38/lib/python3.8/site-packages/airflow/example_dags/example_external_task_marker_dag.py for tasks to queue
[2023-11-09T19:49:45.562-0500] {logging_mixin.py:154} INFO - [2023-11-09T19:49:45.562-0500] {dagbag.py:536} INFO - Filling up the DagBag from /Users/az/anaconda3/envs/python38/lib/python3.8/site-packages/airflow/example_dags/example_external_task_marker_dag.py
[2023-11-09T19:49:45.579-0500] {processor.py:839} INFO - DAG(s) dict_keys(['example_external_task_marker_parent', 'example_external_task_marker_child']) retrieved from /Users/az/anaconda3/envs/python38/lib/python3.8/site-packages/airflow/example_dags/example_external_task_marker_dag.py
[2023-11-09T19:49:45.692-0500] {logging_mixin.py:154} INFO - [2023-11-09T19:49:45.692-0500] {dag.py:2941} INFO - Sync 2 DAGs
[2023-11-09T19:49:45.697-0500] {logging_mixin.py:154} INFO - [2023-11-09T19:49:45.697-0500] {dag.py:3722} INFO - Setting next_dagrun for example_external_task_marker_child to None, run_after=None
[2023-11-09T19:49:45.699-0500] {logging_mixin.py:154} INFO - [2023-11-09T19:49:45.699-0500] {dag.py:3722} INFO - Setting next_dagrun for example_external_task_marker_parent to None, run_after=None
[2023-11-09T19:49:45.708-0500] {processor.py:179} INFO - Processing /Users/az/anaconda3/envs/python38/lib/python3.8/site-packages/airflow/example_dags/example_external_task_marker_dag.py took 0.151 seconds
[2023-11-09T19:51:44.752-0500] {processor.py:157} INFO - Started process (PID=54791) to work on /Users/az/anaconda3/envs/python38/lib/python3.8/site-packages/airflow/example_dags/example_external_task_marker_dag.py
[2023-11-09T19:51:44.757-0500] {processor.py:829} INFO - Processing file /Users/az/anaconda3/envs/python38/lib/python3.8/site-packages/airflow/example_dags/example_external_task_marker_dag.py for tasks to queue
[2023-11-09T19:51:44.757-0500] {logging_mixin.py:154} INFO - [2023-11-09T19:51:44.757-0500] {dagbag.py:536} INFO - Filling up the DagBag from /Users/az/anaconda3/envs/python38/lib/python3.8/site-packages/airflow/example_dags/example_external_task_marker_dag.py
[2023-11-09T19:51:44.774-0500] {processor.py:839} INFO - DAG(s) dict_keys(['example_external_task_marker_child', 'example_external_task_marker_parent']) retrieved from /Users/az/anaconda3/envs/python38/lib/python3.8/site-packages/airflow/example_dags/example_external_task_marker_dag.py
[2023-11-09T19:51:44.887-0500] {logging_mixin.py:154} INFO - [2023-11-09T19:51:44.886-0500] {dag.py:2941} INFO - Sync 2 DAGs
[2023-11-09T19:51:44.892-0500] {logging_mixin.py:154} INFO - [2023-11-09T19:51:44.892-0500] {dag.py:3722} INFO - Setting next_dagrun for example_external_task_marker_child to None, run_after=None
[2023-11-09T19:51:44.893-0500] {logging_mixin.py:154} INFO - [2023-11-09T19:51:44.893-0500] {dag.py:3722} INFO - Setting next_dagrun for example_external_task_marker_parent to None, run_after=None
[2023-11-09T19:51:44.902-0500] {processor.py:179} INFO - Processing /Users/az/anaconda3/envs/python38/lib/python3.8/site-packages/airflow/example_dags/example_external_task_marker_dag.py took 0.151 seconds
[2023-11-09T19:53:45.898-0500] {processor.py:157} INFO - Started process (PID=54953) to work on /Users/az/anaconda3/envs/python38/lib/python3.8/site-packages/airflow/example_dags/example_external_task_marker_dag.py
[2023-11-09T19:53:45.903-0500] {processor.py:829} INFO - Processing file /Users/az/anaconda3/envs/python38/lib/python3.8/site-packages/airflow/example_dags/example_external_task_marker_dag.py for tasks to queue
[2023-11-09T19:53:45.903-0500] {logging_mixin.py:154} INFO - [2023-11-09T19:53:45.903-0500] {dagbag.py:536} INFO - Filling up the DagBag from /Users/az/anaconda3/envs/python38/lib/python3.8/site-packages/airflow/example_dags/example_external_task_marker_dag.py
[2023-11-09T19:53:45.920-0500] {processor.py:839} INFO - DAG(s) dict_keys(['example_external_task_marker_parent', 'example_external_task_marker_child']) retrieved from /Users/az/anaconda3/envs/python38/lib/python3.8/site-packages/airflow/example_dags/example_external_task_marker_dag.py
[2023-11-09T19:53:46.033-0500] {logging_mixin.py:154} INFO - [2023-11-09T19:53:46.033-0500] {dag.py:2941} INFO - Sync 2 DAGs
[2023-11-09T19:53:46.038-0500] {logging_mixin.py:154} INFO - [2023-11-09T19:53:46.038-0500] {dag.py:3722} INFO - Setting next_dagrun for example_external_task_marker_child to None, run_after=None
[2023-11-09T19:53:46.040-0500] {logging_mixin.py:154} INFO - [2023-11-09T19:53:46.040-0500] {dag.py:3722} INFO - Setting next_dagrun for example_external_task_marker_parent to None, run_after=None
[2023-11-09T19:53:46.049-0500] {processor.py:179} INFO - Processing /Users/az/anaconda3/envs/python38/lib/python3.8/site-packages/airflow/example_dags/example_external_task_marker_dag.py took 0.151 seconds
[2023-11-09T19:55:41.557-0500] {processor.py:157} INFO - Started process (PID=55097) to work on /Users/az/anaconda3/envs/python38/lib/python3.8/site-packages/airflow/example_dags/example_external_task_marker_dag.py
[2023-11-09T19:55:41.561-0500] {processor.py:829} INFO - Processing file /Users/az/anaconda3/envs/python38/lib/python3.8/site-packages/airflow/example_dags/example_external_task_marker_dag.py for tasks to queue
[2023-11-09T19:55:41.561-0500] {logging_mixin.py:154} INFO - [2023-11-09T19:55:41.561-0500] {dagbag.py:536} INFO - Filling up the DagBag from /Users/az/anaconda3/envs/python38/lib/python3.8/site-packages/airflow/example_dags/example_external_task_marker_dag.py
[2023-11-09T19:55:41.579-0500] {processor.py:839} INFO - DAG(s) dict_keys(['example_external_task_marker_child', 'example_external_task_marker_parent']) retrieved from /Users/az/anaconda3/envs/python38/lib/python3.8/site-packages/airflow/example_dags/example_external_task_marker_dag.py
[2023-11-09T19:55:41.692-0500] {logging_mixin.py:154} INFO - [2023-11-09T19:55:41.691-0500] {dag.py:2941} INFO - Sync 2 DAGs
[2023-11-09T19:55:41.697-0500] {logging_mixin.py:154} INFO - [2023-11-09T19:55:41.697-0500] {dag.py:3722} INFO - Setting next_dagrun for example_external_task_marker_child to None, run_after=None
[2023-11-09T19:55:41.698-0500] {logging_mixin.py:154} INFO - [2023-11-09T19:55:41.698-0500] {dag.py:3722} INFO - Setting next_dagrun for example_external_task_marker_parent to None, run_after=None
[2023-11-09T19:55:41.707-0500] {processor.py:179} INFO - Processing /Users/az/anaconda3/envs/python38/lib/python3.8/site-packages/airflow/example_dags/example_external_task_marker_dag.py took 0.151 seconds
[2023-11-09T19:57:43.655-0500] {processor.py:157} INFO - Started process (PID=55261) to work on /Users/az/anaconda3/envs/python38/lib/python3.8/site-packages/airflow/example_dags/example_external_task_marker_dag.py
[2023-11-09T19:57:43.659-0500] {processor.py:829} INFO - Processing file /Users/az/anaconda3/envs/python38/lib/python3.8/site-packages/airflow/example_dags/example_external_task_marker_dag.py for tasks to queue
[2023-11-09T19:57:43.659-0500] {logging_mixin.py:154} INFO - [2023-11-09T19:57:43.659-0500] {dagbag.py:536} INFO - Filling up the DagBag from /Users/az/anaconda3/envs/python38/lib/python3.8/site-packages/airflow/example_dags/example_external_task_marker_dag.py
[2023-11-09T19:57:43.677-0500] {processor.py:839} INFO - DAG(s) dict_keys(['example_external_task_marker_child', 'example_external_task_marker_parent']) retrieved from /Users/az/anaconda3/envs/python38/lib/python3.8/site-packages/airflow/example_dags/example_external_task_marker_dag.py
[2023-11-09T19:57:43.794-0500] {logging_mixin.py:154} INFO - [2023-11-09T19:57:43.794-0500] {dag.py:2941} INFO - Sync 2 DAGs
[2023-11-09T19:57:43.799-0500] {logging_mixin.py:154} INFO - [2023-11-09T19:57:43.799-0500] {dag.py:3722} INFO - Setting next_dagrun for example_external_task_marker_child to None, run_after=None
[2023-11-09T19:57:43.801-0500] {logging_mixin.py:154} INFO - [2023-11-09T19:57:43.801-0500] {dag.py:3722} INFO - Setting next_dagrun for example_external_task_marker_parent to None, run_after=None
[2023-11-09T19:57:43.810-0500] {processor.py:179} INFO - Processing /Users/az/anaconda3/envs/python38/lib/python3.8/site-packages/airflow/example_dags/example_external_task_marker_dag.py took 0.155 seconds
[2023-11-09T19:59:42.659-0500] {processor.py:157} INFO - Started process (PID=55409) to work on /Users/az/anaconda3/envs/python38/lib/python3.8/site-packages/airflow/example_dags/example_external_task_marker_dag.py
[2023-11-09T19:59:42.663-0500] {processor.py:829} INFO - Processing file /Users/az/anaconda3/envs/python38/lib/python3.8/site-packages/airflow/example_dags/example_external_task_marker_dag.py for tasks to queue
[2023-11-09T19:59:42.664-0500] {logging_mixin.py:154} INFO - [2023-11-09T19:59:42.664-0500] {dagbag.py:536} INFO - Filling up the DagBag from /Users/az/anaconda3/envs/python38/lib/python3.8/site-packages/airflow/example_dags/example_external_task_marker_dag.py
[2023-11-09T19:59:42.681-0500] {processor.py:839} INFO - DAG(s) dict_keys(['example_external_task_marker_child', 'example_external_task_marker_parent']) retrieved from /Users/az/anaconda3/envs/python38/lib/python3.8/site-packages/airflow/example_dags/example_external_task_marker_dag.py
[2023-11-09T19:59:42.808-0500] {logging_mixin.py:154} INFO - [2023-11-09T19:59:42.808-0500] {dag.py:2941} INFO - Sync 2 DAGs
[2023-11-09T19:59:42.814-0500] {logging_mixin.py:154} INFO - [2023-11-09T19:59:42.814-0500] {dag.py:3722} INFO - Setting next_dagrun for example_external_task_marker_child to None, run_after=None
[2023-11-09T19:59:42.816-0500] {logging_mixin.py:154} INFO - [2023-11-09T19:59:42.816-0500] {dag.py:3722} INFO - Setting next_dagrun for example_external_task_marker_parent to None, run_after=None
[2023-11-09T19:59:42.826-0500] {processor.py:179} INFO - Processing /Users/az/anaconda3/envs/python38/lib/python3.8/site-packages/airflow/example_dags/example_external_task_marker_dag.py took 0.168 seconds
[2023-11-09T20:01:45.452-0500] {processor.py:157} INFO - Started process (PID=55567) to work on /Users/az/anaconda3/envs/python38/lib/python3.8/site-packages/airflow/example_dags/example_external_task_marker_dag.py
[2023-11-09T20:01:45.456-0500] {processor.py:829} INFO - Processing file /Users/az/anaconda3/envs/python38/lib/python3.8/site-packages/airflow/example_dags/example_external_task_marker_dag.py for tasks to queue
[2023-11-09T20:01:45.457-0500] {logging_mixin.py:154} INFO - [2023-11-09T20:01:45.456-0500] {dagbag.py:536} INFO - Filling up the DagBag from /Users/az/anaconda3/envs/python38/lib/python3.8/site-packages/airflow/example_dags/example_external_task_marker_dag.py
[2023-11-09T20:01:45.474-0500] {processor.py:839} INFO - DAG(s) dict_keys(['example_external_task_marker_parent', 'example_external_task_marker_child']) retrieved from /Users/az/anaconda3/envs/python38/lib/python3.8/site-packages/airflow/example_dags/example_external_task_marker_dag.py
[2023-11-09T20:01:45.654-0500] {logging_mixin.py:154} INFO - [2023-11-09T20:01:45.654-0500] {dag.py:2941} INFO - Sync 2 DAGs
[2023-11-09T20:01:45.660-0500] {logging_mixin.py:154} INFO - [2023-11-09T20:01:45.660-0500] {dag.py:3722} INFO - Setting next_dagrun for example_external_task_marker_child to None, run_after=None
[2023-11-09T20:01:45.662-0500] {logging_mixin.py:154} INFO - [2023-11-09T20:01:45.662-0500] {dag.py:3722} INFO - Setting next_dagrun for example_external_task_marker_parent to None, run_after=None
[2023-11-09T20:01:45.674-0500] {processor.py:179} INFO - Processing /Users/az/anaconda3/envs/python38/lib/python3.8/site-packages/airflow/example_dags/example_external_task_marker_dag.py took 0.222 seconds
[2023-11-09T20:03:47.252-0500] {processor.py:157} INFO - Started process (PID=55727) to work on /Users/az/anaconda3/envs/python38/lib/python3.8/site-packages/airflow/example_dags/example_external_task_marker_dag.py
[2023-11-09T20:03:47.256-0500] {processor.py:829} INFO - Processing file /Users/az/anaconda3/envs/python38/lib/python3.8/site-packages/airflow/example_dags/example_external_task_marker_dag.py for tasks to queue
[2023-11-09T20:03:47.256-0500] {logging_mixin.py:154} INFO - [2023-11-09T20:03:47.256-0500] {dagbag.py:536} INFO - Filling up the DagBag from /Users/az/anaconda3/envs/python38/lib/python3.8/site-packages/airflow/example_dags/example_external_task_marker_dag.py
[2023-11-09T20:03:47.274-0500] {processor.py:839} INFO - DAG(s) dict_keys(['example_external_task_marker_child', 'example_external_task_marker_parent']) retrieved from /Users/az/anaconda3/envs/python38/lib/python3.8/site-packages/airflow/example_dags/example_external_task_marker_dag.py
[2023-11-09T20:03:47.391-0500] {logging_mixin.py:154} INFO - [2023-11-09T20:03:47.391-0500] {dag.py:2941} INFO - Sync 2 DAGs
[2023-11-09T20:03:47.398-0500] {logging_mixin.py:154} INFO - [2023-11-09T20:03:47.398-0500] {dag.py:3722} INFO - Setting next_dagrun for example_external_task_marker_child to None, run_after=None
[2023-11-09T20:03:47.400-0500] {logging_mixin.py:154} INFO - [2023-11-09T20:03:47.400-0500] {dag.py:3722} INFO - Setting next_dagrun for example_external_task_marker_parent to None, run_after=None
[2023-11-09T20:03:47.412-0500] {processor.py:179} INFO - Processing /Users/az/anaconda3/envs/python38/lib/python3.8/site-packages/airflow/example_dags/example_external_task_marker_dag.py took 0.160 seconds
[2023-11-09T20:05:44.097-0500] {processor.py:157} INFO - Started process (PID=55880) to work on /Users/az/anaconda3/envs/python38/lib/python3.8/site-packages/airflow/example_dags/example_external_task_marker_dag.py
[2023-11-09T20:05:44.102-0500] {processor.py:829} INFO - Processing file /Users/az/anaconda3/envs/python38/lib/python3.8/site-packages/airflow/example_dags/example_external_task_marker_dag.py for tasks to queue
[2023-11-09T20:05:44.102-0500] {logging_mixin.py:154} INFO - [2023-11-09T20:05:44.102-0500] {dagbag.py:536} INFO - Filling up the DagBag from /Users/az/anaconda3/envs/python38/lib/python3.8/site-packages/airflow/example_dags/example_external_task_marker_dag.py
[2023-11-09T20:05:44.119-0500] {processor.py:839} INFO - DAG(s) dict_keys(['example_external_task_marker_parent', 'example_external_task_marker_child']) retrieved from /Users/az/anaconda3/envs/python38/lib/python3.8/site-packages/airflow/example_dags/example_external_task_marker_dag.py
[2023-11-09T20:05:44.231-0500] {logging_mixin.py:154} INFO - [2023-11-09T20:05:44.231-0500] {dag.py:2941} INFO - Sync 2 DAGs
[2023-11-09T20:05:44.236-0500] {logging_mixin.py:154} INFO - [2023-11-09T20:05:44.236-0500] {dag.py:3722} INFO - Setting next_dagrun for example_external_task_marker_child to None, run_after=None
[2023-11-09T20:05:44.238-0500] {logging_mixin.py:154} INFO - [2023-11-09T20:05:44.238-0500] {dag.py:3722} INFO - Setting next_dagrun for example_external_task_marker_parent to None, run_after=None
[2023-11-09T20:05:44.247-0500] {processor.py:179} INFO - Processing /Users/az/anaconda3/envs/python38/lib/python3.8/site-packages/airflow/example_dags/example_external_task_marker_dag.py took 0.150 seconds
[2023-11-09T20:07:41.959-0500] {processor.py:157} INFO - Started process (PID=56050) to work on /Users/az/anaconda3/envs/python38/lib/python3.8/site-packages/airflow/example_dags/example_external_task_marker_dag.py
[2023-11-09T20:07:41.964-0500] {processor.py:829} INFO - Processing file /Users/az/anaconda3/envs/python38/lib/python3.8/site-packages/airflow/example_dags/example_external_task_marker_dag.py for tasks to queue
[2023-11-09T20:07:41.964-0500] {logging_mixin.py:154} INFO - [2023-11-09T20:07:41.964-0500] {dagbag.py:536} INFO - Filling up the DagBag from /Users/az/anaconda3/envs/python38/lib/python3.8/site-packages/airflow/example_dags/example_external_task_marker_dag.py
[2023-11-09T20:07:41.981-0500] {processor.py:839} INFO - DAG(s) dict_keys(['example_external_task_marker_parent', 'example_external_task_marker_child']) retrieved from /Users/az/anaconda3/envs/python38/lib/python3.8/site-packages/airflow/example_dags/example_external_task_marker_dag.py
[2023-11-09T20:07:42.094-0500] {logging_mixin.py:154} INFO - [2023-11-09T20:07:42.094-0500] {dag.py:2941} INFO - Sync 2 DAGs
[2023-11-09T20:07:42.099-0500] {logging_mixin.py:154} INFO - [2023-11-09T20:07:42.099-0500] {dag.py:3722} INFO - Setting next_dagrun for example_external_task_marker_child to None, run_after=None
[2023-11-09T20:07:42.101-0500] {logging_mixin.py:154} INFO - [2023-11-09T20:07:42.101-0500] {dag.py:3722} INFO - Setting next_dagrun for example_external_task_marker_parent to None, run_after=None
[2023-11-09T20:07:42.110-0500] {processor.py:179} INFO - Processing /Users/az/anaconda3/envs/python38/lib/python3.8/site-packages/airflow/example_dags/example_external_task_marker_dag.py took 0.151 seconds
[2023-11-09T20:09:39.545-0500] {processor.py:157} INFO - Started process (PID=56214) to work on /Users/az/anaconda3/envs/python38/lib/python3.8/site-packages/airflow/example_dags/example_external_task_marker_dag.py
[2023-11-09T20:09:39.550-0500] {processor.py:829} INFO - Processing file /Users/az/anaconda3/envs/python38/lib/python3.8/site-packages/airflow/example_dags/example_external_task_marker_dag.py for tasks to queue
[2023-11-09T20:09:39.550-0500] {logging_mixin.py:154} INFO - [2023-11-09T20:09:39.550-0500] {dagbag.py:536} INFO - Filling up the DagBag from /Users/az/anaconda3/envs/python38/lib/python3.8/site-packages/airflow/example_dags/example_external_task_marker_dag.py
[2023-11-09T20:09:39.567-0500] {processor.py:839} INFO - DAG(s) dict_keys(['example_external_task_marker_parent', 'example_external_task_marker_child']) retrieved from /Users/az/anaconda3/envs/python38/lib/python3.8/site-packages/airflow/example_dags/example_external_task_marker_dag.py
[2023-11-09T20:09:39.680-0500] {logging_mixin.py:154} INFO - [2023-11-09T20:09:39.679-0500] {dag.py:2941} INFO - Sync 2 DAGs
[2023-11-09T20:09:39.685-0500] {logging_mixin.py:154} INFO - [2023-11-09T20:09:39.685-0500] {dag.py:3722} INFO - Setting next_dagrun for example_external_task_marker_child to None, run_after=None
[2023-11-09T20:09:39.686-0500] {logging_mixin.py:154} INFO - [2023-11-09T20:09:39.686-0500] {dag.py:3722} INFO - Setting next_dagrun for example_external_task_marker_parent to None, run_after=None
[2023-11-09T20:09:39.695-0500] {processor.py:179} INFO - Processing /Users/az/anaconda3/envs/python38/lib/python3.8/site-packages/airflow/example_dags/example_external_task_marker_dag.py took 0.151 seconds
[2023-11-09T20:11:37.167-0500] {processor.py:157} INFO - Started process (PID=56369) to work on /Users/az/anaconda3/envs/python38/lib/python3.8/site-packages/airflow/example_dags/example_external_task_marker_dag.py
[2023-11-09T20:11:37.171-0500] {processor.py:829} INFO - Processing file /Users/az/anaconda3/envs/python38/lib/python3.8/site-packages/airflow/example_dags/example_external_task_marker_dag.py for tasks to queue
[2023-11-09T20:11:37.171-0500] {logging_mixin.py:154} INFO - [2023-11-09T20:11:37.171-0500] {dagbag.py:536} INFO - Filling up the DagBag from /Users/az/anaconda3/envs/python38/lib/python3.8/site-packages/airflow/example_dags/example_external_task_marker_dag.py
[2023-11-09T20:11:37.188-0500] {processor.py:839} INFO - DAG(s) dict_keys(['example_external_task_marker_child', 'example_external_task_marker_parent']) retrieved from /Users/az/anaconda3/envs/python38/lib/python3.8/site-packages/airflow/example_dags/example_external_task_marker_dag.py
[2023-11-09T20:11:37.300-0500] {logging_mixin.py:154} INFO - [2023-11-09T20:11:37.299-0500] {dag.py:2941} INFO - Sync 2 DAGs
[2023-11-09T20:11:37.305-0500] {logging_mixin.py:154} INFO - [2023-11-09T20:11:37.305-0500] {dag.py:3722} INFO - Setting next_dagrun for example_external_task_marker_child to None, run_after=None
[2023-11-09T20:11:37.306-0500] {logging_mixin.py:154} INFO - [2023-11-09T20:11:37.306-0500] {dag.py:3722} INFO - Setting next_dagrun for example_external_task_marker_parent to None, run_after=None
[2023-11-09T20:11:37.315-0500] {processor.py:179} INFO - Processing /Users/az/anaconda3/envs/python38/lib/python3.8/site-packages/airflow/example_dags/example_external_task_marker_dag.py took 0.149 seconds
[2023-11-09T20:13:36.183-0500] {processor.py:157} INFO - Started process (PID=56543) to work on /Users/az/anaconda3/envs/python38/lib/python3.8/site-packages/airflow/example_dags/example_external_task_marker_dag.py
[2023-11-09T20:13:36.187-0500] {processor.py:829} INFO - Processing file /Users/az/anaconda3/envs/python38/lib/python3.8/site-packages/airflow/example_dags/example_external_task_marker_dag.py for tasks to queue
[2023-11-09T20:13:36.188-0500] {logging_mixin.py:154} INFO - [2023-11-09T20:13:36.188-0500] {dagbag.py:536} INFO - Filling up the DagBag from /Users/az/anaconda3/envs/python38/lib/python3.8/site-packages/airflow/example_dags/example_external_task_marker_dag.py
[2023-11-09T20:13:36.205-0500] {processor.py:839} INFO - DAG(s) dict_keys(['example_external_task_marker_parent', 'example_external_task_marker_child']) retrieved from /Users/az/anaconda3/envs/python38/lib/python3.8/site-packages/airflow/example_dags/example_external_task_marker_dag.py
[2023-11-09T20:13:36.320-0500] {logging_mixin.py:154} INFO - [2023-11-09T20:13:36.319-0500] {dag.py:2941} INFO - Sync 2 DAGs
[2023-11-09T20:13:36.325-0500] {logging_mixin.py:154} INFO - [2023-11-09T20:13:36.325-0500] {dag.py:3722} INFO - Setting next_dagrun for example_external_task_marker_child to None, run_after=None
[2023-11-09T20:13:36.326-0500] {logging_mixin.py:154} INFO - [2023-11-09T20:13:36.326-0500] {dag.py:3722} INFO - Setting next_dagrun for example_external_task_marker_parent to None, run_after=None
[2023-11-09T20:13:36.335-0500] {processor.py:179} INFO - Processing /Users/az/anaconda3/envs/python38/lib/python3.8/site-packages/airflow/example_dags/example_external_task_marker_dag.py took 0.153 seconds
[2023-11-09T20:15:35.399-0500] {processor.py:157} INFO - Started process (PID=56700) to work on /Users/az/anaconda3/envs/python38/lib/python3.8/site-packages/airflow/example_dags/example_external_task_marker_dag.py
[2023-11-09T20:15:35.403-0500] {processor.py:829} INFO - Processing file /Users/az/anaconda3/envs/python38/lib/python3.8/site-packages/airflow/example_dags/example_external_task_marker_dag.py for tasks to queue
[2023-11-09T20:15:35.404-0500] {logging_mixin.py:154} INFO - [2023-11-09T20:15:35.404-0500] {dagbag.py:536} INFO - Filling up the DagBag from /Users/az/anaconda3/envs/python38/lib/python3.8/site-packages/airflow/example_dags/example_external_task_marker_dag.py
[2023-11-09T20:15:35.421-0500] {processor.py:839} INFO - DAG(s) dict_keys(['example_external_task_marker_child', 'example_external_task_marker_parent']) retrieved from /Users/az/anaconda3/envs/python38/lib/python3.8/site-packages/airflow/example_dags/example_external_task_marker_dag.py
[2023-11-09T20:15:35.533-0500] {logging_mixin.py:154} INFO - [2023-11-09T20:15:35.533-0500] {dag.py:2941} INFO - Sync 2 DAGs
[2023-11-09T20:15:35.538-0500] {logging_mixin.py:154} INFO - [2023-11-09T20:15:35.538-0500] {dag.py:3722} INFO - Setting next_dagrun for example_external_task_marker_child to None, run_after=None
[2023-11-09T20:15:35.540-0500] {logging_mixin.py:154} INFO - [2023-11-09T20:15:35.539-0500] {dag.py:3722} INFO - Setting next_dagrun for example_external_task_marker_parent to None, run_after=None
[2023-11-09T20:15:35.549-0500] {processor.py:179} INFO - Processing /Users/az/anaconda3/envs/python38/lib/python3.8/site-packages/airflow/example_dags/example_external_task_marker_dag.py took 0.151 seconds
[2023-11-09T20:17:34.846-0500] {processor.py:157} INFO - Started process (PID=56848) to work on /Users/az/anaconda3/envs/python38/lib/python3.8/site-packages/airflow/example_dags/example_external_task_marker_dag.py
[2023-11-09T20:17:34.850-0500] {processor.py:829} INFO - Processing file /Users/az/anaconda3/envs/python38/lib/python3.8/site-packages/airflow/example_dags/example_external_task_marker_dag.py for tasks to queue
[2023-11-09T20:17:34.851-0500] {logging_mixin.py:154} INFO - [2023-11-09T20:17:34.851-0500] {dagbag.py:536} INFO - Filling up the DagBag from /Users/az/anaconda3/envs/python38/lib/python3.8/site-packages/airflow/example_dags/example_external_task_marker_dag.py
[2023-11-09T20:17:34.868-0500] {processor.py:839} INFO - DAG(s) dict_keys(['example_external_task_marker_child', 'example_external_task_marker_parent']) retrieved from /Users/az/anaconda3/envs/python38/lib/python3.8/site-packages/airflow/example_dags/example_external_task_marker_dag.py
[2023-11-09T20:17:34.980-0500] {logging_mixin.py:154} INFO - [2023-11-09T20:17:34.979-0500] {dag.py:2941} INFO - Sync 2 DAGs
[2023-11-09T20:17:34.985-0500] {logging_mixin.py:154} INFO - [2023-11-09T20:17:34.985-0500] {dag.py:3722} INFO - Setting next_dagrun for example_external_task_marker_child to None, run_after=None
[2023-11-09T20:17:34.986-0500] {logging_mixin.py:154} INFO - [2023-11-09T20:17:34.986-0500] {dag.py:3722} INFO - Setting next_dagrun for example_external_task_marker_parent to None, run_after=None
[2023-11-09T20:17:34.995-0500] {processor.py:179} INFO - Processing /Users/az/anaconda3/envs/python38/lib/python3.8/site-packages/airflow/example_dags/example_external_task_marker_dag.py took 0.150 seconds
[2023-11-09T20:19:33.462-0500] {processor.py:157} INFO - Started process (PID=56997) to work on /Users/az/anaconda3/envs/python38/lib/python3.8/site-packages/airflow/example_dags/example_external_task_marker_dag.py
[2023-11-09T20:19:33.467-0500] {processor.py:829} INFO - Processing file /Users/az/anaconda3/envs/python38/lib/python3.8/site-packages/airflow/example_dags/example_external_task_marker_dag.py for tasks to queue
[2023-11-09T20:19:33.467-0500] {logging_mixin.py:154} INFO - [2023-11-09T20:19:33.467-0500] {dagbag.py:536} INFO - Filling up the DagBag from /Users/az/anaconda3/envs/python38/lib/python3.8/site-packages/airflow/example_dags/example_external_task_marker_dag.py
[2023-11-09T20:19:33.484-0500] {processor.py:839} INFO - DAG(s) dict_keys(['example_external_task_marker_child', 'example_external_task_marker_parent']) retrieved from /Users/az/anaconda3/envs/python38/lib/python3.8/site-packages/airflow/example_dags/example_external_task_marker_dag.py
[2023-11-09T20:19:33.597-0500] {logging_mixin.py:154} INFO - [2023-11-09T20:19:33.596-0500] {dag.py:2941} INFO - Sync 2 DAGs
[2023-11-09T20:19:33.602-0500] {logging_mixin.py:154} INFO - [2023-11-09T20:19:33.602-0500] {dag.py:3722} INFO - Setting next_dagrun for example_external_task_marker_child to None, run_after=None
[2023-11-09T20:19:33.603-0500] {logging_mixin.py:154} INFO - [2023-11-09T20:19:33.603-0500] {dag.py:3722} INFO - Setting next_dagrun for example_external_task_marker_parent to None, run_after=None
[2023-11-09T20:19:33.612-0500] {processor.py:179} INFO - Processing /Users/az/anaconda3/envs/python38/lib/python3.8/site-packages/airflow/example_dags/example_external_task_marker_dag.py took 0.151 seconds
[2023-11-09T20:21:34.858-0500] {processor.py:157} INFO - Started process (PID=57144) to work on /Users/az/anaconda3/envs/python38/lib/python3.8/site-packages/airflow/example_dags/example_external_task_marker_dag.py
[2023-11-09T20:21:34.878-0500] {processor.py:829} INFO - Processing file /Users/az/anaconda3/envs/python38/lib/python3.8/site-packages/airflow/example_dags/example_external_task_marker_dag.py for tasks to queue
[2023-11-09T20:21:34.879-0500] {logging_mixin.py:154} INFO - [2023-11-09T20:21:34.879-0500] {dagbag.py:536} INFO - Filling up the DagBag from /Users/az/anaconda3/envs/python38/lib/python3.8/site-packages/airflow/example_dags/example_external_task_marker_dag.py
[2023-11-09T20:21:34.899-0500] {processor.py:839} INFO - DAG(s) dict_keys(['example_external_task_marker_child', 'example_external_task_marker_parent']) retrieved from /Users/az/anaconda3/envs/python38/lib/python3.8/site-packages/airflow/example_dags/example_external_task_marker_dag.py
[2023-11-09T20:21:35.013-0500] {logging_mixin.py:154} INFO - [2023-11-09T20:21:35.013-0500] {dag.py:2941} INFO - Sync 2 DAGs
[2023-11-09T20:21:35.018-0500] {logging_mixin.py:154} INFO - [2023-11-09T20:21:35.018-0500] {dag.py:3722} INFO - Setting next_dagrun for example_external_task_marker_child to None, run_after=None
[2023-11-09T20:21:35.020-0500] {logging_mixin.py:154} INFO - [2023-11-09T20:21:35.020-0500] {dag.py:3722} INFO - Setting next_dagrun for example_external_task_marker_parent to None, run_after=None
[2023-11-09T20:21:35.029-0500] {processor.py:179} INFO - Processing /Users/az/anaconda3/envs/python38/lib/python3.8/site-packages/airflow/example_dags/example_external_task_marker_dag.py took 0.172 seconds
[2023-11-09T20:23:32.242-0500] {processor.py:157} INFO - Started process (PID=57307) to work on /Users/az/anaconda3/envs/python38/lib/python3.8/site-packages/airflow/example_dags/example_external_task_marker_dag.py
[2023-11-09T20:23:32.247-0500] {processor.py:829} INFO - Processing file /Users/az/anaconda3/envs/python38/lib/python3.8/site-packages/airflow/example_dags/example_external_task_marker_dag.py for tasks to queue
[2023-11-09T20:23:32.247-0500] {logging_mixin.py:154} INFO - [2023-11-09T20:23:32.247-0500] {dagbag.py:536} INFO - Filling up the DagBag from /Users/az/anaconda3/envs/python38/lib/python3.8/site-packages/airflow/example_dags/example_external_task_marker_dag.py
[2023-11-09T20:23:32.264-0500] {processor.py:839} INFO - DAG(s) dict_keys(['example_external_task_marker_parent', 'example_external_task_marker_child']) retrieved from /Users/az/anaconda3/envs/python38/lib/python3.8/site-packages/airflow/example_dags/example_external_task_marker_dag.py
[2023-11-09T20:23:32.377-0500] {logging_mixin.py:154} INFO - [2023-11-09T20:23:32.377-0500] {dag.py:2941} INFO - Sync 2 DAGs
[2023-11-09T20:23:32.382-0500] {logging_mixin.py:154} INFO - [2023-11-09T20:23:32.382-0500] {dag.py:3722} INFO - Setting next_dagrun for example_external_task_marker_child to None, run_after=None
[2023-11-09T20:23:32.384-0500] {logging_mixin.py:154} INFO - [2023-11-09T20:23:32.384-0500] {dag.py:3722} INFO - Setting next_dagrun for example_external_task_marker_parent to None, run_after=None
[2023-11-09T20:23:32.394-0500] {processor.py:179} INFO - Processing /Users/az/anaconda3/envs/python38/lib/python3.8/site-packages/airflow/example_dags/example_external_task_marker_dag.py took 0.152 seconds
[2023-11-09T20:25:31.415-0500] {processor.py:157} INFO - Started process (PID=57457) to work on /Users/az/anaconda3/envs/python38/lib/python3.8/site-packages/airflow/example_dags/example_external_task_marker_dag.py
[2023-11-09T20:25:31.419-0500] {processor.py:829} INFO - Processing file /Users/az/anaconda3/envs/python38/lib/python3.8/site-packages/airflow/example_dags/example_external_task_marker_dag.py for tasks to queue
[2023-11-09T20:25:31.419-0500] {logging_mixin.py:154} INFO - [2023-11-09T20:25:31.419-0500] {dagbag.py:536} INFO - Filling up the DagBag from /Users/az/anaconda3/envs/python38/lib/python3.8/site-packages/airflow/example_dags/example_external_task_marker_dag.py
[2023-11-09T20:25:31.437-0500] {processor.py:839} INFO - DAG(s) dict_keys(['example_external_task_marker_parent', 'example_external_task_marker_child']) retrieved from /Users/az/anaconda3/envs/python38/lib/python3.8/site-packages/airflow/example_dags/example_external_task_marker_dag.py
[2023-11-09T20:25:31.550-0500] {logging_mixin.py:154} INFO - [2023-11-09T20:25:31.550-0500] {dag.py:2941} INFO - Sync 2 DAGs
[2023-11-09T20:25:31.555-0500] {logging_mixin.py:154} INFO - [2023-11-09T20:25:31.555-0500] {dag.py:3722} INFO - Setting next_dagrun for example_external_task_marker_child to None, run_after=None
[2023-11-09T20:25:31.557-0500] {logging_mixin.py:154} INFO - [2023-11-09T20:25:31.557-0500] {dag.py:3722} INFO - Setting next_dagrun for example_external_task_marker_parent to None, run_after=None
[2023-11-09T20:25:31.566-0500] {processor.py:179} INFO - Processing /Users/az/anaconda3/envs/python38/lib/python3.8/site-packages/airflow/example_dags/example_external_task_marker_dag.py took 0.152 seconds
[2023-11-09T20:46:08.261-0500] {processor.py:157} INFO - Started process (PID=57761) to work on /Users/az/anaconda3/envs/python38/lib/python3.8/site-packages/airflow/example_dags/example_external_task_marker_dag.py
[2023-11-09T20:46:08.266-0500] {processor.py:829} INFO - Processing file /Users/az/anaconda3/envs/python38/lib/python3.8/site-packages/airflow/example_dags/example_external_task_marker_dag.py for tasks to queue
[2023-11-09T20:46:08.266-0500] {logging_mixin.py:154} INFO - [2023-11-09T20:46:08.266-0500] {dagbag.py:536} INFO - Filling up the DagBag from /Users/az/anaconda3/envs/python38/lib/python3.8/site-packages/airflow/example_dags/example_external_task_marker_dag.py
[2023-11-09T20:46:08.283-0500] {processor.py:839} INFO - DAG(s) dict_keys(['example_external_task_marker_child', 'example_external_task_marker_parent']) retrieved from /Users/az/anaconda3/envs/python38/lib/python3.8/site-packages/airflow/example_dags/example_external_task_marker_dag.py
[2023-11-09T20:46:08.395-0500] {logging_mixin.py:154} INFO - [2023-11-09T20:46:08.395-0500] {dag.py:2941} INFO - Sync 2 DAGs
[2023-11-09T20:46:08.400-0500] {logging_mixin.py:154} INFO - [2023-11-09T20:46:08.400-0500] {dag.py:3722} INFO - Setting next_dagrun for example_external_task_marker_child to None, run_after=None
[2023-11-09T20:46:08.402-0500] {logging_mixin.py:154} INFO - [2023-11-09T20:46:08.402-0500] {dag.py:3722} INFO - Setting next_dagrun for example_external_task_marker_parent to None, run_after=None
[2023-11-09T20:46:08.411-0500] {processor.py:179} INFO - Processing /Users/az/anaconda3/envs/python38/lib/python3.8/site-packages/airflow/example_dags/example_external_task_marker_dag.py took 0.150 seconds
[2023-11-09T20:48:06.897-0500] {processor.py:157} INFO - Started process (PID=57921) to work on /Users/az/anaconda3/envs/python38/lib/python3.8/site-packages/airflow/example_dags/example_external_task_marker_dag.py
[2023-11-09T20:48:06.902-0500] {processor.py:829} INFO - Processing file /Users/az/anaconda3/envs/python38/lib/python3.8/site-packages/airflow/example_dags/example_external_task_marker_dag.py for tasks to queue
[2023-11-09T20:48:06.902-0500] {logging_mixin.py:154} INFO - [2023-11-09T20:48:06.902-0500] {dagbag.py:536} INFO - Filling up the DagBag from /Users/az/anaconda3/envs/python38/lib/python3.8/site-packages/airflow/example_dags/example_external_task_marker_dag.py
[2023-11-09T20:48:06.919-0500] {processor.py:839} INFO - DAG(s) dict_keys(['example_external_task_marker_child', 'example_external_task_marker_parent']) retrieved from /Users/az/anaconda3/envs/python38/lib/python3.8/site-packages/airflow/example_dags/example_external_task_marker_dag.py
[2023-11-09T20:48:07.032-0500] {logging_mixin.py:154} INFO - [2023-11-09T20:48:07.032-0500] {dag.py:2941} INFO - Sync 2 DAGs
[2023-11-09T20:48:07.037-0500] {logging_mixin.py:154} INFO - [2023-11-09T20:48:07.037-0500] {dag.py:3722} INFO - Setting next_dagrun for example_external_task_marker_child to None, run_after=None
[2023-11-09T20:48:07.039-0500] {logging_mixin.py:154} INFO - [2023-11-09T20:48:07.038-0500] {dag.py:3722} INFO - Setting next_dagrun for example_external_task_marker_parent to None, run_after=None
[2023-11-09T20:48:07.048-0500] {processor.py:179} INFO - Processing /Users/az/anaconda3/envs/python38/lib/python3.8/site-packages/airflow/example_dags/example_external_task_marker_dag.py took 0.151 seconds
[2023-11-09T20:50:05.290-0500] {processor.py:157} INFO - Started process (PID=58072) to work on /Users/az/anaconda3/envs/python38/lib/python3.8/site-packages/airflow/example_dags/example_external_task_marker_dag.py
[2023-11-09T20:50:05.295-0500] {processor.py:829} INFO - Processing file /Users/az/anaconda3/envs/python38/lib/python3.8/site-packages/airflow/example_dags/example_external_task_marker_dag.py for tasks to queue
[2023-11-09T20:50:05.295-0500] {logging_mixin.py:154} INFO - [2023-11-09T20:50:05.295-0500] {dagbag.py:536} INFO - Filling up the DagBag from /Users/az/anaconda3/envs/python38/lib/python3.8/site-packages/airflow/example_dags/example_external_task_marker_dag.py
[2023-11-09T20:50:05.312-0500] {processor.py:839} INFO - DAG(s) dict_keys(['example_external_task_marker_parent', 'example_external_task_marker_child']) retrieved from /Users/az/anaconda3/envs/python38/lib/python3.8/site-packages/airflow/example_dags/example_external_task_marker_dag.py
[2023-11-09T20:50:05.425-0500] {logging_mixin.py:154} INFO - [2023-11-09T20:50:05.425-0500] {dag.py:2941} INFO - Sync 2 DAGs
[2023-11-09T20:50:05.430-0500] {logging_mixin.py:154} INFO - [2023-11-09T20:50:05.430-0500] {dag.py:3722} INFO - Setting next_dagrun for example_external_task_marker_child to None, run_after=None
[2023-11-09T20:50:05.431-0500] {logging_mixin.py:154} INFO - [2023-11-09T20:50:05.431-0500] {dag.py:3722} INFO - Setting next_dagrun for example_external_task_marker_parent to None, run_after=None
[2023-11-09T20:50:05.440-0500] {processor.py:179} INFO - Processing /Users/az/anaconda3/envs/python38/lib/python3.8/site-packages/airflow/example_dags/example_external_task_marker_dag.py took 0.151 seconds
[2023-11-09T20:52:11.203-0500] {processor.py:157} INFO - Started process (PID=58229) to work on /Users/az/anaconda3/envs/python38/lib/python3.8/site-packages/airflow/example_dags/example_external_task_marker_dag.py
[2023-11-09T20:52:11.208-0500] {processor.py:829} INFO - Processing file /Users/az/anaconda3/envs/python38/lib/python3.8/site-packages/airflow/example_dags/example_external_task_marker_dag.py for tasks to queue
[2023-11-09T20:52:11.208-0500] {logging_mixin.py:154} INFO - [2023-11-09T20:52:11.208-0500] {dagbag.py:536} INFO - Filling up the DagBag from /Users/az/anaconda3/envs/python38/lib/python3.8/site-packages/airflow/example_dags/example_external_task_marker_dag.py
[2023-11-09T20:52:11.225-0500] {processor.py:839} INFO - DAG(s) dict_keys(['example_external_task_marker_child', 'example_external_task_marker_parent']) retrieved from /Users/az/anaconda3/envs/python38/lib/python3.8/site-packages/airflow/example_dags/example_external_task_marker_dag.py
[2023-11-09T20:52:11.337-0500] {logging_mixin.py:154} INFO - [2023-11-09T20:52:11.337-0500] {dag.py:2941} INFO - Sync 2 DAGs
[2023-11-09T20:52:11.342-0500] {logging_mixin.py:154} INFO - [2023-11-09T20:52:11.342-0500] {dag.py:3722} INFO - Setting next_dagrun for example_external_task_marker_child to None, run_after=None
[2023-11-09T20:52:11.344-0500] {logging_mixin.py:154} INFO - [2023-11-09T20:52:11.344-0500] {dag.py:3722} INFO - Setting next_dagrun for example_external_task_marker_parent to None, run_after=None
[2023-11-09T20:52:11.353-0500] {processor.py:179} INFO - Processing /Users/az/anaconda3/envs/python38/lib/python3.8/site-packages/airflow/example_dags/example_external_task_marker_dag.py took 0.151 seconds
[2023-11-09T20:54:24.348-0500] {processor.py:157} INFO - Started process (PID=58392) to work on /Users/az/anaconda3/envs/python38/lib/python3.8/site-packages/airflow/example_dags/example_external_task_marker_dag.py
[2023-11-09T20:54:24.353-0500] {processor.py:829} INFO - Processing file /Users/az/anaconda3/envs/python38/lib/python3.8/site-packages/airflow/example_dags/example_external_task_marker_dag.py for tasks to queue
[2023-11-09T20:54:24.353-0500] {logging_mixin.py:154} INFO - [2023-11-09T20:54:24.353-0500] {dagbag.py:536} INFO - Filling up the DagBag from /Users/az/anaconda3/envs/python38/lib/python3.8/site-packages/airflow/example_dags/example_external_task_marker_dag.py
[2023-11-09T20:54:24.370-0500] {processor.py:839} INFO - DAG(s) dict_keys(['example_external_task_marker_child', 'example_external_task_marker_parent']) retrieved from /Users/az/anaconda3/envs/python38/lib/python3.8/site-packages/airflow/example_dags/example_external_task_marker_dag.py
[2023-11-09T20:54:24.482-0500] {logging_mixin.py:154} INFO - [2023-11-09T20:54:24.482-0500] {dag.py:2941} INFO - Sync 2 DAGs
[2023-11-09T20:54:24.487-0500] {logging_mixin.py:154} INFO - [2023-11-09T20:54:24.487-0500] {dag.py:3722} INFO - Setting next_dagrun for example_external_task_marker_child to None, run_after=None
[2023-11-09T20:54:24.489-0500] {logging_mixin.py:154} INFO - [2023-11-09T20:54:24.489-0500] {dag.py:3722} INFO - Setting next_dagrun for example_external_task_marker_parent to None, run_after=None
[2023-11-09T20:54:24.498-0500] {processor.py:179} INFO - Processing /Users/az/anaconda3/envs/python38/lib/python3.8/site-packages/airflow/example_dags/example_external_task_marker_dag.py took 0.151 seconds
[2023-11-09T20:56:38.067-0500] {processor.py:157} INFO - Started process (PID=58559) to work on /Users/az/anaconda3/envs/python38/lib/python3.8/site-packages/airflow/example_dags/example_external_task_marker_dag.py
[2023-11-09T20:56:38.072-0500] {processor.py:829} INFO - Processing file /Users/az/anaconda3/envs/python38/lib/python3.8/site-packages/airflow/example_dags/example_external_task_marker_dag.py for tasks to queue
[2023-11-09T20:56:38.073-0500] {logging_mixin.py:154} INFO - [2023-11-09T20:56:38.073-0500] {dagbag.py:536} INFO - Filling up the DagBag from /Users/az/anaconda3/envs/python38/lib/python3.8/site-packages/airflow/example_dags/example_external_task_marker_dag.py
[2023-11-09T20:56:38.090-0500] {processor.py:839} INFO - DAG(s) dict_keys(['example_external_task_marker_parent', 'example_external_task_marker_child']) retrieved from /Users/az/anaconda3/envs/python38/lib/python3.8/site-packages/airflow/example_dags/example_external_task_marker_dag.py
[2023-11-09T20:56:38.205-0500] {logging_mixin.py:154} INFO - [2023-11-09T20:56:38.205-0500] {dag.py:2941} INFO - Sync 2 DAGs
[2023-11-09T20:56:38.211-0500] {logging_mixin.py:154} INFO - [2023-11-09T20:56:38.210-0500] {dag.py:3722} INFO - Setting next_dagrun for example_external_task_marker_child to None, run_after=None
[2023-11-09T20:56:38.212-0500] {logging_mixin.py:154} INFO - [2023-11-09T20:56:38.212-0500] {dag.py:3722} INFO - Setting next_dagrun for example_external_task_marker_parent to None, run_after=None
[2023-11-09T20:56:38.221-0500] {processor.py:179} INFO - Processing /Users/az/anaconda3/envs/python38/lib/python3.8/site-packages/airflow/example_dags/example_external_task_marker_dag.py took 0.154 seconds
[2023-11-09T20:58:45.822-0500] {processor.py:157} INFO - Started process (PID=58709) to work on /Users/az/anaconda3/envs/python38/lib/python3.8/site-packages/airflow/example_dags/example_external_task_marker_dag.py
[2023-11-09T20:58:45.826-0500] {processor.py:829} INFO - Processing file /Users/az/anaconda3/envs/python38/lib/python3.8/site-packages/airflow/example_dags/example_external_task_marker_dag.py for tasks to queue
[2023-11-09T20:58:45.826-0500] {logging_mixin.py:154} INFO - [2023-11-09T20:58:45.826-0500] {dagbag.py:536} INFO - Filling up the DagBag from /Users/az/anaconda3/envs/python38/lib/python3.8/site-packages/airflow/example_dags/example_external_task_marker_dag.py
[2023-11-09T20:58:45.845-0500] {processor.py:839} INFO - DAG(s) dict_keys(['example_external_task_marker_child', 'example_external_task_marker_parent']) retrieved from /Users/az/anaconda3/envs/python38/lib/python3.8/site-packages/airflow/example_dags/example_external_task_marker_dag.py
[2023-11-09T20:58:46.239-0500] {logging_mixin.py:154} INFO - [2023-11-09T20:58:46.238-0500] {dag.py:2941} INFO - Sync 2 DAGs
[2023-11-09T20:58:46.278-0500] {logging_mixin.py:154} INFO - [2023-11-09T20:58:46.277-0500] {dag.py:3722} INFO - Setting next_dagrun for example_external_task_marker_child to None, run_after=None
[2023-11-09T20:58:46.303-0500] {logging_mixin.py:154} INFO - [2023-11-09T20:58:46.302-0500] {dag.py:3722} INFO - Setting next_dagrun for example_external_task_marker_parent to None, run_after=None
[2023-11-09T20:58:46.344-0500] {processor.py:179} INFO - Processing /Users/az/anaconda3/envs/python38/lib/python3.8/site-packages/airflow/example_dags/example_external_task_marker_dag.py took 0.522 seconds
[2023-11-09T21:01:02.387-0500] {processor.py:157} INFO - Started process (PID=58893) to work on /Users/az/anaconda3/envs/python38/lib/python3.8/site-packages/airflow/example_dags/example_external_task_marker_dag.py
[2023-11-09T21:01:02.392-0500] {processor.py:829} INFO - Processing file /Users/az/anaconda3/envs/python38/lib/python3.8/site-packages/airflow/example_dags/example_external_task_marker_dag.py for tasks to queue
[2023-11-09T21:01:02.392-0500] {logging_mixin.py:154} INFO - [2023-11-09T21:01:02.392-0500] {dagbag.py:536} INFO - Filling up the DagBag from /Users/az/anaconda3/envs/python38/lib/python3.8/site-packages/airflow/example_dags/example_external_task_marker_dag.py
[2023-11-09T21:01:02.409-0500] {processor.py:839} INFO - DAG(s) dict_keys(['example_external_task_marker_child', 'example_external_task_marker_parent']) retrieved from /Users/az/anaconda3/envs/python38/lib/python3.8/site-packages/airflow/example_dags/example_external_task_marker_dag.py
[2023-11-09T21:01:02.521-0500] {logging_mixin.py:154} INFO - [2023-11-09T21:01:02.521-0500] {dag.py:2941} INFO - Sync 2 DAGs
[2023-11-09T21:01:02.527-0500] {logging_mixin.py:154} INFO - [2023-11-09T21:01:02.527-0500] {dag.py:3722} INFO - Setting next_dagrun for example_external_task_marker_child to None, run_after=None
[2023-11-09T21:01:02.528-0500] {logging_mixin.py:154} INFO - [2023-11-09T21:01:02.528-0500] {dag.py:3722} INFO - Setting next_dagrun for example_external_task_marker_parent to None, run_after=None
[2023-11-09T21:01:02.537-0500] {processor.py:179} INFO - Processing /Users/az/anaconda3/envs/python38/lib/python3.8/site-packages/airflow/example_dags/example_external_task_marker_dag.py took 0.151 seconds
[2023-11-09T21:03:08.057-0500] {processor.py:157} INFO - Started process (PID=59055) to work on /Users/az/anaconda3/envs/python38/lib/python3.8/site-packages/airflow/example_dags/example_external_task_marker_dag.py
[2023-11-09T21:03:08.062-0500] {processor.py:829} INFO - Processing file /Users/az/anaconda3/envs/python38/lib/python3.8/site-packages/airflow/example_dags/example_external_task_marker_dag.py for tasks to queue
[2023-11-09T21:03:08.062-0500] {logging_mixin.py:154} INFO - [2023-11-09T21:03:08.062-0500] {dagbag.py:536} INFO - Filling up the DagBag from /Users/az/anaconda3/envs/python38/lib/python3.8/site-packages/airflow/example_dags/example_external_task_marker_dag.py
[2023-11-09T21:03:08.079-0500] {processor.py:839} INFO - DAG(s) dict_keys(['example_external_task_marker_child', 'example_external_task_marker_parent']) retrieved from /Users/az/anaconda3/envs/python38/lib/python3.8/site-packages/airflow/example_dags/example_external_task_marker_dag.py
[2023-11-09T21:03:08.191-0500] {logging_mixin.py:154} INFO - [2023-11-09T21:03:08.191-0500] {dag.py:2941} INFO - Sync 2 DAGs
[2023-11-09T21:03:08.196-0500] {logging_mixin.py:154} INFO - [2023-11-09T21:03:08.196-0500] {dag.py:3722} INFO - Setting next_dagrun for example_external_task_marker_child to None, run_after=None
[2023-11-09T21:03:08.198-0500] {logging_mixin.py:154} INFO - [2023-11-09T21:03:08.198-0500] {dag.py:3722} INFO - Setting next_dagrun for example_external_task_marker_parent to None, run_after=None
[2023-11-09T21:03:08.208-0500] {processor.py:179} INFO - Processing /Users/az/anaconda3/envs/python38/lib/python3.8/site-packages/airflow/example_dags/example_external_task_marker_dag.py took 0.151 seconds
[2023-11-09T21:05:08.313-0500] {processor.py:157} INFO - Started process (PID=59231) to work on /Users/az/anaconda3/envs/python38/lib/python3.8/site-packages/airflow/example_dags/example_external_task_marker_dag.py
[2023-11-09T21:05:08.318-0500] {processor.py:829} INFO - Processing file /Users/az/anaconda3/envs/python38/lib/python3.8/site-packages/airflow/example_dags/example_external_task_marker_dag.py for tasks to queue
[2023-11-09T21:05:08.318-0500] {logging_mixin.py:154} INFO - [2023-11-09T21:05:08.318-0500] {dagbag.py:536} INFO - Filling up the DagBag from /Users/az/anaconda3/envs/python38/lib/python3.8/site-packages/airflow/example_dags/example_external_task_marker_dag.py
[2023-11-09T21:05:08.335-0500] {processor.py:839} INFO - DAG(s) dict_keys(['example_external_task_marker_parent', 'example_external_task_marker_child']) retrieved from /Users/az/anaconda3/envs/python38/lib/python3.8/site-packages/airflow/example_dags/example_external_task_marker_dag.py
[2023-11-09T21:05:08.451-0500] {logging_mixin.py:154} INFO - [2023-11-09T21:05:08.451-0500] {dag.py:2941} INFO - Sync 2 DAGs
[2023-11-09T21:05:08.456-0500] {logging_mixin.py:154} INFO - [2023-11-09T21:05:08.456-0500] {dag.py:3722} INFO - Setting next_dagrun for example_external_task_marker_child to None, run_after=None
[2023-11-09T21:05:08.458-0500] {logging_mixin.py:154} INFO - [2023-11-09T21:05:08.458-0500] {dag.py:3722} INFO - Setting next_dagrun for example_external_task_marker_parent to None, run_after=None
[2023-11-09T21:05:08.467-0500] {processor.py:179} INFO - Processing /Users/az/anaconda3/envs/python38/lib/python3.8/site-packages/airflow/example_dags/example_external_task_marker_dag.py took 0.154 seconds
[2023-11-09T21:07:11.585-0500] {processor.py:157} INFO - Started process (PID=59387) to work on /Users/az/anaconda3/envs/python38/lib/python3.8/site-packages/airflow/example_dags/example_external_task_marker_dag.py
[2023-11-09T21:07:11.590-0500] {processor.py:829} INFO - Processing file /Users/az/anaconda3/envs/python38/lib/python3.8/site-packages/airflow/example_dags/example_external_task_marker_dag.py for tasks to queue
[2023-11-09T21:07:11.590-0500] {logging_mixin.py:154} INFO - [2023-11-09T21:07:11.590-0500] {dagbag.py:536} INFO - Filling up the DagBag from /Users/az/anaconda3/envs/python38/lib/python3.8/site-packages/airflow/example_dags/example_external_task_marker_dag.py
[2023-11-09T21:07:11.607-0500] {processor.py:839} INFO - DAG(s) dict_keys(['example_external_task_marker_child', 'example_external_task_marker_parent']) retrieved from /Users/az/anaconda3/envs/python38/lib/python3.8/site-packages/airflow/example_dags/example_external_task_marker_dag.py
[2023-11-09T21:07:11.720-0500] {logging_mixin.py:154} INFO - [2023-11-09T21:07:11.720-0500] {dag.py:2941} INFO - Sync 2 DAGs
[2023-11-09T21:07:11.725-0500] {logging_mixin.py:154} INFO - [2023-11-09T21:07:11.725-0500] {dag.py:3722} INFO - Setting next_dagrun for example_external_task_marker_child to None, run_after=None
[2023-11-09T21:07:11.727-0500] {logging_mixin.py:154} INFO - [2023-11-09T21:07:11.727-0500] {dag.py:3722} INFO - Setting next_dagrun for example_external_task_marker_parent to None, run_after=None
[2023-11-09T21:07:11.736-0500] {processor.py:179} INFO - Processing /Users/az/anaconda3/envs/python38/lib/python3.8/site-packages/airflow/example_dags/example_external_task_marker_dag.py took 0.151 seconds
[2023-11-09T21:09:08.542-0500] {processor.py:157} INFO - Started process (PID=59535) to work on /Users/az/anaconda3/envs/python38/lib/python3.8/site-packages/airflow/example_dags/example_external_task_marker_dag.py
[2023-11-09T21:09:08.546-0500] {processor.py:829} INFO - Processing file /Users/az/anaconda3/envs/python38/lib/python3.8/site-packages/airflow/example_dags/example_external_task_marker_dag.py for tasks to queue
[2023-11-09T21:09:08.547-0500] {logging_mixin.py:154} INFO - [2023-11-09T21:09:08.547-0500] {dagbag.py:536} INFO - Filling up the DagBag from /Users/az/anaconda3/envs/python38/lib/python3.8/site-packages/airflow/example_dags/example_external_task_marker_dag.py
[2023-11-09T21:09:08.565-0500] {processor.py:839} INFO - DAG(s) dict_keys(['example_external_task_marker_child', 'example_external_task_marker_parent']) retrieved from /Users/az/anaconda3/envs/python38/lib/python3.8/site-packages/airflow/example_dags/example_external_task_marker_dag.py
[2023-11-09T21:09:08.684-0500] {logging_mixin.py:154} INFO - [2023-11-09T21:09:08.684-0500] {dag.py:2941} INFO - Sync 2 DAGs
[2023-11-09T21:09:08.690-0500] {logging_mixin.py:154} INFO - [2023-11-09T21:09:08.690-0500] {dag.py:3722} INFO - Setting next_dagrun for example_external_task_marker_child to None, run_after=None
[2023-11-09T21:09:08.692-0500] {logging_mixin.py:154} INFO - [2023-11-09T21:09:08.692-0500] {dag.py:3722} INFO - Setting next_dagrun for example_external_task_marker_parent to None, run_after=None
[2023-11-09T21:09:08.702-0500] {processor.py:179} INFO - Processing /Users/az/anaconda3/envs/python38/lib/python3.8/site-packages/airflow/example_dags/example_external_task_marker_dag.py took 0.160 seconds
[2023-11-09T21:11:11.585-0500] {processor.py:157} INFO - Started process (PID=59698) to work on /Users/az/anaconda3/envs/python38/lib/python3.8/site-packages/airflow/example_dags/example_external_task_marker_dag.py
[2023-11-09T21:11:11.589-0500] {processor.py:829} INFO - Processing file /Users/az/anaconda3/envs/python38/lib/python3.8/site-packages/airflow/example_dags/example_external_task_marker_dag.py for tasks to queue
[2023-11-09T21:11:11.589-0500] {logging_mixin.py:154} INFO - [2023-11-09T21:11:11.589-0500] {dagbag.py:536} INFO - Filling up the DagBag from /Users/az/anaconda3/envs/python38/lib/python3.8/site-packages/airflow/example_dags/example_external_task_marker_dag.py
[2023-11-09T21:11:11.607-0500] {processor.py:839} INFO - DAG(s) dict_keys(['example_external_task_marker_child', 'example_external_task_marker_parent']) retrieved from /Users/az/anaconda3/envs/python38/lib/python3.8/site-packages/airflow/example_dags/example_external_task_marker_dag.py
[2023-11-09T21:11:11.721-0500] {logging_mixin.py:154} INFO - [2023-11-09T21:11:11.720-0500] {dag.py:2941} INFO - Sync 2 DAGs
[2023-11-09T21:11:11.726-0500] {logging_mixin.py:154} INFO - [2023-11-09T21:11:11.726-0500] {dag.py:3722} INFO - Setting next_dagrun for example_external_task_marker_child to None, run_after=None
[2023-11-09T21:11:11.727-0500] {logging_mixin.py:154} INFO - [2023-11-09T21:11:11.727-0500] {dag.py:3722} INFO - Setting next_dagrun for example_external_task_marker_parent to None, run_after=None
[2023-11-09T21:11:11.737-0500] {processor.py:179} INFO - Processing /Users/az/anaconda3/envs/python38/lib/python3.8/site-packages/airflow/example_dags/example_external_task_marker_dag.py took 0.153 seconds
[2023-11-09T21:13:09.604-0500] {processor.py:157} INFO - Started process (PID=59845) to work on /Users/az/anaconda3/envs/python38/lib/python3.8/site-packages/airflow/example_dags/example_external_task_marker_dag.py
[2023-11-09T21:13:09.608-0500] {processor.py:829} INFO - Processing file /Users/az/anaconda3/envs/python38/lib/python3.8/site-packages/airflow/example_dags/example_external_task_marker_dag.py for tasks to queue
[2023-11-09T21:13:09.609-0500] {logging_mixin.py:154} INFO - [2023-11-09T21:13:09.608-0500] {dagbag.py:536} INFO - Filling up the DagBag from /Users/az/anaconda3/envs/python38/lib/python3.8/site-packages/airflow/example_dags/example_external_task_marker_dag.py
[2023-11-09T21:13:09.626-0500] {processor.py:839} INFO - DAG(s) dict_keys(['example_external_task_marker_child', 'example_external_task_marker_parent']) retrieved from /Users/az/anaconda3/envs/python38/lib/python3.8/site-packages/airflow/example_dags/example_external_task_marker_dag.py
[2023-11-09T21:13:09.740-0500] {logging_mixin.py:154} INFO - [2023-11-09T21:13:09.740-0500] {dag.py:2941} INFO - Sync 2 DAGs
[2023-11-09T21:13:09.745-0500] {logging_mixin.py:154} INFO - [2023-11-09T21:13:09.745-0500] {dag.py:3722} INFO - Setting next_dagrun for example_external_task_marker_child to None, run_after=None
[2023-11-09T21:13:09.747-0500] {logging_mixin.py:154} INFO - [2023-11-09T21:13:09.747-0500] {dag.py:3722} INFO - Setting next_dagrun for example_external_task_marker_parent to None, run_after=None
[2023-11-09T21:13:09.757-0500] {processor.py:179} INFO - Processing /Users/az/anaconda3/envs/python38/lib/python3.8/site-packages/airflow/example_dags/example_external_task_marker_dag.py took 0.153 seconds
