[2023-11-09T19:00:04.290-0500] {processor.py:157} INFO - Started process (PID=48759) to work on /Users/az/anaconda3/envs/python38/lib/python3.8/site-packages/airflow/example_dags/example_dynamic_task_mapping_with_no_taskflow_operators.py
[2023-11-09T19:00:04.294-0500] {processor.py:829} INFO - Processing file /Users/az/anaconda3/envs/python38/lib/python3.8/site-packages/airflow/example_dags/example_dynamic_task_mapping_with_no_taskflow_operators.py for tasks to queue
[2023-11-09T19:00:04.294-0500] {logging_mixin.py:154} INFO - [2023-11-09T19:00:04.294-0500] {dagbag.py:536} INFO - Filling up the DagBag from /Users/az/anaconda3/envs/python38/lib/python3.8/site-packages/airflow/example_dags/example_dynamic_task_mapping_with_no_taskflow_operators.py
[2023-11-09T19:00:04.309-0500] {processor.py:839} INFO - DAG(s) dict_keys(['example_dynamic_task_mapping_with_no_taskflow_operators']) retrieved from /Users/az/anaconda3/envs/python38/lib/python3.8/site-packages/airflow/example_dags/example_dynamic_task_mapping_with_no_taskflow_operators.py
[2023-11-09T19:00:04.416-0500] {logging_mixin.py:154} INFO - [2023-11-09T19:00:04.416-0500] {dag.py:2941} INFO - Sync 1 DAGs
[2023-11-09T19:00:04.425-0500] {logging_mixin.py:154} INFO - [2023-11-09T19:00:04.425-0500] {dag.py:3722} INFO - Setting next_dagrun for example_dynamic_task_mapping_with_no_taskflow_operators to 2023-11-09T00:00:04.425361+00:00, run_after=2023-11-10T00:00:04.425361+00:00
[2023-11-09T19:00:04.435-0500] {processor.py:179} INFO - Processing /Users/az/anaconda3/envs/python38/lib/python3.8/site-packages/airflow/example_dags/example_dynamic_task_mapping_with_no_taskflow_operators.py took 0.146 seconds
[2023-11-09T19:02:09.750-0500] {processor.py:157} INFO - Started process (PID=48922) to work on /Users/az/anaconda3/envs/python38/lib/python3.8/site-packages/airflow/example_dags/example_dynamic_task_mapping_with_no_taskflow_operators.py
[2023-11-09T19:02:09.754-0500] {processor.py:829} INFO - Processing file /Users/az/anaconda3/envs/python38/lib/python3.8/site-packages/airflow/example_dags/example_dynamic_task_mapping_with_no_taskflow_operators.py for tasks to queue
[2023-11-09T19:02:09.755-0500] {logging_mixin.py:154} INFO - [2023-11-09T19:02:09.755-0500] {dagbag.py:536} INFO - Filling up the DagBag from /Users/az/anaconda3/envs/python38/lib/python3.8/site-packages/airflow/example_dags/example_dynamic_task_mapping_with_no_taskflow_operators.py
[2023-11-09T19:02:09.769-0500] {processor.py:839} INFO - DAG(s) dict_keys(['example_dynamic_task_mapping_with_no_taskflow_operators']) retrieved from /Users/az/anaconda3/envs/python38/lib/python3.8/site-packages/airflow/example_dags/example_dynamic_task_mapping_with_no_taskflow_operators.py
[2023-11-09T19:02:09.876-0500] {logging_mixin.py:154} INFO - [2023-11-09T19:02:09.876-0500] {dag.py:2941} INFO - Sync 1 DAGs
[2023-11-09T19:02:09.885-0500] {logging_mixin.py:154} INFO - [2023-11-09T19:02:09.885-0500] {dag.py:3722} INFO - Setting next_dagrun for example_dynamic_task_mapping_with_no_taskflow_operators to 2023-11-09T00:02:09.885356+00:00, run_after=2023-11-10T00:02:09.885356+00:00
[2023-11-09T19:02:09.895-0500] {processor.py:179} INFO - Processing /Users/az/anaconda3/envs/python38/lib/python3.8/site-packages/airflow/example_dags/example_dynamic_task_mapping_with_no_taskflow_operators.py took 0.146 seconds
[2023-11-09T19:04:17.455-0500] {processor.py:157} INFO - Started process (PID=49083) to work on /Users/az/anaconda3/envs/python38/lib/python3.8/site-packages/airflow/example_dags/example_dynamic_task_mapping_with_no_taskflow_operators.py
[2023-11-09T19:04:17.459-0500] {processor.py:829} INFO - Processing file /Users/az/anaconda3/envs/python38/lib/python3.8/site-packages/airflow/example_dags/example_dynamic_task_mapping_with_no_taskflow_operators.py for tasks to queue
[2023-11-09T19:04:17.459-0500] {logging_mixin.py:154} INFO - [2023-11-09T19:04:17.459-0500] {dagbag.py:536} INFO - Filling up the DagBag from /Users/az/anaconda3/envs/python38/lib/python3.8/site-packages/airflow/example_dags/example_dynamic_task_mapping_with_no_taskflow_operators.py
[2023-11-09T19:04:17.476-0500] {processor.py:839} INFO - DAG(s) dict_keys(['example_dynamic_task_mapping_with_no_taskflow_operators']) retrieved from /Users/az/anaconda3/envs/python38/lib/python3.8/site-packages/airflow/example_dags/example_dynamic_task_mapping_with_no_taskflow_operators.py
[2023-11-09T19:04:17.596-0500] {logging_mixin.py:154} INFO - [2023-11-09T19:04:17.596-0500] {dag.py:2941} INFO - Sync 1 DAGs
[2023-11-09T19:04:17.605-0500] {logging_mixin.py:154} INFO - [2023-11-09T19:04:17.605-0500] {dag.py:3722} INFO - Setting next_dagrun for example_dynamic_task_mapping_with_no_taskflow_operators to 2023-11-09T00:04:17.605127+00:00, run_after=2023-11-10T00:04:17.605127+00:00
[2023-11-09T19:04:17.614-0500] {processor.py:179} INFO - Processing /Users/az/anaconda3/envs/python38/lib/python3.8/site-packages/airflow/example_dags/example_dynamic_task_mapping_with_no_taskflow_operators.py took 0.160 seconds
[2023-11-09T19:06:14.682-0500] {processor.py:157} INFO - Started process (PID=49235) to work on /Users/az/anaconda3/envs/python38/lib/python3.8/site-packages/airflow/example_dags/example_dynamic_task_mapping_with_no_taskflow_operators.py
[2023-11-09T19:06:14.686-0500] {processor.py:829} INFO - Processing file /Users/az/anaconda3/envs/python38/lib/python3.8/site-packages/airflow/example_dags/example_dynamic_task_mapping_with_no_taskflow_operators.py for tasks to queue
[2023-11-09T19:06:14.686-0500] {logging_mixin.py:154} INFO - [2023-11-09T19:06:14.686-0500] {dagbag.py:536} INFO - Filling up the DagBag from /Users/az/anaconda3/envs/python38/lib/python3.8/site-packages/airflow/example_dags/example_dynamic_task_mapping_with_no_taskflow_operators.py
[2023-11-09T19:06:14.702-0500] {processor.py:839} INFO - DAG(s) dict_keys(['example_dynamic_task_mapping_with_no_taskflow_operators']) retrieved from /Users/az/anaconda3/envs/python38/lib/python3.8/site-packages/airflow/example_dags/example_dynamic_task_mapping_with_no_taskflow_operators.py
[2023-11-09T19:06:14.846-0500] {logging_mixin.py:154} INFO - [2023-11-09T19:06:14.845-0500] {dag.py:2941} INFO - Sync 1 DAGs
[2023-11-09T19:06:14.855-0500] {logging_mixin.py:154} INFO - [2023-11-09T19:06:14.855-0500] {dag.py:3722} INFO - Setting next_dagrun for example_dynamic_task_mapping_with_no_taskflow_operators to 2023-11-09T00:06:14.855012+00:00, run_after=2023-11-10T00:06:14.855012+00:00
[2023-11-09T19:06:14.868-0500] {processor.py:179} INFO - Processing /Users/az/anaconda3/envs/python38/lib/python3.8/site-packages/airflow/example_dags/example_dynamic_task_mapping_with_no_taskflow_operators.py took 0.187 seconds
[2023-11-09T19:08:17.671-0500] {processor.py:157} INFO - Started process (PID=49382) to work on /Users/az/anaconda3/envs/python38/lib/python3.8/site-packages/airflow/example_dags/example_dynamic_task_mapping_with_no_taskflow_operators.py
[2023-11-09T19:08:17.675-0500] {processor.py:829} INFO - Processing file /Users/az/anaconda3/envs/python38/lib/python3.8/site-packages/airflow/example_dags/example_dynamic_task_mapping_with_no_taskflow_operators.py for tasks to queue
[2023-11-09T19:08:17.675-0500] {logging_mixin.py:154} INFO - [2023-11-09T19:08:17.675-0500] {dagbag.py:536} INFO - Filling up the DagBag from /Users/az/anaconda3/envs/python38/lib/python3.8/site-packages/airflow/example_dags/example_dynamic_task_mapping_with_no_taskflow_operators.py
[2023-11-09T19:08:17.690-0500] {processor.py:839} INFO - DAG(s) dict_keys(['example_dynamic_task_mapping_with_no_taskflow_operators']) retrieved from /Users/az/anaconda3/envs/python38/lib/python3.8/site-packages/airflow/example_dags/example_dynamic_task_mapping_with_no_taskflow_operators.py
[2023-11-09T19:08:17.800-0500] {logging_mixin.py:154} INFO - [2023-11-09T19:08:17.799-0500] {dag.py:2941} INFO - Sync 1 DAGs
[2023-11-09T19:08:17.809-0500] {logging_mixin.py:154} INFO - [2023-11-09T19:08:17.809-0500] {dag.py:3722} INFO - Setting next_dagrun for example_dynamic_task_mapping_with_no_taskflow_operators to 2023-11-09T00:08:17.808919+00:00, run_after=2023-11-10T00:08:17.808919+00:00
[2023-11-09T19:08:17.818-0500] {processor.py:179} INFO - Processing /Users/az/anaconda3/envs/python38/lib/python3.8/site-packages/airflow/example_dags/example_dynamic_task_mapping_with_no_taskflow_operators.py took 0.148 seconds
[2023-11-09T19:10:18.973-0500] {processor.py:157} INFO - Started process (PID=49525) to work on /Users/az/anaconda3/envs/python38/lib/python3.8/site-packages/airflow/example_dags/example_dynamic_task_mapping_with_no_taskflow_operators.py
[2023-11-09T19:10:18.978-0500] {processor.py:829} INFO - Processing file /Users/az/anaconda3/envs/python38/lib/python3.8/site-packages/airflow/example_dags/example_dynamic_task_mapping_with_no_taskflow_operators.py for tasks to queue
[2023-11-09T19:10:18.978-0500] {logging_mixin.py:154} INFO - [2023-11-09T19:10:18.978-0500] {dagbag.py:536} INFO - Filling up the DagBag from /Users/az/anaconda3/envs/python38/lib/python3.8/site-packages/airflow/example_dags/example_dynamic_task_mapping_with_no_taskflow_operators.py
[2023-11-09T19:10:18.992-0500] {processor.py:839} INFO - DAG(s) dict_keys(['example_dynamic_task_mapping_with_no_taskflow_operators']) retrieved from /Users/az/anaconda3/envs/python38/lib/python3.8/site-packages/airflow/example_dags/example_dynamic_task_mapping_with_no_taskflow_operators.py
[2023-11-09T19:10:19.100-0500] {logging_mixin.py:154} INFO - [2023-11-09T19:10:19.100-0500] {dag.py:2941} INFO - Sync 1 DAGs
[2023-11-09T19:10:19.109-0500] {logging_mixin.py:154} INFO - [2023-11-09T19:10:19.109-0500] {dag.py:3722} INFO - Setting next_dagrun for example_dynamic_task_mapping_with_no_taskflow_operators to 2023-11-09T00:10:19.109072+00:00, run_after=2023-11-10T00:10:19.109072+00:00
[2023-11-09T19:10:19.119-0500] {processor.py:179} INFO - Processing /Users/az/anaconda3/envs/python38/lib/python3.8/site-packages/airflow/example_dags/example_dynamic_task_mapping_with_no_taskflow_operators.py took 0.146 seconds
[2023-11-09T19:12:18.976-0500] {processor.py:157} INFO - Started process (PID=49682) to work on /Users/az/anaconda3/envs/python38/lib/python3.8/site-packages/airflow/example_dags/example_dynamic_task_mapping_with_no_taskflow_operators.py
[2023-11-09T19:12:18.980-0500] {processor.py:829} INFO - Processing file /Users/az/anaconda3/envs/python38/lib/python3.8/site-packages/airflow/example_dags/example_dynamic_task_mapping_with_no_taskflow_operators.py for tasks to queue
[2023-11-09T19:12:18.981-0500] {logging_mixin.py:154} INFO - [2023-11-09T19:12:18.981-0500] {dagbag.py:536} INFO - Filling up the DagBag from /Users/az/anaconda3/envs/python38/lib/python3.8/site-packages/airflow/example_dags/example_dynamic_task_mapping_with_no_taskflow_operators.py
[2023-11-09T19:12:18.995-0500] {processor.py:839} INFO - DAG(s) dict_keys(['example_dynamic_task_mapping_with_no_taskflow_operators']) retrieved from /Users/az/anaconda3/envs/python38/lib/python3.8/site-packages/airflow/example_dags/example_dynamic_task_mapping_with_no_taskflow_operators.py
[2023-11-09T19:12:19.102-0500] {logging_mixin.py:154} INFO - [2023-11-09T19:12:19.102-0500] {dag.py:2941} INFO - Sync 1 DAGs
[2023-11-09T19:12:19.111-0500] {logging_mixin.py:154} INFO - [2023-11-09T19:12:19.111-0500] {dag.py:3722} INFO - Setting next_dagrun for example_dynamic_task_mapping_with_no_taskflow_operators to 2023-11-09T00:12:19.111286+00:00, run_after=2023-11-10T00:12:19.111286+00:00
[2023-11-09T19:12:19.121-0500] {processor.py:179} INFO - Processing /Users/az/anaconda3/envs/python38/lib/python3.8/site-packages/airflow/example_dags/example_dynamic_task_mapping_with_no_taskflow_operators.py took 0.146 seconds
[2023-11-09T19:14:16.387-0500] {processor.py:157} INFO - Started process (PID=49834) to work on /Users/az/anaconda3/envs/python38/lib/python3.8/site-packages/airflow/example_dags/example_dynamic_task_mapping_with_no_taskflow_operators.py
[2023-11-09T19:14:16.392-0500] {processor.py:829} INFO - Processing file /Users/az/anaconda3/envs/python38/lib/python3.8/site-packages/airflow/example_dags/example_dynamic_task_mapping_with_no_taskflow_operators.py for tasks to queue
[2023-11-09T19:14:16.393-0500] {logging_mixin.py:154} INFO - [2023-11-09T19:14:16.392-0500] {dagbag.py:536} INFO - Filling up the DagBag from /Users/az/anaconda3/envs/python38/lib/python3.8/site-packages/airflow/example_dags/example_dynamic_task_mapping_with_no_taskflow_operators.py
[2023-11-09T19:14:16.407-0500] {processor.py:839} INFO - DAG(s) dict_keys(['example_dynamic_task_mapping_with_no_taskflow_operators']) retrieved from /Users/az/anaconda3/envs/python38/lib/python3.8/site-packages/airflow/example_dags/example_dynamic_task_mapping_with_no_taskflow_operators.py
[2023-11-09T19:14:16.514-0500] {logging_mixin.py:154} INFO - [2023-11-09T19:14:16.514-0500] {dag.py:2941} INFO - Sync 1 DAGs
[2023-11-09T19:14:16.523-0500] {logging_mixin.py:154} INFO - [2023-11-09T19:14:16.523-0500] {dag.py:3722} INFO - Setting next_dagrun for example_dynamic_task_mapping_with_no_taskflow_operators to 2023-11-09T00:14:16.523168+00:00, run_after=2023-11-10T00:14:16.523168+00:00
[2023-11-09T19:14:16.533-0500] {processor.py:179} INFO - Processing /Users/az/anaconda3/envs/python38/lib/python3.8/site-packages/airflow/example_dags/example_dynamic_task_mapping_with_no_taskflow_operators.py took 0.146 seconds
[2023-11-09T19:16:13.720-0500] {processor.py:157} INFO - Started process (PID=49980) to work on /Users/az/anaconda3/envs/python38/lib/python3.8/site-packages/airflow/example_dags/example_dynamic_task_mapping_with_no_taskflow_operators.py
[2023-11-09T19:16:13.724-0500] {processor.py:829} INFO - Processing file /Users/az/anaconda3/envs/python38/lib/python3.8/site-packages/airflow/example_dags/example_dynamic_task_mapping_with_no_taskflow_operators.py for tasks to queue
[2023-11-09T19:16:13.725-0500] {logging_mixin.py:154} INFO - [2023-11-09T19:16:13.725-0500] {dagbag.py:536} INFO - Filling up the DagBag from /Users/az/anaconda3/envs/python38/lib/python3.8/site-packages/airflow/example_dags/example_dynamic_task_mapping_with_no_taskflow_operators.py
[2023-11-09T19:16:13.739-0500] {processor.py:839} INFO - DAG(s) dict_keys(['example_dynamic_task_mapping_with_no_taskflow_operators']) retrieved from /Users/az/anaconda3/envs/python38/lib/python3.8/site-packages/airflow/example_dags/example_dynamic_task_mapping_with_no_taskflow_operators.py
[2023-11-09T19:16:13.849-0500] {logging_mixin.py:154} INFO - [2023-11-09T19:16:13.849-0500] {dag.py:2941} INFO - Sync 1 DAGs
[2023-11-09T19:16:13.858-0500] {logging_mixin.py:154} INFO - [2023-11-09T19:16:13.858-0500] {dag.py:3722} INFO - Setting next_dagrun for example_dynamic_task_mapping_with_no_taskflow_operators to 2023-11-09T00:16:13.858029+00:00, run_after=2023-11-10T00:16:13.858029+00:00
[2023-11-09T19:16:13.867-0500] {processor.py:179} INFO - Processing /Users/az/anaconda3/envs/python38/lib/python3.8/site-packages/airflow/example_dags/example_dynamic_task_mapping_with_no_taskflow_operators.py took 0.147 seconds
[2023-11-09T19:18:26.053-0500] {processor.py:157} INFO - Started process (PID=50140) to work on /Users/az/anaconda3/envs/python38/lib/python3.8/site-packages/airflow/example_dags/example_dynamic_task_mapping_with_no_taskflow_operators.py
[2023-11-09T19:18:26.058-0500] {processor.py:829} INFO - Processing file /Users/az/anaconda3/envs/python38/lib/python3.8/site-packages/airflow/example_dags/example_dynamic_task_mapping_with_no_taskflow_operators.py for tasks to queue
[2023-11-09T19:18:26.058-0500] {logging_mixin.py:154} INFO - [2023-11-09T19:18:26.058-0500] {dagbag.py:536} INFO - Filling up the DagBag from /Users/az/anaconda3/envs/python38/lib/python3.8/site-packages/airflow/example_dags/example_dynamic_task_mapping_with_no_taskflow_operators.py
[2023-11-09T19:18:26.073-0500] {processor.py:839} INFO - DAG(s) dict_keys(['example_dynamic_task_mapping_with_no_taskflow_operators']) retrieved from /Users/az/anaconda3/envs/python38/lib/python3.8/site-packages/airflow/example_dags/example_dynamic_task_mapping_with_no_taskflow_operators.py
[2023-11-09T19:18:26.180-0500] {logging_mixin.py:154} INFO - [2023-11-09T19:18:26.180-0500] {dag.py:2941} INFO - Sync 1 DAGs
[2023-11-09T19:18:26.189-0500] {logging_mixin.py:154} INFO - [2023-11-09T19:18:26.189-0500] {dag.py:3722} INFO - Setting next_dagrun for example_dynamic_task_mapping_with_no_taskflow_operators to 2023-11-09T00:18:26.189396+00:00, run_after=2023-11-10T00:18:26.189396+00:00
[2023-11-09T19:18:26.199-0500] {processor.py:179} INFO - Processing /Users/az/anaconda3/envs/python38/lib/python3.8/site-packages/airflow/example_dags/example_dynamic_task_mapping_with_no_taskflow_operators.py took 0.146 seconds
[2023-11-09T19:20:30.084-0500] {processor.py:157} INFO - Started process (PID=50293) to work on /Users/az/anaconda3/envs/python38/lib/python3.8/site-packages/airflow/example_dags/example_dynamic_task_mapping_with_no_taskflow_operators.py
[2023-11-09T19:20:30.089-0500] {processor.py:829} INFO - Processing file /Users/az/anaconda3/envs/python38/lib/python3.8/site-packages/airflow/example_dags/example_dynamic_task_mapping_with_no_taskflow_operators.py for tasks to queue
[2023-11-09T19:20:30.089-0500] {logging_mixin.py:154} INFO - [2023-11-09T19:20:30.089-0500] {dagbag.py:536} INFO - Filling up the DagBag from /Users/az/anaconda3/envs/python38/lib/python3.8/site-packages/airflow/example_dags/example_dynamic_task_mapping_with_no_taskflow_operators.py
[2023-11-09T19:20:30.103-0500] {processor.py:839} INFO - DAG(s) dict_keys(['example_dynamic_task_mapping_with_no_taskflow_operators']) retrieved from /Users/az/anaconda3/envs/python38/lib/python3.8/site-packages/airflow/example_dags/example_dynamic_task_mapping_with_no_taskflow_operators.py
[2023-11-09T19:20:30.211-0500] {logging_mixin.py:154} INFO - [2023-11-09T19:20:30.211-0500] {dag.py:2941} INFO - Sync 1 DAGs
[2023-11-09T19:20:30.220-0500] {logging_mixin.py:154} INFO - [2023-11-09T19:20:30.220-0500] {dag.py:3722} INFO - Setting next_dagrun for example_dynamic_task_mapping_with_no_taskflow_operators to 2023-11-09T00:20:30.220065+00:00, run_after=2023-11-10T00:20:30.220065+00:00
[2023-11-09T19:20:30.230-0500] {processor.py:179} INFO - Processing /Users/az/anaconda3/envs/python38/lib/python3.8/site-packages/airflow/example_dags/example_dynamic_task_mapping_with_no_taskflow_operators.py took 0.146 seconds
[2023-11-09T19:22:32.782-0500] {processor.py:157} INFO - Started process (PID=50439) to work on /Users/az/anaconda3/envs/python38/lib/python3.8/site-packages/airflow/example_dags/example_dynamic_task_mapping_with_no_taskflow_operators.py
[2023-11-09T19:22:32.787-0500] {processor.py:829} INFO - Processing file /Users/az/anaconda3/envs/python38/lib/python3.8/site-packages/airflow/example_dags/example_dynamic_task_mapping_with_no_taskflow_operators.py for tasks to queue
[2023-11-09T19:22:32.788-0500] {logging_mixin.py:154} INFO - [2023-11-09T19:22:32.787-0500] {dagbag.py:536} INFO - Filling up the DagBag from /Users/az/anaconda3/envs/python38/lib/python3.8/site-packages/airflow/example_dags/example_dynamic_task_mapping_with_no_taskflow_operators.py
[2023-11-09T19:22:32.802-0500] {processor.py:839} INFO - DAG(s) dict_keys(['example_dynamic_task_mapping_with_no_taskflow_operators']) retrieved from /Users/az/anaconda3/envs/python38/lib/python3.8/site-packages/airflow/example_dags/example_dynamic_task_mapping_with_no_taskflow_operators.py
[2023-11-09T19:22:32.909-0500] {logging_mixin.py:154} INFO - [2023-11-09T19:22:32.909-0500] {dag.py:2941} INFO - Sync 1 DAGs
[2023-11-09T19:22:32.918-0500] {logging_mixin.py:154} INFO - [2023-11-09T19:22:32.918-0500] {dag.py:3722} INFO - Setting next_dagrun for example_dynamic_task_mapping_with_no_taskflow_operators to 2023-11-09T00:22:32.918203+00:00, run_after=2023-11-10T00:22:32.918203+00:00
[2023-11-09T19:22:32.928-0500] {processor.py:179} INFO - Processing /Users/az/anaconda3/envs/python38/lib/python3.8/site-packages/airflow/example_dags/example_dynamic_task_mapping_with_no_taskflow_operators.py took 0.146 seconds
[2023-11-09T19:24:48.485-0500] {processor.py:157} INFO - Started process (PID=50622) to work on /Users/az/anaconda3/envs/python38/lib/python3.8/site-packages/airflow/example_dags/example_dynamic_task_mapping_with_no_taskflow_operators.py
[2023-11-09T19:24:48.490-0500] {processor.py:829} INFO - Processing file /Users/az/anaconda3/envs/python38/lib/python3.8/site-packages/airflow/example_dags/example_dynamic_task_mapping_with_no_taskflow_operators.py for tasks to queue
[2023-11-09T19:24:48.491-0500] {logging_mixin.py:154} INFO - [2023-11-09T19:24:48.491-0500] {dagbag.py:536} INFO - Filling up the DagBag from /Users/az/anaconda3/envs/python38/lib/python3.8/site-packages/airflow/example_dags/example_dynamic_task_mapping_with_no_taskflow_operators.py
[2023-11-09T19:24:48.505-0500] {processor.py:839} INFO - DAG(s) dict_keys(['example_dynamic_task_mapping_with_no_taskflow_operators']) retrieved from /Users/az/anaconda3/envs/python38/lib/python3.8/site-packages/airflow/example_dags/example_dynamic_task_mapping_with_no_taskflow_operators.py
[2023-11-09T19:24:48.621-0500] {logging_mixin.py:154} INFO - [2023-11-09T19:24:48.621-0500] {dag.py:2941} INFO - Sync 1 DAGs
[2023-11-09T19:24:48.630-0500] {logging_mixin.py:154} INFO - [2023-11-09T19:24:48.630-0500] {dag.py:3722} INFO - Setting next_dagrun for example_dynamic_task_mapping_with_no_taskflow_operators to 2023-11-09T00:24:48.630346+00:00, run_after=2023-11-10T00:24:48.630346+00:00
[2023-11-09T19:24:48.640-0500] {processor.py:179} INFO - Processing /Users/az/anaconda3/envs/python38/lib/python3.8/site-packages/airflow/example_dags/example_dynamic_task_mapping_with_no_taskflow_operators.py took 0.155 seconds
[2023-11-09T19:26:51.126-0500] {processor.py:157} INFO - Started process (PID=50781) to work on /Users/az/anaconda3/envs/python38/lib/python3.8/site-packages/airflow/example_dags/example_dynamic_task_mapping_with_no_taskflow_operators.py
[2023-11-09T19:26:51.130-0500] {processor.py:829} INFO - Processing file /Users/az/anaconda3/envs/python38/lib/python3.8/site-packages/airflow/example_dags/example_dynamic_task_mapping_with_no_taskflow_operators.py for tasks to queue
[2023-11-09T19:26:51.131-0500] {logging_mixin.py:154} INFO - [2023-11-09T19:26:51.131-0500] {dagbag.py:536} INFO - Filling up the DagBag from /Users/az/anaconda3/envs/python38/lib/python3.8/site-packages/airflow/example_dags/example_dynamic_task_mapping_with_no_taskflow_operators.py
[2023-11-09T19:26:51.146-0500] {processor.py:839} INFO - DAG(s) dict_keys(['example_dynamic_task_mapping_with_no_taskflow_operators']) retrieved from /Users/az/anaconda3/envs/python38/lib/python3.8/site-packages/airflow/example_dags/example_dynamic_task_mapping_with_no_taskflow_operators.py
[2023-11-09T19:26:51.261-0500] {logging_mixin.py:154} INFO - [2023-11-09T19:26:51.261-0500] {dag.py:2941} INFO - Sync 1 DAGs
[2023-11-09T19:26:51.270-0500] {logging_mixin.py:154} INFO - [2023-11-09T19:26:51.270-0500] {dag.py:3722} INFO - Setting next_dagrun for example_dynamic_task_mapping_with_no_taskflow_operators to 2023-11-09T00:26:51.270502+00:00, run_after=2023-11-10T00:26:51.270502+00:00
[2023-11-09T19:26:51.280-0500] {processor.py:179} INFO - Processing /Users/az/anaconda3/envs/python38/lib/python3.8/site-packages/airflow/example_dags/example_dynamic_task_mapping_with_no_taskflow_operators.py took 0.155 seconds
[2023-11-09T19:29:05.596-0500] {processor.py:157} INFO - Started process (PID=50944) to work on /Users/az/anaconda3/envs/python38/lib/python3.8/site-packages/airflow/example_dags/example_dynamic_task_mapping_with_no_taskflow_operators.py
[2023-11-09T19:29:05.601-0500] {processor.py:829} INFO - Processing file /Users/az/anaconda3/envs/python38/lib/python3.8/site-packages/airflow/example_dags/example_dynamic_task_mapping_with_no_taskflow_operators.py for tasks to queue
[2023-11-09T19:29:05.601-0500] {logging_mixin.py:154} INFO - [2023-11-09T19:29:05.601-0500] {dagbag.py:536} INFO - Filling up the DagBag from /Users/az/anaconda3/envs/python38/lib/python3.8/site-packages/airflow/example_dags/example_dynamic_task_mapping_with_no_taskflow_operators.py
[2023-11-09T19:29:05.615-0500] {processor.py:839} INFO - DAG(s) dict_keys(['example_dynamic_task_mapping_with_no_taskflow_operators']) retrieved from /Users/az/anaconda3/envs/python38/lib/python3.8/site-packages/airflow/example_dags/example_dynamic_task_mapping_with_no_taskflow_operators.py
[2023-11-09T19:29:05.722-0500] {logging_mixin.py:154} INFO - [2023-11-09T19:29:05.721-0500] {dag.py:2941} INFO - Sync 1 DAGs
[2023-11-09T19:29:05.731-0500] {logging_mixin.py:154} INFO - [2023-11-09T19:29:05.731-0500] {dag.py:3722} INFO - Setting next_dagrun for example_dynamic_task_mapping_with_no_taskflow_operators to 2023-11-09T00:29:05.730938+00:00, run_after=2023-11-10T00:29:05.730938+00:00
[2023-11-09T19:29:05.741-0500] {processor.py:179} INFO - Processing /Users/az/anaconda3/envs/python38/lib/python3.8/site-packages/airflow/example_dags/example_dynamic_task_mapping_with_no_taskflow_operators.py took 0.145 seconds
[2023-11-09T19:31:10.663-0500] {processor.py:157} INFO - Started process (PID=51101) to work on /Users/az/anaconda3/envs/python38/lib/python3.8/site-packages/airflow/example_dags/example_dynamic_task_mapping_with_no_taskflow_operators.py
[2023-11-09T19:31:10.667-0500] {processor.py:829} INFO - Processing file /Users/az/anaconda3/envs/python38/lib/python3.8/site-packages/airflow/example_dags/example_dynamic_task_mapping_with_no_taskflow_operators.py for tasks to queue
[2023-11-09T19:31:10.668-0500] {logging_mixin.py:154} INFO - [2023-11-09T19:31:10.668-0500] {dagbag.py:536} INFO - Filling up the DagBag from /Users/az/anaconda3/envs/python38/lib/python3.8/site-packages/airflow/example_dags/example_dynamic_task_mapping_with_no_taskflow_operators.py
[2023-11-09T19:31:10.682-0500] {processor.py:839} INFO - DAG(s) dict_keys(['example_dynamic_task_mapping_with_no_taskflow_operators']) retrieved from /Users/az/anaconda3/envs/python38/lib/python3.8/site-packages/airflow/example_dags/example_dynamic_task_mapping_with_no_taskflow_operators.py
[2023-11-09T19:31:10.793-0500] {logging_mixin.py:154} INFO - [2023-11-09T19:31:10.793-0500] {dag.py:2941} INFO - Sync 1 DAGs
[2023-11-09T19:31:10.802-0500] {logging_mixin.py:154} INFO - [2023-11-09T19:31:10.802-0500] {dag.py:3722} INFO - Setting next_dagrun for example_dynamic_task_mapping_with_no_taskflow_operators to 2023-11-09T00:31:10.802102+00:00, run_after=2023-11-10T00:31:10.802102+00:00
[2023-11-09T19:31:10.812-0500] {processor.py:179} INFO - Processing /Users/az/anaconda3/envs/python38/lib/python3.8/site-packages/airflow/example_dags/example_dynamic_task_mapping_with_no_taskflow_operators.py took 0.150 seconds
[2023-11-09T19:33:25.045-0500] {processor.py:157} INFO - Started process (PID=51260) to work on /Users/az/anaconda3/envs/python38/lib/python3.8/site-packages/airflow/example_dags/example_dynamic_task_mapping_with_no_taskflow_operators.py
[2023-11-09T19:33:25.049-0500] {processor.py:829} INFO - Processing file /Users/az/anaconda3/envs/python38/lib/python3.8/site-packages/airflow/example_dags/example_dynamic_task_mapping_with_no_taskflow_operators.py for tasks to queue
[2023-11-09T19:33:25.049-0500] {logging_mixin.py:154} INFO - [2023-11-09T19:33:25.049-0500] {dagbag.py:536} INFO - Filling up the DagBag from /Users/az/anaconda3/envs/python38/lib/python3.8/site-packages/airflow/example_dags/example_dynamic_task_mapping_with_no_taskflow_operators.py
[2023-11-09T19:33:25.065-0500] {processor.py:839} INFO - DAG(s) dict_keys(['example_dynamic_task_mapping_with_no_taskflow_operators']) retrieved from /Users/az/anaconda3/envs/python38/lib/python3.8/site-packages/airflow/example_dags/example_dynamic_task_mapping_with_no_taskflow_operators.py
[2023-11-09T19:33:25.175-0500] {logging_mixin.py:154} INFO - [2023-11-09T19:33:25.175-0500] {dag.py:2941} INFO - Sync 1 DAGs
[2023-11-09T19:33:25.184-0500] {logging_mixin.py:154} INFO - [2023-11-09T19:33:25.184-0500] {dag.py:3722} INFO - Setting next_dagrun for example_dynamic_task_mapping_with_no_taskflow_operators to 2023-11-09T00:33:25.184375+00:00, run_after=2023-11-10T00:33:25.184375+00:00
[2023-11-09T19:33:25.194-0500] {processor.py:179} INFO - Processing /Users/az/anaconda3/envs/python38/lib/python3.8/site-packages/airflow/example_dags/example_dynamic_task_mapping_with_no_taskflow_operators.py took 0.149 seconds
[2023-11-09T19:35:44.807-0500] {processor.py:157} INFO - Started process (PID=53280) to work on /Users/az/anaconda3/envs/python38/lib/python3.8/site-packages/airflow/example_dags/example_dynamic_task_mapping_with_no_taskflow_operators.py
[2023-11-09T19:35:44.812-0500] {processor.py:829} INFO - Processing file /Users/az/anaconda3/envs/python38/lib/python3.8/site-packages/airflow/example_dags/example_dynamic_task_mapping_with_no_taskflow_operators.py for tasks to queue
[2023-11-09T19:35:44.812-0500] {logging_mixin.py:154} INFO - [2023-11-09T19:35:44.812-0500] {dagbag.py:536} INFO - Filling up the DagBag from /Users/az/anaconda3/envs/python38/lib/python3.8/site-packages/airflow/example_dags/example_dynamic_task_mapping_with_no_taskflow_operators.py
[2023-11-09T19:35:44.826-0500] {processor.py:839} INFO - DAG(s) dict_keys(['example_dynamic_task_mapping_with_no_taskflow_operators']) retrieved from /Users/az/anaconda3/envs/python38/lib/python3.8/site-packages/airflow/example_dags/example_dynamic_task_mapping_with_no_taskflow_operators.py
[2023-11-09T19:35:44.934-0500] {logging_mixin.py:154} INFO - [2023-11-09T19:35:44.934-0500] {dag.py:2941} INFO - Sync 1 DAGs
[2023-11-09T19:35:44.943-0500] {logging_mixin.py:154} INFO - [2023-11-09T19:35:44.943-0500] {dag.py:3722} INFO - Setting next_dagrun for example_dynamic_task_mapping_with_no_taskflow_operators to 2023-11-09T00:35:44.942943+00:00, run_after=2023-11-10T00:35:44.942943+00:00
[2023-11-09T19:35:44.952-0500] {processor.py:179} INFO - Processing /Users/az/anaconda3/envs/python38/lib/python3.8/site-packages/airflow/example_dags/example_dynamic_task_mapping_with_no_taskflow_operators.py took 0.146 seconds
[2023-11-09T19:37:42.173-0500] {processor.py:157} INFO - Started process (PID=53429) to work on /Users/az/anaconda3/envs/python38/lib/python3.8/site-packages/airflow/example_dags/example_dynamic_task_mapping_with_no_taskflow_operators.py
[2023-11-09T19:37:42.177-0500] {processor.py:829} INFO - Processing file /Users/az/anaconda3/envs/python38/lib/python3.8/site-packages/airflow/example_dags/example_dynamic_task_mapping_with_no_taskflow_operators.py for tasks to queue
[2023-11-09T19:37:42.177-0500] {logging_mixin.py:154} INFO - [2023-11-09T19:37:42.177-0500] {dagbag.py:536} INFO - Filling up the DagBag from /Users/az/anaconda3/envs/python38/lib/python3.8/site-packages/airflow/example_dags/example_dynamic_task_mapping_with_no_taskflow_operators.py
[2023-11-09T19:37:42.191-0500] {processor.py:839} INFO - DAG(s) dict_keys(['example_dynamic_task_mapping_with_no_taskflow_operators']) retrieved from /Users/az/anaconda3/envs/python38/lib/python3.8/site-packages/airflow/example_dags/example_dynamic_task_mapping_with_no_taskflow_operators.py
[2023-11-09T19:37:42.298-0500] {logging_mixin.py:154} INFO - [2023-11-09T19:37:42.298-0500] {dag.py:2941} INFO - Sync 1 DAGs
[2023-11-09T19:37:42.307-0500] {logging_mixin.py:154} INFO - [2023-11-09T19:37:42.307-0500] {dag.py:3722} INFO - Setting next_dagrun for example_dynamic_task_mapping_with_no_taskflow_operators to 2023-11-09T00:37:42.306966+00:00, run_after=2023-11-10T00:37:42.306966+00:00
[2023-11-09T19:37:42.317-0500] {processor.py:179} INFO - Processing /Users/az/anaconda3/envs/python38/lib/python3.8/site-packages/airflow/example_dags/example_dynamic_task_mapping_with_no_taskflow_operators.py took 0.144 seconds
[2023-11-09T19:39:42.266-0500] {processor.py:157} INFO - Started process (PID=53581) to work on /Users/az/anaconda3/envs/python38/lib/python3.8/site-packages/airflow/example_dags/example_dynamic_task_mapping_with_no_taskflow_operators.py
[2023-11-09T19:39:42.271-0500] {processor.py:829} INFO - Processing file /Users/az/anaconda3/envs/python38/lib/python3.8/site-packages/airflow/example_dags/example_dynamic_task_mapping_with_no_taskflow_operators.py for tasks to queue
[2023-11-09T19:39:42.271-0500] {logging_mixin.py:154} INFO - [2023-11-09T19:39:42.271-0500] {dagbag.py:536} INFO - Filling up the DagBag from /Users/az/anaconda3/envs/python38/lib/python3.8/site-packages/airflow/example_dags/example_dynamic_task_mapping_with_no_taskflow_operators.py
[2023-11-09T19:39:42.286-0500] {processor.py:839} INFO - DAG(s) dict_keys(['example_dynamic_task_mapping_with_no_taskflow_operators']) retrieved from /Users/az/anaconda3/envs/python38/lib/python3.8/site-packages/airflow/example_dags/example_dynamic_task_mapping_with_no_taskflow_operators.py
[2023-11-09T19:39:42.392-0500] {logging_mixin.py:154} INFO - [2023-11-09T19:39:42.392-0500] {dag.py:2941} INFO - Sync 1 DAGs
[2023-11-09T19:39:42.401-0500] {logging_mixin.py:154} INFO - [2023-11-09T19:39:42.401-0500] {dag.py:3722} INFO - Setting next_dagrun for example_dynamic_task_mapping_with_no_taskflow_operators to 2023-11-09T00:39:42.401730+00:00, run_after=2023-11-10T00:39:42.401730+00:00
[2023-11-09T19:39:42.411-0500] {processor.py:179} INFO - Processing /Users/az/anaconda3/envs/python38/lib/python3.8/site-packages/airflow/example_dags/example_dynamic_task_mapping_with_no_taskflow_operators.py took 0.145 seconds
[2023-11-09T19:41:42.963-0500] {processor.py:157} INFO - Started process (PID=53755) to work on /Users/az/anaconda3/envs/python38/lib/python3.8/site-packages/airflow/example_dags/example_dynamic_task_mapping_with_no_taskflow_operators.py
[2023-11-09T19:41:42.967-0500] {processor.py:829} INFO - Processing file /Users/az/anaconda3/envs/python38/lib/python3.8/site-packages/airflow/example_dags/example_dynamic_task_mapping_with_no_taskflow_operators.py for tasks to queue
[2023-11-09T19:41:42.967-0500] {logging_mixin.py:154} INFO - [2023-11-09T19:41:42.967-0500] {dagbag.py:536} INFO - Filling up the DagBag from /Users/az/anaconda3/envs/python38/lib/python3.8/site-packages/airflow/example_dags/example_dynamic_task_mapping_with_no_taskflow_operators.py
[2023-11-09T19:41:42.982-0500] {processor.py:839} INFO - DAG(s) dict_keys(['example_dynamic_task_mapping_with_no_taskflow_operators']) retrieved from /Users/az/anaconda3/envs/python38/lib/python3.8/site-packages/airflow/example_dags/example_dynamic_task_mapping_with_no_taskflow_operators.py
[2023-11-09T19:41:43.123-0500] {logging_mixin.py:154} INFO - [2023-11-09T19:41:43.123-0500] {dag.py:2941} INFO - Sync 1 DAGs
[2023-11-09T19:41:43.133-0500] {logging_mixin.py:154} INFO - [2023-11-09T19:41:43.132-0500] {dag.py:3722} INFO - Setting next_dagrun for example_dynamic_task_mapping_with_no_taskflow_operators to 2023-11-09T00:41:43.132841+00:00, run_after=2023-11-10T00:41:43.132841+00:00
[2023-11-09T19:41:43.142-0500] {processor.py:179} INFO - Processing /Users/az/anaconda3/envs/python38/lib/python3.8/site-packages/airflow/example_dags/example_dynamic_task_mapping_with_no_taskflow_operators.py took 0.179 seconds
[2023-11-09T19:43:53.356-0500] {processor.py:157} INFO - Started process (PID=54197) to work on /Users/az/anaconda3/envs/python38/lib/python3.8/site-packages/airflow/example_dags/example_dynamic_task_mapping_with_no_taskflow_operators.py
[2023-11-09T19:43:53.360-0500] {processor.py:829} INFO - Processing file /Users/az/anaconda3/envs/python38/lib/python3.8/site-packages/airflow/example_dags/example_dynamic_task_mapping_with_no_taskflow_operators.py for tasks to queue
[2023-11-09T19:43:53.361-0500] {logging_mixin.py:154} INFO - [2023-11-09T19:43:53.361-0500] {dagbag.py:536} INFO - Filling up the DagBag from /Users/az/anaconda3/envs/python38/lib/python3.8/site-packages/airflow/example_dags/example_dynamic_task_mapping_with_no_taskflow_operators.py
[2023-11-09T19:43:53.379-0500] {processor.py:839} INFO - DAG(s) dict_keys(['example_dynamic_task_mapping_with_no_taskflow_operators']) retrieved from /Users/az/anaconda3/envs/python38/lib/python3.8/site-packages/airflow/example_dags/example_dynamic_task_mapping_with_no_taskflow_operators.py
[2023-11-09T19:43:53.530-0500] {logging_mixin.py:154} INFO - [2023-11-09T19:43:53.530-0500] {dag.py:2941} INFO - Sync 1 DAGs
[2023-11-09T19:43:53.542-0500] {logging_mixin.py:154} INFO - [2023-11-09T19:43:53.541-0500] {dag.py:3722} INFO - Setting next_dagrun for example_dynamic_task_mapping_with_no_taskflow_operators to 2023-11-09T00:43:53.541821+00:00, run_after=2023-11-10T00:43:53.541821+00:00
[2023-11-09T19:43:53.555-0500] {processor.py:179} INFO - Processing /Users/az/anaconda3/envs/python38/lib/python3.8/site-packages/airflow/example_dags/example_dynamic_task_mapping_with_no_taskflow_operators.py took 0.200 seconds
[2023-11-09T19:45:52.196-0500] {processor.py:157} INFO - Started process (PID=54346) to work on /Users/az/anaconda3/envs/python38/lib/python3.8/site-packages/airflow/example_dags/example_dynamic_task_mapping_with_no_taskflow_operators.py
[2023-11-09T19:45:52.200-0500] {processor.py:829} INFO - Processing file /Users/az/anaconda3/envs/python38/lib/python3.8/site-packages/airflow/example_dags/example_dynamic_task_mapping_with_no_taskflow_operators.py for tasks to queue
[2023-11-09T19:45:52.201-0500] {logging_mixin.py:154} INFO - [2023-11-09T19:45:52.201-0500] {dagbag.py:536} INFO - Filling up the DagBag from /Users/az/anaconda3/envs/python38/lib/python3.8/site-packages/airflow/example_dags/example_dynamic_task_mapping_with_no_taskflow_operators.py
[2023-11-09T19:45:52.215-0500] {processor.py:839} INFO - DAG(s) dict_keys(['example_dynamic_task_mapping_with_no_taskflow_operators']) retrieved from /Users/az/anaconda3/envs/python38/lib/python3.8/site-packages/airflow/example_dags/example_dynamic_task_mapping_with_no_taskflow_operators.py
[2023-11-09T19:45:52.321-0500] {logging_mixin.py:154} INFO - [2023-11-09T19:45:52.321-0500] {dag.py:2941} INFO - Sync 1 DAGs
[2023-11-09T19:45:52.330-0500] {logging_mixin.py:154} INFO - [2023-11-09T19:45:52.330-0500] {dag.py:3722} INFO - Setting next_dagrun for example_dynamic_task_mapping_with_no_taskflow_operators to 2023-11-09T00:45:52.330739+00:00, run_after=2023-11-10T00:45:52.330739+00:00
[2023-11-09T19:45:52.340-0500] {processor.py:179} INFO - Processing /Users/az/anaconda3/envs/python38/lib/python3.8/site-packages/airflow/example_dags/example_dynamic_task_mapping_with_no_taskflow_operators.py took 0.145 seconds
[2023-11-09T19:47:50.241-0500] {processor.py:157} INFO - Started process (PID=54499) to work on /Users/az/anaconda3/envs/python38/lib/python3.8/site-packages/airflow/example_dags/example_dynamic_task_mapping_with_no_taskflow_operators.py
[2023-11-09T19:47:50.245-0500] {processor.py:829} INFO - Processing file /Users/az/anaconda3/envs/python38/lib/python3.8/site-packages/airflow/example_dags/example_dynamic_task_mapping_with_no_taskflow_operators.py for tasks to queue
[2023-11-09T19:47:50.245-0500] {logging_mixin.py:154} INFO - [2023-11-09T19:47:50.245-0500] {dagbag.py:536} INFO - Filling up the DagBag from /Users/az/anaconda3/envs/python38/lib/python3.8/site-packages/airflow/example_dags/example_dynamic_task_mapping_with_no_taskflow_operators.py
[2023-11-09T19:47:50.261-0500] {processor.py:839} INFO - DAG(s) dict_keys(['example_dynamic_task_mapping_with_no_taskflow_operators']) retrieved from /Users/az/anaconda3/envs/python38/lib/python3.8/site-packages/airflow/example_dags/example_dynamic_task_mapping_with_no_taskflow_operators.py
[2023-11-09T19:47:50.377-0500] {logging_mixin.py:154} INFO - [2023-11-09T19:47:50.377-0500] {dag.py:2941} INFO - Sync 1 DAGs
[2023-11-09T19:47:50.387-0500] {logging_mixin.py:154} INFO - [2023-11-09T19:47:50.387-0500] {dag.py:3722} INFO - Setting next_dagrun for example_dynamic_task_mapping_with_no_taskflow_operators to 2023-11-09T00:47:50.386992+00:00, run_after=2023-11-10T00:47:50.386992+00:00
[2023-11-09T19:47:50.398-0500] {processor.py:179} INFO - Processing /Users/az/anaconda3/envs/python38/lib/python3.8/site-packages/airflow/example_dags/example_dynamic_task_mapping_with_no_taskflow_operators.py took 0.158 seconds
[2023-11-09T19:49:47.464-0500] {processor.py:157} INFO - Started process (PID=54643) to work on /Users/az/anaconda3/envs/python38/lib/python3.8/site-packages/airflow/example_dags/example_dynamic_task_mapping_with_no_taskflow_operators.py
[2023-11-09T19:49:47.468-0500] {processor.py:829} INFO - Processing file /Users/az/anaconda3/envs/python38/lib/python3.8/site-packages/airflow/example_dags/example_dynamic_task_mapping_with_no_taskflow_operators.py for tasks to queue
[2023-11-09T19:49:47.469-0500] {logging_mixin.py:154} INFO - [2023-11-09T19:49:47.469-0500] {dagbag.py:536} INFO - Filling up the DagBag from /Users/az/anaconda3/envs/python38/lib/python3.8/site-packages/airflow/example_dags/example_dynamic_task_mapping_with_no_taskflow_operators.py
[2023-11-09T19:49:47.483-0500] {processor.py:839} INFO - DAG(s) dict_keys(['example_dynamic_task_mapping_with_no_taskflow_operators']) retrieved from /Users/az/anaconda3/envs/python38/lib/python3.8/site-packages/airflow/example_dags/example_dynamic_task_mapping_with_no_taskflow_operators.py
[2023-11-09T19:49:47.590-0500] {logging_mixin.py:154} INFO - [2023-11-09T19:49:47.590-0500] {dag.py:2941} INFO - Sync 1 DAGs
[2023-11-09T19:49:47.599-0500] {logging_mixin.py:154} INFO - [2023-11-09T19:49:47.599-0500] {dag.py:3722} INFO - Setting next_dagrun for example_dynamic_task_mapping_with_no_taskflow_operators to 2023-11-09T00:49:47.599565+00:00, run_after=2023-11-10T00:49:47.599565+00:00
[2023-11-09T19:49:47.609-0500] {processor.py:179} INFO - Processing /Users/az/anaconda3/envs/python38/lib/python3.8/site-packages/airflow/example_dags/example_dynamic_task_mapping_with_no_taskflow_operators.py took 0.145 seconds
[2023-11-09T19:51:46.775-0500] {processor.py:157} INFO - Started process (PID=54793) to work on /Users/az/anaconda3/envs/python38/lib/python3.8/site-packages/airflow/example_dags/example_dynamic_task_mapping_with_no_taskflow_operators.py
[2023-11-09T19:51:46.779-0500] {processor.py:829} INFO - Processing file /Users/az/anaconda3/envs/python38/lib/python3.8/site-packages/airflow/example_dags/example_dynamic_task_mapping_with_no_taskflow_operators.py for tasks to queue
[2023-11-09T19:51:46.779-0500] {logging_mixin.py:154} INFO - [2023-11-09T19:51:46.779-0500] {dagbag.py:536} INFO - Filling up the DagBag from /Users/az/anaconda3/envs/python38/lib/python3.8/site-packages/airflow/example_dags/example_dynamic_task_mapping_with_no_taskflow_operators.py
[2023-11-09T19:51:46.794-0500] {processor.py:839} INFO - DAG(s) dict_keys(['example_dynamic_task_mapping_with_no_taskflow_operators']) retrieved from /Users/az/anaconda3/envs/python38/lib/python3.8/site-packages/airflow/example_dags/example_dynamic_task_mapping_with_no_taskflow_operators.py
[2023-11-09T19:51:46.901-0500] {logging_mixin.py:154} INFO - [2023-11-09T19:51:46.901-0500] {dag.py:2941} INFO - Sync 1 DAGs
[2023-11-09T19:51:46.910-0500] {logging_mixin.py:154} INFO - [2023-11-09T19:51:46.910-0500] {dag.py:3722} INFO - Setting next_dagrun for example_dynamic_task_mapping_with_no_taskflow_operators to 2023-11-09T00:51:46.910671+00:00, run_after=2023-11-10T00:51:46.910671+00:00
[2023-11-09T19:51:46.921-0500] {processor.py:179} INFO - Processing /Users/az/anaconda3/envs/python38/lib/python3.8/site-packages/airflow/example_dags/example_dynamic_task_mapping_with_no_taskflow_operators.py took 0.146 seconds
[2023-11-09T19:53:47.866-0500] {processor.py:157} INFO - Started process (PID=54955) to work on /Users/az/anaconda3/envs/python38/lib/python3.8/site-packages/airflow/example_dags/example_dynamic_task_mapping_with_no_taskflow_operators.py
[2023-11-09T19:53:47.871-0500] {processor.py:829} INFO - Processing file /Users/az/anaconda3/envs/python38/lib/python3.8/site-packages/airflow/example_dags/example_dynamic_task_mapping_with_no_taskflow_operators.py for tasks to queue
[2023-11-09T19:53:47.871-0500] {logging_mixin.py:154} INFO - [2023-11-09T19:53:47.871-0500] {dagbag.py:536} INFO - Filling up the DagBag from /Users/az/anaconda3/envs/python38/lib/python3.8/site-packages/airflow/example_dags/example_dynamic_task_mapping_with_no_taskflow_operators.py
[2023-11-09T19:53:47.886-0500] {processor.py:839} INFO - DAG(s) dict_keys(['example_dynamic_task_mapping_with_no_taskflow_operators']) retrieved from /Users/az/anaconda3/envs/python38/lib/python3.8/site-packages/airflow/example_dags/example_dynamic_task_mapping_with_no_taskflow_operators.py
[2023-11-09T19:53:47.997-0500] {logging_mixin.py:154} INFO - [2023-11-09T19:53:47.997-0500] {dag.py:2941} INFO - Sync 1 DAGs
[2023-11-09T19:53:48.006-0500] {logging_mixin.py:154} INFO - [2023-11-09T19:53:48.006-0500] {dag.py:3722} INFO - Setting next_dagrun for example_dynamic_task_mapping_with_no_taskflow_operators to 2023-11-09T00:53:48.006353+00:00, run_after=2023-11-10T00:53:48.006353+00:00
[2023-11-09T19:53:48.017-0500] {processor.py:179} INFO - Processing /Users/az/anaconda3/envs/python38/lib/python3.8/site-packages/airflow/example_dags/example_dynamic_task_mapping_with_no_taskflow_operators.py took 0.151 seconds
[2023-11-09T19:55:43.528-0500] {processor.py:157} INFO - Started process (PID=55099) to work on /Users/az/anaconda3/envs/python38/lib/python3.8/site-packages/airflow/example_dags/example_dynamic_task_mapping_with_no_taskflow_operators.py
[2023-11-09T19:55:43.532-0500] {processor.py:829} INFO - Processing file /Users/az/anaconda3/envs/python38/lib/python3.8/site-packages/airflow/example_dags/example_dynamic_task_mapping_with_no_taskflow_operators.py for tasks to queue
[2023-11-09T19:55:43.532-0500] {logging_mixin.py:154} INFO - [2023-11-09T19:55:43.532-0500] {dagbag.py:536} INFO - Filling up the DagBag from /Users/az/anaconda3/envs/python38/lib/python3.8/site-packages/airflow/example_dags/example_dynamic_task_mapping_with_no_taskflow_operators.py
[2023-11-09T19:55:43.546-0500] {processor.py:839} INFO - DAG(s) dict_keys(['example_dynamic_task_mapping_with_no_taskflow_operators']) retrieved from /Users/az/anaconda3/envs/python38/lib/python3.8/site-packages/airflow/example_dags/example_dynamic_task_mapping_with_no_taskflow_operators.py
[2023-11-09T19:55:43.653-0500] {logging_mixin.py:154} INFO - [2023-11-09T19:55:43.653-0500] {dag.py:2941} INFO - Sync 1 DAGs
[2023-11-09T19:55:43.662-0500] {logging_mixin.py:154} INFO - [2023-11-09T19:55:43.662-0500] {dag.py:3722} INFO - Setting next_dagrun for example_dynamic_task_mapping_with_no_taskflow_operators to 2023-11-09T00:55:43.662550+00:00, run_after=2023-11-10T00:55:43.662550+00:00
[2023-11-09T19:55:43.672-0500] {processor.py:179} INFO - Processing /Users/az/anaconda3/envs/python38/lib/python3.8/site-packages/airflow/example_dags/example_dynamic_task_mapping_with_no_taskflow_operators.py took 0.145 seconds
[2023-11-09T19:57:45.677-0500] {processor.py:157} INFO - Started process (PID=55263) to work on /Users/az/anaconda3/envs/python38/lib/python3.8/site-packages/airflow/example_dags/example_dynamic_task_mapping_with_no_taskflow_operators.py
[2023-11-09T19:57:45.682-0500] {processor.py:829} INFO - Processing file /Users/az/anaconda3/envs/python38/lib/python3.8/site-packages/airflow/example_dags/example_dynamic_task_mapping_with_no_taskflow_operators.py for tasks to queue
[2023-11-09T19:57:45.683-0500] {logging_mixin.py:154} INFO - [2023-11-09T19:57:45.682-0500] {dagbag.py:536} INFO - Filling up the DagBag from /Users/az/anaconda3/envs/python38/lib/python3.8/site-packages/airflow/example_dags/example_dynamic_task_mapping_with_no_taskflow_operators.py
[2023-11-09T19:57:45.697-0500] {processor.py:839} INFO - DAG(s) dict_keys(['example_dynamic_task_mapping_with_no_taskflow_operators']) retrieved from /Users/az/anaconda3/envs/python38/lib/python3.8/site-packages/airflow/example_dags/example_dynamic_task_mapping_with_no_taskflow_operators.py
[2023-11-09T19:57:45.805-0500] {logging_mixin.py:154} INFO - [2023-11-09T19:57:45.804-0500] {dag.py:2941} INFO - Sync 1 DAGs
[2023-11-09T19:57:45.814-0500] {logging_mixin.py:154} INFO - [2023-11-09T19:57:45.814-0500] {dag.py:3722} INFO - Setting next_dagrun for example_dynamic_task_mapping_with_no_taskflow_operators to 2023-11-09T00:57:45.814034+00:00, run_after=2023-11-10T00:57:45.814034+00:00
[2023-11-09T19:57:45.824-0500] {processor.py:179} INFO - Processing /Users/az/anaconda3/envs/python38/lib/python3.8/site-packages/airflow/example_dags/example_dynamic_task_mapping_with_no_taskflow_operators.py took 0.147 seconds
[2023-11-09T19:59:44.593-0500] {processor.py:157} INFO - Started process (PID=55412) to work on /Users/az/anaconda3/envs/python38/lib/python3.8/site-packages/airflow/example_dags/example_dynamic_task_mapping_with_no_taskflow_operators.py
[2023-11-09T19:59:44.598-0500] {processor.py:829} INFO - Processing file /Users/az/anaconda3/envs/python38/lib/python3.8/site-packages/airflow/example_dags/example_dynamic_task_mapping_with_no_taskflow_operators.py for tasks to queue
[2023-11-09T19:59:44.598-0500] {logging_mixin.py:154} INFO - [2023-11-09T19:59:44.598-0500] {dagbag.py:536} INFO - Filling up the DagBag from /Users/az/anaconda3/envs/python38/lib/python3.8/site-packages/airflow/example_dags/example_dynamic_task_mapping_with_no_taskflow_operators.py
[2023-11-09T19:59:44.619-0500] {processor.py:839} INFO - DAG(s) dict_keys(['example_dynamic_task_mapping_with_no_taskflow_operators']) retrieved from /Users/az/anaconda3/envs/python38/lib/python3.8/site-packages/airflow/example_dags/example_dynamic_task_mapping_with_no_taskflow_operators.py
[2023-11-09T19:59:44.767-0500] {logging_mixin.py:154} INFO - [2023-11-09T19:59:44.766-0500] {dag.py:2941} INFO - Sync 1 DAGs
[2023-11-09T19:59:44.777-0500] {logging_mixin.py:154} INFO - [2023-11-09T19:59:44.777-0500] {dag.py:3722} INFO - Setting next_dagrun for example_dynamic_task_mapping_with_no_taskflow_operators to 2023-11-09T00:59:44.777272+00:00, run_after=2023-11-10T00:59:44.777272+00:00
[2023-11-09T19:59:44.790-0500] {processor.py:179} INFO - Processing /Users/az/anaconda3/envs/python38/lib/python3.8/site-packages/airflow/example_dags/example_dynamic_task_mapping_with_no_taskflow_operators.py took 0.197 seconds
[2023-11-09T20:01:47.820-0500] {processor.py:157} INFO - Started process (PID=55570) to work on /Users/az/anaconda3/envs/python38/lib/python3.8/site-packages/airflow/example_dags/example_dynamic_task_mapping_with_no_taskflow_operators.py
[2023-11-09T20:01:47.825-0500] {processor.py:829} INFO - Processing file /Users/az/anaconda3/envs/python38/lib/python3.8/site-packages/airflow/example_dags/example_dynamic_task_mapping_with_no_taskflow_operators.py for tasks to queue
[2023-11-09T20:01:47.826-0500] {logging_mixin.py:154} INFO - [2023-11-09T20:01:47.825-0500] {dagbag.py:536} INFO - Filling up the DagBag from /Users/az/anaconda3/envs/python38/lib/python3.8/site-packages/airflow/example_dags/example_dynamic_task_mapping_with_no_taskflow_operators.py
[2023-11-09T20:01:47.845-0500] {processor.py:839} INFO - DAG(s) dict_keys(['example_dynamic_task_mapping_with_no_taskflow_operators']) retrieved from /Users/az/anaconda3/envs/python38/lib/python3.8/site-packages/airflow/example_dags/example_dynamic_task_mapping_with_no_taskflow_operators.py
[2023-11-09T20:01:47.983-0500] {logging_mixin.py:154} INFO - [2023-11-09T20:01:47.982-0500] {dag.py:2941} INFO - Sync 1 DAGs
[2023-11-09T20:01:47.992-0500] {logging_mixin.py:154} INFO - [2023-11-09T20:01:47.992-0500] {dag.py:3722} INFO - Setting next_dagrun for example_dynamic_task_mapping_with_no_taskflow_operators to 2023-11-09T01:01:47.992691+00:00, run_after=2023-11-10T01:01:47.992691+00:00
[2023-11-09T20:01:48.002-0500] {processor.py:179} INFO - Processing /Users/az/anaconda3/envs/python38/lib/python3.8/site-packages/airflow/example_dags/example_dynamic_task_mapping_with_no_taskflow_operators.py took 0.183 seconds
[2023-11-09T20:03:49.345-0500] {processor.py:157} INFO - Started process (PID=55733) to work on /Users/az/anaconda3/envs/python38/lib/python3.8/site-packages/airflow/example_dags/example_dynamic_task_mapping_with_no_taskflow_operators.py
[2023-11-09T20:03:49.351-0500] {processor.py:829} INFO - Processing file /Users/az/anaconda3/envs/python38/lib/python3.8/site-packages/airflow/example_dags/example_dynamic_task_mapping_with_no_taskflow_operators.py for tasks to queue
[2023-11-09T20:03:49.351-0500] {logging_mixin.py:154} INFO - [2023-11-09T20:03:49.351-0500] {dagbag.py:536} INFO - Filling up the DagBag from /Users/az/anaconda3/envs/python38/lib/python3.8/site-packages/airflow/example_dags/example_dynamic_task_mapping_with_no_taskflow_operators.py
[2023-11-09T20:03:49.369-0500] {processor.py:839} INFO - DAG(s) dict_keys(['example_dynamic_task_mapping_with_no_taskflow_operators']) retrieved from /Users/az/anaconda3/envs/python38/lib/python3.8/site-packages/airflow/example_dags/example_dynamic_task_mapping_with_no_taskflow_operators.py
[2023-11-09T20:03:49.507-0500] {logging_mixin.py:154} INFO - [2023-11-09T20:03:49.507-0500] {dag.py:2941} INFO - Sync 1 DAGs
[2023-11-09T20:03:49.518-0500] {logging_mixin.py:154} INFO - [2023-11-09T20:03:49.518-0500] {dag.py:3722} INFO - Setting next_dagrun for example_dynamic_task_mapping_with_no_taskflow_operators to 2023-11-09T01:03:49.518512+00:00, run_after=2023-11-10T01:03:49.518512+00:00
[2023-11-09T20:03:49.529-0500] {processor.py:179} INFO - Processing /Users/az/anaconda3/envs/python38/lib/python3.8/site-packages/airflow/example_dags/example_dynamic_task_mapping_with_no_taskflow_operators.py took 0.184 seconds
[2023-11-09T20:05:46.069-0500] {processor.py:157} INFO - Started process (PID=55882) to work on /Users/az/anaconda3/envs/python38/lib/python3.8/site-packages/airflow/example_dags/example_dynamic_task_mapping_with_no_taskflow_operators.py
[2023-11-09T20:05:46.074-0500] {processor.py:829} INFO - Processing file /Users/az/anaconda3/envs/python38/lib/python3.8/site-packages/airflow/example_dags/example_dynamic_task_mapping_with_no_taskflow_operators.py for tasks to queue
[2023-11-09T20:05:46.074-0500] {logging_mixin.py:154} INFO - [2023-11-09T20:05:46.074-0500] {dagbag.py:536} INFO - Filling up the DagBag from /Users/az/anaconda3/envs/python38/lib/python3.8/site-packages/airflow/example_dags/example_dynamic_task_mapping_with_no_taskflow_operators.py
[2023-11-09T20:05:46.089-0500] {processor.py:839} INFO - DAG(s) dict_keys(['example_dynamic_task_mapping_with_no_taskflow_operators']) retrieved from /Users/az/anaconda3/envs/python38/lib/python3.8/site-packages/airflow/example_dags/example_dynamic_task_mapping_with_no_taskflow_operators.py
[2023-11-09T20:05:46.195-0500] {logging_mixin.py:154} INFO - [2023-11-09T20:05:46.195-0500] {dag.py:2941} INFO - Sync 1 DAGs
[2023-11-09T20:05:46.204-0500] {logging_mixin.py:154} INFO - [2023-11-09T20:05:46.204-0500] {dag.py:3722} INFO - Setting next_dagrun for example_dynamic_task_mapping_with_no_taskflow_operators to 2023-11-09T01:05:46.204358+00:00, run_after=2023-11-10T01:05:46.204358+00:00
[2023-11-09T20:05:46.214-0500] {processor.py:179} INFO - Processing /Users/az/anaconda3/envs/python38/lib/python3.8/site-packages/airflow/example_dags/example_dynamic_task_mapping_with_no_taskflow_operators.py took 0.145 seconds
[2023-11-09T20:07:43.993-0500] {processor.py:157} INFO - Started process (PID=56052) to work on /Users/az/anaconda3/envs/python38/lib/python3.8/site-packages/airflow/example_dags/example_dynamic_task_mapping_with_no_taskflow_operators.py
[2023-11-09T20:07:43.998-0500] {processor.py:829} INFO - Processing file /Users/az/anaconda3/envs/python38/lib/python3.8/site-packages/airflow/example_dags/example_dynamic_task_mapping_with_no_taskflow_operators.py for tasks to queue
[2023-11-09T20:07:43.998-0500] {logging_mixin.py:154} INFO - [2023-11-09T20:07:43.998-0500] {dagbag.py:536} INFO - Filling up the DagBag from /Users/az/anaconda3/envs/python38/lib/python3.8/site-packages/airflow/example_dags/example_dynamic_task_mapping_with_no_taskflow_operators.py
[2023-11-09T20:07:44.012-0500] {processor.py:839} INFO - DAG(s) dict_keys(['example_dynamic_task_mapping_with_no_taskflow_operators']) retrieved from /Users/az/anaconda3/envs/python38/lib/python3.8/site-packages/airflow/example_dags/example_dynamic_task_mapping_with_no_taskflow_operators.py
[2023-11-09T20:07:44.120-0500] {logging_mixin.py:154} INFO - [2023-11-09T20:07:44.120-0500] {dag.py:2941} INFO - Sync 1 DAGs
[2023-11-09T20:07:44.129-0500] {logging_mixin.py:154} INFO - [2023-11-09T20:07:44.129-0500] {dag.py:3722} INFO - Setting next_dagrun for example_dynamic_task_mapping_with_no_taskflow_operators to 2023-11-09T01:07:44.129662+00:00, run_after=2023-11-10T01:07:44.129662+00:00
[2023-11-09T20:07:44.139-0500] {processor.py:179} INFO - Processing /Users/az/anaconda3/envs/python38/lib/python3.8/site-packages/airflow/example_dags/example_dynamic_task_mapping_with_no_taskflow_operators.py took 0.147 seconds
[2023-11-09T20:09:41.611-0500] {processor.py:157} INFO - Started process (PID=56216) to work on /Users/az/anaconda3/envs/python38/lib/python3.8/site-packages/airflow/example_dags/example_dynamic_task_mapping_with_no_taskflow_operators.py
[2023-11-09T20:09:41.616-0500] {processor.py:829} INFO - Processing file /Users/az/anaconda3/envs/python38/lib/python3.8/site-packages/airflow/example_dags/example_dynamic_task_mapping_with_no_taskflow_operators.py for tasks to queue
[2023-11-09T20:09:41.616-0500] {logging_mixin.py:154} INFO - [2023-11-09T20:09:41.616-0500] {dagbag.py:536} INFO - Filling up the DagBag from /Users/az/anaconda3/envs/python38/lib/python3.8/site-packages/airflow/example_dags/example_dynamic_task_mapping_with_no_taskflow_operators.py
[2023-11-09T20:09:41.631-0500] {processor.py:839} INFO - DAG(s) dict_keys(['example_dynamic_task_mapping_with_no_taskflow_operators']) retrieved from /Users/az/anaconda3/envs/python38/lib/python3.8/site-packages/airflow/example_dags/example_dynamic_task_mapping_with_no_taskflow_operators.py
[2023-11-09T20:09:41.738-0500] {logging_mixin.py:154} INFO - [2023-11-09T20:09:41.738-0500] {dag.py:2941} INFO - Sync 1 DAGs
[2023-11-09T20:09:41.747-0500] {logging_mixin.py:154} INFO - [2023-11-09T20:09:41.747-0500] {dag.py:3722} INFO - Setting next_dagrun for example_dynamic_task_mapping_with_no_taskflow_operators to 2023-11-09T01:09:41.747617+00:00, run_after=2023-11-10T01:09:41.747617+00:00
[2023-11-09T20:09:41.757-0500] {processor.py:179} INFO - Processing /Users/az/anaconda3/envs/python38/lib/python3.8/site-packages/airflow/example_dags/example_dynamic_task_mapping_with_no_taskflow_operators.py took 0.147 seconds
[2023-11-09T20:11:38.172-0500] {processor.py:157} INFO - Started process (PID=56371) to work on /Users/az/anaconda3/envs/python38/lib/python3.8/site-packages/airflow/example_dags/example_dynamic_task_mapping_with_no_taskflow_operators.py
[2023-11-09T20:11:38.177-0500] {processor.py:829} INFO - Processing file /Users/az/anaconda3/envs/python38/lib/python3.8/site-packages/airflow/example_dags/example_dynamic_task_mapping_with_no_taskflow_operators.py for tasks to queue
[2023-11-09T20:11:38.177-0500] {logging_mixin.py:154} INFO - [2023-11-09T20:11:38.177-0500] {dagbag.py:536} INFO - Filling up the DagBag from /Users/az/anaconda3/envs/python38/lib/python3.8/site-packages/airflow/example_dags/example_dynamic_task_mapping_with_no_taskflow_operators.py
[2023-11-09T20:11:38.194-0500] {processor.py:839} INFO - DAG(s) dict_keys(['example_dynamic_task_mapping_with_no_taskflow_operators']) retrieved from /Users/az/anaconda3/envs/python38/lib/python3.8/site-packages/airflow/example_dags/example_dynamic_task_mapping_with_no_taskflow_operators.py
[2023-11-09T20:11:38.301-0500] {logging_mixin.py:154} INFO - [2023-11-09T20:11:38.301-0500] {dag.py:2941} INFO - Sync 1 DAGs
[2023-11-09T20:11:38.310-0500] {logging_mixin.py:154} INFO - [2023-11-09T20:11:38.310-0500] {dag.py:3722} INFO - Setting next_dagrun for example_dynamic_task_mapping_with_no_taskflow_operators to 2023-11-09T01:11:38.310374+00:00, run_after=2023-11-10T01:11:38.310374+00:00
[2023-11-09T20:11:38.320-0500] {processor.py:179} INFO - Processing /Users/az/anaconda3/envs/python38/lib/python3.8/site-packages/airflow/example_dags/example_dynamic_task_mapping_with_no_taskflow_operators.py took 0.149 seconds
[2023-11-09T20:13:38.203-0500] {processor.py:157} INFO - Started process (PID=56545) to work on /Users/az/anaconda3/envs/python38/lib/python3.8/site-packages/airflow/example_dags/example_dynamic_task_mapping_with_no_taskflow_operators.py
[2023-11-09T20:13:38.208-0500] {processor.py:829} INFO - Processing file /Users/az/anaconda3/envs/python38/lib/python3.8/site-packages/airflow/example_dags/example_dynamic_task_mapping_with_no_taskflow_operators.py for tasks to queue
[2023-11-09T20:13:38.208-0500] {logging_mixin.py:154} INFO - [2023-11-09T20:13:38.208-0500] {dagbag.py:536} INFO - Filling up the DagBag from /Users/az/anaconda3/envs/python38/lib/python3.8/site-packages/airflow/example_dags/example_dynamic_task_mapping_with_no_taskflow_operators.py
[2023-11-09T20:13:38.223-0500] {processor.py:839} INFO - DAG(s) dict_keys(['example_dynamic_task_mapping_with_no_taskflow_operators']) retrieved from /Users/az/anaconda3/envs/python38/lib/python3.8/site-packages/airflow/example_dags/example_dynamic_task_mapping_with_no_taskflow_operators.py
[2023-11-09T20:13:38.330-0500] {logging_mixin.py:154} INFO - [2023-11-09T20:13:38.330-0500] {dag.py:2941} INFO - Sync 1 DAGs
[2023-11-09T20:13:38.339-0500] {logging_mixin.py:154} INFO - [2023-11-09T20:13:38.339-0500] {dag.py:3722} INFO - Setting next_dagrun for example_dynamic_task_mapping_with_no_taskflow_operators to 2023-11-09T01:13:38.339626+00:00, run_after=2023-11-10T01:13:38.339626+00:00
[2023-11-09T20:13:38.349-0500] {processor.py:179} INFO - Processing /Users/az/anaconda3/envs/python38/lib/python3.8/site-packages/airflow/example_dags/example_dynamic_task_mapping_with_no_taskflow_operators.py took 0.146 seconds
[2023-11-09T20:15:37.371-0500] {processor.py:157} INFO - Started process (PID=56702) to work on /Users/az/anaconda3/envs/python38/lib/python3.8/site-packages/airflow/example_dags/example_dynamic_task_mapping_with_no_taskflow_operators.py
[2023-11-09T20:15:37.376-0500] {processor.py:829} INFO - Processing file /Users/az/anaconda3/envs/python38/lib/python3.8/site-packages/airflow/example_dags/example_dynamic_task_mapping_with_no_taskflow_operators.py for tasks to queue
[2023-11-09T20:15:37.376-0500] {logging_mixin.py:154} INFO - [2023-11-09T20:15:37.376-0500] {dagbag.py:536} INFO - Filling up the DagBag from /Users/az/anaconda3/envs/python38/lib/python3.8/site-packages/airflow/example_dags/example_dynamic_task_mapping_with_no_taskflow_operators.py
[2023-11-09T20:15:37.390-0500] {processor.py:839} INFO - DAG(s) dict_keys(['example_dynamic_task_mapping_with_no_taskflow_operators']) retrieved from /Users/az/anaconda3/envs/python38/lib/python3.8/site-packages/airflow/example_dags/example_dynamic_task_mapping_with_no_taskflow_operators.py
[2023-11-09T20:15:37.498-0500] {logging_mixin.py:154} INFO - [2023-11-09T20:15:37.497-0500] {dag.py:2941} INFO - Sync 1 DAGs
[2023-11-09T20:15:37.507-0500] {logging_mixin.py:154} INFO - [2023-11-09T20:15:37.507-0500] {dag.py:3722} INFO - Setting next_dagrun for example_dynamic_task_mapping_with_no_taskflow_operators to 2023-11-09T01:15:37.506940+00:00, run_after=2023-11-10T01:15:37.506940+00:00
[2023-11-09T20:15:37.517-0500] {processor.py:179} INFO - Processing /Users/az/anaconda3/envs/python38/lib/python3.8/site-packages/airflow/example_dags/example_dynamic_task_mapping_with_no_taskflow_operators.py took 0.146 seconds
[2023-11-09T20:17:36.876-0500] {processor.py:157} INFO - Started process (PID=56851) to work on /Users/az/anaconda3/envs/python38/lib/python3.8/site-packages/airflow/example_dags/example_dynamic_task_mapping_with_no_taskflow_operators.py
[2023-11-09T20:17:36.881-0500] {processor.py:829} INFO - Processing file /Users/az/anaconda3/envs/python38/lib/python3.8/site-packages/airflow/example_dags/example_dynamic_task_mapping_with_no_taskflow_operators.py for tasks to queue
[2023-11-09T20:17:36.881-0500] {logging_mixin.py:154} INFO - [2023-11-09T20:17:36.881-0500] {dagbag.py:536} INFO - Filling up the DagBag from /Users/az/anaconda3/envs/python38/lib/python3.8/site-packages/airflow/example_dags/example_dynamic_task_mapping_with_no_taskflow_operators.py
[2023-11-09T20:17:36.895-0500] {processor.py:839} INFO - DAG(s) dict_keys(['example_dynamic_task_mapping_with_no_taskflow_operators']) retrieved from /Users/az/anaconda3/envs/python38/lib/python3.8/site-packages/airflow/example_dags/example_dynamic_task_mapping_with_no_taskflow_operators.py
[2023-11-09T20:17:37.003-0500] {logging_mixin.py:154} INFO - [2023-11-09T20:17:37.002-0500] {dag.py:2941} INFO - Sync 1 DAGs
[2023-11-09T20:17:37.012-0500] {logging_mixin.py:154} INFO - [2023-11-09T20:17:37.011-0500] {dag.py:3722} INFO - Setting next_dagrun for example_dynamic_task_mapping_with_no_taskflow_operators to 2023-11-09T01:17:37.011825+00:00, run_after=2023-11-10T01:17:37.011825+00:00
[2023-11-09T20:17:37.021-0500] {processor.py:179} INFO - Processing /Users/az/anaconda3/envs/python38/lib/python3.8/site-packages/airflow/example_dags/example_dynamic_task_mapping_with_no_taskflow_operators.py took 0.146 seconds
[2023-11-09T20:19:35.480-0500] {processor.py:157} INFO - Started process (PID=57000) to work on /Users/az/anaconda3/envs/python38/lib/python3.8/site-packages/airflow/example_dags/example_dynamic_task_mapping_with_no_taskflow_operators.py
[2023-11-09T20:19:35.484-0500] {processor.py:829} INFO - Processing file /Users/az/anaconda3/envs/python38/lib/python3.8/site-packages/airflow/example_dags/example_dynamic_task_mapping_with_no_taskflow_operators.py for tasks to queue
[2023-11-09T20:19:35.485-0500] {logging_mixin.py:154} INFO - [2023-11-09T20:19:35.485-0500] {dagbag.py:536} INFO - Filling up the DagBag from /Users/az/anaconda3/envs/python38/lib/python3.8/site-packages/airflow/example_dags/example_dynamic_task_mapping_with_no_taskflow_operators.py
[2023-11-09T20:19:35.499-0500] {processor.py:839} INFO - DAG(s) dict_keys(['example_dynamic_task_mapping_with_no_taskflow_operators']) retrieved from /Users/az/anaconda3/envs/python38/lib/python3.8/site-packages/airflow/example_dags/example_dynamic_task_mapping_with_no_taskflow_operators.py
[2023-11-09T20:19:35.606-0500] {logging_mixin.py:154} INFO - [2023-11-09T20:19:35.606-0500] {dag.py:2941} INFO - Sync 1 DAGs
[2023-11-09T20:19:35.615-0500] {logging_mixin.py:154} INFO - [2023-11-09T20:19:35.615-0500] {dag.py:3722} INFO - Setting next_dagrun for example_dynamic_task_mapping_with_no_taskflow_operators to 2023-11-09T01:19:35.615231+00:00, run_after=2023-11-10T01:19:35.615231+00:00
[2023-11-09T20:19:35.625-0500] {processor.py:179} INFO - Processing /Users/az/anaconda3/envs/python38/lib/python3.8/site-packages/airflow/example_dags/example_dynamic_task_mapping_with_no_taskflow_operators.py took 0.146 seconds
[2023-11-09T20:21:36.913-0500] {processor.py:157} INFO - Started process (PID=57148) to work on /Users/az/anaconda3/envs/python38/lib/python3.8/site-packages/airflow/example_dags/example_dynamic_task_mapping_with_no_taskflow_operators.py
[2023-11-09T20:21:36.918-0500] {processor.py:829} INFO - Processing file /Users/az/anaconda3/envs/python38/lib/python3.8/site-packages/airflow/example_dags/example_dynamic_task_mapping_with_no_taskflow_operators.py for tasks to queue
[2023-11-09T20:21:36.918-0500] {logging_mixin.py:154} INFO - [2023-11-09T20:21:36.918-0500] {dagbag.py:536} INFO - Filling up the DagBag from /Users/az/anaconda3/envs/python38/lib/python3.8/site-packages/airflow/example_dags/example_dynamic_task_mapping_with_no_taskflow_operators.py
[2023-11-09T20:21:36.932-0500] {processor.py:839} INFO - DAG(s) dict_keys(['example_dynamic_task_mapping_with_no_taskflow_operators']) retrieved from /Users/az/anaconda3/envs/python38/lib/python3.8/site-packages/airflow/example_dags/example_dynamic_task_mapping_with_no_taskflow_operators.py
[2023-11-09T20:21:37.039-0500] {logging_mixin.py:154} INFO - [2023-11-09T20:21:37.039-0500] {dag.py:2941} INFO - Sync 1 DAGs
[2023-11-09T20:21:37.048-0500] {logging_mixin.py:154} INFO - [2023-11-09T20:21:37.048-0500] {dag.py:3722} INFO - Setting next_dagrun for example_dynamic_task_mapping_with_no_taskflow_operators to 2023-11-09T01:21:37.048275+00:00, run_after=2023-11-10T01:21:37.048275+00:00
[2023-11-09T20:21:37.058-0500] {processor.py:179} INFO - Processing /Users/az/anaconda3/envs/python38/lib/python3.8/site-packages/airflow/example_dags/example_dynamic_task_mapping_with_no_taskflow_operators.py took 0.145 seconds
[2023-11-09T20:23:34.207-0500] {processor.py:157} INFO - Started process (PID=57309) to work on /Users/az/anaconda3/envs/python38/lib/python3.8/site-packages/airflow/example_dags/example_dynamic_task_mapping_with_no_taskflow_operators.py
[2023-11-09T20:23:34.212-0500] {processor.py:829} INFO - Processing file /Users/az/anaconda3/envs/python38/lib/python3.8/site-packages/airflow/example_dags/example_dynamic_task_mapping_with_no_taskflow_operators.py for tasks to queue
[2023-11-09T20:23:34.212-0500] {logging_mixin.py:154} INFO - [2023-11-09T20:23:34.212-0500] {dagbag.py:536} INFO - Filling up the DagBag from /Users/az/anaconda3/envs/python38/lib/python3.8/site-packages/airflow/example_dags/example_dynamic_task_mapping_with_no_taskflow_operators.py
[2023-11-09T20:23:34.227-0500] {processor.py:839} INFO - DAG(s) dict_keys(['example_dynamic_task_mapping_with_no_taskflow_operators']) retrieved from /Users/az/anaconda3/envs/python38/lib/python3.8/site-packages/airflow/example_dags/example_dynamic_task_mapping_with_no_taskflow_operators.py
[2023-11-09T20:23:34.334-0500] {logging_mixin.py:154} INFO - [2023-11-09T20:23:34.334-0500] {dag.py:2941} INFO - Sync 1 DAGs
[2023-11-09T20:23:34.343-0500] {logging_mixin.py:154} INFO - [2023-11-09T20:23:34.343-0500] {dag.py:3722} INFO - Setting next_dagrun for example_dynamic_task_mapping_with_no_taskflow_operators to 2023-11-09T01:23:34.343174+00:00, run_after=2023-11-10T01:23:34.343174+00:00
[2023-11-09T20:23:34.353-0500] {processor.py:179} INFO - Processing /Users/az/anaconda3/envs/python38/lib/python3.8/site-packages/airflow/example_dags/example_dynamic_task_mapping_with_no_taskflow_operators.py took 0.146 seconds
[2023-11-09T20:25:33.439-0500] {processor.py:157} INFO - Started process (PID=57459) to work on /Users/az/anaconda3/envs/python38/lib/python3.8/site-packages/airflow/example_dags/example_dynamic_task_mapping_with_no_taskflow_operators.py
[2023-11-09T20:25:33.443-0500] {processor.py:829} INFO - Processing file /Users/az/anaconda3/envs/python38/lib/python3.8/site-packages/airflow/example_dags/example_dynamic_task_mapping_with_no_taskflow_operators.py for tasks to queue
[2023-11-09T20:25:33.443-0500] {logging_mixin.py:154} INFO - [2023-11-09T20:25:33.443-0500] {dagbag.py:536} INFO - Filling up the DagBag from /Users/az/anaconda3/envs/python38/lib/python3.8/site-packages/airflow/example_dags/example_dynamic_task_mapping_with_no_taskflow_operators.py
[2023-11-09T20:25:33.458-0500] {processor.py:839} INFO - DAG(s) dict_keys(['example_dynamic_task_mapping_with_no_taskflow_operators']) retrieved from /Users/az/anaconda3/envs/python38/lib/python3.8/site-packages/airflow/example_dags/example_dynamic_task_mapping_with_no_taskflow_operators.py
[2023-11-09T20:25:33.565-0500] {logging_mixin.py:154} INFO - [2023-11-09T20:25:33.565-0500] {dag.py:2941} INFO - Sync 1 DAGs
[2023-11-09T20:25:33.574-0500] {logging_mixin.py:154} INFO - [2023-11-09T20:25:33.574-0500] {dag.py:3722} INFO - Setting next_dagrun for example_dynamic_task_mapping_with_no_taskflow_operators to 2023-11-09T01:25:33.574581+00:00, run_after=2023-11-10T01:25:33.574581+00:00
[2023-11-09T20:25:33.584-0500] {processor.py:179} INFO - Processing /Users/az/anaconda3/envs/python38/lib/python3.8/site-packages/airflow/example_dags/example_dynamic_task_mapping_with_no_taskflow_operators.py took 0.146 seconds
[2023-11-09T20:46:10.289-0500] {processor.py:157} INFO - Started process (PID=57768) to work on /Users/az/anaconda3/envs/python38/lib/python3.8/site-packages/airflow/example_dags/example_dynamic_task_mapping_with_no_taskflow_operators.py
[2023-11-09T20:46:10.294-0500] {processor.py:829} INFO - Processing file /Users/az/anaconda3/envs/python38/lib/python3.8/site-packages/airflow/example_dags/example_dynamic_task_mapping_with_no_taskflow_operators.py for tasks to queue
[2023-11-09T20:46:10.294-0500] {logging_mixin.py:154} INFO - [2023-11-09T20:46:10.294-0500] {dagbag.py:536} INFO - Filling up the DagBag from /Users/az/anaconda3/envs/python38/lib/python3.8/site-packages/airflow/example_dags/example_dynamic_task_mapping_with_no_taskflow_operators.py
[2023-11-09T20:46:10.308-0500] {processor.py:839} INFO - DAG(s) dict_keys(['example_dynamic_task_mapping_with_no_taskflow_operators']) retrieved from /Users/az/anaconda3/envs/python38/lib/python3.8/site-packages/airflow/example_dags/example_dynamic_task_mapping_with_no_taskflow_operators.py
[2023-11-09T20:46:10.416-0500] {logging_mixin.py:154} INFO - [2023-11-09T20:46:10.416-0500] {dag.py:2941} INFO - Sync 1 DAGs
[2023-11-09T20:46:10.425-0500] {logging_mixin.py:154} INFO - [2023-11-09T20:46:10.425-0500] {dag.py:3722} INFO - Setting next_dagrun for example_dynamic_task_mapping_with_no_taskflow_operators to 2023-11-09T01:46:10.425372+00:00, run_after=2023-11-10T01:46:10.425372+00:00
[2023-11-09T20:46:10.435-0500] {processor.py:179} INFO - Processing /Users/az/anaconda3/envs/python38/lib/python3.8/site-packages/airflow/example_dags/example_dynamic_task_mapping_with_no_taskflow_operators.py took 0.147 seconds
[2023-11-09T20:48:08.931-0500] {processor.py:157} INFO - Started process (PID=57924) to work on /Users/az/anaconda3/envs/python38/lib/python3.8/site-packages/airflow/example_dags/example_dynamic_task_mapping_with_no_taskflow_operators.py
[2023-11-09T20:48:08.936-0500] {processor.py:829} INFO - Processing file /Users/az/anaconda3/envs/python38/lib/python3.8/site-packages/airflow/example_dags/example_dynamic_task_mapping_with_no_taskflow_operators.py for tasks to queue
[2023-11-09T20:48:08.936-0500] {logging_mixin.py:154} INFO - [2023-11-09T20:48:08.936-0500] {dagbag.py:536} INFO - Filling up the DagBag from /Users/az/anaconda3/envs/python38/lib/python3.8/site-packages/airflow/example_dags/example_dynamic_task_mapping_with_no_taskflow_operators.py
[2023-11-09T20:48:08.950-0500] {processor.py:839} INFO - DAG(s) dict_keys(['example_dynamic_task_mapping_with_no_taskflow_operators']) retrieved from /Users/az/anaconda3/envs/python38/lib/python3.8/site-packages/airflow/example_dags/example_dynamic_task_mapping_with_no_taskflow_operators.py
[2023-11-09T20:48:09.058-0500] {logging_mixin.py:154} INFO - [2023-11-09T20:48:09.058-0500] {dag.py:2941} INFO - Sync 1 DAGs
[2023-11-09T20:48:09.067-0500] {logging_mixin.py:154} INFO - [2023-11-09T20:48:09.067-0500] {dag.py:3722} INFO - Setting next_dagrun for example_dynamic_task_mapping_with_no_taskflow_operators to 2023-11-09T01:48:09.066972+00:00, run_after=2023-11-10T01:48:09.066972+00:00
[2023-11-09T20:48:09.077-0500] {processor.py:179} INFO - Processing /Users/az/anaconda3/envs/python38/lib/python3.8/site-packages/airflow/example_dags/example_dynamic_task_mapping_with_no_taskflow_operators.py took 0.146 seconds
[2023-11-09T20:50:06.333-0500] {processor.py:157} INFO - Started process (PID=58074) to work on /Users/az/anaconda3/envs/python38/lib/python3.8/site-packages/airflow/example_dags/example_dynamic_task_mapping_with_no_taskflow_operators.py
[2023-11-09T20:50:06.338-0500] {processor.py:829} INFO - Processing file /Users/az/anaconda3/envs/python38/lib/python3.8/site-packages/airflow/example_dags/example_dynamic_task_mapping_with_no_taskflow_operators.py for tasks to queue
[2023-11-09T20:50:06.338-0500] {logging_mixin.py:154} INFO - [2023-11-09T20:50:06.338-0500] {dagbag.py:536} INFO - Filling up the DagBag from /Users/az/anaconda3/envs/python38/lib/python3.8/site-packages/airflow/example_dags/example_dynamic_task_mapping_with_no_taskflow_operators.py
[2023-11-09T20:50:06.352-0500] {processor.py:839} INFO - DAG(s) dict_keys(['example_dynamic_task_mapping_with_no_taskflow_operators']) retrieved from /Users/az/anaconda3/envs/python38/lib/python3.8/site-packages/airflow/example_dags/example_dynamic_task_mapping_with_no_taskflow_operators.py
[2023-11-09T20:50:06.460-0500] {logging_mixin.py:154} INFO - [2023-11-09T20:50:06.460-0500] {dag.py:2941} INFO - Sync 1 DAGs
[2023-11-09T20:50:06.469-0500] {logging_mixin.py:154} INFO - [2023-11-09T20:50:06.469-0500] {dag.py:3722} INFO - Setting next_dagrun for example_dynamic_task_mapping_with_no_taskflow_operators to 2023-11-09T01:50:06.469455+00:00, run_after=2023-11-10T01:50:06.469455+00:00
[2023-11-09T20:50:06.479-0500] {processor.py:179} INFO - Processing /Users/az/anaconda3/envs/python38/lib/python3.8/site-packages/airflow/example_dags/example_dynamic_task_mapping_with_no_taskflow_operators.py took 0.146 seconds
[2023-11-09T20:52:13.232-0500] {processor.py:157} INFO - Started process (PID=58231) to work on /Users/az/anaconda3/envs/python38/lib/python3.8/site-packages/airflow/example_dags/example_dynamic_task_mapping_with_no_taskflow_operators.py
[2023-11-09T20:52:13.237-0500] {processor.py:829} INFO - Processing file /Users/az/anaconda3/envs/python38/lib/python3.8/site-packages/airflow/example_dags/example_dynamic_task_mapping_with_no_taskflow_operators.py for tasks to queue
[2023-11-09T20:52:13.237-0500] {logging_mixin.py:154} INFO - [2023-11-09T20:52:13.237-0500] {dagbag.py:536} INFO - Filling up the DagBag from /Users/az/anaconda3/envs/python38/lib/python3.8/site-packages/airflow/example_dags/example_dynamic_task_mapping_with_no_taskflow_operators.py
[2023-11-09T20:52:13.251-0500] {processor.py:839} INFO - DAG(s) dict_keys(['example_dynamic_task_mapping_with_no_taskflow_operators']) retrieved from /Users/az/anaconda3/envs/python38/lib/python3.8/site-packages/airflow/example_dags/example_dynamic_task_mapping_with_no_taskflow_operators.py
[2023-11-09T20:52:13.358-0500] {logging_mixin.py:154} INFO - [2023-11-09T20:52:13.358-0500] {dag.py:2941} INFO - Sync 1 DAGs
[2023-11-09T20:52:13.367-0500] {logging_mixin.py:154} INFO - [2023-11-09T20:52:13.367-0500] {dag.py:3722} INFO - Setting next_dagrun for example_dynamic_task_mapping_with_no_taskflow_operators to 2023-11-09T01:52:13.367083+00:00, run_after=2023-11-10T01:52:13.367083+00:00
[2023-11-09T20:52:13.377-0500] {processor.py:179} INFO - Processing /Users/az/anaconda3/envs/python38/lib/python3.8/site-packages/airflow/example_dags/example_dynamic_task_mapping_with_no_taskflow_operators.py took 0.145 seconds
[2023-11-09T20:54:26.377-0500] {processor.py:157} INFO - Started process (PID=58394) to work on /Users/az/anaconda3/envs/python38/lib/python3.8/site-packages/airflow/example_dags/example_dynamic_task_mapping_with_no_taskflow_operators.py
[2023-11-09T20:54:26.382-0500] {processor.py:829} INFO - Processing file /Users/az/anaconda3/envs/python38/lib/python3.8/site-packages/airflow/example_dags/example_dynamic_task_mapping_with_no_taskflow_operators.py for tasks to queue
[2023-11-09T20:54:26.382-0500] {logging_mixin.py:154} INFO - [2023-11-09T20:54:26.382-0500] {dagbag.py:536} INFO - Filling up the DagBag from /Users/az/anaconda3/envs/python38/lib/python3.8/site-packages/airflow/example_dags/example_dynamic_task_mapping_with_no_taskflow_operators.py
[2023-11-09T20:54:26.401-0500] {processor.py:839} INFO - DAG(s) dict_keys(['example_dynamic_task_mapping_with_no_taskflow_operators']) retrieved from /Users/az/anaconda3/envs/python38/lib/python3.8/site-packages/airflow/example_dags/example_dynamic_task_mapping_with_no_taskflow_operators.py
[2023-11-09T20:54:26.511-0500] {logging_mixin.py:154} INFO - [2023-11-09T20:54:26.511-0500] {dag.py:2941} INFO - Sync 1 DAGs
[2023-11-09T20:54:26.520-0500] {logging_mixin.py:154} INFO - [2023-11-09T20:54:26.520-0500] {dag.py:3722} INFO - Setting next_dagrun for example_dynamic_task_mapping_with_no_taskflow_operators to 2023-11-09T01:54:26.520141+00:00, run_after=2023-11-10T01:54:26.520141+00:00
[2023-11-09T20:54:26.530-0500] {processor.py:179} INFO - Processing /Users/az/anaconda3/envs/python38/lib/python3.8/site-packages/airflow/example_dags/example_dynamic_task_mapping_with_no_taskflow_operators.py took 0.153 seconds
[2023-11-09T20:56:40.115-0500] {processor.py:157} INFO - Started process (PID=58561) to work on /Users/az/anaconda3/envs/python38/lib/python3.8/site-packages/airflow/example_dags/example_dynamic_task_mapping_with_no_taskflow_operators.py
[2023-11-09T20:56:40.120-0500] {processor.py:829} INFO - Processing file /Users/az/anaconda3/envs/python38/lib/python3.8/site-packages/airflow/example_dags/example_dynamic_task_mapping_with_no_taskflow_operators.py for tasks to queue
[2023-11-09T20:56:40.120-0500] {logging_mixin.py:154} INFO - [2023-11-09T20:56:40.120-0500] {dagbag.py:536} INFO - Filling up the DagBag from /Users/az/anaconda3/envs/python38/lib/python3.8/site-packages/airflow/example_dags/example_dynamic_task_mapping_with_no_taskflow_operators.py
[2023-11-09T20:56:40.137-0500] {processor.py:839} INFO - DAG(s) dict_keys(['example_dynamic_task_mapping_with_no_taskflow_operators']) retrieved from /Users/az/anaconda3/envs/python38/lib/python3.8/site-packages/airflow/example_dags/example_dynamic_task_mapping_with_no_taskflow_operators.py
[2023-11-09T20:56:40.249-0500] {logging_mixin.py:154} INFO - [2023-11-09T20:56:40.249-0500] {dag.py:2941} INFO - Sync 1 DAGs
[2023-11-09T20:56:40.258-0500] {logging_mixin.py:154} INFO - [2023-11-09T20:56:40.258-0500] {dag.py:3722} INFO - Setting next_dagrun for example_dynamic_task_mapping_with_no_taskflow_operators to 2023-11-09T01:56:40.257951+00:00, run_after=2023-11-10T01:56:40.257951+00:00
[2023-11-09T20:56:40.267-0500] {processor.py:179} INFO - Processing /Users/az/anaconda3/envs/python38/lib/python3.8/site-packages/airflow/example_dags/example_dynamic_task_mapping_with_no_taskflow_operators.py took 0.153 seconds
[2023-11-09T20:58:49.530-0500] {processor.py:157} INFO - Started process (PID=58711) to work on /Users/az/anaconda3/envs/python38/lib/python3.8/site-packages/airflow/example_dags/example_dynamic_task_mapping_with_no_taskflow_operators.py
[2023-11-09T20:58:49.535-0500] {processor.py:829} INFO - Processing file /Users/az/anaconda3/envs/python38/lib/python3.8/site-packages/airflow/example_dags/example_dynamic_task_mapping_with_no_taskflow_operators.py for tasks to queue
[2023-11-09T20:58:49.535-0500] {logging_mixin.py:154} INFO - [2023-11-09T20:58:49.535-0500] {dagbag.py:536} INFO - Filling up the DagBag from /Users/az/anaconda3/envs/python38/lib/python3.8/site-packages/airflow/example_dags/example_dynamic_task_mapping_with_no_taskflow_operators.py
[2023-11-09T20:58:49.549-0500] {processor.py:839} INFO - DAG(s) dict_keys(['example_dynamic_task_mapping_with_no_taskflow_operators']) retrieved from /Users/az/anaconda3/envs/python38/lib/python3.8/site-packages/airflow/example_dags/example_dynamic_task_mapping_with_no_taskflow_operators.py
[2023-11-09T20:58:49.661-0500] {logging_mixin.py:154} INFO - [2023-11-09T20:58:49.661-0500] {dag.py:2941} INFO - Sync 1 DAGs
[2023-11-09T20:58:49.683-0500] {logging_mixin.py:154} INFO - [2023-11-09T20:58:49.682-0500] {dag.py:3722} INFO - Setting next_dagrun for example_dynamic_task_mapping_with_no_taskflow_operators to 2023-11-09T01:58:49.682831+00:00, run_after=2023-11-10T01:58:49.682831+00:00
[2023-11-09T20:58:49.693-0500] {processor.py:179} INFO - Processing /Users/az/anaconda3/envs/python38/lib/python3.8/site-packages/airflow/example_dags/example_dynamic_task_mapping_with_no_taskflow_operators.py took 0.163 seconds
[2023-11-09T21:01:03.406-0500] {processor.py:157} INFO - Started process (PID=58895) to work on /Users/az/anaconda3/envs/python38/lib/python3.8/site-packages/airflow/example_dags/example_dynamic_task_mapping_with_no_taskflow_operators.py
[2023-11-09T21:01:03.411-0500] {processor.py:829} INFO - Processing file /Users/az/anaconda3/envs/python38/lib/python3.8/site-packages/airflow/example_dags/example_dynamic_task_mapping_with_no_taskflow_operators.py for tasks to queue
[2023-11-09T21:01:03.412-0500] {logging_mixin.py:154} INFO - [2023-11-09T21:01:03.411-0500] {dagbag.py:536} INFO - Filling up the DagBag from /Users/az/anaconda3/envs/python38/lib/python3.8/site-packages/airflow/example_dags/example_dynamic_task_mapping_with_no_taskflow_operators.py
[2023-11-09T21:01:03.426-0500] {processor.py:839} INFO - DAG(s) dict_keys(['example_dynamic_task_mapping_with_no_taskflow_operators']) retrieved from /Users/az/anaconda3/envs/python38/lib/python3.8/site-packages/airflow/example_dags/example_dynamic_task_mapping_with_no_taskflow_operators.py
[2023-11-09T21:01:03.533-0500] {logging_mixin.py:154} INFO - [2023-11-09T21:01:03.533-0500] {dag.py:2941} INFO - Sync 1 DAGs
[2023-11-09T21:01:03.542-0500] {logging_mixin.py:154} INFO - [2023-11-09T21:01:03.542-0500] {dag.py:3722} INFO - Setting next_dagrun for example_dynamic_task_mapping_with_no_taskflow_operators to 2023-11-09T02:01:03.542370+00:00, run_after=2023-11-10T02:01:03.542370+00:00
[2023-11-09T21:01:03.552-0500] {processor.py:179} INFO - Processing /Users/az/anaconda3/envs/python38/lib/python3.8/site-packages/airflow/example_dags/example_dynamic_task_mapping_with_no_taskflow_operators.py took 0.146 seconds
[2023-11-09T21:03:10.104-0500] {processor.py:157} INFO - Started process (PID=59057) to work on /Users/az/anaconda3/envs/python38/lib/python3.8/site-packages/airflow/example_dags/example_dynamic_task_mapping_with_no_taskflow_operators.py
[2023-11-09T21:03:10.108-0500] {processor.py:829} INFO - Processing file /Users/az/anaconda3/envs/python38/lib/python3.8/site-packages/airflow/example_dags/example_dynamic_task_mapping_with_no_taskflow_operators.py for tasks to queue
[2023-11-09T21:03:10.108-0500] {logging_mixin.py:154} INFO - [2023-11-09T21:03:10.108-0500] {dagbag.py:536} INFO - Filling up the DagBag from /Users/az/anaconda3/envs/python38/lib/python3.8/site-packages/airflow/example_dags/example_dynamic_task_mapping_with_no_taskflow_operators.py
[2023-11-09T21:03:10.123-0500] {processor.py:839} INFO - DAG(s) dict_keys(['example_dynamic_task_mapping_with_no_taskflow_operators']) retrieved from /Users/az/anaconda3/envs/python38/lib/python3.8/site-packages/airflow/example_dags/example_dynamic_task_mapping_with_no_taskflow_operators.py
[2023-11-09T21:03:10.229-0500] {logging_mixin.py:154} INFO - [2023-11-09T21:03:10.229-0500] {dag.py:2941} INFO - Sync 1 DAGs
[2023-11-09T21:03:10.238-0500] {logging_mixin.py:154} INFO - [2023-11-09T21:03:10.238-0500] {dag.py:3722} INFO - Setting next_dagrun for example_dynamic_task_mapping_with_no_taskflow_operators to 2023-11-09T02:03:10.238654+00:00, run_after=2023-11-10T02:03:10.238654+00:00
[2023-11-09T21:03:10.248-0500] {processor.py:179} INFO - Processing /Users/az/anaconda3/envs/python38/lib/python3.8/site-packages/airflow/example_dags/example_dynamic_task_mapping_with_no_taskflow_operators.py took 0.145 seconds
[2023-11-09T21:05:10.355-0500] {processor.py:157} INFO - Started process (PID=59233) to work on /Users/az/anaconda3/envs/python38/lib/python3.8/site-packages/airflow/example_dags/example_dynamic_task_mapping_with_no_taskflow_operators.py
[2023-11-09T21:05:10.360-0500] {processor.py:829} INFO - Processing file /Users/az/anaconda3/envs/python38/lib/python3.8/site-packages/airflow/example_dags/example_dynamic_task_mapping_with_no_taskflow_operators.py for tasks to queue
[2023-11-09T21:05:10.361-0500] {logging_mixin.py:154} INFO - [2023-11-09T21:05:10.360-0500] {dagbag.py:536} INFO - Filling up the DagBag from /Users/az/anaconda3/envs/python38/lib/python3.8/site-packages/airflow/example_dags/example_dynamic_task_mapping_with_no_taskflow_operators.py
[2023-11-09T21:05:10.375-0500] {processor.py:839} INFO - DAG(s) dict_keys(['example_dynamic_task_mapping_with_no_taskflow_operators']) retrieved from /Users/az/anaconda3/envs/python38/lib/python3.8/site-packages/airflow/example_dags/example_dynamic_task_mapping_with_no_taskflow_operators.py
[2023-11-09T21:05:10.485-0500] {logging_mixin.py:154} INFO - [2023-11-09T21:05:10.484-0500] {dag.py:2941} INFO - Sync 1 DAGs
[2023-11-09T21:05:10.494-0500] {logging_mixin.py:154} INFO - [2023-11-09T21:05:10.494-0500] {dag.py:3722} INFO - Setting next_dagrun for example_dynamic_task_mapping_with_no_taskflow_operators to 2023-11-09T02:05:10.494038+00:00, run_after=2023-11-10T02:05:10.494038+00:00
[2023-11-09T21:05:10.503-0500] {processor.py:179} INFO - Processing /Users/az/anaconda3/envs/python38/lib/python3.8/site-packages/airflow/example_dags/example_dynamic_task_mapping_with_no_taskflow_operators.py took 0.149 seconds
[2023-11-09T21:07:13.601-0500] {processor.py:157} INFO - Started process (PID=59389) to work on /Users/az/anaconda3/envs/python38/lib/python3.8/site-packages/airflow/example_dags/example_dynamic_task_mapping_with_no_taskflow_operators.py
[2023-11-09T21:07:13.605-0500] {processor.py:829} INFO - Processing file /Users/az/anaconda3/envs/python38/lib/python3.8/site-packages/airflow/example_dags/example_dynamic_task_mapping_with_no_taskflow_operators.py for tasks to queue
[2023-11-09T21:07:13.606-0500] {logging_mixin.py:154} INFO - [2023-11-09T21:07:13.606-0500] {dagbag.py:536} INFO - Filling up the DagBag from /Users/az/anaconda3/envs/python38/lib/python3.8/site-packages/airflow/example_dags/example_dynamic_task_mapping_with_no_taskflow_operators.py
[2023-11-09T21:07:13.620-0500] {processor.py:839} INFO - DAG(s) dict_keys(['example_dynamic_task_mapping_with_no_taskflow_operators']) retrieved from /Users/az/anaconda3/envs/python38/lib/python3.8/site-packages/airflow/example_dags/example_dynamic_task_mapping_with_no_taskflow_operators.py
[2023-11-09T21:07:13.727-0500] {logging_mixin.py:154} INFO - [2023-11-09T21:07:13.726-0500] {dag.py:2941} INFO - Sync 1 DAGs
[2023-11-09T21:07:13.736-0500] {logging_mixin.py:154} INFO - [2023-11-09T21:07:13.736-0500] {dag.py:3722} INFO - Setting next_dagrun for example_dynamic_task_mapping_with_no_taskflow_operators to 2023-11-09T02:07:13.735931+00:00, run_after=2023-11-10T02:07:13.735931+00:00
[2023-11-09T21:07:13.746-0500] {processor.py:179} INFO - Processing /Users/az/anaconda3/envs/python38/lib/python3.8/site-packages/airflow/example_dags/example_dynamic_task_mapping_with_no_taskflow_operators.py took 0.145 seconds
[2023-11-09T21:09:10.674-0500] {processor.py:157} INFO - Started process (PID=59537) to work on /Users/az/anaconda3/envs/python38/lib/python3.8/site-packages/airflow/example_dags/example_dynamic_task_mapping_with_no_taskflow_operators.py
[2023-11-09T21:09:10.679-0500] {processor.py:829} INFO - Processing file /Users/az/anaconda3/envs/python38/lib/python3.8/site-packages/airflow/example_dags/example_dynamic_task_mapping_with_no_taskflow_operators.py for tasks to queue
[2023-11-09T21:09:10.679-0500] {logging_mixin.py:154} INFO - [2023-11-09T21:09:10.679-0500] {dagbag.py:536} INFO - Filling up the DagBag from /Users/az/anaconda3/envs/python38/lib/python3.8/site-packages/airflow/example_dags/example_dynamic_task_mapping_with_no_taskflow_operators.py
[2023-11-09T21:09:10.694-0500] {processor.py:839} INFO - DAG(s) dict_keys(['example_dynamic_task_mapping_with_no_taskflow_operators']) retrieved from /Users/az/anaconda3/envs/python38/lib/python3.8/site-packages/airflow/example_dags/example_dynamic_task_mapping_with_no_taskflow_operators.py
[2023-11-09T21:09:10.803-0500] {logging_mixin.py:154} INFO - [2023-11-09T21:09:10.803-0500] {dag.py:2941} INFO - Sync 1 DAGs
[2023-11-09T21:09:10.812-0500] {logging_mixin.py:154} INFO - [2023-11-09T21:09:10.812-0500] {dag.py:3722} INFO - Setting next_dagrun for example_dynamic_task_mapping_with_no_taskflow_operators to 2023-11-09T02:09:10.812338+00:00, run_after=2023-11-10T02:09:10.812338+00:00
[2023-11-09T21:09:10.824-0500] {processor.py:179} INFO - Processing /Users/az/anaconda3/envs/python38/lib/python3.8/site-packages/airflow/example_dags/example_dynamic_task_mapping_with_no_taskflow_operators.py took 0.150 seconds
[2023-11-09T21:11:12.851-0500] {processor.py:157} INFO - Started process (PID=59700) to work on /Users/az/anaconda3/envs/python38/lib/python3.8/site-packages/airflow/example_dags/example_dynamic_task_mapping_with_no_taskflow_operators.py
[2023-11-09T21:11:12.855-0500] {processor.py:829} INFO - Processing file /Users/az/anaconda3/envs/python38/lib/python3.8/site-packages/airflow/example_dags/example_dynamic_task_mapping_with_no_taskflow_operators.py for tasks to queue
[2023-11-09T21:11:12.855-0500] {logging_mixin.py:154} INFO - [2023-11-09T21:11:12.855-0500] {dagbag.py:536} INFO - Filling up the DagBag from /Users/az/anaconda3/envs/python38/lib/python3.8/site-packages/airflow/example_dags/example_dynamic_task_mapping_with_no_taskflow_operators.py
[2023-11-09T21:11:12.870-0500] {processor.py:839} INFO - DAG(s) dict_keys(['example_dynamic_task_mapping_with_no_taskflow_operators']) retrieved from /Users/az/anaconda3/envs/python38/lib/python3.8/site-packages/airflow/example_dags/example_dynamic_task_mapping_with_no_taskflow_operators.py
[2023-11-09T21:11:12.978-0500] {logging_mixin.py:154} INFO - [2023-11-09T21:11:12.978-0500] {dag.py:2941} INFO - Sync 1 DAGs
[2023-11-09T21:11:12.987-0500] {logging_mixin.py:154} INFO - [2023-11-09T21:11:12.987-0500] {dag.py:3722} INFO - Setting next_dagrun for example_dynamic_task_mapping_with_no_taskflow_operators to 2023-11-09T02:11:12.987241+00:00, run_after=2023-11-10T02:11:12.987241+00:00
[2023-11-09T21:11:12.997-0500] {processor.py:179} INFO - Processing /Users/az/anaconda3/envs/python38/lib/python3.8/site-packages/airflow/example_dags/example_dynamic_task_mapping_with_no_taskflow_operators.py took 0.147 seconds
[2023-11-09T21:13:11.648-0500] {processor.py:157} INFO - Started process (PID=59847) to work on /Users/az/anaconda3/envs/python38/lib/python3.8/site-packages/airflow/example_dags/example_dynamic_task_mapping_with_no_taskflow_operators.py
[2023-11-09T21:13:11.652-0500] {processor.py:829} INFO - Processing file /Users/az/anaconda3/envs/python38/lib/python3.8/site-packages/airflow/example_dags/example_dynamic_task_mapping_with_no_taskflow_operators.py for tasks to queue
[2023-11-09T21:13:11.652-0500] {logging_mixin.py:154} INFO - [2023-11-09T21:13:11.652-0500] {dagbag.py:536} INFO - Filling up the DagBag from /Users/az/anaconda3/envs/python38/lib/python3.8/site-packages/airflow/example_dags/example_dynamic_task_mapping_with_no_taskflow_operators.py
[2023-11-09T21:13:11.667-0500] {processor.py:839} INFO - DAG(s) dict_keys(['example_dynamic_task_mapping_with_no_taskflow_operators']) retrieved from /Users/az/anaconda3/envs/python38/lib/python3.8/site-packages/airflow/example_dags/example_dynamic_task_mapping_with_no_taskflow_operators.py
[2023-11-09T21:13:11.774-0500] {logging_mixin.py:154} INFO - [2023-11-09T21:13:11.774-0500] {dag.py:2941} INFO - Sync 1 DAGs
[2023-11-09T21:13:11.783-0500] {logging_mixin.py:154} INFO - [2023-11-09T21:13:11.783-0500] {dag.py:3722} INFO - Setting next_dagrun for example_dynamic_task_mapping_with_no_taskflow_operators to 2023-11-09T02:13:11.783679+00:00, run_after=2023-11-10T02:13:11.783679+00:00
[2023-11-09T21:13:11.794-0500] {processor.py:179} INFO - Processing /Users/az/anaconda3/envs/python38/lib/python3.8/site-packages/airflow/example_dags/example_dynamic_task_mapping_with_no_taskflow_operators.py took 0.146 seconds
