[2023-11-09T19:01:20.517-0500] {processor.py:157} INFO - Started process (PID=48861) to work on /Users/az/anaconda3/envs/python38/lib/python3.8/site-packages/airflow/example_dags/example_latest_only_with_trigger.py
[2023-11-09T19:01:20.521-0500] {processor.py:829} INFO - Processing file /Users/az/anaconda3/envs/python38/lib/python3.8/site-packages/airflow/example_dags/example_latest_only_with_trigger.py for tasks to queue
[2023-11-09T19:01:20.522-0500] {logging_mixin.py:154} INFO - [2023-11-09T19:01:20.521-0500] {dagbag.py:536} INFO - Filling up the DagBag from /Users/az/anaconda3/envs/python38/lib/python3.8/site-packages/airflow/example_dags/example_latest_only_with_trigger.py
[2023-11-09T19:01:20.537-0500] {processor.py:839} INFO - DAG(s) dict_keys(['latest_only_with_trigger']) retrieved from /Users/az/anaconda3/envs/python38/lib/python3.8/site-packages/airflow/example_dags/example_latest_only_with_trigger.py
[2023-11-09T19:01:20.645-0500] {logging_mixin.py:154} INFO - [2023-11-09T19:01:20.645-0500] {dag.py:2941} INFO - Sync 1 DAGs
[2023-11-09T19:01:20.654-0500] {logging_mixin.py:154} INFO - [2023-11-09T19:01:20.654-0500] {dag.py:3722} INFO - Setting next_dagrun for latest_only_with_trigger to 2023-11-09T20:01:20.653946+00:00, run_after=2023-11-10T00:01:20.653946+00:00
[2023-11-09T19:01:20.664-0500] {processor.py:179} INFO - Processing /Users/az/anaconda3/envs/python38/lib/python3.8/site-packages/airflow/example_dags/example_latest_only_with_trigger.py took 0.147 seconds
[2023-11-09T19:03:28.376-0500] {processor.py:157} INFO - Started process (PID=49020) to work on /Users/az/anaconda3/envs/python38/lib/python3.8/site-packages/airflow/example_dags/example_latest_only_with_trigger.py
[2023-11-09T19:03:28.380-0500] {processor.py:829} INFO - Processing file /Users/az/anaconda3/envs/python38/lib/python3.8/site-packages/airflow/example_dags/example_latest_only_with_trigger.py for tasks to queue
[2023-11-09T19:03:28.380-0500] {logging_mixin.py:154} INFO - [2023-11-09T19:03:28.380-0500] {dagbag.py:536} INFO - Filling up the DagBag from /Users/az/anaconda3/envs/python38/lib/python3.8/site-packages/airflow/example_dags/example_latest_only_with_trigger.py
[2023-11-09T19:03:28.395-0500] {processor.py:839} INFO - DAG(s) dict_keys(['latest_only_with_trigger']) retrieved from /Users/az/anaconda3/envs/python38/lib/python3.8/site-packages/airflow/example_dags/example_latest_only_with_trigger.py
[2023-11-09T19:03:28.503-0500] {logging_mixin.py:154} INFO - [2023-11-09T19:03:28.503-0500] {dag.py:2941} INFO - Sync 1 DAGs
[2023-11-09T19:03:28.512-0500] {logging_mixin.py:154} INFO - [2023-11-09T19:03:28.512-0500] {dag.py:3722} INFO - Setting next_dagrun for latest_only_with_trigger to 2023-11-09T20:03:28.512216+00:00, run_after=2023-11-10T00:03:28.512216+00:00
[2023-11-09T19:03:28.522-0500] {processor.py:179} INFO - Processing /Users/az/anaconda3/envs/python38/lib/python3.8/site-packages/airflow/example_dags/example_latest_only_with_trigger.py took 0.147 seconds
[2023-11-09T19:05:29.586-0500] {processor.py:157} INFO - Started process (PID=49173) to work on /Users/az/anaconda3/envs/python38/lib/python3.8/site-packages/airflow/example_dags/example_latest_only_with_trigger.py
[2023-11-09T19:05:29.591-0500] {processor.py:829} INFO - Processing file /Users/az/anaconda3/envs/python38/lib/python3.8/site-packages/airflow/example_dags/example_latest_only_with_trigger.py for tasks to queue
[2023-11-09T19:05:29.591-0500] {logging_mixin.py:154} INFO - [2023-11-09T19:05:29.591-0500] {dagbag.py:536} INFO - Filling up the DagBag from /Users/az/anaconda3/envs/python38/lib/python3.8/site-packages/airflow/example_dags/example_latest_only_with_trigger.py
[2023-11-09T19:05:29.606-0500] {processor.py:839} INFO - DAG(s) dict_keys(['latest_only_with_trigger']) retrieved from /Users/az/anaconda3/envs/python38/lib/python3.8/site-packages/airflow/example_dags/example_latest_only_with_trigger.py
[2023-11-09T19:05:29.714-0500] {logging_mixin.py:154} INFO - [2023-11-09T19:05:29.713-0500] {dag.py:2941} INFO - Sync 1 DAGs
[2023-11-09T19:05:29.723-0500] {logging_mixin.py:154} INFO - [2023-11-09T19:05:29.722-0500] {dag.py:3722} INFO - Setting next_dagrun for latest_only_with_trigger to 2023-11-09T20:05:29.722845+00:00, run_after=2023-11-10T00:05:29.722845+00:00
[2023-11-09T19:05:29.733-0500] {processor.py:179} INFO - Processing /Users/az/anaconda3/envs/python38/lib/python3.8/site-packages/airflow/example_dags/example_latest_only_with_trigger.py took 0.147 seconds
[2023-11-09T19:07:29.527-0500] {processor.py:157} INFO - Started process (PID=49320) to work on /Users/az/anaconda3/envs/python38/lib/python3.8/site-packages/airflow/example_dags/example_latest_only_with_trigger.py
[2023-11-09T19:07:29.531-0500] {processor.py:829} INFO - Processing file /Users/az/anaconda3/envs/python38/lib/python3.8/site-packages/airflow/example_dags/example_latest_only_with_trigger.py for tasks to queue
[2023-11-09T19:07:29.532-0500] {logging_mixin.py:154} INFO - [2023-11-09T19:07:29.532-0500] {dagbag.py:536} INFO - Filling up the DagBag from /Users/az/anaconda3/envs/python38/lib/python3.8/site-packages/airflow/example_dags/example_latest_only_with_trigger.py
[2023-11-09T19:07:29.547-0500] {processor.py:839} INFO - DAG(s) dict_keys(['latest_only_with_trigger']) retrieved from /Users/az/anaconda3/envs/python38/lib/python3.8/site-packages/airflow/example_dags/example_latest_only_with_trigger.py
[2023-11-09T19:07:29.654-0500] {logging_mixin.py:154} INFO - [2023-11-09T19:07:29.654-0500] {dag.py:2941} INFO - Sync 1 DAGs
[2023-11-09T19:07:29.664-0500] {logging_mixin.py:154} INFO - [2023-11-09T19:07:29.663-0500] {dag.py:3722} INFO - Setting next_dagrun for latest_only_with_trigger to 2023-11-09T20:07:29.663848+00:00, run_after=2023-11-10T00:07:29.663848+00:00
[2023-11-09T19:07:29.674-0500] {processor.py:179} INFO - Processing /Users/az/anaconda3/envs/python38/lib/python3.8/site-packages/airflow/example_dags/example_latest_only_with_trigger.py took 0.148 seconds
[2023-11-09T19:09:30.358-0500] {processor.py:157} INFO - Started process (PID=49466) to work on /Users/az/anaconda3/envs/python38/lib/python3.8/site-packages/airflow/example_dags/example_latest_only_with_trigger.py
[2023-11-09T19:09:30.363-0500] {processor.py:829} INFO - Processing file /Users/az/anaconda3/envs/python38/lib/python3.8/site-packages/airflow/example_dags/example_latest_only_with_trigger.py for tasks to queue
[2023-11-09T19:09:30.363-0500] {logging_mixin.py:154} INFO - [2023-11-09T19:09:30.363-0500] {dagbag.py:536} INFO - Filling up the DagBag from /Users/az/anaconda3/envs/python38/lib/python3.8/site-packages/airflow/example_dags/example_latest_only_with_trigger.py
[2023-11-09T19:09:30.379-0500] {processor.py:839} INFO - DAG(s) dict_keys(['latest_only_with_trigger']) retrieved from /Users/az/anaconda3/envs/python38/lib/python3.8/site-packages/airflow/example_dags/example_latest_only_with_trigger.py
[2023-11-09T19:09:30.489-0500] {logging_mixin.py:154} INFO - [2023-11-09T19:09:30.489-0500] {dag.py:2941} INFO - Sync 1 DAGs
[2023-11-09T19:09:30.498-0500] {logging_mixin.py:154} INFO - [2023-11-09T19:09:30.498-0500] {dag.py:3722} INFO - Setting next_dagrun for latest_only_with_trigger to 2023-11-09T20:09:30.498247+00:00, run_after=2023-11-10T00:09:30.498247+00:00
[2023-11-09T19:09:30.508-0500] {processor.py:179} INFO - Processing /Users/az/anaconda3/envs/python38/lib/python3.8/site-packages/airflow/example_dags/example_latest_only_with_trigger.py took 0.151 seconds
[2023-11-09T19:11:34.861-0500] {processor.py:157} INFO - Started process (PID=49625) to work on /Users/az/anaconda3/envs/python38/lib/python3.8/site-packages/airflow/example_dags/example_latest_only_with_trigger.py
[2023-11-09T19:11:34.865-0500] {processor.py:829} INFO - Processing file /Users/az/anaconda3/envs/python38/lib/python3.8/site-packages/airflow/example_dags/example_latest_only_with_trigger.py for tasks to queue
[2023-11-09T19:11:34.865-0500] {logging_mixin.py:154} INFO - [2023-11-09T19:11:34.865-0500] {dagbag.py:536} INFO - Filling up the DagBag from /Users/az/anaconda3/envs/python38/lib/python3.8/site-packages/airflow/example_dags/example_latest_only_with_trigger.py
[2023-11-09T19:11:34.880-0500] {processor.py:839} INFO - DAG(s) dict_keys(['latest_only_with_trigger']) retrieved from /Users/az/anaconda3/envs/python38/lib/python3.8/site-packages/airflow/example_dags/example_latest_only_with_trigger.py
[2023-11-09T19:11:34.989-0500] {logging_mixin.py:154} INFO - [2023-11-09T19:11:34.989-0500] {dag.py:2941} INFO - Sync 1 DAGs
[2023-11-09T19:11:34.998-0500] {logging_mixin.py:154} INFO - [2023-11-09T19:11:34.998-0500] {dag.py:3722} INFO - Setting next_dagrun for latest_only_with_trigger to 2023-11-09T20:11:34.998281+00:00, run_after=2023-11-10T00:11:34.998281+00:00
[2023-11-09T19:11:35.008-0500] {processor.py:179} INFO - Processing /Users/az/anaconda3/envs/python38/lib/python3.8/site-packages/airflow/example_dags/example_latest_only_with_trigger.py took 0.148 seconds
[2023-11-09T19:13:28.379-0500] {processor.py:157} INFO - Started process (PID=49775) to work on /Users/az/anaconda3/envs/python38/lib/python3.8/site-packages/airflow/example_dags/example_latest_only_with_trigger.py
[2023-11-09T19:13:28.384-0500] {processor.py:829} INFO - Processing file /Users/az/anaconda3/envs/python38/lib/python3.8/site-packages/airflow/example_dags/example_latest_only_with_trigger.py for tasks to queue
[2023-11-09T19:13:28.385-0500] {logging_mixin.py:154} INFO - [2023-11-09T19:13:28.384-0500] {dagbag.py:536} INFO - Filling up the DagBag from /Users/az/anaconda3/envs/python38/lib/python3.8/site-packages/airflow/example_dags/example_latest_only_with_trigger.py
[2023-11-09T19:13:28.400-0500] {processor.py:839} INFO - DAG(s) dict_keys(['latest_only_with_trigger']) retrieved from /Users/az/anaconda3/envs/python38/lib/python3.8/site-packages/airflow/example_dags/example_latest_only_with_trigger.py
[2023-11-09T19:13:28.507-0500] {logging_mixin.py:154} INFO - [2023-11-09T19:13:28.507-0500] {dag.py:2941} INFO - Sync 1 DAGs
[2023-11-09T19:13:28.516-0500] {logging_mixin.py:154} INFO - [2023-11-09T19:13:28.516-0500] {dag.py:3722} INFO - Setting next_dagrun for latest_only_with_trigger to 2023-11-09T20:13:28.516147+00:00, run_after=2023-11-10T00:13:28.516147+00:00
[2023-11-09T19:13:28.526-0500] {processor.py:179} INFO - Processing /Users/az/anaconda3/envs/python38/lib/python3.8/site-packages/airflow/example_dags/example_latest_only_with_trigger.py took 0.147 seconds
[2023-11-09T19:15:25.390-0500] {processor.py:157} INFO - Started process (PID=49919) to work on /Users/az/anaconda3/envs/python38/lib/python3.8/site-packages/airflow/example_dags/example_latest_only_with_trigger.py
[2023-11-09T19:15:25.395-0500] {processor.py:829} INFO - Processing file /Users/az/anaconda3/envs/python38/lib/python3.8/site-packages/airflow/example_dags/example_latest_only_with_trigger.py for tasks to queue
[2023-11-09T19:15:25.395-0500] {logging_mixin.py:154} INFO - [2023-11-09T19:15:25.395-0500] {dagbag.py:536} INFO - Filling up the DagBag from /Users/az/anaconda3/envs/python38/lib/python3.8/site-packages/airflow/example_dags/example_latest_only_with_trigger.py
[2023-11-09T19:15:25.410-0500] {processor.py:839} INFO - DAG(s) dict_keys(['latest_only_with_trigger']) retrieved from /Users/az/anaconda3/envs/python38/lib/python3.8/site-packages/airflow/example_dags/example_latest_only_with_trigger.py
[2023-11-09T19:15:25.517-0500] {logging_mixin.py:154} INFO - [2023-11-09T19:15:25.517-0500] {dag.py:2941} INFO - Sync 1 DAGs
[2023-11-09T19:15:25.526-0500] {logging_mixin.py:154} INFO - [2023-11-09T19:15:25.526-0500] {dag.py:3722} INFO - Setting next_dagrun for latest_only_with_trigger to 2023-11-09T20:15:25.526478+00:00, run_after=2023-11-10T00:15:25.526478+00:00
[2023-11-09T19:15:25.536-0500] {processor.py:179} INFO - Processing /Users/az/anaconda3/envs/python38/lib/python3.8/site-packages/airflow/example_dags/example_latest_only_with_trigger.py took 0.147 seconds
[2023-11-09T19:17:32.776-0500] {processor.py:157} INFO - Started process (PID=50073) to work on /Users/az/anaconda3/envs/python38/lib/python3.8/site-packages/airflow/example_dags/example_latest_only_with_trigger.py
[2023-11-09T19:17:32.781-0500] {processor.py:829} INFO - Processing file /Users/az/anaconda3/envs/python38/lib/python3.8/site-packages/airflow/example_dags/example_latest_only_with_trigger.py for tasks to queue
[2023-11-09T19:17:32.781-0500] {logging_mixin.py:154} INFO - [2023-11-09T19:17:32.781-0500] {dagbag.py:536} INFO - Filling up the DagBag from /Users/az/anaconda3/envs/python38/lib/python3.8/site-packages/airflow/example_dags/example_latest_only_with_trigger.py
[2023-11-09T19:17:32.796-0500] {processor.py:839} INFO - DAG(s) dict_keys(['latest_only_with_trigger']) retrieved from /Users/az/anaconda3/envs/python38/lib/python3.8/site-packages/airflow/example_dags/example_latest_only_with_trigger.py
[2023-11-09T19:17:32.904-0500] {logging_mixin.py:154} INFO - [2023-11-09T19:17:32.904-0500] {dag.py:2941} INFO - Sync 1 DAGs
[2023-11-09T19:17:32.913-0500] {logging_mixin.py:154} INFO - [2023-11-09T19:17:32.913-0500] {dag.py:3722} INFO - Setting next_dagrun for latest_only_with_trigger to 2023-11-09T20:17:32.913207+00:00, run_after=2023-11-10T00:17:32.913207+00:00
[2023-11-09T19:17:32.924-0500] {processor.py:179} INFO - Processing /Users/az/anaconda3/envs/python38/lib/python3.8/site-packages/airflow/example_dags/example_latest_only_with_trigger.py took 0.148 seconds
[2023-11-09T19:19:42.678-0500] {processor.py:157} INFO - Started process (PID=50233) to work on /Users/az/anaconda3/envs/python38/lib/python3.8/site-packages/airflow/example_dags/example_latest_only_with_trigger.py
[2023-11-09T19:19:42.682-0500] {processor.py:829} INFO - Processing file /Users/az/anaconda3/envs/python38/lib/python3.8/site-packages/airflow/example_dags/example_latest_only_with_trigger.py for tasks to queue
[2023-11-09T19:19:42.683-0500] {logging_mixin.py:154} INFO - [2023-11-09T19:19:42.683-0500] {dagbag.py:536} INFO - Filling up the DagBag from /Users/az/anaconda3/envs/python38/lib/python3.8/site-packages/airflow/example_dags/example_latest_only_with_trigger.py
[2023-11-09T19:19:42.698-0500] {processor.py:839} INFO - DAG(s) dict_keys(['latest_only_with_trigger']) retrieved from /Users/az/anaconda3/envs/python38/lib/python3.8/site-packages/airflow/example_dags/example_latest_only_with_trigger.py
[2023-11-09T19:19:42.806-0500] {logging_mixin.py:154} INFO - [2023-11-09T19:19:42.805-0500] {dag.py:2941} INFO - Sync 1 DAGs
[2023-11-09T19:19:42.815-0500] {logging_mixin.py:154} INFO - [2023-11-09T19:19:42.815-0500] {dag.py:3722} INFO - Setting next_dagrun for latest_only_with_trigger to 2023-11-09T20:19:42.814922+00:00, run_after=2023-11-10T00:19:42.814922+00:00
[2023-11-09T19:19:42.825-0500] {processor.py:179} INFO - Processing /Users/az/anaconda3/envs/python38/lib/python3.8/site-packages/airflow/example_dags/example_latest_only_with_trigger.py took 0.148 seconds
[2023-11-09T19:21:44.488-0500] {processor.py:157} INFO - Started process (PID=50380) to work on /Users/az/anaconda3/envs/python38/lib/python3.8/site-packages/airflow/example_dags/example_latest_only_with_trigger.py
[2023-11-09T19:21:44.493-0500] {processor.py:829} INFO - Processing file /Users/az/anaconda3/envs/python38/lib/python3.8/site-packages/airflow/example_dags/example_latest_only_with_trigger.py for tasks to queue
[2023-11-09T19:21:44.493-0500] {logging_mixin.py:154} INFO - [2023-11-09T19:21:44.493-0500] {dagbag.py:536} INFO - Filling up the DagBag from /Users/az/anaconda3/envs/python38/lib/python3.8/site-packages/airflow/example_dags/example_latest_only_with_trigger.py
[2023-11-09T19:21:44.508-0500] {processor.py:839} INFO - DAG(s) dict_keys(['latest_only_with_trigger']) retrieved from /Users/az/anaconda3/envs/python38/lib/python3.8/site-packages/airflow/example_dags/example_latest_only_with_trigger.py
[2023-11-09T19:21:44.617-0500] {logging_mixin.py:154} INFO - [2023-11-09T19:21:44.616-0500] {dag.py:2941} INFO - Sync 1 DAGs
[2023-11-09T19:21:44.626-0500] {logging_mixin.py:154} INFO - [2023-11-09T19:21:44.626-0500] {dag.py:3722} INFO - Setting next_dagrun for latest_only_with_trigger to 2023-11-09T20:21:44.626023+00:00, run_after=2023-11-10T00:21:44.626023+00:00
[2023-11-09T19:21:44.636-0500] {processor.py:179} INFO - Processing /Users/az/anaconda3/envs/python38/lib/python3.8/site-packages/airflow/example_dags/example_latest_only_with_trigger.py took 0.148 seconds
[2023-11-09T19:23:59.989-0500] {processor.py:157} INFO - Started process (PID=50562) to work on /Users/az/anaconda3/envs/python38/lib/python3.8/site-packages/airflow/example_dags/example_latest_only_with_trigger.py
[2023-11-09T19:23:59.994-0500] {processor.py:829} INFO - Processing file /Users/az/anaconda3/envs/python38/lib/python3.8/site-packages/airflow/example_dags/example_latest_only_with_trigger.py for tasks to queue
[2023-11-09T19:23:59.994-0500] {logging_mixin.py:154} INFO - [2023-11-09T19:23:59.994-0500] {dagbag.py:536} INFO - Filling up the DagBag from /Users/az/anaconda3/envs/python38/lib/python3.8/site-packages/airflow/example_dags/example_latest_only_with_trigger.py
[2023-11-09T19:24:00.009-0500] {processor.py:839} INFO - DAG(s) dict_keys(['latest_only_with_trigger']) retrieved from /Users/az/anaconda3/envs/python38/lib/python3.8/site-packages/airflow/example_dags/example_latest_only_with_trigger.py
[2023-11-09T19:24:00.121-0500] {logging_mixin.py:154} INFO - [2023-11-09T19:24:00.121-0500] {dag.py:2941} INFO - Sync 1 DAGs
[2023-11-09T19:24:00.131-0500] {logging_mixin.py:154} INFO - [2023-11-09T19:24:00.130-0500] {dag.py:3722} INFO - Setting next_dagrun for latest_only_with_trigger to 2023-11-09T20:24:00.130833+00:00, run_after=2023-11-10T00:24:00.130833+00:00
[2023-11-09T19:24:00.140-0500] {processor.py:179} INFO - Processing /Users/az/anaconda3/envs/python38/lib/python3.8/site-packages/airflow/example_dags/example_latest_only_with_trigger.py took 0.152 seconds
[2023-11-09T19:26:00.980-0500] {processor.py:157} INFO - Started process (PID=50710) to work on /Users/az/anaconda3/envs/python38/lib/python3.8/site-packages/airflow/example_dags/example_latest_only_with_trigger.py
[2023-11-09T19:26:00.984-0500] {processor.py:829} INFO - Processing file /Users/az/anaconda3/envs/python38/lib/python3.8/site-packages/airflow/example_dags/example_latest_only_with_trigger.py for tasks to queue
[2023-11-09T19:26:00.985-0500] {logging_mixin.py:154} INFO - [2023-11-09T19:26:00.985-0500] {dagbag.py:536} INFO - Filling up the DagBag from /Users/az/anaconda3/envs/python38/lib/python3.8/site-packages/airflow/example_dags/example_latest_only_with_trigger.py
[2023-11-09T19:26:01.002-0500] {processor.py:839} INFO - DAG(s) dict_keys(['latest_only_with_trigger']) retrieved from /Users/az/anaconda3/envs/python38/lib/python3.8/site-packages/airflow/example_dags/example_latest_only_with_trigger.py
[2023-11-09T19:26:01.113-0500] {logging_mixin.py:154} INFO - [2023-11-09T19:26:01.113-0500] {dag.py:2941} INFO - Sync 1 DAGs
[2023-11-09T19:26:01.122-0500] {logging_mixin.py:154} INFO - [2023-11-09T19:26:01.122-0500] {dag.py:3722} INFO - Setting next_dagrun for latest_only_with_trigger to 2023-11-09T20:26:01.122275+00:00, run_after=2023-11-10T00:26:01.122275+00:00
[2023-11-09T19:26:01.133-0500] {processor.py:179} INFO - Processing /Users/az/anaconda3/envs/python38/lib/python3.8/site-packages/airflow/example_dags/example_latest_only_with_trigger.py took 0.153 seconds
[2023-11-09T19:28:16.260-0500] {processor.py:157} INFO - Started process (PID=50889) to work on /Users/az/anaconda3/envs/python38/lib/python3.8/site-packages/airflow/example_dags/example_latest_only_with_trigger.py
[2023-11-09T19:28:16.265-0500] {processor.py:829} INFO - Processing file /Users/az/anaconda3/envs/python38/lib/python3.8/site-packages/airflow/example_dags/example_latest_only_with_trigger.py for tasks to queue
[2023-11-09T19:28:16.265-0500] {logging_mixin.py:154} INFO - [2023-11-09T19:28:16.265-0500] {dagbag.py:536} INFO - Filling up the DagBag from /Users/az/anaconda3/envs/python38/lib/python3.8/site-packages/airflow/example_dags/example_latest_only_with_trigger.py
[2023-11-09T19:28:16.280-0500] {processor.py:839} INFO - DAG(s) dict_keys(['latest_only_with_trigger']) retrieved from /Users/az/anaconda3/envs/python38/lib/python3.8/site-packages/airflow/example_dags/example_latest_only_with_trigger.py
[2023-11-09T19:28:16.388-0500] {logging_mixin.py:154} INFO - [2023-11-09T19:28:16.388-0500] {dag.py:2941} INFO - Sync 1 DAGs
[2023-11-09T19:28:16.397-0500] {logging_mixin.py:154} INFO - [2023-11-09T19:28:16.397-0500] {dag.py:3722} INFO - Setting next_dagrun for latest_only_with_trigger to 2023-11-09T20:28:16.397389+00:00, run_after=2023-11-10T00:28:16.397389+00:00
[2023-11-09T19:28:16.407-0500] {processor.py:179} INFO - Processing /Users/az/anaconda3/envs/python38/lib/python3.8/site-packages/airflow/example_dags/example_latest_only_with_trigger.py took 0.148 seconds
[2023-11-09T19:30:21.280-0500] {processor.py:157} INFO - Started process (PID=51040) to work on /Users/az/anaconda3/envs/python38/lib/python3.8/site-packages/airflow/example_dags/example_latest_only_with_trigger.py
[2023-11-09T19:30:21.284-0500] {processor.py:829} INFO - Processing file /Users/az/anaconda3/envs/python38/lib/python3.8/site-packages/airflow/example_dags/example_latest_only_with_trigger.py for tasks to queue
[2023-11-09T19:30:21.285-0500] {logging_mixin.py:154} INFO - [2023-11-09T19:30:21.285-0500] {dagbag.py:536} INFO - Filling up the DagBag from /Users/az/anaconda3/envs/python38/lib/python3.8/site-packages/airflow/example_dags/example_latest_only_with_trigger.py
[2023-11-09T19:30:21.300-0500] {processor.py:839} INFO - DAG(s) dict_keys(['latest_only_with_trigger']) retrieved from /Users/az/anaconda3/envs/python38/lib/python3.8/site-packages/airflow/example_dags/example_latest_only_with_trigger.py
[2023-11-09T19:30:21.408-0500] {logging_mixin.py:154} INFO - [2023-11-09T19:30:21.408-0500] {dag.py:2941} INFO - Sync 1 DAGs
[2023-11-09T19:30:21.417-0500] {logging_mixin.py:154} INFO - [2023-11-09T19:30:21.417-0500] {dag.py:3722} INFO - Setting next_dagrun for latest_only_with_trigger to 2023-11-09T20:30:21.417547+00:00, run_after=2023-11-10T00:30:21.417547+00:00
[2023-11-09T19:30:21.428-0500] {processor.py:179} INFO - Processing /Users/az/anaconda3/envs/python38/lib/python3.8/site-packages/airflow/example_dags/example_latest_only_with_trigger.py took 0.149 seconds
[2023-11-09T19:32:26.997-0500] {processor.py:157} INFO - Started process (PID=51194) to work on /Users/az/anaconda3/envs/python38/lib/python3.8/site-packages/airflow/example_dags/example_latest_only_with_trigger.py
[2023-11-09T19:32:27.001-0500] {processor.py:829} INFO - Processing file /Users/az/anaconda3/envs/python38/lib/python3.8/site-packages/airflow/example_dags/example_latest_only_with_trigger.py for tasks to queue
[2023-11-09T19:32:27.002-0500] {logging_mixin.py:154} INFO - [2023-11-09T19:32:27.002-0500] {dagbag.py:536} INFO - Filling up the DagBag from /Users/az/anaconda3/envs/python38/lib/python3.8/site-packages/airflow/example_dags/example_latest_only_with_trigger.py
[2023-11-09T19:32:27.019-0500] {processor.py:839} INFO - DAG(s) dict_keys(['latest_only_with_trigger']) retrieved from /Users/az/anaconda3/envs/python38/lib/python3.8/site-packages/airflow/example_dags/example_latest_only_with_trigger.py
[2023-11-09T19:32:27.135-0500] {logging_mixin.py:154} INFO - [2023-11-09T19:32:27.135-0500] {dag.py:2941} INFO - Sync 1 DAGs
[2023-11-09T19:32:27.144-0500] {logging_mixin.py:154} INFO - [2023-11-09T19:32:27.144-0500] {dag.py:3722} INFO - Setting next_dagrun for latest_only_with_trigger to 2023-11-09T20:32:27.144084+00:00, run_after=2023-11-10T00:32:27.144084+00:00
[2023-11-09T19:32:27.154-0500] {processor.py:179} INFO - Processing /Users/az/anaconda3/envs/python38/lib/python3.8/site-packages/airflow/example_dags/example_latest_only_with_trigger.py took 0.158 seconds
[2023-11-09T19:34:55.770-0500] {processor.py:157} INFO - Started process (PID=53213) to work on /Users/az/anaconda3/envs/python38/lib/python3.8/site-packages/airflow/example_dags/example_latest_only_with_trigger.py
[2023-11-09T19:34:55.775-0500] {processor.py:829} INFO - Processing file /Users/az/anaconda3/envs/python38/lib/python3.8/site-packages/airflow/example_dags/example_latest_only_with_trigger.py for tasks to queue
[2023-11-09T19:34:55.775-0500] {logging_mixin.py:154} INFO - [2023-11-09T19:34:55.775-0500] {dagbag.py:536} INFO - Filling up the DagBag from /Users/az/anaconda3/envs/python38/lib/python3.8/site-packages/airflow/example_dags/example_latest_only_with_trigger.py
[2023-11-09T19:34:55.790-0500] {processor.py:839} INFO - DAG(s) dict_keys(['latest_only_with_trigger']) retrieved from /Users/az/anaconda3/envs/python38/lib/python3.8/site-packages/airflow/example_dags/example_latest_only_with_trigger.py
[2023-11-09T19:34:55.899-0500] {logging_mixin.py:154} INFO - [2023-11-09T19:34:55.899-0500] {dag.py:2941} INFO - Sync 1 DAGs
[2023-11-09T19:34:55.908-0500] {logging_mixin.py:154} INFO - [2023-11-09T19:34:55.908-0500] {dag.py:3722} INFO - Setting next_dagrun for latest_only_with_trigger to 2023-11-09T20:34:55.908669+00:00, run_after=2023-11-10T00:34:55.908669+00:00
[2023-11-09T19:34:55.919-0500] {processor.py:179} INFO - Processing /Users/az/anaconda3/envs/python38/lib/python3.8/site-packages/airflow/example_dags/example_latest_only_with_trigger.py took 0.149 seconds
[2023-11-09T19:36:53.025-0500] {processor.py:157} INFO - Started process (PID=53364) to work on /Users/az/anaconda3/envs/python38/lib/python3.8/site-packages/airflow/example_dags/example_latest_only_with_trigger.py
[2023-11-09T19:36:53.029-0500] {processor.py:829} INFO - Processing file /Users/az/anaconda3/envs/python38/lib/python3.8/site-packages/airflow/example_dags/example_latest_only_with_trigger.py for tasks to queue
[2023-11-09T19:36:53.029-0500] {logging_mixin.py:154} INFO - [2023-11-09T19:36:53.029-0500] {dagbag.py:536} INFO - Filling up the DagBag from /Users/az/anaconda3/envs/python38/lib/python3.8/site-packages/airflow/example_dags/example_latest_only_with_trigger.py
[2023-11-09T19:36:53.044-0500] {processor.py:839} INFO - DAG(s) dict_keys(['latest_only_with_trigger']) retrieved from /Users/az/anaconda3/envs/python38/lib/python3.8/site-packages/airflow/example_dags/example_latest_only_with_trigger.py
[2023-11-09T19:36:53.153-0500] {logging_mixin.py:154} INFO - [2023-11-09T19:36:53.152-0500] {dag.py:2941} INFO - Sync 1 DAGs
[2023-11-09T19:36:53.162-0500] {logging_mixin.py:154} INFO - [2023-11-09T19:36:53.162-0500] {dag.py:3722} INFO - Setting next_dagrun for latest_only_with_trigger to 2023-11-09T20:36:53.162255+00:00, run_after=2023-11-10T00:36:53.162255+00:00
[2023-11-09T19:36:53.172-0500] {processor.py:179} INFO - Processing /Users/az/anaconda3/envs/python38/lib/python3.8/site-packages/airflow/example_dags/example_latest_only_with_trigger.py took 0.148 seconds
[2023-11-09T19:38:52.272-0500] {processor.py:157} INFO - Started process (PID=53516) to work on /Users/az/anaconda3/envs/python38/lib/python3.8/site-packages/airflow/example_dags/example_latest_only_with_trigger.py
[2023-11-09T19:38:52.276-0500] {processor.py:829} INFO - Processing file /Users/az/anaconda3/envs/python38/lib/python3.8/site-packages/airflow/example_dags/example_latest_only_with_trigger.py for tasks to queue
[2023-11-09T19:38:52.277-0500] {logging_mixin.py:154} INFO - [2023-11-09T19:38:52.277-0500] {dagbag.py:536} INFO - Filling up the DagBag from /Users/az/anaconda3/envs/python38/lib/python3.8/site-packages/airflow/example_dags/example_latest_only_with_trigger.py
[2023-11-09T19:38:52.292-0500] {processor.py:839} INFO - DAG(s) dict_keys(['latest_only_with_trigger']) retrieved from /Users/az/anaconda3/envs/python38/lib/python3.8/site-packages/airflow/example_dags/example_latest_only_with_trigger.py
[2023-11-09T19:38:52.399-0500] {logging_mixin.py:154} INFO - [2023-11-09T19:38:52.399-0500] {dag.py:2941} INFO - Sync 1 DAGs
[2023-11-09T19:38:52.408-0500] {logging_mixin.py:154} INFO - [2023-11-09T19:38:52.408-0500] {dag.py:3722} INFO - Setting next_dagrun for latest_only_with_trigger to 2023-11-09T20:38:52.408613+00:00, run_after=2023-11-10T00:38:52.408613+00:00
[2023-11-09T19:38:52.418-0500] {processor.py:179} INFO - Processing /Users/az/anaconda3/envs/python38/lib/python3.8/site-packages/airflow/example_dags/example_latest_only_with_trigger.py took 0.147 seconds
[2023-11-09T19:40:49.361-0500] {processor.py:157} INFO - Started process (PID=53667) to work on /Users/az/anaconda3/envs/python38/lib/python3.8/site-packages/airflow/example_dags/example_latest_only_with_trigger.py
[2023-11-09T19:40:49.366-0500] {processor.py:829} INFO - Processing file /Users/az/anaconda3/envs/python38/lib/python3.8/site-packages/airflow/example_dags/example_latest_only_with_trigger.py for tasks to queue
[2023-11-09T19:40:49.366-0500] {logging_mixin.py:154} INFO - [2023-11-09T19:40:49.366-0500] {dagbag.py:536} INFO - Filling up the DagBag from /Users/az/anaconda3/envs/python38/lib/python3.8/site-packages/airflow/example_dags/example_latest_only_with_trigger.py
[2023-11-09T19:40:49.381-0500] {processor.py:839} INFO - DAG(s) dict_keys(['latest_only_with_trigger']) retrieved from /Users/az/anaconda3/envs/python38/lib/python3.8/site-packages/airflow/example_dags/example_latest_only_with_trigger.py
[2023-11-09T19:40:49.490-0500] {logging_mixin.py:154} INFO - [2023-11-09T19:40:49.489-0500] {dag.py:2941} INFO - Sync 1 DAGs
[2023-11-09T19:40:49.498-0500] {logging_mixin.py:154} INFO - [2023-11-09T19:40:49.498-0500] {dag.py:3722} INFO - Setting next_dagrun for latest_only_with_trigger to 2023-11-09T20:40:49.498805+00:00, run_after=2023-11-10T00:40:49.498805+00:00
[2023-11-09T19:40:49.509-0500] {processor.py:179} INFO - Processing /Users/az/anaconda3/envs/python38/lib/python3.8/site-packages/airflow/example_dags/example_latest_only_with_trigger.py took 0.149 seconds
[2023-11-09T19:43:06.358-0500] {processor.py:157} INFO - Started process (PID=54135) to work on /Users/az/anaconda3/envs/python38/lib/python3.8/site-packages/airflow/example_dags/example_latest_only_with_trigger.py
[2023-11-09T19:43:06.363-0500] {processor.py:829} INFO - Processing file /Users/az/anaconda3/envs/python38/lib/python3.8/site-packages/airflow/example_dags/example_latest_only_with_trigger.py for tasks to queue
[2023-11-09T19:43:06.363-0500] {logging_mixin.py:154} INFO - [2023-11-09T19:43:06.363-0500] {dagbag.py:536} INFO - Filling up the DagBag from /Users/az/anaconda3/envs/python38/lib/python3.8/site-packages/airflow/example_dags/example_latest_only_with_trigger.py
[2023-11-09T19:43:06.378-0500] {processor.py:839} INFO - DAG(s) dict_keys(['latest_only_with_trigger']) retrieved from /Users/az/anaconda3/envs/python38/lib/python3.8/site-packages/airflow/example_dags/example_latest_only_with_trigger.py
[2023-11-09T19:43:06.485-0500] {logging_mixin.py:154} INFO - [2023-11-09T19:43:06.485-0500] {dag.py:2941} INFO - Sync 1 DAGs
[2023-11-09T19:43:06.494-0500] {logging_mixin.py:154} INFO - [2023-11-09T19:43:06.494-0500] {dag.py:3722} INFO - Setting next_dagrun for latest_only_with_trigger to 2023-11-09T20:43:06.494546+00:00, run_after=2023-11-10T00:43:06.494546+00:00
[2023-11-09T19:43:06.504-0500] {processor.py:179} INFO - Processing /Users/az/anaconda3/envs/python38/lib/python3.8/site-packages/airflow/example_dags/example_latest_only_with_trigger.py took 0.147 seconds
[2023-11-09T19:45:04.391-0500] {processor.py:157} INFO - Started process (PID=54282) to work on /Users/az/anaconda3/envs/python38/lib/python3.8/site-packages/airflow/example_dags/example_latest_only_with_trigger.py
[2023-11-09T19:45:04.395-0500] {processor.py:829} INFO - Processing file /Users/az/anaconda3/envs/python38/lib/python3.8/site-packages/airflow/example_dags/example_latest_only_with_trigger.py for tasks to queue
[2023-11-09T19:45:04.396-0500] {logging_mixin.py:154} INFO - [2023-11-09T19:45:04.395-0500] {dagbag.py:536} INFO - Filling up the DagBag from /Users/az/anaconda3/envs/python38/lib/python3.8/site-packages/airflow/example_dags/example_latest_only_with_trigger.py
[2023-11-09T19:45:04.411-0500] {processor.py:839} INFO - DAG(s) dict_keys(['latest_only_with_trigger']) retrieved from /Users/az/anaconda3/envs/python38/lib/python3.8/site-packages/airflow/example_dags/example_latest_only_with_trigger.py
[2023-11-09T19:45:04.518-0500] {logging_mixin.py:154} INFO - [2023-11-09T19:45:04.518-0500] {dag.py:2941} INFO - Sync 1 DAGs
[2023-11-09T19:45:04.527-0500] {logging_mixin.py:154} INFO - [2023-11-09T19:45:04.527-0500] {dag.py:3722} INFO - Setting next_dagrun for latest_only_with_trigger to 2023-11-09T20:45:04.527436+00:00, run_after=2023-11-10T00:45:04.527436+00:00
[2023-11-09T19:45:04.537-0500] {processor.py:179} INFO - Processing /Users/az/anaconda3/envs/python38/lib/python3.8/site-packages/airflow/example_dags/example_latest_only_with_trigger.py took 0.147 seconds
[2023-11-09T19:46:59.768-0500] {processor.py:157} INFO - Started process (PID=54434) to work on /Users/az/anaconda3/envs/python38/lib/python3.8/site-packages/airflow/example_dags/example_latest_only_with_trigger.py
[2023-11-09T19:46:59.773-0500] {processor.py:829} INFO - Processing file /Users/az/anaconda3/envs/python38/lib/python3.8/site-packages/airflow/example_dags/example_latest_only_with_trigger.py for tasks to queue
[2023-11-09T19:46:59.773-0500] {logging_mixin.py:154} INFO - [2023-11-09T19:46:59.773-0500] {dagbag.py:536} INFO - Filling up the DagBag from /Users/az/anaconda3/envs/python38/lib/python3.8/site-packages/airflow/example_dags/example_latest_only_with_trigger.py
[2023-11-09T19:46:59.788-0500] {processor.py:839} INFO - DAG(s) dict_keys(['latest_only_with_trigger']) retrieved from /Users/az/anaconda3/envs/python38/lib/python3.8/site-packages/airflow/example_dags/example_latest_only_with_trigger.py
[2023-11-09T19:46:59.897-0500] {logging_mixin.py:154} INFO - [2023-11-09T19:46:59.896-0500] {dag.py:2941} INFO - Sync 1 DAGs
[2023-11-09T19:46:59.906-0500] {logging_mixin.py:154} INFO - [2023-11-09T19:46:59.905-0500] {dag.py:3722} INFO - Setting next_dagrun for latest_only_with_trigger to 2023-11-09T20:46:59.905836+00:00, run_after=2023-11-10T00:46:59.905836+00:00
[2023-11-09T19:46:59.916-0500] {processor.py:179} INFO - Processing /Users/az/anaconda3/envs/python38/lib/python3.8/site-packages/airflow/example_dags/example_latest_only_with_trigger.py took 0.148 seconds
[2023-11-09T19:49:00.028-0500] {processor.py:157} INFO - Started process (PID=54582) to work on /Users/az/anaconda3/envs/python38/lib/python3.8/site-packages/airflow/example_dags/example_latest_only_with_trigger.py
[2023-11-09T19:49:00.032-0500] {processor.py:829} INFO - Processing file /Users/az/anaconda3/envs/python38/lib/python3.8/site-packages/airflow/example_dags/example_latest_only_with_trigger.py for tasks to queue
[2023-11-09T19:49:00.033-0500] {logging_mixin.py:154} INFO - [2023-11-09T19:49:00.033-0500] {dagbag.py:536} INFO - Filling up the DagBag from /Users/az/anaconda3/envs/python38/lib/python3.8/site-packages/airflow/example_dags/example_latest_only_with_trigger.py
[2023-11-09T19:49:00.048-0500] {processor.py:839} INFO - DAG(s) dict_keys(['latest_only_with_trigger']) retrieved from /Users/az/anaconda3/envs/python38/lib/python3.8/site-packages/airflow/example_dags/example_latest_only_with_trigger.py
[2023-11-09T19:49:00.155-0500] {logging_mixin.py:154} INFO - [2023-11-09T19:49:00.155-0500] {dag.py:2941} INFO - Sync 1 DAGs
[2023-11-09T19:49:00.164-0500] {logging_mixin.py:154} INFO - [2023-11-09T19:49:00.164-0500] {dag.py:3722} INFO - Setting next_dagrun for latest_only_with_trigger to 2023-11-09T20:49:00.164448+00:00, run_after=2023-11-10T00:49:00.164448+00:00
[2023-11-09T19:49:00.174-0500] {processor.py:179} INFO - Processing /Users/az/anaconda3/envs/python38/lib/python3.8/site-packages/airflow/example_dags/example_latest_only_with_trigger.py took 0.147 seconds
[2023-11-09T19:50:56.486-0500] {processor.py:157} INFO - Started process (PID=54731) to work on /Users/az/anaconda3/envs/python38/lib/python3.8/site-packages/airflow/example_dags/example_latest_only_with_trigger.py
[2023-11-09T19:50:56.490-0500] {processor.py:829} INFO - Processing file /Users/az/anaconda3/envs/python38/lib/python3.8/site-packages/airflow/example_dags/example_latest_only_with_trigger.py for tasks to queue
[2023-11-09T19:50:56.490-0500] {logging_mixin.py:154} INFO - [2023-11-09T19:50:56.490-0500] {dagbag.py:536} INFO - Filling up the DagBag from /Users/az/anaconda3/envs/python38/lib/python3.8/site-packages/airflow/example_dags/example_latest_only_with_trigger.py
[2023-11-09T19:50:56.506-0500] {processor.py:839} INFO - DAG(s) dict_keys(['latest_only_with_trigger']) retrieved from /Users/az/anaconda3/envs/python38/lib/python3.8/site-packages/airflow/example_dags/example_latest_only_with_trigger.py
[2023-11-09T19:50:56.616-0500] {logging_mixin.py:154} INFO - [2023-11-09T19:50:56.616-0500] {dag.py:2941} INFO - Sync 1 DAGs
[2023-11-09T19:50:56.625-0500] {logging_mixin.py:154} INFO - [2023-11-09T19:50:56.625-0500] {dag.py:3722} INFO - Setting next_dagrun for latest_only_with_trigger to 2023-11-09T20:50:56.625725+00:00, run_after=2023-11-10T00:50:56.625725+00:00
[2023-11-09T19:50:56.641-0500] {processor.py:179} INFO - Processing /Users/az/anaconda3/envs/python38/lib/python3.8/site-packages/airflow/example_dags/example_latest_only_with_trigger.py took 0.155 seconds
[2023-11-09T19:52:55.627-0500] {processor.py:157} INFO - Started process (PID=54885) to work on /Users/az/anaconda3/envs/python38/lib/python3.8/site-packages/airflow/example_dags/example_latest_only_with_trigger.py
[2023-11-09T19:52:55.632-0500] {processor.py:829} INFO - Processing file /Users/az/anaconda3/envs/python38/lib/python3.8/site-packages/airflow/example_dags/example_latest_only_with_trigger.py for tasks to queue
[2023-11-09T19:52:55.632-0500] {logging_mixin.py:154} INFO - [2023-11-09T19:52:55.632-0500] {dagbag.py:536} INFO - Filling up the DagBag from /Users/az/anaconda3/envs/python38/lib/python3.8/site-packages/airflow/example_dags/example_latest_only_with_trigger.py
[2023-11-09T19:52:55.647-0500] {processor.py:839} INFO - DAG(s) dict_keys(['latest_only_with_trigger']) retrieved from /Users/az/anaconda3/envs/python38/lib/python3.8/site-packages/airflow/example_dags/example_latest_only_with_trigger.py
[2023-11-09T19:52:55.755-0500] {logging_mixin.py:154} INFO - [2023-11-09T19:52:55.755-0500] {dag.py:2941} INFO - Sync 1 DAGs
[2023-11-09T19:52:55.764-0500] {logging_mixin.py:154} INFO - [2023-11-09T19:52:55.764-0500] {dag.py:3722} INFO - Setting next_dagrun for latest_only_with_trigger to 2023-11-09T20:52:55.764620+00:00, run_after=2023-11-10T00:52:55.764620+00:00
[2023-11-09T19:52:55.775-0500] {processor.py:179} INFO - Processing /Users/az/anaconda3/envs/python38/lib/python3.8/site-packages/airflow/example_dags/example_latest_only_with_trigger.py took 0.148 seconds
[2023-11-09T19:54:56.795-0500] {processor.py:157} INFO - Started process (PID=55036) to work on /Users/az/anaconda3/envs/python38/lib/python3.8/site-packages/airflow/example_dags/example_latest_only_with_trigger.py
[2023-11-09T19:54:56.800-0500] {processor.py:829} INFO - Processing file /Users/az/anaconda3/envs/python38/lib/python3.8/site-packages/airflow/example_dags/example_latest_only_with_trigger.py for tasks to queue
[2023-11-09T19:54:56.800-0500] {logging_mixin.py:154} INFO - [2023-11-09T19:54:56.800-0500] {dagbag.py:536} INFO - Filling up the DagBag from /Users/az/anaconda3/envs/python38/lib/python3.8/site-packages/airflow/example_dags/example_latest_only_with_trigger.py
[2023-11-09T19:54:56.816-0500] {processor.py:839} INFO - DAG(s) dict_keys(['latest_only_with_trigger']) retrieved from /Users/az/anaconda3/envs/python38/lib/python3.8/site-packages/airflow/example_dags/example_latest_only_with_trigger.py
[2023-11-09T19:54:56.923-0500] {logging_mixin.py:154} INFO - [2023-11-09T19:54:56.923-0500] {dag.py:2941} INFO - Sync 1 DAGs
[2023-11-09T19:54:56.932-0500] {logging_mixin.py:154} INFO - [2023-11-09T19:54:56.932-0500] {dag.py:3722} INFO - Setting next_dagrun for latest_only_with_trigger to 2023-11-09T20:54:56.932379+00:00, run_after=2023-11-10T00:54:56.932379+00:00
[2023-11-09T19:54:56.942-0500] {processor.py:179} INFO - Processing /Users/az/anaconda3/envs/python38/lib/python3.8/site-packages/airflow/example_dags/example_latest_only_with_trigger.py took 0.147 seconds
[2023-11-09T19:56:54.257-0500] {processor.py:157} INFO - Started process (PID=55189) to work on /Users/az/anaconda3/envs/python38/lib/python3.8/site-packages/airflow/example_dags/example_latest_only_with_trigger.py
[2023-11-09T19:56:54.262-0500] {processor.py:829} INFO - Processing file /Users/az/anaconda3/envs/python38/lib/python3.8/site-packages/airflow/example_dags/example_latest_only_with_trigger.py for tasks to queue
[2023-11-09T19:56:54.263-0500] {logging_mixin.py:154} INFO - [2023-11-09T19:56:54.263-0500] {dagbag.py:536} INFO - Filling up the DagBag from /Users/az/anaconda3/envs/python38/lib/python3.8/site-packages/airflow/example_dags/example_latest_only_with_trigger.py
[2023-11-09T19:56:54.278-0500] {processor.py:839} INFO - DAG(s) dict_keys(['latest_only_with_trigger']) retrieved from /Users/az/anaconda3/envs/python38/lib/python3.8/site-packages/airflow/example_dags/example_latest_only_with_trigger.py
[2023-11-09T19:56:54.388-0500] {logging_mixin.py:154} INFO - [2023-11-09T19:56:54.388-0500] {dag.py:2941} INFO - Sync 1 DAGs
[2023-11-09T19:56:54.397-0500] {logging_mixin.py:154} INFO - [2023-11-09T19:56:54.397-0500] {dag.py:3722} INFO - Setting next_dagrun for latest_only_with_trigger to 2023-11-09T20:56:54.397494+00:00, run_after=2023-11-10T00:56:54.397494+00:00
[2023-11-09T19:56:54.407-0500] {processor.py:179} INFO - Processing /Users/az/anaconda3/envs/python38/lib/python3.8/site-packages/airflow/example_dags/example_latest_only_with_trigger.py took 0.151 seconds
[2023-11-09T19:58:54.358-0500] {processor.py:157} INFO - Started process (PID=55346) to work on /Users/az/anaconda3/envs/python38/lib/python3.8/site-packages/airflow/example_dags/example_latest_only_with_trigger.py
[2023-11-09T19:58:54.362-0500] {processor.py:829} INFO - Processing file /Users/az/anaconda3/envs/python38/lib/python3.8/site-packages/airflow/example_dags/example_latest_only_with_trigger.py for tasks to queue
[2023-11-09T19:58:54.363-0500] {logging_mixin.py:154} INFO - [2023-11-09T19:58:54.363-0500] {dagbag.py:536} INFO - Filling up the DagBag from /Users/az/anaconda3/envs/python38/lib/python3.8/site-packages/airflow/example_dags/example_latest_only_with_trigger.py
[2023-11-09T19:58:54.378-0500] {processor.py:839} INFO - DAG(s) dict_keys(['latest_only_with_trigger']) retrieved from /Users/az/anaconda3/envs/python38/lib/python3.8/site-packages/airflow/example_dags/example_latest_only_with_trigger.py
[2023-11-09T19:58:54.486-0500] {logging_mixin.py:154} INFO - [2023-11-09T19:58:54.486-0500] {dag.py:2941} INFO - Sync 1 DAGs
[2023-11-09T19:58:54.495-0500] {logging_mixin.py:154} INFO - [2023-11-09T19:58:54.495-0500] {dag.py:3722} INFO - Setting next_dagrun for latest_only_with_trigger to 2023-11-09T20:58:54.495140+00:00, run_after=2023-11-10T00:58:54.495140+00:00
[2023-11-09T19:58:54.505-0500] {processor.py:179} INFO - Processing /Users/az/anaconda3/envs/python38/lib/python3.8/site-packages/airflow/example_dags/example_latest_only_with_trigger.py took 0.148 seconds
[2023-11-09T20:00:55.730-0500] {processor.py:157} INFO - Started process (PID=55500) to work on /Users/az/anaconda3/envs/python38/lib/python3.8/site-packages/airflow/example_dags/example_latest_only_with_trigger.py
[2023-11-09T20:00:55.735-0500] {processor.py:829} INFO - Processing file /Users/az/anaconda3/envs/python38/lib/python3.8/site-packages/airflow/example_dags/example_latest_only_with_trigger.py for tasks to queue
[2023-11-09T20:00:55.735-0500] {logging_mixin.py:154} INFO - [2023-11-09T20:00:55.735-0500] {dagbag.py:536} INFO - Filling up the DagBag from /Users/az/anaconda3/envs/python38/lib/python3.8/site-packages/airflow/example_dags/example_latest_only_with_trigger.py
[2023-11-09T20:00:55.752-0500] {processor.py:839} INFO - DAG(s) dict_keys(['latest_only_with_trigger']) retrieved from /Users/az/anaconda3/envs/python38/lib/python3.8/site-packages/airflow/example_dags/example_latest_only_with_trigger.py
[2023-11-09T20:00:55.866-0500] {logging_mixin.py:154} INFO - [2023-11-09T20:00:55.865-0500] {dag.py:2941} INFO - Sync 1 DAGs
[2023-11-09T20:00:55.876-0500] {logging_mixin.py:154} INFO - [2023-11-09T20:00:55.875-0500] {dag.py:3722} INFO - Setting next_dagrun for latest_only_with_trigger to 2023-11-09T21:00:55.875781+00:00, run_after=2023-11-10T01:00:55.875781+00:00
[2023-11-09T20:00:55.886-0500] {processor.py:179} INFO - Processing /Users/az/anaconda3/envs/python38/lib/python3.8/site-packages/airflow/example_dags/example_latest_only_with_trigger.py took 0.156 seconds
[2023-11-09T20:02:57.493-0500] {processor.py:157} INFO - Started process (PID=55668) to work on /Users/az/anaconda3/envs/python38/lib/python3.8/site-packages/airflow/example_dags/example_latest_only_with_trigger.py
[2023-11-09T20:02:57.498-0500] {processor.py:829} INFO - Processing file /Users/az/anaconda3/envs/python38/lib/python3.8/site-packages/airflow/example_dags/example_latest_only_with_trigger.py for tasks to queue
[2023-11-09T20:02:57.498-0500] {logging_mixin.py:154} INFO - [2023-11-09T20:02:57.498-0500] {dagbag.py:536} INFO - Filling up the DagBag from /Users/az/anaconda3/envs/python38/lib/python3.8/site-packages/airflow/example_dags/example_latest_only_with_trigger.py
[2023-11-09T20:02:57.514-0500] {processor.py:839} INFO - DAG(s) dict_keys(['latest_only_with_trigger']) retrieved from /Users/az/anaconda3/envs/python38/lib/python3.8/site-packages/airflow/example_dags/example_latest_only_with_trigger.py
[2023-11-09T20:02:57.621-0500] {logging_mixin.py:154} INFO - [2023-11-09T20:02:57.621-0500] {dag.py:2941} INFO - Sync 1 DAGs
[2023-11-09T20:02:57.630-0500] {logging_mixin.py:154} INFO - [2023-11-09T20:02:57.630-0500] {dag.py:3722} INFO - Setting next_dagrun for latest_only_with_trigger to 2023-11-09T21:02:57.630307+00:00, run_after=2023-11-10T01:02:57.630307+00:00
[2023-11-09T20:02:57.640-0500] {processor.py:179} INFO - Processing /Users/az/anaconda3/envs/python38/lib/python3.8/site-packages/airflow/example_dags/example_latest_only_with_trigger.py took 0.147 seconds
[2023-11-09T20:04:58.787-0500] {processor.py:157} INFO - Started process (PID=55821) to work on /Users/az/anaconda3/envs/python38/lib/python3.8/site-packages/airflow/example_dags/example_latest_only_with_trigger.py
[2023-11-09T20:04:58.792-0500] {processor.py:829} INFO - Processing file /Users/az/anaconda3/envs/python38/lib/python3.8/site-packages/airflow/example_dags/example_latest_only_with_trigger.py for tasks to queue
[2023-11-09T20:04:58.792-0500] {logging_mixin.py:154} INFO - [2023-11-09T20:04:58.792-0500] {dagbag.py:536} INFO - Filling up the DagBag from /Users/az/anaconda3/envs/python38/lib/python3.8/site-packages/airflow/example_dags/example_latest_only_with_trigger.py
[2023-11-09T20:04:58.807-0500] {processor.py:839} INFO - DAG(s) dict_keys(['latest_only_with_trigger']) retrieved from /Users/az/anaconda3/envs/python38/lib/python3.8/site-packages/airflow/example_dags/example_latest_only_with_trigger.py
[2023-11-09T20:04:58.914-0500] {logging_mixin.py:154} INFO - [2023-11-09T20:04:58.914-0500] {dag.py:2941} INFO - Sync 1 DAGs
[2023-11-09T20:04:58.923-0500] {logging_mixin.py:154} INFO - [2023-11-09T20:04:58.923-0500] {dag.py:3722} INFO - Setting next_dagrun for latest_only_with_trigger to 2023-11-09T21:04:58.923686+00:00, run_after=2023-11-10T01:04:58.923686+00:00
[2023-11-09T20:04:58.933-0500] {processor.py:179} INFO - Processing /Users/az/anaconda3/envs/python38/lib/python3.8/site-packages/airflow/example_dags/example_latest_only_with_trigger.py took 0.147 seconds
[2023-11-09T20:06:55.606-0500] {processor.py:157} INFO - Started process (PID=55986) to work on /Users/az/anaconda3/envs/python38/lib/python3.8/site-packages/airflow/example_dags/example_latest_only_with_trigger.py
[2023-11-09T20:06:55.611-0500] {processor.py:829} INFO - Processing file /Users/az/anaconda3/envs/python38/lib/python3.8/site-packages/airflow/example_dags/example_latest_only_with_trigger.py for tasks to queue
[2023-11-09T20:06:55.611-0500] {logging_mixin.py:154} INFO - [2023-11-09T20:06:55.611-0500] {dagbag.py:536} INFO - Filling up the DagBag from /Users/az/anaconda3/envs/python38/lib/python3.8/site-packages/airflow/example_dags/example_latest_only_with_trigger.py
[2023-11-09T20:06:55.644-0500] {processor.py:839} INFO - DAG(s) dict_keys(['latest_only_with_trigger']) retrieved from /Users/az/anaconda3/envs/python38/lib/python3.8/site-packages/airflow/example_dags/example_latest_only_with_trigger.py
[2023-11-09T20:06:55.885-0500] {logging_mixin.py:154} INFO - [2023-11-09T20:06:55.885-0500] {dag.py:2941} INFO - Sync 1 DAGs
[2023-11-09T20:06:55.894-0500] {logging_mixin.py:154} INFO - [2023-11-09T20:06:55.894-0500] {dag.py:3722} INFO - Setting next_dagrun for latest_only_with_trigger to 2023-11-09T21:06:55.894260+00:00, run_after=2023-11-10T01:06:55.894260+00:00
[2023-11-09T20:06:55.904-0500] {processor.py:179} INFO - Processing /Users/az/anaconda3/envs/python38/lib/python3.8/site-packages/airflow/example_dags/example_latest_only_with_trigger.py took 0.298 seconds
[2023-11-09T20:08:54.203-0500] {processor.py:157} INFO - Started process (PID=56137) to work on /Users/az/anaconda3/envs/python38/lib/python3.8/site-packages/airflow/example_dags/example_latest_only_with_trigger.py
[2023-11-09T20:08:54.208-0500] {processor.py:829} INFO - Processing file /Users/az/anaconda3/envs/python38/lib/python3.8/site-packages/airflow/example_dags/example_latest_only_with_trigger.py for tasks to queue
[2023-11-09T20:08:54.208-0500] {logging_mixin.py:154} INFO - [2023-11-09T20:08:54.208-0500] {dagbag.py:536} INFO - Filling up the DagBag from /Users/az/anaconda3/envs/python38/lib/python3.8/site-packages/airflow/example_dags/example_latest_only_with_trigger.py
[2023-11-09T20:08:54.223-0500] {processor.py:839} INFO - DAG(s) dict_keys(['latest_only_with_trigger']) retrieved from /Users/az/anaconda3/envs/python38/lib/python3.8/site-packages/airflow/example_dags/example_latest_only_with_trigger.py
[2023-11-09T20:08:54.331-0500] {logging_mixin.py:154} INFO - [2023-11-09T20:08:54.331-0500] {dag.py:2941} INFO - Sync 1 DAGs
[2023-11-09T20:08:54.340-0500] {logging_mixin.py:154} INFO - [2023-11-09T20:08:54.340-0500] {dag.py:3722} INFO - Setting next_dagrun for latest_only_with_trigger to 2023-11-09T21:08:54.340487+00:00, run_after=2023-11-10T01:08:54.340487+00:00
[2023-11-09T20:08:54.350-0500] {processor.py:179} INFO - Processing /Users/az/anaconda3/envs/python38/lib/python3.8/site-packages/airflow/example_dags/example_latest_only_with_trigger.py took 0.147 seconds
[2023-11-09T20:10:51.212-0500] {processor.py:157} INFO - Started process (PID=56302) to work on /Users/az/anaconda3/envs/python38/lib/python3.8/site-packages/airflow/example_dags/example_latest_only_with_trigger.py
[2023-11-09T20:10:51.216-0500] {processor.py:829} INFO - Processing file /Users/az/anaconda3/envs/python38/lib/python3.8/site-packages/airflow/example_dags/example_latest_only_with_trigger.py for tasks to queue
[2023-11-09T20:10:51.217-0500] {logging_mixin.py:154} INFO - [2023-11-09T20:10:51.216-0500] {dagbag.py:536} INFO - Filling up the DagBag from /Users/az/anaconda3/envs/python38/lib/python3.8/site-packages/airflow/example_dags/example_latest_only_with_trigger.py
[2023-11-09T20:10:51.232-0500] {processor.py:839} INFO - DAG(s) dict_keys(['latest_only_with_trigger']) retrieved from /Users/az/anaconda3/envs/python38/lib/python3.8/site-packages/airflow/example_dags/example_latest_only_with_trigger.py
[2023-11-09T20:10:51.344-0500] {logging_mixin.py:154} INFO - [2023-11-09T20:10:51.344-0500] {dag.py:2941} INFO - Sync 1 DAGs
[2023-11-09T20:10:51.353-0500] {logging_mixin.py:154} INFO - [2023-11-09T20:10:51.353-0500] {dag.py:3722} INFO - Setting next_dagrun for latest_only_with_trigger to 2023-11-09T21:10:51.353578+00:00, run_after=2023-11-10T01:10:51.353578+00:00
[2023-11-09T20:10:51.364-0500] {processor.py:179} INFO - Processing /Users/az/anaconda3/envs/python38/lib/python3.8/site-packages/airflow/example_dags/example_latest_only_with_trigger.py took 0.153 seconds
[2023-11-09T20:12:48.821-0500] {processor.py:157} INFO - Started process (PID=56468) to work on /Users/az/anaconda3/envs/python38/lib/python3.8/site-packages/airflow/example_dags/example_latest_only_with_trigger.py
[2023-11-09T20:12:48.837-0500] {processor.py:829} INFO - Processing file /Users/az/anaconda3/envs/python38/lib/python3.8/site-packages/airflow/example_dags/example_latest_only_with_trigger.py for tasks to queue
[2023-11-09T20:12:48.837-0500] {logging_mixin.py:154} INFO - [2023-11-09T20:12:48.837-0500] {dagbag.py:536} INFO - Filling up the DagBag from /Users/az/anaconda3/envs/python38/lib/python3.8/site-packages/airflow/example_dags/example_latest_only_with_trigger.py
[2023-11-09T20:12:48.854-0500] {processor.py:839} INFO - DAG(s) dict_keys(['latest_only_with_trigger']) retrieved from /Users/az/anaconda3/envs/python38/lib/python3.8/site-packages/airflow/example_dags/example_latest_only_with_trigger.py
[2023-11-09T20:12:48.965-0500] {logging_mixin.py:154} INFO - [2023-11-09T20:12:48.965-0500] {dag.py:2941} INFO - Sync 1 DAGs
[2023-11-09T20:12:48.974-0500] {logging_mixin.py:154} INFO - [2023-11-09T20:12:48.974-0500] {dag.py:3722} INFO - Setting next_dagrun for latest_only_with_trigger to 2023-11-09T21:12:48.974574+00:00, run_after=2023-11-10T01:12:48.974574+00:00
[2023-11-09T20:12:48.985-0500] {processor.py:179} INFO - Processing /Users/az/anaconda3/envs/python38/lib/python3.8/site-packages/airflow/example_dags/example_latest_only_with_trigger.py took 0.164 seconds
[2023-11-09T20:14:49.224-0500] {processor.py:157} INFO - Started process (PID=56638) to work on /Users/az/anaconda3/envs/python38/lib/python3.8/site-packages/airflow/example_dags/example_latest_only_with_trigger.py
[2023-11-09T20:14:49.228-0500] {processor.py:829} INFO - Processing file /Users/az/anaconda3/envs/python38/lib/python3.8/site-packages/airflow/example_dags/example_latest_only_with_trigger.py for tasks to queue
[2023-11-09T20:14:49.228-0500] {logging_mixin.py:154} INFO - [2023-11-09T20:14:49.228-0500] {dagbag.py:536} INFO - Filling up the DagBag from /Users/az/anaconda3/envs/python38/lib/python3.8/site-packages/airflow/example_dags/example_latest_only_with_trigger.py
[2023-11-09T20:14:49.245-0500] {processor.py:839} INFO - DAG(s) dict_keys(['latest_only_with_trigger']) retrieved from /Users/az/anaconda3/envs/python38/lib/python3.8/site-packages/airflow/example_dags/example_latest_only_with_trigger.py
[2023-11-09T20:14:49.364-0500] {logging_mixin.py:154} INFO - [2023-11-09T20:14:49.364-0500] {dag.py:2941} INFO - Sync 1 DAGs
[2023-11-09T20:14:49.374-0500] {logging_mixin.py:154} INFO - [2023-11-09T20:14:49.374-0500] {dag.py:3722} INFO - Setting next_dagrun for latest_only_with_trigger to 2023-11-09T21:14:49.373960+00:00, run_after=2023-11-10T01:14:49.373960+00:00
[2023-11-09T20:14:49.384-0500] {processor.py:179} INFO - Processing /Users/az/anaconda3/envs/python38/lib/python3.8/site-packages/airflow/example_dags/example_latest_only_with_trigger.py took 0.161 seconds
[2023-11-09T20:16:47.565-0500] {processor.py:157} INFO - Started process (PID=56787) to work on /Users/az/anaconda3/envs/python38/lib/python3.8/site-packages/airflow/example_dags/example_latest_only_with_trigger.py
[2023-11-09T20:16:47.570-0500] {processor.py:829} INFO - Processing file /Users/az/anaconda3/envs/python38/lib/python3.8/site-packages/airflow/example_dags/example_latest_only_with_trigger.py for tasks to queue
[2023-11-09T20:16:47.570-0500] {logging_mixin.py:154} INFO - [2023-11-09T20:16:47.570-0500] {dagbag.py:536} INFO - Filling up the DagBag from /Users/az/anaconda3/envs/python38/lib/python3.8/site-packages/airflow/example_dags/example_latest_only_with_trigger.py
[2023-11-09T20:16:47.585-0500] {processor.py:839} INFO - DAG(s) dict_keys(['latest_only_with_trigger']) retrieved from /Users/az/anaconda3/envs/python38/lib/python3.8/site-packages/airflow/example_dags/example_latest_only_with_trigger.py
[2023-11-09T20:16:47.692-0500] {logging_mixin.py:154} INFO - [2023-11-09T20:16:47.692-0500] {dag.py:2941} INFO - Sync 1 DAGs
[2023-11-09T20:16:47.702-0500] {logging_mixin.py:154} INFO - [2023-11-09T20:16:47.701-0500] {dag.py:3722} INFO - Setting next_dagrun for latest_only_with_trigger to 2023-11-09T21:16:47.701852+00:00, run_after=2023-11-10T01:16:47.701852+00:00
[2023-11-09T20:16:47.712-0500] {processor.py:179} INFO - Processing /Users/az/anaconda3/envs/python38/lib/python3.8/site-packages/airflow/example_dags/example_latest_only_with_trigger.py took 0.147 seconds
[2023-11-09T20:18:46.413-0500] {processor.py:157} INFO - Started process (PID=56935) to work on /Users/az/anaconda3/envs/python38/lib/python3.8/site-packages/airflow/example_dags/example_latest_only_with_trigger.py
[2023-11-09T20:18:46.418-0500] {processor.py:829} INFO - Processing file /Users/az/anaconda3/envs/python38/lib/python3.8/site-packages/airflow/example_dags/example_latest_only_with_trigger.py for tasks to queue
[2023-11-09T20:18:46.418-0500] {logging_mixin.py:154} INFO - [2023-11-09T20:18:46.418-0500] {dagbag.py:536} INFO - Filling up the DagBag from /Users/az/anaconda3/envs/python38/lib/python3.8/site-packages/airflow/example_dags/example_latest_only_with_trigger.py
[2023-11-09T20:18:46.433-0500] {processor.py:839} INFO - DAG(s) dict_keys(['latest_only_with_trigger']) retrieved from /Users/az/anaconda3/envs/python38/lib/python3.8/site-packages/airflow/example_dags/example_latest_only_with_trigger.py
[2023-11-09T20:18:46.540-0500] {logging_mixin.py:154} INFO - [2023-11-09T20:18:46.540-0500] {dag.py:2941} INFO - Sync 1 DAGs
[2023-11-09T20:18:46.549-0500] {logging_mixin.py:154} INFO - [2023-11-09T20:18:46.549-0500] {dag.py:3722} INFO - Setting next_dagrun for latest_only_with_trigger to 2023-11-09T21:18:46.549236+00:00, run_after=2023-11-10T01:18:46.549236+00:00
[2023-11-09T20:18:46.559-0500] {processor.py:179} INFO - Processing /Users/az/anaconda3/envs/python38/lib/python3.8/site-packages/airflow/example_dags/example_latest_only_with_trigger.py took 0.146 seconds
[2023-11-09T20:20:45.484-0500] {processor.py:157} INFO - Started process (PID=57083) to work on /Users/az/anaconda3/envs/python38/lib/python3.8/site-packages/airflow/example_dags/example_latest_only_with_trigger.py
[2023-11-09T20:20:45.488-0500] {processor.py:829} INFO - Processing file /Users/az/anaconda3/envs/python38/lib/python3.8/site-packages/airflow/example_dags/example_latest_only_with_trigger.py for tasks to queue
[2023-11-09T20:20:45.489-0500] {logging_mixin.py:154} INFO - [2023-11-09T20:20:45.489-0500] {dagbag.py:536} INFO - Filling up the DagBag from /Users/az/anaconda3/envs/python38/lib/python3.8/site-packages/airflow/example_dags/example_latest_only_with_trigger.py
[2023-11-09T20:20:45.504-0500] {processor.py:839} INFO - DAG(s) dict_keys(['latest_only_with_trigger']) retrieved from /Users/az/anaconda3/envs/python38/lib/python3.8/site-packages/airflow/example_dags/example_latest_only_with_trigger.py
[2023-11-09T20:20:45.612-0500] {logging_mixin.py:154} INFO - [2023-11-09T20:20:45.612-0500] {dag.py:2941} INFO - Sync 1 DAGs
[2023-11-09T20:20:45.622-0500] {logging_mixin.py:154} INFO - [2023-11-09T20:20:45.621-0500] {dag.py:3722} INFO - Setting next_dagrun for latest_only_with_trigger to 2023-11-09T21:20:45.621827+00:00, run_after=2023-11-10T01:20:45.621827+00:00
[2023-11-09T20:20:45.631-0500] {processor.py:179} INFO - Processing /Users/az/anaconda3/envs/python38/lib/python3.8/site-packages/airflow/example_dags/example_latest_only_with_trigger.py took 0.148 seconds
[2023-11-09T20:22:46.549-0500] {processor.py:157} INFO - Started process (PID=57245) to work on /Users/az/anaconda3/envs/python38/lib/python3.8/site-packages/airflow/example_dags/example_latest_only_with_trigger.py
[2023-11-09T20:22:46.554-0500] {processor.py:829} INFO - Processing file /Users/az/anaconda3/envs/python38/lib/python3.8/site-packages/airflow/example_dags/example_latest_only_with_trigger.py for tasks to queue
[2023-11-09T20:22:46.554-0500] {logging_mixin.py:154} INFO - [2023-11-09T20:22:46.554-0500] {dagbag.py:536} INFO - Filling up the DagBag from /Users/az/anaconda3/envs/python38/lib/python3.8/site-packages/airflow/example_dags/example_latest_only_with_trigger.py
[2023-11-09T20:22:46.569-0500] {processor.py:839} INFO - DAG(s) dict_keys(['latest_only_with_trigger']) retrieved from /Users/az/anaconda3/envs/python38/lib/python3.8/site-packages/airflow/example_dags/example_latest_only_with_trigger.py
[2023-11-09T20:22:46.677-0500] {logging_mixin.py:154} INFO - [2023-11-09T20:22:46.677-0500] {dag.py:2941} INFO - Sync 1 DAGs
[2023-11-09T20:22:46.686-0500] {logging_mixin.py:154} INFO - [2023-11-09T20:22:46.686-0500] {dag.py:3722} INFO - Setting next_dagrun for latest_only_with_trigger to 2023-11-09T21:22:46.686231+00:00, run_after=2023-11-10T01:22:46.686231+00:00
[2023-11-09T20:22:46.696-0500] {processor.py:179} INFO - Processing /Users/az/anaconda3/envs/python38/lib/python3.8/site-packages/airflow/example_dags/example_latest_only_with_trigger.py took 0.147 seconds
[2023-11-09T20:24:44.943-0500] {processor.py:157} INFO - Started process (PID=57395) to work on /Users/az/anaconda3/envs/python38/lib/python3.8/site-packages/airflow/example_dags/example_latest_only_with_trigger.py
[2023-11-09T20:24:44.947-0500] {processor.py:829} INFO - Processing file /Users/az/anaconda3/envs/python38/lib/python3.8/site-packages/airflow/example_dags/example_latest_only_with_trigger.py for tasks to queue
[2023-11-09T20:24:44.947-0500] {logging_mixin.py:154} INFO - [2023-11-09T20:24:44.947-0500] {dagbag.py:536} INFO - Filling up the DagBag from /Users/az/anaconda3/envs/python38/lib/python3.8/site-packages/airflow/example_dags/example_latest_only_with_trigger.py
[2023-11-09T20:24:44.962-0500] {processor.py:839} INFO - DAG(s) dict_keys(['latest_only_with_trigger']) retrieved from /Users/az/anaconda3/envs/python38/lib/python3.8/site-packages/airflow/example_dags/example_latest_only_with_trigger.py
[2023-11-09T20:24:45.070-0500] {logging_mixin.py:154} INFO - [2023-11-09T20:24:45.070-0500] {dag.py:2941} INFO - Sync 1 DAGs
[2023-11-09T20:24:45.079-0500] {logging_mixin.py:154} INFO - [2023-11-09T20:24:45.079-0500] {dag.py:3722} INFO - Setting next_dagrun for latest_only_with_trigger to 2023-11-09T21:24:45.079590+00:00, run_after=2023-11-10T01:24:45.079590+00:00
[2023-11-09T20:24:45.089-0500] {processor.py:179} INFO - Processing /Users/az/anaconda3/envs/python38/lib/python3.8/site-packages/airflow/example_dags/example_latest_only_with_trigger.py took 0.147 seconds
[2023-11-09T20:27:11.151-0500] {processor.py:157} INFO - Started process (PID=57545) to work on /Users/az/anaconda3/envs/python38/lib/python3.8/site-packages/airflow/example_dags/example_latest_only_with_trigger.py
[2023-11-09T20:27:11.155-0500] {processor.py:829} INFO - Processing file /Users/az/anaconda3/envs/python38/lib/python3.8/site-packages/airflow/example_dags/example_latest_only_with_trigger.py for tasks to queue
[2023-11-09T20:27:11.156-0500] {logging_mixin.py:154} INFO - [2023-11-09T20:27:11.156-0500] {dagbag.py:536} INFO - Filling up the DagBag from /Users/az/anaconda3/envs/python38/lib/python3.8/site-packages/airflow/example_dags/example_latest_only_with_trigger.py
[2023-11-09T20:27:11.171-0500] {processor.py:839} INFO - DAG(s) dict_keys(['latest_only_with_trigger']) retrieved from /Users/az/anaconda3/envs/python38/lib/python3.8/site-packages/airflow/example_dags/example_latest_only_with_trigger.py
[2023-11-09T20:27:11.279-0500] {logging_mixin.py:154} INFO - [2023-11-09T20:27:11.279-0500] {dag.py:2941} INFO - Sync 1 DAGs
[2023-11-09T20:27:11.288-0500] {logging_mixin.py:154} INFO - [2023-11-09T20:27:11.288-0500] {dag.py:3722} INFO - Setting next_dagrun for latest_only_with_trigger to 2023-11-09T21:27:11.288541+00:00, run_after=2023-11-10T01:27:11.288541+00:00
[2023-11-09T20:27:11.298-0500] {processor.py:179} INFO - Processing /Users/az/anaconda3/envs/python38/lib/python3.8/site-packages/airflow/example_dags/example_latest_only_with_trigger.py took 0.148 seconds
[2023-11-09T20:47:20.974-0500] {processor.py:157} INFO - Started process (PID=57862) to work on /Users/az/anaconda3/envs/python38/lib/python3.8/site-packages/airflow/example_dags/example_latest_only_with_trigger.py
[2023-11-09T20:47:20.978-0500] {processor.py:829} INFO - Processing file /Users/az/anaconda3/envs/python38/lib/python3.8/site-packages/airflow/example_dags/example_latest_only_with_trigger.py for tasks to queue
[2023-11-09T20:47:20.978-0500] {logging_mixin.py:154} INFO - [2023-11-09T20:47:20.978-0500] {dagbag.py:536} INFO - Filling up the DagBag from /Users/az/anaconda3/envs/python38/lib/python3.8/site-packages/airflow/example_dags/example_latest_only_with_trigger.py
[2023-11-09T20:47:20.993-0500] {processor.py:839} INFO - DAG(s) dict_keys(['latest_only_with_trigger']) retrieved from /Users/az/anaconda3/envs/python38/lib/python3.8/site-packages/airflow/example_dags/example_latest_only_with_trigger.py
[2023-11-09T20:47:21.102-0500] {logging_mixin.py:154} INFO - [2023-11-09T20:47:21.101-0500] {dag.py:2941} INFO - Sync 1 DAGs
[2023-11-09T20:47:21.110-0500] {logging_mixin.py:154} INFO - [2023-11-09T20:47:21.110-0500] {dag.py:3722} INFO - Setting next_dagrun for latest_only_with_trigger to 2023-11-09T21:47:21.110784+00:00, run_after=2023-11-10T01:47:21.110784+00:00
[2023-11-09T20:47:21.121-0500] {processor.py:179} INFO - Processing /Users/az/anaconda3/envs/python38/lib/python3.8/site-packages/airflow/example_dags/example_latest_only_with_trigger.py took 0.147 seconds
[2023-11-09T20:49:18.179-0500] {processor.py:157} INFO - Started process (PID=58008) to work on /Users/az/anaconda3/envs/python38/lib/python3.8/site-packages/airflow/example_dags/example_latest_only_with_trigger.py
[2023-11-09T20:49:18.184-0500] {processor.py:829} INFO - Processing file /Users/az/anaconda3/envs/python38/lib/python3.8/site-packages/airflow/example_dags/example_latest_only_with_trigger.py for tasks to queue
[2023-11-09T20:49:18.184-0500] {logging_mixin.py:154} INFO - [2023-11-09T20:49:18.184-0500] {dagbag.py:536} INFO - Filling up the DagBag from /Users/az/anaconda3/envs/python38/lib/python3.8/site-packages/airflow/example_dags/example_latest_only_with_trigger.py
[2023-11-09T20:49:18.199-0500] {processor.py:839} INFO - DAG(s) dict_keys(['latest_only_with_trigger']) retrieved from /Users/az/anaconda3/envs/python38/lib/python3.8/site-packages/airflow/example_dags/example_latest_only_with_trigger.py
[2023-11-09T20:49:18.308-0500] {logging_mixin.py:154} INFO - [2023-11-09T20:49:18.308-0500] {dag.py:2941} INFO - Sync 1 DAGs
[2023-11-09T20:49:18.317-0500] {logging_mixin.py:154} INFO - [2023-11-09T20:49:18.317-0500] {dag.py:3722} INFO - Setting next_dagrun for latest_only_with_trigger to 2023-11-09T21:49:18.317771+00:00, run_after=2023-11-10T01:49:18.317771+00:00
[2023-11-09T20:49:18.327-0500] {processor.py:179} INFO - Processing /Users/az/anaconda3/envs/python38/lib/python3.8/site-packages/airflow/example_dags/example_latest_only_with_trigger.py took 0.149 seconds
[2023-11-09T20:51:16.256-0500] {processor.py:157} INFO - Started process (PID=58163) to work on /Users/az/anaconda3/envs/python38/lib/python3.8/site-packages/airflow/example_dags/example_latest_only_with_trigger.py
[2023-11-09T20:51:16.261-0500] {processor.py:829} INFO - Processing file /Users/az/anaconda3/envs/python38/lib/python3.8/site-packages/airflow/example_dags/example_latest_only_with_trigger.py for tasks to queue
[2023-11-09T20:51:16.261-0500] {logging_mixin.py:154} INFO - [2023-11-09T20:51:16.261-0500] {dagbag.py:536} INFO - Filling up the DagBag from /Users/az/anaconda3/envs/python38/lib/python3.8/site-packages/airflow/example_dags/example_latest_only_with_trigger.py
[2023-11-09T20:51:16.276-0500] {processor.py:839} INFO - DAG(s) dict_keys(['latest_only_with_trigger']) retrieved from /Users/az/anaconda3/envs/python38/lib/python3.8/site-packages/airflow/example_dags/example_latest_only_with_trigger.py
[2023-11-09T20:51:16.386-0500] {logging_mixin.py:154} INFO - [2023-11-09T20:51:16.386-0500] {dag.py:2941} INFO - Sync 1 DAGs
[2023-11-09T20:51:16.395-0500] {logging_mixin.py:154} INFO - [2023-11-09T20:51:16.395-0500] {dag.py:3722} INFO - Setting next_dagrun for latest_only_with_trigger to 2023-11-09T21:51:16.395511+00:00, run_after=2023-11-10T01:51:16.395511+00:00
[2023-11-09T20:51:16.405-0500] {processor.py:179} INFO - Processing /Users/az/anaconda3/envs/python38/lib/python3.8/site-packages/airflow/example_dags/example_latest_only_with_trigger.py took 0.149 seconds
[2023-11-09T20:53:23.254-0500] {processor.py:157} INFO - Started process (PID=58323) to work on /Users/az/anaconda3/envs/python38/lib/python3.8/site-packages/airflow/example_dags/example_latest_only_with_trigger.py
[2023-11-09T20:53:23.259-0500] {processor.py:829} INFO - Processing file /Users/az/anaconda3/envs/python38/lib/python3.8/site-packages/airflow/example_dags/example_latest_only_with_trigger.py for tasks to queue
[2023-11-09T20:53:23.259-0500] {logging_mixin.py:154} INFO - [2023-11-09T20:53:23.259-0500] {dagbag.py:536} INFO - Filling up the DagBag from /Users/az/anaconda3/envs/python38/lib/python3.8/site-packages/airflow/example_dags/example_latest_only_with_trigger.py
[2023-11-09T20:53:23.274-0500] {processor.py:839} INFO - DAG(s) dict_keys(['latest_only_with_trigger']) retrieved from /Users/az/anaconda3/envs/python38/lib/python3.8/site-packages/airflow/example_dags/example_latest_only_with_trigger.py
[2023-11-09T20:53:23.386-0500] {logging_mixin.py:154} INFO - [2023-11-09T20:53:23.385-0500] {dag.py:2941} INFO - Sync 1 DAGs
[2023-11-09T20:53:23.395-0500] {logging_mixin.py:154} INFO - [2023-11-09T20:53:23.395-0500] {dag.py:3722} INFO - Setting next_dagrun for latest_only_with_trigger to 2023-11-09T21:53:23.394960+00:00, run_after=2023-11-10T01:53:23.394960+00:00
[2023-11-09T20:53:23.404-0500] {processor.py:179} INFO - Processing /Users/az/anaconda3/envs/python38/lib/python3.8/site-packages/airflow/example_dags/example_latest_only_with_trigger.py took 0.151 seconds
[2023-11-09T20:55:46.540-0500] {processor.py:157} INFO - Started process (PID=58494) to work on /Users/az/anaconda3/envs/python38/lib/python3.8/site-packages/airflow/example_dags/example_latest_only_with_trigger.py
[2023-11-09T20:55:46.545-0500] {processor.py:829} INFO - Processing file /Users/az/anaconda3/envs/python38/lib/python3.8/site-packages/airflow/example_dags/example_latest_only_with_trigger.py for tasks to queue
[2023-11-09T20:55:46.545-0500] {logging_mixin.py:154} INFO - [2023-11-09T20:55:46.545-0500] {dagbag.py:536} INFO - Filling up the DagBag from /Users/az/anaconda3/envs/python38/lib/python3.8/site-packages/airflow/example_dags/example_latest_only_with_trigger.py
[2023-11-09T20:55:46.561-0500] {processor.py:839} INFO - DAG(s) dict_keys(['latest_only_with_trigger']) retrieved from /Users/az/anaconda3/envs/python38/lib/python3.8/site-packages/airflow/example_dags/example_latest_only_with_trigger.py
[2023-11-09T20:55:46.668-0500] {logging_mixin.py:154} INFO - [2023-11-09T20:55:46.668-0500] {dag.py:2941} INFO - Sync 1 DAGs
[2023-11-09T20:55:46.677-0500] {logging_mixin.py:154} INFO - [2023-11-09T20:55:46.677-0500] {dag.py:3722} INFO - Setting next_dagrun for latest_only_with_trigger to 2023-11-09T21:55:46.677333+00:00, run_after=2023-11-10T01:55:46.677333+00:00
[2023-11-09T20:55:46.687-0500] {processor.py:179} INFO - Processing /Users/az/anaconda3/envs/python38/lib/python3.8/site-packages/airflow/example_dags/example_latest_only_with_trigger.py took 0.147 seconds
[2023-11-09T20:57:55.731-0500] {processor.py:157} INFO - Started process (PID=58646) to work on /Users/az/anaconda3/envs/python38/lib/python3.8/site-packages/airflow/example_dags/example_latest_only_with_trigger.py
[2023-11-09T20:57:55.735-0500] {processor.py:829} INFO - Processing file /Users/az/anaconda3/envs/python38/lib/python3.8/site-packages/airflow/example_dags/example_latest_only_with_trigger.py for tasks to queue
[2023-11-09T20:57:55.736-0500] {logging_mixin.py:154} INFO - [2023-11-09T20:57:55.736-0500] {dagbag.py:536} INFO - Filling up the DagBag from /Users/az/anaconda3/envs/python38/lib/python3.8/site-packages/airflow/example_dags/example_latest_only_with_trigger.py
[2023-11-09T20:57:55.751-0500] {processor.py:839} INFO - DAG(s) dict_keys(['latest_only_with_trigger']) retrieved from /Users/az/anaconda3/envs/python38/lib/python3.8/site-packages/airflow/example_dags/example_latest_only_with_trigger.py
[2023-11-09T20:57:55.858-0500] {logging_mixin.py:154} INFO - [2023-11-09T20:57:55.858-0500] {dag.py:2941} INFO - Sync 1 DAGs
[2023-11-09T20:57:55.868-0500] {logging_mixin.py:154} INFO - [2023-11-09T20:57:55.867-0500] {dag.py:3722} INFO - Setting next_dagrun for latest_only_with_trigger to 2023-11-09T21:57:55.867869+00:00, run_after=2023-11-10T01:57:55.867869+00:00
[2023-11-09T20:57:55.878-0500] {processor.py:179} INFO - Processing /Users/az/anaconda3/envs/python38/lib/python3.8/site-packages/airflow/example_dags/example_latest_only_with_trigger.py took 0.148 seconds
[2023-11-09T21:00:10.557-0500] {processor.py:157} INFO - Started process (PID=58822) to work on /Users/az/anaconda3/envs/python38/lib/python3.8/site-packages/airflow/example_dags/example_latest_only_with_trigger.py
[2023-11-09T21:00:10.562-0500] {processor.py:829} INFO - Processing file /Users/az/anaconda3/envs/python38/lib/python3.8/site-packages/airflow/example_dags/example_latest_only_with_trigger.py for tasks to queue
[2023-11-09T21:00:10.562-0500] {logging_mixin.py:154} INFO - [2023-11-09T21:00:10.562-0500] {dagbag.py:536} INFO - Filling up the DagBag from /Users/az/anaconda3/envs/python38/lib/python3.8/site-packages/airflow/example_dags/example_latest_only_with_trigger.py
[2023-11-09T21:00:10.577-0500] {processor.py:839} INFO - DAG(s) dict_keys(['latest_only_with_trigger']) retrieved from /Users/az/anaconda3/envs/python38/lib/python3.8/site-packages/airflow/example_dags/example_latest_only_with_trigger.py
[2023-11-09T21:00:10.686-0500] {logging_mixin.py:154} INFO - [2023-11-09T21:00:10.685-0500] {dag.py:2941} INFO - Sync 1 DAGs
[2023-11-09T21:00:10.695-0500] {logging_mixin.py:154} INFO - [2023-11-09T21:00:10.695-0500] {dag.py:3722} INFO - Setting next_dagrun for latest_only_with_trigger to 2023-11-09T22:00:10.695234+00:00, run_after=2023-11-10T02:00:10.695234+00:00
[2023-11-09T21:00:10.705-0500] {processor.py:179} INFO - Processing /Users/az/anaconda3/envs/python38/lib/python3.8/site-packages/airflow/example_dags/example_latest_only_with_trigger.py took 0.149 seconds
[2023-11-09T21:02:18.899-0500] {processor.py:157} INFO - Started process (PID=58992) to work on /Users/az/anaconda3/envs/python38/lib/python3.8/site-packages/airflow/example_dags/example_latest_only_with_trigger.py
[2023-11-09T21:02:18.904-0500] {processor.py:829} INFO - Processing file /Users/az/anaconda3/envs/python38/lib/python3.8/site-packages/airflow/example_dags/example_latest_only_with_trigger.py for tasks to queue
[2023-11-09T21:02:18.904-0500] {logging_mixin.py:154} INFO - [2023-11-09T21:02:18.904-0500] {dagbag.py:536} INFO - Filling up the DagBag from /Users/az/anaconda3/envs/python38/lib/python3.8/site-packages/airflow/example_dags/example_latest_only_with_trigger.py
[2023-11-09T21:02:18.919-0500] {processor.py:839} INFO - DAG(s) dict_keys(['latest_only_with_trigger']) retrieved from /Users/az/anaconda3/envs/python38/lib/python3.8/site-packages/airflow/example_dags/example_latest_only_with_trigger.py
[2023-11-09T21:02:19.027-0500] {logging_mixin.py:154} INFO - [2023-11-09T21:02:19.027-0500] {dag.py:2941} INFO - Sync 1 DAGs
[2023-11-09T21:02:19.036-0500] {logging_mixin.py:154} INFO - [2023-11-09T21:02:19.036-0500] {dag.py:3722} INFO - Setting next_dagrun for latest_only_with_trigger to 2023-11-09T22:02:19.036082+00:00, run_after=2023-11-10T02:02:19.036082+00:00
[2023-11-09T21:02:19.046-0500] {processor.py:179} INFO - Processing /Users/az/anaconda3/envs/python38/lib/python3.8/site-packages/airflow/example_dags/example_latest_only_with_trigger.py took 0.147 seconds
[2023-11-09T21:04:20.169-0500] {processor.py:157} INFO - Started process (PID=59166) to work on /Users/az/anaconda3/envs/python38/lib/python3.8/site-packages/airflow/example_dags/example_latest_only_with_trigger.py
[2023-11-09T21:04:20.174-0500] {processor.py:829} INFO - Processing file /Users/az/anaconda3/envs/python38/lib/python3.8/site-packages/airflow/example_dags/example_latest_only_with_trigger.py for tasks to queue
[2023-11-09T21:04:20.174-0500] {logging_mixin.py:154} INFO - [2023-11-09T21:04:20.174-0500] {dagbag.py:536} INFO - Filling up the DagBag from /Users/az/anaconda3/envs/python38/lib/python3.8/site-packages/airflow/example_dags/example_latest_only_with_trigger.py
[2023-11-09T21:04:20.190-0500] {processor.py:839} INFO - DAG(s) dict_keys(['latest_only_with_trigger']) retrieved from /Users/az/anaconda3/envs/python38/lib/python3.8/site-packages/airflow/example_dags/example_latest_only_with_trigger.py
[2023-11-09T21:04:20.297-0500] {logging_mixin.py:154} INFO - [2023-11-09T21:04:20.297-0500] {dag.py:2941} INFO - Sync 1 DAGs
[2023-11-09T21:04:20.306-0500] {logging_mixin.py:154} INFO - [2023-11-09T21:04:20.306-0500] {dag.py:3722} INFO - Setting next_dagrun for latest_only_with_trigger to 2023-11-09T22:04:20.306691+00:00, run_after=2023-11-10T02:04:20.306691+00:00
[2023-11-09T21:04:20.316-0500] {processor.py:179} INFO - Processing /Users/az/anaconda3/envs/python38/lib/python3.8/site-packages/airflow/example_dags/example_latest_only_with_trigger.py took 0.147 seconds
[2023-11-09T21:06:22.352-0500] {processor.py:157} INFO - Started process (PID=59333) to work on /Users/az/anaconda3/envs/python38/lib/python3.8/site-packages/airflow/example_dags/example_latest_only_with_trigger.py
[2023-11-09T21:06:22.356-0500] {processor.py:829} INFO - Processing file /Users/az/anaconda3/envs/python38/lib/python3.8/site-packages/airflow/example_dags/example_latest_only_with_trigger.py for tasks to queue
[2023-11-09T21:06:22.357-0500] {logging_mixin.py:154} INFO - [2023-11-09T21:06:22.357-0500] {dagbag.py:536} INFO - Filling up the DagBag from /Users/az/anaconda3/envs/python38/lib/python3.8/site-packages/airflow/example_dags/example_latest_only_with_trigger.py
[2023-11-09T21:06:22.372-0500] {processor.py:839} INFO - DAG(s) dict_keys(['latest_only_with_trigger']) retrieved from /Users/az/anaconda3/envs/python38/lib/python3.8/site-packages/airflow/example_dags/example_latest_only_with_trigger.py
[2023-11-09T21:06:22.479-0500] {logging_mixin.py:154} INFO - [2023-11-09T21:06:22.479-0500] {dag.py:2941} INFO - Sync 1 DAGs
[2023-11-09T21:06:22.488-0500] {logging_mixin.py:154} INFO - [2023-11-09T21:06:22.488-0500] {dag.py:3722} INFO - Setting next_dagrun for latest_only_with_trigger to 2023-11-09T22:06:22.488457+00:00, run_after=2023-11-10T02:06:22.488457+00:00
[2023-11-09T21:06:22.498-0500] {processor.py:179} INFO - Processing /Users/az/anaconda3/envs/python38/lib/python3.8/site-packages/airflow/example_dags/example_latest_only_with_trigger.py took 0.147 seconds
[2023-11-09T21:08:19.516-0500] {processor.py:157} INFO - Started process (PID=59472) to work on /Users/az/anaconda3/envs/python38/lib/python3.8/site-packages/airflow/example_dags/example_latest_only_with_trigger.py
[2023-11-09T21:08:19.520-0500] {processor.py:829} INFO - Processing file /Users/az/anaconda3/envs/python38/lib/python3.8/site-packages/airflow/example_dags/example_latest_only_with_trigger.py for tasks to queue
[2023-11-09T21:08:19.520-0500] {logging_mixin.py:154} INFO - [2023-11-09T21:08:19.520-0500] {dagbag.py:536} INFO - Filling up the DagBag from /Users/az/anaconda3/envs/python38/lib/python3.8/site-packages/airflow/example_dags/example_latest_only_with_trigger.py
[2023-11-09T21:08:19.536-0500] {processor.py:839} INFO - DAG(s) dict_keys(['latest_only_with_trigger']) retrieved from /Users/az/anaconda3/envs/python38/lib/python3.8/site-packages/airflow/example_dags/example_latest_only_with_trigger.py
[2023-11-09T21:08:19.643-0500] {logging_mixin.py:154} INFO - [2023-11-09T21:08:19.643-0500] {dag.py:2941} INFO - Sync 1 DAGs
[2023-11-09T21:08:19.652-0500] {logging_mixin.py:154} INFO - [2023-11-09T21:08:19.652-0500] {dag.py:3722} INFO - Setting next_dagrun for latest_only_with_trigger to 2023-11-09T22:08:19.652224+00:00, run_after=2023-11-10T02:08:19.652224+00:00
[2023-11-09T21:08:19.662-0500] {processor.py:179} INFO - Processing /Users/az/anaconda3/envs/python38/lib/python3.8/site-packages/airflow/example_dags/example_latest_only_with_trigger.py took 0.146 seconds
[2023-11-09T21:10:23.557-0500] {processor.py:157} INFO - Started process (PID=59643) to work on /Users/az/anaconda3/envs/python38/lib/python3.8/site-packages/airflow/example_dags/example_latest_only_with_trigger.py
[2023-11-09T21:10:23.561-0500] {processor.py:829} INFO - Processing file /Users/az/anaconda3/envs/python38/lib/python3.8/site-packages/airflow/example_dags/example_latest_only_with_trigger.py for tasks to queue
[2023-11-09T21:10:23.561-0500] {logging_mixin.py:154} INFO - [2023-11-09T21:10:23.561-0500] {dagbag.py:536} INFO - Filling up the DagBag from /Users/az/anaconda3/envs/python38/lib/python3.8/site-packages/airflow/example_dags/example_latest_only_with_trigger.py
[2023-11-09T21:10:23.579-0500] {processor.py:839} INFO - DAG(s) dict_keys(['latest_only_with_trigger']) retrieved from /Users/az/anaconda3/envs/python38/lib/python3.8/site-packages/airflow/example_dags/example_latest_only_with_trigger.py
[2023-11-09T21:10:23.694-0500] {logging_mixin.py:154} INFO - [2023-11-09T21:10:23.694-0500] {dag.py:2941} INFO - Sync 1 DAGs
[2023-11-09T21:10:23.704-0500] {logging_mixin.py:154} INFO - [2023-11-09T21:10:23.704-0500] {dag.py:3722} INFO - Setting next_dagrun for latest_only_with_trigger to 2023-11-09T22:10:23.704218+00:00, run_after=2023-11-10T02:10:23.704218+00:00
[2023-11-09T21:10:23.714-0500] {processor.py:179} INFO - Processing /Users/az/anaconda3/envs/python38/lib/python3.8/site-packages/airflow/example_dags/example_latest_only_with_trigger.py took 0.158 seconds
[2023-11-09T21:12:23.056-0500] {processor.py:157} INFO - Started process (PID=59790) to work on /Users/az/anaconda3/envs/python38/lib/python3.8/site-packages/airflow/example_dags/example_latest_only_with_trigger.py
[2023-11-09T21:12:23.061-0500] {processor.py:829} INFO - Processing file /Users/az/anaconda3/envs/python38/lib/python3.8/site-packages/airflow/example_dags/example_latest_only_with_trigger.py for tasks to queue
[2023-11-09T21:12:23.061-0500] {logging_mixin.py:154} INFO - [2023-11-09T21:12:23.061-0500] {dagbag.py:536} INFO - Filling up the DagBag from /Users/az/anaconda3/envs/python38/lib/python3.8/site-packages/airflow/example_dags/example_latest_only_with_trigger.py
[2023-11-09T21:12:23.077-0500] {processor.py:839} INFO - DAG(s) dict_keys(['latest_only_with_trigger']) retrieved from /Users/az/anaconda3/envs/python38/lib/python3.8/site-packages/airflow/example_dags/example_latest_only_with_trigger.py
[2023-11-09T21:12:23.186-0500] {logging_mixin.py:154} INFO - [2023-11-09T21:12:23.186-0500] {dag.py:2941} INFO - Sync 1 DAGs
[2023-11-09T21:12:23.195-0500] {logging_mixin.py:154} INFO - [2023-11-09T21:12:23.195-0500] {dag.py:3722} INFO - Setting next_dagrun for latest_only_with_trigger to 2023-11-09T22:12:23.195689+00:00, run_after=2023-11-10T02:12:23.195689+00:00
[2023-11-09T21:12:23.206-0500] {processor.py:179} INFO - Processing /Users/az/anaconda3/envs/python38/lib/python3.8/site-packages/airflow/example_dags/example_latest_only_with_trigger.py took 0.150 seconds
[2023-11-09T21:14:22.441-0500] {processor.py:157} INFO - Started process (PID=59941) to work on /Users/az/anaconda3/envs/python38/lib/python3.8/site-packages/airflow/example_dags/example_latest_only_with_trigger.py
[2023-11-09T21:14:22.446-0500] {processor.py:829} INFO - Processing file /Users/az/anaconda3/envs/python38/lib/python3.8/site-packages/airflow/example_dags/example_latest_only_with_trigger.py for tasks to queue
[2023-11-09T21:14:22.446-0500] {logging_mixin.py:154} INFO - [2023-11-09T21:14:22.446-0500] {dagbag.py:536} INFO - Filling up the DagBag from /Users/az/anaconda3/envs/python38/lib/python3.8/site-packages/airflow/example_dags/example_latest_only_with_trigger.py
[2023-11-09T21:14:22.463-0500] {processor.py:839} INFO - DAG(s) dict_keys(['latest_only_with_trigger']) retrieved from /Users/az/anaconda3/envs/python38/lib/python3.8/site-packages/airflow/example_dags/example_latest_only_with_trigger.py
[2023-11-09T21:14:22.571-0500] {logging_mixin.py:154} INFO - [2023-11-09T21:14:22.571-0500] {dag.py:2941} INFO - Sync 1 DAGs
[2023-11-09T21:14:22.580-0500] {logging_mixin.py:154} INFO - [2023-11-09T21:14:22.580-0500] {dag.py:3722} INFO - Setting next_dagrun for latest_only_with_trigger to 2023-11-09T22:14:22.580387+00:00, run_after=2023-11-10T02:14:22.580387+00:00
[2023-11-09T21:14:22.590-0500] {processor.py:179} INFO - Processing /Users/az/anaconda3/envs/python38/lib/python3.8/site-packages/airflow/example_dags/example_latest_only_with_trigger.py took 0.149 seconds
