[2023-11-09T19:00:58.529-0500] {processor.py:157} INFO - Started process (PID=48827) to work on /Users/az/anaconda3/envs/python38/lib/python3.8/site-packages/airflow/example_dags/example_setup_teardown_taskflow.py
[2023-11-09T19:00:58.533-0500] {processor.py:829} INFO - Processing file /Users/az/anaconda3/envs/python38/lib/python3.8/site-packages/airflow/example_dags/example_setup_teardown_taskflow.py for tasks to queue
[2023-11-09T19:00:58.533-0500] {logging_mixin.py:154} INFO - [2023-11-09T19:00:58.533-0500] {dagbag.py:536} INFO - Filling up the DagBag from /Users/az/anaconda3/envs/python38/lib/python3.8/site-packages/airflow/example_dags/example_setup_teardown_taskflow.py
[2023-11-09T19:00:58.571-0500] {processor.py:839} INFO - DAG(s) dict_keys(['example_setup_teardown_taskflow']) retrieved from /Users/az/anaconda3/envs/python38/lib/python3.8/site-packages/airflow/example_dags/example_setup_teardown_taskflow.py
[2023-11-09T19:00:58.682-0500] {logging_mixin.py:154} INFO - [2023-11-09T19:00:58.682-0500] {dag.py:2941} INFO - Sync 1 DAGs
[2023-11-09T19:00:58.692-0500] {logging_mixin.py:154} INFO - [2023-11-09T19:00:58.691-0500] {dag.py:3722} INFO - Setting next_dagrun for example_setup_teardown_taskflow to 2023-11-09T00:00:58.691922+00:00, run_after=2023-11-10T00:00:58.691922+00:00
[2023-11-09T19:00:58.702-0500] {processor.py:179} INFO - Processing /Users/az/anaconda3/envs/python38/lib/python3.8/site-packages/airflow/example_dags/example_setup_teardown_taskflow.py took 0.174 seconds
[2023-11-09T19:03:06.237-0500] {processor.py:157} INFO - Started process (PID=48997) to work on /Users/az/anaconda3/envs/python38/lib/python3.8/site-packages/airflow/example_dags/example_setup_teardown_taskflow.py
[2023-11-09T19:03:06.242-0500] {processor.py:829} INFO - Processing file /Users/az/anaconda3/envs/python38/lib/python3.8/site-packages/airflow/example_dags/example_setup_teardown_taskflow.py for tasks to queue
[2023-11-09T19:03:06.242-0500] {logging_mixin.py:154} INFO - [2023-11-09T19:03:06.242-0500] {dagbag.py:536} INFO - Filling up the DagBag from /Users/az/anaconda3/envs/python38/lib/python3.8/site-packages/airflow/example_dags/example_setup_teardown_taskflow.py
[2023-11-09T19:03:06.275-0500] {processor.py:839} INFO - DAG(s) dict_keys(['example_setup_teardown_taskflow']) retrieved from /Users/az/anaconda3/envs/python38/lib/python3.8/site-packages/airflow/example_dags/example_setup_teardown_taskflow.py
[2023-11-09T19:03:06.382-0500] {logging_mixin.py:154} INFO - [2023-11-09T19:03:06.382-0500] {dag.py:2941} INFO - Sync 1 DAGs
[2023-11-09T19:03:06.392-0500] {logging_mixin.py:154} INFO - [2023-11-09T19:03:06.392-0500] {dag.py:3722} INFO - Setting next_dagrun for example_setup_teardown_taskflow to 2023-11-09T00:03:06.392100+00:00, run_after=2023-11-10T00:03:06.392100+00:00
[2023-11-09T19:03:06.402-0500] {processor.py:179} INFO - Processing /Users/az/anaconda3/envs/python38/lib/python3.8/site-packages/airflow/example_dags/example_setup_teardown_taskflow.py took 0.165 seconds
[2023-11-09T19:05:09.331-0500] {processor.py:157} INFO - Started process (PID=49153) to work on /Users/az/anaconda3/envs/python38/lib/python3.8/site-packages/airflow/example_dags/example_setup_teardown_taskflow.py
[2023-11-09T19:05:09.336-0500] {processor.py:829} INFO - Processing file /Users/az/anaconda3/envs/python38/lib/python3.8/site-packages/airflow/example_dags/example_setup_teardown_taskflow.py for tasks to queue
[2023-11-09T19:05:09.336-0500] {logging_mixin.py:154} INFO - [2023-11-09T19:05:09.336-0500] {dagbag.py:536} INFO - Filling up the DagBag from /Users/az/anaconda3/envs/python38/lib/python3.8/site-packages/airflow/example_dags/example_setup_teardown_taskflow.py
[2023-11-09T19:05:09.392-0500] {processor.py:839} INFO - DAG(s) dict_keys(['example_setup_teardown_taskflow']) retrieved from /Users/az/anaconda3/envs/python38/lib/python3.8/site-packages/airflow/example_dags/example_setup_teardown_taskflow.py
[2023-11-09T19:05:09.530-0500] {logging_mixin.py:154} INFO - [2023-11-09T19:05:09.528-0500] {dag.py:2941} INFO - Sync 1 DAGs
[2023-11-09T19:05:09.541-0500] {logging_mixin.py:154} INFO - [2023-11-09T19:05:09.541-0500] {dag.py:3722} INFO - Setting next_dagrun for example_setup_teardown_taskflow to 2023-11-09T00:05:09.541257+00:00, run_after=2023-11-10T00:05:09.541257+00:00
[2023-11-09T19:05:09.552-0500] {processor.py:179} INFO - Processing /Users/az/anaconda3/envs/python38/lib/python3.8/site-packages/airflow/example_dags/example_setup_teardown_taskflow.py took 0.221 seconds
[2023-11-09T19:07:08.810-0500] {processor.py:157} INFO - Started process (PID=49300) to work on /Users/az/anaconda3/envs/python38/lib/python3.8/site-packages/airflow/example_dags/example_setup_teardown_taskflow.py
[2023-11-09T19:07:08.815-0500] {processor.py:829} INFO - Processing file /Users/az/anaconda3/envs/python38/lib/python3.8/site-packages/airflow/example_dags/example_setup_teardown_taskflow.py for tasks to queue
[2023-11-09T19:07:08.815-0500] {logging_mixin.py:154} INFO - [2023-11-09T19:07:08.815-0500] {dagbag.py:536} INFO - Filling up the DagBag from /Users/az/anaconda3/envs/python38/lib/python3.8/site-packages/airflow/example_dags/example_setup_teardown_taskflow.py
[2023-11-09T19:07:08.849-0500] {processor.py:839} INFO - DAG(s) dict_keys(['example_setup_teardown_taskflow']) retrieved from /Users/az/anaconda3/envs/python38/lib/python3.8/site-packages/airflow/example_dags/example_setup_teardown_taskflow.py
[2023-11-09T19:07:08.951-0500] {logging_mixin.py:154} INFO - [2023-11-09T19:07:08.951-0500] {dag.py:2941} INFO - Sync 1 DAGs
[2023-11-09T19:07:08.961-0500] {logging_mixin.py:154} INFO - [2023-11-09T19:07:08.961-0500] {dag.py:3722} INFO - Setting next_dagrun for example_setup_teardown_taskflow to 2023-11-09T00:07:08.961382+00:00, run_after=2023-11-10T00:07:08.961382+00:00
[2023-11-09T19:07:08.971-0500] {processor.py:179} INFO - Processing /Users/az/anaconda3/envs/python38/lib/python3.8/site-packages/airflow/example_dags/example_setup_teardown_taskflow.py took 0.162 seconds
[2023-11-09T19:09:11.142-0500] {processor.py:157} INFO - Started process (PID=49445) to work on /Users/az/anaconda3/envs/python38/lib/python3.8/site-packages/airflow/example_dags/example_setup_teardown_taskflow.py
[2023-11-09T19:09:11.146-0500] {processor.py:829} INFO - Processing file /Users/az/anaconda3/envs/python38/lib/python3.8/site-packages/airflow/example_dags/example_setup_teardown_taskflow.py for tasks to queue
[2023-11-09T19:09:11.146-0500] {logging_mixin.py:154} INFO - [2023-11-09T19:09:11.146-0500] {dagbag.py:536} INFO - Filling up the DagBag from /Users/az/anaconda3/envs/python38/lib/python3.8/site-packages/airflow/example_dags/example_setup_teardown_taskflow.py
[2023-11-09T19:09:11.183-0500] {processor.py:839} INFO - DAG(s) dict_keys(['example_setup_teardown_taskflow']) retrieved from /Users/az/anaconda3/envs/python38/lib/python3.8/site-packages/airflow/example_dags/example_setup_teardown_taskflow.py
[2023-11-09T19:09:11.296-0500] {logging_mixin.py:154} INFO - [2023-11-09T19:09:11.296-0500] {dag.py:2941} INFO - Sync 1 DAGs
[2023-11-09T19:09:11.306-0500] {logging_mixin.py:154} INFO - [2023-11-09T19:09:11.306-0500] {dag.py:3722} INFO - Setting next_dagrun for example_setup_teardown_taskflow to 2023-11-09T00:09:11.306602+00:00, run_after=2023-11-10T00:09:11.306602+00:00
[2023-11-09T19:09:11.317-0500] {processor.py:179} INFO - Processing /Users/az/anaconda3/envs/python38/lib/python3.8/site-packages/airflow/example_dags/example_setup_teardown_taskflow.py took 0.175 seconds
[2023-11-09T19:11:15.807-0500] {processor.py:157} INFO - Started process (PID=49603) to work on /Users/az/anaconda3/envs/python38/lib/python3.8/site-packages/airflow/example_dags/example_setup_teardown_taskflow.py
[2023-11-09T19:11:15.811-0500] {processor.py:829} INFO - Processing file /Users/az/anaconda3/envs/python38/lib/python3.8/site-packages/airflow/example_dags/example_setup_teardown_taskflow.py for tasks to queue
[2023-11-09T19:11:15.811-0500] {logging_mixin.py:154} INFO - [2023-11-09T19:11:15.811-0500] {dagbag.py:536} INFO - Filling up the DagBag from /Users/az/anaconda3/envs/python38/lib/python3.8/site-packages/airflow/example_dags/example_setup_teardown_taskflow.py
[2023-11-09T19:11:15.844-0500] {processor.py:839} INFO - DAG(s) dict_keys(['example_setup_teardown_taskflow']) retrieved from /Users/az/anaconda3/envs/python38/lib/python3.8/site-packages/airflow/example_dags/example_setup_teardown_taskflow.py
[2023-11-09T19:11:15.946-0500] {logging_mixin.py:154} INFO - [2023-11-09T19:11:15.946-0500] {dag.py:2941} INFO - Sync 1 DAGs
[2023-11-09T19:11:15.956-0500] {logging_mixin.py:154} INFO - [2023-11-09T19:11:15.956-0500] {dag.py:3722} INFO - Setting next_dagrun for example_setup_teardown_taskflow to 2023-11-09T00:11:15.956299+00:00, run_after=2023-11-10T00:11:15.956299+00:00
[2023-11-09T19:11:15.966-0500] {processor.py:179} INFO - Processing /Users/az/anaconda3/envs/python38/lib/python3.8/site-packages/airflow/example_dags/example_setup_teardown_taskflow.py took 0.160 seconds
[2023-11-09T19:13:09.047-0500] {processor.py:157} INFO - Started process (PID=49753) to work on /Users/az/anaconda3/envs/python38/lib/python3.8/site-packages/airflow/example_dags/example_setup_teardown_taskflow.py
[2023-11-09T19:13:09.051-0500] {processor.py:829} INFO - Processing file /Users/az/anaconda3/envs/python38/lib/python3.8/site-packages/airflow/example_dags/example_setup_teardown_taskflow.py for tasks to queue
[2023-11-09T19:13:09.051-0500] {logging_mixin.py:154} INFO - [2023-11-09T19:13:09.051-0500] {dagbag.py:536} INFO - Filling up the DagBag from /Users/az/anaconda3/envs/python38/lib/python3.8/site-packages/airflow/example_dags/example_setup_teardown_taskflow.py
[2023-11-09T19:13:09.092-0500] {processor.py:839} INFO - DAG(s) dict_keys(['example_setup_teardown_taskflow']) retrieved from /Users/az/anaconda3/envs/python38/lib/python3.8/site-packages/airflow/example_dags/example_setup_teardown_taskflow.py
[2023-11-09T19:13:09.203-0500] {logging_mixin.py:154} INFO - [2023-11-09T19:13:09.203-0500] {dag.py:2941} INFO - Sync 1 DAGs
[2023-11-09T19:13:09.233-0500] {logging_mixin.py:154} INFO - [2023-11-09T19:13:09.232-0500] {dag.py:3722} INFO - Setting next_dagrun for example_setup_teardown_taskflow to 2023-11-09T00:13:09.231789+00:00, run_after=2023-11-10T00:13:09.231789+00:00
[2023-11-09T19:13:09.244-0500] {processor.py:179} INFO - Processing /Users/az/anaconda3/envs/python38/lib/python3.8/site-packages/airflow/example_dags/example_setup_teardown_taskflow.py took 0.198 seconds
[2023-11-09T19:15:05.347-0500] {processor.py:157} INFO - Started process (PID=49889) to work on /Users/az/anaconda3/envs/python38/lib/python3.8/site-packages/airflow/example_dags/example_setup_teardown_taskflow.py
[2023-11-09T19:15:05.351-0500] {processor.py:829} INFO - Processing file /Users/az/anaconda3/envs/python38/lib/python3.8/site-packages/airflow/example_dags/example_setup_teardown_taskflow.py for tasks to queue
[2023-11-09T19:15:05.351-0500] {logging_mixin.py:154} INFO - [2023-11-09T19:15:05.351-0500] {dagbag.py:536} INFO - Filling up the DagBag from /Users/az/anaconda3/envs/python38/lib/python3.8/site-packages/airflow/example_dags/example_setup_teardown_taskflow.py
[2023-11-09T19:15:05.385-0500] {processor.py:839} INFO - DAG(s) dict_keys(['example_setup_teardown_taskflow']) retrieved from /Users/az/anaconda3/envs/python38/lib/python3.8/site-packages/airflow/example_dags/example_setup_teardown_taskflow.py
[2023-11-09T19:15:05.489-0500] {logging_mixin.py:154} INFO - [2023-11-09T19:15:05.489-0500] {dag.py:2941} INFO - Sync 1 DAGs
[2023-11-09T19:15:05.499-0500] {logging_mixin.py:154} INFO - [2023-11-09T19:15:05.499-0500] {dag.py:3722} INFO - Setting next_dagrun for example_setup_teardown_taskflow to 2023-11-09T00:15:05.499174+00:00, run_after=2023-11-10T00:15:05.499174+00:00
[2023-11-09T19:15:05.509-0500] {processor.py:179} INFO - Processing /Users/az/anaconda3/envs/python38/lib/python3.8/site-packages/airflow/example_dags/example_setup_teardown_taskflow.py took 0.162 seconds
[2023-11-09T19:17:09.320-0500] {processor.py:157} INFO - Started process (PID=50047) to work on /Users/az/anaconda3/envs/python38/lib/python3.8/site-packages/airflow/example_dags/example_setup_teardown_taskflow.py
[2023-11-09T19:17:09.324-0500] {processor.py:829} INFO - Processing file /Users/az/anaconda3/envs/python38/lib/python3.8/site-packages/airflow/example_dags/example_setup_teardown_taskflow.py for tasks to queue
[2023-11-09T19:17:09.325-0500] {logging_mixin.py:154} INFO - [2023-11-09T19:17:09.324-0500] {dagbag.py:536} INFO - Filling up the DagBag from /Users/az/anaconda3/envs/python38/lib/python3.8/site-packages/airflow/example_dags/example_setup_teardown_taskflow.py
[2023-11-09T19:17:09.360-0500] {processor.py:839} INFO - DAG(s) dict_keys(['example_setup_teardown_taskflow']) retrieved from /Users/az/anaconda3/envs/python38/lib/python3.8/site-packages/airflow/example_dags/example_setup_teardown_taskflow.py
[2023-11-09T19:17:09.465-0500] {logging_mixin.py:154} INFO - [2023-11-09T19:17:09.465-0500] {dag.py:2941} INFO - Sync 1 DAGs
[2023-11-09T19:17:09.475-0500] {logging_mixin.py:154} INFO - [2023-11-09T19:17:09.475-0500] {dag.py:3722} INFO - Setting next_dagrun for example_setup_teardown_taskflow to 2023-11-09T00:17:09.475529+00:00, run_after=2023-11-10T00:17:09.475529+00:00
[2023-11-09T19:17:09.485-0500] {processor.py:179} INFO - Processing /Users/az/anaconda3/envs/python38/lib/python3.8/site-packages/airflow/example_dags/example_setup_teardown_taskflow.py took 0.165 seconds
[2023-11-09T19:18:20.117-0500] {processor.py:157} INFO - Started process (PID=50134) to work on /Users/az/anaconda3/envs/python38/lib/python3.8/site-packages/airflow/example_dags/example_setup_teardown_taskflow.py
[2023-11-09T19:18:20.123-0500] {processor.py:829} INFO - Processing file /Users/az/anaconda3/envs/python38/lib/python3.8/site-packages/airflow/example_dags/example_setup_teardown_taskflow.py for tasks to queue
[2023-11-09T19:18:20.123-0500] {logging_mixin.py:154} INFO - [2023-11-09T19:18:20.123-0500] {dagbag.py:536} INFO - Filling up the DagBag from /Users/az/anaconda3/envs/python38/lib/python3.8/site-packages/airflow/example_dags/example_setup_teardown_taskflow.py
[2023-11-09T19:18:20.159-0500] {processor.py:839} INFO - DAG(s) dict_keys(['example_setup_teardown_taskflow']) retrieved from /Users/az/anaconda3/envs/python38/lib/python3.8/site-packages/airflow/example_dags/example_setup_teardown_taskflow.py
[2023-11-09T19:18:20.272-0500] {logging_mixin.py:154} INFO - [2023-11-09T19:18:20.272-0500] {dag.py:2941} INFO - Sync 1 DAGs
[2023-11-09T19:18:20.281-0500] {logging_mixin.py:154} INFO - [2023-11-09T19:18:20.281-0500] {dag.py:3722} INFO - Setting next_dagrun for example_setup_teardown_taskflow to 2023-11-09T00:18:20.281576+00:00, run_after=2023-11-10T00:18:20.281576+00:00
[2023-11-09T19:18:20.292-0500] {processor.py:179} INFO - Processing /Users/az/anaconda3/envs/python38/lib/python3.8/site-packages/airflow/example_dags/example_setup_teardown_taskflow.py took 0.175 seconds
[2023-11-09T19:20:24.568-0500] {processor.py:157} INFO - Started process (PID=50287) to work on /Users/az/anaconda3/envs/python38/lib/python3.8/site-packages/airflow/example_dags/example_setup_teardown_taskflow.py
[2023-11-09T19:20:24.573-0500] {processor.py:829} INFO - Processing file /Users/az/anaconda3/envs/python38/lib/python3.8/site-packages/airflow/example_dags/example_setup_teardown_taskflow.py for tasks to queue
[2023-11-09T19:20:24.573-0500] {logging_mixin.py:154} INFO - [2023-11-09T19:20:24.573-0500] {dagbag.py:536} INFO - Filling up the DagBag from /Users/az/anaconda3/envs/python38/lib/python3.8/site-packages/airflow/example_dags/example_setup_teardown_taskflow.py
[2023-11-09T19:20:24.606-0500] {processor.py:839} INFO - DAG(s) dict_keys(['example_setup_teardown_taskflow']) retrieved from /Users/az/anaconda3/envs/python38/lib/python3.8/site-packages/airflow/example_dags/example_setup_teardown_taskflow.py
[2023-11-09T19:20:24.709-0500] {logging_mixin.py:154} INFO - [2023-11-09T19:20:24.709-0500] {dag.py:2941} INFO - Sync 1 DAGs
[2023-11-09T19:20:24.719-0500] {logging_mixin.py:154} INFO - [2023-11-09T19:20:24.719-0500] {dag.py:3722} INFO - Setting next_dagrun for example_setup_teardown_taskflow to 2023-11-09T00:20:24.719469+00:00, run_after=2023-11-10T00:20:24.719469+00:00
[2023-11-09T19:20:24.729-0500] {processor.py:179} INFO - Processing /Users/az/anaconda3/envs/python38/lib/python3.8/site-packages/airflow/example_dags/example_setup_teardown_taskflow.py took 0.162 seconds
[2023-11-09T19:22:26.838-0500] {processor.py:157} INFO - Started process (PID=50432) to work on /Users/az/anaconda3/envs/python38/lib/python3.8/site-packages/airflow/example_dags/example_setup_teardown_taskflow.py
[2023-11-09T19:22:26.842-0500] {processor.py:829} INFO - Processing file /Users/az/anaconda3/envs/python38/lib/python3.8/site-packages/airflow/example_dags/example_setup_teardown_taskflow.py for tasks to queue
[2023-11-09T19:22:26.843-0500] {logging_mixin.py:154} INFO - [2023-11-09T19:22:26.843-0500] {dagbag.py:536} INFO - Filling up the DagBag from /Users/az/anaconda3/envs/python38/lib/python3.8/site-packages/airflow/example_dags/example_setup_teardown_taskflow.py
[2023-11-09T19:22:26.876-0500] {processor.py:839} INFO - DAG(s) dict_keys(['example_setup_teardown_taskflow']) retrieved from /Users/az/anaconda3/envs/python38/lib/python3.8/site-packages/airflow/example_dags/example_setup_teardown_taskflow.py
[2023-11-09T19:22:26.981-0500] {logging_mixin.py:154} INFO - [2023-11-09T19:22:26.981-0500] {dag.py:2941} INFO - Sync 1 DAGs
[2023-11-09T19:22:26.991-0500] {logging_mixin.py:154} INFO - [2023-11-09T19:22:26.991-0500] {dag.py:3722} INFO - Setting next_dagrun for example_setup_teardown_taskflow to 2023-11-09T00:22:26.991213+00:00, run_after=2023-11-10T00:22:26.991213+00:00
[2023-11-09T19:22:27.001-0500] {processor.py:179} INFO - Processing /Users/az/anaconda3/envs/python38/lib/python3.8/site-packages/airflow/example_dags/example_setup_teardown_taskflow.py took 0.163 seconds
[2023-11-09T19:23:39.530-0500] {processor.py:157} INFO - Started process (PID=50539) to work on /Users/az/anaconda3/envs/python38/lib/python3.8/site-packages/airflow/example_dags/example_setup_teardown_taskflow.py
[2023-11-09T19:23:39.534-0500] {processor.py:829} INFO - Processing file /Users/az/anaconda3/envs/python38/lib/python3.8/site-packages/airflow/example_dags/example_setup_teardown_taskflow.py for tasks to queue
[2023-11-09T19:23:39.535-0500] {logging_mixin.py:154} INFO - [2023-11-09T19:23:39.535-0500] {dagbag.py:536} INFO - Filling up the DagBag from /Users/az/anaconda3/envs/python38/lib/python3.8/site-packages/airflow/example_dags/example_setup_teardown_taskflow.py
[2023-11-09T19:23:39.568-0500] {processor.py:839} INFO - DAG(s) dict_keys(['example_setup_teardown_taskflow']) retrieved from /Users/az/anaconda3/envs/python38/lib/python3.8/site-packages/airflow/example_dags/example_setup_teardown_taskflow.py
[2023-11-09T19:23:39.671-0500] {logging_mixin.py:154} INFO - [2023-11-09T19:23:39.671-0500] {dag.py:2941} INFO - Sync 1 DAGs
[2023-11-09T19:23:39.681-0500] {logging_mixin.py:154} INFO - [2023-11-09T19:23:39.681-0500] {dag.py:3722} INFO - Setting next_dagrun for example_setup_teardown_taskflow to 2023-11-09T00:23:39.681253+00:00, run_after=2023-11-10T00:23:39.681253+00:00
[2023-11-09T19:23:39.691-0500] {processor.py:179} INFO - Processing /Users/az/anaconda3/envs/python38/lib/python3.8/site-packages/airflow/example_dags/example_setup_teardown_taskflow.py took 0.162 seconds
[2023-11-09T19:25:41.543-0500] {processor.py:157} INFO - Started process (PID=50689) to work on /Users/az/anaconda3/envs/python38/lib/python3.8/site-packages/airflow/example_dags/example_setup_teardown_taskflow.py
[2023-11-09T19:25:41.547-0500] {processor.py:829} INFO - Processing file /Users/az/anaconda3/envs/python38/lib/python3.8/site-packages/airflow/example_dags/example_setup_teardown_taskflow.py for tasks to queue
[2023-11-09T19:25:41.548-0500] {logging_mixin.py:154} INFO - [2023-11-09T19:25:41.548-0500] {dagbag.py:536} INFO - Filling up the DagBag from /Users/az/anaconda3/envs/python38/lib/python3.8/site-packages/airflow/example_dags/example_setup_teardown_taskflow.py
[2023-11-09T19:25:41.581-0500] {processor.py:839} INFO - DAG(s) dict_keys(['example_setup_teardown_taskflow']) retrieved from /Users/az/anaconda3/envs/python38/lib/python3.8/site-packages/airflow/example_dags/example_setup_teardown_taskflow.py
[2023-11-09T19:25:41.685-0500] {logging_mixin.py:154} INFO - [2023-11-09T19:25:41.684-0500] {dag.py:2941} INFO - Sync 1 DAGs
[2023-11-09T19:25:41.694-0500] {logging_mixin.py:154} INFO - [2023-11-09T19:25:41.694-0500] {dag.py:3722} INFO - Setting next_dagrun for example_setup_teardown_taskflow to 2023-11-09T00:25:41.694573+00:00, run_after=2023-11-10T00:25:41.694573+00:00
[2023-11-09T19:25:41.705-0500] {processor.py:179} INFO - Processing /Users/az/anaconda3/envs/python38/lib/python3.8/site-packages/airflow/example_dags/example_setup_teardown_taskflow.py took 0.163 seconds
[2023-11-09T19:27:56.189-0500] {processor.py:157} INFO - Started process (PID=50859) to work on /Users/az/anaconda3/envs/python38/lib/python3.8/site-packages/airflow/example_dags/example_setup_teardown_taskflow.py
[2023-11-09T19:27:56.194-0500] {processor.py:829} INFO - Processing file /Users/az/anaconda3/envs/python38/lib/python3.8/site-packages/airflow/example_dags/example_setup_teardown_taskflow.py for tasks to queue
[2023-11-09T19:27:56.194-0500] {logging_mixin.py:154} INFO - [2023-11-09T19:27:56.194-0500] {dagbag.py:536} INFO - Filling up the DagBag from /Users/az/anaconda3/envs/python38/lib/python3.8/site-packages/airflow/example_dags/example_setup_teardown_taskflow.py
[2023-11-09T19:27:56.227-0500] {processor.py:839} INFO - DAG(s) dict_keys(['example_setup_teardown_taskflow']) retrieved from /Users/az/anaconda3/envs/python38/lib/python3.8/site-packages/airflow/example_dags/example_setup_teardown_taskflow.py
[2023-11-09T19:27:56.330-0500] {logging_mixin.py:154} INFO - [2023-11-09T19:27:56.330-0500] {dag.py:2941} INFO - Sync 1 DAGs
[2023-11-09T19:27:56.340-0500] {logging_mixin.py:154} INFO - [2023-11-09T19:27:56.340-0500] {dag.py:3722} INFO - Setting next_dagrun for example_setup_teardown_taskflow to 2023-11-09T00:27:56.340133+00:00, run_after=2023-11-10T00:27:56.340133+00:00
[2023-11-09T19:27:56.350-0500] {processor.py:179} INFO - Processing /Users/az/anaconda3/envs/python38/lib/python3.8/site-packages/airflow/example_dags/example_setup_teardown_taskflow.py took 0.162 seconds
[2023-11-09T19:30:01.104-0500] {processor.py:157} INFO - Started process (PID=51009) to work on /Users/az/anaconda3/envs/python38/lib/python3.8/site-packages/airflow/example_dags/example_setup_teardown_taskflow.py
[2023-11-09T19:30:01.109-0500] {processor.py:829} INFO - Processing file /Users/az/anaconda3/envs/python38/lib/python3.8/site-packages/airflow/example_dags/example_setup_teardown_taskflow.py for tasks to queue
[2023-11-09T19:30:01.109-0500] {logging_mixin.py:154} INFO - [2023-11-09T19:30:01.109-0500] {dagbag.py:536} INFO - Filling up the DagBag from /Users/az/anaconda3/envs/python38/lib/python3.8/site-packages/airflow/example_dags/example_setup_teardown_taskflow.py
[2023-11-09T19:30:01.142-0500] {processor.py:839} INFO - DAG(s) dict_keys(['example_setup_teardown_taskflow']) retrieved from /Users/az/anaconda3/envs/python38/lib/python3.8/site-packages/airflow/example_dags/example_setup_teardown_taskflow.py
[2023-11-09T19:30:01.245-0500] {logging_mixin.py:154} INFO - [2023-11-09T19:30:01.245-0500] {dag.py:2941} INFO - Sync 1 DAGs
[2023-11-09T19:30:01.255-0500] {logging_mixin.py:154} INFO - [2023-11-09T19:30:01.255-0500] {dag.py:3722} INFO - Setting next_dagrun for example_setup_teardown_taskflow to 2023-11-09T00:30:01.255100+00:00, run_after=2023-11-10T00:30:01.255100+00:00
[2023-11-09T19:30:01.265-0500] {processor.py:179} INFO - Processing /Users/az/anaconda3/envs/python38/lib/python3.8/site-packages/airflow/example_dags/example_setup_teardown_taskflow.py took 0.162 seconds
[2023-11-09T19:32:06.790-0500] {processor.py:157} INFO - Started process (PID=51170) to work on /Users/az/anaconda3/envs/python38/lib/python3.8/site-packages/airflow/example_dags/example_setup_teardown_taskflow.py
[2023-11-09T19:32:06.795-0500] {processor.py:829} INFO - Processing file /Users/az/anaconda3/envs/python38/lib/python3.8/site-packages/airflow/example_dags/example_setup_teardown_taskflow.py for tasks to queue
[2023-11-09T19:32:06.795-0500] {logging_mixin.py:154} INFO - [2023-11-09T19:32:06.795-0500] {dagbag.py:536} INFO - Filling up the DagBag from /Users/az/anaconda3/envs/python38/lib/python3.8/site-packages/airflow/example_dags/example_setup_teardown_taskflow.py
[2023-11-09T19:32:06.829-0500] {processor.py:839} INFO - DAG(s) dict_keys(['example_setup_teardown_taskflow']) retrieved from /Users/az/anaconda3/envs/python38/lib/python3.8/site-packages/airflow/example_dags/example_setup_teardown_taskflow.py
[2023-11-09T19:32:06.939-0500] {logging_mixin.py:154} INFO - [2023-11-09T19:32:06.938-0500] {dag.py:2941} INFO - Sync 1 DAGs
[2023-11-09T19:32:06.948-0500] {logging_mixin.py:154} INFO - [2023-11-09T19:32:06.948-0500] {dag.py:3722} INFO - Setting next_dagrun for example_setup_teardown_taskflow to 2023-11-09T00:32:06.948659+00:00, run_after=2023-11-10T00:32:06.948659+00:00
[2023-11-09T19:32:06.958-0500] {processor.py:179} INFO - Processing /Users/az/anaconda3/envs/python38/lib/python3.8/site-packages/airflow/example_dags/example_setup_teardown_taskflow.py took 0.168 seconds
[2023-11-09T19:34:35.242-0500] {processor.py:157} INFO - Started process (PID=51610) to work on /Users/az/anaconda3/envs/python38/lib/python3.8/site-packages/airflow/example_dags/example_setup_teardown_taskflow.py
[2023-11-09T19:34:35.248-0500] {processor.py:829} INFO - Processing file /Users/az/anaconda3/envs/python38/lib/python3.8/site-packages/airflow/example_dags/example_setup_teardown_taskflow.py for tasks to queue
[2023-11-09T19:34:35.248-0500] {logging_mixin.py:154} INFO - [2023-11-09T19:34:35.248-0500] {dagbag.py:536} INFO - Filling up the DagBag from /Users/az/anaconda3/envs/python38/lib/python3.8/site-packages/airflow/example_dags/example_setup_teardown_taskflow.py
[2023-11-09T19:34:35.388-0500] {processor.py:839} INFO - DAG(s) dict_keys(['example_setup_teardown_taskflow']) retrieved from /Users/az/anaconda3/envs/python38/lib/python3.8/site-packages/airflow/example_dags/example_setup_teardown_taskflow.py
[2023-11-09T19:34:35.561-0500] {logging_mixin.py:154} INFO - [2023-11-09T19:34:35.561-0500] {dag.py:2941} INFO - Sync 1 DAGs
[2023-11-09T19:34:35.571-0500] {logging_mixin.py:154} INFO - [2023-11-09T19:34:35.571-0500] {dag.py:3722} INFO - Setting next_dagrun for example_setup_teardown_taskflow to 2023-11-09T00:34:35.571128+00:00, run_after=2023-11-10T00:34:35.571128+00:00
[2023-11-09T19:34:35.581-0500] {processor.py:179} INFO - Processing /Users/az/anaconda3/envs/python38/lib/python3.8/site-packages/airflow/example_dags/example_setup_teardown_taskflow.py took 0.341 seconds
[2023-11-09T19:36:33.056-0500] {processor.py:157} INFO - Started process (PID=53342) to work on /Users/az/anaconda3/envs/python38/lib/python3.8/site-packages/airflow/example_dags/example_setup_teardown_taskflow.py
[2023-11-09T19:36:33.060-0500] {processor.py:829} INFO - Processing file /Users/az/anaconda3/envs/python38/lib/python3.8/site-packages/airflow/example_dags/example_setup_teardown_taskflow.py for tasks to queue
[2023-11-09T19:36:33.061-0500] {logging_mixin.py:154} INFO - [2023-11-09T19:36:33.061-0500] {dagbag.py:536} INFO - Filling up the DagBag from /Users/az/anaconda3/envs/python38/lib/python3.8/site-packages/airflow/example_dags/example_setup_teardown_taskflow.py
[2023-11-09T19:36:33.094-0500] {processor.py:839} INFO - DAG(s) dict_keys(['example_setup_teardown_taskflow']) retrieved from /Users/az/anaconda3/envs/python38/lib/python3.8/site-packages/airflow/example_dags/example_setup_teardown_taskflow.py
[2023-11-09T19:36:33.197-0500] {logging_mixin.py:154} INFO - [2023-11-09T19:36:33.197-0500] {dag.py:2941} INFO - Sync 1 DAGs
[2023-11-09T19:36:33.207-0500] {logging_mixin.py:154} INFO - [2023-11-09T19:36:33.207-0500] {dag.py:3722} INFO - Setting next_dagrun for example_setup_teardown_taskflow to 2023-11-09T00:36:33.207314+00:00, run_after=2023-11-10T00:36:33.207314+00:00
[2023-11-09T19:36:33.217-0500] {processor.py:179} INFO - Processing /Users/az/anaconda3/envs/python38/lib/python3.8/site-packages/airflow/example_dags/example_setup_teardown_taskflow.py took 0.162 seconds
[2023-11-09T19:38:32.891-0500] {processor.py:157} INFO - Started process (PID=53494) to work on /Users/az/anaconda3/envs/python38/lib/python3.8/site-packages/airflow/example_dags/example_setup_teardown_taskflow.py
[2023-11-09T19:38:32.896-0500] {processor.py:829} INFO - Processing file /Users/az/anaconda3/envs/python38/lib/python3.8/site-packages/airflow/example_dags/example_setup_teardown_taskflow.py for tasks to queue
[2023-11-09T19:38:32.896-0500] {logging_mixin.py:154} INFO - [2023-11-09T19:38:32.896-0500] {dagbag.py:536} INFO - Filling up the DagBag from /Users/az/anaconda3/envs/python38/lib/python3.8/site-packages/airflow/example_dags/example_setup_teardown_taskflow.py
[2023-11-09T19:38:32.930-0500] {processor.py:839} INFO - DAG(s) dict_keys(['example_setup_teardown_taskflow']) retrieved from /Users/az/anaconda3/envs/python38/lib/python3.8/site-packages/airflow/example_dags/example_setup_teardown_taskflow.py
[2023-11-09T19:38:33.033-0500] {logging_mixin.py:154} INFO - [2023-11-09T19:38:33.033-0500] {dag.py:2941} INFO - Sync 1 DAGs
[2023-11-09T19:38:33.043-0500] {logging_mixin.py:154} INFO - [2023-11-09T19:38:33.043-0500] {dag.py:3722} INFO - Setting next_dagrun for example_setup_teardown_taskflow to 2023-11-09T00:38:33.043090+00:00, run_after=2023-11-10T00:38:33.043090+00:00
[2023-11-09T19:38:33.053-0500] {processor.py:179} INFO - Processing /Users/az/anaconda3/envs/python38/lib/python3.8/site-packages/airflow/example_dags/example_setup_teardown_taskflow.py took 0.162 seconds
[2023-11-09T19:40:31.019-0500] {processor.py:157} INFO - Started process (PID=53645) to work on /Users/az/anaconda3/envs/python38/lib/python3.8/site-packages/airflow/example_dags/example_setup_teardown_taskflow.py
[2023-11-09T19:40:31.024-0500] {processor.py:829} INFO - Processing file /Users/az/anaconda3/envs/python38/lib/python3.8/site-packages/airflow/example_dags/example_setup_teardown_taskflow.py for tasks to queue
[2023-11-09T19:40:31.024-0500] {logging_mixin.py:154} INFO - [2023-11-09T19:40:31.024-0500] {dagbag.py:536} INFO - Filling up the DagBag from /Users/az/anaconda3/envs/python38/lib/python3.8/site-packages/airflow/example_dags/example_setup_teardown_taskflow.py
[2023-11-09T19:40:31.057-0500] {processor.py:839} INFO - DAG(s) dict_keys(['example_setup_teardown_taskflow']) retrieved from /Users/az/anaconda3/envs/python38/lib/python3.8/site-packages/airflow/example_dags/example_setup_teardown_taskflow.py
[2023-11-09T19:40:31.162-0500] {logging_mixin.py:154} INFO - [2023-11-09T19:40:31.162-0500] {dag.py:2941} INFO - Sync 1 DAGs
[2023-11-09T19:40:31.171-0500] {logging_mixin.py:154} INFO - [2023-11-09T19:40:31.171-0500] {dag.py:3722} INFO - Setting next_dagrun for example_setup_teardown_taskflow to 2023-11-09T00:40:31.171689+00:00, run_after=2023-11-10T00:40:31.171689+00:00
[2023-11-09T19:40:31.182-0500] {processor.py:179} INFO - Processing /Users/az/anaconda3/envs/python38/lib/python3.8/site-packages/airflow/example_dags/example_setup_teardown_taskflow.py took 0.163 seconds
[2023-11-09T19:42:46.931-0500] {processor.py:157} INFO - Started process (PID=54108) to work on /Users/az/anaconda3/envs/python38/lib/python3.8/site-packages/airflow/example_dags/example_setup_teardown_taskflow.py
[2023-11-09T19:42:46.936-0500] {processor.py:829} INFO - Processing file /Users/az/anaconda3/envs/python38/lib/python3.8/site-packages/airflow/example_dags/example_setup_teardown_taskflow.py for tasks to queue
[2023-11-09T19:42:46.936-0500] {logging_mixin.py:154} INFO - [2023-11-09T19:42:46.936-0500] {dagbag.py:536} INFO - Filling up the DagBag from /Users/az/anaconda3/envs/python38/lib/python3.8/site-packages/airflow/example_dags/example_setup_teardown_taskflow.py
[2023-11-09T19:42:46.969-0500] {processor.py:839} INFO - DAG(s) dict_keys(['example_setup_teardown_taskflow']) retrieved from /Users/az/anaconda3/envs/python38/lib/python3.8/site-packages/airflow/example_dags/example_setup_teardown_taskflow.py
[2023-11-09T19:42:47.072-0500] {logging_mixin.py:154} INFO - [2023-11-09T19:42:47.072-0500] {dag.py:2941} INFO - Sync 1 DAGs
[2023-11-09T19:42:47.082-0500] {logging_mixin.py:154} INFO - [2023-11-09T19:42:47.082-0500] {dag.py:3722} INFO - Setting next_dagrun for example_setup_teardown_taskflow to 2023-11-09T00:42:47.082103+00:00, run_after=2023-11-10T00:42:47.082103+00:00
[2023-11-09T19:42:47.092-0500] {processor.py:179} INFO - Processing /Users/az/anaconda3/envs/python38/lib/python3.8/site-packages/airflow/example_dags/example_setup_teardown_taskflow.py took 0.162 seconds
[2023-11-09T19:44:44.054-0500] {processor.py:157} INFO - Started process (PID=54261) to work on /Users/az/anaconda3/envs/python38/lib/python3.8/site-packages/airflow/example_dags/example_setup_teardown_taskflow.py
[2023-11-09T19:44:44.059-0500] {processor.py:829} INFO - Processing file /Users/az/anaconda3/envs/python38/lib/python3.8/site-packages/airflow/example_dags/example_setup_teardown_taskflow.py for tasks to queue
[2023-11-09T19:44:44.059-0500] {logging_mixin.py:154} INFO - [2023-11-09T19:44:44.059-0500] {dagbag.py:536} INFO - Filling up the DagBag from /Users/az/anaconda3/envs/python38/lib/python3.8/site-packages/airflow/example_dags/example_setup_teardown_taskflow.py
[2023-11-09T19:44:44.093-0500] {processor.py:839} INFO - DAG(s) dict_keys(['example_setup_teardown_taskflow']) retrieved from /Users/az/anaconda3/envs/python38/lib/python3.8/site-packages/airflow/example_dags/example_setup_teardown_taskflow.py
[2023-11-09T19:44:44.195-0500] {logging_mixin.py:154} INFO - [2023-11-09T19:44:44.195-0500] {dag.py:2941} INFO - Sync 1 DAGs
[2023-11-09T19:44:44.205-0500] {logging_mixin.py:154} INFO - [2023-11-09T19:44:44.205-0500] {dag.py:3722} INFO - Setting next_dagrun for example_setup_teardown_taskflow to 2023-11-09T00:44:44.205243+00:00, run_after=2023-11-10T00:44:44.205243+00:00
[2023-11-09T19:44:44.215-0500] {processor.py:179} INFO - Processing /Users/az/anaconda3/envs/python38/lib/python3.8/site-packages/airflow/example_dags/example_setup_teardown_taskflow.py took 0.161 seconds
[2023-11-09T19:46:39.708-0500] {processor.py:157} INFO - Started process (PID=54410) to work on /Users/az/anaconda3/envs/python38/lib/python3.8/site-packages/airflow/example_dags/example_setup_teardown_taskflow.py
[2023-11-09T19:46:39.712-0500] {processor.py:829} INFO - Processing file /Users/az/anaconda3/envs/python38/lib/python3.8/site-packages/airflow/example_dags/example_setup_teardown_taskflow.py for tasks to queue
[2023-11-09T19:46:39.713-0500] {logging_mixin.py:154} INFO - [2023-11-09T19:46:39.713-0500] {dagbag.py:536} INFO - Filling up the DagBag from /Users/az/anaconda3/envs/python38/lib/python3.8/site-packages/airflow/example_dags/example_setup_teardown_taskflow.py
[2023-11-09T19:46:39.749-0500] {processor.py:839} INFO - DAG(s) dict_keys(['example_setup_teardown_taskflow']) retrieved from /Users/az/anaconda3/envs/python38/lib/python3.8/site-packages/airflow/example_dags/example_setup_teardown_taskflow.py
[2023-11-09T19:46:39.854-0500] {logging_mixin.py:154} INFO - [2023-11-09T19:46:39.853-0500] {dag.py:2941} INFO - Sync 1 DAGs
[2023-11-09T19:46:39.868-0500] {logging_mixin.py:154} INFO - [2023-11-09T19:46:39.868-0500] {dag.py:3722} INFO - Setting next_dagrun for example_setup_teardown_taskflow to 2023-11-09T00:46:39.868141+00:00, run_after=2023-11-10T00:46:39.868141+00:00
[2023-11-09T19:46:39.878-0500] {processor.py:179} INFO - Processing /Users/az/anaconda3/envs/python38/lib/python3.8/site-packages/airflow/example_dags/example_setup_teardown_taskflow.py took 0.170 seconds
[2023-11-09T19:48:39.939-0500] {processor.py:157} INFO - Started process (PID=54562) to work on /Users/az/anaconda3/envs/python38/lib/python3.8/site-packages/airflow/example_dags/example_setup_teardown_taskflow.py
[2023-11-09T19:48:39.944-0500] {processor.py:829} INFO - Processing file /Users/az/anaconda3/envs/python38/lib/python3.8/site-packages/airflow/example_dags/example_setup_teardown_taskflow.py for tasks to queue
[2023-11-09T19:48:39.944-0500] {logging_mixin.py:154} INFO - [2023-11-09T19:48:39.944-0500] {dagbag.py:536} INFO - Filling up the DagBag from /Users/az/anaconda3/envs/python38/lib/python3.8/site-packages/airflow/example_dags/example_setup_teardown_taskflow.py
[2023-11-09T19:48:39.978-0500] {processor.py:839} INFO - DAG(s) dict_keys(['example_setup_teardown_taskflow']) retrieved from /Users/az/anaconda3/envs/python38/lib/python3.8/site-packages/airflow/example_dags/example_setup_teardown_taskflow.py
[2023-11-09T19:48:40.082-0500] {logging_mixin.py:154} INFO - [2023-11-09T19:48:40.081-0500] {dag.py:2941} INFO - Sync 1 DAGs
[2023-11-09T19:48:40.091-0500] {logging_mixin.py:154} INFO - [2023-11-09T19:48:40.091-0500] {dag.py:3722} INFO - Setting next_dagrun for example_setup_teardown_taskflow to 2023-11-09T00:48:40.091650+00:00, run_after=2023-11-10T00:48:40.091650+00:00
[2023-11-09T19:48:40.102-0500] {processor.py:179} INFO - Processing /Users/az/anaconda3/envs/python38/lib/python3.8/site-packages/airflow/example_dags/example_setup_teardown_taskflow.py took 0.163 seconds
[2023-11-09T19:50:37.347-0500] {processor.py:157} INFO - Started process (PID=54711) to work on /Users/az/anaconda3/envs/python38/lib/python3.8/site-packages/airflow/example_dags/example_setup_teardown_taskflow.py
[2023-11-09T19:50:37.352-0500] {processor.py:829} INFO - Processing file /Users/az/anaconda3/envs/python38/lib/python3.8/site-packages/airflow/example_dags/example_setup_teardown_taskflow.py for tasks to queue
[2023-11-09T19:50:37.352-0500] {logging_mixin.py:154} INFO - [2023-11-09T19:50:37.352-0500] {dagbag.py:536} INFO - Filling up the DagBag from /Users/az/anaconda3/envs/python38/lib/python3.8/site-packages/airflow/example_dags/example_setup_teardown_taskflow.py
[2023-11-09T19:50:37.385-0500] {processor.py:839} INFO - DAG(s) dict_keys(['example_setup_teardown_taskflow']) retrieved from /Users/az/anaconda3/envs/python38/lib/python3.8/site-packages/airflow/example_dags/example_setup_teardown_taskflow.py
[2023-11-09T19:50:37.489-0500] {logging_mixin.py:154} INFO - [2023-11-09T19:50:37.489-0500] {dag.py:2941} INFO - Sync 1 DAGs
[2023-11-09T19:50:37.499-0500] {logging_mixin.py:154} INFO - [2023-11-09T19:50:37.498-0500] {dag.py:3722} INFO - Setting next_dagrun for example_setup_teardown_taskflow to 2023-11-09T00:50:37.498896+00:00, run_after=2023-11-10T00:50:37.498896+00:00
[2023-11-09T19:50:37.509-0500] {processor.py:179} INFO - Processing /Users/az/anaconda3/envs/python38/lib/python3.8/site-packages/airflow/example_dags/example_setup_teardown_taskflow.py took 0.162 seconds
[2023-11-09T19:52:35.934-0500] {processor.py:157} INFO - Started process (PID=54860) to work on /Users/az/anaconda3/envs/python38/lib/python3.8/site-packages/airflow/example_dags/example_setup_teardown_taskflow.py
[2023-11-09T19:52:35.939-0500] {processor.py:829} INFO - Processing file /Users/az/anaconda3/envs/python38/lib/python3.8/site-packages/airflow/example_dags/example_setup_teardown_taskflow.py for tasks to queue
[2023-11-09T19:52:35.939-0500] {logging_mixin.py:154} INFO - [2023-11-09T19:52:35.939-0500] {dagbag.py:536} INFO - Filling up the DagBag from /Users/az/anaconda3/envs/python38/lib/python3.8/site-packages/airflow/example_dags/example_setup_teardown_taskflow.py
[2023-11-09T19:52:35.974-0500] {processor.py:839} INFO - DAG(s) dict_keys(['example_setup_teardown_taskflow']) retrieved from /Users/az/anaconda3/envs/python38/lib/python3.8/site-packages/airflow/example_dags/example_setup_teardown_taskflow.py
[2023-11-09T19:52:36.076-0500] {logging_mixin.py:154} INFO - [2023-11-09T19:52:36.076-0500] {dag.py:2941} INFO - Sync 1 DAGs
[2023-11-09T19:52:36.086-0500] {logging_mixin.py:154} INFO - [2023-11-09T19:52:36.086-0500] {dag.py:3722} INFO - Setting next_dagrun for example_setup_teardown_taskflow to 2023-11-09T00:52:36.086192+00:00, run_after=2023-11-10T00:52:36.086192+00:00
[2023-11-09T19:52:36.096-0500] {processor.py:179} INFO - Processing /Users/az/anaconda3/envs/python38/lib/python3.8/site-packages/airflow/example_dags/example_setup_teardown_taskflow.py took 0.162 seconds
[2023-11-09T19:54:37.376-0500] {processor.py:157} INFO - Started process (PID=55016) to work on /Users/az/anaconda3/envs/python38/lib/python3.8/site-packages/airflow/example_dags/example_setup_teardown_taskflow.py
[2023-11-09T19:54:37.381-0500] {processor.py:829} INFO - Processing file /Users/az/anaconda3/envs/python38/lib/python3.8/site-packages/airflow/example_dags/example_setup_teardown_taskflow.py for tasks to queue
[2023-11-09T19:54:37.381-0500] {logging_mixin.py:154} INFO - [2023-11-09T19:54:37.381-0500] {dagbag.py:536} INFO - Filling up the DagBag from /Users/az/anaconda3/envs/python38/lib/python3.8/site-packages/airflow/example_dags/example_setup_teardown_taskflow.py
[2023-11-09T19:54:37.414-0500] {processor.py:839} INFO - DAG(s) dict_keys(['example_setup_teardown_taskflow']) retrieved from /Users/az/anaconda3/envs/python38/lib/python3.8/site-packages/airflow/example_dags/example_setup_teardown_taskflow.py
[2023-11-09T19:54:37.518-0500] {logging_mixin.py:154} INFO - [2023-11-09T19:54:37.518-0500] {dag.py:2941} INFO - Sync 1 DAGs
[2023-11-09T19:54:37.528-0500] {logging_mixin.py:154} INFO - [2023-11-09T19:54:37.528-0500] {dag.py:3722} INFO - Setting next_dagrun for example_setup_teardown_taskflow to 2023-11-09T00:54:37.527931+00:00, run_after=2023-11-10T00:54:37.527931+00:00
[2023-11-09T19:54:37.538-0500] {processor.py:179} INFO - Processing /Users/az/anaconda3/envs/python38/lib/python3.8/site-packages/airflow/example_dags/example_setup_teardown_taskflow.py took 0.162 seconds
[2023-11-09T19:56:34.278-0500] {processor.py:157} INFO - Started process (PID=55166) to work on /Users/az/anaconda3/envs/python38/lib/python3.8/site-packages/airflow/example_dags/example_setup_teardown_taskflow.py
[2023-11-09T19:56:34.282-0500] {processor.py:829} INFO - Processing file /Users/az/anaconda3/envs/python38/lib/python3.8/site-packages/airflow/example_dags/example_setup_teardown_taskflow.py for tasks to queue
[2023-11-09T19:56:34.283-0500] {logging_mixin.py:154} INFO - [2023-11-09T19:56:34.283-0500] {dagbag.py:536} INFO - Filling up the DagBag from /Users/az/anaconda3/envs/python38/lib/python3.8/site-packages/airflow/example_dags/example_setup_teardown_taskflow.py
[2023-11-09T19:56:34.316-0500] {processor.py:839} INFO - DAG(s) dict_keys(['example_setup_teardown_taskflow']) retrieved from /Users/az/anaconda3/envs/python38/lib/python3.8/site-packages/airflow/example_dags/example_setup_teardown_taskflow.py
[2023-11-09T19:56:34.420-0500] {logging_mixin.py:154} INFO - [2023-11-09T19:56:34.420-0500] {dag.py:2941} INFO - Sync 1 DAGs
[2023-11-09T19:56:34.430-0500] {logging_mixin.py:154} INFO - [2023-11-09T19:56:34.429-0500] {dag.py:3722} INFO - Setting next_dagrun for example_setup_teardown_taskflow to 2023-11-09T00:56:34.429837+00:00, run_after=2023-11-10T00:56:34.429837+00:00
[2023-11-09T19:56:34.440-0500] {processor.py:179} INFO - Processing /Users/az/anaconda3/envs/python38/lib/python3.8/site-packages/airflow/example_dags/example_setup_teardown_taskflow.py took 0.163 seconds
[2023-11-09T19:58:34.906-0500] {processor.py:157} INFO - Started process (PID=55324) to work on /Users/az/anaconda3/envs/python38/lib/python3.8/site-packages/airflow/example_dags/example_setup_teardown_taskflow.py
[2023-11-09T19:58:34.911-0500] {processor.py:829} INFO - Processing file /Users/az/anaconda3/envs/python38/lib/python3.8/site-packages/airflow/example_dags/example_setup_teardown_taskflow.py for tasks to queue
[2023-11-09T19:58:34.911-0500] {logging_mixin.py:154} INFO - [2023-11-09T19:58:34.911-0500] {dagbag.py:536} INFO - Filling up the DagBag from /Users/az/anaconda3/envs/python38/lib/python3.8/site-packages/airflow/example_dags/example_setup_teardown_taskflow.py
[2023-11-09T19:58:34.945-0500] {processor.py:839} INFO - DAG(s) dict_keys(['example_setup_teardown_taskflow']) retrieved from /Users/az/anaconda3/envs/python38/lib/python3.8/site-packages/airflow/example_dags/example_setup_teardown_taskflow.py
[2023-11-09T19:58:35.051-0500] {logging_mixin.py:154} INFO - [2023-11-09T19:58:35.051-0500] {dag.py:2941} INFO - Sync 1 DAGs
[2023-11-09T19:58:35.061-0500] {logging_mixin.py:154} INFO - [2023-11-09T19:58:35.061-0500] {dag.py:3722} INFO - Setting next_dagrun for example_setup_teardown_taskflow to 2023-11-09T00:58:35.061366+00:00, run_after=2023-11-10T00:58:35.061366+00:00
[2023-11-09T19:58:35.071-0500] {processor.py:179} INFO - Processing /Users/az/anaconda3/envs/python38/lib/python3.8/site-packages/airflow/example_dags/example_setup_teardown_taskflow.py took 0.165 seconds
[2023-11-09T20:00:35.620-0500] {processor.py:157} INFO - Started process (PID=55477) to work on /Users/az/anaconda3/envs/python38/lib/python3.8/site-packages/airflow/example_dags/example_setup_teardown_taskflow.py
[2023-11-09T20:00:35.624-0500] {processor.py:829} INFO - Processing file /Users/az/anaconda3/envs/python38/lib/python3.8/site-packages/airflow/example_dags/example_setup_teardown_taskflow.py for tasks to queue
[2023-11-09T20:00:35.625-0500] {logging_mixin.py:154} INFO - [2023-11-09T20:00:35.624-0500] {dagbag.py:536} INFO - Filling up the DagBag from /Users/az/anaconda3/envs/python38/lib/python3.8/site-packages/airflow/example_dags/example_setup_teardown_taskflow.py
[2023-11-09T20:00:35.659-0500] {processor.py:839} INFO - DAG(s) dict_keys(['example_setup_teardown_taskflow']) retrieved from /Users/az/anaconda3/envs/python38/lib/python3.8/site-packages/airflow/example_dags/example_setup_teardown_taskflow.py
[2023-11-09T20:00:35.765-0500] {logging_mixin.py:154} INFO - [2023-11-09T20:00:35.764-0500] {dag.py:2941} INFO - Sync 1 DAGs
[2023-11-09T20:00:35.779-0500] {logging_mixin.py:154} INFO - [2023-11-09T20:00:35.779-0500] {dag.py:3722} INFO - Setting next_dagrun for example_setup_teardown_taskflow to 2023-11-09T01:00:35.778964+00:00, run_after=2023-11-10T01:00:35.778964+00:00
[2023-11-09T20:00:35.792-0500] {processor.py:179} INFO - Processing /Users/az/anaconda3/envs/python38/lib/python3.8/site-packages/airflow/example_dags/example_setup_teardown_taskflow.py took 0.172 seconds
[2023-11-09T20:02:38.143-0500] {processor.py:157} INFO - Started process (PID=55643) to work on /Users/az/anaconda3/envs/python38/lib/python3.8/site-packages/airflow/example_dags/example_setup_teardown_taskflow.py
[2023-11-09T20:02:38.147-0500] {processor.py:829} INFO - Processing file /Users/az/anaconda3/envs/python38/lib/python3.8/site-packages/airflow/example_dags/example_setup_teardown_taskflow.py for tasks to queue
[2023-11-09T20:02:38.147-0500] {logging_mixin.py:154} INFO - [2023-11-09T20:02:38.147-0500] {dagbag.py:536} INFO - Filling up the DagBag from /Users/az/anaconda3/envs/python38/lib/python3.8/site-packages/airflow/example_dags/example_setup_teardown_taskflow.py
[2023-11-09T20:02:38.181-0500] {processor.py:839} INFO - DAG(s) dict_keys(['example_setup_teardown_taskflow']) retrieved from /Users/az/anaconda3/envs/python38/lib/python3.8/site-packages/airflow/example_dags/example_setup_teardown_taskflow.py
[2023-11-09T20:02:38.284-0500] {logging_mixin.py:154} INFO - [2023-11-09T20:02:38.284-0500] {dag.py:2941} INFO - Sync 1 DAGs
[2023-11-09T20:02:38.294-0500] {logging_mixin.py:154} INFO - [2023-11-09T20:02:38.294-0500] {dag.py:3722} INFO - Setting next_dagrun for example_setup_teardown_taskflow to 2023-11-09T01:02:38.294307+00:00, run_after=2023-11-10T01:02:38.294307+00:00
[2023-11-09T20:02:38.304-0500] {processor.py:179} INFO - Processing /Users/az/anaconda3/envs/python38/lib/python3.8/site-packages/airflow/example_dags/example_setup_teardown_taskflow.py took 0.162 seconds
[2023-11-09T20:04:38.370-0500] {processor.py:157} INFO - Started process (PID=55794) to work on /Users/az/anaconda3/envs/python38/lib/python3.8/site-packages/airflow/example_dags/example_setup_teardown_taskflow.py
[2023-11-09T20:04:38.374-0500] {processor.py:829} INFO - Processing file /Users/az/anaconda3/envs/python38/lib/python3.8/site-packages/airflow/example_dags/example_setup_teardown_taskflow.py for tasks to queue
[2023-11-09T20:04:38.374-0500] {logging_mixin.py:154} INFO - [2023-11-09T20:04:38.374-0500] {dagbag.py:536} INFO - Filling up the DagBag from /Users/az/anaconda3/envs/python38/lib/python3.8/site-packages/airflow/example_dags/example_setup_teardown_taskflow.py
[2023-11-09T20:04:38.407-0500] {processor.py:839} INFO - DAG(s) dict_keys(['example_setup_teardown_taskflow']) retrieved from /Users/az/anaconda3/envs/python38/lib/python3.8/site-packages/airflow/example_dags/example_setup_teardown_taskflow.py
[2023-11-09T20:04:38.510-0500] {logging_mixin.py:154} INFO - [2023-11-09T20:04:38.510-0500] {dag.py:2941} INFO - Sync 1 DAGs
[2023-11-09T20:04:38.520-0500] {logging_mixin.py:154} INFO - [2023-11-09T20:04:38.520-0500] {dag.py:3722} INFO - Setting next_dagrun for example_setup_teardown_taskflow to 2023-11-09T01:04:38.520267+00:00, run_after=2023-11-10T01:04:38.520267+00:00
[2023-11-09T20:04:38.530-0500] {processor.py:179} INFO - Processing /Users/az/anaconda3/envs/python38/lib/python3.8/site-packages/airflow/example_dags/example_setup_teardown_taskflow.py took 0.160 seconds
[2023-11-09T20:06:35.403-0500] {processor.py:157} INFO - Started process (PID=55948) to work on /Users/az/anaconda3/envs/python38/lib/python3.8/site-packages/airflow/example_dags/example_setup_teardown_taskflow.py
[2023-11-09T20:06:35.408-0500] {processor.py:829} INFO - Processing file /Users/az/anaconda3/envs/python38/lib/python3.8/site-packages/airflow/example_dags/example_setup_teardown_taskflow.py for tasks to queue
[2023-11-09T20:06:35.408-0500] {logging_mixin.py:154} INFO - [2023-11-09T20:06:35.408-0500] {dagbag.py:536} INFO - Filling up the DagBag from /Users/az/anaconda3/envs/python38/lib/python3.8/site-packages/airflow/example_dags/example_setup_teardown_taskflow.py
[2023-11-09T20:06:35.441-0500] {processor.py:839} INFO - DAG(s) dict_keys(['example_setup_teardown_taskflow']) retrieved from /Users/az/anaconda3/envs/python38/lib/python3.8/site-packages/airflow/example_dags/example_setup_teardown_taskflow.py
[2023-11-09T20:06:35.542-0500] {logging_mixin.py:154} INFO - [2023-11-09T20:06:35.542-0500] {dag.py:2941} INFO - Sync 1 DAGs
[2023-11-09T20:06:35.552-0500] {logging_mixin.py:154} INFO - [2023-11-09T20:06:35.552-0500] {dag.py:3722} INFO - Setting next_dagrun for example_setup_teardown_taskflow to 2023-11-09T01:06:35.552245+00:00, run_after=2023-11-10T01:06:35.552245+00:00
[2023-11-09T20:06:35.562-0500] {processor.py:179} INFO - Processing /Users/az/anaconda3/envs/python38/lib/python3.8/site-packages/airflow/example_dags/example_setup_teardown_taskflow.py took 0.159 seconds
[2023-11-09T20:08:34.455-0500] {processor.py:157} INFO - Started process (PID=56115) to work on /Users/az/anaconda3/envs/python38/lib/python3.8/site-packages/airflow/example_dags/example_setup_teardown_taskflow.py
[2023-11-09T20:08:34.459-0500] {processor.py:829} INFO - Processing file /Users/az/anaconda3/envs/python38/lib/python3.8/site-packages/airflow/example_dags/example_setup_teardown_taskflow.py for tasks to queue
[2023-11-09T20:08:34.459-0500] {logging_mixin.py:154} INFO - [2023-11-09T20:08:34.459-0500] {dagbag.py:536} INFO - Filling up the DagBag from /Users/az/anaconda3/envs/python38/lib/python3.8/site-packages/airflow/example_dags/example_setup_teardown_taskflow.py
[2023-11-09T20:08:34.572-0500] {processor.py:839} INFO - DAG(s) dict_keys(['example_setup_teardown_taskflow']) retrieved from /Users/az/anaconda3/envs/python38/lib/python3.8/site-packages/airflow/example_dags/example_setup_teardown_taskflow.py
[2023-11-09T20:08:34.716-0500] {logging_mixin.py:154} INFO - [2023-11-09T20:08:34.716-0500] {dag.py:2941} INFO - Sync 1 DAGs
[2023-11-09T20:08:34.734-0500] {logging_mixin.py:154} INFO - [2023-11-09T20:08:34.734-0500] {dag.py:3722} INFO - Setting next_dagrun for example_setup_teardown_taskflow to 2023-11-09T01:08:34.733921+00:00, run_after=2023-11-10T01:08:34.733921+00:00
[2023-11-09T20:08:34.748-0500] {processor.py:179} INFO - Processing /Users/az/anaconda3/envs/python38/lib/python3.8/site-packages/airflow/example_dags/example_setup_teardown_taskflow.py took 0.294 seconds
[2023-11-09T20:10:31.125-0500] {processor.py:157} INFO - Started process (PID=56280) to work on /Users/az/anaconda3/envs/python38/lib/python3.8/site-packages/airflow/example_dags/example_setup_teardown_taskflow.py
[2023-11-09T20:10:31.129-0500] {processor.py:829} INFO - Processing file /Users/az/anaconda3/envs/python38/lib/python3.8/site-packages/airflow/example_dags/example_setup_teardown_taskflow.py for tasks to queue
[2023-11-09T20:10:31.129-0500] {logging_mixin.py:154} INFO - [2023-11-09T20:10:31.129-0500] {dagbag.py:536} INFO - Filling up the DagBag from /Users/az/anaconda3/envs/python38/lib/python3.8/site-packages/airflow/example_dags/example_setup_teardown_taskflow.py
[2023-11-09T20:10:31.175-0500] {processor.py:839} INFO - DAG(s) dict_keys(['example_setup_teardown_taskflow']) retrieved from /Users/az/anaconda3/envs/python38/lib/python3.8/site-packages/airflow/example_dags/example_setup_teardown_taskflow.py
[2023-11-09T20:10:31.281-0500] {logging_mixin.py:154} INFO - [2023-11-09T20:10:31.281-0500] {dag.py:2941} INFO - Sync 1 DAGs
[2023-11-09T20:10:31.291-0500] {logging_mixin.py:154} INFO - [2023-11-09T20:10:31.291-0500] {dag.py:3722} INFO - Setting next_dagrun for example_setup_teardown_taskflow to 2023-11-09T01:10:31.291253+00:00, run_after=2023-11-10T01:10:31.291253+00:00
[2023-11-09T20:10:31.301-0500] {processor.py:179} INFO - Processing /Users/az/anaconda3/envs/python38/lib/python3.8/site-packages/airflow/example_dags/example_setup_teardown_taskflow.py took 0.176 seconds
[2023-11-09T20:12:28.560-0500] {processor.py:157} INFO - Started process (PID=56442) to work on /Users/az/anaconda3/envs/python38/lib/python3.8/site-packages/airflow/example_dags/example_setup_teardown_taskflow.py
[2023-11-09T20:12:28.564-0500] {processor.py:829} INFO - Processing file /Users/az/anaconda3/envs/python38/lib/python3.8/site-packages/airflow/example_dags/example_setup_teardown_taskflow.py for tasks to queue
[2023-11-09T20:12:28.565-0500] {logging_mixin.py:154} INFO - [2023-11-09T20:12:28.565-0500] {dagbag.py:536} INFO - Filling up the DagBag from /Users/az/anaconda3/envs/python38/lib/python3.8/site-packages/airflow/example_dags/example_setup_teardown_taskflow.py
[2023-11-09T20:12:28.598-0500] {processor.py:839} INFO - DAG(s) dict_keys(['example_setup_teardown_taskflow']) retrieved from /Users/az/anaconda3/envs/python38/lib/python3.8/site-packages/airflow/example_dags/example_setup_teardown_taskflow.py
[2023-11-09T20:12:28.701-0500] {logging_mixin.py:154} INFO - [2023-11-09T20:12:28.701-0500] {dag.py:2941} INFO - Sync 1 DAGs
[2023-11-09T20:12:28.711-0500] {logging_mixin.py:154} INFO - [2023-11-09T20:12:28.711-0500] {dag.py:3722} INFO - Setting next_dagrun for example_setup_teardown_taskflow to 2023-11-09T01:12:28.711284+00:00, run_after=2023-11-10T01:12:28.711284+00:00
[2023-11-09T20:12:28.721-0500] {processor.py:179} INFO - Processing /Users/az/anaconda3/envs/python38/lib/python3.8/site-packages/airflow/example_dags/example_setup_teardown_taskflow.py took 0.162 seconds
[2023-11-09T20:14:30.149-0500] {processor.py:157} INFO - Started process (PID=56616) to work on /Users/az/anaconda3/envs/python38/lib/python3.8/site-packages/airflow/example_dags/example_setup_teardown_taskflow.py
[2023-11-09T20:14:30.153-0500] {processor.py:829} INFO - Processing file /Users/az/anaconda3/envs/python38/lib/python3.8/site-packages/airflow/example_dags/example_setup_teardown_taskflow.py for tasks to queue
[2023-11-09T20:14:30.154-0500] {logging_mixin.py:154} INFO - [2023-11-09T20:14:30.153-0500] {dagbag.py:536} INFO - Filling up the DagBag from /Users/az/anaconda3/envs/python38/lib/python3.8/site-packages/airflow/example_dags/example_setup_teardown_taskflow.py
[2023-11-09T20:14:30.186-0500] {processor.py:839} INFO - DAG(s) dict_keys(['example_setup_teardown_taskflow']) retrieved from /Users/az/anaconda3/envs/python38/lib/python3.8/site-packages/airflow/example_dags/example_setup_teardown_taskflow.py
[2023-11-09T20:14:30.290-0500] {logging_mixin.py:154} INFO - [2023-11-09T20:14:30.290-0500] {dag.py:2941} INFO - Sync 1 DAGs
[2023-11-09T20:14:30.300-0500] {logging_mixin.py:154} INFO - [2023-11-09T20:14:30.300-0500] {dag.py:3722} INFO - Setting next_dagrun for example_setup_teardown_taskflow to 2023-11-09T01:14:30.300339+00:00, run_after=2023-11-10T01:14:30.300339+00:00
[2023-11-09T20:14:30.310-0500] {processor.py:179} INFO - Processing /Users/az/anaconda3/envs/python38/lib/python3.8/site-packages/airflow/example_dags/example_setup_teardown_taskflow.py took 0.162 seconds
[2023-11-09T20:16:27.548-0500] {processor.py:157} INFO - Started process (PID=56765) to work on /Users/az/anaconda3/envs/python38/lib/python3.8/site-packages/airflow/example_dags/example_setup_teardown_taskflow.py
[2023-11-09T20:16:27.553-0500] {processor.py:829} INFO - Processing file /Users/az/anaconda3/envs/python38/lib/python3.8/site-packages/airflow/example_dags/example_setup_teardown_taskflow.py for tasks to queue
[2023-11-09T20:16:27.553-0500] {logging_mixin.py:154} INFO - [2023-11-09T20:16:27.553-0500] {dagbag.py:536} INFO - Filling up the DagBag from /Users/az/anaconda3/envs/python38/lib/python3.8/site-packages/airflow/example_dags/example_setup_teardown_taskflow.py
[2023-11-09T20:16:27.586-0500] {processor.py:839} INFO - DAG(s) dict_keys(['example_setup_teardown_taskflow']) retrieved from /Users/az/anaconda3/envs/python38/lib/python3.8/site-packages/airflow/example_dags/example_setup_teardown_taskflow.py
[2023-11-09T20:16:27.691-0500] {logging_mixin.py:154} INFO - [2023-11-09T20:16:27.690-0500] {dag.py:2941} INFO - Sync 1 DAGs
[2023-11-09T20:16:27.700-0500] {logging_mixin.py:154} INFO - [2023-11-09T20:16:27.700-0500] {dag.py:3722} INFO - Setting next_dagrun for example_setup_teardown_taskflow to 2023-11-09T01:16:27.700627+00:00, run_after=2023-11-10T01:16:27.700627+00:00
[2023-11-09T20:16:27.710-0500] {processor.py:179} INFO - Processing /Users/az/anaconda3/envs/python38/lib/python3.8/site-packages/airflow/example_dags/example_setup_teardown_taskflow.py took 0.163 seconds
[2023-11-09T20:18:26.378-0500] {processor.py:157} INFO - Started process (PID=56914) to work on /Users/az/anaconda3/envs/python38/lib/python3.8/site-packages/airflow/example_dags/example_setup_teardown_taskflow.py
[2023-11-09T20:18:26.383-0500] {processor.py:829} INFO - Processing file /Users/az/anaconda3/envs/python38/lib/python3.8/site-packages/airflow/example_dags/example_setup_teardown_taskflow.py for tasks to queue
[2023-11-09T20:18:26.383-0500] {logging_mixin.py:154} INFO - [2023-11-09T20:18:26.383-0500] {dagbag.py:536} INFO - Filling up the DagBag from /Users/az/anaconda3/envs/python38/lib/python3.8/site-packages/airflow/example_dags/example_setup_teardown_taskflow.py
[2023-11-09T20:18:26.416-0500] {processor.py:839} INFO - DAG(s) dict_keys(['example_setup_teardown_taskflow']) retrieved from /Users/az/anaconda3/envs/python38/lib/python3.8/site-packages/airflow/example_dags/example_setup_teardown_taskflow.py
[2023-11-09T20:18:26.519-0500] {logging_mixin.py:154} INFO - [2023-11-09T20:18:26.518-0500] {dag.py:2941} INFO - Sync 1 DAGs
[2023-11-09T20:18:26.528-0500] {logging_mixin.py:154} INFO - [2023-11-09T20:18:26.528-0500] {dag.py:3722} INFO - Setting next_dagrun for example_setup_teardown_taskflow to 2023-11-09T01:18:26.528629+00:00, run_after=2023-11-10T01:18:26.528629+00:00
[2023-11-09T20:18:26.538-0500] {processor.py:179} INFO - Processing /Users/az/anaconda3/envs/python38/lib/python3.8/site-packages/airflow/example_dags/example_setup_teardown_taskflow.py took 0.160 seconds
[2023-11-09T20:20:26.108-0500] {processor.py:157} INFO - Started process (PID=57061) to work on /Users/az/anaconda3/envs/python38/lib/python3.8/site-packages/airflow/example_dags/example_setup_teardown_taskflow.py
[2023-11-09T20:20:26.112-0500] {processor.py:829} INFO - Processing file /Users/az/anaconda3/envs/python38/lib/python3.8/site-packages/airflow/example_dags/example_setup_teardown_taskflow.py for tasks to queue
[2023-11-09T20:20:26.113-0500] {logging_mixin.py:154} INFO - [2023-11-09T20:20:26.113-0500] {dagbag.py:536} INFO - Filling up the DagBag from /Users/az/anaconda3/envs/python38/lib/python3.8/site-packages/airflow/example_dags/example_setup_teardown_taskflow.py
[2023-11-09T20:20:26.147-0500] {processor.py:839} INFO - DAG(s) dict_keys(['example_setup_teardown_taskflow']) retrieved from /Users/az/anaconda3/envs/python38/lib/python3.8/site-packages/airflow/example_dags/example_setup_teardown_taskflow.py
[2023-11-09T20:20:26.250-0500] {logging_mixin.py:154} INFO - [2023-11-09T20:20:26.250-0500] {dag.py:2941} INFO - Sync 1 DAGs
[2023-11-09T20:20:26.260-0500] {logging_mixin.py:154} INFO - [2023-11-09T20:20:26.259-0500] {dag.py:3722} INFO - Setting next_dagrun for example_setup_teardown_taskflow to 2023-11-09T01:20:26.259873+00:00, run_after=2023-11-10T01:20:26.259873+00:00
[2023-11-09T20:20:26.270-0500] {processor.py:179} INFO - Processing /Users/az/anaconda3/envs/python38/lib/python3.8/site-packages/airflow/example_dags/example_setup_teardown_taskflow.py took 0.162 seconds
[2023-11-09T20:22:27.066-0500] {processor.py:157} INFO - Started process (PID=57221) to work on /Users/az/anaconda3/envs/python38/lib/python3.8/site-packages/airflow/example_dags/example_setup_teardown_taskflow.py
[2023-11-09T20:22:27.070-0500] {processor.py:829} INFO - Processing file /Users/az/anaconda3/envs/python38/lib/python3.8/site-packages/airflow/example_dags/example_setup_teardown_taskflow.py for tasks to queue
[2023-11-09T20:22:27.071-0500] {logging_mixin.py:154} INFO - [2023-11-09T20:22:27.070-0500] {dagbag.py:536} INFO - Filling up the DagBag from /Users/az/anaconda3/envs/python38/lib/python3.8/site-packages/airflow/example_dags/example_setup_teardown_taskflow.py
[2023-11-09T20:22:27.104-0500] {processor.py:839} INFO - DAG(s) dict_keys(['example_setup_teardown_taskflow']) retrieved from /Users/az/anaconda3/envs/python38/lib/python3.8/site-packages/airflow/example_dags/example_setup_teardown_taskflow.py
[2023-11-09T20:22:27.207-0500] {logging_mixin.py:154} INFO - [2023-11-09T20:22:27.206-0500] {dag.py:2941} INFO - Sync 1 DAGs
[2023-11-09T20:22:27.216-0500] {logging_mixin.py:154} INFO - [2023-11-09T20:22:27.216-0500] {dag.py:3722} INFO - Setting next_dagrun for example_setup_teardown_taskflow to 2023-11-09T01:22:27.216441+00:00, run_after=2023-11-10T01:22:27.216441+00:00
[2023-11-09T20:22:27.226-0500] {processor.py:179} INFO - Processing /Users/az/anaconda3/envs/python38/lib/python3.8/site-packages/airflow/example_dags/example_setup_teardown_taskflow.py took 0.161 seconds
[2023-11-09T20:24:25.271-0500] {processor.py:157} INFO - Started process (PID=57372) to work on /Users/az/anaconda3/envs/python38/lib/python3.8/site-packages/airflow/example_dags/example_setup_teardown_taskflow.py
[2023-11-09T20:24:25.277-0500] {processor.py:829} INFO - Processing file /Users/az/anaconda3/envs/python38/lib/python3.8/site-packages/airflow/example_dags/example_setup_teardown_taskflow.py for tasks to queue
[2023-11-09T20:24:25.277-0500] {logging_mixin.py:154} INFO - [2023-11-09T20:24:25.277-0500] {dagbag.py:536} INFO - Filling up the DagBag from /Users/az/anaconda3/envs/python38/lib/python3.8/site-packages/airflow/example_dags/example_setup_teardown_taskflow.py
[2023-11-09T20:24:25.310-0500] {processor.py:839} INFO - DAG(s) dict_keys(['example_setup_teardown_taskflow']) retrieved from /Users/az/anaconda3/envs/python38/lib/python3.8/site-packages/airflow/example_dags/example_setup_teardown_taskflow.py
[2023-11-09T20:24:25.413-0500] {logging_mixin.py:154} INFO - [2023-11-09T20:24:25.413-0500] {dag.py:2941} INFO - Sync 1 DAGs
[2023-11-09T20:24:25.423-0500] {logging_mixin.py:154} INFO - [2023-11-09T20:24:25.423-0500] {dag.py:3722} INFO - Setting next_dagrun for example_setup_teardown_taskflow to 2023-11-09T01:24:25.423093+00:00, run_after=2023-11-10T01:24:25.423093+00:00
[2023-11-09T20:24:25.433-0500] {processor.py:179} INFO - Processing /Users/az/anaconda3/envs/python38/lib/python3.8/site-packages/airflow/example_dags/example_setup_teardown_taskflow.py took 0.162 seconds
[2023-11-09T20:26:23.271-0500] {processor.py:157} INFO - Started process (PID=57521) to work on /Users/az/anaconda3/envs/python38/lib/python3.8/site-packages/airflow/example_dags/example_setup_teardown_taskflow.py
[2023-11-09T20:26:23.275-0500] {processor.py:829} INFO - Processing file /Users/az/anaconda3/envs/python38/lib/python3.8/site-packages/airflow/example_dags/example_setup_teardown_taskflow.py for tasks to queue
[2023-11-09T20:26:23.276-0500] {logging_mixin.py:154} INFO - [2023-11-09T20:26:23.275-0500] {dagbag.py:536} INFO - Filling up the DagBag from /Users/az/anaconda3/envs/python38/lib/python3.8/site-packages/airflow/example_dags/example_setup_teardown_taskflow.py
[2023-11-09T20:26:23.308-0500] {processor.py:839} INFO - DAG(s) dict_keys(['example_setup_teardown_taskflow']) retrieved from /Users/az/anaconda3/envs/python38/lib/python3.8/site-packages/airflow/example_dags/example_setup_teardown_taskflow.py
[2023-11-09T20:26:23.411-0500] {logging_mixin.py:154} INFO - [2023-11-09T20:26:23.411-0500] {dag.py:2941} INFO - Sync 1 DAGs
[2023-11-09T20:26:23.421-0500] {logging_mixin.py:154} INFO - [2023-11-09T20:26:23.420-0500] {dag.py:3722} INFO - Setting next_dagrun for example_setup_teardown_taskflow to 2023-11-09T01:26:23.420822+00:00, run_after=2023-11-10T01:26:23.420822+00:00
[2023-11-09T20:26:23.431-0500] {processor.py:179} INFO - Processing /Users/az/anaconda3/envs/python38/lib/python3.8/site-packages/airflow/example_dags/example_setup_teardown_taskflow.py took 0.160 seconds
[2023-11-09T20:45:48.587-0500] {processor.py:157} INFO - Started process (PID=57619) to work on /Users/az/anaconda3/envs/python38/lib/python3.8/site-packages/airflow/example_dags/example_setup_teardown_taskflow.py
[2023-11-09T20:45:48.592-0500] {processor.py:829} INFO - Processing file /Users/az/anaconda3/envs/python38/lib/python3.8/site-packages/airflow/example_dags/example_setup_teardown_taskflow.py for tasks to queue
[2023-11-09T20:45:48.593-0500] {logging_mixin.py:154} INFO - [2023-11-09T20:45:48.593-0500] {dagbag.py:536} INFO - Filling up the DagBag from /Users/az/anaconda3/envs/python38/lib/python3.8/site-packages/airflow/example_dags/example_setup_teardown_taskflow.py
[2023-11-09T20:45:48.628-0500] {processor.py:839} INFO - DAG(s) dict_keys(['example_setup_teardown_taskflow']) retrieved from /Users/az/anaconda3/envs/python38/lib/python3.8/site-packages/airflow/example_dags/example_setup_teardown_taskflow.py
[2023-11-09T20:45:48.737-0500] {logging_mixin.py:154} INFO - [2023-11-09T20:45:48.737-0500] {dag.py:2941} INFO - Sync 1 DAGs
[2023-11-09T20:45:48.748-0500] {logging_mixin.py:154} INFO - [2023-11-09T20:45:48.747-0500] {dag.py:3722} INFO - Setting next_dagrun for example_setup_teardown_taskflow to 2023-11-09T01:45:48.747813+00:00, run_after=2023-11-10T01:45:48.747813+00:00
[2023-11-09T20:45:48.758-0500] {processor.py:179} INFO - Processing /Users/az/anaconda3/envs/python38/lib/python3.8/site-packages/airflow/example_dags/example_setup_teardown_taskflow.py took 0.172 seconds
[2023-11-09T20:47:10.912-0500] {processor.py:157} INFO - Started process (PID=57852) to work on /Users/az/anaconda3/envs/python38/lib/python3.8/site-packages/airflow/example_dags/example_setup_teardown_taskflow.py
[2023-11-09T20:47:10.916-0500] {processor.py:829} INFO - Processing file /Users/az/anaconda3/envs/python38/lib/python3.8/site-packages/airflow/example_dags/example_setup_teardown_taskflow.py for tasks to queue
[2023-11-09T20:47:10.917-0500] {logging_mixin.py:154} INFO - [2023-11-09T20:47:10.917-0500] {dagbag.py:536} INFO - Filling up the DagBag from /Users/az/anaconda3/envs/python38/lib/python3.8/site-packages/airflow/example_dags/example_setup_teardown_taskflow.py
[2023-11-09T20:47:10.950-0500] {processor.py:839} INFO - DAG(s) dict_keys(['example_setup_teardown_taskflow']) retrieved from /Users/az/anaconda3/envs/python38/lib/python3.8/site-packages/airflow/example_dags/example_setup_teardown_taskflow.py
[2023-11-09T20:47:11.053-0500] {logging_mixin.py:154} INFO - [2023-11-09T20:47:11.053-0500] {dag.py:2941} INFO - Sync 1 DAGs
[2023-11-09T20:47:11.063-0500] {logging_mixin.py:154} INFO - [2023-11-09T20:47:11.063-0500] {dag.py:3722} INFO - Setting next_dagrun for example_setup_teardown_taskflow to 2023-11-09T01:47:11.063335+00:00, run_after=2023-11-10T01:47:11.063335+00:00
[2023-11-09T20:47:11.073-0500] {processor.py:179} INFO - Processing /Users/az/anaconda3/envs/python38/lib/python3.8/site-packages/airflow/example_dags/example_setup_teardown_taskflow.py took 0.162 seconds
[2023-11-09T20:49:06.253-0500] {processor.py:157} INFO - Started process (PID=57995) to work on /Users/az/anaconda3/envs/python38/lib/python3.8/site-packages/airflow/example_dags/example_setup_teardown_taskflow.py
[2023-11-09T20:49:06.258-0500] {processor.py:829} INFO - Processing file /Users/az/anaconda3/envs/python38/lib/python3.8/site-packages/airflow/example_dags/example_setup_teardown_taskflow.py for tasks to queue
[2023-11-09T20:49:06.258-0500] {logging_mixin.py:154} INFO - [2023-11-09T20:49:06.258-0500] {dagbag.py:536} INFO - Filling up the DagBag from /Users/az/anaconda3/envs/python38/lib/python3.8/site-packages/airflow/example_dags/example_setup_teardown_taskflow.py
[2023-11-09T20:49:06.293-0500] {processor.py:839} INFO - DAG(s) dict_keys(['example_setup_teardown_taskflow']) retrieved from /Users/az/anaconda3/envs/python38/lib/python3.8/site-packages/airflow/example_dags/example_setup_teardown_taskflow.py
[2023-11-09T20:49:06.397-0500] {logging_mixin.py:154} INFO - [2023-11-09T20:49:06.396-0500] {dag.py:2941} INFO - Sync 1 DAGs
[2023-11-09T20:49:06.406-0500] {logging_mixin.py:154} INFO - [2023-11-09T20:49:06.406-0500] {dag.py:3722} INFO - Setting next_dagrun for example_setup_teardown_taskflow to 2023-11-09T01:49:06.406470+00:00, run_after=2023-11-10T01:49:06.406470+00:00
[2023-11-09T20:49:06.416-0500] {processor.py:179} INFO - Processing /Users/az/anaconda3/envs/python38/lib/python3.8/site-packages/airflow/example_dags/example_setup_teardown_taskflow.py took 0.164 seconds
[2023-11-09T20:51:04.158-0500] {processor.py:157} INFO - Started process (PID=58151) to work on /Users/az/anaconda3/envs/python38/lib/python3.8/site-packages/airflow/example_dags/example_setup_teardown_taskflow.py
[2023-11-09T20:51:04.163-0500] {processor.py:829} INFO - Processing file /Users/az/anaconda3/envs/python38/lib/python3.8/site-packages/airflow/example_dags/example_setup_teardown_taskflow.py for tasks to queue
[2023-11-09T20:51:04.164-0500] {logging_mixin.py:154} INFO - [2023-11-09T20:51:04.163-0500] {dagbag.py:536} INFO - Filling up the DagBag from /Users/az/anaconda3/envs/python38/lib/python3.8/site-packages/airflow/example_dags/example_setup_teardown_taskflow.py
[2023-11-09T20:51:04.199-0500] {processor.py:839} INFO - DAG(s) dict_keys(['example_setup_teardown_taskflow']) retrieved from /Users/az/anaconda3/envs/python38/lib/python3.8/site-packages/airflow/example_dags/example_setup_teardown_taskflow.py
[2023-11-09T20:51:04.316-0500] {logging_mixin.py:154} INFO - [2023-11-09T20:51:04.316-0500] {dag.py:2941} INFO - Sync 1 DAGs
[2023-11-09T20:51:04.326-0500] {logging_mixin.py:154} INFO - [2023-11-09T20:51:04.326-0500] {dag.py:3722} INFO - Setting next_dagrun for example_setup_teardown_taskflow to 2023-11-09T01:51:04.326129+00:00, run_after=2023-11-10T01:51:04.326129+00:00
[2023-11-09T20:51:04.335-0500] {processor.py:179} INFO - Processing /Users/az/anaconda3/envs/python38/lib/python3.8/site-packages/airflow/example_dags/example_setup_teardown_taskflow.py took 0.178 seconds
[2023-11-09T20:53:10.058-0500] {processor.py:157} INFO - Started process (PID=58304) to work on /Users/az/anaconda3/envs/python38/lib/python3.8/site-packages/airflow/example_dags/example_setup_teardown_taskflow.py
[2023-11-09T20:53:10.062-0500] {processor.py:829} INFO - Processing file /Users/az/anaconda3/envs/python38/lib/python3.8/site-packages/airflow/example_dags/example_setup_teardown_taskflow.py for tasks to queue
[2023-11-09T20:53:10.062-0500] {logging_mixin.py:154} INFO - [2023-11-09T20:53:10.062-0500] {dagbag.py:536} INFO - Filling up the DagBag from /Users/az/anaconda3/envs/python38/lib/python3.8/site-packages/airflow/example_dags/example_setup_teardown_taskflow.py
[2023-11-09T20:53:10.098-0500] {processor.py:839} INFO - DAG(s) dict_keys(['example_setup_teardown_taskflow']) retrieved from /Users/az/anaconda3/envs/python38/lib/python3.8/site-packages/airflow/example_dags/example_setup_teardown_taskflow.py
[2023-11-09T20:53:10.223-0500] {logging_mixin.py:154} INFO - [2023-11-09T20:53:10.223-0500] {dag.py:2941} INFO - Sync 1 DAGs
[2023-11-09T20:53:10.233-0500] {logging_mixin.py:154} INFO - [2023-11-09T20:53:10.233-0500] {dag.py:3722} INFO - Setting next_dagrun for example_setup_teardown_taskflow to 2023-11-09T01:53:10.233048+00:00, run_after=2023-11-10T01:53:10.233048+00:00
[2023-11-09T20:53:10.243-0500] {processor.py:179} INFO - Processing /Users/az/anaconda3/envs/python38/lib/python3.8/site-packages/airflow/example_dags/example_setup_teardown_taskflow.py took 0.186 seconds
[2023-11-09T20:55:28.573-0500] {processor.py:157} INFO - Started process (PID=58475) to work on /Users/az/anaconda3/envs/python38/lib/python3.8/site-packages/airflow/example_dags/example_setup_teardown_taskflow.py
[2023-11-09T20:55:28.577-0500] {processor.py:829} INFO - Processing file /Users/az/anaconda3/envs/python38/lib/python3.8/site-packages/airflow/example_dags/example_setup_teardown_taskflow.py for tasks to queue
[2023-11-09T20:55:28.578-0500] {logging_mixin.py:154} INFO - [2023-11-09T20:55:28.578-0500] {dagbag.py:536} INFO - Filling up the DagBag from /Users/az/anaconda3/envs/python38/lib/python3.8/site-packages/airflow/example_dags/example_setup_teardown_taskflow.py
[2023-11-09T20:55:28.616-0500] {processor.py:839} INFO - DAG(s) dict_keys(['example_setup_teardown_taskflow']) retrieved from /Users/az/anaconda3/envs/python38/lib/python3.8/site-packages/airflow/example_dags/example_setup_teardown_taskflow.py
[2023-11-09T20:55:28.726-0500] {logging_mixin.py:154} INFO - [2023-11-09T20:55:28.726-0500] {dag.py:2941} INFO - Sync 1 DAGs
[2023-11-09T20:55:28.735-0500] {logging_mixin.py:154} INFO - [2023-11-09T20:55:28.735-0500] {dag.py:3722} INFO - Setting next_dagrun for example_setup_teardown_taskflow to 2023-11-09T01:55:28.735716+00:00, run_after=2023-11-10T01:55:28.735716+00:00
[2023-11-09T20:55:28.753-0500] {processor.py:179} INFO - Processing /Users/az/anaconda3/envs/python38/lib/python3.8/site-packages/airflow/example_dags/example_setup_teardown_taskflow.py took 0.181 seconds
[2023-11-09T20:57:36.975-0500] {processor.py:157} INFO - Started process (PID=58629) to work on /Users/az/anaconda3/envs/python38/lib/python3.8/site-packages/airflow/example_dags/example_setup_teardown_taskflow.py
[2023-11-09T20:57:36.979-0500] {processor.py:829} INFO - Processing file /Users/az/anaconda3/envs/python38/lib/python3.8/site-packages/airflow/example_dags/example_setup_teardown_taskflow.py for tasks to queue
[2023-11-09T20:57:36.980-0500] {logging_mixin.py:154} INFO - [2023-11-09T20:57:36.980-0500] {dagbag.py:536} INFO - Filling up the DagBag from /Users/az/anaconda3/envs/python38/lib/python3.8/site-packages/airflow/example_dags/example_setup_teardown_taskflow.py
[2023-11-09T20:57:37.018-0500] {processor.py:839} INFO - DAG(s) dict_keys(['example_setup_teardown_taskflow']) retrieved from /Users/az/anaconda3/envs/python38/lib/python3.8/site-packages/airflow/example_dags/example_setup_teardown_taskflow.py
[2023-11-09T20:57:37.150-0500] {logging_mixin.py:154} INFO - [2023-11-09T20:57:37.150-0500] {dag.py:2941} INFO - Sync 1 DAGs
[2023-11-09T20:57:37.160-0500] {logging_mixin.py:154} INFO - [2023-11-09T20:57:37.160-0500] {dag.py:3722} INFO - Setting next_dagrun for example_setup_teardown_taskflow to 2023-11-09T01:57:37.160152+00:00, run_after=2023-11-10T01:57:37.160152+00:00
[2023-11-09T20:57:37.190-0500] {processor.py:179} INFO - Processing /Users/az/anaconda3/envs/python38/lib/python3.8/site-packages/airflow/example_dags/example_setup_teardown_taskflow.py took 0.215 seconds
[2023-11-09T20:59:48.820-0500] {processor.py:157} INFO - Started process (PID=58789) to work on /Users/az/anaconda3/envs/python38/lib/python3.8/site-packages/airflow/example_dags/example_setup_teardown_taskflow.py
[2023-11-09T20:59:48.825-0500] {processor.py:829} INFO - Processing file /Users/az/anaconda3/envs/python38/lib/python3.8/site-packages/airflow/example_dags/example_setup_teardown_taskflow.py for tasks to queue
[2023-11-09T20:59:48.825-0500] {logging_mixin.py:154} INFO - [2023-11-09T20:59:48.825-0500] {dagbag.py:536} INFO - Filling up the DagBag from /Users/az/anaconda3/envs/python38/lib/python3.8/site-packages/airflow/example_dags/example_setup_teardown_taskflow.py
[2023-11-09T20:59:48.858-0500] {processor.py:839} INFO - DAG(s) dict_keys(['example_setup_teardown_taskflow']) retrieved from /Users/az/anaconda3/envs/python38/lib/python3.8/site-packages/airflow/example_dags/example_setup_teardown_taskflow.py
[2023-11-09T20:59:48.962-0500] {logging_mixin.py:154} INFO - [2023-11-09T20:59:48.962-0500] {dag.py:2941} INFO - Sync 1 DAGs
[2023-11-09T20:59:48.971-0500] {logging_mixin.py:154} INFO - [2023-11-09T20:59:48.971-0500] {dag.py:3722} INFO - Setting next_dagrun for example_setup_teardown_taskflow to 2023-11-09T01:59:48.971717+00:00, run_after=2023-11-10T01:59:48.971717+00:00
[2023-11-09T20:59:48.981-0500] {processor.py:179} INFO - Processing /Users/az/anaconda3/envs/python38/lib/python3.8/site-packages/airflow/example_dags/example_setup_teardown_taskflow.py took 0.162 seconds
[2023-11-09T21:02:02.755-0500] {processor.py:157} INFO - Started process (PID=58976) to work on /Users/az/anaconda3/envs/python38/lib/python3.8/site-packages/airflow/example_dags/example_setup_teardown_taskflow.py
[2023-11-09T21:02:02.760-0500] {processor.py:829} INFO - Processing file /Users/az/anaconda3/envs/python38/lib/python3.8/site-packages/airflow/example_dags/example_setup_teardown_taskflow.py for tasks to queue
[2023-11-09T21:02:02.761-0500] {logging_mixin.py:154} INFO - [2023-11-09T21:02:02.761-0500] {dagbag.py:536} INFO - Filling up the DagBag from /Users/az/anaconda3/envs/python38/lib/python3.8/site-packages/airflow/example_dags/example_setup_teardown_taskflow.py
[2023-11-09T21:02:02.794-0500] {processor.py:839} INFO - DAG(s) dict_keys(['example_setup_teardown_taskflow']) retrieved from /Users/az/anaconda3/envs/python38/lib/python3.8/site-packages/airflow/example_dags/example_setup_teardown_taskflow.py
[2023-11-09T21:02:02.897-0500] {logging_mixin.py:154} INFO - [2023-11-09T21:02:02.897-0500] {dag.py:2941} INFO - Sync 1 DAGs
[2023-11-09T21:02:02.907-0500] {logging_mixin.py:154} INFO - [2023-11-09T21:02:02.906-0500] {dag.py:3722} INFO - Setting next_dagrun for example_setup_teardown_taskflow to 2023-11-09T02:02:02.906891+00:00, run_after=2023-11-10T02:02:02.906891+00:00
[2023-11-09T21:02:02.917-0500] {processor.py:179} INFO - Processing /Users/az/anaconda3/envs/python38/lib/python3.8/site-packages/airflow/example_dags/example_setup_teardown_taskflow.py took 0.162 seconds
[2023-11-09T21:04:04.839-0500] {processor.py:157} INFO - Started process (PID=59150) to work on /Users/az/anaconda3/envs/python38/lib/python3.8/site-packages/airflow/example_dags/example_setup_teardown_taskflow.py
[2023-11-09T21:04:04.844-0500] {processor.py:829} INFO - Processing file /Users/az/anaconda3/envs/python38/lib/python3.8/site-packages/airflow/example_dags/example_setup_teardown_taskflow.py for tasks to queue
[2023-11-09T21:04:04.844-0500] {logging_mixin.py:154} INFO - [2023-11-09T21:04:04.844-0500] {dagbag.py:536} INFO - Filling up the DagBag from /Users/az/anaconda3/envs/python38/lib/python3.8/site-packages/airflow/example_dags/example_setup_teardown_taskflow.py
[2023-11-09T21:04:04.877-0500] {processor.py:839} INFO - DAG(s) dict_keys(['example_setup_teardown_taskflow']) retrieved from /Users/az/anaconda3/envs/python38/lib/python3.8/site-packages/airflow/example_dags/example_setup_teardown_taskflow.py
[2023-11-09T21:04:04.980-0500] {logging_mixin.py:154} INFO - [2023-11-09T21:04:04.979-0500] {dag.py:2941} INFO - Sync 1 DAGs
[2023-11-09T21:04:04.989-0500] {logging_mixin.py:154} INFO - [2023-11-09T21:04:04.989-0500] {dag.py:3722} INFO - Setting next_dagrun for example_setup_teardown_taskflow to 2023-11-09T02:04:04.989647+00:00, run_after=2023-11-10T02:04:04.989647+00:00
[2023-11-09T21:04:04.999-0500] {processor.py:179} INFO - Processing /Users/az/anaconda3/envs/python38/lib/python3.8/site-packages/airflow/example_dags/example_setup_teardown_taskflow.py took 0.160 seconds
[2023-11-09T21:06:05.640-0500] {processor.py:157} INFO - Started process (PID=59308) to work on /Users/az/anaconda3/envs/python38/lib/python3.8/site-packages/airflow/example_dags/example_setup_teardown_taskflow.py
[2023-11-09T21:06:05.644-0500] {processor.py:829} INFO - Processing file /Users/az/anaconda3/envs/python38/lib/python3.8/site-packages/airflow/example_dags/example_setup_teardown_taskflow.py for tasks to queue
[2023-11-09T21:06:05.644-0500] {logging_mixin.py:154} INFO - [2023-11-09T21:06:05.644-0500] {dagbag.py:536} INFO - Filling up the DagBag from /Users/az/anaconda3/envs/python38/lib/python3.8/site-packages/airflow/example_dags/example_setup_teardown_taskflow.py
[2023-11-09T21:06:05.681-0500] {processor.py:839} INFO - DAG(s) dict_keys(['example_setup_teardown_taskflow']) retrieved from /Users/az/anaconda3/envs/python38/lib/python3.8/site-packages/airflow/example_dags/example_setup_teardown_taskflow.py
[2023-11-09T21:06:05.791-0500] {logging_mixin.py:154} INFO - [2023-11-09T21:06:05.791-0500] {dag.py:2941} INFO - Sync 1 DAGs
[2023-11-09T21:06:05.804-0500] {logging_mixin.py:154} INFO - [2023-11-09T21:06:05.804-0500] {dag.py:3722} INFO - Setting next_dagrun for example_setup_teardown_taskflow to 2023-11-09T02:06:05.804357+00:00, run_after=2023-11-10T02:06:05.804357+00:00
[2023-11-09T21:06:05.816-0500] {processor.py:179} INFO - Processing /Users/az/anaconda3/envs/python38/lib/python3.8/site-packages/airflow/example_dags/example_setup_teardown_taskflow.py took 0.177 seconds
[2023-11-09T21:08:03.116-0500] {processor.py:157} INFO - Started process (PID=59453) to work on /Users/az/anaconda3/envs/python38/lib/python3.8/site-packages/airflow/example_dags/example_setup_teardown_taskflow.py
[2023-11-09T21:08:03.121-0500] {processor.py:829} INFO - Processing file /Users/az/anaconda3/envs/python38/lib/python3.8/site-packages/airflow/example_dags/example_setup_teardown_taskflow.py for tasks to queue
[2023-11-09T21:08:03.121-0500] {logging_mixin.py:154} INFO - [2023-11-09T21:08:03.121-0500] {dagbag.py:536} INFO - Filling up the DagBag from /Users/az/anaconda3/envs/python38/lib/python3.8/site-packages/airflow/example_dags/example_setup_teardown_taskflow.py
[2023-11-09T21:08:03.154-0500] {processor.py:839} INFO - DAG(s) dict_keys(['example_setup_teardown_taskflow']) retrieved from /Users/az/anaconda3/envs/python38/lib/python3.8/site-packages/airflow/example_dags/example_setup_teardown_taskflow.py
[2023-11-09T21:08:03.257-0500] {logging_mixin.py:154} INFO - [2023-11-09T21:08:03.257-0500] {dag.py:2941} INFO - Sync 1 DAGs
[2023-11-09T21:08:03.267-0500] {logging_mixin.py:154} INFO - [2023-11-09T21:08:03.267-0500] {dag.py:3722} INFO - Setting next_dagrun for example_setup_teardown_taskflow to 2023-11-09T02:08:03.267348+00:00, run_after=2023-11-10T02:08:03.267348+00:00
[2023-11-09T21:08:03.277-0500] {processor.py:179} INFO - Processing /Users/az/anaconda3/envs/python38/lib/python3.8/site-packages/airflow/example_dags/example_setup_teardown_taskflow.py took 0.161 seconds
[2023-11-09T21:10:07.253-0500] {processor.py:157} INFO - Started process (PID=59616) to work on /Users/az/anaconda3/envs/python38/lib/python3.8/site-packages/airflow/example_dags/example_setup_teardown_taskflow.py
[2023-11-09T21:10:07.258-0500] {processor.py:829} INFO - Processing file /Users/az/anaconda3/envs/python38/lib/python3.8/site-packages/airflow/example_dags/example_setup_teardown_taskflow.py for tasks to queue
[2023-11-09T21:10:07.258-0500] {logging_mixin.py:154} INFO - [2023-11-09T21:10:07.258-0500] {dagbag.py:536} INFO - Filling up the DagBag from /Users/az/anaconda3/envs/python38/lib/python3.8/site-packages/airflow/example_dags/example_setup_teardown_taskflow.py
[2023-11-09T21:10:07.293-0500] {processor.py:839} INFO - DAG(s) dict_keys(['example_setup_teardown_taskflow']) retrieved from /Users/az/anaconda3/envs/python38/lib/python3.8/site-packages/airflow/example_dags/example_setup_teardown_taskflow.py
[2023-11-09T21:10:07.409-0500] {logging_mixin.py:154} INFO - [2023-11-09T21:10:07.409-0500] {dag.py:2941} INFO - Sync 1 DAGs
[2023-11-09T21:10:07.419-0500] {logging_mixin.py:154} INFO - [2023-11-09T21:10:07.419-0500] {dag.py:3722} INFO - Setting next_dagrun for example_setup_teardown_taskflow to 2023-11-09T02:10:07.419288+00:00, run_after=2023-11-10T02:10:07.419288+00:00
[2023-11-09T21:10:07.430-0500] {processor.py:179} INFO - Processing /Users/az/anaconda3/envs/python38/lib/python3.8/site-packages/airflow/example_dags/example_setup_teardown_taskflow.py took 0.177 seconds
[2023-11-09T21:12:07.018-0500] {processor.py:157} INFO - Started process (PID=59766) to work on /Users/az/anaconda3/envs/python38/lib/python3.8/site-packages/airflow/example_dags/example_setup_teardown_taskflow.py
[2023-11-09T21:12:07.022-0500] {processor.py:829} INFO - Processing file /Users/az/anaconda3/envs/python38/lib/python3.8/site-packages/airflow/example_dags/example_setup_teardown_taskflow.py for tasks to queue
[2023-11-09T21:12:07.023-0500] {logging_mixin.py:154} INFO - [2023-11-09T21:12:07.022-0500] {dagbag.py:536} INFO - Filling up the DagBag from /Users/az/anaconda3/envs/python38/lib/python3.8/site-packages/airflow/example_dags/example_setup_teardown_taskflow.py
[2023-11-09T21:12:07.057-0500] {processor.py:839} INFO - DAG(s) dict_keys(['example_setup_teardown_taskflow']) retrieved from /Users/az/anaconda3/envs/python38/lib/python3.8/site-packages/airflow/example_dags/example_setup_teardown_taskflow.py
[2023-11-09T21:12:07.161-0500] {logging_mixin.py:154} INFO - [2023-11-09T21:12:07.161-0500] {dag.py:2941} INFO - Sync 1 DAGs
[2023-11-09T21:12:07.171-0500] {logging_mixin.py:154} INFO - [2023-11-09T21:12:07.171-0500] {dag.py:3722} INFO - Setting next_dagrun for example_setup_teardown_taskflow to 2023-11-09T02:12:07.171323+00:00, run_after=2023-11-10T02:12:07.171323+00:00
[2023-11-09T21:12:07.181-0500] {processor.py:179} INFO - Processing /Users/az/anaconda3/envs/python38/lib/python3.8/site-packages/airflow/example_dags/example_setup_teardown_taskflow.py took 0.164 seconds
[2023-11-09T21:14:07.259-0500] {processor.py:157} INFO - Started process (PID=59915) to work on /Users/az/anaconda3/envs/python38/lib/python3.8/site-packages/airflow/example_dags/example_setup_teardown_taskflow.py
[2023-11-09T21:14:07.263-0500] {processor.py:829} INFO - Processing file /Users/az/anaconda3/envs/python38/lib/python3.8/site-packages/airflow/example_dags/example_setup_teardown_taskflow.py for tasks to queue
[2023-11-09T21:14:07.264-0500] {logging_mixin.py:154} INFO - [2023-11-09T21:14:07.264-0500] {dagbag.py:536} INFO - Filling up the DagBag from /Users/az/anaconda3/envs/python38/lib/python3.8/site-packages/airflow/example_dags/example_setup_teardown_taskflow.py
[2023-11-09T21:14:07.299-0500] {processor.py:839} INFO - DAG(s) dict_keys(['example_setup_teardown_taskflow']) retrieved from /Users/az/anaconda3/envs/python38/lib/python3.8/site-packages/airflow/example_dags/example_setup_teardown_taskflow.py
[2023-11-09T21:14:07.406-0500] {logging_mixin.py:154} INFO - [2023-11-09T21:14:07.406-0500] {dag.py:2941} INFO - Sync 1 DAGs
[2023-11-09T21:14:07.416-0500] {logging_mixin.py:154} INFO - [2023-11-09T21:14:07.416-0500] {dag.py:3722} INFO - Setting next_dagrun for example_setup_teardown_taskflow to 2023-11-09T02:14:07.416093+00:00, run_after=2023-11-10T02:14:07.416093+00:00
[2023-11-09T21:14:07.427-0500] {processor.py:179} INFO - Processing /Users/az/anaconda3/envs/python38/lib/python3.8/site-packages/airflow/example_dags/example_setup_teardown_taskflow.py took 0.169 seconds
