[2023-11-09T19:00:23.361-0500] {processor.py:157} INFO - Started process (PID=48789) to work on /Users/az/anaconda3/envs/python38/lib/python3.8/site-packages/airflow/example_dags/example_branch_day_of_week_operator.py
[2023-11-09T19:00:23.365-0500] {processor.py:829} INFO - Processing file /Users/az/anaconda3/envs/python38/lib/python3.8/site-packages/airflow/example_dags/example_branch_day_of_week_operator.py for tasks to queue
[2023-11-09T19:00:23.365-0500] {logging_mixin.py:154} INFO - [2023-11-09T19:00:23.365-0500] {dagbag.py:536} INFO - Filling up the DagBag from /Users/az/anaconda3/envs/python38/lib/python3.8/site-packages/airflow/example_dags/example_branch_day_of_week_operator.py
[2023-11-09T19:00:23.383-0500] {processor.py:839} INFO - DAG(s) dict_keys(['example_weekday_branch_operator']) retrieved from /Users/az/anaconda3/envs/python38/lib/python3.8/site-packages/airflow/example_dags/example_branch_day_of_week_operator.py
[2023-11-09T19:00:23.492-0500] {logging_mixin.py:154} INFO - [2023-11-09T19:00:23.492-0500] {dag.py:2941} INFO - Sync 1 DAGs
[2023-11-09T19:00:23.502-0500] {logging_mixin.py:154} INFO - [2023-11-09T19:00:23.502-0500] {dag.py:3722} INFO - Setting next_dagrun for example_weekday_branch_operator to 2023-11-09T00:00:00+00:00, run_after=2023-11-10T00:00:00+00:00
[2023-11-09T19:00:23.512-0500] {processor.py:179} INFO - Processing /Users/az/anaconda3/envs/python38/lib/python3.8/site-packages/airflow/example_dags/example_branch_day_of_week_operator.py took 0.151 seconds
[2023-11-09T19:02:29.158-0500] {processor.py:157} INFO - Started process (PID=48942) to work on /Users/az/anaconda3/envs/python38/lib/python3.8/site-packages/airflow/example_dags/example_branch_day_of_week_operator.py
[2023-11-09T19:02:29.164-0500] {processor.py:829} INFO - Processing file /Users/az/anaconda3/envs/python38/lib/python3.8/site-packages/airflow/example_dags/example_branch_day_of_week_operator.py for tasks to queue
[2023-11-09T19:02:29.164-0500] {logging_mixin.py:154} INFO - [2023-11-09T19:02:29.164-0500] {dagbag.py:536} INFO - Filling up the DagBag from /Users/az/anaconda3/envs/python38/lib/python3.8/site-packages/airflow/example_dags/example_branch_day_of_week_operator.py
[2023-11-09T19:02:29.183-0500] {processor.py:839} INFO - DAG(s) dict_keys(['example_weekday_branch_operator']) retrieved from /Users/az/anaconda3/envs/python38/lib/python3.8/site-packages/airflow/example_dags/example_branch_day_of_week_operator.py
[2023-11-09T19:02:29.299-0500] {logging_mixin.py:154} INFO - [2023-11-09T19:02:29.299-0500] {dag.py:2941} INFO - Sync 1 DAGs
[2023-11-09T19:02:29.334-0500] {logging_mixin.py:154} INFO - [2023-11-09T19:02:29.333-0500] {dag.py:3722} INFO - Setting next_dagrun for example_weekday_branch_operator to 2023-11-09T00:00:00+00:00, run_after=2023-11-10T00:00:00+00:00
[2023-11-09T19:02:29.344-0500] {processor.py:179} INFO - Processing /Users/az/anaconda3/envs/python38/lib/python3.8/site-packages/airflow/example_dags/example_branch_day_of_week_operator.py took 0.186 seconds
[2023-11-09T19:04:35.641-0500] {processor.py:157} INFO - Started process (PID=49110) to work on /Users/az/anaconda3/envs/python38/lib/python3.8/site-packages/airflow/example_dags/example_branch_day_of_week_operator.py
[2023-11-09T19:04:35.645-0500] {processor.py:829} INFO - Processing file /Users/az/anaconda3/envs/python38/lib/python3.8/site-packages/airflow/example_dags/example_branch_day_of_week_operator.py for tasks to queue
[2023-11-09T19:04:35.645-0500] {logging_mixin.py:154} INFO - [2023-11-09T19:04:35.645-0500] {dagbag.py:536} INFO - Filling up the DagBag from /Users/az/anaconda3/envs/python38/lib/python3.8/site-packages/airflow/example_dags/example_branch_day_of_week_operator.py
[2023-11-09T19:04:35.663-0500] {processor.py:839} INFO - DAG(s) dict_keys(['example_weekday_branch_operator']) retrieved from /Users/az/anaconda3/envs/python38/lib/python3.8/site-packages/airflow/example_dags/example_branch_day_of_week_operator.py
[2023-11-09T19:04:35.775-0500] {logging_mixin.py:154} INFO - [2023-11-09T19:04:35.775-0500] {dag.py:2941} INFO - Sync 1 DAGs
[2023-11-09T19:04:35.784-0500] {logging_mixin.py:154} INFO - [2023-11-09T19:04:35.784-0500] {dag.py:3722} INFO - Setting next_dagrun for example_weekday_branch_operator to 2023-11-09T00:00:00+00:00, run_after=2023-11-10T00:00:00+00:00
[2023-11-09T19:04:35.795-0500] {processor.py:179} INFO - Processing /Users/az/anaconda3/envs/python38/lib/python3.8/site-packages/airflow/example_dags/example_branch_day_of_week_operator.py took 0.154 seconds
[2023-11-09T19:06:34.540-0500] {processor.py:157} INFO - Started process (PID=49253) to work on /Users/az/anaconda3/envs/python38/lib/python3.8/site-packages/airflow/example_dags/example_branch_day_of_week_operator.py
[2023-11-09T19:06:34.545-0500] {processor.py:829} INFO - Processing file /Users/az/anaconda3/envs/python38/lib/python3.8/site-packages/airflow/example_dags/example_branch_day_of_week_operator.py for tasks to queue
[2023-11-09T19:06:34.545-0500] {logging_mixin.py:154} INFO - [2023-11-09T19:06:34.545-0500] {dagbag.py:536} INFO - Filling up the DagBag from /Users/az/anaconda3/envs/python38/lib/python3.8/site-packages/airflow/example_dags/example_branch_day_of_week_operator.py
[2023-11-09T19:06:34.562-0500] {processor.py:839} INFO - DAG(s) dict_keys(['example_weekday_branch_operator']) retrieved from /Users/az/anaconda3/envs/python38/lib/python3.8/site-packages/airflow/example_dags/example_branch_day_of_week_operator.py
[2023-11-09T19:06:34.670-0500] {logging_mixin.py:154} INFO - [2023-11-09T19:06:34.670-0500] {dag.py:2941} INFO - Sync 1 DAGs
[2023-11-09T19:06:34.680-0500] {logging_mixin.py:154} INFO - [2023-11-09T19:06:34.680-0500] {dag.py:3722} INFO - Setting next_dagrun for example_weekday_branch_operator to 2023-11-09T00:00:00+00:00, run_after=2023-11-10T00:00:00+00:00
[2023-11-09T19:06:34.690-0500] {processor.py:179} INFO - Processing /Users/az/anaconda3/envs/python38/lib/python3.8/site-packages/airflow/example_dags/example_branch_day_of_week_operator.py took 0.151 seconds
[2023-11-09T19:08:35.825-0500] {processor.py:157} INFO - Started process (PID=49401) to work on /Users/az/anaconda3/envs/python38/lib/python3.8/site-packages/airflow/example_dags/example_branch_day_of_week_operator.py
[2023-11-09T19:08:35.830-0500] {processor.py:829} INFO - Processing file /Users/az/anaconda3/envs/python38/lib/python3.8/site-packages/airflow/example_dags/example_branch_day_of_week_operator.py for tasks to queue
[2023-11-09T19:08:35.830-0500] {logging_mixin.py:154} INFO - [2023-11-09T19:08:35.830-0500] {dagbag.py:536} INFO - Filling up the DagBag from /Users/az/anaconda3/envs/python38/lib/python3.8/site-packages/airflow/example_dags/example_branch_day_of_week_operator.py
[2023-11-09T19:08:35.847-0500] {processor.py:839} INFO - DAG(s) dict_keys(['example_weekday_branch_operator']) retrieved from /Users/az/anaconda3/envs/python38/lib/python3.8/site-packages/airflow/example_dags/example_branch_day_of_week_operator.py
[2023-11-09T19:08:35.955-0500] {logging_mixin.py:154} INFO - [2023-11-09T19:08:35.955-0500] {dag.py:2941} INFO - Sync 1 DAGs
[2023-11-09T19:08:35.965-0500] {logging_mixin.py:154} INFO - [2023-11-09T19:08:35.965-0500] {dag.py:3722} INFO - Setting next_dagrun for example_weekday_branch_operator to 2023-11-09T00:00:00+00:00, run_after=2023-11-10T00:00:00+00:00
[2023-11-09T19:08:35.975-0500] {processor.py:179} INFO - Processing /Users/az/anaconda3/envs/python38/lib/python3.8/site-packages/airflow/example_dags/example_branch_day_of_week_operator.py took 0.150 seconds
[2023-11-09T19:10:37.590-0500] {processor.py:157} INFO - Started process (PID=49552) to work on /Users/az/anaconda3/envs/python38/lib/python3.8/site-packages/airflow/example_dags/example_branch_day_of_week_operator.py
[2023-11-09T19:10:37.615-0500] {processor.py:829} INFO - Processing file /Users/az/anaconda3/envs/python38/lib/python3.8/site-packages/airflow/example_dags/example_branch_day_of_week_operator.py for tasks to queue
[2023-11-09T19:10:37.616-0500] {logging_mixin.py:154} INFO - [2023-11-09T19:10:37.616-0500] {dagbag.py:536} INFO - Filling up the DagBag from /Users/az/anaconda3/envs/python38/lib/python3.8/site-packages/airflow/example_dags/example_branch_day_of_week_operator.py
[2023-11-09T19:10:37.635-0500] {processor.py:839} INFO - DAG(s) dict_keys(['example_weekday_branch_operator']) retrieved from /Users/az/anaconda3/envs/python38/lib/python3.8/site-packages/airflow/example_dags/example_branch_day_of_week_operator.py
[2023-11-09T19:10:37.764-0500] {logging_mixin.py:154} INFO - [2023-11-09T19:10:37.753-0500] {dag.py:2941} INFO - Sync 1 DAGs
[2023-11-09T19:10:37.782-0500] {logging_mixin.py:154} INFO - [2023-11-09T19:10:37.781-0500] {dag.py:3722} INFO - Setting next_dagrun for example_weekday_branch_operator to 2023-11-09T00:00:00+00:00, run_after=2023-11-10T00:00:00+00:00
[2023-11-09T19:10:37.793-0500] {processor.py:179} INFO - Processing /Users/az/anaconda3/envs/python38/lib/python3.8/site-packages/airflow/example_dags/example_branch_day_of_week_operator.py took 0.203 seconds
[2023-11-09T19:12:37.008-0500] {processor.py:157} INFO - Started process (PID=49702) to work on /Users/az/anaconda3/envs/python38/lib/python3.8/site-packages/airflow/example_dags/example_branch_day_of_week_operator.py
[2023-11-09T19:12:37.012-0500] {processor.py:829} INFO - Processing file /Users/az/anaconda3/envs/python38/lib/python3.8/site-packages/airflow/example_dags/example_branch_day_of_week_operator.py for tasks to queue
[2023-11-09T19:12:37.012-0500] {logging_mixin.py:154} INFO - [2023-11-09T19:12:37.012-0500] {dagbag.py:536} INFO - Filling up the DagBag from /Users/az/anaconda3/envs/python38/lib/python3.8/site-packages/airflow/example_dags/example_branch_day_of_week_operator.py
[2023-11-09T19:12:37.029-0500] {processor.py:839} INFO - DAG(s) dict_keys(['example_weekday_branch_operator']) retrieved from /Users/az/anaconda3/envs/python38/lib/python3.8/site-packages/airflow/example_dags/example_branch_day_of_week_operator.py
[2023-11-09T19:12:37.137-0500] {logging_mixin.py:154} INFO - [2023-11-09T19:12:37.137-0500] {dag.py:2941} INFO - Sync 1 DAGs
[2023-11-09T19:12:37.146-0500] {logging_mixin.py:154} INFO - [2023-11-09T19:12:37.146-0500] {dag.py:3722} INFO - Setting next_dagrun for example_weekday_branch_operator to 2023-11-09T00:00:00+00:00, run_after=2023-11-10T00:00:00+00:00
[2023-11-09T19:12:37.156-0500] {processor.py:179} INFO - Processing /Users/az/anaconda3/envs/python38/lib/python3.8/site-packages/airflow/example_dags/example_branch_day_of_week_operator.py took 0.149 seconds
[2023-11-09T19:14:33.307-0500] {processor.py:157} INFO - Started process (PID=49853) to work on /Users/az/anaconda3/envs/python38/lib/python3.8/site-packages/airflow/example_dags/example_branch_day_of_week_operator.py
[2023-11-09T19:14:33.311-0500] {processor.py:829} INFO - Processing file /Users/az/anaconda3/envs/python38/lib/python3.8/site-packages/airflow/example_dags/example_branch_day_of_week_operator.py for tasks to queue
[2023-11-09T19:14:33.311-0500] {logging_mixin.py:154} INFO - [2023-11-09T19:14:33.311-0500] {dagbag.py:536} INFO - Filling up the DagBag from /Users/az/anaconda3/envs/python38/lib/python3.8/site-packages/airflow/example_dags/example_branch_day_of_week_operator.py
[2023-11-09T19:14:33.329-0500] {processor.py:839} INFO - DAG(s) dict_keys(['example_weekday_branch_operator']) retrieved from /Users/az/anaconda3/envs/python38/lib/python3.8/site-packages/airflow/example_dags/example_branch_day_of_week_operator.py
[2023-11-09T19:14:33.439-0500] {logging_mixin.py:154} INFO - [2023-11-09T19:14:33.439-0500] {dag.py:2941} INFO - Sync 1 DAGs
[2023-11-09T19:14:33.448-0500] {logging_mixin.py:154} INFO - [2023-11-09T19:14:33.448-0500] {dag.py:3722} INFO - Setting next_dagrun for example_weekday_branch_operator to 2023-11-09T00:00:00+00:00, run_after=2023-11-10T00:00:00+00:00
[2023-11-09T19:14:33.458-0500] {processor.py:179} INFO - Processing /Users/az/anaconda3/envs/python38/lib/python3.8/site-packages/airflow/example_dags/example_branch_day_of_week_operator.py took 0.152 seconds
[2023-11-09T19:16:33.196-0500] {processor.py:157} INFO - Started process (PID=49999) to work on /Users/az/anaconda3/envs/python38/lib/python3.8/site-packages/airflow/example_dags/example_branch_day_of_week_operator.py
[2023-11-09T19:16:33.200-0500] {processor.py:829} INFO - Processing file /Users/az/anaconda3/envs/python38/lib/python3.8/site-packages/airflow/example_dags/example_branch_day_of_week_operator.py for tasks to queue
[2023-11-09T19:16:33.201-0500] {logging_mixin.py:154} INFO - [2023-11-09T19:16:33.201-0500] {dagbag.py:536} INFO - Filling up the DagBag from /Users/az/anaconda3/envs/python38/lib/python3.8/site-packages/airflow/example_dags/example_branch_day_of_week_operator.py
[2023-11-09T19:16:33.218-0500] {processor.py:839} INFO - DAG(s) dict_keys(['example_weekday_branch_operator']) retrieved from /Users/az/anaconda3/envs/python38/lib/python3.8/site-packages/airflow/example_dags/example_branch_day_of_week_operator.py
[2023-11-09T19:16:33.327-0500] {logging_mixin.py:154} INFO - [2023-11-09T19:16:33.327-0500] {dag.py:2941} INFO - Sync 1 DAGs
[2023-11-09T19:16:33.337-0500] {logging_mixin.py:154} INFO - [2023-11-09T19:16:33.337-0500] {dag.py:3722} INFO - Setting next_dagrun for example_weekday_branch_operator to 2023-11-09T00:00:00+00:00, run_after=2023-11-10T00:00:00+00:00
[2023-11-09T19:16:33.347-0500] {processor.py:179} INFO - Processing /Users/az/anaconda3/envs/python38/lib/python3.8/site-packages/airflow/example_dags/example_branch_day_of_week_operator.py took 0.152 seconds
[2023-11-09T19:18:46.069-0500] {processor.py:157} INFO - Started process (PID=50160) to work on /Users/az/anaconda3/envs/python38/lib/python3.8/site-packages/airflow/example_dags/example_branch_day_of_week_operator.py
[2023-11-09T19:18:46.073-0500] {processor.py:829} INFO - Processing file /Users/az/anaconda3/envs/python38/lib/python3.8/site-packages/airflow/example_dags/example_branch_day_of_week_operator.py for tasks to queue
[2023-11-09T19:18:46.074-0500] {logging_mixin.py:154} INFO - [2023-11-09T19:18:46.074-0500] {dagbag.py:536} INFO - Filling up the DagBag from /Users/az/anaconda3/envs/python38/lib/python3.8/site-packages/airflow/example_dags/example_branch_day_of_week_operator.py
[2023-11-09T19:18:46.091-0500] {processor.py:839} INFO - DAG(s) dict_keys(['example_weekday_branch_operator']) retrieved from /Users/az/anaconda3/envs/python38/lib/python3.8/site-packages/airflow/example_dags/example_branch_day_of_week_operator.py
[2023-11-09T19:18:46.199-0500] {logging_mixin.py:154} INFO - [2023-11-09T19:18:46.199-0500] {dag.py:2941} INFO - Sync 1 DAGs
[2023-11-09T19:18:46.208-0500] {logging_mixin.py:154} INFO - [2023-11-09T19:18:46.208-0500] {dag.py:3722} INFO - Setting next_dagrun for example_weekday_branch_operator to 2023-11-09T00:00:00+00:00, run_after=2023-11-10T00:00:00+00:00
[2023-11-09T19:18:46.220-0500] {processor.py:179} INFO - Processing /Users/az/anaconda3/envs/python38/lib/python3.8/site-packages/airflow/example_dags/example_branch_day_of_week_operator.py took 0.151 seconds
[2023-11-09T19:20:49.224-0500] {processor.py:157} INFO - Started process (PID=50313) to work on /Users/az/anaconda3/envs/python38/lib/python3.8/site-packages/airflow/example_dags/example_branch_day_of_week_operator.py
[2023-11-09T19:20:49.237-0500] {processor.py:829} INFO - Processing file /Users/az/anaconda3/envs/python38/lib/python3.8/site-packages/airflow/example_dags/example_branch_day_of_week_operator.py for tasks to queue
[2023-11-09T19:20:49.246-0500] {logging_mixin.py:154} INFO - [2023-11-09T19:20:49.246-0500] {dagbag.py:536} INFO - Filling up the DagBag from /Users/az/anaconda3/envs/python38/lib/python3.8/site-packages/airflow/example_dags/example_branch_day_of_week_operator.py
[2023-11-09T19:20:49.293-0500] {processor.py:839} INFO - DAG(s) dict_keys(['example_weekday_branch_operator']) retrieved from /Users/az/anaconda3/envs/python38/lib/python3.8/site-packages/airflow/example_dags/example_branch_day_of_week_operator.py
[2023-11-09T19:20:49.506-0500] {logging_mixin.py:154} INFO - [2023-11-09T19:20:49.506-0500] {dag.py:2941} INFO - Sync 1 DAGs
[2023-11-09T19:20:49.516-0500] {logging_mixin.py:154} INFO - [2023-11-09T19:20:49.516-0500] {dag.py:3722} INFO - Setting next_dagrun for example_weekday_branch_operator to 2023-11-09T00:00:00+00:00, run_after=2023-11-10T00:00:00+00:00
[2023-11-09T19:20:49.527-0500] {processor.py:179} INFO - Processing /Users/az/anaconda3/envs/python38/lib/python3.8/site-packages/airflow/example_dags/example_branch_day_of_week_operator.py took 0.314 seconds
[2023-11-09T19:22:56.335-0500] {processor.py:157} INFO - Started process (PID=50474) to work on /Users/az/anaconda3/envs/python38/lib/python3.8/site-packages/airflow/example_dags/example_branch_day_of_week_operator.py
[2023-11-09T19:22:56.340-0500] {processor.py:829} INFO - Processing file /Users/az/anaconda3/envs/python38/lib/python3.8/site-packages/airflow/example_dags/example_branch_day_of_week_operator.py for tasks to queue
[2023-11-09T19:22:56.340-0500] {logging_mixin.py:154} INFO - [2023-11-09T19:22:56.340-0500] {dagbag.py:536} INFO - Filling up the DagBag from /Users/az/anaconda3/envs/python38/lib/python3.8/site-packages/airflow/example_dags/example_branch_day_of_week_operator.py
[2023-11-09T19:22:56.357-0500] {processor.py:839} INFO - DAG(s) dict_keys(['example_weekday_branch_operator']) retrieved from /Users/az/anaconda3/envs/python38/lib/python3.8/site-packages/airflow/example_dags/example_branch_day_of_week_operator.py
[2023-11-09T19:22:56.465-0500] {logging_mixin.py:154} INFO - [2023-11-09T19:22:56.465-0500] {dag.py:2941} INFO - Sync 1 DAGs
[2023-11-09T19:22:56.475-0500] {logging_mixin.py:154} INFO - [2023-11-09T19:22:56.475-0500] {dag.py:3722} INFO - Setting next_dagrun for example_weekday_branch_operator to 2023-11-09T00:00:00+00:00, run_after=2023-11-10T00:00:00+00:00
[2023-11-09T19:22:56.485-0500] {processor.py:179} INFO - Processing /Users/az/anaconda3/envs/python38/lib/python3.8/site-packages/airflow/example_dags/example_branch_day_of_week_operator.py took 0.150 seconds
[2023-11-09T19:25:06.571-0500] {processor.py:157} INFO - Started process (PID=50645) to work on /Users/az/anaconda3/envs/python38/lib/python3.8/site-packages/airflow/example_dags/example_branch_day_of_week_operator.py
[2023-11-09T19:25:06.576-0500] {processor.py:829} INFO - Processing file /Users/az/anaconda3/envs/python38/lib/python3.8/site-packages/airflow/example_dags/example_branch_day_of_week_operator.py for tasks to queue
[2023-11-09T19:25:06.577-0500] {logging_mixin.py:154} INFO - [2023-11-09T19:25:06.577-0500] {dagbag.py:536} INFO - Filling up the DagBag from /Users/az/anaconda3/envs/python38/lib/python3.8/site-packages/airflow/example_dags/example_branch_day_of_week_operator.py
[2023-11-09T19:25:06.594-0500] {processor.py:839} INFO - DAG(s) dict_keys(['example_weekday_branch_operator']) retrieved from /Users/az/anaconda3/envs/python38/lib/python3.8/site-packages/airflow/example_dags/example_branch_day_of_week_operator.py
[2023-11-09T19:25:06.703-0500] {logging_mixin.py:154} INFO - [2023-11-09T19:25:06.703-0500] {dag.py:2941} INFO - Sync 1 DAGs
[2023-11-09T19:25:06.713-0500] {logging_mixin.py:154} INFO - [2023-11-09T19:25:06.713-0500] {dag.py:3722} INFO - Setting next_dagrun for example_weekday_branch_operator to 2023-11-09T00:00:00+00:00, run_after=2023-11-10T00:00:00+00:00
[2023-11-09T19:25:06.724-0500] {processor.py:179} INFO - Processing /Users/az/anaconda3/envs/python38/lib/python3.8/site-packages/airflow/example_dags/example_branch_day_of_week_operator.py took 0.153 seconds
[2023-11-09T19:27:15.514-0500] {processor.py:157} INFO - Started process (PID=50811) to work on /Users/az/anaconda3/envs/python38/lib/python3.8/site-packages/airflow/example_dags/example_branch_day_of_week_operator.py
[2023-11-09T19:27:15.533-0500] {processor.py:829} INFO - Processing file /Users/az/anaconda3/envs/python38/lib/python3.8/site-packages/airflow/example_dags/example_branch_day_of_week_operator.py for tasks to queue
[2023-11-09T19:27:15.534-0500] {logging_mixin.py:154} INFO - [2023-11-09T19:27:15.534-0500] {dagbag.py:536} INFO - Filling up the DagBag from /Users/az/anaconda3/envs/python38/lib/python3.8/site-packages/airflow/example_dags/example_branch_day_of_week_operator.py
[2023-11-09T19:27:15.635-0500] {processor.py:839} INFO - DAG(s) dict_keys(['example_weekday_branch_operator']) retrieved from /Users/az/anaconda3/envs/python38/lib/python3.8/site-packages/airflow/example_dags/example_branch_day_of_week_operator.py
[2023-11-09T19:27:16.044-0500] {logging_mixin.py:154} INFO - [2023-11-09T19:27:16.043-0500] {dag.py:2941} INFO - Sync 1 DAGs
[2023-11-09T19:27:16.056-0500] {logging_mixin.py:154} INFO - [2023-11-09T19:27:16.056-0500] {dag.py:3722} INFO - Setting next_dagrun for example_weekday_branch_operator to 2023-11-09T00:00:00+00:00, run_after=2023-11-10T00:00:00+00:00
[2023-11-09T19:27:16.092-0500] {processor.py:179} INFO - Processing /Users/az/anaconda3/envs/python38/lib/python3.8/site-packages/airflow/example_dags/example_branch_day_of_week_operator.py took 0.581 seconds
[2023-11-09T19:29:26.768-0500] {processor.py:157} INFO - Started process (PID=50970) to work on /Users/az/anaconda3/envs/python38/lib/python3.8/site-packages/airflow/example_dags/example_branch_day_of_week_operator.py
[2023-11-09T19:29:26.772-0500] {processor.py:829} INFO - Processing file /Users/az/anaconda3/envs/python38/lib/python3.8/site-packages/airflow/example_dags/example_branch_day_of_week_operator.py for tasks to queue
[2023-11-09T19:29:26.773-0500] {logging_mixin.py:154} INFO - [2023-11-09T19:29:26.773-0500] {dagbag.py:536} INFO - Filling up the DagBag from /Users/az/anaconda3/envs/python38/lib/python3.8/site-packages/airflow/example_dags/example_branch_day_of_week_operator.py
[2023-11-09T19:29:26.789-0500] {processor.py:839} INFO - DAG(s) dict_keys(['example_weekday_branch_operator']) retrieved from /Users/az/anaconda3/envs/python38/lib/python3.8/site-packages/airflow/example_dags/example_branch_day_of_week_operator.py
[2023-11-09T19:29:26.897-0500] {logging_mixin.py:154} INFO - [2023-11-09T19:29:26.897-0500] {dag.py:2941} INFO - Sync 1 DAGs
[2023-11-09T19:29:26.907-0500] {logging_mixin.py:154} INFO - [2023-11-09T19:29:26.907-0500] {dag.py:3722} INFO - Setting next_dagrun for example_weekday_branch_operator to 2023-11-09T00:00:00+00:00, run_after=2023-11-10T00:00:00+00:00
[2023-11-09T19:29:26.917-0500] {processor.py:179} INFO - Processing /Users/az/anaconda3/envs/python38/lib/python3.8/site-packages/airflow/example_dags/example_branch_day_of_week_operator.py took 0.150 seconds
[2023-11-09T19:31:30.830-0500] {processor.py:157} INFO - Started process (PID=51126) to work on /Users/az/anaconda3/envs/python38/lib/python3.8/site-packages/airflow/example_dags/example_branch_day_of_week_operator.py
[2023-11-09T19:31:30.834-0500] {processor.py:829} INFO - Processing file /Users/az/anaconda3/envs/python38/lib/python3.8/site-packages/airflow/example_dags/example_branch_day_of_week_operator.py for tasks to queue
[2023-11-09T19:31:30.834-0500] {logging_mixin.py:154} INFO - [2023-11-09T19:31:30.834-0500] {dagbag.py:536} INFO - Filling up the DagBag from /Users/az/anaconda3/envs/python38/lib/python3.8/site-packages/airflow/example_dags/example_branch_day_of_week_operator.py
[2023-11-09T19:31:30.853-0500] {processor.py:839} INFO - DAG(s) dict_keys(['example_weekday_branch_operator']) retrieved from /Users/az/anaconda3/envs/python38/lib/python3.8/site-packages/airflow/example_dags/example_branch_day_of_week_operator.py
[2023-11-09T19:31:30.966-0500] {logging_mixin.py:154} INFO - [2023-11-09T19:31:30.966-0500] {dag.py:2941} INFO - Sync 1 DAGs
[2023-11-09T19:31:30.976-0500] {logging_mixin.py:154} INFO - [2023-11-09T19:31:30.976-0500] {dag.py:3722} INFO - Setting next_dagrun for example_weekday_branch_operator to 2023-11-09T00:00:00+00:00, run_after=2023-11-10T00:00:00+00:00
[2023-11-09T19:31:30.985-0500] {processor.py:179} INFO - Processing /Users/az/anaconda3/envs/python38/lib/python3.8/site-packages/airflow/example_dags/example_branch_day_of_week_operator.py took 0.156 seconds
[2023-11-09T19:33:43.100-0500] {processor.py:157} INFO - Started process (PID=51280) to work on /Users/az/anaconda3/envs/python38/lib/python3.8/site-packages/airflow/example_dags/example_branch_day_of_week_operator.py
[2023-11-09T19:33:43.104-0500] {processor.py:829} INFO - Processing file /Users/az/anaconda3/envs/python38/lib/python3.8/site-packages/airflow/example_dags/example_branch_day_of_week_operator.py for tasks to queue
[2023-11-09T19:33:43.104-0500] {logging_mixin.py:154} INFO - [2023-11-09T19:33:43.104-0500] {dagbag.py:536} INFO - Filling up the DagBag from /Users/az/anaconda3/envs/python38/lib/python3.8/site-packages/airflow/example_dags/example_branch_day_of_week_operator.py
[2023-11-09T19:33:43.121-0500] {processor.py:839} INFO - DAG(s) dict_keys(['example_weekday_branch_operator']) retrieved from /Users/az/anaconda3/envs/python38/lib/python3.8/site-packages/airflow/example_dags/example_branch_day_of_week_operator.py
[2023-11-09T19:33:43.229-0500] {logging_mixin.py:154} INFO - [2023-11-09T19:33:43.228-0500] {dag.py:2941} INFO - Sync 1 DAGs
[2023-11-09T19:33:43.238-0500] {logging_mixin.py:154} INFO - [2023-11-09T19:33:43.238-0500] {dag.py:3722} INFO - Setting next_dagrun for example_weekday_branch_operator to 2023-11-09T00:00:00+00:00, run_after=2023-11-10T00:00:00+00:00
[2023-11-09T19:33:43.249-0500] {processor.py:179} INFO - Processing /Users/az/anaconda3/envs/python38/lib/python3.8/site-packages/airflow/example_dags/example_branch_day_of_week_operator.py took 0.150 seconds
[2023-11-09T19:36:02.879-0500] {processor.py:157} INFO - Started process (PID=53299) to work on /Users/az/anaconda3/envs/python38/lib/python3.8/site-packages/airflow/example_dags/example_branch_day_of_week_operator.py
[2023-11-09T19:36:02.884-0500] {processor.py:829} INFO - Processing file /Users/az/anaconda3/envs/python38/lib/python3.8/site-packages/airflow/example_dags/example_branch_day_of_week_operator.py for tasks to queue
[2023-11-09T19:36:02.884-0500] {logging_mixin.py:154} INFO - [2023-11-09T19:36:02.884-0500] {dagbag.py:536} INFO - Filling up the DagBag from /Users/az/anaconda3/envs/python38/lib/python3.8/site-packages/airflow/example_dags/example_branch_day_of_week_operator.py
[2023-11-09T19:36:02.901-0500] {processor.py:839} INFO - DAG(s) dict_keys(['example_weekday_branch_operator']) retrieved from /Users/az/anaconda3/envs/python38/lib/python3.8/site-packages/airflow/example_dags/example_branch_day_of_week_operator.py
[2023-11-09T19:36:03.008-0500] {logging_mixin.py:154} INFO - [2023-11-09T19:36:03.008-0500] {dag.py:2941} INFO - Sync 1 DAGs
[2023-11-09T19:36:03.018-0500] {logging_mixin.py:154} INFO - [2023-11-09T19:36:03.018-0500] {dag.py:3722} INFO - Setting next_dagrun for example_weekday_branch_operator to 2023-11-09T00:00:00+00:00, run_after=2023-11-10T00:00:00+00:00
[2023-11-09T19:36:03.028-0500] {processor.py:179} INFO - Processing /Users/az/anaconda3/envs/python38/lib/python3.8/site-packages/airflow/example_dags/example_branch_day_of_week_operator.py took 0.149 seconds
[2023-11-09T19:37:59.629-0500] {processor.py:157} INFO - Started process (PID=53450) to work on /Users/az/anaconda3/envs/python38/lib/python3.8/site-packages/airflow/example_dags/example_branch_day_of_week_operator.py
[2023-11-09T19:37:59.634-0500] {processor.py:829} INFO - Processing file /Users/az/anaconda3/envs/python38/lib/python3.8/site-packages/airflow/example_dags/example_branch_day_of_week_operator.py for tasks to queue
[2023-11-09T19:37:59.634-0500] {logging_mixin.py:154} INFO - [2023-11-09T19:37:59.634-0500] {dagbag.py:536} INFO - Filling up the DagBag from /Users/az/anaconda3/envs/python38/lib/python3.8/site-packages/airflow/example_dags/example_branch_day_of_week_operator.py
[2023-11-09T19:37:59.651-0500] {processor.py:839} INFO - DAG(s) dict_keys(['example_weekday_branch_operator']) retrieved from /Users/az/anaconda3/envs/python38/lib/python3.8/site-packages/airflow/example_dags/example_branch_day_of_week_operator.py
[2023-11-09T19:37:59.759-0500] {logging_mixin.py:154} INFO - [2023-11-09T19:37:59.759-0500] {dag.py:2941} INFO - Sync 1 DAGs
[2023-11-09T19:37:59.769-0500] {logging_mixin.py:154} INFO - [2023-11-09T19:37:59.769-0500] {dag.py:3722} INFO - Setting next_dagrun for example_weekday_branch_operator to 2023-11-09T00:00:00+00:00, run_after=2023-11-10T00:00:00+00:00
[2023-11-09T19:37:59.779-0500] {processor.py:179} INFO - Processing /Users/az/anaconda3/envs/python38/lib/python3.8/site-packages/airflow/example_dags/example_branch_day_of_week_operator.py took 0.150 seconds
[2023-11-09T19:40:00.046-0500] {processor.py:157} INFO - Started process (PID=53599) to work on /Users/az/anaconda3/envs/python38/lib/python3.8/site-packages/airflow/example_dags/example_branch_day_of_week_operator.py
[2023-11-09T19:40:00.051-0500] {processor.py:829} INFO - Processing file /Users/az/anaconda3/envs/python38/lib/python3.8/site-packages/airflow/example_dags/example_branch_day_of_week_operator.py for tasks to queue
[2023-11-09T19:40:00.051-0500] {logging_mixin.py:154} INFO - [2023-11-09T19:40:00.051-0500] {dagbag.py:536} INFO - Filling up the DagBag from /Users/az/anaconda3/envs/python38/lib/python3.8/site-packages/airflow/example_dags/example_branch_day_of_week_operator.py
[2023-11-09T19:40:00.068-0500] {processor.py:839} INFO - DAG(s) dict_keys(['example_weekday_branch_operator']) retrieved from /Users/az/anaconda3/envs/python38/lib/python3.8/site-packages/airflow/example_dags/example_branch_day_of_week_operator.py
[2023-11-09T19:40:00.176-0500] {logging_mixin.py:154} INFO - [2023-11-09T19:40:00.176-0500] {dag.py:2941} INFO - Sync 1 DAGs
[2023-11-09T19:40:00.185-0500] {logging_mixin.py:154} INFO - [2023-11-09T19:40:00.185-0500] {dag.py:3722} INFO - Setting next_dagrun for example_weekday_branch_operator to 2023-11-09T00:00:00+00:00, run_after=2023-11-10T00:00:00+00:00
[2023-11-09T19:40:00.195-0500] {processor.py:179} INFO - Processing /Users/az/anaconda3/envs/python38/lib/python3.8/site-packages/airflow/example_dags/example_branch_day_of_week_operator.py took 0.150 seconds
[2023-11-09T19:42:06.882-0500] {processor.py:157} INFO - Started process (PID=53903) to work on /Users/az/anaconda3/envs/python38/lib/python3.8/site-packages/airflow/example_dags/example_branch_day_of_week_operator.py
[2023-11-09T19:42:06.886-0500] {processor.py:829} INFO - Processing file /Users/az/anaconda3/envs/python38/lib/python3.8/site-packages/airflow/example_dags/example_branch_day_of_week_operator.py for tasks to queue
[2023-11-09T19:42:06.887-0500] {logging_mixin.py:154} INFO - [2023-11-09T19:42:06.887-0500] {dagbag.py:536} INFO - Filling up the DagBag from /Users/az/anaconda3/envs/python38/lib/python3.8/site-packages/airflow/example_dags/example_branch_day_of_week_operator.py
[2023-11-09T19:42:06.904-0500] {processor.py:839} INFO - DAG(s) dict_keys(['example_weekday_branch_operator']) retrieved from /Users/az/anaconda3/envs/python38/lib/python3.8/site-packages/airflow/example_dags/example_branch_day_of_week_operator.py
[2023-11-09T19:42:07.014-0500] {logging_mixin.py:154} INFO - [2023-11-09T19:42:07.014-0500] {dag.py:2941} INFO - Sync 1 DAGs
[2023-11-09T19:42:07.024-0500] {logging_mixin.py:154} INFO - [2023-11-09T19:42:07.024-0500] {dag.py:3722} INFO - Setting next_dagrun for example_weekday_branch_operator to 2023-11-09T00:00:00+00:00, run_after=2023-11-10T00:00:00+00:00
[2023-11-09T19:42:07.034-0500] {processor.py:179} INFO - Processing /Users/az/anaconda3/envs/python38/lib/python3.8/site-packages/airflow/example_dags/example_branch_day_of_week_operator.py took 0.152 seconds
[2023-11-09T19:44:12.012-0500] {processor.py:157} INFO - Started process (PID=54225) to work on /Users/az/anaconda3/envs/python38/lib/python3.8/site-packages/airflow/example_dags/example_branch_day_of_week_operator.py
[2023-11-09T19:44:12.017-0500] {processor.py:829} INFO - Processing file /Users/az/anaconda3/envs/python38/lib/python3.8/site-packages/airflow/example_dags/example_branch_day_of_week_operator.py for tasks to queue
[2023-11-09T19:44:12.017-0500] {logging_mixin.py:154} INFO - [2023-11-09T19:44:12.017-0500] {dagbag.py:536} INFO - Filling up the DagBag from /Users/az/anaconda3/envs/python38/lib/python3.8/site-packages/airflow/example_dags/example_branch_day_of_week_operator.py
[2023-11-09T19:44:12.035-0500] {processor.py:839} INFO - DAG(s) dict_keys(['example_weekday_branch_operator']) retrieved from /Users/az/anaconda3/envs/python38/lib/python3.8/site-packages/airflow/example_dags/example_branch_day_of_week_operator.py
[2023-11-09T19:44:12.145-0500] {logging_mixin.py:154} INFO - [2023-11-09T19:44:12.145-0500] {dag.py:2941} INFO - Sync 1 DAGs
[2023-11-09T19:44:12.155-0500] {logging_mixin.py:154} INFO - [2023-11-09T19:44:12.155-0500] {dag.py:3722} INFO - Setting next_dagrun for example_weekday_branch_operator to 2023-11-09T00:00:00+00:00, run_after=2023-11-10T00:00:00+00:00
[2023-11-09T19:44:12.167-0500] {processor.py:179} INFO - Processing /Users/az/anaconda3/envs/python38/lib/python3.8/site-packages/airflow/example_dags/example_branch_day_of_week_operator.py took 0.155 seconds
[2023-11-09T19:46:10.236-0500] {processor.py:157} INFO - Started process (PID=54372) to work on /Users/az/anaconda3/envs/python38/lib/python3.8/site-packages/airflow/example_dags/example_branch_day_of_week_operator.py
[2023-11-09T19:46:10.241-0500] {processor.py:829} INFO - Processing file /Users/az/anaconda3/envs/python38/lib/python3.8/site-packages/airflow/example_dags/example_branch_day_of_week_operator.py for tasks to queue
[2023-11-09T19:46:10.241-0500] {logging_mixin.py:154} INFO - [2023-11-09T19:46:10.241-0500] {dagbag.py:536} INFO - Filling up the DagBag from /Users/az/anaconda3/envs/python38/lib/python3.8/site-packages/airflow/example_dags/example_branch_day_of_week_operator.py
[2023-11-09T19:46:10.258-0500] {processor.py:839} INFO - DAG(s) dict_keys(['example_weekday_branch_operator']) retrieved from /Users/az/anaconda3/envs/python38/lib/python3.8/site-packages/airflow/example_dags/example_branch_day_of_week_operator.py
[2023-11-09T19:46:10.365-0500] {logging_mixin.py:154} INFO - [2023-11-09T19:46:10.365-0500] {dag.py:2941} INFO - Sync 1 DAGs
[2023-11-09T19:46:10.375-0500] {logging_mixin.py:154} INFO - [2023-11-09T19:46:10.375-0500] {dag.py:3722} INFO - Setting next_dagrun for example_weekday_branch_operator to 2023-11-09T00:00:00+00:00, run_after=2023-11-10T00:00:00+00:00
[2023-11-09T19:46:10.385-0500] {processor.py:179} INFO - Processing /Users/az/anaconda3/envs/python38/lib/python3.8/site-packages/airflow/example_dags/example_branch_day_of_week_operator.py took 0.149 seconds
[2023-11-09T19:48:07.825-0500] {processor.py:157} INFO - Started process (PID=54526) to work on /Users/az/anaconda3/envs/python38/lib/python3.8/site-packages/airflow/example_dags/example_branch_day_of_week_operator.py
[2023-11-09T19:48:07.829-0500] {processor.py:829} INFO - Processing file /Users/az/anaconda3/envs/python38/lib/python3.8/site-packages/airflow/example_dags/example_branch_day_of_week_operator.py for tasks to queue
[2023-11-09T19:48:07.830-0500] {logging_mixin.py:154} INFO - [2023-11-09T19:48:07.829-0500] {dagbag.py:536} INFO - Filling up the DagBag from /Users/az/anaconda3/envs/python38/lib/python3.8/site-packages/airflow/example_dags/example_branch_day_of_week_operator.py
[2023-11-09T19:48:07.846-0500] {processor.py:839} INFO - DAG(s) dict_keys(['example_weekday_branch_operator']) retrieved from /Users/az/anaconda3/envs/python38/lib/python3.8/site-packages/airflow/example_dags/example_branch_day_of_week_operator.py
[2023-11-09T19:48:07.955-0500] {logging_mixin.py:154} INFO - [2023-11-09T19:48:07.955-0500] {dag.py:2941} INFO - Sync 1 DAGs
[2023-11-09T19:48:07.965-0500] {logging_mixin.py:154} INFO - [2023-11-09T19:48:07.965-0500] {dag.py:3722} INFO - Setting next_dagrun for example_weekday_branch_operator to 2023-11-09T00:00:00+00:00, run_after=2023-11-10T00:00:00+00:00
[2023-11-09T19:48:07.976-0500] {processor.py:179} INFO - Processing /Users/az/anaconda3/envs/python38/lib/python3.8/site-packages/airflow/example_dags/example_branch_day_of_week_operator.py took 0.151 seconds
[2023-11-09T19:50:04.965-0500] {processor.py:157} INFO - Started process (PID=54662) to work on /Users/az/anaconda3/envs/python38/lib/python3.8/site-packages/airflow/example_dags/example_branch_day_of_week_operator.py
[2023-11-09T19:50:04.984-0500] {processor.py:829} INFO - Processing file /Users/az/anaconda3/envs/python38/lib/python3.8/site-packages/airflow/example_dags/example_branch_day_of_week_operator.py for tasks to queue
[2023-11-09T19:50:04.985-0500] {logging_mixin.py:154} INFO - [2023-11-09T19:50:04.985-0500] {dagbag.py:536} INFO - Filling up the DagBag from /Users/az/anaconda3/envs/python38/lib/python3.8/site-packages/airflow/example_dags/example_branch_day_of_week_operator.py
[2023-11-09T19:50:05.003-0500] {processor.py:839} INFO - DAG(s) dict_keys(['example_weekday_branch_operator']) retrieved from /Users/az/anaconda3/envs/python38/lib/python3.8/site-packages/airflow/example_dags/example_branch_day_of_week_operator.py
[2023-11-09T19:50:05.116-0500] {logging_mixin.py:154} INFO - [2023-11-09T19:50:05.116-0500] {dag.py:2941} INFO - Sync 1 DAGs
[2023-11-09T19:50:05.126-0500] {logging_mixin.py:154} INFO - [2023-11-09T19:50:05.126-0500] {dag.py:3722} INFO - Setting next_dagrun for example_weekday_branch_operator to 2023-11-09T00:00:00+00:00, run_after=2023-11-10T00:00:00+00:00
[2023-11-09T19:50:05.138-0500] {processor.py:179} INFO - Processing /Users/az/anaconda3/envs/python38/lib/python3.8/site-packages/airflow/example_dags/example_branch_day_of_week_operator.py took 0.173 seconds
[2023-11-09T19:52:04.897-0500] {processor.py:157} INFO - Started process (PID=54814) to work on /Users/az/anaconda3/envs/python38/lib/python3.8/site-packages/airflow/example_dags/example_branch_day_of_week_operator.py
[2023-11-09T19:52:04.901-0500] {processor.py:829} INFO - Processing file /Users/az/anaconda3/envs/python38/lib/python3.8/site-packages/airflow/example_dags/example_branch_day_of_week_operator.py for tasks to queue
[2023-11-09T19:52:04.902-0500] {logging_mixin.py:154} INFO - [2023-11-09T19:52:04.902-0500] {dagbag.py:536} INFO - Filling up the DagBag from /Users/az/anaconda3/envs/python38/lib/python3.8/site-packages/airflow/example_dags/example_branch_day_of_week_operator.py
[2023-11-09T19:52:04.919-0500] {processor.py:839} INFO - DAG(s) dict_keys(['example_weekday_branch_operator']) retrieved from /Users/az/anaconda3/envs/python38/lib/python3.8/site-packages/airflow/example_dags/example_branch_day_of_week_operator.py
[2023-11-09T19:52:05.028-0500] {logging_mixin.py:154} INFO - [2023-11-09T19:52:05.028-0500] {dag.py:2941} INFO - Sync 1 DAGs
[2023-11-09T19:52:05.038-0500] {logging_mixin.py:154} INFO - [2023-11-09T19:52:05.037-0500] {dag.py:3722} INFO - Setting next_dagrun for example_weekday_branch_operator to 2023-11-09T00:00:00+00:00, run_after=2023-11-10T00:00:00+00:00
[2023-11-09T19:52:05.048-0500] {processor.py:179} INFO - Processing /Users/az/anaconda3/envs/python38/lib/python3.8/site-packages/airflow/example_dags/example_branch_day_of_week_operator.py took 0.151 seconds
[2023-11-09T19:54:05.917-0500] {processor.py:157} INFO - Started process (PID=54978) to work on /Users/az/anaconda3/envs/python38/lib/python3.8/site-packages/airflow/example_dags/example_branch_day_of_week_operator.py
[2023-11-09T19:54:05.922-0500] {processor.py:829} INFO - Processing file /Users/az/anaconda3/envs/python38/lib/python3.8/site-packages/airflow/example_dags/example_branch_day_of_week_operator.py for tasks to queue
[2023-11-09T19:54:05.922-0500] {logging_mixin.py:154} INFO - [2023-11-09T19:54:05.922-0500] {dagbag.py:536} INFO - Filling up the DagBag from /Users/az/anaconda3/envs/python38/lib/python3.8/site-packages/airflow/example_dags/example_branch_day_of_week_operator.py
[2023-11-09T19:54:05.939-0500] {processor.py:839} INFO - DAG(s) dict_keys(['example_weekday_branch_operator']) retrieved from /Users/az/anaconda3/envs/python38/lib/python3.8/site-packages/airflow/example_dags/example_branch_day_of_week_operator.py
[2023-11-09T19:54:06.046-0500] {logging_mixin.py:154} INFO - [2023-11-09T19:54:06.046-0500] {dag.py:2941} INFO - Sync 1 DAGs
[2023-11-09T19:54:06.056-0500] {logging_mixin.py:154} INFO - [2023-11-09T19:54:06.056-0500] {dag.py:3722} INFO - Setting next_dagrun for example_weekday_branch_operator to 2023-11-09T00:00:00+00:00, run_after=2023-11-10T00:00:00+00:00
[2023-11-09T19:54:06.066-0500] {processor.py:179} INFO - Processing /Users/az/anaconda3/envs/python38/lib/python3.8/site-packages/airflow/example_dags/example_branch_day_of_week_operator.py took 0.150 seconds
[2023-11-09T19:56:01.837-0500] {processor.py:157} INFO - Started process (PID=55121) to work on /Users/az/anaconda3/envs/python38/lib/python3.8/site-packages/airflow/example_dags/example_branch_day_of_week_operator.py
[2023-11-09T19:56:01.840-0500] {processor.py:829} INFO - Processing file /Users/az/anaconda3/envs/python38/lib/python3.8/site-packages/airflow/example_dags/example_branch_day_of_week_operator.py for tasks to queue
[2023-11-09T19:56:01.841-0500] {logging_mixin.py:154} INFO - [2023-11-09T19:56:01.841-0500] {dagbag.py:536} INFO - Filling up the DagBag from /Users/az/anaconda3/envs/python38/lib/python3.8/site-packages/airflow/example_dags/example_branch_day_of_week_operator.py
[2023-11-09T19:56:01.857-0500] {processor.py:839} INFO - DAG(s) dict_keys(['example_weekday_branch_operator']) retrieved from /Users/az/anaconda3/envs/python38/lib/python3.8/site-packages/airflow/example_dags/example_branch_day_of_week_operator.py
[2023-11-09T19:56:01.966-0500] {logging_mixin.py:154} INFO - [2023-11-09T19:56:01.966-0500] {dag.py:2941} INFO - Sync 1 DAGs
[2023-11-09T19:56:01.976-0500] {logging_mixin.py:154} INFO - [2023-11-09T19:56:01.975-0500] {dag.py:3722} INFO - Setting next_dagrun for example_weekday_branch_operator to 2023-11-09T00:00:00+00:00, run_after=2023-11-10T00:00:00+00:00
[2023-11-09T19:56:01.986-0500] {processor.py:179} INFO - Processing /Users/az/anaconda3/envs/python38/lib/python3.8/site-packages/airflow/example_dags/example_branch_day_of_week_operator.py took 0.150 seconds
[2023-11-09T19:58:02.738-0500] {processor.py:157} INFO - Started process (PID=55282) to work on /Users/az/anaconda3/envs/python38/lib/python3.8/site-packages/airflow/example_dags/example_branch_day_of_week_operator.py
[2023-11-09T19:58:02.742-0500] {processor.py:829} INFO - Processing file /Users/az/anaconda3/envs/python38/lib/python3.8/site-packages/airflow/example_dags/example_branch_day_of_week_operator.py for tasks to queue
[2023-11-09T19:58:02.742-0500] {logging_mixin.py:154} INFO - [2023-11-09T19:58:02.742-0500] {dagbag.py:536} INFO - Filling up the DagBag from /Users/az/anaconda3/envs/python38/lib/python3.8/site-packages/airflow/example_dags/example_branch_day_of_week_operator.py
[2023-11-09T19:58:02.760-0500] {processor.py:839} INFO - DAG(s) dict_keys(['example_weekday_branch_operator']) retrieved from /Users/az/anaconda3/envs/python38/lib/python3.8/site-packages/airflow/example_dags/example_branch_day_of_week_operator.py
[2023-11-09T19:58:02.868-0500] {logging_mixin.py:154} INFO - [2023-11-09T19:58:02.868-0500] {dag.py:2941} INFO - Sync 1 DAGs
[2023-11-09T19:58:02.878-0500] {logging_mixin.py:154} INFO - [2023-11-09T19:58:02.878-0500] {dag.py:3722} INFO - Setting next_dagrun for example_weekday_branch_operator to 2023-11-09T00:00:00+00:00, run_after=2023-11-10T00:00:00+00:00
[2023-11-09T19:58:02.889-0500] {processor.py:179} INFO - Processing /Users/az/anaconda3/envs/python38/lib/python3.8/site-packages/airflow/example_dags/example_branch_day_of_week_operator.py took 0.151 seconds
[2023-11-09T20:00:02.736-0500] {processor.py:157} INFO - Started process (PID=55432) to work on /Users/az/anaconda3/envs/python38/lib/python3.8/site-packages/airflow/example_dags/example_branch_day_of_week_operator.py
[2023-11-09T20:00:02.741-0500] {processor.py:829} INFO - Processing file /Users/az/anaconda3/envs/python38/lib/python3.8/site-packages/airflow/example_dags/example_branch_day_of_week_operator.py for tasks to queue
[2023-11-09T20:00:02.741-0500] {logging_mixin.py:154} INFO - [2023-11-09T20:00:02.741-0500] {dagbag.py:536} INFO - Filling up the DagBag from /Users/az/anaconda3/envs/python38/lib/python3.8/site-packages/airflow/example_dags/example_branch_day_of_week_operator.py
[2023-11-09T20:00:02.758-0500] {processor.py:839} INFO - DAG(s) dict_keys(['example_weekday_branch_operator']) retrieved from /Users/az/anaconda3/envs/python38/lib/python3.8/site-packages/airflow/example_dags/example_branch_day_of_week_operator.py
[2023-11-09T20:00:02.865-0500] {logging_mixin.py:154} INFO - [2023-11-09T20:00:02.865-0500] {dag.py:2941} INFO - Sync 1 DAGs
[2023-11-09T20:00:02.875-0500] {logging_mixin.py:154} INFO - [2023-11-09T20:00:02.875-0500] {dag.py:3722} INFO - Setting next_dagrun for example_weekday_branch_operator to 2023-11-09T00:00:00+00:00, run_after=2023-11-10T00:00:00+00:00
[2023-11-09T20:00:02.885-0500] {processor.py:179} INFO - Processing /Users/az/anaconda3/envs/python38/lib/python3.8/site-packages/airflow/example_dags/example_branch_day_of_week_operator.py took 0.149 seconds
[2023-11-09T20:02:04.992-0500] {processor.py:157} INFO - Started process (PID=55598) to work on /Users/az/anaconda3/envs/python38/lib/python3.8/site-packages/airflow/example_dags/example_branch_day_of_week_operator.py
[2023-11-09T20:02:04.997-0500] {processor.py:829} INFO - Processing file /Users/az/anaconda3/envs/python38/lib/python3.8/site-packages/airflow/example_dags/example_branch_day_of_week_operator.py for tasks to queue
[2023-11-09T20:02:04.997-0500] {logging_mixin.py:154} INFO - [2023-11-09T20:02:04.997-0500] {dagbag.py:536} INFO - Filling up the DagBag from /Users/az/anaconda3/envs/python38/lib/python3.8/site-packages/airflow/example_dags/example_branch_day_of_week_operator.py
[2023-11-09T20:02:05.014-0500] {processor.py:839} INFO - DAG(s) dict_keys(['example_weekday_branch_operator']) retrieved from /Users/az/anaconda3/envs/python38/lib/python3.8/site-packages/airflow/example_dags/example_branch_day_of_week_operator.py
[2023-11-09T20:02:05.124-0500] {logging_mixin.py:154} INFO - [2023-11-09T20:02:05.123-0500] {dag.py:2941} INFO - Sync 1 DAGs
[2023-11-09T20:02:05.134-0500] {logging_mixin.py:154} INFO - [2023-11-09T20:02:05.134-0500] {dag.py:3722} INFO - Setting next_dagrun for example_weekday_branch_operator to 2023-11-09T00:00:00+00:00, run_after=2023-11-10T00:00:00+00:00
[2023-11-09T20:02:05.144-0500] {processor.py:179} INFO - Processing /Users/az/anaconda3/envs/python38/lib/python3.8/site-packages/airflow/example_dags/example_branch_day_of_week_operator.py took 0.152 seconds
[2023-11-09T20:04:06.347-0500] {processor.py:157} INFO - Started process (PID=55758) to work on /Users/az/anaconda3/envs/python38/lib/python3.8/site-packages/airflow/example_dags/example_branch_day_of_week_operator.py
[2023-11-09T20:04:06.352-0500] {processor.py:829} INFO - Processing file /Users/az/anaconda3/envs/python38/lib/python3.8/site-packages/airflow/example_dags/example_branch_day_of_week_operator.py for tasks to queue
[2023-11-09T20:04:06.352-0500] {logging_mixin.py:154} INFO - [2023-11-09T20:04:06.352-0500] {dagbag.py:536} INFO - Filling up the DagBag from /Users/az/anaconda3/envs/python38/lib/python3.8/site-packages/airflow/example_dags/example_branch_day_of_week_operator.py
[2023-11-09T20:04:06.369-0500] {processor.py:839} INFO - DAG(s) dict_keys(['example_weekday_branch_operator']) retrieved from /Users/az/anaconda3/envs/python38/lib/python3.8/site-packages/airflow/example_dags/example_branch_day_of_week_operator.py
[2023-11-09T20:04:06.477-0500] {logging_mixin.py:154} INFO - [2023-11-09T20:04:06.477-0500] {dag.py:2941} INFO - Sync 1 DAGs
[2023-11-09T20:04:06.486-0500] {logging_mixin.py:154} INFO - [2023-11-09T20:04:06.486-0500] {dag.py:3722} INFO - Setting next_dagrun for example_weekday_branch_operator to 2023-11-09T00:00:00+00:00, run_after=2023-11-10T00:00:00+00:00
[2023-11-09T20:04:06.496-0500] {processor.py:179} INFO - Processing /Users/az/anaconda3/envs/python38/lib/python3.8/site-packages/airflow/example_dags/example_branch_day_of_week_operator.py took 0.150 seconds
[2023-11-09T20:06:04.101-0500] {processor.py:157} INFO - Started process (PID=55901) to work on /Users/az/anaconda3/envs/python38/lib/python3.8/site-packages/airflow/example_dags/example_branch_day_of_week_operator.py
[2023-11-09T20:06:04.105-0500] {processor.py:829} INFO - Processing file /Users/az/anaconda3/envs/python38/lib/python3.8/site-packages/airflow/example_dags/example_branch_day_of_week_operator.py for tasks to queue
[2023-11-09T20:06:04.105-0500] {logging_mixin.py:154} INFO - [2023-11-09T20:06:04.105-0500] {dagbag.py:536} INFO - Filling up the DagBag from /Users/az/anaconda3/envs/python38/lib/python3.8/site-packages/airflow/example_dags/example_branch_day_of_week_operator.py
[2023-11-09T20:06:04.122-0500] {processor.py:839} INFO - DAG(s) dict_keys(['example_weekday_branch_operator']) retrieved from /Users/az/anaconda3/envs/python38/lib/python3.8/site-packages/airflow/example_dags/example_branch_day_of_week_operator.py
[2023-11-09T20:06:04.229-0500] {logging_mixin.py:154} INFO - [2023-11-09T20:06:04.229-0500] {dag.py:2941} INFO - Sync 1 DAGs
[2023-11-09T20:06:04.239-0500] {logging_mixin.py:154} INFO - [2023-11-09T20:06:04.239-0500] {dag.py:3722} INFO - Setting next_dagrun for example_weekday_branch_operator to 2023-11-09T00:00:00+00:00, run_after=2023-11-10T00:00:00+00:00
[2023-11-09T20:06:04.249-0500] {processor.py:179} INFO - Processing /Users/az/anaconda3/envs/python38/lib/python3.8/site-packages/airflow/example_dags/example_branch_day_of_week_operator.py took 0.149 seconds
[2023-11-09T20:08:02.153-0500] {processor.py:157} INFO - Started process (PID=56070) to work on /Users/az/anaconda3/envs/python38/lib/python3.8/site-packages/airflow/example_dags/example_branch_day_of_week_operator.py
[2023-11-09T20:08:02.157-0500] {processor.py:829} INFO - Processing file /Users/az/anaconda3/envs/python38/lib/python3.8/site-packages/airflow/example_dags/example_branch_day_of_week_operator.py for tasks to queue
[2023-11-09T20:08:02.158-0500] {logging_mixin.py:154} INFO - [2023-11-09T20:08:02.158-0500] {dagbag.py:536} INFO - Filling up the DagBag from /Users/az/anaconda3/envs/python38/lib/python3.8/site-packages/airflow/example_dags/example_branch_day_of_week_operator.py
[2023-11-09T20:08:02.175-0500] {processor.py:839} INFO - DAG(s) dict_keys(['example_weekday_branch_operator']) retrieved from /Users/az/anaconda3/envs/python38/lib/python3.8/site-packages/airflow/example_dags/example_branch_day_of_week_operator.py
[2023-11-09T20:08:02.284-0500] {logging_mixin.py:154} INFO - [2023-11-09T20:08:02.284-0500] {dag.py:2941} INFO - Sync 1 DAGs
[2023-11-09T20:08:02.294-0500] {logging_mixin.py:154} INFO - [2023-11-09T20:08:02.293-0500] {dag.py:3722} INFO - Setting next_dagrun for example_weekday_branch_operator to 2023-11-09T00:00:00+00:00, run_after=2023-11-10T00:00:00+00:00
[2023-11-09T20:08:02.304-0500] {processor.py:179} INFO - Processing /Users/az/anaconda3/envs/python38/lib/python3.8/site-packages/airflow/example_dags/example_branch_day_of_week_operator.py took 0.151 seconds
[2023-11-09T20:09:59.662-0500] {processor.py:157} INFO - Started process (PID=56234) to work on /Users/az/anaconda3/envs/python38/lib/python3.8/site-packages/airflow/example_dags/example_branch_day_of_week_operator.py
[2023-11-09T20:09:59.667-0500] {processor.py:829} INFO - Processing file /Users/az/anaconda3/envs/python38/lib/python3.8/site-packages/airflow/example_dags/example_branch_day_of_week_operator.py for tasks to queue
[2023-11-09T20:09:59.667-0500] {logging_mixin.py:154} INFO - [2023-11-09T20:09:59.667-0500] {dagbag.py:536} INFO - Filling up the DagBag from /Users/az/anaconda3/envs/python38/lib/python3.8/site-packages/airflow/example_dags/example_branch_day_of_week_operator.py
[2023-11-09T20:09:59.684-0500] {processor.py:839} INFO - DAG(s) dict_keys(['example_weekday_branch_operator']) retrieved from /Users/az/anaconda3/envs/python38/lib/python3.8/site-packages/airflow/example_dags/example_branch_day_of_week_operator.py
[2023-11-09T20:09:59.794-0500] {logging_mixin.py:154} INFO - [2023-11-09T20:09:59.794-0500] {dag.py:2941} INFO - Sync 1 DAGs
[2023-11-09T20:09:59.804-0500] {logging_mixin.py:154} INFO - [2023-11-09T20:09:59.804-0500] {dag.py:3722} INFO - Setting next_dagrun for example_weekday_branch_operator to 2023-11-09T00:00:00+00:00, run_after=2023-11-10T00:00:00+00:00
[2023-11-09T20:09:59.814-0500] {processor.py:179} INFO - Processing /Users/az/anaconda3/envs/python38/lib/python3.8/site-packages/airflow/example_dags/example_branch_day_of_week_operator.py took 0.152 seconds
[2023-11-09T20:11:56.629-0500] {processor.py:157} INFO - Started process (PID=56398) to work on /Users/az/anaconda3/envs/python38/lib/python3.8/site-packages/airflow/example_dags/example_branch_day_of_week_operator.py
[2023-11-09T20:11:56.634-0500] {processor.py:829} INFO - Processing file /Users/az/anaconda3/envs/python38/lib/python3.8/site-packages/airflow/example_dags/example_branch_day_of_week_operator.py for tasks to queue
[2023-11-09T20:11:56.634-0500] {logging_mixin.py:154} INFO - [2023-11-09T20:11:56.634-0500] {dagbag.py:536} INFO - Filling up the DagBag from /Users/az/anaconda3/envs/python38/lib/python3.8/site-packages/airflow/example_dags/example_branch_day_of_week_operator.py
[2023-11-09T20:11:56.651-0500] {processor.py:839} INFO - DAG(s) dict_keys(['example_weekday_branch_operator']) retrieved from /Users/az/anaconda3/envs/python38/lib/python3.8/site-packages/airflow/example_dags/example_branch_day_of_week_operator.py
[2023-11-09T20:11:56.760-0500] {logging_mixin.py:154} INFO - [2023-11-09T20:11:56.760-0500] {dag.py:2941} INFO - Sync 1 DAGs
[2023-11-09T20:11:56.770-0500] {logging_mixin.py:154} INFO - [2023-11-09T20:11:56.770-0500] {dag.py:3722} INFO - Setting next_dagrun for example_weekday_branch_operator to 2023-11-09T00:00:00+00:00, run_after=2023-11-10T00:00:00+00:00
[2023-11-09T20:11:56.781-0500] {processor.py:179} INFO - Processing /Users/az/anaconda3/envs/python38/lib/python3.8/site-packages/airflow/example_dags/example_branch_day_of_week_operator.py took 0.152 seconds
[2023-11-09T20:13:56.915-0500] {processor.py:157} INFO - Started process (PID=56567) to work on /Users/az/anaconda3/envs/python38/lib/python3.8/site-packages/airflow/example_dags/example_branch_day_of_week_operator.py
[2023-11-09T20:13:56.920-0500] {processor.py:829} INFO - Processing file /Users/az/anaconda3/envs/python38/lib/python3.8/site-packages/airflow/example_dags/example_branch_day_of_week_operator.py for tasks to queue
[2023-11-09T20:13:56.920-0500] {logging_mixin.py:154} INFO - [2023-11-09T20:13:56.920-0500] {dagbag.py:536} INFO - Filling up the DagBag from /Users/az/anaconda3/envs/python38/lib/python3.8/site-packages/airflow/example_dags/example_branch_day_of_week_operator.py
[2023-11-09T20:13:56.937-0500] {processor.py:839} INFO - DAG(s) dict_keys(['example_weekday_branch_operator']) retrieved from /Users/az/anaconda3/envs/python38/lib/python3.8/site-packages/airflow/example_dags/example_branch_day_of_week_operator.py
[2023-11-09T20:13:57.048-0500] {logging_mixin.py:154} INFO - [2023-11-09T20:13:57.048-0500] {dag.py:2941} INFO - Sync 1 DAGs
[2023-11-09T20:13:57.058-0500] {logging_mixin.py:154} INFO - [2023-11-09T20:13:57.058-0500] {dag.py:3722} INFO - Setting next_dagrun for example_weekday_branch_operator to 2023-11-09T00:00:00+00:00, run_after=2023-11-10T00:00:00+00:00
[2023-11-09T20:13:57.070-0500] {processor.py:179} INFO - Processing /Users/az/anaconda3/envs/python38/lib/python3.8/site-packages/airflow/example_dags/example_branch_day_of_week_operator.py took 0.155 seconds
[2023-11-09T20:15:55.444-0500] {processor.py:157} INFO - Started process (PID=56720) to work on /Users/az/anaconda3/envs/python38/lib/python3.8/site-packages/airflow/example_dags/example_branch_day_of_week_operator.py
[2023-11-09T20:15:55.448-0500] {processor.py:829} INFO - Processing file /Users/az/anaconda3/envs/python38/lib/python3.8/site-packages/airflow/example_dags/example_branch_day_of_week_operator.py for tasks to queue
[2023-11-09T20:15:55.449-0500] {logging_mixin.py:154} INFO - [2023-11-09T20:15:55.449-0500] {dagbag.py:536} INFO - Filling up the DagBag from /Users/az/anaconda3/envs/python38/lib/python3.8/site-packages/airflow/example_dags/example_branch_day_of_week_operator.py
[2023-11-09T20:15:55.466-0500] {processor.py:839} INFO - DAG(s) dict_keys(['example_weekday_branch_operator']) retrieved from /Users/az/anaconda3/envs/python38/lib/python3.8/site-packages/airflow/example_dags/example_branch_day_of_week_operator.py
[2023-11-09T20:15:55.573-0500] {logging_mixin.py:154} INFO - [2023-11-09T20:15:55.573-0500] {dag.py:2941} INFO - Sync 1 DAGs
[2023-11-09T20:15:55.583-0500] {logging_mixin.py:154} INFO - [2023-11-09T20:15:55.583-0500] {dag.py:3722} INFO - Setting next_dagrun for example_weekday_branch_operator to 2023-11-09T00:00:00+00:00, run_after=2023-11-10T00:00:00+00:00
[2023-11-09T20:15:55.593-0500] {processor.py:179} INFO - Processing /Users/az/anaconda3/envs/python38/lib/python3.8/site-packages/airflow/example_dags/example_branch_day_of_week_operator.py took 0.149 seconds
[2023-11-09T20:17:54.927-0500] {processor.py:157} INFO - Started process (PID=56870) to work on /Users/az/anaconda3/envs/python38/lib/python3.8/site-packages/airflow/example_dags/example_branch_day_of_week_operator.py
[2023-11-09T20:17:54.932-0500] {processor.py:829} INFO - Processing file /Users/az/anaconda3/envs/python38/lib/python3.8/site-packages/airflow/example_dags/example_branch_day_of_week_operator.py for tasks to queue
[2023-11-09T20:17:54.932-0500] {logging_mixin.py:154} INFO - [2023-11-09T20:17:54.932-0500] {dagbag.py:536} INFO - Filling up the DagBag from /Users/az/anaconda3/envs/python38/lib/python3.8/site-packages/airflow/example_dags/example_branch_day_of_week_operator.py
[2023-11-09T20:17:54.949-0500] {processor.py:839} INFO - DAG(s) dict_keys(['example_weekday_branch_operator']) retrieved from /Users/az/anaconda3/envs/python38/lib/python3.8/site-packages/airflow/example_dags/example_branch_day_of_week_operator.py
[2023-11-09T20:17:55.056-0500] {logging_mixin.py:154} INFO - [2023-11-09T20:17:55.056-0500] {dag.py:2941} INFO - Sync 1 DAGs
[2023-11-09T20:17:55.066-0500] {logging_mixin.py:154} INFO - [2023-11-09T20:17:55.066-0500] {dag.py:3722} INFO - Setting next_dagrun for example_weekday_branch_operator to 2023-11-09T00:00:00+00:00, run_after=2023-11-10T00:00:00+00:00
[2023-11-09T20:17:55.076-0500] {processor.py:179} INFO - Processing /Users/az/anaconda3/envs/python38/lib/python3.8/site-packages/airflow/example_dags/example_branch_day_of_week_operator.py took 0.150 seconds
[2023-11-09T20:19:52.951-0500] {processor.py:157} INFO - Started process (PID=57018) to work on /Users/az/anaconda3/envs/python38/lib/python3.8/site-packages/airflow/example_dags/example_branch_day_of_week_operator.py
[2023-11-09T20:19:52.956-0500] {processor.py:829} INFO - Processing file /Users/az/anaconda3/envs/python38/lib/python3.8/site-packages/airflow/example_dags/example_branch_day_of_week_operator.py for tasks to queue
[2023-11-09T20:19:52.956-0500] {logging_mixin.py:154} INFO - [2023-11-09T20:19:52.956-0500] {dagbag.py:536} INFO - Filling up the DagBag from /Users/az/anaconda3/envs/python38/lib/python3.8/site-packages/airflow/example_dags/example_branch_day_of_week_operator.py
[2023-11-09T20:19:52.973-0500] {processor.py:839} INFO - DAG(s) dict_keys(['example_weekday_branch_operator']) retrieved from /Users/az/anaconda3/envs/python38/lib/python3.8/site-packages/airflow/example_dags/example_branch_day_of_week_operator.py
[2023-11-09T20:19:53.081-0500] {logging_mixin.py:154} INFO - [2023-11-09T20:19:53.081-0500] {dag.py:2941} INFO - Sync 1 DAGs
[2023-11-09T20:19:53.091-0500] {logging_mixin.py:154} INFO - [2023-11-09T20:19:53.091-0500] {dag.py:3722} INFO - Setting next_dagrun for example_weekday_branch_operator to 2023-11-09T00:00:00+00:00, run_after=2023-11-10T00:00:00+00:00
[2023-11-09T20:19:53.101-0500] {processor.py:179} INFO - Processing /Users/az/anaconda3/envs/python38/lib/python3.8/site-packages/airflow/example_dags/example_branch_day_of_week_operator.py took 0.150 seconds
[2023-11-09T20:21:54.992-0500] {processor.py:157} INFO - Started process (PID=57177) to work on /Users/az/anaconda3/envs/python38/lib/python3.8/site-packages/airflow/example_dags/example_branch_day_of_week_operator.py
[2023-11-09T20:21:54.996-0500] {processor.py:829} INFO - Processing file /Users/az/anaconda3/envs/python38/lib/python3.8/site-packages/airflow/example_dags/example_branch_day_of_week_operator.py for tasks to queue
[2023-11-09T20:21:54.997-0500] {logging_mixin.py:154} INFO - [2023-11-09T20:21:54.997-0500] {dagbag.py:536} INFO - Filling up the DagBag from /Users/az/anaconda3/envs/python38/lib/python3.8/site-packages/airflow/example_dags/example_branch_day_of_week_operator.py
[2023-11-09T20:21:55.014-0500] {processor.py:839} INFO - DAG(s) dict_keys(['example_weekday_branch_operator']) retrieved from /Users/az/anaconda3/envs/python38/lib/python3.8/site-packages/airflow/example_dags/example_branch_day_of_week_operator.py
[2023-11-09T20:21:55.121-0500] {logging_mixin.py:154} INFO - [2023-11-09T20:21:55.121-0500] {dag.py:2941} INFO - Sync 1 DAGs
[2023-11-09T20:21:55.130-0500] {logging_mixin.py:154} INFO - [2023-11-09T20:21:55.130-0500] {dag.py:3722} INFO - Setting next_dagrun for example_weekday_branch_operator to 2023-11-09T00:00:00+00:00, run_after=2023-11-10T00:00:00+00:00
[2023-11-09T20:21:55.141-0500] {processor.py:179} INFO - Processing /Users/az/anaconda3/envs/python38/lib/python3.8/site-packages/airflow/example_dags/example_branch_day_of_week_operator.py took 0.149 seconds
[2023-11-09T20:23:52.739-0500] {processor.py:157} INFO - Started process (PID=57329) to work on /Users/az/anaconda3/envs/python38/lib/python3.8/site-packages/airflow/example_dags/example_branch_day_of_week_operator.py
[2023-11-09T20:23:52.743-0500] {processor.py:829} INFO - Processing file /Users/az/anaconda3/envs/python38/lib/python3.8/site-packages/airflow/example_dags/example_branch_day_of_week_operator.py for tasks to queue
[2023-11-09T20:23:52.744-0500] {logging_mixin.py:154} INFO - [2023-11-09T20:23:52.744-0500] {dagbag.py:536} INFO - Filling up the DagBag from /Users/az/anaconda3/envs/python38/lib/python3.8/site-packages/airflow/example_dags/example_branch_day_of_week_operator.py
[2023-11-09T20:23:52.761-0500] {processor.py:839} INFO - DAG(s) dict_keys(['example_weekday_branch_operator']) retrieved from /Users/az/anaconda3/envs/python38/lib/python3.8/site-packages/airflow/example_dags/example_branch_day_of_week_operator.py
[2023-11-09T20:23:52.871-0500] {logging_mixin.py:154} INFO - [2023-11-09T20:23:52.871-0500] {dag.py:2941} INFO - Sync 1 DAGs
[2023-11-09T20:23:52.881-0500] {logging_mixin.py:154} INFO - [2023-11-09T20:23:52.881-0500] {dag.py:3722} INFO - Setting next_dagrun for example_weekday_branch_operator to 2023-11-09T00:00:00+00:00, run_after=2023-11-10T00:00:00+00:00
[2023-11-09T20:23:52.891-0500] {processor.py:179} INFO - Processing /Users/az/anaconda3/envs/python38/lib/python3.8/site-packages/airflow/example_dags/example_branch_day_of_week_operator.py took 0.152 seconds
[2023-11-09T20:25:51.509-0500] {processor.py:157} INFO - Started process (PID=57478) to work on /Users/az/anaconda3/envs/python38/lib/python3.8/site-packages/airflow/example_dags/example_branch_day_of_week_operator.py
[2023-11-09T20:25:51.513-0500] {processor.py:829} INFO - Processing file /Users/az/anaconda3/envs/python38/lib/python3.8/site-packages/airflow/example_dags/example_branch_day_of_week_operator.py for tasks to queue
[2023-11-09T20:25:51.513-0500] {logging_mixin.py:154} INFO - [2023-11-09T20:25:51.513-0500] {dagbag.py:536} INFO - Filling up the DagBag from /Users/az/anaconda3/envs/python38/lib/python3.8/site-packages/airflow/example_dags/example_branch_day_of_week_operator.py
[2023-11-09T20:25:51.529-0500] {processor.py:839} INFO - DAG(s) dict_keys(['example_weekday_branch_operator']) retrieved from /Users/az/anaconda3/envs/python38/lib/python3.8/site-packages/airflow/example_dags/example_branch_day_of_week_operator.py
[2023-11-09T20:25:51.637-0500] {logging_mixin.py:154} INFO - [2023-11-09T20:25:51.637-0500] {dag.py:2941} INFO - Sync 1 DAGs
[2023-11-09T20:25:51.647-0500] {logging_mixin.py:154} INFO - [2023-11-09T20:25:51.647-0500] {dag.py:3722} INFO - Setting next_dagrun for example_weekday_branch_operator to 2023-11-09T00:00:00+00:00, run_after=2023-11-10T00:00:00+00:00
[2023-11-09T20:25:51.657-0500] {processor.py:179} INFO - Processing /Users/az/anaconda3/envs/python38/lib/python3.8/site-packages/airflow/example_dags/example_branch_day_of_week_operator.py took 0.148 seconds
[2023-11-09T20:46:27.333-0500] {processor.py:157} INFO - Started process (PID=57795) to work on /Users/az/anaconda3/envs/python38/lib/python3.8/site-packages/airflow/example_dags/example_branch_day_of_week_operator.py
[2023-11-09T20:46:27.337-0500] {processor.py:829} INFO - Processing file /Users/az/anaconda3/envs/python38/lib/python3.8/site-packages/airflow/example_dags/example_branch_day_of_week_operator.py for tasks to queue
[2023-11-09T20:46:27.338-0500] {logging_mixin.py:154} INFO - [2023-11-09T20:46:27.338-0500] {dagbag.py:536} INFO - Filling up the DagBag from /Users/az/anaconda3/envs/python38/lib/python3.8/site-packages/airflow/example_dags/example_branch_day_of_week_operator.py
[2023-11-09T20:46:27.355-0500] {processor.py:839} INFO - DAG(s) dict_keys(['example_weekday_branch_operator']) retrieved from /Users/az/anaconda3/envs/python38/lib/python3.8/site-packages/airflow/example_dags/example_branch_day_of_week_operator.py
[2023-11-09T20:46:27.470-0500] {logging_mixin.py:154} INFO - [2023-11-09T20:46:27.470-0500] {dag.py:2941} INFO - Sync 1 DAGs
[2023-11-09T20:46:27.482-0500] {logging_mixin.py:154} INFO - [2023-11-09T20:46:27.482-0500] {dag.py:3722} INFO - Setting next_dagrun for example_weekday_branch_operator to 2023-11-09T00:00:00+00:00, run_after=2023-11-10T00:00:00+00:00
[2023-11-09T20:46:27.492-0500] {processor.py:179} INFO - Processing /Users/az/anaconda3/envs/python38/lib/python3.8/site-packages/airflow/example_dags/example_branch_day_of_week_operator.py took 0.160 seconds
[2023-11-09T20:48:27.061-0500] {processor.py:157} INFO - Started process (PID=57949) to work on /Users/az/anaconda3/envs/python38/lib/python3.8/site-packages/airflow/example_dags/example_branch_day_of_week_operator.py
[2023-11-09T20:48:27.065-0500] {processor.py:829} INFO - Processing file /Users/az/anaconda3/envs/python38/lib/python3.8/site-packages/airflow/example_dags/example_branch_day_of_week_operator.py for tasks to queue
[2023-11-09T20:48:27.066-0500] {logging_mixin.py:154} INFO - [2023-11-09T20:48:27.065-0500] {dagbag.py:536} INFO - Filling up the DagBag from /Users/az/anaconda3/envs/python38/lib/python3.8/site-packages/airflow/example_dags/example_branch_day_of_week_operator.py
[2023-11-09T20:48:27.082-0500] {processor.py:839} INFO - DAG(s) dict_keys(['example_weekday_branch_operator']) retrieved from /Users/az/anaconda3/envs/python38/lib/python3.8/site-packages/airflow/example_dags/example_branch_day_of_week_operator.py
[2023-11-09T20:48:27.190-0500] {logging_mixin.py:154} INFO - [2023-11-09T20:48:27.190-0500] {dag.py:2941} INFO - Sync 1 DAGs
[2023-11-09T20:48:27.199-0500] {logging_mixin.py:154} INFO - [2023-11-09T20:48:27.199-0500] {dag.py:3722} INFO - Setting next_dagrun for example_weekday_branch_operator to 2023-11-09T00:00:00+00:00, run_after=2023-11-10T00:00:00+00:00
[2023-11-09T20:48:27.210-0500] {processor.py:179} INFO - Processing /Users/az/anaconda3/envs/python38/lib/python3.8/site-packages/airflow/example_dags/example_branch_day_of_week_operator.py took 0.149 seconds
[2023-11-09T20:50:23.360-0500] {processor.py:157} INFO - Started process (PID=58101) to work on /Users/az/anaconda3/envs/python38/lib/python3.8/site-packages/airflow/example_dags/example_branch_day_of_week_operator.py
[2023-11-09T20:50:23.365-0500] {processor.py:829} INFO - Processing file /Users/az/anaconda3/envs/python38/lib/python3.8/site-packages/airflow/example_dags/example_branch_day_of_week_operator.py for tasks to queue
[2023-11-09T20:50:23.365-0500] {logging_mixin.py:154} INFO - [2023-11-09T20:50:23.365-0500] {dagbag.py:536} INFO - Filling up the DagBag from /Users/az/anaconda3/envs/python38/lib/python3.8/site-packages/airflow/example_dags/example_branch_day_of_week_operator.py
[2023-11-09T20:50:23.382-0500] {processor.py:839} INFO - DAG(s) dict_keys(['example_weekday_branch_operator']) retrieved from /Users/az/anaconda3/envs/python38/lib/python3.8/site-packages/airflow/example_dags/example_branch_day_of_week_operator.py
[2023-11-09T20:50:23.490-0500] {logging_mixin.py:154} INFO - [2023-11-09T20:50:23.490-0500] {dag.py:2941} INFO - Sync 1 DAGs
[2023-11-09T20:50:23.500-0500] {logging_mixin.py:154} INFO - [2023-11-09T20:50:23.500-0500] {dag.py:3722} INFO - Setting next_dagrun for example_weekday_branch_operator to 2023-11-09T00:00:00+00:00, run_after=2023-11-10T00:00:00+00:00
[2023-11-09T20:50:23.510-0500] {processor.py:179} INFO - Processing /Users/az/anaconda3/envs/python38/lib/python3.8/site-packages/airflow/example_dags/example_branch_day_of_week_operator.py took 0.150 seconds
[2023-11-09T20:52:30.929-0500] {processor.py:157} INFO - Started process (PID=58259) to work on /Users/az/anaconda3/envs/python38/lib/python3.8/site-packages/airflow/example_dags/example_branch_day_of_week_operator.py
[2023-11-09T20:52:30.935-0500] {processor.py:829} INFO - Processing file /Users/az/anaconda3/envs/python38/lib/python3.8/site-packages/airflow/example_dags/example_branch_day_of_week_operator.py for tasks to queue
[2023-11-09T20:52:30.935-0500] {logging_mixin.py:154} INFO - [2023-11-09T20:52:30.935-0500] {dagbag.py:536} INFO - Filling up the DagBag from /Users/az/anaconda3/envs/python38/lib/python3.8/site-packages/airflow/example_dags/example_branch_day_of_week_operator.py
[2023-11-09T20:52:30.952-0500] {processor.py:839} INFO - DAG(s) dict_keys(['example_weekday_branch_operator']) retrieved from /Users/az/anaconda3/envs/python38/lib/python3.8/site-packages/airflow/example_dags/example_branch_day_of_week_operator.py
[2023-11-09T20:52:31.064-0500] {logging_mixin.py:154} INFO - [2023-11-09T20:52:31.063-0500] {dag.py:2941} INFO - Sync 1 DAGs
[2023-11-09T20:52:31.073-0500] {logging_mixin.py:154} INFO - [2023-11-09T20:52:31.073-0500] {dag.py:3722} INFO - Setting next_dagrun for example_weekday_branch_operator to 2023-11-09T00:00:00+00:00, run_after=2023-11-10T00:00:00+00:00
[2023-11-09T20:52:31.083-0500] {processor.py:179} INFO - Processing /Users/az/anaconda3/envs/python38/lib/python3.8/site-packages/airflow/example_dags/example_branch_day_of_week_operator.py took 0.154 seconds
[2023-11-09T20:54:48.546-0500] {processor.py:157} INFO - Started process (PID=58424) to work on /Users/az/anaconda3/envs/python38/lib/python3.8/site-packages/airflow/example_dags/example_branch_day_of_week_operator.py
[2023-11-09T20:54:48.551-0500] {processor.py:829} INFO - Processing file /Users/az/anaconda3/envs/python38/lib/python3.8/site-packages/airflow/example_dags/example_branch_day_of_week_operator.py for tasks to queue
[2023-11-09T20:54:48.551-0500] {logging_mixin.py:154} INFO - [2023-11-09T20:54:48.551-0500] {dagbag.py:536} INFO - Filling up the DagBag from /Users/az/anaconda3/envs/python38/lib/python3.8/site-packages/airflow/example_dags/example_branch_day_of_week_operator.py
[2023-11-09T20:54:48.572-0500] {processor.py:839} INFO - DAG(s) dict_keys(['example_weekday_branch_operator']) retrieved from /Users/az/anaconda3/envs/python38/lib/python3.8/site-packages/airflow/example_dags/example_branch_day_of_week_operator.py
[2023-11-09T20:54:48.682-0500] {logging_mixin.py:154} INFO - [2023-11-09T20:54:48.682-0500] {dag.py:2941} INFO - Sync 1 DAGs
[2023-11-09T20:54:48.692-0500] {logging_mixin.py:154} INFO - [2023-11-09T20:54:48.692-0500] {dag.py:3722} INFO - Setting next_dagrun for example_weekday_branch_operator to 2023-11-09T00:00:00+00:00, run_after=2023-11-10T00:00:00+00:00
[2023-11-09T20:54:48.702-0500] {processor.py:179} INFO - Processing /Users/az/anaconda3/envs/python38/lib/python3.8/site-packages/airflow/example_dags/example_branch_day_of_week_operator.py took 0.156 seconds
[2023-11-09T20:56:59.052-0500] {processor.py:157} INFO - Started process (PID=58581) to work on /Users/az/anaconda3/envs/python38/lib/python3.8/site-packages/airflow/example_dags/example_branch_day_of_week_operator.py
[2023-11-09T20:56:59.057-0500] {processor.py:829} INFO - Processing file /Users/az/anaconda3/envs/python38/lib/python3.8/site-packages/airflow/example_dags/example_branch_day_of_week_operator.py for tasks to queue
[2023-11-09T20:56:59.057-0500] {logging_mixin.py:154} INFO - [2023-11-09T20:56:59.057-0500] {dagbag.py:536} INFO - Filling up the DagBag from /Users/az/anaconda3/envs/python38/lib/python3.8/site-packages/airflow/example_dags/example_branch_day_of_week_operator.py
[2023-11-09T20:56:59.074-0500] {processor.py:839} INFO - DAG(s) dict_keys(['example_weekday_branch_operator']) retrieved from /Users/az/anaconda3/envs/python38/lib/python3.8/site-packages/airflow/example_dags/example_branch_day_of_week_operator.py
[2023-11-09T20:56:59.182-0500] {logging_mixin.py:154} INFO - [2023-11-09T20:56:59.182-0500] {dag.py:2941} INFO - Sync 1 DAGs
[2023-11-09T20:56:59.192-0500] {logging_mixin.py:154} INFO - [2023-11-09T20:56:59.192-0500] {dag.py:3722} INFO - Setting next_dagrun for example_weekday_branch_operator to 2023-11-09T00:00:00+00:00, run_after=2023-11-10T00:00:00+00:00
[2023-11-09T20:56:59.202-0500] {processor.py:179} INFO - Processing /Users/az/anaconda3/envs/python38/lib/python3.8/site-packages/airflow/example_dags/example_branch_day_of_week_operator.py took 0.150 seconds
[2023-11-09T20:59:07.603-0500] {processor.py:157} INFO - Started process (PID=58731) to work on /Users/az/anaconda3/envs/python38/lib/python3.8/site-packages/airflow/example_dags/example_branch_day_of_week_operator.py
[2023-11-09T20:59:07.608-0500] {processor.py:829} INFO - Processing file /Users/az/anaconda3/envs/python38/lib/python3.8/site-packages/airflow/example_dags/example_branch_day_of_week_operator.py for tasks to queue
[2023-11-09T20:59:07.608-0500] {logging_mixin.py:154} INFO - [2023-11-09T20:59:07.608-0500] {dagbag.py:536} INFO - Filling up the DagBag from /Users/az/anaconda3/envs/python38/lib/python3.8/site-packages/airflow/example_dags/example_branch_day_of_week_operator.py
[2023-11-09T20:59:07.625-0500] {processor.py:839} INFO - DAG(s) dict_keys(['example_weekday_branch_operator']) retrieved from /Users/az/anaconda3/envs/python38/lib/python3.8/site-packages/airflow/example_dags/example_branch_day_of_week_operator.py
[2023-11-09T20:59:07.733-0500] {logging_mixin.py:154} INFO - [2023-11-09T20:59:07.733-0500] {dag.py:2941} INFO - Sync 1 DAGs
[2023-11-09T20:59:07.743-0500] {logging_mixin.py:154} INFO - [2023-11-09T20:59:07.743-0500] {dag.py:3722} INFO - Setting next_dagrun for example_weekday_branch_operator to 2023-11-09T00:00:00+00:00, run_after=2023-11-10T00:00:00+00:00
[2023-11-09T20:59:07.752-0500] {processor.py:179} INFO - Processing /Users/az/anaconda3/envs/python38/lib/python3.8/site-packages/airflow/example_dags/example_branch_day_of_week_operator.py took 0.150 seconds
[2023-11-09T21:01:22.486-0500] {processor.py:157} INFO - Started process (PID=58926) to work on /Users/az/anaconda3/envs/python38/lib/python3.8/site-packages/airflow/example_dags/example_branch_day_of_week_operator.py
[2023-11-09T21:01:22.490-0500] {processor.py:829} INFO - Processing file /Users/az/anaconda3/envs/python38/lib/python3.8/site-packages/airflow/example_dags/example_branch_day_of_week_operator.py for tasks to queue
[2023-11-09T21:01:22.490-0500] {logging_mixin.py:154} INFO - [2023-11-09T21:01:22.490-0500] {dagbag.py:536} INFO - Filling up the DagBag from /Users/az/anaconda3/envs/python38/lib/python3.8/site-packages/airflow/example_dags/example_branch_day_of_week_operator.py
[2023-11-09T21:01:22.509-0500] {processor.py:839} INFO - DAG(s) dict_keys(['example_weekday_branch_operator']) retrieved from /Users/az/anaconda3/envs/python38/lib/python3.8/site-packages/airflow/example_dags/example_branch_day_of_week_operator.py
[2023-11-09T21:01:22.621-0500] {logging_mixin.py:154} INFO - [2023-11-09T21:01:22.621-0500] {dag.py:2941} INFO - Sync 1 DAGs
[2023-11-09T21:01:22.631-0500] {logging_mixin.py:154} INFO - [2023-11-09T21:01:22.631-0500] {dag.py:3722} INFO - Setting next_dagrun for example_weekday_branch_operator to 2023-11-09T00:00:00+00:00, run_after=2023-11-10T00:00:00+00:00
[2023-11-09T21:01:22.640-0500] {processor.py:179} INFO - Processing /Users/az/anaconda3/envs/python38/lib/python3.8/site-packages/airflow/example_dags/example_branch_day_of_week_operator.py took 0.155 seconds
[2023-11-09T21:03:28.157-0500] {processor.py:157} INFO - Started process (PID=59082) to work on /Users/az/anaconda3/envs/python38/lib/python3.8/site-packages/airflow/example_dags/example_branch_day_of_week_operator.py
[2023-11-09T21:03:28.162-0500] {processor.py:829} INFO - Processing file /Users/az/anaconda3/envs/python38/lib/python3.8/site-packages/airflow/example_dags/example_branch_day_of_week_operator.py for tasks to queue
[2023-11-09T21:03:28.162-0500] {logging_mixin.py:154} INFO - [2023-11-09T21:03:28.162-0500] {dagbag.py:536} INFO - Filling up the DagBag from /Users/az/anaconda3/envs/python38/lib/python3.8/site-packages/airflow/example_dags/example_branch_day_of_week_operator.py
[2023-11-09T21:03:28.179-0500] {processor.py:839} INFO - DAG(s) dict_keys(['example_weekday_branch_operator']) retrieved from /Users/az/anaconda3/envs/python38/lib/python3.8/site-packages/airflow/example_dags/example_branch_day_of_week_operator.py
[2023-11-09T21:03:28.288-0500] {logging_mixin.py:154} INFO - [2023-11-09T21:03:28.288-0500] {dag.py:2941} INFO - Sync 1 DAGs
[2023-11-09T21:03:28.298-0500] {logging_mixin.py:154} INFO - [2023-11-09T21:03:28.298-0500] {dag.py:3722} INFO - Setting next_dagrun for example_weekday_branch_operator to 2023-11-09T00:00:00+00:00, run_after=2023-11-10T00:00:00+00:00
[2023-11-09T21:03:28.308-0500] {processor.py:179} INFO - Processing /Users/az/anaconda3/envs/python38/lib/python3.8/site-packages/airflow/example_dags/example_branch_day_of_week_operator.py took 0.151 seconds
[2023-11-09T21:05:28.271-0500] {processor.py:157} INFO - Started process (PID=59261) to work on /Users/az/anaconda3/envs/python38/lib/python3.8/site-packages/airflow/example_dags/example_branch_day_of_week_operator.py
[2023-11-09T21:05:28.275-0500] {processor.py:829} INFO - Processing file /Users/az/anaconda3/envs/python38/lib/python3.8/site-packages/airflow/example_dags/example_branch_day_of_week_operator.py for tasks to queue
[2023-11-09T21:05:28.275-0500] {logging_mixin.py:154} INFO - [2023-11-09T21:05:28.275-0500] {dagbag.py:536} INFO - Filling up the DagBag from /Users/az/anaconda3/envs/python38/lib/python3.8/site-packages/airflow/example_dags/example_branch_day_of_week_operator.py
[2023-11-09T21:05:28.292-0500] {processor.py:839} INFO - DAG(s) dict_keys(['example_weekday_branch_operator']) retrieved from /Users/az/anaconda3/envs/python38/lib/python3.8/site-packages/airflow/example_dags/example_branch_day_of_week_operator.py
[2023-11-09T21:05:28.400-0500] {logging_mixin.py:154} INFO - [2023-11-09T21:05:28.400-0500] {dag.py:2941} INFO - Sync 1 DAGs
[2023-11-09T21:05:28.410-0500] {logging_mixin.py:154} INFO - [2023-11-09T21:05:28.410-0500] {dag.py:3722} INFO - Setting next_dagrun for example_weekday_branch_operator to 2023-11-09T00:00:00+00:00, run_after=2023-11-10T00:00:00+00:00
[2023-11-09T21:05:28.420-0500] {processor.py:179} INFO - Processing /Users/az/anaconda3/envs/python38/lib/python3.8/site-packages/airflow/example_dags/example_branch_day_of_week_operator.py took 0.149 seconds
[2023-11-09T21:07:31.012-0500] {processor.py:157} INFO - Started process (PID=59415) to work on /Users/az/anaconda3/envs/python38/lib/python3.8/site-packages/airflow/example_dags/example_branch_day_of_week_operator.py
[2023-11-09T21:07:31.017-0500] {processor.py:829} INFO - Processing file /Users/az/anaconda3/envs/python38/lib/python3.8/site-packages/airflow/example_dags/example_branch_day_of_week_operator.py for tasks to queue
[2023-11-09T21:07:31.017-0500] {logging_mixin.py:154} INFO - [2023-11-09T21:07:31.017-0500] {dagbag.py:536} INFO - Filling up the DagBag from /Users/az/anaconda3/envs/python38/lib/python3.8/site-packages/airflow/example_dags/example_branch_day_of_week_operator.py
[2023-11-09T21:07:31.034-0500] {processor.py:839} INFO - DAG(s) dict_keys(['example_weekday_branch_operator']) retrieved from /Users/az/anaconda3/envs/python38/lib/python3.8/site-packages/airflow/example_dags/example_branch_day_of_week_operator.py
[2023-11-09T21:07:31.144-0500] {logging_mixin.py:154} INFO - [2023-11-09T21:07:31.144-0500] {dag.py:2941} INFO - Sync 1 DAGs
[2023-11-09T21:07:31.154-0500] {logging_mixin.py:154} INFO - [2023-11-09T21:07:31.154-0500] {dag.py:3722} INFO - Setting next_dagrun for example_weekday_branch_operator to 2023-11-09T00:00:00+00:00, run_after=2023-11-10T00:00:00+00:00
[2023-11-09T21:07:31.164-0500] {processor.py:179} INFO - Processing /Users/az/anaconda3/envs/python38/lib/python3.8/site-packages/airflow/example_dags/example_branch_day_of_week_operator.py took 0.153 seconds
[2023-11-09T21:09:28.244-0500] {processor.py:157} INFO - Started process (PID=59565) to work on /Users/az/anaconda3/envs/python38/lib/python3.8/site-packages/airflow/example_dags/example_branch_day_of_week_operator.py
[2023-11-09T21:09:28.248-0500] {processor.py:829} INFO - Processing file /Users/az/anaconda3/envs/python38/lib/python3.8/site-packages/airflow/example_dags/example_branch_day_of_week_operator.py for tasks to queue
[2023-11-09T21:09:28.249-0500] {logging_mixin.py:154} INFO - [2023-11-09T21:09:28.249-0500] {dagbag.py:536} INFO - Filling up the DagBag from /Users/az/anaconda3/envs/python38/lib/python3.8/site-packages/airflow/example_dags/example_branch_day_of_week_operator.py
[2023-11-09T21:09:28.270-0500] {processor.py:839} INFO - DAG(s) dict_keys(['example_weekday_branch_operator']) retrieved from /Users/az/anaconda3/envs/python38/lib/python3.8/site-packages/airflow/example_dags/example_branch_day_of_week_operator.py
[2023-11-09T21:09:28.406-0500] {logging_mixin.py:154} INFO - [2023-11-09T21:09:28.406-0500] {dag.py:2941} INFO - Sync 1 DAGs
[2023-11-09T21:09:28.419-0500] {logging_mixin.py:154} INFO - [2023-11-09T21:09:28.419-0500] {dag.py:3722} INFO - Setting next_dagrun for example_weekday_branch_operator to 2023-11-09T00:00:00+00:00, run_after=2023-11-10T00:00:00+00:00
[2023-11-09T21:09:28.434-0500] {processor.py:179} INFO - Processing /Users/az/anaconda3/envs/python38/lib/python3.8/site-packages/airflow/example_dags/example_branch_day_of_week_operator.py took 0.190 seconds
[2023-11-09T21:11:31.046-0500] {processor.py:157} INFO - Started process (PID=59726) to work on /Users/az/anaconda3/envs/python38/lib/python3.8/site-packages/airflow/example_dags/example_branch_day_of_week_operator.py
[2023-11-09T21:11:31.051-0500] {processor.py:829} INFO - Processing file /Users/az/anaconda3/envs/python38/lib/python3.8/site-packages/airflow/example_dags/example_branch_day_of_week_operator.py for tasks to queue
[2023-11-09T21:11:31.051-0500] {logging_mixin.py:154} INFO - [2023-11-09T21:11:31.051-0500] {dagbag.py:536} INFO - Filling up the DagBag from /Users/az/anaconda3/envs/python38/lib/python3.8/site-packages/airflow/example_dags/example_branch_day_of_week_operator.py
[2023-11-09T21:11:31.068-0500] {processor.py:839} INFO - DAG(s) dict_keys(['example_weekday_branch_operator']) retrieved from /Users/az/anaconda3/envs/python38/lib/python3.8/site-packages/airflow/example_dags/example_branch_day_of_week_operator.py
[2023-11-09T21:11:31.178-0500] {logging_mixin.py:154} INFO - [2023-11-09T21:11:31.177-0500] {dag.py:2941} INFO - Sync 1 DAGs
[2023-11-09T21:11:31.188-0500] {logging_mixin.py:154} INFO - [2023-11-09T21:11:31.188-0500] {dag.py:3722} INFO - Setting next_dagrun for example_weekday_branch_operator to 2023-11-09T00:00:00+00:00, run_after=2023-11-10T00:00:00+00:00
[2023-11-09T21:11:31.198-0500] {processor.py:179} INFO - Processing /Users/az/anaconda3/envs/python38/lib/python3.8/site-packages/airflow/example_dags/example_branch_day_of_week_operator.py took 0.152 seconds
[2023-11-09T21:13:29.701-0500] {processor.py:157} INFO - Started process (PID=59872) to work on /Users/az/anaconda3/envs/python38/lib/python3.8/site-packages/airflow/example_dags/example_branch_day_of_week_operator.py
[2023-11-09T21:13:29.706-0500] {processor.py:829} INFO - Processing file /Users/az/anaconda3/envs/python38/lib/python3.8/site-packages/airflow/example_dags/example_branch_day_of_week_operator.py for tasks to queue
[2023-11-09T21:13:29.706-0500] {logging_mixin.py:154} INFO - [2023-11-09T21:13:29.706-0500] {dagbag.py:536} INFO - Filling up the DagBag from /Users/az/anaconda3/envs/python38/lib/python3.8/site-packages/airflow/example_dags/example_branch_day_of_week_operator.py
[2023-11-09T21:13:29.724-0500] {processor.py:839} INFO - DAG(s) dict_keys(['example_weekday_branch_operator']) retrieved from /Users/az/anaconda3/envs/python38/lib/python3.8/site-packages/airflow/example_dags/example_branch_day_of_week_operator.py
[2023-11-09T21:13:29.833-0500] {logging_mixin.py:154} INFO - [2023-11-09T21:13:29.832-0500] {dag.py:2941} INFO - Sync 1 DAGs
[2023-11-09T21:13:29.843-0500] {logging_mixin.py:154} INFO - [2023-11-09T21:13:29.843-0500] {dag.py:3722} INFO - Setting next_dagrun for example_weekday_branch_operator to 2023-11-09T00:00:00+00:00, run_after=2023-11-10T00:00:00+00:00
[2023-11-09T21:13:29.854-0500] {processor.py:179} INFO - Processing /Users/az/anaconda3/envs/python38/lib/python3.8/site-packages/airflow/example_dags/example_branch_day_of_week_operator.py took 0.153 seconds
