[2023-11-09T19:01:22.548-0500] {processor.py:157} INFO - Started process (PID=48863) to work on /Users/az/anaconda3/envs/python38/lib/python3.8/site-packages/airflow/example_dags/example_latest_only.py
[2023-11-09T19:01:22.552-0500] {processor.py:829} INFO - Processing file /Users/az/anaconda3/envs/python38/lib/python3.8/site-packages/airflow/example_dags/example_latest_only.py for tasks to queue
[2023-11-09T19:01:22.552-0500] {logging_mixin.py:154} INFO - [2023-11-09T19:01:22.552-0500] {dagbag.py:536} INFO - Filling up the DagBag from /Users/az/anaconda3/envs/python38/lib/python3.8/site-packages/airflow/example_dags/example_latest_only.py
[2023-11-09T19:01:22.567-0500] {processor.py:839} INFO - DAG(s) dict_keys(['latest_only']) retrieved from /Users/az/anaconda3/envs/python38/lib/python3.8/site-packages/airflow/example_dags/example_latest_only.py
[2023-11-09T19:01:22.674-0500] {logging_mixin.py:154} INFO - [2023-11-09T19:01:22.674-0500] {dag.py:2941} INFO - Sync 1 DAGs
[2023-11-09T19:01:22.683-0500] {logging_mixin.py:154} INFO - [2023-11-09T19:01:22.683-0500] {dag.py:3722} INFO - Setting next_dagrun for latest_only to 2023-11-09T20:01:22.683632+00:00, run_after=2023-11-10T00:01:22.683632+00:00
[2023-11-09T19:01:22.695-0500] {processor.py:179} INFO - Processing /Users/az/anaconda3/envs/python38/lib/python3.8/site-packages/airflow/example_dags/example_latest_only.py took 0.147 seconds
[2023-11-09T19:03:30.387-0500] {processor.py:157} INFO - Started process (PID=49022) to work on /Users/az/anaconda3/envs/python38/lib/python3.8/site-packages/airflow/example_dags/example_latest_only.py
[2023-11-09T19:03:30.392-0500] {processor.py:829} INFO - Processing file /Users/az/anaconda3/envs/python38/lib/python3.8/site-packages/airflow/example_dags/example_latest_only.py for tasks to queue
[2023-11-09T19:03:30.392-0500] {logging_mixin.py:154} INFO - [2023-11-09T19:03:30.392-0500] {dagbag.py:536} INFO - Filling up the DagBag from /Users/az/anaconda3/envs/python38/lib/python3.8/site-packages/airflow/example_dags/example_latest_only.py
[2023-11-09T19:03:30.406-0500] {processor.py:839} INFO - DAG(s) dict_keys(['latest_only']) retrieved from /Users/az/anaconda3/envs/python38/lib/python3.8/site-packages/airflow/example_dags/example_latest_only.py
[2023-11-09T19:03:30.514-0500] {logging_mixin.py:154} INFO - [2023-11-09T19:03:30.514-0500] {dag.py:2941} INFO - Sync 1 DAGs
[2023-11-09T19:03:30.523-0500] {logging_mixin.py:154} INFO - [2023-11-09T19:03:30.523-0500] {dag.py:3722} INFO - Setting next_dagrun for latest_only to 2023-11-09T20:03:30.523508+00:00, run_after=2023-11-10T00:03:30.523508+00:00
[2023-11-09T19:03:30.533-0500] {processor.py:179} INFO - Processing /Users/az/anaconda3/envs/python38/lib/python3.8/site-packages/airflow/example_dags/example_latest_only.py took 0.147 seconds
[2023-11-09T19:05:30.605-0500] {processor.py:157} INFO - Started process (PID=49176) to work on /Users/az/anaconda3/envs/python38/lib/python3.8/site-packages/airflow/example_dags/example_latest_only.py
[2023-11-09T19:05:30.610-0500] {processor.py:829} INFO - Processing file /Users/az/anaconda3/envs/python38/lib/python3.8/site-packages/airflow/example_dags/example_latest_only.py for tasks to queue
[2023-11-09T19:05:30.611-0500] {logging_mixin.py:154} INFO - [2023-11-09T19:05:30.610-0500] {dagbag.py:536} INFO - Filling up the DagBag from /Users/az/anaconda3/envs/python38/lib/python3.8/site-packages/airflow/example_dags/example_latest_only.py
[2023-11-09T19:05:30.625-0500] {processor.py:839} INFO - DAG(s) dict_keys(['latest_only']) retrieved from /Users/az/anaconda3/envs/python38/lib/python3.8/site-packages/airflow/example_dags/example_latest_only.py
[2023-11-09T19:05:30.732-0500] {logging_mixin.py:154} INFO - [2023-11-09T19:05:30.732-0500] {dag.py:2941} INFO - Sync 1 DAGs
[2023-11-09T19:05:30.741-0500] {logging_mixin.py:154} INFO - [2023-11-09T19:05:30.741-0500] {dag.py:3722} INFO - Setting next_dagrun for latest_only to 2023-11-09T20:05:30.741691+00:00, run_after=2023-11-10T00:05:30.741691+00:00
[2023-11-09T19:05:30.752-0500] {processor.py:179} INFO - Processing /Users/az/anaconda3/envs/python38/lib/python3.8/site-packages/airflow/example_dags/example_latest_only.py took 0.147 seconds
[2023-11-09T19:07:31.550-0500] {processor.py:157} INFO - Started process (PID=49322) to work on /Users/az/anaconda3/envs/python38/lib/python3.8/site-packages/airflow/example_dags/example_latest_only.py
[2023-11-09T19:07:31.555-0500] {processor.py:829} INFO - Processing file /Users/az/anaconda3/envs/python38/lib/python3.8/site-packages/airflow/example_dags/example_latest_only.py for tasks to queue
[2023-11-09T19:07:31.556-0500] {logging_mixin.py:154} INFO - [2023-11-09T19:07:31.555-0500] {dagbag.py:536} INFO - Filling up the DagBag from /Users/az/anaconda3/envs/python38/lib/python3.8/site-packages/airflow/example_dags/example_latest_only.py
[2023-11-09T19:07:31.570-0500] {processor.py:839} INFO - DAG(s) dict_keys(['latest_only']) retrieved from /Users/az/anaconda3/envs/python38/lib/python3.8/site-packages/airflow/example_dags/example_latest_only.py
[2023-11-09T19:07:31.678-0500] {logging_mixin.py:154} INFO - [2023-11-09T19:07:31.677-0500] {dag.py:2941} INFO - Sync 1 DAGs
[2023-11-09T19:07:31.687-0500] {logging_mixin.py:154} INFO - [2023-11-09T19:07:31.686-0500] {dag.py:3722} INFO - Setting next_dagrun for latest_only to 2023-11-09T20:07:31.686879+00:00, run_after=2023-11-10T00:07:31.686879+00:00
[2023-11-09T19:07:31.696-0500] {processor.py:179} INFO - Processing /Users/az/anaconda3/envs/python38/lib/python3.8/site-packages/airflow/example_dags/example_latest_only.py took 0.147 seconds
[2023-11-09T19:09:32.389-0500] {processor.py:157} INFO - Started process (PID=49468) to work on /Users/az/anaconda3/envs/python38/lib/python3.8/site-packages/airflow/example_dags/example_latest_only.py
[2023-11-09T19:09:32.393-0500] {processor.py:829} INFO - Processing file /Users/az/anaconda3/envs/python38/lib/python3.8/site-packages/airflow/example_dags/example_latest_only.py for tasks to queue
[2023-11-09T19:09:32.393-0500] {logging_mixin.py:154} INFO - [2023-11-09T19:09:32.393-0500] {dagbag.py:536} INFO - Filling up the DagBag from /Users/az/anaconda3/envs/python38/lib/python3.8/site-packages/airflow/example_dags/example_latest_only.py
[2023-11-09T19:09:32.408-0500] {processor.py:839} INFO - DAG(s) dict_keys(['latest_only']) retrieved from /Users/az/anaconda3/envs/python38/lib/python3.8/site-packages/airflow/example_dags/example_latest_only.py
[2023-11-09T19:09:32.518-0500] {logging_mixin.py:154} INFO - [2023-11-09T19:09:32.518-0500] {dag.py:2941} INFO - Sync 1 DAGs
[2023-11-09T19:09:32.527-0500] {logging_mixin.py:154} INFO - [2023-11-09T19:09:32.527-0500] {dag.py:3722} INFO - Setting next_dagrun for latest_only to 2023-11-09T20:09:32.527168+00:00, run_after=2023-11-10T00:09:32.527168+00:00
[2023-11-09T19:09:32.537-0500] {processor.py:179} INFO - Processing /Users/az/anaconda3/envs/python38/lib/python3.8/site-packages/airflow/example_dags/example_latest_only.py took 0.148 seconds
[2023-11-09T19:11:36.887-0500] {processor.py:157} INFO - Started process (PID=49628) to work on /Users/az/anaconda3/envs/python38/lib/python3.8/site-packages/airflow/example_dags/example_latest_only.py
[2023-11-09T19:11:36.892-0500] {processor.py:829} INFO - Processing file /Users/az/anaconda3/envs/python38/lib/python3.8/site-packages/airflow/example_dags/example_latest_only.py for tasks to queue
[2023-11-09T19:11:36.893-0500] {logging_mixin.py:154} INFO - [2023-11-09T19:11:36.893-0500] {dagbag.py:536} INFO - Filling up the DagBag from /Users/az/anaconda3/envs/python38/lib/python3.8/site-packages/airflow/example_dags/example_latest_only.py
[2023-11-09T19:11:36.907-0500] {processor.py:839} INFO - DAG(s) dict_keys(['latest_only']) retrieved from /Users/az/anaconda3/envs/python38/lib/python3.8/site-packages/airflow/example_dags/example_latest_only.py
[2023-11-09T19:11:37.015-0500] {logging_mixin.py:154} INFO - [2023-11-09T19:11:37.014-0500] {dag.py:2941} INFO - Sync 1 DAGs
[2023-11-09T19:11:37.024-0500] {logging_mixin.py:154} INFO - [2023-11-09T19:11:37.024-0500] {dag.py:3722} INFO - Setting next_dagrun for latest_only to 2023-11-09T20:11:37.023973+00:00, run_after=2023-11-10T00:11:37.023973+00:00
[2023-11-09T19:11:37.034-0500] {processor.py:179} INFO - Processing /Users/az/anaconda3/envs/python38/lib/python3.8/site-packages/airflow/example_dags/example_latest_only.py took 0.147 seconds
[2023-11-09T19:13:30.412-0500] {processor.py:157} INFO - Started process (PID=49777) to work on /Users/az/anaconda3/envs/python38/lib/python3.8/site-packages/airflow/example_dags/example_latest_only.py
[2023-11-09T19:13:30.417-0500] {processor.py:829} INFO - Processing file /Users/az/anaconda3/envs/python38/lib/python3.8/site-packages/airflow/example_dags/example_latest_only.py for tasks to queue
[2023-11-09T19:13:30.417-0500] {logging_mixin.py:154} INFO - [2023-11-09T19:13:30.417-0500] {dagbag.py:536} INFO - Filling up the DagBag from /Users/az/anaconda3/envs/python38/lib/python3.8/site-packages/airflow/example_dags/example_latest_only.py
[2023-11-09T19:13:30.432-0500] {processor.py:839} INFO - DAG(s) dict_keys(['latest_only']) retrieved from /Users/az/anaconda3/envs/python38/lib/python3.8/site-packages/airflow/example_dags/example_latest_only.py
[2023-11-09T19:13:30.538-0500] {logging_mixin.py:154} INFO - [2023-11-09T19:13:30.538-0500] {dag.py:2941} INFO - Sync 1 DAGs
[2023-11-09T19:13:30.547-0500] {logging_mixin.py:154} INFO - [2023-11-09T19:13:30.547-0500] {dag.py:3722} INFO - Setting next_dagrun for latest_only to 2023-11-09T20:13:30.547781+00:00, run_after=2023-11-10T00:13:30.547781+00:00
[2023-11-09T19:13:30.558-0500] {processor.py:179} INFO - Processing /Users/az/anaconda3/envs/python38/lib/python3.8/site-packages/airflow/example_dags/example_latest_only.py took 0.146 seconds
[2023-11-09T19:15:27.415-0500] {processor.py:157} INFO - Started process (PID=49921) to work on /Users/az/anaconda3/envs/python38/lib/python3.8/site-packages/airflow/example_dags/example_latest_only.py
[2023-11-09T19:15:27.420-0500] {processor.py:829} INFO - Processing file /Users/az/anaconda3/envs/python38/lib/python3.8/site-packages/airflow/example_dags/example_latest_only.py for tasks to queue
[2023-11-09T19:15:27.421-0500] {logging_mixin.py:154} INFO - [2023-11-09T19:15:27.420-0500] {dagbag.py:536} INFO - Filling up the DagBag from /Users/az/anaconda3/envs/python38/lib/python3.8/site-packages/airflow/example_dags/example_latest_only.py
[2023-11-09T19:15:27.435-0500] {processor.py:839} INFO - DAG(s) dict_keys(['latest_only']) retrieved from /Users/az/anaconda3/envs/python38/lib/python3.8/site-packages/airflow/example_dags/example_latest_only.py
[2023-11-09T19:15:27.543-0500] {logging_mixin.py:154} INFO - [2023-11-09T19:15:27.543-0500] {dag.py:2941} INFO - Sync 1 DAGs
[2023-11-09T19:15:27.552-0500] {logging_mixin.py:154} INFO - [2023-11-09T19:15:27.552-0500] {dag.py:3722} INFO - Setting next_dagrun for latest_only to 2023-11-09T20:15:27.552150+00:00, run_after=2023-11-10T00:15:27.552150+00:00
[2023-11-09T19:15:27.562-0500] {processor.py:179} INFO - Processing /Users/az/anaconda3/envs/python38/lib/python3.8/site-packages/airflow/example_dags/example_latest_only.py took 0.147 seconds
[2023-11-09T19:17:34.797-0500] {processor.py:157} INFO - Started process (PID=50075) to work on /Users/az/anaconda3/envs/python38/lib/python3.8/site-packages/airflow/example_dags/example_latest_only.py
[2023-11-09T19:17:34.802-0500] {processor.py:829} INFO - Processing file /Users/az/anaconda3/envs/python38/lib/python3.8/site-packages/airflow/example_dags/example_latest_only.py for tasks to queue
[2023-11-09T19:17:34.802-0500] {logging_mixin.py:154} INFO - [2023-11-09T19:17:34.802-0500] {dagbag.py:536} INFO - Filling up the DagBag from /Users/az/anaconda3/envs/python38/lib/python3.8/site-packages/airflow/example_dags/example_latest_only.py
[2023-11-09T19:17:34.817-0500] {processor.py:839} INFO - DAG(s) dict_keys(['latest_only']) retrieved from /Users/az/anaconda3/envs/python38/lib/python3.8/site-packages/airflow/example_dags/example_latest_only.py
[2023-11-09T19:17:34.924-0500] {logging_mixin.py:154} INFO - [2023-11-09T19:17:34.924-0500] {dag.py:2941} INFO - Sync 1 DAGs
[2023-11-09T19:17:34.933-0500] {logging_mixin.py:154} INFO - [2023-11-09T19:17:34.933-0500] {dag.py:3722} INFO - Setting next_dagrun for latest_only to 2023-11-09T20:17:34.933488+00:00, run_after=2023-11-10T00:17:34.933488+00:00
[2023-11-09T19:17:34.944-0500] {processor.py:179} INFO - Processing /Users/az/anaconda3/envs/python38/lib/python3.8/site-packages/airflow/example_dags/example_latest_only.py took 0.147 seconds
[2023-11-09T19:19:44.702-0500] {processor.py:157} INFO - Started process (PID=50235) to work on /Users/az/anaconda3/envs/python38/lib/python3.8/site-packages/airflow/example_dags/example_latest_only.py
[2023-11-09T19:19:44.707-0500] {processor.py:829} INFO - Processing file /Users/az/anaconda3/envs/python38/lib/python3.8/site-packages/airflow/example_dags/example_latest_only.py for tasks to queue
[2023-11-09T19:19:44.708-0500] {logging_mixin.py:154} INFO - [2023-11-09T19:19:44.707-0500] {dagbag.py:536} INFO - Filling up the DagBag from /Users/az/anaconda3/envs/python38/lib/python3.8/site-packages/airflow/example_dags/example_latest_only.py
[2023-11-09T19:19:44.722-0500] {processor.py:839} INFO - DAG(s) dict_keys(['latest_only']) retrieved from /Users/az/anaconda3/envs/python38/lib/python3.8/site-packages/airflow/example_dags/example_latest_only.py
[2023-11-09T19:19:44.829-0500] {logging_mixin.py:154} INFO - [2023-11-09T19:19:44.829-0500] {dag.py:2941} INFO - Sync 1 DAGs
[2023-11-09T19:19:44.838-0500] {logging_mixin.py:154} INFO - [2023-11-09T19:19:44.838-0500] {dag.py:3722} INFO - Setting next_dagrun for latest_only to 2023-11-09T20:19:44.838810+00:00, run_after=2023-11-10T00:19:44.838810+00:00
[2023-11-09T19:19:44.849-0500] {processor.py:179} INFO - Processing /Users/az/anaconda3/envs/python38/lib/python3.8/site-packages/airflow/example_dags/example_latest_only.py took 0.147 seconds
[2023-11-09T19:21:46.520-0500] {processor.py:157} INFO - Started process (PID=50382) to work on /Users/az/anaconda3/envs/python38/lib/python3.8/site-packages/airflow/example_dags/example_latest_only.py
[2023-11-09T19:21:46.524-0500] {processor.py:829} INFO - Processing file /Users/az/anaconda3/envs/python38/lib/python3.8/site-packages/airflow/example_dags/example_latest_only.py for tasks to queue
[2023-11-09T19:21:46.525-0500] {logging_mixin.py:154} INFO - [2023-11-09T19:21:46.525-0500] {dagbag.py:536} INFO - Filling up the DagBag from /Users/az/anaconda3/envs/python38/lib/python3.8/site-packages/airflow/example_dags/example_latest_only.py
[2023-11-09T19:21:46.539-0500] {processor.py:839} INFO - DAG(s) dict_keys(['latest_only']) retrieved from /Users/az/anaconda3/envs/python38/lib/python3.8/site-packages/airflow/example_dags/example_latest_only.py
[2023-11-09T19:21:46.646-0500] {logging_mixin.py:154} INFO - [2023-11-09T19:21:46.646-0500] {dag.py:2941} INFO - Sync 1 DAGs
[2023-11-09T19:21:46.655-0500] {logging_mixin.py:154} INFO - [2023-11-09T19:21:46.655-0500] {dag.py:3722} INFO - Setting next_dagrun for latest_only to 2023-11-09T20:21:46.655214+00:00, run_after=2023-11-10T00:21:46.655214+00:00
[2023-11-09T19:21:46.665-0500] {processor.py:179} INFO - Processing /Users/az/anaconda3/envs/python38/lib/python3.8/site-packages/airflow/example_dags/example_latest_only.py took 0.146 seconds
[2023-11-09T19:24:02.025-0500] {processor.py:157} INFO - Started process (PID=50564) to work on /Users/az/anaconda3/envs/python38/lib/python3.8/site-packages/airflow/example_dags/example_latest_only.py
[2023-11-09T19:24:02.029-0500] {processor.py:829} INFO - Processing file /Users/az/anaconda3/envs/python38/lib/python3.8/site-packages/airflow/example_dags/example_latest_only.py for tasks to queue
[2023-11-09T19:24:02.030-0500] {logging_mixin.py:154} INFO - [2023-11-09T19:24:02.030-0500] {dagbag.py:536} INFO - Filling up the DagBag from /Users/az/anaconda3/envs/python38/lib/python3.8/site-packages/airflow/example_dags/example_latest_only.py
[2023-11-09T19:24:02.044-0500] {processor.py:839} INFO - DAG(s) dict_keys(['latest_only']) retrieved from /Users/az/anaconda3/envs/python38/lib/python3.8/site-packages/airflow/example_dags/example_latest_only.py
[2023-11-09T19:24:02.152-0500] {logging_mixin.py:154} INFO - [2023-11-09T19:24:02.152-0500] {dag.py:2941} INFO - Sync 1 DAGs
[2023-11-09T19:24:02.161-0500] {logging_mixin.py:154} INFO - [2023-11-09T19:24:02.161-0500] {dag.py:3722} INFO - Setting next_dagrun for latest_only to 2023-11-09T20:24:02.161076+00:00, run_after=2023-11-10T00:24:02.161076+00:00
[2023-11-09T19:24:02.171-0500] {processor.py:179} INFO - Processing /Users/az/anaconda3/envs/python38/lib/python3.8/site-packages/airflow/example_dags/example_latest_only.py took 0.147 seconds
[2023-11-09T19:26:03.024-0500] {processor.py:157} INFO - Started process (PID=50712) to work on /Users/az/anaconda3/envs/python38/lib/python3.8/site-packages/airflow/example_dags/example_latest_only.py
[2023-11-09T19:26:03.029-0500] {processor.py:829} INFO - Processing file /Users/az/anaconda3/envs/python38/lib/python3.8/site-packages/airflow/example_dags/example_latest_only.py for tasks to queue
[2023-11-09T19:26:03.029-0500] {logging_mixin.py:154} INFO - [2023-11-09T19:26:03.029-0500] {dagbag.py:536} INFO - Filling up the DagBag from /Users/az/anaconda3/envs/python38/lib/python3.8/site-packages/airflow/example_dags/example_latest_only.py
[2023-11-09T19:26:03.044-0500] {processor.py:839} INFO - DAG(s) dict_keys(['latest_only']) retrieved from /Users/az/anaconda3/envs/python38/lib/python3.8/site-packages/airflow/example_dags/example_latest_only.py
[2023-11-09T19:26:03.151-0500] {logging_mixin.py:154} INFO - [2023-11-09T19:26:03.151-0500] {dag.py:2941} INFO - Sync 1 DAGs
[2023-11-09T19:26:03.160-0500] {logging_mixin.py:154} INFO - [2023-11-09T19:26:03.160-0500] {dag.py:3722} INFO - Setting next_dagrun for latest_only to 2023-11-09T20:26:03.160323+00:00, run_after=2023-11-10T00:26:03.160323+00:00
[2023-11-09T19:26:03.170-0500] {processor.py:179} INFO - Processing /Users/az/anaconda3/envs/python38/lib/python3.8/site-packages/airflow/example_dags/example_latest_only.py took 0.146 seconds
[2023-11-09T19:28:18.286-0500] {processor.py:157} INFO - Started process (PID=50891) to work on /Users/az/anaconda3/envs/python38/lib/python3.8/site-packages/airflow/example_dags/example_latest_only.py
[2023-11-09T19:28:18.291-0500] {processor.py:829} INFO - Processing file /Users/az/anaconda3/envs/python38/lib/python3.8/site-packages/airflow/example_dags/example_latest_only.py for tasks to queue
[2023-11-09T19:28:18.291-0500] {logging_mixin.py:154} INFO - [2023-11-09T19:28:18.291-0500] {dagbag.py:536} INFO - Filling up the DagBag from /Users/az/anaconda3/envs/python38/lib/python3.8/site-packages/airflow/example_dags/example_latest_only.py
[2023-11-09T19:28:18.305-0500] {processor.py:839} INFO - DAG(s) dict_keys(['latest_only']) retrieved from /Users/az/anaconda3/envs/python38/lib/python3.8/site-packages/airflow/example_dags/example_latest_only.py
[2023-11-09T19:28:18.413-0500] {logging_mixin.py:154} INFO - [2023-11-09T19:28:18.412-0500] {dag.py:2941} INFO - Sync 1 DAGs
[2023-11-09T19:28:18.422-0500] {logging_mixin.py:154} INFO - [2023-11-09T19:28:18.422-0500] {dag.py:3722} INFO - Setting next_dagrun for latest_only to 2023-11-09T20:28:18.422020+00:00, run_after=2023-11-10T00:28:18.422020+00:00
[2023-11-09T19:28:18.432-0500] {processor.py:179} INFO - Processing /Users/az/anaconda3/envs/python38/lib/python3.8/site-packages/airflow/example_dags/example_latest_only.py took 0.146 seconds
[2023-11-09T19:30:23.309-0500] {processor.py:157} INFO - Started process (PID=51042) to work on /Users/az/anaconda3/envs/python38/lib/python3.8/site-packages/airflow/example_dags/example_latest_only.py
[2023-11-09T19:30:23.313-0500] {processor.py:829} INFO - Processing file /Users/az/anaconda3/envs/python38/lib/python3.8/site-packages/airflow/example_dags/example_latest_only.py for tasks to queue
[2023-11-09T19:30:23.314-0500] {logging_mixin.py:154} INFO - [2023-11-09T19:30:23.314-0500] {dagbag.py:536} INFO - Filling up the DagBag from /Users/az/anaconda3/envs/python38/lib/python3.8/site-packages/airflow/example_dags/example_latest_only.py
[2023-11-09T19:30:23.328-0500] {processor.py:839} INFO - DAG(s) dict_keys(['latest_only']) retrieved from /Users/az/anaconda3/envs/python38/lib/python3.8/site-packages/airflow/example_dags/example_latest_only.py
[2023-11-09T19:30:23.438-0500] {logging_mixin.py:154} INFO - [2023-11-09T19:30:23.437-0500] {dag.py:2941} INFO - Sync 1 DAGs
[2023-11-09T19:30:23.447-0500] {logging_mixin.py:154} INFO - [2023-11-09T19:30:23.447-0500] {dag.py:3722} INFO - Setting next_dagrun for latest_only to 2023-11-09T20:30:23.446954+00:00, run_after=2023-11-10T00:30:23.446954+00:00
[2023-11-09T19:30:23.458-0500] {processor.py:179} INFO - Processing /Users/az/anaconda3/envs/python38/lib/python3.8/site-packages/airflow/example_dags/example_latest_only.py took 0.149 seconds
[2023-11-09T19:32:28.996-0500] {processor.py:157} INFO - Started process (PID=51196) to work on /Users/az/anaconda3/envs/python38/lib/python3.8/site-packages/airflow/example_dags/example_latest_only.py
[2023-11-09T19:32:29.000-0500] {processor.py:829} INFO - Processing file /Users/az/anaconda3/envs/python38/lib/python3.8/site-packages/airflow/example_dags/example_latest_only.py for tasks to queue
[2023-11-09T19:32:29.001-0500] {logging_mixin.py:154} INFO - [2023-11-09T19:32:29.001-0500] {dagbag.py:536} INFO - Filling up the DagBag from /Users/az/anaconda3/envs/python38/lib/python3.8/site-packages/airflow/example_dags/example_latest_only.py
[2023-11-09T19:32:29.015-0500] {processor.py:839} INFO - DAG(s) dict_keys(['latest_only']) retrieved from /Users/az/anaconda3/envs/python38/lib/python3.8/site-packages/airflow/example_dags/example_latest_only.py
[2023-11-09T19:32:29.123-0500] {logging_mixin.py:154} INFO - [2023-11-09T19:32:29.123-0500] {dag.py:2941} INFO - Sync 1 DAGs
[2023-11-09T19:32:29.132-0500] {logging_mixin.py:154} INFO - [2023-11-09T19:32:29.132-0500] {dag.py:3722} INFO - Setting next_dagrun for latest_only to 2023-11-09T20:32:29.132590+00:00, run_after=2023-11-10T00:32:29.132590+00:00
[2023-11-09T19:32:29.142-0500] {processor.py:179} INFO - Processing /Users/az/anaconda3/envs/python38/lib/python3.8/site-packages/airflow/example_dags/example_latest_only.py took 0.147 seconds
[2023-11-09T19:34:57.806-0500] {processor.py:157} INFO - Started process (PID=53215) to work on /Users/az/anaconda3/envs/python38/lib/python3.8/site-packages/airflow/example_dags/example_latest_only.py
[2023-11-09T19:34:57.810-0500] {processor.py:829} INFO - Processing file /Users/az/anaconda3/envs/python38/lib/python3.8/site-packages/airflow/example_dags/example_latest_only.py for tasks to queue
[2023-11-09T19:34:57.811-0500] {logging_mixin.py:154} INFO - [2023-11-09T19:34:57.811-0500] {dagbag.py:536} INFO - Filling up the DagBag from /Users/az/anaconda3/envs/python38/lib/python3.8/site-packages/airflow/example_dags/example_latest_only.py
[2023-11-09T19:34:57.825-0500] {processor.py:839} INFO - DAG(s) dict_keys(['latest_only']) retrieved from /Users/az/anaconda3/envs/python38/lib/python3.8/site-packages/airflow/example_dags/example_latest_only.py
[2023-11-09T19:34:57.932-0500] {logging_mixin.py:154} INFO - [2023-11-09T19:34:57.932-0500] {dag.py:2941} INFO - Sync 1 DAGs
[2023-11-09T19:34:57.941-0500] {logging_mixin.py:154} INFO - [2023-11-09T19:34:57.941-0500] {dag.py:3722} INFO - Setting next_dagrun for latest_only to 2023-11-09T20:34:57.941733+00:00, run_after=2023-11-10T00:34:57.941733+00:00
[2023-11-09T19:34:57.952-0500] {processor.py:179} INFO - Processing /Users/az/anaconda3/envs/python38/lib/python3.8/site-packages/airflow/example_dags/example_latest_only.py took 0.146 seconds
[2023-11-09T19:36:55.061-0500] {processor.py:157} INFO - Started process (PID=53366) to work on /Users/az/anaconda3/envs/python38/lib/python3.8/site-packages/airflow/example_dags/example_latest_only.py
[2023-11-09T19:36:55.065-0500] {processor.py:829} INFO - Processing file /Users/az/anaconda3/envs/python38/lib/python3.8/site-packages/airflow/example_dags/example_latest_only.py for tasks to queue
[2023-11-09T19:36:55.065-0500] {logging_mixin.py:154} INFO - [2023-11-09T19:36:55.065-0500] {dagbag.py:536} INFO - Filling up the DagBag from /Users/az/anaconda3/envs/python38/lib/python3.8/site-packages/airflow/example_dags/example_latest_only.py
[2023-11-09T19:36:55.080-0500] {processor.py:839} INFO - DAG(s) dict_keys(['latest_only']) retrieved from /Users/az/anaconda3/envs/python38/lib/python3.8/site-packages/airflow/example_dags/example_latest_only.py
[2023-11-09T19:36:55.187-0500] {logging_mixin.py:154} INFO - [2023-11-09T19:36:55.187-0500] {dag.py:2941} INFO - Sync 1 DAGs
[2023-11-09T19:36:55.196-0500] {logging_mixin.py:154} INFO - [2023-11-09T19:36:55.196-0500] {dag.py:3722} INFO - Setting next_dagrun for latest_only to 2023-11-09T20:36:55.196270+00:00, run_after=2023-11-10T00:36:55.196270+00:00
[2023-11-09T19:36:55.206-0500] {processor.py:179} INFO - Processing /Users/az/anaconda3/envs/python38/lib/python3.8/site-packages/airflow/example_dags/example_latest_only.py took 0.146 seconds
[2023-11-09T19:38:54.301-0500] {processor.py:157} INFO - Started process (PID=53518) to work on /Users/az/anaconda3/envs/python38/lib/python3.8/site-packages/airflow/example_dags/example_latest_only.py
[2023-11-09T19:38:54.306-0500] {processor.py:829} INFO - Processing file /Users/az/anaconda3/envs/python38/lib/python3.8/site-packages/airflow/example_dags/example_latest_only.py for tasks to queue
[2023-11-09T19:38:54.307-0500] {logging_mixin.py:154} INFO - [2023-11-09T19:38:54.306-0500] {dagbag.py:536} INFO - Filling up the DagBag from /Users/az/anaconda3/envs/python38/lib/python3.8/site-packages/airflow/example_dags/example_latest_only.py
[2023-11-09T19:38:54.321-0500] {processor.py:839} INFO - DAG(s) dict_keys(['latest_only']) retrieved from /Users/az/anaconda3/envs/python38/lib/python3.8/site-packages/airflow/example_dags/example_latest_only.py
[2023-11-09T19:38:54.428-0500] {logging_mixin.py:154} INFO - [2023-11-09T19:38:54.428-0500] {dag.py:2941} INFO - Sync 1 DAGs
[2023-11-09T19:38:54.437-0500] {logging_mixin.py:154} INFO - [2023-11-09T19:38:54.437-0500] {dag.py:3722} INFO - Setting next_dagrun for latest_only to 2023-11-09T20:38:54.437211+00:00, run_after=2023-11-10T00:38:54.437211+00:00
[2023-11-09T19:38:54.447-0500] {processor.py:179} INFO - Processing /Users/az/anaconda3/envs/python38/lib/python3.8/site-packages/airflow/example_dags/example_latest_only.py took 0.146 seconds
[2023-11-09T19:40:51.109-0500] {processor.py:157} INFO - Started process (PID=53669) to work on /Users/az/anaconda3/envs/python38/lib/python3.8/site-packages/airflow/example_dags/example_latest_only.py
[2023-11-09T19:40:51.114-0500] {processor.py:829} INFO - Processing file /Users/az/anaconda3/envs/python38/lib/python3.8/site-packages/airflow/example_dags/example_latest_only.py for tasks to queue
[2023-11-09T19:40:51.114-0500] {logging_mixin.py:154} INFO - [2023-11-09T19:40:51.114-0500] {dagbag.py:536} INFO - Filling up the DagBag from /Users/az/anaconda3/envs/python38/lib/python3.8/site-packages/airflow/example_dags/example_latest_only.py
[2023-11-09T19:40:51.129-0500] {processor.py:839} INFO - DAG(s) dict_keys(['latest_only']) retrieved from /Users/az/anaconda3/envs/python38/lib/python3.8/site-packages/airflow/example_dags/example_latest_only.py
[2023-11-09T19:40:51.236-0500] {logging_mixin.py:154} INFO - [2023-11-09T19:40:51.236-0500] {dag.py:2941} INFO - Sync 1 DAGs
[2023-11-09T19:40:51.245-0500] {logging_mixin.py:154} INFO - [2023-11-09T19:40:51.245-0500] {dag.py:3722} INFO - Setting next_dagrun for latest_only to 2023-11-09T20:40:51.245729+00:00, run_after=2023-11-10T00:40:51.245729+00:00
[2023-11-09T19:40:51.256-0500] {processor.py:179} INFO - Processing /Users/az/anaconda3/envs/python38/lib/python3.8/site-packages/airflow/example_dags/example_latest_only.py took 0.147 seconds
[2023-11-09T19:43:08.369-0500] {processor.py:157} INFO - Started process (PID=54138) to work on /Users/az/anaconda3/envs/python38/lib/python3.8/site-packages/airflow/example_dags/example_latest_only.py
[2023-11-09T19:43:08.374-0500] {processor.py:829} INFO - Processing file /Users/az/anaconda3/envs/python38/lib/python3.8/site-packages/airflow/example_dags/example_latest_only.py for tasks to queue
[2023-11-09T19:43:08.374-0500] {logging_mixin.py:154} INFO - [2023-11-09T19:43:08.374-0500] {dagbag.py:536} INFO - Filling up the DagBag from /Users/az/anaconda3/envs/python38/lib/python3.8/site-packages/airflow/example_dags/example_latest_only.py
[2023-11-09T19:43:08.389-0500] {processor.py:839} INFO - DAG(s) dict_keys(['latest_only']) retrieved from /Users/az/anaconda3/envs/python38/lib/python3.8/site-packages/airflow/example_dags/example_latest_only.py
[2023-11-09T19:43:08.496-0500] {logging_mixin.py:154} INFO - [2023-11-09T19:43:08.496-0500] {dag.py:2941} INFO - Sync 1 DAGs
[2023-11-09T19:43:08.505-0500] {logging_mixin.py:154} INFO - [2023-11-09T19:43:08.505-0500] {dag.py:3722} INFO - Setting next_dagrun for latest_only to 2023-11-09T20:43:08.505355+00:00, run_after=2023-11-10T00:43:08.505355+00:00
[2023-11-09T19:43:08.516-0500] {processor.py:179} INFO - Processing /Users/az/anaconda3/envs/python38/lib/python3.8/site-packages/airflow/example_dags/example_latest_only.py took 0.148 seconds
[2023-11-09T19:45:06.031-0500] {processor.py:157} INFO - Started process (PID=54289) to work on /Users/az/anaconda3/envs/python38/lib/python3.8/site-packages/airflow/example_dags/example_latest_only.py
[2023-11-09T19:45:06.036-0500] {processor.py:829} INFO - Processing file /Users/az/anaconda3/envs/python38/lib/python3.8/site-packages/airflow/example_dags/example_latest_only.py for tasks to queue
[2023-11-09T19:45:06.036-0500] {logging_mixin.py:154} INFO - [2023-11-09T19:45:06.036-0500] {dagbag.py:536} INFO - Filling up the DagBag from /Users/az/anaconda3/envs/python38/lib/python3.8/site-packages/airflow/example_dags/example_latest_only.py
[2023-11-09T19:45:06.051-0500] {processor.py:839} INFO - DAG(s) dict_keys(['latest_only']) retrieved from /Users/az/anaconda3/envs/python38/lib/python3.8/site-packages/airflow/example_dags/example_latest_only.py
[2023-11-09T19:45:06.158-0500] {logging_mixin.py:154} INFO - [2023-11-09T19:45:06.158-0500] {dag.py:2941} INFO - Sync 1 DAGs
[2023-11-09T19:45:06.167-0500] {logging_mixin.py:154} INFO - [2023-11-09T19:45:06.167-0500] {dag.py:3722} INFO - Setting next_dagrun for latest_only to 2023-11-09T20:45:06.167181+00:00, run_after=2023-11-10T00:45:06.167181+00:00
[2023-11-09T19:45:06.177-0500] {processor.py:179} INFO - Processing /Users/az/anaconda3/envs/python38/lib/python3.8/site-packages/airflow/example_dags/example_latest_only.py took 0.146 seconds
[2023-11-09T19:47:01.790-0500] {processor.py:157} INFO - Started process (PID=54436) to work on /Users/az/anaconda3/envs/python38/lib/python3.8/site-packages/airflow/example_dags/example_latest_only.py
[2023-11-09T19:47:01.795-0500] {processor.py:829} INFO - Processing file /Users/az/anaconda3/envs/python38/lib/python3.8/site-packages/airflow/example_dags/example_latest_only.py for tasks to queue
[2023-11-09T19:47:01.795-0500] {logging_mixin.py:154} INFO - [2023-11-09T19:47:01.795-0500] {dagbag.py:536} INFO - Filling up the DagBag from /Users/az/anaconda3/envs/python38/lib/python3.8/site-packages/airflow/example_dags/example_latest_only.py
[2023-11-09T19:47:01.810-0500] {processor.py:839} INFO - DAG(s) dict_keys(['latest_only']) retrieved from /Users/az/anaconda3/envs/python38/lib/python3.8/site-packages/airflow/example_dags/example_latest_only.py
[2023-11-09T19:47:01.918-0500] {logging_mixin.py:154} INFO - [2023-11-09T19:47:01.918-0500] {dag.py:2941} INFO - Sync 1 DAGs
[2023-11-09T19:47:01.927-0500] {logging_mixin.py:154} INFO - [2023-11-09T19:47:01.927-0500] {dag.py:3722} INFO - Setting next_dagrun for latest_only to 2023-11-09T20:47:01.927517+00:00, run_after=2023-11-10T00:47:01.927517+00:00
[2023-11-09T19:47:01.937-0500] {processor.py:179} INFO - Processing /Users/az/anaconda3/envs/python38/lib/python3.8/site-packages/airflow/example_dags/example_latest_only.py took 0.147 seconds
[2023-11-09T19:49:01.444-0500] {processor.py:157} INFO - Started process (PID=54584) to work on /Users/az/anaconda3/envs/python38/lib/python3.8/site-packages/airflow/example_dags/example_latest_only.py
[2023-11-09T19:49:01.448-0500] {processor.py:829} INFO - Processing file /Users/az/anaconda3/envs/python38/lib/python3.8/site-packages/airflow/example_dags/example_latest_only.py for tasks to queue
[2023-11-09T19:49:01.449-0500] {logging_mixin.py:154} INFO - [2023-11-09T19:49:01.449-0500] {dagbag.py:536} INFO - Filling up the DagBag from /Users/az/anaconda3/envs/python38/lib/python3.8/site-packages/airflow/example_dags/example_latest_only.py
[2023-11-09T19:49:01.463-0500] {processor.py:839} INFO - DAG(s) dict_keys(['latest_only']) retrieved from /Users/az/anaconda3/envs/python38/lib/python3.8/site-packages/airflow/example_dags/example_latest_only.py
[2023-11-09T19:49:01.570-0500] {logging_mixin.py:154} INFO - [2023-11-09T19:49:01.570-0500] {dag.py:2941} INFO - Sync 1 DAGs
[2023-11-09T19:49:01.579-0500] {logging_mixin.py:154} INFO - [2023-11-09T19:49:01.579-0500] {dag.py:3722} INFO - Setting next_dagrun for latest_only to 2023-11-09T20:49:01.579712+00:00, run_after=2023-11-10T00:49:01.579712+00:00
[2023-11-09T19:49:01.589-0500] {processor.py:179} INFO - Processing /Users/az/anaconda3/envs/python38/lib/python3.8/site-packages/airflow/example_dags/example_latest_only.py took 0.146 seconds
[2023-11-09T19:50:58.532-0500] {processor.py:157} INFO - Started process (PID=54733) to work on /Users/az/anaconda3/envs/python38/lib/python3.8/site-packages/airflow/example_dags/example_latest_only.py
[2023-11-09T19:50:58.536-0500] {processor.py:829} INFO - Processing file /Users/az/anaconda3/envs/python38/lib/python3.8/site-packages/airflow/example_dags/example_latest_only.py for tasks to queue
[2023-11-09T19:50:58.536-0500] {logging_mixin.py:154} INFO - [2023-11-09T19:50:58.536-0500] {dagbag.py:536} INFO - Filling up the DagBag from /Users/az/anaconda3/envs/python38/lib/python3.8/site-packages/airflow/example_dags/example_latest_only.py
[2023-11-09T19:50:58.551-0500] {processor.py:839} INFO - DAG(s) dict_keys(['latest_only']) retrieved from /Users/az/anaconda3/envs/python38/lib/python3.8/site-packages/airflow/example_dags/example_latest_only.py
[2023-11-09T19:50:58.660-0500] {logging_mixin.py:154} INFO - [2023-11-09T19:50:58.659-0500] {dag.py:2941} INFO - Sync 1 DAGs
[2023-11-09T19:50:58.669-0500] {logging_mixin.py:154} INFO - [2023-11-09T19:50:58.669-0500] {dag.py:3722} INFO - Setting next_dagrun for latest_only to 2023-11-09T20:50:58.668954+00:00, run_after=2023-11-10T00:50:58.668954+00:00
[2023-11-09T19:50:58.679-0500] {processor.py:179} INFO - Processing /Users/az/anaconda3/envs/python38/lib/python3.8/site-packages/airflow/example_dags/example_latest_only.py took 0.147 seconds
[2023-11-09T19:52:57.687-0500] {processor.py:157} INFO - Started process (PID=54887) to work on /Users/az/anaconda3/envs/python38/lib/python3.8/site-packages/airflow/example_dags/example_latest_only.py
[2023-11-09T19:52:57.691-0500] {processor.py:829} INFO - Processing file /Users/az/anaconda3/envs/python38/lib/python3.8/site-packages/airflow/example_dags/example_latest_only.py for tasks to queue
[2023-11-09T19:52:57.691-0500] {logging_mixin.py:154} INFO - [2023-11-09T19:52:57.691-0500] {dagbag.py:536} INFO - Filling up the DagBag from /Users/az/anaconda3/envs/python38/lib/python3.8/site-packages/airflow/example_dags/example_latest_only.py
[2023-11-09T19:52:57.706-0500] {processor.py:839} INFO - DAG(s) dict_keys(['latest_only']) retrieved from /Users/az/anaconda3/envs/python38/lib/python3.8/site-packages/airflow/example_dags/example_latest_only.py
[2023-11-09T19:52:57.821-0500] {logging_mixin.py:154} INFO - [2023-11-09T19:52:57.821-0500] {dag.py:2941} INFO - Sync 1 DAGs
[2023-11-09T19:52:57.831-0500] {logging_mixin.py:154} INFO - [2023-11-09T19:52:57.831-0500] {dag.py:3722} INFO - Setting next_dagrun for latest_only to 2023-11-09T20:52:57.831163+00:00, run_after=2023-11-10T00:52:57.831163+00:00
[2023-11-09T19:52:57.842-0500] {processor.py:179} INFO - Processing /Users/az/anaconda3/envs/python38/lib/python3.8/site-packages/airflow/example_dags/example_latest_only.py took 0.156 seconds
[2023-11-09T19:54:58.820-0500] {processor.py:157} INFO - Started process (PID=55038) to work on /Users/az/anaconda3/envs/python38/lib/python3.8/site-packages/airflow/example_dags/example_latest_only.py
[2023-11-09T19:54:58.824-0500] {processor.py:829} INFO - Processing file /Users/az/anaconda3/envs/python38/lib/python3.8/site-packages/airflow/example_dags/example_latest_only.py for tasks to queue
[2023-11-09T19:54:58.825-0500] {logging_mixin.py:154} INFO - [2023-11-09T19:54:58.825-0500] {dagbag.py:536} INFO - Filling up the DagBag from /Users/az/anaconda3/envs/python38/lib/python3.8/site-packages/airflow/example_dags/example_latest_only.py
[2023-11-09T19:54:58.839-0500] {processor.py:839} INFO - DAG(s) dict_keys(['latest_only']) retrieved from /Users/az/anaconda3/envs/python38/lib/python3.8/site-packages/airflow/example_dags/example_latest_only.py
[2023-11-09T19:54:58.947-0500] {logging_mixin.py:154} INFO - [2023-11-09T19:54:58.946-0500] {dag.py:2941} INFO - Sync 1 DAGs
[2023-11-09T19:54:58.955-0500] {logging_mixin.py:154} INFO - [2023-11-09T19:54:58.955-0500] {dag.py:3722} INFO - Setting next_dagrun for latest_only to 2023-11-09T20:54:58.955754+00:00, run_after=2023-11-10T00:54:58.955754+00:00
[2023-11-09T19:54:58.965-0500] {processor.py:179} INFO - Processing /Users/az/anaconda3/envs/python38/lib/python3.8/site-packages/airflow/example_dags/example_latest_only.py took 0.146 seconds
[2023-11-09T19:56:56.299-0500] {processor.py:157} INFO - Started process (PID=55191) to work on /Users/az/anaconda3/envs/python38/lib/python3.8/site-packages/airflow/example_dags/example_latest_only.py
[2023-11-09T19:56:56.303-0500] {processor.py:829} INFO - Processing file /Users/az/anaconda3/envs/python38/lib/python3.8/site-packages/airflow/example_dags/example_latest_only.py for tasks to queue
[2023-11-09T19:56:56.303-0500] {logging_mixin.py:154} INFO - [2023-11-09T19:56:56.303-0500] {dagbag.py:536} INFO - Filling up the DagBag from /Users/az/anaconda3/envs/python38/lib/python3.8/site-packages/airflow/example_dags/example_latest_only.py
[2023-11-09T19:56:56.318-0500] {processor.py:839} INFO - DAG(s) dict_keys(['latest_only']) retrieved from /Users/az/anaconda3/envs/python38/lib/python3.8/site-packages/airflow/example_dags/example_latest_only.py
[2023-11-09T19:56:56.433-0500] {logging_mixin.py:154} INFO - [2023-11-09T19:56:56.433-0500] {dag.py:2941} INFO - Sync 1 DAGs
[2023-11-09T19:56:56.442-0500] {logging_mixin.py:154} INFO - [2023-11-09T19:56:56.442-0500] {dag.py:3722} INFO - Setting next_dagrun for latest_only to 2023-11-09T20:56:56.442704+00:00, run_after=2023-11-10T00:56:56.442704+00:00
[2023-11-09T19:56:56.453-0500] {processor.py:179} INFO - Processing /Users/az/anaconda3/envs/python38/lib/python3.8/site-packages/airflow/example_dags/example_latest_only.py took 0.154 seconds
[2023-11-09T19:58:56.389-0500] {processor.py:157} INFO - Started process (PID=55348) to work on /Users/az/anaconda3/envs/python38/lib/python3.8/site-packages/airflow/example_dags/example_latest_only.py
[2023-11-09T19:58:56.394-0500] {processor.py:829} INFO - Processing file /Users/az/anaconda3/envs/python38/lib/python3.8/site-packages/airflow/example_dags/example_latest_only.py for tasks to queue
[2023-11-09T19:58:56.395-0500] {logging_mixin.py:154} INFO - [2023-11-09T19:58:56.395-0500] {dagbag.py:536} INFO - Filling up the DagBag from /Users/az/anaconda3/envs/python38/lib/python3.8/site-packages/airflow/example_dags/example_latest_only.py
[2023-11-09T19:58:56.409-0500] {processor.py:839} INFO - DAG(s) dict_keys(['latest_only']) retrieved from /Users/az/anaconda3/envs/python38/lib/python3.8/site-packages/airflow/example_dags/example_latest_only.py
[2023-11-09T19:58:56.517-0500] {logging_mixin.py:154} INFO - [2023-11-09T19:58:56.517-0500] {dag.py:2941} INFO - Sync 1 DAGs
[2023-11-09T19:58:56.527-0500] {logging_mixin.py:154} INFO - [2023-11-09T19:58:56.527-0500] {dag.py:3722} INFO - Setting next_dagrun for latest_only to 2023-11-09T20:58:56.527278+00:00, run_after=2023-11-10T00:58:56.527278+00:00
[2023-11-09T19:58:56.537-0500] {processor.py:179} INFO - Processing /Users/az/anaconda3/envs/python38/lib/python3.8/site-packages/airflow/example_dags/example_latest_only.py took 0.148 seconds
[2023-11-09T20:00:57.787-0500] {processor.py:157} INFO - Started process (PID=55502) to work on /Users/az/anaconda3/envs/python38/lib/python3.8/site-packages/airflow/example_dags/example_latest_only.py
[2023-11-09T20:00:57.791-0500] {processor.py:829} INFO - Processing file /Users/az/anaconda3/envs/python38/lib/python3.8/site-packages/airflow/example_dags/example_latest_only.py for tasks to queue
[2023-11-09T20:00:57.792-0500] {logging_mixin.py:154} INFO - [2023-11-09T20:00:57.792-0500] {dagbag.py:536} INFO - Filling up the DagBag from /Users/az/anaconda3/envs/python38/lib/python3.8/site-packages/airflow/example_dags/example_latest_only.py
[2023-11-09T20:00:57.807-0500] {processor.py:839} INFO - DAG(s) dict_keys(['latest_only']) retrieved from /Users/az/anaconda3/envs/python38/lib/python3.8/site-packages/airflow/example_dags/example_latest_only.py
[2023-11-09T20:00:57.919-0500] {logging_mixin.py:154} INFO - [2023-11-09T20:00:57.918-0500] {dag.py:2941} INFO - Sync 1 DAGs
[2023-11-09T20:00:57.929-0500] {logging_mixin.py:154} INFO - [2023-11-09T20:00:57.928-0500] {dag.py:3722} INFO - Setting next_dagrun for latest_only to 2023-11-09T21:00:57.928888+00:00, run_after=2023-11-10T01:00:57.928888+00:00
[2023-11-09T20:00:57.939-0500] {processor.py:179} INFO - Processing /Users/az/anaconda3/envs/python38/lib/python3.8/site-packages/airflow/example_dags/example_latest_only.py took 0.153 seconds
[2023-11-09T20:02:59.529-0500] {processor.py:157} INFO - Started process (PID=55671) to work on /Users/az/anaconda3/envs/python38/lib/python3.8/site-packages/airflow/example_dags/example_latest_only.py
[2023-11-09T20:02:59.534-0500] {processor.py:829} INFO - Processing file /Users/az/anaconda3/envs/python38/lib/python3.8/site-packages/airflow/example_dags/example_latest_only.py for tasks to queue
[2023-11-09T20:02:59.534-0500] {logging_mixin.py:154} INFO - [2023-11-09T20:02:59.534-0500] {dagbag.py:536} INFO - Filling up the DagBag from /Users/az/anaconda3/envs/python38/lib/python3.8/site-packages/airflow/example_dags/example_latest_only.py
[2023-11-09T20:02:59.550-0500] {processor.py:839} INFO - DAG(s) dict_keys(['latest_only']) retrieved from /Users/az/anaconda3/envs/python38/lib/python3.8/site-packages/airflow/example_dags/example_latest_only.py
[2023-11-09T20:02:59.661-0500] {logging_mixin.py:154} INFO - [2023-11-09T20:02:59.660-0500] {dag.py:2941} INFO - Sync 1 DAGs
[2023-11-09T20:02:59.670-0500] {logging_mixin.py:154} INFO - [2023-11-09T20:02:59.670-0500] {dag.py:3722} INFO - Setting next_dagrun for latest_only to 2023-11-09T21:02:59.670314+00:00, run_after=2023-11-10T01:02:59.670314+00:00
[2023-11-09T20:02:59.681-0500] {processor.py:179} INFO - Processing /Users/az/anaconda3/envs/python38/lib/python3.8/site-packages/airflow/example_dags/example_latest_only.py took 0.152 seconds
[2023-11-09T20:05:00.346-0500] {processor.py:157} INFO - Started process (PID=55823) to work on /Users/az/anaconda3/envs/python38/lib/python3.8/site-packages/airflow/example_dags/example_latest_only.py
[2023-11-09T20:05:00.351-0500] {processor.py:829} INFO - Processing file /Users/az/anaconda3/envs/python38/lib/python3.8/site-packages/airflow/example_dags/example_latest_only.py for tasks to queue
[2023-11-09T20:05:00.351-0500] {logging_mixin.py:154} INFO - [2023-11-09T20:05:00.351-0500] {dagbag.py:536} INFO - Filling up the DagBag from /Users/az/anaconda3/envs/python38/lib/python3.8/site-packages/airflow/example_dags/example_latest_only.py
[2023-11-09T20:05:00.366-0500] {processor.py:839} INFO - DAG(s) dict_keys(['latest_only']) retrieved from /Users/az/anaconda3/envs/python38/lib/python3.8/site-packages/airflow/example_dags/example_latest_only.py
[2023-11-09T20:05:00.473-0500] {logging_mixin.py:154} INFO - [2023-11-09T20:05:00.473-0500] {dag.py:2941} INFO - Sync 1 DAGs
[2023-11-09T20:05:00.482-0500] {logging_mixin.py:154} INFO - [2023-11-09T20:05:00.482-0500] {dag.py:3722} INFO - Setting next_dagrun for latest_only to 2023-11-09T21:05:00.482481+00:00, run_after=2023-11-10T01:05:00.482481+00:00
[2023-11-09T20:05:00.492-0500] {processor.py:179} INFO - Processing /Users/az/anaconda3/envs/python38/lib/python3.8/site-packages/airflow/example_dags/example_latest_only.py took 0.147 seconds
[2023-11-09T20:06:57.778-0500] {processor.py:157} INFO - Started process (PID=55988) to work on /Users/az/anaconda3/envs/python38/lib/python3.8/site-packages/airflow/example_dags/example_latest_only.py
[2023-11-09T20:06:57.783-0500] {processor.py:829} INFO - Processing file /Users/az/anaconda3/envs/python38/lib/python3.8/site-packages/airflow/example_dags/example_latest_only.py for tasks to queue
[2023-11-09T20:06:57.783-0500] {logging_mixin.py:154} INFO - [2023-11-09T20:06:57.783-0500] {dagbag.py:536} INFO - Filling up the DagBag from /Users/az/anaconda3/envs/python38/lib/python3.8/site-packages/airflow/example_dags/example_latest_only.py
[2023-11-09T20:06:57.798-0500] {processor.py:839} INFO - DAG(s) dict_keys(['latest_only']) retrieved from /Users/az/anaconda3/envs/python38/lib/python3.8/site-packages/airflow/example_dags/example_latest_only.py
[2023-11-09T20:06:57.906-0500] {logging_mixin.py:154} INFO - [2023-11-09T20:06:57.905-0500] {dag.py:2941} INFO - Sync 1 DAGs
[2023-11-09T20:06:57.915-0500] {logging_mixin.py:154} INFO - [2023-11-09T20:06:57.914-0500] {dag.py:3722} INFO - Setting next_dagrun for latest_only to 2023-11-09T21:06:57.914898+00:00, run_after=2023-11-10T01:06:57.914898+00:00
[2023-11-09T20:06:57.925-0500] {processor.py:179} INFO - Processing /Users/az/anaconda3/envs/python38/lib/python3.8/site-packages/airflow/example_dags/example_latest_only.py took 0.147 seconds
[2023-11-09T20:08:56.180-0500] {processor.py:157} INFO - Started process (PID=56139) to work on /Users/az/anaconda3/envs/python38/lib/python3.8/site-packages/airflow/example_dags/example_latest_only.py
[2023-11-09T20:08:56.185-0500] {processor.py:829} INFO - Processing file /Users/az/anaconda3/envs/python38/lib/python3.8/site-packages/airflow/example_dags/example_latest_only.py for tasks to queue
[2023-11-09T20:08:56.185-0500] {logging_mixin.py:154} INFO - [2023-11-09T20:08:56.185-0500] {dagbag.py:536} INFO - Filling up the DagBag from /Users/az/anaconda3/envs/python38/lib/python3.8/site-packages/airflow/example_dags/example_latest_only.py
[2023-11-09T20:08:56.199-0500] {processor.py:839} INFO - DAG(s) dict_keys(['latest_only']) retrieved from /Users/az/anaconda3/envs/python38/lib/python3.8/site-packages/airflow/example_dags/example_latest_only.py
[2023-11-09T20:08:56.307-0500] {logging_mixin.py:154} INFO - [2023-11-09T20:08:56.307-0500] {dag.py:2941} INFO - Sync 1 DAGs
[2023-11-09T20:08:56.316-0500] {logging_mixin.py:154} INFO - [2023-11-09T20:08:56.316-0500] {dag.py:3722} INFO - Setting next_dagrun for latest_only to 2023-11-09T21:08:56.316471+00:00, run_after=2023-11-10T01:08:56.316471+00:00
[2023-11-09T20:08:56.326-0500] {processor.py:179} INFO - Processing /Users/az/anaconda3/envs/python38/lib/python3.8/site-packages/airflow/example_dags/example_latest_only.py took 0.147 seconds
[2023-11-09T20:10:53.258-0500] {processor.py:157} INFO - Started process (PID=56304) to work on /Users/az/anaconda3/envs/python38/lib/python3.8/site-packages/airflow/example_dags/example_latest_only.py
[2023-11-09T20:10:53.262-0500] {processor.py:829} INFO - Processing file /Users/az/anaconda3/envs/python38/lib/python3.8/site-packages/airflow/example_dags/example_latest_only.py for tasks to queue
[2023-11-09T20:10:53.263-0500] {logging_mixin.py:154} INFO - [2023-11-09T20:10:53.262-0500] {dagbag.py:536} INFO - Filling up the DagBag from /Users/az/anaconda3/envs/python38/lib/python3.8/site-packages/airflow/example_dags/example_latest_only.py
[2023-11-09T20:10:53.277-0500] {processor.py:839} INFO - DAG(s) dict_keys(['latest_only']) retrieved from /Users/az/anaconda3/envs/python38/lib/python3.8/site-packages/airflow/example_dags/example_latest_only.py
[2023-11-09T20:10:53.384-0500] {logging_mixin.py:154} INFO - [2023-11-09T20:10:53.384-0500] {dag.py:2941} INFO - Sync 1 DAGs
[2023-11-09T20:10:53.393-0500] {logging_mixin.py:154} INFO - [2023-11-09T20:10:53.393-0500] {dag.py:3722} INFO - Setting next_dagrun for latest_only to 2023-11-09T21:10:53.393371+00:00, run_after=2023-11-10T01:10:53.393371+00:00
[2023-11-09T20:10:53.403-0500] {processor.py:179} INFO - Processing /Users/az/anaconda3/envs/python38/lib/python3.8/site-packages/airflow/example_dags/example_latest_only.py took 0.145 seconds
[2023-11-09T20:12:50.904-0500] {processor.py:157} INFO - Started process (PID=56470) to work on /Users/az/anaconda3/envs/python38/lib/python3.8/site-packages/airflow/example_dags/example_latest_only.py
[2023-11-09T20:12:50.909-0500] {processor.py:829} INFO - Processing file /Users/az/anaconda3/envs/python38/lib/python3.8/site-packages/airflow/example_dags/example_latest_only.py for tasks to queue
[2023-11-09T20:12:50.909-0500] {logging_mixin.py:154} INFO - [2023-11-09T20:12:50.909-0500] {dagbag.py:536} INFO - Filling up the DagBag from /Users/az/anaconda3/envs/python38/lib/python3.8/site-packages/airflow/example_dags/example_latest_only.py
[2023-11-09T20:12:50.924-0500] {processor.py:839} INFO - DAG(s) dict_keys(['latest_only']) retrieved from /Users/az/anaconda3/envs/python38/lib/python3.8/site-packages/airflow/example_dags/example_latest_only.py
[2023-11-09T20:12:51.031-0500] {logging_mixin.py:154} INFO - [2023-11-09T20:12:51.031-0500] {dag.py:2941} INFO - Sync 1 DAGs
[2023-11-09T20:12:51.040-0500] {logging_mixin.py:154} INFO - [2023-11-09T20:12:51.040-0500] {dag.py:3722} INFO - Setting next_dagrun for latest_only to 2023-11-09T21:12:51.040499+00:00, run_after=2023-11-10T01:12:51.040499+00:00
[2023-11-09T20:12:51.050-0500] {processor.py:179} INFO - Processing /Users/az/anaconda3/envs/python38/lib/python3.8/site-packages/airflow/example_dags/example_latest_only.py took 0.147 seconds
[2023-11-09T20:14:50.634-0500] {processor.py:157} INFO - Started process (PID=56641) to work on /Users/az/anaconda3/envs/python38/lib/python3.8/site-packages/airflow/example_dags/example_latest_only.py
[2023-11-09T20:14:50.639-0500] {processor.py:829} INFO - Processing file /Users/az/anaconda3/envs/python38/lib/python3.8/site-packages/airflow/example_dags/example_latest_only.py for tasks to queue
[2023-11-09T20:14:50.640-0500] {logging_mixin.py:154} INFO - [2023-11-09T20:14:50.639-0500] {dagbag.py:536} INFO - Filling up the DagBag from /Users/az/anaconda3/envs/python38/lib/python3.8/site-packages/airflow/example_dags/example_latest_only.py
[2023-11-09T20:14:50.656-0500] {processor.py:839} INFO - DAG(s) dict_keys(['latest_only']) retrieved from /Users/az/anaconda3/envs/python38/lib/python3.8/site-packages/airflow/example_dags/example_latest_only.py
[2023-11-09T20:14:50.767-0500] {logging_mixin.py:154} INFO - [2023-11-09T20:14:50.766-0500] {dag.py:2941} INFO - Sync 1 DAGs
[2023-11-09T20:14:50.776-0500] {logging_mixin.py:154} INFO - [2023-11-09T20:14:50.776-0500] {dag.py:3722} INFO - Setting next_dagrun for latest_only to 2023-11-09T21:14:50.776281+00:00, run_after=2023-11-10T01:14:50.776281+00:00
[2023-11-09T20:14:50.786-0500] {processor.py:179} INFO - Processing /Users/az/anaconda3/envs/python38/lib/python3.8/site-packages/airflow/example_dags/example_latest_only.py took 0.153 seconds
[2023-11-09T20:16:49.583-0500] {processor.py:157} INFO - Started process (PID=56789) to work on /Users/az/anaconda3/envs/python38/lib/python3.8/site-packages/airflow/example_dags/example_latest_only.py
[2023-11-09T20:16:49.588-0500] {processor.py:829} INFO - Processing file /Users/az/anaconda3/envs/python38/lib/python3.8/site-packages/airflow/example_dags/example_latest_only.py for tasks to queue
[2023-11-09T20:16:49.588-0500] {logging_mixin.py:154} INFO - [2023-11-09T20:16:49.588-0500] {dagbag.py:536} INFO - Filling up the DagBag from /Users/az/anaconda3/envs/python38/lib/python3.8/site-packages/airflow/example_dags/example_latest_only.py
[2023-11-09T20:16:49.603-0500] {processor.py:839} INFO - DAG(s) dict_keys(['latest_only']) retrieved from /Users/az/anaconda3/envs/python38/lib/python3.8/site-packages/airflow/example_dags/example_latest_only.py
[2023-11-09T20:16:49.710-0500] {logging_mixin.py:154} INFO - [2023-11-09T20:16:49.710-0500] {dag.py:2941} INFO - Sync 1 DAGs
[2023-11-09T20:16:49.719-0500] {logging_mixin.py:154} INFO - [2023-11-09T20:16:49.719-0500] {dag.py:3722} INFO - Setting next_dagrun for latest_only to 2023-11-09T21:16:49.719461+00:00, run_after=2023-11-10T01:16:49.719461+00:00
[2023-11-09T20:16:49.729-0500] {processor.py:179} INFO - Processing /Users/az/anaconda3/envs/python38/lib/python3.8/site-packages/airflow/example_dags/example_latest_only.py took 0.147 seconds
[2023-11-09T20:18:48.428-0500] {processor.py:157} INFO - Started process (PID=56937) to work on /Users/az/anaconda3/envs/python38/lib/python3.8/site-packages/airflow/example_dags/example_latest_only.py
[2023-11-09T20:18:48.433-0500] {processor.py:829} INFO - Processing file /Users/az/anaconda3/envs/python38/lib/python3.8/site-packages/airflow/example_dags/example_latest_only.py for tasks to queue
[2023-11-09T20:18:48.433-0500] {logging_mixin.py:154} INFO - [2023-11-09T20:18:48.433-0500] {dagbag.py:536} INFO - Filling up the DagBag from /Users/az/anaconda3/envs/python38/lib/python3.8/site-packages/airflow/example_dags/example_latest_only.py
[2023-11-09T20:18:48.448-0500] {processor.py:839} INFO - DAG(s) dict_keys(['latest_only']) retrieved from /Users/az/anaconda3/envs/python38/lib/python3.8/site-packages/airflow/example_dags/example_latest_only.py
[2023-11-09T20:18:48.555-0500] {logging_mixin.py:154} INFO - [2023-11-09T20:18:48.554-0500] {dag.py:2941} INFO - Sync 1 DAGs
[2023-11-09T20:18:48.564-0500] {logging_mixin.py:154} INFO - [2023-11-09T20:18:48.564-0500] {dag.py:3722} INFO - Setting next_dagrun for latest_only to 2023-11-09T21:18:48.563987+00:00, run_after=2023-11-10T01:18:48.563987+00:00
[2023-11-09T20:18:48.574-0500] {processor.py:179} INFO - Processing /Users/az/anaconda3/envs/python38/lib/python3.8/site-packages/airflow/example_dags/example_latest_only.py took 0.146 seconds
[2023-11-09T20:20:47.677-0500] {processor.py:157} INFO - Started process (PID=57085) to work on /Users/az/anaconda3/envs/python38/lib/python3.8/site-packages/airflow/example_dags/example_latest_only.py
[2023-11-09T20:20:47.682-0500] {processor.py:829} INFO - Processing file /Users/az/anaconda3/envs/python38/lib/python3.8/site-packages/airflow/example_dags/example_latest_only.py for tasks to queue
[2023-11-09T20:20:47.682-0500] {logging_mixin.py:154} INFO - [2023-11-09T20:20:47.682-0500] {dagbag.py:536} INFO - Filling up the DagBag from /Users/az/anaconda3/envs/python38/lib/python3.8/site-packages/airflow/example_dags/example_latest_only.py
[2023-11-09T20:20:47.696-0500] {processor.py:839} INFO - DAG(s) dict_keys(['latest_only']) retrieved from /Users/az/anaconda3/envs/python38/lib/python3.8/site-packages/airflow/example_dags/example_latest_only.py
[2023-11-09T20:20:47.822-0500] {logging_mixin.py:154} INFO - [2023-11-09T20:20:47.822-0500] {dag.py:2941} INFO - Sync 1 DAGs
[2023-11-09T20:20:47.832-0500] {logging_mixin.py:154} INFO - [2023-11-09T20:20:47.831-0500] {dag.py:3722} INFO - Setting next_dagrun for latest_only to 2023-11-09T21:20:47.831875+00:00, run_after=2023-11-10T01:20:47.831875+00:00
[2023-11-09T20:20:47.841-0500] {processor.py:179} INFO - Processing /Users/az/anaconda3/envs/python38/lib/python3.8/site-packages/airflow/example_dags/example_latest_only.py took 0.165 seconds
[2023-11-09T20:22:48.580-0500] {processor.py:157} INFO - Started process (PID=57247) to work on /Users/az/anaconda3/envs/python38/lib/python3.8/site-packages/airflow/example_dags/example_latest_only.py
[2023-11-09T20:22:48.584-0500] {processor.py:829} INFO - Processing file /Users/az/anaconda3/envs/python38/lib/python3.8/site-packages/airflow/example_dags/example_latest_only.py for tasks to queue
[2023-11-09T20:22:48.585-0500] {logging_mixin.py:154} INFO - [2023-11-09T20:22:48.585-0500] {dagbag.py:536} INFO - Filling up the DagBag from /Users/az/anaconda3/envs/python38/lib/python3.8/site-packages/airflow/example_dags/example_latest_only.py
[2023-11-09T20:22:48.599-0500] {processor.py:839} INFO - DAG(s) dict_keys(['latest_only']) retrieved from /Users/az/anaconda3/envs/python38/lib/python3.8/site-packages/airflow/example_dags/example_latest_only.py
[2023-11-09T20:22:48.707-0500] {logging_mixin.py:154} INFO - [2023-11-09T20:22:48.707-0500] {dag.py:2941} INFO - Sync 1 DAGs
[2023-11-09T20:22:48.716-0500] {logging_mixin.py:154} INFO - [2023-11-09T20:22:48.716-0500] {dag.py:3722} INFO - Setting next_dagrun for latest_only to 2023-11-09T21:22:48.716354+00:00, run_after=2023-11-10T01:22:48.716354+00:00
[2023-11-09T20:22:48.726-0500] {processor.py:179} INFO - Processing /Users/az/anaconda3/envs/python38/lib/python3.8/site-packages/airflow/example_dags/example_latest_only.py took 0.147 seconds
[2023-11-09T20:24:46.974-0500] {processor.py:157} INFO - Started process (PID=57397) to work on /Users/az/anaconda3/envs/python38/lib/python3.8/site-packages/airflow/example_dags/example_latest_only.py
[2023-11-09T20:24:46.978-0500] {processor.py:829} INFO - Processing file /Users/az/anaconda3/envs/python38/lib/python3.8/site-packages/airflow/example_dags/example_latest_only.py for tasks to queue
[2023-11-09T20:24:46.979-0500] {logging_mixin.py:154} INFO - [2023-11-09T20:24:46.978-0500] {dagbag.py:536} INFO - Filling up the DagBag from /Users/az/anaconda3/envs/python38/lib/python3.8/site-packages/airflow/example_dags/example_latest_only.py
[2023-11-09T20:24:46.993-0500] {processor.py:839} INFO - DAG(s) dict_keys(['latest_only']) retrieved from /Users/az/anaconda3/envs/python38/lib/python3.8/site-packages/airflow/example_dags/example_latest_only.py
[2023-11-09T20:24:47.101-0500] {logging_mixin.py:154} INFO - [2023-11-09T20:24:47.101-0500] {dag.py:2941} INFO - Sync 1 DAGs
[2023-11-09T20:24:47.110-0500] {logging_mixin.py:154} INFO - [2023-11-09T20:24:47.110-0500] {dag.py:3722} INFO - Setting next_dagrun for latest_only to 2023-11-09T21:24:47.110212+00:00, run_after=2023-11-10T01:24:47.110212+00:00
[2023-11-09T20:24:47.120-0500] {processor.py:179} INFO - Processing /Users/az/anaconda3/envs/python38/lib/python3.8/site-packages/airflow/example_dags/example_latest_only.py took 0.147 seconds
[2023-11-09T20:27:13.175-0500] {processor.py:157} INFO - Started process (PID=57549) to work on /Users/az/anaconda3/envs/python38/lib/python3.8/site-packages/airflow/example_dags/example_latest_only.py
[2023-11-09T20:27:13.180-0500] {processor.py:829} INFO - Processing file /Users/az/anaconda3/envs/python38/lib/python3.8/site-packages/airflow/example_dags/example_latest_only.py for tasks to queue
[2023-11-09T20:27:13.180-0500] {logging_mixin.py:154} INFO - [2023-11-09T20:27:13.180-0500] {dagbag.py:536} INFO - Filling up the DagBag from /Users/az/anaconda3/envs/python38/lib/python3.8/site-packages/airflow/example_dags/example_latest_only.py
[2023-11-09T20:27:13.195-0500] {processor.py:839} INFO - DAG(s) dict_keys(['latest_only']) retrieved from /Users/az/anaconda3/envs/python38/lib/python3.8/site-packages/airflow/example_dags/example_latest_only.py
[2023-11-09T20:27:13.302-0500] {logging_mixin.py:154} INFO - [2023-11-09T20:27:13.302-0500] {dag.py:2941} INFO - Sync 1 DAGs
[2023-11-09T20:27:13.311-0500] {logging_mixin.py:154} INFO - [2023-11-09T20:27:13.311-0500] {dag.py:3722} INFO - Setting next_dagrun for latest_only to 2023-11-09T21:27:13.311816+00:00, run_after=2023-11-10T01:27:13.311816+00:00
[2023-11-09T20:27:13.322-0500] {processor.py:179} INFO - Processing /Users/az/anaconda3/envs/python38/lib/python3.8/site-packages/airflow/example_dags/example_latest_only.py took 0.147 seconds
[2023-11-09T20:47:22.999-0500] {processor.py:157} INFO - Started process (PID=57871) to work on /Users/az/anaconda3/envs/python38/lib/python3.8/site-packages/airflow/example_dags/example_latest_only.py
[2023-11-09T20:47:23.003-0500] {processor.py:829} INFO - Processing file /Users/az/anaconda3/envs/python38/lib/python3.8/site-packages/airflow/example_dags/example_latest_only.py for tasks to queue
[2023-11-09T20:47:23.004-0500] {logging_mixin.py:154} INFO - [2023-11-09T20:47:23.004-0500] {dagbag.py:536} INFO - Filling up the DagBag from /Users/az/anaconda3/envs/python38/lib/python3.8/site-packages/airflow/example_dags/example_latest_only.py
[2023-11-09T20:47:23.019-0500] {processor.py:839} INFO - DAG(s) dict_keys(['latest_only']) retrieved from /Users/az/anaconda3/envs/python38/lib/python3.8/site-packages/airflow/example_dags/example_latest_only.py
[2023-11-09T20:47:23.126-0500] {logging_mixin.py:154} INFO - [2023-11-09T20:47:23.126-0500] {dag.py:2941} INFO - Sync 1 DAGs
[2023-11-09T20:47:23.135-0500] {logging_mixin.py:154} INFO - [2023-11-09T20:47:23.135-0500] {dag.py:3722} INFO - Setting next_dagrun for latest_only to 2023-11-09T21:47:23.135318+00:00, run_after=2023-11-10T01:47:23.135318+00:00
[2023-11-09T20:47:23.145-0500] {processor.py:179} INFO - Processing /Users/az/anaconda3/envs/python38/lib/python3.8/site-packages/airflow/example_dags/example_latest_only.py took 0.147 seconds
[2023-11-09T20:49:20.221-0500] {processor.py:157} INFO - Started process (PID=58010) to work on /Users/az/anaconda3/envs/python38/lib/python3.8/site-packages/airflow/example_dags/example_latest_only.py
[2023-11-09T20:49:20.226-0500] {processor.py:829} INFO - Processing file /Users/az/anaconda3/envs/python38/lib/python3.8/site-packages/airflow/example_dags/example_latest_only.py for tasks to queue
[2023-11-09T20:49:20.226-0500] {logging_mixin.py:154} INFO - [2023-11-09T20:49:20.226-0500] {dagbag.py:536} INFO - Filling up the DagBag from /Users/az/anaconda3/envs/python38/lib/python3.8/site-packages/airflow/example_dags/example_latest_only.py
[2023-11-09T20:49:20.241-0500] {processor.py:839} INFO - DAG(s) dict_keys(['latest_only']) retrieved from /Users/az/anaconda3/envs/python38/lib/python3.8/site-packages/airflow/example_dags/example_latest_only.py
[2023-11-09T20:49:20.347-0500] {logging_mixin.py:154} INFO - [2023-11-09T20:49:20.347-0500] {dag.py:2941} INFO - Sync 1 DAGs
[2023-11-09T20:49:20.356-0500] {logging_mixin.py:154} INFO - [2023-11-09T20:49:20.356-0500] {dag.py:3722} INFO - Setting next_dagrun for latest_only to 2023-11-09T21:49:20.356615+00:00, run_after=2023-11-10T01:49:20.356615+00:00
[2023-11-09T20:49:20.366-0500] {processor.py:179} INFO - Processing /Users/az/anaconda3/envs/python38/lib/python3.8/site-packages/airflow/example_dags/example_latest_only.py took 0.145 seconds
[2023-11-09T20:51:18.301-0500] {processor.py:157} INFO - Started process (PID=58165) to work on /Users/az/anaconda3/envs/python38/lib/python3.8/site-packages/airflow/example_dags/example_latest_only.py
[2023-11-09T20:51:18.305-0500] {processor.py:829} INFO - Processing file /Users/az/anaconda3/envs/python38/lib/python3.8/site-packages/airflow/example_dags/example_latest_only.py for tasks to queue
[2023-11-09T20:51:18.306-0500] {logging_mixin.py:154} INFO - [2023-11-09T20:51:18.306-0500] {dagbag.py:536} INFO - Filling up the DagBag from /Users/az/anaconda3/envs/python38/lib/python3.8/site-packages/airflow/example_dags/example_latest_only.py
[2023-11-09T20:51:18.321-0500] {processor.py:839} INFO - DAG(s) dict_keys(['latest_only']) retrieved from /Users/az/anaconda3/envs/python38/lib/python3.8/site-packages/airflow/example_dags/example_latest_only.py
[2023-11-09T20:51:18.434-0500] {logging_mixin.py:154} INFO - [2023-11-09T20:51:18.434-0500] {dag.py:2941} INFO - Sync 1 DAGs
[2023-11-09T20:51:18.443-0500] {logging_mixin.py:154} INFO - [2023-11-09T20:51:18.443-0500] {dag.py:3722} INFO - Setting next_dagrun for latest_only to 2023-11-09T21:51:18.443521+00:00, run_after=2023-11-10T01:51:18.443521+00:00
[2023-11-09T20:51:18.453-0500] {processor.py:179} INFO - Processing /Users/az/anaconda3/envs/python38/lib/python3.8/site-packages/airflow/example_dags/example_latest_only.py took 0.152 seconds
[2023-11-09T20:53:25.288-0500] {processor.py:157} INFO - Started process (PID=58328) to work on /Users/az/anaconda3/envs/python38/lib/python3.8/site-packages/airflow/example_dags/example_latest_only.py
[2023-11-09T20:53:25.293-0500] {processor.py:829} INFO - Processing file /Users/az/anaconda3/envs/python38/lib/python3.8/site-packages/airflow/example_dags/example_latest_only.py for tasks to queue
[2023-11-09T20:53:25.293-0500] {logging_mixin.py:154} INFO - [2023-11-09T20:53:25.293-0500] {dagbag.py:536} INFO - Filling up the DagBag from /Users/az/anaconda3/envs/python38/lib/python3.8/site-packages/airflow/example_dags/example_latest_only.py
[2023-11-09T20:53:25.308-0500] {processor.py:839} INFO - DAG(s) dict_keys(['latest_only']) retrieved from /Users/az/anaconda3/envs/python38/lib/python3.8/site-packages/airflow/example_dags/example_latest_only.py
[2023-11-09T20:53:25.415-0500] {logging_mixin.py:154} INFO - [2023-11-09T20:53:25.415-0500] {dag.py:2941} INFO - Sync 1 DAGs
[2023-11-09T20:53:25.424-0500] {logging_mixin.py:154} INFO - [2023-11-09T20:53:25.424-0500] {dag.py:3722} INFO - Setting next_dagrun for latest_only to 2023-11-09T21:53:25.424558+00:00, run_after=2023-11-10T01:53:25.424558+00:00
[2023-11-09T20:53:25.434-0500] {processor.py:179} INFO - Processing /Users/az/anaconda3/envs/python38/lib/python3.8/site-packages/airflow/example_dags/example_latest_only.py took 0.146 seconds
[2023-11-09T20:55:48.564-0500] {processor.py:157} INFO - Started process (PID=58496) to work on /Users/az/anaconda3/envs/python38/lib/python3.8/site-packages/airflow/example_dags/example_latest_only.py
[2023-11-09T20:55:48.569-0500] {processor.py:829} INFO - Processing file /Users/az/anaconda3/envs/python38/lib/python3.8/site-packages/airflow/example_dags/example_latest_only.py for tasks to queue
[2023-11-09T20:55:48.570-0500] {logging_mixin.py:154} INFO - [2023-11-09T20:55:48.569-0500] {dagbag.py:536} INFO - Filling up the DagBag from /Users/az/anaconda3/envs/python38/lib/python3.8/site-packages/airflow/example_dags/example_latest_only.py
[2023-11-09T20:55:48.584-0500] {processor.py:839} INFO - DAG(s) dict_keys(['latest_only']) retrieved from /Users/az/anaconda3/envs/python38/lib/python3.8/site-packages/airflow/example_dags/example_latest_only.py
[2023-11-09T20:55:48.694-0500] {logging_mixin.py:154} INFO - [2023-11-09T20:55:48.693-0500] {dag.py:2941} INFO - Sync 1 DAGs
[2023-11-09T20:55:48.702-0500] {logging_mixin.py:154} INFO - [2023-11-09T20:55:48.702-0500] {dag.py:3722} INFO - Setting next_dagrun for latest_only to 2023-11-09T21:55:48.702811+00:00, run_after=2023-11-10T01:55:48.702811+00:00
[2023-11-09T20:55:48.713-0500] {processor.py:179} INFO - Processing /Users/az/anaconda3/envs/python38/lib/python3.8/site-packages/airflow/example_dags/example_latest_only.py took 0.149 seconds
[2023-11-09T20:57:57.756-0500] {processor.py:157} INFO - Started process (PID=58648) to work on /Users/az/anaconda3/envs/python38/lib/python3.8/site-packages/airflow/example_dags/example_latest_only.py
[2023-11-09T20:57:57.760-0500] {processor.py:829} INFO - Processing file /Users/az/anaconda3/envs/python38/lib/python3.8/site-packages/airflow/example_dags/example_latest_only.py for tasks to queue
[2023-11-09T20:57:57.761-0500] {logging_mixin.py:154} INFO - [2023-11-09T20:57:57.761-0500] {dagbag.py:536} INFO - Filling up the DagBag from /Users/az/anaconda3/envs/python38/lib/python3.8/site-packages/airflow/example_dags/example_latest_only.py
[2023-11-09T20:57:57.775-0500] {processor.py:839} INFO - DAG(s) dict_keys(['latest_only']) retrieved from /Users/az/anaconda3/envs/python38/lib/python3.8/site-packages/airflow/example_dags/example_latest_only.py
[2023-11-09T20:57:57.883-0500] {logging_mixin.py:154} INFO - [2023-11-09T20:57:57.883-0500] {dag.py:2941} INFO - Sync 1 DAGs
[2023-11-09T20:57:57.892-0500] {logging_mixin.py:154} INFO - [2023-11-09T20:57:57.892-0500] {dag.py:3722} INFO - Setting next_dagrun for latest_only to 2023-11-09T21:57:57.892186+00:00, run_after=2023-11-10T01:57:57.892186+00:00
[2023-11-09T20:57:57.902-0500] {processor.py:179} INFO - Processing /Users/az/anaconda3/envs/python38/lib/python3.8/site-packages/airflow/example_dags/example_latest_only.py took 0.147 seconds
[2023-11-09T21:00:12.003-0500] {processor.py:157} INFO - Started process (PID=58824) to work on /Users/az/anaconda3/envs/python38/lib/python3.8/site-packages/airflow/example_dags/example_latest_only.py
[2023-11-09T21:00:12.007-0500] {processor.py:829} INFO - Processing file /Users/az/anaconda3/envs/python38/lib/python3.8/site-packages/airflow/example_dags/example_latest_only.py for tasks to queue
[2023-11-09T21:00:12.007-0500] {logging_mixin.py:154} INFO - [2023-11-09T21:00:12.007-0500] {dagbag.py:536} INFO - Filling up the DagBag from /Users/az/anaconda3/envs/python38/lib/python3.8/site-packages/airflow/example_dags/example_latest_only.py
[2023-11-09T21:00:12.022-0500] {processor.py:839} INFO - DAG(s) dict_keys(['latest_only']) retrieved from /Users/az/anaconda3/envs/python38/lib/python3.8/site-packages/airflow/example_dags/example_latest_only.py
[2023-11-09T21:00:12.130-0500] {logging_mixin.py:154} INFO - [2023-11-09T21:00:12.130-0500] {dag.py:2941} INFO - Sync 1 DAGs
[2023-11-09T21:00:12.139-0500] {logging_mixin.py:154} INFO - [2023-11-09T21:00:12.139-0500] {dag.py:3722} INFO - Setting next_dagrun for latest_only to 2023-11-09T22:00:12.139189+00:00, run_after=2023-11-10T02:00:12.139189+00:00
[2023-11-09T21:00:12.149-0500] {processor.py:179} INFO - Processing /Users/az/anaconda3/envs/python38/lib/python3.8/site-packages/airflow/example_dags/example_latest_only.py took 0.147 seconds
[2023-11-09T21:02:20.833-0500] {processor.py:157} INFO - Started process (PID=58994) to work on /Users/az/anaconda3/envs/python38/lib/python3.8/site-packages/airflow/example_dags/example_latest_only.py
[2023-11-09T21:02:20.838-0500] {processor.py:829} INFO - Processing file /Users/az/anaconda3/envs/python38/lib/python3.8/site-packages/airflow/example_dags/example_latest_only.py for tasks to queue
[2023-11-09T21:02:20.838-0500] {logging_mixin.py:154} INFO - [2023-11-09T21:02:20.838-0500] {dagbag.py:536} INFO - Filling up the DagBag from /Users/az/anaconda3/envs/python38/lib/python3.8/site-packages/airflow/example_dags/example_latest_only.py
[2023-11-09T21:02:20.853-0500] {processor.py:839} INFO - DAG(s) dict_keys(['latest_only']) retrieved from /Users/az/anaconda3/envs/python38/lib/python3.8/site-packages/airflow/example_dags/example_latest_only.py
[2023-11-09T21:02:20.959-0500] {logging_mixin.py:154} INFO - [2023-11-09T21:02:20.959-0500] {dag.py:2941} INFO - Sync 1 DAGs
[2023-11-09T21:02:20.969-0500] {logging_mixin.py:154} INFO - [2023-11-09T21:02:20.968-0500] {dag.py:3722} INFO - Setting next_dagrun for latest_only to 2023-11-09T22:02:20.968849+00:00, run_after=2023-11-10T02:02:20.968849+00:00
[2023-11-09T21:02:20.978-0500] {processor.py:179} INFO - Processing /Users/az/anaconda3/envs/python38/lib/python3.8/site-packages/airflow/example_dags/example_latest_only.py took 0.145 seconds
[2023-11-09T21:04:22.196-0500] {processor.py:157} INFO - Started process (PID=59175) to work on /Users/az/anaconda3/envs/python38/lib/python3.8/site-packages/airflow/example_dags/example_latest_only.py
[2023-11-09T21:04:22.201-0500] {processor.py:829} INFO - Processing file /Users/az/anaconda3/envs/python38/lib/python3.8/site-packages/airflow/example_dags/example_latest_only.py for tasks to queue
[2023-11-09T21:04:22.201-0500] {logging_mixin.py:154} INFO - [2023-11-09T21:04:22.201-0500] {dagbag.py:536} INFO - Filling up the DagBag from /Users/az/anaconda3/envs/python38/lib/python3.8/site-packages/airflow/example_dags/example_latest_only.py
[2023-11-09T21:04:22.216-0500] {processor.py:839} INFO - DAG(s) dict_keys(['latest_only']) retrieved from /Users/az/anaconda3/envs/python38/lib/python3.8/site-packages/airflow/example_dags/example_latest_only.py
[2023-11-09T21:04:22.323-0500] {logging_mixin.py:154} INFO - [2023-11-09T21:04:22.323-0500] {dag.py:2941} INFO - Sync 1 DAGs
[2023-11-09T21:04:22.332-0500] {logging_mixin.py:154} INFO - [2023-11-09T21:04:22.332-0500] {dag.py:3722} INFO - Setting next_dagrun for latest_only to 2023-11-09T22:04:22.332371+00:00, run_after=2023-11-10T02:04:22.332371+00:00
[2023-11-09T21:04:22.342-0500] {processor.py:179} INFO - Processing /Users/az/anaconda3/envs/python38/lib/python3.8/site-packages/airflow/example_dags/example_latest_only.py took 0.146 seconds
[2023-11-09T21:06:23.927-0500] {processor.py:157} INFO - Started process (PID=59335) to work on /Users/az/anaconda3/envs/python38/lib/python3.8/site-packages/airflow/example_dags/example_latest_only.py
[2023-11-09T21:06:23.931-0500] {processor.py:829} INFO - Processing file /Users/az/anaconda3/envs/python38/lib/python3.8/site-packages/airflow/example_dags/example_latest_only.py for tasks to queue
[2023-11-09T21:06:23.932-0500] {logging_mixin.py:154} INFO - [2023-11-09T21:06:23.932-0500] {dagbag.py:536} INFO - Filling up the DagBag from /Users/az/anaconda3/envs/python38/lib/python3.8/site-packages/airflow/example_dags/example_latest_only.py
[2023-11-09T21:06:23.946-0500] {processor.py:839} INFO - DAG(s) dict_keys(['latest_only']) retrieved from /Users/az/anaconda3/envs/python38/lib/python3.8/site-packages/airflow/example_dags/example_latest_only.py
[2023-11-09T21:06:24.054-0500] {logging_mixin.py:154} INFO - [2023-11-09T21:06:24.053-0500] {dag.py:2941} INFO - Sync 1 DAGs
[2023-11-09T21:06:24.063-0500] {logging_mixin.py:154} INFO - [2023-11-09T21:06:24.062-0500] {dag.py:3722} INFO - Setting next_dagrun for latest_only to 2023-11-09T22:06:24.062881+00:00, run_after=2023-11-10T02:06:24.062881+00:00
[2023-11-09T21:06:24.073-0500] {processor.py:179} INFO - Processing /Users/az/anaconda3/envs/python38/lib/python3.8/site-packages/airflow/example_dags/example_latest_only.py took 0.146 seconds
[2023-11-09T21:08:21.499-0500] {processor.py:157} INFO - Started process (PID=59479) to work on /Users/az/anaconda3/envs/python38/lib/python3.8/site-packages/airflow/example_dags/example_latest_only.py
[2023-11-09T21:08:21.503-0500] {processor.py:829} INFO - Processing file /Users/az/anaconda3/envs/python38/lib/python3.8/site-packages/airflow/example_dags/example_latest_only.py for tasks to queue
[2023-11-09T21:08:21.504-0500] {logging_mixin.py:154} INFO - [2023-11-09T21:08:21.504-0500] {dagbag.py:536} INFO - Filling up the DagBag from /Users/az/anaconda3/envs/python38/lib/python3.8/site-packages/airflow/example_dags/example_latest_only.py
[2023-11-09T21:08:21.518-0500] {processor.py:839} INFO - DAG(s) dict_keys(['latest_only']) retrieved from /Users/az/anaconda3/envs/python38/lib/python3.8/site-packages/airflow/example_dags/example_latest_only.py
[2023-11-09T21:08:21.626-0500] {logging_mixin.py:154} INFO - [2023-11-09T21:08:21.625-0500] {dag.py:2941} INFO - Sync 1 DAGs
[2023-11-09T21:08:21.635-0500] {logging_mixin.py:154} INFO - [2023-11-09T21:08:21.635-0500] {dag.py:3722} INFO - Setting next_dagrun for latest_only to 2023-11-09T22:08:21.635128+00:00, run_after=2023-11-10T02:08:21.635128+00:00
[2023-11-09T21:08:21.645-0500] {processor.py:179} INFO - Processing /Users/az/anaconda3/envs/python38/lib/python3.8/site-packages/airflow/example_dags/example_latest_only.py took 0.147 seconds
[2023-11-09T21:10:25.666-0500] {processor.py:157} INFO - Started process (PID=59647) to work on /Users/az/anaconda3/envs/python38/lib/python3.8/site-packages/airflow/example_dags/example_latest_only.py
[2023-11-09T21:10:25.671-0500] {processor.py:829} INFO - Processing file /Users/az/anaconda3/envs/python38/lib/python3.8/site-packages/airflow/example_dags/example_latest_only.py for tasks to queue
[2023-11-09T21:10:25.671-0500] {logging_mixin.py:154} INFO - [2023-11-09T21:10:25.671-0500] {dagbag.py:536} INFO - Filling up the DagBag from /Users/az/anaconda3/envs/python38/lib/python3.8/site-packages/airflow/example_dags/example_latest_only.py
[2023-11-09T21:10:25.688-0500] {processor.py:839} INFO - DAG(s) dict_keys(['latest_only']) retrieved from /Users/az/anaconda3/envs/python38/lib/python3.8/site-packages/airflow/example_dags/example_latest_only.py
[2023-11-09T21:10:25.815-0500] {logging_mixin.py:154} INFO - [2023-11-09T21:10:25.815-0500] {dag.py:2941} INFO - Sync 1 DAGs
[2023-11-09T21:10:25.826-0500] {logging_mixin.py:154} INFO - [2023-11-09T21:10:25.826-0500] {dag.py:3722} INFO - Setting next_dagrun for latest_only to 2023-11-09T22:10:25.826308+00:00, run_after=2023-11-10T02:10:25.826308+00:00
[2023-11-09T21:10:25.840-0500] {processor.py:179} INFO - Processing /Users/az/anaconda3/envs/python38/lib/python3.8/site-packages/airflow/example_dags/example_latest_only.py took 0.175 seconds
[2023-11-09T21:12:25.087-0500] {processor.py:157} INFO - Started process (PID=59792) to work on /Users/az/anaconda3/envs/python38/lib/python3.8/site-packages/airflow/example_dags/example_latest_only.py
[2023-11-09T21:12:25.092-0500] {processor.py:829} INFO - Processing file /Users/az/anaconda3/envs/python38/lib/python3.8/site-packages/airflow/example_dags/example_latest_only.py for tasks to queue
[2023-11-09T21:12:25.092-0500] {logging_mixin.py:154} INFO - [2023-11-09T21:12:25.092-0500] {dagbag.py:536} INFO - Filling up the DagBag from /Users/az/anaconda3/envs/python38/lib/python3.8/site-packages/airflow/example_dags/example_latest_only.py
[2023-11-09T21:12:25.107-0500] {processor.py:839} INFO - DAG(s) dict_keys(['latest_only']) retrieved from /Users/az/anaconda3/envs/python38/lib/python3.8/site-packages/airflow/example_dags/example_latest_only.py
[2023-11-09T21:12:25.217-0500] {logging_mixin.py:154} INFO - [2023-11-09T21:12:25.217-0500] {dag.py:2941} INFO - Sync 1 DAGs
[2023-11-09T21:12:25.227-0500] {logging_mixin.py:154} INFO - [2023-11-09T21:12:25.227-0500] {dag.py:3722} INFO - Setting next_dagrun for latest_only to 2023-11-09T22:12:25.227645+00:00, run_after=2023-11-10T02:12:25.227645+00:00
[2023-11-09T21:12:25.246-0500] {processor.py:179} INFO - Processing /Users/az/anaconda3/envs/python38/lib/python3.8/site-packages/airflow/example_dags/example_latest_only.py took 0.159 seconds
[2023-11-09T21:14:24.472-0500] {processor.py:157} INFO - Started process (PID=59943) to work on /Users/az/anaconda3/envs/python38/lib/python3.8/site-packages/airflow/example_dags/example_latest_only.py
[2023-11-09T21:14:24.476-0500] {processor.py:829} INFO - Processing file /Users/az/anaconda3/envs/python38/lib/python3.8/site-packages/airflow/example_dags/example_latest_only.py for tasks to queue
[2023-11-09T21:14:24.476-0500] {logging_mixin.py:154} INFO - [2023-11-09T21:14:24.476-0500] {dagbag.py:536} INFO - Filling up the DagBag from /Users/az/anaconda3/envs/python38/lib/python3.8/site-packages/airflow/example_dags/example_latest_only.py
[2023-11-09T21:14:24.492-0500] {processor.py:839} INFO - DAG(s) dict_keys(['latest_only']) retrieved from /Users/az/anaconda3/envs/python38/lib/python3.8/site-packages/airflow/example_dags/example_latest_only.py
[2023-11-09T21:14:24.601-0500] {logging_mixin.py:154} INFO - [2023-11-09T21:14:24.601-0500] {dag.py:2941} INFO - Sync 1 DAGs
[2023-11-09T21:14:24.610-0500] {logging_mixin.py:154} INFO - [2023-11-09T21:14:24.610-0500] {dag.py:3722} INFO - Setting next_dagrun for latest_only to 2023-11-09T22:14:24.610328+00:00, run_after=2023-11-10T02:14:24.610328+00:00
[2023-11-09T21:14:24.621-0500] {processor.py:179} INFO - Processing /Users/az/anaconda3/envs/python38/lib/python3.8/site-packages/airflow/example_dags/example_latest_only.py took 0.149 seconds
