[2023-11-09T19:00:01.262-0500] {processor.py:157} INFO - Started process (PID=48755) to work on /Users/az/anaconda3/envs/python38/lib/python3.8/site-packages/airflow/example_dags/example_kubernetes_executor.py
[2023-11-09T19:00:01.266-0500] {processor.py:829} INFO - Processing file /Users/az/anaconda3/envs/python38/lib/python3.8/site-packages/airflow/example_dags/example_kubernetes_executor.py for tasks to queue
[2023-11-09T19:00:01.266-0500] {logging_mixin.py:154} INFO - [2023-11-09T19:00:01.266-0500] {dagbag.py:536} INFO - Filling up the DagBag from /Users/az/anaconda3/envs/python38/lib/python3.8/site-packages/airflow/example_dags/example_kubernetes_executor.py
[2023-11-09T19:00:01.296-0500] {logging_mixin.py:154} INFO - [2023-11-09T19:00:01.296-0500] {example_kubernetes_executor.py:38} WARNING - The example_kubernetes_executor example DAG requires the kubernetes provider. Please install it with: pip install apache-airflow[cncf.kubernetes]
[2023-11-09T19:00:01.296-0500] {processor.py:841} WARNING - No viable dags retrieved from /Users/az/anaconda3/envs/python38/lib/python3.8/site-packages/airflow/example_dags/example_kubernetes_executor.py
[2023-11-09T19:00:01.359-0500] {processor.py:179} INFO - Processing /Users/az/anaconda3/envs/python38/lib/python3.8/site-packages/airflow/example_dags/example_kubernetes_executor.py took 0.097 seconds
[2023-11-09T19:02:07.013-0500] {processor.py:157} INFO - Started process (PID=48918) to work on /Users/az/anaconda3/envs/python38/lib/python3.8/site-packages/airflow/example_dags/example_kubernetes_executor.py
[2023-11-09T19:02:07.017-0500] {processor.py:829} INFO - Processing file /Users/az/anaconda3/envs/python38/lib/python3.8/site-packages/airflow/example_dags/example_kubernetes_executor.py for tasks to queue
[2023-11-09T19:02:07.018-0500] {logging_mixin.py:154} INFO - [2023-11-09T19:02:07.018-0500] {dagbag.py:536} INFO - Filling up the DagBag from /Users/az/anaconda3/envs/python38/lib/python3.8/site-packages/airflow/example_dags/example_kubernetes_executor.py
[2023-11-09T19:02:07.046-0500] {logging_mixin.py:154} INFO - [2023-11-09T19:02:07.046-0500] {example_kubernetes_executor.py:38} WARNING - The example_kubernetes_executor example DAG requires the kubernetes provider. Please install it with: pip install apache-airflow[cncf.kubernetes]
[2023-11-09T19:02:07.046-0500] {processor.py:841} WARNING - No viable dags retrieved from /Users/az/anaconda3/envs/python38/lib/python3.8/site-packages/airflow/example_dags/example_kubernetes_executor.py
[2023-11-09T19:02:07.109-0500] {processor.py:179} INFO - Processing /Users/az/anaconda3/envs/python38/lib/python3.8/site-packages/airflow/example_dags/example_kubernetes_executor.py took 0.097 seconds
[2023-11-09T19:04:13.417-0500] {processor.py:157} INFO - Started process (PID=49077) to work on /Users/az/anaconda3/envs/python38/lib/python3.8/site-packages/airflow/example_dags/example_kubernetes_executor.py
[2023-11-09T19:04:13.422-0500] {processor.py:829} INFO - Processing file /Users/az/anaconda3/envs/python38/lib/python3.8/site-packages/airflow/example_dags/example_kubernetes_executor.py for tasks to queue
[2023-11-09T19:04:13.422-0500] {logging_mixin.py:154} INFO - [2023-11-09T19:04:13.422-0500] {dagbag.py:536} INFO - Filling up the DagBag from /Users/az/anaconda3/envs/python38/lib/python3.8/site-packages/airflow/example_dags/example_kubernetes_executor.py
[2023-11-09T19:04:13.451-0500] {logging_mixin.py:154} INFO - [2023-11-09T19:04:13.451-0500] {example_kubernetes_executor.py:38} WARNING - The example_kubernetes_executor example DAG requires the kubernetes provider. Please install it with: pip install apache-airflow[cncf.kubernetes]
[2023-11-09T19:04:13.451-0500] {processor.py:841} WARNING - No viable dags retrieved from /Users/az/anaconda3/envs/python38/lib/python3.8/site-packages/airflow/example_dags/example_kubernetes_executor.py
[2023-11-09T19:04:13.514-0500] {processor.py:179} INFO - Processing /Users/az/anaconda3/envs/python38/lib/python3.8/site-packages/airflow/example_dags/example_kubernetes_executor.py took 0.097 seconds
[2023-11-09T19:06:11.159-0500] {processor.py:157} INFO - Started process (PID=49228) to work on /Users/az/anaconda3/envs/python38/lib/python3.8/site-packages/airflow/example_dags/example_kubernetes_executor.py
[2023-11-09T19:06:11.175-0500] {processor.py:829} INFO - Processing file /Users/az/anaconda3/envs/python38/lib/python3.8/site-packages/airflow/example_dags/example_kubernetes_executor.py for tasks to queue
[2023-11-09T19:06:11.176-0500] {logging_mixin.py:154} INFO - [2023-11-09T19:06:11.175-0500] {dagbag.py:536} INFO - Filling up the DagBag from /Users/az/anaconda3/envs/python38/lib/python3.8/site-packages/airflow/example_dags/example_kubernetes_executor.py
[2023-11-09T19:06:11.206-0500] {logging_mixin.py:154} INFO - [2023-11-09T19:06:11.206-0500] {example_kubernetes_executor.py:38} WARNING - The example_kubernetes_executor example DAG requires the kubernetes provider. Please install it with: pip install apache-airflow[cncf.kubernetes]
[2023-11-09T19:06:11.206-0500] {processor.py:841} WARNING - No viable dags retrieved from /Users/az/anaconda3/envs/python38/lib/python3.8/site-packages/airflow/example_dags/example_kubernetes_executor.py
[2023-11-09T19:06:11.269-0500] {processor.py:179} INFO - Processing /Users/az/anaconda3/envs/python38/lib/python3.8/site-packages/airflow/example_dags/example_kubernetes_executor.py took 0.111 seconds
[2023-11-09T19:08:13.661-0500] {processor.py:157} INFO - Started process (PID=49376) to work on /Users/az/anaconda3/envs/python38/lib/python3.8/site-packages/airflow/example_dags/example_kubernetes_executor.py
[2023-11-09T19:08:13.666-0500] {processor.py:829} INFO - Processing file /Users/az/anaconda3/envs/python38/lib/python3.8/site-packages/airflow/example_dags/example_kubernetes_executor.py for tasks to queue
[2023-11-09T19:08:13.666-0500] {logging_mixin.py:154} INFO - [2023-11-09T19:08:13.666-0500] {dagbag.py:536} INFO - Filling up the DagBag from /Users/az/anaconda3/envs/python38/lib/python3.8/site-packages/airflow/example_dags/example_kubernetes_executor.py
[2023-11-09T19:08:13.695-0500] {logging_mixin.py:154} INFO - [2023-11-09T19:08:13.695-0500] {example_kubernetes_executor.py:38} WARNING - The example_kubernetes_executor example DAG requires the kubernetes provider. Please install it with: pip install apache-airflow[cncf.kubernetes]
[2023-11-09T19:08:13.695-0500] {processor.py:841} WARNING - No viable dags retrieved from /Users/az/anaconda3/envs/python38/lib/python3.8/site-packages/airflow/example_dags/example_kubernetes_executor.py
[2023-11-09T19:08:13.759-0500] {processor.py:179} INFO - Processing /Users/az/anaconda3/envs/python38/lib/python3.8/site-packages/airflow/example_dags/example_kubernetes_executor.py took 0.099 seconds
[2023-11-09T19:10:15.687-0500] {processor.py:157} INFO - Started process (PID=49521) to work on /Users/az/anaconda3/envs/python38/lib/python3.8/site-packages/airflow/example_dags/example_kubernetes_executor.py
[2023-11-09T19:10:15.693-0500] {processor.py:829} INFO - Processing file /Users/az/anaconda3/envs/python38/lib/python3.8/site-packages/airflow/example_dags/example_kubernetes_executor.py for tasks to queue
[2023-11-09T19:10:15.693-0500] {logging_mixin.py:154} INFO - [2023-11-09T19:10:15.693-0500] {dagbag.py:536} INFO - Filling up the DagBag from /Users/az/anaconda3/envs/python38/lib/python3.8/site-packages/airflow/example_dags/example_kubernetes_executor.py
[2023-11-09T19:10:15.724-0500] {logging_mixin.py:154} INFO - [2023-11-09T19:10:15.723-0500] {example_kubernetes_executor.py:38} WARNING - The example_kubernetes_executor example DAG requires the kubernetes provider. Please install it with: pip install apache-airflow[cncf.kubernetes]
[2023-11-09T19:10:15.724-0500] {processor.py:841} WARNING - No viable dags retrieved from /Users/az/anaconda3/envs/python38/lib/python3.8/site-packages/airflow/example_dags/example_kubernetes_executor.py
[2023-11-09T19:10:15.786-0500] {processor.py:179} INFO - Processing /Users/az/anaconda3/envs/python38/lib/python3.8/site-packages/airflow/example_dags/example_kubernetes_executor.py took 0.099 seconds
[2023-11-09T19:12:16.873-0500] {processor.py:157} INFO - Started process (PID=49678) to work on /Users/az/anaconda3/envs/python38/lib/python3.8/site-packages/airflow/example_dags/example_kubernetes_executor.py
[2023-11-09T19:12:16.878-0500] {processor.py:829} INFO - Processing file /Users/az/anaconda3/envs/python38/lib/python3.8/site-packages/airflow/example_dags/example_kubernetes_executor.py for tasks to queue
[2023-11-09T19:12:16.878-0500] {logging_mixin.py:154} INFO - [2023-11-09T19:12:16.878-0500] {dagbag.py:536} INFO - Filling up the DagBag from /Users/az/anaconda3/envs/python38/lib/python3.8/site-packages/airflow/example_dags/example_kubernetes_executor.py
[2023-11-09T19:12:16.907-0500] {logging_mixin.py:154} INFO - [2023-11-09T19:12:16.907-0500] {example_kubernetes_executor.py:38} WARNING - The example_kubernetes_executor example DAG requires the kubernetes provider. Please install it with: pip install apache-airflow[cncf.kubernetes]
[2023-11-09T19:12:16.907-0500] {processor.py:841} WARNING - No viable dags retrieved from /Users/az/anaconda3/envs/python38/lib/python3.8/site-packages/airflow/example_dags/example_kubernetes_executor.py
[2023-11-09T19:12:16.971-0500] {processor.py:179} INFO - Processing /Users/az/anaconda3/envs/python38/lib/python3.8/site-packages/airflow/example_dags/example_kubernetes_executor.py took 0.098 seconds
[2023-11-09T19:14:13.411-0500] {processor.py:157} INFO - Started process (PID=49830) to work on /Users/az/anaconda3/envs/python38/lib/python3.8/site-packages/airflow/example_dags/example_kubernetes_executor.py
[2023-11-09T19:14:13.416-0500] {processor.py:829} INFO - Processing file /Users/az/anaconda3/envs/python38/lib/python3.8/site-packages/airflow/example_dags/example_kubernetes_executor.py for tasks to queue
[2023-11-09T19:14:13.416-0500] {logging_mixin.py:154} INFO - [2023-11-09T19:14:13.416-0500] {dagbag.py:536} INFO - Filling up the DagBag from /Users/az/anaconda3/envs/python38/lib/python3.8/site-packages/airflow/example_dags/example_kubernetes_executor.py
[2023-11-09T19:14:13.445-0500] {logging_mixin.py:154} INFO - [2023-11-09T19:14:13.445-0500] {example_kubernetes_executor.py:38} WARNING - The example_kubernetes_executor example DAG requires the kubernetes provider. Please install it with: pip install apache-airflow[cncf.kubernetes]
[2023-11-09T19:14:13.446-0500] {processor.py:841} WARNING - No viable dags retrieved from /Users/az/anaconda3/envs/python38/lib/python3.8/site-packages/airflow/example_dags/example_kubernetes_executor.py
[2023-11-09T19:14:13.508-0500] {processor.py:179} INFO - Processing /Users/az/anaconda3/envs/python38/lib/python3.8/site-packages/airflow/example_dags/example_kubernetes_executor.py took 0.098 seconds
[2023-11-09T19:16:09.728-0500] {processor.py:157} INFO - Started process (PID=49974) to work on /Users/az/anaconda3/envs/python38/lib/python3.8/site-packages/airflow/example_dags/example_kubernetes_executor.py
[2023-11-09T19:16:09.732-0500] {processor.py:829} INFO - Processing file /Users/az/anaconda3/envs/python38/lib/python3.8/site-packages/airflow/example_dags/example_kubernetes_executor.py for tasks to queue
[2023-11-09T19:16:09.732-0500] {logging_mixin.py:154} INFO - [2023-11-09T19:16:09.732-0500] {dagbag.py:536} INFO - Filling up the DagBag from /Users/az/anaconda3/envs/python38/lib/python3.8/site-packages/airflow/example_dags/example_kubernetes_executor.py
[2023-11-09T19:16:09.763-0500] {logging_mixin.py:154} INFO - [2023-11-09T19:16:09.763-0500] {example_kubernetes_executor.py:38} WARNING - The example_kubernetes_executor example DAG requires the kubernetes provider. Please install it with: pip install apache-airflow[cncf.kubernetes]
[2023-11-09T19:16:09.764-0500] {processor.py:841} WARNING - No viable dags retrieved from /Users/az/anaconda3/envs/python38/lib/python3.8/site-packages/airflow/example_dags/example_kubernetes_executor.py
[2023-11-09T19:16:09.827-0500] {processor.py:179} INFO - Processing /Users/az/anaconda3/envs/python38/lib/python3.8/site-packages/airflow/example_dags/example_kubernetes_executor.py took 0.100 seconds
[2023-11-09T19:18:22.033-0500] {processor.py:157} INFO - Started process (PID=50136) to work on /Users/az/anaconda3/envs/python38/lib/python3.8/site-packages/airflow/example_dags/example_kubernetes_executor.py
[2023-11-09T19:18:22.037-0500] {processor.py:829} INFO - Processing file /Users/az/anaconda3/envs/python38/lib/python3.8/site-packages/airflow/example_dags/example_kubernetes_executor.py for tasks to queue
[2023-11-09T19:18:22.037-0500] {logging_mixin.py:154} INFO - [2023-11-09T19:18:22.037-0500] {dagbag.py:536} INFO - Filling up the DagBag from /Users/az/anaconda3/envs/python38/lib/python3.8/site-packages/airflow/example_dags/example_kubernetes_executor.py
[2023-11-09T19:18:22.066-0500] {logging_mixin.py:154} INFO - [2023-11-09T19:18:22.066-0500] {example_kubernetes_executor.py:38} WARNING - The example_kubernetes_executor example DAG requires the kubernetes provider. Please install it with: pip install apache-airflow[cncf.kubernetes]
[2023-11-09T19:18:22.066-0500] {processor.py:841} WARNING - No viable dags retrieved from /Users/az/anaconda3/envs/python38/lib/python3.8/site-packages/airflow/example_dags/example_kubernetes_executor.py
[2023-11-09T19:18:22.129-0500] {processor.py:179} INFO - Processing /Users/az/anaconda3/envs/python38/lib/python3.8/site-packages/airflow/example_dags/example_kubernetes_executor.py took 0.097 seconds
[2023-11-09T19:20:26.079-0500] {processor.py:157} INFO - Started process (PID=50289) to work on /Users/az/anaconda3/envs/python38/lib/python3.8/site-packages/airflow/example_dags/example_kubernetes_executor.py
[2023-11-09T19:20:26.084-0500] {processor.py:829} INFO - Processing file /Users/az/anaconda3/envs/python38/lib/python3.8/site-packages/airflow/example_dags/example_kubernetes_executor.py for tasks to queue
[2023-11-09T19:20:26.084-0500] {logging_mixin.py:154} INFO - [2023-11-09T19:20:26.084-0500] {dagbag.py:536} INFO - Filling up the DagBag from /Users/az/anaconda3/envs/python38/lib/python3.8/site-packages/airflow/example_dags/example_kubernetes_executor.py
[2023-11-09T19:20:26.113-0500] {logging_mixin.py:154} INFO - [2023-11-09T19:20:26.113-0500] {example_kubernetes_executor.py:38} WARNING - The example_kubernetes_executor example DAG requires the kubernetes provider. Please install it with: pip install apache-airflow[cncf.kubernetes]
[2023-11-09T19:20:26.113-0500] {processor.py:841} WARNING - No viable dags retrieved from /Users/az/anaconda3/envs/python38/lib/python3.8/site-packages/airflow/example_dags/example_kubernetes_executor.py
[2023-11-09T19:20:26.176-0500] {processor.py:179} INFO - Processing /Users/az/anaconda3/envs/python38/lib/python3.8/site-packages/airflow/example_dags/example_kubernetes_executor.py took 0.097 seconds
[2023-11-09T19:22:28.769-0500] {processor.py:157} INFO - Started process (PID=50434) to work on /Users/az/anaconda3/envs/python38/lib/python3.8/site-packages/airflow/example_dags/example_kubernetes_executor.py
[2023-11-09T19:22:28.774-0500] {processor.py:829} INFO - Processing file /Users/az/anaconda3/envs/python38/lib/python3.8/site-packages/airflow/example_dags/example_kubernetes_executor.py for tasks to queue
[2023-11-09T19:22:28.774-0500] {logging_mixin.py:154} INFO - [2023-11-09T19:22:28.774-0500] {dagbag.py:536} INFO - Filling up the DagBag from /Users/az/anaconda3/envs/python38/lib/python3.8/site-packages/airflow/example_dags/example_kubernetes_executor.py
[2023-11-09T19:22:28.804-0500] {logging_mixin.py:154} INFO - [2023-11-09T19:22:28.804-0500] {example_kubernetes_executor.py:38} WARNING - The example_kubernetes_executor example DAG requires the kubernetes provider. Please install it with: pip install apache-airflow[cncf.kubernetes]
[2023-11-09T19:22:28.804-0500] {processor.py:841} WARNING - No viable dags retrieved from /Users/az/anaconda3/envs/python38/lib/python3.8/site-packages/airflow/example_dags/example_kubernetes_executor.py
[2023-11-09T19:22:28.866-0500] {processor.py:179} INFO - Processing /Users/az/anaconda3/envs/python38/lib/python3.8/site-packages/airflow/example_dags/example_kubernetes_executor.py took 0.098 seconds
[2023-11-09T19:24:44.498-0500] {processor.py:157} INFO - Started process (PID=50617) to work on /Users/az/anaconda3/envs/python38/lib/python3.8/site-packages/airflow/example_dags/example_kubernetes_executor.py
[2023-11-09T19:24:44.502-0500] {processor.py:829} INFO - Processing file /Users/az/anaconda3/envs/python38/lib/python3.8/site-packages/airflow/example_dags/example_kubernetes_executor.py for tasks to queue
[2023-11-09T19:24:44.502-0500] {logging_mixin.py:154} INFO - [2023-11-09T19:24:44.502-0500] {dagbag.py:536} INFO - Filling up the DagBag from /Users/az/anaconda3/envs/python38/lib/python3.8/site-packages/airflow/example_dags/example_kubernetes_executor.py
[2023-11-09T19:24:44.535-0500] {logging_mixin.py:154} INFO - [2023-11-09T19:24:44.535-0500] {example_kubernetes_executor.py:38} WARNING - The example_kubernetes_executor example DAG requires the kubernetes provider. Please install it with: pip install apache-airflow[cncf.kubernetes]
[2023-11-09T19:24:44.535-0500] {processor.py:841} WARNING - No viable dags retrieved from /Users/az/anaconda3/envs/python38/lib/python3.8/site-packages/airflow/example_dags/example_kubernetes_executor.py
[2023-11-09T19:24:44.597-0500] {processor.py:179} INFO - Processing /Users/az/anaconda3/envs/python38/lib/python3.8/site-packages/airflow/example_dags/example_kubernetes_executor.py took 0.100 seconds
[2023-11-09T19:26:47.127-0500] {processor.py:157} INFO - Started process (PID=50777) to work on /Users/az/anaconda3/envs/python38/lib/python3.8/site-packages/airflow/example_dags/example_kubernetes_executor.py
[2023-11-09T19:26:47.131-0500] {processor.py:829} INFO - Processing file /Users/az/anaconda3/envs/python38/lib/python3.8/site-packages/airflow/example_dags/example_kubernetes_executor.py for tasks to queue
[2023-11-09T19:26:47.131-0500] {logging_mixin.py:154} INFO - [2023-11-09T19:26:47.131-0500] {dagbag.py:536} INFO - Filling up the DagBag from /Users/az/anaconda3/envs/python38/lib/python3.8/site-packages/airflow/example_dags/example_kubernetes_executor.py
[2023-11-09T19:26:47.163-0500] {logging_mixin.py:154} INFO - [2023-11-09T19:26:47.163-0500] {example_kubernetes_executor.py:38} WARNING - The example_kubernetes_executor example DAG requires the kubernetes provider. Please install it with: pip install apache-airflow[cncf.kubernetes]
[2023-11-09T19:26:47.163-0500] {processor.py:841} WARNING - No viable dags retrieved from /Users/az/anaconda3/envs/python38/lib/python3.8/site-packages/airflow/example_dags/example_kubernetes_executor.py
[2023-11-09T19:26:47.226-0500] {processor.py:179} INFO - Processing /Users/az/anaconda3/envs/python38/lib/python3.8/site-packages/airflow/example_dags/example_kubernetes_executor.py took 0.100 seconds
[2023-11-09T19:28:20.260-0500] {processor.py:157} INFO - Started process (PID=50893) to work on /Users/az/anaconda3/envs/python38/lib/python3.8/site-packages/airflow/example_dags/example_kubernetes_executor.py
[2023-11-09T19:28:20.264-0500] {processor.py:829} INFO - Processing file /Users/az/anaconda3/envs/python38/lib/python3.8/site-packages/airflow/example_dags/example_kubernetes_executor.py for tasks to queue
[2023-11-09T19:28:20.264-0500] {logging_mixin.py:154} INFO - [2023-11-09T19:28:20.264-0500] {dagbag.py:536} INFO - Filling up the DagBag from /Users/az/anaconda3/envs/python38/lib/python3.8/site-packages/airflow/example_dags/example_kubernetes_executor.py
[2023-11-09T19:28:20.293-0500] {logging_mixin.py:154} INFO - [2023-11-09T19:28:20.292-0500] {example_kubernetes_executor.py:38} WARNING - The example_kubernetes_executor example DAG requires the kubernetes provider. Please install it with: pip install apache-airflow[cncf.kubernetes]
[2023-11-09T19:28:20.293-0500] {processor.py:841} WARNING - No viable dags retrieved from /Users/az/anaconda3/envs/python38/lib/python3.8/site-packages/airflow/example_dags/example_kubernetes_executor.py
[2023-11-09T19:28:20.356-0500] {processor.py:179} INFO - Processing /Users/az/anaconda3/envs/python38/lib/python3.8/site-packages/airflow/example_dags/example_kubernetes_executor.py took 0.096 seconds
[2023-11-09T19:30:25.291-0500] {processor.py:157} INFO - Started process (PID=51044) to work on /Users/az/anaconda3/envs/python38/lib/python3.8/site-packages/airflow/example_dags/example_kubernetes_executor.py
[2023-11-09T19:30:25.296-0500] {processor.py:829} INFO - Processing file /Users/az/anaconda3/envs/python38/lib/python3.8/site-packages/airflow/example_dags/example_kubernetes_executor.py for tasks to queue
[2023-11-09T19:30:25.296-0500] {logging_mixin.py:154} INFO - [2023-11-09T19:30:25.296-0500] {dagbag.py:536} INFO - Filling up the DagBag from /Users/az/anaconda3/envs/python38/lib/python3.8/site-packages/airflow/example_dags/example_kubernetes_executor.py
[2023-11-09T19:30:25.325-0500] {logging_mixin.py:154} INFO - [2023-11-09T19:30:25.325-0500] {example_kubernetes_executor.py:38} WARNING - The example_kubernetes_executor example DAG requires the kubernetes provider. Please install it with: pip install apache-airflow[cncf.kubernetes]
[2023-11-09T19:30:25.325-0500] {processor.py:841} WARNING - No viable dags retrieved from /Users/az/anaconda3/envs/python38/lib/python3.8/site-packages/airflow/example_dags/example_kubernetes_executor.py
[2023-11-09T19:30:25.388-0500] {processor.py:179} INFO - Processing /Users/az/anaconda3/envs/python38/lib/python3.8/site-packages/airflow/example_dags/example_kubernetes_executor.py took 0.097 seconds
[2023-11-09T19:32:31.039-0500] {processor.py:157} INFO - Started process (PID=51198) to work on /Users/az/anaconda3/envs/python38/lib/python3.8/site-packages/airflow/example_dags/example_kubernetes_executor.py
[2023-11-09T19:32:31.044-0500] {processor.py:829} INFO - Processing file /Users/az/anaconda3/envs/python38/lib/python3.8/site-packages/airflow/example_dags/example_kubernetes_executor.py for tasks to queue
[2023-11-09T19:32:31.044-0500] {logging_mixin.py:154} INFO - [2023-11-09T19:32:31.044-0500] {dagbag.py:536} INFO - Filling up the DagBag from /Users/az/anaconda3/envs/python38/lib/python3.8/site-packages/airflow/example_dags/example_kubernetes_executor.py
[2023-11-09T19:32:31.073-0500] {logging_mixin.py:154} INFO - [2023-11-09T19:32:31.073-0500] {example_kubernetes_executor.py:38} WARNING - The example_kubernetes_executor example DAG requires the kubernetes provider. Please install it with: pip install apache-airflow[cncf.kubernetes]
[2023-11-09T19:32:31.073-0500] {processor.py:841} WARNING - No viable dags retrieved from /Users/az/anaconda3/envs/python38/lib/python3.8/site-packages/airflow/example_dags/example_kubernetes_executor.py
[2023-11-09T19:32:31.136-0500] {processor.py:179} INFO - Processing /Users/az/anaconda3/envs/python38/lib/python3.8/site-packages/airflow/example_dags/example_kubernetes_executor.py took 0.097 seconds
[2023-11-09T19:34:59.722-0500] {processor.py:157} INFO - Started process (PID=53217) to work on /Users/az/anaconda3/envs/python38/lib/python3.8/site-packages/airflow/example_dags/example_kubernetes_executor.py
[2023-11-09T19:34:59.726-0500] {processor.py:829} INFO - Processing file /Users/az/anaconda3/envs/python38/lib/python3.8/site-packages/airflow/example_dags/example_kubernetes_executor.py for tasks to queue
[2023-11-09T19:34:59.726-0500] {logging_mixin.py:154} INFO - [2023-11-09T19:34:59.726-0500] {dagbag.py:536} INFO - Filling up the DagBag from /Users/az/anaconda3/envs/python38/lib/python3.8/site-packages/airflow/example_dags/example_kubernetes_executor.py
[2023-11-09T19:34:59.755-0500] {logging_mixin.py:154} INFO - [2023-11-09T19:34:59.755-0500] {example_kubernetes_executor.py:38} WARNING - The example_kubernetes_executor example DAG requires the kubernetes provider. Please install it with: pip install apache-airflow[cncf.kubernetes]
[2023-11-09T19:34:59.755-0500] {processor.py:841} WARNING - No viable dags retrieved from /Users/az/anaconda3/envs/python38/lib/python3.8/site-packages/airflow/example_dags/example_kubernetes_executor.py
[2023-11-09T19:34:59.817-0500] {processor.py:179} INFO - Processing /Users/az/anaconda3/envs/python38/lib/python3.8/site-packages/airflow/example_dags/example_kubernetes_executor.py took 0.096 seconds
[2023-11-09T19:36:56.527-0500] {processor.py:157} INFO - Started process (PID=53369) to work on /Users/az/anaconda3/envs/python38/lib/python3.8/site-packages/airflow/example_dags/example_kubernetes_executor.py
[2023-11-09T19:36:56.531-0500] {processor.py:829} INFO - Processing file /Users/az/anaconda3/envs/python38/lib/python3.8/site-packages/airflow/example_dags/example_kubernetes_executor.py for tasks to queue
[2023-11-09T19:36:56.531-0500] {logging_mixin.py:154} INFO - [2023-11-09T19:36:56.531-0500] {dagbag.py:536} INFO - Filling up the DagBag from /Users/az/anaconda3/envs/python38/lib/python3.8/site-packages/airflow/example_dags/example_kubernetes_executor.py
[2023-11-09T19:36:56.560-0500] {logging_mixin.py:154} INFO - [2023-11-09T19:36:56.560-0500] {example_kubernetes_executor.py:38} WARNING - The example_kubernetes_executor example DAG requires the kubernetes provider. Please install it with: pip install apache-airflow[cncf.kubernetes]
[2023-11-09T19:36:56.560-0500] {processor.py:841} WARNING - No viable dags retrieved from /Users/az/anaconda3/envs/python38/lib/python3.8/site-packages/airflow/example_dags/example_kubernetes_executor.py
[2023-11-09T19:36:56.623-0500] {processor.py:179} INFO - Processing /Users/az/anaconda3/envs/python38/lib/python3.8/site-packages/airflow/example_dags/example_kubernetes_executor.py took 0.096 seconds
[2023-11-09T19:38:56.329-0500] {processor.py:157} INFO - Started process (PID=53520) to work on /Users/az/anaconda3/envs/python38/lib/python3.8/site-packages/airflow/example_dags/example_kubernetes_executor.py
[2023-11-09T19:38:56.333-0500] {processor.py:829} INFO - Processing file /Users/az/anaconda3/envs/python38/lib/python3.8/site-packages/airflow/example_dags/example_kubernetes_executor.py for tasks to queue
[2023-11-09T19:38:56.334-0500] {logging_mixin.py:154} INFO - [2023-11-09T19:38:56.334-0500] {dagbag.py:536} INFO - Filling up the DagBag from /Users/az/anaconda3/envs/python38/lib/python3.8/site-packages/airflow/example_dags/example_kubernetes_executor.py
[2023-11-09T19:38:56.362-0500] {logging_mixin.py:154} INFO - [2023-11-09T19:38:56.362-0500] {example_kubernetes_executor.py:38} WARNING - The example_kubernetes_executor example DAG requires the kubernetes provider. Please install it with: pip install apache-airflow[cncf.kubernetes]
[2023-11-09T19:38:56.362-0500] {processor.py:841} WARNING - No viable dags retrieved from /Users/az/anaconda3/envs/python38/lib/python3.8/site-packages/airflow/example_dags/example_kubernetes_executor.py
[2023-11-09T19:38:56.425-0500] {processor.py:179} INFO - Processing /Users/az/anaconda3/envs/python38/lib/python3.8/site-packages/airflow/example_dags/example_kubernetes_executor.py took 0.097 seconds
[2023-11-09T19:40:53.146-0500] {processor.py:157} INFO - Started process (PID=53671) to work on /Users/az/anaconda3/envs/python38/lib/python3.8/site-packages/airflow/example_dags/example_kubernetes_executor.py
[2023-11-09T19:40:53.151-0500] {processor.py:829} INFO - Processing file /Users/az/anaconda3/envs/python38/lib/python3.8/site-packages/airflow/example_dags/example_kubernetes_executor.py for tasks to queue
[2023-11-09T19:40:53.151-0500] {logging_mixin.py:154} INFO - [2023-11-09T19:40:53.151-0500] {dagbag.py:536} INFO - Filling up the DagBag from /Users/az/anaconda3/envs/python38/lib/python3.8/site-packages/airflow/example_dags/example_kubernetes_executor.py
[2023-11-09T19:40:53.180-0500] {logging_mixin.py:154} INFO - [2023-11-09T19:40:53.180-0500] {example_kubernetes_executor.py:38} WARNING - The example_kubernetes_executor example DAG requires the kubernetes provider. Please install it with: pip install apache-airflow[cncf.kubernetes]
[2023-11-09T19:40:53.180-0500] {processor.py:841} WARNING - No viable dags retrieved from /Users/az/anaconda3/envs/python38/lib/python3.8/site-packages/airflow/example_dags/example_kubernetes_executor.py
[2023-11-09T19:40:53.242-0500] {processor.py:179} INFO - Processing /Users/az/anaconda3/envs/python38/lib/python3.8/site-packages/airflow/example_dags/example_kubernetes_executor.py took 0.096 seconds
[2023-11-09T19:43:10.403-0500] {processor.py:157} INFO - Started process (PID=54142) to work on /Users/az/anaconda3/envs/python38/lib/python3.8/site-packages/airflow/example_dags/example_kubernetes_executor.py
[2023-11-09T19:43:10.407-0500] {processor.py:829} INFO - Processing file /Users/az/anaconda3/envs/python38/lib/python3.8/site-packages/airflow/example_dags/example_kubernetes_executor.py for tasks to queue
[2023-11-09T19:43:10.407-0500] {logging_mixin.py:154} INFO - [2023-11-09T19:43:10.407-0500] {dagbag.py:536} INFO - Filling up the DagBag from /Users/az/anaconda3/envs/python38/lib/python3.8/site-packages/airflow/example_dags/example_kubernetes_executor.py
[2023-11-09T19:43:10.436-0500] {logging_mixin.py:154} INFO - [2023-11-09T19:43:10.436-0500] {example_kubernetes_executor.py:38} WARNING - The example_kubernetes_executor example DAG requires the kubernetes provider. Please install it with: pip install apache-airflow[cncf.kubernetes]
[2023-11-09T19:43:10.436-0500] {processor.py:841} WARNING - No viable dags retrieved from /Users/az/anaconda3/envs/python38/lib/python3.8/site-packages/airflow/example_dags/example_kubernetes_executor.py
[2023-11-09T19:43:10.498-0500] {processor.py:179} INFO - Processing /Users/az/anaconda3/envs/python38/lib/python3.8/site-packages/airflow/example_dags/example_kubernetes_executor.py took 0.096 seconds
[2023-11-09T19:45:07.194-0500] {processor.py:157} INFO - Started process (PID=54293) to work on /Users/az/anaconda3/envs/python38/lib/python3.8/site-packages/airflow/example_dags/example_kubernetes_executor.py
[2023-11-09T19:45:07.198-0500] {processor.py:829} INFO - Processing file /Users/az/anaconda3/envs/python38/lib/python3.8/site-packages/airflow/example_dags/example_kubernetes_executor.py for tasks to queue
[2023-11-09T19:45:07.199-0500] {logging_mixin.py:154} INFO - [2023-11-09T19:45:07.198-0500] {dagbag.py:536} INFO - Filling up the DagBag from /Users/az/anaconda3/envs/python38/lib/python3.8/site-packages/airflow/example_dags/example_kubernetes_executor.py
[2023-11-09T19:45:07.227-0500] {logging_mixin.py:154} INFO - [2023-11-09T19:45:07.227-0500] {example_kubernetes_executor.py:38} WARNING - The example_kubernetes_executor example DAG requires the kubernetes provider. Please install it with: pip install apache-airflow[cncf.kubernetes]
[2023-11-09T19:45:07.227-0500] {processor.py:841} WARNING - No viable dags retrieved from /Users/az/anaconda3/envs/python38/lib/python3.8/site-packages/airflow/example_dags/example_kubernetes_executor.py
[2023-11-09T19:45:07.290-0500] {processor.py:179} INFO - Processing /Users/az/anaconda3/envs/python38/lib/python3.8/site-packages/airflow/example_dags/example_kubernetes_executor.py took 0.096 seconds
[2023-11-09T19:47:03.777-0500] {processor.py:157} INFO - Started process (PID=54438) to work on /Users/az/anaconda3/envs/python38/lib/python3.8/site-packages/airflow/example_dags/example_kubernetes_executor.py
[2023-11-09T19:47:03.782-0500] {processor.py:829} INFO - Processing file /Users/az/anaconda3/envs/python38/lib/python3.8/site-packages/airflow/example_dags/example_kubernetes_executor.py for tasks to queue
[2023-11-09T19:47:03.782-0500] {logging_mixin.py:154} INFO - [2023-11-09T19:47:03.782-0500] {dagbag.py:536} INFO - Filling up the DagBag from /Users/az/anaconda3/envs/python38/lib/python3.8/site-packages/airflow/example_dags/example_kubernetes_executor.py
[2023-11-09T19:47:03.812-0500] {logging_mixin.py:154} INFO - [2023-11-09T19:47:03.812-0500] {example_kubernetes_executor.py:38} WARNING - The example_kubernetes_executor example DAG requires the kubernetes provider. Please install it with: pip install apache-airflow[cncf.kubernetes]
[2023-11-09T19:47:03.812-0500] {processor.py:841} WARNING - No viable dags retrieved from /Users/az/anaconda3/envs/python38/lib/python3.8/site-packages/airflow/example_dags/example_kubernetes_executor.py
[2023-11-09T19:47:03.875-0500] {processor.py:179} INFO - Processing /Users/az/anaconda3/envs/python38/lib/python3.8/site-packages/airflow/example_dags/example_kubernetes_executor.py took 0.099 seconds
[2023-11-09T19:49:03.470-0500] {processor.py:157} INFO - Started process (PID=54586) to work on /Users/az/anaconda3/envs/python38/lib/python3.8/site-packages/airflow/example_dags/example_kubernetes_executor.py
[2023-11-09T19:49:03.474-0500] {processor.py:829} INFO - Processing file /Users/az/anaconda3/envs/python38/lib/python3.8/site-packages/airflow/example_dags/example_kubernetes_executor.py for tasks to queue
[2023-11-09T19:49:03.475-0500] {logging_mixin.py:154} INFO - [2023-11-09T19:49:03.474-0500] {dagbag.py:536} INFO - Filling up the DagBag from /Users/az/anaconda3/envs/python38/lib/python3.8/site-packages/airflow/example_dags/example_kubernetes_executor.py
[2023-11-09T19:49:03.503-0500] {logging_mixin.py:154} INFO - [2023-11-09T19:49:03.503-0500] {example_kubernetes_executor.py:38} WARNING - The example_kubernetes_executor example DAG requires the kubernetes provider. Please install it with: pip install apache-airflow[cncf.kubernetes]
[2023-11-09T19:49:03.503-0500] {processor.py:841} WARNING - No viable dags retrieved from /Users/az/anaconda3/envs/python38/lib/python3.8/site-packages/airflow/example_dags/example_kubernetes_executor.py
[2023-11-09T19:49:03.566-0500] {processor.py:179} INFO - Processing /Users/az/anaconda3/envs/python38/lib/python3.8/site-packages/airflow/example_dags/example_kubernetes_executor.py took 0.097 seconds
[2023-11-09T19:51:00.564-0500] {processor.py:157} INFO - Started process (PID=54735) to work on /Users/az/anaconda3/envs/python38/lib/python3.8/site-packages/airflow/example_dags/example_kubernetes_executor.py
[2023-11-09T19:51:00.569-0500] {processor.py:829} INFO - Processing file /Users/az/anaconda3/envs/python38/lib/python3.8/site-packages/airflow/example_dags/example_kubernetes_executor.py for tasks to queue
[2023-11-09T19:51:00.569-0500] {logging_mixin.py:154} INFO - [2023-11-09T19:51:00.569-0500] {dagbag.py:536} INFO - Filling up the DagBag from /Users/az/anaconda3/envs/python38/lib/python3.8/site-packages/airflow/example_dags/example_kubernetes_executor.py
[2023-11-09T19:51:00.598-0500] {logging_mixin.py:154} INFO - [2023-11-09T19:51:00.598-0500] {example_kubernetes_executor.py:38} WARNING - The example_kubernetes_executor example DAG requires the kubernetes provider. Please install it with: pip install apache-airflow[cncf.kubernetes]
[2023-11-09T19:51:00.598-0500] {processor.py:841} WARNING - No viable dags retrieved from /Users/az/anaconda3/envs/python38/lib/python3.8/site-packages/airflow/example_dags/example_kubernetes_executor.py
[2023-11-09T19:51:00.661-0500] {processor.py:179} INFO - Processing /Users/az/anaconda3/envs/python38/lib/python3.8/site-packages/airflow/example_dags/example_kubernetes_executor.py took 0.097 seconds
[2023-11-09T19:52:59.739-0500] {processor.py:157} INFO - Started process (PID=54889) to work on /Users/az/anaconda3/envs/python38/lib/python3.8/site-packages/airflow/example_dags/example_kubernetes_executor.py
[2023-11-09T19:52:59.743-0500] {processor.py:829} INFO - Processing file /Users/az/anaconda3/envs/python38/lib/python3.8/site-packages/airflow/example_dags/example_kubernetes_executor.py for tasks to queue
[2023-11-09T19:52:59.743-0500] {logging_mixin.py:154} INFO - [2023-11-09T19:52:59.743-0500] {dagbag.py:536} INFO - Filling up the DagBag from /Users/az/anaconda3/envs/python38/lib/python3.8/site-packages/airflow/example_dags/example_kubernetes_executor.py
[2023-11-09T19:52:59.772-0500] {logging_mixin.py:154} INFO - [2023-11-09T19:52:59.772-0500] {example_kubernetes_executor.py:38} WARNING - The example_kubernetes_executor example DAG requires the kubernetes provider. Please install it with: pip install apache-airflow[cncf.kubernetes]
[2023-11-09T19:52:59.772-0500] {processor.py:841} WARNING - No viable dags retrieved from /Users/az/anaconda3/envs/python38/lib/python3.8/site-packages/airflow/example_dags/example_kubernetes_executor.py
[2023-11-09T19:52:59.834-0500] {processor.py:179} INFO - Processing /Users/az/anaconda3/envs/python38/lib/python3.8/site-packages/airflow/example_dags/example_kubernetes_executor.py took 0.096 seconds
[2023-11-09T19:55:00.837-0500] {processor.py:157} INFO - Started process (PID=55040) to work on /Users/az/anaconda3/envs/python38/lib/python3.8/site-packages/airflow/example_dags/example_kubernetes_executor.py
[2023-11-09T19:55:00.842-0500] {processor.py:829} INFO - Processing file /Users/az/anaconda3/envs/python38/lib/python3.8/site-packages/airflow/example_dags/example_kubernetes_executor.py for tasks to queue
[2023-11-09T19:55:00.842-0500] {logging_mixin.py:154} INFO - [2023-11-09T19:55:00.842-0500] {dagbag.py:536} INFO - Filling up the DagBag from /Users/az/anaconda3/envs/python38/lib/python3.8/site-packages/airflow/example_dags/example_kubernetes_executor.py
[2023-11-09T19:55:00.871-0500] {logging_mixin.py:154} INFO - [2023-11-09T19:55:00.871-0500] {example_kubernetes_executor.py:38} WARNING - The example_kubernetes_executor example DAG requires the kubernetes provider. Please install it with: pip install apache-airflow[cncf.kubernetes]
[2023-11-09T19:55:00.871-0500] {processor.py:841} WARNING - No viable dags retrieved from /Users/az/anaconda3/envs/python38/lib/python3.8/site-packages/airflow/example_dags/example_kubernetes_executor.py
[2023-11-09T19:55:00.934-0500] {processor.py:179} INFO - Processing /Users/az/anaconda3/envs/python38/lib/python3.8/site-packages/airflow/example_dags/example_kubernetes_executor.py took 0.097 seconds
[2023-11-09T19:56:57.873-0500] {processor.py:157} INFO - Started process (PID=55193) to work on /Users/az/anaconda3/envs/python38/lib/python3.8/site-packages/airflow/example_dags/example_kubernetes_executor.py
[2023-11-09T19:56:57.877-0500] {processor.py:829} INFO - Processing file /Users/az/anaconda3/envs/python38/lib/python3.8/site-packages/airflow/example_dags/example_kubernetes_executor.py for tasks to queue
[2023-11-09T19:56:57.877-0500] {logging_mixin.py:154} INFO - [2023-11-09T19:56:57.877-0500] {dagbag.py:536} INFO - Filling up the DagBag from /Users/az/anaconda3/envs/python38/lib/python3.8/site-packages/airflow/example_dags/example_kubernetes_executor.py
[2023-11-09T19:56:57.907-0500] {logging_mixin.py:154} INFO - [2023-11-09T19:56:57.907-0500] {example_kubernetes_executor.py:38} WARNING - The example_kubernetes_executor example DAG requires the kubernetes provider. Please install it with: pip install apache-airflow[cncf.kubernetes]
[2023-11-09T19:56:57.908-0500] {processor.py:841} WARNING - No viable dags retrieved from /Users/az/anaconda3/envs/python38/lib/python3.8/site-packages/airflow/example_dags/example_kubernetes_executor.py
[2023-11-09T19:56:57.971-0500] {processor.py:179} INFO - Processing /Users/az/anaconda3/envs/python38/lib/python3.8/site-packages/airflow/example_dags/example_kubernetes_executor.py took 0.099 seconds
[2023-11-09T19:58:58.367-0500] {processor.py:157} INFO - Started process (PID=55350) to work on /Users/az/anaconda3/envs/python38/lib/python3.8/site-packages/airflow/example_dags/example_kubernetes_executor.py
[2023-11-09T19:58:58.372-0500] {processor.py:829} INFO - Processing file /Users/az/anaconda3/envs/python38/lib/python3.8/site-packages/airflow/example_dags/example_kubernetes_executor.py for tasks to queue
[2023-11-09T19:58:58.372-0500] {logging_mixin.py:154} INFO - [2023-11-09T19:58:58.372-0500] {dagbag.py:536} INFO - Filling up the DagBag from /Users/az/anaconda3/envs/python38/lib/python3.8/site-packages/airflow/example_dags/example_kubernetes_executor.py
[2023-11-09T19:58:58.401-0500] {logging_mixin.py:154} INFO - [2023-11-09T19:58:58.401-0500] {example_kubernetes_executor.py:38} WARNING - The example_kubernetes_executor example DAG requires the kubernetes provider. Please install it with: pip install apache-airflow[cncf.kubernetes]
[2023-11-09T19:58:58.401-0500] {processor.py:841} WARNING - No viable dags retrieved from /Users/az/anaconda3/envs/python38/lib/python3.8/site-packages/airflow/example_dags/example_kubernetes_executor.py
[2023-11-09T19:58:58.464-0500] {processor.py:179} INFO - Processing /Users/az/anaconda3/envs/python38/lib/python3.8/site-packages/airflow/example_dags/example_kubernetes_executor.py took 0.097 seconds
[2023-11-09T20:00:59.986-0500] {processor.py:157} INFO - Started process (PID=55504) to work on /Users/az/anaconda3/envs/python38/lib/python3.8/site-packages/airflow/example_dags/example_kubernetes_executor.py
[2023-11-09T20:00:59.991-0500] {processor.py:829} INFO - Processing file /Users/az/anaconda3/envs/python38/lib/python3.8/site-packages/airflow/example_dags/example_kubernetes_executor.py for tasks to queue
[2023-11-09T20:00:59.991-0500] {logging_mixin.py:154} INFO - [2023-11-09T20:00:59.991-0500] {dagbag.py:536} INFO - Filling up the DagBag from /Users/az/anaconda3/envs/python38/lib/python3.8/site-packages/airflow/example_dags/example_kubernetes_executor.py
[2023-11-09T20:01:00.025-0500] {logging_mixin.py:154} INFO - [2023-11-09T20:01:00.024-0500] {example_kubernetes_executor.py:38} WARNING - The example_kubernetes_executor example DAG requires the kubernetes provider. Please install it with: pip install apache-airflow[cncf.kubernetes]
[2023-11-09T20:01:00.025-0500] {processor.py:841} WARNING - No viable dags retrieved from /Users/az/anaconda3/envs/python38/lib/python3.8/site-packages/airflow/example_dags/example_kubernetes_executor.py
[2023-11-09T20:01:00.090-0500] {processor.py:179} INFO - Processing /Users/az/anaconda3/envs/python38/lib/python3.8/site-packages/airflow/example_dags/example_kubernetes_executor.py took 0.105 seconds
[2023-11-09T20:03:01.624-0500] {processor.py:157} INFO - Started process (PID=55673) to work on /Users/az/anaconda3/envs/python38/lib/python3.8/site-packages/airflow/example_dags/example_kubernetes_executor.py
[2023-11-09T20:03:01.628-0500] {processor.py:829} INFO - Processing file /Users/az/anaconda3/envs/python38/lib/python3.8/site-packages/airflow/example_dags/example_kubernetes_executor.py for tasks to queue
[2023-11-09T20:03:01.629-0500] {logging_mixin.py:154} INFO - [2023-11-09T20:03:01.629-0500] {dagbag.py:536} INFO - Filling up the DagBag from /Users/az/anaconda3/envs/python38/lib/python3.8/site-packages/airflow/example_dags/example_kubernetes_executor.py
[2023-11-09T20:03:01.659-0500] {logging_mixin.py:154} INFO - [2023-11-09T20:03:01.659-0500] {example_kubernetes_executor.py:38} WARNING - The example_kubernetes_executor example DAG requires the kubernetes provider. Please install it with: pip install apache-airflow[cncf.kubernetes]
[2023-11-09T20:03:01.660-0500] {processor.py:841} WARNING - No viable dags retrieved from /Users/az/anaconda3/envs/python38/lib/python3.8/site-packages/airflow/example_dags/example_kubernetes_executor.py
[2023-11-09T20:03:01.726-0500] {processor.py:179} INFO - Processing /Users/az/anaconda3/envs/python38/lib/python3.8/site-packages/airflow/example_dags/example_kubernetes_executor.py took 0.103 seconds
[2023-11-09T20:05:01.911-0500] {processor.py:157} INFO - Started process (PID=55825) to work on /Users/az/anaconda3/envs/python38/lib/python3.8/site-packages/airflow/example_dags/example_kubernetes_executor.py
[2023-11-09T20:05:01.916-0500] {processor.py:829} INFO - Processing file /Users/az/anaconda3/envs/python38/lib/python3.8/site-packages/airflow/example_dags/example_kubernetes_executor.py for tasks to queue
[2023-11-09T20:05:01.916-0500] {logging_mixin.py:154} INFO - [2023-11-09T20:05:01.916-0500] {dagbag.py:536} INFO - Filling up the DagBag from /Users/az/anaconda3/envs/python38/lib/python3.8/site-packages/airflow/example_dags/example_kubernetes_executor.py
[2023-11-09T20:05:01.945-0500] {logging_mixin.py:154} INFO - [2023-11-09T20:05:01.945-0500] {example_kubernetes_executor.py:38} WARNING - The example_kubernetes_executor example DAG requires the kubernetes provider. Please install it with: pip install apache-airflow[cncf.kubernetes]
[2023-11-09T20:05:01.945-0500] {processor.py:841} WARNING - No viable dags retrieved from /Users/az/anaconda3/envs/python38/lib/python3.8/site-packages/airflow/example_dags/example_kubernetes_executor.py
[2023-11-09T20:05:02.008-0500] {processor.py:179} INFO - Processing /Users/az/anaconda3/envs/python38/lib/python3.8/site-packages/airflow/example_dags/example_kubernetes_executor.py took 0.098 seconds
[2023-11-09T20:06:59.751-0500] {processor.py:157} INFO - Started process (PID=55990) to work on /Users/az/anaconda3/envs/python38/lib/python3.8/site-packages/airflow/example_dags/example_kubernetes_executor.py
[2023-11-09T20:06:59.756-0500] {processor.py:829} INFO - Processing file /Users/az/anaconda3/envs/python38/lib/python3.8/site-packages/airflow/example_dags/example_kubernetes_executor.py for tasks to queue
[2023-11-09T20:06:59.756-0500] {logging_mixin.py:154} INFO - [2023-11-09T20:06:59.756-0500] {dagbag.py:536} INFO - Filling up the DagBag from /Users/az/anaconda3/envs/python38/lib/python3.8/site-packages/airflow/example_dags/example_kubernetes_executor.py
[2023-11-09T20:06:59.784-0500] {logging_mixin.py:154} INFO - [2023-11-09T20:06:59.784-0500] {example_kubernetes_executor.py:38} WARNING - The example_kubernetes_executor example DAG requires the kubernetes provider. Please install it with: pip install apache-airflow[cncf.kubernetes]
[2023-11-09T20:06:59.785-0500] {processor.py:841} WARNING - No viable dags retrieved from /Users/az/anaconda3/envs/python38/lib/python3.8/site-packages/airflow/example_dags/example_kubernetes_executor.py
[2023-11-09T20:06:59.847-0500] {processor.py:179} INFO - Processing /Users/az/anaconda3/envs/python38/lib/python3.8/site-packages/airflow/example_dags/example_kubernetes_executor.py took 0.097 seconds
[2023-11-09T20:08:57.209-0500] {processor.py:157} INFO - Started process (PID=56141) to work on /Users/az/anaconda3/envs/python38/lib/python3.8/site-packages/airflow/example_dags/example_kubernetes_executor.py
[2023-11-09T20:08:57.214-0500] {processor.py:829} INFO - Processing file /Users/az/anaconda3/envs/python38/lib/python3.8/site-packages/airflow/example_dags/example_kubernetes_executor.py for tasks to queue
[2023-11-09T20:08:57.214-0500] {logging_mixin.py:154} INFO - [2023-11-09T20:08:57.214-0500] {dagbag.py:536} INFO - Filling up the DagBag from /Users/az/anaconda3/envs/python38/lib/python3.8/site-packages/airflow/example_dags/example_kubernetes_executor.py
[2023-11-09T20:08:57.242-0500] {logging_mixin.py:154} INFO - [2023-11-09T20:08:57.242-0500] {example_kubernetes_executor.py:38} WARNING - The example_kubernetes_executor example DAG requires the kubernetes provider. Please install it with: pip install apache-airflow[cncf.kubernetes]
[2023-11-09T20:08:57.242-0500] {processor.py:841} WARNING - No viable dags retrieved from /Users/az/anaconda3/envs/python38/lib/python3.8/site-packages/airflow/example_dags/example_kubernetes_executor.py
[2023-11-09T20:08:57.305-0500] {processor.py:179} INFO - Processing /Users/az/anaconda3/envs/python38/lib/python3.8/site-packages/airflow/example_dags/example_kubernetes_executor.py took 0.097 seconds
[2023-11-09T20:10:54.298-0500] {processor.py:157} INFO - Started process (PID=56306) to work on /Users/az/anaconda3/envs/python38/lib/python3.8/site-packages/airflow/example_dags/example_kubernetes_executor.py
[2023-11-09T20:10:54.302-0500] {processor.py:829} INFO - Processing file /Users/az/anaconda3/envs/python38/lib/python3.8/site-packages/airflow/example_dags/example_kubernetes_executor.py for tasks to queue
[2023-11-09T20:10:54.303-0500] {logging_mixin.py:154} INFO - [2023-11-09T20:10:54.303-0500] {dagbag.py:536} INFO - Filling up the DagBag from /Users/az/anaconda3/envs/python38/lib/python3.8/site-packages/airflow/example_dags/example_kubernetes_executor.py
[2023-11-09T20:10:54.331-0500] {logging_mixin.py:154} INFO - [2023-11-09T20:10:54.331-0500] {example_kubernetes_executor.py:38} WARNING - The example_kubernetes_executor example DAG requires the kubernetes provider. Please install it with: pip install apache-airflow[cncf.kubernetes]
[2023-11-09T20:10:54.331-0500] {processor.py:841} WARNING - No viable dags retrieved from /Users/az/anaconda3/envs/python38/lib/python3.8/site-packages/airflow/example_dags/example_kubernetes_executor.py
[2023-11-09T20:10:54.394-0500] {processor.py:179} INFO - Processing /Users/az/anaconda3/envs/python38/lib/python3.8/site-packages/airflow/example_dags/example_kubernetes_executor.py took 0.097 seconds
[2023-11-09T20:12:52.807-0500] {processor.py:157} INFO - Started process (PID=56472) to work on /Users/az/anaconda3/envs/python38/lib/python3.8/site-packages/airflow/example_dags/example_kubernetes_executor.py
[2023-11-09T20:12:52.811-0500] {processor.py:829} INFO - Processing file /Users/az/anaconda3/envs/python38/lib/python3.8/site-packages/airflow/example_dags/example_kubernetes_executor.py for tasks to queue
[2023-11-09T20:12:52.811-0500] {logging_mixin.py:154} INFO - [2023-11-09T20:12:52.811-0500] {dagbag.py:536} INFO - Filling up the DagBag from /Users/az/anaconda3/envs/python38/lib/python3.8/site-packages/airflow/example_dags/example_kubernetes_executor.py
[2023-11-09T20:12:52.840-0500] {logging_mixin.py:154} INFO - [2023-11-09T20:12:52.840-0500] {example_kubernetes_executor.py:38} WARNING - The example_kubernetes_executor example DAG requires the kubernetes provider. Please install it with: pip install apache-airflow[cncf.kubernetes]
[2023-11-09T20:12:52.840-0500] {processor.py:841} WARNING - No viable dags retrieved from /Users/az/anaconda3/envs/python38/lib/python3.8/site-packages/airflow/example_dags/example_kubernetes_executor.py
[2023-11-09T20:12:52.904-0500] {processor.py:179} INFO - Processing /Users/az/anaconda3/envs/python38/lib/python3.8/site-packages/airflow/example_dags/example_kubernetes_executor.py took 0.097 seconds
[2023-11-09T20:14:52.690-0500] {processor.py:157} INFO - Started process (PID=56645) to work on /Users/az/anaconda3/envs/python38/lib/python3.8/site-packages/airflow/example_dags/example_kubernetes_executor.py
[2023-11-09T20:14:52.695-0500] {processor.py:829} INFO - Processing file /Users/az/anaconda3/envs/python38/lib/python3.8/site-packages/airflow/example_dags/example_kubernetes_executor.py for tasks to queue
[2023-11-09T20:14:52.695-0500] {logging_mixin.py:154} INFO - [2023-11-09T20:14:52.695-0500] {dagbag.py:536} INFO - Filling up the DagBag from /Users/az/anaconda3/envs/python38/lib/python3.8/site-packages/airflow/example_dags/example_kubernetes_executor.py
[2023-11-09T20:14:52.724-0500] {logging_mixin.py:154} INFO - [2023-11-09T20:14:52.724-0500] {example_kubernetes_executor.py:38} WARNING - The example_kubernetes_executor example DAG requires the kubernetes provider. Please install it with: pip install apache-airflow[cncf.kubernetes]
[2023-11-09T20:14:52.725-0500] {processor.py:841} WARNING - No viable dags retrieved from /Users/az/anaconda3/envs/python38/lib/python3.8/site-packages/airflow/example_dags/example_kubernetes_executor.py
[2023-11-09T20:14:52.788-0500] {processor.py:179} INFO - Processing /Users/az/anaconda3/envs/python38/lib/python3.8/site-packages/airflow/example_dags/example_kubernetes_executor.py took 0.098 seconds
[2023-11-09T20:16:51.606-0500] {processor.py:157} INFO - Started process (PID=56791) to work on /Users/az/anaconda3/envs/python38/lib/python3.8/site-packages/airflow/example_dags/example_kubernetes_executor.py
[2023-11-09T20:16:51.611-0500] {processor.py:829} INFO - Processing file /Users/az/anaconda3/envs/python38/lib/python3.8/site-packages/airflow/example_dags/example_kubernetes_executor.py for tasks to queue
[2023-11-09T20:16:51.611-0500] {logging_mixin.py:154} INFO - [2023-11-09T20:16:51.611-0500] {dagbag.py:536} INFO - Filling up the DagBag from /Users/az/anaconda3/envs/python38/lib/python3.8/site-packages/airflow/example_dags/example_kubernetes_executor.py
[2023-11-09T20:16:51.639-0500] {logging_mixin.py:154} INFO - [2023-11-09T20:16:51.639-0500] {example_kubernetes_executor.py:38} WARNING - The example_kubernetes_executor example DAG requires the kubernetes provider. Please install it with: pip install apache-airflow[cncf.kubernetes]
[2023-11-09T20:16:51.639-0500] {processor.py:841} WARNING - No viable dags retrieved from /Users/az/anaconda3/envs/python38/lib/python3.8/site-packages/airflow/example_dags/example_kubernetes_executor.py
[2023-11-09T20:16:51.702-0500] {processor.py:179} INFO - Processing /Users/az/anaconda3/envs/python38/lib/python3.8/site-packages/airflow/example_dags/example_kubernetes_executor.py took 0.097 seconds
[2023-11-09T20:18:49.487-0500] {processor.py:157} INFO - Started process (PID=56939) to work on /Users/az/anaconda3/envs/python38/lib/python3.8/site-packages/airflow/example_dags/example_kubernetes_executor.py
[2023-11-09T20:18:49.491-0500] {processor.py:829} INFO - Processing file /Users/az/anaconda3/envs/python38/lib/python3.8/site-packages/airflow/example_dags/example_kubernetes_executor.py for tasks to queue
[2023-11-09T20:18:49.492-0500] {logging_mixin.py:154} INFO - [2023-11-09T20:18:49.492-0500] {dagbag.py:536} INFO - Filling up the DagBag from /Users/az/anaconda3/envs/python38/lib/python3.8/site-packages/airflow/example_dags/example_kubernetes_executor.py
[2023-11-09T20:18:49.520-0500] {logging_mixin.py:154} INFO - [2023-11-09T20:18:49.520-0500] {example_kubernetes_executor.py:38} WARNING - The example_kubernetes_executor example DAG requires the kubernetes provider. Please install it with: pip install apache-airflow[cncf.kubernetes]
[2023-11-09T20:18:49.521-0500] {processor.py:841} WARNING - No viable dags retrieved from /Users/az/anaconda3/envs/python38/lib/python3.8/site-packages/airflow/example_dags/example_kubernetes_executor.py
[2023-11-09T20:18:49.583-0500] {processor.py:179} INFO - Processing /Users/az/anaconda3/envs/python38/lib/python3.8/site-packages/airflow/example_dags/example_kubernetes_executor.py took 0.097 seconds
[2023-11-09T20:20:49.717-0500] {processor.py:157} INFO - Started process (PID=57088) to work on /Users/az/anaconda3/envs/python38/lib/python3.8/site-packages/airflow/example_dags/example_kubernetes_executor.py
[2023-11-09T20:20:49.722-0500] {processor.py:829} INFO - Processing file /Users/az/anaconda3/envs/python38/lib/python3.8/site-packages/airflow/example_dags/example_kubernetes_executor.py for tasks to queue
[2023-11-09T20:20:49.722-0500] {logging_mixin.py:154} INFO - [2023-11-09T20:20:49.722-0500] {dagbag.py:536} INFO - Filling up the DagBag from /Users/az/anaconda3/envs/python38/lib/python3.8/site-packages/airflow/example_dags/example_kubernetes_executor.py
[2023-11-09T20:20:49.751-0500] {logging_mixin.py:154} INFO - [2023-11-09T20:20:49.751-0500] {example_kubernetes_executor.py:38} WARNING - The example_kubernetes_executor example DAG requires the kubernetes provider. Please install it with: pip install apache-airflow[cncf.kubernetes]
[2023-11-09T20:20:49.751-0500] {processor.py:841} WARNING - No viable dags retrieved from /Users/az/anaconda3/envs/python38/lib/python3.8/site-packages/airflow/example_dags/example_kubernetes_executor.py
[2023-11-09T20:20:49.814-0500] {processor.py:179} INFO - Processing /Users/az/anaconda3/envs/python38/lib/python3.8/site-packages/airflow/example_dags/example_kubernetes_executor.py took 0.097 seconds
[2023-11-09T20:22:50.604-0500] {processor.py:157} INFO - Started process (PID=57249) to work on /Users/az/anaconda3/envs/python38/lib/python3.8/site-packages/airflow/example_dags/example_kubernetes_executor.py
[2023-11-09T20:22:50.609-0500] {processor.py:829} INFO - Processing file /Users/az/anaconda3/envs/python38/lib/python3.8/site-packages/airflow/example_dags/example_kubernetes_executor.py for tasks to queue
[2023-11-09T20:22:50.609-0500] {logging_mixin.py:154} INFO - [2023-11-09T20:22:50.609-0500] {dagbag.py:536} INFO - Filling up the DagBag from /Users/az/anaconda3/envs/python38/lib/python3.8/site-packages/airflow/example_dags/example_kubernetes_executor.py
[2023-11-09T20:22:50.638-0500] {logging_mixin.py:154} INFO - [2023-11-09T20:22:50.637-0500] {example_kubernetes_executor.py:38} WARNING - The example_kubernetes_executor example DAG requires the kubernetes provider. Please install it with: pip install apache-airflow[cncf.kubernetes]
[2023-11-09T20:22:50.638-0500] {processor.py:841} WARNING - No viable dags retrieved from /Users/az/anaconda3/envs/python38/lib/python3.8/site-packages/airflow/example_dags/example_kubernetes_executor.py
[2023-11-09T20:22:50.701-0500] {processor.py:179} INFO - Processing /Users/az/anaconda3/envs/python38/lib/python3.8/site-packages/airflow/example_dags/example_kubernetes_executor.py took 0.098 seconds
[2023-11-09T20:24:48.402-0500] {processor.py:157} INFO - Started process (PID=57399) to work on /Users/az/anaconda3/envs/python38/lib/python3.8/site-packages/airflow/example_dags/example_kubernetes_executor.py
[2023-11-09T20:24:48.407-0500] {processor.py:829} INFO - Processing file /Users/az/anaconda3/envs/python38/lib/python3.8/site-packages/airflow/example_dags/example_kubernetes_executor.py for tasks to queue
[2023-11-09T20:24:48.407-0500] {logging_mixin.py:154} INFO - [2023-11-09T20:24:48.407-0500] {dagbag.py:536} INFO - Filling up the DagBag from /Users/az/anaconda3/envs/python38/lib/python3.8/site-packages/airflow/example_dags/example_kubernetes_executor.py
[2023-11-09T20:24:48.436-0500] {logging_mixin.py:154} INFO - [2023-11-09T20:24:48.436-0500] {example_kubernetes_executor.py:38} WARNING - The example_kubernetes_executor example DAG requires the kubernetes provider. Please install it with: pip install apache-airflow[cncf.kubernetes]
[2023-11-09T20:24:48.436-0500] {processor.py:841} WARNING - No viable dags retrieved from /Users/az/anaconda3/envs/python38/lib/python3.8/site-packages/airflow/example_dags/example_kubernetes_executor.py
[2023-11-09T20:24:48.498-0500] {processor.py:179} INFO - Processing /Users/az/anaconda3/envs/python38/lib/python3.8/site-packages/airflow/example_dags/example_kubernetes_executor.py took 0.097 seconds
[2023-11-09T20:27:14.696-0500] {processor.py:157} INFO - Started process (PID=57551) to work on /Users/az/anaconda3/envs/python38/lib/python3.8/site-packages/airflow/example_dags/example_kubernetes_executor.py
[2023-11-09T20:27:14.714-0500] {processor.py:829} INFO - Processing file /Users/az/anaconda3/envs/python38/lib/python3.8/site-packages/airflow/example_dags/example_kubernetes_executor.py for tasks to queue
[2023-11-09T20:27:14.714-0500] {logging_mixin.py:154} INFO - [2023-11-09T20:27:14.714-0500] {dagbag.py:536} INFO - Filling up the DagBag from /Users/az/anaconda3/envs/python38/lib/python3.8/site-packages/airflow/example_dags/example_kubernetes_executor.py
[2023-11-09T20:27:14.744-0500] {logging_mixin.py:154} INFO - [2023-11-09T20:27:14.743-0500] {example_kubernetes_executor.py:38} WARNING - The example_kubernetes_executor example DAG requires the kubernetes provider. Please install it with: pip install apache-airflow[cncf.kubernetes]
[2023-11-09T20:27:14.744-0500] {processor.py:841} WARNING - No viable dags retrieved from /Users/az/anaconda3/envs/python38/lib/python3.8/site-packages/airflow/example_dags/example_kubernetes_executor.py
[2023-11-09T20:27:14.806-0500] {processor.py:179} INFO - Processing /Users/az/anaconda3/envs/python38/lib/python3.8/site-packages/airflow/example_dags/example_kubernetes_executor.py took 0.111 seconds
[2023-11-09T20:47:25.031-0500] {processor.py:157} INFO - Started process (PID=57873) to work on /Users/az/anaconda3/envs/python38/lib/python3.8/site-packages/airflow/example_dags/example_kubernetes_executor.py
[2023-11-09T20:47:25.035-0500] {processor.py:829} INFO - Processing file /Users/az/anaconda3/envs/python38/lib/python3.8/site-packages/airflow/example_dags/example_kubernetes_executor.py for tasks to queue
[2023-11-09T20:47:25.036-0500] {logging_mixin.py:154} INFO - [2023-11-09T20:47:25.036-0500] {dagbag.py:536} INFO - Filling up the DagBag from /Users/az/anaconda3/envs/python38/lib/python3.8/site-packages/airflow/example_dags/example_kubernetes_executor.py
[2023-11-09T20:47:25.064-0500] {logging_mixin.py:154} INFO - [2023-11-09T20:47:25.064-0500] {example_kubernetes_executor.py:38} WARNING - The example_kubernetes_executor example DAG requires the kubernetes provider. Please install it with: pip install apache-airflow[cncf.kubernetes]
[2023-11-09T20:47:25.065-0500] {processor.py:841} WARNING - No viable dags retrieved from /Users/az/anaconda3/envs/python38/lib/python3.8/site-packages/airflow/example_dags/example_kubernetes_executor.py
[2023-11-09T20:47:25.127-0500] {processor.py:179} INFO - Processing /Users/az/anaconda3/envs/python38/lib/python3.8/site-packages/airflow/example_dags/example_kubernetes_executor.py took 0.097 seconds
[2023-11-09T20:49:22.246-0500] {processor.py:157} INFO - Started process (PID=58018) to work on /Users/az/anaconda3/envs/python38/lib/python3.8/site-packages/airflow/example_dags/example_kubernetes_executor.py
[2023-11-09T20:49:22.251-0500] {processor.py:829} INFO - Processing file /Users/az/anaconda3/envs/python38/lib/python3.8/site-packages/airflow/example_dags/example_kubernetes_executor.py for tasks to queue
[2023-11-09T20:49:22.251-0500] {logging_mixin.py:154} INFO - [2023-11-09T20:49:22.251-0500] {dagbag.py:536} INFO - Filling up the DagBag from /Users/az/anaconda3/envs/python38/lib/python3.8/site-packages/airflow/example_dags/example_kubernetes_executor.py
[2023-11-09T20:49:22.279-0500] {logging_mixin.py:154} INFO - [2023-11-09T20:49:22.279-0500] {example_kubernetes_executor.py:38} WARNING - The example_kubernetes_executor example DAG requires the kubernetes provider. Please install it with: pip install apache-airflow[cncf.kubernetes]
[2023-11-09T20:49:22.279-0500] {processor.py:841} WARNING - No viable dags retrieved from /Users/az/anaconda3/envs/python38/lib/python3.8/site-packages/airflow/example_dags/example_kubernetes_executor.py
[2023-11-09T20:49:22.343-0500] {processor.py:179} INFO - Processing /Users/az/anaconda3/envs/python38/lib/python3.8/site-packages/airflow/example_dags/example_kubernetes_executor.py took 0.098 seconds
[2023-11-09T20:51:20.249-0500] {processor.py:157} INFO - Started process (PID=58168) to work on /Users/az/anaconda3/envs/python38/lib/python3.8/site-packages/airflow/example_dags/example_kubernetes_executor.py
[2023-11-09T20:51:20.254-0500] {processor.py:829} INFO - Processing file /Users/az/anaconda3/envs/python38/lib/python3.8/site-packages/airflow/example_dags/example_kubernetes_executor.py for tasks to queue
[2023-11-09T20:51:20.255-0500] {logging_mixin.py:154} INFO - [2023-11-09T20:51:20.254-0500] {dagbag.py:536} INFO - Filling up the DagBag from /Users/az/anaconda3/envs/python38/lib/python3.8/site-packages/airflow/example_dags/example_kubernetes_executor.py
[2023-11-09T20:51:20.284-0500] {logging_mixin.py:154} INFO - [2023-11-09T20:51:20.284-0500] {example_kubernetes_executor.py:38} WARNING - The example_kubernetes_executor example DAG requires the kubernetes provider. Please install it with: pip install apache-airflow[cncf.kubernetes]
[2023-11-09T20:51:20.284-0500] {processor.py:841} WARNING - No viable dags retrieved from /Users/az/anaconda3/envs/python38/lib/python3.8/site-packages/airflow/example_dags/example_kubernetes_executor.py
[2023-11-09T20:51:20.354-0500] {processor.py:179} INFO - Processing /Users/az/anaconda3/envs/python38/lib/python3.8/site-packages/airflow/example_dags/example_kubernetes_executor.py took 0.104 seconds
[2023-11-09T20:53:27.776-0500] {processor.py:157} INFO - Started process (PID=58330) to work on /Users/az/anaconda3/envs/python38/lib/python3.8/site-packages/airflow/example_dags/example_kubernetes_executor.py
[2023-11-09T20:53:27.783-0500] {processor.py:829} INFO - Processing file /Users/az/anaconda3/envs/python38/lib/python3.8/site-packages/airflow/example_dags/example_kubernetes_executor.py for tasks to queue
[2023-11-09T20:53:27.784-0500] {logging_mixin.py:154} INFO - [2023-11-09T20:53:27.784-0500] {dagbag.py:536} INFO - Filling up the DagBag from /Users/az/anaconda3/envs/python38/lib/python3.8/site-packages/airflow/example_dags/example_kubernetes_executor.py
[2023-11-09T20:53:27.871-0500] {logging_mixin.py:154} INFO - [2023-11-09T20:53:27.868-0500] {example_kubernetes_executor.py:38} WARNING - The example_kubernetes_executor example DAG requires the kubernetes provider. Please install it with: pip install apache-airflow[cncf.kubernetes]
[2023-11-09T20:53:27.876-0500] {processor.py:841} WARNING - No viable dags retrieved from /Users/az/anaconda3/envs/python38/lib/python3.8/site-packages/airflow/example_dags/example_kubernetes_executor.py
[2023-11-09T20:53:28.069-0500] {processor.py:179} INFO - Processing /Users/az/anaconda3/envs/python38/lib/python3.8/site-packages/airflow/example_dags/example_kubernetes_executor.py took 0.313 seconds
[2023-11-09T20:55:50.587-0500] {processor.py:157} INFO - Started process (PID=58499) to work on /Users/az/anaconda3/envs/python38/lib/python3.8/site-packages/airflow/example_dags/example_kubernetes_executor.py
[2023-11-09T20:55:50.592-0500] {processor.py:829} INFO - Processing file /Users/az/anaconda3/envs/python38/lib/python3.8/site-packages/airflow/example_dags/example_kubernetes_executor.py for tasks to queue
[2023-11-09T20:55:50.593-0500] {logging_mixin.py:154} INFO - [2023-11-09T20:55:50.592-0500] {dagbag.py:536} INFO - Filling up the DagBag from /Users/az/anaconda3/envs/python38/lib/python3.8/site-packages/airflow/example_dags/example_kubernetes_executor.py
[2023-11-09T20:55:50.622-0500] {logging_mixin.py:154} INFO - [2023-11-09T20:55:50.622-0500] {example_kubernetes_executor.py:38} WARNING - The example_kubernetes_executor example DAG requires the kubernetes provider. Please install it with: pip install apache-airflow[cncf.kubernetes]
[2023-11-09T20:55:50.622-0500] {processor.py:841} WARNING - No viable dags retrieved from /Users/az/anaconda3/envs/python38/lib/python3.8/site-packages/airflow/example_dags/example_kubernetes_executor.py
[2023-11-09T20:55:50.687-0500] {processor.py:179} INFO - Processing /Users/az/anaconda3/envs/python38/lib/python3.8/site-packages/airflow/example_dags/example_kubernetes_executor.py took 0.100 seconds
[2023-11-09T20:57:59.735-0500] {processor.py:157} INFO - Started process (PID=58650) to work on /Users/az/anaconda3/envs/python38/lib/python3.8/site-packages/airflow/example_dags/example_kubernetes_executor.py
[2023-11-09T20:57:59.740-0500] {processor.py:829} INFO - Processing file /Users/az/anaconda3/envs/python38/lib/python3.8/site-packages/airflow/example_dags/example_kubernetes_executor.py for tasks to queue
[2023-11-09T20:57:59.740-0500] {logging_mixin.py:154} INFO - [2023-11-09T20:57:59.740-0500] {dagbag.py:536} INFO - Filling up the DagBag from /Users/az/anaconda3/envs/python38/lib/python3.8/site-packages/airflow/example_dags/example_kubernetes_executor.py
[2023-11-09T20:57:59.769-0500] {logging_mixin.py:154} INFO - [2023-11-09T20:57:59.769-0500] {example_kubernetes_executor.py:38} WARNING - The example_kubernetes_executor example DAG requires the kubernetes provider. Please install it with: pip install apache-airflow[cncf.kubernetes]
[2023-11-09T20:57:59.769-0500] {processor.py:841} WARNING - No viable dags retrieved from /Users/az/anaconda3/envs/python38/lib/python3.8/site-packages/airflow/example_dags/example_kubernetes_executor.py
[2023-11-09T20:57:59.831-0500] {processor.py:179} INFO - Processing /Users/az/anaconda3/envs/python38/lib/python3.8/site-packages/airflow/example_dags/example_kubernetes_executor.py took 0.097 seconds
[2023-11-09T21:00:14.041-0500] {processor.py:157} INFO - Started process (PID=58827) to work on /Users/az/anaconda3/envs/python38/lib/python3.8/site-packages/airflow/example_dags/example_kubernetes_executor.py
[2023-11-09T21:00:14.046-0500] {processor.py:829} INFO - Processing file /Users/az/anaconda3/envs/python38/lib/python3.8/site-packages/airflow/example_dags/example_kubernetes_executor.py for tasks to queue
[2023-11-09T21:00:14.046-0500] {logging_mixin.py:154} INFO - [2023-11-09T21:00:14.046-0500] {dagbag.py:536} INFO - Filling up the DagBag from /Users/az/anaconda3/envs/python38/lib/python3.8/site-packages/airflow/example_dags/example_kubernetes_executor.py
[2023-11-09T21:00:14.075-0500] {logging_mixin.py:154} INFO - [2023-11-09T21:00:14.075-0500] {example_kubernetes_executor.py:38} WARNING - The example_kubernetes_executor example DAG requires the kubernetes provider. Please install it with: pip install apache-airflow[cncf.kubernetes]
[2023-11-09T21:00:14.075-0500] {processor.py:841} WARNING - No viable dags retrieved from /Users/az/anaconda3/envs/python38/lib/python3.8/site-packages/airflow/example_dags/example_kubernetes_executor.py
[2023-11-09T21:00:14.138-0500] {processor.py:179} INFO - Processing /Users/az/anaconda3/envs/python38/lib/python3.8/site-packages/airflow/example_dags/example_kubernetes_executor.py took 0.097 seconds
[2023-11-09T21:02:22.877-0500] {processor.py:157} INFO - Started process (PID=59003) to work on /Users/az/anaconda3/envs/python38/lib/python3.8/site-packages/airflow/example_dags/example_kubernetes_executor.py
[2023-11-09T21:02:22.881-0500] {processor.py:829} INFO - Processing file /Users/az/anaconda3/envs/python38/lib/python3.8/site-packages/airflow/example_dags/example_kubernetes_executor.py for tasks to queue
[2023-11-09T21:02:22.882-0500] {logging_mixin.py:154} INFO - [2023-11-09T21:02:22.882-0500] {dagbag.py:536} INFO - Filling up the DagBag from /Users/az/anaconda3/envs/python38/lib/python3.8/site-packages/airflow/example_dags/example_kubernetes_executor.py
[2023-11-09T21:02:22.910-0500] {logging_mixin.py:154} INFO - [2023-11-09T21:02:22.910-0500] {example_kubernetes_executor.py:38} WARNING - The example_kubernetes_executor example DAG requires the kubernetes provider. Please install it with: pip install apache-airflow[cncf.kubernetes]
[2023-11-09T21:02:22.910-0500] {processor.py:841} WARNING - No viable dags retrieved from /Users/az/anaconda3/envs/python38/lib/python3.8/site-packages/airflow/example_dags/example_kubernetes_executor.py
[2023-11-09T21:02:22.973-0500] {processor.py:179} INFO - Processing /Users/az/anaconda3/envs/python38/lib/python3.8/site-packages/airflow/example_dags/example_kubernetes_executor.py took 0.097 seconds
[2023-11-09T21:04:24.203-0500] {processor.py:157} INFO - Started process (PID=59178) to work on /Users/az/anaconda3/envs/python38/lib/python3.8/site-packages/airflow/example_dags/example_kubernetes_executor.py
[2023-11-09T21:04:24.207-0500] {processor.py:829} INFO - Processing file /Users/az/anaconda3/envs/python38/lib/python3.8/site-packages/airflow/example_dags/example_kubernetes_executor.py for tasks to queue
[2023-11-09T21:04:24.207-0500] {logging_mixin.py:154} INFO - [2023-11-09T21:04:24.207-0500] {dagbag.py:536} INFO - Filling up the DagBag from /Users/az/anaconda3/envs/python38/lib/python3.8/site-packages/airflow/example_dags/example_kubernetes_executor.py
[2023-11-09T21:04:24.237-0500] {logging_mixin.py:154} INFO - [2023-11-09T21:04:24.237-0500] {example_kubernetes_executor.py:38} WARNING - The example_kubernetes_executor example DAG requires the kubernetes provider. Please install it with: pip install apache-airflow[cncf.kubernetes]
[2023-11-09T21:04:24.238-0500] {processor.py:841} WARNING - No viable dags retrieved from /Users/az/anaconda3/envs/python38/lib/python3.8/site-packages/airflow/example_dags/example_kubernetes_executor.py
[2023-11-09T21:04:24.301-0500] {processor.py:179} INFO - Processing /Users/az/anaconda3/envs/python38/lib/python3.8/site-packages/airflow/example_dags/example_kubernetes_executor.py took 0.098 seconds
[2023-11-09T21:06:25.973-0500] {processor.py:157} INFO - Started process (PID=59337) to work on /Users/az/anaconda3/envs/python38/lib/python3.8/site-packages/airflow/example_dags/example_kubernetes_executor.py
[2023-11-09T21:06:25.978-0500] {processor.py:829} INFO - Processing file /Users/az/anaconda3/envs/python38/lib/python3.8/site-packages/airflow/example_dags/example_kubernetes_executor.py for tasks to queue
[2023-11-09T21:06:25.978-0500] {logging_mixin.py:154} INFO - [2023-11-09T21:06:25.978-0500] {dagbag.py:536} INFO - Filling up the DagBag from /Users/az/anaconda3/envs/python38/lib/python3.8/site-packages/airflow/example_dags/example_kubernetes_executor.py
[2023-11-09T21:06:26.008-0500] {logging_mixin.py:154} INFO - [2023-11-09T21:06:26.008-0500] {example_kubernetes_executor.py:38} WARNING - The example_kubernetes_executor example DAG requires the kubernetes provider. Please install it with: pip install apache-airflow[cncf.kubernetes]
[2023-11-09T21:06:26.008-0500] {processor.py:841} WARNING - No viable dags retrieved from /Users/az/anaconda3/envs/python38/lib/python3.8/site-packages/airflow/example_dags/example_kubernetes_executor.py
[2023-11-09T21:06:26.071-0500] {processor.py:179} INFO - Processing /Users/az/anaconda3/envs/python38/lib/python3.8/site-packages/airflow/example_dags/example_kubernetes_executor.py took 0.099 seconds
[2023-11-09T21:08:23.245-0500] {processor.py:157} INFO - Started process (PID=59483) to work on /Users/az/anaconda3/envs/python38/lib/python3.8/site-packages/airflow/example_dags/example_kubernetes_executor.py
[2023-11-09T21:08:23.249-0500] {processor.py:829} INFO - Processing file /Users/az/anaconda3/envs/python38/lib/python3.8/site-packages/airflow/example_dags/example_kubernetes_executor.py for tasks to queue
[2023-11-09T21:08:23.250-0500] {logging_mixin.py:154} INFO - [2023-11-09T21:08:23.250-0500] {dagbag.py:536} INFO - Filling up the DagBag from /Users/az/anaconda3/envs/python38/lib/python3.8/site-packages/airflow/example_dags/example_kubernetes_executor.py
[2023-11-09T21:08:23.278-0500] {logging_mixin.py:154} INFO - [2023-11-09T21:08:23.278-0500] {example_kubernetes_executor.py:38} WARNING - The example_kubernetes_executor example DAG requires the kubernetes provider. Please install it with: pip install apache-airflow[cncf.kubernetes]
[2023-11-09T21:08:23.278-0500] {processor.py:841} WARNING - No viable dags retrieved from /Users/az/anaconda3/envs/python38/lib/python3.8/site-packages/airflow/example_dags/example_kubernetes_executor.py
[2023-11-09T21:08:23.340-0500] {processor.py:179} INFO - Processing /Users/az/anaconda3/envs/python38/lib/python3.8/site-packages/airflow/example_dags/example_kubernetes_executor.py took 0.096 seconds
[2023-11-09T21:10:27.572-0500] {processor.py:157} INFO - Started process (PID=59649) to work on /Users/az/anaconda3/envs/python38/lib/python3.8/site-packages/airflow/example_dags/example_kubernetes_executor.py
[2023-11-09T21:10:27.576-0500] {processor.py:829} INFO - Processing file /Users/az/anaconda3/envs/python38/lib/python3.8/site-packages/airflow/example_dags/example_kubernetes_executor.py for tasks to queue
[2023-11-09T21:10:27.576-0500] {logging_mixin.py:154} INFO - [2023-11-09T21:10:27.576-0500] {dagbag.py:536} INFO - Filling up the DagBag from /Users/az/anaconda3/envs/python38/lib/python3.8/site-packages/airflow/example_dags/example_kubernetes_executor.py
[2023-11-09T21:10:27.609-0500] {logging_mixin.py:154} INFO - [2023-11-09T21:10:27.608-0500] {example_kubernetes_executor.py:38} WARNING - The example_kubernetes_executor example DAG requires the kubernetes provider. Please install it with: pip install apache-airflow[cncf.kubernetes]
[2023-11-09T21:10:27.609-0500] {processor.py:841} WARNING - No viable dags retrieved from /Users/az/anaconda3/envs/python38/lib/python3.8/site-packages/airflow/example_dags/example_kubernetes_executor.py
[2023-11-09T21:10:27.679-0500] {processor.py:179} INFO - Processing /Users/az/anaconda3/envs/python38/lib/python3.8/site-packages/airflow/example_dags/example_kubernetes_executor.py took 0.108 seconds
[2023-11-09T21:12:26.500-0500] {processor.py:157} INFO - Started process (PID=59794) to work on /Users/az/anaconda3/envs/python38/lib/python3.8/site-packages/airflow/example_dags/example_kubernetes_executor.py
[2023-11-09T21:12:26.504-0500] {processor.py:829} INFO - Processing file /Users/az/anaconda3/envs/python38/lib/python3.8/site-packages/airflow/example_dags/example_kubernetes_executor.py for tasks to queue
[2023-11-09T21:12:26.504-0500] {logging_mixin.py:154} INFO - [2023-11-09T21:12:26.504-0500] {dagbag.py:536} INFO - Filling up the DagBag from /Users/az/anaconda3/envs/python38/lib/python3.8/site-packages/airflow/example_dags/example_kubernetes_executor.py
[2023-11-09T21:12:26.534-0500] {logging_mixin.py:154} INFO - [2023-11-09T21:12:26.534-0500] {example_kubernetes_executor.py:38} WARNING - The example_kubernetes_executor example DAG requires the kubernetes provider. Please install it with: pip install apache-airflow[cncf.kubernetes]
[2023-11-09T21:12:26.534-0500] {processor.py:841} WARNING - No viable dags retrieved from /Users/az/anaconda3/envs/python38/lib/python3.8/site-packages/airflow/example_dags/example_kubernetes_executor.py
[2023-11-09T21:12:26.598-0500] {processor.py:179} INFO - Processing /Users/az/anaconda3/envs/python38/lib/python3.8/site-packages/airflow/example_dags/example_kubernetes_executor.py took 0.098 seconds
[2023-11-09T21:14:26.555-0500] {processor.py:157} INFO - Started process (PID=59946) to work on /Users/az/anaconda3/envs/python38/lib/python3.8/site-packages/airflow/example_dags/example_kubernetes_executor.py
[2023-11-09T21:14:26.559-0500] {processor.py:829} INFO - Processing file /Users/az/anaconda3/envs/python38/lib/python3.8/site-packages/airflow/example_dags/example_kubernetes_executor.py for tasks to queue
[2023-11-09T21:14:26.560-0500] {logging_mixin.py:154} INFO - [2023-11-09T21:14:26.559-0500] {dagbag.py:536} INFO - Filling up the DagBag from /Users/az/anaconda3/envs/python38/lib/python3.8/site-packages/airflow/example_dags/example_kubernetes_executor.py
[2023-11-09T21:14:26.589-0500] {logging_mixin.py:154} INFO - [2023-11-09T21:14:26.589-0500] {example_kubernetes_executor.py:38} WARNING - The example_kubernetes_executor example DAG requires the kubernetes provider. Please install it with: pip install apache-airflow[cncf.kubernetes]
[2023-11-09T21:14:26.589-0500] {processor.py:841} WARNING - No viable dags retrieved from /Users/az/anaconda3/envs/python38/lib/python3.8/site-packages/airflow/example_dags/example_kubernetes_executor.py
[2023-11-09T21:14:26.653-0500] {processor.py:179} INFO - Processing /Users/az/anaconda3/envs/python38/lib/python3.8/site-packages/airflow/example_dags/example_kubernetes_executor.py took 0.099 seconds
