[2023-11-09T19:00:56.496-0500] {processor.py:157} INFO - Started process (PID=48825) to work on /Users/az/anaconda3/envs/python38/lib/python3.8/site-packages/airflow/example_dags/example_skip_dag.py
[2023-11-09T19:00:56.500-0500] {processor.py:829} INFO - Processing file /Users/az/anaconda3/envs/python38/lib/python3.8/site-packages/airflow/example_dags/example_skip_dag.py for tasks to queue
[2023-11-09T19:00:56.500-0500] {logging_mixin.py:154} INFO - [2023-11-09T19:00:56.500-0500] {dagbag.py:536} INFO - Filling up the DagBag from /Users/az/anaconda3/envs/python38/lib/python3.8/site-packages/airflow/example_dags/example_skip_dag.py
[2023-11-09T19:00:56.517-0500] {processor.py:839} INFO - DAG(s) dict_keys(['example_skip_dag']) retrieved from /Users/az/anaconda3/envs/python38/lib/python3.8/site-packages/airflow/example_dags/example_skip_dag.py
[2023-11-09T19:00:56.626-0500] {logging_mixin.py:154} INFO - [2023-11-09T19:00:56.626-0500] {dag.py:2941} INFO - Sync 1 DAGs
[2023-11-09T19:00:56.635-0500] {logging_mixin.py:154} INFO - [2023-11-09T19:00:56.635-0500] {dag.py:3722} INFO - Setting next_dagrun for example_skip_dag to 2023-11-09T00:00:56.635232+00:00, run_after=2023-11-10T00:00:56.635232+00:00
[2023-11-09T19:00:56.645-0500] {processor.py:179} INFO - Processing /Users/az/anaconda3/envs/python38/lib/python3.8/site-packages/airflow/example_dags/example_skip_dag.py took 0.149 seconds
[2023-11-09T19:02:00.986-0500] {processor.py:157} INFO - Started process (PID=48905) to work on /Users/az/anaconda3/envs/python38/lib/python3.8/site-packages/airflow/example_dags/example_skip_dag.py
[2023-11-09T19:02:00.991-0500] {processor.py:829} INFO - Processing file /Users/az/anaconda3/envs/python38/lib/python3.8/site-packages/airflow/example_dags/example_skip_dag.py for tasks to queue
[2023-11-09T19:02:00.991-0500] {logging_mixin.py:154} INFO - [2023-11-09T19:02:00.991-0500] {dagbag.py:536} INFO - Filling up the DagBag from /Users/az/anaconda3/envs/python38/lib/python3.8/site-packages/airflow/example_dags/example_skip_dag.py
[2023-11-09T19:02:01.006-0500] {processor.py:839} INFO - DAG(s) dict_keys(['example_skip_dag']) retrieved from /Users/az/anaconda3/envs/python38/lib/python3.8/site-packages/airflow/example_dags/example_skip_dag.py
[2023-11-09T19:02:01.114-0500] {logging_mixin.py:154} INFO - [2023-11-09T19:02:01.114-0500] {dag.py:2941} INFO - Sync 1 DAGs
[2023-11-09T19:02:01.123-0500] {logging_mixin.py:154} INFO - [2023-11-09T19:02:01.123-0500] {dag.py:3722} INFO - Setting next_dagrun for example_skip_dag to 2023-11-09T00:02:01.123057+00:00, run_after=2023-11-10T00:02:01.123057+00:00
[2023-11-09T19:02:01.133-0500] {processor.py:179} INFO - Processing /Users/az/anaconda3/envs/python38/lib/python3.8/site-packages/airflow/example_dags/example_skip_dag.py took 0.147 seconds
[2023-11-09T19:04:08.075-0500] {processor.py:157} INFO - Started process (PID=49071) to work on /Users/az/anaconda3/envs/python38/lib/python3.8/site-packages/airflow/example_dags/example_skip_dag.py
[2023-11-09T19:04:08.080-0500] {processor.py:829} INFO - Processing file /Users/az/anaconda3/envs/python38/lib/python3.8/site-packages/airflow/example_dags/example_skip_dag.py for tasks to queue
[2023-11-09T19:04:08.080-0500] {logging_mixin.py:154} INFO - [2023-11-09T19:04:08.080-0500] {dagbag.py:536} INFO - Filling up the DagBag from /Users/az/anaconda3/envs/python38/lib/python3.8/site-packages/airflow/example_dags/example_skip_dag.py
[2023-11-09T19:04:08.095-0500] {processor.py:839} INFO - DAG(s) dict_keys(['example_skip_dag']) retrieved from /Users/az/anaconda3/envs/python38/lib/python3.8/site-packages/airflow/example_dags/example_skip_dag.py
[2023-11-09T19:04:08.203-0500] {logging_mixin.py:154} INFO - [2023-11-09T19:04:08.203-0500] {dag.py:2941} INFO - Sync 1 DAGs
[2023-11-09T19:04:08.212-0500] {logging_mixin.py:154} INFO - [2023-11-09T19:04:08.212-0500] {dag.py:3722} INFO - Setting next_dagrun for example_skip_dag to 2023-11-09T00:04:08.212360+00:00, run_after=2023-11-10T00:04:08.212360+00:00
[2023-11-09T19:04:08.222-0500] {processor.py:179} INFO - Processing /Users/az/anaconda3/envs/python38/lib/python3.8/site-packages/airflow/example_dags/example_skip_dag.py took 0.147 seconds
[2023-11-09T19:06:05.809-0500] {processor.py:157} INFO - Started process (PID=49215) to work on /Users/az/anaconda3/envs/python38/lib/python3.8/site-packages/airflow/example_dags/example_skip_dag.py
[2023-11-09T19:06:05.813-0500] {processor.py:829} INFO - Processing file /Users/az/anaconda3/envs/python38/lib/python3.8/site-packages/airflow/example_dags/example_skip_dag.py for tasks to queue
[2023-11-09T19:06:05.813-0500] {logging_mixin.py:154} INFO - [2023-11-09T19:06:05.813-0500] {dagbag.py:536} INFO - Filling up the DagBag from /Users/az/anaconda3/envs/python38/lib/python3.8/site-packages/airflow/example_dags/example_skip_dag.py
[2023-11-09T19:06:05.829-0500] {processor.py:839} INFO - DAG(s) dict_keys(['example_skip_dag']) retrieved from /Users/az/anaconda3/envs/python38/lib/python3.8/site-packages/airflow/example_dags/example_skip_dag.py
[2023-11-09T19:06:05.945-0500] {logging_mixin.py:154} INFO - [2023-11-09T19:06:05.945-0500] {dag.py:2941} INFO - Sync 1 DAGs
[2023-11-09T19:06:05.954-0500] {logging_mixin.py:154} INFO - [2023-11-09T19:06:05.954-0500] {dag.py:3722} INFO - Setting next_dagrun for example_skip_dag to 2023-11-09T00:06:05.954630+00:00, run_after=2023-11-10T00:06:05.954630+00:00
[2023-11-09T19:06:05.965-0500] {processor.py:179} INFO - Processing /Users/az/anaconda3/envs/python38/lib/python3.8/site-packages/airflow/example_dags/example_skip_dag.py took 0.156 seconds
[2023-11-09T19:08:07.530-0500] {processor.py:157} INFO - Started process (PID=49369) to work on /Users/az/anaconda3/envs/python38/lib/python3.8/site-packages/airflow/example_dags/example_skip_dag.py
[2023-11-09T19:08:07.534-0500] {processor.py:829} INFO - Processing file /Users/az/anaconda3/envs/python38/lib/python3.8/site-packages/airflow/example_dags/example_skip_dag.py for tasks to queue
[2023-11-09T19:08:07.535-0500] {logging_mixin.py:154} INFO - [2023-11-09T19:08:07.535-0500] {dagbag.py:536} INFO - Filling up the DagBag from /Users/az/anaconda3/envs/python38/lib/python3.8/site-packages/airflow/example_dags/example_skip_dag.py
[2023-11-09T19:08:07.549-0500] {processor.py:839} INFO - DAG(s) dict_keys(['example_skip_dag']) retrieved from /Users/az/anaconda3/envs/python38/lib/python3.8/site-packages/airflow/example_dags/example_skip_dag.py
[2023-11-09T19:08:07.658-0500] {logging_mixin.py:154} INFO - [2023-11-09T19:08:07.657-0500] {dag.py:2941} INFO - Sync 1 DAGs
[2023-11-09T19:08:07.667-0500] {logging_mixin.py:154} INFO - [2023-11-09T19:08:07.666-0500] {dag.py:3722} INFO - Setting next_dagrun for example_skip_dag to 2023-11-09T00:08:07.666851+00:00, run_after=2023-11-10T00:08:07.666851+00:00
[2023-11-09T19:08:07.677-0500] {processor.py:179} INFO - Processing /Users/az/anaconda3/envs/python38/lib/python3.8/site-packages/airflow/example_dags/example_skip_dag.py took 0.147 seconds
[2023-11-09T19:10:09.981-0500] {processor.py:157} INFO - Started process (PID=49515) to work on /Users/az/anaconda3/envs/python38/lib/python3.8/site-packages/airflow/example_dags/example_skip_dag.py
[2023-11-09T19:10:09.986-0500] {processor.py:829} INFO - Processing file /Users/az/anaconda3/envs/python38/lib/python3.8/site-packages/airflow/example_dags/example_skip_dag.py for tasks to queue
[2023-11-09T19:10:09.986-0500] {logging_mixin.py:154} INFO - [2023-11-09T19:10:09.986-0500] {dagbag.py:536} INFO - Filling up the DagBag from /Users/az/anaconda3/envs/python38/lib/python3.8/site-packages/airflow/example_dags/example_skip_dag.py
[2023-11-09T19:10:10.003-0500] {processor.py:839} INFO - DAG(s) dict_keys(['example_skip_dag']) retrieved from /Users/az/anaconda3/envs/python38/lib/python3.8/site-packages/airflow/example_dags/example_skip_dag.py
[2023-11-09T19:10:10.113-0500] {logging_mixin.py:154} INFO - [2023-11-09T19:10:10.113-0500] {dag.py:2941} INFO - Sync 1 DAGs
[2023-11-09T19:10:10.122-0500] {logging_mixin.py:154} INFO - [2023-11-09T19:10:10.122-0500] {dag.py:3722} INFO - Setting next_dagrun for example_skip_dag to 2023-11-09T00:10:10.122688+00:00, run_after=2023-11-10T00:10:10.122688+00:00
[2023-11-09T19:10:10.132-0500] {processor.py:179} INFO - Processing /Users/az/anaconda3/envs/python38/lib/python3.8/site-packages/airflow/example_dags/example_skip_dag.py took 0.152 seconds
[2023-11-09T19:12:11.006-0500] {processor.py:157} INFO - Started process (PID=49672) to work on /Users/az/anaconda3/envs/python38/lib/python3.8/site-packages/airflow/example_dags/example_skip_dag.py
[2023-11-09T19:12:11.010-0500] {processor.py:829} INFO - Processing file /Users/az/anaconda3/envs/python38/lib/python3.8/site-packages/airflow/example_dags/example_skip_dag.py for tasks to queue
[2023-11-09T19:12:11.011-0500] {logging_mixin.py:154} INFO - [2023-11-09T19:12:11.011-0500] {dagbag.py:536} INFO - Filling up the DagBag from /Users/az/anaconda3/envs/python38/lib/python3.8/site-packages/airflow/example_dags/example_skip_dag.py
[2023-11-09T19:12:11.025-0500] {processor.py:839} INFO - DAG(s) dict_keys(['example_skip_dag']) retrieved from /Users/az/anaconda3/envs/python38/lib/python3.8/site-packages/airflow/example_dags/example_skip_dag.py
[2023-11-09T19:12:11.135-0500] {logging_mixin.py:154} INFO - [2023-11-09T19:12:11.135-0500] {dag.py:2941} INFO - Sync 1 DAGs
[2023-11-09T19:12:11.144-0500] {logging_mixin.py:154} INFO - [2023-11-09T19:12:11.144-0500] {dag.py:3722} INFO - Setting next_dagrun for example_skip_dag to 2023-11-09T00:12:11.144694+00:00, run_after=2023-11-10T00:12:11.144694+00:00
[2023-11-09T19:12:11.155-0500] {processor.py:179} INFO - Processing /Users/az/anaconda3/envs/python38/lib/python3.8/site-packages/airflow/example_dags/example_skip_dag.py took 0.149 seconds
[2023-11-09T19:14:07.440-0500] {processor.py:157} INFO - Started process (PID=49824) to work on /Users/az/anaconda3/envs/python38/lib/python3.8/site-packages/airflow/example_dags/example_skip_dag.py
[2023-11-09T19:14:07.445-0500] {processor.py:829} INFO - Processing file /Users/az/anaconda3/envs/python38/lib/python3.8/site-packages/airflow/example_dags/example_skip_dag.py for tasks to queue
[2023-11-09T19:14:07.445-0500] {logging_mixin.py:154} INFO - [2023-11-09T19:14:07.445-0500] {dagbag.py:536} INFO - Filling up the DagBag from /Users/az/anaconda3/envs/python38/lib/python3.8/site-packages/airflow/example_dags/example_skip_dag.py
[2023-11-09T19:14:07.460-0500] {processor.py:839} INFO - DAG(s) dict_keys(['example_skip_dag']) retrieved from /Users/az/anaconda3/envs/python38/lib/python3.8/site-packages/airflow/example_dags/example_skip_dag.py
[2023-11-09T19:14:07.568-0500] {logging_mixin.py:154} INFO - [2023-11-09T19:14:07.568-0500] {dag.py:2941} INFO - Sync 1 DAGs
[2023-11-09T19:14:07.577-0500] {logging_mixin.py:154} INFO - [2023-11-09T19:14:07.577-0500] {dag.py:3722} INFO - Setting next_dagrun for example_skip_dag to 2023-11-09T00:14:07.577389+00:00, run_after=2023-11-10T00:14:07.577389+00:00
[2023-11-09T19:14:07.587-0500] {processor.py:179} INFO - Processing /Users/az/anaconda3/envs/python38/lib/python3.8/site-packages/airflow/example_dags/example_skip_dag.py took 0.147 seconds
[2023-11-09T19:16:03.473-0500] {processor.py:157} INFO - Started process (PID=49961) to work on /Users/az/anaconda3/envs/python38/lib/python3.8/site-packages/airflow/example_dags/example_skip_dag.py
[2023-11-09T19:16:03.478-0500] {processor.py:829} INFO - Processing file /Users/az/anaconda3/envs/python38/lib/python3.8/site-packages/airflow/example_dags/example_skip_dag.py for tasks to queue
[2023-11-09T19:16:03.478-0500] {logging_mixin.py:154} INFO - [2023-11-09T19:16:03.478-0500] {dagbag.py:536} INFO - Filling up the DagBag from /Users/az/anaconda3/envs/python38/lib/python3.8/site-packages/airflow/example_dags/example_skip_dag.py
[2023-11-09T19:16:03.493-0500] {processor.py:839} INFO - DAG(s) dict_keys(['example_skip_dag']) retrieved from /Users/az/anaconda3/envs/python38/lib/python3.8/site-packages/airflow/example_dags/example_skip_dag.py
[2023-11-09T19:16:03.600-0500] {logging_mixin.py:154} INFO - [2023-11-09T19:16:03.600-0500] {dag.py:2941} INFO - Sync 1 DAGs
[2023-11-09T19:16:03.609-0500] {logging_mixin.py:154} INFO - [2023-11-09T19:16:03.609-0500] {dag.py:3722} INFO - Setting next_dagrun for example_skip_dag to 2023-11-09T00:16:03.609665+00:00, run_after=2023-11-10T00:16:03.609665+00:00
[2023-11-09T19:16:03.622-0500] {processor.py:179} INFO - Processing /Users/az/anaconda3/envs/python38/lib/python3.8/site-packages/airflow/example_dags/example_skip_dag.py took 0.150 seconds
[2023-11-09T19:17:07.531-0500] {processor.py:157} INFO - Started process (PID=50045) to work on /Users/az/anaconda3/envs/python38/lib/python3.8/site-packages/airflow/example_dags/example_skip_dag.py
[2023-11-09T19:17:07.536-0500] {processor.py:829} INFO - Processing file /Users/az/anaconda3/envs/python38/lib/python3.8/site-packages/airflow/example_dags/example_skip_dag.py for tasks to queue
[2023-11-09T19:17:07.537-0500] {logging_mixin.py:154} INFO - [2023-11-09T19:17:07.537-0500] {dagbag.py:536} INFO - Filling up the DagBag from /Users/az/anaconda3/envs/python38/lib/python3.8/site-packages/airflow/example_dags/example_skip_dag.py
[2023-11-09T19:17:07.552-0500] {processor.py:839} INFO - DAG(s) dict_keys(['example_skip_dag']) retrieved from /Users/az/anaconda3/envs/python38/lib/python3.8/site-packages/airflow/example_dags/example_skip_dag.py
[2023-11-09T19:17:07.659-0500] {logging_mixin.py:154} INFO - [2023-11-09T19:17:07.659-0500] {dag.py:2941} INFO - Sync 1 DAGs
[2023-11-09T19:17:07.668-0500] {logging_mixin.py:154} INFO - [2023-11-09T19:17:07.668-0500] {dag.py:3722} INFO - Setting next_dagrun for example_skip_dag to 2023-11-09T00:17:07.668386+00:00, run_after=2023-11-10T00:17:07.668386+00:00
[2023-11-09T19:17:07.679-0500] {processor.py:179} INFO - Processing /Users/az/anaconda3/envs/python38/lib/python3.8/site-packages/airflow/example_dags/example_skip_dag.py took 0.148 seconds
[2023-11-09T19:18:13.988-0500] {processor.py:157} INFO - Started process (PID=50127) to work on /Users/az/anaconda3/envs/python38/lib/python3.8/site-packages/airflow/example_dags/example_skip_dag.py
[2023-11-09T19:18:13.994-0500] {processor.py:829} INFO - Processing file /Users/az/anaconda3/envs/python38/lib/python3.8/site-packages/airflow/example_dags/example_skip_dag.py for tasks to queue
[2023-11-09T19:18:13.995-0500] {logging_mixin.py:154} INFO - [2023-11-09T19:18:13.995-0500] {dagbag.py:536} INFO - Filling up the DagBag from /Users/az/anaconda3/envs/python38/lib/python3.8/site-packages/airflow/example_dags/example_skip_dag.py
[2023-11-09T19:18:14.010-0500] {processor.py:839} INFO - DAG(s) dict_keys(['example_skip_dag']) retrieved from /Users/az/anaconda3/envs/python38/lib/python3.8/site-packages/airflow/example_dags/example_skip_dag.py
[2023-11-09T19:18:14.119-0500] {logging_mixin.py:154} INFO - [2023-11-09T19:18:14.119-0500] {dag.py:2941} INFO - Sync 1 DAGs
[2023-11-09T19:18:14.128-0500] {logging_mixin.py:154} INFO - [2023-11-09T19:18:14.128-0500] {dag.py:3722} INFO - Setting next_dagrun for example_skip_dag to 2023-11-09T00:18:14.128402+00:00, run_after=2023-11-10T00:18:14.128402+00:00
[2023-11-09T19:18:14.139-0500] {processor.py:179} INFO - Processing /Users/az/anaconda3/envs/python38/lib/python3.8/site-packages/airflow/example_dags/example_skip_dag.py took 0.151 seconds
[2023-11-09T19:19:21.257-0500] {processor.py:157} INFO - Started process (PID=50208) to work on /Users/az/anaconda3/envs/python38/lib/python3.8/site-packages/airflow/example_dags/example_skip_dag.py
[2023-11-09T19:19:21.264-0500] {processor.py:829} INFO - Processing file /Users/az/anaconda3/envs/python38/lib/python3.8/site-packages/airflow/example_dags/example_skip_dag.py for tasks to queue
[2023-11-09T19:19:21.265-0500] {logging_mixin.py:154} INFO - [2023-11-09T19:19:21.265-0500] {dagbag.py:536} INFO - Filling up the DagBag from /Users/az/anaconda3/envs/python38/lib/python3.8/site-packages/airflow/example_dags/example_skip_dag.py
[2023-11-09T19:19:21.279-0500] {processor.py:839} INFO - DAG(s) dict_keys(['example_skip_dag']) retrieved from /Users/az/anaconda3/envs/python38/lib/python3.8/site-packages/airflow/example_dags/example_skip_dag.py
[2023-11-09T19:19:21.388-0500] {logging_mixin.py:154} INFO - [2023-11-09T19:19:21.387-0500] {dag.py:2941} INFO - Sync 1 DAGs
[2023-11-09T19:19:21.397-0500] {logging_mixin.py:154} INFO - [2023-11-09T19:19:21.397-0500] {dag.py:3722} INFO - Setting next_dagrun for example_skip_dag to 2023-11-09T00:19:21.396982+00:00, run_after=2023-11-10T00:19:21.396982+00:00
[2023-11-09T19:19:21.407-0500] {processor.py:179} INFO - Processing /Users/az/anaconda3/envs/python38/lib/python3.8/site-packages/airflow/example_dags/example_skip_dag.py took 0.151 seconds
[2023-11-09T19:21:22.448-0500] {processor.py:157} INFO - Started process (PID=50356) to work on /Users/az/anaconda3/envs/python38/lib/python3.8/site-packages/airflow/example_dags/example_skip_dag.py
[2023-11-09T19:21:22.453-0500] {processor.py:829} INFO - Processing file /Users/az/anaconda3/envs/python38/lib/python3.8/site-packages/airflow/example_dags/example_skip_dag.py for tasks to queue
[2023-11-09T19:21:22.453-0500] {logging_mixin.py:154} INFO - [2023-11-09T19:21:22.453-0500] {dagbag.py:536} INFO - Filling up the DagBag from /Users/az/anaconda3/envs/python38/lib/python3.8/site-packages/airflow/example_dags/example_skip_dag.py
[2023-11-09T19:21:22.467-0500] {processor.py:839} INFO - DAG(s) dict_keys(['example_skip_dag']) retrieved from /Users/az/anaconda3/envs/python38/lib/python3.8/site-packages/airflow/example_dags/example_skip_dag.py
[2023-11-09T19:21:22.576-0500] {logging_mixin.py:154} INFO - [2023-11-09T19:21:22.575-0500] {dag.py:2941} INFO - Sync 1 DAGs
[2023-11-09T19:21:22.585-0500] {logging_mixin.py:154} INFO - [2023-11-09T19:21:22.584-0500] {dag.py:3722} INFO - Setting next_dagrun for example_skip_dag to 2023-11-09T00:21:22.584833+00:00, run_after=2023-11-10T00:21:22.584833+00:00
[2023-11-09T19:21:22.595-0500] {processor.py:179} INFO - Processing /Users/az/anaconda3/envs/python38/lib/python3.8/site-packages/airflow/example_dags/example_skip_dag.py took 0.147 seconds
[2023-11-09T19:23:33.451-0500] {processor.py:157} INFO - Started process (PID=50531) to work on /Users/az/anaconda3/envs/python38/lib/python3.8/site-packages/airflow/example_dags/example_skip_dag.py
[2023-11-09T19:23:33.455-0500] {processor.py:829} INFO - Processing file /Users/az/anaconda3/envs/python38/lib/python3.8/site-packages/airflow/example_dags/example_skip_dag.py for tasks to queue
[2023-11-09T19:23:33.455-0500] {logging_mixin.py:154} INFO - [2023-11-09T19:23:33.455-0500] {dagbag.py:536} INFO - Filling up the DagBag from /Users/az/anaconda3/envs/python38/lib/python3.8/site-packages/airflow/example_dags/example_skip_dag.py
[2023-11-09T19:23:33.470-0500] {processor.py:839} INFO - DAG(s) dict_keys(['example_skip_dag']) retrieved from /Users/az/anaconda3/envs/python38/lib/python3.8/site-packages/airflow/example_dags/example_skip_dag.py
[2023-11-09T19:23:33.579-0500] {logging_mixin.py:154} INFO - [2023-11-09T19:23:33.578-0500] {dag.py:2941} INFO - Sync 1 DAGs
[2023-11-09T19:23:33.587-0500] {logging_mixin.py:154} INFO - [2023-11-09T19:23:33.587-0500] {dag.py:3722} INFO - Setting next_dagrun for example_skip_dag to 2023-11-09T00:23:33.587823+00:00, run_after=2023-11-10T00:23:33.587823+00:00
[2023-11-09T19:23:33.598-0500] {processor.py:179} INFO - Processing /Users/az/anaconda3/envs/python38/lib/python3.8/site-packages/airflow/example_dags/example_skip_dag.py took 0.147 seconds
[2023-11-09T19:24:40.402-0500] {processor.py:157} INFO - Started process (PID=50613) to work on /Users/az/anaconda3/envs/python38/lib/python3.8/site-packages/airflow/example_dags/example_skip_dag.py
[2023-11-09T19:24:40.406-0500] {processor.py:829} INFO - Processing file /Users/az/anaconda3/envs/python38/lib/python3.8/site-packages/airflow/example_dags/example_skip_dag.py for tasks to queue
[2023-11-09T19:24:40.407-0500] {logging_mixin.py:154} INFO - [2023-11-09T19:24:40.407-0500] {dagbag.py:536} INFO - Filling up the DagBag from /Users/az/anaconda3/envs/python38/lib/python3.8/site-packages/airflow/example_dags/example_skip_dag.py
[2023-11-09T19:24:40.421-0500] {processor.py:839} INFO - DAG(s) dict_keys(['example_skip_dag']) retrieved from /Users/az/anaconda3/envs/python38/lib/python3.8/site-packages/airflow/example_dags/example_skip_dag.py
[2023-11-09T19:24:40.529-0500] {logging_mixin.py:154} INFO - [2023-11-09T19:24:40.529-0500] {dag.py:2941} INFO - Sync 1 DAGs
[2023-11-09T19:24:40.538-0500] {logging_mixin.py:154} INFO - [2023-11-09T19:24:40.538-0500] {dag.py:3722} INFO - Setting next_dagrun for example_skip_dag to 2023-11-09T00:24:40.538606+00:00, run_after=2023-11-10T00:24:40.538606+00:00
[2023-11-09T19:24:40.548-0500] {processor.py:179} INFO - Processing /Users/az/anaconda3/envs/python38/lib/python3.8/site-packages/airflow/example_dags/example_skip_dag.py took 0.147 seconds
[2023-11-09T19:26:43.149-0500] {processor.py:157} INFO - Started process (PID=50772) to work on /Users/az/anaconda3/envs/python38/lib/python3.8/site-packages/airflow/example_dags/example_skip_dag.py
[2023-11-09T19:26:43.154-0500] {processor.py:829} INFO - Processing file /Users/az/anaconda3/envs/python38/lib/python3.8/site-packages/airflow/example_dags/example_skip_dag.py for tasks to queue
[2023-11-09T19:26:43.155-0500] {logging_mixin.py:154} INFO - [2023-11-09T19:26:43.154-0500] {dagbag.py:536} INFO - Filling up the DagBag from /Users/az/anaconda3/envs/python38/lib/python3.8/site-packages/airflow/example_dags/example_skip_dag.py
[2023-11-09T19:26:43.169-0500] {processor.py:839} INFO - DAG(s) dict_keys(['example_skip_dag']) retrieved from /Users/az/anaconda3/envs/python38/lib/python3.8/site-packages/airflow/example_dags/example_skip_dag.py
[2023-11-09T19:26:43.281-0500] {logging_mixin.py:154} INFO - [2023-11-09T19:26:43.281-0500] {dag.py:2941} INFO - Sync 1 DAGs
[2023-11-09T19:26:43.290-0500] {logging_mixin.py:154} INFO - [2023-11-09T19:26:43.290-0500] {dag.py:3722} INFO - Setting next_dagrun for example_skip_dag to 2023-11-09T00:26:43.290181+00:00, run_after=2023-11-10T00:26:43.290181+00:00
[2023-11-09T19:26:43.300-0500] {processor.py:179} INFO - Processing /Users/az/anaconda3/envs/python38/lib/python3.8/site-packages/airflow/example_dags/example_skip_dag.py took 0.151 seconds
[2023-11-09T19:27:50.159-0500] {processor.py:157} INFO - Started process (PID=50853) to work on /Users/az/anaconda3/envs/python38/lib/python3.8/site-packages/airflow/example_dags/example_skip_dag.py
[2023-11-09T19:27:50.163-0500] {processor.py:829} INFO - Processing file /Users/az/anaconda3/envs/python38/lib/python3.8/site-packages/airflow/example_dags/example_skip_dag.py for tasks to queue
[2023-11-09T19:27:50.164-0500] {logging_mixin.py:154} INFO - [2023-11-09T19:27:50.164-0500] {dagbag.py:536} INFO - Filling up the DagBag from /Users/az/anaconda3/envs/python38/lib/python3.8/site-packages/airflow/example_dags/example_skip_dag.py
[2023-11-09T19:27:50.178-0500] {processor.py:839} INFO - DAG(s) dict_keys(['example_skip_dag']) retrieved from /Users/az/anaconda3/envs/python38/lib/python3.8/site-packages/airflow/example_dags/example_skip_dag.py
[2023-11-09T19:27:50.286-0500] {logging_mixin.py:154} INFO - [2023-11-09T19:27:50.286-0500] {dag.py:2941} INFO - Sync 1 DAGs
[2023-11-09T19:27:50.295-0500] {logging_mixin.py:154} INFO - [2023-11-09T19:27:50.295-0500] {dag.py:3722} INFO - Setting next_dagrun for example_skip_dag to 2023-11-09T00:27:50.294980+00:00, run_after=2023-11-10T00:27:50.294980+00:00
[2023-11-09T19:27:50.306-0500] {processor.py:179} INFO - Processing /Users/az/anaconda3/envs/python38/lib/python3.8/site-packages/airflow/example_dags/example_skip_dag.py took 0.148 seconds
[2023-11-09T19:28:58.572-0500] {processor.py:157} INFO - Started process (PID=50935) to work on /Users/az/anaconda3/envs/python38/lib/python3.8/site-packages/airflow/example_dags/example_skip_dag.py
[2023-11-09T19:28:58.577-0500] {processor.py:829} INFO - Processing file /Users/az/anaconda3/envs/python38/lib/python3.8/site-packages/airflow/example_dags/example_skip_dag.py for tasks to queue
[2023-11-09T19:28:58.577-0500] {logging_mixin.py:154} INFO - [2023-11-09T19:28:58.577-0500] {dagbag.py:536} INFO - Filling up the DagBag from /Users/az/anaconda3/envs/python38/lib/python3.8/site-packages/airflow/example_dags/example_skip_dag.py
[2023-11-09T19:28:58.592-0500] {processor.py:839} INFO - DAG(s) dict_keys(['example_skip_dag']) retrieved from /Users/az/anaconda3/envs/python38/lib/python3.8/site-packages/airflow/example_dags/example_skip_dag.py
[2023-11-09T19:28:58.699-0500] {logging_mixin.py:154} INFO - [2023-11-09T19:28:58.699-0500] {dag.py:2941} INFO - Sync 1 DAGs
[2023-11-09T19:28:58.708-0500] {logging_mixin.py:154} INFO - [2023-11-09T19:28:58.708-0500] {dag.py:3722} INFO - Setting next_dagrun for example_skip_dag to 2023-11-09T00:28:58.708551+00:00, run_after=2023-11-10T00:28:58.708551+00:00
[2023-11-09T19:28:58.718-0500] {processor.py:179} INFO - Processing /Users/az/anaconda3/envs/python38/lib/python3.8/site-packages/airflow/example_dags/example_skip_dag.py took 0.147 seconds
[2023-11-09T19:31:02.582-0500] {processor.py:157} INFO - Started process (PID=51086) to work on /Users/az/anaconda3/envs/python38/lib/python3.8/site-packages/airflow/example_dags/example_skip_dag.py
[2023-11-09T19:31:02.586-0500] {processor.py:829} INFO - Processing file /Users/az/anaconda3/envs/python38/lib/python3.8/site-packages/airflow/example_dags/example_skip_dag.py for tasks to queue
[2023-11-09T19:31:02.586-0500] {logging_mixin.py:154} INFO - [2023-11-09T19:31:02.586-0500] {dagbag.py:536} INFO - Filling up the DagBag from /Users/az/anaconda3/envs/python38/lib/python3.8/site-packages/airflow/example_dags/example_skip_dag.py
[2023-11-09T19:31:02.602-0500] {processor.py:839} INFO - DAG(s) dict_keys(['example_skip_dag']) retrieved from /Users/az/anaconda3/envs/python38/lib/python3.8/site-packages/airflow/example_dags/example_skip_dag.py
[2023-11-09T19:31:02.713-0500] {logging_mixin.py:154} INFO - [2023-11-09T19:31:02.713-0500] {dag.py:2941} INFO - Sync 1 DAGs
[2023-11-09T19:31:02.722-0500] {logging_mixin.py:154} INFO - [2023-11-09T19:31:02.722-0500] {dag.py:3722} INFO - Setting next_dagrun for example_skip_dag to 2023-11-09T00:31:02.722526+00:00, run_after=2023-11-10T00:31:02.722526+00:00
[2023-11-09T19:31:02.732-0500] {processor.py:179} INFO - Processing /Users/az/anaconda3/envs/python38/lib/python3.8/site-packages/airflow/example_dags/example_skip_dag.py took 0.150 seconds
[2023-11-09T19:33:17.094-0500] {processor.py:157} INFO - Started process (PID=51252) to work on /Users/az/anaconda3/envs/python38/lib/python3.8/site-packages/airflow/example_dags/example_skip_dag.py
[2023-11-09T19:33:17.099-0500] {processor.py:829} INFO - Processing file /Users/az/anaconda3/envs/python38/lib/python3.8/site-packages/airflow/example_dags/example_skip_dag.py for tasks to queue
[2023-11-09T19:33:17.099-0500] {logging_mixin.py:154} INFO - [2023-11-09T19:33:17.099-0500] {dagbag.py:536} INFO - Filling up the DagBag from /Users/az/anaconda3/envs/python38/lib/python3.8/site-packages/airflow/example_dags/example_skip_dag.py
[2023-11-09T19:33:17.114-0500] {processor.py:839} INFO - DAG(s) dict_keys(['example_skip_dag']) retrieved from /Users/az/anaconda3/envs/python38/lib/python3.8/site-packages/airflow/example_dags/example_skip_dag.py
[2023-11-09T19:33:17.222-0500] {logging_mixin.py:154} INFO - [2023-11-09T19:33:17.222-0500] {dag.py:2941} INFO - Sync 1 DAGs
[2023-11-09T19:33:17.231-0500] {logging_mixin.py:154} INFO - [2023-11-09T19:33:17.231-0500] {dag.py:3722} INFO - Setting next_dagrun for example_skip_dag to 2023-11-09T00:33:17.231082+00:00, run_after=2023-11-10T00:33:17.231082+00:00
[2023-11-09T19:33:17.242-0500] {processor.py:179} INFO - Processing /Users/az/anaconda3/envs/python38/lib/python3.8/site-packages/airflow/example_dags/example_skip_dag.py took 0.148 seconds
[2023-11-09T19:35:38.682-0500] {processor.py:157} INFO - Started process (PID=53272) to work on /Users/az/anaconda3/envs/python38/lib/python3.8/site-packages/airflow/example_dags/example_skip_dag.py
[2023-11-09T19:35:38.687-0500] {processor.py:829} INFO - Processing file /Users/az/anaconda3/envs/python38/lib/python3.8/site-packages/airflow/example_dags/example_skip_dag.py for tasks to queue
[2023-11-09T19:35:38.687-0500] {logging_mixin.py:154} INFO - [2023-11-09T19:35:38.687-0500] {dagbag.py:536} INFO - Filling up the DagBag from /Users/az/anaconda3/envs/python38/lib/python3.8/site-packages/airflow/example_dags/example_skip_dag.py
[2023-11-09T19:35:38.701-0500] {processor.py:839} INFO - DAG(s) dict_keys(['example_skip_dag']) retrieved from /Users/az/anaconda3/envs/python38/lib/python3.8/site-packages/airflow/example_dags/example_skip_dag.py
[2023-11-09T19:35:38.810-0500] {logging_mixin.py:154} INFO - [2023-11-09T19:35:38.810-0500] {dag.py:2941} INFO - Sync 1 DAGs
[2023-11-09T19:35:38.819-0500] {logging_mixin.py:154} INFO - [2023-11-09T19:35:38.819-0500] {dag.py:3722} INFO - Setting next_dagrun for example_skip_dag to 2023-11-09T00:35:38.818979+00:00, run_after=2023-11-10T00:35:38.818979+00:00
[2023-11-09T19:35:38.829-0500] {processor.py:179} INFO - Processing /Users/az/anaconda3/envs/python38/lib/python3.8/site-packages/airflow/example_dags/example_skip_dag.py took 0.147 seconds
[2023-11-09T19:37:34.493-0500] {processor.py:157} INFO - Started process (PID=53420) to work on /Users/az/anaconda3/envs/python38/lib/python3.8/site-packages/airflow/example_dags/example_skip_dag.py
[2023-11-09T19:37:34.497-0500] {processor.py:829} INFO - Processing file /Users/az/anaconda3/envs/python38/lib/python3.8/site-packages/airflow/example_dags/example_skip_dag.py for tasks to queue
[2023-11-09T19:37:34.497-0500] {logging_mixin.py:154} INFO - [2023-11-09T19:37:34.497-0500] {dagbag.py:536} INFO - Filling up the DagBag from /Users/az/anaconda3/envs/python38/lib/python3.8/site-packages/airflow/example_dags/example_skip_dag.py
[2023-11-09T19:37:34.511-0500] {processor.py:839} INFO - DAG(s) dict_keys(['example_skip_dag']) retrieved from /Users/az/anaconda3/envs/python38/lib/python3.8/site-packages/airflow/example_dags/example_skip_dag.py
[2023-11-09T19:37:34.619-0500] {logging_mixin.py:154} INFO - [2023-11-09T19:37:34.619-0500] {dag.py:2941} INFO - Sync 1 DAGs
[2023-11-09T19:37:34.628-0500] {logging_mixin.py:154} INFO - [2023-11-09T19:37:34.628-0500] {dag.py:3722} INFO - Setting next_dagrun for example_skip_dag to 2023-11-09T00:37:34.628769+00:00, run_after=2023-11-10T00:37:34.628769+00:00
[2023-11-09T19:37:34.639-0500] {processor.py:179} INFO - Processing /Users/az/anaconda3/envs/python38/lib/python3.8/site-packages/airflow/example_dags/example_skip_dag.py took 0.146 seconds
[2023-11-09T19:39:34.421-0500] {processor.py:157} INFO - Started process (PID=53571) to work on /Users/az/anaconda3/envs/python38/lib/python3.8/site-packages/airflow/example_dags/example_skip_dag.py
[2023-11-09T19:39:34.426-0500] {processor.py:829} INFO - Processing file /Users/az/anaconda3/envs/python38/lib/python3.8/site-packages/airflow/example_dags/example_skip_dag.py for tasks to queue
[2023-11-09T19:39:34.426-0500] {logging_mixin.py:154} INFO - [2023-11-09T19:39:34.426-0500] {dagbag.py:536} INFO - Filling up the DagBag from /Users/az/anaconda3/envs/python38/lib/python3.8/site-packages/airflow/example_dags/example_skip_dag.py
[2023-11-09T19:39:34.441-0500] {processor.py:839} INFO - DAG(s) dict_keys(['example_skip_dag']) retrieved from /Users/az/anaconda3/envs/python38/lib/python3.8/site-packages/airflow/example_dags/example_skip_dag.py
[2023-11-09T19:39:34.549-0500] {logging_mixin.py:154} INFO - [2023-11-09T19:39:34.549-0500] {dag.py:2941} INFO - Sync 1 DAGs
[2023-11-09T19:39:34.558-0500] {logging_mixin.py:154} INFO - [2023-11-09T19:39:34.558-0500] {dag.py:3722} INFO - Setting next_dagrun for example_skip_dag to 2023-11-09T00:39:34.558415+00:00, run_after=2023-11-10T00:39:34.558415+00:00
[2023-11-09T19:39:34.568-0500] {processor.py:179} INFO - Processing /Users/az/anaconda3/envs/python38/lib/python3.8/site-packages/airflow/example_dags/example_skip_dag.py took 0.147 seconds
[2023-11-09T19:41:34.713-0500] {processor.py:157} INFO - Started process (PID=53734) to work on /Users/az/anaconda3/envs/python38/lib/python3.8/site-packages/airflow/example_dags/example_skip_dag.py
[2023-11-09T19:41:34.718-0500] {processor.py:829} INFO - Processing file /Users/az/anaconda3/envs/python38/lib/python3.8/site-packages/airflow/example_dags/example_skip_dag.py for tasks to queue
[2023-11-09T19:41:34.718-0500] {logging_mixin.py:154} INFO - [2023-11-09T19:41:34.718-0500] {dagbag.py:536} INFO - Filling up the DagBag from /Users/az/anaconda3/envs/python38/lib/python3.8/site-packages/airflow/example_dags/example_skip_dag.py
[2023-11-09T19:41:34.733-0500] {processor.py:839} INFO - DAG(s) dict_keys(['example_skip_dag']) retrieved from /Users/az/anaconda3/envs/python38/lib/python3.8/site-packages/airflow/example_dags/example_skip_dag.py
[2023-11-09T19:41:34.841-0500] {logging_mixin.py:154} INFO - [2023-11-09T19:41:34.841-0500] {dag.py:2941} INFO - Sync 1 DAGs
[2023-11-09T19:41:34.850-0500] {logging_mixin.py:154} INFO - [2023-11-09T19:41:34.850-0500] {dag.py:3722} INFO - Setting next_dagrun for example_skip_dag to 2023-11-09T00:41:34.850738+00:00, run_after=2023-11-10T00:41:34.850738+00:00
[2023-11-09T19:41:34.861-0500] {processor.py:179} INFO - Processing /Users/az/anaconda3/envs/python38/lib/python3.8/site-packages/airflow/example_dags/example_skip_dag.py took 0.148 seconds
[2023-11-09T19:42:42.863-0500] {processor.py:157} INFO - Started process (PID=54104) to work on /Users/az/anaconda3/envs/python38/lib/python3.8/site-packages/airflow/example_dags/example_skip_dag.py
[2023-11-09T19:42:42.868-0500] {processor.py:829} INFO - Processing file /Users/az/anaconda3/envs/python38/lib/python3.8/site-packages/airflow/example_dags/example_skip_dag.py for tasks to queue
[2023-11-09T19:42:42.868-0500] {logging_mixin.py:154} INFO - [2023-11-09T19:42:42.868-0500] {dagbag.py:536} INFO - Filling up the DagBag from /Users/az/anaconda3/envs/python38/lib/python3.8/site-packages/airflow/example_dags/example_skip_dag.py
[2023-11-09T19:42:42.883-0500] {processor.py:839} INFO - DAG(s) dict_keys(['example_skip_dag']) retrieved from /Users/az/anaconda3/envs/python38/lib/python3.8/site-packages/airflow/example_dags/example_skip_dag.py
[2023-11-09T19:42:42.991-0500] {logging_mixin.py:154} INFO - [2023-11-09T19:42:42.991-0500] {dag.py:2941} INFO - Sync 1 DAGs
[2023-11-09T19:42:43.000-0500] {logging_mixin.py:154} INFO - [2023-11-09T19:42:43.000-0500] {dag.py:3722} INFO - Setting next_dagrun for example_skip_dag to 2023-11-09T00:42:43.000781+00:00, run_after=2023-11-10T00:42:43.000781+00:00
[2023-11-09T19:42:43.010-0500] {processor.py:179} INFO - Processing /Users/az/anaconda3/envs/python38/lib/python3.8/site-packages/airflow/example_dags/example_skip_dag.py took 0.148 seconds
[2023-11-09T19:43:47.996-0500] {processor.py:157} INFO - Started process (PID=54191) to work on /Users/az/anaconda3/envs/python38/lib/python3.8/site-packages/airflow/example_dags/example_skip_dag.py
[2023-11-09T19:43:48.001-0500] {processor.py:829} INFO - Processing file /Users/az/anaconda3/envs/python38/lib/python3.8/site-packages/airflow/example_dags/example_skip_dag.py for tasks to queue
[2023-11-09T19:43:48.001-0500] {logging_mixin.py:154} INFO - [2023-11-09T19:43:48.001-0500] {dagbag.py:536} INFO - Filling up the DagBag from /Users/az/anaconda3/envs/python38/lib/python3.8/site-packages/airflow/example_dags/example_skip_dag.py
[2023-11-09T19:43:48.022-0500] {processor.py:839} INFO - DAG(s) dict_keys(['example_skip_dag']) retrieved from /Users/az/anaconda3/envs/python38/lib/python3.8/site-packages/airflow/example_dags/example_skip_dag.py
[2023-11-09T19:43:48.138-0500] {logging_mixin.py:154} INFO - [2023-11-09T19:43:48.138-0500] {dag.py:2941} INFO - Sync 1 DAGs
[2023-11-09T19:43:48.148-0500] {logging_mixin.py:154} INFO - [2023-11-09T19:43:48.148-0500] {dag.py:3722} INFO - Setting next_dagrun for example_skip_dag to 2023-11-09T00:43:48.148101+00:00, run_after=2023-11-10T00:43:48.148101+00:00
[2023-11-09T19:43:48.158-0500] {processor.py:179} INFO - Processing /Users/az/anaconda3/envs/python38/lib/python3.8/site-packages/airflow/example_dags/example_skip_dag.py took 0.162 seconds
[2023-11-09T19:45:45.206-0500] {processor.py:157} INFO - Started process (PID=54338) to work on /Users/az/anaconda3/envs/python38/lib/python3.8/site-packages/airflow/example_dags/example_skip_dag.py
[2023-11-09T19:45:45.211-0500] {processor.py:829} INFO - Processing file /Users/az/anaconda3/envs/python38/lib/python3.8/site-packages/airflow/example_dags/example_skip_dag.py for tasks to queue
[2023-11-09T19:45:45.211-0500] {logging_mixin.py:154} INFO - [2023-11-09T19:45:45.211-0500] {dagbag.py:536} INFO - Filling up the DagBag from /Users/az/anaconda3/envs/python38/lib/python3.8/site-packages/airflow/example_dags/example_skip_dag.py
[2023-11-09T19:45:45.226-0500] {processor.py:839} INFO - DAG(s) dict_keys(['example_skip_dag']) retrieved from /Users/az/anaconda3/envs/python38/lib/python3.8/site-packages/airflow/example_dags/example_skip_dag.py
[2023-11-09T19:45:45.335-0500] {logging_mixin.py:154} INFO - [2023-11-09T19:45:45.335-0500] {dag.py:2941} INFO - Sync 1 DAGs
[2023-11-09T19:45:45.344-0500] {logging_mixin.py:154} INFO - [2023-11-09T19:45:45.344-0500] {dag.py:3722} INFO - Setting next_dagrun for example_skip_dag to 2023-11-09T00:45:45.344348+00:00, run_after=2023-11-10T00:45:45.344348+00:00
[2023-11-09T19:45:45.354-0500] {processor.py:179} INFO - Processing /Users/az/anaconda3/envs/python38/lib/python3.8/site-packages/airflow/example_dags/example_skip_dag.py took 0.149 seconds
[2023-11-09T19:47:42.094-0500] {processor.py:157} INFO - Started process (PID=54491) to work on /Users/az/anaconda3/envs/python38/lib/python3.8/site-packages/airflow/example_dags/example_skip_dag.py
[2023-11-09T19:47:42.098-0500] {processor.py:829} INFO - Processing file /Users/az/anaconda3/envs/python38/lib/python3.8/site-packages/airflow/example_dags/example_skip_dag.py for tasks to queue
[2023-11-09T19:47:42.099-0500] {logging_mixin.py:154} INFO - [2023-11-09T19:47:42.098-0500] {dagbag.py:536} INFO - Filling up the DagBag from /Users/az/anaconda3/envs/python38/lib/python3.8/site-packages/airflow/example_dags/example_skip_dag.py
[2023-11-09T19:47:42.113-0500] {processor.py:839} INFO - DAG(s) dict_keys(['example_skip_dag']) retrieved from /Users/az/anaconda3/envs/python38/lib/python3.8/site-packages/airflow/example_dags/example_skip_dag.py
[2023-11-09T19:47:42.221-0500] {logging_mixin.py:154} INFO - [2023-11-09T19:47:42.221-0500] {dag.py:2941} INFO - Sync 1 DAGs
[2023-11-09T19:47:42.230-0500] {logging_mixin.py:154} INFO - [2023-11-09T19:47:42.230-0500] {dag.py:3722} INFO - Setting next_dagrun for example_skip_dag to 2023-11-09T00:47:42.230729+00:00, run_after=2023-11-10T00:47:42.230729+00:00
[2023-11-09T19:47:42.241-0500] {processor.py:179} INFO - Processing /Users/az/anaconda3/envs/python38/lib/python3.8/site-packages/airflow/example_dags/example_skip_dag.py took 0.148 seconds
[2023-11-09T19:49:39.512-0500] {processor.py:157} INFO - Started process (PID=54634) to work on /Users/az/anaconda3/envs/python38/lib/python3.8/site-packages/airflow/example_dags/example_skip_dag.py
[2023-11-09T19:49:39.517-0500] {processor.py:829} INFO - Processing file /Users/az/anaconda3/envs/python38/lib/python3.8/site-packages/airflow/example_dags/example_skip_dag.py for tasks to queue
[2023-11-09T19:49:39.517-0500] {logging_mixin.py:154} INFO - [2023-11-09T19:49:39.517-0500] {dagbag.py:536} INFO - Filling up the DagBag from /Users/az/anaconda3/envs/python38/lib/python3.8/site-packages/airflow/example_dags/example_skip_dag.py
[2023-11-09T19:49:39.532-0500] {processor.py:839} INFO - DAG(s) dict_keys(['example_skip_dag']) retrieved from /Users/az/anaconda3/envs/python38/lib/python3.8/site-packages/airflow/example_dags/example_skip_dag.py
[2023-11-09T19:49:39.641-0500] {logging_mixin.py:154} INFO - [2023-11-09T19:49:39.640-0500] {dag.py:2941} INFO - Sync 1 DAGs
[2023-11-09T19:49:39.650-0500] {logging_mixin.py:154} INFO - [2023-11-09T19:49:39.649-0500] {dag.py:3722} INFO - Setting next_dagrun for example_skip_dag to 2023-11-09T00:49:39.649860+00:00, run_after=2023-11-10T00:49:39.649860+00:00
[2023-11-09T19:49:39.660-0500] {processor.py:179} INFO - Processing /Users/az/anaconda3/envs/python38/lib/python3.8/site-packages/airflow/example_dags/example_skip_dag.py took 0.148 seconds
[2023-11-09T19:51:39.593-0500] {processor.py:157} INFO - Started process (PID=54785) to work on /Users/az/anaconda3/envs/python38/lib/python3.8/site-packages/airflow/example_dags/example_skip_dag.py
[2023-11-09T19:51:39.598-0500] {processor.py:829} INFO - Processing file /Users/az/anaconda3/envs/python38/lib/python3.8/site-packages/airflow/example_dags/example_skip_dag.py for tasks to queue
[2023-11-09T19:51:39.598-0500] {logging_mixin.py:154} INFO - [2023-11-09T19:51:39.598-0500] {dagbag.py:536} INFO - Filling up the DagBag from /Users/az/anaconda3/envs/python38/lib/python3.8/site-packages/airflow/example_dags/example_skip_dag.py
[2023-11-09T19:51:39.613-0500] {processor.py:839} INFO - DAG(s) dict_keys(['example_skip_dag']) retrieved from /Users/az/anaconda3/envs/python38/lib/python3.8/site-packages/airflow/example_dags/example_skip_dag.py
[2023-11-09T19:51:39.721-0500] {logging_mixin.py:154} INFO - [2023-11-09T19:51:39.721-0500] {dag.py:2941} INFO - Sync 1 DAGs
[2023-11-09T19:51:39.730-0500] {logging_mixin.py:154} INFO - [2023-11-09T19:51:39.730-0500] {dag.py:3722} INFO - Setting next_dagrun for example_skip_dag to 2023-11-09T00:51:39.730061+00:00, run_after=2023-11-10T00:51:39.730061+00:00
[2023-11-09T19:51:39.740-0500] {processor.py:179} INFO - Processing /Users/az/anaconda3/envs/python38/lib/python3.8/site-packages/airflow/example_dags/example_skip_dag.py took 0.147 seconds
[2023-11-09T19:53:39.918-0500] {processor.py:157} INFO - Started process (PID=54947) to work on /Users/az/anaconda3/envs/python38/lib/python3.8/site-packages/airflow/example_dags/example_skip_dag.py
[2023-11-09T19:53:39.923-0500] {processor.py:829} INFO - Processing file /Users/az/anaconda3/envs/python38/lib/python3.8/site-packages/airflow/example_dags/example_skip_dag.py for tasks to queue
[2023-11-09T19:53:39.923-0500] {logging_mixin.py:154} INFO - [2023-11-09T19:53:39.923-0500] {dagbag.py:536} INFO - Filling up the DagBag from /Users/az/anaconda3/envs/python38/lib/python3.8/site-packages/airflow/example_dags/example_skip_dag.py
[2023-11-09T19:53:39.937-0500] {processor.py:839} INFO - DAG(s) dict_keys(['example_skip_dag']) retrieved from /Users/az/anaconda3/envs/python38/lib/python3.8/site-packages/airflow/example_dags/example_skip_dag.py
[2023-11-09T19:53:40.046-0500] {logging_mixin.py:154} INFO - [2023-11-09T19:53:40.046-0500] {dag.py:2941} INFO - Sync 1 DAGs
[2023-11-09T19:53:40.055-0500] {logging_mixin.py:154} INFO - [2023-11-09T19:53:40.055-0500] {dag.py:3722} INFO - Setting next_dagrun for example_skip_dag to 2023-11-09T00:53:40.055239+00:00, run_after=2023-11-10T00:53:40.055239+00:00
[2023-11-09T19:53:40.065-0500] {processor.py:179} INFO - Processing /Users/az/anaconda3/envs/python38/lib/python3.8/site-packages/airflow/example_dags/example_skip_dag.py took 0.148 seconds
[2023-11-09T19:55:35.518-0500] {processor.py:157} INFO - Started process (PID=55090) to work on /Users/az/anaconda3/envs/python38/lib/python3.8/site-packages/airflow/example_dags/example_skip_dag.py
[2023-11-09T19:55:35.523-0500] {processor.py:829} INFO - Processing file /Users/az/anaconda3/envs/python38/lib/python3.8/site-packages/airflow/example_dags/example_skip_dag.py for tasks to queue
[2023-11-09T19:55:35.523-0500] {logging_mixin.py:154} INFO - [2023-11-09T19:55:35.523-0500] {dagbag.py:536} INFO - Filling up the DagBag from /Users/az/anaconda3/envs/python38/lib/python3.8/site-packages/airflow/example_dags/example_skip_dag.py
[2023-11-09T19:55:35.538-0500] {processor.py:839} INFO - DAG(s) dict_keys(['example_skip_dag']) retrieved from /Users/az/anaconda3/envs/python38/lib/python3.8/site-packages/airflow/example_dags/example_skip_dag.py
[2023-11-09T19:55:35.646-0500] {logging_mixin.py:154} INFO - [2023-11-09T19:55:35.646-0500] {dag.py:2941} INFO - Sync 1 DAGs
[2023-11-09T19:55:35.655-0500] {logging_mixin.py:154} INFO - [2023-11-09T19:55:35.655-0500] {dag.py:3722} INFO - Setting next_dagrun for example_skip_dag to 2023-11-09T00:55:35.655639+00:00, run_after=2023-11-10T00:55:35.655639+00:00
[2023-11-09T19:55:35.665-0500] {processor.py:179} INFO - Processing /Users/az/anaconda3/envs/python38/lib/python3.8/site-packages/airflow/example_dags/example_skip_dag.py took 0.148 seconds
[2023-11-09T19:57:37.378-0500] {processor.py:157} INFO - Started process (PID=55254) to work on /Users/az/anaconda3/envs/python38/lib/python3.8/site-packages/airflow/example_dags/example_skip_dag.py
[2023-11-09T19:57:37.383-0500] {processor.py:829} INFO - Processing file /Users/az/anaconda3/envs/python38/lib/python3.8/site-packages/airflow/example_dags/example_skip_dag.py for tasks to queue
[2023-11-09T19:57:37.383-0500] {logging_mixin.py:154} INFO - [2023-11-09T19:57:37.383-0500] {dagbag.py:536} INFO - Filling up the DagBag from /Users/az/anaconda3/envs/python38/lib/python3.8/site-packages/airflow/example_dags/example_skip_dag.py
[2023-11-09T19:57:37.402-0500] {processor.py:839} INFO - DAG(s) dict_keys(['example_skip_dag']) retrieved from /Users/az/anaconda3/envs/python38/lib/python3.8/site-packages/airflow/example_dags/example_skip_dag.py
[2023-11-09T19:57:37.556-0500] {logging_mixin.py:154} INFO - [2023-11-09T19:57:37.555-0500] {dag.py:2941} INFO - Sync 1 DAGs
[2023-11-09T19:57:37.569-0500] {logging_mixin.py:154} INFO - [2023-11-09T19:57:37.569-0500] {dag.py:3722} INFO - Setting next_dagrun for example_skip_dag to 2023-11-09T00:57:37.569694+00:00, run_after=2023-11-10T00:57:37.569694+00:00
[2023-11-09T19:57:37.584-0500] {processor.py:179} INFO - Processing /Users/az/anaconda3/envs/python38/lib/python3.8/site-packages/airflow/example_dags/example_skip_dag.py took 0.207 seconds
[2023-11-09T19:59:36.666-0500] {processor.py:157} INFO - Started process (PID=55403) to work on /Users/az/anaconda3/envs/python38/lib/python3.8/site-packages/airflow/example_dags/example_skip_dag.py
[2023-11-09T19:59:36.671-0500] {processor.py:829} INFO - Processing file /Users/az/anaconda3/envs/python38/lib/python3.8/site-packages/airflow/example_dags/example_skip_dag.py for tasks to queue
[2023-11-09T19:59:36.671-0500] {logging_mixin.py:154} INFO - [2023-11-09T19:59:36.671-0500] {dagbag.py:536} INFO - Filling up the DagBag from /Users/az/anaconda3/envs/python38/lib/python3.8/site-packages/airflow/example_dags/example_skip_dag.py
[2023-11-09T19:59:36.686-0500] {processor.py:839} INFO - DAG(s) dict_keys(['example_skip_dag']) retrieved from /Users/az/anaconda3/envs/python38/lib/python3.8/site-packages/airflow/example_dags/example_skip_dag.py
[2023-11-09T19:59:36.794-0500] {logging_mixin.py:154} INFO - [2023-11-09T19:59:36.793-0500] {dag.py:2941} INFO - Sync 1 DAGs
[2023-11-09T19:59:36.803-0500] {logging_mixin.py:154} INFO - [2023-11-09T19:59:36.803-0500] {dag.py:3722} INFO - Setting next_dagrun for example_skip_dag to 2023-11-09T00:59:36.803189+00:00, run_after=2023-11-10T00:59:36.803189+00:00
[2023-11-09T19:59:36.813-0500] {processor.py:179} INFO - Processing /Users/az/anaconda3/envs/python38/lib/python3.8/site-packages/airflow/example_dags/example_skip_dag.py took 0.148 seconds
[2023-11-09T20:01:39.372-0500] {processor.py:157} INFO - Started process (PID=55561) to work on /Users/az/anaconda3/envs/python38/lib/python3.8/site-packages/airflow/example_dags/example_skip_dag.py
[2023-11-09T20:01:39.377-0500] {processor.py:829} INFO - Processing file /Users/az/anaconda3/envs/python38/lib/python3.8/site-packages/airflow/example_dags/example_skip_dag.py for tasks to queue
[2023-11-09T20:01:39.377-0500] {logging_mixin.py:154} INFO - [2023-11-09T20:01:39.377-0500] {dagbag.py:536} INFO - Filling up the DagBag from /Users/az/anaconda3/envs/python38/lib/python3.8/site-packages/airflow/example_dags/example_skip_dag.py
[2023-11-09T20:01:39.391-0500] {processor.py:839} INFO - DAG(s) dict_keys(['example_skip_dag']) retrieved from /Users/az/anaconda3/envs/python38/lib/python3.8/site-packages/airflow/example_dags/example_skip_dag.py
[2023-11-09T20:01:39.499-0500] {logging_mixin.py:154} INFO - [2023-11-09T20:01:39.499-0500] {dag.py:2941} INFO - Sync 1 DAGs
[2023-11-09T20:01:39.508-0500] {logging_mixin.py:154} INFO - [2023-11-09T20:01:39.508-0500] {dag.py:3722} INFO - Setting next_dagrun for example_skip_dag to 2023-11-09T01:01:39.508325+00:00, run_after=2023-11-10T01:01:39.508325+00:00
[2023-11-09T20:01:39.518-0500] {processor.py:179} INFO - Processing /Users/az/anaconda3/envs/python38/lib/python3.8/site-packages/airflow/example_dags/example_skip_dag.py took 0.147 seconds
[2023-11-09T20:03:41.122-0500] {processor.py:157} INFO - Started process (PID=55721) to work on /Users/az/anaconda3/envs/python38/lib/python3.8/site-packages/airflow/example_dags/example_skip_dag.py
[2023-11-09T20:03:41.127-0500] {processor.py:829} INFO - Processing file /Users/az/anaconda3/envs/python38/lib/python3.8/site-packages/airflow/example_dags/example_skip_dag.py for tasks to queue
[2023-11-09T20:03:41.127-0500] {logging_mixin.py:154} INFO - [2023-11-09T20:03:41.127-0500] {dagbag.py:536} INFO - Filling up the DagBag from /Users/az/anaconda3/envs/python38/lib/python3.8/site-packages/airflow/example_dags/example_skip_dag.py
[2023-11-09T20:03:41.142-0500] {processor.py:839} INFO - DAG(s) dict_keys(['example_skip_dag']) retrieved from /Users/az/anaconda3/envs/python38/lib/python3.8/site-packages/airflow/example_dags/example_skip_dag.py
[2023-11-09T20:03:41.258-0500] {logging_mixin.py:154} INFO - [2023-11-09T20:03:41.258-0500] {dag.py:2941} INFO - Sync 1 DAGs
[2023-11-09T20:03:41.267-0500] {logging_mixin.py:154} INFO - [2023-11-09T20:03:41.267-0500] {dag.py:3722} INFO - Setting next_dagrun for example_skip_dag to 2023-11-09T01:03:41.267638+00:00, run_after=2023-11-10T01:03:41.267638+00:00
[2023-11-09T20:03:41.278-0500] {processor.py:179} INFO - Processing /Users/az/anaconda3/envs/python38/lib/python3.8/site-packages/airflow/example_dags/example_skip_dag.py took 0.156 seconds
[2023-11-09T20:05:38.111-0500] {processor.py:157} INFO - Started process (PID=55874) to work on /Users/az/anaconda3/envs/python38/lib/python3.8/site-packages/airflow/example_dags/example_skip_dag.py
[2023-11-09T20:05:38.115-0500] {processor.py:829} INFO - Processing file /Users/az/anaconda3/envs/python38/lib/python3.8/site-packages/airflow/example_dags/example_skip_dag.py for tasks to queue
[2023-11-09T20:05:38.115-0500] {logging_mixin.py:154} INFO - [2023-11-09T20:05:38.115-0500] {dagbag.py:536} INFO - Filling up the DagBag from /Users/az/anaconda3/envs/python38/lib/python3.8/site-packages/airflow/example_dags/example_skip_dag.py
[2023-11-09T20:05:38.130-0500] {processor.py:839} INFO - DAG(s) dict_keys(['example_skip_dag']) retrieved from /Users/az/anaconda3/envs/python38/lib/python3.8/site-packages/airflow/example_dags/example_skip_dag.py
[2023-11-09T20:05:38.239-0500] {logging_mixin.py:154} INFO - [2023-11-09T20:05:38.239-0500] {dag.py:2941} INFO - Sync 1 DAGs
[2023-11-09T20:05:38.248-0500] {logging_mixin.py:154} INFO - [2023-11-09T20:05:38.248-0500] {dag.py:3722} INFO - Setting next_dagrun for example_skip_dag to 2023-11-09T01:05:38.248312+00:00, run_after=2023-11-10T01:05:38.248312+00:00
[2023-11-09T20:05:38.258-0500] {processor.py:179} INFO - Processing /Users/az/anaconda3/envs/python38/lib/python3.8/site-packages/airflow/example_dags/example_skip_dag.py took 0.148 seconds
[2023-11-09T20:07:35.926-0500] {processor.py:157} INFO - Started process (PID=56041) to work on /Users/az/anaconda3/envs/python38/lib/python3.8/site-packages/airflow/example_dags/example_skip_dag.py
[2023-11-09T20:07:35.931-0500] {processor.py:829} INFO - Processing file /Users/az/anaconda3/envs/python38/lib/python3.8/site-packages/airflow/example_dags/example_skip_dag.py for tasks to queue
[2023-11-09T20:07:35.931-0500] {logging_mixin.py:154} INFO - [2023-11-09T20:07:35.931-0500] {dagbag.py:536} INFO - Filling up the DagBag from /Users/az/anaconda3/envs/python38/lib/python3.8/site-packages/airflow/example_dags/example_skip_dag.py
[2023-11-09T20:07:35.946-0500] {processor.py:839} INFO - DAG(s) dict_keys(['example_skip_dag']) retrieved from /Users/az/anaconda3/envs/python38/lib/python3.8/site-packages/airflow/example_dags/example_skip_dag.py
[2023-11-09T20:07:36.055-0500] {logging_mixin.py:154} INFO - [2023-11-09T20:07:36.055-0500] {dag.py:2941} INFO - Sync 1 DAGs
[2023-11-09T20:07:36.064-0500] {logging_mixin.py:154} INFO - [2023-11-09T20:07:36.064-0500] {dag.py:3722} INFO - Setting next_dagrun for example_skip_dag to 2023-11-09T01:07:36.064036+00:00, run_after=2023-11-10T01:07:36.064036+00:00
[2023-11-09T20:07:36.074-0500] {processor.py:179} INFO - Processing /Users/az/anaconda3/envs/python38/lib/python3.8/site-packages/airflow/example_dags/example_skip_dag.py took 0.148 seconds
[2023-11-09T20:09:33.527-0500] {processor.py:157} INFO - Started process (PID=56207) to work on /Users/az/anaconda3/envs/python38/lib/python3.8/site-packages/airflow/example_dags/example_skip_dag.py
[2023-11-09T20:09:33.532-0500] {processor.py:829} INFO - Processing file /Users/az/anaconda3/envs/python38/lib/python3.8/site-packages/airflow/example_dags/example_skip_dag.py for tasks to queue
[2023-11-09T20:09:33.532-0500] {logging_mixin.py:154} INFO - [2023-11-09T20:09:33.532-0500] {dagbag.py:536} INFO - Filling up the DagBag from /Users/az/anaconda3/envs/python38/lib/python3.8/site-packages/airflow/example_dags/example_skip_dag.py
[2023-11-09T20:09:33.547-0500] {processor.py:839} INFO - DAG(s) dict_keys(['example_skip_dag']) retrieved from /Users/az/anaconda3/envs/python38/lib/python3.8/site-packages/airflow/example_dags/example_skip_dag.py
[2023-11-09T20:09:33.654-0500] {logging_mixin.py:154} INFO - [2023-11-09T20:09:33.654-0500] {dag.py:2941} INFO - Sync 1 DAGs
[2023-11-09T20:09:33.663-0500] {logging_mixin.py:154} INFO - [2023-11-09T20:09:33.663-0500] {dag.py:3722} INFO - Setting next_dagrun for example_skip_dag to 2023-11-09T01:09:33.663303+00:00, run_after=2023-11-10T01:09:33.663303+00:00
[2023-11-09T20:09:33.673-0500] {processor.py:179} INFO - Processing /Users/az/anaconda3/envs/python38/lib/python3.8/site-packages/airflow/example_dags/example_skip_dag.py took 0.146 seconds
[2023-11-09T20:11:31.632-0500] {processor.py:157} INFO - Started process (PID=56362) to work on /Users/az/anaconda3/envs/python38/lib/python3.8/site-packages/airflow/example_dags/example_skip_dag.py
[2023-11-09T20:11:31.637-0500] {processor.py:829} INFO - Processing file /Users/az/anaconda3/envs/python38/lib/python3.8/site-packages/airflow/example_dags/example_skip_dag.py for tasks to queue
[2023-11-09T20:11:31.637-0500] {logging_mixin.py:154} INFO - [2023-11-09T20:11:31.637-0500] {dagbag.py:536} INFO - Filling up the DagBag from /Users/az/anaconda3/envs/python38/lib/python3.8/site-packages/airflow/example_dags/example_skip_dag.py
[2023-11-09T20:11:31.652-0500] {processor.py:839} INFO - DAG(s) dict_keys(['example_skip_dag']) retrieved from /Users/az/anaconda3/envs/python38/lib/python3.8/site-packages/airflow/example_dags/example_skip_dag.py
[2023-11-09T20:11:31.759-0500] {logging_mixin.py:154} INFO - [2023-11-09T20:11:31.759-0500] {dag.py:2941} INFO - Sync 1 DAGs
[2023-11-09T20:11:31.768-0500] {logging_mixin.py:154} INFO - [2023-11-09T20:11:31.768-0500] {dag.py:3722} INFO - Setting next_dagrun for example_skip_dag to 2023-11-09T01:11:31.768742+00:00, run_after=2023-11-10T01:11:31.768742+00:00
[2023-11-09T20:11:31.778-0500] {processor.py:179} INFO - Processing /Users/az/anaconda3/envs/python38/lib/python3.8/site-packages/airflow/example_dags/example_skip_dag.py took 0.146 seconds
[2023-11-09T20:13:30.878-0500] {processor.py:157} INFO - Started process (PID=56536) to work on /Users/az/anaconda3/envs/python38/lib/python3.8/site-packages/airflow/example_dags/example_skip_dag.py
[2023-11-09T20:13:30.883-0500] {processor.py:829} INFO - Processing file /Users/az/anaconda3/envs/python38/lib/python3.8/site-packages/airflow/example_dags/example_skip_dag.py for tasks to queue
[2023-11-09T20:13:30.883-0500] {logging_mixin.py:154} INFO - [2023-11-09T20:13:30.883-0500] {dagbag.py:536} INFO - Filling up the DagBag from /Users/az/anaconda3/envs/python38/lib/python3.8/site-packages/airflow/example_dags/example_skip_dag.py
[2023-11-09T20:13:30.898-0500] {processor.py:839} INFO - DAG(s) dict_keys(['example_skip_dag']) retrieved from /Users/az/anaconda3/envs/python38/lib/python3.8/site-packages/airflow/example_dags/example_skip_dag.py
[2023-11-09T20:13:31.006-0500] {logging_mixin.py:154} INFO - [2023-11-09T20:13:31.006-0500] {dag.py:2941} INFO - Sync 1 DAGs
[2023-11-09T20:13:31.015-0500] {logging_mixin.py:154} INFO - [2023-11-09T20:13:31.015-0500] {dag.py:3722} INFO - Setting next_dagrun for example_skip_dag to 2023-11-09T01:13:31.015549+00:00, run_after=2023-11-10T01:13:31.015549+00:00
[2023-11-09T20:13:31.025-0500] {processor.py:179} INFO - Processing /Users/az/anaconda3/envs/python38/lib/python3.8/site-packages/airflow/example_dags/example_skip_dag.py took 0.148 seconds
[2023-11-09T20:15:29.366-0500] {processor.py:157} INFO - Started process (PID=56692) to work on /Users/az/anaconda3/envs/python38/lib/python3.8/site-packages/airflow/example_dags/example_skip_dag.py
[2023-11-09T20:15:29.370-0500] {processor.py:829} INFO - Processing file /Users/az/anaconda3/envs/python38/lib/python3.8/site-packages/airflow/example_dags/example_skip_dag.py for tasks to queue
[2023-11-09T20:15:29.371-0500] {logging_mixin.py:154} INFO - [2023-11-09T20:15:29.371-0500] {dagbag.py:536} INFO - Filling up the DagBag from /Users/az/anaconda3/envs/python38/lib/python3.8/site-packages/airflow/example_dags/example_skip_dag.py
[2023-11-09T20:15:29.385-0500] {processor.py:839} INFO - DAG(s) dict_keys(['example_skip_dag']) retrieved from /Users/az/anaconda3/envs/python38/lib/python3.8/site-packages/airflow/example_dags/example_skip_dag.py
[2023-11-09T20:15:29.493-0500] {logging_mixin.py:154} INFO - [2023-11-09T20:15:29.493-0500] {dag.py:2941} INFO - Sync 1 DAGs
[2023-11-09T20:15:29.502-0500] {logging_mixin.py:154} INFO - [2023-11-09T20:15:29.502-0500] {dag.py:3722} INFO - Setting next_dagrun for example_skip_dag to 2023-11-09T01:15:29.502616+00:00, run_after=2023-11-10T01:15:29.502616+00:00
[2023-11-09T20:15:29.512-0500] {processor.py:179} INFO - Processing /Users/az/anaconda3/envs/python38/lib/python3.8/site-packages/airflow/example_dags/example_skip_dag.py took 0.147 seconds
[2023-11-09T20:17:28.823-0500] {processor.py:157} INFO - Started process (PID=56842) to work on /Users/az/anaconda3/envs/python38/lib/python3.8/site-packages/airflow/example_dags/example_skip_dag.py
[2023-11-09T20:17:28.828-0500] {processor.py:829} INFO - Processing file /Users/az/anaconda3/envs/python38/lib/python3.8/site-packages/airflow/example_dags/example_skip_dag.py for tasks to queue
[2023-11-09T20:17:28.828-0500] {logging_mixin.py:154} INFO - [2023-11-09T20:17:28.828-0500] {dagbag.py:536} INFO - Filling up the DagBag from /Users/az/anaconda3/envs/python38/lib/python3.8/site-packages/airflow/example_dags/example_skip_dag.py
[2023-11-09T20:17:28.843-0500] {processor.py:839} INFO - DAG(s) dict_keys(['example_skip_dag']) retrieved from /Users/az/anaconda3/envs/python38/lib/python3.8/site-packages/airflow/example_dags/example_skip_dag.py
[2023-11-09T20:17:28.950-0500] {logging_mixin.py:154} INFO - [2023-11-09T20:17:28.950-0500] {dag.py:2941} INFO - Sync 1 DAGs
[2023-11-09T20:17:28.959-0500] {logging_mixin.py:154} INFO - [2023-11-09T20:17:28.959-0500] {dag.py:3722} INFO - Setting next_dagrun for example_skip_dag to 2023-11-09T01:17:28.959781+00:00, run_after=2023-11-10T01:17:28.959781+00:00
[2023-11-09T20:17:28.970-0500] {processor.py:179} INFO - Processing /Users/az/anaconda3/envs/python38/lib/python3.8/site-packages/airflow/example_dags/example_skip_dag.py took 0.147 seconds
[2023-11-09T20:19:27.441-0500] {processor.py:157} INFO - Started process (PID=56991) to work on /Users/az/anaconda3/envs/python38/lib/python3.8/site-packages/airflow/example_dags/example_skip_dag.py
[2023-11-09T20:19:27.444-0500] {processor.py:829} INFO - Processing file /Users/az/anaconda3/envs/python38/lib/python3.8/site-packages/airflow/example_dags/example_skip_dag.py for tasks to queue
[2023-11-09T20:19:27.445-0500] {logging_mixin.py:154} INFO - [2023-11-09T20:19:27.445-0500] {dagbag.py:536} INFO - Filling up the DagBag from /Users/az/anaconda3/envs/python38/lib/python3.8/site-packages/airflow/example_dags/example_skip_dag.py
[2023-11-09T20:19:27.460-0500] {processor.py:839} INFO - DAG(s) dict_keys(['example_skip_dag']) retrieved from /Users/az/anaconda3/envs/python38/lib/python3.8/site-packages/airflow/example_dags/example_skip_dag.py
[2023-11-09T20:19:27.568-0500] {logging_mixin.py:154} INFO - [2023-11-09T20:19:27.568-0500] {dag.py:2941} INFO - Sync 1 DAGs
[2023-11-09T20:19:27.577-0500] {logging_mixin.py:154} INFO - [2023-11-09T20:19:27.577-0500] {dag.py:3722} INFO - Setting next_dagrun for example_skip_dag to 2023-11-09T01:19:27.577181+00:00, run_after=2023-11-10T01:19:27.577181+00:00
[2023-11-09T20:19:27.587-0500] {processor.py:179} INFO - Processing /Users/az/anaconda3/envs/python38/lib/python3.8/site-packages/airflow/example_dags/example_skip_dag.py took 0.147 seconds
[2023-11-09T20:21:28.839-0500] {processor.py:157} INFO - Started process (PID=57138) to work on /Users/az/anaconda3/envs/python38/lib/python3.8/site-packages/airflow/example_dags/example_skip_dag.py
[2023-11-09T20:21:28.843-0500] {processor.py:829} INFO - Processing file /Users/az/anaconda3/envs/python38/lib/python3.8/site-packages/airflow/example_dags/example_skip_dag.py for tasks to queue
[2023-11-09T20:21:28.844-0500] {logging_mixin.py:154} INFO - [2023-11-09T20:21:28.844-0500] {dagbag.py:536} INFO - Filling up the DagBag from /Users/az/anaconda3/envs/python38/lib/python3.8/site-packages/airflow/example_dags/example_skip_dag.py
[2023-11-09T20:21:28.858-0500] {processor.py:839} INFO - DAG(s) dict_keys(['example_skip_dag']) retrieved from /Users/az/anaconda3/envs/python38/lib/python3.8/site-packages/airflow/example_dags/example_skip_dag.py
[2023-11-09T20:21:28.966-0500] {logging_mixin.py:154} INFO - [2023-11-09T20:21:28.965-0500] {dag.py:2941} INFO - Sync 1 DAGs
[2023-11-09T20:21:28.975-0500] {logging_mixin.py:154} INFO - [2023-11-09T20:21:28.975-0500] {dag.py:3722} INFO - Setting next_dagrun for example_skip_dag to 2023-11-09T01:21:28.975061+00:00, run_after=2023-11-10T01:21:28.975061+00:00
[2023-11-09T20:21:28.985-0500] {processor.py:179} INFO - Processing /Users/az/anaconda3/envs/python38/lib/python3.8/site-packages/airflow/example_dags/example_skip_dag.py took 0.146 seconds
[2023-11-09T20:23:26.583-0500] {processor.py:157} INFO - Started process (PID=57301) to work on /Users/az/anaconda3/envs/python38/lib/python3.8/site-packages/airflow/example_dags/example_skip_dag.py
[2023-11-09T20:23:26.588-0500] {processor.py:829} INFO - Processing file /Users/az/anaconda3/envs/python38/lib/python3.8/site-packages/airflow/example_dags/example_skip_dag.py for tasks to queue
[2023-11-09T20:23:26.588-0500] {logging_mixin.py:154} INFO - [2023-11-09T20:23:26.588-0500] {dagbag.py:536} INFO - Filling up the DagBag from /Users/az/anaconda3/envs/python38/lib/python3.8/site-packages/airflow/example_dags/example_skip_dag.py
[2023-11-09T20:23:26.603-0500] {processor.py:839} INFO - DAG(s) dict_keys(['example_skip_dag']) retrieved from /Users/az/anaconda3/envs/python38/lib/python3.8/site-packages/airflow/example_dags/example_skip_dag.py
[2023-11-09T20:23:26.712-0500] {logging_mixin.py:154} INFO - [2023-11-09T20:23:26.711-0500] {dag.py:2941} INFO - Sync 1 DAGs
[2023-11-09T20:23:26.721-0500] {logging_mixin.py:154} INFO - [2023-11-09T20:23:26.720-0500] {dag.py:3722} INFO - Setting next_dagrun for example_skip_dag to 2023-11-09T01:23:26.720864+00:00, run_after=2023-11-10T01:23:26.720864+00:00
[2023-11-09T20:23:26.731-0500] {processor.py:179} INFO - Processing /Users/az/anaconda3/envs/python38/lib/python3.8/site-packages/airflow/example_dags/example_skip_dag.py took 0.148 seconds
[2023-11-09T20:25:25.390-0500] {processor.py:157} INFO - Started process (PID=57450) to work on /Users/az/anaconda3/envs/python38/lib/python3.8/site-packages/airflow/example_dags/example_skip_dag.py
[2023-11-09T20:25:25.394-0500] {processor.py:829} INFO - Processing file /Users/az/anaconda3/envs/python38/lib/python3.8/site-packages/airflow/example_dags/example_skip_dag.py for tasks to queue
[2023-11-09T20:25:25.395-0500] {logging_mixin.py:154} INFO - [2023-11-09T20:25:25.395-0500] {dagbag.py:536} INFO - Filling up the DagBag from /Users/az/anaconda3/envs/python38/lib/python3.8/site-packages/airflow/example_dags/example_skip_dag.py
[2023-11-09T20:25:25.409-0500] {processor.py:839} INFO - DAG(s) dict_keys(['example_skip_dag']) retrieved from /Users/az/anaconda3/envs/python38/lib/python3.8/site-packages/airflow/example_dags/example_skip_dag.py
[2023-11-09T20:25:25.517-0500] {logging_mixin.py:154} INFO - [2023-11-09T20:25:25.517-0500] {dag.py:2941} INFO - Sync 1 DAGs
[2023-11-09T20:25:25.526-0500] {logging_mixin.py:154} INFO - [2023-11-09T20:25:25.526-0500] {dag.py:3722} INFO - Setting next_dagrun for example_skip_dag to 2023-11-09T01:25:25.526350+00:00, run_after=2023-11-10T01:25:25.526350+00:00
[2023-11-09T20:25:25.536-0500] {processor.py:179} INFO - Processing /Users/az/anaconda3/envs/python38/lib/python3.8/site-packages/airflow/example_dags/example_skip_dag.py took 0.147 seconds
[2023-11-09T20:27:53.787-0500] {processor.py:157} INFO - Started process (PID=57603) to work on /Users/az/anaconda3/envs/python38/lib/python3.8/site-packages/airflow/example_dags/example_skip_dag.py
[2023-11-09T20:27:53.792-0500] {processor.py:829} INFO - Processing file /Users/az/anaconda3/envs/python38/lib/python3.8/site-packages/airflow/example_dags/example_skip_dag.py for tasks to queue
[2023-11-09T20:27:53.792-0500] {logging_mixin.py:154} INFO - [2023-11-09T20:27:53.792-0500] {dagbag.py:536} INFO - Filling up the DagBag from /Users/az/anaconda3/envs/python38/lib/python3.8/site-packages/airflow/example_dags/example_skip_dag.py
[2023-11-09T20:27:53.807-0500] {processor.py:839} INFO - DAG(s) dict_keys(['example_skip_dag']) retrieved from /Users/az/anaconda3/envs/python38/lib/python3.8/site-packages/airflow/example_dags/example_skip_dag.py
[2023-11-09T20:27:53.915-0500] {logging_mixin.py:154} INFO - [2023-11-09T20:27:53.914-0500] {dag.py:2941} INFO - Sync 1 DAGs
[2023-11-09T20:27:53.924-0500] {logging_mixin.py:154} INFO - [2023-11-09T20:27:53.924-0500] {dag.py:3722} INFO - Setting next_dagrun for example_skip_dag to 2023-11-09T01:27:53.923968+00:00, run_after=2023-11-10T01:27:53.923968+00:00
[2023-11-09T20:27:53.934-0500] {processor.py:179} INFO - Processing /Users/az/anaconda3/envs/python38/lib/python3.8/site-packages/airflow/example_dags/example_skip_dag.py took 0.147 seconds
[2023-11-09T20:47:04.869-0500] {processor.py:157} INFO - Started process (PID=57846) to work on /Users/az/anaconda3/envs/python38/lib/python3.8/site-packages/airflow/example_dags/example_skip_dag.py
[2023-11-09T20:47:04.874-0500] {processor.py:829} INFO - Processing file /Users/az/anaconda3/envs/python38/lib/python3.8/site-packages/airflow/example_dags/example_skip_dag.py for tasks to queue
[2023-11-09T20:47:04.874-0500] {logging_mixin.py:154} INFO - [2023-11-09T20:47:04.874-0500] {dagbag.py:536} INFO - Filling up the DagBag from /Users/az/anaconda3/envs/python38/lib/python3.8/site-packages/airflow/example_dags/example_skip_dag.py
[2023-11-09T20:47:04.889-0500] {processor.py:839} INFO - DAG(s) dict_keys(['example_skip_dag']) retrieved from /Users/az/anaconda3/envs/python38/lib/python3.8/site-packages/airflow/example_dags/example_skip_dag.py
[2023-11-09T20:47:04.998-0500] {logging_mixin.py:154} INFO - [2023-11-09T20:47:04.998-0500] {dag.py:2941} INFO - Sync 1 DAGs
[2023-11-09T20:47:05.007-0500] {logging_mixin.py:154} INFO - [2023-11-09T20:47:05.007-0500] {dag.py:3722} INFO - Setting next_dagrun for example_skip_dag to 2023-11-09T01:47:05.007520+00:00, run_after=2023-11-10T01:47:05.007520+00:00
[2023-11-09T20:47:05.017-0500] {processor.py:179} INFO - Processing /Users/az/anaconda3/envs/python38/lib/python3.8/site-packages/airflow/example_dags/example_skip_dag.py took 0.148 seconds
[2023-11-09T20:49:00.190-0500] {processor.py:157} INFO - Started process (PID=57989) to work on /Users/az/anaconda3/envs/python38/lib/python3.8/site-packages/airflow/example_dags/example_skip_dag.py
[2023-11-09T20:49:00.195-0500] {processor.py:829} INFO - Processing file /Users/az/anaconda3/envs/python38/lib/python3.8/site-packages/airflow/example_dags/example_skip_dag.py for tasks to queue
[2023-11-09T20:49:00.195-0500] {logging_mixin.py:154} INFO - [2023-11-09T20:49:00.195-0500] {dagbag.py:536} INFO - Filling up the DagBag from /Users/az/anaconda3/envs/python38/lib/python3.8/site-packages/airflow/example_dags/example_skip_dag.py
[2023-11-09T20:49:00.210-0500] {processor.py:839} INFO - DAG(s) dict_keys(['example_skip_dag']) retrieved from /Users/az/anaconda3/envs/python38/lib/python3.8/site-packages/airflow/example_dags/example_skip_dag.py
[2023-11-09T20:49:00.318-0500] {logging_mixin.py:154} INFO - [2023-11-09T20:49:00.318-0500] {dag.py:2941} INFO - Sync 1 DAGs
[2023-11-09T20:49:00.327-0500] {logging_mixin.py:154} INFO - [2023-11-09T20:49:00.327-0500] {dag.py:3722} INFO - Setting next_dagrun for example_skip_dag to 2023-11-09T01:49:00.327346+00:00, run_after=2023-11-10T01:49:00.327346+00:00
[2023-11-09T20:49:00.337-0500] {processor.py:179} INFO - Processing /Users/az/anaconda3/envs/python38/lib/python3.8/site-packages/airflow/example_dags/example_skip_dag.py took 0.147 seconds
[2023-11-09T20:50:56.910-0500] {processor.py:157} INFO - Started process (PID=58142) to work on /Users/az/anaconda3/envs/python38/lib/python3.8/site-packages/airflow/example_dags/example_skip_dag.py
[2023-11-09T20:50:56.914-0500] {processor.py:829} INFO - Processing file /Users/az/anaconda3/envs/python38/lib/python3.8/site-packages/airflow/example_dags/example_skip_dag.py for tasks to queue
[2023-11-09T20:50:56.914-0500] {logging_mixin.py:154} INFO - [2023-11-09T20:50:56.914-0500] {dagbag.py:536} INFO - Filling up the DagBag from /Users/az/anaconda3/envs/python38/lib/python3.8/site-packages/airflow/example_dags/example_skip_dag.py
[2023-11-09T20:50:56.929-0500] {processor.py:839} INFO - DAG(s) dict_keys(['example_skip_dag']) retrieved from /Users/az/anaconda3/envs/python38/lib/python3.8/site-packages/airflow/example_dags/example_skip_dag.py
[2023-11-09T20:50:57.037-0500] {logging_mixin.py:154} INFO - [2023-11-09T20:50:57.036-0500] {dag.py:2941} INFO - Sync 1 DAGs
[2023-11-09T20:50:57.046-0500] {logging_mixin.py:154} INFO - [2023-11-09T20:50:57.046-0500] {dag.py:3722} INFO - Setting next_dagrun for example_skip_dag to 2023-11-09T01:50:57.045918+00:00, run_after=2023-11-10T01:50:57.045918+00:00
[2023-11-09T20:50:57.056-0500] {processor.py:179} INFO - Processing /Users/az/anaconda3/envs/python38/lib/python3.8/site-packages/airflow/example_dags/example_skip_dag.py took 0.146 seconds
[2023-11-09T20:53:04.136-0500] {processor.py:157} INFO - Started process (PID=58298) to work on /Users/az/anaconda3/envs/python38/lib/python3.8/site-packages/airflow/example_dags/example_skip_dag.py
[2023-11-09T20:53:04.140-0500] {processor.py:829} INFO - Processing file /Users/az/anaconda3/envs/python38/lib/python3.8/site-packages/airflow/example_dags/example_skip_dag.py for tasks to queue
[2023-11-09T20:53:04.140-0500] {logging_mixin.py:154} INFO - [2023-11-09T20:53:04.140-0500] {dagbag.py:536} INFO - Filling up the DagBag from /Users/az/anaconda3/envs/python38/lib/python3.8/site-packages/airflow/example_dags/example_skip_dag.py
[2023-11-09T20:53:04.155-0500] {processor.py:839} INFO - DAG(s) dict_keys(['example_skip_dag']) retrieved from /Users/az/anaconda3/envs/python38/lib/python3.8/site-packages/airflow/example_dags/example_skip_dag.py
[2023-11-09T20:53:04.264-0500] {logging_mixin.py:154} INFO - [2023-11-09T20:53:04.264-0500] {dag.py:2941} INFO - Sync 1 DAGs
[2023-11-09T20:53:04.273-0500] {logging_mixin.py:154} INFO - [2023-11-09T20:53:04.273-0500] {dag.py:3722} INFO - Setting next_dagrun for example_skip_dag to 2023-11-09T01:53:04.273537+00:00, run_after=2023-11-10T01:53:04.273537+00:00
[2023-11-09T20:53:04.283-0500] {processor.py:179} INFO - Processing /Users/az/anaconda3/envs/python38/lib/python3.8/site-packages/airflow/example_dags/example_skip_dag.py took 0.148 seconds
[2023-11-09T20:54:14.297-0500] {processor.py:157} INFO - Started process (PID=58375) to work on /Users/az/anaconda3/envs/python38/lib/python3.8/site-packages/airflow/example_dags/example_skip_dag.py
[2023-11-09T20:54:14.302-0500] {processor.py:829} INFO - Processing file /Users/az/anaconda3/envs/python38/lib/python3.8/site-packages/airflow/example_dags/example_skip_dag.py for tasks to queue
[2023-11-09T20:54:14.302-0500] {logging_mixin.py:154} INFO - [2023-11-09T20:54:14.302-0500] {dagbag.py:536} INFO - Filling up the DagBag from /Users/az/anaconda3/envs/python38/lib/python3.8/site-packages/airflow/example_dags/example_skip_dag.py
[2023-11-09T20:54:14.317-0500] {processor.py:839} INFO - DAG(s) dict_keys(['example_skip_dag']) retrieved from /Users/az/anaconda3/envs/python38/lib/python3.8/site-packages/airflow/example_dags/example_skip_dag.py
[2023-11-09T20:54:14.425-0500] {logging_mixin.py:154} INFO - [2023-11-09T20:54:14.425-0500] {dag.py:2941} INFO - Sync 1 DAGs
[2023-11-09T20:54:14.434-0500] {logging_mixin.py:154} INFO - [2023-11-09T20:54:14.434-0500] {dag.py:3722} INFO - Setting next_dagrun for example_skip_dag to 2023-11-09T01:54:14.434536+00:00, run_after=2023-11-10T01:54:14.434536+00:00
[2023-11-09T20:54:14.445-0500] {processor.py:179} INFO - Processing /Users/az/anaconda3/envs/python38/lib/python3.8/site-packages/airflow/example_dags/example_skip_dag.py took 0.148 seconds
[2023-11-09T20:55:23.390-0500] {processor.py:157} INFO - Started process (PID=58469) to work on /Users/az/anaconda3/envs/python38/lib/python3.8/site-packages/airflow/example_dags/example_skip_dag.py
[2023-11-09T20:55:23.395-0500] {processor.py:829} INFO - Processing file /Users/az/anaconda3/envs/python38/lib/python3.8/site-packages/airflow/example_dags/example_skip_dag.py for tasks to queue
[2023-11-09T20:55:23.395-0500] {logging_mixin.py:154} INFO - [2023-11-09T20:55:23.395-0500] {dagbag.py:536} INFO - Filling up the DagBag from /Users/az/anaconda3/envs/python38/lib/python3.8/site-packages/airflow/example_dags/example_skip_dag.py
[2023-11-09T20:55:23.410-0500] {processor.py:839} INFO - DAG(s) dict_keys(['example_skip_dag']) retrieved from /Users/az/anaconda3/envs/python38/lib/python3.8/site-packages/airflow/example_dags/example_skip_dag.py
[2023-11-09T20:55:23.519-0500] {logging_mixin.py:154} INFO - [2023-11-09T20:55:23.518-0500] {dag.py:2941} INFO - Sync 1 DAGs
[2023-11-09T20:55:23.528-0500] {logging_mixin.py:154} INFO - [2023-11-09T20:55:23.528-0500] {dag.py:3722} INFO - Setting next_dagrun for example_skip_dag to 2023-11-09T01:55:23.528000+00:00, run_after=2023-11-10T01:55:23.528000+00:00
[2023-11-09T20:55:23.538-0500] {processor.py:179} INFO - Processing /Users/az/anaconda3/envs/python38/lib/python3.8/site-packages/airflow/example_dags/example_skip_dag.py took 0.148 seconds
[2023-11-09T20:56:29.109-0500] {processor.py:157} INFO - Started process (PID=58548) to work on /Users/az/anaconda3/envs/python38/lib/python3.8/site-packages/airflow/example_dags/example_skip_dag.py
[2023-11-09T20:56:29.124-0500] {processor.py:829} INFO - Processing file /Users/az/anaconda3/envs/python38/lib/python3.8/site-packages/airflow/example_dags/example_skip_dag.py for tasks to queue
[2023-11-09T20:56:29.125-0500] {logging_mixin.py:154} INFO - [2023-11-09T20:56:29.125-0500] {dagbag.py:536} INFO - Filling up the DagBag from /Users/az/anaconda3/envs/python38/lib/python3.8/site-packages/airflow/example_dags/example_skip_dag.py
[2023-11-09T20:56:29.170-0500] {processor.py:839} INFO - DAG(s) dict_keys(['example_skip_dag']) retrieved from /Users/az/anaconda3/envs/python38/lib/python3.8/site-packages/airflow/example_dags/example_skip_dag.py
[2023-11-09T20:56:29.553-0500] {logging_mixin.py:154} INFO - [2023-11-09T20:56:29.551-0500] {dag.py:2941} INFO - Sync 1 DAGs
[2023-11-09T20:56:29.609-0500] {logging_mixin.py:154} INFO - [2023-11-09T20:56:29.608-0500] {dag.py:3722} INFO - Setting next_dagrun for example_skip_dag to 2023-11-09T01:56:29.608414+00:00, run_after=2023-11-10T01:56:29.608414+00:00
[2023-11-09T20:56:29.653-0500] {processor.py:179} INFO - Processing /Users/az/anaconda3/envs/python38/lib/python3.8/site-packages/airflow/example_dags/example_skip_dag.py took 0.558 seconds
[2023-11-09T20:58:38.178-0500] {processor.py:157} INFO - Started process (PID=58701) to work on /Users/az/anaconda3/envs/python38/lib/python3.8/site-packages/airflow/example_dags/example_skip_dag.py
[2023-11-09T20:58:38.182-0500] {processor.py:829} INFO - Processing file /Users/az/anaconda3/envs/python38/lib/python3.8/site-packages/airflow/example_dags/example_skip_dag.py for tasks to queue
[2023-11-09T20:58:38.182-0500] {logging_mixin.py:154} INFO - [2023-11-09T20:58:38.182-0500] {dagbag.py:536} INFO - Filling up the DagBag from /Users/az/anaconda3/envs/python38/lib/python3.8/site-packages/airflow/example_dags/example_skip_dag.py
[2023-11-09T20:58:38.197-0500] {processor.py:839} INFO - DAG(s) dict_keys(['example_skip_dag']) retrieved from /Users/az/anaconda3/envs/python38/lib/python3.8/site-packages/airflow/example_dags/example_skip_dag.py
[2023-11-09T20:58:38.313-0500] {logging_mixin.py:154} INFO - [2023-11-09T20:58:38.313-0500] {dag.py:2941} INFO - Sync 1 DAGs
[2023-11-09T20:58:38.322-0500] {logging_mixin.py:154} INFO - [2023-11-09T20:58:38.322-0500] {dag.py:3722} INFO - Setting next_dagrun for example_skip_dag to 2023-11-09T01:58:38.322262+00:00, run_after=2023-11-10T01:58:38.322262+00:00
[2023-11-09T20:58:38.332-0500] {processor.py:179} INFO - Processing /Users/az/anaconda3/envs/python38/lib/python3.8/site-packages/airflow/example_dags/example_skip_dag.py took 0.154 seconds
[2023-11-09T20:59:44.772-0500] {processor.py:157} INFO - Started process (PID=58785) to work on /Users/az/anaconda3/envs/python38/lib/python3.8/site-packages/airflow/example_dags/example_skip_dag.py
[2023-11-09T20:59:44.776-0500] {processor.py:829} INFO - Processing file /Users/az/anaconda3/envs/python38/lib/python3.8/site-packages/airflow/example_dags/example_skip_dag.py for tasks to queue
[2023-11-09T20:59:44.777-0500] {logging_mixin.py:154} INFO - [2023-11-09T20:59:44.777-0500] {dagbag.py:536} INFO - Filling up the DagBag from /Users/az/anaconda3/envs/python38/lib/python3.8/site-packages/airflow/example_dags/example_skip_dag.py
[2023-11-09T20:59:44.791-0500] {processor.py:839} INFO - DAG(s) dict_keys(['example_skip_dag']) retrieved from /Users/az/anaconda3/envs/python38/lib/python3.8/site-packages/airflow/example_dags/example_skip_dag.py
[2023-11-09T20:59:44.899-0500] {logging_mixin.py:154} INFO - [2023-11-09T20:59:44.899-0500] {dag.py:2941} INFO - Sync 1 DAGs
[2023-11-09T20:59:44.908-0500] {logging_mixin.py:154} INFO - [2023-11-09T20:59:44.908-0500] {dag.py:3722} INFO - Setting next_dagrun for example_skip_dag to 2023-11-09T01:59:44.908825+00:00, run_after=2023-11-10T01:59:44.908825+00:00
[2023-11-09T20:59:44.919-0500] {processor.py:179} INFO - Processing /Users/az/anaconda3/envs/python38/lib/python3.8/site-packages/airflow/example_dags/example_skip_dag.py took 0.147 seconds
[2023-11-09T21:00:53.381-0500] {processor.py:157} INFO - Started process (PID=58878) to work on /Users/az/anaconda3/envs/python38/lib/python3.8/site-packages/airflow/example_dags/example_skip_dag.py
[2023-11-09T21:00:53.386-0500] {processor.py:829} INFO - Processing file /Users/az/anaconda3/envs/python38/lib/python3.8/site-packages/airflow/example_dags/example_skip_dag.py for tasks to queue
[2023-11-09T21:00:53.386-0500] {logging_mixin.py:154} INFO - [2023-11-09T21:00:53.386-0500] {dagbag.py:536} INFO - Filling up the DagBag from /Users/az/anaconda3/envs/python38/lib/python3.8/site-packages/airflow/example_dags/example_skip_dag.py
[2023-11-09T21:00:53.401-0500] {processor.py:839} INFO - DAG(s) dict_keys(['example_skip_dag']) retrieved from /Users/az/anaconda3/envs/python38/lib/python3.8/site-packages/airflow/example_dags/example_skip_dag.py
[2023-11-09T21:00:53.509-0500] {logging_mixin.py:154} INFO - [2023-11-09T21:00:53.509-0500] {dag.py:2941} INFO - Sync 1 DAGs
[2023-11-09T21:00:53.518-0500] {logging_mixin.py:154} INFO - [2023-11-09T21:00:53.518-0500] {dag.py:3722} INFO - Setting next_dagrun for example_skip_dag to 2023-11-09T02:00:53.518578+00:00, run_after=2023-11-10T02:00:53.518578+00:00
[2023-11-09T21:00:53.528-0500] {processor.py:179} INFO - Processing /Users/az/anaconda3/envs/python38/lib/python3.8/site-packages/airflow/example_dags/example_skip_dag.py took 0.148 seconds
[2023-11-09T21:02:00.797-0500] {processor.py:157} INFO - Started process (PID=58974) to work on /Users/az/anaconda3/envs/python38/lib/python3.8/site-packages/airflow/example_dags/example_skip_dag.py
[2023-11-09T21:02:00.801-0500] {processor.py:829} INFO - Processing file /Users/az/anaconda3/envs/python38/lib/python3.8/site-packages/airflow/example_dags/example_skip_dag.py for tasks to queue
[2023-11-09T21:02:00.802-0500] {logging_mixin.py:154} INFO - [2023-11-09T21:02:00.802-0500] {dagbag.py:536} INFO - Filling up the DagBag from /Users/az/anaconda3/envs/python38/lib/python3.8/site-packages/airflow/example_dags/example_skip_dag.py
[2023-11-09T21:02:00.816-0500] {processor.py:839} INFO - DAG(s) dict_keys(['example_skip_dag']) retrieved from /Users/az/anaconda3/envs/python38/lib/python3.8/site-packages/airflow/example_dags/example_skip_dag.py
[2023-11-09T21:02:00.925-0500] {logging_mixin.py:154} INFO - [2023-11-09T21:02:00.925-0500] {dag.py:2941} INFO - Sync 1 DAGs
[2023-11-09T21:02:00.934-0500] {logging_mixin.py:154} INFO - [2023-11-09T21:02:00.934-0500] {dag.py:3722} INFO - Setting next_dagrun for example_skip_dag to 2023-11-09T02:02:00.934398+00:00, run_after=2023-11-10T02:02:00.934398+00:00
[2023-11-09T21:02:00.944-0500] {processor.py:179} INFO - Processing /Users/az/anaconda3/envs/python38/lib/python3.8/site-packages/airflow/example_dags/example_skip_dag.py took 0.148 seconds
[2023-11-09T21:04:02.818-0500] {processor.py:157} INFO - Started process (PID=59148) to work on /Users/az/anaconda3/envs/python38/lib/python3.8/site-packages/airflow/example_dags/example_skip_dag.py
[2023-11-09T21:04:02.822-0500] {processor.py:829} INFO - Processing file /Users/az/anaconda3/envs/python38/lib/python3.8/site-packages/airflow/example_dags/example_skip_dag.py for tasks to queue
[2023-11-09T21:04:02.823-0500] {logging_mixin.py:154} INFO - [2023-11-09T21:04:02.823-0500] {dagbag.py:536} INFO - Filling up the DagBag from /Users/az/anaconda3/envs/python38/lib/python3.8/site-packages/airflow/example_dags/example_skip_dag.py
[2023-11-09T21:04:02.837-0500] {processor.py:839} INFO - DAG(s) dict_keys(['example_skip_dag']) retrieved from /Users/az/anaconda3/envs/python38/lib/python3.8/site-packages/airflow/example_dags/example_skip_dag.py
[2023-11-09T21:04:02.947-0500] {logging_mixin.py:154} INFO - [2023-11-09T21:04:02.947-0500] {dag.py:2941} INFO - Sync 1 DAGs
[2023-11-09T21:04:02.956-0500] {logging_mixin.py:154} INFO - [2023-11-09T21:04:02.956-0500] {dag.py:3722} INFO - Setting next_dagrun for example_skip_dag to 2023-11-09T02:04:02.956174+00:00, run_after=2023-11-10T02:04:02.956174+00:00
[2023-11-09T21:04:02.966-0500] {processor.py:179} INFO - Processing /Users/az/anaconda3/envs/python38/lib/python3.8/site-packages/airflow/example_dags/example_skip_dag.py took 0.149 seconds
[2023-11-09T21:06:03.511-0500] {processor.py:157} INFO - Started process (PID=59306) to work on /Users/az/anaconda3/envs/python38/lib/python3.8/site-packages/airflow/example_dags/example_skip_dag.py
[2023-11-09T21:06:03.515-0500] {processor.py:829} INFO - Processing file /Users/az/anaconda3/envs/python38/lib/python3.8/site-packages/airflow/example_dags/example_skip_dag.py for tasks to queue
[2023-11-09T21:06:03.515-0500] {logging_mixin.py:154} INFO - [2023-11-09T21:06:03.515-0500] {dagbag.py:536} INFO - Filling up the DagBag from /Users/az/anaconda3/envs/python38/lib/python3.8/site-packages/airflow/example_dags/example_skip_dag.py
[2023-11-09T21:06:03.530-0500] {processor.py:839} INFO - DAG(s) dict_keys(['example_skip_dag']) retrieved from /Users/az/anaconda3/envs/python38/lib/python3.8/site-packages/airflow/example_dags/example_skip_dag.py
[2023-11-09T21:06:03.642-0500] {logging_mixin.py:154} INFO - [2023-11-09T21:06:03.642-0500] {dag.py:2941} INFO - Sync 1 DAGs
[2023-11-09T21:06:03.651-0500] {logging_mixin.py:154} INFO - [2023-11-09T21:06:03.651-0500] {dag.py:3722} INFO - Setting next_dagrun for example_skip_dag to 2023-11-09T02:06:03.651769+00:00, run_after=2023-11-10T02:06:03.651769+00:00
[2023-11-09T21:06:03.663-0500] {processor.py:179} INFO - Processing /Users/az/anaconda3/envs/python38/lib/python3.8/site-packages/airflow/example_dags/example_skip_dag.py took 0.152 seconds
[2023-11-09T21:08:01.168-0500] {processor.py:157} INFO - Started process (PID=59451) to work on /Users/az/anaconda3/envs/python38/lib/python3.8/site-packages/airflow/example_dags/example_skip_dag.py
[2023-11-09T21:08:01.173-0500] {processor.py:829} INFO - Processing file /Users/az/anaconda3/envs/python38/lib/python3.8/site-packages/airflow/example_dags/example_skip_dag.py for tasks to queue
[2023-11-09T21:08:01.173-0500] {logging_mixin.py:154} INFO - [2023-11-09T21:08:01.173-0500] {dagbag.py:536} INFO - Filling up the DagBag from /Users/az/anaconda3/envs/python38/lib/python3.8/site-packages/airflow/example_dags/example_skip_dag.py
[2023-11-09T21:08:01.188-0500] {processor.py:839} INFO - DAG(s) dict_keys(['example_skip_dag']) retrieved from /Users/az/anaconda3/envs/python38/lib/python3.8/site-packages/airflow/example_dags/example_skip_dag.py
[2023-11-09T21:08:01.296-0500] {logging_mixin.py:154} INFO - [2023-11-09T21:08:01.296-0500] {dag.py:2941} INFO - Sync 1 DAGs
[2023-11-09T21:08:01.305-0500] {logging_mixin.py:154} INFO - [2023-11-09T21:08:01.305-0500] {dag.py:3722} INFO - Setting next_dagrun for example_skip_dag to 2023-11-09T02:08:01.305144+00:00, run_after=2023-11-10T02:08:01.305144+00:00
[2023-11-09T21:08:01.316-0500] {processor.py:179} INFO - Processing /Users/az/anaconda3/envs/python38/lib/python3.8/site-packages/airflow/example_dags/example_skip_dag.py took 0.148 seconds
[2023-11-09T21:10:05.019-0500] {processor.py:157} INFO - Started process (PID=59613) to work on /Users/az/anaconda3/envs/python38/lib/python3.8/site-packages/airflow/example_dags/example_skip_dag.py
[2023-11-09T21:10:05.023-0500] {processor.py:829} INFO - Processing file /Users/az/anaconda3/envs/python38/lib/python3.8/site-packages/airflow/example_dags/example_skip_dag.py for tasks to queue
[2023-11-09T21:10:05.023-0500] {logging_mixin.py:154} INFO - [2023-11-09T21:10:05.023-0500] {dagbag.py:536} INFO - Filling up the DagBag from /Users/az/anaconda3/envs/python38/lib/python3.8/site-packages/airflow/example_dags/example_skip_dag.py
[2023-11-09T21:10:05.038-0500] {processor.py:839} INFO - DAG(s) dict_keys(['example_skip_dag']) retrieved from /Users/az/anaconda3/envs/python38/lib/python3.8/site-packages/airflow/example_dags/example_skip_dag.py
[2023-11-09T21:10:05.149-0500] {logging_mixin.py:154} INFO - [2023-11-09T21:10:05.149-0500] {dag.py:2941} INFO - Sync 1 DAGs
[2023-11-09T21:10:05.158-0500] {logging_mixin.py:154} INFO - [2023-11-09T21:10:05.158-0500] {dag.py:3722} INFO - Setting next_dagrun for example_skip_dag to 2023-11-09T02:10:05.158741+00:00, run_after=2023-11-10T02:10:05.158741+00:00
[2023-11-09T21:10:05.170-0500] {processor.py:179} INFO - Processing /Users/az/anaconda3/envs/python38/lib/python3.8/site-packages/airflow/example_dags/example_skip_dag.py took 0.152 seconds
[2023-11-09T21:12:05.119-0500] {processor.py:157} INFO - Started process (PID=59764) to work on /Users/az/anaconda3/envs/python38/lib/python3.8/site-packages/airflow/example_dags/example_skip_dag.py
[2023-11-09T21:12:05.123-0500] {processor.py:829} INFO - Processing file /Users/az/anaconda3/envs/python38/lib/python3.8/site-packages/airflow/example_dags/example_skip_dag.py for tasks to queue
[2023-11-09T21:12:05.124-0500] {logging_mixin.py:154} INFO - [2023-11-09T21:12:05.124-0500] {dagbag.py:536} INFO - Filling up the DagBag from /Users/az/anaconda3/envs/python38/lib/python3.8/site-packages/airflow/example_dags/example_skip_dag.py
[2023-11-09T21:12:05.139-0500] {processor.py:839} INFO - DAG(s) dict_keys(['example_skip_dag']) retrieved from /Users/az/anaconda3/envs/python38/lib/python3.8/site-packages/airflow/example_dags/example_skip_dag.py
[2023-11-09T21:12:05.248-0500] {logging_mixin.py:154} INFO - [2023-11-09T21:12:05.248-0500] {dag.py:2941} INFO - Sync 1 DAGs
[2023-11-09T21:12:05.257-0500] {logging_mixin.py:154} INFO - [2023-11-09T21:12:05.257-0500] {dag.py:3722} INFO - Setting next_dagrun for example_skip_dag to 2023-11-09T02:12:05.257558+00:00, run_after=2023-11-10T02:12:05.257558+00:00
[2023-11-09T21:12:05.268-0500] {processor.py:179} INFO - Processing /Users/az/anaconda3/envs/python38/lib/python3.8/site-packages/airflow/example_dags/example_skip_dag.py took 0.149 seconds
[2023-11-09T21:14:05.318-0500] {processor.py:157} INFO - Started process (PID=59913) to work on /Users/az/anaconda3/envs/python38/lib/python3.8/site-packages/airflow/example_dags/example_skip_dag.py
[2023-11-09T21:14:05.322-0500] {processor.py:829} INFO - Processing file /Users/az/anaconda3/envs/python38/lib/python3.8/site-packages/airflow/example_dags/example_skip_dag.py for tasks to queue
[2023-11-09T21:14:05.322-0500] {logging_mixin.py:154} INFO - [2023-11-09T21:14:05.322-0500] {dagbag.py:536} INFO - Filling up the DagBag from /Users/az/anaconda3/envs/python38/lib/python3.8/site-packages/airflow/example_dags/example_skip_dag.py
[2023-11-09T21:14:05.339-0500] {processor.py:839} INFO - DAG(s) dict_keys(['example_skip_dag']) retrieved from /Users/az/anaconda3/envs/python38/lib/python3.8/site-packages/airflow/example_dags/example_skip_dag.py
[2023-11-09T21:14:05.453-0500] {logging_mixin.py:154} INFO - [2023-11-09T21:14:05.453-0500] {dag.py:2941} INFO - Sync 1 DAGs
[2023-11-09T21:14:05.462-0500] {logging_mixin.py:154} INFO - [2023-11-09T21:14:05.462-0500] {dag.py:3722} INFO - Setting next_dagrun for example_skip_dag to 2023-11-09T02:14:05.462534+00:00, run_after=2023-11-10T02:14:05.462534+00:00
[2023-11-09T21:14:05.473-0500] {processor.py:179} INFO - Processing /Users/az/anaconda3/envs/python38/lib/python3.8/site-packages/airflow/example_dags/example_skip_dag.py took 0.155 seconds
