[2023-11-09T19:01:14.754-0500] {processor.py:157} INFO - Started process (PID=48855) to work on /Users/az/anaconda3/envs/python38/lib/python3.8/site-packages/airflow/example_dags/example_params_trigger_ui.py
[2023-11-09T19:01:14.757-0500] {processor.py:829} INFO - Processing file /Users/az/anaconda3/envs/python38/lib/python3.8/site-packages/airflow/example_dags/example_params_trigger_ui.py for tasks to queue
[2023-11-09T19:01:14.758-0500] {logging_mixin.py:154} INFO - [2023-11-09T19:01:14.758-0500] {dagbag.py:536} INFO - Filling up the DagBag from /Users/az/anaconda3/envs/python38/lib/python3.8/site-packages/airflow/example_dags/example_params_trigger_ui.py
[2023-11-09T19:01:14.818-0500] {processor.py:839} INFO - DAG(s) dict_keys(['example_params_trigger_ui']) retrieved from /Users/az/anaconda3/envs/python38/lib/python3.8/site-packages/airflow/example_dags/example_params_trigger_ui.py
[2023-11-09T19:01:14.911-0500] {logging_mixin.py:154} INFO - [2023-11-09T19:01:14.911-0500] {dag.py:2941} INFO - Sync 1 DAGs
[2023-11-09T19:01:14.917-0500] {logging_mixin.py:154} INFO - [2023-11-09T19:01:14.917-0500] {dag.py:3722} INFO - Setting next_dagrun for example_params_trigger_ui to None, run_after=None
[2023-11-09T19:01:14.927-0500] {processor.py:179} INFO - Processing /Users/az/anaconda3/envs/python38/lib/python3.8/site-packages/airflow/example_dags/example_params_trigger_ui.py took 0.174 seconds
[2023-11-09T19:03:22.502-0500] {processor.py:157} INFO - Started process (PID=49014) to work on /Users/az/anaconda3/envs/python38/lib/python3.8/site-packages/airflow/example_dags/example_params_trigger_ui.py
[2023-11-09T19:03:22.507-0500] {processor.py:829} INFO - Processing file /Users/az/anaconda3/envs/python38/lib/python3.8/site-packages/airflow/example_dags/example_params_trigger_ui.py for tasks to queue
[2023-11-09T19:03:22.507-0500] {logging_mixin.py:154} INFO - [2023-11-09T19:03:22.507-0500] {dagbag.py:536} INFO - Filling up the DagBag from /Users/az/anaconda3/envs/python38/lib/python3.8/site-packages/airflow/example_dags/example_params_trigger_ui.py
[2023-11-09T19:03:22.568-0500] {processor.py:839} INFO - DAG(s) dict_keys(['example_params_trigger_ui']) retrieved from /Users/az/anaconda3/envs/python38/lib/python3.8/site-packages/airflow/example_dags/example_params_trigger_ui.py
[2023-11-09T19:03:22.662-0500] {logging_mixin.py:154} INFO - [2023-11-09T19:03:22.662-0500] {dag.py:2941} INFO - Sync 1 DAGs
[2023-11-09T19:03:22.668-0500] {logging_mixin.py:154} INFO - [2023-11-09T19:03:22.667-0500] {dag.py:3722} INFO - Setting next_dagrun for example_params_trigger_ui to None, run_after=None
[2023-11-09T19:03:22.678-0500] {processor.py:179} INFO - Processing /Users/az/anaconda3/envs/python38/lib/python3.8/site-packages/airflow/example_dags/example_params_trigger_ui.py took 0.176 seconds
[2023-11-09T19:05:23.706-0500] {processor.py:157} INFO - Started process (PID=49167) to work on /Users/az/anaconda3/envs/python38/lib/python3.8/site-packages/airflow/example_dags/example_params_trigger_ui.py
[2023-11-09T19:05:23.711-0500] {processor.py:829} INFO - Processing file /Users/az/anaconda3/envs/python38/lib/python3.8/site-packages/airflow/example_dags/example_params_trigger_ui.py for tasks to queue
[2023-11-09T19:05:23.711-0500] {logging_mixin.py:154} INFO - [2023-11-09T19:05:23.711-0500] {dagbag.py:536} INFO - Filling up the DagBag from /Users/az/anaconda3/envs/python38/lib/python3.8/site-packages/airflow/example_dags/example_params_trigger_ui.py
[2023-11-09T19:05:23.772-0500] {processor.py:839} INFO - DAG(s) dict_keys(['example_params_trigger_ui']) retrieved from /Users/az/anaconda3/envs/python38/lib/python3.8/site-packages/airflow/example_dags/example_params_trigger_ui.py
[2023-11-09T19:05:23.865-0500] {logging_mixin.py:154} INFO - [2023-11-09T19:05:23.865-0500] {dag.py:2941} INFO - Sync 1 DAGs
[2023-11-09T19:05:23.870-0500] {logging_mixin.py:154} INFO - [2023-11-09T19:05:23.870-0500] {dag.py:3722} INFO - Setting next_dagrun for example_params_trigger_ui to None, run_after=None
[2023-11-09T19:05:23.880-0500] {processor.py:179} INFO - Processing /Users/az/anaconda3/envs/python38/lib/python3.8/site-packages/airflow/example_dags/example_params_trigger_ui.py took 0.175 seconds
[2023-11-09T19:07:23.978-0500] {processor.py:157} INFO - Started process (PID=49314) to work on /Users/az/anaconda3/envs/python38/lib/python3.8/site-packages/airflow/example_dags/example_params_trigger_ui.py
[2023-11-09T19:07:23.982-0500] {processor.py:829} INFO - Processing file /Users/az/anaconda3/envs/python38/lib/python3.8/site-packages/airflow/example_dags/example_params_trigger_ui.py for tasks to queue
[2023-11-09T19:07:23.983-0500] {logging_mixin.py:154} INFO - [2023-11-09T19:07:23.983-0500] {dagbag.py:536} INFO - Filling up the DagBag from /Users/az/anaconda3/envs/python38/lib/python3.8/site-packages/airflow/example_dags/example_params_trigger_ui.py
[2023-11-09T19:07:24.046-0500] {processor.py:839} INFO - DAG(s) dict_keys(['example_params_trigger_ui']) retrieved from /Users/az/anaconda3/envs/python38/lib/python3.8/site-packages/airflow/example_dags/example_params_trigger_ui.py
[2023-11-09T19:07:24.145-0500] {logging_mixin.py:154} INFO - [2023-11-09T19:07:24.145-0500] {dag.py:2941} INFO - Sync 1 DAGs
[2023-11-09T19:07:24.151-0500] {logging_mixin.py:154} INFO - [2023-11-09T19:07:24.151-0500] {dag.py:3722} INFO - Setting next_dagrun for example_params_trigger_ui to None, run_after=None
[2023-11-09T19:07:24.162-0500] {processor.py:179} INFO - Processing /Users/az/anaconda3/envs/python38/lib/python3.8/site-packages/airflow/example_dags/example_params_trigger_ui.py took 0.185 seconds
[2023-11-09T19:09:24.254-0500] {processor.py:157} INFO - Started process (PID=49460) to work on /Users/az/anaconda3/envs/python38/lib/python3.8/site-packages/airflow/example_dags/example_params_trigger_ui.py
[2023-11-09T19:09:24.258-0500] {processor.py:829} INFO - Processing file /Users/az/anaconda3/envs/python38/lib/python3.8/site-packages/airflow/example_dags/example_params_trigger_ui.py for tasks to queue
[2023-11-09T19:09:24.258-0500] {logging_mixin.py:154} INFO - [2023-11-09T19:09:24.258-0500] {dagbag.py:536} INFO - Filling up the DagBag from /Users/az/anaconda3/envs/python38/lib/python3.8/site-packages/airflow/example_dags/example_params_trigger_ui.py
[2023-11-09T19:09:24.328-0500] {processor.py:839} INFO - DAG(s) dict_keys(['example_params_trigger_ui']) retrieved from /Users/az/anaconda3/envs/python38/lib/python3.8/site-packages/airflow/example_dags/example_params_trigger_ui.py
[2023-11-09T19:09:24.425-0500] {logging_mixin.py:154} INFO - [2023-11-09T19:09:24.425-0500] {dag.py:2941} INFO - Sync 1 DAGs
[2023-11-09T19:09:24.431-0500] {logging_mixin.py:154} INFO - [2023-11-09T19:09:24.431-0500] {dag.py:3722} INFO - Setting next_dagrun for example_params_trigger_ui to None, run_after=None
[2023-11-09T19:09:24.441-0500] {processor.py:179} INFO - Processing /Users/az/anaconda3/envs/python38/lib/python3.8/site-packages/airflow/example_dags/example_params_trigger_ui.py took 0.187 seconds
[2023-11-09T19:11:28.898-0500] {processor.py:157} INFO - Started process (PID=49618) to work on /Users/az/anaconda3/envs/python38/lib/python3.8/site-packages/airflow/example_dags/example_params_trigger_ui.py
[2023-11-09T19:11:28.903-0500] {processor.py:829} INFO - Processing file /Users/az/anaconda3/envs/python38/lib/python3.8/site-packages/airflow/example_dags/example_params_trigger_ui.py for tasks to queue
[2023-11-09T19:11:28.904-0500] {logging_mixin.py:154} INFO - [2023-11-09T19:11:28.904-0500] {dagbag.py:536} INFO - Filling up the DagBag from /Users/az/anaconda3/envs/python38/lib/python3.8/site-packages/airflow/example_dags/example_params_trigger_ui.py
[2023-11-09T19:11:28.964-0500] {processor.py:839} INFO - DAG(s) dict_keys(['example_params_trigger_ui']) retrieved from /Users/az/anaconda3/envs/python38/lib/python3.8/site-packages/airflow/example_dags/example_params_trigger_ui.py
[2023-11-09T19:11:29.074-0500] {logging_mixin.py:154} INFO - [2023-11-09T19:11:29.074-0500] {dag.py:2941} INFO - Sync 1 DAGs
[2023-11-09T19:11:29.080-0500] {logging_mixin.py:154} INFO - [2023-11-09T19:11:29.080-0500] {dag.py:3722} INFO - Setting next_dagrun for example_params_trigger_ui to None, run_after=None
[2023-11-09T19:11:29.090-0500] {processor.py:179} INFO - Processing /Users/az/anaconda3/envs/python38/lib/python3.8/site-packages/airflow/example_dags/example_params_trigger_ui.py took 0.192 seconds
[2023-11-09T19:13:23.133-0500] {processor.py:157} INFO - Started process (PID=49769) to work on /Users/az/anaconda3/envs/python38/lib/python3.8/site-packages/airflow/example_dags/example_params_trigger_ui.py
[2023-11-09T19:13:23.138-0500] {processor.py:829} INFO - Processing file /Users/az/anaconda3/envs/python38/lib/python3.8/site-packages/airflow/example_dags/example_params_trigger_ui.py for tasks to queue
[2023-11-09T19:13:23.138-0500] {logging_mixin.py:154} INFO - [2023-11-09T19:13:23.138-0500] {dagbag.py:536} INFO - Filling up the DagBag from /Users/az/anaconda3/envs/python38/lib/python3.8/site-packages/airflow/example_dags/example_params_trigger_ui.py
[2023-11-09T19:13:23.199-0500] {processor.py:839} INFO - DAG(s) dict_keys(['example_params_trigger_ui']) retrieved from /Users/az/anaconda3/envs/python38/lib/python3.8/site-packages/airflow/example_dags/example_params_trigger_ui.py
[2023-11-09T19:13:23.293-0500] {logging_mixin.py:154} INFO - [2023-11-09T19:13:23.292-0500] {dag.py:2941} INFO - Sync 1 DAGs
[2023-11-09T19:13:23.298-0500] {logging_mixin.py:154} INFO - [2023-11-09T19:13:23.298-0500] {dag.py:3722} INFO - Setting next_dagrun for example_params_trigger_ui to None, run_after=None
[2023-11-09T19:13:23.308-0500] {processor.py:179} INFO - Processing /Users/az/anaconda3/envs/python38/lib/python3.8/site-packages/airflow/example_dags/example_params_trigger_ui.py took 0.176 seconds
[2023-11-09T19:15:19.413-0500] {processor.py:157} INFO - Started process (PID=49912) to work on /Users/az/anaconda3/envs/python38/lib/python3.8/site-packages/airflow/example_dags/example_params_trigger_ui.py
[2023-11-09T19:15:19.418-0500] {processor.py:829} INFO - Processing file /Users/az/anaconda3/envs/python38/lib/python3.8/site-packages/airflow/example_dags/example_params_trigger_ui.py for tasks to queue
[2023-11-09T19:15:19.418-0500] {logging_mixin.py:154} INFO - [2023-11-09T19:15:19.418-0500] {dagbag.py:536} INFO - Filling up the DagBag from /Users/az/anaconda3/envs/python38/lib/python3.8/site-packages/airflow/example_dags/example_params_trigger_ui.py
[2023-11-09T19:15:19.479-0500] {processor.py:839} INFO - DAG(s) dict_keys(['example_params_trigger_ui']) retrieved from /Users/az/anaconda3/envs/python38/lib/python3.8/site-packages/airflow/example_dags/example_params_trigger_ui.py
[2023-11-09T19:15:19.573-0500] {logging_mixin.py:154} INFO - [2023-11-09T19:15:19.572-0500] {dag.py:2941} INFO - Sync 1 DAGs
[2023-11-09T19:15:19.578-0500] {logging_mixin.py:154} INFO - [2023-11-09T19:15:19.578-0500] {dag.py:3722} INFO - Setting next_dagrun for example_params_trigger_ui to None, run_after=None
[2023-11-09T19:15:19.589-0500] {processor.py:179} INFO - Processing /Users/az/anaconda3/envs/python38/lib/python3.8/site-packages/airflow/example_dags/example_params_trigger_ui.py took 0.177 seconds
[2023-11-09T19:17:26.694-0500] {processor.py:157} INFO - Started process (PID=50066) to work on /Users/az/anaconda3/envs/python38/lib/python3.8/site-packages/airflow/example_dags/example_params_trigger_ui.py
[2023-11-09T19:17:26.699-0500] {processor.py:829} INFO - Processing file /Users/az/anaconda3/envs/python38/lib/python3.8/site-packages/airflow/example_dags/example_params_trigger_ui.py for tasks to queue
[2023-11-09T19:17:26.699-0500] {logging_mixin.py:154} INFO - [2023-11-09T19:17:26.699-0500] {dagbag.py:536} INFO - Filling up the DagBag from /Users/az/anaconda3/envs/python38/lib/python3.8/site-packages/airflow/example_dags/example_params_trigger_ui.py
[2023-11-09T19:17:26.760-0500] {processor.py:839} INFO - DAG(s) dict_keys(['example_params_trigger_ui']) retrieved from /Users/az/anaconda3/envs/python38/lib/python3.8/site-packages/airflow/example_dags/example_params_trigger_ui.py
[2023-11-09T19:17:26.853-0500] {logging_mixin.py:154} INFO - [2023-11-09T19:17:26.853-0500] {dag.py:2941} INFO - Sync 1 DAGs
[2023-11-09T19:17:26.859-0500] {logging_mixin.py:154} INFO - [2023-11-09T19:17:26.859-0500] {dag.py:3722} INFO - Setting next_dagrun for example_params_trigger_ui to None, run_after=None
[2023-11-09T19:17:26.870-0500] {processor.py:179} INFO - Processing /Users/az/anaconda3/envs/python38/lib/python3.8/site-packages/airflow/example_dags/example_params_trigger_ui.py took 0.176 seconds
[2023-11-09T19:19:36.717-0500] {processor.py:157} INFO - Started process (PID=50227) to work on /Users/az/anaconda3/envs/python38/lib/python3.8/site-packages/airflow/example_dags/example_params_trigger_ui.py
[2023-11-09T19:19:36.722-0500] {processor.py:829} INFO - Processing file /Users/az/anaconda3/envs/python38/lib/python3.8/site-packages/airflow/example_dags/example_params_trigger_ui.py for tasks to queue
[2023-11-09T19:19:36.722-0500] {logging_mixin.py:154} INFO - [2023-11-09T19:19:36.722-0500] {dagbag.py:536} INFO - Filling up the DagBag from /Users/az/anaconda3/envs/python38/lib/python3.8/site-packages/airflow/example_dags/example_params_trigger_ui.py
[2023-11-09T19:19:36.783-0500] {processor.py:839} INFO - DAG(s) dict_keys(['example_params_trigger_ui']) retrieved from /Users/az/anaconda3/envs/python38/lib/python3.8/site-packages/airflow/example_dags/example_params_trigger_ui.py
[2023-11-09T19:19:36.876-0500] {logging_mixin.py:154} INFO - [2023-11-09T19:19:36.876-0500] {dag.py:2941} INFO - Sync 1 DAGs
[2023-11-09T19:19:36.882-0500] {logging_mixin.py:154} INFO - [2023-11-09T19:19:36.882-0500] {dag.py:3722} INFO - Setting next_dagrun for example_params_trigger_ui to None, run_after=None
[2023-11-09T19:19:36.892-0500] {processor.py:179} INFO - Processing /Users/az/anaconda3/envs/python38/lib/python3.8/site-packages/airflow/example_dags/example_params_trigger_ui.py took 0.175 seconds
[2023-11-09T19:21:38.509-0500] {processor.py:157} INFO - Started process (PID=50374) to work on /Users/az/anaconda3/envs/python38/lib/python3.8/site-packages/airflow/example_dags/example_params_trigger_ui.py
[2023-11-09T19:21:38.514-0500] {processor.py:829} INFO - Processing file /Users/az/anaconda3/envs/python38/lib/python3.8/site-packages/airflow/example_dags/example_params_trigger_ui.py for tasks to queue
[2023-11-09T19:21:38.514-0500] {logging_mixin.py:154} INFO - [2023-11-09T19:21:38.514-0500] {dagbag.py:536} INFO - Filling up the DagBag from /Users/az/anaconda3/envs/python38/lib/python3.8/site-packages/airflow/example_dags/example_params_trigger_ui.py
[2023-11-09T19:21:38.575-0500] {processor.py:839} INFO - DAG(s) dict_keys(['example_params_trigger_ui']) retrieved from /Users/az/anaconda3/envs/python38/lib/python3.8/site-packages/airflow/example_dags/example_params_trigger_ui.py
[2023-11-09T19:21:38.668-0500] {logging_mixin.py:154} INFO - [2023-11-09T19:21:38.668-0500] {dag.py:2941} INFO - Sync 1 DAGs
[2023-11-09T19:21:38.674-0500] {logging_mixin.py:154} INFO - [2023-11-09T19:21:38.674-0500] {dag.py:3722} INFO - Setting next_dagrun for example_params_trigger_ui to None, run_after=None
[2023-11-09T19:21:38.684-0500] {processor.py:179} INFO - Processing /Users/az/anaconda3/envs/python38/lib/python3.8/site-packages/airflow/example_dags/example_params_trigger_ui.py took 0.175 seconds
[2023-11-09T19:23:53.875-0500] {processor.py:157} INFO - Started process (PID=50553) to work on /Users/az/anaconda3/envs/python38/lib/python3.8/site-packages/airflow/example_dags/example_params_trigger_ui.py
[2023-11-09T19:23:53.879-0500] {processor.py:829} INFO - Processing file /Users/az/anaconda3/envs/python38/lib/python3.8/site-packages/airflow/example_dags/example_params_trigger_ui.py for tasks to queue
[2023-11-09T19:23:53.879-0500] {logging_mixin.py:154} INFO - [2023-11-09T19:23:53.879-0500] {dagbag.py:536} INFO - Filling up the DagBag from /Users/az/anaconda3/envs/python38/lib/python3.8/site-packages/airflow/example_dags/example_params_trigger_ui.py
[2023-11-09T19:23:53.969-0500] {processor.py:839} INFO - DAG(s) dict_keys(['example_params_trigger_ui']) retrieved from /Users/az/anaconda3/envs/python38/lib/python3.8/site-packages/airflow/example_dags/example_params_trigger_ui.py
[2023-11-09T19:23:54.081-0500] {logging_mixin.py:154} INFO - [2023-11-09T19:23:54.079-0500] {dag.py:2941} INFO - Sync 1 DAGs
[2023-11-09T19:23:54.091-0500] {logging_mixin.py:154} INFO - [2023-11-09T19:23:54.091-0500] {dag.py:3722} INFO - Setting next_dagrun for example_params_trigger_ui to None, run_after=None
[2023-11-09T19:23:54.102-0500] {processor.py:179} INFO - Processing /Users/az/anaconda3/envs/python38/lib/python3.8/site-packages/airflow/example_dags/example_params_trigger_ui.py took 0.228 seconds
[2023-11-09T19:25:55.661-0500] {processor.py:157} INFO - Started process (PID=50704) to work on /Users/az/anaconda3/envs/python38/lib/python3.8/site-packages/airflow/example_dags/example_params_trigger_ui.py
[2023-11-09T19:25:55.665-0500] {processor.py:829} INFO - Processing file /Users/az/anaconda3/envs/python38/lib/python3.8/site-packages/airflow/example_dags/example_params_trigger_ui.py for tasks to queue
[2023-11-09T19:25:55.666-0500] {logging_mixin.py:154} INFO - [2023-11-09T19:25:55.666-0500] {dagbag.py:536} INFO - Filling up the DagBag from /Users/az/anaconda3/envs/python38/lib/python3.8/site-packages/airflow/example_dags/example_params_trigger_ui.py
[2023-11-09T19:25:55.726-0500] {processor.py:839} INFO - DAG(s) dict_keys(['example_params_trigger_ui']) retrieved from /Users/az/anaconda3/envs/python38/lib/python3.8/site-packages/airflow/example_dags/example_params_trigger_ui.py
[2023-11-09T19:25:55.821-0500] {logging_mixin.py:154} INFO - [2023-11-09T19:25:55.821-0500] {dag.py:2941} INFO - Sync 1 DAGs
[2023-11-09T19:25:55.827-0500] {logging_mixin.py:154} INFO - [2023-11-09T19:25:55.827-0500] {dag.py:3722} INFO - Setting next_dagrun for example_params_trigger_ui to None, run_after=None
[2023-11-09T19:25:55.838-0500] {processor.py:179} INFO - Processing /Users/az/anaconda3/envs/python38/lib/python3.8/site-packages/airflow/example_dags/example_params_trigger_ui.py took 0.177 seconds
[2023-11-09T19:28:10.294-0500] {processor.py:157} INFO - Started process (PID=50881) to work on /Users/az/anaconda3/envs/python38/lib/python3.8/site-packages/airflow/example_dags/example_params_trigger_ui.py
[2023-11-09T19:28:10.299-0500] {processor.py:829} INFO - Processing file /Users/az/anaconda3/envs/python38/lib/python3.8/site-packages/airflow/example_dags/example_params_trigger_ui.py for tasks to queue
[2023-11-09T19:28:10.299-0500] {logging_mixin.py:154} INFO - [2023-11-09T19:28:10.299-0500] {dagbag.py:536} INFO - Filling up the DagBag from /Users/az/anaconda3/envs/python38/lib/python3.8/site-packages/airflow/example_dags/example_params_trigger_ui.py
[2023-11-09T19:28:10.360-0500] {processor.py:839} INFO - DAG(s) dict_keys(['example_params_trigger_ui']) retrieved from /Users/az/anaconda3/envs/python38/lib/python3.8/site-packages/airflow/example_dags/example_params_trigger_ui.py
[2023-11-09T19:28:10.453-0500] {logging_mixin.py:154} INFO - [2023-11-09T19:28:10.453-0500] {dag.py:2941} INFO - Sync 1 DAGs
[2023-11-09T19:28:10.459-0500] {logging_mixin.py:154} INFO - [2023-11-09T19:28:10.458-0500] {dag.py:3722} INFO - Setting next_dagrun for example_params_trigger_ui to None, run_after=None
[2023-11-09T19:28:10.469-0500] {processor.py:179} INFO - Processing /Users/az/anaconda3/envs/python38/lib/python3.8/site-packages/airflow/example_dags/example_params_trigger_ui.py took 0.175 seconds
[2023-11-09T19:30:15.291-0500] {processor.py:157} INFO - Started process (PID=51033) to work on /Users/az/anaconda3/envs/python38/lib/python3.8/site-packages/airflow/example_dags/example_params_trigger_ui.py
[2023-11-09T19:30:15.295-0500] {processor.py:829} INFO - Processing file /Users/az/anaconda3/envs/python38/lib/python3.8/site-packages/airflow/example_dags/example_params_trigger_ui.py for tasks to queue
[2023-11-09T19:30:15.296-0500] {logging_mixin.py:154} INFO - [2023-11-09T19:30:15.296-0500] {dagbag.py:536} INFO - Filling up the DagBag from /Users/az/anaconda3/envs/python38/lib/python3.8/site-packages/airflow/example_dags/example_params_trigger_ui.py
[2023-11-09T19:30:15.356-0500] {processor.py:839} INFO - DAG(s) dict_keys(['example_params_trigger_ui']) retrieved from /Users/az/anaconda3/envs/python38/lib/python3.8/site-packages/airflow/example_dags/example_params_trigger_ui.py
[2023-11-09T19:30:15.453-0500] {logging_mixin.py:154} INFO - [2023-11-09T19:30:15.453-0500] {dag.py:2941} INFO - Sync 1 DAGs
[2023-11-09T19:30:15.459-0500] {logging_mixin.py:154} INFO - [2023-11-09T19:30:15.459-0500] {dag.py:3722} INFO - Setting next_dagrun for example_params_trigger_ui to None, run_after=None
[2023-11-09T19:30:15.469-0500] {processor.py:179} INFO - Processing /Users/az/anaconda3/envs/python38/lib/python3.8/site-packages/airflow/example_dags/example_params_trigger_ui.py took 0.179 seconds
[2023-11-09T19:32:20.902-0500] {processor.py:157} INFO - Started process (PID=51187) to work on /Users/az/anaconda3/envs/python38/lib/python3.8/site-packages/airflow/example_dags/example_params_trigger_ui.py
[2023-11-09T19:32:20.907-0500] {processor.py:829} INFO - Processing file /Users/az/anaconda3/envs/python38/lib/python3.8/site-packages/airflow/example_dags/example_params_trigger_ui.py for tasks to queue
[2023-11-09T19:32:20.908-0500] {logging_mixin.py:154} INFO - [2023-11-09T19:32:20.907-0500] {dagbag.py:536} INFO - Filling up the DagBag from /Users/az/anaconda3/envs/python38/lib/python3.8/site-packages/airflow/example_dags/example_params_trigger_ui.py
[2023-11-09T19:32:20.968-0500] {processor.py:839} INFO - DAG(s) dict_keys(['example_params_trigger_ui']) retrieved from /Users/az/anaconda3/envs/python38/lib/python3.8/site-packages/airflow/example_dags/example_params_trigger_ui.py
[2023-11-09T19:32:21.064-0500] {logging_mixin.py:154} INFO - [2023-11-09T19:32:21.064-0500] {dag.py:2941} INFO - Sync 1 DAGs
[2023-11-09T19:32:21.069-0500] {logging_mixin.py:154} INFO - [2023-11-09T19:32:21.069-0500] {dag.py:3722} INFO - Setting next_dagrun for example_params_trigger_ui to None, run_after=None
[2023-11-09T19:32:21.080-0500] {processor.py:179} INFO - Processing /Users/az/anaconda3/envs/python38/lib/python3.8/site-packages/airflow/example_dags/example_params_trigger_ui.py took 0.178 seconds
[2023-11-09T19:34:49.706-0500] {processor.py:157} INFO - Started process (PID=53206) to work on /Users/az/anaconda3/envs/python38/lib/python3.8/site-packages/airflow/example_dags/example_params_trigger_ui.py
[2023-11-09T19:34:49.711-0500] {processor.py:829} INFO - Processing file /Users/az/anaconda3/envs/python38/lib/python3.8/site-packages/airflow/example_dags/example_params_trigger_ui.py for tasks to queue
[2023-11-09T19:34:49.711-0500] {logging_mixin.py:154} INFO - [2023-11-09T19:34:49.711-0500] {dagbag.py:536} INFO - Filling up the DagBag from /Users/az/anaconda3/envs/python38/lib/python3.8/site-packages/airflow/example_dags/example_params_trigger_ui.py
[2023-11-09T19:34:49.772-0500] {processor.py:839} INFO - DAG(s) dict_keys(['example_params_trigger_ui']) retrieved from /Users/az/anaconda3/envs/python38/lib/python3.8/site-packages/airflow/example_dags/example_params_trigger_ui.py
[2023-11-09T19:34:49.866-0500] {logging_mixin.py:154} INFO - [2023-11-09T19:34:49.866-0500] {dag.py:2941} INFO - Sync 1 DAGs
[2023-11-09T19:34:49.871-0500] {logging_mixin.py:154} INFO - [2023-11-09T19:34:49.871-0500] {dag.py:3722} INFO - Setting next_dagrun for example_params_trigger_ui to None, run_after=None
[2023-11-09T19:34:49.882-0500] {processor.py:179} INFO - Processing /Users/az/anaconda3/envs/python38/lib/python3.8/site-packages/airflow/example_dags/example_params_trigger_ui.py took 0.176 seconds
[2023-11-09T19:36:47.395-0500] {processor.py:157} INFO - Started process (PID=53358) to work on /Users/az/anaconda3/envs/python38/lib/python3.8/site-packages/airflow/example_dags/example_params_trigger_ui.py
[2023-11-09T19:36:47.399-0500] {processor.py:829} INFO - Processing file /Users/az/anaconda3/envs/python38/lib/python3.8/site-packages/airflow/example_dags/example_params_trigger_ui.py for tasks to queue
[2023-11-09T19:36:47.399-0500] {logging_mixin.py:154} INFO - [2023-11-09T19:36:47.399-0500] {dagbag.py:536} INFO - Filling up the DagBag from /Users/az/anaconda3/envs/python38/lib/python3.8/site-packages/airflow/example_dags/example_params_trigger_ui.py
[2023-11-09T19:36:47.459-0500] {processor.py:839} INFO - DAG(s) dict_keys(['example_params_trigger_ui']) retrieved from /Users/az/anaconda3/envs/python38/lib/python3.8/site-packages/airflow/example_dags/example_params_trigger_ui.py
[2023-11-09T19:36:47.552-0500] {logging_mixin.py:154} INFO - [2023-11-09T19:36:47.552-0500] {dag.py:2941} INFO - Sync 1 DAGs
[2023-11-09T19:36:47.557-0500] {logging_mixin.py:154} INFO - [2023-11-09T19:36:47.557-0500] {dag.py:3722} INFO - Setting next_dagrun for example_params_trigger_ui to None, run_after=None
[2023-11-09T19:36:47.568-0500] {processor.py:179} INFO - Processing /Users/az/anaconda3/envs/python38/lib/python3.8/site-packages/airflow/example_dags/example_params_trigger_ui.py took 0.173 seconds
[2023-11-09T19:38:47.061-0500] {processor.py:157} INFO - Started process (PID=53510) to work on /Users/az/anaconda3/envs/python38/lib/python3.8/site-packages/airflow/example_dags/example_params_trigger_ui.py
[2023-11-09T19:38:47.066-0500] {processor.py:829} INFO - Processing file /Users/az/anaconda3/envs/python38/lib/python3.8/site-packages/airflow/example_dags/example_params_trigger_ui.py for tasks to queue
[2023-11-09T19:38:47.066-0500] {logging_mixin.py:154} INFO - [2023-11-09T19:38:47.066-0500] {dagbag.py:536} INFO - Filling up the DagBag from /Users/az/anaconda3/envs/python38/lib/python3.8/site-packages/airflow/example_dags/example_params_trigger_ui.py
[2023-11-09T19:38:47.127-0500] {processor.py:839} INFO - DAG(s) dict_keys(['example_params_trigger_ui']) retrieved from /Users/az/anaconda3/envs/python38/lib/python3.8/site-packages/airflow/example_dags/example_params_trigger_ui.py
[2023-11-09T19:38:47.220-0500] {logging_mixin.py:154} INFO - [2023-11-09T19:38:47.220-0500] {dag.py:2941} INFO - Sync 1 DAGs
[2023-11-09T19:38:47.226-0500] {logging_mixin.py:154} INFO - [2023-11-09T19:38:47.226-0500] {dag.py:3722} INFO - Setting next_dagrun for example_params_trigger_ui to None, run_after=None
[2023-11-09T19:38:47.236-0500] {processor.py:179} INFO - Processing /Users/az/anaconda3/envs/python38/lib/python3.8/site-packages/airflow/example_dags/example_params_trigger_ui.py took 0.175 seconds
[2023-11-09T19:40:43.262-0500] {processor.py:157} INFO - Started process (PID=53660) to work on /Users/az/anaconda3/envs/python38/lib/python3.8/site-packages/airflow/example_dags/example_params_trigger_ui.py
[2023-11-09T19:40:43.267-0500] {processor.py:829} INFO - Processing file /Users/az/anaconda3/envs/python38/lib/python3.8/site-packages/airflow/example_dags/example_params_trigger_ui.py for tasks to queue
[2023-11-09T19:40:43.267-0500] {logging_mixin.py:154} INFO - [2023-11-09T19:40:43.267-0500] {dagbag.py:536} INFO - Filling up the DagBag from /Users/az/anaconda3/envs/python38/lib/python3.8/site-packages/airflow/example_dags/example_params_trigger_ui.py
[2023-11-09T19:40:43.328-0500] {processor.py:839} INFO - DAG(s) dict_keys(['example_params_trigger_ui']) retrieved from /Users/az/anaconda3/envs/python38/lib/python3.8/site-packages/airflow/example_dags/example_params_trigger_ui.py
[2023-11-09T19:40:43.422-0500] {logging_mixin.py:154} INFO - [2023-11-09T19:40:43.422-0500] {dag.py:2941} INFO - Sync 1 DAGs
[2023-11-09T19:40:43.428-0500] {logging_mixin.py:154} INFO - [2023-11-09T19:40:43.428-0500] {dag.py:3722} INFO - Setting next_dagrun for example_params_trigger_ui to None, run_after=None
[2023-11-09T19:40:43.438-0500] {processor.py:179} INFO - Processing /Users/az/anaconda3/envs/python38/lib/python3.8/site-packages/airflow/example_dags/example_params_trigger_ui.py took 0.176 seconds
[2023-11-09T19:43:00.312-0500] {processor.py:157} INFO - Started process (PID=54122) to work on /Users/az/anaconda3/envs/python38/lib/python3.8/site-packages/airflow/example_dags/example_params_trigger_ui.py
[2023-11-09T19:43:00.317-0500] {processor.py:829} INFO - Processing file /Users/az/anaconda3/envs/python38/lib/python3.8/site-packages/airflow/example_dags/example_params_trigger_ui.py for tasks to queue
[2023-11-09T19:43:00.318-0500] {logging_mixin.py:154} INFO - [2023-11-09T19:43:00.317-0500] {dagbag.py:536} INFO - Filling up the DagBag from /Users/az/anaconda3/envs/python38/lib/python3.8/site-packages/airflow/example_dags/example_params_trigger_ui.py
[2023-11-09T19:43:00.378-0500] {processor.py:839} INFO - DAG(s) dict_keys(['example_params_trigger_ui']) retrieved from /Users/az/anaconda3/envs/python38/lib/python3.8/site-packages/airflow/example_dags/example_params_trigger_ui.py
[2023-11-09T19:43:00.471-0500] {logging_mixin.py:154} INFO - [2023-11-09T19:43:00.471-0500] {dag.py:2941} INFO - Sync 1 DAGs
[2023-11-09T19:43:00.477-0500] {logging_mixin.py:154} INFO - [2023-11-09T19:43:00.477-0500] {dag.py:3722} INFO - Setting next_dagrun for example_params_trigger_ui to None, run_after=None
[2023-11-09T19:43:00.487-0500] {processor.py:179} INFO - Processing /Users/az/anaconda3/envs/python38/lib/python3.8/site-packages/airflow/example_dags/example_params_trigger_ui.py took 0.175 seconds
[2023-11-09T19:44:58.212-0500] {processor.py:157} INFO - Started process (PID=54276) to work on /Users/az/anaconda3/envs/python38/lib/python3.8/site-packages/airflow/example_dags/example_params_trigger_ui.py
[2023-11-09T19:44:58.217-0500] {processor.py:829} INFO - Processing file /Users/az/anaconda3/envs/python38/lib/python3.8/site-packages/airflow/example_dags/example_params_trigger_ui.py for tasks to queue
[2023-11-09T19:44:58.217-0500] {logging_mixin.py:154} INFO - [2023-11-09T19:44:58.217-0500] {dagbag.py:536} INFO - Filling up the DagBag from /Users/az/anaconda3/envs/python38/lib/python3.8/site-packages/airflow/example_dags/example_params_trigger_ui.py
[2023-11-09T19:44:58.278-0500] {processor.py:839} INFO - DAG(s) dict_keys(['example_params_trigger_ui']) retrieved from /Users/az/anaconda3/envs/python38/lib/python3.8/site-packages/airflow/example_dags/example_params_trigger_ui.py
[2023-11-09T19:44:58.371-0500] {logging_mixin.py:154} INFO - [2023-11-09T19:44:58.371-0500] {dag.py:2941} INFO - Sync 1 DAGs
[2023-11-09T19:44:58.377-0500] {logging_mixin.py:154} INFO - [2023-11-09T19:44:58.377-0500] {dag.py:3722} INFO - Setting next_dagrun for example_params_trigger_ui to None, run_after=None
[2023-11-09T19:44:58.387-0500] {processor.py:179} INFO - Processing /Users/az/anaconda3/envs/python38/lib/python3.8/site-packages/airflow/example_dags/example_params_trigger_ui.py took 0.175 seconds
[2023-11-09T19:46:53.910-0500] {processor.py:157} INFO - Started process (PID=54427) to work on /Users/az/anaconda3/envs/python38/lib/python3.8/site-packages/airflow/example_dags/example_params_trigger_ui.py
[2023-11-09T19:46:53.915-0500] {processor.py:829} INFO - Processing file /Users/az/anaconda3/envs/python38/lib/python3.8/site-packages/airflow/example_dags/example_params_trigger_ui.py for tasks to queue
[2023-11-09T19:46:53.916-0500] {logging_mixin.py:154} INFO - [2023-11-09T19:46:53.916-0500] {dagbag.py:536} INFO - Filling up the DagBag from /Users/az/anaconda3/envs/python38/lib/python3.8/site-packages/airflow/example_dags/example_params_trigger_ui.py
[2023-11-09T19:46:53.976-0500] {processor.py:839} INFO - DAG(s) dict_keys(['example_params_trigger_ui']) retrieved from /Users/az/anaconda3/envs/python38/lib/python3.8/site-packages/airflow/example_dags/example_params_trigger_ui.py
[2023-11-09T19:46:54.070-0500] {logging_mixin.py:154} INFO - [2023-11-09T19:46:54.070-0500] {dag.py:2941} INFO - Sync 1 DAGs
[2023-11-09T19:46:54.076-0500] {logging_mixin.py:154} INFO - [2023-11-09T19:46:54.075-0500] {dag.py:3722} INFO - Setting next_dagrun for example_params_trigger_ui to None, run_after=None
[2023-11-09T19:46:54.086-0500] {processor.py:179} INFO - Processing /Users/az/anaconda3/envs/python38/lib/python3.8/site-packages/airflow/example_dags/example_params_trigger_ui.py took 0.176 seconds
[2023-11-09T19:48:54.400-0500] {processor.py:157} INFO - Started process (PID=54576) to work on /Users/az/anaconda3/envs/python38/lib/python3.8/site-packages/airflow/example_dags/example_params_trigger_ui.py
[2023-11-09T19:48:54.404-0500] {processor.py:829} INFO - Processing file /Users/az/anaconda3/envs/python38/lib/python3.8/site-packages/airflow/example_dags/example_params_trigger_ui.py for tasks to queue
[2023-11-09T19:48:54.405-0500] {logging_mixin.py:154} INFO - [2023-11-09T19:48:54.405-0500] {dagbag.py:536} INFO - Filling up the DagBag from /Users/az/anaconda3/envs/python38/lib/python3.8/site-packages/airflow/example_dags/example_params_trigger_ui.py
[2023-11-09T19:48:54.465-0500] {processor.py:839} INFO - DAG(s) dict_keys(['example_params_trigger_ui']) retrieved from /Users/az/anaconda3/envs/python38/lib/python3.8/site-packages/airflow/example_dags/example_params_trigger_ui.py
[2023-11-09T19:48:54.559-0500] {logging_mixin.py:154} INFO - [2023-11-09T19:48:54.559-0500] {dag.py:2941} INFO - Sync 1 DAGs
[2023-11-09T19:48:54.565-0500] {logging_mixin.py:154} INFO - [2023-11-09T19:48:54.565-0500] {dag.py:3722} INFO - Setting next_dagrun for example_params_trigger_ui to None, run_after=None
[2023-11-09T19:48:54.575-0500] {processor.py:179} INFO - Processing /Users/az/anaconda3/envs/python38/lib/python3.8/site-packages/airflow/example_dags/example_params_trigger_ui.py took 0.175 seconds
[2023-11-09T19:50:51.358-0500] {processor.py:157} INFO - Started process (PID=54725) to work on /Users/az/anaconda3/envs/python38/lib/python3.8/site-packages/airflow/example_dags/example_params_trigger_ui.py
[2023-11-09T19:50:51.362-0500] {processor.py:829} INFO - Processing file /Users/az/anaconda3/envs/python38/lib/python3.8/site-packages/airflow/example_dags/example_params_trigger_ui.py for tasks to queue
[2023-11-09T19:50:51.363-0500] {logging_mixin.py:154} INFO - [2023-11-09T19:50:51.363-0500] {dagbag.py:536} INFO - Filling up the DagBag from /Users/az/anaconda3/envs/python38/lib/python3.8/site-packages/airflow/example_dags/example_params_trigger_ui.py
[2023-11-09T19:50:51.424-0500] {processor.py:839} INFO - DAG(s) dict_keys(['example_params_trigger_ui']) retrieved from /Users/az/anaconda3/envs/python38/lib/python3.8/site-packages/airflow/example_dags/example_params_trigger_ui.py
[2023-11-09T19:50:51.518-0500] {logging_mixin.py:154} INFO - [2023-11-09T19:50:51.518-0500] {dag.py:2941} INFO - Sync 1 DAGs
[2023-11-09T19:50:51.524-0500] {logging_mixin.py:154} INFO - [2023-11-09T19:50:51.524-0500] {dag.py:3722} INFO - Setting next_dagrun for example_params_trigger_ui to None, run_after=None
[2023-11-09T19:50:51.539-0500] {processor.py:179} INFO - Processing /Users/az/anaconda3/envs/python38/lib/python3.8/site-packages/airflow/example_dags/example_params_trigger_ui.py took 0.182 seconds
[2023-11-09T19:52:50.293-0500] {processor.py:157} INFO - Started process (PID=54878) to work on /Users/az/anaconda3/envs/python38/lib/python3.8/site-packages/airflow/example_dags/example_params_trigger_ui.py
[2023-11-09T19:52:50.297-0500] {processor.py:829} INFO - Processing file /Users/az/anaconda3/envs/python38/lib/python3.8/site-packages/airflow/example_dags/example_params_trigger_ui.py for tasks to queue
[2023-11-09T19:52:50.297-0500] {logging_mixin.py:154} INFO - [2023-11-09T19:52:50.297-0500] {dagbag.py:536} INFO - Filling up the DagBag from /Users/az/anaconda3/envs/python38/lib/python3.8/site-packages/airflow/example_dags/example_params_trigger_ui.py
[2023-11-09T19:52:50.359-0500] {processor.py:839} INFO - DAG(s) dict_keys(['example_params_trigger_ui']) retrieved from /Users/az/anaconda3/envs/python38/lib/python3.8/site-packages/airflow/example_dags/example_params_trigger_ui.py
[2023-11-09T19:52:50.452-0500] {logging_mixin.py:154} INFO - [2023-11-09T19:52:50.452-0500] {dag.py:2941} INFO - Sync 1 DAGs
[2023-11-09T19:52:50.458-0500] {logging_mixin.py:154} INFO - [2023-11-09T19:52:50.458-0500] {dag.py:3722} INFO - Setting next_dagrun for example_params_trigger_ui to None, run_after=None
[2023-11-09T19:52:50.469-0500] {processor.py:179} INFO - Processing /Users/az/anaconda3/envs/python38/lib/python3.8/site-packages/airflow/example_dags/example_params_trigger_ui.py took 0.176 seconds
[2023-11-09T19:54:50.751-0500] {processor.py:157} INFO - Started process (PID=55030) to work on /Users/az/anaconda3/envs/python38/lib/python3.8/site-packages/airflow/example_dags/example_params_trigger_ui.py
[2023-11-09T19:54:50.756-0500] {processor.py:829} INFO - Processing file /Users/az/anaconda3/envs/python38/lib/python3.8/site-packages/airflow/example_dags/example_params_trigger_ui.py for tasks to queue
[2023-11-09T19:54:50.756-0500] {logging_mixin.py:154} INFO - [2023-11-09T19:54:50.756-0500] {dagbag.py:536} INFO - Filling up the DagBag from /Users/az/anaconda3/envs/python38/lib/python3.8/site-packages/airflow/example_dags/example_params_trigger_ui.py
[2023-11-09T19:54:50.817-0500] {processor.py:839} INFO - DAG(s) dict_keys(['example_params_trigger_ui']) retrieved from /Users/az/anaconda3/envs/python38/lib/python3.8/site-packages/airflow/example_dags/example_params_trigger_ui.py
[2023-11-09T19:54:50.912-0500] {logging_mixin.py:154} INFO - [2023-11-09T19:54:50.911-0500] {dag.py:2941} INFO - Sync 1 DAGs
[2023-11-09T19:54:50.917-0500] {logging_mixin.py:154} INFO - [2023-11-09T19:54:50.917-0500] {dag.py:3722} INFO - Setting next_dagrun for example_params_trigger_ui to None, run_after=None
[2023-11-09T19:54:50.928-0500] {processor.py:179} INFO - Processing /Users/az/anaconda3/envs/python38/lib/python3.8/site-packages/airflow/example_dags/example_params_trigger_ui.py took 0.177 seconds
[2023-11-09T19:56:48.656-0500] {processor.py:157} INFO - Started process (PID=55183) to work on /Users/az/anaconda3/envs/python38/lib/python3.8/site-packages/airflow/example_dags/example_params_trigger_ui.py
[2023-11-09T19:56:48.660-0500] {processor.py:829} INFO - Processing file /Users/az/anaconda3/envs/python38/lib/python3.8/site-packages/airflow/example_dags/example_params_trigger_ui.py for tasks to queue
[2023-11-09T19:56:48.661-0500] {logging_mixin.py:154} INFO - [2023-11-09T19:56:48.660-0500] {dagbag.py:536} INFO - Filling up the DagBag from /Users/az/anaconda3/envs/python38/lib/python3.8/site-packages/airflow/example_dags/example_params_trigger_ui.py
[2023-11-09T19:56:48.721-0500] {processor.py:839} INFO - DAG(s) dict_keys(['example_params_trigger_ui']) retrieved from /Users/az/anaconda3/envs/python38/lib/python3.8/site-packages/airflow/example_dags/example_params_trigger_ui.py
[2023-11-09T19:56:48.817-0500] {logging_mixin.py:154} INFO - [2023-11-09T19:56:48.816-0500] {dag.py:2941} INFO - Sync 1 DAGs
[2023-11-09T19:56:48.822-0500] {logging_mixin.py:154} INFO - [2023-11-09T19:56:48.822-0500] {dag.py:3722} INFO - Setting next_dagrun for example_params_trigger_ui to None, run_after=None
[2023-11-09T19:56:48.833-0500] {processor.py:179} INFO - Processing /Users/az/anaconda3/envs/python38/lib/python3.8/site-packages/airflow/example_dags/example_params_trigger_ui.py took 0.177 seconds
[2023-11-09T19:58:49.041-0500] {processor.py:157} INFO - Started process (PID=55340) to work on /Users/az/anaconda3/envs/python38/lib/python3.8/site-packages/airflow/example_dags/example_params_trigger_ui.py
[2023-11-09T19:58:49.046-0500] {processor.py:829} INFO - Processing file /Users/az/anaconda3/envs/python38/lib/python3.8/site-packages/airflow/example_dags/example_params_trigger_ui.py for tasks to queue
[2023-11-09T19:58:49.046-0500] {logging_mixin.py:154} INFO - [2023-11-09T19:58:49.046-0500] {dagbag.py:536} INFO - Filling up the DagBag from /Users/az/anaconda3/envs/python38/lib/python3.8/site-packages/airflow/example_dags/example_params_trigger_ui.py
[2023-11-09T19:58:49.107-0500] {processor.py:839} INFO - DAG(s) dict_keys(['example_params_trigger_ui']) retrieved from /Users/az/anaconda3/envs/python38/lib/python3.8/site-packages/airflow/example_dags/example_params_trigger_ui.py
[2023-11-09T19:58:49.202-0500] {logging_mixin.py:154} INFO - [2023-11-09T19:58:49.202-0500] {dag.py:2941} INFO - Sync 1 DAGs
[2023-11-09T19:58:49.209-0500] {logging_mixin.py:154} INFO - [2023-11-09T19:58:49.209-0500] {dag.py:3722} INFO - Setting next_dagrun for example_params_trigger_ui to None, run_after=None
[2023-11-09T19:58:49.219-0500] {processor.py:179} INFO - Processing /Users/az/anaconda3/envs/python38/lib/python3.8/site-packages/airflow/example_dags/example_params_trigger_ui.py took 0.179 seconds
[2023-11-09T20:00:49.656-0500] {processor.py:157} INFO - Started process (PID=55492) to work on /Users/az/anaconda3/envs/python38/lib/python3.8/site-packages/airflow/example_dags/example_params_trigger_ui.py
[2023-11-09T20:00:49.660-0500] {processor.py:829} INFO - Processing file /Users/az/anaconda3/envs/python38/lib/python3.8/site-packages/airflow/example_dags/example_params_trigger_ui.py for tasks to queue
[2023-11-09T20:00:49.661-0500] {logging_mixin.py:154} INFO - [2023-11-09T20:00:49.661-0500] {dagbag.py:536} INFO - Filling up the DagBag from /Users/az/anaconda3/envs/python38/lib/python3.8/site-packages/airflow/example_dags/example_params_trigger_ui.py
[2023-11-09T20:00:49.721-0500] {processor.py:839} INFO - DAG(s) dict_keys(['example_params_trigger_ui']) retrieved from /Users/az/anaconda3/envs/python38/lib/python3.8/site-packages/airflow/example_dags/example_params_trigger_ui.py
[2023-11-09T20:00:49.815-0500] {logging_mixin.py:154} INFO - [2023-11-09T20:00:49.815-0500] {dag.py:2941} INFO - Sync 1 DAGs
[2023-11-09T20:00:49.821-0500] {logging_mixin.py:154} INFO - [2023-11-09T20:00:49.821-0500] {dag.py:3722} INFO - Setting next_dagrun for example_params_trigger_ui to None, run_after=None
[2023-11-09T20:00:49.831-0500] {processor.py:179} INFO - Processing /Users/az/anaconda3/envs/python38/lib/python3.8/site-packages/airflow/example_dags/example_params_trigger_ui.py took 0.176 seconds
[2023-11-09T20:02:52.615-0500] {processor.py:157} INFO - Started process (PID=55660) to work on /Users/az/anaconda3/envs/python38/lib/python3.8/site-packages/airflow/example_dags/example_params_trigger_ui.py
[2023-11-09T20:02:52.620-0500] {processor.py:829} INFO - Processing file /Users/az/anaconda3/envs/python38/lib/python3.8/site-packages/airflow/example_dags/example_params_trigger_ui.py for tasks to queue
[2023-11-09T20:02:52.621-0500] {logging_mixin.py:154} INFO - [2023-11-09T20:02:52.621-0500] {dagbag.py:536} INFO - Filling up the DagBag from /Users/az/anaconda3/envs/python38/lib/python3.8/site-packages/airflow/example_dags/example_params_trigger_ui.py
[2023-11-09T20:02:52.687-0500] {processor.py:839} INFO - DAG(s) dict_keys(['example_params_trigger_ui']) retrieved from /Users/az/anaconda3/envs/python38/lib/python3.8/site-packages/airflow/example_dags/example_params_trigger_ui.py
[2023-11-09T20:02:52.792-0500] {logging_mixin.py:154} INFO - [2023-11-09T20:02:52.792-0500] {dag.py:2941} INFO - Sync 1 DAGs
[2023-11-09T20:02:52.798-0500] {logging_mixin.py:154} INFO - [2023-11-09T20:02:52.798-0500] {dag.py:3722} INFO - Setting next_dagrun for example_params_trigger_ui to None, run_after=None
[2023-11-09T20:02:52.811-0500] {processor.py:179} INFO - Processing /Users/az/anaconda3/envs/python38/lib/python3.8/site-packages/airflow/example_dags/example_params_trigger_ui.py took 0.196 seconds
[2023-11-09T20:04:52.735-0500] {processor.py:157} INFO - Started process (PID=55815) to work on /Users/az/anaconda3/envs/python38/lib/python3.8/site-packages/airflow/example_dags/example_params_trigger_ui.py
[2023-11-09T20:04:52.740-0500] {processor.py:829} INFO - Processing file /Users/az/anaconda3/envs/python38/lib/python3.8/site-packages/airflow/example_dags/example_params_trigger_ui.py for tasks to queue
[2023-11-09T20:04:52.740-0500] {logging_mixin.py:154} INFO - [2023-11-09T20:04:52.740-0500] {dagbag.py:536} INFO - Filling up the DagBag from /Users/az/anaconda3/envs/python38/lib/python3.8/site-packages/airflow/example_dags/example_params_trigger_ui.py
[2023-11-09T20:04:52.801-0500] {processor.py:839} INFO - DAG(s) dict_keys(['example_params_trigger_ui']) retrieved from /Users/az/anaconda3/envs/python38/lib/python3.8/site-packages/airflow/example_dags/example_params_trigger_ui.py
[2023-11-09T20:04:52.894-0500] {logging_mixin.py:154} INFO - [2023-11-09T20:04:52.894-0500] {dag.py:2941} INFO - Sync 1 DAGs
[2023-11-09T20:04:52.900-0500] {logging_mixin.py:154} INFO - [2023-11-09T20:04:52.900-0500] {dag.py:3722} INFO - Setting next_dagrun for example_params_trigger_ui to None, run_after=None
[2023-11-09T20:04:52.910-0500] {processor.py:179} INFO - Processing /Users/az/anaconda3/envs/python38/lib/python3.8/site-packages/airflow/example_dags/example_params_trigger_ui.py took 0.176 seconds
[2023-11-09T20:06:48.701-0500] {processor.py:157} INFO - Started process (PID=55979) to work on /Users/az/anaconda3/envs/python38/lib/python3.8/site-packages/airflow/example_dags/example_params_trigger_ui.py
[2023-11-09T20:06:48.706-0500] {processor.py:829} INFO - Processing file /Users/az/anaconda3/envs/python38/lib/python3.8/site-packages/airflow/example_dags/example_params_trigger_ui.py for tasks to queue
[2023-11-09T20:06:48.706-0500] {logging_mixin.py:154} INFO - [2023-11-09T20:06:48.706-0500] {dagbag.py:536} INFO - Filling up the DagBag from /Users/az/anaconda3/envs/python38/lib/python3.8/site-packages/airflow/example_dags/example_params_trigger_ui.py
[2023-11-09T20:06:48.767-0500] {processor.py:839} INFO - DAG(s) dict_keys(['example_params_trigger_ui']) retrieved from /Users/az/anaconda3/envs/python38/lib/python3.8/site-packages/airflow/example_dags/example_params_trigger_ui.py
[2023-11-09T20:06:48.860-0500] {logging_mixin.py:154} INFO - [2023-11-09T20:06:48.860-0500] {dag.py:2941} INFO - Sync 1 DAGs
[2023-11-09T20:06:48.866-0500] {logging_mixin.py:154} INFO - [2023-11-09T20:06:48.865-0500] {dag.py:3722} INFO - Setting next_dagrun for example_params_trigger_ui to None, run_after=None
[2023-11-09T20:06:48.876-0500] {processor.py:179} INFO - Processing /Users/az/anaconda3/envs/python38/lib/python3.8/site-packages/airflow/example_dags/example_params_trigger_ui.py took 0.175 seconds
[2023-11-09T20:08:48.239-0500] {processor.py:157} INFO - Started process (PID=56131) to work on /Users/az/anaconda3/envs/python38/lib/python3.8/site-packages/airflow/example_dags/example_params_trigger_ui.py
[2023-11-09T20:08:48.244-0500] {processor.py:829} INFO - Processing file /Users/az/anaconda3/envs/python38/lib/python3.8/site-packages/airflow/example_dags/example_params_trigger_ui.py for tasks to queue
[2023-11-09T20:08:48.244-0500] {logging_mixin.py:154} INFO - [2023-11-09T20:08:48.244-0500] {dagbag.py:536} INFO - Filling up the DagBag from /Users/az/anaconda3/envs/python38/lib/python3.8/site-packages/airflow/example_dags/example_params_trigger_ui.py
[2023-11-09T20:08:48.305-0500] {processor.py:839} INFO - DAG(s) dict_keys(['example_params_trigger_ui']) retrieved from /Users/az/anaconda3/envs/python38/lib/python3.8/site-packages/airflow/example_dags/example_params_trigger_ui.py
[2023-11-09T20:08:48.398-0500] {logging_mixin.py:154} INFO - [2023-11-09T20:08:48.397-0500] {dag.py:2941} INFO - Sync 1 DAGs
[2023-11-09T20:08:48.403-0500] {logging_mixin.py:154} INFO - [2023-11-09T20:08:48.403-0500] {dag.py:3722} INFO - Setting next_dagrun for example_params_trigger_ui to None, run_after=None
[2023-11-09T20:08:48.413-0500] {processor.py:179} INFO - Processing /Users/az/anaconda3/envs/python38/lib/python3.8/site-packages/airflow/example_dags/example_params_trigger_ui.py took 0.175 seconds
[2023-11-09T20:10:45.336-0500] {processor.py:157} INFO - Started process (PID=56295) to work on /Users/az/anaconda3/envs/python38/lib/python3.8/site-packages/airflow/example_dags/example_params_trigger_ui.py
[2023-11-09T20:10:45.340-0500] {processor.py:829} INFO - Processing file /Users/az/anaconda3/envs/python38/lib/python3.8/site-packages/airflow/example_dags/example_params_trigger_ui.py for tasks to queue
[2023-11-09T20:10:45.341-0500] {logging_mixin.py:154} INFO - [2023-11-09T20:10:45.341-0500] {dagbag.py:536} INFO - Filling up the DagBag from /Users/az/anaconda3/envs/python38/lib/python3.8/site-packages/airflow/example_dags/example_params_trigger_ui.py
[2023-11-09T20:10:45.402-0500] {processor.py:839} INFO - DAG(s) dict_keys(['example_params_trigger_ui']) retrieved from /Users/az/anaconda3/envs/python38/lib/python3.8/site-packages/airflow/example_dags/example_params_trigger_ui.py
[2023-11-09T20:10:45.495-0500] {logging_mixin.py:154} INFO - [2023-11-09T20:10:45.495-0500] {dag.py:2941} INFO - Sync 1 DAGs
[2023-11-09T20:10:45.501-0500] {logging_mixin.py:154} INFO - [2023-11-09T20:10:45.501-0500] {dag.py:3722} INFO - Setting next_dagrun for example_params_trigger_ui to None, run_after=None
[2023-11-09T20:10:45.511-0500] {processor.py:179} INFO - Processing /Users/az/anaconda3/envs/python38/lib/python3.8/site-packages/airflow/example_dags/example_params_trigger_ui.py took 0.176 seconds
[2023-11-09T20:12:42.839-0500] {processor.py:157} INFO - Started process (PID=56461) to work on /Users/az/anaconda3/envs/python38/lib/python3.8/site-packages/airflow/example_dags/example_params_trigger_ui.py
[2023-11-09T20:12:42.844-0500] {processor.py:829} INFO - Processing file /Users/az/anaconda3/envs/python38/lib/python3.8/site-packages/airflow/example_dags/example_params_trigger_ui.py for tasks to queue
[2023-11-09T20:12:42.844-0500] {logging_mixin.py:154} INFO - [2023-11-09T20:12:42.844-0500] {dagbag.py:536} INFO - Filling up the DagBag from /Users/az/anaconda3/envs/python38/lib/python3.8/site-packages/airflow/example_dags/example_params_trigger_ui.py
[2023-11-09T20:12:42.905-0500] {processor.py:839} INFO - DAG(s) dict_keys(['example_params_trigger_ui']) retrieved from /Users/az/anaconda3/envs/python38/lib/python3.8/site-packages/airflow/example_dags/example_params_trigger_ui.py
[2023-11-09T20:12:43.000-0500] {logging_mixin.py:154} INFO - [2023-11-09T20:12:43.000-0500] {dag.py:2941} INFO - Sync 1 DAGs
[2023-11-09T20:12:43.006-0500] {logging_mixin.py:154} INFO - [2023-11-09T20:12:43.006-0500] {dag.py:3722} INFO - Setting next_dagrun for example_params_trigger_ui to None, run_after=None
[2023-11-09T20:12:43.016-0500] {processor.py:179} INFO - Processing /Users/az/anaconda3/envs/python38/lib/python3.8/site-packages/airflow/example_dags/example_params_trigger_ui.py took 0.177 seconds
[2023-11-09T20:14:44.585-0500] {processor.py:157} INFO - Started process (PID=56632) to work on /Users/az/anaconda3/envs/python38/lib/python3.8/site-packages/airflow/example_dags/example_params_trigger_ui.py
[2023-11-09T20:14:44.590-0500] {processor.py:829} INFO - Processing file /Users/az/anaconda3/envs/python38/lib/python3.8/site-packages/airflow/example_dags/example_params_trigger_ui.py for tasks to queue
[2023-11-09T20:14:44.590-0500] {logging_mixin.py:154} INFO - [2023-11-09T20:14:44.590-0500] {dagbag.py:536} INFO - Filling up the DagBag from /Users/az/anaconda3/envs/python38/lib/python3.8/site-packages/airflow/example_dags/example_params_trigger_ui.py
[2023-11-09T20:14:44.651-0500] {processor.py:839} INFO - DAG(s) dict_keys(['example_params_trigger_ui']) retrieved from /Users/az/anaconda3/envs/python38/lib/python3.8/site-packages/airflow/example_dags/example_params_trigger_ui.py
[2023-11-09T20:14:44.744-0500] {logging_mixin.py:154} INFO - [2023-11-09T20:14:44.744-0500] {dag.py:2941} INFO - Sync 1 DAGs
[2023-11-09T20:14:44.750-0500] {logging_mixin.py:154} INFO - [2023-11-09T20:14:44.749-0500] {dag.py:3722} INFO - Setting next_dagrun for example_params_trigger_ui to None, run_after=None
[2023-11-09T20:14:44.760-0500] {processor.py:179} INFO - Processing /Users/az/anaconda3/envs/python38/lib/python3.8/site-packages/airflow/example_dags/example_params_trigger_ui.py took 0.175 seconds
[2023-11-09T20:16:41.611-0500] {processor.py:157} INFO - Started process (PID=56781) to work on /Users/az/anaconda3/envs/python38/lib/python3.8/site-packages/airflow/example_dags/example_params_trigger_ui.py
[2023-11-09T20:16:41.616-0500] {processor.py:829} INFO - Processing file /Users/az/anaconda3/envs/python38/lib/python3.8/site-packages/airflow/example_dags/example_params_trigger_ui.py for tasks to queue
[2023-11-09T20:16:41.616-0500] {logging_mixin.py:154} INFO - [2023-11-09T20:16:41.616-0500] {dagbag.py:536} INFO - Filling up the DagBag from /Users/az/anaconda3/envs/python38/lib/python3.8/site-packages/airflow/example_dags/example_params_trigger_ui.py
[2023-11-09T20:16:41.677-0500] {processor.py:839} INFO - DAG(s) dict_keys(['example_params_trigger_ui']) retrieved from /Users/az/anaconda3/envs/python38/lib/python3.8/site-packages/airflow/example_dags/example_params_trigger_ui.py
[2023-11-09T20:16:41.771-0500] {logging_mixin.py:154} INFO - [2023-11-09T20:16:41.771-0500] {dag.py:2941} INFO - Sync 1 DAGs
[2023-11-09T20:16:41.777-0500] {logging_mixin.py:154} INFO - [2023-11-09T20:16:41.776-0500] {dag.py:3722} INFO - Setting next_dagrun for example_params_trigger_ui to None, run_after=None
[2023-11-09T20:16:41.787-0500] {processor.py:179} INFO - Processing /Users/az/anaconda3/envs/python38/lib/python3.8/site-packages/airflow/example_dags/example_params_trigger_ui.py took 0.176 seconds
[2023-11-09T20:18:40.517-0500] {processor.py:157} INFO - Started process (PID=56929) to work on /Users/az/anaconda3/envs/python38/lib/python3.8/site-packages/airflow/example_dags/example_params_trigger_ui.py
[2023-11-09T20:18:40.522-0500] {processor.py:829} INFO - Processing file /Users/az/anaconda3/envs/python38/lib/python3.8/site-packages/airflow/example_dags/example_params_trigger_ui.py for tasks to queue
[2023-11-09T20:18:40.522-0500] {logging_mixin.py:154} INFO - [2023-11-09T20:18:40.522-0500] {dagbag.py:536} INFO - Filling up the DagBag from /Users/az/anaconda3/envs/python38/lib/python3.8/site-packages/airflow/example_dags/example_params_trigger_ui.py
[2023-11-09T20:18:40.583-0500] {processor.py:839} INFO - DAG(s) dict_keys(['example_params_trigger_ui']) retrieved from /Users/az/anaconda3/envs/python38/lib/python3.8/site-packages/airflow/example_dags/example_params_trigger_ui.py
[2023-11-09T20:18:40.676-0500] {logging_mixin.py:154} INFO - [2023-11-09T20:18:40.676-0500] {dag.py:2941} INFO - Sync 1 DAGs
[2023-11-09T20:18:40.681-0500] {logging_mixin.py:154} INFO - [2023-11-09T20:18:40.681-0500] {dag.py:3722} INFO - Setting next_dagrun for example_params_trigger_ui to None, run_after=None
[2023-11-09T20:18:40.691-0500] {processor.py:179} INFO - Processing /Users/az/anaconda3/envs/python38/lib/python3.8/site-packages/airflow/example_dags/example_params_trigger_ui.py took 0.174 seconds
[2023-11-09T20:20:39.627-0500] {processor.py:157} INFO - Started process (PID=57077) to work on /Users/az/anaconda3/envs/python38/lib/python3.8/site-packages/airflow/example_dags/example_params_trigger_ui.py
[2023-11-09T20:20:39.631-0500] {processor.py:829} INFO - Processing file /Users/az/anaconda3/envs/python38/lib/python3.8/site-packages/airflow/example_dags/example_params_trigger_ui.py for tasks to queue
[2023-11-09T20:20:39.631-0500] {logging_mixin.py:154} INFO - [2023-11-09T20:20:39.631-0500] {dagbag.py:536} INFO - Filling up the DagBag from /Users/az/anaconda3/envs/python38/lib/python3.8/site-packages/airflow/example_dags/example_params_trigger_ui.py
[2023-11-09T20:20:39.692-0500] {processor.py:839} INFO - DAG(s) dict_keys(['example_params_trigger_ui']) retrieved from /Users/az/anaconda3/envs/python38/lib/python3.8/site-packages/airflow/example_dags/example_params_trigger_ui.py
[2023-11-09T20:20:39.785-0500] {logging_mixin.py:154} INFO - [2023-11-09T20:20:39.785-0500] {dag.py:2941} INFO - Sync 1 DAGs
[2023-11-09T20:20:39.791-0500] {logging_mixin.py:154} INFO - [2023-11-09T20:20:39.790-0500] {dag.py:3722} INFO - Setting next_dagrun for example_params_trigger_ui to None, run_after=None
[2023-11-09T20:20:39.801-0500] {processor.py:179} INFO - Processing /Users/az/anaconda3/envs/python38/lib/python3.8/site-packages/airflow/example_dags/example_params_trigger_ui.py took 0.174 seconds
[2023-11-09T20:22:40.492-0500] {processor.py:157} INFO - Started process (PID=57237) to work on /Users/az/anaconda3/envs/python38/lib/python3.8/site-packages/airflow/example_dags/example_params_trigger_ui.py
[2023-11-09T20:22:40.496-0500] {processor.py:829} INFO - Processing file /Users/az/anaconda3/envs/python38/lib/python3.8/site-packages/airflow/example_dags/example_params_trigger_ui.py for tasks to queue
[2023-11-09T20:22:40.496-0500] {logging_mixin.py:154} INFO - [2023-11-09T20:22:40.496-0500] {dagbag.py:536} INFO - Filling up the DagBag from /Users/az/anaconda3/envs/python38/lib/python3.8/site-packages/airflow/example_dags/example_params_trigger_ui.py
[2023-11-09T20:22:40.557-0500] {processor.py:839} INFO - DAG(s) dict_keys(['example_params_trigger_ui']) retrieved from /Users/az/anaconda3/envs/python38/lib/python3.8/site-packages/airflow/example_dags/example_params_trigger_ui.py
[2023-11-09T20:22:40.651-0500] {logging_mixin.py:154} INFO - [2023-11-09T20:22:40.651-0500] {dag.py:2941} INFO - Sync 1 DAGs
[2023-11-09T20:22:40.657-0500] {logging_mixin.py:154} INFO - [2023-11-09T20:22:40.657-0500] {dag.py:3722} INFO - Setting next_dagrun for example_params_trigger_ui to None, run_after=None
[2023-11-09T20:22:40.667-0500] {processor.py:179} INFO - Processing /Users/az/anaconda3/envs/python38/lib/python3.8/site-packages/airflow/example_dags/example_params_trigger_ui.py took 0.176 seconds
[2023-11-09T20:24:39.275-0500] {processor.py:157} INFO - Started process (PID=57389) to work on /Users/az/anaconda3/envs/python38/lib/python3.8/site-packages/airflow/example_dags/example_params_trigger_ui.py
[2023-11-09T20:24:39.280-0500] {processor.py:829} INFO - Processing file /Users/az/anaconda3/envs/python38/lib/python3.8/site-packages/airflow/example_dags/example_params_trigger_ui.py for tasks to queue
[2023-11-09T20:24:39.280-0500] {logging_mixin.py:154} INFO - [2023-11-09T20:24:39.280-0500] {dagbag.py:536} INFO - Filling up the DagBag from /Users/az/anaconda3/envs/python38/lib/python3.8/site-packages/airflow/example_dags/example_params_trigger_ui.py
[2023-11-09T20:24:39.341-0500] {processor.py:839} INFO - DAG(s) dict_keys(['example_params_trigger_ui']) retrieved from /Users/az/anaconda3/envs/python38/lib/python3.8/site-packages/airflow/example_dags/example_params_trigger_ui.py
[2023-11-09T20:24:39.434-0500] {logging_mixin.py:154} INFO - [2023-11-09T20:24:39.434-0500] {dag.py:2941} INFO - Sync 1 DAGs
[2023-11-09T20:24:39.440-0500] {logging_mixin.py:154} INFO - [2023-11-09T20:24:39.440-0500] {dag.py:3722} INFO - Setting next_dagrun for example_params_trigger_ui to None, run_after=None
[2023-11-09T20:24:39.450-0500] {processor.py:179} INFO - Processing /Users/az/anaconda3/envs/python38/lib/python3.8/site-packages/airflow/example_dags/example_params_trigger_ui.py took 0.176 seconds
[2023-11-09T20:26:37.207-0500] {processor.py:157} INFO - Started process (PID=57539) to work on /Users/az/anaconda3/envs/python38/lib/python3.8/site-packages/airflow/example_dags/example_params_trigger_ui.py
[2023-11-09T20:26:37.212-0500] {processor.py:829} INFO - Processing file /Users/az/anaconda3/envs/python38/lib/python3.8/site-packages/airflow/example_dags/example_params_trigger_ui.py for tasks to queue
[2023-11-09T20:26:37.212-0500] {logging_mixin.py:154} INFO - [2023-11-09T20:26:37.212-0500] {dagbag.py:536} INFO - Filling up the DagBag from /Users/az/anaconda3/envs/python38/lib/python3.8/site-packages/airflow/example_dags/example_params_trigger_ui.py
[2023-11-09T20:26:37.272-0500] {processor.py:839} INFO - DAG(s) dict_keys(['example_params_trigger_ui']) retrieved from /Users/az/anaconda3/envs/python38/lib/python3.8/site-packages/airflow/example_dags/example_params_trigger_ui.py
[2023-11-09T20:26:37.374-0500] {logging_mixin.py:154} INFO - [2023-11-09T20:26:37.374-0500] {dag.py:2941} INFO - Sync 1 DAGs
[2023-11-09T20:26:37.379-0500] {logging_mixin.py:154} INFO - [2023-11-09T20:26:37.379-0500] {dag.py:3722} INFO - Setting next_dagrun for example_params_trigger_ui to None, run_after=None
[2023-11-09T20:26:37.389-0500] {processor.py:179} INFO - Processing /Users/az/anaconda3/envs/python38/lib/python3.8/site-packages/airflow/example_dags/example_params_trigger_ui.py took 0.183 seconds
[2023-11-09T20:46:04.235-0500] {processor.py:157} INFO - Started process (PID=57732) to work on /Users/az/anaconda3/envs/python38/lib/python3.8/site-packages/airflow/example_dags/example_params_trigger_ui.py
[2023-11-09T20:46:04.239-0500] {processor.py:829} INFO - Processing file /Users/az/anaconda3/envs/python38/lib/python3.8/site-packages/airflow/example_dags/example_params_trigger_ui.py for tasks to queue
[2023-11-09T20:46:04.240-0500] {logging_mixin.py:154} INFO - [2023-11-09T20:46:04.240-0500] {dagbag.py:536} INFO - Filling up the DagBag from /Users/az/anaconda3/envs/python38/lib/python3.8/site-packages/airflow/example_dags/example_params_trigger_ui.py
[2023-11-09T20:46:04.301-0500] {processor.py:839} INFO - DAG(s) dict_keys(['example_params_trigger_ui']) retrieved from /Users/az/anaconda3/envs/python38/lib/python3.8/site-packages/airflow/example_dags/example_params_trigger_ui.py
[2023-11-09T20:46:04.395-0500] {logging_mixin.py:154} INFO - [2023-11-09T20:46:04.395-0500] {dag.py:2941} INFO - Sync 1 DAGs
[2023-11-09T20:46:04.401-0500] {logging_mixin.py:154} INFO - [2023-11-09T20:46:04.401-0500] {dag.py:3722} INFO - Setting next_dagrun for example_params_trigger_ui to None, run_after=None
[2023-11-09T20:46:04.411-0500] {processor.py:179} INFO - Processing /Users/az/anaconda3/envs/python38/lib/python3.8/site-packages/airflow/example_dags/example_params_trigger_ui.py took 0.176 seconds
[2023-11-09T20:48:02.912-0500] {processor.py:157} INFO - Started process (PID=57917) to work on /Users/az/anaconda3/envs/python38/lib/python3.8/site-packages/airflow/example_dags/example_params_trigger_ui.py
[2023-11-09T20:48:02.917-0500] {processor.py:829} INFO - Processing file /Users/az/anaconda3/envs/python38/lib/python3.8/site-packages/airflow/example_dags/example_params_trigger_ui.py for tasks to queue
[2023-11-09T20:48:02.917-0500] {logging_mixin.py:154} INFO - [2023-11-09T20:48:02.917-0500] {dagbag.py:536} INFO - Filling up the DagBag from /Users/az/anaconda3/envs/python38/lib/python3.8/site-packages/airflow/example_dags/example_params_trigger_ui.py
[2023-11-09T20:48:02.978-0500] {processor.py:839} INFO - DAG(s) dict_keys(['example_params_trigger_ui']) retrieved from /Users/az/anaconda3/envs/python38/lib/python3.8/site-packages/airflow/example_dags/example_params_trigger_ui.py
[2023-11-09T20:48:03.071-0500] {logging_mixin.py:154} INFO - [2023-11-09T20:48:03.071-0500] {dag.py:2941} INFO - Sync 1 DAGs
[2023-11-09T20:48:03.089-0500] {logging_mixin.py:154} INFO - [2023-11-09T20:48:03.089-0500] {dag.py:3722} INFO - Setting next_dagrun for example_params_trigger_ui to None, run_after=None
[2023-11-09T20:48:03.112-0500] {processor.py:179} INFO - Processing /Users/az/anaconda3/envs/python38/lib/python3.8/site-packages/airflow/example_dags/example_params_trigger_ui.py took 0.200 seconds
[2023-11-09T20:50:01.413-0500] {processor.py:157} INFO - Started process (PID=58068) to work on /Users/az/anaconda3/envs/python38/lib/python3.8/site-packages/airflow/example_dags/example_params_trigger_ui.py
[2023-11-09T20:50:01.417-0500] {processor.py:829} INFO - Processing file /Users/az/anaconda3/envs/python38/lib/python3.8/site-packages/airflow/example_dags/example_params_trigger_ui.py for tasks to queue
[2023-11-09T20:50:01.418-0500] {logging_mixin.py:154} INFO - [2023-11-09T20:50:01.418-0500] {dagbag.py:536} INFO - Filling up the DagBag from /Users/az/anaconda3/envs/python38/lib/python3.8/site-packages/airflow/example_dags/example_params_trigger_ui.py
[2023-11-09T20:50:01.479-0500] {processor.py:839} INFO - DAG(s) dict_keys(['example_params_trigger_ui']) retrieved from /Users/az/anaconda3/envs/python38/lib/python3.8/site-packages/airflow/example_dags/example_params_trigger_ui.py
[2023-11-09T20:50:01.574-0500] {logging_mixin.py:154} INFO - [2023-11-09T20:50:01.574-0500] {dag.py:2941} INFO - Sync 1 DAGs
[2023-11-09T20:50:01.580-0500] {logging_mixin.py:154} INFO - [2023-11-09T20:50:01.579-0500] {dag.py:3722} INFO - Setting next_dagrun for example_params_trigger_ui to None, run_after=None
[2023-11-09T20:50:01.590-0500] {processor.py:179} INFO - Processing /Users/az/anaconda3/envs/python38/lib/python3.8/site-packages/airflow/example_dags/example_params_trigger_ui.py took 0.178 seconds
[2023-11-09T20:52:07.249-0500] {processor.py:157} INFO - Started process (PID=58225) to work on /Users/az/anaconda3/envs/python38/lib/python3.8/site-packages/airflow/example_dags/example_params_trigger_ui.py
[2023-11-09T20:52:07.254-0500] {processor.py:829} INFO - Processing file /Users/az/anaconda3/envs/python38/lib/python3.8/site-packages/airflow/example_dags/example_params_trigger_ui.py for tasks to queue
[2023-11-09T20:52:07.254-0500] {logging_mixin.py:154} INFO - [2023-11-09T20:52:07.254-0500] {dagbag.py:536} INFO - Filling up the DagBag from /Users/az/anaconda3/envs/python38/lib/python3.8/site-packages/airflow/example_dags/example_params_trigger_ui.py
[2023-11-09T20:52:07.315-0500] {processor.py:839} INFO - DAG(s) dict_keys(['example_params_trigger_ui']) retrieved from /Users/az/anaconda3/envs/python38/lib/python3.8/site-packages/airflow/example_dags/example_params_trigger_ui.py
[2023-11-09T20:52:07.412-0500] {logging_mixin.py:154} INFO - [2023-11-09T20:52:07.412-0500] {dag.py:2941} INFO - Sync 1 DAGs
[2023-11-09T20:52:07.418-0500] {logging_mixin.py:154} INFO - [2023-11-09T20:52:07.418-0500] {dag.py:3722} INFO - Setting next_dagrun for example_params_trigger_ui to None, run_after=None
[2023-11-09T20:52:07.428-0500] {processor.py:179} INFO - Processing /Users/az/anaconda3/envs/python38/lib/python3.8/site-packages/airflow/example_dags/example_params_trigger_ui.py took 0.179 seconds
[2023-11-09T20:54:20.324-0500] {processor.py:157} INFO - Started process (PID=58381) to work on /Users/az/anaconda3/envs/python38/lib/python3.8/site-packages/airflow/example_dags/example_params_trigger_ui.py
[2023-11-09T20:54:20.328-0500] {processor.py:829} INFO - Processing file /Users/az/anaconda3/envs/python38/lib/python3.8/site-packages/airflow/example_dags/example_params_trigger_ui.py for tasks to queue
[2023-11-09T20:54:20.328-0500] {logging_mixin.py:154} INFO - [2023-11-09T20:54:20.328-0500] {dagbag.py:536} INFO - Filling up the DagBag from /Users/az/anaconda3/envs/python38/lib/python3.8/site-packages/airflow/example_dags/example_params_trigger_ui.py
[2023-11-09T20:54:20.389-0500] {processor.py:839} INFO - DAG(s) dict_keys(['example_params_trigger_ui']) retrieved from /Users/az/anaconda3/envs/python38/lib/python3.8/site-packages/airflow/example_dags/example_params_trigger_ui.py
[2023-11-09T20:54:20.486-0500] {logging_mixin.py:154} INFO - [2023-11-09T20:54:20.485-0500] {dag.py:2941} INFO - Sync 1 DAGs
[2023-11-09T20:54:20.491-0500] {logging_mixin.py:154} INFO - [2023-11-09T20:54:20.491-0500] {dag.py:3722} INFO - Setting next_dagrun for example_params_trigger_ui to None, run_after=None
[2023-11-09T20:54:20.501-0500] {processor.py:179} INFO - Processing /Users/az/anaconda3/envs/python38/lib/python3.8/site-packages/airflow/example_dags/example_params_trigger_ui.py took 0.178 seconds
[2023-11-09T20:56:34.295-0500] {processor.py:157} INFO - Started process (PID=58555) to work on /Users/az/anaconda3/envs/python38/lib/python3.8/site-packages/airflow/example_dags/example_params_trigger_ui.py
[2023-11-09T20:56:34.299-0500] {processor.py:829} INFO - Processing file /Users/az/anaconda3/envs/python38/lib/python3.8/site-packages/airflow/example_dags/example_params_trigger_ui.py for tasks to queue
[2023-11-09T20:56:34.300-0500] {logging_mixin.py:154} INFO - [2023-11-09T20:56:34.300-0500] {dagbag.py:536} INFO - Filling up the DagBag from /Users/az/anaconda3/envs/python38/lib/python3.8/site-packages/airflow/example_dags/example_params_trigger_ui.py
[2023-11-09T20:56:34.371-0500] {processor.py:839} INFO - DAG(s) dict_keys(['example_params_trigger_ui']) retrieved from /Users/az/anaconda3/envs/python38/lib/python3.8/site-packages/airflow/example_dags/example_params_trigger_ui.py
[2023-11-09T20:56:34.482-0500] {logging_mixin.py:154} INFO - [2023-11-09T20:56:34.482-0500] {dag.py:2941} INFO - Sync 1 DAGs
[2023-11-09T20:56:34.488-0500] {logging_mixin.py:154} INFO - [2023-11-09T20:56:34.488-0500] {dag.py:3722} INFO - Setting next_dagrun for example_params_trigger_ui to None, run_after=None
[2023-11-09T20:56:34.498-0500] {processor.py:179} INFO - Processing /Users/az/anaconda3/envs/python38/lib/python3.8/site-packages/airflow/example_dags/example_params_trigger_ui.py took 0.203 seconds
[2023-11-09T20:58:42.185-0500] {processor.py:157} INFO - Started process (PID=58705) to work on /Users/az/anaconda3/envs/python38/lib/python3.8/site-packages/airflow/example_dags/example_params_trigger_ui.py
[2023-11-09T20:58:42.190-0500] {processor.py:829} INFO - Processing file /Users/az/anaconda3/envs/python38/lib/python3.8/site-packages/airflow/example_dags/example_params_trigger_ui.py for tasks to queue
[2023-11-09T20:58:42.190-0500] {logging_mixin.py:154} INFO - [2023-11-09T20:58:42.190-0500] {dagbag.py:536} INFO - Filling up the DagBag from /Users/az/anaconda3/envs/python38/lib/python3.8/site-packages/airflow/example_dags/example_params_trigger_ui.py
[2023-11-09T20:58:42.260-0500] {processor.py:839} INFO - DAG(s) dict_keys(['example_params_trigger_ui']) retrieved from /Users/az/anaconda3/envs/python38/lib/python3.8/site-packages/airflow/example_dags/example_params_trigger_ui.py
[2023-11-09T20:58:42.354-0500] {logging_mixin.py:154} INFO - [2023-11-09T20:58:42.354-0500] {dag.py:2941} INFO - Sync 1 DAGs
[2023-11-09T20:58:42.360-0500] {logging_mixin.py:154} INFO - [2023-11-09T20:58:42.360-0500] {dag.py:3722} INFO - Setting next_dagrun for example_params_trigger_ui to None, run_after=None
[2023-11-09T20:58:42.370-0500] {processor.py:179} INFO - Processing /Users/az/anaconda3/envs/python38/lib/python3.8/site-packages/airflow/example_dags/example_params_trigger_ui.py took 0.185 seconds
[2023-11-09T21:00:59.243-0500] {processor.py:157} INFO - Started process (PID=58889) to work on /Users/az/anaconda3/envs/python38/lib/python3.8/site-packages/airflow/example_dags/example_params_trigger_ui.py
[2023-11-09T21:00:59.248-0500] {processor.py:829} INFO - Processing file /Users/az/anaconda3/envs/python38/lib/python3.8/site-packages/airflow/example_dags/example_params_trigger_ui.py for tasks to queue
[2023-11-09T21:00:59.248-0500] {logging_mixin.py:154} INFO - [2023-11-09T21:00:59.248-0500] {dagbag.py:536} INFO - Filling up the DagBag from /Users/az/anaconda3/envs/python38/lib/python3.8/site-packages/airflow/example_dags/example_params_trigger_ui.py
[2023-11-09T21:00:59.309-0500] {processor.py:839} INFO - DAG(s) dict_keys(['example_params_trigger_ui']) retrieved from /Users/az/anaconda3/envs/python38/lib/python3.8/site-packages/airflow/example_dags/example_params_trigger_ui.py
[2023-11-09T21:00:59.403-0500] {logging_mixin.py:154} INFO - [2023-11-09T21:00:59.403-0500] {dag.py:2941} INFO - Sync 1 DAGs
[2023-11-09T21:00:59.408-0500] {logging_mixin.py:154} INFO - [2023-11-09T21:00:59.408-0500] {dag.py:3722} INFO - Setting next_dagrun for example_params_trigger_ui to None, run_after=None
[2023-11-09T21:00:59.419-0500] {processor.py:179} INFO - Processing /Users/az/anaconda3/envs/python38/lib/python3.8/site-packages/airflow/example_dags/example_params_trigger_ui.py took 0.176 seconds
[2023-11-09T21:03:04.094-0500] {processor.py:157} INFO - Started process (PID=59051) to work on /Users/az/anaconda3/envs/python38/lib/python3.8/site-packages/airflow/example_dags/example_params_trigger_ui.py
[2023-11-09T21:03:04.099-0500] {processor.py:829} INFO - Processing file /Users/az/anaconda3/envs/python38/lib/python3.8/site-packages/airflow/example_dags/example_params_trigger_ui.py for tasks to queue
[2023-11-09T21:03:04.099-0500] {logging_mixin.py:154} INFO - [2023-11-09T21:03:04.099-0500] {dagbag.py:536} INFO - Filling up the DagBag from /Users/az/anaconda3/envs/python38/lib/python3.8/site-packages/airflow/example_dags/example_params_trigger_ui.py
[2023-11-09T21:03:04.160-0500] {processor.py:839} INFO - DAG(s) dict_keys(['example_params_trigger_ui']) retrieved from /Users/az/anaconda3/envs/python38/lib/python3.8/site-packages/airflow/example_dags/example_params_trigger_ui.py
[2023-11-09T21:03:04.253-0500] {logging_mixin.py:154} INFO - [2023-11-09T21:03:04.253-0500] {dag.py:2941} INFO - Sync 1 DAGs
[2023-11-09T21:03:04.258-0500] {logging_mixin.py:154} INFO - [2023-11-09T21:03:04.258-0500] {dag.py:3722} INFO - Setting next_dagrun for example_params_trigger_ui to None, run_after=None
[2023-11-09T21:03:04.269-0500] {processor.py:179} INFO - Processing /Users/az/anaconda3/envs/python38/lib/python3.8/site-packages/airflow/example_dags/example_params_trigger_ui.py took 0.175 seconds
[2023-11-09T21:05:04.573-0500] {processor.py:157} INFO - Started process (PID=59227) to work on /Users/az/anaconda3/envs/python38/lib/python3.8/site-packages/airflow/example_dags/example_params_trigger_ui.py
[2023-11-09T21:05:04.578-0500] {processor.py:829} INFO - Processing file /Users/az/anaconda3/envs/python38/lib/python3.8/site-packages/airflow/example_dags/example_params_trigger_ui.py for tasks to queue
[2023-11-09T21:05:04.578-0500] {logging_mixin.py:154} INFO - [2023-11-09T21:05:04.578-0500] {dagbag.py:536} INFO - Filling up the DagBag from /Users/az/anaconda3/envs/python38/lib/python3.8/site-packages/airflow/example_dags/example_params_trigger_ui.py
[2023-11-09T21:05:04.638-0500] {processor.py:839} INFO - DAG(s) dict_keys(['example_params_trigger_ui']) retrieved from /Users/az/anaconda3/envs/python38/lib/python3.8/site-packages/airflow/example_dags/example_params_trigger_ui.py
[2023-11-09T21:05:04.731-0500] {logging_mixin.py:154} INFO - [2023-11-09T21:05:04.731-0500] {dag.py:2941} INFO - Sync 1 DAGs
[2023-11-09T21:05:04.741-0500] {logging_mixin.py:154} INFO - [2023-11-09T21:05:04.741-0500] {dag.py:3722} INFO - Setting next_dagrun for example_params_trigger_ui to None, run_after=None
[2023-11-09T21:05:04.766-0500] {processor.py:179} INFO - Processing /Users/az/anaconda3/envs/python38/lib/python3.8/site-packages/airflow/example_dags/example_params_trigger_ui.py took 0.193 seconds
[2023-11-09T21:07:07.591-0500] {processor.py:157} INFO - Started process (PID=59383) to work on /Users/az/anaconda3/envs/python38/lib/python3.8/site-packages/airflow/example_dags/example_params_trigger_ui.py
[2023-11-09T21:07:07.596-0500] {processor.py:829} INFO - Processing file /Users/az/anaconda3/envs/python38/lib/python3.8/site-packages/airflow/example_dags/example_params_trigger_ui.py for tasks to queue
[2023-11-09T21:07:07.596-0500] {logging_mixin.py:154} INFO - [2023-11-09T21:07:07.596-0500] {dagbag.py:536} INFO - Filling up the DagBag from /Users/az/anaconda3/envs/python38/lib/python3.8/site-packages/airflow/example_dags/example_params_trigger_ui.py
[2023-11-09T21:07:07.658-0500] {processor.py:839} INFO - DAG(s) dict_keys(['example_params_trigger_ui']) retrieved from /Users/az/anaconda3/envs/python38/lib/python3.8/site-packages/airflow/example_dags/example_params_trigger_ui.py
[2023-11-09T21:07:07.751-0500] {logging_mixin.py:154} INFO - [2023-11-09T21:07:07.751-0500] {dag.py:2941} INFO - Sync 1 DAGs
[2023-11-09T21:07:07.757-0500] {logging_mixin.py:154} INFO - [2023-11-09T21:07:07.757-0500] {dag.py:3722} INFO - Setting next_dagrun for example_params_trigger_ui to None, run_after=None
[2023-11-09T21:07:07.767-0500] {processor.py:179} INFO - Processing /Users/az/anaconda3/envs/python38/lib/python3.8/site-packages/airflow/example_dags/example_params_trigger_ui.py took 0.177 seconds
[2023-11-09T21:09:04.536-0500] {processor.py:157} INFO - Started process (PID=59531) to work on /Users/az/anaconda3/envs/python38/lib/python3.8/site-packages/airflow/example_dags/example_params_trigger_ui.py
[2023-11-09T21:09:04.541-0500] {processor.py:829} INFO - Processing file /Users/az/anaconda3/envs/python38/lib/python3.8/site-packages/airflow/example_dags/example_params_trigger_ui.py for tasks to queue
[2023-11-09T21:09:04.541-0500] {logging_mixin.py:154} INFO - [2023-11-09T21:09:04.541-0500] {dagbag.py:536} INFO - Filling up the DagBag from /Users/az/anaconda3/envs/python38/lib/python3.8/site-packages/airflow/example_dags/example_params_trigger_ui.py
[2023-11-09T21:09:04.606-0500] {processor.py:839} INFO - DAG(s) dict_keys(['example_params_trigger_ui']) retrieved from /Users/az/anaconda3/envs/python38/lib/python3.8/site-packages/airflow/example_dags/example_params_trigger_ui.py
[2023-11-09T21:09:04.712-0500] {logging_mixin.py:154} INFO - [2023-11-09T21:09:04.712-0500] {dag.py:2941} INFO - Sync 1 DAGs
[2023-11-09T21:09:04.729-0500] {logging_mixin.py:154} INFO - [2023-11-09T21:09:04.729-0500] {dag.py:3722} INFO - Setting next_dagrun for example_params_trigger_ui to None, run_after=None
[2023-11-09T21:09:04.740-0500] {processor.py:179} INFO - Processing /Users/az/anaconda3/envs/python38/lib/python3.8/site-packages/airflow/example_dags/example_params_trigger_ui.py took 0.204 seconds
[2023-11-09T21:11:07.613-0500] {processor.py:157} INFO - Started process (PID=59694) to work on /Users/az/anaconda3/envs/python38/lib/python3.8/site-packages/airflow/example_dags/example_params_trigger_ui.py
[2023-11-09T21:11:07.617-0500] {processor.py:829} INFO - Processing file /Users/az/anaconda3/envs/python38/lib/python3.8/site-packages/airflow/example_dags/example_params_trigger_ui.py for tasks to queue
[2023-11-09T21:11:07.618-0500] {logging_mixin.py:154} INFO - [2023-11-09T21:11:07.618-0500] {dagbag.py:536} INFO - Filling up the DagBag from /Users/az/anaconda3/envs/python38/lib/python3.8/site-packages/airflow/example_dags/example_params_trigger_ui.py
[2023-11-09T21:11:07.679-0500] {processor.py:839} INFO - DAG(s) dict_keys(['example_params_trigger_ui']) retrieved from /Users/az/anaconda3/envs/python38/lib/python3.8/site-packages/airflow/example_dags/example_params_trigger_ui.py
[2023-11-09T21:11:07.774-0500] {logging_mixin.py:154} INFO - [2023-11-09T21:11:07.774-0500] {dag.py:2941} INFO - Sync 1 DAGs
[2023-11-09T21:11:07.780-0500] {logging_mixin.py:154} INFO - [2023-11-09T21:11:07.780-0500] {dag.py:3722} INFO - Setting next_dagrun for example_params_trigger_ui to None, run_after=None
[2023-11-09T21:11:07.790-0500] {processor.py:179} INFO - Processing /Users/az/anaconda3/envs/python38/lib/python3.8/site-packages/airflow/example_dags/example_params_trigger_ui.py took 0.178 seconds
[2023-11-09T21:13:05.604-0500] {processor.py:157} INFO - Started process (PID=59841) to work on /Users/az/anaconda3/envs/python38/lib/python3.8/site-packages/airflow/example_dags/example_params_trigger_ui.py
[2023-11-09T21:13:05.608-0500] {processor.py:829} INFO - Processing file /Users/az/anaconda3/envs/python38/lib/python3.8/site-packages/airflow/example_dags/example_params_trigger_ui.py for tasks to queue
[2023-11-09T21:13:05.608-0500] {logging_mixin.py:154} INFO - [2023-11-09T21:13:05.608-0500] {dagbag.py:536} INFO - Filling up the DagBag from /Users/az/anaconda3/envs/python38/lib/python3.8/site-packages/airflow/example_dags/example_params_trigger_ui.py
[2023-11-09T21:13:05.670-0500] {processor.py:839} INFO - DAG(s) dict_keys(['example_params_trigger_ui']) retrieved from /Users/az/anaconda3/envs/python38/lib/python3.8/site-packages/airflow/example_dags/example_params_trigger_ui.py
[2023-11-09T21:13:05.766-0500] {logging_mixin.py:154} INFO - [2023-11-09T21:13:05.766-0500] {dag.py:2941} INFO - Sync 1 DAGs
[2023-11-09T21:13:05.772-0500] {logging_mixin.py:154} INFO - [2023-11-09T21:13:05.772-0500] {dag.py:3722} INFO - Setting next_dagrun for example_params_trigger_ui to None, run_after=None
[2023-11-09T21:13:05.782-0500] {processor.py:179} INFO - Processing /Users/az/anaconda3/envs/python38/lib/python3.8/site-packages/airflow/example_dags/example_params_trigger_ui.py took 0.179 seconds
