[2023-11-09T19:01:12.855-0500] {processor.py:157} INFO - Started process (PID=48847) to work on /Users/az/anaconda3/envs/python38/lib/python3.8/site-packages/airflow/example_dags/example_params_ui_tutorial.py
[2023-11-09T19:01:12.859-0500] {processor.py:829} INFO - Processing file /Users/az/anaconda3/envs/python38/lib/python3.8/site-packages/airflow/example_dags/example_params_ui_tutorial.py for tasks to queue
[2023-11-09T19:01:12.859-0500] {logging_mixin.py:154} INFO - [2023-11-09T19:01:12.859-0500] {dagbag.py:536} INFO - Filling up the DagBag from /Users/az/anaconda3/envs/python38/lib/python3.8/site-packages/airflow/example_dags/example_params_ui_tutorial.py
[2023-11-09T19:01:12.927-0500] {processor.py:839} INFO - DAG(s) dict_keys(['example_params_ui_tutorial']) retrieved from /Users/az/anaconda3/envs/python38/lib/python3.8/site-packages/airflow/example_dags/example_params_ui_tutorial.py
[2023-11-09T19:01:13.023-0500] {logging_mixin.py:154} INFO - [2023-11-09T19:01:13.022-0500] {dag.py:2941} INFO - Sync 1 DAGs
[2023-11-09T19:01:13.028-0500] {logging_mixin.py:154} INFO - [2023-11-09T19:01:13.028-0500] {dag.py:3722} INFO - Setting next_dagrun for example_params_ui_tutorial to None, run_after=None
[2023-11-09T19:01:13.038-0500] {processor.py:179} INFO - Processing /Users/az/anaconda3/envs/python38/lib/python3.8/site-packages/airflow/example_dags/example_params_ui_tutorial.py took 0.184 seconds
[2023-11-09T19:03:20.436-0500] {processor.py:157} INFO - Started process (PID=49012) to work on /Users/az/anaconda3/envs/python38/lib/python3.8/site-packages/airflow/example_dags/example_params_ui_tutorial.py
[2023-11-09T19:03:20.441-0500] {processor.py:829} INFO - Processing file /Users/az/anaconda3/envs/python38/lib/python3.8/site-packages/airflow/example_dags/example_params_ui_tutorial.py for tasks to queue
[2023-11-09T19:03:20.441-0500] {logging_mixin.py:154} INFO - [2023-11-09T19:03:20.441-0500] {dagbag.py:536} INFO - Filling up the DagBag from /Users/az/anaconda3/envs/python38/lib/python3.8/site-packages/airflow/example_dags/example_params_ui_tutorial.py
[2023-11-09T19:03:20.510-0500] {processor.py:839} INFO - DAG(s) dict_keys(['example_params_ui_tutorial']) retrieved from /Users/az/anaconda3/envs/python38/lib/python3.8/site-packages/airflow/example_dags/example_params_ui_tutorial.py
[2023-11-09T19:03:20.606-0500] {logging_mixin.py:154} INFO - [2023-11-09T19:03:20.606-0500] {dag.py:2941} INFO - Sync 1 DAGs
[2023-11-09T19:03:20.612-0500] {logging_mixin.py:154} INFO - [2023-11-09T19:03:20.612-0500] {dag.py:3722} INFO - Setting next_dagrun for example_params_ui_tutorial to None, run_after=None
[2023-11-09T19:03:20.622-0500] {processor.py:179} INFO - Processing /Users/az/anaconda3/envs/python38/lib/python3.8/site-packages/airflow/example_dags/example_params_ui_tutorial.py took 0.186 seconds
[2023-11-09T19:05:21.640-0500] {processor.py:157} INFO - Started process (PID=49165) to work on /Users/az/anaconda3/envs/python38/lib/python3.8/site-packages/airflow/example_dags/example_params_ui_tutorial.py
[2023-11-09T19:05:21.645-0500] {processor.py:829} INFO - Processing file /Users/az/anaconda3/envs/python38/lib/python3.8/site-packages/airflow/example_dags/example_params_ui_tutorial.py for tasks to queue
[2023-11-09T19:05:21.645-0500] {logging_mixin.py:154} INFO - [2023-11-09T19:05:21.645-0500] {dagbag.py:536} INFO - Filling up the DagBag from /Users/az/anaconda3/envs/python38/lib/python3.8/site-packages/airflow/example_dags/example_params_ui_tutorial.py
[2023-11-09T19:05:21.714-0500] {processor.py:839} INFO - DAG(s) dict_keys(['example_params_ui_tutorial']) retrieved from /Users/az/anaconda3/envs/python38/lib/python3.8/site-packages/airflow/example_dags/example_params_ui_tutorial.py
[2023-11-09T19:05:21.810-0500] {logging_mixin.py:154} INFO - [2023-11-09T19:05:21.810-0500] {dag.py:2941} INFO - Sync 1 DAGs
[2023-11-09T19:05:21.816-0500] {logging_mixin.py:154} INFO - [2023-11-09T19:05:21.816-0500] {dag.py:3722} INFO - Setting next_dagrun for example_params_ui_tutorial to None, run_after=None
[2023-11-09T19:05:21.826-0500] {processor.py:179} INFO - Processing /Users/az/anaconda3/envs/python38/lib/python3.8/site-packages/airflow/example_dags/example_params_ui_tutorial.py took 0.186 seconds
[2023-11-09T19:07:21.877-0500] {processor.py:157} INFO - Started process (PID=49312) to work on /Users/az/anaconda3/envs/python38/lib/python3.8/site-packages/airflow/example_dags/example_params_ui_tutorial.py
[2023-11-09T19:07:21.882-0500] {processor.py:829} INFO - Processing file /Users/az/anaconda3/envs/python38/lib/python3.8/site-packages/airflow/example_dags/example_params_ui_tutorial.py for tasks to queue
[2023-11-09T19:07:21.882-0500] {logging_mixin.py:154} INFO - [2023-11-09T19:07:21.882-0500] {dagbag.py:536} INFO - Filling up the DagBag from /Users/az/anaconda3/envs/python38/lib/python3.8/site-packages/airflow/example_dags/example_params_ui_tutorial.py
[2023-11-09T19:07:21.952-0500] {processor.py:839} INFO - DAG(s) dict_keys(['example_params_ui_tutorial']) retrieved from /Users/az/anaconda3/envs/python38/lib/python3.8/site-packages/airflow/example_dags/example_params_ui_tutorial.py
[2023-11-09T19:07:22.047-0500] {logging_mixin.py:154} INFO - [2023-11-09T19:07:22.047-0500] {dag.py:2941} INFO - Sync 1 DAGs
[2023-11-09T19:07:22.053-0500] {logging_mixin.py:154} INFO - [2023-11-09T19:07:22.053-0500] {dag.py:3722} INFO - Setting next_dagrun for example_params_ui_tutorial to None, run_after=None
[2023-11-09T19:07:22.063-0500] {processor.py:179} INFO - Processing /Users/az/anaconda3/envs/python38/lib/python3.8/site-packages/airflow/example_dags/example_params_ui_tutorial.py took 0.186 seconds
[2023-11-09T19:09:22.823-0500] {processor.py:157} INFO - Started process (PID=49458) to work on /Users/az/anaconda3/envs/python38/lib/python3.8/site-packages/airflow/example_dags/example_params_ui_tutorial.py
[2023-11-09T19:09:22.828-0500] {processor.py:829} INFO - Processing file /Users/az/anaconda3/envs/python38/lib/python3.8/site-packages/airflow/example_dags/example_params_ui_tutorial.py for tasks to queue
[2023-11-09T19:09:22.828-0500] {logging_mixin.py:154} INFO - [2023-11-09T19:09:22.828-0500] {dagbag.py:536} INFO - Filling up the DagBag from /Users/az/anaconda3/envs/python38/lib/python3.8/site-packages/airflow/example_dags/example_params_ui_tutorial.py
[2023-11-09T19:09:22.897-0500] {processor.py:839} INFO - DAG(s) dict_keys(['example_params_ui_tutorial']) retrieved from /Users/az/anaconda3/envs/python38/lib/python3.8/site-packages/airflow/example_dags/example_params_ui_tutorial.py
[2023-11-09T19:09:23.014-0500] {logging_mixin.py:154} INFO - [2023-11-09T19:09:23.014-0500] {dag.py:2941} INFO - Sync 1 DAGs
[2023-11-09T19:09:23.020-0500] {logging_mixin.py:154} INFO - [2023-11-09T19:09:23.020-0500] {dag.py:3722} INFO - Setting next_dagrun for example_params_ui_tutorial to None, run_after=None
[2023-11-09T19:09:23.030-0500] {processor.py:179} INFO - Processing /Users/az/anaconda3/envs/python38/lib/python3.8/site-packages/airflow/example_dags/example_params_ui_tutorial.py took 0.208 seconds
[2023-11-09T19:11:26.840-0500] {processor.py:157} INFO - Started process (PID=49615) to work on /Users/az/anaconda3/envs/python38/lib/python3.8/site-packages/airflow/example_dags/example_params_ui_tutorial.py
[2023-11-09T19:11:26.844-0500] {processor.py:829} INFO - Processing file /Users/az/anaconda3/envs/python38/lib/python3.8/site-packages/airflow/example_dags/example_params_ui_tutorial.py for tasks to queue
[2023-11-09T19:11:26.845-0500] {logging_mixin.py:154} INFO - [2023-11-09T19:11:26.845-0500] {dagbag.py:536} INFO - Filling up the DagBag from /Users/az/anaconda3/envs/python38/lib/python3.8/site-packages/airflow/example_dags/example_params_ui_tutorial.py
[2023-11-09T19:11:26.914-0500] {processor.py:839} INFO - DAG(s) dict_keys(['example_params_ui_tutorial']) retrieved from /Users/az/anaconda3/envs/python38/lib/python3.8/site-packages/airflow/example_dags/example_params_ui_tutorial.py
[2023-11-09T19:11:27.009-0500] {logging_mixin.py:154} INFO - [2023-11-09T19:11:27.009-0500] {dag.py:2941} INFO - Sync 1 DAGs
[2023-11-09T19:11:27.015-0500] {logging_mixin.py:154} INFO - [2023-11-09T19:11:27.014-0500] {dag.py:3722} INFO - Setting next_dagrun for example_params_ui_tutorial to None, run_after=None
[2023-11-09T19:11:27.024-0500] {processor.py:179} INFO - Processing /Users/az/anaconda3/envs/python38/lib/python3.8/site-packages/airflow/example_dags/example_params_ui_tutorial.py took 0.185 seconds
[2023-11-09T19:13:21.249-0500] {processor.py:157} INFO - Started process (PID=49767) to work on /Users/az/anaconda3/envs/python38/lib/python3.8/site-packages/airflow/example_dags/example_params_ui_tutorial.py
[2023-11-09T19:13:21.254-0500] {processor.py:829} INFO - Processing file /Users/az/anaconda3/envs/python38/lib/python3.8/site-packages/airflow/example_dags/example_params_ui_tutorial.py for tasks to queue
[2023-11-09T19:13:21.254-0500] {logging_mixin.py:154} INFO - [2023-11-09T19:13:21.254-0500] {dagbag.py:536} INFO - Filling up the DagBag from /Users/az/anaconda3/envs/python38/lib/python3.8/site-packages/airflow/example_dags/example_params_ui_tutorial.py
[2023-11-09T19:13:21.324-0500] {processor.py:839} INFO - DAG(s) dict_keys(['example_params_ui_tutorial']) retrieved from /Users/az/anaconda3/envs/python38/lib/python3.8/site-packages/airflow/example_dags/example_params_ui_tutorial.py
[2023-11-09T19:13:21.419-0500] {logging_mixin.py:154} INFO - [2023-11-09T19:13:21.419-0500] {dag.py:2941} INFO - Sync 1 DAGs
[2023-11-09T19:13:21.425-0500] {logging_mixin.py:154} INFO - [2023-11-09T19:13:21.425-0500] {dag.py:3722} INFO - Setting next_dagrun for example_params_ui_tutorial to None, run_after=None
[2023-11-09T19:13:21.435-0500] {processor.py:179} INFO - Processing /Users/az/anaconda3/envs/python38/lib/python3.8/site-packages/airflow/example_dags/example_params_ui_tutorial.py took 0.186 seconds
[2023-11-09T19:15:17.335-0500] {processor.py:157} INFO - Started process (PID=49910) to work on /Users/az/anaconda3/envs/python38/lib/python3.8/site-packages/airflow/example_dags/example_params_ui_tutorial.py
[2023-11-09T19:15:17.339-0500] {processor.py:829} INFO - Processing file /Users/az/anaconda3/envs/python38/lib/python3.8/site-packages/airflow/example_dags/example_params_ui_tutorial.py for tasks to queue
[2023-11-09T19:15:17.339-0500] {logging_mixin.py:154} INFO - [2023-11-09T19:15:17.339-0500] {dagbag.py:536} INFO - Filling up the DagBag from /Users/az/anaconda3/envs/python38/lib/python3.8/site-packages/airflow/example_dags/example_params_ui_tutorial.py
[2023-11-09T19:15:17.411-0500] {processor.py:839} INFO - DAG(s) dict_keys(['example_params_ui_tutorial']) retrieved from /Users/az/anaconda3/envs/python38/lib/python3.8/site-packages/airflow/example_dags/example_params_ui_tutorial.py
[2023-11-09T19:15:17.507-0500] {logging_mixin.py:154} INFO - [2023-11-09T19:15:17.507-0500] {dag.py:2941} INFO - Sync 1 DAGs
[2023-11-09T19:15:17.513-0500] {logging_mixin.py:154} INFO - [2023-11-09T19:15:17.513-0500] {dag.py:3722} INFO - Setting next_dagrun for example_params_ui_tutorial to None, run_after=None
[2023-11-09T19:15:17.523-0500] {processor.py:179} INFO - Processing /Users/az/anaconda3/envs/python38/lib/python3.8/site-packages/airflow/example_dags/example_params_ui_tutorial.py took 0.189 seconds
[2023-11-09T19:17:24.622-0500] {processor.py:157} INFO - Started process (PID=50064) to work on /Users/az/anaconda3/envs/python38/lib/python3.8/site-packages/airflow/example_dags/example_params_ui_tutorial.py
[2023-11-09T19:17:24.627-0500] {processor.py:829} INFO - Processing file /Users/az/anaconda3/envs/python38/lib/python3.8/site-packages/airflow/example_dags/example_params_ui_tutorial.py for tasks to queue
[2023-11-09T19:17:24.627-0500] {logging_mixin.py:154} INFO - [2023-11-09T19:17:24.627-0500] {dagbag.py:536} INFO - Filling up the DagBag from /Users/az/anaconda3/envs/python38/lib/python3.8/site-packages/airflow/example_dags/example_params_ui_tutorial.py
[2023-11-09T19:17:24.696-0500] {processor.py:839} INFO - DAG(s) dict_keys(['example_params_ui_tutorial']) retrieved from /Users/az/anaconda3/envs/python38/lib/python3.8/site-packages/airflow/example_dags/example_params_ui_tutorial.py
[2023-11-09T19:17:24.791-0500] {logging_mixin.py:154} INFO - [2023-11-09T19:17:24.791-0500] {dag.py:2941} INFO - Sync 1 DAGs
[2023-11-09T19:17:24.797-0500] {logging_mixin.py:154} INFO - [2023-11-09T19:17:24.797-0500] {dag.py:3722} INFO - Setting next_dagrun for example_params_ui_tutorial to None, run_after=None
[2023-11-09T19:17:24.807-0500] {processor.py:179} INFO - Processing /Users/az/anaconda3/envs/python38/lib/python3.8/site-packages/airflow/example_dags/example_params_ui_tutorial.py took 0.185 seconds
[2023-11-09T19:19:34.655-0500] {processor.py:157} INFO - Started process (PID=50224) to work on /Users/az/anaconda3/envs/python38/lib/python3.8/site-packages/airflow/example_dags/example_params_ui_tutorial.py
[2023-11-09T19:19:34.660-0500] {processor.py:829} INFO - Processing file /Users/az/anaconda3/envs/python38/lib/python3.8/site-packages/airflow/example_dags/example_params_ui_tutorial.py for tasks to queue
[2023-11-09T19:19:34.661-0500] {logging_mixin.py:154} INFO - [2023-11-09T19:19:34.660-0500] {dagbag.py:536} INFO - Filling up the DagBag from /Users/az/anaconda3/envs/python38/lib/python3.8/site-packages/airflow/example_dags/example_params_ui_tutorial.py
[2023-11-09T19:19:34.730-0500] {processor.py:839} INFO - DAG(s) dict_keys(['example_params_ui_tutorial']) retrieved from /Users/az/anaconda3/envs/python38/lib/python3.8/site-packages/airflow/example_dags/example_params_ui_tutorial.py
[2023-11-09T19:19:34.825-0500] {logging_mixin.py:154} INFO - [2023-11-09T19:19:34.825-0500] {dag.py:2941} INFO - Sync 1 DAGs
[2023-11-09T19:19:34.831-0500] {logging_mixin.py:154} INFO - [2023-11-09T19:19:34.831-0500] {dag.py:3722} INFO - Setting next_dagrun for example_params_ui_tutorial to None, run_after=None
[2023-11-09T19:19:34.840-0500] {processor.py:179} INFO - Processing /Users/az/anaconda3/envs/python38/lib/python3.8/site-packages/airflow/example_dags/example_params_ui_tutorial.py took 0.186 seconds
[2023-11-09T19:21:36.444-0500] {processor.py:157} INFO - Started process (PID=50372) to work on /Users/az/anaconda3/envs/python38/lib/python3.8/site-packages/airflow/example_dags/example_params_ui_tutorial.py
[2023-11-09T19:21:36.449-0500] {processor.py:829} INFO - Processing file /Users/az/anaconda3/envs/python38/lib/python3.8/site-packages/airflow/example_dags/example_params_ui_tutorial.py for tasks to queue
[2023-11-09T19:21:36.449-0500] {logging_mixin.py:154} INFO - [2023-11-09T19:21:36.449-0500] {dagbag.py:536} INFO - Filling up the DagBag from /Users/az/anaconda3/envs/python38/lib/python3.8/site-packages/airflow/example_dags/example_params_ui_tutorial.py
[2023-11-09T19:21:36.519-0500] {processor.py:839} INFO - DAG(s) dict_keys(['example_params_ui_tutorial']) retrieved from /Users/az/anaconda3/envs/python38/lib/python3.8/site-packages/airflow/example_dags/example_params_ui_tutorial.py
[2023-11-09T19:21:36.614-0500] {logging_mixin.py:154} INFO - [2023-11-09T19:21:36.614-0500] {dag.py:2941} INFO - Sync 1 DAGs
[2023-11-09T19:21:36.620-0500] {logging_mixin.py:154} INFO - [2023-11-09T19:21:36.620-0500] {dag.py:3722} INFO - Setting next_dagrun for example_params_ui_tutorial to None, run_after=None
[2023-11-09T19:21:36.630-0500] {processor.py:179} INFO - Processing /Users/az/anaconda3/envs/python38/lib/python3.8/site-packages/airflow/example_dags/example_params_ui_tutorial.py took 0.186 seconds
[2023-11-09T19:23:51.937-0500] {processor.py:157} INFO - Started process (PID=50551) to work on /Users/az/anaconda3/envs/python38/lib/python3.8/site-packages/airflow/example_dags/example_params_ui_tutorial.py
[2023-11-09T19:23:51.941-0500] {processor.py:829} INFO - Processing file /Users/az/anaconda3/envs/python38/lib/python3.8/site-packages/airflow/example_dags/example_params_ui_tutorial.py for tasks to queue
[2023-11-09T19:23:51.941-0500] {logging_mixin.py:154} INFO - [2023-11-09T19:23:51.941-0500] {dagbag.py:536} INFO - Filling up the DagBag from /Users/az/anaconda3/envs/python38/lib/python3.8/site-packages/airflow/example_dags/example_params_ui_tutorial.py
[2023-11-09T19:23:52.011-0500] {processor.py:839} INFO - DAG(s) dict_keys(['example_params_ui_tutorial']) retrieved from /Users/az/anaconda3/envs/python38/lib/python3.8/site-packages/airflow/example_dags/example_params_ui_tutorial.py
[2023-11-09T19:23:52.108-0500] {logging_mixin.py:154} INFO - [2023-11-09T19:23:52.108-0500] {dag.py:2941} INFO - Sync 1 DAGs
[2023-11-09T19:23:52.113-0500] {logging_mixin.py:154} INFO - [2023-11-09T19:23:52.113-0500] {dag.py:3722} INFO - Setting next_dagrun for example_params_ui_tutorial to None, run_after=None
[2023-11-09T19:23:52.124-0500] {processor.py:179} INFO - Processing /Users/az/anaconda3/envs/python38/lib/python3.8/site-packages/airflow/example_dags/example_params_ui_tutorial.py took 0.187 seconds
[2023-11-09T19:25:53.592-0500] {processor.py:157} INFO - Started process (PID=50702) to work on /Users/az/anaconda3/envs/python38/lib/python3.8/site-packages/airflow/example_dags/example_params_ui_tutorial.py
[2023-11-09T19:25:53.596-0500] {processor.py:829} INFO - Processing file /Users/az/anaconda3/envs/python38/lib/python3.8/site-packages/airflow/example_dags/example_params_ui_tutorial.py for tasks to queue
[2023-11-09T19:25:53.597-0500] {logging_mixin.py:154} INFO - [2023-11-09T19:25:53.597-0500] {dagbag.py:536} INFO - Filling up the DagBag from /Users/az/anaconda3/envs/python38/lib/python3.8/site-packages/airflow/example_dags/example_params_ui_tutorial.py
[2023-11-09T19:25:53.666-0500] {processor.py:839} INFO - DAG(s) dict_keys(['example_params_ui_tutorial']) retrieved from /Users/az/anaconda3/envs/python38/lib/python3.8/site-packages/airflow/example_dags/example_params_ui_tutorial.py
[2023-11-09T19:25:53.761-0500] {logging_mixin.py:154} INFO - [2023-11-09T19:25:53.761-0500] {dag.py:2941} INFO - Sync 1 DAGs
[2023-11-09T19:25:53.766-0500] {logging_mixin.py:154} INFO - [2023-11-09T19:25:53.766-0500] {dag.py:3722} INFO - Setting next_dagrun for example_params_ui_tutorial to None, run_after=None
[2023-11-09T19:25:53.776-0500] {processor.py:179} INFO - Processing /Users/az/anaconda3/envs/python38/lib/python3.8/site-packages/airflow/example_dags/example_params_ui_tutorial.py took 0.185 seconds
[2023-11-09T19:28:08.224-0500] {processor.py:157} INFO - Started process (PID=50879) to work on /Users/az/anaconda3/envs/python38/lib/python3.8/site-packages/airflow/example_dags/example_params_ui_tutorial.py
[2023-11-09T19:28:08.228-0500] {processor.py:829} INFO - Processing file /Users/az/anaconda3/envs/python38/lib/python3.8/site-packages/airflow/example_dags/example_params_ui_tutorial.py for tasks to queue
[2023-11-09T19:28:08.229-0500] {logging_mixin.py:154} INFO - [2023-11-09T19:28:08.229-0500] {dagbag.py:536} INFO - Filling up the DagBag from /Users/az/anaconda3/envs/python38/lib/python3.8/site-packages/airflow/example_dags/example_params_ui_tutorial.py
[2023-11-09T19:28:08.296-0500] {processor.py:839} INFO - DAG(s) dict_keys(['example_params_ui_tutorial']) retrieved from /Users/az/anaconda3/envs/python38/lib/python3.8/site-packages/airflow/example_dags/example_params_ui_tutorial.py
[2023-11-09T19:28:08.390-0500] {logging_mixin.py:154} INFO - [2023-11-09T19:28:08.390-0500] {dag.py:2941} INFO - Sync 1 DAGs
[2023-11-09T19:28:08.396-0500] {logging_mixin.py:154} INFO - [2023-11-09T19:28:08.396-0500] {dag.py:3722} INFO - Setting next_dagrun for example_params_ui_tutorial to None, run_after=None
[2023-11-09T19:28:08.406-0500] {processor.py:179} INFO - Processing /Users/az/anaconda3/envs/python38/lib/python3.8/site-packages/airflow/example_dags/example_params_ui_tutorial.py took 0.182 seconds
[2023-11-09T19:30:13.216-0500] {processor.py:157} INFO - Started process (PID=51029) to work on /Users/az/anaconda3/envs/python38/lib/python3.8/site-packages/airflow/example_dags/example_params_ui_tutorial.py
[2023-11-09T19:30:13.221-0500] {processor.py:829} INFO - Processing file /Users/az/anaconda3/envs/python38/lib/python3.8/site-packages/airflow/example_dags/example_params_ui_tutorial.py for tasks to queue
[2023-11-09T19:30:13.221-0500] {logging_mixin.py:154} INFO - [2023-11-09T19:30:13.221-0500] {dagbag.py:536} INFO - Filling up the DagBag from /Users/az/anaconda3/envs/python38/lib/python3.8/site-packages/airflow/example_dags/example_params_ui_tutorial.py
[2023-11-09T19:30:13.289-0500] {processor.py:839} INFO - DAG(s) dict_keys(['example_params_ui_tutorial']) retrieved from /Users/az/anaconda3/envs/python38/lib/python3.8/site-packages/airflow/example_dags/example_params_ui_tutorial.py
[2023-11-09T19:30:13.385-0500] {logging_mixin.py:154} INFO - [2023-11-09T19:30:13.385-0500] {dag.py:2941} INFO - Sync 1 DAGs
[2023-11-09T19:30:13.391-0500] {logging_mixin.py:154} INFO - [2023-11-09T19:30:13.391-0500] {dag.py:3722} INFO - Setting next_dagrun for example_params_ui_tutorial to None, run_after=None
[2023-11-09T19:30:13.401-0500] {processor.py:179} INFO - Processing /Users/az/anaconda3/envs/python38/lib/python3.8/site-packages/airflow/example_dags/example_params_ui_tutorial.py took 0.186 seconds
[2023-11-09T19:32:18.829-0500] {processor.py:157} INFO - Started process (PID=51185) to work on /Users/az/anaconda3/envs/python38/lib/python3.8/site-packages/airflow/example_dags/example_params_ui_tutorial.py
[2023-11-09T19:32:18.833-0500] {processor.py:829} INFO - Processing file /Users/az/anaconda3/envs/python38/lib/python3.8/site-packages/airflow/example_dags/example_params_ui_tutorial.py for tasks to queue
[2023-11-09T19:32:18.834-0500] {logging_mixin.py:154} INFO - [2023-11-09T19:32:18.834-0500] {dagbag.py:536} INFO - Filling up the DagBag from /Users/az/anaconda3/envs/python38/lib/python3.8/site-packages/airflow/example_dags/example_params_ui_tutorial.py
[2023-11-09T19:32:18.903-0500] {processor.py:839} INFO - DAG(s) dict_keys(['example_params_ui_tutorial']) retrieved from /Users/az/anaconda3/envs/python38/lib/python3.8/site-packages/airflow/example_dags/example_params_ui_tutorial.py
[2023-11-09T19:32:18.998-0500] {logging_mixin.py:154} INFO - [2023-11-09T19:32:18.998-0500] {dag.py:2941} INFO - Sync 1 DAGs
[2023-11-09T19:32:19.004-0500] {logging_mixin.py:154} INFO - [2023-11-09T19:32:19.004-0500] {dag.py:3722} INFO - Setting next_dagrun for example_params_ui_tutorial to None, run_after=None
[2023-11-09T19:32:19.015-0500] {processor.py:179} INFO - Processing /Users/az/anaconda3/envs/python38/lib/python3.8/site-packages/airflow/example_dags/example_params_ui_tutorial.py took 0.186 seconds
[2023-11-09T19:34:48.654-0500] {processor.py:157} INFO - Started process (PID=53204) to work on /Users/az/anaconda3/envs/python38/lib/python3.8/site-packages/airflow/example_dags/example_params_ui_tutorial.py
[2023-11-09T19:34:48.659-0500] {processor.py:829} INFO - Processing file /Users/az/anaconda3/envs/python38/lib/python3.8/site-packages/airflow/example_dags/example_params_ui_tutorial.py for tasks to queue
[2023-11-09T19:34:48.659-0500] {logging_mixin.py:154} INFO - [2023-11-09T19:34:48.659-0500] {dagbag.py:536} INFO - Filling up the DagBag from /Users/az/anaconda3/envs/python38/lib/python3.8/site-packages/airflow/example_dags/example_params_ui_tutorial.py
[2023-11-09T19:34:48.728-0500] {processor.py:839} INFO - DAG(s) dict_keys(['example_params_ui_tutorial']) retrieved from /Users/az/anaconda3/envs/python38/lib/python3.8/site-packages/airflow/example_dags/example_params_ui_tutorial.py
[2023-11-09T19:34:48.823-0500] {logging_mixin.py:154} INFO - [2023-11-09T19:34:48.823-0500] {dag.py:2941} INFO - Sync 1 DAGs
[2023-11-09T19:34:48.829-0500] {logging_mixin.py:154} INFO - [2023-11-09T19:34:48.829-0500] {dag.py:3722} INFO - Setting next_dagrun for example_params_ui_tutorial to None, run_after=None
[2023-11-09T19:34:48.839-0500] {processor.py:179} INFO - Processing /Users/az/anaconda3/envs/python38/lib/python3.8/site-packages/airflow/example_dags/example_params_ui_tutorial.py took 0.186 seconds
[2023-11-09T19:36:45.457-0500] {processor.py:157} INFO - Started process (PID=53355) to work on /Users/az/anaconda3/envs/python38/lib/python3.8/site-packages/airflow/example_dags/example_params_ui_tutorial.py
[2023-11-09T19:36:45.461-0500] {processor.py:829} INFO - Processing file /Users/az/anaconda3/envs/python38/lib/python3.8/site-packages/airflow/example_dags/example_params_ui_tutorial.py for tasks to queue
[2023-11-09T19:36:45.461-0500] {logging_mixin.py:154} INFO - [2023-11-09T19:36:45.461-0500] {dagbag.py:536} INFO - Filling up the DagBag from /Users/az/anaconda3/envs/python38/lib/python3.8/site-packages/airflow/example_dags/example_params_ui_tutorial.py
[2023-11-09T19:36:45.530-0500] {processor.py:839} INFO - DAG(s) dict_keys(['example_params_ui_tutorial']) retrieved from /Users/az/anaconda3/envs/python38/lib/python3.8/site-packages/airflow/example_dags/example_params_ui_tutorial.py
[2023-11-09T19:36:45.625-0500] {logging_mixin.py:154} INFO - [2023-11-09T19:36:45.625-0500] {dag.py:2941} INFO - Sync 1 DAGs
[2023-11-09T19:36:45.631-0500] {logging_mixin.py:154} INFO - [2023-11-09T19:36:45.631-0500] {dag.py:3722} INFO - Setting next_dagrun for example_params_ui_tutorial to None, run_after=None
[2023-11-09T19:36:45.641-0500] {processor.py:179} INFO - Processing /Users/az/anaconda3/envs/python38/lib/python3.8/site-packages/airflow/example_dags/example_params_ui_tutorial.py took 0.185 seconds
[2023-11-09T19:38:44.988-0500] {processor.py:157} INFO - Started process (PID=53508) to work on /Users/az/anaconda3/envs/python38/lib/python3.8/site-packages/airflow/example_dags/example_params_ui_tutorial.py
[2023-11-09T19:38:44.992-0500] {processor.py:829} INFO - Processing file /Users/az/anaconda3/envs/python38/lib/python3.8/site-packages/airflow/example_dags/example_params_ui_tutorial.py for tasks to queue
[2023-11-09T19:38:44.993-0500] {logging_mixin.py:154} INFO - [2023-11-09T19:38:44.993-0500] {dagbag.py:536} INFO - Filling up the DagBag from /Users/az/anaconda3/envs/python38/lib/python3.8/site-packages/airflow/example_dags/example_params_ui_tutorial.py
[2023-11-09T19:38:45.062-0500] {processor.py:839} INFO - DAG(s) dict_keys(['example_params_ui_tutorial']) retrieved from /Users/az/anaconda3/envs/python38/lib/python3.8/site-packages/airflow/example_dags/example_params_ui_tutorial.py
[2023-11-09T19:38:45.157-0500] {logging_mixin.py:154} INFO - [2023-11-09T19:38:45.157-0500] {dag.py:2941} INFO - Sync 1 DAGs
[2023-11-09T19:38:45.163-0500] {logging_mixin.py:154} INFO - [2023-11-09T19:38:45.163-0500] {dag.py:3722} INFO - Setting next_dagrun for example_params_ui_tutorial to None, run_after=None
[2023-11-09T19:38:45.173-0500] {processor.py:179} INFO - Processing /Users/az/anaconda3/envs/python38/lib/python3.8/site-packages/airflow/example_dags/example_params_ui_tutorial.py took 0.186 seconds
[2023-11-09T19:40:42.100-0500] {processor.py:157} INFO - Started process (PID=53658) to work on /Users/az/anaconda3/envs/python38/lib/python3.8/site-packages/airflow/example_dags/example_params_ui_tutorial.py
[2023-11-09T19:40:42.105-0500] {processor.py:829} INFO - Processing file /Users/az/anaconda3/envs/python38/lib/python3.8/site-packages/airflow/example_dags/example_params_ui_tutorial.py for tasks to queue
[2023-11-09T19:40:42.105-0500] {logging_mixin.py:154} INFO - [2023-11-09T19:40:42.105-0500] {dagbag.py:536} INFO - Filling up the DagBag from /Users/az/anaconda3/envs/python38/lib/python3.8/site-packages/airflow/example_dags/example_params_ui_tutorial.py
[2023-11-09T19:40:42.174-0500] {processor.py:839} INFO - DAG(s) dict_keys(['example_params_ui_tutorial']) retrieved from /Users/az/anaconda3/envs/python38/lib/python3.8/site-packages/airflow/example_dags/example_params_ui_tutorial.py
[2023-11-09T19:40:42.270-0500] {logging_mixin.py:154} INFO - [2023-11-09T19:40:42.270-0500] {dag.py:2941} INFO - Sync 1 DAGs
[2023-11-09T19:40:42.276-0500] {logging_mixin.py:154} INFO - [2023-11-09T19:40:42.276-0500] {dag.py:3722} INFO - Setting next_dagrun for example_params_ui_tutorial to None, run_after=None
[2023-11-09T19:40:42.286-0500] {processor.py:179} INFO - Processing /Users/az/anaconda3/envs/python38/lib/python3.8/site-packages/airflow/example_dags/example_params_ui_tutorial.py took 0.187 seconds
[2023-11-09T19:42:58.356-0500] {processor.py:157} INFO - Started process (PID=54120) to work on /Users/az/anaconda3/envs/python38/lib/python3.8/site-packages/airflow/example_dags/example_params_ui_tutorial.py
[2023-11-09T19:42:58.361-0500] {processor.py:829} INFO - Processing file /Users/az/anaconda3/envs/python38/lib/python3.8/site-packages/airflow/example_dags/example_params_ui_tutorial.py for tasks to queue
[2023-11-09T19:42:58.361-0500] {logging_mixin.py:154} INFO - [2023-11-09T19:42:58.361-0500] {dagbag.py:536} INFO - Filling up the DagBag from /Users/az/anaconda3/envs/python38/lib/python3.8/site-packages/airflow/example_dags/example_params_ui_tutorial.py
[2023-11-09T19:42:58.429-0500] {processor.py:839} INFO - DAG(s) dict_keys(['example_params_ui_tutorial']) retrieved from /Users/az/anaconda3/envs/python38/lib/python3.8/site-packages/airflow/example_dags/example_params_ui_tutorial.py
[2023-11-09T19:42:58.525-0500] {logging_mixin.py:154} INFO - [2023-11-09T19:42:58.525-0500] {dag.py:2941} INFO - Sync 1 DAGs
[2023-11-09T19:42:58.530-0500] {logging_mixin.py:154} INFO - [2023-11-09T19:42:58.530-0500] {dag.py:3722} INFO - Setting next_dagrun for example_params_ui_tutorial to None, run_after=None
[2023-11-09T19:42:58.540-0500] {processor.py:179} INFO - Processing /Users/az/anaconda3/envs/python38/lib/python3.8/site-packages/airflow/example_dags/example_params_ui_tutorial.py took 0.185 seconds
[2023-11-09T19:44:56.147-0500] {processor.py:157} INFO - Started process (PID=54274) to work on /Users/az/anaconda3/envs/python38/lib/python3.8/site-packages/airflow/example_dags/example_params_ui_tutorial.py
[2023-11-09T19:44:56.152-0500] {processor.py:829} INFO - Processing file /Users/az/anaconda3/envs/python38/lib/python3.8/site-packages/airflow/example_dags/example_params_ui_tutorial.py for tasks to queue
[2023-11-09T19:44:56.152-0500] {logging_mixin.py:154} INFO - [2023-11-09T19:44:56.152-0500] {dagbag.py:536} INFO - Filling up the DagBag from /Users/az/anaconda3/envs/python38/lib/python3.8/site-packages/airflow/example_dags/example_params_ui_tutorial.py
[2023-11-09T19:44:56.221-0500] {processor.py:839} INFO - DAG(s) dict_keys(['example_params_ui_tutorial']) retrieved from /Users/az/anaconda3/envs/python38/lib/python3.8/site-packages/airflow/example_dags/example_params_ui_tutorial.py
[2023-11-09T19:44:56.317-0500] {logging_mixin.py:154} INFO - [2023-11-09T19:44:56.316-0500] {dag.py:2941} INFO - Sync 1 DAGs
[2023-11-09T19:44:56.322-0500] {logging_mixin.py:154} INFO - [2023-11-09T19:44:56.322-0500] {dag.py:3722} INFO - Setting next_dagrun for example_params_ui_tutorial to None, run_after=None
[2023-11-09T19:44:56.332-0500] {processor.py:179} INFO - Processing /Users/az/anaconda3/envs/python38/lib/python3.8/site-packages/airflow/example_dags/example_params_ui_tutorial.py took 0.186 seconds
[2023-11-09T19:46:51.807-0500] {processor.py:157} INFO - Started process (PID=54424) to work on /Users/az/anaconda3/envs/python38/lib/python3.8/site-packages/airflow/example_dags/example_params_ui_tutorial.py
[2023-11-09T19:46:51.812-0500] {processor.py:829} INFO - Processing file /Users/az/anaconda3/envs/python38/lib/python3.8/site-packages/airflow/example_dags/example_params_ui_tutorial.py for tasks to queue
[2023-11-09T19:46:51.812-0500] {logging_mixin.py:154} INFO - [2023-11-09T19:46:51.812-0500] {dagbag.py:536} INFO - Filling up the DagBag from /Users/az/anaconda3/envs/python38/lib/python3.8/site-packages/airflow/example_dags/example_params_ui_tutorial.py
[2023-11-09T19:46:51.880-0500] {processor.py:839} INFO - DAG(s) dict_keys(['example_params_ui_tutorial']) retrieved from /Users/az/anaconda3/envs/python38/lib/python3.8/site-packages/airflow/example_dags/example_params_ui_tutorial.py
[2023-11-09T19:46:51.976-0500] {logging_mixin.py:154} INFO - [2023-11-09T19:46:51.976-0500] {dag.py:2941} INFO - Sync 1 DAGs
[2023-11-09T19:46:51.982-0500] {logging_mixin.py:154} INFO - [2023-11-09T19:46:51.982-0500] {dag.py:3722} INFO - Setting next_dagrun for example_params_ui_tutorial to None, run_after=None
[2023-11-09T19:46:52.025-0500] {processor.py:179} INFO - Processing /Users/az/anaconda3/envs/python38/lib/python3.8/site-packages/airflow/example_dags/example_params_ui_tutorial.py took 0.219 seconds
[2023-11-09T19:48:52.457-0500] {processor.py:157} INFO - Started process (PID=54574) to work on /Users/az/anaconda3/envs/python38/lib/python3.8/site-packages/airflow/example_dags/example_params_ui_tutorial.py
[2023-11-09T19:48:52.462-0500] {processor.py:829} INFO - Processing file /Users/az/anaconda3/envs/python38/lib/python3.8/site-packages/airflow/example_dags/example_params_ui_tutorial.py for tasks to queue
[2023-11-09T19:48:52.462-0500] {logging_mixin.py:154} INFO - [2023-11-09T19:48:52.462-0500] {dagbag.py:536} INFO - Filling up the DagBag from /Users/az/anaconda3/envs/python38/lib/python3.8/site-packages/airflow/example_dags/example_params_ui_tutorial.py
[2023-11-09T19:48:52.532-0500] {processor.py:839} INFO - DAG(s) dict_keys(['example_params_ui_tutorial']) retrieved from /Users/az/anaconda3/envs/python38/lib/python3.8/site-packages/airflow/example_dags/example_params_ui_tutorial.py
[2023-11-09T19:48:52.630-0500] {logging_mixin.py:154} INFO - [2023-11-09T19:48:52.629-0500] {dag.py:2941} INFO - Sync 1 DAGs
[2023-11-09T19:48:52.635-0500] {logging_mixin.py:154} INFO - [2023-11-09T19:48:52.635-0500] {dag.py:3722} INFO - Setting next_dagrun for example_params_ui_tutorial to None, run_after=None
[2023-11-09T19:48:52.646-0500] {processor.py:179} INFO - Processing /Users/az/anaconda3/envs/python38/lib/python3.8/site-packages/airflow/example_dags/example_params_ui_tutorial.py took 0.189 seconds
[2023-11-09T19:50:49.852-0500] {processor.py:157} INFO - Started process (PID=54723) to work on /Users/az/anaconda3/envs/python38/lib/python3.8/site-packages/airflow/example_dags/example_params_ui_tutorial.py
[2023-11-09T19:50:49.857-0500] {processor.py:829} INFO - Processing file /Users/az/anaconda3/envs/python38/lib/python3.8/site-packages/airflow/example_dags/example_params_ui_tutorial.py for tasks to queue
[2023-11-09T19:50:49.858-0500] {logging_mixin.py:154} INFO - [2023-11-09T19:50:49.857-0500] {dagbag.py:536} INFO - Filling up the DagBag from /Users/az/anaconda3/envs/python38/lib/python3.8/site-packages/airflow/example_dags/example_params_ui_tutorial.py
[2023-11-09T19:50:49.927-0500] {processor.py:839} INFO - DAG(s) dict_keys(['example_params_ui_tutorial']) retrieved from /Users/az/anaconda3/envs/python38/lib/python3.8/site-packages/airflow/example_dags/example_params_ui_tutorial.py
[2023-11-09T19:50:50.024-0500] {logging_mixin.py:154} INFO - [2023-11-09T19:50:50.024-0500] {dag.py:2941} INFO - Sync 1 DAGs
[2023-11-09T19:50:50.030-0500] {logging_mixin.py:154} INFO - [2023-11-09T19:50:50.030-0500] {dag.py:3722} INFO - Setting next_dagrun for example_params_ui_tutorial to None, run_after=None
[2023-11-09T19:50:50.040-0500] {processor.py:179} INFO - Processing /Users/az/anaconda3/envs/python38/lib/python3.8/site-packages/airflow/example_dags/example_params_ui_tutorial.py took 0.189 seconds
[2023-11-09T19:52:48.230-0500] {processor.py:157} INFO - Started process (PID=54876) to work on /Users/az/anaconda3/envs/python38/lib/python3.8/site-packages/airflow/example_dags/example_params_ui_tutorial.py
[2023-11-09T19:52:48.235-0500] {processor.py:829} INFO - Processing file /Users/az/anaconda3/envs/python38/lib/python3.8/site-packages/airflow/example_dags/example_params_ui_tutorial.py for tasks to queue
[2023-11-09T19:52:48.235-0500] {logging_mixin.py:154} INFO - [2023-11-09T19:52:48.235-0500] {dagbag.py:536} INFO - Filling up the DagBag from /Users/az/anaconda3/envs/python38/lib/python3.8/site-packages/airflow/example_dags/example_params_ui_tutorial.py
[2023-11-09T19:52:48.304-0500] {processor.py:839} INFO - DAG(s) dict_keys(['example_params_ui_tutorial']) retrieved from /Users/az/anaconda3/envs/python38/lib/python3.8/site-packages/airflow/example_dags/example_params_ui_tutorial.py
[2023-11-09T19:52:48.400-0500] {logging_mixin.py:154} INFO - [2023-11-09T19:52:48.399-0500] {dag.py:2941} INFO - Sync 1 DAGs
[2023-11-09T19:52:48.405-0500] {logging_mixin.py:154} INFO - [2023-11-09T19:52:48.405-0500] {dag.py:3722} INFO - Setting next_dagrun for example_params_ui_tutorial to None, run_after=None
[2023-11-09T19:52:48.416-0500] {processor.py:179} INFO - Processing /Users/az/anaconda3/envs/python38/lib/python3.8/site-packages/airflow/example_dags/example_params_ui_tutorial.py took 0.186 seconds
[2023-11-09T19:54:48.779-0500] {processor.py:157} INFO - Started process (PID=55028) to work on /Users/az/anaconda3/envs/python38/lib/python3.8/site-packages/airflow/example_dags/example_params_ui_tutorial.py
[2023-11-09T19:54:48.784-0500] {processor.py:829} INFO - Processing file /Users/az/anaconda3/envs/python38/lib/python3.8/site-packages/airflow/example_dags/example_params_ui_tutorial.py for tasks to queue
[2023-11-09T19:54:48.784-0500] {logging_mixin.py:154} INFO - [2023-11-09T19:54:48.784-0500] {dagbag.py:536} INFO - Filling up the DagBag from /Users/az/anaconda3/envs/python38/lib/python3.8/site-packages/airflow/example_dags/example_params_ui_tutorial.py
[2023-11-09T19:54:48.855-0500] {processor.py:839} INFO - DAG(s) dict_keys(['example_params_ui_tutorial']) retrieved from /Users/az/anaconda3/envs/python38/lib/python3.8/site-packages/airflow/example_dags/example_params_ui_tutorial.py
[2023-11-09T19:54:48.950-0500] {logging_mixin.py:154} INFO - [2023-11-09T19:54:48.950-0500] {dag.py:2941} INFO - Sync 1 DAGs
[2023-11-09T19:54:48.956-0500] {logging_mixin.py:154} INFO - [2023-11-09T19:54:48.955-0500] {dag.py:3722} INFO - Setting next_dagrun for example_params_ui_tutorial to None, run_after=None
[2023-11-09T19:54:48.966-0500] {processor.py:179} INFO - Processing /Users/az/anaconda3/envs/python38/lib/python3.8/site-packages/airflow/example_dags/example_params_ui_tutorial.py took 0.187 seconds
[2023-11-09T19:56:46.689-0500] {processor.py:157} INFO - Started process (PID=55181) to work on /Users/az/anaconda3/envs/python38/lib/python3.8/site-packages/airflow/example_dags/example_params_ui_tutorial.py
[2023-11-09T19:56:46.694-0500] {processor.py:829} INFO - Processing file /Users/az/anaconda3/envs/python38/lib/python3.8/site-packages/airflow/example_dags/example_params_ui_tutorial.py for tasks to queue
[2023-11-09T19:56:46.694-0500] {logging_mixin.py:154} INFO - [2023-11-09T19:56:46.694-0500] {dagbag.py:536} INFO - Filling up the DagBag from /Users/az/anaconda3/envs/python38/lib/python3.8/site-packages/airflow/example_dags/example_params_ui_tutorial.py
[2023-11-09T19:56:46.764-0500] {processor.py:839} INFO - DAG(s) dict_keys(['example_params_ui_tutorial']) retrieved from /Users/az/anaconda3/envs/python38/lib/python3.8/site-packages/airflow/example_dags/example_params_ui_tutorial.py
[2023-11-09T19:56:46.860-0500] {logging_mixin.py:154} INFO - [2023-11-09T19:56:46.860-0500] {dag.py:2941} INFO - Sync 1 DAGs
[2023-11-09T19:56:46.866-0500] {logging_mixin.py:154} INFO - [2023-11-09T19:56:46.866-0500] {dag.py:3722} INFO - Setting next_dagrun for example_params_ui_tutorial to None, run_after=None
[2023-11-09T19:56:46.876-0500] {processor.py:179} INFO - Processing /Users/az/anaconda3/envs/python38/lib/python3.8/site-packages/airflow/example_dags/example_params_ui_tutorial.py took 0.187 seconds
[2023-11-09T19:58:46.974-0500] {processor.py:157} INFO - Started process (PID=55338) to work on /Users/az/anaconda3/envs/python38/lib/python3.8/site-packages/airflow/example_dags/example_params_ui_tutorial.py
[2023-11-09T19:58:46.979-0500] {processor.py:829} INFO - Processing file /Users/az/anaconda3/envs/python38/lib/python3.8/site-packages/airflow/example_dags/example_params_ui_tutorial.py for tasks to queue
[2023-11-09T19:58:46.979-0500] {logging_mixin.py:154} INFO - [2023-11-09T19:58:46.979-0500] {dagbag.py:536} INFO - Filling up the DagBag from /Users/az/anaconda3/envs/python38/lib/python3.8/site-packages/airflow/example_dags/example_params_ui_tutorial.py
[2023-11-09T19:58:47.049-0500] {processor.py:839} INFO - DAG(s) dict_keys(['example_params_ui_tutorial']) retrieved from /Users/az/anaconda3/envs/python38/lib/python3.8/site-packages/airflow/example_dags/example_params_ui_tutorial.py
[2023-11-09T19:58:47.145-0500] {logging_mixin.py:154} INFO - [2023-11-09T19:58:47.145-0500] {dag.py:2941} INFO - Sync 1 DAGs
[2023-11-09T19:58:47.151-0500] {logging_mixin.py:154} INFO - [2023-11-09T19:58:47.151-0500] {dag.py:3722} INFO - Setting next_dagrun for example_params_ui_tutorial to None, run_after=None
[2023-11-09T19:58:47.161-0500] {processor.py:179} INFO - Processing /Users/az/anaconda3/envs/python38/lib/python3.8/site-packages/airflow/example_dags/example_params_ui_tutorial.py took 0.187 seconds
[2023-11-09T20:00:47.591-0500] {processor.py:157} INFO - Started process (PID=55490) to work on /Users/az/anaconda3/envs/python38/lib/python3.8/site-packages/airflow/example_dags/example_params_ui_tutorial.py
[2023-11-09T20:00:47.596-0500] {processor.py:829} INFO - Processing file /Users/az/anaconda3/envs/python38/lib/python3.8/site-packages/airflow/example_dags/example_params_ui_tutorial.py for tasks to queue
[2023-11-09T20:00:47.596-0500] {logging_mixin.py:154} INFO - [2023-11-09T20:00:47.596-0500] {dagbag.py:536} INFO - Filling up the DagBag from /Users/az/anaconda3/envs/python38/lib/python3.8/site-packages/airflow/example_dags/example_params_ui_tutorial.py
[2023-11-09T20:00:47.665-0500] {processor.py:839} INFO - DAG(s) dict_keys(['example_params_ui_tutorial']) retrieved from /Users/az/anaconda3/envs/python38/lib/python3.8/site-packages/airflow/example_dags/example_params_ui_tutorial.py
[2023-11-09T20:00:47.760-0500] {logging_mixin.py:154} INFO - [2023-11-09T20:00:47.760-0500] {dag.py:2941} INFO - Sync 1 DAGs
[2023-11-09T20:00:47.766-0500] {logging_mixin.py:154} INFO - [2023-11-09T20:00:47.766-0500] {dag.py:3722} INFO - Setting next_dagrun for example_params_ui_tutorial to None, run_after=None
[2023-11-09T20:00:47.776-0500] {processor.py:179} INFO - Processing /Users/az/anaconda3/envs/python38/lib/python3.8/site-packages/airflow/example_dags/example_params_ui_tutorial.py took 0.186 seconds
[2023-11-09T20:02:50.439-0500] {processor.py:157} INFO - Started process (PID=55658) to work on /Users/az/anaconda3/envs/python38/lib/python3.8/site-packages/airflow/example_dags/example_params_ui_tutorial.py
[2023-11-09T20:02:50.444-0500] {processor.py:829} INFO - Processing file /Users/az/anaconda3/envs/python38/lib/python3.8/site-packages/airflow/example_dags/example_params_ui_tutorial.py for tasks to queue
[2023-11-09T20:02:50.444-0500] {logging_mixin.py:154} INFO - [2023-11-09T20:02:50.444-0500] {dagbag.py:536} INFO - Filling up the DagBag from /Users/az/anaconda3/envs/python38/lib/python3.8/site-packages/airflow/example_dags/example_params_ui_tutorial.py
[2023-11-09T20:02:50.515-0500] {processor.py:839} INFO - DAG(s) dict_keys(['example_params_ui_tutorial']) retrieved from /Users/az/anaconda3/envs/python38/lib/python3.8/site-packages/airflow/example_dags/example_params_ui_tutorial.py
[2023-11-09T20:02:50.611-0500] {logging_mixin.py:154} INFO - [2023-11-09T20:02:50.611-0500] {dag.py:2941} INFO - Sync 1 DAGs
[2023-11-09T20:02:50.617-0500] {logging_mixin.py:154} INFO - [2023-11-09T20:02:50.617-0500] {dag.py:3722} INFO - Setting next_dagrun for example_params_ui_tutorial to None, run_after=None
[2023-11-09T20:02:50.694-0500] {processor.py:179} INFO - Processing /Users/az/anaconda3/envs/python38/lib/python3.8/site-packages/airflow/example_dags/example_params_ui_tutorial.py took 0.256 seconds
[2023-11-09T20:04:50.822-0500] {processor.py:157} INFO - Started process (PID=55807) to work on /Users/az/anaconda3/envs/python38/lib/python3.8/site-packages/airflow/example_dags/example_params_ui_tutorial.py
[2023-11-09T20:04:50.826-0500] {processor.py:829} INFO - Processing file /Users/az/anaconda3/envs/python38/lib/python3.8/site-packages/airflow/example_dags/example_params_ui_tutorial.py for tasks to queue
[2023-11-09T20:04:50.826-0500] {logging_mixin.py:154} INFO - [2023-11-09T20:04:50.826-0500] {dagbag.py:536} INFO - Filling up the DagBag from /Users/az/anaconda3/envs/python38/lib/python3.8/site-packages/airflow/example_dags/example_params_ui_tutorial.py
[2023-11-09T20:04:50.899-0500] {processor.py:839} INFO - DAG(s) dict_keys(['example_params_ui_tutorial']) retrieved from /Users/az/anaconda3/envs/python38/lib/python3.8/site-packages/airflow/example_dags/example_params_ui_tutorial.py
[2023-11-09T20:04:50.996-0500] {logging_mixin.py:154} INFO - [2023-11-09T20:04:50.995-0500] {dag.py:2941} INFO - Sync 1 DAGs
[2023-11-09T20:04:51.001-0500] {logging_mixin.py:154} INFO - [2023-11-09T20:04:51.001-0500] {dag.py:3722} INFO - Setting next_dagrun for example_params_ui_tutorial to None, run_after=None
[2023-11-09T20:04:51.012-0500] {processor.py:179} INFO - Processing /Users/az/anaconda3/envs/python38/lib/python3.8/site-packages/airflow/example_dags/example_params_ui_tutorial.py took 0.190 seconds
[2023-11-09T20:06:46.640-0500] {processor.py:157} INFO - Started process (PID=55977) to work on /Users/az/anaconda3/envs/python38/lib/python3.8/site-packages/airflow/example_dags/example_params_ui_tutorial.py
[2023-11-09T20:06:46.644-0500] {processor.py:829} INFO - Processing file /Users/az/anaconda3/envs/python38/lib/python3.8/site-packages/airflow/example_dags/example_params_ui_tutorial.py for tasks to queue
[2023-11-09T20:06:46.645-0500] {logging_mixin.py:154} INFO - [2023-11-09T20:06:46.645-0500] {dagbag.py:536} INFO - Filling up the DagBag from /Users/az/anaconda3/envs/python38/lib/python3.8/site-packages/airflow/example_dags/example_params_ui_tutorial.py
[2023-11-09T20:06:46.714-0500] {processor.py:839} INFO - DAG(s) dict_keys(['example_params_ui_tutorial']) retrieved from /Users/az/anaconda3/envs/python38/lib/python3.8/site-packages/airflow/example_dags/example_params_ui_tutorial.py
[2023-11-09T20:06:46.809-0500] {logging_mixin.py:154} INFO - [2023-11-09T20:06:46.809-0500] {dag.py:2941} INFO - Sync 1 DAGs
[2023-11-09T20:06:46.815-0500] {logging_mixin.py:154} INFO - [2023-11-09T20:06:46.815-0500] {dag.py:3722} INFO - Setting next_dagrun for example_params_ui_tutorial to None, run_after=None
[2023-11-09T20:06:46.825-0500] {processor.py:179} INFO - Processing /Users/az/anaconda3/envs/python38/lib/python3.8/site-packages/airflow/example_dags/example_params_ui_tutorial.py took 0.185 seconds
[2023-11-09T20:08:46.179-0500] {processor.py:157} INFO - Started process (PID=56129) to work on /Users/az/anaconda3/envs/python38/lib/python3.8/site-packages/airflow/example_dags/example_params_ui_tutorial.py
[2023-11-09T20:08:46.183-0500] {processor.py:829} INFO - Processing file /Users/az/anaconda3/envs/python38/lib/python3.8/site-packages/airflow/example_dags/example_params_ui_tutorial.py for tasks to queue
[2023-11-09T20:08:46.184-0500] {logging_mixin.py:154} INFO - [2023-11-09T20:08:46.183-0500] {dagbag.py:536} INFO - Filling up the DagBag from /Users/az/anaconda3/envs/python38/lib/python3.8/site-packages/airflow/example_dags/example_params_ui_tutorial.py
[2023-11-09T20:08:46.252-0500] {processor.py:839} INFO - DAG(s) dict_keys(['example_params_ui_tutorial']) retrieved from /Users/az/anaconda3/envs/python38/lib/python3.8/site-packages/airflow/example_dags/example_params_ui_tutorial.py
[2023-11-09T20:08:46.347-0500] {logging_mixin.py:154} INFO - [2023-11-09T20:08:46.347-0500] {dag.py:2941} INFO - Sync 1 DAGs
[2023-11-09T20:08:46.353-0500] {logging_mixin.py:154} INFO - [2023-11-09T20:08:46.353-0500] {dag.py:3722} INFO - Setting next_dagrun for example_params_ui_tutorial to None, run_after=None
[2023-11-09T20:08:46.363-0500] {processor.py:179} INFO - Processing /Users/az/anaconda3/envs/python38/lib/python3.8/site-packages/airflow/example_dags/example_params_ui_tutorial.py took 0.185 seconds
[2023-11-09T20:10:43.263-0500] {processor.py:157} INFO - Started process (PID=56293) to work on /Users/az/anaconda3/envs/python38/lib/python3.8/site-packages/airflow/example_dags/example_params_ui_tutorial.py
[2023-11-09T20:10:43.267-0500] {processor.py:829} INFO - Processing file /Users/az/anaconda3/envs/python38/lib/python3.8/site-packages/airflow/example_dags/example_params_ui_tutorial.py for tasks to queue
[2023-11-09T20:10:43.268-0500] {logging_mixin.py:154} INFO - [2023-11-09T20:10:43.268-0500] {dagbag.py:536} INFO - Filling up the DagBag from /Users/az/anaconda3/envs/python38/lib/python3.8/site-packages/airflow/example_dags/example_params_ui_tutorial.py
[2023-11-09T20:10:43.337-0500] {processor.py:839} INFO - DAG(s) dict_keys(['example_params_ui_tutorial']) retrieved from /Users/az/anaconda3/envs/python38/lib/python3.8/site-packages/airflow/example_dags/example_params_ui_tutorial.py
[2023-11-09T20:10:43.433-0500] {logging_mixin.py:154} INFO - [2023-11-09T20:10:43.433-0500] {dag.py:2941} INFO - Sync 1 DAGs
[2023-11-09T20:10:43.439-0500] {logging_mixin.py:154} INFO - [2023-11-09T20:10:43.439-0500] {dag.py:3722} INFO - Setting next_dagrun for example_params_ui_tutorial to None, run_after=None
[2023-11-09T20:10:43.449-0500] {processor.py:179} INFO - Processing /Users/az/anaconda3/envs/python38/lib/python3.8/site-packages/airflow/example_dags/example_params_ui_tutorial.py took 0.187 seconds
[2023-11-09T20:12:40.728-0500] {processor.py:157} INFO - Started process (PID=56455) to work on /Users/az/anaconda3/envs/python38/lib/python3.8/site-packages/airflow/example_dags/example_params_ui_tutorial.py
[2023-11-09T20:12:40.733-0500] {processor.py:829} INFO - Processing file /Users/az/anaconda3/envs/python38/lib/python3.8/site-packages/airflow/example_dags/example_params_ui_tutorial.py for tasks to queue
[2023-11-09T20:12:40.733-0500] {logging_mixin.py:154} INFO - [2023-11-09T20:12:40.733-0500] {dagbag.py:536} INFO - Filling up the DagBag from /Users/az/anaconda3/envs/python38/lib/python3.8/site-packages/airflow/example_dags/example_params_ui_tutorial.py
[2023-11-09T20:12:40.819-0500] {processor.py:839} INFO - DAG(s) dict_keys(['example_params_ui_tutorial']) retrieved from /Users/az/anaconda3/envs/python38/lib/python3.8/site-packages/airflow/example_dags/example_params_ui_tutorial.py
[2023-11-09T20:12:40.917-0500] {logging_mixin.py:154} INFO - [2023-11-09T20:12:40.917-0500] {dag.py:2941} INFO - Sync 1 DAGs
[2023-11-09T20:12:40.923-0500] {logging_mixin.py:154} INFO - [2023-11-09T20:12:40.923-0500] {dag.py:3722} INFO - Setting next_dagrun for example_params_ui_tutorial to None, run_after=None
[2023-11-09T20:12:40.934-0500] {processor.py:179} INFO - Processing /Users/az/anaconda3/envs/python38/lib/python3.8/site-packages/airflow/example_dags/example_params_ui_tutorial.py took 0.206 seconds
[2023-11-09T20:14:42.634-0500] {processor.py:157} INFO - Started process (PID=56630) to work on /Users/az/anaconda3/envs/python38/lib/python3.8/site-packages/airflow/example_dags/example_params_ui_tutorial.py
[2023-11-09T20:14:42.638-0500] {processor.py:829} INFO - Processing file /Users/az/anaconda3/envs/python38/lib/python3.8/site-packages/airflow/example_dags/example_params_ui_tutorial.py for tasks to queue
[2023-11-09T20:14:42.638-0500] {logging_mixin.py:154} INFO - [2023-11-09T20:14:42.638-0500] {dagbag.py:536} INFO - Filling up the DagBag from /Users/az/anaconda3/envs/python38/lib/python3.8/site-packages/airflow/example_dags/example_params_ui_tutorial.py
[2023-11-09T20:14:42.706-0500] {processor.py:839} INFO - DAG(s) dict_keys(['example_params_ui_tutorial']) retrieved from /Users/az/anaconda3/envs/python38/lib/python3.8/site-packages/airflow/example_dags/example_params_ui_tutorial.py
[2023-11-09T20:14:42.801-0500] {logging_mixin.py:154} INFO - [2023-11-09T20:14:42.800-0500] {dag.py:2941} INFO - Sync 1 DAGs
[2023-11-09T20:14:42.806-0500] {logging_mixin.py:154} INFO - [2023-11-09T20:14:42.806-0500] {dag.py:3722} INFO - Setting next_dagrun for example_params_ui_tutorial to None, run_after=None
[2023-11-09T20:14:42.816-0500] {processor.py:179} INFO - Processing /Users/az/anaconda3/envs/python38/lib/python3.8/site-packages/airflow/example_dags/example_params_ui_tutorial.py took 0.183 seconds
[2023-11-09T20:16:39.550-0500] {processor.py:157} INFO - Started process (PID=56779) to work on /Users/az/anaconda3/envs/python38/lib/python3.8/site-packages/airflow/example_dags/example_params_ui_tutorial.py
[2023-11-09T20:16:39.555-0500] {processor.py:829} INFO - Processing file /Users/az/anaconda3/envs/python38/lib/python3.8/site-packages/airflow/example_dags/example_params_ui_tutorial.py for tasks to queue
[2023-11-09T20:16:39.555-0500] {logging_mixin.py:154} INFO - [2023-11-09T20:16:39.555-0500] {dagbag.py:536} INFO - Filling up the DagBag from /Users/az/anaconda3/envs/python38/lib/python3.8/site-packages/airflow/example_dags/example_params_ui_tutorial.py
[2023-11-09T20:16:39.624-0500] {processor.py:839} INFO - DAG(s) dict_keys(['example_params_ui_tutorial']) retrieved from /Users/az/anaconda3/envs/python38/lib/python3.8/site-packages/airflow/example_dags/example_params_ui_tutorial.py
[2023-11-09T20:16:39.719-0500] {logging_mixin.py:154} INFO - [2023-11-09T20:16:39.719-0500] {dag.py:2941} INFO - Sync 1 DAGs
[2023-11-09T20:16:39.724-0500] {logging_mixin.py:154} INFO - [2023-11-09T20:16:39.724-0500] {dag.py:3722} INFO - Setting next_dagrun for example_params_ui_tutorial to None, run_after=None
[2023-11-09T20:16:39.734-0500] {processor.py:179} INFO - Processing /Users/az/anaconda3/envs/python38/lib/python3.8/site-packages/airflow/example_dags/example_params_ui_tutorial.py took 0.184 seconds
[2023-11-09T20:18:38.452-0500] {processor.py:157} INFO - Started process (PID=56927) to work on /Users/az/anaconda3/envs/python38/lib/python3.8/site-packages/airflow/example_dags/example_params_ui_tutorial.py
[2023-11-09T20:18:38.457-0500] {processor.py:829} INFO - Processing file /Users/az/anaconda3/envs/python38/lib/python3.8/site-packages/airflow/example_dags/example_params_ui_tutorial.py for tasks to queue
[2023-11-09T20:18:38.457-0500] {logging_mixin.py:154} INFO - [2023-11-09T20:18:38.457-0500] {dagbag.py:536} INFO - Filling up the DagBag from /Users/az/anaconda3/envs/python38/lib/python3.8/site-packages/airflow/example_dags/example_params_ui_tutorial.py
[2023-11-09T20:18:38.527-0500] {processor.py:839} INFO - DAG(s) dict_keys(['example_params_ui_tutorial']) retrieved from /Users/az/anaconda3/envs/python38/lib/python3.8/site-packages/airflow/example_dags/example_params_ui_tutorial.py
[2023-11-09T20:18:38.623-0500] {logging_mixin.py:154} INFO - [2023-11-09T20:18:38.623-0500] {dag.py:2941} INFO - Sync 1 DAGs
[2023-11-09T20:18:38.629-0500] {logging_mixin.py:154} INFO - [2023-11-09T20:18:38.628-0500] {dag.py:3722} INFO - Setting next_dagrun for example_params_ui_tutorial to None, run_after=None
[2023-11-09T20:18:38.639-0500] {processor.py:179} INFO - Processing /Users/az/anaconda3/envs/python38/lib/python3.8/site-packages/airflow/example_dags/example_params_ui_tutorial.py took 0.187 seconds
[2023-11-09T20:20:37.564-0500] {processor.py:157} INFO - Started process (PID=57075) to work on /Users/az/anaconda3/envs/python38/lib/python3.8/site-packages/airflow/example_dags/example_params_ui_tutorial.py
[2023-11-09T20:20:37.568-0500] {processor.py:829} INFO - Processing file /Users/az/anaconda3/envs/python38/lib/python3.8/site-packages/airflow/example_dags/example_params_ui_tutorial.py for tasks to queue
[2023-11-09T20:20:37.568-0500] {logging_mixin.py:154} INFO - [2023-11-09T20:20:37.568-0500] {dagbag.py:536} INFO - Filling up the DagBag from /Users/az/anaconda3/envs/python38/lib/python3.8/site-packages/airflow/example_dags/example_params_ui_tutorial.py
[2023-11-09T20:20:37.637-0500] {processor.py:839} INFO - DAG(s) dict_keys(['example_params_ui_tutorial']) retrieved from /Users/az/anaconda3/envs/python38/lib/python3.8/site-packages/airflow/example_dags/example_params_ui_tutorial.py
[2023-11-09T20:20:37.732-0500] {logging_mixin.py:154} INFO - [2023-11-09T20:20:37.732-0500] {dag.py:2941} INFO - Sync 1 DAGs
[2023-11-09T20:20:37.738-0500] {logging_mixin.py:154} INFO - [2023-11-09T20:20:37.738-0500] {dag.py:3722} INFO - Setting next_dagrun for example_params_ui_tutorial to None, run_after=None
[2023-11-09T20:20:37.748-0500] {processor.py:179} INFO - Processing /Users/az/anaconda3/envs/python38/lib/python3.8/site-packages/airflow/example_dags/example_params_ui_tutorial.py took 0.185 seconds
[2023-11-09T20:22:38.536-0500] {processor.py:157} INFO - Started process (PID=57235) to work on /Users/az/anaconda3/envs/python38/lib/python3.8/site-packages/airflow/example_dags/example_params_ui_tutorial.py
[2023-11-09T20:22:38.541-0500] {processor.py:829} INFO - Processing file /Users/az/anaconda3/envs/python38/lib/python3.8/site-packages/airflow/example_dags/example_params_ui_tutorial.py for tasks to queue
[2023-11-09T20:22:38.541-0500] {logging_mixin.py:154} INFO - [2023-11-09T20:22:38.541-0500] {dagbag.py:536} INFO - Filling up the DagBag from /Users/az/anaconda3/envs/python38/lib/python3.8/site-packages/airflow/example_dags/example_params_ui_tutorial.py
[2023-11-09T20:22:38.610-0500] {processor.py:839} INFO - DAG(s) dict_keys(['example_params_ui_tutorial']) retrieved from /Users/az/anaconda3/envs/python38/lib/python3.8/site-packages/airflow/example_dags/example_params_ui_tutorial.py
[2023-11-09T20:22:38.705-0500] {logging_mixin.py:154} INFO - [2023-11-09T20:22:38.705-0500] {dag.py:2941} INFO - Sync 1 DAGs
[2023-11-09T20:22:38.711-0500] {logging_mixin.py:154} INFO - [2023-11-09T20:22:38.711-0500] {dag.py:3722} INFO - Setting next_dagrun for example_params_ui_tutorial to None, run_after=None
[2023-11-09T20:22:38.721-0500] {processor.py:179} INFO - Processing /Users/az/anaconda3/envs/python38/lib/python3.8/site-packages/airflow/example_dags/example_params_ui_tutorial.py took 0.186 seconds
[2023-11-09T20:24:37.330-0500] {processor.py:157} INFO - Started process (PID=57387) to work on /Users/az/anaconda3/envs/python38/lib/python3.8/site-packages/airflow/example_dags/example_params_ui_tutorial.py
[2023-11-09T20:24:37.334-0500] {processor.py:829} INFO - Processing file /Users/az/anaconda3/envs/python38/lib/python3.8/site-packages/airflow/example_dags/example_params_ui_tutorial.py for tasks to queue
[2023-11-09T20:24:37.334-0500] {logging_mixin.py:154} INFO - [2023-11-09T20:24:37.334-0500] {dagbag.py:536} INFO - Filling up the DagBag from /Users/az/anaconda3/envs/python38/lib/python3.8/site-packages/airflow/example_dags/example_params_ui_tutorial.py
[2023-11-09T20:24:37.403-0500] {processor.py:839} INFO - DAG(s) dict_keys(['example_params_ui_tutorial']) retrieved from /Users/az/anaconda3/envs/python38/lib/python3.8/site-packages/airflow/example_dags/example_params_ui_tutorial.py
[2023-11-09T20:24:37.499-0500] {logging_mixin.py:154} INFO - [2023-11-09T20:24:37.499-0500] {dag.py:2941} INFO - Sync 1 DAGs
[2023-11-09T20:24:37.505-0500] {logging_mixin.py:154} INFO - [2023-11-09T20:24:37.505-0500] {dag.py:3722} INFO - Setting next_dagrun for example_params_ui_tutorial to None, run_after=None
[2023-11-09T20:24:37.515-0500] {processor.py:179} INFO - Processing /Users/az/anaconda3/envs/python38/lib/python3.8/site-packages/airflow/example_dags/example_params_ui_tutorial.py took 0.186 seconds
[2023-11-09T20:26:35.111-0500] {processor.py:157} INFO - Started process (PID=57536) to work on /Users/az/anaconda3/envs/python38/lib/python3.8/site-packages/airflow/example_dags/example_params_ui_tutorial.py
[2023-11-09T20:26:35.115-0500] {processor.py:829} INFO - Processing file /Users/az/anaconda3/envs/python38/lib/python3.8/site-packages/airflow/example_dags/example_params_ui_tutorial.py for tasks to queue
[2023-11-09T20:26:35.115-0500] {logging_mixin.py:154} INFO - [2023-11-09T20:26:35.115-0500] {dagbag.py:536} INFO - Filling up the DagBag from /Users/az/anaconda3/envs/python38/lib/python3.8/site-packages/airflow/example_dags/example_params_ui_tutorial.py
[2023-11-09T20:26:35.188-0500] {processor.py:839} INFO - DAG(s) dict_keys(['example_params_ui_tutorial']) retrieved from /Users/az/anaconda3/envs/python38/lib/python3.8/site-packages/airflow/example_dags/example_params_ui_tutorial.py
[2023-11-09T20:26:35.295-0500] {logging_mixin.py:154} INFO - [2023-11-09T20:26:35.295-0500] {dag.py:2941} INFO - Sync 1 DAGs
[2023-11-09T20:26:35.300-0500] {logging_mixin.py:154} INFO - [2023-11-09T20:26:35.300-0500] {dag.py:3722} INFO - Setting next_dagrun for example_params_ui_tutorial to None, run_after=None
[2023-11-09T20:26:35.310-0500] {processor.py:179} INFO - Processing /Users/az/anaconda3/envs/python38/lib/python3.8/site-packages/airflow/example_dags/example_params_ui_tutorial.py took 0.200 seconds
[2023-11-09T20:46:02.183-0500] {processor.py:157} INFO - Started process (PID=57717) to work on /Users/az/anaconda3/envs/python38/lib/python3.8/site-packages/airflow/example_dags/example_params_ui_tutorial.py
[2023-11-09T20:46:02.187-0500] {processor.py:829} INFO - Processing file /Users/az/anaconda3/envs/python38/lib/python3.8/site-packages/airflow/example_dags/example_params_ui_tutorial.py for tasks to queue
[2023-11-09T20:46:02.187-0500] {logging_mixin.py:154} INFO - [2023-11-09T20:46:02.187-0500] {dagbag.py:536} INFO - Filling up the DagBag from /Users/az/anaconda3/envs/python38/lib/python3.8/site-packages/airflow/example_dags/example_params_ui_tutorial.py
[2023-11-09T20:46:02.257-0500] {processor.py:839} INFO - DAG(s) dict_keys(['example_params_ui_tutorial']) retrieved from /Users/az/anaconda3/envs/python38/lib/python3.8/site-packages/airflow/example_dags/example_params_ui_tutorial.py
[2023-11-09T20:46:02.352-0500] {logging_mixin.py:154} INFO - [2023-11-09T20:46:02.352-0500] {dag.py:2941} INFO - Sync 1 DAGs
[2023-11-09T20:46:02.358-0500] {logging_mixin.py:154} INFO - [2023-11-09T20:46:02.357-0500] {dag.py:3722} INFO - Setting next_dagrun for example_params_ui_tutorial to None, run_after=None
[2023-11-09T20:46:02.368-0500] {processor.py:179} INFO - Processing /Users/az/anaconda3/envs/python38/lib/python3.8/site-packages/airflow/example_dags/example_params_ui_tutorial.py took 0.185 seconds
[2023-11-09T20:48:00.846-0500] {processor.py:157} INFO - Started process (PID=57915) to work on /Users/az/anaconda3/envs/python38/lib/python3.8/site-packages/airflow/example_dags/example_params_ui_tutorial.py
[2023-11-09T20:48:00.851-0500] {processor.py:829} INFO - Processing file /Users/az/anaconda3/envs/python38/lib/python3.8/site-packages/airflow/example_dags/example_params_ui_tutorial.py for tasks to queue
[2023-11-09T20:48:00.851-0500] {logging_mixin.py:154} INFO - [2023-11-09T20:48:00.851-0500] {dagbag.py:536} INFO - Filling up the DagBag from /Users/az/anaconda3/envs/python38/lib/python3.8/site-packages/airflow/example_dags/example_params_ui_tutorial.py
[2023-11-09T20:48:00.920-0500] {processor.py:839} INFO - DAG(s) dict_keys(['example_params_ui_tutorial']) retrieved from /Users/az/anaconda3/envs/python38/lib/python3.8/site-packages/airflow/example_dags/example_params_ui_tutorial.py
[2023-11-09T20:48:01.015-0500] {logging_mixin.py:154} INFO - [2023-11-09T20:48:01.015-0500] {dag.py:2941} INFO - Sync 1 DAGs
[2023-11-09T20:48:01.021-0500] {logging_mixin.py:154} INFO - [2023-11-09T20:48:01.021-0500] {dag.py:3722} INFO - Setting next_dagrun for example_params_ui_tutorial to None, run_after=None
[2023-11-09T20:48:01.031-0500] {processor.py:179} INFO - Processing /Users/az/anaconda3/envs/python38/lib/python3.8/site-packages/airflow/example_dags/example_params_ui_tutorial.py took 0.186 seconds
[2023-11-09T20:49:59.346-0500] {processor.py:157} INFO - Started process (PID=58066) to work on /Users/az/anaconda3/envs/python38/lib/python3.8/site-packages/airflow/example_dags/example_params_ui_tutorial.py
[2023-11-09T20:49:59.351-0500] {processor.py:829} INFO - Processing file /Users/az/anaconda3/envs/python38/lib/python3.8/site-packages/airflow/example_dags/example_params_ui_tutorial.py for tasks to queue
[2023-11-09T20:49:59.351-0500] {logging_mixin.py:154} INFO - [2023-11-09T20:49:59.351-0500] {dagbag.py:536} INFO - Filling up the DagBag from /Users/az/anaconda3/envs/python38/lib/python3.8/site-packages/airflow/example_dags/example_params_ui_tutorial.py
[2023-11-09T20:49:59.420-0500] {processor.py:839} INFO - DAG(s) dict_keys(['example_params_ui_tutorial']) retrieved from /Users/az/anaconda3/envs/python38/lib/python3.8/site-packages/airflow/example_dags/example_params_ui_tutorial.py
[2023-11-09T20:49:59.515-0500] {logging_mixin.py:154} INFO - [2023-11-09T20:49:59.515-0500] {dag.py:2941} INFO - Sync 1 DAGs
[2023-11-09T20:49:59.520-0500] {logging_mixin.py:154} INFO - [2023-11-09T20:49:59.520-0500] {dag.py:3722} INFO - Setting next_dagrun for example_params_ui_tutorial to None, run_after=None
[2023-11-09T20:49:59.530-0500] {processor.py:179} INFO - Processing /Users/az/anaconda3/envs/python38/lib/python3.8/site-packages/airflow/example_dags/example_params_ui_tutorial.py took 0.185 seconds
[2023-11-09T20:52:05.309-0500] {processor.py:157} INFO - Started process (PID=58223) to work on /Users/az/anaconda3/envs/python38/lib/python3.8/site-packages/airflow/example_dags/example_params_ui_tutorial.py
[2023-11-09T20:52:05.313-0500] {processor.py:829} INFO - Processing file /Users/az/anaconda3/envs/python38/lib/python3.8/site-packages/airflow/example_dags/example_params_ui_tutorial.py for tasks to queue
[2023-11-09T20:52:05.313-0500] {logging_mixin.py:154} INFO - [2023-11-09T20:52:05.313-0500] {dagbag.py:536} INFO - Filling up the DagBag from /Users/az/anaconda3/envs/python38/lib/python3.8/site-packages/airflow/example_dags/example_params_ui_tutorial.py
[2023-11-09T20:52:05.383-0500] {processor.py:839} INFO - DAG(s) dict_keys(['example_params_ui_tutorial']) retrieved from /Users/az/anaconda3/envs/python38/lib/python3.8/site-packages/airflow/example_dags/example_params_ui_tutorial.py
[2023-11-09T20:52:05.478-0500] {logging_mixin.py:154} INFO - [2023-11-09T20:52:05.478-0500] {dag.py:2941} INFO - Sync 1 DAGs
[2023-11-09T20:52:05.484-0500] {logging_mixin.py:154} INFO - [2023-11-09T20:52:05.484-0500] {dag.py:3722} INFO - Setting next_dagrun for example_params_ui_tutorial to None, run_after=None
[2023-11-09T20:52:05.494-0500] {processor.py:179} INFO - Processing /Users/az/anaconda3/envs/python38/lib/python3.8/site-packages/airflow/example_dags/example_params_ui_tutorial.py took 0.186 seconds
[2023-11-09T20:54:18.237-0500] {processor.py:157} INFO - Started process (PID=58379) to work on /Users/az/anaconda3/envs/python38/lib/python3.8/site-packages/airflow/example_dags/example_params_ui_tutorial.py
[2023-11-09T20:54:18.242-0500] {processor.py:829} INFO - Processing file /Users/az/anaconda3/envs/python38/lib/python3.8/site-packages/airflow/example_dags/example_params_ui_tutorial.py for tasks to queue
[2023-11-09T20:54:18.242-0500] {logging_mixin.py:154} INFO - [2023-11-09T20:54:18.242-0500] {dagbag.py:536} INFO - Filling up the DagBag from /Users/az/anaconda3/envs/python38/lib/python3.8/site-packages/airflow/example_dags/example_params_ui_tutorial.py
[2023-11-09T20:54:18.311-0500] {processor.py:839} INFO - DAG(s) dict_keys(['example_params_ui_tutorial']) retrieved from /Users/az/anaconda3/envs/python38/lib/python3.8/site-packages/airflow/example_dags/example_params_ui_tutorial.py
[2023-11-09T20:54:18.408-0500] {logging_mixin.py:154} INFO - [2023-11-09T20:54:18.408-0500] {dag.py:2941} INFO - Sync 1 DAGs
[2023-11-09T20:54:18.414-0500] {logging_mixin.py:154} INFO - [2023-11-09T20:54:18.413-0500] {dag.py:3722} INFO - Setting next_dagrun for example_params_ui_tutorial to None, run_after=None
[2023-11-09T20:54:18.424-0500] {processor.py:179} INFO - Processing /Users/az/anaconda3/envs/python38/lib/python3.8/site-packages/airflow/example_dags/example_params_ui_tutorial.py took 0.187 seconds
[2023-11-09T20:55:42.601-0500] {processor.py:157} INFO - Started process (PID=58490) to work on /Users/az/anaconda3/envs/python38/lib/python3.8/site-packages/airflow/example_dags/example_params_ui_tutorial.py
[2023-11-09T20:55:42.606-0500] {processor.py:829} INFO - Processing file /Users/az/anaconda3/envs/python38/lib/python3.8/site-packages/airflow/example_dags/example_params_ui_tutorial.py for tasks to queue
[2023-11-09T20:55:42.606-0500] {logging_mixin.py:154} INFO - [2023-11-09T20:55:42.606-0500] {dagbag.py:536} INFO - Filling up the DagBag from /Users/az/anaconda3/envs/python38/lib/python3.8/site-packages/airflow/example_dags/example_params_ui_tutorial.py
[2023-11-09T20:55:42.674-0500] {processor.py:839} INFO - DAG(s) dict_keys(['example_params_ui_tutorial']) retrieved from /Users/az/anaconda3/envs/python38/lib/python3.8/site-packages/airflow/example_dags/example_params_ui_tutorial.py
[2023-11-09T20:55:42.770-0500] {logging_mixin.py:154} INFO - [2023-11-09T20:55:42.770-0500] {dag.py:2941} INFO - Sync 1 DAGs
[2023-11-09T20:55:42.775-0500] {logging_mixin.py:154} INFO - [2023-11-09T20:55:42.775-0500] {dag.py:3722} INFO - Setting next_dagrun for example_params_ui_tutorial to None, run_after=None
[2023-11-09T20:55:42.785-0500] {processor.py:179} INFO - Processing /Users/az/anaconda3/envs/python38/lib/python3.8/site-packages/airflow/example_dags/example_params_ui_tutorial.py took 0.185 seconds
[2023-11-09T20:57:51.834-0500] {processor.py:157} INFO - Started process (PID=58642) to work on /Users/az/anaconda3/envs/python38/lib/python3.8/site-packages/airflow/example_dags/example_params_ui_tutorial.py
[2023-11-09T20:57:51.839-0500] {processor.py:829} INFO - Processing file /Users/az/anaconda3/envs/python38/lib/python3.8/site-packages/airflow/example_dags/example_params_ui_tutorial.py for tasks to queue
[2023-11-09T20:57:51.839-0500] {logging_mixin.py:154} INFO - [2023-11-09T20:57:51.839-0500] {dagbag.py:536} INFO - Filling up the DagBag from /Users/az/anaconda3/envs/python38/lib/python3.8/site-packages/airflow/example_dags/example_params_ui_tutorial.py
[2023-11-09T20:57:51.908-0500] {processor.py:839} INFO - DAG(s) dict_keys(['example_params_ui_tutorial']) retrieved from /Users/az/anaconda3/envs/python38/lib/python3.8/site-packages/airflow/example_dags/example_params_ui_tutorial.py
[2023-11-09T20:57:52.004-0500] {logging_mixin.py:154} INFO - [2023-11-09T20:57:52.004-0500] {dag.py:2941} INFO - Sync 1 DAGs
[2023-11-09T20:57:52.010-0500] {logging_mixin.py:154} INFO - [2023-11-09T20:57:52.010-0500] {dag.py:3722} INFO - Setting next_dagrun for example_params_ui_tutorial to None, run_after=None
[2023-11-09T20:57:52.020-0500] {processor.py:179} INFO - Processing /Users/az/anaconda3/envs/python38/lib/python3.8/site-packages/airflow/example_dags/example_params_ui_tutorial.py took 0.187 seconds
[2023-11-09T21:00:07.433-0500] {processor.py:157} INFO - Started process (PID=58818) to work on /Users/az/anaconda3/envs/python38/lib/python3.8/site-packages/airflow/example_dags/example_params_ui_tutorial.py
[2023-11-09T21:00:07.438-0500] {processor.py:829} INFO - Processing file /Users/az/anaconda3/envs/python38/lib/python3.8/site-packages/airflow/example_dags/example_params_ui_tutorial.py for tasks to queue
[2023-11-09T21:00:07.438-0500] {logging_mixin.py:154} INFO - [2023-11-09T21:00:07.438-0500] {dagbag.py:536} INFO - Filling up the DagBag from /Users/az/anaconda3/envs/python38/lib/python3.8/site-packages/airflow/example_dags/example_params_ui_tutorial.py
[2023-11-09T21:00:07.507-0500] {processor.py:839} INFO - DAG(s) dict_keys(['example_params_ui_tutorial']) retrieved from /Users/az/anaconda3/envs/python38/lib/python3.8/site-packages/airflow/example_dags/example_params_ui_tutorial.py
[2023-11-09T21:00:07.603-0500] {logging_mixin.py:154} INFO - [2023-11-09T21:00:07.602-0500] {dag.py:2941} INFO - Sync 1 DAGs
[2023-11-09T21:00:07.608-0500] {logging_mixin.py:154} INFO - [2023-11-09T21:00:07.608-0500] {dag.py:3722} INFO - Setting next_dagrun for example_params_ui_tutorial to None, run_after=None
[2023-11-09T21:00:07.619-0500] {processor.py:179} INFO - Processing /Users/az/anaconda3/envs/python38/lib/python3.8/site-packages/airflow/example_dags/example_params_ui_tutorial.py took 0.187 seconds
[2023-11-09T21:02:14.854-0500] {processor.py:157} INFO - Started process (PID=58988) to work on /Users/az/anaconda3/envs/python38/lib/python3.8/site-packages/airflow/example_dags/example_params_ui_tutorial.py
[2023-11-09T21:02:14.859-0500] {processor.py:829} INFO - Processing file /Users/az/anaconda3/envs/python38/lib/python3.8/site-packages/airflow/example_dags/example_params_ui_tutorial.py for tasks to queue
[2023-11-09T21:02:14.859-0500] {logging_mixin.py:154} INFO - [2023-11-09T21:02:14.859-0500] {dagbag.py:536} INFO - Filling up the DagBag from /Users/az/anaconda3/envs/python38/lib/python3.8/site-packages/airflow/example_dags/example_params_ui_tutorial.py
[2023-11-09T21:02:14.928-0500] {processor.py:839} INFO - DAG(s) dict_keys(['example_params_ui_tutorial']) retrieved from /Users/az/anaconda3/envs/python38/lib/python3.8/site-packages/airflow/example_dags/example_params_ui_tutorial.py
[2023-11-09T21:02:15.024-0500] {logging_mixin.py:154} INFO - [2023-11-09T21:02:15.024-0500] {dag.py:2941} INFO - Sync 1 DAGs
[2023-11-09T21:02:15.030-0500] {logging_mixin.py:154} INFO - [2023-11-09T21:02:15.030-0500] {dag.py:3722} INFO - Setting next_dagrun for example_params_ui_tutorial to None, run_after=None
[2023-11-09T21:02:15.040-0500] {processor.py:179} INFO - Processing /Users/az/anaconda3/envs/python38/lib/python3.8/site-packages/airflow/example_dags/example_params_ui_tutorial.py took 0.186 seconds
[2023-11-09T21:04:16.334-0500] {processor.py:157} INFO - Started process (PID=59162) to work on /Users/az/anaconda3/envs/python38/lib/python3.8/site-packages/airflow/example_dags/example_params_ui_tutorial.py
[2023-11-09T21:04:16.339-0500] {processor.py:829} INFO - Processing file /Users/az/anaconda3/envs/python38/lib/python3.8/site-packages/airflow/example_dags/example_params_ui_tutorial.py for tasks to queue
[2023-11-09T21:04:16.339-0500] {logging_mixin.py:154} INFO - [2023-11-09T21:04:16.339-0500] {dagbag.py:536} INFO - Filling up the DagBag from /Users/az/anaconda3/envs/python38/lib/python3.8/site-packages/airflow/example_dags/example_params_ui_tutorial.py
[2023-11-09T21:04:16.408-0500] {processor.py:839} INFO - DAG(s) dict_keys(['example_params_ui_tutorial']) retrieved from /Users/az/anaconda3/envs/python38/lib/python3.8/site-packages/airflow/example_dags/example_params_ui_tutorial.py
[2023-11-09T21:04:16.502-0500] {logging_mixin.py:154} INFO - [2023-11-09T21:04:16.502-0500] {dag.py:2941} INFO - Sync 1 DAGs
[2023-11-09T21:04:16.508-0500] {logging_mixin.py:154} INFO - [2023-11-09T21:04:16.508-0500] {dag.py:3722} INFO - Setting next_dagrun for example_params_ui_tutorial to None, run_after=None
[2023-11-09T21:04:16.518-0500] {processor.py:179} INFO - Processing /Users/az/anaconda3/envs/python38/lib/python3.8/site-packages/airflow/example_dags/example_params_ui_tutorial.py took 0.185 seconds
[2023-11-09T21:06:17.863-0500] {processor.py:157} INFO - Started process (PID=59322) to work on /Users/az/anaconda3/envs/python38/lib/python3.8/site-packages/airflow/example_dags/example_params_ui_tutorial.py
[2023-11-09T21:06:17.868-0500] {processor.py:829} INFO - Processing file /Users/az/anaconda3/envs/python38/lib/python3.8/site-packages/airflow/example_dags/example_params_ui_tutorial.py for tasks to queue
[2023-11-09T21:06:17.868-0500] {logging_mixin.py:154} INFO - [2023-11-09T21:06:17.868-0500] {dagbag.py:536} INFO - Filling up the DagBag from /Users/az/anaconda3/envs/python38/lib/python3.8/site-packages/airflow/example_dags/example_params_ui_tutorial.py
[2023-11-09T21:06:17.938-0500] {processor.py:839} INFO - DAG(s) dict_keys(['example_params_ui_tutorial']) retrieved from /Users/az/anaconda3/envs/python38/lib/python3.8/site-packages/airflow/example_dags/example_params_ui_tutorial.py
[2023-11-09T21:06:18.032-0500] {logging_mixin.py:154} INFO - [2023-11-09T21:06:18.032-0500] {dag.py:2941} INFO - Sync 1 DAGs
[2023-11-09T21:06:18.038-0500] {logging_mixin.py:154} INFO - [2023-11-09T21:06:18.037-0500] {dag.py:3722} INFO - Setting next_dagrun for example_params_ui_tutorial to None, run_after=None
[2023-11-09T21:06:18.048-0500] {processor.py:179} INFO - Processing /Users/az/anaconda3/envs/python38/lib/python3.8/site-packages/airflow/example_dags/example_params_ui_tutorial.py took 0.185 seconds
[2023-11-09T21:08:15.446-0500] {processor.py:157} INFO - Started process (PID=59468) to work on /Users/az/anaconda3/envs/python38/lib/python3.8/site-packages/airflow/example_dags/example_params_ui_tutorial.py
[2023-11-09T21:08:15.451-0500] {processor.py:829} INFO - Processing file /Users/az/anaconda3/envs/python38/lib/python3.8/site-packages/airflow/example_dags/example_params_ui_tutorial.py for tasks to queue
[2023-11-09T21:08:15.451-0500] {logging_mixin.py:154} INFO - [2023-11-09T21:08:15.451-0500] {dagbag.py:536} INFO - Filling up the DagBag from /Users/az/anaconda3/envs/python38/lib/python3.8/site-packages/airflow/example_dags/example_params_ui_tutorial.py
[2023-11-09T21:08:15.520-0500] {processor.py:839} INFO - DAG(s) dict_keys(['example_params_ui_tutorial']) retrieved from /Users/az/anaconda3/envs/python38/lib/python3.8/site-packages/airflow/example_dags/example_params_ui_tutorial.py
[2023-11-09T21:08:15.626-0500] {logging_mixin.py:154} INFO - [2023-11-09T21:08:15.626-0500] {dag.py:2941} INFO - Sync 1 DAGs
[2023-11-09T21:08:15.631-0500] {logging_mixin.py:154} INFO - [2023-11-09T21:08:15.631-0500] {dag.py:3722} INFO - Setting next_dagrun for example_params_ui_tutorial to None, run_after=None
[2023-11-09T21:08:15.642-0500] {processor.py:179} INFO - Processing /Users/az/anaconda3/envs/python38/lib/python3.8/site-packages/airflow/example_dags/example_params_ui_tutorial.py took 0.196 seconds
[2023-11-09T21:10:19.458-0500] {processor.py:157} INFO - Started process (PID=59632) to work on /Users/az/anaconda3/envs/python38/lib/python3.8/site-packages/airflow/example_dags/example_params_ui_tutorial.py
[2023-11-09T21:10:19.463-0500] {processor.py:829} INFO - Processing file /Users/az/anaconda3/envs/python38/lib/python3.8/site-packages/airflow/example_dags/example_params_ui_tutorial.py for tasks to queue
[2023-11-09T21:10:19.463-0500] {logging_mixin.py:154} INFO - [2023-11-09T21:10:19.463-0500] {dagbag.py:536} INFO - Filling up the DagBag from /Users/az/anaconda3/envs/python38/lib/python3.8/site-packages/airflow/example_dags/example_params_ui_tutorial.py
[2023-11-09T21:10:19.559-0500] {processor.py:839} INFO - DAG(s) dict_keys(['example_params_ui_tutorial']) retrieved from /Users/az/anaconda3/envs/python38/lib/python3.8/site-packages/airflow/example_dags/example_params_ui_tutorial.py
[2023-11-09T21:10:19.674-0500] {logging_mixin.py:154} INFO - [2023-11-09T21:10:19.674-0500] {dag.py:2941} INFO - Sync 1 DAGs
[2023-11-09T21:10:19.680-0500] {logging_mixin.py:154} INFO - [2023-11-09T21:10:19.680-0500] {dag.py:3722} INFO - Setting next_dagrun for example_params_ui_tutorial to None, run_after=None
[2023-11-09T21:10:19.692-0500] {processor.py:179} INFO - Processing /Users/az/anaconda3/envs/python38/lib/python3.8/site-packages/airflow/example_dags/example_params_ui_tutorial.py took 0.234 seconds
[2023-11-09T21:12:19.539-0500] {processor.py:157} INFO - Started process (PID=59779) to work on /Users/az/anaconda3/envs/python38/lib/python3.8/site-packages/airflow/example_dags/example_params_ui_tutorial.py
[2023-11-09T21:12:19.544-0500] {processor.py:829} INFO - Processing file /Users/az/anaconda3/envs/python38/lib/python3.8/site-packages/airflow/example_dags/example_params_ui_tutorial.py for tasks to queue
[2023-11-09T21:12:19.544-0500] {logging_mixin.py:154} INFO - [2023-11-09T21:12:19.544-0500] {dagbag.py:536} INFO - Filling up the DagBag from /Users/az/anaconda3/envs/python38/lib/python3.8/site-packages/airflow/example_dags/example_params_ui_tutorial.py
[2023-11-09T21:12:19.614-0500] {processor.py:839} INFO - DAG(s) dict_keys(['example_params_ui_tutorial']) retrieved from /Users/az/anaconda3/envs/python38/lib/python3.8/site-packages/airflow/example_dags/example_params_ui_tutorial.py
[2023-11-09T21:12:19.710-0500] {logging_mixin.py:154} INFO - [2023-11-09T21:12:19.710-0500] {dag.py:2941} INFO - Sync 1 DAGs
[2023-11-09T21:12:19.716-0500] {logging_mixin.py:154} INFO - [2023-11-09T21:12:19.716-0500] {dag.py:3722} INFO - Setting next_dagrun for example_params_ui_tutorial to None, run_after=None
[2023-11-09T21:12:19.726-0500] {processor.py:179} INFO - Processing /Users/az/anaconda3/envs/python38/lib/python3.8/site-packages/airflow/example_dags/example_params_ui_tutorial.py took 0.188 seconds
[2023-11-09T21:14:18.949-0500] {processor.py:157} INFO - Started process (PID=59930) to work on /Users/az/anaconda3/envs/python38/lib/python3.8/site-packages/airflow/example_dags/example_params_ui_tutorial.py
[2023-11-09T21:14:18.954-0500] {processor.py:829} INFO - Processing file /Users/az/anaconda3/envs/python38/lib/python3.8/site-packages/airflow/example_dags/example_params_ui_tutorial.py for tasks to queue
[2023-11-09T21:14:18.954-0500] {logging_mixin.py:154} INFO - [2023-11-09T21:14:18.954-0500] {dagbag.py:536} INFO - Filling up the DagBag from /Users/az/anaconda3/envs/python38/lib/python3.8/site-packages/airflow/example_dags/example_params_ui_tutorial.py
[2023-11-09T21:14:19.030-0500] {processor.py:839} INFO - DAG(s) dict_keys(['example_params_ui_tutorial']) retrieved from /Users/az/anaconda3/envs/python38/lib/python3.8/site-packages/airflow/example_dags/example_params_ui_tutorial.py
[2023-11-09T21:14:19.132-0500] {logging_mixin.py:154} INFO - [2023-11-09T21:14:19.132-0500] {dag.py:2941} INFO - Sync 1 DAGs
[2023-11-09T21:14:19.138-0500] {logging_mixin.py:154} INFO - [2023-11-09T21:14:19.138-0500] {dag.py:3722} INFO - Setting next_dagrun for example_params_ui_tutorial to None, run_after=None
[2023-11-09T21:14:19.149-0500] {processor.py:179} INFO - Processing /Users/az/anaconda3/envs/python38/lib/python3.8/site-packages/airflow/example_dags/example_params_ui_tutorial.py took 0.201 seconds
