[2023-11-09T19:00:13.312-0500] {processor.py:157} INFO - Started process (PID=48777) to work on /Users/az/anaconda3/envs/python38/lib/python3.8/site-packages/airflow/example_dags/example_complex.py
[2023-11-09T19:00:13.316-0500] {processor.py:829} INFO - Processing file /Users/az/anaconda3/envs/python38/lib/python3.8/site-packages/airflow/example_dags/example_complex.py for tasks to queue
[2023-11-09T19:00:13.316-0500] {logging_mixin.py:154} INFO - [2023-11-09T19:00:13.316-0500] {dagbag.py:536} INFO - Filling up the DagBag from /Users/az/anaconda3/envs/python38/lib/python3.8/site-packages/airflow/example_dags/example_complex.py
[2023-11-09T19:00:13.338-0500] {processor.py:839} INFO - DAG(s) dict_keys(['example_complex']) retrieved from /Users/az/anaconda3/envs/python38/lib/python3.8/site-packages/airflow/example_dags/example_complex.py
[2023-11-09T19:00:13.454-0500] {logging_mixin.py:154} INFO - [2023-11-09T19:00:13.454-0500] {dag.py:2941} INFO - Sync 1 DAGs
[2023-11-09T19:00:13.459-0500] {logging_mixin.py:154} INFO - [2023-11-09T19:00:13.459-0500] {dag.py:3722} INFO - Setting next_dagrun for example_complex to None, run_after=None
[2023-11-09T19:00:13.469-0500] {processor.py:179} INFO - Processing /Users/az/anaconda3/envs/python38/lib/python3.8/site-packages/airflow/example_dags/example_complex.py took 0.158 seconds
[2023-11-09T19:02:17.511-0500] {processor.py:157} INFO - Started process (PID=48932) to work on /Users/az/anaconda3/envs/python38/lib/python3.8/site-packages/airflow/example_dags/example_complex.py
[2023-11-09T19:02:17.516-0500] {processor.py:829} INFO - Processing file /Users/az/anaconda3/envs/python38/lib/python3.8/site-packages/airflow/example_dags/example_complex.py for tasks to queue
[2023-11-09T19:02:17.516-0500] {logging_mixin.py:154} INFO - [2023-11-09T19:02:17.516-0500] {dagbag.py:536} INFO - Filling up the DagBag from /Users/az/anaconda3/envs/python38/lib/python3.8/site-packages/airflow/example_dags/example_complex.py
[2023-11-09T19:02:17.535-0500] {processor.py:839} INFO - DAG(s) dict_keys(['example_complex']) retrieved from /Users/az/anaconda3/envs/python38/lib/python3.8/site-packages/airflow/example_dags/example_complex.py
[2023-11-09T19:02:17.649-0500] {logging_mixin.py:154} INFO - [2023-11-09T19:02:17.649-0500] {dag.py:2941} INFO - Sync 1 DAGs
[2023-11-09T19:02:17.654-0500] {logging_mixin.py:154} INFO - [2023-11-09T19:02:17.654-0500] {dag.py:3722} INFO - Setting next_dagrun for example_complex to None, run_after=None
[2023-11-09T19:02:17.664-0500] {processor.py:179} INFO - Processing /Users/az/anaconda3/envs/python38/lib/python3.8/site-packages/airflow/example_dags/example_complex.py took 0.153 seconds
[2023-11-09T19:04:25.958-0500] {processor.py:157} INFO - Started process (PID=49092) to work on /Users/az/anaconda3/envs/python38/lib/python3.8/site-packages/airflow/example_dags/example_complex.py
[2023-11-09T19:04:25.963-0500] {processor.py:829} INFO - Processing file /Users/az/anaconda3/envs/python38/lib/python3.8/site-packages/airflow/example_dags/example_complex.py for tasks to queue
[2023-11-09T19:04:25.963-0500] {logging_mixin.py:154} INFO - [2023-11-09T19:04:25.963-0500] {dagbag.py:536} INFO - Filling up the DagBag from /Users/az/anaconda3/envs/python38/lib/python3.8/site-packages/airflow/example_dags/example_complex.py
[2023-11-09T19:04:25.981-0500] {processor.py:839} INFO - DAG(s) dict_keys(['example_complex']) retrieved from /Users/az/anaconda3/envs/python38/lib/python3.8/site-packages/airflow/example_dags/example_complex.py
[2023-11-09T19:04:26.098-0500] {logging_mixin.py:154} INFO - [2023-11-09T19:04:26.098-0500] {dag.py:2941} INFO - Sync 1 DAGs
[2023-11-09T19:04:26.103-0500] {logging_mixin.py:154} INFO - [2023-11-09T19:04:26.103-0500] {dag.py:3722} INFO - Setting next_dagrun for example_complex to None, run_after=None
[2023-11-09T19:04:26.113-0500] {processor.py:179} INFO - Processing /Users/az/anaconda3/envs/python38/lib/python3.8/site-packages/airflow/example_dags/example_complex.py took 0.156 seconds
[2023-11-09T19:06:24.763-0500] {processor.py:157} INFO - Started process (PID=49243) to work on /Users/az/anaconda3/envs/python38/lib/python3.8/site-packages/airflow/example_dags/example_complex.py
[2023-11-09T19:06:24.767-0500] {processor.py:829} INFO - Processing file /Users/az/anaconda3/envs/python38/lib/python3.8/site-packages/airflow/example_dags/example_complex.py for tasks to queue
[2023-11-09T19:06:24.767-0500] {logging_mixin.py:154} INFO - [2023-11-09T19:06:24.767-0500] {dagbag.py:536} INFO - Filling up the DagBag from /Users/az/anaconda3/envs/python38/lib/python3.8/site-packages/airflow/example_dags/example_complex.py
[2023-11-09T19:06:24.787-0500] {processor.py:839} INFO - DAG(s) dict_keys(['example_complex']) retrieved from /Users/az/anaconda3/envs/python38/lib/python3.8/site-packages/airflow/example_dags/example_complex.py
[2023-11-09T19:06:24.908-0500] {logging_mixin.py:154} INFO - [2023-11-09T19:06:24.908-0500] {dag.py:2941} INFO - Sync 1 DAGs
[2023-11-09T19:06:24.913-0500] {logging_mixin.py:154} INFO - [2023-11-09T19:06:24.913-0500] {dag.py:3722} INFO - Setting next_dagrun for example_complex to None, run_after=None
[2023-11-09T19:06:24.923-0500] {processor.py:179} INFO - Processing /Users/az/anaconda3/envs/python38/lib/python3.8/site-packages/airflow/example_dags/example_complex.py took 0.160 seconds
[2023-11-09T19:08:26.066-0500] {processor.py:157} INFO - Started process (PID=49390) to work on /Users/az/anaconda3/envs/python38/lib/python3.8/site-packages/airflow/example_dags/example_complex.py
[2023-11-09T19:08:26.071-0500] {processor.py:829} INFO - Processing file /Users/az/anaconda3/envs/python38/lib/python3.8/site-packages/airflow/example_dags/example_complex.py for tasks to queue
[2023-11-09T19:08:26.071-0500] {logging_mixin.py:154} INFO - [2023-11-09T19:08:26.071-0500] {dagbag.py:536} INFO - Filling up the DagBag from /Users/az/anaconda3/envs/python38/lib/python3.8/site-packages/airflow/example_dags/example_complex.py
[2023-11-09T19:08:26.091-0500] {processor.py:839} INFO - DAG(s) dict_keys(['example_complex']) retrieved from /Users/az/anaconda3/envs/python38/lib/python3.8/site-packages/airflow/example_dags/example_complex.py
[2023-11-09T19:08:26.216-0500] {logging_mixin.py:154} INFO - [2023-11-09T19:08:26.216-0500] {dag.py:2941} INFO - Sync 1 DAGs
[2023-11-09T19:08:26.221-0500] {logging_mixin.py:154} INFO - [2023-11-09T19:08:26.221-0500] {dag.py:3722} INFO - Setting next_dagrun for example_complex to None, run_after=None
[2023-11-09T19:08:26.231-0500] {processor.py:179} INFO - Processing /Users/az/anaconda3/envs/python38/lib/python3.8/site-packages/airflow/example_dags/example_complex.py took 0.165 seconds
[2023-11-09T19:10:26.075-0500] {processor.py:157} INFO - Started process (PID=49533) to work on /Users/az/anaconda3/envs/python38/lib/python3.8/site-packages/airflow/example_dags/example_complex.py
[2023-11-09T19:10:26.080-0500] {processor.py:829} INFO - Processing file /Users/az/anaconda3/envs/python38/lib/python3.8/site-packages/airflow/example_dags/example_complex.py for tasks to queue
[2023-11-09T19:10:26.081-0500] {logging_mixin.py:154} INFO - [2023-11-09T19:10:26.080-0500] {dagbag.py:536} INFO - Filling up the DagBag from /Users/az/anaconda3/envs/python38/lib/python3.8/site-packages/airflow/example_dags/example_complex.py
[2023-11-09T19:10:26.101-0500] {processor.py:839} INFO - DAG(s) dict_keys(['example_complex']) retrieved from /Users/az/anaconda3/envs/python38/lib/python3.8/site-packages/airflow/example_dags/example_complex.py
[2023-11-09T19:10:26.243-0500] {logging_mixin.py:154} INFO - [2023-11-09T19:10:26.242-0500] {dag.py:2941} INFO - Sync 1 DAGs
[2023-11-09T19:10:26.248-0500] {logging_mixin.py:154} INFO - [2023-11-09T19:10:26.248-0500] {dag.py:3722} INFO - Setting next_dagrun for example_complex to None, run_after=None
[2023-11-09T19:10:26.258-0500] {processor.py:179} INFO - Processing /Users/az/anaconda3/envs/python38/lib/python3.8/site-packages/airflow/example_dags/example_complex.py took 0.183 seconds
[2023-11-09T19:12:27.487-0500] {processor.py:157} INFO - Started process (PID=49690) to work on /Users/az/anaconda3/envs/python38/lib/python3.8/site-packages/airflow/example_dags/example_complex.py
[2023-11-09T19:12:27.492-0500] {processor.py:829} INFO - Processing file /Users/az/anaconda3/envs/python38/lib/python3.8/site-packages/airflow/example_dags/example_complex.py for tasks to queue
[2023-11-09T19:12:27.492-0500] {logging_mixin.py:154} INFO - [2023-11-09T19:12:27.492-0500] {dagbag.py:536} INFO - Filling up the DagBag from /Users/az/anaconda3/envs/python38/lib/python3.8/site-packages/airflow/example_dags/example_complex.py
[2023-11-09T19:12:27.513-0500] {processor.py:839} INFO - DAG(s) dict_keys(['example_complex']) retrieved from /Users/az/anaconda3/envs/python38/lib/python3.8/site-packages/airflow/example_dags/example_complex.py
[2023-11-09T19:12:27.635-0500] {logging_mixin.py:154} INFO - [2023-11-09T19:12:27.635-0500] {dag.py:2941} INFO - Sync 1 DAGs
[2023-11-09T19:12:27.640-0500] {logging_mixin.py:154} INFO - [2023-11-09T19:12:27.640-0500] {dag.py:3722} INFO - Setting next_dagrun for example_complex to None, run_after=None
[2023-11-09T19:12:27.650-0500] {processor.py:179} INFO - Processing /Users/az/anaconda3/envs/python38/lib/python3.8/site-packages/airflow/example_dags/example_complex.py took 0.163 seconds
[2023-11-09T19:14:23.155-0500] {processor.py:157} INFO - Started process (PID=49843) to work on /Users/az/anaconda3/envs/python38/lib/python3.8/site-packages/airflow/example_dags/example_complex.py
[2023-11-09T19:14:23.161-0500] {processor.py:829} INFO - Processing file /Users/az/anaconda3/envs/python38/lib/python3.8/site-packages/airflow/example_dags/example_complex.py for tasks to queue
[2023-11-09T19:14:23.161-0500] {logging_mixin.py:154} INFO - [2023-11-09T19:14:23.161-0500] {dagbag.py:536} INFO - Filling up the DagBag from /Users/az/anaconda3/envs/python38/lib/python3.8/site-packages/airflow/example_dags/example_complex.py
[2023-11-09T19:14:23.182-0500] {processor.py:839} INFO - DAG(s) dict_keys(['example_complex']) retrieved from /Users/az/anaconda3/envs/python38/lib/python3.8/site-packages/airflow/example_dags/example_complex.py
[2023-11-09T19:14:23.309-0500] {logging_mixin.py:154} INFO - [2023-11-09T19:14:23.308-0500] {dag.py:2941} INFO - Sync 1 DAGs
[2023-11-09T19:14:23.314-0500] {logging_mixin.py:154} INFO - [2023-11-09T19:14:23.314-0500] {dag.py:3722} INFO - Setting next_dagrun for example_complex to None, run_after=None
[2023-11-09T19:14:23.324-0500] {processor.py:179} INFO - Processing /Users/az/anaconda3/envs/python38/lib/python3.8/site-packages/airflow/example_dags/example_complex.py took 0.169 seconds
[2023-11-09T19:16:23.813-0500] {processor.py:157} INFO - Started process (PID=49988) to work on /Users/az/anaconda3/envs/python38/lib/python3.8/site-packages/airflow/example_dags/example_complex.py
[2023-11-09T19:16:23.818-0500] {processor.py:829} INFO - Processing file /Users/az/anaconda3/envs/python38/lib/python3.8/site-packages/airflow/example_dags/example_complex.py for tasks to queue
[2023-11-09T19:16:23.818-0500] {logging_mixin.py:154} INFO - [2023-11-09T19:16:23.818-0500] {dagbag.py:536} INFO - Filling up the DagBag from /Users/az/anaconda3/envs/python38/lib/python3.8/site-packages/airflow/example_dags/example_complex.py
[2023-11-09T19:16:23.837-0500] {processor.py:839} INFO - DAG(s) dict_keys(['example_complex']) retrieved from /Users/az/anaconda3/envs/python38/lib/python3.8/site-packages/airflow/example_dags/example_complex.py
[2023-11-09T19:16:23.956-0500] {logging_mixin.py:154} INFO - [2023-11-09T19:16:23.956-0500] {dag.py:2941} INFO - Sync 1 DAGs
[2023-11-09T19:16:23.961-0500] {logging_mixin.py:154} INFO - [2023-11-09T19:16:23.961-0500] {dag.py:3722} INFO - Setting next_dagrun for example_complex to None, run_after=None
[2023-11-09T19:16:23.971-0500] {processor.py:179} INFO - Processing /Users/az/anaconda3/envs/python38/lib/python3.8/site-packages/airflow/example_dags/example_complex.py took 0.159 seconds
[2023-11-09T19:18:36.098-0500] {processor.py:157} INFO - Started process (PID=50149) to work on /Users/az/anaconda3/envs/python38/lib/python3.8/site-packages/airflow/example_dags/example_complex.py
[2023-11-09T19:18:36.102-0500] {processor.py:829} INFO - Processing file /Users/az/anaconda3/envs/python38/lib/python3.8/site-packages/airflow/example_dags/example_complex.py for tasks to queue
[2023-11-09T19:18:36.103-0500] {logging_mixin.py:154} INFO - [2023-11-09T19:18:36.103-0500] {dagbag.py:536} INFO - Filling up the DagBag from /Users/az/anaconda3/envs/python38/lib/python3.8/site-packages/airflow/example_dags/example_complex.py
[2023-11-09T19:18:36.123-0500] {processor.py:839} INFO - DAG(s) dict_keys(['example_complex']) retrieved from /Users/az/anaconda3/envs/python38/lib/python3.8/site-packages/airflow/example_dags/example_complex.py
[2023-11-09T19:18:36.244-0500] {logging_mixin.py:154} INFO - [2023-11-09T19:18:36.244-0500] {dag.py:2941} INFO - Sync 1 DAGs
[2023-11-09T19:18:36.250-0500] {logging_mixin.py:154} INFO - [2023-11-09T19:18:36.250-0500] {dag.py:3722} INFO - Setting next_dagrun for example_complex to None, run_after=None
[2023-11-09T19:18:36.259-0500] {processor.py:179} INFO - Processing /Users/az/anaconda3/envs/python38/lib/python3.8/site-packages/airflow/example_dags/example_complex.py took 0.161 seconds
[2023-11-09T19:20:38.035-0500] {processor.py:157} INFO - Started process (PID=50302) to work on /Users/az/anaconda3/envs/python38/lib/python3.8/site-packages/airflow/example_dags/example_complex.py
[2023-11-09T19:20:38.040-0500] {processor.py:829} INFO - Processing file /Users/az/anaconda3/envs/python38/lib/python3.8/site-packages/airflow/example_dags/example_complex.py for tasks to queue
[2023-11-09T19:20:38.040-0500] {logging_mixin.py:154} INFO - [2023-11-09T19:20:38.040-0500] {dagbag.py:536} INFO - Filling up the DagBag from /Users/az/anaconda3/envs/python38/lib/python3.8/site-packages/airflow/example_dags/example_complex.py
[2023-11-09T19:20:38.058-0500] {processor.py:839} INFO - DAG(s) dict_keys(['example_complex']) retrieved from /Users/az/anaconda3/envs/python38/lib/python3.8/site-packages/airflow/example_dags/example_complex.py
[2023-11-09T19:20:38.171-0500] {logging_mixin.py:154} INFO - [2023-11-09T19:20:38.171-0500] {dag.py:2941} INFO - Sync 1 DAGs
[2023-11-09T19:20:38.176-0500] {logging_mixin.py:154} INFO - [2023-11-09T19:20:38.176-0500] {dag.py:3722} INFO - Setting next_dagrun for example_complex to None, run_after=None
[2023-11-09T19:20:38.185-0500] {processor.py:179} INFO - Processing /Users/az/anaconda3/envs/python38/lib/python3.8/site-packages/airflow/example_dags/example_complex.py took 0.151 seconds
[2023-11-09T19:22:46.612-0500] {processor.py:157} INFO - Started process (PID=50460) to work on /Users/az/anaconda3/envs/python38/lib/python3.8/site-packages/airflow/example_dags/example_complex.py
[2023-11-09T19:22:46.616-0500] {processor.py:829} INFO - Processing file /Users/az/anaconda3/envs/python38/lib/python3.8/site-packages/airflow/example_dags/example_complex.py for tasks to queue
[2023-11-09T19:22:46.617-0500] {logging_mixin.py:154} INFO - [2023-11-09T19:22:46.616-0500] {dagbag.py:536} INFO - Filling up the DagBag from /Users/az/anaconda3/envs/python38/lib/python3.8/site-packages/airflow/example_dags/example_complex.py
[2023-11-09T19:22:46.638-0500] {processor.py:839} INFO - DAG(s) dict_keys(['example_complex']) retrieved from /Users/az/anaconda3/envs/python38/lib/python3.8/site-packages/airflow/example_dags/example_complex.py
[2023-11-09T19:22:46.808-0500] {logging_mixin.py:154} INFO - [2023-11-09T19:22:46.807-0500] {dag.py:2941} INFO - Sync 1 DAGs
[2023-11-09T19:22:46.813-0500] {logging_mixin.py:154} INFO - [2023-11-09T19:22:46.813-0500] {dag.py:3722} INFO - Setting next_dagrun for example_complex to None, run_after=None
[2023-11-09T19:22:46.825-0500] {processor.py:179} INFO - Processing /Users/az/anaconda3/envs/python38/lib/python3.8/site-packages/airflow/example_dags/example_complex.py took 0.213 seconds
[2023-11-09T19:24:57.329-0500] {processor.py:157} INFO - Started process (PID=50630) to work on /Users/az/anaconda3/envs/python38/lib/python3.8/site-packages/airflow/example_dags/example_complex.py
[2023-11-09T19:24:57.333-0500] {processor.py:829} INFO - Processing file /Users/az/anaconda3/envs/python38/lib/python3.8/site-packages/airflow/example_dags/example_complex.py for tasks to queue
[2023-11-09T19:24:57.334-0500] {logging_mixin.py:154} INFO - [2023-11-09T19:24:57.334-0500] {dagbag.py:536} INFO - Filling up the DagBag from /Users/az/anaconda3/envs/python38/lib/python3.8/site-packages/airflow/example_dags/example_complex.py
[2023-11-09T19:24:57.353-0500] {processor.py:839} INFO - DAG(s) dict_keys(['example_complex']) retrieved from /Users/az/anaconda3/envs/python38/lib/python3.8/site-packages/airflow/example_dags/example_complex.py
[2023-11-09T19:24:57.468-0500] {logging_mixin.py:154} INFO - [2023-11-09T19:24:57.468-0500] {dag.py:2941} INFO - Sync 1 DAGs
[2023-11-09T19:24:57.473-0500] {logging_mixin.py:154} INFO - [2023-11-09T19:24:57.473-0500] {dag.py:3722} INFO - Setting next_dagrun for example_complex to None, run_after=None
[2023-11-09T19:24:57.484-0500] {processor.py:179} INFO - Processing /Users/az/anaconda3/envs/python38/lib/python3.8/site-packages/airflow/example_dags/example_complex.py took 0.156 seconds
[2023-11-09T19:27:05.156-0500] {processor.py:157} INFO - Started process (PID=50794) to work on /Users/az/anaconda3/envs/python38/lib/python3.8/site-packages/airflow/example_dags/example_complex.py
[2023-11-09T19:27:05.160-0500] {processor.py:829} INFO - Processing file /Users/az/anaconda3/envs/python38/lib/python3.8/site-packages/airflow/example_dags/example_complex.py for tasks to queue
[2023-11-09T19:27:05.160-0500] {logging_mixin.py:154} INFO - [2023-11-09T19:27:05.160-0500] {dagbag.py:536} INFO - Filling up the DagBag from /Users/az/anaconda3/envs/python38/lib/python3.8/site-packages/airflow/example_dags/example_complex.py
[2023-11-09T19:27:05.180-0500] {processor.py:839} INFO - DAG(s) dict_keys(['example_complex']) retrieved from /Users/az/anaconda3/envs/python38/lib/python3.8/site-packages/airflow/example_dags/example_complex.py
[2023-11-09T19:27:05.305-0500] {logging_mixin.py:154} INFO - [2023-11-09T19:27:05.305-0500] {dag.py:2941} INFO - Sync 1 DAGs
[2023-11-09T19:27:05.331-0500] {logging_mixin.py:154} INFO - [2023-11-09T19:27:05.326-0500] {dag.py:3722} INFO - Setting next_dagrun for example_complex to None, run_after=None
[2023-11-09T19:27:05.348-0500] {processor.py:179} INFO - Processing /Users/az/anaconda3/envs/python38/lib/python3.8/site-packages/airflow/example_dags/example_complex.py took 0.193 seconds
[2023-11-09T19:29:16.740-0500] {processor.py:157} INFO - Started process (PID=50960) to work on /Users/az/anaconda3/envs/python38/lib/python3.8/site-packages/airflow/example_dags/example_complex.py
[2023-11-09T19:29:16.744-0500] {processor.py:829} INFO - Processing file /Users/az/anaconda3/envs/python38/lib/python3.8/site-packages/airflow/example_dags/example_complex.py for tasks to queue
[2023-11-09T19:29:16.744-0500] {logging_mixin.py:154} INFO - [2023-11-09T19:29:16.744-0500] {dagbag.py:536} INFO - Filling up the DagBag from /Users/az/anaconda3/envs/python38/lib/python3.8/site-packages/airflow/example_dags/example_complex.py
[2023-11-09T19:29:16.763-0500] {processor.py:839} INFO - DAG(s) dict_keys(['example_complex']) retrieved from /Users/az/anaconda3/envs/python38/lib/python3.8/site-packages/airflow/example_dags/example_complex.py
[2023-11-09T19:29:16.879-0500] {logging_mixin.py:154} INFO - [2023-11-09T19:29:16.879-0500] {dag.py:2941} INFO - Sync 1 DAGs
[2023-11-09T19:29:16.884-0500] {logging_mixin.py:154} INFO - [2023-11-09T19:29:16.884-0500] {dag.py:3722} INFO - Setting next_dagrun for example_complex to None, run_after=None
[2023-11-09T19:29:16.895-0500] {processor.py:179} INFO - Processing /Users/az/anaconda3/envs/python38/lib/python3.8/site-packages/airflow/example_dags/example_complex.py took 0.155 seconds
[2023-11-09T19:31:21.346-0500] {processor.py:157} INFO - Started process (PID=51116) to work on /Users/az/anaconda3/envs/python38/lib/python3.8/site-packages/airflow/example_dags/example_complex.py
[2023-11-09T19:31:21.350-0500] {processor.py:829} INFO - Processing file /Users/az/anaconda3/envs/python38/lib/python3.8/site-packages/airflow/example_dags/example_complex.py for tasks to queue
[2023-11-09T19:31:21.350-0500] {logging_mixin.py:154} INFO - [2023-11-09T19:31:21.350-0500] {dagbag.py:536} INFO - Filling up the DagBag from /Users/az/anaconda3/envs/python38/lib/python3.8/site-packages/airflow/example_dags/example_complex.py
[2023-11-09T19:31:21.371-0500] {processor.py:839} INFO - DAG(s) dict_keys(['example_complex']) retrieved from /Users/az/anaconda3/envs/python38/lib/python3.8/site-packages/airflow/example_dags/example_complex.py
[2023-11-09T19:31:21.515-0500] {logging_mixin.py:154} INFO - [2023-11-09T19:31:21.515-0500] {dag.py:2941} INFO - Sync 1 DAGs
[2023-11-09T19:31:21.529-0500] {logging_mixin.py:154} INFO - [2023-11-09T19:31:21.529-0500] {dag.py:3722} INFO - Setting next_dagrun for example_complex to None, run_after=None
[2023-11-09T19:31:21.550-0500] {processor.py:179} INFO - Processing /Users/az/anaconda3/envs/python38/lib/python3.8/site-packages/airflow/example_dags/example_complex.py took 0.205 seconds
[2023-11-09T19:33:33.567-0500] {processor.py:157} INFO - Started process (PID=51269) to work on /Users/az/anaconda3/envs/python38/lib/python3.8/site-packages/airflow/example_dags/example_complex.py
[2023-11-09T19:33:33.571-0500] {processor.py:829} INFO - Processing file /Users/az/anaconda3/envs/python38/lib/python3.8/site-packages/airflow/example_dags/example_complex.py for tasks to queue
[2023-11-09T19:33:33.571-0500] {logging_mixin.py:154} INFO - [2023-11-09T19:33:33.571-0500] {dagbag.py:536} INFO - Filling up the DagBag from /Users/az/anaconda3/envs/python38/lib/python3.8/site-packages/airflow/example_dags/example_complex.py
[2023-11-09T19:33:33.589-0500] {processor.py:839} INFO - DAG(s) dict_keys(['example_complex']) retrieved from /Users/az/anaconda3/envs/python38/lib/python3.8/site-packages/airflow/example_dags/example_complex.py
[2023-11-09T19:33:33.707-0500] {logging_mixin.py:154} INFO - [2023-11-09T19:33:33.707-0500] {dag.py:2941} INFO - Sync 1 DAGs
[2023-11-09T19:33:33.712-0500] {logging_mixin.py:154} INFO - [2023-11-09T19:33:33.712-0500] {dag.py:3722} INFO - Setting next_dagrun for example_complex to None, run_after=None
[2023-11-09T19:33:33.722-0500] {processor.py:179} INFO - Processing /Users/az/anaconda3/envs/python38/lib/python3.8/site-packages/airflow/example_dags/example_complex.py took 0.156 seconds
[2023-11-09T19:35:52.773-0500] {processor.py:157} INFO - Started process (PID=53289) to work on /Users/az/anaconda3/envs/python38/lib/python3.8/site-packages/airflow/example_dags/example_complex.py
[2023-11-09T19:35:52.777-0500] {processor.py:829} INFO - Processing file /Users/az/anaconda3/envs/python38/lib/python3.8/site-packages/airflow/example_dags/example_complex.py for tasks to queue
[2023-11-09T19:35:52.778-0500] {logging_mixin.py:154} INFO - [2023-11-09T19:35:52.778-0500] {dagbag.py:536} INFO - Filling up the DagBag from /Users/az/anaconda3/envs/python38/lib/python3.8/site-packages/airflow/example_dags/example_complex.py
[2023-11-09T19:35:52.796-0500] {processor.py:839} INFO - DAG(s) dict_keys(['example_complex']) retrieved from /Users/az/anaconda3/envs/python38/lib/python3.8/site-packages/airflow/example_dags/example_complex.py
[2023-11-09T19:35:52.911-0500] {logging_mixin.py:154} INFO - [2023-11-09T19:35:52.910-0500] {dag.py:2941} INFO - Sync 1 DAGs
[2023-11-09T19:35:52.916-0500] {logging_mixin.py:154} INFO - [2023-11-09T19:35:52.916-0500] {dag.py:3722} INFO - Setting next_dagrun for example_complex to None, run_after=None
[2023-11-09T19:35:52.926-0500] {processor.py:179} INFO - Processing /Users/az/anaconda3/envs/python38/lib/python3.8/site-packages/airflow/example_dags/example_complex.py took 0.154 seconds
[2023-11-09T19:37:50.642-0500] {processor.py:157} INFO - Started process (PID=53437) to work on /Users/az/anaconda3/envs/python38/lib/python3.8/site-packages/airflow/example_dags/example_complex.py
[2023-11-09T19:37:50.646-0500] {processor.py:829} INFO - Processing file /Users/az/anaconda3/envs/python38/lib/python3.8/site-packages/airflow/example_dags/example_complex.py for tasks to queue
[2023-11-09T19:37:50.646-0500] {logging_mixin.py:154} INFO - [2023-11-09T19:37:50.646-0500] {dagbag.py:536} INFO - Filling up the DagBag from /Users/az/anaconda3/envs/python38/lib/python3.8/site-packages/airflow/example_dags/example_complex.py
[2023-11-09T19:37:50.665-0500] {processor.py:839} INFO - DAG(s) dict_keys(['example_complex']) retrieved from /Users/az/anaconda3/envs/python38/lib/python3.8/site-packages/airflow/example_dags/example_complex.py
[2023-11-09T19:37:50.779-0500] {logging_mixin.py:154} INFO - [2023-11-09T19:37:50.779-0500] {dag.py:2941} INFO - Sync 1 DAGs
[2023-11-09T19:37:50.785-0500] {logging_mixin.py:154} INFO - [2023-11-09T19:37:50.784-0500] {dag.py:3722} INFO - Setting next_dagrun for example_complex to None, run_after=None
[2023-11-09T19:37:50.795-0500] {processor.py:179} INFO - Processing /Users/az/anaconda3/envs/python38/lib/python3.8/site-packages/airflow/example_dags/example_complex.py took 0.153 seconds
[2023-11-09T19:39:49.918-0500] {processor.py:157} INFO - Started process (PID=53589) to work on /Users/az/anaconda3/envs/python38/lib/python3.8/site-packages/airflow/example_dags/example_complex.py
[2023-11-09T19:39:49.922-0500] {processor.py:829} INFO - Processing file /Users/az/anaconda3/envs/python38/lib/python3.8/site-packages/airflow/example_dags/example_complex.py for tasks to queue
[2023-11-09T19:39:49.922-0500] {logging_mixin.py:154} INFO - [2023-11-09T19:39:49.922-0500] {dagbag.py:536} INFO - Filling up the DagBag from /Users/az/anaconda3/envs/python38/lib/python3.8/site-packages/airflow/example_dags/example_complex.py
[2023-11-09T19:39:49.940-0500] {processor.py:839} INFO - DAG(s) dict_keys(['example_complex']) retrieved from /Users/az/anaconda3/envs/python38/lib/python3.8/site-packages/airflow/example_dags/example_complex.py
[2023-11-09T19:39:50.055-0500] {logging_mixin.py:154} INFO - [2023-11-09T19:39:50.055-0500] {dag.py:2941} INFO - Sync 1 DAGs
[2023-11-09T19:39:50.060-0500] {logging_mixin.py:154} INFO - [2023-11-09T19:39:50.060-0500] {dag.py:3722} INFO - Setting next_dagrun for example_complex to None, run_after=None
[2023-11-09T19:39:50.070-0500] {processor.py:179} INFO - Processing /Users/az/anaconda3/envs/python38/lib/python3.8/site-packages/airflow/example_dags/example_complex.py took 0.153 seconds
[2023-11-09T19:41:56.835-0500] {processor.py:157} INFO - Started process (PID=53797) to work on /Users/az/anaconda3/envs/python38/lib/python3.8/site-packages/airflow/example_dags/example_complex.py
[2023-11-09T19:41:56.839-0500] {processor.py:829} INFO - Processing file /Users/az/anaconda3/envs/python38/lib/python3.8/site-packages/airflow/example_dags/example_complex.py for tasks to queue
[2023-11-09T19:41:56.840-0500] {logging_mixin.py:154} INFO - [2023-11-09T19:41:56.840-0500] {dagbag.py:536} INFO - Filling up the DagBag from /Users/az/anaconda3/envs/python38/lib/python3.8/site-packages/airflow/example_dags/example_complex.py
[2023-11-09T19:41:56.858-0500] {processor.py:839} INFO - DAG(s) dict_keys(['example_complex']) retrieved from /Users/az/anaconda3/envs/python38/lib/python3.8/site-packages/airflow/example_dags/example_complex.py
[2023-11-09T19:41:56.978-0500] {logging_mixin.py:154} INFO - [2023-11-09T19:41:56.977-0500] {dag.py:2941} INFO - Sync 1 DAGs
[2023-11-09T19:41:56.983-0500] {logging_mixin.py:154} INFO - [2023-11-09T19:41:56.983-0500] {dag.py:3722} INFO - Setting next_dagrun for example_complex to None, run_after=None
[2023-11-09T19:41:56.994-0500] {processor.py:179} INFO - Processing /Users/az/anaconda3/envs/python38/lib/python3.8/site-packages/airflow/example_dags/example_complex.py took 0.160 seconds
[2023-11-09T19:44:01.935-0500] {processor.py:157} INFO - Started process (PID=54207) to work on /Users/az/anaconda3/envs/python38/lib/python3.8/site-packages/airflow/example_dags/example_complex.py
[2023-11-09T19:44:01.939-0500] {processor.py:829} INFO - Processing file /Users/az/anaconda3/envs/python38/lib/python3.8/site-packages/airflow/example_dags/example_complex.py for tasks to queue
[2023-11-09T19:44:01.940-0500] {logging_mixin.py:154} INFO - [2023-11-09T19:44:01.939-0500] {dagbag.py:536} INFO - Filling up the DagBag from /Users/az/anaconda3/envs/python38/lib/python3.8/site-packages/airflow/example_dags/example_complex.py
[2023-11-09T19:44:01.958-0500] {processor.py:839} INFO - DAG(s) dict_keys(['example_complex']) retrieved from /Users/az/anaconda3/envs/python38/lib/python3.8/site-packages/airflow/example_dags/example_complex.py
[2023-11-09T19:44:02.073-0500] {logging_mixin.py:154} INFO - [2023-11-09T19:44:02.072-0500] {dag.py:2941} INFO - Sync 1 DAGs
[2023-11-09T19:44:02.078-0500] {logging_mixin.py:154} INFO - [2023-11-09T19:44:02.078-0500] {dag.py:3722} INFO - Setting next_dagrun for example_complex to None, run_after=None
[2023-11-09T19:44:02.088-0500] {processor.py:179} INFO - Processing /Users/az/anaconda3/envs/python38/lib/python3.8/site-packages/airflow/example_dags/example_complex.py took 0.154 seconds
[2023-11-09T19:46:00.701-0500] {processor.py:157} INFO - Started process (PID=54355) to work on /Users/az/anaconda3/envs/python38/lib/python3.8/site-packages/airflow/example_dags/example_complex.py
[2023-11-09T19:46:00.705-0500] {processor.py:829} INFO - Processing file /Users/az/anaconda3/envs/python38/lib/python3.8/site-packages/airflow/example_dags/example_complex.py for tasks to queue
[2023-11-09T19:46:00.706-0500] {logging_mixin.py:154} INFO - [2023-11-09T19:46:00.706-0500] {dagbag.py:536} INFO - Filling up the DagBag from /Users/az/anaconda3/envs/python38/lib/python3.8/site-packages/airflow/example_dags/example_complex.py
[2023-11-09T19:46:00.724-0500] {processor.py:839} INFO - DAG(s) dict_keys(['example_complex']) retrieved from /Users/az/anaconda3/envs/python38/lib/python3.8/site-packages/airflow/example_dags/example_complex.py
[2023-11-09T19:46:00.838-0500] {logging_mixin.py:154} INFO - [2023-11-09T19:46:00.838-0500] {dag.py:2941} INFO - Sync 1 DAGs
[2023-11-09T19:46:00.843-0500] {logging_mixin.py:154} INFO - [2023-11-09T19:46:00.843-0500] {dag.py:3722} INFO - Setting next_dagrun for example_complex to None, run_after=None
[2023-11-09T19:46:00.853-0500] {processor.py:179} INFO - Processing /Users/az/anaconda3/envs/python38/lib/python3.8/site-packages/airflow/example_dags/example_complex.py took 0.153 seconds
[2023-11-09T19:47:58.127-0500] {processor.py:157} INFO - Started process (PID=54509) to work on /Users/az/anaconda3/envs/python38/lib/python3.8/site-packages/airflow/example_dags/example_complex.py
[2023-11-09T19:47:58.132-0500] {processor.py:829} INFO - Processing file /Users/az/anaconda3/envs/python38/lib/python3.8/site-packages/airflow/example_dags/example_complex.py for tasks to queue
[2023-11-09T19:47:58.132-0500] {logging_mixin.py:154} INFO - [2023-11-09T19:47:58.132-0500] {dagbag.py:536} INFO - Filling up the DagBag from /Users/az/anaconda3/envs/python38/lib/python3.8/site-packages/airflow/example_dags/example_complex.py
[2023-11-09T19:47:58.150-0500] {processor.py:839} INFO - DAG(s) dict_keys(['example_complex']) retrieved from /Users/az/anaconda3/envs/python38/lib/python3.8/site-packages/airflow/example_dags/example_complex.py
[2023-11-09T19:47:58.264-0500] {logging_mixin.py:154} INFO - [2023-11-09T19:47:58.264-0500] {dag.py:2941} INFO - Sync 1 DAGs
[2023-11-09T19:47:58.269-0500] {logging_mixin.py:154} INFO - [2023-11-09T19:47:58.269-0500] {dag.py:3722} INFO - Setting next_dagrun for example_complex to None, run_after=None
[2023-11-09T19:47:58.279-0500] {processor.py:179} INFO - Processing /Users/az/anaconda3/envs/python38/lib/python3.8/site-packages/airflow/example_dags/example_complex.py took 0.153 seconds
[2023-11-09T19:49:55.935-0500] {processor.py:157} INFO - Started process (PID=54651) to work on /Users/az/anaconda3/envs/python38/lib/python3.8/site-packages/airflow/example_dags/example_complex.py
[2023-11-09T19:49:55.940-0500] {processor.py:829} INFO - Processing file /Users/az/anaconda3/envs/python38/lib/python3.8/site-packages/airflow/example_dags/example_complex.py for tasks to queue
[2023-11-09T19:49:55.940-0500] {logging_mixin.py:154} INFO - [2023-11-09T19:49:55.940-0500] {dagbag.py:536} INFO - Filling up the DagBag from /Users/az/anaconda3/envs/python38/lib/python3.8/site-packages/airflow/example_dags/example_complex.py
[2023-11-09T19:49:55.958-0500] {processor.py:839} INFO - DAG(s) dict_keys(['example_complex']) retrieved from /Users/az/anaconda3/envs/python38/lib/python3.8/site-packages/airflow/example_dags/example_complex.py
[2023-11-09T19:49:56.072-0500] {logging_mixin.py:154} INFO - [2023-11-09T19:49:56.072-0500] {dag.py:2941} INFO - Sync 1 DAGs
[2023-11-09T19:49:56.077-0500] {logging_mixin.py:154} INFO - [2023-11-09T19:49:56.077-0500] {dag.py:3722} INFO - Setting next_dagrun for example_complex to None, run_after=None
[2023-11-09T19:49:56.088-0500] {processor.py:179} INFO - Processing /Users/az/anaconda3/envs/python38/lib/python3.8/site-packages/airflow/example_dags/example_complex.py took 0.153 seconds
[2023-11-09T19:51:54.811-0500] {processor.py:157} INFO - Started process (PID=54802) to work on /Users/az/anaconda3/envs/python38/lib/python3.8/site-packages/airflow/example_dags/example_complex.py
[2023-11-09T19:51:54.816-0500] {processor.py:829} INFO - Processing file /Users/az/anaconda3/envs/python38/lib/python3.8/site-packages/airflow/example_dags/example_complex.py for tasks to queue
[2023-11-09T19:51:54.816-0500] {logging_mixin.py:154} INFO - [2023-11-09T19:51:54.816-0500] {dagbag.py:536} INFO - Filling up the DagBag from /Users/az/anaconda3/envs/python38/lib/python3.8/site-packages/airflow/example_dags/example_complex.py
[2023-11-09T19:51:54.834-0500] {processor.py:839} INFO - DAG(s) dict_keys(['example_complex']) retrieved from /Users/az/anaconda3/envs/python38/lib/python3.8/site-packages/airflow/example_dags/example_complex.py
[2023-11-09T19:51:54.949-0500] {logging_mixin.py:154} INFO - [2023-11-09T19:51:54.949-0500] {dag.py:2941} INFO - Sync 1 DAGs
[2023-11-09T19:51:54.954-0500] {logging_mixin.py:154} INFO - [2023-11-09T19:51:54.954-0500] {dag.py:3722} INFO - Setting next_dagrun for example_complex to None, run_after=None
[2023-11-09T19:51:54.964-0500] {processor.py:179} INFO - Processing /Users/az/anaconda3/envs/python38/lib/python3.8/site-packages/airflow/example_dags/example_complex.py took 0.154 seconds
[2023-11-09T19:53:56.401-0500] {processor.py:157} INFO - Started process (PID=54963) to work on /Users/az/anaconda3/envs/python38/lib/python3.8/site-packages/airflow/example_dags/example_complex.py
[2023-11-09T19:53:56.405-0500] {processor.py:829} INFO - Processing file /Users/az/anaconda3/envs/python38/lib/python3.8/site-packages/airflow/example_dags/example_complex.py for tasks to queue
[2023-11-09T19:53:56.406-0500] {logging_mixin.py:154} INFO - [2023-11-09T19:53:56.406-0500] {dagbag.py:536} INFO - Filling up the DagBag from /Users/az/anaconda3/envs/python38/lib/python3.8/site-packages/airflow/example_dags/example_complex.py
[2023-11-09T19:53:56.424-0500] {processor.py:839} INFO - DAG(s) dict_keys(['example_complex']) retrieved from /Users/az/anaconda3/envs/python38/lib/python3.8/site-packages/airflow/example_dags/example_complex.py
[2023-11-09T19:53:56.547-0500] {logging_mixin.py:154} INFO - [2023-11-09T19:53:56.547-0500] {dag.py:2941} INFO - Sync 1 DAGs
[2023-11-09T19:53:56.553-0500] {logging_mixin.py:154} INFO - [2023-11-09T19:53:56.552-0500] {dag.py:3722} INFO - Setting next_dagrun for example_complex to None, run_after=None
[2023-11-09T19:53:56.564-0500] {processor.py:179} INFO - Processing /Users/az/anaconda3/envs/python38/lib/python3.8/site-packages/airflow/example_dags/example_complex.py took 0.164 seconds
[2023-11-09T19:55:51.922-0500] {processor.py:157} INFO - Started process (PID=55111) to work on /Users/az/anaconda3/envs/python38/lib/python3.8/site-packages/airflow/example_dags/example_complex.py
[2023-11-09T19:55:51.926-0500] {processor.py:829} INFO - Processing file /Users/az/anaconda3/envs/python38/lib/python3.8/site-packages/airflow/example_dags/example_complex.py for tasks to queue
[2023-11-09T19:55:51.926-0500] {logging_mixin.py:154} INFO - [2023-11-09T19:55:51.926-0500] {dagbag.py:536} INFO - Filling up the DagBag from /Users/az/anaconda3/envs/python38/lib/python3.8/site-packages/airflow/example_dags/example_complex.py
[2023-11-09T19:55:51.945-0500] {processor.py:839} INFO - DAG(s) dict_keys(['example_complex']) retrieved from /Users/az/anaconda3/envs/python38/lib/python3.8/site-packages/airflow/example_dags/example_complex.py
[2023-11-09T19:55:52.060-0500] {logging_mixin.py:154} INFO - [2023-11-09T19:55:52.060-0500] {dag.py:2941} INFO - Sync 1 DAGs
[2023-11-09T19:55:52.065-0500] {logging_mixin.py:154} INFO - [2023-11-09T19:55:52.065-0500] {dag.py:3722} INFO - Setting next_dagrun for example_complex to None, run_after=None
[2023-11-09T19:55:52.076-0500] {processor.py:179} INFO - Processing /Users/az/anaconda3/envs/python38/lib/python3.8/site-packages/airflow/example_dags/example_complex.py took 0.154 seconds
[2023-11-09T19:57:53.685-0500] {processor.py:157} INFO - Started process (PID=55272) to work on /Users/az/anaconda3/envs/python38/lib/python3.8/site-packages/airflow/example_dags/example_complex.py
[2023-11-09T19:57:53.691-0500] {processor.py:829} INFO - Processing file /Users/az/anaconda3/envs/python38/lib/python3.8/site-packages/airflow/example_dags/example_complex.py for tasks to queue
[2023-11-09T19:57:53.691-0500] {logging_mixin.py:154} INFO - [2023-11-09T19:57:53.691-0500] {dagbag.py:536} INFO - Filling up the DagBag from /Users/az/anaconda3/envs/python38/lib/python3.8/site-packages/airflow/example_dags/example_complex.py
[2023-11-09T19:57:53.709-0500] {processor.py:839} INFO - DAG(s) dict_keys(['example_complex']) retrieved from /Users/az/anaconda3/envs/python38/lib/python3.8/site-packages/airflow/example_dags/example_complex.py
[2023-11-09T19:57:53.824-0500] {logging_mixin.py:154} INFO - [2023-11-09T19:57:53.824-0500] {dag.py:2941} INFO - Sync 1 DAGs
[2023-11-09T19:57:53.829-0500] {logging_mixin.py:154} INFO - [2023-11-09T19:57:53.829-0500] {dag.py:3722} INFO - Setting next_dagrun for example_complex to None, run_after=None
[2023-11-09T19:57:53.839-0500] {processor.py:179} INFO - Processing /Users/az/anaconda3/envs/python38/lib/python3.8/site-packages/airflow/example_dags/example_complex.py took 0.154 seconds
[2023-11-09T19:59:53.253-0500] {processor.py:157} INFO - Started process (PID=55420) to work on /Users/az/anaconda3/envs/python38/lib/python3.8/site-packages/airflow/example_dags/example_complex.py
[2023-11-09T19:59:53.257-0500] {processor.py:829} INFO - Processing file /Users/az/anaconda3/envs/python38/lib/python3.8/site-packages/airflow/example_dags/example_complex.py for tasks to queue
[2023-11-09T19:59:53.258-0500] {logging_mixin.py:154} INFO - [2023-11-09T19:59:53.258-0500] {dagbag.py:536} INFO - Filling up the DagBag from /Users/az/anaconda3/envs/python38/lib/python3.8/site-packages/airflow/example_dags/example_complex.py
[2023-11-09T19:59:53.278-0500] {processor.py:839} INFO - DAG(s) dict_keys(['example_complex']) retrieved from /Users/az/anaconda3/envs/python38/lib/python3.8/site-packages/airflow/example_dags/example_complex.py
[2023-11-09T19:59:53.399-0500] {logging_mixin.py:154} INFO - [2023-11-09T19:59:53.399-0500] {dag.py:2941} INFO - Sync 1 DAGs
[2023-11-09T19:59:53.404-0500] {logging_mixin.py:154} INFO - [2023-11-09T19:59:53.404-0500] {dag.py:3722} INFO - Setting next_dagrun for example_complex to None, run_after=None
[2023-11-09T19:59:53.415-0500] {processor.py:179} INFO - Processing /Users/az/anaconda3/envs/python38/lib/python3.8/site-packages/airflow/example_dags/example_complex.py took 0.163 seconds
[2023-11-09T20:01:54.863-0500] {processor.py:157} INFO - Started process (PID=55579) to work on /Users/az/anaconda3/envs/python38/lib/python3.8/site-packages/airflow/example_dags/example_complex.py
[2023-11-09T20:01:54.868-0500] {processor.py:829} INFO - Processing file /Users/az/anaconda3/envs/python38/lib/python3.8/site-packages/airflow/example_dags/example_complex.py for tasks to queue
[2023-11-09T20:01:54.868-0500] {logging_mixin.py:154} INFO - [2023-11-09T20:01:54.868-0500] {dagbag.py:536} INFO - Filling up the DagBag from /Users/az/anaconda3/envs/python38/lib/python3.8/site-packages/airflow/example_dags/example_complex.py
[2023-11-09T20:01:54.887-0500] {processor.py:839} INFO - DAG(s) dict_keys(['example_complex']) retrieved from /Users/az/anaconda3/envs/python38/lib/python3.8/site-packages/airflow/example_dags/example_complex.py
[2023-11-09T20:01:55.000-0500] {logging_mixin.py:154} INFO - [2023-11-09T20:01:55.000-0500] {dag.py:2941} INFO - Sync 1 DAGs
[2023-11-09T20:01:55.006-0500] {logging_mixin.py:154} INFO - [2023-11-09T20:01:55.005-0500] {dag.py:3722} INFO - Setting next_dagrun for example_complex to None, run_after=None
[2023-11-09T20:01:55.016-0500] {processor.py:179} INFO - Processing /Users/az/anaconda3/envs/python38/lib/python3.8/site-packages/airflow/example_dags/example_complex.py took 0.153 seconds
[2023-11-09T20:03:57.175-0500] {processor.py:157} INFO - Started process (PID=55742) to work on /Users/az/anaconda3/envs/python38/lib/python3.8/site-packages/airflow/example_dags/example_complex.py
[2023-11-09T20:03:57.179-0500] {processor.py:829} INFO - Processing file /Users/az/anaconda3/envs/python38/lib/python3.8/site-packages/airflow/example_dags/example_complex.py for tasks to queue
[2023-11-09T20:03:57.180-0500] {logging_mixin.py:154} INFO - [2023-11-09T20:03:57.179-0500] {dagbag.py:536} INFO - Filling up the DagBag from /Users/az/anaconda3/envs/python38/lib/python3.8/site-packages/airflow/example_dags/example_complex.py
[2023-11-09T20:03:57.198-0500] {processor.py:839} INFO - DAG(s) dict_keys(['example_complex']) retrieved from /Users/az/anaconda3/envs/python38/lib/python3.8/site-packages/airflow/example_dags/example_complex.py
[2023-11-09T20:03:57.312-0500] {logging_mixin.py:154} INFO - [2023-11-09T20:03:57.312-0500] {dag.py:2941} INFO - Sync 1 DAGs
[2023-11-09T20:03:57.318-0500] {logging_mixin.py:154} INFO - [2023-11-09T20:03:57.318-0500] {dag.py:3722} INFO - Setting next_dagrun for example_complex to None, run_after=None
[2023-11-09T20:03:57.328-0500] {processor.py:179} INFO - Processing /Users/az/anaconda3/envs/python38/lib/python3.8/site-packages/airflow/example_dags/example_complex.py took 0.153 seconds
[2023-11-09T20:05:54.522-0500] {processor.py:157} INFO - Started process (PID=55890) to work on /Users/az/anaconda3/envs/python38/lib/python3.8/site-packages/airflow/example_dags/example_complex.py
[2023-11-09T20:05:54.526-0500] {processor.py:829} INFO - Processing file /Users/az/anaconda3/envs/python38/lib/python3.8/site-packages/airflow/example_dags/example_complex.py for tasks to queue
[2023-11-09T20:05:54.527-0500] {logging_mixin.py:154} INFO - [2023-11-09T20:05:54.526-0500] {dagbag.py:536} INFO - Filling up the DagBag from /Users/az/anaconda3/envs/python38/lib/python3.8/site-packages/airflow/example_dags/example_complex.py
[2023-11-09T20:05:54.545-0500] {processor.py:839} INFO - DAG(s) dict_keys(['example_complex']) retrieved from /Users/az/anaconda3/envs/python38/lib/python3.8/site-packages/airflow/example_dags/example_complex.py
[2023-11-09T20:05:54.658-0500] {logging_mixin.py:154} INFO - [2023-11-09T20:05:54.657-0500] {dag.py:2941} INFO - Sync 1 DAGs
[2023-11-09T20:05:54.663-0500] {logging_mixin.py:154} INFO - [2023-11-09T20:05:54.663-0500] {dag.py:3722} INFO - Setting next_dagrun for example_complex to None, run_after=None
[2023-11-09T20:05:54.673-0500] {processor.py:179} INFO - Processing /Users/az/anaconda3/envs/python38/lib/python3.8/site-packages/airflow/example_dags/example_complex.py took 0.152 seconds
[2023-11-09T20:07:52.798-0500] {processor.py:157} INFO - Started process (PID=56060) to work on /Users/az/anaconda3/envs/python38/lib/python3.8/site-packages/airflow/example_dags/example_complex.py
[2023-11-09T20:07:52.802-0500] {processor.py:829} INFO - Processing file /Users/az/anaconda3/envs/python38/lib/python3.8/site-packages/airflow/example_dags/example_complex.py for tasks to queue
[2023-11-09T20:07:52.803-0500] {logging_mixin.py:154} INFO - [2023-11-09T20:07:52.803-0500] {dagbag.py:536} INFO - Filling up the DagBag from /Users/az/anaconda3/envs/python38/lib/python3.8/site-packages/airflow/example_dags/example_complex.py
[2023-11-09T20:07:52.822-0500] {processor.py:839} INFO - DAG(s) dict_keys(['example_complex']) retrieved from /Users/az/anaconda3/envs/python38/lib/python3.8/site-packages/airflow/example_dags/example_complex.py
[2023-11-09T20:07:52.946-0500] {logging_mixin.py:154} INFO - [2023-11-09T20:07:52.946-0500] {dag.py:2941} INFO - Sync 1 DAGs
[2023-11-09T20:07:52.952-0500] {logging_mixin.py:154} INFO - [2023-11-09T20:07:52.951-0500] {dag.py:3722} INFO - Setting next_dagrun for example_complex to None, run_after=None
[2023-11-09T20:07:52.962-0500] {processor.py:179} INFO - Processing /Users/az/anaconda3/envs/python38/lib/python3.8/site-packages/airflow/example_dags/example_complex.py took 0.165 seconds
[2023-11-09T20:09:50.066-0500] {processor.py:157} INFO - Started process (PID=56224) to work on /Users/az/anaconda3/envs/python38/lib/python3.8/site-packages/airflow/example_dags/example_complex.py
[2023-11-09T20:09:50.070-0500] {processor.py:829} INFO - Processing file /Users/az/anaconda3/envs/python38/lib/python3.8/site-packages/airflow/example_dags/example_complex.py for tasks to queue
[2023-11-09T20:09:50.071-0500] {logging_mixin.py:154} INFO - [2023-11-09T20:09:50.071-0500] {dagbag.py:536} INFO - Filling up the DagBag from /Users/az/anaconda3/envs/python38/lib/python3.8/site-packages/airflow/example_dags/example_complex.py
[2023-11-09T20:09:50.089-0500] {processor.py:839} INFO - DAG(s) dict_keys(['example_complex']) retrieved from /Users/az/anaconda3/envs/python38/lib/python3.8/site-packages/airflow/example_dags/example_complex.py
[2023-11-09T20:09:50.202-0500] {logging_mixin.py:154} INFO - [2023-11-09T20:09:50.201-0500] {dag.py:2941} INFO - Sync 1 DAGs
[2023-11-09T20:09:50.207-0500] {logging_mixin.py:154} INFO - [2023-11-09T20:09:50.207-0500] {dag.py:3722} INFO - Setting next_dagrun for example_complex to None, run_after=None
[2023-11-09T20:09:50.217-0500] {processor.py:179} INFO - Processing /Users/az/anaconda3/envs/python38/lib/python3.8/site-packages/airflow/example_dags/example_complex.py took 0.152 seconds
[2023-11-09T20:11:46.444-0500] {processor.py:157} INFO - Started process (PID=56388) to work on /Users/az/anaconda3/envs/python38/lib/python3.8/site-packages/airflow/example_dags/example_complex.py
[2023-11-09T20:11:46.449-0500] {processor.py:829} INFO - Processing file /Users/az/anaconda3/envs/python38/lib/python3.8/site-packages/airflow/example_dags/example_complex.py for tasks to queue
[2023-11-09T20:11:46.449-0500] {logging_mixin.py:154} INFO - [2023-11-09T20:11:46.449-0500] {dagbag.py:536} INFO - Filling up the DagBag from /Users/az/anaconda3/envs/python38/lib/python3.8/site-packages/airflow/example_dags/example_complex.py
[2023-11-09T20:11:46.467-0500] {processor.py:839} INFO - DAG(s) dict_keys(['example_complex']) retrieved from /Users/az/anaconda3/envs/python38/lib/python3.8/site-packages/airflow/example_dags/example_complex.py
[2023-11-09T20:11:46.581-0500] {logging_mixin.py:154} INFO - [2023-11-09T20:11:46.580-0500] {dag.py:2941} INFO - Sync 1 DAGs
[2023-11-09T20:11:46.586-0500] {logging_mixin.py:154} INFO - [2023-11-09T20:11:46.586-0500] {dag.py:3722} INFO - Setting next_dagrun for example_complex to None, run_after=None
[2023-11-09T20:11:46.596-0500] {processor.py:179} INFO - Processing /Users/az/anaconda3/envs/python38/lib/python3.8/site-packages/airflow/example_dags/example_complex.py took 0.152 seconds
[2023-11-09T20:13:46.877-0500] {processor.py:157} INFO - Started process (PID=56553) to work on /Users/az/anaconda3/envs/python38/lib/python3.8/site-packages/airflow/example_dags/example_complex.py
[2023-11-09T20:13:46.882-0500] {processor.py:829} INFO - Processing file /Users/az/anaconda3/envs/python38/lib/python3.8/site-packages/airflow/example_dags/example_complex.py for tasks to queue
[2023-11-09T20:13:46.882-0500] {logging_mixin.py:154} INFO - [2023-11-09T20:13:46.882-0500] {dagbag.py:536} INFO - Filling up the DagBag from /Users/az/anaconda3/envs/python38/lib/python3.8/site-packages/airflow/example_dags/example_complex.py
[2023-11-09T20:13:46.901-0500] {processor.py:839} INFO - DAG(s) dict_keys(['example_complex']) retrieved from /Users/az/anaconda3/envs/python38/lib/python3.8/site-packages/airflow/example_dags/example_complex.py
[2023-11-09T20:13:47.023-0500] {logging_mixin.py:154} INFO - [2023-11-09T20:13:47.023-0500] {dag.py:2941} INFO - Sync 1 DAGs
[2023-11-09T20:13:47.029-0500] {logging_mixin.py:154} INFO - [2023-11-09T20:13:47.029-0500] {dag.py:3722} INFO - Setting next_dagrun for example_complex to None, run_after=None
[2023-11-09T20:13:47.039-0500] {processor.py:179} INFO - Processing /Users/az/anaconda3/envs/python38/lib/python3.8/site-packages/airflow/example_dags/example_complex.py took 0.162 seconds
[2023-11-09T20:15:45.845-0500] {processor.py:157} INFO - Started process (PID=56710) to work on /Users/az/anaconda3/envs/python38/lib/python3.8/site-packages/airflow/example_dags/example_complex.py
[2023-11-09T20:15:45.849-0500] {processor.py:829} INFO - Processing file /Users/az/anaconda3/envs/python38/lib/python3.8/site-packages/airflow/example_dags/example_complex.py for tasks to queue
[2023-11-09T20:15:45.849-0500] {logging_mixin.py:154} INFO - [2023-11-09T20:15:45.849-0500] {dagbag.py:536} INFO - Filling up the DagBag from /Users/az/anaconda3/envs/python38/lib/python3.8/site-packages/airflow/example_dags/example_complex.py
[2023-11-09T20:15:45.867-0500] {processor.py:839} INFO - DAG(s) dict_keys(['example_complex']) retrieved from /Users/az/anaconda3/envs/python38/lib/python3.8/site-packages/airflow/example_dags/example_complex.py
[2023-11-09T20:15:45.981-0500] {logging_mixin.py:154} INFO - [2023-11-09T20:15:45.981-0500] {dag.py:2941} INFO - Sync 1 DAGs
[2023-11-09T20:15:45.986-0500] {logging_mixin.py:154} INFO - [2023-11-09T20:15:45.986-0500] {dag.py:3722} INFO - Setting next_dagrun for example_complex to None, run_after=None
[2023-11-09T20:15:45.996-0500] {processor.py:179} INFO - Processing /Users/az/anaconda3/envs/python38/lib/python3.8/site-packages/airflow/example_dags/example_complex.py took 0.152 seconds
[2023-11-09T20:17:45.350-0500] {processor.py:157} INFO - Started process (PID=56859) to work on /Users/az/anaconda3/envs/python38/lib/python3.8/site-packages/airflow/example_dags/example_complex.py
[2023-11-09T20:17:45.355-0500] {processor.py:829} INFO - Processing file /Users/az/anaconda3/envs/python38/lib/python3.8/site-packages/airflow/example_dags/example_complex.py for tasks to queue
[2023-11-09T20:17:45.355-0500] {logging_mixin.py:154} INFO - [2023-11-09T20:17:45.355-0500] {dagbag.py:536} INFO - Filling up the DagBag from /Users/az/anaconda3/envs/python38/lib/python3.8/site-packages/airflow/example_dags/example_complex.py
[2023-11-09T20:17:45.373-0500] {processor.py:839} INFO - DAG(s) dict_keys(['example_complex']) retrieved from /Users/az/anaconda3/envs/python38/lib/python3.8/site-packages/airflow/example_dags/example_complex.py
[2023-11-09T20:17:45.487-0500] {logging_mixin.py:154} INFO - [2023-11-09T20:17:45.486-0500] {dag.py:2941} INFO - Sync 1 DAGs
[2023-11-09T20:17:45.492-0500] {logging_mixin.py:154} INFO - [2023-11-09T20:17:45.492-0500] {dag.py:3722} INFO - Setting next_dagrun for example_complex to None, run_after=None
[2023-11-09T20:17:45.502-0500] {processor.py:179} INFO - Processing /Users/az/anaconda3/envs/python38/lib/python3.8/site-packages/airflow/example_dags/example_complex.py took 0.152 seconds
[2023-11-09T20:19:43.507-0500] {processor.py:157} INFO - Started process (PID=57008) to work on /Users/az/anaconda3/envs/python38/lib/python3.8/site-packages/airflow/example_dags/example_complex.py
[2023-11-09T20:19:43.512-0500] {processor.py:829} INFO - Processing file /Users/az/anaconda3/envs/python38/lib/python3.8/site-packages/airflow/example_dags/example_complex.py for tasks to queue
[2023-11-09T20:19:43.512-0500] {logging_mixin.py:154} INFO - [2023-11-09T20:19:43.512-0500] {dagbag.py:536} INFO - Filling up the DagBag from /Users/az/anaconda3/envs/python38/lib/python3.8/site-packages/airflow/example_dags/example_complex.py
[2023-11-09T20:19:43.530-0500] {processor.py:839} INFO - DAG(s) dict_keys(['example_complex']) retrieved from /Users/az/anaconda3/envs/python38/lib/python3.8/site-packages/airflow/example_dags/example_complex.py
[2023-11-09T20:19:43.644-0500] {logging_mixin.py:154} INFO - [2023-11-09T20:19:43.643-0500] {dag.py:2941} INFO - Sync 1 DAGs
[2023-11-09T20:19:43.649-0500] {logging_mixin.py:154} INFO - [2023-11-09T20:19:43.649-0500] {dag.py:3722} INFO - Setting next_dagrun for example_complex to None, run_after=None
[2023-11-09T20:19:43.659-0500] {processor.py:179} INFO - Processing /Users/az/anaconda3/envs/python38/lib/python3.8/site-packages/airflow/example_dags/example_complex.py took 0.152 seconds
[2023-11-09T20:21:45.458-0500] {processor.py:157} INFO - Started process (PID=57166) to work on /Users/az/anaconda3/envs/python38/lib/python3.8/site-packages/airflow/example_dags/example_complex.py
[2023-11-09T20:21:45.462-0500] {processor.py:829} INFO - Processing file /Users/az/anaconda3/envs/python38/lib/python3.8/site-packages/airflow/example_dags/example_complex.py for tasks to queue
[2023-11-09T20:21:45.463-0500] {logging_mixin.py:154} INFO - [2023-11-09T20:21:45.462-0500] {dagbag.py:536} INFO - Filling up the DagBag from /Users/az/anaconda3/envs/python38/lib/python3.8/site-packages/airflow/example_dags/example_complex.py
[2023-11-09T20:21:45.481-0500] {processor.py:839} INFO - DAG(s) dict_keys(['example_complex']) retrieved from /Users/az/anaconda3/envs/python38/lib/python3.8/site-packages/airflow/example_dags/example_complex.py
[2023-11-09T20:21:45.597-0500] {logging_mixin.py:154} INFO - [2023-11-09T20:21:45.597-0500] {dag.py:2941} INFO - Sync 1 DAGs
[2023-11-09T20:21:45.602-0500] {logging_mixin.py:154} INFO - [2023-11-09T20:21:45.602-0500] {dag.py:3722} INFO - Setting next_dagrun for example_complex to None, run_after=None
[2023-11-09T20:21:45.612-0500] {processor.py:179} INFO - Processing /Users/az/anaconda3/envs/python38/lib/python3.8/site-packages/airflow/example_dags/example_complex.py took 0.155 seconds
[2023-11-09T20:23:42.629-0500] {processor.py:157} INFO - Started process (PID=57318) to work on /Users/az/anaconda3/envs/python38/lib/python3.8/site-packages/airflow/example_dags/example_complex.py
[2023-11-09T20:23:42.635-0500] {processor.py:829} INFO - Processing file /Users/az/anaconda3/envs/python38/lib/python3.8/site-packages/airflow/example_dags/example_complex.py for tasks to queue
[2023-11-09T20:23:42.636-0500] {logging_mixin.py:154} INFO - [2023-11-09T20:23:42.636-0500] {dagbag.py:536} INFO - Filling up the DagBag from /Users/az/anaconda3/envs/python38/lib/python3.8/site-packages/airflow/example_dags/example_complex.py
[2023-11-09T20:23:42.654-0500] {processor.py:839} INFO - DAG(s) dict_keys(['example_complex']) retrieved from /Users/az/anaconda3/envs/python38/lib/python3.8/site-packages/airflow/example_dags/example_complex.py
[2023-11-09T20:23:42.769-0500] {logging_mixin.py:154} INFO - [2023-11-09T20:23:42.769-0500] {dag.py:2941} INFO - Sync 1 DAGs
[2023-11-09T20:23:42.774-0500] {logging_mixin.py:154} INFO - [2023-11-09T20:23:42.774-0500] {dag.py:3722} INFO - Setting next_dagrun for example_complex to None, run_after=None
[2023-11-09T20:23:42.784-0500] {processor.py:179} INFO - Processing /Users/az/anaconda3/envs/python38/lib/python3.8/site-packages/airflow/example_dags/example_complex.py took 0.156 seconds
[2023-11-09T20:25:41.888-0500] {processor.py:157} INFO - Started process (PID=57468) to work on /Users/az/anaconda3/envs/python38/lib/python3.8/site-packages/airflow/example_dags/example_complex.py
[2023-11-09T20:25:41.892-0500] {processor.py:829} INFO - Processing file /Users/az/anaconda3/envs/python38/lib/python3.8/site-packages/airflow/example_dags/example_complex.py for tasks to queue
[2023-11-09T20:25:41.893-0500] {logging_mixin.py:154} INFO - [2023-11-09T20:25:41.892-0500] {dagbag.py:536} INFO - Filling up the DagBag from /Users/az/anaconda3/envs/python38/lib/python3.8/site-packages/airflow/example_dags/example_complex.py
[2023-11-09T20:25:41.910-0500] {processor.py:839} INFO - DAG(s) dict_keys(['example_complex']) retrieved from /Users/az/anaconda3/envs/python38/lib/python3.8/site-packages/airflow/example_dags/example_complex.py
[2023-11-09T20:25:42.024-0500] {logging_mixin.py:154} INFO - [2023-11-09T20:25:42.024-0500] {dag.py:2941} INFO - Sync 1 DAGs
[2023-11-09T20:25:42.029-0500] {logging_mixin.py:154} INFO - [2023-11-09T20:25:42.029-0500] {dag.py:3722} INFO - Setting next_dagrun for example_complex to None, run_after=None
[2023-11-09T20:25:42.039-0500] {processor.py:179} INFO - Processing /Users/az/anaconda3/envs/python38/lib/python3.8/site-packages/airflow/example_dags/example_complex.py took 0.151 seconds
[2023-11-09T20:46:18.289-0500] {processor.py:157} INFO - Started process (PID=57776) to work on /Users/az/anaconda3/envs/python38/lib/python3.8/site-packages/airflow/example_dags/example_complex.py
[2023-11-09T20:46:18.294-0500] {processor.py:829} INFO - Processing file /Users/az/anaconda3/envs/python38/lib/python3.8/site-packages/airflow/example_dags/example_complex.py for tasks to queue
[2023-11-09T20:46:18.294-0500] {logging_mixin.py:154} INFO - [2023-11-09T20:46:18.294-0500] {dagbag.py:536} INFO - Filling up the DagBag from /Users/az/anaconda3/envs/python38/lib/python3.8/site-packages/airflow/example_dags/example_complex.py
[2023-11-09T20:46:18.313-0500] {processor.py:839} INFO - DAG(s) dict_keys(['example_complex']) retrieved from /Users/az/anaconda3/envs/python38/lib/python3.8/site-packages/airflow/example_dags/example_complex.py
[2023-11-09T20:46:18.427-0500] {logging_mixin.py:154} INFO - [2023-11-09T20:46:18.427-0500] {dag.py:2941} INFO - Sync 1 DAGs
[2023-11-09T20:46:18.432-0500] {logging_mixin.py:154} INFO - [2023-11-09T20:46:18.432-0500] {dag.py:3722} INFO - Setting next_dagrun for example_complex to None, run_after=None
[2023-11-09T20:46:18.443-0500] {processor.py:179} INFO - Processing /Users/az/anaconda3/envs/python38/lib/python3.8/site-packages/airflow/example_dags/example_complex.py took 0.154 seconds
[2023-11-09T20:48:16.940-0500] {processor.py:157} INFO - Started process (PID=57932) to work on /Users/az/anaconda3/envs/python38/lib/python3.8/site-packages/airflow/example_dags/example_complex.py
[2023-11-09T20:48:16.945-0500] {processor.py:829} INFO - Processing file /Users/az/anaconda3/envs/python38/lib/python3.8/site-packages/airflow/example_dags/example_complex.py for tasks to queue
[2023-11-09T20:48:16.946-0500] {logging_mixin.py:154} INFO - [2023-11-09T20:48:16.945-0500] {dagbag.py:536} INFO - Filling up the DagBag from /Users/az/anaconda3/envs/python38/lib/python3.8/site-packages/airflow/example_dags/example_complex.py
[2023-11-09T20:48:16.964-0500] {processor.py:839} INFO - DAG(s) dict_keys(['example_complex']) retrieved from /Users/az/anaconda3/envs/python38/lib/python3.8/site-packages/airflow/example_dags/example_complex.py
[2023-11-09T20:48:17.079-0500] {logging_mixin.py:154} INFO - [2023-11-09T20:48:17.078-0500] {dag.py:2941} INFO - Sync 1 DAGs
[2023-11-09T20:48:17.084-0500] {logging_mixin.py:154} INFO - [2023-11-09T20:48:17.084-0500] {dag.py:3722} INFO - Setting next_dagrun for example_complex to None, run_after=None
[2023-11-09T20:48:17.093-0500] {processor.py:179} INFO - Processing /Users/az/anaconda3/envs/python38/lib/python3.8/site-packages/airflow/example_dags/example_complex.py took 0.153 seconds
[2023-11-09T20:50:13.882-0500] {processor.py:157} INFO - Started process (PID=58083) to work on /Users/az/anaconda3/envs/python38/lib/python3.8/site-packages/airflow/example_dags/example_complex.py
[2023-11-09T20:50:13.887-0500] {processor.py:829} INFO - Processing file /Users/az/anaconda3/envs/python38/lib/python3.8/site-packages/airflow/example_dags/example_complex.py for tasks to queue
[2023-11-09T20:50:13.887-0500] {logging_mixin.py:154} INFO - [2023-11-09T20:50:13.887-0500] {dagbag.py:536} INFO - Filling up the DagBag from /Users/az/anaconda3/envs/python38/lib/python3.8/site-packages/airflow/example_dags/example_complex.py
[2023-11-09T20:50:13.905-0500] {processor.py:839} INFO - DAG(s) dict_keys(['example_complex']) retrieved from /Users/az/anaconda3/envs/python38/lib/python3.8/site-packages/airflow/example_dags/example_complex.py
[2023-11-09T20:50:14.019-0500] {logging_mixin.py:154} INFO - [2023-11-09T20:50:14.019-0500] {dag.py:2941} INFO - Sync 1 DAGs
[2023-11-09T20:50:14.024-0500] {logging_mixin.py:154} INFO - [2023-11-09T20:50:14.024-0500] {dag.py:3722} INFO - Setting next_dagrun for example_complex to None, run_after=None
[2023-11-09T20:50:14.035-0500] {processor.py:179} INFO - Processing /Users/az/anaconda3/envs/python38/lib/python3.8/site-packages/airflow/example_dags/example_complex.py took 0.153 seconds
[2023-11-09T20:52:20.862-0500] {processor.py:157} INFO - Started process (PID=58240) to work on /Users/az/anaconda3/envs/python38/lib/python3.8/site-packages/airflow/example_dags/example_complex.py
[2023-11-09T20:52:20.866-0500] {processor.py:829} INFO - Processing file /Users/az/anaconda3/envs/python38/lib/python3.8/site-packages/airflow/example_dags/example_complex.py for tasks to queue
[2023-11-09T20:52:20.867-0500] {logging_mixin.py:154} INFO - [2023-11-09T20:52:20.866-0500] {dagbag.py:536} INFO - Filling up the DagBag from /Users/az/anaconda3/envs/python38/lib/python3.8/site-packages/airflow/example_dags/example_complex.py
[2023-11-09T20:52:20.887-0500] {processor.py:839} INFO - DAG(s) dict_keys(['example_complex']) retrieved from /Users/az/anaconda3/envs/python38/lib/python3.8/site-packages/airflow/example_dags/example_complex.py
[2023-11-09T20:52:21.011-0500] {logging_mixin.py:154} INFO - [2023-11-09T20:52:21.010-0500] {dag.py:2941} INFO - Sync 1 DAGs
[2023-11-09T20:52:21.016-0500] {logging_mixin.py:154} INFO - [2023-11-09T20:52:21.016-0500] {dag.py:3722} INFO - Setting next_dagrun for example_complex to None, run_after=None
[2023-11-09T20:52:21.043-0500] {processor.py:179} INFO - Processing /Users/az/anaconda3/envs/python38/lib/python3.8/site-packages/airflow/example_dags/example_complex.py took 0.181 seconds
[2023-11-09T20:54:38.524-0500] {processor.py:157} INFO - Started process (PID=58406) to work on /Users/az/anaconda3/envs/python38/lib/python3.8/site-packages/airflow/example_dags/example_complex.py
[2023-11-09T20:54:38.528-0500] {processor.py:829} INFO - Processing file /Users/az/anaconda3/envs/python38/lib/python3.8/site-packages/airflow/example_dags/example_complex.py for tasks to queue
[2023-11-09T20:54:38.529-0500] {logging_mixin.py:154} INFO - [2023-11-09T20:54:38.528-0500] {dagbag.py:536} INFO - Filling up the DagBag from /Users/az/anaconda3/envs/python38/lib/python3.8/site-packages/airflow/example_dags/example_complex.py
[2023-11-09T20:54:38.549-0500] {processor.py:839} INFO - DAG(s) dict_keys(['example_complex']) retrieved from /Users/az/anaconda3/envs/python38/lib/python3.8/site-packages/airflow/example_dags/example_complex.py
[2023-11-09T20:54:38.667-0500] {logging_mixin.py:154} INFO - [2023-11-09T20:54:38.667-0500] {dag.py:2941} INFO - Sync 1 DAGs
[2023-11-09T20:54:38.672-0500] {logging_mixin.py:154} INFO - [2023-11-09T20:54:38.672-0500] {dag.py:3722} INFO - Setting next_dagrun for example_complex to None, run_after=None
[2023-11-09T20:54:38.683-0500] {processor.py:179} INFO - Processing /Users/az/anaconda3/envs/python38/lib/python3.8/site-packages/airflow/example_dags/example_complex.py took 0.159 seconds
[2023-11-09T20:56:49.343-0500] {processor.py:157} INFO - Started process (PID=58569) to work on /Users/az/anaconda3/envs/python38/lib/python3.8/site-packages/airflow/example_dags/example_complex.py
[2023-11-09T20:56:49.347-0500] {processor.py:829} INFO - Processing file /Users/az/anaconda3/envs/python38/lib/python3.8/site-packages/airflow/example_dags/example_complex.py for tasks to queue
[2023-11-09T20:56:49.348-0500] {logging_mixin.py:154} INFO - [2023-11-09T20:56:49.348-0500] {dagbag.py:536} INFO - Filling up the DagBag from /Users/az/anaconda3/envs/python38/lib/python3.8/site-packages/airflow/example_dags/example_complex.py
[2023-11-09T20:56:49.366-0500] {processor.py:839} INFO - DAG(s) dict_keys(['example_complex']) retrieved from /Users/az/anaconda3/envs/python38/lib/python3.8/site-packages/airflow/example_dags/example_complex.py
[2023-11-09T20:56:49.482-0500] {logging_mixin.py:154} INFO - [2023-11-09T20:56:49.481-0500] {dag.py:2941} INFO - Sync 1 DAGs
[2023-11-09T20:56:49.487-0500] {logging_mixin.py:154} INFO - [2023-11-09T20:56:49.487-0500] {dag.py:3722} INFO - Setting next_dagrun for example_complex to None, run_after=None
[2023-11-09T20:56:49.497-0500] {processor.py:179} INFO - Processing /Users/az/anaconda3/envs/python38/lib/python3.8/site-packages/airflow/example_dags/example_complex.py took 0.154 seconds
[2023-11-09T20:58:58.576-0500] {processor.py:157} INFO - Started process (PID=58720) to work on /Users/az/anaconda3/envs/python38/lib/python3.8/site-packages/airflow/example_dags/example_complex.py
[2023-11-09T20:58:58.581-0500] {processor.py:829} INFO - Processing file /Users/az/anaconda3/envs/python38/lib/python3.8/site-packages/airflow/example_dags/example_complex.py for tasks to queue
[2023-11-09T20:58:58.581-0500] {logging_mixin.py:154} INFO - [2023-11-09T20:58:58.581-0500] {dagbag.py:536} INFO - Filling up the DagBag from /Users/az/anaconda3/envs/python38/lib/python3.8/site-packages/airflow/example_dags/example_complex.py
[2023-11-09T20:58:58.600-0500] {processor.py:839} INFO - DAG(s) dict_keys(['example_complex']) retrieved from /Users/az/anaconda3/envs/python38/lib/python3.8/site-packages/airflow/example_dags/example_complex.py
[2023-11-09T20:58:58.716-0500] {logging_mixin.py:154} INFO - [2023-11-09T20:58:58.716-0500] {dag.py:2941} INFO - Sync 1 DAGs
[2023-11-09T20:58:58.721-0500] {logging_mixin.py:154} INFO - [2023-11-09T20:58:58.721-0500] {dag.py:3722} INFO - Setting next_dagrun for example_complex to None, run_after=None
[2023-11-09T20:58:58.732-0500] {processor.py:179} INFO - Processing /Users/az/anaconda3/envs/python38/lib/python3.8/site-packages/airflow/example_dags/example_complex.py took 0.156 seconds
[2023-11-09T21:01:11.904-0500] {processor.py:157} INFO - Started process (PID=58903) to work on /Users/az/anaconda3/envs/python38/lib/python3.8/site-packages/airflow/example_dags/example_complex.py
[2023-11-09T21:01:11.908-0500] {processor.py:829} INFO - Processing file /Users/az/anaconda3/envs/python38/lib/python3.8/site-packages/airflow/example_dags/example_complex.py for tasks to queue
[2023-11-09T21:01:11.908-0500] {logging_mixin.py:154} INFO - [2023-11-09T21:01:11.908-0500] {dagbag.py:536} INFO - Filling up the DagBag from /Users/az/anaconda3/envs/python38/lib/python3.8/site-packages/airflow/example_dags/example_complex.py
[2023-11-09T21:01:11.926-0500] {processor.py:839} INFO - DAG(s) dict_keys(['example_complex']) retrieved from /Users/az/anaconda3/envs/python38/lib/python3.8/site-packages/airflow/example_dags/example_complex.py
[2023-11-09T21:01:12.042-0500] {logging_mixin.py:154} INFO - [2023-11-09T21:01:12.041-0500] {dag.py:2941} INFO - Sync 1 DAGs
[2023-11-09T21:01:12.047-0500] {logging_mixin.py:154} INFO - [2023-11-09T21:01:12.047-0500] {dag.py:3722} INFO - Setting next_dagrun for example_complex to None, run_after=None
[2023-11-09T21:01:12.057-0500] {processor.py:179} INFO - Processing /Users/az/anaconda3/envs/python38/lib/python3.8/site-packages/airflow/example_dags/example_complex.py took 0.154 seconds
[2023-11-09T21:03:18.615-0500] {processor.py:157} INFO - Started process (PID=59065) to work on /Users/az/anaconda3/envs/python38/lib/python3.8/site-packages/airflow/example_dags/example_complex.py
[2023-11-09T21:03:18.619-0500] {processor.py:829} INFO - Processing file /Users/az/anaconda3/envs/python38/lib/python3.8/site-packages/airflow/example_dags/example_complex.py for tasks to queue
[2023-11-09T21:03:18.620-0500] {logging_mixin.py:154} INFO - [2023-11-09T21:03:18.620-0500] {dagbag.py:536} INFO - Filling up the DagBag from /Users/az/anaconda3/envs/python38/lib/python3.8/site-packages/airflow/example_dags/example_complex.py
[2023-11-09T21:03:18.638-0500] {processor.py:839} INFO - DAG(s) dict_keys(['example_complex']) retrieved from /Users/az/anaconda3/envs/python38/lib/python3.8/site-packages/airflow/example_dags/example_complex.py
[2023-11-09T21:03:18.752-0500] {logging_mixin.py:154} INFO - [2023-11-09T21:03:18.752-0500] {dag.py:2941} INFO - Sync 1 DAGs
[2023-11-09T21:03:18.758-0500] {logging_mixin.py:154} INFO - [2023-11-09T21:03:18.757-0500] {dag.py:3722} INFO - Setting next_dagrun for example_complex to None, run_after=None
[2023-11-09T21:03:18.767-0500] {processor.py:179} INFO - Processing /Users/az/anaconda3/envs/python38/lib/python3.8/site-packages/airflow/example_dags/example_complex.py took 0.153 seconds
[2023-11-09T21:05:18.141-0500] {processor.py:157} INFO - Started process (PID=59244) to work on /Users/az/anaconda3/envs/python38/lib/python3.8/site-packages/airflow/example_dags/example_complex.py
[2023-11-09T21:05:18.145-0500] {processor.py:829} INFO - Processing file /Users/az/anaconda3/envs/python38/lib/python3.8/site-packages/airflow/example_dags/example_complex.py for tasks to queue
[2023-11-09T21:05:18.146-0500] {logging_mixin.py:154} INFO - [2023-11-09T21:05:18.145-0500] {dagbag.py:536} INFO - Filling up the DagBag from /Users/az/anaconda3/envs/python38/lib/python3.8/site-packages/airflow/example_dags/example_complex.py
[2023-11-09T21:05:18.164-0500] {processor.py:839} INFO - DAG(s) dict_keys(['example_complex']) retrieved from /Users/az/anaconda3/envs/python38/lib/python3.8/site-packages/airflow/example_dags/example_complex.py
[2023-11-09T21:05:18.279-0500] {logging_mixin.py:154} INFO - [2023-11-09T21:05:18.279-0500] {dag.py:2941} INFO - Sync 1 DAGs
[2023-11-09T21:05:18.285-0500] {logging_mixin.py:154} INFO - [2023-11-09T21:05:18.284-0500] {dag.py:3722} INFO - Setting next_dagrun for example_complex to None, run_after=None
[2023-11-09T21:05:18.295-0500] {processor.py:179} INFO - Processing /Users/az/anaconda3/envs/python38/lib/python3.8/site-packages/airflow/example_dags/example_complex.py took 0.155 seconds
[2023-11-09T21:07:22.014-0500] {processor.py:157} INFO - Started process (PID=59403) to work on /Users/az/anaconda3/envs/python38/lib/python3.8/site-packages/airflow/example_dags/example_complex.py
[2023-11-09T21:07:22.019-0500] {processor.py:829} INFO - Processing file /Users/az/anaconda3/envs/python38/lib/python3.8/site-packages/airflow/example_dags/example_complex.py for tasks to queue
[2023-11-09T21:07:22.019-0500] {logging_mixin.py:154} INFO - [2023-11-09T21:07:22.019-0500] {dagbag.py:536} INFO - Filling up the DagBag from /Users/az/anaconda3/envs/python38/lib/python3.8/site-packages/airflow/example_dags/example_complex.py
[2023-11-09T21:07:22.037-0500] {processor.py:839} INFO - DAG(s) dict_keys(['example_complex']) retrieved from /Users/az/anaconda3/envs/python38/lib/python3.8/site-packages/airflow/example_dags/example_complex.py
[2023-11-09T21:07:22.152-0500] {logging_mixin.py:154} INFO - [2023-11-09T21:07:22.152-0500] {dag.py:2941} INFO - Sync 1 DAGs
[2023-11-09T21:07:22.157-0500] {logging_mixin.py:154} INFO - [2023-11-09T21:07:22.157-0500] {dag.py:3722} INFO - Setting next_dagrun for example_complex to None, run_after=None
[2023-11-09T21:07:22.167-0500] {processor.py:179} INFO - Processing /Users/az/anaconda3/envs/python38/lib/python3.8/site-packages/airflow/example_dags/example_complex.py took 0.154 seconds
[2023-11-09T21:09:19.365-0500] {processor.py:157} INFO - Started process (PID=59545) to work on /Users/az/anaconda3/envs/python38/lib/python3.8/site-packages/airflow/example_dags/example_complex.py
[2023-11-09T21:09:19.369-0500] {processor.py:829} INFO - Processing file /Users/az/anaconda3/envs/python38/lib/python3.8/site-packages/airflow/example_dags/example_complex.py for tasks to queue
[2023-11-09T21:09:19.369-0500] {logging_mixin.py:154} INFO - [2023-11-09T21:09:19.369-0500] {dagbag.py:536} INFO - Filling up the DagBag from /Users/az/anaconda3/envs/python38/lib/python3.8/site-packages/airflow/example_dags/example_complex.py
[2023-11-09T21:09:19.388-0500] {processor.py:839} INFO - DAG(s) dict_keys(['example_complex']) retrieved from /Users/az/anaconda3/envs/python38/lib/python3.8/site-packages/airflow/example_dags/example_complex.py
[2023-11-09T21:09:19.509-0500] {logging_mixin.py:154} INFO - [2023-11-09T21:09:19.509-0500] {dag.py:2941} INFO - Sync 1 DAGs
[2023-11-09T21:09:19.514-0500] {logging_mixin.py:154} INFO - [2023-11-09T21:09:19.514-0500] {dag.py:3722} INFO - Setting next_dagrun for example_complex to None, run_after=None
[2023-11-09T21:09:19.525-0500] {processor.py:179} INFO - Processing /Users/az/anaconda3/envs/python38/lib/python3.8/site-packages/airflow/example_dags/example_complex.py took 0.161 seconds
[2023-11-09T21:11:20.931-0500] {processor.py:157} INFO - Started process (PID=59708) to work on /Users/az/anaconda3/envs/python38/lib/python3.8/site-packages/airflow/example_dags/example_complex.py
[2023-11-09T21:11:20.936-0500] {processor.py:829} INFO - Processing file /Users/az/anaconda3/envs/python38/lib/python3.8/site-packages/airflow/example_dags/example_complex.py for tasks to queue
[2023-11-09T21:11:20.936-0500] {logging_mixin.py:154} INFO - [2023-11-09T21:11:20.936-0500] {dagbag.py:536} INFO - Filling up the DagBag from /Users/az/anaconda3/envs/python38/lib/python3.8/site-packages/airflow/example_dags/example_complex.py
[2023-11-09T21:11:20.955-0500] {processor.py:839} INFO - DAG(s) dict_keys(['example_complex']) retrieved from /Users/az/anaconda3/envs/python38/lib/python3.8/site-packages/airflow/example_dags/example_complex.py
[2023-11-09T21:11:21.074-0500] {logging_mixin.py:154} INFO - [2023-11-09T21:11:21.073-0500] {dag.py:2941} INFO - Sync 1 DAGs
[2023-11-09T21:11:21.079-0500] {logging_mixin.py:154} INFO - [2023-11-09T21:11:21.079-0500] {dag.py:3722} INFO - Setting next_dagrun for example_complex to None, run_after=None
[2023-11-09T21:11:21.089-0500] {processor.py:179} INFO - Processing /Users/az/anaconda3/envs/python38/lib/python3.8/site-packages/airflow/example_dags/example_complex.py took 0.158 seconds
[2023-11-09T21:13:19.653-0500] {processor.py:157} INFO - Started process (PID=59855) to work on /Users/az/anaconda3/envs/python38/lib/python3.8/site-packages/airflow/example_dags/example_complex.py
[2023-11-09T21:13:19.657-0500] {processor.py:829} INFO - Processing file /Users/az/anaconda3/envs/python38/lib/python3.8/site-packages/airflow/example_dags/example_complex.py for tasks to queue
[2023-11-09T21:13:19.658-0500] {logging_mixin.py:154} INFO - [2023-11-09T21:13:19.658-0500] {dagbag.py:536} INFO - Filling up the DagBag from /Users/az/anaconda3/envs/python38/lib/python3.8/site-packages/airflow/example_dags/example_complex.py
[2023-11-09T21:13:19.676-0500] {processor.py:839} INFO - DAG(s) dict_keys(['example_complex']) retrieved from /Users/az/anaconda3/envs/python38/lib/python3.8/site-packages/airflow/example_dags/example_complex.py
[2023-11-09T21:13:19.790-0500] {logging_mixin.py:154} INFO - [2023-11-09T21:13:19.789-0500] {dag.py:2941} INFO - Sync 1 DAGs
[2023-11-09T21:13:19.795-0500] {logging_mixin.py:154} INFO - [2023-11-09T21:13:19.795-0500] {dag.py:3722} INFO - Setting next_dagrun for example_complex to None, run_after=None
[2023-11-09T21:13:19.805-0500] {processor.py:179} INFO - Processing /Users/az/anaconda3/envs/python38/lib/python3.8/site-packages/airflow/example_dags/example_complex.py took 0.153 seconds
