[2023-11-08T17:46:56.526-0500] {processor.py:157} INFO - Started process (PID=48859) to work on /Users/az/anaconda3/envs/python38/lib/python3.8/site-packages/airflow/example_dags/subdags/subdag.py
[2023-11-08T17:46:56.529-0500] {processor.py:829} INFO - Processing file /Users/az/anaconda3/envs/python38/lib/python3.8/site-packages/airflow/example_dags/subdags/subdag.py for tasks to queue
[2023-11-08T17:46:56.530-0500] {logging_mixin.py:154} INFO - [2023-11-08T17:46:56.530-0500] {dagbag.py:536} INFO - Filling up the DagBag from /Users/az/anaconda3/envs/python38/lib/python3.8/site-packages/airflow/example_dags/subdags/subdag.py
[2023-11-08T17:46:56.531-0500] {processor.py:841} WARNING - No viable dags retrieved from /Users/az/anaconda3/envs/python38/lib/python3.8/site-packages/airflow/example_dags/subdags/subdag.py
[2023-11-08T17:46:56.607-0500] {processor.py:179} INFO - Processing /Users/az/anaconda3/envs/python38/lib/python3.8/site-packages/airflow/example_dags/subdags/subdag.py took 0.082 seconds
[2023-11-08T17:48:33.076-0500] {processor.py:157} INFO - Started process (PID=48998) to work on /Users/az/anaconda3/envs/python38/lib/python3.8/site-packages/airflow/example_dags/subdags/subdag.py
[2023-11-08T17:48:33.080-0500] {processor.py:829} INFO - Processing file /Users/az/anaconda3/envs/python38/lib/python3.8/site-packages/airflow/example_dags/subdags/subdag.py for tasks to queue
[2023-11-08T17:48:33.081-0500] {logging_mixin.py:154} INFO - [2023-11-08T17:48:33.081-0500] {dagbag.py:536} INFO - Filling up the DagBag from /Users/az/anaconda3/envs/python38/lib/python3.8/site-packages/airflow/example_dags/subdags/subdag.py
[2023-11-08T17:48:33.082-0500] {processor.py:841} WARNING - No viable dags retrieved from /Users/az/anaconda3/envs/python38/lib/python3.8/site-packages/airflow/example_dags/subdags/subdag.py
[2023-11-08T17:48:33.158-0500] {processor.py:179} INFO - Processing /Users/az/anaconda3/envs/python38/lib/python3.8/site-packages/airflow/example_dags/subdags/subdag.py took 0.082 seconds
[2023-11-08T17:49:36.510-0500] {processor.py:157} INFO - Started process (PID=49086) to work on /Users/az/anaconda3/envs/python38/lib/python3.8/site-packages/airflow/example_dags/subdags/subdag.py
[2023-11-08T17:49:36.515-0500] {processor.py:829} INFO - Processing file /Users/az/anaconda3/envs/python38/lib/python3.8/site-packages/airflow/example_dags/subdags/subdag.py for tasks to queue
[2023-11-08T17:49:36.515-0500] {logging_mixin.py:154} INFO - [2023-11-08T17:49:36.515-0500] {dagbag.py:536} INFO - Filling up the DagBag from /Users/az/anaconda3/envs/python38/lib/python3.8/site-packages/airflow/example_dags/subdags/subdag.py
[2023-11-08T17:49:36.516-0500] {processor.py:841} WARNING - No viable dags retrieved from /Users/az/anaconda3/envs/python38/lib/python3.8/site-packages/airflow/example_dags/subdags/subdag.py
[2023-11-08T17:49:36.594-0500] {processor.py:179} INFO - Processing /Users/az/anaconda3/envs/python38/lib/python3.8/site-packages/airflow/example_dags/subdags/subdag.py took 0.084 seconds
[2023-11-08T17:50:38.508-0500] {processor.py:157} INFO - Started process (PID=49208) to work on /Users/az/anaconda3/envs/python38/lib/python3.8/site-packages/airflow/example_dags/subdags/subdag.py
[2023-11-08T17:50:38.512-0500] {processor.py:829} INFO - Processing file /Users/az/anaconda3/envs/python38/lib/python3.8/site-packages/airflow/example_dags/subdags/subdag.py for tasks to queue
[2023-11-08T17:50:38.513-0500] {logging_mixin.py:154} INFO - [2023-11-08T17:50:38.513-0500] {dagbag.py:536} INFO - Filling up the DagBag from /Users/az/anaconda3/envs/python38/lib/python3.8/site-packages/airflow/example_dags/subdags/subdag.py
[2023-11-08T17:50:38.514-0500] {processor.py:841} WARNING - No viable dags retrieved from /Users/az/anaconda3/envs/python38/lib/python3.8/site-packages/airflow/example_dags/subdags/subdag.py
[2023-11-08T17:50:38.590-0500] {processor.py:179} INFO - Processing /Users/az/anaconda3/envs/python38/lib/python3.8/site-packages/airflow/example_dags/subdags/subdag.py took 0.082 seconds
[2023-11-08T17:51:37.614-0500] {processor.py:157} INFO - Started process (PID=49288) to work on /Users/az/anaconda3/envs/python38/lib/python3.8/site-packages/airflow/example_dags/subdags/subdag.py
[2023-11-08T17:51:37.619-0500] {processor.py:829} INFO - Processing file /Users/az/anaconda3/envs/python38/lib/python3.8/site-packages/airflow/example_dags/subdags/subdag.py for tasks to queue
[2023-11-08T17:51:37.619-0500] {logging_mixin.py:154} INFO - [2023-11-08T17:51:37.619-0500] {dagbag.py:536} INFO - Filling up the DagBag from /Users/az/anaconda3/envs/python38/lib/python3.8/site-packages/airflow/example_dags/subdags/subdag.py
[2023-11-08T17:51:37.620-0500] {processor.py:841} WARNING - No viable dags retrieved from /Users/az/anaconda3/envs/python38/lib/python3.8/site-packages/airflow/example_dags/subdags/subdag.py
[2023-11-08T17:51:37.696-0500] {processor.py:179} INFO - Processing /Users/az/anaconda3/envs/python38/lib/python3.8/site-packages/airflow/example_dags/subdags/subdag.py took 0.082 seconds
[2023-11-08T17:52:34.301-0500] {processor.py:157} INFO - Started process (PID=49363) to work on /Users/az/anaconda3/envs/python38/lib/python3.8/site-packages/airflow/example_dags/subdags/subdag.py
[2023-11-08T17:52:34.305-0500] {processor.py:829} INFO - Processing file /Users/az/anaconda3/envs/python38/lib/python3.8/site-packages/airflow/example_dags/subdags/subdag.py for tasks to queue
[2023-11-08T17:52:34.305-0500] {logging_mixin.py:154} INFO - [2023-11-08T17:52:34.305-0500] {dagbag.py:536} INFO - Filling up the DagBag from /Users/az/anaconda3/envs/python38/lib/python3.8/site-packages/airflow/example_dags/subdags/subdag.py
[2023-11-08T17:52:34.306-0500] {processor.py:841} WARNING - No viable dags retrieved from /Users/az/anaconda3/envs/python38/lib/python3.8/site-packages/airflow/example_dags/subdags/subdag.py
[2023-11-08T17:52:34.381-0500] {processor.py:179} INFO - Processing /Users/az/anaconda3/envs/python38/lib/python3.8/site-packages/airflow/example_dags/subdags/subdag.py took 0.080 seconds
[2023-11-08T17:53:30.176-0500] {processor.py:157} INFO - Started process (PID=49434) to work on /Users/az/anaconda3/envs/python38/lib/python3.8/site-packages/airflow/example_dags/subdags/subdag.py
[2023-11-08T17:53:30.179-0500] {processor.py:829} INFO - Processing file /Users/az/anaconda3/envs/python38/lib/python3.8/site-packages/airflow/example_dags/subdags/subdag.py for tasks to queue
[2023-11-08T17:53:30.180-0500] {logging_mixin.py:154} INFO - [2023-11-08T17:53:30.179-0500] {dagbag.py:536} INFO - Filling up the DagBag from /Users/az/anaconda3/envs/python38/lib/python3.8/site-packages/airflow/example_dags/subdags/subdag.py
[2023-11-08T17:53:30.181-0500] {processor.py:841} WARNING - No viable dags retrieved from /Users/az/anaconda3/envs/python38/lib/python3.8/site-packages/airflow/example_dags/subdags/subdag.py
[2023-11-08T17:53:30.257-0500] {processor.py:179} INFO - Processing /Users/az/anaconda3/envs/python38/lib/python3.8/site-packages/airflow/example_dags/subdags/subdag.py took 0.082 seconds
[2023-11-08T17:54:26.827-0500] {processor.py:157} INFO - Started process (PID=49504) to work on /Users/az/anaconda3/envs/python38/lib/python3.8/site-packages/airflow/example_dags/subdags/subdag.py
[2023-11-08T17:54:26.831-0500] {processor.py:829} INFO - Processing file /Users/az/anaconda3/envs/python38/lib/python3.8/site-packages/airflow/example_dags/subdags/subdag.py for tasks to queue
[2023-11-08T17:54:26.832-0500] {logging_mixin.py:154} INFO - [2023-11-08T17:54:26.832-0500] {dagbag.py:536} INFO - Filling up the DagBag from /Users/az/anaconda3/envs/python38/lib/python3.8/site-packages/airflow/example_dags/subdags/subdag.py
[2023-11-08T17:54:26.833-0500] {processor.py:841} WARNING - No viable dags retrieved from /Users/az/anaconda3/envs/python38/lib/python3.8/site-packages/airflow/example_dags/subdags/subdag.py
[2023-11-08T17:54:26.908-0500] {processor.py:179} INFO - Processing /Users/az/anaconda3/envs/python38/lib/python3.8/site-packages/airflow/example_dags/subdags/subdag.py took 0.082 seconds
[2023-11-08T17:55:27.267-0500] {processor.py:157} INFO - Started process (PID=49578) to work on /Users/az/anaconda3/envs/python38/lib/python3.8/site-packages/airflow/example_dags/subdags/subdag.py
[2023-11-08T17:55:27.272-0500] {processor.py:829} INFO - Processing file /Users/az/anaconda3/envs/python38/lib/python3.8/site-packages/airflow/example_dags/subdags/subdag.py for tasks to queue
[2023-11-08T17:55:27.272-0500] {logging_mixin.py:154} INFO - [2023-11-08T17:55:27.272-0500] {dagbag.py:536} INFO - Filling up the DagBag from /Users/az/anaconda3/envs/python38/lib/python3.8/site-packages/airflow/example_dags/subdags/subdag.py
[2023-11-08T17:55:27.274-0500] {processor.py:841} WARNING - No viable dags retrieved from /Users/az/anaconda3/envs/python38/lib/python3.8/site-packages/airflow/example_dags/subdags/subdag.py
[2023-11-08T17:55:27.349-0500] {processor.py:179} INFO - Processing /Users/az/anaconda3/envs/python38/lib/python3.8/site-packages/airflow/example_dags/subdags/subdag.py took 0.082 seconds
[2023-11-08T17:56:27.940-0500] {processor.py:157} INFO - Started process (PID=49651) to work on /Users/az/anaconda3/envs/python38/lib/python3.8/site-packages/airflow/example_dags/subdags/subdag.py
[2023-11-08T17:56:27.945-0500] {processor.py:829} INFO - Processing file /Users/az/anaconda3/envs/python38/lib/python3.8/site-packages/airflow/example_dags/subdags/subdag.py for tasks to queue
[2023-11-08T17:56:27.945-0500] {logging_mixin.py:154} INFO - [2023-11-08T17:56:27.945-0500] {dagbag.py:536} INFO - Filling up the DagBag from /Users/az/anaconda3/envs/python38/lib/python3.8/site-packages/airflow/example_dags/subdags/subdag.py
[2023-11-08T17:56:27.947-0500] {processor.py:841} WARNING - No viable dags retrieved from /Users/az/anaconda3/envs/python38/lib/python3.8/site-packages/airflow/example_dags/subdags/subdag.py
[2023-11-08T17:56:28.022-0500] {processor.py:179} INFO - Processing /Users/az/anaconda3/envs/python38/lib/python3.8/site-packages/airflow/example_dags/subdags/subdag.py took 0.082 seconds
[2023-11-08T17:57:27.872-0500] {processor.py:157} INFO - Started process (PID=49729) to work on /Users/az/anaconda3/envs/python38/lib/python3.8/site-packages/airflow/example_dags/subdags/subdag.py
[2023-11-08T17:57:27.876-0500] {processor.py:829} INFO - Processing file /Users/az/anaconda3/envs/python38/lib/python3.8/site-packages/airflow/example_dags/subdags/subdag.py for tasks to queue
[2023-11-08T17:57:27.877-0500] {logging_mixin.py:154} INFO - [2023-11-08T17:57:27.877-0500] {dagbag.py:536} INFO - Filling up the DagBag from /Users/az/anaconda3/envs/python38/lib/python3.8/site-packages/airflow/example_dags/subdags/subdag.py
[2023-11-08T17:57:27.878-0500] {processor.py:841} WARNING - No viable dags retrieved from /Users/az/anaconda3/envs/python38/lib/python3.8/site-packages/airflow/example_dags/subdags/subdag.py
[2023-11-08T17:57:27.953-0500] {processor.py:179} INFO - Processing /Users/az/anaconda3/envs/python38/lib/python3.8/site-packages/airflow/example_dags/subdags/subdag.py took 0.082 seconds
[2023-11-08T17:58:29.043-0500] {processor.py:157} INFO - Started process (PID=49823) to work on /Users/az/anaconda3/envs/python38/lib/python3.8/site-packages/airflow/example_dags/subdags/subdag.py
[2023-11-08T17:58:29.047-0500] {processor.py:829} INFO - Processing file /Users/az/anaconda3/envs/python38/lib/python3.8/site-packages/airflow/example_dags/subdags/subdag.py for tasks to queue
[2023-11-08T17:58:29.048-0500] {logging_mixin.py:154} INFO - [2023-11-08T17:58:29.048-0500] {dagbag.py:536} INFO - Filling up the DagBag from /Users/az/anaconda3/envs/python38/lib/python3.8/site-packages/airflow/example_dags/subdags/subdag.py
[2023-11-08T17:58:29.049-0500] {processor.py:841} WARNING - No viable dags retrieved from /Users/az/anaconda3/envs/python38/lib/python3.8/site-packages/airflow/example_dags/subdags/subdag.py
[2023-11-08T17:58:29.125-0500] {processor.py:179} INFO - Processing /Users/az/anaconda3/envs/python38/lib/python3.8/site-packages/airflow/example_dags/subdags/subdag.py took 0.083 seconds
[2023-11-08T17:59:29.584-0500] {processor.py:157} INFO - Started process (PID=49897) to work on /Users/az/anaconda3/envs/python38/lib/python3.8/site-packages/airflow/example_dags/subdags/subdag.py
[2023-11-08T17:59:29.589-0500] {processor.py:829} INFO - Processing file /Users/az/anaconda3/envs/python38/lib/python3.8/site-packages/airflow/example_dags/subdags/subdag.py for tasks to queue
[2023-11-08T17:59:29.589-0500] {logging_mixin.py:154} INFO - [2023-11-08T17:59:29.589-0500] {dagbag.py:536} INFO - Filling up the DagBag from /Users/az/anaconda3/envs/python38/lib/python3.8/site-packages/airflow/example_dags/subdags/subdag.py
[2023-11-08T17:59:29.590-0500] {processor.py:841} WARNING - No viable dags retrieved from /Users/az/anaconda3/envs/python38/lib/python3.8/site-packages/airflow/example_dags/subdags/subdag.py
[2023-11-08T17:59:29.666-0500] {processor.py:179} INFO - Processing /Users/az/anaconda3/envs/python38/lib/python3.8/site-packages/airflow/example_dags/subdags/subdag.py took 0.083 seconds
[2023-11-08T18:00:30.790-0500] {processor.py:157} INFO - Started process (PID=49973) to work on /Users/az/anaconda3/envs/python38/lib/python3.8/site-packages/airflow/example_dags/subdags/subdag.py
[2023-11-08T18:00:30.795-0500] {processor.py:829} INFO - Processing file /Users/az/anaconda3/envs/python38/lib/python3.8/site-packages/airflow/example_dags/subdags/subdag.py for tasks to queue
[2023-11-08T18:00:30.795-0500] {logging_mixin.py:154} INFO - [2023-11-08T18:00:30.795-0500] {dagbag.py:536} INFO - Filling up the DagBag from /Users/az/anaconda3/envs/python38/lib/python3.8/site-packages/airflow/example_dags/subdags/subdag.py
[2023-11-08T18:00:30.797-0500] {processor.py:841} WARNING - No viable dags retrieved from /Users/az/anaconda3/envs/python38/lib/python3.8/site-packages/airflow/example_dags/subdags/subdag.py
[2023-11-08T18:00:30.873-0500] {processor.py:179} INFO - Processing /Users/az/anaconda3/envs/python38/lib/python3.8/site-packages/airflow/example_dags/subdags/subdag.py took 0.083 seconds
[2023-11-08T18:01:29.789-0500] {processor.py:157} INFO - Started process (PID=50065) to work on /Users/az/anaconda3/envs/python38/lib/python3.8/site-packages/airflow/example_dags/subdags/subdag.py
[2023-11-08T18:01:29.794-0500] {processor.py:829} INFO - Processing file /Users/az/anaconda3/envs/python38/lib/python3.8/site-packages/airflow/example_dags/subdags/subdag.py for tasks to queue
[2023-11-08T18:01:29.794-0500] {logging_mixin.py:154} INFO - [2023-11-08T18:01:29.794-0500] {dagbag.py:536} INFO - Filling up the DagBag from /Users/az/anaconda3/envs/python38/lib/python3.8/site-packages/airflow/example_dags/subdags/subdag.py
[2023-11-08T18:01:29.796-0500] {processor.py:841} WARNING - No viable dags retrieved from /Users/az/anaconda3/envs/python38/lib/python3.8/site-packages/airflow/example_dags/subdags/subdag.py
[2023-11-08T18:01:29.871-0500] {processor.py:179} INFO - Processing /Users/az/anaconda3/envs/python38/lib/python3.8/site-packages/airflow/example_dags/subdags/subdag.py took 0.082 seconds
[2023-11-08T18:02:27.856-0500] {processor.py:157} INFO - Started process (PID=50145) to work on /Users/az/anaconda3/envs/python38/lib/python3.8/site-packages/airflow/example_dags/subdags/subdag.py
[2023-11-08T18:02:27.860-0500] {processor.py:829} INFO - Processing file /Users/az/anaconda3/envs/python38/lib/python3.8/site-packages/airflow/example_dags/subdags/subdag.py for tasks to queue
[2023-11-08T18:02:27.861-0500] {logging_mixin.py:154} INFO - [2023-11-08T18:02:27.860-0500] {dagbag.py:536} INFO - Filling up the DagBag from /Users/az/anaconda3/envs/python38/lib/python3.8/site-packages/airflow/example_dags/subdags/subdag.py
[2023-11-08T18:02:27.862-0500] {processor.py:841} WARNING - No viable dags retrieved from /Users/az/anaconda3/envs/python38/lib/python3.8/site-packages/airflow/example_dags/subdags/subdag.py
[2023-11-08T18:02:27.938-0500] {processor.py:179} INFO - Processing /Users/az/anaconda3/envs/python38/lib/python3.8/site-packages/airflow/example_dags/subdags/subdag.py took 0.083 seconds
[2023-11-08T18:03:27.583-0500] {processor.py:157} INFO - Started process (PID=50315) to work on /Users/az/anaconda3/envs/python38/lib/python3.8/site-packages/airflow/example_dags/subdags/subdag.py
[2023-11-08T18:03:27.587-0500] {processor.py:829} INFO - Processing file /Users/az/anaconda3/envs/python38/lib/python3.8/site-packages/airflow/example_dags/subdags/subdag.py for tasks to queue
[2023-11-08T18:03:27.588-0500] {logging_mixin.py:154} INFO - [2023-11-08T18:03:27.587-0500] {dagbag.py:536} INFO - Filling up the DagBag from /Users/az/anaconda3/envs/python38/lib/python3.8/site-packages/airflow/example_dags/subdags/subdag.py
[2023-11-08T18:03:27.589-0500] {processor.py:841} WARNING - No viable dags retrieved from /Users/az/anaconda3/envs/python38/lib/python3.8/site-packages/airflow/example_dags/subdags/subdag.py
[2023-11-08T18:03:27.665-0500] {processor.py:179} INFO - Processing /Users/az/anaconda3/envs/python38/lib/python3.8/site-packages/airflow/example_dags/subdags/subdag.py took 0.082 seconds
[2023-11-08T18:04:26.767-0500] {processor.py:157} INFO - Started process (PID=50468) to work on /Users/az/anaconda3/envs/python38/lib/python3.8/site-packages/airflow/example_dags/subdags/subdag.py
[2023-11-08T18:04:26.773-0500] {processor.py:829} INFO - Processing file /Users/az/anaconda3/envs/python38/lib/python3.8/site-packages/airflow/example_dags/subdags/subdag.py for tasks to queue
[2023-11-08T18:04:26.774-0500] {logging_mixin.py:154} INFO - [2023-11-08T18:04:26.774-0500] {dagbag.py:536} INFO - Filling up the DagBag from /Users/az/anaconda3/envs/python38/lib/python3.8/site-packages/airflow/example_dags/subdags/subdag.py
[2023-11-08T18:04:26.775-0500] {processor.py:841} WARNING - No viable dags retrieved from /Users/az/anaconda3/envs/python38/lib/python3.8/site-packages/airflow/example_dags/subdags/subdag.py
[2023-11-08T18:04:26.851-0500] {processor.py:179} INFO - Processing /Users/az/anaconda3/envs/python38/lib/python3.8/site-packages/airflow/example_dags/subdags/subdag.py took 0.085 seconds
[2023-11-08T18:05:23.970-0500] {processor.py:157} INFO - Started process (PID=50540) to work on /Users/az/anaconda3/envs/python38/lib/python3.8/site-packages/airflow/example_dags/subdags/subdag.py
[2023-11-08T18:05:23.975-0500] {processor.py:829} INFO - Processing file /Users/az/anaconda3/envs/python38/lib/python3.8/site-packages/airflow/example_dags/subdags/subdag.py for tasks to queue
[2023-11-08T18:05:23.975-0500] {logging_mixin.py:154} INFO - [2023-11-08T18:05:23.975-0500] {dagbag.py:536} INFO - Filling up the DagBag from /Users/az/anaconda3/envs/python38/lib/python3.8/site-packages/airflow/example_dags/subdags/subdag.py
[2023-11-08T18:05:23.977-0500] {processor.py:841} WARNING - No viable dags retrieved from /Users/az/anaconda3/envs/python38/lib/python3.8/site-packages/airflow/example_dags/subdags/subdag.py
[2023-11-08T18:05:24.052-0500] {processor.py:179} INFO - Processing /Users/az/anaconda3/envs/python38/lib/python3.8/site-packages/airflow/example_dags/subdags/subdag.py took 0.082 seconds
[2023-11-08T18:06:22.059-0500] {processor.py:157} INFO - Started process (PID=50615) to work on /Users/az/anaconda3/envs/python38/lib/python3.8/site-packages/airflow/example_dags/subdags/subdag.py
[2023-11-08T18:06:22.064-0500] {processor.py:829} INFO - Processing file /Users/az/anaconda3/envs/python38/lib/python3.8/site-packages/airflow/example_dags/subdags/subdag.py for tasks to queue
[2023-11-08T18:06:22.064-0500] {logging_mixin.py:154} INFO - [2023-11-08T18:06:22.064-0500] {dagbag.py:536} INFO - Filling up the DagBag from /Users/az/anaconda3/envs/python38/lib/python3.8/site-packages/airflow/example_dags/subdags/subdag.py
[2023-11-08T18:06:22.065-0500] {processor.py:841} WARNING - No viable dags retrieved from /Users/az/anaconda3/envs/python38/lib/python3.8/site-packages/airflow/example_dags/subdags/subdag.py
[2023-11-08T18:06:22.141-0500] {processor.py:179} INFO - Processing /Users/az/anaconda3/envs/python38/lib/python3.8/site-packages/airflow/example_dags/subdags/subdag.py took 0.083 seconds
[2023-11-08T18:07:18.267-0500] {processor.py:157} INFO - Started process (PID=50703) to work on /Users/az/anaconda3/envs/python38/lib/python3.8/site-packages/airflow/example_dags/subdags/subdag.py
[2023-11-08T18:07:18.271-0500] {processor.py:829} INFO - Processing file /Users/az/anaconda3/envs/python38/lib/python3.8/site-packages/airflow/example_dags/subdags/subdag.py for tasks to queue
[2023-11-08T18:07:18.272-0500] {logging_mixin.py:154} INFO - [2023-11-08T18:07:18.271-0500] {dagbag.py:536} INFO - Filling up the DagBag from /Users/az/anaconda3/envs/python38/lib/python3.8/site-packages/airflow/example_dags/subdags/subdag.py
[2023-11-08T18:07:18.273-0500] {processor.py:841} WARNING - No viable dags retrieved from /Users/az/anaconda3/envs/python38/lib/python3.8/site-packages/airflow/example_dags/subdags/subdag.py
[2023-11-08T18:07:18.349-0500] {processor.py:179} INFO - Processing /Users/az/anaconda3/envs/python38/lib/python3.8/site-packages/airflow/example_dags/subdags/subdag.py took 0.083 seconds
[2023-11-08T18:08:15.696-0500] {processor.py:157} INFO - Started process (PID=50788) to work on /Users/az/anaconda3/envs/python38/lib/python3.8/site-packages/airflow/example_dags/subdags/subdag.py
[2023-11-08T18:08:15.701-0500] {processor.py:829} INFO - Processing file /Users/az/anaconda3/envs/python38/lib/python3.8/site-packages/airflow/example_dags/subdags/subdag.py for tasks to queue
[2023-11-08T18:08:15.701-0500] {logging_mixin.py:154} INFO - [2023-11-08T18:08:15.701-0500] {dagbag.py:536} INFO - Filling up the DagBag from /Users/az/anaconda3/envs/python38/lib/python3.8/site-packages/airflow/example_dags/subdags/subdag.py
[2023-11-08T18:08:15.702-0500] {processor.py:841} WARNING - No viable dags retrieved from /Users/az/anaconda3/envs/python38/lib/python3.8/site-packages/airflow/example_dags/subdags/subdag.py
[2023-11-08T18:08:15.778-0500] {processor.py:179} INFO - Processing /Users/az/anaconda3/envs/python38/lib/python3.8/site-packages/airflow/example_dags/subdags/subdag.py took 0.082 seconds
[2023-11-08T18:09:14.662-0500] {processor.py:157} INFO - Started process (PID=50869) to work on /Users/az/anaconda3/envs/python38/lib/python3.8/site-packages/airflow/example_dags/subdags/subdag.py
[2023-11-08T18:09:14.667-0500] {processor.py:829} INFO - Processing file /Users/az/anaconda3/envs/python38/lib/python3.8/site-packages/airflow/example_dags/subdags/subdag.py for tasks to queue
[2023-11-08T18:09:14.667-0500] {logging_mixin.py:154} INFO - [2023-11-08T18:09:14.667-0500] {dagbag.py:536} INFO - Filling up the DagBag from /Users/az/anaconda3/envs/python38/lib/python3.8/site-packages/airflow/example_dags/subdags/subdag.py
[2023-11-08T18:09:14.669-0500] {processor.py:841} WARNING - No viable dags retrieved from /Users/az/anaconda3/envs/python38/lib/python3.8/site-packages/airflow/example_dags/subdags/subdag.py
[2023-11-08T18:09:14.744-0500] {processor.py:179} INFO - Processing /Users/az/anaconda3/envs/python38/lib/python3.8/site-packages/airflow/example_dags/subdags/subdag.py took 0.082 seconds
[2023-11-08T18:10:14.930-0500] {processor.py:157} INFO - Started process (PID=50947) to work on /Users/az/anaconda3/envs/python38/lib/python3.8/site-packages/airflow/example_dags/subdags/subdag.py
[2023-11-08T18:10:14.933-0500] {processor.py:829} INFO - Processing file /Users/az/anaconda3/envs/python38/lib/python3.8/site-packages/airflow/example_dags/subdags/subdag.py for tasks to queue
[2023-11-08T18:10:14.934-0500] {logging_mixin.py:154} INFO - [2023-11-08T18:10:14.934-0500] {dagbag.py:536} INFO - Filling up the DagBag from /Users/az/anaconda3/envs/python38/lib/python3.8/site-packages/airflow/example_dags/subdags/subdag.py
[2023-11-08T18:10:14.935-0500] {processor.py:841} WARNING - No viable dags retrieved from /Users/az/anaconda3/envs/python38/lib/python3.8/site-packages/airflow/example_dags/subdags/subdag.py
[2023-11-08T18:10:15.011-0500] {processor.py:179} INFO - Processing /Users/az/anaconda3/envs/python38/lib/python3.8/site-packages/airflow/example_dags/subdags/subdag.py took 0.082 seconds
[2023-11-08T18:11:14.680-0500] {processor.py:157} INFO - Started process (PID=51023) to work on /Users/az/anaconda3/envs/python38/lib/python3.8/site-packages/airflow/example_dags/subdags/subdag.py
[2023-11-08T18:11:14.684-0500] {processor.py:829} INFO - Processing file /Users/az/anaconda3/envs/python38/lib/python3.8/site-packages/airflow/example_dags/subdags/subdag.py for tasks to queue
[2023-11-08T18:11:14.684-0500] {logging_mixin.py:154} INFO - [2023-11-08T18:11:14.684-0500] {dagbag.py:536} INFO - Filling up the DagBag from /Users/az/anaconda3/envs/python38/lib/python3.8/site-packages/airflow/example_dags/subdags/subdag.py
[2023-11-08T18:11:14.685-0500] {processor.py:841} WARNING - No viable dags retrieved from /Users/az/anaconda3/envs/python38/lib/python3.8/site-packages/airflow/example_dags/subdags/subdag.py
[2023-11-08T18:11:14.762-0500] {processor.py:179} INFO - Processing /Users/az/anaconda3/envs/python38/lib/python3.8/site-packages/airflow/example_dags/subdags/subdag.py took 0.082 seconds
[2023-11-08T18:17:12.996-0500] {processor.py:157} INFO - Started process (PID=51125) to work on /Users/az/anaconda3/envs/python38/lib/python3.8/site-packages/airflow/example_dags/subdags/subdag.py
[2023-11-08T18:17:13.001-0500] {processor.py:829} INFO - Processing file /Users/az/anaconda3/envs/python38/lib/python3.8/site-packages/airflow/example_dags/subdags/subdag.py for tasks to queue
[2023-11-08T18:17:13.002-0500] {logging_mixin.py:154} INFO - [2023-11-08T18:17:13.002-0500] {dagbag.py:536} INFO - Filling up the DagBag from /Users/az/anaconda3/envs/python38/lib/python3.8/site-packages/airflow/example_dags/subdags/subdag.py
[2023-11-08T18:17:13.003-0500] {processor.py:841} WARNING - No viable dags retrieved from /Users/az/anaconda3/envs/python38/lib/python3.8/site-packages/airflow/example_dags/subdags/subdag.py
[2023-11-08T18:17:13.079-0500] {processor.py:179} INFO - Processing /Users/az/anaconda3/envs/python38/lib/python3.8/site-packages/airflow/example_dags/subdags/subdag.py took 0.083 seconds
[2023-11-08T18:23:27.013-0500] {processor.py:157} INFO - Started process (PID=51223) to work on /Users/az/anaconda3/envs/python38/lib/python3.8/site-packages/airflow/example_dags/subdags/subdag.py
[2023-11-08T18:23:27.017-0500] {processor.py:829} INFO - Processing file /Users/az/anaconda3/envs/python38/lib/python3.8/site-packages/airflow/example_dags/subdags/subdag.py for tasks to queue
[2023-11-08T18:23:27.018-0500] {logging_mixin.py:154} INFO - [2023-11-08T18:23:27.018-0500] {dagbag.py:536} INFO - Filling up the DagBag from /Users/az/anaconda3/envs/python38/lib/python3.8/site-packages/airflow/example_dags/subdags/subdag.py
[2023-11-08T18:23:27.019-0500] {processor.py:841} WARNING - No viable dags retrieved from /Users/az/anaconda3/envs/python38/lib/python3.8/site-packages/airflow/example_dags/subdags/subdag.py
[2023-11-08T18:23:27.095-0500] {processor.py:179} INFO - Processing /Users/az/anaconda3/envs/python38/lib/python3.8/site-packages/airflow/example_dags/subdags/subdag.py took 0.083 seconds
[2023-11-08T18:31:13.006-0500] {processor.py:157} INFO - Started process (PID=51303) to work on /Users/az/anaconda3/envs/python38/lib/python3.8/site-packages/airflow/example_dags/subdags/subdag.py
[2023-11-08T18:31:13.010-0500] {processor.py:829} INFO - Processing file /Users/az/anaconda3/envs/python38/lib/python3.8/site-packages/airflow/example_dags/subdags/subdag.py for tasks to queue
[2023-11-08T18:31:13.011-0500] {logging_mixin.py:154} INFO - [2023-11-08T18:31:13.011-0500] {dagbag.py:536} INFO - Filling up the DagBag from /Users/az/anaconda3/envs/python38/lib/python3.8/site-packages/airflow/example_dags/subdags/subdag.py
[2023-11-08T18:31:13.012-0500] {processor.py:841} WARNING - No viable dags retrieved from /Users/az/anaconda3/envs/python38/lib/python3.8/site-packages/airflow/example_dags/subdags/subdag.py
[2023-11-08T18:31:13.088-0500] {processor.py:179} INFO - Processing /Users/az/anaconda3/envs/python38/lib/python3.8/site-packages/airflow/example_dags/subdags/subdag.py took 0.083 seconds
[2023-11-08T18:32:12.581-0500] {processor.py:157} INFO - Started process (PID=51373) to work on /Users/az/anaconda3/envs/python38/lib/python3.8/site-packages/airflow/example_dags/subdags/subdag.py
[2023-11-08T18:32:12.585-0500] {processor.py:829} INFO - Processing file /Users/az/anaconda3/envs/python38/lib/python3.8/site-packages/airflow/example_dags/subdags/subdag.py for tasks to queue
[2023-11-08T18:32:12.585-0500] {logging_mixin.py:154} INFO - [2023-11-08T18:32:12.585-0500] {dagbag.py:536} INFO - Filling up the DagBag from /Users/az/anaconda3/envs/python38/lib/python3.8/site-packages/airflow/example_dags/subdags/subdag.py
[2023-11-08T18:32:12.587-0500] {processor.py:841} WARNING - No viable dags retrieved from /Users/az/anaconda3/envs/python38/lib/python3.8/site-packages/airflow/example_dags/subdags/subdag.py
[2023-11-08T18:32:12.663-0500] {processor.py:179} INFO - Processing /Users/az/anaconda3/envs/python38/lib/python3.8/site-packages/airflow/example_dags/subdags/subdag.py took 0.082 seconds
[2023-11-08T18:33:13.325-0500] {processor.py:157} INFO - Started process (PID=51451) to work on /Users/az/anaconda3/envs/python38/lib/python3.8/site-packages/airflow/example_dags/subdags/subdag.py
[2023-11-08T18:33:13.329-0500] {processor.py:829} INFO - Processing file /Users/az/anaconda3/envs/python38/lib/python3.8/site-packages/airflow/example_dags/subdags/subdag.py for tasks to queue
[2023-11-08T18:33:13.330-0500] {logging_mixin.py:154} INFO - [2023-11-08T18:33:13.330-0500] {dagbag.py:536} INFO - Filling up the DagBag from /Users/az/anaconda3/envs/python38/lib/python3.8/site-packages/airflow/example_dags/subdags/subdag.py
[2023-11-08T18:33:13.331-0500] {processor.py:841} WARNING - No viable dags retrieved from /Users/az/anaconda3/envs/python38/lib/python3.8/site-packages/airflow/example_dags/subdags/subdag.py
[2023-11-08T18:33:13.409-0500] {processor.py:179} INFO - Processing /Users/az/anaconda3/envs/python38/lib/python3.8/site-packages/airflow/example_dags/subdags/subdag.py took 0.085 seconds
[2023-11-08T18:34:18.027-0500] {processor.py:157} INFO - Started process (PID=51534) to work on /Users/az/anaconda3/envs/python38/lib/python3.8/site-packages/airflow/example_dags/subdags/subdag.py
[2023-11-08T18:34:18.032-0500] {processor.py:829} INFO - Processing file /Users/az/anaconda3/envs/python38/lib/python3.8/site-packages/airflow/example_dags/subdags/subdag.py for tasks to queue
[2023-11-08T18:34:18.032-0500] {logging_mixin.py:154} INFO - [2023-11-08T18:34:18.032-0500] {dagbag.py:536} INFO - Filling up the DagBag from /Users/az/anaconda3/envs/python38/lib/python3.8/site-packages/airflow/example_dags/subdags/subdag.py
[2023-11-08T18:34:18.034-0500] {processor.py:841} WARNING - No viable dags retrieved from /Users/az/anaconda3/envs/python38/lib/python3.8/site-packages/airflow/example_dags/subdags/subdag.py
[2023-11-08T18:34:18.110-0500] {processor.py:179} INFO - Processing /Users/az/anaconda3/envs/python38/lib/python3.8/site-packages/airflow/example_dags/subdags/subdag.py took 0.084 seconds
[2023-11-08T18:35:17.581-0500] {processor.py:157} INFO - Started process (PID=51607) to work on /Users/az/anaconda3/envs/python38/lib/python3.8/site-packages/airflow/example_dags/subdags/subdag.py
[2023-11-08T18:35:17.585-0500] {processor.py:829} INFO - Processing file /Users/az/anaconda3/envs/python38/lib/python3.8/site-packages/airflow/example_dags/subdags/subdag.py for tasks to queue
[2023-11-08T18:35:17.585-0500] {logging_mixin.py:154} INFO - [2023-11-08T18:35:17.585-0500] {dagbag.py:536} INFO - Filling up the DagBag from /Users/az/anaconda3/envs/python38/lib/python3.8/site-packages/airflow/example_dags/subdags/subdag.py
[2023-11-08T18:35:17.586-0500] {processor.py:841} WARNING - No viable dags retrieved from /Users/az/anaconda3/envs/python38/lib/python3.8/site-packages/airflow/example_dags/subdags/subdag.py
[2023-11-08T18:35:17.661-0500] {processor.py:179} INFO - Processing /Users/az/anaconda3/envs/python38/lib/python3.8/site-packages/airflow/example_dags/subdags/subdag.py took 0.081 seconds
[2023-11-08T18:36:16.745-0500] {processor.py:157} INFO - Started process (PID=51682) to work on /Users/az/anaconda3/envs/python38/lib/python3.8/site-packages/airflow/example_dags/subdags/subdag.py
[2023-11-08T18:36:16.750-0500] {processor.py:829} INFO - Processing file /Users/az/anaconda3/envs/python38/lib/python3.8/site-packages/airflow/example_dags/subdags/subdag.py for tasks to queue
[2023-11-08T18:36:16.751-0500] {logging_mixin.py:154} INFO - [2023-11-08T18:36:16.751-0500] {dagbag.py:536} INFO - Filling up the DagBag from /Users/az/anaconda3/envs/python38/lib/python3.8/site-packages/airflow/example_dags/subdags/subdag.py
[2023-11-08T18:36:16.752-0500] {processor.py:841} WARNING - No viable dags retrieved from /Users/az/anaconda3/envs/python38/lib/python3.8/site-packages/airflow/example_dags/subdags/subdag.py
[2023-11-08T18:36:16.827-0500] {processor.py:179} INFO - Processing /Users/az/anaconda3/envs/python38/lib/python3.8/site-packages/airflow/example_dags/subdags/subdag.py took 0.082 seconds
[2023-11-08T18:37:14.200-0500] {processor.py:157} INFO - Started process (PID=51753) to work on /Users/az/anaconda3/envs/python38/lib/python3.8/site-packages/airflow/example_dags/subdags/subdag.py
[2023-11-08T18:37:14.205-0500] {processor.py:829} INFO - Processing file /Users/az/anaconda3/envs/python38/lib/python3.8/site-packages/airflow/example_dags/subdags/subdag.py for tasks to queue
[2023-11-08T18:37:14.205-0500] {logging_mixin.py:154} INFO - [2023-11-08T18:37:14.205-0500] {dagbag.py:536} INFO - Filling up the DagBag from /Users/az/anaconda3/envs/python38/lib/python3.8/site-packages/airflow/example_dags/subdags/subdag.py
[2023-11-08T18:37:14.207-0500] {processor.py:841} WARNING - No viable dags retrieved from /Users/az/anaconda3/envs/python38/lib/python3.8/site-packages/airflow/example_dags/subdags/subdag.py
[2023-11-08T18:37:14.283-0500] {processor.py:179} INFO - Processing /Users/az/anaconda3/envs/python38/lib/python3.8/site-packages/airflow/example_dags/subdags/subdag.py took 0.083 seconds
[2023-11-08T18:38:09.387-0500] {processor.py:157} INFO - Started process (PID=51826) to work on /Users/az/anaconda3/envs/python38/lib/python3.8/site-packages/airflow/example_dags/subdags/subdag.py
[2023-11-08T18:38:09.392-0500] {processor.py:829} INFO - Processing file /Users/az/anaconda3/envs/python38/lib/python3.8/site-packages/airflow/example_dags/subdags/subdag.py for tasks to queue
[2023-11-08T18:38:09.392-0500] {logging_mixin.py:154} INFO - [2023-11-08T18:38:09.392-0500] {dagbag.py:536} INFO - Filling up the DagBag from /Users/az/anaconda3/envs/python38/lib/python3.8/site-packages/airflow/example_dags/subdags/subdag.py
[2023-11-08T18:38:09.393-0500] {processor.py:841} WARNING - No viable dags retrieved from /Users/az/anaconda3/envs/python38/lib/python3.8/site-packages/airflow/example_dags/subdags/subdag.py
[2023-11-08T18:38:09.470-0500] {processor.py:179} INFO - Processing /Users/az/anaconda3/envs/python38/lib/python3.8/site-packages/airflow/example_dags/subdags/subdag.py took 0.084 seconds
[2023-11-08T18:39:08.369-0500] {processor.py:157} INFO - Started process (PID=51898) to work on /Users/az/anaconda3/envs/python38/lib/python3.8/site-packages/airflow/example_dags/subdags/subdag.py
[2023-11-08T18:39:08.374-0500] {processor.py:829} INFO - Processing file /Users/az/anaconda3/envs/python38/lib/python3.8/site-packages/airflow/example_dags/subdags/subdag.py for tasks to queue
[2023-11-08T18:39:08.374-0500] {logging_mixin.py:154} INFO - [2023-11-08T18:39:08.374-0500] {dagbag.py:536} INFO - Filling up the DagBag from /Users/az/anaconda3/envs/python38/lib/python3.8/site-packages/airflow/example_dags/subdags/subdag.py
[2023-11-08T18:39:08.375-0500] {processor.py:841} WARNING - No viable dags retrieved from /Users/az/anaconda3/envs/python38/lib/python3.8/site-packages/airflow/example_dags/subdags/subdag.py
[2023-11-08T18:39:08.452-0500] {processor.py:179} INFO - Processing /Users/az/anaconda3/envs/python38/lib/python3.8/site-packages/airflow/example_dags/subdags/subdag.py took 0.084 seconds
[2023-11-08T18:40:12.910-0500] {processor.py:157} INFO - Started process (PID=51970) to work on /Users/az/anaconda3/envs/python38/lib/python3.8/site-packages/airflow/example_dags/subdags/subdag.py
[2023-11-08T18:40:12.914-0500] {processor.py:829} INFO - Processing file /Users/az/anaconda3/envs/python38/lib/python3.8/site-packages/airflow/example_dags/subdags/subdag.py for tasks to queue
[2023-11-08T18:40:12.915-0500] {logging_mixin.py:154} INFO - [2023-11-08T18:40:12.915-0500] {dagbag.py:536} INFO - Filling up the DagBag from /Users/az/anaconda3/envs/python38/lib/python3.8/site-packages/airflow/example_dags/subdags/subdag.py
[2023-11-08T18:40:12.916-0500] {processor.py:841} WARNING - No viable dags retrieved from /Users/az/anaconda3/envs/python38/lib/python3.8/site-packages/airflow/example_dags/subdags/subdag.py
[2023-11-08T18:40:12.992-0500] {processor.py:179} INFO - Processing /Users/az/anaconda3/envs/python38/lib/python3.8/site-packages/airflow/example_dags/subdags/subdag.py took 0.083 seconds
[2023-11-08T18:41:14.702-0500] {processor.py:157} INFO - Started process (PID=52047) to work on /Users/az/anaconda3/envs/python38/lib/python3.8/site-packages/airflow/example_dags/subdags/subdag.py
[2023-11-08T18:41:14.706-0500] {processor.py:829} INFO - Processing file /Users/az/anaconda3/envs/python38/lib/python3.8/site-packages/airflow/example_dags/subdags/subdag.py for tasks to queue
[2023-11-08T18:41:14.706-0500] {logging_mixin.py:154} INFO - [2023-11-08T18:41:14.706-0500] {dagbag.py:536} INFO - Filling up the DagBag from /Users/az/anaconda3/envs/python38/lib/python3.8/site-packages/airflow/example_dags/subdags/subdag.py
[2023-11-08T18:41:14.708-0500] {processor.py:841} WARNING - No viable dags retrieved from /Users/az/anaconda3/envs/python38/lib/python3.8/site-packages/airflow/example_dags/subdags/subdag.py
[2023-11-08T18:41:14.783-0500] {processor.py:179} INFO - Processing /Users/az/anaconda3/envs/python38/lib/python3.8/site-packages/airflow/example_dags/subdags/subdag.py took 0.081 seconds
[2023-11-08T18:42:14.367-0500] {processor.py:157} INFO - Started process (PID=52120) to work on /Users/az/anaconda3/envs/python38/lib/python3.8/site-packages/airflow/example_dags/subdags/subdag.py
[2023-11-08T18:42:14.372-0500] {processor.py:829} INFO - Processing file /Users/az/anaconda3/envs/python38/lib/python3.8/site-packages/airflow/example_dags/subdags/subdag.py for tasks to queue
[2023-11-08T18:42:14.372-0500] {logging_mixin.py:154} INFO - [2023-11-08T18:42:14.372-0500] {dagbag.py:536} INFO - Filling up the DagBag from /Users/az/anaconda3/envs/python38/lib/python3.8/site-packages/airflow/example_dags/subdags/subdag.py
[2023-11-08T18:42:14.374-0500] {processor.py:841} WARNING - No viable dags retrieved from /Users/az/anaconda3/envs/python38/lib/python3.8/site-packages/airflow/example_dags/subdags/subdag.py
[2023-11-08T18:42:14.449-0500] {processor.py:179} INFO - Processing /Users/az/anaconda3/envs/python38/lib/python3.8/site-packages/airflow/example_dags/subdags/subdag.py took 0.082 seconds
[2023-11-08T18:43:13.912-0500] {processor.py:157} INFO - Started process (PID=52193) to work on /Users/az/anaconda3/envs/python38/lib/python3.8/site-packages/airflow/example_dags/subdags/subdag.py
[2023-11-08T18:43:13.917-0500] {processor.py:829} INFO - Processing file /Users/az/anaconda3/envs/python38/lib/python3.8/site-packages/airflow/example_dags/subdags/subdag.py for tasks to queue
[2023-11-08T18:43:13.917-0500] {logging_mixin.py:154} INFO - [2023-11-08T18:43:13.917-0500] {dagbag.py:536} INFO - Filling up the DagBag from /Users/az/anaconda3/envs/python38/lib/python3.8/site-packages/airflow/example_dags/subdags/subdag.py
[2023-11-08T18:43:13.918-0500] {processor.py:841} WARNING - No viable dags retrieved from /Users/az/anaconda3/envs/python38/lib/python3.8/site-packages/airflow/example_dags/subdags/subdag.py
[2023-11-08T18:43:13.995-0500] {processor.py:179} INFO - Processing /Users/az/anaconda3/envs/python38/lib/python3.8/site-packages/airflow/example_dags/subdags/subdag.py took 0.083 seconds
[2023-11-08T18:44:15.243-0500] {processor.py:157} INFO - Started process (PID=52267) to work on /Users/az/anaconda3/envs/python38/lib/python3.8/site-packages/airflow/example_dags/subdags/subdag.py
[2023-11-08T18:44:15.248-0500] {processor.py:829} INFO - Processing file /Users/az/anaconda3/envs/python38/lib/python3.8/site-packages/airflow/example_dags/subdags/subdag.py for tasks to queue
[2023-11-08T18:44:15.248-0500] {logging_mixin.py:154} INFO - [2023-11-08T18:44:15.248-0500] {dagbag.py:536} INFO - Filling up the DagBag from /Users/az/anaconda3/envs/python38/lib/python3.8/site-packages/airflow/example_dags/subdags/subdag.py
[2023-11-08T18:44:15.249-0500] {processor.py:841} WARNING - No viable dags retrieved from /Users/az/anaconda3/envs/python38/lib/python3.8/site-packages/airflow/example_dags/subdags/subdag.py
[2023-11-08T18:44:15.325-0500] {processor.py:179} INFO - Processing /Users/az/anaconda3/envs/python38/lib/python3.8/site-packages/airflow/example_dags/subdags/subdag.py took 0.083 seconds
[2023-11-08T18:45:17.217-0500] {processor.py:157} INFO - Started process (PID=52342) to work on /Users/az/anaconda3/envs/python38/lib/python3.8/site-packages/airflow/example_dags/subdags/subdag.py
[2023-11-08T18:45:17.222-0500] {processor.py:829} INFO - Processing file /Users/az/anaconda3/envs/python38/lib/python3.8/site-packages/airflow/example_dags/subdags/subdag.py for tasks to queue
[2023-11-08T18:45:17.222-0500] {logging_mixin.py:154} INFO - [2023-11-08T18:45:17.222-0500] {dagbag.py:536} INFO - Filling up the DagBag from /Users/az/anaconda3/envs/python38/lib/python3.8/site-packages/airflow/example_dags/subdags/subdag.py
[2023-11-08T18:45:17.224-0500] {processor.py:841} WARNING - No viable dags retrieved from /Users/az/anaconda3/envs/python38/lib/python3.8/site-packages/airflow/example_dags/subdags/subdag.py
[2023-11-08T18:45:17.299-0500] {processor.py:179} INFO - Processing /Users/az/anaconda3/envs/python38/lib/python3.8/site-packages/airflow/example_dags/subdags/subdag.py took 0.082 seconds
[2023-11-08T18:46:18.157-0500] {processor.py:157} INFO - Started process (PID=52415) to work on /Users/az/anaconda3/envs/python38/lib/python3.8/site-packages/airflow/example_dags/subdags/subdag.py
[2023-11-08T18:46:18.162-0500] {processor.py:829} INFO - Processing file /Users/az/anaconda3/envs/python38/lib/python3.8/site-packages/airflow/example_dags/subdags/subdag.py for tasks to queue
[2023-11-08T18:46:18.162-0500] {logging_mixin.py:154} INFO - [2023-11-08T18:46:18.162-0500] {dagbag.py:536} INFO - Filling up the DagBag from /Users/az/anaconda3/envs/python38/lib/python3.8/site-packages/airflow/example_dags/subdags/subdag.py
[2023-11-08T18:46:18.163-0500] {processor.py:841} WARNING - No viable dags retrieved from /Users/az/anaconda3/envs/python38/lib/python3.8/site-packages/airflow/example_dags/subdags/subdag.py
[2023-11-08T18:46:18.239-0500] {processor.py:179} INFO - Processing /Users/az/anaconda3/envs/python38/lib/python3.8/site-packages/airflow/example_dags/subdags/subdag.py took 0.083 seconds
[2023-11-08T18:47:23.589-0500] {processor.py:157} INFO - Started process (PID=52514) to work on /Users/az/anaconda3/envs/python38/lib/python3.8/site-packages/airflow/example_dags/subdags/subdag.py
[2023-11-08T18:47:23.594-0500] {processor.py:829} INFO - Processing file /Users/az/anaconda3/envs/python38/lib/python3.8/site-packages/airflow/example_dags/subdags/subdag.py for tasks to queue
[2023-11-08T18:47:23.594-0500] {logging_mixin.py:154} INFO - [2023-11-08T18:47:23.594-0500] {dagbag.py:536} INFO - Filling up the DagBag from /Users/az/anaconda3/envs/python38/lib/python3.8/site-packages/airflow/example_dags/subdags/subdag.py
[2023-11-08T18:47:23.595-0500] {processor.py:841} WARNING - No viable dags retrieved from /Users/az/anaconda3/envs/python38/lib/python3.8/site-packages/airflow/example_dags/subdags/subdag.py
[2023-11-08T18:47:23.671-0500] {processor.py:179} INFO - Processing /Users/az/anaconda3/envs/python38/lib/python3.8/site-packages/airflow/example_dags/subdags/subdag.py took 0.083 seconds
[2023-11-08T18:48:26.241-0500] {processor.py:157} INFO - Started process (PID=52631) to work on /Users/az/anaconda3/envs/python38/lib/python3.8/site-packages/airflow/example_dags/subdags/subdag.py
[2023-11-08T18:48:26.246-0500] {processor.py:829} INFO - Processing file /Users/az/anaconda3/envs/python38/lib/python3.8/site-packages/airflow/example_dags/subdags/subdag.py for tasks to queue
[2023-11-08T18:48:26.246-0500] {logging_mixin.py:154} INFO - [2023-11-08T18:48:26.246-0500] {dagbag.py:536} INFO - Filling up the DagBag from /Users/az/anaconda3/envs/python38/lib/python3.8/site-packages/airflow/example_dags/subdags/subdag.py
[2023-11-08T18:48:26.247-0500] {processor.py:841} WARNING - No viable dags retrieved from /Users/az/anaconda3/envs/python38/lib/python3.8/site-packages/airflow/example_dags/subdags/subdag.py
[2023-11-08T18:48:26.324-0500] {processor.py:179} INFO - Processing /Users/az/anaconda3/envs/python38/lib/python3.8/site-packages/airflow/example_dags/subdags/subdag.py took 0.083 seconds
[2023-11-08T18:49:23.644-0500] {processor.py:157} INFO - Started process (PID=52700) to work on /Users/az/anaconda3/envs/python38/lib/python3.8/site-packages/airflow/example_dags/subdags/subdag.py
[2023-11-08T18:49:23.647-0500] {processor.py:829} INFO - Processing file /Users/az/anaconda3/envs/python38/lib/python3.8/site-packages/airflow/example_dags/subdags/subdag.py for tasks to queue
[2023-11-08T18:49:23.648-0500] {logging_mixin.py:154} INFO - [2023-11-08T18:49:23.648-0500] {dagbag.py:536} INFO - Filling up the DagBag from /Users/az/anaconda3/envs/python38/lib/python3.8/site-packages/airflow/example_dags/subdags/subdag.py
[2023-11-08T18:49:23.649-0500] {processor.py:841} WARNING - No viable dags retrieved from /Users/az/anaconda3/envs/python38/lib/python3.8/site-packages/airflow/example_dags/subdags/subdag.py
[2023-11-08T18:49:23.725-0500] {processor.py:179} INFO - Processing /Users/az/anaconda3/envs/python38/lib/python3.8/site-packages/airflow/example_dags/subdags/subdag.py took 0.082 seconds
[2023-11-08T18:50:23.980-0500] {processor.py:157} INFO - Started process (PID=52781) to work on /Users/az/anaconda3/envs/python38/lib/python3.8/site-packages/airflow/example_dags/subdags/subdag.py
[2023-11-08T18:50:23.983-0500] {processor.py:829} INFO - Processing file /Users/az/anaconda3/envs/python38/lib/python3.8/site-packages/airflow/example_dags/subdags/subdag.py for tasks to queue
[2023-11-08T18:50:23.984-0500] {logging_mixin.py:154} INFO - [2023-11-08T18:50:23.984-0500] {dagbag.py:536} INFO - Filling up the DagBag from /Users/az/anaconda3/envs/python38/lib/python3.8/site-packages/airflow/example_dags/subdags/subdag.py
[2023-11-08T18:50:23.985-0500] {processor.py:841} WARNING - No viable dags retrieved from /Users/az/anaconda3/envs/python38/lib/python3.8/site-packages/airflow/example_dags/subdags/subdag.py
[2023-11-08T18:50:24.064-0500] {processor.py:179} INFO - Processing /Users/az/anaconda3/envs/python38/lib/python3.8/site-packages/airflow/example_dags/subdags/subdag.py took 0.085 seconds
[2023-11-08T18:51:25.294-0500] {processor.py:157} INFO - Started process (PID=52854) to work on /Users/az/anaconda3/envs/python38/lib/python3.8/site-packages/airflow/example_dags/subdags/subdag.py
[2023-11-08T18:51:25.299-0500] {processor.py:829} INFO - Processing file /Users/az/anaconda3/envs/python38/lib/python3.8/site-packages/airflow/example_dags/subdags/subdag.py for tasks to queue
[2023-11-08T18:51:25.299-0500] {logging_mixin.py:154} INFO - [2023-11-08T18:51:25.299-0500] {dagbag.py:536} INFO - Filling up the DagBag from /Users/az/anaconda3/envs/python38/lib/python3.8/site-packages/airflow/example_dags/subdags/subdag.py
[2023-11-08T18:51:25.301-0500] {processor.py:841} WARNING - No viable dags retrieved from /Users/az/anaconda3/envs/python38/lib/python3.8/site-packages/airflow/example_dags/subdags/subdag.py
[2023-11-08T18:51:25.377-0500] {processor.py:179} INFO - Processing /Users/az/anaconda3/envs/python38/lib/python3.8/site-packages/airflow/example_dags/subdags/subdag.py took 0.084 seconds
[2023-11-08T18:52:26.327-0500] {processor.py:157} INFO - Started process (PID=52931) to work on /Users/az/anaconda3/envs/python38/lib/python3.8/site-packages/airflow/example_dags/subdags/subdag.py
[2023-11-08T18:52:26.332-0500] {processor.py:829} INFO - Processing file /Users/az/anaconda3/envs/python38/lib/python3.8/site-packages/airflow/example_dags/subdags/subdag.py for tasks to queue
[2023-11-08T18:52:26.332-0500] {logging_mixin.py:154} INFO - [2023-11-08T18:52:26.332-0500] {dagbag.py:536} INFO - Filling up the DagBag from /Users/az/anaconda3/envs/python38/lib/python3.8/site-packages/airflow/example_dags/subdags/subdag.py
[2023-11-08T18:52:26.334-0500] {processor.py:841} WARNING - No viable dags retrieved from /Users/az/anaconda3/envs/python38/lib/python3.8/site-packages/airflow/example_dags/subdags/subdag.py
[2023-11-08T18:52:26.409-0500] {processor.py:179} INFO - Processing /Users/az/anaconda3/envs/python38/lib/python3.8/site-packages/airflow/example_dags/subdags/subdag.py took 0.083 seconds
[2023-11-08T18:53:28.220-0500] {processor.py:157} INFO - Started process (PID=53007) to work on /Users/az/anaconda3/envs/python38/lib/python3.8/site-packages/airflow/example_dags/subdags/subdag.py
[2023-11-08T18:53:28.224-0500] {processor.py:829} INFO - Processing file /Users/az/anaconda3/envs/python38/lib/python3.8/site-packages/airflow/example_dags/subdags/subdag.py for tasks to queue
[2023-11-08T18:53:28.225-0500] {logging_mixin.py:154} INFO - [2023-11-08T18:53:28.225-0500] {dagbag.py:536} INFO - Filling up the DagBag from /Users/az/anaconda3/envs/python38/lib/python3.8/site-packages/airflow/example_dags/subdags/subdag.py
[2023-11-08T18:53:28.226-0500] {processor.py:841} WARNING - No viable dags retrieved from /Users/az/anaconda3/envs/python38/lib/python3.8/site-packages/airflow/example_dags/subdags/subdag.py
[2023-11-08T18:53:28.304-0500] {processor.py:179} INFO - Processing /Users/az/anaconda3/envs/python38/lib/python3.8/site-packages/airflow/example_dags/subdags/subdag.py took 0.085 seconds
[2023-11-08T18:54:28.516-0500] {processor.py:157} INFO - Started process (PID=53094) to work on /Users/az/anaconda3/envs/python38/lib/python3.8/site-packages/airflow/example_dags/subdags/subdag.py
[2023-11-08T18:54:28.521-0500] {processor.py:829} INFO - Processing file /Users/az/anaconda3/envs/python38/lib/python3.8/site-packages/airflow/example_dags/subdags/subdag.py for tasks to queue
[2023-11-08T18:54:28.521-0500] {logging_mixin.py:154} INFO - [2023-11-08T18:54:28.521-0500] {dagbag.py:536} INFO - Filling up the DagBag from /Users/az/anaconda3/envs/python38/lib/python3.8/site-packages/airflow/example_dags/subdags/subdag.py
[2023-11-08T18:54:28.522-0500] {processor.py:841} WARNING - No viable dags retrieved from /Users/az/anaconda3/envs/python38/lib/python3.8/site-packages/airflow/example_dags/subdags/subdag.py
[2023-11-08T18:54:28.598-0500] {processor.py:179} INFO - Processing /Users/az/anaconda3/envs/python38/lib/python3.8/site-packages/airflow/example_dags/subdags/subdag.py took 0.083 seconds
[2023-11-08T18:55:34.593-0500] {processor.py:157} INFO - Started process (PID=53180) to work on /Users/az/anaconda3/envs/python38/lib/python3.8/site-packages/airflow/example_dags/subdags/subdag.py
[2023-11-08T18:55:34.597-0500] {processor.py:829} INFO - Processing file /Users/az/anaconda3/envs/python38/lib/python3.8/site-packages/airflow/example_dags/subdags/subdag.py for tasks to queue
[2023-11-08T18:55:34.597-0500] {logging_mixin.py:154} INFO - [2023-11-08T18:55:34.597-0500] {dagbag.py:536} INFO - Filling up the DagBag from /Users/az/anaconda3/envs/python38/lib/python3.8/site-packages/airflow/example_dags/subdags/subdag.py
[2023-11-08T18:55:34.598-0500] {processor.py:841} WARNING - No viable dags retrieved from /Users/az/anaconda3/envs/python38/lib/python3.8/site-packages/airflow/example_dags/subdags/subdag.py
[2023-11-08T18:55:34.674-0500] {processor.py:179} INFO - Processing /Users/az/anaconda3/envs/python38/lib/python3.8/site-packages/airflow/example_dags/subdags/subdag.py took 0.082 seconds
[2023-11-08T18:56:38.002-0500] {processor.py:157} INFO - Started process (PID=53264) to work on /Users/az/anaconda3/envs/python38/lib/python3.8/site-packages/airflow/example_dags/subdags/subdag.py
[2023-11-08T18:56:38.007-0500] {processor.py:829} INFO - Processing file /Users/az/anaconda3/envs/python38/lib/python3.8/site-packages/airflow/example_dags/subdags/subdag.py for tasks to queue
[2023-11-08T18:56:38.007-0500] {logging_mixin.py:154} INFO - [2023-11-08T18:56:38.007-0500] {dagbag.py:536} INFO - Filling up the DagBag from /Users/az/anaconda3/envs/python38/lib/python3.8/site-packages/airflow/example_dags/subdags/subdag.py
[2023-11-08T18:56:38.009-0500] {processor.py:841} WARNING - No viable dags retrieved from /Users/az/anaconda3/envs/python38/lib/python3.8/site-packages/airflow/example_dags/subdags/subdag.py
[2023-11-08T18:56:38.085-0500] {processor.py:179} INFO - Processing /Users/az/anaconda3/envs/python38/lib/python3.8/site-packages/airflow/example_dags/subdags/subdag.py took 0.083 seconds
[2023-11-08T18:57:38.684-0500] {processor.py:157} INFO - Started process (PID=53339) to work on /Users/az/anaconda3/envs/python38/lib/python3.8/site-packages/airflow/example_dags/subdags/subdag.py
[2023-11-08T18:57:38.688-0500] {processor.py:829} INFO - Processing file /Users/az/anaconda3/envs/python38/lib/python3.8/site-packages/airflow/example_dags/subdags/subdag.py for tasks to queue
[2023-11-08T18:57:38.688-0500] {logging_mixin.py:154} INFO - [2023-11-08T18:57:38.688-0500] {dagbag.py:536} INFO - Filling up the DagBag from /Users/az/anaconda3/envs/python38/lib/python3.8/site-packages/airflow/example_dags/subdags/subdag.py
[2023-11-08T18:57:38.689-0500] {processor.py:841} WARNING - No viable dags retrieved from /Users/az/anaconda3/envs/python38/lib/python3.8/site-packages/airflow/example_dags/subdags/subdag.py
[2023-11-08T18:57:38.765-0500] {processor.py:179} INFO - Processing /Users/az/anaconda3/envs/python38/lib/python3.8/site-packages/airflow/example_dags/subdags/subdag.py took 0.082 seconds
[2023-11-08T18:58:45.222-0500] {processor.py:157} INFO - Started process (PID=53415) to work on /Users/az/anaconda3/envs/python38/lib/python3.8/site-packages/airflow/example_dags/subdags/subdag.py
[2023-11-08T18:58:45.226-0500] {processor.py:829} INFO - Processing file /Users/az/anaconda3/envs/python38/lib/python3.8/site-packages/airflow/example_dags/subdags/subdag.py for tasks to queue
[2023-11-08T18:58:45.227-0500] {logging_mixin.py:154} INFO - [2023-11-08T18:58:45.227-0500] {dagbag.py:536} INFO - Filling up the DagBag from /Users/az/anaconda3/envs/python38/lib/python3.8/site-packages/airflow/example_dags/subdags/subdag.py
[2023-11-08T18:58:45.228-0500] {processor.py:841} WARNING - No viable dags retrieved from /Users/az/anaconda3/envs/python38/lib/python3.8/site-packages/airflow/example_dags/subdags/subdag.py
[2023-11-08T18:58:45.304-0500] {processor.py:179} INFO - Processing /Users/az/anaconda3/envs/python38/lib/python3.8/site-packages/airflow/example_dags/subdags/subdag.py took 0.082 seconds
[2023-11-08T18:59:43.493-0500] {processor.py:157} INFO - Started process (PID=53493) to work on /Users/az/anaconda3/envs/python38/lib/python3.8/site-packages/airflow/example_dags/subdags/subdag.py
[2023-11-08T18:59:43.496-0500] {processor.py:829} INFO - Processing file /Users/az/anaconda3/envs/python38/lib/python3.8/site-packages/airflow/example_dags/subdags/subdag.py for tasks to queue
[2023-11-08T18:59:43.497-0500] {logging_mixin.py:154} INFO - [2023-11-08T18:59:43.497-0500] {dagbag.py:536} INFO - Filling up the DagBag from /Users/az/anaconda3/envs/python38/lib/python3.8/site-packages/airflow/example_dags/subdags/subdag.py
[2023-11-08T18:59:43.498-0500] {processor.py:841} WARNING - No viable dags retrieved from /Users/az/anaconda3/envs/python38/lib/python3.8/site-packages/airflow/example_dags/subdags/subdag.py
[2023-11-08T18:59:43.581-0500] {processor.py:179} INFO - Processing /Users/az/anaconda3/envs/python38/lib/python3.8/site-packages/airflow/example_dags/subdags/subdag.py took 0.089 seconds
