[2023-11-19T19:00:02.707-0500] {taskinstance.py:1159} INFO - Dependencies all met for dep_context=non-requeueable deps ti=<TaskInstance: executing_multiple_tasks.taskA scheduled__2023-11-19T00:00:00+00:00 [queued]>
[2023-11-19T19:00:02.711-0500] {taskinstance.py:1159} INFO - Dependencies all met for dep_context=requeueable deps ti=<TaskInstance: executing_multiple_tasks.taskA scheduled__2023-11-19T00:00:00+00:00 [queued]>
[2023-11-19T19:00:02.711-0500] {taskinstance.py:1361} INFO - Starting attempt 1 of 1
[2023-11-19T19:00:02.718-0500] {taskinstance.py:1382} INFO - Executing <Task(BashOperator): taskA> on 2023-11-19 00:00:00+00:00
[2023-11-19T19:00:02.720-0500] {standard_task_runner.py:57} INFO - Started process 47891 to run task
[2023-11-19T19:00:02.723-0500] {standard_task_runner.py:84} INFO - Running: ['airflow', 'tasks', 'run', 'executing_multiple_tasks', 'taskA', 'scheduled__2023-11-19T00:00:00+00:00', '--job-id', '87', '--raw', '--subdir', 'DAGS_FOLDER/excute_multiple_tasks.py', '--cfg-path', '/var/folders/84/qprfknln75z1qjwbnr6d2l2h0000gn/T/tmpa7z8bpin']
[2023-11-19T19:00:02.730-0500] {standard_task_runner.py:85} INFO - Job 87: Subtask taskA
[2023-11-19T19:00:02.756-0500] {task_command.py:416} INFO - Running <TaskInstance: executing_multiple_tasks.taskA scheduled__2023-11-19T00:00:00+00:00 [running]> on host macbook-air-2.cogeco.local
[2023-11-19T19:00:02.789-0500] {taskinstance.py:1662} INFO - Exporting env vars: AIRFLOW_CTX_DAG_OWNER='loonycorn' AIRFLOW_CTX_DAG_ID='executing_multiple_tasks' AIRFLOW_CTX_TASK_ID='taskA' AIRFLOW_CTX_EXECUTION_DATE='2023-11-19T00:00:00+00:00' AIRFLOW_CTX_TRY_NUMBER='1' AIRFLOW_CTX_DAG_RUN_ID='scheduled__2023-11-19T00:00:00+00:00'
[2023-11-19T19:00:02.790-0500] {subprocess.py:63} INFO - Tmp dir root location: /var/folders/84/qprfknln75z1qjwbnr6d2l2h0000gn/T
[2023-11-19T19:00:02.791-0500] {subprocess.py:75} INFO - Running command: ['/bin/bash', '-c', 'echo TASK A has started!\n            \nfor i in {1..10}\ndo\n    echo TASK A printing $i\ndone\n\necho TASK A has ended!']
[2023-11-19T19:00:02.795-0500] {subprocess.py:86} INFO - Output:
[2023-11-19T19:00:02.799-0500] {subprocess.py:93} INFO - TASK A has started!
[2023-11-19T19:00:02.799-0500] {subprocess.py:93} INFO - TASK A printing 1
[2023-11-19T19:00:02.799-0500] {subprocess.py:93} INFO - TASK A printing 2
[2023-11-19T19:00:02.800-0500] {subprocess.py:93} INFO - TASK A printing 3
[2023-11-19T19:00:02.800-0500] {subprocess.py:93} INFO - TASK A printing 4
[2023-11-19T19:00:02.800-0500] {subprocess.py:93} INFO - TASK A printing 5
[2023-11-19T19:00:02.800-0500] {subprocess.py:93} INFO - TASK A printing 6
[2023-11-19T19:00:02.801-0500] {subprocess.py:93} INFO - TASK A printing 7
[2023-11-19T19:00:02.801-0500] {subprocess.py:93} INFO - TASK A printing 8
[2023-11-19T19:00:02.801-0500] {subprocess.py:93} INFO - TASK A printing 9
[2023-11-19T19:00:02.801-0500] {subprocess.py:93} INFO - TASK A printing 10
[2023-11-19T19:00:02.801-0500] {subprocess.py:93} INFO - TASK A has ended!
[2023-11-19T19:00:02.802-0500] {subprocess.py:97} INFO - Command exited with return code 0
[2023-11-19T19:00:02.812-0500] {taskinstance.py:1400} INFO - Marking task as SUCCESS. dag_id=executing_multiple_tasks, task_id=taskA, execution_date=20231119T000000, start_date=20231120T000002, end_date=20231120T000002
[2023-11-19T19:00:02.846-0500] {local_task_job_runner.py:228} INFO - Task exited with return code 0
[2023-11-19T19:00:02.859-0500] {taskinstance.py:2778} INFO - 3 downstream tasks scheduled from follow-on schedule check
